filename line variable value
miniFE.c 167 A 67.0947100000000063
miniFE.c 167 A 15.0875500000000002
miniFE.c 167 A 9.3192129999999995
miniFE.c 167 A 13.7164900000000003
miniFE.c 167 A 14.0634099999999993
miniFE.c 167 A 16.0564000000000000
miniFE.c 167 A 4.9967519999999999
miniFE.c 167 A 6.4080630000000003
miniFE.c 167 A 15.0875500000000002
miniFE.c 167 A 66.4365899999999954
miniFE.c 167 A 14.3919700000000006
miniFE.c 167 A 5.9638159999999996
miniFE.c 167 A 10.9336099999999998
miniFE.c 167 A 9.6522659999999991
miniFE.c 167 A 11.3974100000000007
miniFE.c 167 A 6.9539020000000002
miniFE.c 167 A 9.3192129999999995
miniFE.c 167 A 14.3919700000000006
miniFE.c 167 A 67.6740900000000067
miniFE.c 167 A 9.6121750000000006
miniFE.c 167 A 16.7981799999999986
miniFE.c 167 A 16.1756899999999995
miniFE.c 167 A 11.9519400000000005
miniFE.c 167 A 12.3511699999999998
miniFE.c 167 A 13.7164900000000003
miniFE.c 167 A 5.9638159999999996
miniFE.c 167 A 9.6121750000000006
miniFE.c 167 A 65.4017099999999942
miniFE.c 167 A 3.6681119999999998
miniFE.c 167 A 11.0858899999999991
miniFE.c 167 A 1.3002330000000000
miniFE.c 167 A 4.7210279999999996
miniFE.c 167 A 14.0634099999999993
miniFE.c 167 A 10.9336099999999998
miniFE.c 167 A 16.7981799999999986
miniFE.c 167 A 3.6681119999999998
miniFE.c 167 A 66.5612600000000043
miniFE.c 167 A 4.4892070000000004
miniFE.c 167 A 14.0526599999999995
miniFE.c 167 A 3.7993380000000001
miniFE.c 167 A 16.0564000000000000
miniFE.c 167 A 9.6522659999999991
miniFE.c 167 A 16.1756899999999995
miniFE.c 167 A 11.0858899999999991
miniFE.c 167 A 4.4892070000000004
miniFE.c 167 A 66.4632699999999943
miniFE.c 167 A 7.6122389999999998
miniFE.c 167 A 3.4261349999999999
miniFE.c 167 A 4.9967519999999999
miniFE.c 167 A 11.3974100000000007
miniFE.c 167 A 11.9519400000000005
miniFE.c 167 A 1.3002330000000000
miniFE.c 167 A 14.0526599999999995
miniFE.c 167 A 7.6122389999999998
miniFE.c 167 A 65.6581999999999937
miniFE.c 167 A 2.6745570000000001
miniFE.c 167 A 6.4080630000000003
miniFE.c 167 A 6.9539020000000002
miniFE.c 167 A 12.3511699999999998
miniFE.c 167 A 4.7210279999999996
miniFE.c 167 A 3.7993380000000001
miniFE.c 167 A 3.4261349999999999
miniFE.c 167 A 2.6745570000000001
miniFE.c 167 A 64.8721800000000002
miniFE.c 175 b 198.0110999999999990
miniFE.c 175 b 229.8237000000000023
miniFE.c 175 b 210.8053999999999917
miniFE.c 175 b 202.6418999999999926
miniFE.c 175 b 157.2561000000000035
miniFE.c 175 b 225.5886000000000138
miniFE.c 175 b 142.6283999999999992
miniFE.c 175 b 185.1795999999999935
miniFE.c 33 r 0.0000000000000000
miniFE.c 33 r 0.0000000000000000
miniFE.c 33 r 0.0000000000000000
miniFE.c 33 r 0.0000000000000000
miniFE.c 33 r 0.0000000000000000
miniFE.c 33 r 0.0000000000000000
miniFE.c 33 r 0.0000000000000000
miniFE.c 33 r 0.0000000000000000
miniFE.c 25 Ap 0.0000000000000000
miniFE.c 25 Ap 0.0000000000000000
miniFE.c 25 Ap 0.0000000000000000
miniFE.c 25 Ap 0.0000000000000000
miniFE.c 25 Ap 0.0000000000000000
miniFE.c 25 Ap 0.0000000000000000
miniFE.c 25 Ap 0.0000000000000000
miniFE.c 25 Ap 0.0000000000000000
miniFE.c 25 Ap 0.0000000000000000
miniFE.c 25 Ap 0.0000000000000000
miniFE.c 25 Ap 0.0000000000000000
miniFE.c 25 Ap 0.0000000000000000
miniFE.c 25 Ap 0.0000000000000000
miniFE.c 25 Ap 0.0000000000000000
miniFE.c 25 Ap 0.0000000000000000
miniFE.c 25 Ap 0.0000000000000000
miniFE.c 25 Ap 0.0000000000000000
miniFE.c 25 Ap 0.0000000000000000
miniFE.c 25 Ap 0.0000000000000000
miniFE.c 25 Ap 0.0000000000000000
miniFE.c 25 Ap 0.0000000000000000
miniFE.c 25 Ap 0.0000000000000000
miniFE.c 25 Ap 0.0000000000000000
miniFE.c 25 Ap 0.0000000000000000
miniFE.c 25 Ap 0.0000000000000000
miniFE.c 25 Ap 0.0000000000000000
miniFE.c 25 Ap 0.0000000000000000
miniFE.c 25 Ap 0.0000000000000000
miniFE.c 25 Ap 0.0000000000000000
miniFE.c 25 Ap 0.0000000000000000
miniFE.c 25 Ap 0.0000000000000000
miniFE.c 25 Ap 0.0000000000000000
miniFE.c 25 Ap 0.0000000000000000
miniFE.c 25 Ap 0.0000000000000000
miniFE.c 25 Ap 0.0000000000000000
miniFE.c 25 Ap 0.0000000000000000
miniFE.c 25 Ap 0.0000000000000000
miniFE.c 25 Ap 0.0000000000000000
miniFE.c 25 Ap 0.0000000000000000
miniFE.c 25 Ap 0.0000000000000000
miniFE.c 25 Ap 0.0000000000000000
miniFE.c 25 Ap 0.0000000000000000
miniFE.c 25 Ap 0.0000000000000000
miniFE.c 25 Ap 0.0000000000000000
miniFE.c 25 Ap 0.0000000000000000
miniFE.c 25 Ap 0.0000000000000000
miniFE.c 25 Ap 0.0000000000000000
miniFE.c 25 Ap 0.0000000000000000
miniFE.c 25 Ap 0.0000000000000000
miniFE.c 25 Ap 0.0000000000000000
miniFE.c 25 Ap 0.0000000000000000
miniFE.c 25 Ap 0.0000000000000000
miniFE.c 25 Ap 0.0000000000000000
miniFE.c 25 Ap 0.0000000000000000
miniFE.c 25 Ap 0.0000000000000000
miniFE.c 25 Ap 0.0000000000000000
miniFE.c 25 Ap 0.0000000000000000
miniFE.c 25 Ap 0.0000000000000000
miniFE.c 25 Ap 0.0000000000000000
miniFE.c 25 Ap 0.0000000000000000
miniFE.c 25 Ap 0.0000000000000000
miniFE.c 25 Ap 0.0000000000000000
miniFE.c 25 Ap 0.0000000000000000
miniFE.c 25 Ap 0.0000000000000000
miniFE.c 33 r 198.0110999999999990
miniFE.c 33 r 229.8237000000000023
miniFE.c 33 r 210.8053999999999917
miniFE.c 33 r 202.6418999999999926
miniFE.c 33 r 157.2561000000000035
miniFE.c 33 r 225.5886000000000138
miniFE.c 33 r 142.6283999999999992
miniFE.c 33 r 185.1795999999999935
miniFE.c 48 sum 39208.3957232100001420
miniFE.c 48 sum 92027.3288048999966122
miniFE.c 48 sum 136466.2454740600078367
miniFE.c 48 sum 177529.9851096700003836
miniFE.c 48 sum 202259.4660968800017145
miniFE.c 48 sum 253149.6825468399911188
miniFE.c 48 sum 273492.5430333999684080
miniFE.c 48 sum 307784.0272895599482581
miniFE.c 75 rtrans 307784.0272895599482581
miniFE.c 76 normr 554.7828649927464539
miniFE.c 33 r 198.0110999999999990
miniFE.c 33 r 229.8237000000000023
miniFE.c 33 r 210.8053999999999917
miniFE.c 33 r 202.6418999999999926
miniFE.c 33 r 157.2561000000000035
miniFE.c 33 r 225.5886000000000138
miniFE.c 33 r 142.6283999999999992
miniFE.c 33 r 185.1795999999999935
miniFE.c 87 normr 554.7828649927464539
miniFE.c 25 Ap 13285.4973312810016068
miniFE.c 25 Ap 16752.9738962160008668
miniFE.c 25 Ap 18717.5143203662009910
miniFE.c 25 Ap 21497.0499152972006414
miniFE.c 25 Ap 23708.6069245981998392
miniFE.c 25 Ap 27330.7477216381994367
miniFE.c 25 Ap 28043.4264645949988335
miniFE.c 25 Ap 29230.0690077097970061
miniFE.c 25 Ap 2987.5023718050001662
miniFE.c 25 Ap 18256.2053009880000900
miniFE.c 25 Ap 21290.1102936259994749
miniFE.c 25 Ap 22498.6292991164009436
miniFE.c 25 Ap 24218.0061666374022025
miniFE.c 25 Ap 26395.4473404050004319
miniFE.c 25 Ap 28021.0416928490012651
miniFE.c 25 Ap 29308.7624836482027604
miniFE.c 25 Ap 1845.3076172643000064
miniFE.c 25 Ap 5152.9234129532997031
miniFE.c 25 Ap 19418.9870250392996240
miniFE.c 25 Ap 21366.8164301717988565
miniFE.c 25 Ap 24008.4327040697971825
miniFE.c 25 Ap 27657.4839652037990163
miniFE.c 25 Ap 29362.1700442997971550
miniFE.c 25 Ap 31649.3547644317950471
miniFE.c 25 Ap 2716.0172730389999742
miniFE.c 25 Ap 4086.6435322781999275
miniFE.c 25 Ap 6112.9419280231995799
miniFE.c 25 Ap 19366.0687056721981207
miniFE.c 25 Ap 19942.9016931553996983
miniFE.c 25 Ap 22443.7520980093977414
miniFE.c 25 Ap 22629.2022504265987664
miniFE.c 25 Ap 23503.4403270553993934
miniFE.c 25 Ap 2784.7112838509997346
miniFE.c 25 Ap 5297.5139884079999320
miniFE.c 25 Ap 8838.6610425799990480
miniFE.c 25 Ap 9581.9742276727993158
miniFE.c 25 Ap 20049.1383863587980159
miniFE.c 25 Ap 21061.8523085989982064
miniFE.c 25 Ap 23066.1607201429978886
miniFE.c 25 Ap 23769.7206112477979332
miniFE.c 25 Ap 3179.3454260399998930
miniFE.c 25 Ap 5397.6649115441996400
miniFE.c 25 Ap 8807.5877122702004272
miniFE.c 25 Ap 11054.0535250612010714
miniFE.c 25 Ap 11760.0087099739012046
miniFE.c 25 Ap 26753.3647406958989450
miniFE.c 25 Ap 27839.0862096834971453
miniFE.c 25 Ap 28473.5365185294976982
miniFE.c 25 Ap 989.4123599472000024
miniFE.c 25 Ap 3608.8072965641999872
miniFE.c 25 Ap 6128.3407890401995246
miniFE.c 25 Ap 6391.8224746028990921
miniFE.c 25 Ap 8601.6889808288997301
miniFE.c 25 Ap 10318.9233197042995016
miniFE.c 25 Ap 19683.6473325842962367
miniFE.c 25 Ap 20178.9207280214977800
miniFE.c 25 Ap 1268.8676034993000030
miniFE.c 25 Ap 2867.0390905766998912
miniFE.c 25 Ap 5470.7324228946999938
miniFE.c 25 Ap 6427.4105067679001877
miniFE.c 25 Ap 7024.8795832297000743
miniFE.c 25 Ap 7797.7765812907000509
miniFE.c 25 Ap 8179.2443669095000587
miniFE.c 25 Ap 20192.2487104374995397
miniFE.c 57 sum 5787878.1172925252467394
miniFE.c 57 sum 12523726.3537057451903820
miniFE.c 57 sum 19195581.2445636950433254
miniFE.c 57 sum 23958363.0489748232066631
miniFE.c 57 sum 27696296.6103892698884010
miniFE.c 57 sum 34119601.8506532162427902
miniFE.c 57 sum 36997689.0278177559375763
miniFE.c 57 sum 40736881.5671170875430107
miniFE.c 90 p_ap_dot 40736881.5671170875430107
miniFE.c 91 alpha 0.0075554145395853
miniFE.c 40 y 1.4960559439392744
miniFE.c 40 y 1.7364133245212852
miniFE.c 40 y 1.5927221841830903
miniFE.c 40 y 1.5310435575891859
miniFE.c 40 y 1.1881350243784765
miniFE.c 40 y 1.7044153884046875
miniFE.c 40 y 1.0776166871177848
miniFE.c 40 y 1.3991086422745860
miniFE.c 40 y -22.8341883739316245
miniFE.c 40 y 8.3838497937928480
miniFE.c 40 y -28.3185951556805833
miniFE.c 40 y 25.0636652226906733
miniFE.c 40 y -22.3339927081014764
miniFE.c 40 y 10.4592281944898673
miniFE.c 40 y -9.8317110616323760
miniFE.c 40 y 32.6187905062384118
miniFE.c 82 oldrtrans 307784.0272895599482581
miniFE.c 48 sum 521.4001586961941257
miniFE.c 48 sum 591.6890960610744514
miniFE.c 48 sum 1393.6319276524102406
miniFE.c 48 sum 2021.8192420475243125
miniFE.c 48 sum 2520.6264723330541528
miniFE.c 48 sum 2630.0219267574657351
miniFE.c 48 sum 2726.6844691568903727
miniFE.c 48 sum 3790.6699632467598349
miniFE.c 83 rtrans 3790.6699632467598349
miniFE.c 84 beta 0.0123160061184089
miniFE.c 40 y -20.3954824548187439
miniFE.c 40 y 11.2143598891482252
miniFE.c 40 y -25.7223145594869429
miniFE.c 40 y 27.5594041029366821
miniFE.c 40 y -20.3972256183443506
miniFE.c 40 y 13.2375787723331708
miniFE.c 40 y -8.0750988145735008
miniFE.c 40 y 34.8994635928429275
miniFE.c 87 normr 61.5684169298412272
miniFE.c 25 Ap -1368.4289806161518754
miniFE.c 25 Ap -1199.2317650706336281
miniFE.c 25 Ap -1438.9434933034935966
miniFE.c 25 Ap -1060.9252025196035447
miniFE.c 25 Ap -1347.7797492528836756
miniFE.c 25 Ap -1135.2318894527934390
miniFE.c 25 Ap -1175.5811556047112845
miniFE.c 25 Ap -951.9431942355674892
miniFE.c 25 Ap -307.7178613112005223
miniFE.c 25 Ap 437.3259687565855529
miniFE.c 25 Ap 67.1311892858862507
miniFE.c 25 Ap 231.4904044254456608
miniFE.c 25 Ap 8.4750944324596844
miniFE.c 25 Ap 136.2477259389728772
miniFE.c 25 Ap 44.2125139587647027
miniFE.c 25 Ap 286.8999636359623082
miniFE.c 25 Ap -190.0698452342187466
miniFE.c 25 Ap -28.6731141403941479
miniFE.c 25 Ap -1769.4073446474239972
miniFE.c 25 Ap -1504.5015295142784453
miniFE.c 25 Ap -1847.1377969518380269
miniFE.c 25 Ap -1633.0108263799961605
miniFE.c 25 Ap -1729.5239229058497585
miniFE.c 25 Ap -1298.4747151618360022
miniFE.c 25 Ap -279.7544311366967804
miniFE.c 25 Ap -212.8740522000363740
miniFE.c 25 Ap -460.1214411508727835
miniFE.c 25 Ap 1342.3107137622018854
miniFE.c 25 Ap 1267.4914057048456471
miniFE.c 25 Ap 1414.2417478412662604
miniFE.c 25 Ap 1403.7422378842968556
miniFE.c 25 Ap 1568.5035826910889227
miniFE.c 25 Ap -286.8300319099224680
miniFE.c 25 Ap -164.2165944823325390
miniFE.c 25 Ap -596.3046644692149130
miniFE.c 25 Ap -495.2136835663836223
miniFE.c 25 Ap -1852.8787212276629361
miniFE.c 25 Ap -1793.4524899398534217
miniFE.c 25 Ap -1906.9291080474579303
miniFE.c 25 Ap -1774.3342498395531948
miniFE.c 25 Ap -20.4673765304719808
miniFE.c 25 Ap 87.7766081393171902
miniFE.c 25 Ap -328.2995782574301415
miniFE.c 25 Ap -22.7790559067254321
miniFE.c 25 Ap -114.3464239331762258
miniFE.c 25 Ap 765.4663481586717353
miniFE.c 25 Ap 703.9967660335215669
miniFE.c 25 Ap 823.5670397301864796
miniFE.c 25 Ap -101.9111677470804693
miniFE.c 25 Ap 25.9034897970964124
miniFE.c 25 Ap -281.5280704790179698
miniFE.c 25 Ap -245.6944238040443054
miniFE.c 25 Ap -532.3297003619271663
miniFE.c 25 Ap -431.5620869656004857
miniFE.c 25 Ap -961.7585399526303718
miniFE.c 25 Ap -868.4179353041471359
miniFE.c 25 Ap -130.6955364858731627
miniFE.c 25 Ap -52.7119768240055322
miniFE.c 25 Ap -370.4126567417038700
miniFE.c 25 Ap -240.3039383084249323
miniFE.c 25 Ap -317.7998926947741438
miniFE.c 25 Ap -272.4461607476264362
miniFE.c 25 Ap -294.0434728078357125
miniFE.c 25 Ap 1969.9608112905175403
miniFE.c 57 sum 19415.3407160156275495
miniFE.c 57 sum 22632.7401604128463077
miniFE.c 57 sum 56032.5152313458020217
miniFE.c 57 sum 99259.5393036334862700
miniFE.c 57 sum 135451.0353199666133150
miniFE.c 57 sum 146353.0688826921978034
miniFE.c 57 sum 153365.6295226210786495
miniFE.c 57 sum 222116.2051355818111915
miniFE.c 90 p_ap_dot 222116.2051355818111915
miniFE.c 91 alpha 0.0170661567035728
miniFE.c 40 y 1.1479834443203683
miniFE.c 40 y 1.9277993477197501
miniFE.c 40 y 1.1537411331322942
miniFE.c 40 y 2.0013766666669905
miniFE.c 40 y 0.8400327756576823
miniFE.c 40 y 1.9303299821092141
miniFE.c 40 y 0.9398057853514385
miniFE.c 40 y 1.9947083568206772
miniFE.c 40 y -6.5881766482077957
miniFE.c 40 y 3.4875700561321787
miniFE.c 40 y -6.1586221911016388
miniFE.c 40 y -1.7046627096308029
miniFE.c 40 y 7.9470736441766228
miniFE.c 40 y -3.5958959614430572
miniFE.c 40 y 4.9888455064613417
miniFE.c 40 y -1.0008693991429567
miniFE.c 82 oldrtrans 3790.6699632467598349
miniFE.c 48 sum 43.4040715479905046
miniFE.c 48 sum 55.5672164444203105
miniFE.c 48 sum 93.4958437371498690
miniFE.c 48 sum 96.4017186907557004
miniFE.c 48 sum 159.5576981967224128
miniFE.c 48 sum 172.4881659622448922
miniFE.c 48 sum 197.3767454495844049
miniFE.c 48 sum 198.3784850037251886
miniFE.c 83 rtrans 198.3784850037251886
miniFE.c 84 beta 0.0523333571445538
miniFE.c 40 y -7.6555407156513056
miniFE.c 40 y 4.0744551573585310
miniFE.c 40 y -7.5047572655278243
miniFE.c 40 y -0.2623865720207370
miniFE.c 40 y 6.8796183511337663
miniFE.c 40 y -2.9031290238213820
miniFE.c 40 y 4.5662484762207036
miniFE.c 40 y 0.8255366932146440
miniFE.c 87 normr 14.0846897375741005
miniFE.c 25 Ap -513.6462842098168267
miniFE.c 25 Ap -452.1727383004121066
miniFE.c 25 Ap -522.1111697711634179
miniFE.c 25 Ap -525.7101925624201613
miniFE.c 25 Ap -428.9592990469020606
miniFE.c 25 Ap -475.5730999049877141
miniFE.c 25 Ap -452.7566886989349655
miniFE.c 25 Ap -447.4665975600038337
miniFE.c 25 Ap -115.5033533244248503
miniFE.c 25 Ap 155.1895534383893391
miniFE.c 25 Ap 47.1813120156308514
miniFE.c 25 Ap 45.6164867792284312
miniFE.c 25 Ap 120.8355507793680772
miniFE.c 25 Ap 92.8137772091237707
miniFE.c 25 Ap 144.8571832544863867
miniFE.c 25 Ap 150.5978845165050757
miniFE.c 25 Ap -71.3436145593269515
miniFE.c 25 Ap -12.7041781682776929
miniFE.c 25 Ap -520.5817967837616607
miniFE.c 25 Ap -523.1039024316751238
miniFE.c 25 Ap -407.5388350380269458
miniFE.c 25 Ap -454.4989501573642201
miniFE.c 25 Ap -399.9234223444829581
miniFE.c 25 Ap -389.7270783053510286
miniFE.c 25 Ap -105.0071476708239828
miniFE.c 25 Ap -80.7078468120866575
miniFE.c 25 Ap -152.8448869808615882
miniFE.c 25 Ap -170.0054174720559388
miniFE.c 25 Ap -144.7702068428419580
miniFE.c 25 Ap -176.9539758567331660
miniFE.c 25 Ap -171.0167889017512834
miniFE.c 25 Ap -167.1194070580575328
miniFE.c 25 Ap -107.6630078558977175
miniFE.c 25 Ap -63.1145042028509096
miniFE.c 25 Ap -189.1807676054950775
miniFE.c 25 Ap -190.1432309389631996
miniFE.c 25 Ap 267.7728348316227311
miniFE.c 25 Ap 254.7400876959806055
miniFE.c 25 Ap 318.9080250078282575
miniFE.c 25 Ap 322.0445179367529818
miniFE.c 25 Ap -122.9204239467836288
miniFE.c 25 Ap -83.5926989628872263
miniFE.c 25 Ap -204.9873260153129877
miniFE.c 25 Ap -207.8961146902119594
miniFE.c 25 Ap -177.0120838309737792
miniFE.c 25 Ap -369.9635319860507252
miniFE.c 25 Ap -335.2041572516728820
miniFE.c 25 Ap -332.3757570932659178
miniFE.c 25 Ap -38.2528383820120936
miniFE.c 25 Ap 8.1853975730176032
miniFE.c 25 Ap -81.5110109791350226
miniFE.c 25 Ap -81.8521746588332633
miniFE.c 25 Ap 14.8247629594101653
miniFE.c 25 Ap -7.2745490177548859
miniFE.c 25 Ap 292.5371066836392515
miniFE.c 25 Ap 294.7450516252333159
miniFE.c 25 Ap -49.0571872049586517
miniFE.c 25 Ap -20.7238253372928476
miniFE.c 25 Ap -113.4163581325621522
miniFE.c 25 Ap -114.6550924858960627
miniFE.c 25 Ap -88.5170970589362014
miniFE.c 25 Ap -98.4636090169664726
miniFE.c 25 Ap -86.2509171911510606
miniFE.c 25 Ap -32.6965522323258995
miniFE.c 57 sum 3425.5987565145665030
miniFE.c 57 sum 4039.2030837701249766
miniFE.c 57 sum 6964.0102062551395647
miniFE.c 57 sum 7007.8600945912412499
miniFE.c 57 sum 9223.4034700709544268
miniFE.c 57 sum 10188.3331773030204204
miniFE.c 57 sum 11534.2123201603353664
miniFE.c 57 sum 11507.2201165509413840
miniFE.c 90 p_ap_dot 11507.2201165509413840
miniFE.c 91 alpha 0.0172394794741430
miniFE.c 40 y 1.0160059072894316
miniFE.c 40 y 1.9980408337733486
miniFE.c 40 y 1.0243630242948019
miniFE.c 40 y 1.9968532587443484
miniFE.c 40 y 0.9586338150119903
miniFE.c 40 y 1.8802815488922566
miniFE.c 40 y 1.0185255322310820
miniFE.c 40 y 2.0089401796985027
miniFE.c 40 y 1.1259145757924891
miniFE.c 40 y 0.8913409171605342
miniFE.c 40 y 0.5600697758611757
miniFE.c 40 y 1.1763888780775260
miniFE.c 40 y 2.3951937874456979
miniFE.c 40 y 2.1340890806690345
miniFE.c 40 y -0.0924057611370825
miniFE.c 40 y -0.4371978580585304
miniFE.c 82 oldrtrans 198.3784850037251886
miniFE.c 48 sum 1.2676836319819806
miniFE.c 48 sum 2.0621722625865631
miniFE.c 48 sum 2.3758504164197505
miniFE.c 48 sum 3.7597412088842508
miniFE.c 48 sum 9.4966944883027171
miniFE.c 48 sum 14.0510306925335229
miniFE.c 48 sum 14.0595695172248458
miniFE.c 48 sum 14.2507114843158131
miniFE.c 83 rtrans 14.2507114843158131
miniFE.c 84 beta 0.0718359729587017
miniFE.c 40 y 0.5759713599587221
miniFE.c 40 y 1.1840333676659842
miniFE.c 40 y 0.0209582358730988
miniFE.c 40 y 1.1575400833851179
miniFE.c 40 y 2.8893978652839309
miniFE.c 40 y 1.9255399826181796
miniFE.c 40 y 0.2356151409234208
miniFE.c 40 y -0.3778946264883472
miniFE.c 87 normr 3.7750114548588871
miniFE.c 25 Ap 38.6446313647360711
miniFE.c 25 Ap 56.5087940010649916
miniFE.c 25 Ap 56.7041082652706407
miniFE.c 25 Ap 72.5814952436217737
miniFE.c 25 Ap 113.2162820762344495
miniFE.c 25 Ap 144.1335222531449745
miniFE.c 25 Ap 145.3108326797843688
miniFE.c 25 Ap 142.8892601058855689
miniFE.c 25 Ap 8.6899966919452165
miniFE.c 25 Ap 87.3531360858894601
miniFE.c 25 Ap 87.6547663878280190
miniFE.c 25 Ap 94.5581224577615131
miniFE.c 25 Ap 126.1496718516085593
miniFE.c 25 Ap 144.7354959574745976
miniFE.c 25 Ap 147.4208983207865913
miniFE.c 25 Ap 144.7930561218600189
miniFE.c 25 Ap 5.3675997853550017
miniFE.c 25 Ap 22.4081724918028158
miniFE.c 25 Ap 23.8265020325201284
miniFE.c 25 Ap 34.9529798835324783
miniFE.c 25 Ap 83.4896053161876921
miniFE.c 25 Ap 114.6365431576247573
miniFE.c 25 Ap 117.4526011850330320
miniFE.c 25 Ap 112.7851604111889543
miniFE.c 25 Ap 7.9003053991602119
miniFE.c 25 Ap 14.9616625417804912
miniFE.c 25 Ap 15.1631167726839937
miniFE.c 25 Ap 90.8682176196132900
miniFE.c 25 Ap 101.4668526020356580
miniFE.c 25 Ap 122.8131770399427012
miniFE.c 25 Ap 123.1195316214709834
miniFE.c 25 Ap 121.3354805087699617
miniFE.c 25 Ap 8.1001213833570915
miniFE.c 25 Ap 21.0458804524035727
miniFE.c 25 Ap 21.3979406710823419
miniFE.c 25 Ap 25.6439273414282951
miniFE.c 25 Ap 217.9658898960370266
miniFE.c 25 Ap 226.6100374647864442
miniFE.c 25 Ap 229.9210569310353662
miniFE.c 25 Ap 228.4853075166223846
miniFE.c 25 Ap 9.2480265440412257
miniFE.c 25 Ap 20.6766315616291010
miniFE.c 25 Ap 21.0156454880592243
miniFE.c 25 Ap 33.8480075230574684
miniFE.c 25 Ap 46.8191126456751476
miniFE.c 25 Ap 174.7967964062225121
miniFE.c 25 Ap 176.5903551709502608
miniFE.c 25 Ap 175.2956371648266156
miniFE.c 25 Ap 2.8779860448164643
miniFE.c 25 Ap 16.3728997897864303
miniFE.c 25 Ap 16.6233913674475531
miniFE.c 25 Ap 18.1284631826876357
miniFE.c 25 Ap 58.7321889882485237
miniFE.c 25 Ap 73.3898595399939495
miniFE.c 25 Ap 88.8599255857720891
miniFE.c 25 Ap 87.8492248672352929
miniFE.c 25 Ap 3.6908607608111685
miniFE.c 25 Ap 11.9245127642903910
miniFE.c 25 Ap 12.1833714984591328
miniFE.c 25 Ap 17.6481506432426087
miniFE.c 25 Ap 28.6259497499347262
miniFE.c 25 Ap 35.2231096782822632
miniFE.c 25 Ap 35.8532758027449816
miniFE.c 25 Ap 11.3384275721601533
miniFE.c 57 sum 82.3001214666824836
miniFE.c 57 sum 253.7399313212982292
miniFE.c 57 sum 256.1037093161812095
miniFE.c 57 sum 396.5543915418761571
miniFE.c 57 sum 1056.7393513291472118
miniFE.c 57 sum 1394.2781094685501557
miniFE.c 57 sum 1414.9767169656570331
miniFE.c 57 sum 1410.6919861133103495
miniFE.c 90 p_ap_dot 1410.6919861133103495
miniFE.c 91 alpha 0.0101019298504551
miniFE.c 40 y 1.0218243295636058
miniFE.c 40 y 2.0100018557941084
miniFE.c 40 y 1.0245747429233811
miniFE.c 40 y 2.0085466474657947
miniFE.c 40 y 0.9878223095571432
miniFE.c 40 y 1.8997332187209119
miniFE.c 40 y 1.0209056998563955
miniFE.c 40 y 2.0051227146908537
miniFE.c 40 y -0.3175427061805967
miniFE.c 40 y -0.5713483786155011
miniFE.c 40 y -0.5792780027849787
miniFE.c 40 y -0.0493336343933279
miniFE.c 40 y 0.0870512390531215
miniFE.c 40 y 0.3632648509391294
miniFE.c 40 y -0.9798524681627475
miniFE.c 40 y -0.5517378580069580
miniFE.c 82 oldrtrans 14.2507114843158131
miniFE.c 48 sum 0.1008333702484967
miniFE.c 48 sum 0.4272723399950588
miniFE.c 48 sum 0.7628353445056125
miniFE.c 48 sum 0.7652691519880671
miniFE.c 48 sum 0.7728470702087508
miniFE.c 48 sum 0.9048084221365786
miniFE.c 48 sum 1.8649192815012068
miniFE.c 48 sum 2.1693339454593130
miniFE.c 83 rtrans 2.1693339454593130
miniFE.c 84 beta 0.1522263606169320
miniFE.c 40 y -0.2298646822344955
miniFE.c 40 y -0.3911072882066986
miniFE.c 40 y -0.5760876068130656
miniFE.c 40 y 0.1268744797686086
miniFE.c 40 y 0.5268937604596267
miniFE.c 40 y 0.6563827947154854
miniFE.c 40 y -0.9439856327537296
miniFE.c 40 y -0.6092633816939739
miniFE.c 87 normr 1.4728658952733318
miniFE.c 25 Ap -15.4227041937656288
miniFE.c 25 Ap -21.3235549599486056
miniFE.c 25 Ap -26.6922380744998158
miniFE.c 25 Ap -24.9519655414984953
miniFE.c 25 Ap -17.5420425617129787
miniFE.c 25 Ap -7.0028978566432585
miniFE.c 25 Ap -11.7197599550767215
miniFE.c 25 Ap -15.6239580885647520
miniFE.c 25 Ap -3.4680948864470627
miniFE.c 25 Ap -29.4519294390473299
miniFE.c 25 Ap -37.7429649936727643
miniFE.c 25 Ap -36.9863089412370627
miniFE.c 25 Ap -31.2254580529380839
miniFE.c 25 Ap -24.8898767205208244
miniFE.c 25 Ap -35.6488680111245060
miniFE.c 25 Ap -39.8856258596129933
miniFE.c 25 Ap -2.1421579349205793
miniFE.c 25 Ap -7.7709622935727394
miniFE.c 25 Ap -46.7571668449247539
miniFE.c 25 Ap -45.5376271423549284
miniFE.c 25 Ap -36.6867709132772362
miniFE.c 25 Ap -26.0693263046259034
miniFE.c 25 Ap -37.3517859481605115
miniFE.c 25 Ap -44.8769015502376689
miniFE.c 25 Ap -3.1529366152226350
miniFE.c 25 Ap -5.4854285183463549
miniFE.c 25 Ap -11.0228834103647344
miniFE.c 25 Ap -2.7250754781373310
miniFE.c 25 Ap -0.7923701526702489
miniFE.c 25 Ap 6.4842173074382030
miniFE.c 25 Ap 5.2568160362059224
miniFE.c 25 Ap 2.3804665518539845
miniFE.c 25 Ap -3.2326812707834263
miniFE.c 25 Ap -7.5088958281930678
miniFE.c 25 Ap -17.1861191432081704
miniFE.c 25 Ap -16.7207293414751810
miniFE.c 25 Ap 18.3499832408557531
miniFE.c 25 Ap 21.2966214775720744
miniFE.c 25 Ap 8.0311123355990492
miniFE.c 25 Ap 5.7163148175206295
miniFE.c 25 Ap -3.6907992838299535
miniFE.c 25 Ap -7.4658708641396707
miniFE.c 25 Ap -16.7844854047897059
miniFE.c 25 Ap -15.3779688782676871
miniFE.c 25 Ap -13.0126337205560070
miniFE.c 25 Ap 30.6127131879738705
miniFE.c 25 Ap 23.4268689388862512
miniFE.c 25 Ap 21.3394503426461668
miniFE.c 25 Ap -1.1485768106845797
miniFE.c 25 Ap -5.6061869283644885
miniFE.c 25 Ap -12.4915514397378402
miniFE.c 25 Ap -12.3265850542848625
miniFE.c 25 Ap -4.9223261824242854
miniFE.c 25 Ap 0.0742165264379269
miniFE.c 25 Ap -61.9061809460329897
miniFE.c 25 Ap -63.5356905883862808
miniFE.c 25 Ap -1.4729873652336281
miniFE.c 25 Ap -4.1927091189087662
miniFE.c 25 Ap -11.3080650855500977
miniFE.c 25 Ap -10.7090871140770627
miniFE.c 25 Ap -8.7072396279999058
miniFE.c 25 Ap -6.4583835616273664
miniFE.c 25 Ap -8.9831269436082835
miniFE.c 25 Ap -48.5073707082684606
miniFE.c 57 sum 3.5913961612730123
miniFE.c 57 sum 19.1909551296532221
miniFE.c 57 sum 45.0439819449151955
miniFE.c 57 sum 45.3460024002882420
miniFE.c 57 sum 48.3578930104627744
miniFE.c 57 sum 62.3647410640611923
miniFE.c 57 sum 122.3415201465842017
miniFE.c 57 sum 151.8952848613870685
miniFE.c 90 p_ap_dot 151.8952848613870685
miniFE.c 91 alpha 0.0142817727847112
miniFE.c 40 y 1.0185414544007030
miniFE.c 40 y 2.0044161503694959
miniFE.c 40 y 1.0163471906187889
miniFE.c 40 y 2.0103586399580284
miniFE.c 40 y 0.9953472865257097
miniFE.c 40 y 1.9091075286548322
miniFE.c 40 y 1.0074239115373749
miniFE.c 40 y 1.9964213535074555
miniFE.c 40 y -0.0944048867618641
miniFE.c 40 y -0.0017109327125070
miniFE.c 40 y 0.0616437084373695
miniFE.c 40 y -0.0833309168085115
miniFE.c 40 y 0.0054121296634140
miniFE.c 40 y 0.0584996697948293
miniFE.c 40 y -0.0724501714597008
miniFE.c 40 y 0.1410333888322878
miniFE.c 82 oldrtrans 2.1693339454593130
miniFE.c 48 sum 0.0089122826445204
miniFE.c 48 sum 0.0089152099352671
miniFE.c 48 sum 0.0127151567251785
miniFE.c 48 sum 0.0196591984213256
miniFE.c 48 sum 0.0196884895688192
miniFE.c 48 sum 0.0231107009349233
miniFE.c 48 sum 0.0283597282794633
miniFE.c 48 sum 0.0482501450449826
miniFE.c 83 rtrans 0.0482501450449826
miniFE.c 84 beta 0.0222419167625050
miniFE.c 40 y -0.0995175178907635
miniFE.c 40 y -0.0104099084620094
miniFE.c 40 y 0.0488304158387226
miniFE.c 40 y -0.0805089851902120
miniFE.c 40 y 0.0171312568262403
miniFE.c 40 y 0.0730988812792315
miniFE.c 40 y -0.0934462213284099
miniFE.c 40 y 0.1274822034102081
miniFE.c 87 normr 0.2196591565243357
miniFE.c 25 Ap -6.6770990028005865
miniFE.c 25 Ap -6.8341590172165771
miniFE.c 25 Ap -6.3790979711369475
miniFE.c 25 Ap -7.4833986614086383
miniFE.c 25 Ap -7.2424747728459229
miniFE.c 25 Ap -6.0687698954740696
miniFE.c 25 Ap -6.5356974887892445
miniFE.c 25 Ap -5.7187834979578156
miniFE.c 25 Ap -1.5014755270527884
miniFE.c 25 Ap -2.1930743474808398
miniFE.c 25 Ap -1.4903084676424188
miniFE.c 25 Ap -1.9704492416635679
miniFE.c 25 Ap -1.7831427607156192
miniFE.c 25 Ap -1.0775729143060564
miniFE.c 25 Ap -2.1426178117366881
miniFE.c 25 Ap -1.2561190624780352
miniFE.c 25 Ap -0.9274249464553354
miniFE.c 25 Ap -1.0772440367433214
miniFE.c 25 Ap 2.2273099194638197
miniFE.c 25 Ap 1.4534434647430938
miniFE.c 25 Ap 1.7412174005365064
miniFE.c 25 Ap 2.9236422434561589
miniFE.c 25 Ap 1.8067786129122840
miniFE.c 25 Ap 3.3813329792063440
miniFE.c 25 Ap -1.3650310389734781
miniFE.c 25 Ap -1.4271138176177454
miniFE.c 25 Ap -0.9577473152531716
miniFE.c 25 Ap -6.2231726170577097
miniFE.c 25 Ap -6.1603332483182962
miniFE.c 25 Ap -5.3499670913336761
miniFE.c 25 Ap -5.4714689520301780
miniFE.c 25 Ap -4.8696219002288901
miniFE.c 25 Ap -1.3995556562801417
miniFE.c 25 Ap -1.5133735355394526
miniFE.c 25 Ap -0.6931114208057390
miniFE.c 25 Ap -0.9884273954897778
miniFE.c 25 Ap 0.1518506442483756
miniFE.c 25 Ap 0.4800066537792707
miniFE.c 25 Ap -0.8331613228336212
miniFE.c 25 Ap -0.3488133430934879
miniFE.c 25 Ap -1.5978930742612545
miniFE.c 25 Ap -1.6983722797722205
miniFE.c 25 Ap -0.9085066105939532
miniFE.c 25 Ap -1.8010203644242722
miniFE.c 25 Ap -1.7241146063611166
miniFE.c 25 Ap 3.1342760767983928
miniFE.c 25 Ap 2.4229411063996396
miniFE.c 25 Ap 2.8597123453804727
miniFE.c 25 Ap -0.4972643565557081
miniFE.c 25 Ap -0.6159103513596991
miniFE.c 25 Ap -0.0322921510802364
miniFE.c 25 Ap -0.1369725904210613
miniFE.c 25 Ap 0.1037671371307723
miniFE.c 25 Ap 0.6602132920609083
miniFE.c 25 Ap -5.4752973971640904
miniFE.c 25 Ap -5.1343389776578947
miniFE.c 25 Ap -0.6377145242476394
miniFE.c 25 Ap -0.7101040075214238
miniFE.c 25 Ap -0.1069912403266680
miniFE.c 25 Ap -0.4870764136612440
miniFE.c 25 Ap -0.4219889786135499
miniFE.c 25 Ap -0.1715423430019301
miniFE.c 25 Ap -0.4214695883793779
miniFE.c 25 Ap 7.8485788580442550
miniFE.c 57 sum 0.5691191390714198
miniFE.c 57 sum 0.5821952235292012
miniFE.c 57 sum 0.7473071189930338
miniFE.c 57 sum 1.1393554364404934
miniFE.c 57 sum 1.1333798254755394
miniFE.c 57 sum 1.3424215987032593
miniFE.c 57 sum 1.8222061751845604
miniFE.c 57 sum 2.8227603016468170
miniFE.c 90 p_ap_dot 2.8227603016468170
miniFE.c 91 alpha 0.0170932491210228
miniFE.c 40 y 1.0168403766754903
miniFE.c 40 y 2.0042382112108279
miniFE.c 40 y 1.0171818610814032
miniFE.c 40 y 2.0089824798176914
miniFE.c 40 y 0.9956401153663968
miniFE.c 40 y 1.9103570260430063
miniFE.c 40 y 1.0058266119967900
miniFE.c 40 y 1.9986004385688432
miniFE.c 40 y 0.0033477042379231
miniFE.c 40 y 0.0197602233480957
miniFE.c 40 y 0.0038457414626652
miniFE.c 40 y -0.0000932565427105
miniFE.c 40 y 0.0113744830336478
miniFE.c 40 y 0.0096178942607764
miniFE.c 40 y 0.0153123637571833
miniFE.c 40 y 0.0068756751657445
miniFE.c 82 oldrtrans 0.0482501450449826
miniFE.c 48 sum 0.0000112071236646
miniFE.c 48 sum 0.0004016735504312
miniFE.c 48 sum 0.0004164632778289
miniFE.c 48 sum 0.0004164719746117
miniFE.c 48 sum 0.0005458508388944
miniFE.c 48 sum 0.0006383547289059
miniFE.c 48 sum 0.0008728232127382
miniFE.c 48 sum 0.0009200981217230
miniFE.c 83 rtrans 0.0009200981217230
miniFE.c 84 beta 0.0190693337992087
miniFE.c 40 y 0.0014499714703955
miniFE.c 40 y 0.0195617133288144
miniFE.c 40 y 0.0047769049618480
miniFE.c 40 y -0.0016285092551382
miniFE.c 40 y 0.0117011646884674
miniFE.c 40 y 0.0110118412282388
miniFE.c 40 y 0.0135304065703971
miniFE.c 40 y 0.0093066758560323
miniFE.c 87 normr 0.0303331192217848
miniFE.c 25 Ap 0.0972854153144567
miniFE.c 25 Ap 0.3924237432486109
miniFE.c 25 Ap 0.4369407380688290
miniFE.c 25 Ap 0.4146033071558187
miniFE.c 25 Ap 0.5791615836472572
miniFE.c 25 Ap 0.7559721111443505
miniFE.c 25 Ap 0.8235801972357952
miniFE.c 25 Ap 0.8832179624418295
miniFE.c 25 Ap 0.0218765170581650
miniFE.c 25 Ap 1.3214900451821445
miniFE.c 25 Ap 1.3902391180859117
miniFE.c 25 Ap 1.3805269885339706
miniFE.c 25 Ap 1.5084629597834440
miniFE.c 25 Ap 1.6147521804681715
miniFE.c 25 Ap 1.7689637716176809
miniFE.c 25 Ap 1.8336814834662960
miniFE.c 25 Ap 0.0135125929765384
miniFE.c 25 Ap 0.2950441843534359
miniFE.c 25 Ap 0.6183168806629822
miniFE.c 25 Ap 0.6026633647134743
miniFE.c 25 Ap 0.7992216353599927
miniFE.c 25 Ap 0.9773457653972025
miniFE.c 25 Ap 1.1390603729021942
miniFE.c 25 Ap 1.2540087085349452
miniFE.c 25 Ap 0.0198885191739646
miniFE.c 25 Ap 0.1365509781117613
miniFE.c 25 Ap 0.1824674245634124
miniFE.c 25 Ap 0.0759601345265486
miniFE.c 25 Ap 0.1188813171342920
miniFE.c 25 Ap 0.2409573776880120
miniFE.c 25 Ap 0.2585500588142591
miniFE.c 25 Ap 0.3024871361175118
miniFE.c 25 Ap 0.0203915432764742
miniFE.c 25 Ap 0.2342716877455329
miniFE.c 25 Ap 0.3145149971375483
miniFE.c 25 Ap 0.3085414427966648
miniFE.c 25 Ap 1.0873857079285592
miniFE.c 25 Ap 1.1368201426532574
miniFE.c 25 Ap 1.3269583458488137
miniFE.c 25 Ap 1.3623175530823199
miniFE.c 25 Ap 0.0232813219172576
miniFE.c 25 Ap 0.2120961823827199
miniFE.c 25 Ap 0.2893659162050346
miniFE.c 25 Ap 0.2713124417385907
miniFE.c 25 Ap 0.3238413921662112
miniFE.c 25 Ap 1.0557243689157771
miniFE.c 25 Ap 1.1587210574968101
miniFE.c 25 Ap 1.1906069853808174
miniFE.c 25 Ap 0.0072451478446414
miniFE.c 25 Ap 0.2301980149556044
miniFE.c 25 Ap 0.2872912964453136
miniFE.c 25 Ap 0.2851738549709775
miniFE.c 25 Ap 0.4496063439420152
miniFE.c 25 Ap 0.5334311112014224
miniFE.c 25 Ap 1.4218132518818685
miniFE.c 25 Ap 1.4467044869393508
miniFE.c 25 Ap 0.0092915085304967
miniFE.c 25 Ap 0.1453217459711660
miniFE.c 25 Ap 0.2043221112287939
miniFE.c 25 Ap 0.1966338734370273
miniFE.c 25 Ap 0.2410905530821795
miniFE.c 25 Ap 0.2788186077286914
miniFE.c 25 Ap 0.3150064513343930
miniFE.c 25 Ap 0.9187508026685777
miniFE.c 57 sum 0.0012806408476815
miniFE.c 57 sum 0.0371505923636043
miniFE.c 57 sum 0.0431408727856055
miniFE.c 57 sum 0.0426482696848779
miniFE.c 57 sum 0.0585889717314839
miniFE.c 57 sum 0.0716997468197295
miniFE.c 57 sum 0.0912742467152367
miniFE.c 57 sum 0.0998247626281427
miniFE.c 90 p_ap_dot 0.0998247626281427
miniFE.c 91 alpha 0.0092171330789983
miniFE.c 40 y 1.0168537412554937
miniFE.c 40 y 2.0044185141258328
miniFE.c 40 y 1.0172258904501423
miniFE.c 40 y 2.0089674696311666
miniFE.c 40 y 0.9957479665585097
miniFE.c 40 y 1.9104585236490517
miniFE.c 40 y 1.0059513235547624
miniFE.c 40 y 1.9986862194387314
miniFE.c 40 y -0.0047930332596649
miniFE.c 40 y 0.0028589370904918
miniFE.c 40 y -0.0077126236861242
miniFE.c 40 y -0.0028813207309907
miniFE.c 40 y -0.0011821791489673
miniFE.c 40 y -0.0013560887682636
miniFE.c 40 y 0.0019778959750793
miniFE.c 40 y -0.0015925732488883
