filename line variable value
miniFE.c 167 A 67.0947100000000063
miniFE.c 167 A 15.0875500000000002
miniFE.c 167 A 9.3192129999999995
miniFE.c 167 A 13.7164900000000003
miniFE.c 167 A 14.0634099999999993
miniFE.c 167 A 16.0564000000000000
miniFE.c 167 A 4.9967519999999999
miniFE.c 167 A 6.4080630000000003
miniFE.c 167 A 15.0875500000000002
miniFE.c 167 A 66.4365899999999954
miniFE.c 167 A 14.3919700000000006
miniFE.c 167 A 5.9638159999999996
miniFE.c 167 A 10.9336099999999998
miniFE.c 167 A 9.6522659999999991
miniFE.c 167 A 11.3974100000000007
miniFE.c 167 A 6.9539020000000002
miniFE.c 167 A 9.3192129999999995
miniFE.c 167 A 14.3919700000000006
miniFE.c 167 A 67.6740900000000067
miniFE.c 167 A 9.6121750000000006
miniFE.c 167 A 16.7981799999999986
miniFE.c 167 A 16.1756899999999995
miniFE.c 167 A 11.9519400000000005
miniFE.c 167 A 12.3511699999999998
miniFE.c 167 A 13.7164900000000003
miniFE.c 167 A 5.9638159999999996
miniFE.c 167 A 9.6121750000000006
miniFE.c 167 A 65.4017099999999942
miniFE.c 167 A 3.6681119999999998
miniFE.c 167 A 11.0858899999999991
miniFE.c 167 A 1.3002330000000000
miniFE.c 167 A 4.7210279999999996
miniFE.c 167 A 14.0634099999999993
miniFE.c 167 A 10.9336099999999998
miniFE.c 167 A 16.7981799999999986
miniFE.c 167 A 3.6681119999999998
miniFE.c 167 A 66.5612600000000043
miniFE.c 167 A 4.4892070000000004
miniFE.c 167 A 14.0526599999999995
miniFE.c 167 A 3.7993380000000001
miniFE.c 167 A 16.0564000000000000
miniFE.c 167 A 9.6522659999999991
miniFE.c 167 A 16.1756899999999995
miniFE.c 167 A 204498575659295965184.0000000000000000
miniFE.c 167 A 4.4892070000000004
miniFE.c 167 A 66.4632699999999943
miniFE.c 167 A 7.6122389999999998
miniFE.c 167 A 3.4261349999999999
miniFE.c 167 A 4.9967519999999999
miniFE.c 167 A 11.3974100000000007
miniFE.c 167 A 11.9519400000000005
miniFE.c 167 A 1.3002330000000000
miniFE.c 167 A 14.0526599999999995
miniFE.c 167 A 7.6122389999999998
miniFE.c 167 A 65.6581999999999937
miniFE.c 167 A 2.6745570000000001
miniFE.c 167 A 6.4080630000000003
miniFE.c 167 A 6.9539020000000002
miniFE.c 167 A 12.3511699999999998
miniFE.c 167 A 4.7210279999999996
miniFE.c 167 A 3.7993380000000001
miniFE.c 167 A 3.4261349999999999
miniFE.c 167 A 2.6745570000000001
miniFE.c 167 A 64.8721800000000002
miniFE.c 175 b 198.0110999999999990
miniFE.c 175 b 229.8237000000000023
miniFE.c 175 b 210.8053999999999917
miniFE.c 175 b 202.6418999999999926
miniFE.c 175 b 157.2561000000000035
miniFE.c 175 b 225.5886000000000138
miniFE.c 175 b 142.6283999999999992
miniFE.c 175 b 185.1795999999999935
miniFE.c 33 r 0.0000000000000000
miniFE.c 33 r 0.0000000000000000
miniFE.c 33 r 0.0000000000000000
miniFE.c 33 r 0.0000000000000000
miniFE.c 33 r 0.0000000000000000
miniFE.c 33 r 0.0000000000000000
miniFE.c 33 r 0.0000000000000000
miniFE.c 33 r 0.0000000000000000
miniFE.c 25 Ap 0.0000000000000000
miniFE.c 25 Ap 0.0000000000000000
miniFE.c 25 Ap 0.0000000000000000
miniFE.c 25 Ap 0.0000000000000000
miniFE.c 25 Ap 0.0000000000000000
miniFE.c 25 Ap 0.0000000000000000
miniFE.c 25 Ap 0.0000000000000000
miniFE.c 25 Ap 0.0000000000000000
miniFE.c 25 Ap 0.0000000000000000
miniFE.c 25 Ap 0.0000000000000000
miniFE.c 25 Ap 0.0000000000000000
miniFE.c 25 Ap 0.0000000000000000
miniFE.c 25 Ap 0.0000000000000000
miniFE.c 25 Ap 0.0000000000000000
miniFE.c 25 Ap 0.0000000000000000
miniFE.c 25 Ap 0.0000000000000000
miniFE.c 25 Ap 0.0000000000000000
miniFE.c 25 Ap 0.0000000000000000
miniFE.c 25 Ap 0.0000000000000000
miniFE.c 25 Ap 0.0000000000000000
miniFE.c 25 Ap 0.0000000000000000
miniFE.c 25 Ap 0.0000000000000000
miniFE.c 25 Ap 0.0000000000000000
miniFE.c 25 Ap 0.0000000000000000
miniFE.c 25 Ap 0.0000000000000000
miniFE.c 25 Ap 0.0000000000000000
miniFE.c 25 Ap 0.0000000000000000
miniFE.c 25 Ap 0.0000000000000000
miniFE.c 25 Ap 0.0000000000000000
miniFE.c 25 Ap 0.0000000000000000
miniFE.c 25 Ap 0.0000000000000000
miniFE.c 25 Ap 0.0000000000000000
miniFE.c 25 Ap 0.0000000000000000
miniFE.c 25 Ap 0.0000000000000000
miniFE.c 25 Ap 0.0000000000000000
miniFE.c 25 Ap 0.0000000000000000
miniFE.c 25 Ap 0.0000000000000000
miniFE.c 25 Ap 0.0000000000000000
miniFE.c 25 Ap 0.0000000000000000
miniFE.c 25 Ap 0.0000000000000000
miniFE.c 25 Ap 0.0000000000000000
miniFE.c 25 Ap 0.0000000000000000
miniFE.c 25 Ap 0.0000000000000000
miniFE.c 25 Ap 0.0000000000000000
miniFE.c 25 Ap 0.0000000000000000
miniFE.c 25 Ap 0.0000000000000000
miniFE.c 25 Ap 0.0000000000000000
miniFE.c 25 Ap 0.0000000000000000
miniFE.c 25 Ap 0.0000000000000000
miniFE.c 25 Ap 0.0000000000000000
miniFE.c 25 Ap 0.0000000000000000
miniFE.c 25 Ap 0.0000000000000000
miniFE.c 25 Ap 0.0000000000000000
miniFE.c 25 Ap 0.0000000000000000
miniFE.c 25 Ap 0.0000000000000000
miniFE.c 25 Ap 0.0000000000000000
miniFE.c 25 Ap 0.0000000000000000
miniFE.c 25 Ap 0.0000000000000000
miniFE.c 25 Ap 0.0000000000000000
miniFE.c 25 Ap 0.0000000000000000
miniFE.c 25 Ap 0.0000000000000000
miniFE.c 25 Ap 0.0000000000000000
miniFE.c 25 Ap 0.0000000000000000
miniFE.c 25 Ap 0.0000000000000000
miniFE.c 33 r 198.0110999999999990
miniFE.c 33 r 229.8237000000000023
miniFE.c 33 r 210.8053999999999917
miniFE.c 33 r 202.6418999999999926
miniFE.c 33 r 157.2561000000000035
miniFE.c 33 r 225.5886000000000138
miniFE.c 33 r 142.6283999999999992
miniFE.c 33 r 185.1795999999999935
miniFE.c 48 sum 39208.3957232100001420
miniFE.c 48 sum 92027.3288048999966122
miniFE.c 48 sum 136466.2454740600078367
miniFE.c 48 sum 177529.9851096700003836
miniFE.c 48 sum 202259.4660968800017145
miniFE.c 48 sum 253149.6825468399911188
miniFE.c 48 sum 273492.5430333999684080
miniFE.c 48 sum 307784.0272895599482581
miniFE.c 75 rtrans 307784.0272895599482581
miniFE.c 76 normr 554.7828649927464539
miniFE.c 33 r 198.0110999999999990
miniFE.c 33 r 229.8237000000000023
miniFE.c 33 r 210.8053999999999917
miniFE.c 33 r 202.6418999999999926
miniFE.c 33 r 157.2561000000000035
miniFE.c 33 r 225.5886000000000138
miniFE.c 33 r 142.6283999999999992
miniFE.c 33 r 185.1795999999999935
miniFE.c 87 normr 554.7828649927464539
miniFE.c 25 Ap 13285.4973312810016068
miniFE.c 25 Ap 16752.9738962160008668
miniFE.c 25 Ap 18717.5143203662009910
miniFE.c 25 Ap 21497.0499152972006414
miniFE.c 25 Ap 23708.6069245981998392
miniFE.c 25 Ap 27330.7477216381994367
miniFE.c 25 Ap 28043.4264645949988335
miniFE.c 25 Ap 29230.0690077097970061
miniFE.c 25 Ap 2987.5023718050001662
miniFE.c 25 Ap 18256.2053009880000900
miniFE.c 25 Ap 21290.1102936259994749
miniFE.c 25 Ap 22498.6292991164009436
miniFE.c 25 Ap 24218.0061666374022025
miniFE.c 25 Ap 26395.4473404050004319
miniFE.c 25 Ap 28021.0416928490012651
miniFE.c 25 Ap 29308.7624836482027604
miniFE.c 25 Ap 1845.3076172643000064
miniFE.c 25 Ap 5152.9234129532997031
miniFE.c 25 Ap 19418.9870250392996240
miniFE.c 25 Ap 21366.8164301717988565
miniFE.c 25 Ap 24008.4327040697971825
miniFE.c 25 Ap 27657.4839652037990163
miniFE.c 25 Ap 29362.1700442997971550
miniFE.c 25 Ap 31649.3547644317950471
miniFE.c 25 Ap 2716.0172730389999742
miniFE.c 25 Ap 4086.6435322781999275
miniFE.c 25 Ap 6112.9419280231995799
miniFE.c 25 Ap 19366.0687056721981207
miniFE.c 25 Ap 19942.9016931553996983
miniFE.c 25 Ap 22443.7520980093977414
miniFE.c 25 Ap 22629.2022504265987664
miniFE.c 25 Ap 23503.4403270553993934
miniFE.c 25 Ap 2784.7112838509997346
miniFE.c 25 Ap 5297.5139884079999320
miniFE.c 25 Ap 8838.6610425799990480
miniFE.c 25 Ap 9581.9742276727993158
miniFE.c 25 Ap 20049.1383863587980159
miniFE.c 25 Ap 21061.8523085989982064
miniFE.c 25 Ap 23066.1607201429978886
miniFE.c 25 Ap 23769.7206112477979332
miniFE.c 25 Ap 3179.3454260399998930
miniFE.c 25 Ap 5397.6649115441996400
miniFE.c 25 Ap 8807.5877122702004272
miniFE.c 25 Ap 41439979918893485391872.0000000000000000
miniFE.c 25 Ap 41439979918893485391872.0000000000000000
miniFE.c 25 Ap 41439979918893485391872.0000000000000000
miniFE.c 25 Ap 41439979918893485391872.0000000000000000
miniFE.c 25 Ap 41439979918893485391872.0000000000000000
miniFE.c 25 Ap 989.4123599472000024
miniFE.c 25 Ap 3608.8072965641999872
miniFE.c 25 Ap 6128.3407890401995246
miniFE.c 25 Ap 6391.8224746028990921
miniFE.c 25 Ap 8601.6889808288997301
miniFE.c 25 Ap 10318.9233197042995016
miniFE.c 25 Ap 19683.6473325842962367
miniFE.c 25 Ap 20178.9207280214977800
miniFE.c 25 Ap 1268.8676034993000030
miniFE.c 25 Ap 2867.0390905766998912
miniFE.c 25 Ap 5470.7324228946999938
miniFE.c 25 Ap 6427.4105067679001877
miniFE.c 25 Ap 7024.8795832297000743
miniFE.c 25 Ap 7797.7765812907000509
miniFE.c 25 Ap 8179.2443669095000587
miniFE.c 25 Ap 20192.2487104374995397
miniFE.c 57 sum 5787878.1172925252467394
miniFE.c 57 sum 12523726.3537057451903820
miniFE.c 57 sum 19195581.2445636950433254
miniFE.c 57 sum 23958363.0489748232066631
miniFE.c 57 sum 27696296.6103892698884010
miniFE.c 57 sum 9348387053931295143886848.0000000000000000
miniFE.c 57 sum 9348387053931295143886848.0000000000000000
miniFE.c 57 sum 9348387053931295143886848.0000000000000000
miniFE.c 90 p_ap_dot 9348387053931295143886848.0000000000000000
miniFE.c 91 alpha 0.0000000000000000
miniFE.c 40 y 0.0000000000000000
miniFE.c 40 y 0.0000000000000000
miniFE.c 40 y 0.0000000000000000
miniFE.c 40 y 0.0000000000000000
miniFE.c 40 y 0.0000000000000000
miniFE.c 40 y 0.0000000000000000
miniFE.c 40 y 0.0000000000000000
miniFE.c 40 y 0.0000000000000000
miniFE.c 40 y 198.0110999999999990
miniFE.c 40 y 229.8237000000000023
miniFE.c 40 y 210.8053999999999917
miniFE.c 40 y 202.6418999999999926
miniFE.c 40 y 157.2561000000000035
miniFE.c 40 y -1138.7712448217680503
miniFE.c 40 y 142.6283999999999992
miniFE.c 40 y 185.1795999999999935
miniFE.c 82 oldrtrans 307784.0272895599482581
miniFE.c 48 sum 39208.3957232100001420
miniFE.c 48 sum 92027.3288048999966122
miniFE.c 48 sum 136466.2454740600078367
miniFE.c 48 sum 177529.9851096700003836
miniFE.c 48 sum 202259.4660968800017145
miniFE.c 48 sum 1499059.4141297989990562
miniFE.c 48 sum 1519402.2746163590345532
miniFE.c 48 sum 1553693.7588725190144032
miniFE.c 83 rtrans 1553693.7588725190144032
miniFE.c 84 beta 5.0479999646337088
miniFE.c 40 y 1197.5711257970817769
miniFE.c 40 y 1389.9737294719880083
miniFE.c 40 y 1274.9510517445946789
miniFE.c 40 y 1225.5782040333074292
miniFE.c 40 y 951.0848872384349306
miniFE.c 40 y 0.0000000000000000
miniFE.c 40 y 862.6165581557625046
miniFE.c 40 y 1119.9662142508843772
miniFE.c 87 normr 1246.4725263207844819
miniFE.c 25 Ap 80350.6873897287296131
miniFE.c 25 Ap 101321.9855318238260224
miniFE.c 25 Ap 113203.5259476057253778
miniFE.c 25 Ap 130014.1571274465532042
miniFE.c 25 Ap 143389.6538414844253566
miniFE.c 25 Ap 143389.6538414844253566
miniFE.c 25 Ap 147699.9348536823526956
miniFE.c 25 Ap 154876.7489124735293444
miniFE.c 25 Ap 18068.4142390197630448
miniFE.c 25 Ap 110413.5290147211489966
miniFE.c 25 Ap 128762.5863028978055809
miniFE.c 25 Ap 136071.7092053629166912
miniFE.c 25 Ap 146470.5004393219423946
miniFE.c 25 Ap 146470.5004393219423946
miniFE.c 25 Ap 156302.0950254120107275
miniFE.c 25 Ap 164090.2303226236545015
miniFE.c 25 Ap 11160.4204039527994610
miniFE.c 25 Ap 31164.8806193017662736
miniFE.c 25 Ap 117446.0328406601329334
miniFE.c 25 Ap 129226.5050140139937866
miniFE.c 25 Ap 145203.0001451249117963
miniFE.c 25 Ap 145203.0001451249117963
miniFE.c 25 Ap 155512.9414912090869620
miniFE.c 25 Ap 169345.8345976781856734
miniFE.c 25 Ap 16426.4723712844133843
miniFE.c 25 Ap 24716.0199386891254107
miniFE.c 25 Ap 36971.0725644922276842
miniFE.c 25 Ap 117125.9828469994245097
miniFE.c 25 Ap 120614.6687348973791813
miniFE.c 25 Ap 120614.6687348973791813
miniFE.c 25 Ap 121736.2712501579226227
miniFE.c 25 Ap 127023.6631066903501051
miniFE.c 25 Ap 16841.9337462459370727
miniFE.c 25 Ap 32039.3644145381622366
miniFE.c 25 Ap 53456.2216729331776151
miniFE.c 25 Ap 57951.7797900861987728
miniFE.c 25 Ap 121257.1882516343612224
miniFE.c 25 Ap 121257.1882516343612224
miniFE.c 25 Ap 133379.2454537675075699
miniFE.c 25 Ap 137634.3756502870237455
miniFE.c 25 Ap 19228.6810242482642934
miniFE.c 25 Ap 32645.0771941239290754
miniFE.c 25 Ap 53268.2901723184477305
miniFE.c 25 Ap 250628997083889391370240.0000000000000000
miniFE.c 25 Ap 250628997083889391370240.0000000000000000
miniFE.c 25 Ap 250628997083889391370240.0000000000000000
miniFE.c 25 Ap 250628997083889391370240.0000000000000000
miniFE.c 25 Ap 250628997083889391370240.0000000000000000
miniFE.c 25 Ap 5983.9659179688196673
miniFE.c 25 Ap 21826.0664019901523716
miniFE.c 25 Ap 37064.2048753784474684
miniFE.c 25 Ap 38657.7421003432900761
miniFE.c 25 Ap 52023.0146518433539313
miniFE.c 25 Ap 52023.0146518433539313
miniFE.c 25 Ap 108660.8651505460438784
miniFE.c 25 Ap 111656.2786286342452513
miniFE.c 25 Ap 7674.1112210886258254
miniFE.c 25 Ap 17339.8523184113437310
miniFE.c 25 Ap 33086.9895001876284368
miniFE.c 25 Ap 38872.9785176185832825
miniFE.c 25 Ap 42486.4714709292820771
miniFE.c 25 Ap 42486.4714709292820771
miniFE.c 25 Ap 44793.5886248606839217
miniFE.c 25 Ap 117448.2384696626249934
miniFE.c 57 sum 185475922.5549028813838959
miniFE.c 57 sum 413557031.9663575887680054
miniFE.c 57 sum 629464681.8952336311340332
miniFE.c 57 sum 785142114.7952630519866943
miniFE.c 57 sum 916044089.4407486915588379
miniFE.c 57 sum 916044089.4407486915588379
miniFE.c 57 sum 1012360644.2078620195388794
miniFE.c 57 sum 1143898703.2171652317047119
miniFE.c 90 p_ap_dot 1143898703.2171652317047119
miniFE.c 91 alpha 0.0013582441823763
miniFE.c 40 y 1.6265940145957334
miniFE.c 40 y 1.8879237317112294
miniFE.c 40 y 1.7316948488466524
miniFE.c 40 y 1.6646344656754450
miniFE.c 40 y 1.2918055150376322
miniFE.c 40 y 0.0000000000000000
miniFE.c 40 y 1.1716439217365395
miniFE.c 40 y 1.5211875949642828
miniFE.c 40 y -12.3493431957235487
miniFE.c 40 y 6.9490992795077773
miniFE.c 40 y -19.2075946519570948
miniFE.c 40 y 30.1127485612096280
miniFE.c 40 y -29.6849900219978906
miniFE.c 40 y -340415377224001716224.0000000000000000
miniFE.c 40 y -9.0280908731306795
miniFE.c 40 y 25.6562133682353135
miniFE.c 82 oldrtrans 1553693.7588725190144032
miniFE.c 48 sum 152.5062773657635091
miniFE.c 48 sum 200.7962581622190328
miniFE.c 48 sum 569.7279504761097542
miniFE.c 48 sum 1476.5055763867421774
miniFE.c 48 sum 2357.7042089928563655
miniFE.c 48 sum 115882629050559385086486026889824768622592.0000000000000000
miniFE.c 48 sum 115882629050559385086486026889824768622592.0000000000000000
miniFE.c 48 sum 115882629050559385086486026889824768622592.0000000000000000
miniFE.c 83 rtrans 115882629050559385086486026889824768622592.0000000000000000
miniFE.c 84 beta 74585244607439776491757046719315968.0000000000000000
miniFE.c 40 y 89321135352382373142708030601984737280.0000000000000000
miniFE.c 40 y 103671530610583541579754665868796100608.0000000000000000
miniFE.c 40 y 95092536056883199181941525239457382400.0000000000000000
miniFE.c 40 y 91410050133370967040826812910733885440.0000000000000000
miniFE.c 40 y 70936898957117948497875340505257082880.0000000000000000
miniFE.c 40 y -340415377224001716224.0000000000000000
miniFE.c 40 y 64338466992475344679452527180212338688.0000000000000000
miniFE.c 40 y 83532954041970513177391549518652112896.0000000000000000
miniFE.c 87 normr 340415377224001716224.0000000000000000
miniFE.c 25 Ap 5992975673338843437269180708173505363968.0000000000000000
miniFE.c 25 Ap 7557125075002552998738464258914288402432.0000000000000000
miniFE.c 25 Ap 8443312673226827787536525700079848259584.0000000000000000
miniFE.c 25 Ap 9697137711780708997500127595829691154432.0000000000000000
miniFE.c 25 Ap 10694752405943230622547293440059520319488.0000000000000000
miniFE.c 25 Ap 10694752405943230622547293440059520319488.0000000000000000
miniFE.c 25 Ap 11016235769564815122289552281224607694848.0000000000000000
miniFE.c 25 Ap 11551520201641867836302589426674899615744.0000000000000000
miniFE.c 25 Ap 1347637095685836765480673016434265161728.0000000000000000
miniFE.c 25 Ap 8235220069533624892179483059969102708736.0000000000000000
miniFE.c 25 Ap 9603788995688206364487336409387470159872.0000000000000000
miniFE.c 25 Ap 10148941715234406824828323711882123804672.0000000000000000
miniFE.c 25 Ap 10924538103040940342822202142712813060096.0000000000000000
miniFE.c 25 Ap 10924538103040940342822202142712813060096.0000000000000000
miniFE.c 25 Ap 11657829990125647899632632577048119869440.0000000000000000
miniFE.c 25 Ap 12238709966304015215372762924744651571200.0000000000000000
miniFE.c 25 Ap 832402685750681349555838977611854249984.0000000000000000
miniFE.c 25 Ap 2324440244152281299357792900338115674112.0000000000000000
miniFE.c 25 Ap 8759741087594040168161392043757548863488.0000000000000000
miniFE.c 25 Ap 9638390486234775676650984830336558432256.0000000000000000
miniFE.c 25 Ap 10830001283558255801212379113567754911744.0000000000000000
miniFE.c 25 Ap 10830001283558255801212379113567754911744.0000000000000000
miniFE.c 25 Ap 11598970780744300324852840778602632970240.0000000000000000
miniFE.c 25 Ap 12630700496718865398530906375932023406592.0000000000000000
miniFE.c 25 Ap 1225172459849599295507776941193124904960.0000000000000000
miniFE.c 25 Ap 1843450392849487102705041664793276055552.0000000000000000
miniFE.c 25 Ap 2757496490622058520062621769086393122816.0000000000000000
miniFE.c 25 Ap 8735870080530248309767747517804160483328.0000000000000000
miniFE.c 25 Ap 8996074570837640470615689289571573432320.0000000000000000
miniFE.c 25 Ap 8996074570837640470615689289571573432320.0000000000000000
miniFE.c 25 Ap 9079729568790667289129497885639496957952.0000000000000000
miniFE.c 25 Ap 9474090983745522666746251735162198949888.0000000000000000
miniFE.c 25 Ap 1256159748126047736992652625243755511808.0000000000000000
miniFE.c 25 Ap 2389663831925229852106457928814875901952.0000000000000000
miniFE.c 25 Ap 3987045369265244057519598874946292416512.0000000000000000
miniFE.c 25 Ap 4322347671080063488573090601420636291072.0000000000000000
miniFE.c 25 Ap 9043997046158520627921904273043727843328.0000000000000000
miniFE.c 25 Ap 9043997046158520627921904273043727843328.0000000000000000
miniFE.c 25 Ap 9948123647724999277141383049844149452800.0000000000000000
miniFE.c 25 Ap 10265493574268911850674127139363333603328.0000000000000000
miniFE.c 25 Ap 1434175877671992388301282125301548056576.0000000000000000
miniFE.c 25 Ap 2434841067752487114167787062794926424064.0000000000000000
miniFE.c 25 Ap 3973028452322452176640429826202513965056.0000000000000000
miniFE.c 25 Ap 18693225053219199925452327066645214601632731401660957458432.0000000000000000
miniFE.c 25 Ap 18693225053219199925452327066645214601632731401660957458432.0000000000000000
miniFE.c 25 Ap 18693225053219199925452327066645214601632731401660957458432.0000000000000000
miniFE.c 25 Ap 18693225053219199925452327066645214601632731401660957458432.0000000000000000
miniFE.c 25 Ap 18693225053219199925452327066645214601632731401660957458432.0000000000000000
miniFE.c 25 Ap 446315561714287320779492557228490096640.0000000000000000
miniFE.c 25 Ap 1627902501410658504079533985872595648512.0000000000000000
miniFE.c 25 Ap 2764442786810363047163909557124302110720.0000000000000000
miniFE.c 25 Ap 2883297150525426460166555896123473526784.0000000000000000
miniFE.c 25 Ap 3880149273024159165598845669996058640384.0000000000000000
miniFE.c 25 Ap 3880149273024159165598845669996058640384.0000000000000000
miniFE.c 25 Ap 8104497206509502611362248419493053202432.0000000000000000
miniFE.c 25 Ap 8327910853473133415471522561810040356864.0000000000000000
miniFE.c 25 Ap 572375462569593451474284212544908296192.0000000000000000
miniFE.c 25 Ap 1293297126625591651493368442888692695040.0000000000000000
miniFE.c 25 Ap 2467801205195285860309780718603074535424.0000000000000000
miniFE.c 25 Ap 2899350611356333836273001753169929175040.0000000000000000
miniFE.c 25 Ap 3168863867166272610312360378719709167616.0000000000000000
miniFE.c 25 Ap 3168863867166272610312360378719709167616.0000000000000000
miniFE.c 25 Ap 3340940764430266647937370754860026167296.0000000000000000
miniFE.c 25 Ap 8759905594972705642572774212737215496192.0000000000000000
miniFE.c 57 sum 1031794899456632598406423207604648314443960508531066705156548507112917883158528.0000000000000000
miniFE.c 57 sum 2300600694362372935341255636086785462131082845157125955087949129437007132491776.0000000000000000
miniFE.c 57 sum 3501686036770304336891167215898456158882706765510291150846101323241110007447552.0000000000000000
miniFE.c 57 sum 4367713168562600400909861544212570661180411029218385129206176543072570929315840.0000000000000000
miniFE.c 57 sum 5095915448985457669928013793407298539576446169612101828173786604412096013664256.0000000000000000
miniFE.c 57 sum -1267545809039315600915337419589276145450441034914517194392658647338492283060224.0000000000000000
miniFE.c 57 sum -731740791476857273612743299018149515420468764972931852315448560847977470492672.0000000000000000
miniFE.c 57 sum -1851192626986356797424340330377019318105577848837777346267185152.0000000000000000
miniFE.c 90 p_ap_dot -1851192626986356797424340330377019318105577848837777346267185152.0000000000000000
miniFE.c 91 alpha -0.0000000000000000
miniFE.c 40 y -5591405153371548.0000000000000000
miniFE.c 40 y -6489724164690346.0000000000000000
miniFE.c 40 y -5952688510485273.0000000000000000
miniFE.c 40 y -5722168928656029.0000000000000000
miniFE.c 40 y -4440572109033844.5000000000000000
miniFE.c 40 y 0.0213096294285565
miniFE.c 40 y -4027517501681161.5000000000000000
miniFE.c 40 y -5229071348723793.0000000000000000
miniFE.c 40 y 723112501088614784.0000000000000000
miniFE.c 40 y 766129827013969024.0000000000000000
miniFE.c 40 y 790668004492206592.0000000000000000
miniFE.c 40 y 593067709462481024.0000000000000000
miniFE.c 40 y 642608644041813504.0000000000000000
miniFE.c 40 y 1170175395592037549315701454346911744.0000000000000000
miniFE.c 40 y 521318089825271872.0000000000000000
miniFE.c 40 y 548360487062172800.0000000000000000
miniFE.c 82 oldrtrans 115882629050559385086486026889824768622592.0000000000000000
miniFE.c 48 sum 522891689230631947463836231134085120.0000000000000000
miniFE.c 48 sum 1109846601071086061347502172598697984.0000000000000000
miniFE.c 48 sum 1735002494398773991715822198849536000.0000000000000000
miniFE.c 48 sum 2086731802405847732748866935150608384.0000000000000000
miniFE.c 48 sum 2499677671803105931012805327228764160.0000000000000000
miniFE.c 48 sum 1369310456448981657081476961022992476014151473880386424183951865470255104.0000000000000000
miniFE.c 48 sum 1369310456448981657081476961022992476014151473880386424183951865470255104.0000000000000000
miniFE.c 48 sum 1369310456448981657081476961022992476014151473880386424183951865470255104.0000000000000000
miniFE.c 83 rtrans 1369310456448981657081476961022992476014151473880386424183951865470255104.0000000000000000
miniFE.c 84 beta 11816356495083953017642521985024.0000000000000000
miniFE.c 40 y 1055450377869396268122328523288161481895074667078319968390791492009984.0000000000000000
miniFE.c 40 y 1225019764085663731812440266420398957277671390738956750574253263290368.0000000000000000
miniFE.c 40 y 1123647306069756852851752005947834552515450604005387315797770553524224.0000000000000000
miniFE.c 40 y 1080133739609407825486635027456636688110733721329599046660430221017088.0000000000000000
miniFE.c 40 y 838215686733054754810988400098418144003793989592200166042619667808256.0000000000000000
miniFE.c 40 y -4022469453687285527614077342229472537202968210964480.0000000000000000
miniFE.c 40 y 760246262330280562787935042093363473882126782529298348319131658354688.0000000000000000
miniFE.c 40 y 987055164047387615864734265555348764280663343941979109897518559789056.0000000000000000
miniFE.c 87 normr 1170175395592037549315701454346911744.0000000000000000
miniFE.c 25 Ap 70815137022537561360452309995185817226192839337763975042768277872836608.0000000000000000
miniFE.c 25 Ap 89297683964168213636758953489010734004284087448079164745116376214011904.0000000000000000
miniFE.c 25 Ap 99769192546308471621609182236082024090909234659429233159431092202110976.0000000000000000
miniFE.c 25 Ap 114584836184323521571069669574200634416140104091546018357948380954492928.0000000000000000
miniFE.c 25 Ap 126373007055282040212142616412944520760097759964656534055532887745232896.0000000000000000
miniFE.c 25 Ap 126373007055282040212142616412944520760097759964656534055532887745232896.0000000000000000
miniFE.c 25 Ap 130171769087073382668151346058871306447473986854189556353665097076310016.0000000000000000
miniFE.c 25 Ap 136496880762764389295572963092401496633121884435881429503479505781522432.0000000000000000
miniFE.c 25 Ap 15924160348623410115068884704022093190906200302447661614351526687408128.0000000000000000
miniFE.c 25 Ap 97310296157079372429184424747300855441769061658553836215691488545210368.0000000000000000
miniFE.c 25 Ap 113481794476616142987401540602312862329554049411967750291961488458383360.0000000000000000
miniFE.c 25 Ap 119923513355038571962733286989436357834430225777396815014896014555348992.0000000000000000
miniFE.c 25 Ap 129088236769659966500335392950373542648343296119825193093621725119119360.0000000000000000
miniFE.c 25 Ap 129088236769659966500335392950373542648343296119825193093621725119119360.0000000000000000
miniFE.c 25 Ap 137753075122405738291584949640832694012877406992409568476186970586873856.0000000000000000
miniFE.c 25 Ap 144616960001785188494858306006534603603641874521056522158955360975585280.0000000000000000
miniFE.c 25 Ap 9835966882295389117835912537472472966504844455359421351532020065370112.0000000000000000
miniFE.c 25 Ap 27466414576423339693437811425457483413717115368163475038008814549860352.0000000000000000
miniFE.c 25 Ap 103508223495645623201138379865354632430879152724111823212853161124429824.0000000000000000
miniFE.c 25 Ap 113890658024175683969611469645098166578853789710571581472046381069762560.0000000000000000
miniFE.c 25 Ap 127971156008741153811636009484273399347669326764865750797336365538213888.0000000000000000
miniFE.c 25 Ap 127971156008741153811636009484273399347669326764865750797336365538213888.0000000000000000
miniFE.c 25 Ap 137057573721336919046760061254207363450638961572866214132676216274026496.0000000000000000
miniFE.c 25 Ap 149248859851864097371376554035941089397764038882838057654576521611837440.0000000000000000
miniFE.c 25 Ap 14477074553541795061081712540233510261262843737360624540766047674826752.0000000000000000
miniFE.c 25 Ap 21782867022912099316078307179724555017389381758032442166594187563106304.0000000000000000
miniFE.c 25 Ap 32583561567133163873507670998394916959358064936596839553298654879023104.0000000000000000
miniFE.c 25 Ap 103226155166283160081772124068728624237838771699526536084107095911170048.0000000000000000
miniFE.c 25 Ap 106300824185376915047998224010282973789754066794057984163626135123394560.0000000000000000
miniFE.c 25 Ap 106300824185376915047998224010282973789754066794057984163626135123394560.0000000000000000
miniFE.c 25 Ap 107289321463785401795306769474112098634200929137576733515099541275148288.0000000000000000
miniFE.c 25 Ap 111949236530797707155862349099596769556526932272438003408669827391291392.0000000000000000
miniFE.c 25 Ap 14843231398632245521675419496923394614602563401224523495266991103541248.0000000000000000
miniFE.c 25 Ap 28237119741436896139013496381143792511700867534190763589042740083556352.0000000000000000
miniFE.c 25 Ap 47112349445311760587294920326528410977154433078168029332664578698379264.0000000000000000
miniFE.c 25 Ap 51074400977177906438561228902097600416948657094540595431237028119838720.0000000000000000
miniFE.c 25 Ap 106867093237895314027762393684267014346825991997702001850548855578296320.0000000000000000
miniFE.c 25 Ap 106867093237895314027762393684267014346825991997702001850548855578296320.0000000000000000
miniFE.c 25 Ap 117550575478693547259365732416076400459802461575271460526005828641095680.0000000000000000
miniFE.c 25 Ap 121300731671555028501637597583639488713512179572773799331474079918063616.0000000000000000
miniFE.c 25 Ap 16946733447222175572597226700560753903826155802530295570411066899824640.0000000000000000
miniFE.c 25 Ap 28770950065434251054833846288955822857851730334458816213464237375225856.0000000000000000
miniFE.c 25 Ap 46946720557753754860074714923265809077172424254834356110438731586994176.0000000000000000
miniFE.c 25 Ap 220885811271672783545435496214021832244498049602994813753258385181669812621012035910500352.0000000000000000
miniFE.c 25 Ap 220885811271672783545435496214021832244498049602994813753258385181669812621012035910500352.0000000000000000
miniFE.c 25 Ap 220885811271672783545435496214021832244498049602994813753258385181669812621012035910500352.0000000000000000
miniFE.c 25 Ap 220885811271672783545435496214021832244498049602994813753258385181669812621012035910500352.0000000000000000
miniFE.c 25 Ap 220885811271672783545435496214021832244498049602994813753258385181669812621012035910500352.0000000000000000
miniFE.c 25 Ap 5273823786519661657898232702425840253848184598450206389234723194929152.0000000000000000
miniFE.c 25 Ap 19235876295907245936294707440832940740063757922450567176196778251780096.0000000000000000
miniFE.c 25 Ap 32665641479214618201550819956590542843368183889521251491081341640900608.0000000000000000
miniFE.c 25 Ap 34070067011868177776782093486098345167473589102141402199361461269037056.0000000000000000
miniFE.c 25 Ap 45849227064194309302210307091016228668006761719007461649180012419481600.0000000000000000
miniFE.c 25 Ap 45849227064194309302210307091016228668006761719007461649180012419481600.0000000000000000
miniFE.c 25 Ap 95765628205528327789667999614371048885764586470199631007784012770967552.0000000000000000
miniFE.c 25 Ap 98405563503917419778014331725451971269298157918484303679709746863013888.0000000000000000
miniFE.c 25 Ap 6763392514760897315573861810854173050590904862730735045420940060000256.0000000000000000
miniFE.c 25 Ap 15282059902275724472937726719175496014349478058836460854166668850495488.0000000000000000
miniFE.c 25 Ap 29160418799585323107264306989916692862565801567427198889047739626160128.0000000000000000
miniFE.c 25 Ap 34259760428026045843263979829576446887048637748562223491598025742090240.0000000000000000
miniFE.c 25 Ap 37444425138827034461243277434642769679228891040008552795876116536492032.0000000000000000
miniFE.c 25 Ap 37444425138827034461243277434642769679228891040008552795876116536492032.0000000000000000
miniFE.c 25 Ap 39477747101466323235690889406161359151415569140531871108306762622566400.0000000000000000
miniFE.c 25 Ap 103510167373477979830438243531668972184467173156180702091305648071376896.0000000000000000
miniFE.c 57 sum 144065684379053593285696941143737608362491093487382292306894521084066254209569084921640073454046654381446734769070583355434497861627418771456.0000000000000000
miniFE.c 57 sum 321224318603226350334407843246645792616210559729591324864693312253033812440468156800667923584154343749251591951790609215927351134042831454208.0000000000000000
miniFE.c 57 sum 488927397909756160357946741558028207859209462149389054129111646445890015975838480033904413724132965247368265907443699711357418806055371014144.0000000000000000
miniFE.c 57 sum 609847545410184775397407484639690618854160472767637003437872544183937871264098443242521031609675609939897286900502314770694815206118092963840.0000000000000000
miniFE.c 57 sum 711523721509479267610357262215954889721473465787447752424036703153514784710721583005838226677668843940169519948169158392954677625012388626432.0000000000000000
miniFE.c 57 sum -176982707083759157531764199491246944787160376565624601649342648487682086129138060369174237505018740627799340955924845646620770021872792240128.0000000000000000
miniFE.c 57 sum -102170245237400883738346839206229216874575167903980248022530737689093114770930623447914899870024166286700562519251882829628256619964605136896.0000000000000000
miniFE.c 57 sum -21153791001287955166461289857048673274508949854856999017108761448780985319561963066406054734070889115122918784800747465736192.0000000000000000
miniFE.c 90 p_ap_dot -21153791001287955166461289857048673274508949854856999017108761448780985319561963066406054734070889115122918784800747465736192.0000000000000000
miniFE.c 91 alpha -0.0000000000000000
miniFE.c 40 y -73911983653537280.0000000000000000
miniFE.c 40 y -85786733963881104.0000000000000000
miniFE.c 40 y -78687736590915296.0000000000000000
miniFE.c 40 y -75640531264771200.0000000000000000
miniFE.c 40 y -58699286517872104.0000000000000000
miniFE.c 40 y 0.2816889384302038
miniFE.c 40 y -53239176840743664.0000000000000000
miniFE.c 40 y -69122345000702352.0000000000000000
miniFE.c 40 y 9558720553080016896.0000000000000000
miniFE.c 40 y 10127360421485275136.0000000000000000
miniFE.c 40 y 10451727074036908032.0000000000000000
miniFE.c 40 y 7839677083818515456.0000000000000000
miniFE.c 40 y 8494551600396988416.0000000000000000
miniFE.c 40 y 15468380905758155226549570814896766976.0000000000000000
miniFE.c 40 y 6891229141251668992.0000000000000000
miniFE.c 40 y 7248698716018763776.0000000000000000
miniFE.c 82 oldrtrans 1369310456448981657081476961022992476014151473880386424183951865470255104.0000000000000000
miniFE.c 48 sum 91369138611874351412472028641756184576.0000000000000000
miniFE.c 48 sum 193932567718540755030140133876946698240.0000000000000000
miniFE.c 48 sum 303171166548696885046819211734604054528.0000000000000000
miniFE.c 48 sum 364631703327246053640014254161635835904.0000000000000000
miniFE.c 48 sum 436789110219053083858311726611071762432.0000000000000000
miniFE.c 48 sum 239270807845623488746913528409726563137439593842405853131583414800553607168.0000000000000000
miniFE.c 48 sum 239270807845623488746913528409726563137439593842405853131583414800553607168.0000000000000000
miniFE.c 48 sum 239270807845623488746913528409726563137439593842405853131583414800553607168.0000000000000000
miniFE.c 83 rtrans 239270807845623488746913528409726563137439593842405853131583414800553607168.0000000000000000
miniFE.c 84 beta 174.7381733037531433
miniFE.c 40 y 184427471041654309180567414342483416851929834366806456954950083816718336.0000000000000000
miniFE.c 40 y 214057715837323506241973171398519024098839650266374021867619222091202560.0000000000000000
miniFE.c 40 y 196344077700312515201741042979040489033999846049345530927141920777961472.0000000000000000
miniFE.c 40 y 188740596583099674868526229583918136513253320789508426894145770315841536.0000000000000000
miniFE.c 40 y 146468277934284986076741830308702340407953600643425621939030118788759552.0000000000000000
miniFE.c 40 y -702878964507462165064011510756623253073531989315813376.0000000000000000
miniFE.c 40 y 132844043140599141133800423775808250885051489565677355157000299984453632.0000000000000000
miniFE.c 40 y 172476216315676910732969543427947134336046507712285962570522278762643456.0000000000000000
miniFE.c 87 normr 15468380905758155226549570814896766976.0000000000000000
miniFE.c 25 Ap 12374107685573195256055293024578055745064205794465435668963622228378779648.0000000000000000
miniFE.c 25 Ap 15603714176154606391231938034353341476583715231876903660552430380885475328.0000000000000000
miniFE.c 25 Ap 17433486457532367711675417622540272671716053703922364537254189836024152064.0000000000000000
miniFE.c 25 Ap 20022344963158487732834847029193847148068488762419569130087254829454852096.0000000000000000
miniFE.c 25 Ap 22082188407742291187626139869468417363942907142553108326007013478424903680.0000000000000000
miniFE.c 25 Ap 22082188407742291187626139869468417363942907142553108326007013478424903680.0000000000000000
miniFE.c 25 Ap 22745977145993165822914237929819521654415475036944465735579733706214998016.0000000000000000
miniFE.c 25 Ap 23851215606145650175898257289317115543535159151248532562713652810955620352.0000000000000000
miniFE.c 25 Ap 2782558690714511694264928552105142101891062452180536802322162864690823168.0000000000000000
miniFE.c 25 Ap 17003823394135280292217764261856189549918905145926140851962004233078702080.0000000000000000
miniFE.c 25 Ap 19829601470075846196869692115643305027096839572409723326827644186886406144.0000000000000000
miniFE.c 25 Ap 20955215659827682704381373909698523521297429240812217052703076924491038720.0000000000000000
miniFE.c 25 Ap 22556642688132760416627317989931605946188641184856939277444009153307607040.0000000000000000
miniFE.c 25 Ap 22556642688132760416627317989931605946188641184856939277444009153307607040.0000000000000000
miniFE.c 25 Ap 24070720713863855173213854153790695888425719860604487142453634478689484800.0000000000000000
miniFE.c 25 Ap 25270103419453874347955331252545907844566971203945286184063594072956207104.0000000000000000
miniFE.c 25 Ap 1718718885688508241391740445303683306218175883287690196969013205444591616.0000000000000000
miniFE.c 25 Ap 4799431110287793006689326044437796636356556096134561302945797494437576704.0000000000000000
miniFE.c 25 Ap 18086837895545737371133211318380693030459565246127017418469204277090844672.0000000000000000
miniFE.c 25 Ap 19901045539506892394883843292535144863030054613890569271416056880247603200.0000000000000000
miniFE.c 25 Ap 22361446036537037915323541352840157308146778073474494312464009865465954304.0000000000000000
miniFE.c 25 Ap 22361446036537037915323541352840157308146778073474494312464009865465954304.0000000000000000
miniFE.c 25 Ap 23949190069510889156913076761865652751049406997200963053071290431617105920.0000000000000000
miniFE.c 25 Ap 26079473138182586879718451579174390516425127027199634282509796107721113600.0000000000000000
miniFE.c 25 Ap 2529697562268140800749553736547598031809087185722263860074600594709413888.0000000000000000
miniFE.c 25 Ap 3806298392902224309146424597142522120078092372424468026587223009334919168.0000000000000000
miniFE.c 25 Ap 5693592027971225930995095130116050691960218187626403394320506846005166080.0000000000000000
miniFE.c 25 Ap 18037549790926102730158192449661981917436891278923049779383084582235537408.0000000000000000
miniFE.c 25 Ap 18574811838836189330549643183016326669259301751038180419044155866220593152.0000000000000000
miniFE.c 25 Ap 18574811838836189330549643183016326669259301751038180419044155866220593152.0000000000000000
miniFE.c 25 Ap 18747540047581018463916969413784757167712864988669313493439424994620735488.0000000000000000
miniFE.c 25 Ap 19561805094141385275344494199853542218814048104519054335929136061930799104.0000000000000000
miniFE.c 25 Ap 2593679140521911429726394095965203811524880411679248457732279863775068160.0000000000000000
miniFE.c 25 Ap 4934102722978030587242847897730416753031757220055894573724861324184256512.0000000000000000
miniFE.c 25 Ap 8232325882121866282998892443248468568491503798852070595454919286592634880.0000000000000000
miniFE.c 25 Ap 8924647529335493633712475865249649828268576114670677562736101603367976960.0000000000000000
miniFE.c 25 Ap 18673760658671700380045811338979098119188203385428257241456647863984455680.0000000000000000
miniFE.c 25 Ap 18673760658671700380045811338979098119188203385428257241456647863984455680.0000000000000000
miniFE.c 25 Ap 20540572829951871092762908994299331860301889167706348672081458291183452160.0000000000000000
miniFE.c 25 Ap 21195868272696241179820528772770923010680375344650997660073989651304546304.0000000000000000
miniFE.c 25 Ap 2961241246033218107358189466678663885720958917923067719726712493405372416.0000000000000000
miniFE.c 25 Ap 5027383258647477144773016729998876369957500673614336715069318170408910848.0000000000000000
miniFE.c 25 Ap 8203384192863645821570232027799321054768972300645641953261265274003259392.0000000000000000
miniFE.c 25 Ap 38597183170329665479127486760909249173189378905691082153653432062362426696526006537074769920.0000000000000000
miniFE.c 25 Ap 38597183170329665479127486760909249173189378905691082153653432062362426696526006537074769920.0000000000000000
miniFE.c 25 Ap 38597183170329665479127486760909249173189378905691082153653432062362426696526006537074769920.0000000000000000
miniFE.c 25 Ap 38597183170329665479127486760909249173189378905691082153653432062362426696526006537074769920.0000000000000000
miniFE.c 25 Ap 38597183170329665479127486760909249173189378905691082153653432062362426696526006537074769920.0000000000000000
miniFE.c 25 Ap 921538334782328214450822062436506782924495463992885924466755484925296640.0000000000000000
miniFE.c 25 Ap 3361241885843797752215905211971702066332873445415028174217698063941632000.0000000000000000
miniFE.c 25 Ap 5707934521873271300193132103240536218090546113915612863906767639469359104.0000000000000000
miniFE.c 25 Ap 5953341273990304563369268416691165697400186443860234171586713220919853056.0000000000000000
miniFE.c 25 Ap 8011610184586314171790289063879568774266459261120407217475359427283386368.0000000000000000
miniFE.c 25 Ap 8011610184586314171790289063879568774266459261120407217475359427283386368.0000000000000000
miniFE.c 25 Ap 16733910937920401877349030819662131598647972375694899700702300863941574656.0000000000000000
miniFE.c 25 Ap 17195208409601011082004165020280700121061786423432519055100484862307467264.0000000000000000
miniFE.c 25 Ap 1181822853365596437032538623162830539525738448300325349576792066073034752.0000000000000000
miniFE.c 25 Ap 2670359231642191854229997532668331384862870875401926612584451044586553344.0000000000000000
miniFE.c 25 Ap 5095438313811961281671090534526665812874642142142891225044165163942412288.0000000000000000
miniFE.c 25 Ap 5986487955017479552660894218222292337924139470785728490674273973010694144.0000000000000000
miniFE.c 25 Ap 6542970449167770060615826271246855016968199368795207091850987074316402688.0000000000000000
miniFE.c 25 Ap 6542970449167770060615826271246855016968199368795207091850987074316402688.0000000000000000
miniFE.c 25 Ap 6898269414657761549873249932277185697547185744778250004279708139642683392.0000000000000000
miniFE.c 25 Ap 18087177565207292140009248528833407967989148733079554489044764320344309760.0000000000000000
miniFE.c 57 sum 4398819375510680035572057209842577153092389449518641966608791840942468406713112029711554638023474209215887861496155167971375857004969971920404480.0000000000000000
miniFE.c 57 sum 9808079992451915261419774890211138119238504427300526128106068620955907001736061174437502205470968597981901469324586596416692760576126676973387776.0000000000000000
miniFE.c 57 sum 14928630092678449661188902268959448746299954668977182642693468198697132098822924934852746377435849573620590733834906857083125552857026050666790912.0000000000000000
miniFE.c 57 sum 18620736856389012125428881143646699078200231408052946018081682977732833266490687131423600216866105182406657072283123178992566968659684371852165120.0000000000000000
miniFE.c 57 sum 21725259181612778743722867014595055594093015903792380841787421466674503491757365584578825262910326014401082330451241678187977953554886581569978368.0000000000000000
miniFE.c 57 sum -5403888958053383423146008562557426733118152435157305088137930233412877209061865626406076523569463167523765397875389042548650083779914648120197120.0000000000000000
miniFE.c 57 sum -3119607950276753425684612683296904107665498559713844624609760872282023056142765855437676157647322868898521423158149601475091771120999326598299648.0000000000000000
miniFE.c 57 sum -2079502270590611144683810638107312777577327806531862431377859685460965980854219217279980804578104683573043408221052678871730618368.0000000000000000
miniFE.c 90 p_ap_dot -2079502270590611144683810638107312777577327806531862431377859685460965980854219217279980804578104683573043408221052678871730618368.0000000000000000
miniFE.c 91 alpha -0.0000000000000000
miniFE.c 40 y -95132499066838016.0000000000000000
miniFE.c 40 y -110416552030604672.0000000000000000
miniFE.c 40 y -101279395542898432.0000000000000000
miniFE.c 40 y -97357321698896096.0000000000000000
miniFE.c 40 y -75552157361403424.0000000000000000
miniFE.c 40 y 0.3625632995856886
miniFE.c 40 y -68524421761732560.0000000000000000
miniFE.c 40 y -88967730214101328.0000000000000000
miniFE.c 40 y 12303079002163009536.0000000000000000
miniFE.c 40 y 13034978338054277120.0000000000000000
miniFE.c 40 y 13452472345735462912.0000000000000000
miniFE.c 40 y 10090489200731707392.0000000000000000
miniFE.c 40 y 10933381601364983808.0000000000000000
miniFE.c 40 y 19909433617428119098217050479540568064.0000000000000000
miniFE.c 40 y 8869736914686589952.0000000000000000
miniFE.c 40 y 9329837865939116032.0000000000000000
miniFE.c 82 oldrtrans 239270807845623488746913528409726563137439593842405853131583414800553607168.0000000000000000
miniFE.c 48 sum 151365752933464362284939645292038324224.0000000000000000
miniFE.c 48 sum 321276413207008594893302573250472050688.0000000000000000
miniFE.c 48 sum 502245425419785927193968474980175839232.0000000000000000
miniFE.c 48 sum 604063397729869179620626156463872540672.0000000000000000
miniFE.c 48 sum 723602230970935541794806334324478050304.0000000000000000
miniFE.c 48 sum 396385546966776904137398625853808822945552614060097010208554076376697667584.0000000000000000
miniFE.c 48 sum 396385546966776904137398625853808822945552614060097010208554076376697667584.0000000000000000
miniFE.c 48 sum 396385546966776904137398625853808822945552614060097010208554076376697667584.0000000000000000
miniFE.c 83 rtrans 396385546966776904137398625853808822945552614060097010208554076376697667584.0000000000000000
miniFE.c 84 beta 1.6566398155119832
miniFE.c 40 y 305529891601787811197389352846117226389689904368186405224108032668991488.0000000000000000
miniFE.c 40 y 354616534873660167610939766358257798643729182476199919461736126326243328.0000000000000000
miniFE.c 40 y 325271416658316236790682138838280552582409200059715843063430745910411264.0000000000000000
miniFE.c 40 y 312675187103047879403092450299566720350214801193319948918072357574148096.0000000000000000
miniFE.c 40 y 242645180935411790578742088072384524708554591178702293803536965588484096.0000000000000000
miniFE.c 40 y -1164417278088895976543436760209164030037996594582781952.0000000000000000
miniFE.c 40 y 220074731120308115925834101690236118312240915124057554440959353000296448.0000000000000000
miniFE.c 40 y 285730967177407922969290648578429889190254728077862283758816463702458368.0000000000000000
miniFE.c 87 normr 19909433617428119098217050479540568064.0000000000000000
miniFE.c 25 Ap 20499439473353391199246777509990398214422378710367076568303975738130825216.0000000000000000
miniFE.c 25 Ap 25849734174086484234274026241734255412000805707883500220056565969301012480.0000000000000000
miniFE.c 25 Ap 28881007788737083579035850953326623436375248396444947243855612269654179840.0000000000000000
miniFE.c 25 Ap 33169813865884171591176644569732074292009386094724243019292427904559874048.0000000000000000
miniFE.c 25 Ap 36582232529903053410591550332603507205549395484684037903955291366901153792.0000000000000000
miniFE.c 25 Ap 36582232529903053410591550332603507205549395484684037903955291366901153792.0000000000000000
miniFE.c 25 Ap 37681891382777912858033536801299810473127695971348756918763394134641213440.0000000000000000
miniFE.c 25 Ap 39512873421501673762103594693062255150758177184693321055099690301456908288.0000000000000000
miniFE.c 25 Ap 4609697516036553598185073304810644560276911398494579287978288760158683136.0000000000000000
miniFE.c 25 Ap 28169210850658612050867178039442972410132146387007411048365482825801007104.0000000000000000
miniFE.c 25 Ap 32850507321062598442740666868164725718639609961558067096389015631516663808.0000000000000000
miniFE.c 25 Ap 34715244604710749048861064921517456675343301482403964156065859265437368320.0000000000000000
miniFE.c 25 Ap 37368232381437980029097139515771064742748113545265693405660955475183665152.0000000000000000
miniFE.c 25 Ap 37368232381437980029097139515771064742748113545265693405660955475183665152.0000000000000000
miniFE.c 25 Ap 39876514322655891558280258495652196243048084462669256919020824054630187008.0000000000000000
miniFE.c 25 Ap 41863459466772805344637584271239265140435421470476555555831472029941366784.0000000000000000
miniFE.c 25 Ap 2847298137703971668889490894999554802810968802556199356359265341405134848.0000000000000000
miniFE.c 25 Ap 7950928669109642094769397369255836754801752035893466112172808538240843776.0000000000000000
miniFE.c 25 Ap 29963375794472038247986647588856722064217048853197959154520097022040604672.0000000000000000
miniFE.c 25 Ap 32968864411064277155631178507211862362188093847382327891235255690951917568.0000000000000000
miniFE.c 25 Ap 37044861836549889868550525154051682681401389885380846366851644094609883136.0000000000000000
miniFE.c 25 Ap 37044861836549889868550525154051682681401389885380846366851644094609883136.0000000000000000
miniFE.c 25 Ap 39675181818415944380886365947547709126602086109772796992764826306989785088.0000000000000000
miniFE.c 25 Ap 43204293568288529800623645280312942714323387858509509279922616499840221184.0000000000000000
miniFE.c 25 Ap 4190797702857006912320696683542360353401790631586091171936931220675362816.0000000000000000
miniFE.c 25 Ap 6305665467401099151435177313006251792983835647876246648885166879727943680.0000000000000000
miniFE.c 25 Ap 9432231246818749614438222464259075383391174547772172840604332162772107264.0000000000000000
miniFE.c 25 Ap 29881723157928028501668668614592871247173624602334459501283089831304364032.0000000000000000
miniFE.c 25 Ap 30771772857859384747551471375348085951083095587049066254946015943304675328.0000000000000000
miniFE.c 25 Ap 30771772857859384747551471375348085951083095587049066254946015943304675328.0000000000000000
miniFE.c 25 Ap 31057921285728138761431182295110133301365188559395055522101072515496411136.0000000000000000
miniFE.c 25 Ap 32406865182239762759830120250766248325585592687924280767907003979238735872.0000000000000000
miniFE.c 25 Ap 4296792132851498797224160543442099357152283555209126906891486286355365888.0000000000000000
miniFE.c 25 Ap 8174031024711497940856878509562283580235007190065043699964617329618190336.0000000000000000
miniFE.c 25 Ap 13637998830592892264563612694509345171361844856438269532227053476168859648.0000000000000000
miniFE.c 25 Ap 14784926436507826087242023508066189318037106433620209134095106745630195712.0000000000000000
miniFE.c 25 Ap 30935695412496810236545672875617866212314097097438866328510967838888951808.0000000000000000
miniFE.c 25 Ap 30935695412496810236545672875617866212314097097438866328510967838888951808.0000000000000000
miniFE.c 25 Ap 34028330783521918280727856960357314125520294340629001112628445364380237824.0000000000000000
miniFE.c 25 Ap 35113919304895799846075666946213188866383820942789650245750870507872321536.0000000000000000
miniFE.c 25 Ap 4905710151514946095277833301131700140085204173903678544264275419409154048.0000000000000000
miniFE.c 25 Ap 8328563274113790494266417169538622533037150352556214700056878277751472128.0000000000000000
miniFE.c 25 Ap 13590052875839549756933118477996546668930853191037905444332230104424906752.0000000000000000
miniFE.c 25 Ap 63941630406577155344747466547313448681786449664229079190221276115493960958735099554739257344.0000000000000000
miniFE.c 25 Ap 63941630406577155344747466547313448681786449664229079190221276115493960958735099554739257344.0000000000000000
miniFE.c 25 Ap 63941630406577155344747466547313448681786449664229079190221276115493960958735099554739257344.0000000000000000
miniFE.c 25 Ap 63941630406577155344747466547313448681786449664229079190221276115493960958735099554739257344.0000000000000000
miniFE.c 25 Ap 63941630406577155344747466547313448681786449664229079190221276115493960958735099554739257344.0000000000000000
miniFE.c 25 Ap 1526657096921016397509353259644772576064753066609241885737884597071380480.0000000000000000
miniFE.c 25 Ap 5568367137655420148125245550968710287467403768289898186209959948494831616.0000000000000000
miniFE.c 25 Ap 9455991593270617254364651700853510491175193367518944672321702254811807744.0000000000000000
miniFE.c 25 Ap 9862542189823174822249486725302349802853191976118859358329287641176997888.0000000000000000
miniFE.c 25 Ap 13272352418146997735077108939087355150167857087100657692354988818888130560.0000000000000000
miniFE.c 25 Ap 13272352418146997735077108939087355150167857087100657692354988818888130560.0000000000000000
miniFE.c 25 Ap 27722063128990411787124346925091430287577579911515307239040069414284165120.0000000000000000
miniFE.c 25 Ap 28486266887371515306573699333835531238047065671368815041395075825153343488.0000000000000000
miniFE.c 25 Ap 1957854793767427160374047771410339262027267146652580595513829221858279424.0000000000000000
miniFE.c 25 Ap 4423823424858442310051876933544015691256700726787818173301172588525912064.0000000000000000
miniFE.c 25 Ap 8441305988146138293192627163928343430584814716066543216296430618365919232.0000000000000000
miniFE.c 25 Ap 9917454301364866823088375568566719525224655436825660891291512030629986304.0000000000000000
miniFE.c 25 Ap 10839345357809653096566182432461403055666115753532589921664050330377125888.0000000000000000
miniFE.c 25 Ap 10839345357809653096566182432461403055666115753532589921664050330377125888.0000000000000000
miniFE.c 25 Ap 11427947770450591595550887302128152941355876872172862635056588276113604608.0000000000000000
miniFE.c 25 Ap 29963938504757487351457354179482819692122129348128527253647335220941160448.0000000000000000
miniFE.c 57 sum 12072363933346568617881808047041330324260317514436089371055000451899700349704781648001415585314226080104219560731789917960865719497950724131651584.0000000000000000
miniFE.c 57 sum 26917838867277464860317097027589311162805030894486065428959547736568285569791802234079972533990343750050928269474112856381633735481981704840675328.0000000000000000
miniFE.c 57 sum 40970960641956456147129937710649774157200000999356228948703431221166013448165779647994578355090409439605461942914177968501735611008238338804023296.0000000000000000
miniFE.c 57 sum 51103783276236522724279922064552863404806278533006801417373358190017554556643857298032886739761558762000896524019022196505784350182624911251472384.0000000000000000
miniFE.c 57 sum 59624006579324417971672088385127830474744934365217023783996136876372084556556216251281992731524045834547778493893123691027727293344848358389317632.0000000000000000
miniFE.c 57 sum -14830732655268343626218728160311898613020980662342469566440176917773437026001894155946048639469697162028945564623108477094842313175085010602950656.0000000000000000
miniFE.c 57 sum -8561625129408721297635250089816789132146602550130867419869405633741989250248358767956787222098776677143647684072211844436461830799986585262620672.0000000000000000
miniFE.c 57 sum 9704343929422852008524449644500792962027529763815358013096678532151174577319689680639910421364488523340869238364912501401409552384.0000000000000000
miniFE.c 90 p_ap_dot 9704343929422852008524449644500792962027529763815358013096678532151174577319689680639910421364488523340869238364912501401409552384.0000000000000000
miniFE.c 91 alpha 0.0000000000000000
miniFE.c 40 y -82652764828433152.0000000000000000
miniFE.c 40 y -95931815075520400.0000000000000000
miniFE.c 40 y -87993295076709248.0000000000000000
miniFE.c 40 y -84585729310563248.0000000000000000
miniFE.c 40 y -65641024423057952.0000000000000000
miniFE.c 40 y 0.3150012816863206
miniFE.c 40 y -59535205870053232.0000000000000000
miniFE.c 40 y -77296706749385888.0000000000000000
miniFE.c 40 y 10689128377853009920.0000000000000000
miniFE.c 40 y 11325015212330110976.0000000000000000
miniFE.c 40 y 11687741245732315136.0000000000000000
miniFE.c 40 y 8766791991094097920.0000000000000000
miniFE.c 40 y 9499111524887369728.0000000000000000
miniFE.c 40 y 17297661165112946782013218658583576576.0000000000000000
miniFE.c 40 y 7706181236599252992.0000000000000000
miniFE.c 40 y 8105924921399284736.0000000000000000
miniFE.c 82 oldrtrans 396385546966776904137398625853808822945552614060097010208554076376697667584.0000000000000000
miniFE.c 48 sum 114257465478222518052536698763166613504.0000000000000000
miniFE.c 48 sum 242513435037730969443956484433439096832.0000000000000000
miniFE.c 48 sum 379116730464923337741543794433371144192.0000000000000000
miniFE.c 48 sum 455973372280034978170761356561277255680.0000000000000000
miniFE.c 48 sum 546206492042283044596054450762099458048.0000000000000000
miniFE.c 48 sum 299209081783056593405873904337414170374048964344372101182343487120960651264.0000000000000000
miniFE.c 48 sum 299209081783056593405873904337414170374048964344372101182343487120960651264.0000000000000000
miniFE.c 48 sum 299209081783056593405873904337414170374048964344372101182343487120960651264.0000000000000000
miniFE.c 83 rtrans 299209081783056593405873904337414170374048964344372101182343487120960651264.0000000000000000
miniFE.c 84 beta 0.7548435710450735
miniFE.c 40 y 230627274437707706420437101950937816859461598021667233602311688919449600.0000000000000000
miniFE.c 40 y 267680011535663496446555240830832831422992703998296152068925929197404160.0000000000000000
miniFE.c 40 y 245529037709253426906452695787757674480237195416912003813824646831144960.0000000000000000
miniFE.c 40 y 236020854810051165641193155525306140165598604820422309414269298401083392.0000000000000000
miniFE.c 40 y 183159154874164232859024032567760777050059032877320285983513675311349760.0000000000000000
miniFE.c 40 y -878952896379206597815156742203624538933476882825347072.0000000000000000
miniFE.c 40 y 166121995935637752768203193066178974330021461297206355783493624608587776.0000000000000000
miniFE.c 40 y 215682183622357269184362636773570876120771594452887288319455939430187008.0000000000000000
miniFE.c 87 normr 17297661165112946782013218658583576576.0000000000000000
miniFE.c 25 Ap 15473870096488413260966591171195453610154553470625583382411110343862386688.0000000000000000
miniFE.c 25 Ap 19512505654533314742013123036512013501027141699289892937138900793447940096.0000000000000000
miniFE.c 25 Ap 21800643054630879477687771258577459735437473257560722232816954573081018368.0000000000000000
miniFE.c 25 Ap 25038020749424398489361474124118576488307088318155581406396063285138948096.0000000000000000
miniFE.c 25 Ap 27613863039673268394890265007802032483936316144227485594598949508454809600.0000000000000000
miniFE.c 25 Ap 27613863039673268394890265007802032483936316144227485594598949508454809600.0000000000000000
miniFE.c 25 Ap 28443933455108658979445981709898984141929283595130606954946403342913372160.0000000000000000
miniFE.c 25 Ap 29826038475738292345856664178169450708539766394205808807635241623944691712.0000000000000000
miniFE.c 25 Ap 3479600534442637133609903526941685102139670305595725421391692148865236992.0000000000000000
miniFE.c 25 Ap 21263347712032784389854593561561955497714535234423939775004447558162448384.0000000000000000
miniFE.c 25 Ap 24796994256873228607589779490758477757085160963039561969660123160252514304.0000000000000000
miniFE.c 25 Ap 26204579207123087209896010707283336174230905530161928318452984549551898624.0000000000000000
miniFE.c 25 Ap 28207169974446798323077955455129457605297177556783068668617862521290752000.0000000000000000
miniFE.c 25 Ap 28207169974446798323077955455129457605297177556783068668617862521290752000.0000000000000000
miniFE.c 25 Ap 30100530472143597620204965142891516459290583543918671378369042613069152256.0000000000000000
miniFE.c 25 Ap 31600363240199472668024770889028583456936114488183060082405637582248476672.0000000000000000
miniFE.c 25 Ap 2149264694094453362853971317255741833292827557083997896770598588599238656.0000000000000000
miniFE.c 25 Ap 6001707389715376057904759747737389225830917160835012233825596883681148928.0000000000000000
miniFE.c 25 Ap 22617661585264787162655452230984288619799045630832343263961198632619737088.0000000000000000
miniFE.c 25 Ap 24886335345348591890881975849511807533589446234824312939650967413620473856.0000000000000000
miniFE.c 25 Ap 27963075797572678113912238023397813049919218950064971548244645239511318528.0000000000000000
miniFE.c 25 Ap 27963075797572678113912238023397813049919218950064971548244645239511318528.0000000000000000
miniFE.c 25 Ap 29948555925675662773431463047879848306621334431463104268446550395654766592.0000000000000000
miniFE.c 25 Ap 32612483241566614379155114164716064943524625030313061807172302860848201728.0000000000000000
miniFE.c 25 Ap 3163396703552073589976864624127984611100596881427377250770917899450187776.0000000000000000
miniFE.c 25 Ap 4759791039228647705231179614788209012607633720468754107933296506196459520.0000000000000000
miniFE.c 25 Ap 7119859117271590331860358978231631246551146192263924177911438844541009920.0000000000000000
miniFE.c 25 Ap 22556026617510659693373258255824379242573639085536108608304505753794772992.0000000000000000
miniFE.c 25 Ap 23227874911414439463211331273703704600054508009712506464544988089383124992.0000000000000000
miniFE.c 25 Ap 23227874911414439463211331273703704600054508009712506464544988089383124992.0000000000000000
miniFE.c 25 Ap 23443872212555820794116683699300560370992656355671855781930462389660024832.0000000000000000
miniFE.c 25 Ap 24462113840538110246472174080748276690748926250864962591929314428491661312.0000000000000000
miniFE.c 25 Ap 3243405917600002961087745036937010338683015692666647425537754961134223360.0000000000000000
miniFE.c 25 Ap 6170114768526448816661619814553019860621831272552621384008475613163683840.0000000000000000
miniFE.c 25 Ap 10294555739193275366108567021705961974575655029488977704914255721541926912.0000000000000000
miniFE.c 25 Ap 11160306668972281894508986630198792502042354026444955258082930151315734528.0000000000000000
miniFE.c 25 Ap 23351610797931793639947584438732210731848627986403037797950385836053757952.0000000000000000
miniFE.c 25 Ap 23351610797931793639947584438732210731848627986403037797950385836053757952.0000000000000000
miniFE.c 25 Ap 25686066725336691496334763447021364703836700138998414371067400409288015872.0000000000000000
miniFE.c 25 Ap 26505516241496090315650263256531920964524793349672803316923678196022378496.0000000000000000
miniFE.c 25 Ap 3703043769281610156151902464579932975554165981207097438125172306913263616.0000000000000000
miniFE.c 25 Ap 6286762443506902910398283130985170916036707020178372719485511704007147520.0000000000000000
miniFE.c 25 Ap 10258364043490097366923699070101715627340340680181453419436619305815375872.0000000000000000
miniFE.c 25 Ap 48265928634544955329578558487330104228463472592633337969476818708450003110999060440164597760.0000000000000000
miniFE.c 25 Ap 48265928634544955329578558487330104228463472592633337969476818708450003110999060440164597760.0000000000000000
miniFE.c 25 Ap 48265928634544955329578558487330104228463472592633337969476818708450003110999060440164597760.0000000000000000
miniFE.c 25 Ap 48265928634544955329578558487330104228463472592633337969476818708450003110999060440164597760.0000000000000000
miniFE.c 25 Ap 48265928634544955329578558487330104228463472592633337969476818708450003110999060440164597760.0000000000000000
miniFE.c 25 Ap 1152387294801164836109970086809754463839477577984372020538489764289970176.0000000000000000
miniFE.c 25 Ap 4203246135077851122486866751947849762247740103457262455215699523501293568.0000000000000000
miniFE.c 25 Ap 7137794462036585138708372926906367353432381860530240104305989547695538176.0000000000000000
miniFE.c 25 Ap 7444676566148822556585087143179275748946948819916215543483879651379511296.0000000000000000
miniFE.c 25 Ap 10018549895482794434837760064896594603455748255508999545409600247660806144.0000000000000000
miniFE.c 25 Ap 10018549895482794434837760064896594603455748255508999545409600247660806144.0000000000000000
miniFE.c 25 Ap 20925821129024085128734109239372771744717706168285363517745836194757869568.0000000000000000
miniFE.c 25 Ap 21502675423006545965702187901982983299057407714686948548825405814342680576.0000000000000000
miniFE.c 25 Ap 1477874104115120533524531607032794444759717101181194922926761303515070464.0000000000000000
miniFE.c 25 Ap 3339294671692994172803790803054496306627929437635584377043983712068304896.0000000000000000
miniFE.c 25 Ap 6371865556376393463550799992050331551747054544667966761119391803101937664.0000000000000000
miniFE.c 25 Ap 7486126620518579409813974582301918559048274222528099968706511761636851712.0000000000000000
miniFE.c 25 Ap 8182010157679877029983784496414656160612626055717972252311773684669874176.0000000000000000
miniFE.c 25 Ap 8182010157679877029983784496414656160612626055717972252311773684669874176.0000000000000000
miniFE.c 25 Ap 8626312904763507843459546567033010279635636502108500268730434789081874432.0000000000000000
miniFE.c 25 Ap 22618086343506120508929500706510700348997776887620217054330331858422726656.0000000000000000
miniFE.c 57 sum 6878697960933724372672927101533217177328384403889338792009113806825161673083262870272520631646803960688878355753453138184547777823306817422229504.0000000000000000
miniFE.c 57 sum 15337483557601476808661252052744952868763640820104179672104031135123701959237698913115946734818384849125604433226444247467107584333247726026227712.0000000000000000
miniFE.c 57 sum 23344795185212479727818018466129304623188441695344465174672298084787697890115035728414518727909286639558766147689556891700923623600362783330271232.0000000000000000
miniFE.c 57 sum 29118364204317066032635221947822367281178730532073602270268589388366864819823941745480904797322849093180137220414576843120555160171636300412092416.0000000000000000
miniFE.c 57 sum 33973092158612926321689667559016002531558189054854753351245419770525289079878677375143422227038451604421236869051228768073432644965411604721041408.0000000000000000
miniFE.c 57 sum -8450385611152449099634592613345388150624761460110852206305552104264531892570867931053297794617119607920077142905173896869925830934405367342301184.0000000000000000
miniFE.c 57 sum -4878318251926417647798182259806786059419137553410327255558188574981126854515701713286249681945547693806707493971119489186110156097410547419447296.0000000000000000
miniFE.c 57 sum 693167423530203714894603546035770925859109268843954143792619895153655326951406405759993601526034894524347802740350892957243539456.0000000000000000
miniFE.c 90 p_ap_dot 693167423530203714894603546035770925859109268843954143792619895153655326951406405759993601526034894524347802740350892957243539456.0000000000000000
miniFE.c 91 alpha 0.0000000000000000
miniFE.c 40 y 16898617242003552.0000000000000000
miniFE.c 40 y 19613560752104560.0000000000000000
miniFE.c 40 y 17990505416855184.0000000000000000
miniFE.c 40 y 17293817898553952.0000000000000000
miniFE.c 40 y 13420513510960928.0000000000000000
miniFE.c 40 y -0.0644030009281250
miniFE.c 40 y 12172159739728632.0000000000000000
miniFE.c 40 y 15803554353404016.0000000000000000
miniFE.c 40 y -2185425853362837504.0000000000000000
miniFE.c 40 y -2315434912918953984.0000000000000000
miniFE.c 40 y -2389595389158289408.0000000000000000
miniFE.c 40 y -1792398144275963904.0000000000000000
miniFE.c 40 y -1942123171939622912.0000000000000000
miniFE.c 40 y -3536561127965520927986428074128310272.0000000000000000
miniFE.c 40 y -1575552945931245568.0000000000000000
miniFE.c 40 y -1657281797208824832.0000000000000000
miniFE.c 82 oldrtrans 299209081783056593405873904337414170374048964344372101182343487120960651264.0000000000000000
miniFE.c 48 sum 4776086160546686703974756953465290752.0000000000000000
miniFE.c 48 sum 10137324996510690411363125190574735360.0000000000000000
miniFE.c 48 sum 15847491120397246642993628606959190016.0000000000000000
miniFE.c 48 sum 19060182228001165575340116006808846336.0000000000000000
miniFE.c 48 sum 22832024642985988113721352365816152064.0000000000000000
miniFE.c 48 sum 12507264611836758188623735626162826926957722373915125358249396893464395776.0000000000000000
miniFE.c 48 sum 12507264611836758188623735626162826926957722373915125358249396893464395776.0000000000000000
miniFE.c 48 sum 12507264611836758188623735626162826926957722373915125358249396893464395776.0000000000000000
miniFE.c 83 rtrans 12507264611836758188623735626162826926957722373915125358249396893464395776.0000000000000000
miniFE.c 84 beta 0.0418010861746009
miniFE.c 40 y 9640470572983952333920525571042878117226548287709058245458565894504448.0000000000000000
miniFE.c 40 y 11189315229420433464400777013762102422405410173566049392783547311325184.0000000000000000
miniFE.c 40 y 10263380463651337371394546061964145312031792043517383014749572362665984.0000000000000000
miniFE.c 40 y 9865928090917917443201258516048434145618025811054295085140910312259584.0000000000000000
miniFE.c 40 y 7656251616562013056209702182654104563853025733408412004595021882851328.0000000000000000
miniFE.c 40 y -36741185764962280054780994662653621106539549698293760.0000000000000000
miniFE.c 40 y 6944079867602295274900915413477307515576466441508291226574214907559936.0000000000000000
miniFE.c 40 y 9015749543924251795945276694775151641243798787606785442086141305028608.0000000000000000
miniFE.c 87 normr 3536561127965520927986428074128310272.0000000000000000
miniFE.c 25 Ap 646824577357892170064947362019716188789654580914571006826869073383522304.0000000000000000
miniFE.c 25 Ap 815643930347534444094408273220156852608110755855310655027692088101699584.0000000000000000
miniFE.c 25 Ap 911290558988340003521035464135193350589931797252672418910558831299788800.0000000000000000
miniFE.c 25 Ap 1046616462988134691684658636335478227723126701682862925601230588286599168.0000000000000000
miniFE.c 25 Ap 1154289468535009116647308021698902294441700357461705886109114800042672128.0000000000000000
miniFE.c 25 Ap 1154289468535009116647308021698902294441700357461705886109114800042672128.0000000000000000
miniFE.c 25 Ap 1188987313501610554890489562144811870563393317831669872179017758304894976.0000000000000000
miniFE.c 25 Ap 1246760804571298487074028309835023937466996827675585259414706227750371328.0000000000000000
miniFE.c 25 Ap 145451081793424025894226675943409924909964402447229263919987782072664064.0000000000000000
miniFE.c 25 Ap 888831030071185221888397531117330910038316176318569107857791197888118784.0000000000000000
miniFE.c 25 Ap 1036541293802641392547613302190032195768940677111335393392513386251550720.0000000000000000
miniFE.c 25 Ap 1095379873606107104908439841040978715476026009449317466525769927309131776.0000000000000000
miniFE.c 25 Ap 1179090342843465607972457859995669535154361803094027975947886027576705024.0000000000000000
miniFE.c 25 Ap 1179090342843465607972457859995669535154361803094027975947886027576705024.0000000000000000
miniFE.c 25 Ap 1258234868167274712359085805430119797295880306817768887653614226312790016.0000000000000000
miniFE.c 25 Ap 1320929506952268605806470461239714757329113408959827126485274461879664640.0000000000000000
miniFE.c 25 Ap 89841598689869488382495407902841877922987159587248800352467935219941376.0000000000000000
miniFE.c 25 Ap 250877887792231490955529045380528742767032029208851805388237248621707264.0000000000000000
miniFE.c 25 Ap 945442820993613960455786699265790178897639017991636276188650825150627840.0000000000000000
miniFE.c 25 Ap 1040275848340932976558872989382820149443594153865198190961899112176287744.0000000000000000
miniFE.c 25 Ap 1168886941121232576554818683266587952714121835267332806326060887803166720.0000000000000000
miniFE.c 25 Ap 1168886941121232576554818683266587952714121835267332806326060887803166720.0000000000000000
miniFE.c 25 Ap 1251882167054023189941264720625808740588278404959590882166654199167713280.0000000000000000
miniFE.c 25 Ap 1363237222348454006285781176252863440109239471054426791891668190726455296.0000000000000000
miniFE.c 25 Ap 132233418209628661709915911258418700770952425729999062284645517582401536.0000000000000000
miniFE.c 25 Ap 198964435403889921096328505089841242024201562857121592366497278063542272.0000000000000000
miniFE.c 25 Ap 297617844512087696684028112435903913274150534024039357259906381617561600.0000000000000000
miniFE.c 25 Ap 942866412395154925084677270307841395306375255305122836785756044561219584.0000000000000000
miniFE.c 25 Ap 970950400824885360948041259554121955755609495471844834062733145509199872.0000000000000000
miniFE.c 25 Ap 970950400824885360948041259554121955755609495471844834062733145509199872.0000000000000000
miniFE.c 25 Ap 979979322623377507863897403852517247289083006378035057941874063211233280.0000000000000000
miniFE.c 25 Ap 1022542928661231201078542115125587959474834586253666216286439589174837248.0000000000000000
miniFE.c 25 Ap 135577890260808231999229755935982801163542682531296880920015386768834560.0000000000000000
miniFE.c 25 Ap 257917499146351800603971171504086516591214297018002100468829288036040704.0000000000000000
miniFE.c 25 Ap 430323611583250397228027223819499212263405466094665500359452758317727744.0000000000000000
miniFE.c 25 Ap 466512940804683458547157474304048255751833550266227690842776824254038016.0000000000000000
miniFE.c 25 Ap 976122695280087924161573619323220815663839130055694831696345869320192000.0000000000000000
miniFE.c 25 Ap 976122695280087924161573619323220815663839130055694831696345869320192000.0000000000000000
miniFE.c 25 Ap 1073705488672347943499752517636728895041385140977720810502978224122757120.0000000000000000
miniFE.c 25 Ap 1107959368513062094937072663354998689535119181849821025870249043620265984.0000000000000000
miniFE.c 25 Ap 154791251708059534235571762010313984287107386626691435394686854587482112.0000000000000000
miniFE.c 25 Ap 262793498660276555970197465863569986506851286271841326778928126742233088.0000000000000000
miniFE.c 25 Ap 428810759392356871526415634829875145824541607099286037939564440721555456.0000000000000000
miniFE.c 25 Ap 2017568242149751208964073571691029531430363050358076216232653706694281536940173051113242624.0000000000000000
miniFE.c 25 Ap 2017568242149751208964073571691029531430363050358076216232653706694281536940173051113242624.0000000000000000
miniFE.c 25 Ap 2017568242149751208964073571691029531430363050358076216232653706694281536940173051113242624.0000000000000000
miniFE.c 25 Ap 2017568242149751208964073571691029531430363050358076216232653706694281536940173051113242624.0000000000000000
miniFE.c 25 Ap 2017568242149751208964073571691029531430363050358076216232653706694281536940173051113242624.0000000000000000
miniFE.c 25 Ap 48171040616498711257340671484026266578185346250795962063998781902290944.0000000000000000
miniFE.c 25 Ap 175700253905447460115608513677993112880363585166084256124793600188874752.0000000000000000
miniFE.c 25 Ap 298367561404180460590174954960014014489756863888237608797387598424178688.0000000000000000
miniFE.c 25 Ap 311195566683618926078058457288403794563343071161300380172289221314215936.0000000000000000
miniFE.c 25 Ap 418786267525615245812899235090254402009551696122517821654686324601389056.0000000000000000
miniFE.c 25 Ap 418786267525615245812899235090254402009551696122517821654686324601389056.0000000000000000
miniFE.c 25 Ap 874722052288620165121783031346531832396212372641132863821139342593622016.0000000000000000
miniFE.c 25 Ap 898835188341569567250458871545203274271818811619971077864966236059729920.0000000000000000
miniFE.c 25 Ap 61776742781327265101018866293690612927988477227092397140763405755351040.0000000000000000
miniFE.c 25 Ap 139586144333824485019811889227244618532537408576367393449080155363344384.0000000000000000
miniFE.c 25 Ap 266350901215060978766949992187606648673134097513634141039677356380258304.0000000000000000
miniFE.c 25 Ap 312928223978270991727780178931164803133346513857292566308557668663427072.0000000000000000
miniFE.c 25 Ap 342016911682636464039675432462877824963496335557545895171253840639950848.0000000000000000
miniFE.c 25 Ap 342016911682636464039675432462877824963496335557545895171253840639950848.0000000000000000
miniFE.c 25 Ap 360589249101091250383874618617079056108024672247892831532868460261408768.0000000000000000
miniFE.c 25 Ap 945460576349463269493354401137925316511742382430791507301973852715745280.0000000000000000
miniFE.c 57 sum 12019360848019398767319613901940994367769291991433950718076375082309861881431917156803283463373977350036351761647761340836345487910892604489728.0000000000000000
miniFE.c 57 sum 26799657497151241392548319498343617745704577271749273180769336980441539291224792536037942224846587408521764426896304344378985735942914067922944.0000000000000000
miniFE.c 57 sum 40791079772324678945705895887559670359808270770982102702709854995150234802545451118774163395975205646245688770412167910568935782102210329968640.0000000000000000
miniFE.c 57 sum 50879414776372997561998911768741430142447154786526716765953311845957223900864313919458894562972433935597583292739315255251007645351622098288640.0000000000000000
miniFE.c 57 sum 59362230482636150946924074809196652840365991743297477092411726451903095174640885544625908045156876282405187957030074239440796816825895541014528.0000000000000000
miniFE.c 57 sum -14765619095676253395082442207297691385549219894450209246017588196182201060032227895932218711834532823689641705393461663089344054860118390472704.0000000000000000
miniFE.c 57 sum -8524035760021043175224632913865888460142851792722579787103909781792523465078237543699578412083582418966727944266271394753186535621087970983936.0000000000000000
miniFE.c 57 sum -9476898368577003914574657855957805626980009534975935559664725129053881423163759453749912520863758323575067615590734864649814016.0000000000000000
miniFE.c 90 p_ap_dot -9476898368577003914574657855957805626980009534975935559664725129053881423163759453749912520863758323575067615590734864649814016.0000000000000000
miniFE.c 91 alpha -0.0000000000000000
miniFE.c 40 y 4175476004282248.0000000000000000
miniFE.c 40 y 4846310861185868.0000000000000000
miniFE.c 40 y 4445270438238660.0000000000000000
miniFE.c 40 y 4273126056630966.0000000000000000
miniFE.c 40 y 3316072038774642.0000000000000000
miniFE.c 40 y -0.0159133248080640
miniFE.c 40 y 3007616551441664.0000000000000000
miniFE.c 40 y 3904897130931456.0000000000000000
miniFE.c 40 y -539996443447031296.0000000000000000
miniFE.c 40 y -572120356353142016.0000000000000000
miniFE.c 40 y -590444653813045760.0000000000000000
miniFE.c 40 y -442883304258861312.0000000000000000
miniFE.c 40 y -479878831839435520.0000000000000000
miniFE.c 40 y -873848192193655140584410880531234816.0000000000000000
miniFE.c 40 y -389303066931417344.0000000000000000
miniFE.c 40 y -409497432688091904.0000000000000000
