filename line variable value
miniFE.c 167 A 67.0947100000000063
miniFE.c 167 A 15.0875500000000002
miniFE.c 167 A 9.3192129999999995
miniFE.c 167 A 13.7164900000000003
miniFE.c 167 A 14.0634099999999993
miniFE.c 167 A 16.0564000000000000
miniFE.c 167 A 4.9967519999999999
miniFE.c 167 A 6.4080630000000003
miniFE.c 167 A 15.0875500000000002
miniFE.c 167 A 66.4365899999999954
miniFE.c 167 A 14.3919700000000006
miniFE.c 167 A 5.9638159999999996
miniFE.c 167 A 10.9336099999999998
miniFE.c 167 A 9.6522659999999991
miniFE.c 167 A 11.3974100000000007
miniFE.c 167 A 6.9539020000000002
miniFE.c 167 A 9.3192129999999995
miniFE.c 167 A 14.3919700000000006
miniFE.c 167 A 67.6740900000000067
miniFE.c 167 A 9.6121750000000006
miniFE.c 167 A 16.7981799999999986
miniFE.c 167 A 16.1756899999999995
miniFE.c 167 A 11.9519400000000005
miniFE.c 167 A 12.3511699999999998
miniFE.c 167 A 13.7164900000000003
miniFE.c 167 A 5.9638159999999996
miniFE.c 167 A 9.6121750000000006
miniFE.c 167 A 65.4017099999999942
miniFE.c 167 A 3.6681119999999998
miniFE.c 167 A 11.0858899999999991
miniFE.c 167 A 1.3002330000000000
miniFE.c 167 A 4.7210279999999996
miniFE.c 167 A 14.0634099999999993
miniFE.c 167 A 10.9336099999999998
miniFE.c 167 A 16.7981799999999986
miniFE.c 167 A 3.6681119999999998
miniFE.c 167 A 66.5612600000000043
miniFE.c 167 A 4.4892070000000004
miniFE.c 167 A 14.0526599999999995
miniFE.c 167 A 3.7993380000000001
miniFE.c 167 A 16.0564000000000000
miniFE.c 167 A 9.6522659999999991
miniFE.c 167 A 16.1756899999999995
miniFE.c 167 A 11.0858899999999991
miniFE.c 167 A 4.4892070000000004
miniFE.c 167 A 66.4632699999999943
miniFE.c 167 A 7.6122389999999998
miniFE.c 167 A 3.4261349999999999
miniFE.c 167 A 4.9967519999999999
miniFE.c 167 A 11.3974100000000007
miniFE.c 167 A 11.9519400000000005
miniFE.c 167 A 1.3002330000000000
miniFE.c 167 A 14.0526599999999995
miniFE.c 167 A 7.6122389999999998
miniFE.c 167 A 65.6581999999999937
miniFE.c 167 A 2.6745570000000001
miniFE.c 167 A 6.4080630000000003
miniFE.c 167 A 6.9539020000000002
miniFE.c 167 A 12.3511699999999998
miniFE.c 167 A 4.7210279999999996
miniFE.c 167 A 3.7993380000000001
miniFE.c 167 A 3.4261349999999999
miniFE.c 167 A 2.6745570000000001
miniFE.c 167 A 64.8721800000000002
miniFE.c 175 b 198.0110999999999990
miniFE.c 175 b 229.8237000000000023
miniFE.c 175 b 210.8053999999999917
miniFE.c 175 b 202.6418999999999926
miniFE.c 175 b 157.2561000000000035
miniFE.c 175 b 225.5886000000000138
miniFE.c 175 b 142.6283999999999992
miniFE.c 175 b 185.1795999999999935
miniFE.c 33 r 0.0000000000000000
miniFE.c 33 r 0.0000000000000000
miniFE.c 33 r 0.0000000000000000
miniFE.c 33 r 0.0000000000000000
miniFE.c 33 r 0.0000000000000000
miniFE.c 33 r 0.0000000000000000
miniFE.c 33 r 0.0000000000000000
miniFE.c 33 r 0.0000000000000000
miniFE.c 25 Ap 0.0000000000000000
miniFE.c 25 Ap 0.0000000000000000
miniFE.c 25 Ap 0.0000000000000000
miniFE.c 25 Ap 0.0000000000000000
miniFE.c 25 Ap 0.0000000000000000
miniFE.c 25 Ap 0.0000000000000000
miniFE.c 25 Ap 0.0000000000000000
miniFE.c 25 Ap 0.0000000000000000
miniFE.c 25 Ap 0.0000000000000000
miniFE.c 25 Ap 0.0000000000000000
miniFE.c 25 Ap 0.0000000000000000
miniFE.c 25 Ap 0.0000000000000000
miniFE.c 25 Ap 0.0000000000000000
miniFE.c 25 Ap 0.0000000000000000
miniFE.c 25 Ap 0.0000000000000000
miniFE.c 25 Ap 0.0000000000000000
miniFE.c 25 Ap 0.0000000000000000
miniFE.c 25 Ap 0.0000000000000000
miniFE.c 25 Ap 0.0000000000000000
miniFE.c 25 Ap 0.0000000000000000
miniFE.c 25 Ap 0.0000000000000000
miniFE.c 25 Ap 0.0000000000000000
miniFE.c 25 Ap 0.0000000000000000
miniFE.c 25 Ap 0.0000000000000000
miniFE.c 25 Ap 0.0000000000000000
miniFE.c 25 Ap 0.0000000000000000
miniFE.c 25 Ap 0.0000000000000000
miniFE.c 25 Ap 0.0000000000000000
miniFE.c 25 Ap 0.0000000000000000
miniFE.c 25 Ap 0.0000000000000000
miniFE.c 25 Ap 0.0000000000000000
miniFE.c 25 Ap 0.0000000000000000
miniFE.c 25 Ap 0.0000000000000000
miniFE.c 25 Ap 0.0000000000000000
miniFE.c 25 Ap 0.0000000000000000
miniFE.c 25 Ap 0.0000000000000000
miniFE.c 25 Ap 0.0000000000000000
miniFE.c 25 Ap 0.0000000000000000
miniFE.c 25 Ap 0.0000000000000000
miniFE.c 25 Ap 0.0000000000000000
miniFE.c 25 Ap 0.0000000000000000
miniFE.c 25 Ap 0.0000000000000000
miniFE.c 25 Ap 0.0000000000000000
miniFE.c 25 Ap 0.0000000000000000
miniFE.c 25 Ap 0.0000000000000000
miniFE.c 25 Ap 0.0000000000000000
miniFE.c 25 Ap 0.0000000000000000
miniFE.c 25 Ap 0.0000000000000000
miniFE.c 25 Ap 0.0000000000000000
miniFE.c 25 Ap 0.0000000000000000
miniFE.c 25 Ap 0.0000000000000000
miniFE.c 25 Ap 0.0000000000000000
miniFE.c 25 Ap 0.0000000000000000
miniFE.c 25 Ap 0.0000000000000000
miniFE.c 25 Ap 0.0000000000000000
miniFE.c 25 Ap 0.0000000000000000
miniFE.c 25 Ap 0.0000000000000000
miniFE.c 25 Ap 0.0000000000000000
miniFE.c 25 Ap 0.0000000000000000
miniFE.c 25 Ap 0.0000000000000000
miniFE.c 25 Ap 0.0000000000000000
miniFE.c 25 Ap 0.0000000000000000
miniFE.c 25 Ap 0.0000000000000000
miniFE.c 25 Ap 0.0000000000000000
miniFE.c 33 r 198.0110999999999990
miniFE.c 33 r 229.8237000000000023
miniFE.c 33 r 210.8053999999999917
miniFE.c 33 r 202.6418999999999926
miniFE.c 33 r 157.2561000000000035
miniFE.c 33 r 225.5886000000000138
miniFE.c 33 r 142.6283999999999992
miniFE.c 33 r 185.1795999999999935
miniFE.c 48 sum 39208.3957232100001420
miniFE.c 48 sum 92027.3288048999966122
miniFE.c 48 sum 136466.2454740600078367
miniFE.c 48 sum 177529.9851096700003836
miniFE.c 48 sum 202259.4660968800017145
miniFE.c 48 sum 253149.6825468399911188
miniFE.c 48 sum 273492.5430333999684080
miniFE.c 48 sum 307784.0272895599482581
miniFE.c 75 rtrans 307784.0272895599482581
miniFE.c 76 normr 554.7828649927464539
miniFE.c 33 r 198.0110999999999990
miniFE.c 33 r 229.8237000000000023
miniFE.c 33 r 210.8053999999999917
miniFE.c 33 r 202.6418999999999926
miniFE.c 33 r 157.2561000000000035
miniFE.c 33 r 225.5886000000000138
miniFE.c 33 r 142.6283999999999992
miniFE.c 33 r 185.1795999999999935
miniFE.c 87 normr 554.7828649927464539
miniFE.c 25 Ap 13285.4973312810016068
miniFE.c 25 Ap 16752.9738962160008668
miniFE.c 25 Ap 18717.5143203662009910
miniFE.c 25 Ap 21497.0499152972006414
miniFE.c 25 Ap 23708.6069245981998392
miniFE.c 25 Ap 27330.7477216381994367
miniFE.c 25 Ap 28043.4264645949988335
miniFE.c 25 Ap 29230.0690077097970061
miniFE.c 25 Ap 2987.5023718050001662
miniFE.c 25 Ap 18256.2053009880000900
miniFE.c 25 Ap 21290.1102936259994749
miniFE.c 25 Ap 22498.6292991164009436
miniFE.c 25 Ap 24218.0061666374022025
miniFE.c 25 Ap 26395.4473404050004319
miniFE.c 25 Ap 28021.0416928490012651
miniFE.c 25 Ap 29308.7624836482027604
miniFE.c 25 Ap 1845.3076172643000064
miniFE.c 25 Ap 5152.9234129532997031
miniFE.c 25 Ap 19418.9870250392996240
miniFE.c 25 Ap 21366.8164301717988565
miniFE.c 25 Ap 24008.4327040697971825
miniFE.c 25 Ap 27657.4839652037990163
miniFE.c 25 Ap 29362.1700442997971550
miniFE.c 25 Ap 31649.3547644317950471
miniFE.c 25 Ap 2716.0172730389999742
miniFE.c 25 Ap 4086.6435322781999275
miniFE.c 25 Ap 6112.9419280231995799
miniFE.c 25 Ap 19366.0687056721981207
miniFE.c 25 Ap 19942.9016931553996983
miniFE.c 25 Ap 22443.7520980093977414
miniFE.c 25 Ap 22629.2022504265987664
miniFE.c 25 Ap 23503.4403270553993934
miniFE.c 25 Ap 2784.7112838509997346
miniFE.c 25 Ap 5297.5139884079999320
miniFE.c 25 Ap 8838.6610425799990480
miniFE.c 25 Ap 9581.9742276727993158
miniFE.c 25 Ap 20049.1383863587980159
miniFE.c 25 Ap 21061.8523085989982064
miniFE.c 25 Ap 23066.1607201429978886
miniFE.c 25 Ap 23769.7206112477979332
miniFE.c 25 Ap 3179.3454260399998930
miniFE.c 25 Ap 5397.6649115441996400
miniFE.c 25 Ap 8807.5877122702004272
miniFE.c 25 Ap 11054.0535250612010714
miniFE.c 25 Ap 11760.0087099739012046
miniFE.c 25 Ap 26753.3647406958989450
miniFE.c 25 Ap 27839.0862096834971453
miniFE.c 25 Ap 28473.5365185294976982
miniFE.c 25 Ap 989.4123599472000024
miniFE.c 25 Ap 3608.8072965641999872
miniFE.c 25 Ap 6128.3407890401995246
miniFE.c 25 Ap 6391.8224746028990921
miniFE.c 25 Ap 8601.6889808288997301
miniFE.c 25 Ap 10318.9233197042995016
miniFE.c 25 Ap 19683.6473325842962367
miniFE.c 25 Ap 20178.9207280214977800
miniFE.c 25 Ap 1268.8676034993000030
miniFE.c 25 Ap 2867.0390905766998912
miniFE.c 25 Ap 5470.7324228946999938
miniFE.c 25 Ap 6427.4105067679001877
miniFE.c 25 Ap 7024.8795832297000743
miniFE.c 25 Ap 7797.7765812907000509
miniFE.c 25 Ap 8179.2443669095000587
miniFE.c 25 Ap 20192.2487104374995397
miniFE.c 57 sum 5787878.1172925252467394
miniFE.c 57 sum 12523726.3537057451903820
miniFE.c 57 sum 19195581.2445636950433254
miniFE.c 57 sum 23958363.0489748232066631
miniFE.c 57 sum 27696296.6103892698884010
miniFE.c 57 sum 34119601.8506532162427902
miniFE.c 57 sum 36997689.0278177559375763
miniFE.c 57 sum 40736881.5671170875430107
miniFE.c 90 p_ap_dot 40736881.5671170875430107
miniFE.c 91 alpha 0.0075554145395853
miniFE.c 40 y 1.4960559439392744
miniFE.c 40 y 1.7364133245212852
miniFE.c 40 y 1.5927221841830903
miniFE.c 40 y 1.5310435575891859
miniFE.c 40 y 1.1881350243784765
miniFE.c 40 y 1.7044153884046875
miniFE.c 40 y 1.0776166871177848
miniFE.c 40 y 1.3991086422745860
miniFE.c 40 y -22.8341883739316245
miniFE.c 40 y 8.3838497937928480
miniFE.c 40 y -28.3185951556805833
miniFE.c 40 y 25.0636652226906733
miniFE.c 40 y -22.3339927081014764
miniFE.c 40 y 10.4592281944898673
miniFE.c 40 y -9.8317110616323760
miniFE.c 40 y 32.6187905062384118
miniFE.c 82 oldrtrans 307784.0272895599482581
miniFE.c 48 sum 521.4001586961941257
miniFE.c 48 sum 591.6890960610744514
miniFE.c 48 sum 1393.6319276524102406
miniFE.c 48 sum 2021.8192420475243125
miniFE.c 48 sum 2520.6264723330541528
miniFE.c 48 sum 2630.0219267574657351
miniFE.c 48 sum 2726.6844691568903727
miniFE.c 48 sum 3790.6699632467598349
miniFE.c 83 rtrans 3790.6699632467598349
miniFE.c 84 beta 0.0123160061184089
miniFE.c 40 y -20.3954824548187439
miniFE.c 40 y 11.2143598891482252
miniFE.c 40 y -25.7223145594869429
miniFE.c 40 y 27.5594041029366821
miniFE.c 40 y -20.3972256183443506
miniFE.c 40 y 13.2375787723331708
miniFE.c 40 y -8.0750988145735008
miniFE.c 40 y 34.8994635928429275
miniFE.c 87 normr 61.5684169298412272
miniFE.c 25 Ap -1368.4289806161518754
miniFE.c 25 Ap -1199.2317650706336281
miniFE.c 25 Ap -1438.9434933034935966
miniFE.c 25 Ap -1060.9252025196035447
miniFE.c 25 Ap -1347.7797492528836756
miniFE.c 25 Ap -1135.2318894527934390
miniFE.c 25 Ap -1175.5811556047112845
miniFE.c 25 Ap -951.9431942355674892
miniFE.c 25 Ap -307.7178613112005223
miniFE.c 25 Ap 437.3259687565855529
miniFE.c 25 Ap 67.1311892858862507
miniFE.c 25 Ap 231.4904044254456608
miniFE.c 25 Ap 8.4750944324596844
miniFE.c 25 Ap 136.2477259389728772
miniFE.c 25 Ap 44.2125139587647027
miniFE.c 25 Ap 286.8999636359623082
miniFE.c 25 Ap -190.0698452342187466
miniFE.c 25 Ap -28.6731141403941479
miniFE.c 25 Ap -1769.4073446474239972
miniFE.c 25 Ap -1504.5015295142784453
miniFE.c 25 Ap -1847.1377969518380269
miniFE.c 25 Ap -1633.0108263799961605
miniFE.c 25 Ap -1729.5239229058497585
miniFE.c 25 Ap -1298.4747151618360022
miniFE.c 25 Ap -279.7544311366967804
miniFE.c 25 Ap -212.8740522000363740
miniFE.c 25 Ap -460.1214411508727835
miniFE.c 25 Ap 1342.3107137622018854
miniFE.c 25 Ap 1267.4914057048456471
miniFE.c 25 Ap 1414.2417478412662604
miniFE.c 25 Ap 1403.7422378842968556
miniFE.c 25 Ap 1568.5035826910889227
miniFE.c 25 Ap -286.8300319099224680
miniFE.c 25 Ap -164.2165944823325390
miniFE.c 25 Ap -596.3046644692149130
miniFE.c 25 Ap -495.2136835663836223
miniFE.c 25 Ap -1852.8787212276629361
miniFE.c 25 Ap -1793.4524899398534217
miniFE.c 25 Ap -1906.9291080474579303
miniFE.c 25 Ap -1774.3342498395531948
miniFE.c 25 Ap -327.4780244875516928
miniFE.c 25 Ap -219.2340398177625218
miniFE.c 25 Ap -635.3102262145098393
miniFE.c 25 Ap -329.7897038638051299
miniFE.c 25 Ap -421.3570718902559520
miniFE.c 25 Ap 458.4557002015919807
miniFE.c 25 Ap 396.9861180764418123
miniFE.c 25 Ap 516.5563917731067249
miniFE.c 25 Ap -101.9111677470804693
miniFE.c 25 Ap 25.9034897970964124
miniFE.c 25 Ap -281.5280704790179698
miniFE.c 25 Ap -245.6944238040443054
miniFE.c 25 Ap -532.3297003619271663
miniFE.c 25 Ap -431.5620869656004857
miniFE.c 25 Ap -961.7585399526303718
miniFE.c 25 Ap -868.4179353041471359
miniFE.c 25 Ap -130.6955364858731627
miniFE.c 25 Ap -52.7119768240055322
miniFE.c 25 Ap -370.4126567417038700
miniFE.c 25 Ap -240.3039383084249323
miniFE.c 25 Ap -317.7998926947741438
miniFE.c 25 Ap -272.4461607476264362
miniFE.c 25 Ap -294.0434728078357125
miniFE.c 25 Ap 1969.9608112905175403
miniFE.c 57 sum 19415.3407160156275495
miniFE.c 57 sum 22632.7401604128463077
miniFE.c 57 sum 56032.5152313458020217
miniFE.c 57 sum 99259.5393036334862700
miniFE.c 57 sum 135451.0353199666133150
miniFE.c 57 sum 142288.9912464153021574
miniFE.c 57 sum 149301.5518863441830035
miniFE.c 57 sum 218052.1274993049155455
miniFE.c 90 p_ap_dot 218052.1274993049155455
miniFE.c 91 alpha 0.0173842374606450
miniFE.c 40 y 1.1414960338202862
miniFE.c 40 y 1.9313664198033706
miniFE.c 40 y 1.1455593598435627
miniFE.c 40 y 2.0101427827885114
miniFE.c 40 y 0.8335448106908265
miniFE.c 40 y 1.9345406011869211
miniFE.c 40 y 0.9372372518070660
miniFE.c 40 y 2.0058092046217029
miniFE.c 40 y -6.2853818362955991
miniFE.c 40 y 3.3963126984948593
miniFE.c 40 y -5.7456023706638284
miniFE.c 40 y -2.2035735166836723
miniFE.c 40 y 8.5114552256647578
miniFE.c 40 y 1.4792892180922035
miniFE.c 40 y 5.2650725407779788
miniFE.c 40 y -1.6274760254008527
miniFE.c 82 oldrtrans 3790.6699632467598349
miniFE.c 48 sum 39.5060248280346400
miniFE.c 48 sum 51.0409647739920729
miniFE.c 48 sum 84.0529113757698809
miniFE.c 48 sum 88.9086476191995274
miniFE.c 48 sum 161.3535176776954359
miniFE.c 48 sum 163.5418142684592908
miniFE.c 48 sum 191.2628031281135748
miniFE.c 48 sum 193.9114813413681304
miniFE.c 83 rtrans 193.9114813413681304
miniFE.c 84 beta 0.0511549365208467
miniFE.c 40 y -7.3287114465838936
miniFE.c 40 y 3.9699825667461655
miniFE.c 40 y -7.0614257391236324
miniFE.c 40 y -0.7937739492455855
miniFE.c 40 y 7.4680364439569651
miniFE.c 40 y 2.1564567198806142
miniFE.c 40 y 4.8519913735189073
miniFE.c 40 y 0.1578038193026263
miniFE.c 87 normr 13.9252102799694963
miniFE.c 25 Ap -491.7177691822269026
miniFE.c 25 Ap -431.8204587073157654
miniFE.c 25 Ap -497.6273892538913515
miniFE.c 25 Ap -508.5151816909789204
miniFE.c 25 Ap -403.4891232846700859
miniFE.c 25 Ap -368.8641916075790164
miniFE.c 25 Ap -344.6199940079656585
miniFE.c 25 Ap -343.6087771922337879
miniFE.c 25 Ap -110.5723003859068285
miniFE.c 25 Ap 153.1798037081557595
miniFE.c 25 Ap 51.5519763134606137
miniFE.c 25 Ap 46.8180545345666062
miniFE.c 25 Ap 128.4706524785789270
miniFE.c 25 Ap 149.2853463563540970
miniFE.c 25 Ap 204.5854813568122381
miniFE.c 25 Ap 205.6828336514683997
miniFE.c 25 Ap -68.2978229862534221
miniFE.c 25 Ap -11.1619529851196120
miniFE.c 25 Ap -489.0375139828888678
miniFE.c 25 Ap -496.6674080934785707
miniFE.c 25 Ap -371.2179876613295733
miniFE.c 25 Ap -336.3358122621239090
miniFE.c 25 Ap -278.3451024853083595
miniFE.c 25 Ap -276.3960406864523520
miniFE.c 25 Ap -100.5241972699535182
miniFE.c 25 Ap -76.8479517186716663
miniFE.c 25 Ap -144.7236116726323871
miniFE.c 25 Ap -196.6377853067468777
miniFE.c 25 Ap -169.2441912102310084
miniFE.c 25 Ap -145.3379492238736930
miniFE.c 25 Ap -139.0292299243090781
miniFE.c 25 Ap -138.2842336748744287
miniFE.c 25 Ap -103.0666738450023843
miniFE.c 25 Ap -59.6604327534008405
miniFE.c 25 Ap -178.2795333758326422
miniFE.c 25 Ap -181.1911851243477543
miniFE.c 25 Ap 315.8907303113472835
miniFE.c 25 Ap 325.5715109134323484
miniFE.c 25 Ap 393.7548960084265559
miniFE.c 25 Ap 394.3544460556481681
miniFE.c 25 Ap -117.6727224709296280
miniFE.c 25 Ap -79.3533947213328901
miniFE.c 25 Ap -193.5768284354176387
miniFE.c 25 Ap -202.3765191216197934
miniFE.c 25 Ap -168.8509576411530588
miniFE.c 25 Ap -25.5257924244134529
miniFE.c 25 Ap 11.4087255367507368
miniFE.c 25 Ap 11.9493827251971396
miniFE.c 25 Ap -36.6197535781409655
miniFE.c 25 Ap 8.6277654279174527
miniFE.c 25 Ap -75.7699713205438599
miniFE.c 25 Ap -76.8020624038933022
miniFE.c 25 Ap 28.1437146106429736
miniFE.c 25 Ap 44.5591785555302593
miniFE.c 25 Ap 363.1321985563093335
miniFE.c 25 Ap 363.5542538658519334
miniFE.c 25 Ap -46.9628446585307273
miniFE.c 25 Ap -19.3559749476694343
miniFE.c 25 Ap -106.5728446939610734
miniFE.c 25 Ap -110.3202737340200628
miniFE.c 25 Ap -81.9466790871094872
miniFE.c 25 Ap -74.5583672431413191
miniFE.c 25 Ap -61.5814397511567080
miniFE.c 25 Ap -51.3443619806692624
miniFE.c 57 sum 2518.2095785554183749
miniFE.c 57 sum 3334.7668424306993984
miniFE.c 57 sum 5286.5169583258766579
miniFE.c 57 sum 5396.2833806083808668
miniFE.c 57 sum 8341.3367555884215108
miniFE.c 57 sum 8367.1050822645975131
miniFE.c 57 sum 10131.0671858278146829
miniFE.c 57 sum 10122.9648494076081988
miniFE.c 90 p_ap_dot 10122.9648494076081988
miniFE.c 91 alpha 0.0191556015679256
miniFE.c 40 y 1.0011101573432295
miniFE.c 40 y 2.0074138240835708
miniFE.c 40 y 1.0102935018834158
miniFE.c 40 y 1.9949375652817642
miniFE.c 40 y 0.9765995413060141
miniFE.c 40 y 1.9758488269114298
miniFE.c 40 y 1.0301800653692061
miniFE.c 40 y 2.0088320317101611
miniFE.c 40 y 0.2966509948409524
miniFE.c 40 y -0.5436657122945894
miniFE.c 40 y -0.4510699403219940
miniFE.c 40 y 0.4453441667181424
miniFE.c 40 y 0.0000000002229024
miniFE.c 40 y 1.2503916036256741
miniFE.c 40 y -1.6990278946007562
miniFE.c 40 y -0.6439438845398050
miniFE.c 82 oldrtrans 193.9114813413681304
miniFE.c 48 sum 0.0880018127401268
miniFE.c 48 sum 0.3835742194649100
miniFE.c 48 sum 0.5870383105269972
miniFE.c 48 sum 0.7853697373568738
miniFE.c 48 sum 0.7853697373568738
miniFE.c 48 sum 2.3488488997744588
miniFE.c 48 sum 5.2355446864059374
miniFE.c 48 sum 5.6502084128421508
miniFE.c 83 rtrans 5.6502084128421508
miniFE.c 84 beta 0.0291380808075791
miniFE.c 40 y 0.0831064084949610
miniFE.c 40 y -0.4279880394600593
miniFE.c 40 y -0.6568263341252973
miniFE.c 40 y 0.4222151172420733
miniFE.c 40 y 0.2176042496008661
miniFE.c 40 y 1.3132266137876025
miniFE.c 40 y -1.5576501778814855
miniFE.c 40 y -0.6393457841012204
miniFE.c 87 normr 2.3770167043675041
miniFE.c 25 Ap 5.5760003771109439
miniFE.c 25 Ap -0.8812905676446743
miniFE.c 25 Ap -7.0023950793674885
miniFE.c 25 Ap -1.2110856458677626
miniFE.c 25 Ap 1.8491721340115537
miniFE.c 25 Ap 22.9348639356308155
miniFE.c 25 Ap 15.1516722940011483
miniFE.c 25 Ap 11.0547042306961281
miniFE.c 25 Ap 1.2538720934881487
miniFE.c 25 Ap -27.1801938090236312
miniFE.c 25 Ap -36.6332187049648894
miniFE.c 25 Ap -34.1152054333147348
miniFE.c 25 Ap -31.7360054338362083
miniFE.c 25 Ap -19.0603928392790039
miniFE.c 25 Ap -36.8135705531672244
miniFE.c 25 Ap -41.2595184799202670
miniFE.c 25 Ap 0.7744863224295507
miniFE.c 25 Ap -5.3851047018384390
miniFE.c 25 Ap -49.8352291518038868
miniFE.c 25 Ap -45.7768235572275586
miniFE.c 25 Ap -42.1214682036672841
miniFE.c 25 Ap -20.8791215992893022
miniFE.c 25 Ap -39.4960630663181433
miniFE.c 25 Ap -47.3927315345356135
miniFE.c 25 Ap 1.1399282210570474
miniFE.c 25 Ap -1.4125136964834855
miniFE.c 25 Ap -7.7260433647043163
miniFE.c 25 Ap 19.8875472907777571
miniFE.c 25 Ap 20.6857440499896903
miniFE.c 25 Ap 35.2440298355115331
miniFE.c 25 Ap 33.2187216717741549
miniFE.c 25 Ap 30.2003523233503373
miniFE.c 25 Ap 1.1687594962921191
miniFE.c 25 Ap -3.5106948118287802
miniFE.c 25 Ap -14.5441818012056672
miniFE.c 25 Ap -12.9954494630686117
miniFE.c 25 Ap 1.4885635717195349
miniFE.c 25 Ap 7.3839096789211371
miniFE.c 25 Ap -14.5052186697868972
miniFE.c 25 Ap -16.9343094024624605
miniFE.c 25 Ap 1.3343897373584914
miniFE.c 25 Ap -2.7966646643284969
miniFE.c 25 Ap -13.4212838289757279
miniFE.c 25 Ap -8.7406534828930003
miniFE.c 25 Ap -7.7637829623550445
miniFE.c 25 Ap 79.5175520409960939
miniFE.c 25 Ap 67.6603466085697107
miniFE.c 25 Ap 65.4698616405580793
miniFE.c 25 Ap 0.4152621128600132
miniFE.c 25 Ap -4.4626930479624614
miniFE.c 25 Ap -12.3130419838479668
miniFE.c 25 Ap -11.7640639553109541
miniFE.c 25 Ap -8.7061454211148472
miniFE.c 25 Ap 1.2904494241970781
miniFE.c 25 Ap -100.9820574851810591
miniFE.c 25 Ap -102.6920242274694601
miniFE.c 25 Ap 0.5325511013394452
miniFE.c 25 Ap -2.4436357822379402
miniFE.c 25 Ap -10.5562094954962884
miniFE.c 25 Ap -8.5629201049731769
miniFE.c 25 Ap -7.7361680105031212
miniFE.c 25 Ap -3.2368763460739336
miniFE.c 25 Ap -7.4029005328781059
miniFE.c 25 Ap -48.8786553213336177
miniFE.c 57 sum 0.9187167655872058
miniFE.c 57 sum 18.5772971888743683
miniFE.c 57 sum 49.7060913068877710
miniFE.c 57 sum 62.4571366038430540
miniFE.c 57 sum 58.7721589138113174
miniFE.c 57 sum 144.7489236211842467
miniFE.c 57 sum 304.7071734261118650
miniFE.c 57 sum 335.9575356383431881
miniFE.c 90 p_ap_dot 335.9575356383431881
miniFE.c 91 alpha 0.0168182219878067
miniFE.c 40 y 1.0025078593699071
miniFE.c 40 y 2.0002158262278051
miniFE.c 40 y 0.9992468507886593
miniFE.c 40 y 2.0020384728501495
miniFE.c 40 y 0.9802592578812916
miniFE.c 40 y 1.9979349636224055
miniFE.c 40 y 1.0039831588982486
miniFE.c 40 y 1.9980793723861785
miniFE.c 40 y 0.1107305250795585
miniFE.c 40 y 0.1502460286107243
miniFE.c 40 y 0.3459915392343549
miniFE.c 40 y -0.0625720627659387
miniFE.c 40 y 0.2848049749637190
miniFE.c 40 y 0.1493049370437749
miniFE.c 40 y 0.0280693652340536
miniFE.c 40 y 0.1781081911198752
miniFE.c 82 oldrtrans 5.6502084128421508
miniFE.c 48 sum 0.0122612491843947
miniFE.c 48 sum 0.0348351182976893
miniFE.c 48 sum 0.1545452635194475
miniFE.c 48 sum 0.1584605265582321
miniFE.c 48 sum 0.2395744003223167
miniFE.c 48 sum 0.2618663645479623
miniFE.c 48 sum 0.2626542538126050
miniFE.c 48 sum 0.2943767815565990
miniFE.c 83 rtrans 0.2943767815565990
miniFE.c 84 beta 0.0521001634006138
miniFE.c 40 y 0.1150603825417841
miniFE.c 40 y 0.1279477818213469
miniFE.c 40 y 0.3117707799006007
miniFE.c 40 y -0.0405745861674174
miniFE.c 40 y 0.2961421919245921
miniFE.c 40 y 0.2177242582041438
miniFE.c 40 y -0.0530844635545670
miniFE.c 40 y 0.1447981712987080
miniFE.c 87 normr 0.5425650021486816
miniFE.c 25 Ap 7.7199429991300690
miniFE.c 25 Ap 9.6503615547487307
miniFE.c 25 Ap 12.5558198598185484
miniFE.c 25 Ap 11.9992789543990295
miniFE.c 25 Ap 16.1640480177332577
miniFE.c 25 Ap 19.6599157971622702
miniFE.c 25 Ap 19.3946658977270587
miniFE.c 25 Ap 20.3225417016939716
miniFE.c 25 Ap 1.7359792746182949
miniFE.c 25 Ap 10.2363935968925706
miniFE.c 25 Ap 14.7233893080986178
miniFE.c 25 Ap 14.4814099419199955
miniFE.c 25 Ap 17.7193131729686364
miniFE.c 25 Ap 19.8208456278077136
miniFE.c 25 Ap 19.2158202320462550
miniFE.c 25 Ap 20.2227325250366832
miniFE.c 25 Ap 1.0722722127683675
miniFE.c 25 Ap 2.9136928503077373
miniFE.c 25 Ap 24.0124966686711829
miniFE.c 25 Ap 23.6224866458773874
miniFE.c 25 Ap 28.5971364914212316
miniFE.c 25 Ap 32.1189765976114145
miniFE.c 25 Ap 31.4845142742750426
miniFE.c 25 Ap 33.2729411036745049
miniFE.c 25 Ap 1.5782245865305564
miniFE.c 25 Ap 2.3412816149212139
miniFE.c 25 Ap 5.3380769112122710
miniFE.c 25 Ap 2.6844295933208273
miniFE.c 25 Ap 3.7707123212257265
miniFE.c 25 Ap 6.1843794980084610
miniFE.c 25 Ap 6.1153573267075156
miniFE.c 25 Ap 6.7989535477575123
miniFE.c 25 Ap 1.6181413344419522
miniFE.c 25 Ap 3.0170724812416490
miniFE.c 25 Ap 8.2542541607523212
miniFE.c 25 Ap 8.1054220343365841
miniFE.c 25 Ap 27.8170194679992626
miniFE.c 25 Ap 28.7944287319991119
miniFE.c 25 Ap 28.0484508143843918
miniFE.c 25 Ap 28.5985880089300828
miniFE.c 25 Ap 1.8474555262439025
miniFE.c 25 Ap 3.0824415504935070
miniFE.c 25 Ap 8.1255490372238555
miniFE.c 25 Ap 7.6757436381763444
miniFE.c 25 Ap 9.0051872391595662
miniFE.c 25 Ap 23.4758533977312851
miniFE.c 25 Ap 23.0717617739671326
miniFE.c 25 Ap 23.5678598565896316
miniFE.c 25 Ap 0.5749281965864249
miniFE.c 25 Ap 2.0332015245948623
miniFE.c 25 Ap 5.7594671797200476
miniFE.c 25 Ap 5.7067107638238284
miniFE.c 25 Ap 9.8682962985948670
miniFE.c 25 Ap 11.5256653881425208
miniFE.c 25 Ap 8.0402350631840491
miniFE.c 25 Ap 8.4275060258182073
miniFE.c 25 Ap 0.7373141801318528
miniFE.c 25 Ap 1.6270505160348807
miniFE.c 25 Ap 5.4777844196197831
miniFE.c 25 Ap 5.2862306622349928
miniFE.c 25 Ap 6.4113749454173892
miniFE.c 25 Ap 7.1573276467996436
miniFE.c 25 Ap 7.0153502232085314
miniFE.c 25 Ap 16.4087232553691535
miniFE.c 57 sum 2.3383194224182686
miniFE.c 57 sum 4.9257731913631178
miniFE.c 57 sum 15.2993039888424711
miniFE.c 57 sum 15.0234392622707151
miniFE.c 57 sum 23.4926878011836280
miniFE.c 57 sum 28.6239826059188225
miniFE.c 57 sum 28.1766129694353822
miniFE.c 57 sum 30.5525660901594200
miniFE.c 90 p_ap_dot 30.5525660901594200
miniFE.c 91 alpha 0.0096350918835395
miniFE.c 40 y 1.0036164767278524
miniFE.c 40 y 2.0014486148619488
miniFE.c 40 y 1.0022507908996043
miniFE.c 40 y 2.0016475329842898
miniFE.c 40 y 0.9831126151110778
miniFE.c 40 y 2.0000327568554779
miniFE.c 40 y 1.0034716852143120
miniFE.c 40 y 1.9994745160712100
miniFE.c 40 y -0.0850790315233260
miniFE.c 40 y -0.0446018574042467
miniFE.c 40 y 0.0254036944648531
miniFE.c 40 y -0.1280806049104992
miniFE.c 40 y 0.0092549517581869
miniFE.c 40 y -0.0777735581728481
miniFE.c 40 y -0.0531304296737876
miniFE.c 40 y 0.0200086348628221
miniFE.c 82 oldrtrans 0.2943767815565990
miniFE.c 48 sum 0.0072384416049471
miniFE.c 48 sum 0.0092277672888559
miniFE.c 48 sum 0.0098731149813195
miniFE.c 48 sum 0.0262777563355589
miniFE.c 48 sum 0.0263634104676052
miniFE.c 48 sum 0.0324121368184706
miniFE.c 48 sum 0.0352349793757919
miniFE.c 48 sum 0.0356353248448656
miniFE.c 83 rtrans 0.0356353248448656
miniFE.c 84 beta 0.1210534494481323
miniFE.c 40 y -0.0711505753218213
miniFE.c 40 y -0.0291133370655357
miniFE.c 40 y 0.0631446228089552
miniFE.c 40 y -0.1329922985259955
miniFE.c 40 y 0.0451039856177896
miniFE.c 40 y -0.0514172856887007
miniFE.c 40 y -0.0595564870991716
miniFE.c 40 y 0.0375369529723123
miniFE.c 87 normr 0.1887732100825370
miniFE.c 25 Ap -4.7738272175507603
miniFE.c 25 Ap -5.2130761461938828
miniFE.c 25 Ap -4.6246179564325711
miniFE.c 25 Ap -6.4488054892414040
miniFE.c 25 Ap -5.8144896468643248
miniFE.c 25 Ap -6.6400661527963782
miniFE.c 25 Ap -6.9376551488221381
miniFE.c 25 Ap -6.6971159893475241
miniFE.c 25 Ap -1.0734878626967457
miniFE.c 25 Ap -3.0076787008515415
miniFE.c 25 Ap -2.0989031837237420
miniFE.c 25 Ap -2.8920447815498505
miniFE.c 25 Ap -2.3988953933593296
miniFE.c 25 Ap -2.8951887118246615
miniFE.c 25 Ap -3.5739784134536312
miniFE.c 25 Ap -3.3129501211055628
miniFE.c 25 Ap -0.6630673664965966
miniFE.c 25 Ap -1.0820656401436739
miniFE.c 25 Ap 3.1911892468456156
miniFE.c 25 Ap 1.9128439997615043
miniFE.c 25 Ap 2.6705088688865457
miniFE.c 25 Ap 1.8387987949446869
miniFE.c 25 Ap 1.1269832345246136
miniFE.c 25 Ap 1.5906085219676478
miniFE.c 25 Ap -0.9759361548960093
miniFE.c 25 Ap -1.1495627403008439
miniFE.c 25 Ap -0.5426055755521746
miniFE.c 25 Ap -9.2405293159827622
miniFE.c 25 Ap -9.0750828450903214
miniFE.c 25 Ap -9.6450892183338315
miniFE.c 25 Ap -9.7225265282242486
miniFE.c 25 Ap -9.5453135222072785
miniFE.c 25 Ap -1.0006197124866554
miniFE.c 25 Ap -1.3189335857597668
miniFE.c 25 Ap -0.2582188457828314
miniFE.c 25 Ap -0.7460494919136179
miniFE.c 25 Ap 2.2561286218283385
miniFE.c 25 Ap 2.0253057829936236
miniFE.c 25 Ap 1.1883787189945787
miniFE.c 25 Ap 1.3309942908264976
miniFE.c 25 Ap -1.1424220975972921
miniFE.c 25 Ap -1.4234317711015017
miniFE.c 25 Ap -0.4020239273769126
miniFE.c 25 Ap -1.8763619196832610
miniFE.c 25 Ap -1.6738807917199805
miniFE.c 25 Ap -5.0912417331152300
miniFE.c 25 Ap -5.5445999469145413
miniFE.c 25 Ap -5.4159932785427483
miniFE.c 25 Ap -0.3555217795404614
miniFE.c 25 Ap -0.6873384185445683
miniFE.c 25 Ap 0.0673623245906961
miniFE.c 25 Ap -0.1055586506986546
miniFE.c 25 Ap 0.5282723238330329
miniFE.c 25 Ap 0.1368716564393637
miniFE.c 25 Ap -3.7735000848154661
miniFE.c 25 Ap -3.6731053644846976
miniFE.c 25 Ap -0.4559373691484764
miniFE.c 25 Ap -0.6583886619951790
miniFE.c 25 Ap 0.1215213089041046
miniFE.c 25 Ap -0.5063390562214790
miniFE.c 25 Ap -0.3349737697123574
miniFE.c 25 Ap -0.5111363318154138
miniFE.c 25 Ap -0.6704235512819130
miniFE.c 25 Ap 1.7646804185894638
miniFE.c 57 sum 0.4765036556390451
miniFE.c 57 sum 0.5729546891960985
miniFE.c 57 sum 0.6733930643524554
miniFE.c 57 sum 1.9428462498220678
miniFE.c 57 sum 2.0028793971728662
miniFE.c 57 sum 2.2813550708637815
miniFE.c 57 sum 2.5001123231176123
miniFE.c 57 sum 2.5663530490013655
miniFE.c 90 p_ap_dot 2.5663530490013655
miniFE.c 91 alpha 0.0138855894588363
miniFE.c 40 y 1.0026285090491736
miniFE.c 40 y 2.0010443590156801
miniFE.c 40 y 1.0031275912084625
miniFE.c 40 y 1.9998008565257708
miniFE.c 40 y 0.9837389105383237
miniFE.c 40 y 1.9993187975353168
miniFE.c 40 y 1.0026447082848424
miniFE.c 40 y 1.9999957387897191
miniFE.c 40 y 0.0079143716629618
miniFE.c 40 y 0.0014004078750270
miniFE.c 40 y 0.0033171575390840
miniFE.c 40 y 0.0044616999147494
miniFE.c 40 y -0.0092266885362847
miniFE.c 40 y -0.0025692989951869
miniFE.c 40 y -0.0021271965435040
miniFE.c 40 y -0.0044949929557585
miniFE.c 82 oldrtrans 0.0356353248448656
miniFE.c 48 sum 0.0000626372788195
miniFE.c 48 sum 0.0000645984210359
miniFE.c 48 sum 0.0000756019551750
miniFE.c 48 sum 0.0000955087213043
miniFE.c 48 sum 0.0001806405026499
miniFE.c 48 sum 0.0001872417999766
miniFE.c 48 sum 0.0001917667651113
miniFE.c 48 sum 0.0002119717267836
miniFE.c 83 rtrans 0.0002119717267836
miniFE.c 84 beta 0.0059483596040275
miniFE.c 40 y 0.0074911424549141
miniFE.c 40 y 0.0012272312768879
miniFE.c 40 y 0.0036927644626123
miniFE.c 40 y 0.0036706138985506
miniFE.c 40 y -0.0089583938102552
miniFE.c 40 y -0.0028751475003263
miniFE.c 40 y -0.0024814599455225
miniFE.c 40 y -0.0042717096610397
miniFE.c 87 normr 0.0145592488399504
miniFE.c 25 Ap 0.5026160305811510
miniFE.c 25 Ap 0.5211319438327610
miniFE.c 25 Ap 0.5555456024186758
miniFE.c 25 Ap 0.6058935412520058
miniFE.c 25 Ap 0.4799079761569242
miniFE.c 25 Ap 0.4337434578326845
miniFE.c 25 Ap 0.4213442178869751
miniFE.c 25 Ap 0.3939708332613240
miniFE.c 25 Ap 0.1130229863456395
miniFE.c 25 Ap 0.1945560475234168
miniFE.c 25 Ap 0.2477022028863997
miniFE.c 25 Ap 0.2695930687843979
miniFE.c 25 Ap 0.1716454846366531
miniFE.c 25 Ap 0.1438937961742684
miniFE.c 25 Ap 0.1156115797765708
miniFE.c 25 Ap 0.0859065294212475
miniFE.c 25 Ap 0.0698115521506876
miniFE.c 25 Ap 0.0874738278707198
miniFE.c 25 Ap 0.3373783024623485
miniFE.c 25 Ap 0.3726608856126489
miniFE.c 25 Ap 0.2221761738770955
miniFE.c 25 Ap 0.1756686792075420
miniFE.c 25 Ap 0.1460104188262538
miniFE.c 25 Ap 0.0932498066121100
miniFE.c 25 Ap 0.1027521805714050
miniFE.c 25 Ap 0.1100711620962094
miniFE.c 25 Ap 0.1455666603446201
miniFE.c 25 Ap 0.3856310860595942
miniFE.c 25 Ap 0.3527706942234712
miniFE.c 25 Ap 0.3208971253010786
miniFE.c 25 Ap 0.3176706491917320
miniFE.c 25 Ap 0.2975037882740930
miniFE.c 25 Ap 0.1053510077118638
miniFE.c 25 Ap 0.1187690758731580
miniFE.c 25 Ap 0.1808007980137232
miniFE.c 25 Ap 0.1942650209023634
miniFE.c 25 Ap -0.4020169586844265
miniFE.c 25 Ap -0.4149240909689240
miniFE.c 25 Ap -0.4497952038869701
miniFE.c 25 Ap -0.4660248727271254
miniFE.c 25 Ap 0.1202807797130831
miniFE.c 25 Ap 0.1321263424411246
miniFE.c 25 Ap 0.1918593556313583
miniFE.c 25 Ap 0.2325513775431612
miniFE.c 25 Ap 0.1923352933414066
miniFE.c 25 Ap 0.0012435887373930
miniFE.c 25 Ap -0.0176458774368512
miniFE.c 25 Ap -0.0322813314163775
miniFE.c 25 Ap 0.0374313810438770
miniFE.c 25 Ap 0.0514186390713919
miniFE.c 25 Ap 0.0955543383626667
miniFE.c 25 Ap 0.1003269916838208
miniFE.c 25 Ap -0.0255622706778006
miniFE.c 25 Ap -0.0474485806105372
miniFE.c 25 Ap -0.2103767740056422
miniFE.c 25 Ap -0.2218017049815436
miniFE.c 25 Ap 0.0480037127930643
miniFE.c 25 Ap 0.0565377588238776
miniFE.c 25 Ap 0.1021477204715612
miniFE.c 25 Ap 0.1194767914638076
miniFE.c 25 Ap 0.0854408254415401
miniFE.c 25 Ap 0.0755901819605095
miniFE.c 25 Ap 0.0689533758929927
miniFE.c 25 Ap -0.2081617421457144
miniFE.c 57 sum 0.0029512916350418
miniFE.c 57 sum 0.0030567188148364
miniFE.c 57 sum 0.0034010683868391
miniFE.c 57 sum 0.0044930899269494
miniFE.c 57 sum 0.0086679242622131
miniFE.c 57 sum 0.0087607378515421
miniFE.c 57 sum 0.0093111298983024
miniFE.c 57 sum 0.0102003364232851
miniFE.c 90 p_ap_dot 0.0102003364232851
miniFE.c 91 alpha 0.0207808564332949
miniFE.c 40 y 1.0027841814050504
miniFE.c 40 y 2.0010698619326557
miniFE.c 40 y 1.0032043300166020
miniFE.c 40 y 1.9998771350262186
miniFE.c 40 y 0.9835527474426800
miniFE.c 40 y 1.9992590495078879
miniFE.c 40 y 1.0025931414219695
miniFE.c 40 y 1.9999069690045284
miniFE.c 40 y -0.0002726796619474
miniFE.c 40 y -0.0003848033795586
miniFE.c 40 y 0.0013793466954452
miniFE.c 40 y -0.0017206835977359
miniFE.c 40 y 0.0004577074382022
miniFE.c 40 y -0.0018984652815476
miniFE.c 40 y 0.0024820328443775
miniFE.c 40 y -0.0001692136773239
