filename line variable value
miniFE.c 167 A 67.0947100000000063
miniFE.c 167 A 15.0875500000000002
miniFE.c 167 A 9.3192129999999995
miniFE.c 167 A 13.7164900000000003
miniFE.c 167 A 14.0634099999999993
miniFE.c 167 A 16.0564000000000000
miniFE.c 167 A 4.9967519999999999
miniFE.c 167 A 6.4080630000000003
miniFE.c 167 A 15.0875500000000002
miniFE.c 167 A 66.4365899999999954
miniFE.c 167 A 14.3919700000000006
miniFE.c 167 A 5.9638159999999996
miniFE.c 167 A 10.9336099999999998
miniFE.c 167 A 9.6522659999999991
miniFE.c 167 A 11.3974100000000007
miniFE.c 167 A 6.9539020000000002
miniFE.c 167 A 9.3192129999999995
miniFE.c 167 A 14.3919700000000006
miniFE.c 167 A 67.6740900000000067
miniFE.c 167 A 9.6121750000000006
miniFE.c 167 A 16.7981799999999986
miniFE.c 167 A 16.1756899999999995
miniFE.c 167 A 11.9519400000000005
miniFE.c 167 A 12.3511699999999998
miniFE.c 167 A 13.7164900000000003
miniFE.c 167 A 5.9638159999999996
miniFE.c 167 A 9.6121750000000006
miniFE.c 167 A 65.4017099999999942
miniFE.c 167 A 3.6681119999999998
miniFE.c 167 A 11.0858899999999991
miniFE.c 167 A 1.3002330000000000
miniFE.c 167 A 4.7210279999999996
miniFE.c 167 A 14.0634099999999993
miniFE.c 167 A 10.9336099999999998
miniFE.c 167 A 16.7981799999999986
miniFE.c 167 A 3.6681119999999998
miniFE.c 167 A 66.5612600000000043
miniFE.c 167 A 4.4892070000000004
miniFE.c 167 A 14.0526599999999995
miniFE.c 167 A 3.7993380000000001
miniFE.c 167 A 16.0564000000000000
miniFE.c 167 A 9.6522659999999991
miniFE.c 167 A 16.1756899999999995
miniFE.c 167 A 11.0858899999999991
miniFE.c 167 A 4.4892070000000004
miniFE.c 167 A 66.4632699999999943
miniFE.c 167 A 7.6122389999999998
miniFE.c 167 A 3.4261349999999999
miniFE.c 167 A 4.9967519999999999
miniFE.c 167 A 11.3974100000000007
miniFE.c 167 A 11.9519400000000005
miniFE.c 167 A 1.3002330000000000
miniFE.c 167 A 14.0526599999999995
miniFE.c 167 A 7.6122389999999998
miniFE.c 167 A 65.6581999999999937
miniFE.c 167 A 2.6745570000000001
miniFE.c 167 A 6.4080630000000003
miniFE.c 167 A 6.9539020000000002
miniFE.c 167 A 12.3511699999999998
miniFE.c 167 A 4.7210279999999996
miniFE.c 167 A 3.7993380000000001
miniFE.c 167 A 3.4261349999999999
miniFE.c 167 A 2.6745570000000001
miniFE.c 167 A 64.8721800000000002
miniFE.c 175 b 198.0110999999999990
miniFE.c 175 b 229.8237000000000023
miniFE.c 175 b 210.8053999999999917
miniFE.c 175 b 202.6418999999999926
miniFE.c 175 b 157.2561000000000035
miniFE.c 175 b 225.5886000000000138
miniFE.c 175 b 142.6283999999999992
miniFE.c 175 b 185.1795999999999935
miniFE.c 33 r 0.0000000000000000
miniFE.c 33 r 0.0000000000000000
miniFE.c 33 r 0.0000000000000000
miniFE.c 33 r 0.0000000000000000
miniFE.c 33 r 0.0000000000000000
miniFE.c 33 r 0.0000000000000000
miniFE.c 33 r 0.0000000000000000
miniFE.c 33 r 0.0000000000000000
miniFE.c 25 Ap 0.0000000000000000
miniFE.c 25 Ap 0.0000000000000000
miniFE.c 25 Ap 0.0000000000000000
miniFE.c 25 Ap 0.0000000000000000
miniFE.c 25 Ap 0.0000000000000000
miniFE.c 25 Ap 0.0000000000000000
miniFE.c 25 Ap 0.0000000000000000
miniFE.c 25 Ap 0.0000000000000000
miniFE.c 25 Ap 0.0000000000000000
miniFE.c 25 Ap 0.0000000000000000
miniFE.c 25 Ap 0.0000000000000000
miniFE.c 25 Ap 0.0000000000000000
miniFE.c 25 Ap 0.0000000000000000
miniFE.c 25 Ap 0.0000000000000000
miniFE.c 25 Ap 0.0000000000000000
miniFE.c 25 Ap 0.0000000000000000
miniFE.c 25 Ap 0.0000000000000000
miniFE.c 25 Ap 0.0000000000000000
miniFE.c 25 Ap 0.0000000000000000
miniFE.c 25 Ap 0.0000000000000000
miniFE.c 25 Ap 0.0000000000000000
miniFE.c 25 Ap 0.0000000000000000
miniFE.c 25 Ap 0.0000000000000000
miniFE.c 25 Ap 0.0000000000000000
miniFE.c 25 Ap 0.0000000000000000
miniFE.c 25 Ap 0.0000000000000000
miniFE.c 25 Ap 0.0000000000000000
miniFE.c 25 Ap 0.0000000000000000
miniFE.c 25 Ap 0.0000000000000000
miniFE.c 25 Ap 0.0000000000000000
miniFE.c 25 Ap 0.0000000000000000
miniFE.c 25 Ap 0.0000000000000000
miniFE.c 25 Ap 0.0000000000000000
miniFE.c 25 Ap 0.0000000000000000
miniFE.c 25 Ap 0.0000000000000000
miniFE.c 25 Ap 0.0000000000000000
miniFE.c 25 Ap 0.0000000000000000
miniFE.c 25 Ap 0.0000000000000000
miniFE.c 25 Ap 0.0000000000000000
miniFE.c 25 Ap 0.0000000000000000
miniFE.c 25 Ap 0.0000000000000000
miniFE.c 25 Ap 0.0000000000000000
miniFE.c 25 Ap 0.0000000000000000
miniFE.c 25 Ap 0.0000000000000000
miniFE.c 25 Ap 0.0000000000000000
miniFE.c 25 Ap 0.0000000000000000
miniFE.c 25 Ap 0.0000000000000000
miniFE.c 25 Ap 0.0000000000000000
miniFE.c 25 Ap 0.0000000000000000
miniFE.c 25 Ap 0.0000000000000000
miniFE.c 25 Ap 0.0000000000000000
miniFE.c 25 Ap 0.0000000000000000
miniFE.c 25 Ap 0.0000000000000000
miniFE.c 25 Ap 0.0000000000000000
miniFE.c 25 Ap 0.0000000000000000
miniFE.c 25 Ap 0.0000000000000000
miniFE.c 25 Ap 0.0000000000000000
miniFE.c 25 Ap 0.0000000000000000
miniFE.c 25 Ap 0.0000000000000000
miniFE.c 25 Ap 0.0000000000000000
miniFE.c 25 Ap 0.0000000000000000
miniFE.c 25 Ap 0.0000000000000000
miniFE.c 25 Ap 0.0000000000000000
miniFE.c 25 Ap 0.0000000000000000
miniFE.c 33 r 198.0110999999999990
miniFE.c 33 r 229.8237000000000023
miniFE.c 33 r 210.8053999999999917
miniFE.c 33 r 202.6418999999999926
miniFE.c 33 r 157.2561000000000035
miniFE.c 33 r 225.5886000000000138
miniFE.c 33 r 142.6283999999999992
miniFE.c 33 r 185.1795999999999935
miniFE.c 48 sum 39208.3957232100001420
miniFE.c 48 sum 92027.3288048999966122
miniFE.c 48 sum 136466.2454740600078367
miniFE.c 48 sum 177529.9851096700003836
miniFE.c 48 sum 202259.4660968800017145
miniFE.c 48 sum 253149.6825468399911188
miniFE.c 48 sum 273492.5430333999684080
miniFE.c 48 sum 307784.0272895599482581
miniFE.c 75 rtrans 307784.0272895599482581
miniFE.c 76 normr 554.7828649927464539
miniFE.c 33 r 198.0110999999999990
miniFE.c 33 r 229.8237000000000023
miniFE.c 33 r 210.8053999999999917
miniFE.c 33 r 202.6418999999999926
miniFE.c 33 r 157.2561000000000035
miniFE.c 33 r 225.5886000000000138
miniFE.c 33 r 142.6283999999999992
miniFE.c 33 r 185.1795999999999935
miniFE.c 87 normr 554.7828649927464539
miniFE.c 25 Ap 13285.4973312810016068
miniFE.c 25 Ap 16752.9738962160008668
miniFE.c 25 Ap 18717.5143203662009910
miniFE.c 25 Ap 21497.0499152972006414
miniFE.c 25 Ap 23708.6069245981998392
miniFE.c 25 Ap 27330.7477216381994367
miniFE.c 25 Ap 28043.4264645949988335
miniFE.c 25 Ap 29230.0690077097970061
miniFE.c 25 Ap 2987.5023718050001662
miniFE.c 25 Ap 18256.2053009880000900
miniFE.c 25 Ap 21290.1102936259994749
miniFE.c 25 Ap 22498.6292991164009436
miniFE.c 25 Ap 24218.0061666374022025
miniFE.c 25 Ap 26395.4473404050004319
miniFE.c 25 Ap 28021.0416928490012651
miniFE.c 25 Ap 29308.7624836482027604
miniFE.c 25 Ap 1845.3076172643000064
miniFE.c 25 Ap 5152.9234129532997031
miniFE.c 25 Ap 19418.9870250392996240
miniFE.c 25 Ap 21366.8164301717988565
miniFE.c 25 Ap 24008.4327040697971825
miniFE.c 25 Ap 27657.4839652037990163
miniFE.c 25 Ap 29362.1700442997971550
miniFE.c 25 Ap 31649.3547644317950471
miniFE.c 25 Ap 2716.0172730389999742
miniFE.c 25 Ap 4086.6435322781999275
miniFE.c 25 Ap 6112.9419280231995799
miniFE.c 25 Ap 19366.0687056721981207
miniFE.c 25 Ap 19942.9016931553996983
miniFE.c 25 Ap 22443.7520980093977414
miniFE.c 25 Ap 22629.2022504265987664
miniFE.c 25 Ap 23503.4403270553993934
miniFE.c 25 Ap 2784.7112838509997346
miniFE.c 25 Ap 5297.5139884079999320
miniFE.c 25 Ap 8838.6610425799990480
miniFE.c 25 Ap 9581.9742276727993158
miniFE.c 25 Ap 20049.1383863587980159
miniFE.c 25 Ap 21061.8523085989982064
miniFE.c 25 Ap 23066.1607201429978886
miniFE.c 25 Ap 23769.7206112477979332
miniFE.c 25 Ap 3179.3454260399998930
miniFE.c 25 Ap 5397.6649115441996400
miniFE.c 25 Ap 8807.5877122702004272
miniFE.c 25 Ap 11054.0535250612010714
miniFE.c 25 Ap 11760.0087099739012046
miniFE.c 25 Ap 26753.3647406958989450
miniFE.c 25 Ap 27839.0862096834971453
miniFE.c 25 Ap 28473.5365185294976982
miniFE.c 25 Ap 989.4123599472000024
miniFE.c 25 Ap 3608.8072965641999872
miniFE.c 25 Ap 6128.3407890401995246
miniFE.c 25 Ap 6391.8224746028990921
miniFE.c 25 Ap 8601.6889808288997301
miniFE.c 25 Ap 10318.9233197042995016
miniFE.c 25 Ap 19683.6473325842962367
miniFE.c 25 Ap 20178.9207280214977800
miniFE.c 25 Ap 1268.8676034993000030
miniFE.c 25 Ap 2867.0390905766998912
miniFE.c 25 Ap 5470.7324228946999938
miniFE.c 25 Ap 6427.4105067679001877
miniFE.c 25 Ap 7024.8795832297000743
miniFE.c 25 Ap 7797.7765812907000509
miniFE.c 25 Ap 8179.2443669095000587
miniFE.c 25 Ap 20192.2487104374995397
miniFE.c 57 sum 5787878.1172925252467394
miniFE.c 57 sum 12523726.3537057451903820
miniFE.c 57 sum 19195581.2445636950433254
miniFE.c 57 sum 23958363.0489748232066631
miniFE.c 57 sum 27696296.6103892698884010
miniFE.c 57 sum 34119601.8506532162427902
miniFE.c 57 sum 36997689.0278177559375763
miniFE.c 57 sum 40736881.5671170875430107
miniFE.c 90 p_ap_dot 40736881.5671170875430107
miniFE.c 91 alpha 0.0075554145395853
miniFE.c 40 y 1.4960559439392744
miniFE.c 40 y 1.7364133245212852
miniFE.c 40 y 1.5927221841830903
miniFE.c 40 y 1.5310435575891859
miniFE.c 40 y 1.1881350243784765
miniFE.c 40 y 1.7044153884046875
miniFE.c 40 y 1.0776166871177848
miniFE.c 40 y 1.3991086422745860
miniFE.c 40 y -22.8341883739316245
miniFE.c 40 y 8.3838497937928480
miniFE.c 40 y -28.3185951556805833
miniFE.c 40 y 25.0636652226906733
miniFE.c 40 y -22.3339927081014764
miniFE.c 40 y 10.4592281944898673
miniFE.c 40 y -9.8317110616323760
miniFE.c 40 y 32.6187905062384118
miniFE.c 82 oldrtrans 307784.0272895599482581
miniFE.c 48 sum 521.4001586961941257
miniFE.c 48 sum 591.6890960610744514
miniFE.c 48 sum 1393.6319276524102406
miniFE.c 48 sum 2021.8192420475243125
miniFE.c 48 sum 2520.6264723330541528
miniFE.c 48 sum 2630.0219267574657351
miniFE.c 48 sum 2726.6844691568903727
miniFE.c 48 sum 3790.6699632467598349
miniFE.c 83 rtrans 3790.6699632467598349
miniFE.c 84 beta 0.0123160061184089
miniFE.c 40 y -20.3954824548187439
miniFE.c 40 y 11.2143598891482252
miniFE.c 40 y -25.7223145594869429
miniFE.c 40 y 27.5594041029366821
miniFE.c 40 y -20.3972256183443506
miniFE.c 40 y 13.2375787723331708
miniFE.c 40 y -8.0750988145735008
miniFE.c 40 y 34.8994635928429275
miniFE.c 87 normr 61.5684169298412272
miniFE.c 25 Ap -1368.4289806161518754
miniFE.c 25 Ap -1199.2317650706336281
miniFE.c 25 Ap -1438.9434933034935966
miniFE.c 25 Ap -1060.9252025196035447
miniFE.c 25 Ap -1347.7797492528836756
miniFE.c 25 Ap -1135.2318894527934390
miniFE.c 25 Ap -1175.5811556047112845
miniFE.c 25 Ap -951.9431942355674892
miniFE.c 25 Ap -307.7178613112005223
miniFE.c 25 Ap 437.3259687565855529
miniFE.c 25 Ap 67.1311892858862507
miniFE.c 25 Ap 231.4904044254456608
miniFE.c 25 Ap 8.4750944324596844
miniFE.c 25 Ap 136.2477259389728772
miniFE.c 25 Ap 44.2125139587647027
miniFE.c 25 Ap 286.8999636359623082
miniFE.c 25 Ap -190.0698452342187466
miniFE.c 25 Ap -28.6731141403941479
miniFE.c 25 Ap -1769.4073446474239972
miniFE.c 25 Ap -1504.5015295142784453
miniFE.c 25 Ap -1847.1377969518380269
miniFE.c 25 Ap -1633.0108263799961605
miniFE.c 25 Ap -1729.5239229058497585
miniFE.c 25 Ap -1298.4747151618360022
miniFE.c 25 Ap -279.7544311366967804
miniFE.c 25 Ap -212.8740522000363740
miniFE.c 25 Ap -460.1214411508727835
miniFE.c 25 Ap 1342.3107137622018854
miniFE.c 25 Ap 1267.4914057048456471
miniFE.c 25 Ap 1414.2417478412662604
miniFE.c 25 Ap 1403.7422378842968556
miniFE.c 25 Ap 1568.5035826910889227
miniFE.c 25 Ap -286.8300319099224680
miniFE.c 25 Ap -164.2165944823325390
miniFE.c 25 Ap -596.3046644692149130
miniFE.c 25 Ap -495.2136835663836223
miniFE.c 25 Ap -1852.8787212276629361
miniFE.c 25 Ap -1793.4524899398534217
miniFE.c 25 Ap -1906.9291080474579303
miniFE.c 25 Ap -1774.3342498395531948
miniFE.c 25 Ap -327.4780244875516928
miniFE.c 25 Ap -219.2340398177625218
miniFE.c 25 Ap -635.3102262145098393
miniFE.c 25 Ap -329.7897038638051299
miniFE.c 25 Ap -421.3570718902559520
miniFE.c 25 Ap 458.4557002015919807
miniFE.c 25 Ap 396.9861180764418123
miniFE.c 25 Ap 516.5563917731067249
miniFE.c 25 Ap -101.9111677470804693
miniFE.c 25 Ap 25.9034897970964124
miniFE.c 25 Ap -281.5280704790179698
miniFE.c 25 Ap -245.6944238040443054
miniFE.c 25 Ap -532.3297003619271663
miniFE.c 25 Ap -431.5620869656004857
miniFE.c 25 Ap -961.7585399526303718
miniFE.c 25 Ap -868.4179353041471359
miniFE.c 25 Ap -130.6955364858731627
miniFE.c 25 Ap -52.7119768240055322
miniFE.c 25 Ap -370.4126567417038700
miniFE.c 25 Ap -240.3039383084249323
miniFE.c 25 Ap -317.7998926947741438
miniFE.c 25 Ap -272.4461607476264362
miniFE.c 25 Ap -294.0434728078357125
miniFE.c 25 Ap 1969.9608112905175403
miniFE.c 57 sum 19415.3407160156275495
miniFE.c 57 sum 22632.7401604128463077
miniFE.c 57 sum 56032.5152313458020217
miniFE.c 57 sum 99259.5393036334862700
miniFE.c 57 sum 135451.0353199666133150
miniFE.c 57 sum 142288.9912464153021574
miniFE.c 57 sum 149301.5518863441830035
miniFE.c 57 sum 218052.1274993049155455
miniFE.c 90 p_ap_dot 218052.1274993049155455
miniFE.c 91 alpha 0.0173842374606450
miniFE.c 40 y 1.1414960338202862
miniFE.c 40 y 1.9313664198033706
miniFE.c 40 y 1.1455593598435627
miniFE.c 40 y 2.0101427827885114
miniFE.c 40 y 0.8335448106908265
miniFE.c 40 y 1.9345406011869211
miniFE.c 40 y 0.9372372518070660
miniFE.c 40 y 2.0058092046217029
miniFE.c 40 y -6.2853818362955991
miniFE.c 40 y 3.3963126984948593
miniFE.c 40 y -5.7456023706638284
miniFE.c 40 y -2.2035735166836723
miniFE.c 40 y 8.5114552256647578
miniFE.c 40 y 1.4792892180922035
miniFE.c 40 y 5.2650725407779788
miniFE.c 40 y -1.6274760254008527
miniFE.c 82 oldrtrans 3790.6699632467598349
miniFE.c 48 sum 39.5060248280346400
miniFE.c 48 sum 51.0409647739920729
miniFE.c 48 sum 84.0529113757698809
miniFE.c 48 sum 88.9086476191995274
miniFE.c 48 sum 161.3535176776954359
miniFE.c 48 sum 163.5418142684592908
miniFE.c 48 sum 191.2628031281135748
miniFE.c 48 sum 193.9114813413681304
miniFE.c 83 rtrans 193.9114813413681304
miniFE.c 84 beta 0.0511549365208467
miniFE.c 40 y -7.3287114465838936
miniFE.c 40 y 3.9699825667461655
miniFE.c 40 y -7.0614257391236324
miniFE.c 40 y -0.7937739492455855
miniFE.c 40 y 7.4680364439569651
miniFE.c 40 y 2.1564567198806142
miniFE.c 40 y 4.8519913735189073
miniFE.c 40 y 0.1578038193026263
miniFE.c 87 normr 13.9252102799694963
miniFE.c 25 Ap -491.7177691822269026
miniFE.c 25 Ap -431.8204587073157654
miniFE.c 25 Ap -497.6273892538913515
miniFE.c 25 Ap -508.5151816909789204
miniFE.c 25 Ap -403.4891232846700859
miniFE.c 25 Ap -368.8641916075790164
miniFE.c 25 Ap -344.6199940079656585
miniFE.c 25 Ap -343.6087771922337879
miniFE.c 25 Ap -110.5723003859068285
miniFE.c 25 Ap 153.1798037081557595
miniFE.c 25 Ap 51.5519763134606137
miniFE.c 25 Ap 46.8180545345666062
miniFE.c 25 Ap 128.4706524785789270
miniFE.c 25 Ap 149.2853463563540970
miniFE.c 25 Ap 204.5854813568122381
miniFE.c 25 Ap 205.6828336514683997
miniFE.c 25 Ap -68.2978229862534221
miniFE.c 25 Ap -11.1619529851196120
miniFE.c 25 Ap -489.0375139828888678
miniFE.c 25 Ap -496.6674080934785707
miniFE.c 25 Ap -371.2179876613295733
miniFE.c 25 Ap -336.3358122621239090
miniFE.c 25 Ap -278.3451024853083595
miniFE.c 25 Ap -276.3960406864523520
miniFE.c 25 Ap -100.5241972699535182
miniFE.c 25 Ap -76.8479517186716663
miniFE.c 25 Ap -144.7236116726323871
miniFE.c 25 Ap -196.6377853067468777
miniFE.c 25 Ap -169.2441912102310084
miniFE.c 25 Ap -145.3379492238736930
miniFE.c 25 Ap -139.0292299243090781
miniFE.c 25 Ap -138.2842336748744287
miniFE.c 25 Ap -103.0666738450023843
miniFE.c 25 Ap -59.6604327534008405
miniFE.c 25 Ap -178.2795333758326422
miniFE.c 25 Ap -181.1911851243477543
miniFE.c 25 Ap 315.8907303113472835
miniFE.c 25 Ap 325.5715109134323484
miniFE.c 25 Ap 393.7548960084265559
miniFE.c 25 Ap 394.3544460556481681
miniFE.c 25 Ap -117.6727224709296280
miniFE.c 25 Ap -79.3533947213328901
miniFE.c 25 Ap -193.5768284354176387
miniFE.c 25 Ap -202.3765191216197934
miniFE.c 25 Ap -168.8509576411530588
miniFE.c 25 Ap -25.5257924244134529
miniFE.c 25 Ap 11.4087255367507368
miniFE.c 25 Ap 11.9493827251971396
miniFE.c 25 Ap -36.6197535781409655
miniFE.c 25 Ap 8.6277654279174527
miniFE.c 25 Ap -75.7699713205438599
miniFE.c 25 Ap -76.8020624038933022
miniFE.c 25 Ap 28.1437146106429736
miniFE.c 25 Ap 44.5591785555302593
miniFE.c 25 Ap 363.1321985563093335
miniFE.c 25 Ap 363.5542538658519334
miniFE.c 25 Ap -46.9628446585307273
miniFE.c 25 Ap -19.3559749476694343
miniFE.c 25 Ap -106.5728446939610734
miniFE.c 25 Ap -110.3202737340200628
miniFE.c 25 Ap -81.9466790871094872
miniFE.c 25 Ap -74.5583672431413191
miniFE.c 25 Ap -61.5814397511567080
miniFE.c 25 Ap -51.3443619806692624
miniFE.c 57 sum 2518.2095785554183749
miniFE.c 57 sum 3334.7668424306993984
miniFE.c 57 sum 5286.5169583258766579
miniFE.c 57 sum 5396.2833806083808668
miniFE.c 57 sum 8341.3367555884215108
miniFE.c 57 sum 8367.1050822645975131
miniFE.c 57 sum 10131.0671858278146829
miniFE.c 57 sum 10122.9648494076081988
miniFE.c 90 p_ap_dot 10122.9648494076081988
miniFE.c 91 alpha 0.0191556015679256
miniFE.c 40 y 1.0011101573432295
miniFE.c 40 y 2.0074138240835708
miniFE.c 40 y 1.0102935018834158
miniFE.c 40 y 1.9949375652817642
miniFE.c 40 y 0.9765995413060141
miniFE.c 40 y 1.9758488269114298
miniFE.c 40 y 1.0301800653692061
miniFE.c 40 y 2.0088320317101611
miniFE.c 40 y 0.2966509948409524
miniFE.c 40 y -0.5436657122945894
miniFE.c 40 y -0.4510699403219940
miniFE.c 40 y 0.4453441667181424
miniFE.c 40 y 0.9573585804827518
miniFE.c 40 y 1.2503916036256741
miniFE.c 40 y -1.6990278946007562
miniFE.c 40 y -0.6439438845398050
miniFE.c 82 oldrtrans 193.9114813413681304
miniFE.c 48 sum 0.0880018127401268
miniFE.c 48 sum 0.3835742194649100
miniFE.c 48 sum 0.5870383105269972
miniFE.c 48 sum 0.7853697373568738
miniFE.c 48 sum 1.7019051889808234
miniFE.c 48 sum 3.2653843513984082
miniFE.c 48 sum 6.1520801380298860
miniFE.c 48 sum 6.5667438644660994
miniFE.c 83 rtrans 6.5667438644660994
miniFE.c 84 beta 0.0338641701607459
miniFE.c 40 y 0.0484702633548292
miniFE.c 40 y -0.4092255471191025
miniFE.c 40 y -0.6901992631291476
miniFE.c 40 y 0.4184636706317226
miniFE.c 40 y 1.2102574373875621
miniFE.c 40 y 1.3234182209319951
miniFE.c 40 y -1.5347192331094408
miniFE.c 40 y -0.6385999891509253
miniFE.c 87 normr 2.5625658751466469
miniFE.c 25 Ap 3.2520982634158910
miniFE.c 25 Ap -2.9221126400209236
miniFE.c 25 Ap -9.3542265855644970
miniFE.c 25 Ap -3.6143738319811805
miniFE.c 25 Ap 13.4059727155494350
miniFE.c 25 Ap 34.6553050381219236
miniFE.c 25 Ap 26.9866936406438604
miniFE.c 25 Ap 22.8945046783654149
miniFE.c 25 Ap 0.7312975218791530
miniFE.c 25 Ap -26.4562523695983387
miniFE.c 25 Ap -36.3895794585751418
miniFE.c 25 Ap -33.8939391242429480
miniFE.c 25 Ap -20.6614563042479276
miniFE.c 25 Ap -7.8874716065655441
miniFE.c 25 Ap -25.3792959411994161
miniFE.c 25 Ap -29.8200576829560120
miniFE.c 25 Ap 0.4517047083697477
miniFE.c 25 Ap -5.4378570890019615
miniFE.c 25 Ap -52.1464641399375779
miniFE.c 25 Ap -48.1241181066830990
miniFE.c 25 Ap -27.7939958271081018
miniFE.c 25 Ap -6.3867929449606393
miniFE.c 25 Ap -24.7296651359306914
miniFE.c 25 Ap -32.6171221639319242
miniFE.c 25 Ap 0.6648418826038809
miniFE.c 25 Ap -1.7757039829137760
miniFE.c 25 Ap -8.4100200849821896
miniFE.c 25 Ap 18.9582195472092430
miniFE.c 25 Ap 23.3975793763798094
miniFE.c 25 Ap 38.0688481976276023
miniFE.c 25 Ap 36.0733556050040178
miniFE.c 25 Ap 33.0585071754228039
miniFE.c 25 Ap 0.6816571863669382
miniFE.c 25 Ap -3.7926553478699514
miniFE.c 25 Ap -15.3867468057807351
miniFE.c 25 Ap -13.8517751939724665
miniFE.c 25 Ap 66.7044847629147739
miniFE.c 25 Ap 72.6455831042502354
miniFE.c 25 Ap 51.0786955259025177
miniFE.c 25 Ap 48.6524383203218207
miniFE.c 25 Ap 0.7782579365304793
miniFE.c 25 Ap -3.1716958982586312
miniFE.c 25 Ap -14.3361452168641534
miniFE.c 25 Ap -9.6971029952446468
miniFE.c 25 Ap -4.2640068355223413
miniFE.c 25 Ap 83.6946957052005018
miniFE.c 25 Ap 72.0120461048747273
miniFE.c 25 Ap 69.8241163310451185
miniFE.c 25 Ap 0.2421938853587694
miniFE.c 25 Ap -4.4219174576319604
miniFE.c 25 Ap -12.6711376385957450
miniFE.c 25 Ap -12.1270373647392482
miniFE.c 25 Ap 4.8802989153394485
miniFE.c 25 Ap 14.9544747100285971
miniFE.c 25 Ap -85.8124276413176830
miniFE.c 25 Ap -87.5203997125012165
miniFE.c 25 Ap 0.3106005012043367
miniFE.c 25 Ap -2.5351138493582845
miniFE.c 25 Ap -11.0598822821411176
miniFE.c 25 Ap -9.0843035761059774
miniFE.c 25 Ap -4.4861265044567915
miniFE.c 25 Ap 0.0480829819160498
miniFE.c 25 Ap -4.0566110860314373
miniFE.c 25 Ap -45.4839845302283123
miniFE.c 57 sum 1.1097026711387403
miniFE.c 57 sum 13.3128320915696090
miniFE.c 57 sum 35.8251457745088118
miniFE.c 57 sum 49.6589300327413810
miniFE.c 57 sum 108.5409053569505033
miniFE.c 57 sum 200.9474131699308828
miniFE.c 57 sum 335.2666538981324607
miniFE.c 57 sum 364.3127259256771140
miniFE.c 90 p_ap_dot 364.3127259256771140
miniFE.c 91 alpha 0.0180250191584188
miniFE.c 40 y 1.0019838347688139
miniFE.c 40 y 2.0000375257566345
miniFE.c 40 y 0.9978526469423864
miniFE.c 40 y 2.0024803809620031
miniFE.c 40 y 0.9984144548015438
miniFE.c 40 y 1.9997034656983295
miniFE.c 40 y 1.0025167217896147
miniFE.c 40 y 1.9973212546711496
miniFE.c 40 y -0.1160228906090926
miniFE.c 40 y -0.0061586012541542
miniFE.c 40 y 0.1368543115753647
miniFE.c 40 y -0.1505360584675783
miniFE.c 40 y 0.0803974476551631
miniFE.c 40 y -0.0081894309610755
miniFE.c 40 y -0.1214710130304524
miniFE.c 40 y 0.1759058080187836
miniFE.c 82 oldrtrans 6.5667438644660994
miniFE.c 48 sum 0.0134613111452895
miniFE.c 48 sum 0.0134992395146971
miniFE.c 48 sum 0.0322283421114641
miniFE.c 48 sum 0.0548894470104183
miniFE.c 48 sum 0.0613531965998830
miniFE.c 48 sum 0.0614202633793492
miniFE.c 48 sum 0.0761754703859935
miniFE.c 48 sum 0.1071183236807347
miniFE.c 83 rtrans 0.1071183236807347
miniFE.c 84 beta 0.0163122433113879
miniFE.c 40 y -0.1152322318798816
miniFE.c 40 y -0.0128339879479969
miniFE.c 40 y 0.1255956132618614
miniFE.c 40 y -0.1437099772552572
miniFE.c 40 y 0.1001394614432458
miniFE.c 40 y 0.0133984890614913
miniFE.c 40 y -0.1465057265756002
miniFE.c 40 y 0.1654888096171041
miniFE.c 87 normr 0.3272893577260567
miniFE.c 25 Ap -7.7314731806334098
miniFE.c 25 Ap -7.9251066154982102
miniFE.c 25 Ap -6.7546543436452993
miniFE.c 25 Ap -8.7258508095672624
miniFE.c 25 Ap -7.3175485061117049
miniFE.c 25 Ap -7.1024170063447754
miniFE.c 25 Ap -7.8344697886228589
miniFE.c 25 Ap -6.7740070708014501
miniFE.c 25 Ap -1.7385720600993073
miniFE.c 25 Ap -2.5912184554653166
miniFE.c 25 Ap -0.7836501572690058
miniFE.c 25 Ap -1.6407100189835446
miniFE.c 25 Ap -0.5458242019530577
miniFE.c 25 Ap -0.4164984215334531
miniFE.c 25 Ap -2.0862842546634650
miniFE.c 25 Ap -0.9354912904894657
miniFE.c 25 Ap -1.0738737133540068
miniFE.c 25 Ap -1.2585800828819393
miniFE.c 25 Ap 7.2409887526064605
miniFE.c 25 Ap 5.8596233019829089
miniFE.c 25 Ap 7.5417840004096117
miniFE.c 25 Ap 7.7585138059366860
miniFE.c 25 Ap 6.0074861522487062
miniFE.c 25 Ap 8.0514665729271933
miniFE.c 25 Ap -1.5805817562580768
miniFE.c 25 Ap -1.6571212989261477
miniFE.c 25 Ap -0.4498742850208153
miniFE.c 25 Ap -9.8487525415757418
miniFE.c 25 Ap -9.4814297813822339
miniFE.c 25 Ap -9.3328956054803385
miniFE.c 25 Ap -9.5233871858629104
miniFE.c 25 Ap -8.7421098819738923
miniFE.c 25 Ap -1.6205581221418452
miniFE.c 25 Ap -1.7608799411099434
miniFE.c 25 Ap 0.3488977776731907
miniFE.c 25 Ap -0.1782465144165452
miniFE.c 25 Ap 6.4871622149673156
miniFE.c 25 Ap 6.5473108058515859
miniFE.c 25 Ap 4.4885156422317110
miniFE.c 25 Ap 5.1172635651847402
miniFE.c 25 Ap -1.8502148079561305
miniFE.c 25 Ap -1.9740918734709905
miniFE.c 25 Ap 0.0575038320127679
miniFE.c 25 Ap -1.5356491677415152
miniFE.c 25 Ap -1.0861023964542658
miniFE.c 25 Ap -0.1955950003683212
miniFE.c 25 Ap -1.3108316059304417
miniFE.c 25 Ap -0.7438446031929448
miniFE.c 25 Ap -0.5757868851102620
miniFE.c 25 Ap -0.7220611076886411
miniFE.c 25 Ap 0.7790501262803303
miniFE.c 25 Ap 0.5921936714237955
miniFE.c 25 Ap 1.9994194756688386
miniFE.c 25 Ap 2.1014119766437962
miniFE.c 25 Ap -7.5178903200022784
miniFE.c 25 Ap -7.0752810658191851
miniFE.c 25 Ap -0.7384154015168896
miniFE.c 25 Ap -0.8276616959764409
miniFE.c 25 Ap 0.7235910746750633
miniFE.c 25 Ap 0.0451322481736310
miniFE.c 25 Ap 0.4255959093344898
miniFE.c 25 Ap 0.4715009416551824
miniFE.c 25 Ap 0.0796630251023247
miniFE.c 25 Ap 10.8152828705688329
miniFE.c 57 sum 0.7805839535385500
miniFE.c 57 sum 0.7925900374861479
miniFE.c 57 sum 1.8038189193703158
miniFE.c 57 sum 3.0601473316717431
miniFE.c 57 sum 3.5725873491524869
miniFE.c 57 sum 3.5626209553731569
miniFE.c 57 sum 4.5991901486475841
miniFE.c 57 sum 6.3889984365702768
miniFE.c 90 p_ap_dot 6.3889984365702768
miniFE.c 91 alpha 0.0167660588344482
miniFE.c 40 y 1.0000518443894910
miniFE.c 40 y 1.9998223503596178
miniFE.c 40 y 0.9999583903836834
miniFE.c 40 y 2.0000709310282443
miniFE.c 40 y 1.0000933989037513
miniFE.c 40 y 1.9999281055542271
miniFE.c 40 y 1.0000603981582645
miniFE.c 40 y 2.0000958497896328
miniFE.c 40 y -0.0024494895150675
miniFE.c 40 y 0.0095259007613060
miniFE.c 40 y 0.0018629493100745
miniFE.c 40 y -0.0039653298491932
miniFE.c 40 y -0.0053988943501023
miniFE.c 40 y 0.0042819114197442
miniFE.c 40 y -0.0028464344106707
miniFE.c 40 y -0.0054238609003730
miniFE.c 82 oldrtrans 0.1071183236807347
miniFE.c 48 sum 0.0000059999988844
miniFE.c 48 sum 0.0000967427841987
miniFE.c 48 sum 0.0001002133643306
miniFE.c 48 sum 0.0001159372051435
miniFE.c 48 sum 0.0001450852653471
miniFE.c 48 sum 0.0001634200307536
miniFE.c 48 sum 0.0001715222196078
miniFE.c 48 sum 0.0002009404866744
miniFE.c 83 rtrans 0.0002009404866744
miniFE.c 84 beta 0.0018758740780273
miniFE.c 40 y -0.0026656506718042
miniFE.c 40 y 0.0095018258159966
miniFE.c 40 y 0.0020985508653063
miniFE.c 40 y -0.0042349116702802
miniFE.c 40 y -0.0052110453301933
miniFE.c 40 y 0.0043070452980594
miniFE.c 40 y -0.0031212607054364
miniFE.c 40 y -0.0051134247322087
miniFE.c 87 normr 0.0141753478502093
miniFE.c 25 Ap -0.1788510587860085
miniFE.c 25 Ap -0.0354917866958685
miniFE.c 25 Ap -0.0159349441907444
miniFE.c 25 Ap -0.0740230677670266
miniFE.c 25 Ap -0.1473081347741205
miniFE.c 25 Ap -0.0781524926503601
miniFE.c 25 Ap -0.0937486583227709
miniFE.c 25 Ap -0.1265158061525224
miniFE.c 25 Ap -0.0402181377933796
miniFE.c 25 Ap 0.5910507681954043
miniFE.c 25 Ap 0.6212530492923671
miniFE.c 25 Ap 0.5959968153145631
miniFE.c 25 Ap 0.5390212779819082
miniFE.c 25 Ap 0.5805940248728265
miniFE.c 25 Ap 0.5450197368960784
miniFE.c 25 Ap 0.5094614824239229
miniFE.c 25 Ap -0.0248417663941365
miniFE.c 25 Ap 0.1119082256949126
miniFE.c 25 Ap 0.2539257458232319
miniFE.c 25 Ap 0.2132190337389559
miniFE.c 25 Ap 0.1256829562942093
miniFE.c 25 Ap 0.1953523858515751
miniFE.c 25 Ap 0.1580472651758414
miniFE.c 25 Ap 0.0948904870261272
miniFE.c 25 Ap -0.0365633707832957
miniFE.c 25 Ap 0.0201037700473581
miniFE.c 25 Ap 0.0402754082110841
miniFE.c 25 Ap -0.2366950567241999
miniFE.c 25 Ap -0.2558097546324259
miniFE.c 25 Ap -0.2080623242331227
miniFE.c 25 Ap -0.2121206904039344
miniFE.c 25 Ap -0.2362613117405841
miniFE.c 25 Ap -0.0374881383143580
miniFE.c 25 Ap 0.0664011194456809
miniFE.c 25 Ap 0.1016529546202526
miniFE.c 25 Ap 0.0861188243035576
miniFE.c 25 Ap -0.2607349187912249
miniFE.c 25 Ap -0.2413997008898597
miniFE.c 25 Ap -0.2852617163547179
miniFE.c 25 Ap -0.3046893452499382
miniFE.c 25 Ap -0.0428007534467571
miniFE.c 25 Ap 0.0489133968149095
miniFE.c 25 Ap 0.0828589050613366
miniFE.c 25 Ap 0.0359111401248936
miniFE.c 25 Ap 0.0125176789512725
miniFE.c 25 Ap 0.2987779934984223
miniFE.c 25 Ap 0.2750182110273317
miniFE.c 25 Ap 0.2574989275824459
miniFE.c 25 Ap -0.0133195953256390
miniFE.c 25 Ap 0.0949766092478592
miniFE.c 25 Ap 0.1200583632769487
miniFE.c 25 Ap 0.1145519913711652
miniFE.c 25 Ap 0.0413229431013709
miniFE.c 25 Ap 0.0741092012940250
miniFE.c 25 Ap -0.1308271583556603
miniFE.c 25 Ap -0.1445033042671622
miniFE.c 25 Ap -0.0170816574409137
miniFE.c 25 Ap 0.0489931081045969
miniFE.c 25 Ap 0.0749126665956427
miniFE.c 25 Ap 0.0549195300227229
miniFE.c 25 Ap 0.0351210074799969
miniFE.c 25 Ap 0.0498775261222635
miniFE.c 25 Ap 0.0415295364537136
miniFE.c 25 Ap -0.2901894731905810
miniFE.c 57 sum 0.0003372469436643
miniFE.c 57 sum 0.0051780612096159
miniFE.c 57 sum 0.0053771937232739
miniFE.c 57 sum 0.0063777395095998
miniFE.c 57 sum 0.0079654894993242
miniFE.c 57 sum 0.0090745490446235
miniFE.c 57 sum 0.0095255815300383
miniFE.c 57 sum 0.0110094435592776
miniFE.c 90 p_ap_dot 0.0110094435592776
miniFE.c 91 alpha 0.0182516478323831
miniFE.c 40 y 1.0000031918721850
miniFE.c 40 y 1.9999957743381760
miniFE.c 40 y 0.9999966923950353
miniFE.c 40 y 1.9999936369118372
miniFE.c 40 y 0.9999982887395460
miniFE.c 40 y 2.0000067162282056
miniFE.c 40 y 1.0000034300070759
miniFE.c 40 y 2.0000025213622030
miniFE.c 40 y -0.0001403675759416
miniFE.c 40 y 0.0002273891999407
miniFE.c 40 y 0.0001310415582303
miniFE.c 40 y 0.0003468284091128
miniFE.c 40 y 0.0001621882776790
miniFE.c 40 y -0.0004178683237069
miniFE.c 40 y -0.0002090109905707
miniFE.c 40 y -0.0001274248310338
