filename line variable value
miniFE.c 167 A 67.0947100000000063
miniFE.c 167 A 15.0875500000000002
miniFE.c 167 A 9.3192129999999995
miniFE.c 167 A 13.7164900000000003
miniFE.c 167 A 14.0634099999999993
miniFE.c 167 A 16.0564000000000000
miniFE.c 167 A 4.9967519999999999
miniFE.c 167 A 6.4080630000000003
miniFE.c 167 A 15.0875500000000002
miniFE.c 167 A 66.4365899999999954
miniFE.c 167 A 14.3919700000000006
miniFE.c 167 A 5.9638159999999996
miniFE.c 167 A 10.9336099999999998
miniFE.c 167 A 9.6522659999999991
miniFE.c 167 A 11.3974100000000007
miniFE.c 167 A 6.9539020000000002
miniFE.c 167 A 9.3192129999999995
miniFE.c 167 A 14.3919700000000006
miniFE.c 167 A 67.6740900000000067
miniFE.c 167 A 9.6121750000000006
miniFE.c 167 A 16.7981799999999986
miniFE.c 167 A 16.1756899999999995
miniFE.c 167 A 11.9519400000000005
miniFE.c 167 A 12.3511699999999998
miniFE.c 167 A 13.7164900000000003
miniFE.c 167 A 5.9638159999999996
miniFE.c 167 A 9.6121750000000006
miniFE.c 167 A 65.4017099999999942
miniFE.c 167 A 3.6681119999999998
miniFE.c 167 A 11.0858899999999991
miniFE.c 167 A 1.3002330000000000
miniFE.c 167 A 4.7210279999999996
miniFE.c 167 A 14.0629217187499993
miniFE.c 167 A 10.9336099999999998
miniFE.c 167 A 16.7981799999999986
miniFE.c 167 A 3.6681119999999998
miniFE.c 167 A 66.5612600000000043
miniFE.c 167 A 4.4892070000000004
miniFE.c 167 A 14.0526599999999995
miniFE.c 167 A 3.7993380000000001
miniFE.c 167 A 16.0564000000000000
miniFE.c 167 A 9.6522659999999991
miniFE.c 167 A 16.1756899999999995
miniFE.c 167 A 11.0858899999999991
miniFE.c 167 A 4.4892070000000004
miniFE.c 167 A 66.4632699999999943
miniFE.c 167 A 7.6122389999999998
miniFE.c 167 A 3.4261349999999999
miniFE.c 167 A 4.9967519999999999
miniFE.c 167 A 11.3974100000000007
miniFE.c 167 A 11.9519400000000005
miniFE.c 167 A 1.3002330000000000
miniFE.c 167 A 14.0526599999999995
miniFE.c 167 A 7.6122389999999998
miniFE.c 167 A 65.6581999999999937
miniFE.c 167 A 2.6745570000000001
miniFE.c 167 A 6.4080630000000003
miniFE.c 167 A 6.9539020000000002
miniFE.c 167 A 12.3511699999999998
miniFE.c 167 A 4.7210279999999996
miniFE.c 167 A 3.7993380000000001
miniFE.c 167 A 3.4261349999999999
miniFE.c 167 A 2.6745570000000001
miniFE.c 167 A 64.8721800000000002
miniFE.c 175 b 198.0110999999999990
miniFE.c 175 b 229.8237000000000023
miniFE.c 175 b 210.8053999999999917
miniFE.c 175 b 202.6418999999999926
miniFE.c 175 b 157.2561000000000035
miniFE.c 175 b 225.5886000000000138
miniFE.c 175 b 142.6283999999999992
miniFE.c 175 b 185.1795999999999935
miniFE.c 33 r 0.0000000000000000
miniFE.c 33 r 0.0000000000000000
miniFE.c 33 r 0.0000000000000000
miniFE.c 33 r 0.0000000000000000
miniFE.c 33 r 0.0000000000000000
miniFE.c 33 r 0.0000000000000000
miniFE.c 33 r 0.0000000000000000
miniFE.c 33 r 0.0000000000000000
miniFE.c 25 Ap 0.0000000000000000
miniFE.c 25 Ap 0.0000000000000000
miniFE.c 25 Ap 0.0000000000000000
miniFE.c 25 Ap 0.0000000000000000
miniFE.c 25 Ap 0.0000000000000000
miniFE.c 25 Ap 0.0000000000000000
miniFE.c 25 Ap 0.0000000000000000
miniFE.c 25 Ap 0.0000000000000000
miniFE.c 25 Ap 0.0000000000000000
miniFE.c 25 Ap 0.0000000000000000
miniFE.c 25 Ap 0.0000000000000000
miniFE.c 25 Ap 0.0000000000000000
miniFE.c 25 Ap 0.0000000000000000
miniFE.c 25 Ap 0.0000000000000000
miniFE.c 25 Ap 0.0000000000000000
miniFE.c 25 Ap 0.0000000000000000
miniFE.c 25 Ap 0.0000000000000000
miniFE.c 25 Ap 0.0000000000000000
miniFE.c 25 Ap 0.0000000000000000
miniFE.c 25 Ap 0.0000000000000000
miniFE.c 25 Ap 0.0000000000000000
miniFE.c 25 Ap 0.0000000000000000
miniFE.c 25 Ap 0.0000000000000000
miniFE.c 25 Ap 0.0000000000000000
miniFE.c 25 Ap 0.0000000000000000
miniFE.c 25 Ap 0.0000000000000000
miniFE.c 25 Ap 0.0000000000000000
miniFE.c 25 Ap 0.0000000000000000
miniFE.c 25 Ap 0.0000000000000000
miniFE.c 25 Ap 0.0000000000000000
miniFE.c 25 Ap 0.0000000000000000
miniFE.c 25 Ap 0.0000000000000000
miniFE.c 25 Ap 0.0000000000000000
miniFE.c 25 Ap 0.0000000000000000
miniFE.c 25 Ap 0.0000000000000000
miniFE.c 25 Ap 0.0000000000000000
miniFE.c 25 Ap 0.0000000000000000
miniFE.c 25 Ap 0.0000000000000000
miniFE.c 25 Ap 0.0000000000000000
miniFE.c 25 Ap 0.0000000000000000
miniFE.c 25 Ap 0.0000000000000000
miniFE.c 25 Ap 0.0000000000000000
miniFE.c 25 Ap 0.0000000000000000
miniFE.c 25 Ap 0.0000000000000000
miniFE.c 25 Ap 0.0000000000000000
miniFE.c 25 Ap 0.0000000000000000
miniFE.c 25 Ap 0.0000000000000000
miniFE.c 25 Ap 0.0000000000000000
miniFE.c 25 Ap 0.0000000000000000
miniFE.c 25 Ap 0.0000000000000000
miniFE.c 25 Ap 0.0000000000000000
miniFE.c 25 Ap 0.0000000000000000
miniFE.c 25 Ap 0.0000000000000000
miniFE.c 25 Ap 0.0000000000000000
miniFE.c 25 Ap 0.0000000000000000
miniFE.c 25 Ap 0.0000000000000000
miniFE.c 25 Ap 0.0000000000000000
miniFE.c 25 Ap 0.0000000000000000
miniFE.c 25 Ap 0.0000000000000000
miniFE.c 25 Ap 0.0000000000000000
miniFE.c 25 Ap 0.0000000000000000
miniFE.c 25 Ap 0.0000000000000000
miniFE.c 25 Ap 0.0000000000000000
miniFE.c 25 Ap 0.0000000000000000
miniFE.c 33 r 198.0110999999999990
miniFE.c 33 r 229.8237000000000023
miniFE.c 33 r 210.8053999999999917
miniFE.c 33 r 202.6418999999999926
miniFE.c 33 r 157.2561000000000035
miniFE.c 33 r 225.5886000000000138
miniFE.c 33 r 142.6283999999999992
miniFE.c 33 r 185.1795999999999935
miniFE.c 48 sum 39208.3957232100001420
miniFE.c 48 sum 92027.3288048999966122
miniFE.c 48 sum 136466.2454740600078367
miniFE.c 48 sum 177529.9851096700003836
miniFE.c 48 sum 202259.4660968800017145
miniFE.c 48 sum 253149.6825468399911188
miniFE.c 48 sum 273492.5430333999684080
miniFE.c 48 sum 307784.0272895599482581
miniFE.c 75 rtrans 307784.0272895599482581
miniFE.c 76 normr 554.7828649927464539
miniFE.c 33 r 198.0110999999999990
miniFE.c 33 r 229.8237000000000023
miniFE.c 33 r 210.8053999999999917
miniFE.c 33 r 202.6418999999999926
miniFE.c 33 r 157.2561000000000035
miniFE.c 33 r 225.5886000000000138
miniFE.c 33 r 142.6283999999999992
miniFE.c 33 r 185.1795999999999935
miniFE.c 87 normr 554.7828649927464539
miniFE.c 25 Ap 13285.4973312810016068
miniFE.c 25 Ap 16752.9738962160008668
miniFE.c 25 Ap 18717.5143203662009910
miniFE.c 25 Ap 21497.0499152972006414
miniFE.c 25 Ap 23708.6069245981998392
miniFE.c 25 Ap 27330.7477216381994367
miniFE.c 25 Ap 28043.4264645949988335
miniFE.c 25 Ap 29230.0690077097970061
miniFE.c 25 Ap 2987.5023718050001662
miniFE.c 25 Ap 18256.2053009880000900
miniFE.c 25 Ap 21290.1102936259994749
miniFE.c 25 Ap 22498.6292991164009436
miniFE.c 25 Ap 24218.0061666374022025
miniFE.c 25 Ap 26395.4473404050004319
miniFE.c 25 Ap 28021.0416928490012651
miniFE.c 25 Ap 29308.7624836482027604
miniFE.c 25 Ap 1845.3076172643000064
miniFE.c 25 Ap 5152.9234129532997031
miniFE.c 25 Ap 19418.9870250392996240
miniFE.c 25 Ap 21366.8164301717988565
miniFE.c 25 Ap 24008.4327040697971825
miniFE.c 25 Ap 27657.4839652037990163
miniFE.c 25 Ap 29362.1700442997971550
miniFE.c 25 Ap 31649.3547644317950471
miniFE.c 25 Ap 2716.0172730389999742
miniFE.c 25 Ap 4086.6435322781999275
miniFE.c 25 Ap 6112.9419280231995799
miniFE.c 25 Ap 19366.0687056721981207
miniFE.c 25 Ap 19942.9016931553996983
miniFE.c 25 Ap 22443.7520980093977414
miniFE.c 25 Ap 22629.2022504265987664
miniFE.c 25 Ap 23503.4403270553993934
miniFE.c 25 Ap 2784.6145987435779716
miniFE.c 25 Ap 5297.4173033005781690
miniFE.c 25 Ap 8838.5643574725781946
miniFE.c 25 Ap 9581.8775425653784623
miniFE.c 25 Ap 20049.0417012513789814
miniFE.c 25 Ap 21061.7556234915791720
miniFE.c 25 Ap 23066.0640350355788541
miniFE.c 25 Ap 23769.6239261403788987
miniFE.c 25 Ap 3179.3454260399998930
miniFE.c 25 Ap 5397.6649115441996400
miniFE.c 25 Ap 8807.5877122702004272
miniFE.c 25 Ap 11054.0535250612010714
miniFE.c 25 Ap 11760.0087099739012046
miniFE.c 25 Ap 26753.3647406958989450
miniFE.c 25 Ap 27839.0862096834971453
miniFE.c 25 Ap 28473.5365185294976982
miniFE.c 25 Ap 989.4123599472000024
miniFE.c 25 Ap 3608.8072965641999872
miniFE.c 25 Ap 6128.3407890401995246
miniFE.c 25 Ap 6391.8224746028990921
miniFE.c 25 Ap 8601.6889808288997301
miniFE.c 25 Ap 10318.9233197042995016
miniFE.c 25 Ap 19683.6473325842962367
miniFE.c 25 Ap 20178.9207280214977800
miniFE.c 25 Ap 1268.8676034993000030
miniFE.c 25 Ap 2867.0390905766998912
miniFE.c 25 Ap 5470.7324228946999938
miniFE.c 25 Ap 6427.4105067679001877
miniFE.c 25 Ap 7024.8795832297000743
miniFE.c 25 Ap 7797.7765812907000509
miniFE.c 25 Ap 8179.2443669095000587
miniFE.c 25 Ap 20192.2487104374995397
miniFE.c 57 sum 5787878.1172925252467394
miniFE.c 57 sum 12523726.3537057451903820
miniFE.c 57 sum 19195581.2445636950433254
miniFE.c 57 sum 23958363.0489748232066631
miniFE.c 57 sum 27696281.4060663469135761
miniFE.c 57 sum 34119586.6463302895426750
miniFE.c 57 sum 36997673.8234948292374611
miniFE.c 57 sum 40736866.3627941608428955
miniFE.c 90 p_ap_dot 40736866.3627941608428955
miniFE.c 91 alpha 0.0075554173595116
miniFE.c 40 y 1.4960565023159913
miniFE.c 40 y 1.7364139726071905
miniFE.c 40 y 1.5927227786387907
miniFE.c 40 y 1.5310441290244174
miniFE.c 40 y 1.1881354678290952
miniFE.c 40 y 1.7044160245479230
miniFE.c 40 y 1.0776170893193671
miniFE.c 40 y 1.3991091644674178
miniFE.c 40 y -22.8342708005731652
miniFE.c 40 y 8.3837671452414781
miniFE.c 40 y -28.3186844045297619
miniFE.c 40 y 25.0635989447201837
miniFE.c 40 y -22.3333292406237547
miniFE.c 40 y 10.4591479012142088
miniFE.c 40 y -9.8317679647024647
miniFE.c 40 y 32.6187335655843924
miniFE.c 82 oldrtrans 307784.0272895599482581
miniFE.c 48 sum 521.4039229939082816
miniFE.c 48 sum 591.6914745395387172
miniFE.c 48 sum 1393.6393609428960190
miniFE.c 48 sum 2021.8233530046745727
miniFE.c 48 sum 2520.6009479747744990
miniFE.c 48 sum 2629.9947227942479913
miniFE.c 48 sum 2726.6583841059978113
miniFE.c 48 sum 3790.6401635285797056
miniFE.c 83 rtrans 3790.6401635285797056
miniFE.c 84 beta 0.0123159092981859
miniFE.c 40 y -20.3955840529391565
miniFE.c 40 y 11.2142549890149539
miniFE.c 40 y -25.7224242185619758
miniFE.c 40 y 27.5593182051322323
miniFE.c 40 y -20.3965773764373104
miniFE.c 40 y 13.2374766375189381
miniFE.c 40 y -8.0751695269570938
miniFE.c 40 y 34.8993887230587276
miniFE.c 87 normr 61.5681749244573595
miniFE.c 25 Ap -1368.4357973125775061
miniFE.c 25 Ap -1199.2401644530650628
miniFE.c 25 Ap -1438.9529146222025702
miniFE.c 25 Ap -1060.9358020546883381
miniFE.c 25 Ap -1347.7812322962504368
miniFE.c 25 Ap -1135.2350124135914484
miniFE.c 25 Ap -1175.5846318977532974
miniFE.c 25 Ap -951.9471502989033524
miniFE.c 25 Ap -307.7193941779221973
miniFE.c 25 Ap 437.3174666827187025
miniFE.c 25 Ap 67.1211090019012886
miniFE.c 25 Ap 231.4798118627601582
miniFE.c 25 Ap 8.4715894939714076
miniFE.c 25 Ap 136.2432351680897682
miniFE.c 25 Ap 44.2072172498537128
miniFE.c 25 Ap 286.8941462899092585
miniFE.c 25 Ap -190.0707920487432716
miniFE.c 25 Ap -28.6755706744897054
miniFE.c 25 Ap -1769.4172222596328083
miniFE.c 25 Ap -1504.5122327912158653
miniFE.c 25 Ap -1847.1376109445375278
miniFE.c 25 Ap -1633.0122924737888752
miniFE.c 25 Ap -1729.5262341498084879
miniFE.c 25 Ap -1298.4779511352271584
miniFE.c 25 Ap -279.7558247062993928
miniFE.c 25 Ap -212.8760713747321915
miniFE.c 25 Ap -460.1245143877881674
miniFE.c 25 Ap 1342.3020226619903497
miniFE.c 25 Ap 1267.4850924285522069
miniFE.c 25 Ap 1414.2343023096570960
miniFE.c 25 Ap 1403.7347004101131915
miniFE.c 25 Ap 1568.4956917545575834
miniFE.c 25 Ap -286.8215019446691940
miniFE.c 25 Ap -164.2092114542253967
miniFE.c 25 Ap -596.2991235139887749
miniFE.c 25 Ap -495.2084576939247427
miniFE.c 25 Ap -1852.8303475570864975
miniFE.c 25 Ap -1793.4045747735999612
miniFE.c 25 Ap -1906.8821865782888381
miniFE.c 25 Ap -1774.2876128260004407
miniFE.c 25 Ap -327.4796557876122733
miniFE.c 25 Ap -219.2366836418128742
miniFE.c 25 Ap -635.3146438497635700
miniFE.c 25 Ap -329.7950737526702483
miniFE.c 25 Ap -421.3595316870142824
miniFE.c 25 Ap 458.4464521910989561
miniFE.c 25 Ap 396.9763317863846055
miniFE.c 25 Ap 516.5463489690614551
miniFE.c 25 Ap -101.9116754076918312
miniFE.c 25 Ap 25.9017865466571067
miniFE.c 25 Ap -281.5310843681425581
miniFE.c 25 Ap -245.6975493803288657
miniFE.c 25 Ap -532.3237164150943954
miniFE.c 25 Ap -431.5568804933838578
miniFE.c 25 Ap -961.7579763282381009
miniFE.c 25 Ap -868.4175719232603115
miniFE.c 25 Ap -130.6961875330294447
miniFE.c 25 Ap -52.7133573364083787
miniFE.c 25 Ap -370.4153916719844801
miniFE.c 25 Ap -240.3070787646454676
miniFE.c 25 Ap -317.8005702608840579
miniFE.c 25 Ap -272.4471882413981234
miniFE.c 25 Ap -294.0446894259079045
miniFE.c 25 Ap 1969.9547377063277054
miniFE.c 57 sum 19415.5181178771890700
miniFE.c 57 sum 22632.8222292279897374
miniFE.c 57 sum 56032.8229267774877371
miniFE.c 57 sum 99259.4947992203378817
miniFE.c 57 sum 135448.8893822801182978
miniFE.c 57 sum 142286.6596089537779335
miniFE.c 57 sum 149299.2787224225467071
miniFE.c 57 sum 218049.4948804668674711
miniFE.c 90 p_ap_dot 218049.4948804668674711
miniFE.c 91 alpha 0.0173843106841710
miniFE.c 40 y 1.1414933325545744
miniFE.c 40 y 1.9313660654277407
miniFE.c 40 y 1.1455561644732661
miniFE.c 40 y 2.0101438789463648
miniFE.c 40 y 0.8335550298233765
miniFE.c 40 y 1.9345404310890069
miniFE.c 40 y 0.9372358334353952
miniFE.c 40 y 2.0058109807167228
miniFE.c 40 y -6.2853257848658473
miniFE.c 40 y 3.3963101726677047
miniFE.c 40 y -5.7455402854492235
miniFE.c 40 y -2.2036174675246798
miniFE.c 40 y 8.5114378638194594
miniFE.c 40 y 1.4793456879618567
miniFE.c 40 y 5.2650729092048660
miniFE.c 40 y -1.6275716284569057
miniFE.c 82 oldrtrans 3790.6401635285797056
miniFE.c 48 sum 39.5053202218994812
miniFE.c 48 sum 51.0402430108656162
miniFE.c 48 sum 84.0514761825855601
miniFE.c 48 sum 88.9074061257654478
miniFE.c 48 sum 161.3519806354250079
miniFE.c 48 sum 163.5404442999163450
miniFE.c 48 sum 191.2614370391593468
miniFE.c 48 sum 193.9104264449172206
miniFE.c 83 rtrans 193.9104264449172206
miniFE.c 84 beta 0.0511550603802004
miniFE.c 40 y -7.3286631185834024
miniFE.c 40 y 3.9699760637497281
miniFE.c 40 y -7.0613724494748906
miniFE.c 40 y -0.7938188807039843
miniFE.c 40 y 7.4680497165783795
miniFE.c 40 y 2.1565096046356302
miniFE.c 40 y 4.8519871244730215
miniFE.c 40 y 0.1577087089032485
miniFE.c 87 normr 13.9251724026999835
miniFE.c 25 Ap -491.7145266290490326
miniFE.c 25 Ap -431.8173142684217964
miniFE.c 25 Ap -497.6237481974100092
miniFE.c 25 Ap -508.5121569363973890
miniFE.c 25 Ap -403.4859118717718616
miniFE.c 25 Ap -368.8601310559002968
miniFE.c 25 Ap -344.6159546877154867
miniFE.c 25 Ap -343.6053473454148275
miniFE.c 25 Ap -110.5715712347830078
miniFE.c 25 Ap 153.1801008223715144
miniFE.c 25 Ap 51.5530403707023623
miniFE.c 25 Ap 46.8188506288578523
miniFE.c 25 Ap 128.4715936905363947
miniFE.c 25 Ap 149.2867980260343188
miniFE.c 25 Ap 204.5868845983743824
miniFE.c 25 Ap 205.6835755046340921
miniFE.c 25 Ap -68.2973726073229841
miniFE.c 25 Ap -11.1615961971188042
miniFE.c 25 Ap -489.0335508664030613
miniFE.c 25 Ap -496.6638768660338883
miniFE.c 25 Ap -371.2142334780012902
miniFE.c 25 Ap -336.3312026313927845
miniFE.c 25 Ap -278.3405436389186889
miniFE.c 25 Ap -276.3926565647741427
miniFE.c 25 Ap -100.5235343794180523
miniFE.c 25 Ap -76.8473276108104102
miniFE.c 25 Ap -144.7224753353417270
miniFE.c 25 Ap -196.6395875636683002
miniFE.c 25 Ap -169.2459447816905538
miniFE.c 25 Ap -145.3391165207564768
miniFE.c 25 Ap -139.0304027459415579
miniFE.c 25 Ap -138.2858555153654834
miniFE.c 25 Ap -103.0624157397286353
miniFE.c 25 Ap -59.6562457493539711
miniFE.c 25 Ap -178.2744512026740722
miniFE.c 25 Ap -181.1862677648109354
miniFE.c 25 Ap 315.8965311132889155
miniFE.c 25 Ap 325.5775491259864225
miniFE.c 25 Ap 393.7608745105834487
miniFE.c 25 Ap 394.3600632012505116
miniFE.c 25 Ap -117.6719464972225353
miniFE.c 25 Ap -79.3526815162772152
miniFE.c 25 Ap -193.5752532335237106
miniFE.c 25 Ap -202.3754420249312034
miniFE.c 25 Ap -168.8498209609195158
miniFE.c 25 Ap -25.5211408504283952
miniFE.c 25 Ap 11.4133447659829912
miniFE.c 25 Ap 11.9536760933612225
miniFE.c 25 Ap -36.6195120951078508
miniFE.c 25 Ap 8.6279327936339385
miniFE.c 25 Ap -75.7691670401430031
miniFE.c 25 Ap -76.8013165448573858
miniFE.c 25 Ap 28.1446469853149353
miniFE.c 25 Ap 44.5605135015968585
miniFE.c 25 Ap 363.1332545176713893
miniFE.c 25 Ap 363.5550554490295099
miniFE.c 25 Ap -46.9625349696589183
miniFE.c 25 Ap -19.3557104799975548
miniFE.c 25 Ap -106.5719220367783322
miniFE.c 25 Ap -110.3195631995104975
miniFE.c 25 Ap -81.9459181254250382
miniFE.c 25 Ap -74.5574250911467402
miniFE.c 25 Ap -61.5805089634775484
miniFE.c 25 Ap -51.3496012119384062
miniFE.c 57 sum 2518.1678364383810731
miniFE.c 57 sum 3334.7267078982386010
miniFE.c 57 sum 5286.4381982019094721
miniFE.c 57 sum 5396.2121212443098557
miniFE.c 57 sum 8341.3126794642412278
miniFE.c 57 sum 8367.0908967702780501
miniFE.c 57 sum 10131.0553448460450454
miniFE.c 57 sum 10122.9570655362131220
miniFE.c 90 p_ap_dot 10122.9570655362131220
miniFE.c 91 alpha 0.0191555120889615
miniFE.c 40 y 1.0011090375906238
miniFE.c 40 y 2.0074129899097866
miniFE.c 40 y 1.0102919591526902
miniFE.c 40 y 1.9949378717805937
miniFE.c 40 y 0.9766093464502592
miniFE.c 40 y 1.9758494768905663
miniFE.c 40 y 1.0301781314537237
miniFE.c 40 y 2.0088319717966536
miniFE.c 40 y 0.2966106000410633
miniFE.c 40 y -0.5436640444121399
miniFE.c 40 y -0.4510974113225075
miniFE.c 40 y 0.4453189095322876
miniFE.c 40 y 0.9572689057642823
miniFE.c 40 y 1.2503669010479457
miniFE.c 40 y -1.6990103504520890
miniFE.c 40 y -0.6439437216782673
miniFE.c 82 oldrtrans 193.9104264449172206
miniFE.c 48 sum 0.0879778480567196
miniFE.c 48 sum 0.3835484412432848
miniFE.c 48 sum 0.5870373157451523
miniFE.c 48 sum 0.7853462469321780
miniFE.c 48 sum 1.7017100048753244
miniFE.c 48 sum 3.2651273921115678
miniFE.c 48 sum 6.1517635630548977
miniFE.c 48 sum 6.5664270797437556
miniFE.c 83 rtrans 6.5664270797437556
miniFE.c 84 beta 0.0338631975604934
miniFE.c 40 y 0.0484386330021719
miniFE.c 40 y -0.4092279606549529
miniFE.c 40 y -0.6902180616273008
miniFE.c 40 y 0.4184376639477588
miniFE.c 40 y 1.2101609487083627
miniFE.c 40 y 1.3233932118308236
miniFE.c 40 y -1.5347065518950889
miniFE.c 40 y -0.6386032005116663
miniFE.c 87 normr 2.5625040643370216
miniFE.c 25 Ap 3.2499760340771542
miniFE.c 25 Ap -2.9242712837024807
miniFE.c 25 Ap -9.3565604164544229
miniFE.c 25 Ap -3.6170643832916287
miniFE.c 25 Ap 13.4019252043830459
miniFE.c 25 Ap 34.6508559708234785
miniFE.c 25 Ap 26.9823079382285904
miniFE.c 25 Ap 22.8900983973482006
miniFE.c 25 Ap 0.7308202973519188
miniFE.c 25 Ap -26.4568899412173195
miniFE.c 25 Ap -36.3904875776155876
miniFE.c 25 Ap -33.8950023423613231
miniFE.c 25 Ap -20.6635744919540798
miniFE.c 25 Ap -7.8898311887686248
miniFE.c 25 Ap -25.3815109904032319
miniFE.c 25 Ap -29.8222950636477080
miniFE.c 25 Ap 0.4514099383760695
miniFE.c 25 Ap -5.4381865945311940
miniFE.c 25 Ap -52.1480658167226991
miniFE.c 25 Ap -48.1259697642656477
miniFE.c 25 Ap -27.7974683188918057
miniFE.c 25 Ap -6.3906699762120702
miniFE.c 25 Ap -24.7333906020690577
miniFE.c 25 Ap -32.6208872941327357
miniFE.c 25 Ap 0.6644080251879610
miniFE.c 25 Ap -1.7761522342134177
miniFE.c 25 Ap -8.4106490307358186
miniFE.c 25 Ap 18.9558897198529586
miniFE.c 25 Ap 23.3948956177414900
miniFE.c 25 Ap 38.0658871908446983
miniFE.c 25 Ap 36.0704110867544898
miniFE.c 25 Ap 33.0555474962492966
miniFE.c 25 Ap 0.6811887040728039
miniFE.c 25 Ap -3.7931502188237958
miniFE.c 25 Ap -15.3875574572902867
miniFE.c 25 Ap -13.8526812409115454
miniFE.c 25 Ap 66.6971563079124508
miniFE.c 25 Ap 72.6381423782158606
miniFE.c 25 Ap 51.0714330046618272
miniFE.c 25 Ap 48.6451635980362340
miniFE.c 25 Ap 0.7777500669360731
miniFE.c 25 Ap -3.1722270639430663
miniFE.c 25 Ap -14.3369804612271778
miniFE.c 25 Ap -9.6982265468453583
miniFE.c 25 Ap -4.2655635447771356
miniFE.c 25 Ap 83.6914768093020740
miniFE.c 25 Ap 72.0089237414107544
miniFE.c 25 Ap 69.8209829650257205
miniFE.c 25 Ap 0.2420358363308685
miniFE.c 25 Ap -4.4221030147174991
miniFE.c 25 Ap -12.6715478742033021
miniFE.c 25 Ap -12.1274814150955166
miniFE.c 25 Ap 4.8784989423805420
miniFE.c 25 Ap 14.9524843618143990
miniFE.c 25 Ap -85.8135853638237194
miniFE.c 25 Ap -87.5215660239746001
miniFE.c 25 Ap 0.3103978119117968
miniFE.c 25 Ap -2.5353333221426015
miniFE.c 25 Ap -11.0603339383718708
miniFE.c 25 Ap -9.0848780106199101
miniFE.c 25 Ap -4.4870675320761766
miniFE.c 25 Ap 0.0470562697398220
miniFE.c 25 Ap -4.0576038815770517
miniFE.c 25 Ap -45.4851856537459582
miniFE.c 57 sum 1.1087650756527530
miniFE.c 57 sum 13.3128820665995740
miniFE.c 57 sum 35.8284076633185151
miniFE.c 57 sum 49.6600937381632548
miniFE.c 57 sum 108.5285710680362854
miniFE.c 57 sum 200.9291859673068927
miniFE.c 57 sum 335.2491067764193531
miniFE.c 57 sum 364.2960919107688369
miniFE.c 90 p_ap_dot 364.2960919107688369
miniFE.c 91 alpha 0.0180249726130802
miniFE.c 40 y 1.0019821426239028
miniFE.c 40 y 2.0000366671264742
miniFE.c 40 y 0.9978507974948048
miniFE.c 40 y 2.0024801992135335
miniFE.c 40 y 0.9984224644081466
miniFE.c 40 y 1.9997036032901532
miniFE.c 40 y 1.0025150878867000
miniFE.c 40 y 1.9973211665968056
miniFE.c 40 y -0.1159827966818490
miniFE.c 40 y -0.0061179926306931
miniFE.c 40 y 0.1368931887686110
miniFE.c 40 y -0.1505064287979778
miniFE.c 40 y 0.0804411641508732
miniFE.c 40 y -0.0081544047149822
miniFE.c 40 y -0.1214365198160563
miniFE.c 40 y 0.1759255040313721
miniFE.c 82 oldrtrans 6.5664270797437556
miniFE.c 48 sum 0.0134520091261431
miniFE.c 48 sum 0.0134894389599723
miniFE.c 48 sum 0.0322291840912109
miniFE.c 48 sum 0.0548813692007317
miniFE.c 48 sum 0.0613521500906794
miniFE.c 48 sum 0.0614186444069351
miniFE.c 48 sum 0.0761654727519706
miniFE.c 48 sum 0.1071152557206629
miniFE.c 83 rtrans 0.1071152557206629
miniFE.c 84 beta 0.0163125630452966
miniFE.c 40 y -0.1151926384271731
miniFE.c 40 y -0.0127935495387752
miniFE.c 40 y 0.1256339631233132
miniFE.c 40 y -0.1436806380243034
miniFE.c 40 y 0.1001819909216343
miniFE.c 40 y 0.0134335304867257
miniFE.c 40 y -0.1464715171998747
miniFE.c 40 y 0.1655082490620973
miniFE.c 87 normr 0.3272846707694433
miniFE.c 25 Ap -7.7288166694060365
miniFE.c 25 Ap -7.9218399877497845
miniFE.c 25 Ap -6.7510303253694834
miniFE.c 25 Ap -8.7218243600234597
miniFE.c 25 Ap -7.3129239470762384
miniFE.c 25 Ap -7.0972298081691765
miniFE.c 25 Ap -7.8291116546806849
miniFE.c 25 Ap -6.7685243676710742
miniFE.c 25 Ap -1.7379746919018955
miniFE.c 25 Ap -2.5879344972541927
miniFE.c 25 Ap -0.7798142690023622
miniFE.c 25 Ap -1.6366991569419109
miniFE.c 25 Ap -0.5413483391812206
miniFE.c 25 Ap -0.4116843296042348
miniFE.c 25 Ap -2.0810802644532589
miniFE.c 25 Ap -0.9301521202838421
miniFE.c 25 Ap -1.0735047335348111
miniFE.c 25 Ap -1.2576291146903777
miniFE.c 25 Ap 7.2445350127734045
miniFE.c 25 Ap 5.8634515759721459
miniFE.c 25 Ap 7.5463266922321246
miniFE.c 25 Ap 7.7636233169909481
miniFE.c 25 Ap 6.0130045317090772
miniFE.c 25 Ap 8.0572250522773814
miniFE.c 25 Ap -1.5800386730599356
miniFE.c 25 Ap -1.6563370484960758
miniFE.c 25 Ap -0.4487214090112424
miniFE.c 25 Ap -9.8456808296917018
miniFE.c 25 Ap -9.4782020666081639
miniFE.c 25 Ap -9.3292794253206761
miniFE.c 25 Ap -9.5197265255440211
miniFE.c 25 Ap -8.7383574474908858
miniFE.c 25 Ap -1.6199450567776084
miniFE.c 25 Ap -1.7598247379502563
miniFE.c 25 Ap 0.3505971887085215
miniFE.c 25 Ap -0.1764394837960819
miniFE.c 25 Ap 6.4918000612564608
miniFE.c 25 Ap 6.5521059603521827
miniFE.c 25 Ap 4.4937915294581918
miniFE.c 25 Ap 5.1226133094332829
miniFE.c 25 Ap -1.8495790796420621
miniFE.c 25 Ap -1.9730658228744977
miniFE.c 25 Ap 0.0591502180796490
miniFE.c 25 Ap -1.5336775301875953
miniFE.c 25 Ap -1.0839398352682581
miniFE.c 25 Ap -0.1911034714757777
miniFE.c 25 Ap -1.3060796670938344
miniFE.c 25 Ap -0.7390260621934656
miniFE.c 25 Ap -0.5755890464462541
miniFE.c 25 Ap -0.7214023758949860
miniFE.c 25 Ap 0.7801672133170664
miniFE.c 25 Ap 0.5933489062968124
miniFE.c 25 Ap 2.0011723628416260
miniFE.c 25 Ap 2.1034316075203683
miniFE.c 25 Ap -7.5136245630924439
miniFE.c 25 Ap -7.0709633170056678
miniFE.c 25 Ap -0.7381616841775462
miniFE.c 25 Ap -0.8271267739023342
miniFE.c 25 Ap 0.7245996624074384
miniFE.c 25 Ap 0.0462793472368377
miniFE.c 25 Ap 0.4269045922610580
miniFE.c 25 Ap 0.4729296812351959
miniFE.c 25 Ap 0.0811832596076505
miniFE.c 25 Ap 10.8180641842488594
miniFE.c 57 sum 0.7796841801706446
miniFE.c 57 sum 0.7915841274000927
miniFE.c 57 sum 1.8038452424941447
miniFE.c 57 sum 3.0593780158340582
miniFE.c 57 sum 3.5725716158947467
miniFE.c 57 sum 3.5626438867577859
miniFE.c 57 sum 4.5983386118642642
miniFE.c 57 sum 6.3888174732406791
miniFE.c 90 p_ap_dot 6.3888174732406791
miniFE.c 91 alpha 0.0167660535254468
miniFE.c 40 y 1.0000508166822955
miniFE.c 40 y 1.9998221697901266
miniFE.c 40 y 0.9999571832451443
miniFE.c 40 y 2.0000712419458475
miniFE.c 40 y 1.0001021210302246
miniFE.c 40 y 1.9999288305813294
miniFE.c 40 y 1.0000593385893735
miniFE.c 40 y 2.0000960867594837
miniFE.c 40 y -0.0025013548451850
miniFE.c 40 y 0.0094769876047936
miniFE.c 40 y 0.0018053222755577
miniFE.c 40 y -0.0039986601088591
miniFE.c 40 y -0.0054448447852513
miniFE.c 40 y 0.0042361458004536
miniFE.c 40 y -0.0028843703666686
miniFE.c 40 y -0.0054507391234631
miniFE.c 82 oldrtrans 0.1071152557206629
miniFE.c 48 sum 0.0000062567760615
miniFE.c 48 sum 0.0000960700701229
miniFE.c 48 sum 0.0000993292586416
miniFE.c 48 sum 0.0001153185413077
miniFE.c 48 sum 0.0001449648760432
miniFE.c 48 sum 0.0001629098072859
miniFE.c 48 sum 0.0001712293996980
miniFE.c 48 sum 0.0002009399566901
miniFE.c 83 rtrans 0.0002009399566901
miniFE.c 84 beta 0.0018759228584032
miniFE.c 40 y -0.0027174473487303
miniFE.c 40 y 0.0094529878927737
miniFE.c 40 y 0.0020410018987725
miniFE.c 40 y -0.0042681939020389
miniFE.c 40 y -0.0052569110984810
miniFE.c 40 y 0.0042613460673627
miniFE.c 40 y -0.0031591396338888
miniFE.c 40 y -0.0051402584157932
miniFE.c 87 normr 0.0141753291563227
miniFE.c 25 Ap -0.1823263418033271
miniFE.c 25 Ap -0.0397039143217096
miniFE.c 25 Ap -0.0206833828936440
miniFE.c 25 Ap -0.0792280218690212
miniFE.c 25 Ap -0.1531581179805104
miniFE.c 25 Ap -0.0847362409845077
miniFE.c 25 Ap -0.1005216782684208
miniFE.c 25 Ap -0.1334607780331037
miniFE.c 25 Ap -0.0409996227463356
miniFE.c 25 Ap 0.5870246581608335
miniFE.c 25 Ap 0.6163986962579107
miniFE.c 25 Ap 0.5909439731738287
miniFE.c 25 Ap 0.5334669574183655
miniFE.c 25 Ap 0.5745986031786043
miniFE.c 25 Ap 0.5385925935239237
miniFE.c 25 Ap 0.5028477402458227
miniFE.c 25 Ap -0.0253244706591028
miniFE.c 25 Ap 0.1107226475040593
miniFE.c 25 Ap 0.2488455936917616
miniFE.c 25 Ap 0.2078189669714311
miniFE.c 25 Ap 0.1195124280951489
miniFE.c 25 Ap 0.1884426410635274
miniFE.c 25 Ap 0.1506847937076664
miniFE.c 25 Ap 0.0871965881702741
miniFE.c 25 Ap -0.0372738393843854
miniFE.c 25 Ap 0.0191020410583445
miniFE.c 25 Ap 0.0387205084846783
miniFE.c 25 Ap -0.2404266713202365
miniFE.c 25 Ap -0.2597096100035080
miniFE.c 25 Ap -0.2124687962487923
miniFE.c 25 Ap -0.2165764138523825
miniFE.c 25 Ap -0.2408437177605777
miniFE.c 25 Ap -0.0382152493400187
miniFE.c 25 Ap 0.0651400336142906
miniFE.c 25 Ap 0.0994251508902131
miniFE.c 25 Ap 0.0837689376198175
miniFE.c 25 Ap -0.2661376888030645
miniFE.c 25 Ap -0.2470076242080373
miniFE.c 25 Ap -0.2914019393756012
miniFE.c 25 Ap -0.3109315185045440
miniFE.c 25 Ap -0.0436324216101529
miniFE.c 25 Ap 0.0476103320256782
miniFE.c 25 Ap 0.0806249460296338
miniFE.c 25 Ap 0.0333082179329601
miniFE.c 25 Ap 0.0097088558312813
miniFE.c 25 Ap 0.2929318500698479
miniFE.c 25 Ap 0.2688837241423138
miniFE.c 25 Ap 0.2512725048749203
miniFE.c 25 Ap -0.0135784104746627
miniFE.c 25 Ap 0.0941611682643150
miniFE.c 25 Ap 0.1185551004983302
miniFE.c 25 Ap 0.1130054539365005
miniFE.c 25 Ap 0.0391318696193199
miniFE.c 25 Ap 0.0715702543457951
miniFE.c 25 Ap -0.1358531675640030
miniFE.c 25 Ap -0.1496010816917715
miniFE.c 25 Ap -0.0174135738098466
miniFE.c 25 Ap 0.0483215776036881
miniFE.c 25 Ap 0.0735303390257502
miniFE.c 25 Ap 0.0533800761047955
miniFE.c 25 Ap 0.0334072940057147
miniFE.c 25 Ap 0.0480072409142185
miniFE.c 25 Ap 0.0395579418924237
miniFE.c 25 Ap -0.2939018273034263
miniFE.c 57 sum 0.0003626726374255
miniFE.c 57 sum 0.0051160862378779
miniFE.c 57 sum 0.0052940546398999
miniFE.c 57 sum 0.0063220223273900
miniFE.c 57 sum 0.0079565616778841
miniFE.c 57 sum 0.0090273207783692
miniFE.c 57 sum 0.0094999314848143
miniFE.c 57 sum 0.0110106628260278
miniFE.c 90 p_ap_dot 0.0110106628260278
miniFE.c 91 alpha 0.0182495786007630
miniFE.c 40 y 1.0000012244133114
miniFE.c 40 y 1.9999946828356878
miniFE.c 40 y 0.9999944306697203
miniFE.c 40 y 1.9999933492057489
miniFE.c 40 y 1.0000061846179356
miniFE.c 40 y 2.0000065983513307
miniFE.c 40 y 1.0000016856223140
miniFE.c 40 y 2.0000022792094962
miniFE.c 40 y -0.0000657518863509
miniFE.c 40 y 0.0003002282449614
miniFE.c 40 y 0.0002140212860259
miniFE.c 40 y 0.0003966362489125
miniFE.c 40 y 0.0002295244011520
miniFE.c 40 y -0.0003494715274719
miniFE.c 40 y -0.0001542136675754
miniFE.c 40 y -0.0000871546251813
