filename line variable value
miniFE.c 167 A 67.0947100000000063
miniFE.c 167 A 15.0875500000000002
miniFE.c 167 A 9.3192129999999995
miniFE.c 167 A 13.7164900000000003
miniFE.c 167 A 14.0634099999999993
miniFE.c 167 A 16.0564000000000000
miniFE.c 167 A 4.9967519999999999
miniFE.c 167 A 6.4080630000000003
miniFE.c 167 A 15.0875500000000002
miniFE.c 167 A 66.4365899999999954
miniFE.c 167 A 14.3919700000000006
miniFE.c 167 A 5.9638159999999996
miniFE.c 167 A 10.9336099999999998
miniFE.c 167 A 9.6522659999999991
miniFE.c 167 A 11.3974100000000007
miniFE.c 167 A 6.9539020000000002
miniFE.c 167 A 9.3192129999999995
miniFE.c 167 A 14.3919700000000006
miniFE.c 167 A 67.6740900000000067
miniFE.c 167 A 9.6121750000000006
miniFE.c 167 A 16.7981799999999986
miniFE.c 167 A 16.1756899999999995
miniFE.c 167 A 11.9519400000000005
miniFE.c 167 A 12.3511699999999998
miniFE.c 167 A 13.7164900000000003
miniFE.c 167 A 5.9638159999999996
miniFE.c 167 A 9.6121750000000006
miniFE.c 167 A 65.4017099999999942
miniFE.c 167 A 3.6681119999999998
miniFE.c 167 A 11.0858899999999991
miniFE.c 167 A 1.3002330000000000
miniFE.c 167 A 4.7210279999999996
miniFE.c 167 A 14.0634099999999993
miniFE.c 167 A 10.9336099999999998
miniFE.c 167 A 16.7981799999999986
miniFE.c 167 A 3.6681119999999998
miniFE.c 167 A 66.5612600000000043
miniFE.c 167 A 4.4892070000000004
miniFE.c 167 A 14.0526599999999995
miniFE.c 167 A 3.7993380000000001
miniFE.c 167 A 16.0564000000000000
miniFE.c 167 A 9.6522659999999991
miniFE.c 167 A 16.1756899999999995
miniFE.c 167 A 11.0858899999999991
miniFE.c 167 A 4.4892070000000004
miniFE.c 167 A 66.4632699999999943
miniFE.c 167 A 7.6122389999999998
miniFE.c 167 A 3.4261349999999999
miniFE.c 167 A 4.9967519999999999
miniFE.c 167 A 11.3974100000000007
miniFE.c 167 A 11.9519400000000005
miniFE.c 167 A 1.3002330000000000
miniFE.c 167 A 14.0526599999999995
miniFE.c 167 A 7.6122389999999998
miniFE.c 167 A 65.6581999999999937
miniFE.c 167 A 2.6745570000000001
miniFE.c 167 A 6.4080630000000003
miniFE.c 167 A 1780.1989120000000639
miniFE.c 167 A 12.3511699999999998
miniFE.c 167 A 4.7210279999999996
miniFE.c 167 A 3.7993380000000001
miniFE.c 167 A 3.4261349999999999
miniFE.c 167 A 2.6745570000000001
miniFE.c 167 A 64.8721800000000002
miniFE.c 175 b 198.0110999999999990
miniFE.c 175 b 229.8237000000000023
miniFE.c 175 b 210.8053999999999917
miniFE.c 175 b 202.6418999999999926
miniFE.c 175 b 157.2561000000000035
miniFE.c 175 b 225.5886000000000138
miniFE.c 175 b 142.6283999999999992
miniFE.c 175 b 185.1795999999999935
miniFE.c 33 r 0.0000000000000000
miniFE.c 33 r 0.0000000000000000
miniFE.c 33 r 0.0000000000000000
miniFE.c 33 r 0.0000000000000000
miniFE.c 33 r 0.0000000000000000
miniFE.c 33 r 0.0000000000000000
miniFE.c 33 r 0.0000000000000000
miniFE.c 33 r 0.0000000000000000
miniFE.c 25 Ap 0.0000000000000000
miniFE.c 25 Ap 0.0000000000000000
miniFE.c 25 Ap 0.0000000000000000
miniFE.c 25 Ap 0.0000000000000000
miniFE.c 25 Ap 0.0000000000000000
miniFE.c 25 Ap 0.0000000000000000
miniFE.c 25 Ap 0.0000000000000000
miniFE.c 25 Ap 0.0000000000000000
miniFE.c 25 Ap 0.0000000000000000
miniFE.c 25 Ap 0.0000000000000000
miniFE.c 25 Ap 0.0000000000000000
miniFE.c 25 Ap 0.0000000000000000
miniFE.c 25 Ap 0.0000000000000000
miniFE.c 25 Ap 0.0000000000000000
miniFE.c 25 Ap 0.0000000000000000
miniFE.c 25 Ap 0.0000000000000000
miniFE.c 25 Ap 0.0000000000000000
miniFE.c 25 Ap 0.0000000000000000
miniFE.c 25 Ap 0.0000000000000000
miniFE.c 25 Ap 0.0000000000000000
miniFE.c 25 Ap 0.0000000000000000
miniFE.c 25 Ap 0.0000000000000000
miniFE.c 25 Ap 0.0000000000000000
miniFE.c 25 Ap 0.0000000000000000
miniFE.c 25 Ap 0.0000000000000000
miniFE.c 25 Ap 0.0000000000000000
miniFE.c 25 Ap 0.0000000000000000
miniFE.c 25 Ap 0.0000000000000000
miniFE.c 25 Ap 0.0000000000000000
miniFE.c 25 Ap 0.0000000000000000
miniFE.c 25 Ap 0.0000000000000000
miniFE.c 25 Ap 0.0000000000000000
miniFE.c 25 Ap 0.0000000000000000
miniFE.c 25 Ap 0.0000000000000000
miniFE.c 25 Ap 0.0000000000000000
miniFE.c 25 Ap 0.0000000000000000
miniFE.c 25 Ap 0.0000000000000000
miniFE.c 25 Ap 0.0000000000000000
miniFE.c 25 Ap 0.0000000000000000
miniFE.c 25 Ap 0.0000000000000000
miniFE.c 25 Ap 0.0000000000000000
miniFE.c 25 Ap 0.0000000000000000
miniFE.c 25 Ap 0.0000000000000000
miniFE.c 25 Ap 0.0000000000000000
miniFE.c 25 Ap 0.0000000000000000
miniFE.c 25 Ap 0.0000000000000000
miniFE.c 25 Ap 0.0000000000000000
miniFE.c 25 Ap 0.0000000000000000
miniFE.c 25 Ap 0.0000000000000000
miniFE.c 25 Ap 0.0000000000000000
miniFE.c 25 Ap 0.0000000000000000
miniFE.c 25 Ap 0.0000000000000000
miniFE.c 25 Ap 0.0000000000000000
miniFE.c 25 Ap 0.0000000000000000
miniFE.c 25 Ap 0.0000000000000000
miniFE.c 25 Ap 0.0000000000000000
miniFE.c 25 Ap 0.0000000000000000
miniFE.c 25 Ap 0.0000000000000000
miniFE.c 25 Ap 0.0000000000000000
miniFE.c 25 Ap 0.0000000000000000
miniFE.c 25 Ap 0.0000000000000000
miniFE.c 25 Ap 0.0000000000000000
miniFE.c 25 Ap 0.0000000000000000
miniFE.c 25 Ap 0.0000000000000000
miniFE.c 33 r 198.0110999999999990
miniFE.c 33 r 229.8237000000000023
miniFE.c 33 r 210.8053999999999917
miniFE.c 33 r 202.6418999999999926
miniFE.c 33 r 157.2561000000000035
miniFE.c 33 r 225.5886000000000138
miniFE.c 33 r 142.6283999999999992
miniFE.c 33 r 185.1795999999999935
miniFE.c 48 sum 39208.3957232100001420
miniFE.c 48 sum 92027.3288048999966122
miniFE.c 48 sum 136466.2454740600078367
miniFE.c 48 sum 177529.9851096700003836
miniFE.c 48 sum 202259.4660968800017145
miniFE.c 48 sum 253149.6825468399911188
miniFE.c 48 sum 273492.5430333999684080
miniFE.c 48 sum 307784.0272895599482581
miniFE.c 75 rtrans 307784.0272895599482581
miniFE.c 76 normr 554.7828649927464539
miniFE.c 33 r 198.0110999999999990
miniFE.c 33 r 229.8237000000000023
miniFE.c 33 r 210.8053999999999917
miniFE.c 33 r 202.6418999999999926
miniFE.c 33 r 157.2561000000000035
miniFE.c 33 r 225.5886000000000138
miniFE.c 33 r 142.6283999999999992
miniFE.c 33 r 185.1795999999999935
miniFE.c 87 normr 554.7828649927464539
miniFE.c 25 Ap 13285.4973312810016068
miniFE.c 25 Ap 16752.9738962160008668
miniFE.c 25 Ap 18717.5143203662009910
miniFE.c 25 Ap 21497.0499152972006414
miniFE.c 25 Ap 23708.6069245981998392
miniFE.c 25 Ap 27330.7477216381994367
miniFE.c 25 Ap 28043.4264645949988335
miniFE.c 25 Ap 29230.0690077097970061
miniFE.c 25 Ap 2987.5023718050001662
miniFE.c 25 Ap 18256.2053009880000900
miniFE.c 25 Ap 21290.1102936259994749
miniFE.c 25 Ap 22498.6292991164009436
miniFE.c 25 Ap 24218.0061666374022025
miniFE.c 25 Ap 26395.4473404050004319
miniFE.c 25 Ap 28021.0416928490012651
miniFE.c 25 Ap 29308.7624836482027604
miniFE.c 25 Ap 1845.3076172643000064
miniFE.c 25 Ap 5152.9234129532997031
miniFE.c 25 Ap 19418.9870250392996240
miniFE.c 25 Ap 21366.8164301717988565
miniFE.c 25 Ap 24008.4327040697971825
miniFE.c 25 Ap 27657.4839652037990163
miniFE.c 25 Ap 29362.1700442997971550
miniFE.c 25 Ap 31649.3547644317950471
miniFE.c 25 Ap 2716.0172730389999742
miniFE.c 25 Ap 4086.6435322781999275
miniFE.c 25 Ap 6112.9419280231995799
miniFE.c 25 Ap 19366.0687056721981207
miniFE.c 25 Ap 19942.9016931553996983
miniFE.c 25 Ap 22443.7520980093977414
miniFE.c 25 Ap 22629.2022504265987664
miniFE.c 25 Ap 23503.4403270553993934
miniFE.c 25 Ap 2784.7112838509997346
miniFE.c 25 Ap 5297.5139884079999320
miniFE.c 25 Ap 8838.6610425799990480
miniFE.c 25 Ap 9581.9742276727993158
miniFE.c 25 Ap 20049.1383863587980159
miniFE.c 25 Ap 21061.8523085989982064
miniFE.c 25 Ap 23066.1607201429978886
miniFE.c 25 Ap 23769.7206112477979332
miniFE.c 25 Ap 3179.3454260399998930
miniFE.c 25 Ap 5397.6649115441996400
miniFE.c 25 Ap 8807.5877122702004272
miniFE.c 25 Ap 11054.0535250612010714
miniFE.c 25 Ap 11760.0087099739012046
miniFE.c 25 Ap 26753.3647406958989450
miniFE.c 25 Ap 27839.0862096834971453
miniFE.c 25 Ap 28473.5365185294976982
miniFE.c 25 Ap 989.4123599472000024
miniFE.c 25 Ap 3608.8072965641999872
miniFE.c 25 Ap 6128.3407890401995246
miniFE.c 25 Ap 6391.8224746028990921
miniFE.c 25 Ap 8601.6889808288997301
miniFE.c 25 Ap 10318.9233197042995016
miniFE.c 25 Ap 19683.6473325842962367
miniFE.c 25 Ap 20178.9207280214977800
miniFE.c 25 Ap 1268.8676034993000030
miniFE.c 25 Ap 410400.7682953137555160
miniFE.c 25 Ap 413004.4616276317392476
miniFE.c 25 Ap 413961.1397115049185231
miniFE.c 25 Ap 414558.6087879667175002
miniFE.c 25 Ap 415331.5057860277011059
miniFE.c 25 Ap 415712.9735716464929283
miniFE.c 25 Ap 427725.9779151745024137
miniFE.c 57 sum 5787878.1172925252467394
miniFE.c 57 sum 12523726.3537057451903820
miniFE.c 57 sum 19195581.2445636950433254
miniFE.c 57 sum 23958363.0489748232066631
miniFE.c 57 sum 27696296.6103892698884010
miniFE.c 57 sum 34119601.8506532162427902
miniFE.c 57 sum 36997689.0278177559375763
miniFE.c 57 sum 116203814.5277585983276367
miniFE.c 90 p_ap_dot 116203814.5277585983276367
miniFE.c 91 alpha 0.0026486568323111
miniFE.c 40 y 0.5244634528884370
miniFE.c 40 y 0.6087241132320171
miniFE.c 40 y 0.5583511629980749
miniFE.c 40 y 0.5367288529475032
miniFE.c 40 y 0.4165174436875980
miniFE.c 40 y 0.5975067866814964
miniFE.c 40 y 0.3777736861416008
miniFE.c 40 y 0.4904772127446370
miniFE.c 40 y 120.5906780138044354
miniFE.c 40 y 152.1948460011018653
miniFE.c 40 y 126.9771202649497752
miniFE.c 40 y 140.3893521949284207
miniFE.c 40 y 94.2982671008924882
miniFE.c 40 y 150.1719729601371682
miniFE.c 40 y 89.1813637450617307
miniFE.c 40 y -947.7197337619747941
miniFE.c 82 oldrtrans 307784.0272895599482581
miniFE.c 48 sum 14542.1116238290560432
miniFE.c 48 sum 37705.3827731281635351
miniFE.c 48 sum 53828.5718439076808863
miniFE.c 48 sum 73537.7420536193385487
miniFE.c 48 sum 82429.9052318506001029
miniFE.c 48 sum 104981.5266945907642366
miniFE.c 48 sum 112934.8423340197768994
miniFE.c 48 sum 1011107.5360958881210536
miniFE.c 83 rtrans 1011107.5360958881210536
miniFE.c 84 beta 3.2851202351207420
miniFE.c 40 y 771.0809494023211528
miniFE.c 40 y 907.1933333814207572
miniFE.c 40 y 819.4982054776718314
miniFE.c 40 y 806.0923583682422304
miniFE.c 40 y 610.9034633070634754
miniFE.c 40 y 891.2576476326962620
miniFE.c 40 y 557.7328066879570088
miniFE.c 40 y -339.3824826704098996
miniFE.c 87 normr 1005.5384309393093645
miniFE.c 25 Ap 51735.4526866734158830
miniFE.c 25 Ap 65422.7774637322727358
miniFE.c 25 Ap 73059.8557936964643886
miniFE.c 25 Ap 84116.6135663308814401
miniFE.c 25 Ap 92707.9994412380765425
miniFE.c 25 Ap 107018.3887346877017990
miniFE.c 25 Ap 109805.2412519713689107
miniFE.c 25 Ap 107630.4569219229742885
miniFE.c 25 Ap 11633.7223781549910200
miniFE.c 25 Ap 71904.5539187497488456
miniFE.c 25 Ap 83698.7475070382351987
miniFE.c 25 Ap 88506.1340113524929620
miniFE.c 25 Ap 95185.5142268012277782
miniFE.c 25 Ap 103788.1701162862882484
miniFE.c 25 Ap 110144.8795845596760046
miniFE.c 25 Ap 107784.8470595529506681
miniFE.c 25 Ap 7185.8676077224527035
miniFE.c 25 Ap 20242.1668459478605655
miniFE.c 25 Ap 75700.9621582823165227
miniFE.c 25 Ap 83449.2629730805783765
miniFE.c 25 Ap 93711.3293123360199388
miniFE.c 25 Ap 108128.0367305717518320
miniFE.c 25 Ap 114794.0257721378147835
miniFE.c 25 Ap 110602.2550336535205133
miniFE.c 25 Ap 10576.5241316674437257
miniFE.c 25 Ap 15986.8582483808932011
miniFE.c 25 Ap 23864.0184116182354046
miniFE.c 25 Ap 76583.8370668340794509
miniFE.c 25 Ap 78824.6993914322811179
miniFE.c 25 Ap 88705.0836347471049521
miniFE.c 25 Ap 89430.2662351854087319
miniFE.c 25 Ap 87828.0320317888836144
miniFE.c 25 Ap 10844.0275346340968099
miniFE.c 25 Ap 20762.9256364265311277
miniFE.c 25 Ap 34529.0040017174469540
miniFE.c 25 Ap 37485.8410545562946936
miniFE.c 25 Ap 78148.3453106382075930
miniFE.c 25 Ap 82149.3853811944427434
miniFE.c 25 Ap 89987.0148844260256737
miniFE.c 25 Ap 88697.5861214819888119
miniFE.c 25 Ap 12380.7841559834287182
miniFE.c 25 Ap 21137.2555232075828826
miniFE.c 25 Ap 34393.2044505707017379
miniFE.c 25 Ap 43329.4556652816099813
miniFE.c 25 Ap 46071.9277690839226125
miniFE.c 25 Ap 105307.8254432606627233
miniFE.c 25 Ap 109553.4208659101859666
miniFE.c 25 Ap 108390.6506636461999733
miniFE.c 25 Ap 3852.9002760879470770
miniFE.c 25 Ap 14192.5546459026863886
miniFE.c 25 Ap 23987.1480278794915648
miniFE.c 25 Ap 25035.2559132777059858
miniFE.c 25 Ap 33620.0745759543424356
miniFE.c 25 Ap 40404.5408003122138325
miniFE.c 25 Ap 77024.2729683914221823
miniFE.c 25 Ap 76116.5751736879028613
miniFE.c 25 Ap 4941.1353018698864616
miniFE.c 25 Ap 1619925.7203611284494400
miniFE.c 25 Ap 1630047.4820116781629622
miniFE.c 25 Ap 1633853.0666061206720769
miniFE.c 25 Ap 1636174.0953485947102308
miniFE.c 25 Ap 1639227.6643691668286920
miniFE.c 25 Ap 1640719.3525514237117022
miniFE.c 25 Ap 1618702.8710467820055783
miniFE.c 57 sum 82991794.9079619944095612
miniFE.c 57 sum 180773489.5999244451522827
miniFE.c 57 sum 271411839.1217873096466064
miniFE.c 57 sum 342209344.5931335687637329
miniFE.c 57 sum 396395007.1417234539985657
miniFE.c 57 sum 492999003.4775820970535278
miniFE.c 57 sum 535451714.5846779346466064
miniFE.c 57 sum -13907684.4968993663787842
miniFE.c 90 p_ap_dot -13907684.4968993663787842
miniFE.c 91 alpha -0.0727013570318847
miniFE.c 40 y -55.5341679500943073
miniFE.c 40 y -65.3454623138762400
miniFE.c 40 y -59.0202804604229314
miniFE.c 40 y -58.0672794934559988
miniFE.c 40 y -43.9969933542140836
miniFE.c 40 y -64.1981336612608260
miniFE.c 40 y -40.1701582212746757
miniFE.c 40 y 25.1640442557335184
miniFE.c 40 y 7945.4709541994097890
miniFE.c 40 y 7988.2994947047454843
miniFE.c 40 y 8167.9111519981579477
miniFE.c 40 y 6525.6064663458155337
miniFE.c 40 y 6542.7331435850928756
miniFE.c 40 y 8030.3193657761667055
miniFE.c 40 y 5622.9596714916342535
miniFE.c 40 y 116734.1756227469013538
miniFE.c 82 oldrtrans 1011107.5360958881210536
miniFE.c 48 sum 63130508.6840264797210693
miniFE.c 48 sum 126943437.5011265724897385
miniFE.c 48 sum 193658210.0880624651908875
miniFE.c 48 sum 236241749.8416767716407776
miniFE.c 48 sum 279049106.8298436403274536
miniFE.c 48 sum 343535135.9462033510208130
miniFE.c 48 sum 375152811.4134246706962585
miniFE.c 48 sum 14002020569.7357425689697266
miniFE.c 83 rtrans 14002020569.7357425689697266
miniFE.c 84 beta 13848.2011753177794162
miniFE.c 40 y 10686029.5807325728237629
miniFE.c 40 y 12570984.0850677490234375
miniFE.c 40 y 11356743.9234187044203281
miniFE.c 40 y 11169454.7510361187160015
miniFE.c 40 y 8466456.7917181625962257
miniFE.c 40 y 12350345.5228238403797150
miniFE.c 40 y 7729219.0687609417364001
miniFE.c 40 y -4583102.7197758890688419
miniFE.c 87 normr 118330.1338194787240354
miniFE.c 25 Ap 716976055.7706736326217651
miniFE.c 25 Ap 906641406.7033375501632690
miniFE.c 25 Ap 1012477322.3121321201324463
miniFE.c 25 Ap 1165683036.7101714611053467
miniFE.c 25 Ap 1284750289.8193886280059814
miniFE.c 25 Ap 1483052377.6720573902130127
miniFE.c 25 Ap 1521673368.5123267173767090
miniFE.c 25 Ap 1492304557.5485315322875977
miniFE.c 25 Ap 161226005.6007817387580872
miniFE.c 25 Ap 996399321.1569528579711914
miniFE.c 25 Ap 1159845239.0004770755767822
miniFE.c 25 Ap 1226457811.9559822082519531
miniFE.c 25 Ap 1319026748.5984797477722168
miniFE.c 25 Ap 1438235568.7766845226287842
miniFE.c 25 Ap 1526328647.4831712245941162
miniFE.c 25 Ap 1494458200.3139162063598633
miniFE.c 25 Ap 99585385.7871475368738174
miniFE.c 25 Ap 280506611.6099200248718262
miniFE.c 25 Ap 1049063921.9903106689453125
miniFE.c 25 Ap 1156426675.7118513584136963
miniFE.c 25 Ap 1298647740.8613555431365967
miniFE.c 25 Ap 1498423101.4314417839050293
miniFE.c 25 Ap 1590802263.9881284236907959
miniFE.c 25 Ap 1534195583.1687140464782715
miniFE.c 25 Ap 146574817.8838225305080414
miniFE.c 25 Ap 221545853.9060949087142944
miniFE.c 25 Ap 330708863.9281821250915527
miniFE.c 25 Ap 1061210304.4135684967041016
miniFE.c 25 Ap 1092266216.1687514781951904
miniFE.c 25 Ap 1229180788.0967690944671631
miniFE.c 25 Ap 1239230573.7942013740539551
miniFE.c 25 Ap 1217593617.5272631645202637
miniFE.c 25 Ap 150282015.2659702599048615
miniFE.c 25 Ap 287728252.5683078765869141
miniFE.c 25 Ap 478500881.2078014612197876
miniFE.c 25 Ap 519471692.2135340571403503
miniFE.c 25 Ap 1083009724.0058524608612061
miniFE.c 25 Ap 1138452981.5793318748474121
miniFE.c 25 Ap 1247069069.2181460857391357
miniFE.c 25 Ap 1229656312.8969981670379639
miniFE.c 25 Ap 171579165.3600744903087616
miniFE.c 25 Ap 292917647.6309150457382202
miniFE.c 25 Ap 476620816.7455197572708130
miniFE.c 25 Ap 600444163.4754835367202759
miniFE.c 25 Ap 638451840.5700622797012329
miniFE.c 25 Ap 1459296189.6467943191528320
miniFE.c 25 Ap 1518132852.4815599918365479
miniFE.c 25 Ap 1502430523.8447406291961670
miniFE.c 25 Ap 53395439.6795846447348595
miniFE.c 25 Ap 196672099.4005766808986664
miniFE.c 25 Ap 332407221.3686416149139404
miniFE.c 25 Ap 346930115.0279455780982971
miniFE.c 25 Ap 465906353.7266517281532288
miniFE.c 25 Ap 559920135.5789667367935181
miniFE.c 25 Ap 1067406747.0394864082336426
miniFE.c 25 Ap 1055148977.5785907506942749
miniFE.c 25 Ap 68476750.7731979191303253
miniFE.c 25 Ap 22447328941.7801208496093750
miniFE.c 25 Ap 22587598016.6247329711914062
miniFE.c 25 Ap 22640329325.2491073608398438
miniFE.c 25 Ap 22672496256.2632408142089844
miniFE.c 25 Ap 22714810207.3210792541503906
miniFE.c 25 Ap 22735482444.2859687805175781
miniFE.c 25 Ap 22438166579.6901779174804688
miniFE.c 57 sum 15946810645425642.0000000000000000
miniFE.c 57 sum 34733620897370872.0000000000000000
miniFE.c 57 sum 52157087263857984.0000000000000000
miniFE.c 57 sum 65756944079979128.0000000000000000
miniFE.c 57 sum 76167776121785024.0000000000000000
miniFE.c 57 sum 94723312215304800.0000000000000000
miniFE.c 57 sum 102878789813188848.0000000000000000
miniFE.c 57 sum 42367535026336.0000000000000000
miniFE.c 90 p_ap_dot 42367535026336.0000000000000000
miniFE.c 91 alpha 0.0003304893844079
miniFE.c 40 y 3476.0851699512813866
miniFE.c 40 y 4089.2313293622105448
miniFE.c 40 y 3694.2630276688705635
miniFE.c 40 y 3633.3189453488439540
miniFE.c 40 y 2754.0770998571683776
miniFE.c 40 y 4017.4599554021838230
miniFE.c 40 y 2514.2546937676625021
miniFE.c 40 y -1489.5027522813688847
miniFE.c 40 y -485245.3436191822984256
miniFE.c 40 y -485914.2711504435865209
miniFE.c 40 y -498867.4426908150780946
miniFE.c 40 y -395876.1586492796195671
miniFE.c 40 y -399845.6247390846256167
miniFE.c 40 y -488507.0195753753068857
miniFE.c 40 y -343092.5763871271046810
miniFE.c 40 y -7298841.6845419369637966
miniFE.c 82 oldrtrans 14002020569.7357425689697266
miniFE.c 48 sum 235463043504.0982971191406250
miniFE.c 48 sum 471575722411.7651367187500000
miniFE.c 48 sum 720444447788.6387939453125000
miniFE.c 48 sum 877162380775.5483398437500000
miniFE.c 48 sum 1037038904398.5372314453125000
miniFE.c 48 sum 1275678012572.9533691406250000
miniFE.c 48 sum 1393390528544.9099121093750000
miniFE.c 48 sum 54666480464551.8828125000000000
miniFE.c 83 rtrans 54666480464551.8828125000000000
miniFE.c 84 beta 3904.1851275885956056
miniFE.c 40 y 41719752516.7242889404296875
miniFE.c 40 y 49078963189.8032836914062500
miniFE.c 40 y 44338331856.2007751464843750
miniFE.c 40 y 43607223246.1103515625000000
miniFE.c 40 y 33054214843.9727668762207031
miniFE.c 40 y 48217546803.7696609497070312
miniFE.c 40 y 30175959043.5542564392089844
miniFE.c 40 y -17900580318.4444122314453125
miniFE.c 87 normr 7393678.4123027613386512
miniFE.c 25 Ap 2799174696381.3867187500000000
miniFE.c 25 Ap 3539656007455.7031250000000000
miniFE.c 25 Ap 3952854366088.3232421875000000
miniFE.c 25 Ap 4550992407671.3632812500000000
miniFE.c 25 Ap 5015847383250.2382812500000000
miniFE.c 25 Ap 5790047601750.2851562500000000
miniFE.c 25 Ap 5940829385453.0830078125000000
miniFE.c 25 Ap 5826121339035.9316406250000000
miniFE.c 25 Ap 629448852083.7036132812500000
miniFE.c 25 Ap 3890087807149.7563476562500000
miniFE.c 25 Ap 4528203749074.2421875000000000
miniFE.c 25 Ap 4788269204784.9667968750000000
miniFE.c 25 Ap 5149671098745.1757812500000000
miniFE.c 25 Ap 5615079686362.6103515625000000
miniFE.c 25 Ap 5959007463725.2060546875000000
miniFE.c 25 Ap 5834528582447.6152343750000000
miniFE.c 25 Ap 388795260010.6397094726562500
miniFE.c 25 Ap 1095138225869.3928222656250000
miniFE.c 25 Ap 4095694486355.7910156250000000
miniFE.c 25 Ap 4514854747461.4716796875000000
miniFE.c 25 Ap 5070105398169.1982421875000000
miniFE.c 25 Ap 5850057487827.4667968750000000
miniFE.c 25 Ap 6210718739758.4843750000000000
miniFE.c 25 Ap 5989625629146.7236328125000000
miniFE.c 25 Ap 572248568198.1235351562500000
miniFE.c 25 Ap 864946474132.8833007812500000
miniFE.c 25 Ap 1291134279142.7600097656250000
miniFE.c 25 Ap 4143121247790.1279296875000000
miniFE.c 25 Ap 4264367809909.8823242187500000
miniFE.c 25 Ap 4798902229846.3242187500000000
miniFE.c 25 Ap 4838138007601.4023437500000000
miniFE.c 25 Ap 4753628866701.7773437500000000
miniFE.c 25 Ap 586721984741.2254638671875000
miniFE.c 25 Ap 1123332227462.8906250000000000
miniFE.c 25 Ap 1868135506883.0854492187500000
miniFE.c 25 Ap 2028091685758.8217773437500000
miniFE.c 25 Ap 4228221874084.3525390625000000
miniFE.c 25 Ap 4444680422718.6630859375000000
miniFE.c 25 Ap 4868732915331.6562500000000000
miniFE.c 25 Ap 4800722560305.7382812500000000
miniFE.c 25 Ap 669869034309.5318603515625000
miniFE.c 25 Ap 1143592242021.7216796875000000
miniFE.c 25 Ap 1860795353244.7500000000000000
miniFE.c 25 Ap 2344220233356.5722656250000000
miniFE.c 25 Ap 2492607446013.6386718750000000
miniFE.c 25 Ap 5697303277970.2187500000000000
miniFE.c 25 Ap 5927009890263.9648437500000000
miniFE.c 25 Ap 5865680085514.6308593750000000
miniFE.c 25 Ap 208463256827.4471130371093750
miniFE.c 25 Ap 767836322676.5429687500000000
miniFE.c 25 Ap 1297765404721.9433593750000000
miniFE.c 25 Ap 1354464955424.9030761718750000
miniFE.c 25 Ap 1818964598194.2053222656250000
miniFE.c 25 Ap 2186008088458.1860351562500000
miniFE.c 25 Ap 4167307242531.6796875000000000
miniFE.c 25 Ap 4119431120136.9218750000000000
miniFE.c 25 Ap 267342802471.5778198242187500
miniFE.c 25 Ap 87637659675047.4375000000000000
miniFE.c 25 Ap 88185289949319.7812500000000000
miniFE.c 25 Ap 88391160871266.9218750000000000
miniFE.c 25 Ap 88516745005783.7968750000000000
miniFE.c 25 Ap 88681944830502.3281250000000000
miniFE.c 25 Ap 88762652152993.9843750000000000
miniFE.c 25 Ap 87601402484471.4062500000000000
miniFE.c 57 sum 243064340396985395707904.0000000000000000
miniFE.c 57 sum 529416953924787021807616.0000000000000000
miniFE.c 57 sum 794986962764299809849344.0000000000000000
miniFE.c 57 sum 1002279517983718753959936.0000000000000000
miniFE.c 57 sum 1160963632898371661856768.0000000000000000
miniFE.c 57 sum 1443792336957612857753600.0000000000000000
miniFE.c 57 sum 1568100121721607506886656.0000000000000000
miniFE.c 57 sum -15819460048880402432.0000000000000000
miniFE.c 90 p_ap_dot -15819460048880402432.0000000000000000
miniFE.c 91 alpha -0.0000034556476830
miniFE.c 40 y -140692.6809506634890568
miniFE.c 40 y -165510.3741025390918367
miniFE.c 40 y -149523.3907202136470005
miniFE.c 40 y -147057.8810280382167548
miniFE.c 40 y -111469.6438397853198694
miniFE.c 40 y -162605.3939379859657492
miniFE.c 40 y -101763.2282580177416094
miniFE.c 40 y 60368.5961498767719604
miniFE.c 40 y 19647777.3626177161931992
miniFE.c 40 y 19676160.9063026309013367
miniFE.c 40 y 20199168.4848313853144646
miniFE.c 40 y 16030990.4205089714378119
miniFE.c 40 y 16189760.1676065810024738
miniFE.c 40 y 19781216.7772738412022591
miniFE.c 40 y 13892210.0292773395776749
miniFE.c 40 y 295420741.8402843475341797
miniFE.c 82 oldrtrans 54666480464551.8828125000000000
miniFE.c 48 sum 386035155290993.1875000000000000
miniFE.c 48 sum 773186463301705.2500000000000000
miniFE.c 48 sum 1181192870780310.7500000000000000
miniFE.c 48 sum 1438185524642761.2500000000000000
miniFE.c 48 sum 1700293858927382.0000000000000000
miniFE.c 48 sum 2091590396116882.0000000000000000
miniFE.c 48 sum 2284583895614436.0000000000000000
miniFE.c 48 sum 89557998605078368.0000000000000000
miniFE.c 83 rtrans 89557998605078368.0000000000000000
miniFE.c 84 beta 1638.2616521865104460
miniFE.c 40 y 68347890334638.4218750000000000
miniFE.c 40 y 80404202999088.9687500000000000
miniFE.c 40 y 72637809001101.7500000000000000
miniFE.c 40 y 71440057633429.1718750000000000
miniFE.c 40 y 54151468811774.8671875000000000
miniFE.c 40 y 78992977672340.8593750000000000
miniFE.c 40 y 49436130411215.6953125000000000
miniFE.c 40 y -29325538866850.2343750000000000
miniFE.c 87 normr 299262424.3119713068008423
miniFE.c 25 Ap 4585781881114368.0000000000000000
miniFE.c 25 Ap 5798884314073273.0000000000000000
miniFE.c 25 Ap 6475811528007857.0000000000000000
miniFE.c 25 Ap 7455718364136212.0000000000000000
miniFE.c 25 Ap 8217272672138415.0000000000000000
miniFE.c 25 Ap 9485615518836588.0000000000000000
miniFE.c 25 Ap 9732635602341090.0000000000000000
miniFE.c 25 Ap 9544715701773366.0000000000000000
miniFE.c 25 Ap 1031202212818374.0000000000000000
miniFE.c 25 Ap 6372983281745618.0000000000000000
miniFE.c 25 Ap 7418384449755204.0000000000000000
miniFE.c 25 Ap 7844439808510371.0000000000000000
miniFE.c 25 Ap 8436510849425481.0000000000000000
miniFE.c 25 Ap 9198972082050976.0000000000000000
miniFE.c 25 Ap 9762415929161070.0000000000000000
miniFE.c 25 Ap 9558489005783802.0000000000000000
miniFE.c 25 Ap 636948548129136.7500000000000000
miniFE.c 25 Ap 1794123425565935.2500000000000000
miniFE.c 25 Ap 6709821049309305.0000000000000000
miniFE.c 25 Ap 7396515385291912.0000000000000000
miniFE.c 25 Ap 8306161505656492.0000000000000000
miniFE.c 25 Ap 9583927424661200.0000000000000000
miniFE.c 25 Ap 10174785089168226.0000000000000000
miniFE.c 25 Ap 9812580373282152.0000000000000000
miniFE.c 25 Ap 937493154296164.6250000000000000
miniFE.c 25 Ap 1417009026609379.5000000000000000
miniFE.c 25 Ap 2115216358344544.7500000000000000
miniFE.c 25 Ap 6787518290069366.0000000000000000
miniFE.c 25 Ap 6986151942635463.0000000000000000
miniFE.c 25 Ap 7861859403883490.0000000000000000
miniFE.c 25 Ap 7926137892036456.0000000000000000
miniFE.c 25 Ap 7787691201930968.0000000000000000
miniFE.c 25 Ap 961204404411057.2500000000000000
miniFE.c 25 Ap 1840312602363926.5000000000000000
miniFE.c 25 Ap 3060495592770054.0000000000000000
miniFE.c 25 Ap 3322545725455927.0000000000000000
miniFE.c 25 Ap 6926935720418365.0000000000000000
miniFE.c 25 Ap 7281551548735881.0000000000000000
miniFE.c 25 Ap 7976260681120355.0000000000000000
miniFE.c 25 Ap 7864843046933054.0000000000000000
miniFE.c 25 Ap 1097421066369088.3750000000000000
miniFE.c 25 Ap 1873503821234292.7500000000000000
miniFE.c 25 Ap 3048470501915324.0000000000000000
miniFE.c 25 Ap 3840447122433180.0000000000000000
miniFE.c 25 Ap 4083544275283281.5000000000000000
miniFE.c 25 Ap 9333675878424044.0000000000000000
miniFE.c 25 Ap 9709995518349386.0000000000000000
miniFE.c 25 Ap 9609522263243810.0000000000000000
miniFE.c 25 Ap 341517457725385.1875000000000000
miniFE.c 25 Ap 1257917125029231.7500000000000000
miniFE.c 25 Ap 2126079859941860.0000000000000000
miniFE.c 25 Ap 2218968580398746.5000000000000000
miniFE.c 25 Ap 2979940760111222.5000000000000000
miniFE.c 25 Ap 3581254185474745.0000000000000000
miniFE.c 25 Ap 6827141523240427.0000000000000000
miniFE.c 25 Ap 6748708697985321.0000000000000000
miniFE.c 25 Ap 437977587181454.1250000000000000
miniFE.c 25 Ap 143573452286386784.0000000000000000
miniFE.c 25 Ap 144470614213786912.0000000000000000
miniFE.c 25 Ap 144807884726195936.0000000000000000
miniFE.c 25 Ap 145013624459408320.0000000000000000
miniFE.c 25 Ap 145284265064965760.0000000000000000
miniFE.c 25 Ap 145416484813609984.0000000000000000
miniFE.c 25 Ap 143514073177642672.0000000000000000
miniFE.c 57 sum 652361182060107397004074680320.0000000000000000
miniFE.c 57 sum 1420903872445708283047911096320.0000000000000000
miniFE.c 57 sum 2133668211408136902450161385472.0000000000000000
miniFE.c 57 sum 2690021319705434318309668421632.0000000000000000
miniFE.c 57 sum 3115914122670934206651710832640.0000000000000000
miniFE.c 57 sum 3874998900253214770631817560064.0000000000000000
miniFE.c 57 sum 4208628943554122972972086984704.0000000000000000
miniFE.c 57 sum 1412643174131179683053568.0000000000000000
miniFE.c 90 p_ap_dot 1412643174131179683053568.0000000000000000
miniFE.c 91 alpha 0.0000000633974667
miniFE.c 40 y 4192390.4212377336807549
miniFE.c 40 y 4931912.4088756125420332
miniFE.c 40 y 4455529.6873138640075922
miniFE.c 40 y 4382060.7945471704006195
miniFE.c 40 y 3321596.2974518616683781
miniFE.c 40 y 4845349.2783673545345664
miniFE.c 40 y 3032362.2037578336894512
miniFE.c 40 y -1798796.2779138265177608
miniFE.c 40 y -585463018.5968935489654541
miniFE.c 40 y -586307827.6356968879699707
miniFE.c 40 y -601893569.0694410800933838
miniFE.c 40 y -477688903.3016042113304138
miniFE.c 40 y -482421365.0796408057212830
miniFE.c 40 y -589438151.0056489706039429
miniFE.c 40 y -413958824.9866780042648315
miniFE.c 40 y -8803007934.8546180725097656
miniFE.c 82 oldrtrans 89557998605078368.0000000000000000
miniFE.c 48 sum 342766946144586496.0000000000000000
miniFE.c 48 sum 686523814891476480.0000000000000000
miniFE.c 48 sum 1048799683378626560.0000000000000000
miniFE.c 48 sum 1276986371716115968.0000000000000000
miniFE.c 48 sum 1509716745201420032.0000000000000000
miniFE.c 48 sum 1857154079062378240.0000000000000000
miniFE.c 48 sum 2028515987846729216.0000000000000000
miniFE.c 48 sum 79521464688960094208.0000000000000000
miniFE.c 83 rtrans 79521464688960094208.0000000000000000
miniFE.c 84 beta 887.9325791951189331
miniFE.c 40 y 60688317961917616.0000000000000000
miniFE.c 40 y 71393510760801160.0000000000000000
miniFE.c 40 y 64497476491537136.0000000000000000
miniFE.c 40 y 63433954154609808.0000000000000000
miniFE.c 40 y 48082852886821936.0000000000000000
miniFE.c 40 y 70140437813465912.0000000000000000
miniFE.c 40 y 43895950367498184.0000000000000000
miniFE.c 40 y -26039110165336972.0000000000000000
miniFE.c 87 normr 8917480848.8137550354003906
miniFE.c 25 Ap 4071865094042653696.0000000000000000
miniFE.c 25 Ap 5149018257321779200.0000000000000000
miniFE.c 25 Ap 5750083978708905984.0000000000000000
miniFE.c 25 Ap 6620175176531069952.0000000000000000
miniFE.c 25 Ap 7296384050648130560.0000000000000000
miniFE.c 25 Ap 8422586976356264960.0000000000000000
miniFE.c 25 Ap 8641924154146962432.0000000000000000
miniFE.c 25 Ap 8475063895743542272.0000000000000000
miniFE.c 25 Ap 915638031666330112.0000000000000000
miniFE.c 25 Ap 5658779434742263808.0000000000000000
miniFE.c 25 Ap 6587025181484171264.0000000000000000
miniFE.c 25 Ap 6965333612214700032.0000000000000000
miniFE.c 25 Ap 7491052773366585344.0000000000000000
miniFE.c 25 Ap 8168066936498616320.0000000000000000
miniFE.c 25 Ap 8668367080176644096.0000000000000000
miniFE.c 25 Ap 8487293659919686656.0000000000000000
miniFE.c 25 Ap 565567361698836096.0000000000000000
miniFE.c 25 Ap 1593060626762963456.0000000000000000
miniFE.c 25 Ap 5957868655624132608.0000000000000000
miniFE.c 25 Ap 6567606923900219392.0000000000000000
miniFE.c 25 Ap 7375311341606574080.0000000000000000
miniFE.c 25 Ap 8509881320141476864.0000000000000000
miniFE.c 25 Ap 9034523085176793088.0000000000000000
miniFE.c 25 Ap 8712909608875987968.0000000000000000
miniFE.c 25 Ap 832430706441463424.0000000000000000
miniFE.c 25 Ap 1258208468212901376.0000000000000000
miniFE.c 25 Ap 1878169499307942400.0000000000000000
miniFE.c 25 Ap 6026858573081028608.0000000000000000
miniFE.c 25 Ap 6203231862749414400.0000000000000000
miniFE.c 25 Ap 6980801040901338112.0000000000000000
miniFE.c 25 Ap 7037876004135521280.0000000000000000
miniFE.c 25 Ap 6914944635949880320.0000000000000000
miniFE.c 25 Ap 853484697708811776.0000000000000000
miniFE.c 25 Ap 1634073500898214912.0000000000000000
miniFE.c 25 Ap 2717513720548824064.0000000000000000
miniFE.c 25 Ap 2950196568990798336.0000000000000000
miniFE.c 25 Ap 6150651841532303360.0000000000000000
miniFE.c 25 Ap 6465526785947579392.0000000000000000
miniFE.c 25 Ap 7082381651838906368.0000000000000000
miniFE.c 25 Ap 6983450271101555712.0000000000000000
miniFE.c 25 Ap 974435908523734016.0000000000000000
miniFE.c 25 Ap 1663545065060849152.0000000000000000
miniFE.c 25 Ap 2706836250570241536.0000000000000000
miniFE.c 25 Ap 3410058088593288704.0000000000000000
miniFE.c 25 Ap 3625911968352779776.0000000000000000
miniFE.c 25 Ap 8287674824667373568.0000000000000000
miniFE.c 25 Ap 8621821289996907520.0000000000000000
miniFE.c 25 Ap 8532607783290591232.0000000000000000
miniFE.c 25 Ap 303244474152847744.0000000000000000
miniFE.c 25 Ap 1116945587633110528.0000000000000000
miniFE.c 25 Ap 1887815556811373056.0000000000000000
miniFE.c 25 Ap 1970294477323683840.0000000000000000
miniFE.c 25 Ap 2645986460772210688.0000000000000000
miniFE.c 25 Ap 3179912236972950528.0000000000000000
miniFE.c 25 Ap 6062041325392220160.0000000000000000
miniFE.c 25 Ap 5992398241025746944.0000000000000000
miniFE.c 25 Ap 388894564863999680.0000000000000000
miniFE.c 25 Ap 127483544745102524416.0000000000000000
miniFE.c 25 Ap 128280164041820504064.0000000000000000
miniFE.c 25 Ap 128579637515535138816.0000000000000000
miniFE.c 25 Ap 128762320525656457216.0000000000000000
miniFE.c 25 Ap 129002631134564499456.0000000000000000
miniFE.c 25 Ap 129120033355891539968.0000000000000000
miniFE.c 25 Ap 127430819514205962240.0000000000000000
miniFE.c 57 sum 514337372452452276676117663674531840.0000000000000000
miniFE.c 57 sum 1120275063692007923103061774719516672.0000000000000000
miniFE.c 57 sum 1682235746363375082866689418538778624.0000000000000000
miniFE.c 57 sum 2120878027381884707861584215170613248.0000000000000000
miniFE.c 57 sum 2456662239409697613027760335275163648.0000000000000000
miniFE.c 57 sum 3055143085020286793610520832556138496.0000000000000000
miniFE.c 57 sum 3318185100790636546251707083193843712.0000000000000000
miniFE.c 57 sum -46998945116650996482409758720.0000000000000000
miniFE.c 90 p_ap_dot -46998945116650996482409758720.0000000000000000
miniFE.c 91 alpha -0.0000000016919840
miniFE.c 40 y -98491274.5389621704816818
miniFE.c 40 y -115864767.8335189521312714
miniFE.c 40 y -104673170.6828504502773285
miniFE.c 40 y -102947176.7631651312112808
miniFE.c 40 y -78033823.0315071642398834
miniFE.c 40 y -113831151.5453851521015167
miniFE.c 40 y -71238884.9162261635065079
miniFE.c 40 y 42258962.3463575169444084
miniFE.c 40 y 13754209768.7244720458984375
miniFE.c 40 y 13774057525.3948307037353516
miniFE.c 40 y 14140210367.1072521209716797
miniFE.c 40 y 11222287007.4127445220947266
miniFE.c 40 y 11333464986.4581699371337891
miniFE.c 40 y 13847597975.2221660614013672
miniFE.c 40 y 9725083316.1334304809570312
miniFE.c 40 y 206807903951.2089538574218750
miniFE.c 82 oldrtrans 79521464688960094208.0000000000000000
miniFE.c 48 sum 189178286362075693056.0000000000000000
miniFE.c 48 sum 378902947074961702912.0000000000000000
miniFE.c 48 sum 578848496301009141760.0000000000000000
miniFE.c 48 sum 704788221977754075136.0000000000000000
miniFE.c 48 sum 833235650577027301376.0000000000000000
miniFE.c 48 sum 1024991620260404396032.0000000000000000
miniFE.c 48 sum 1119568865766141198336.0000000000000000
miniFE.c 48 sum 43889078002458615087104.0000000000000000
miniFE.c 83 rtrans 43889078002458615087104.0000000000000000
miniFE.c 84 beta 551.9148593920667736
miniFE.c 40 y 33494784488447008768.0000000000000000
miniFE.c 40 y 39403139466827636736.0000000000000000
miniFE.c 40 y 35597115683110060032.0000000000000000
miniFE.c 40 y 35010141899146567680.0000000000000000
miniFE.c 40 y 26537641001533222912.0000000000000000
miniFE.c 40 y 38711549887364644864.0000000000000000
miniFE.c 40 y 24226827284683984896.0000000000000000
miniFE.c 40 y -14371371618788587520.0000000000000000
miniFE.c 87 normr 209497202851.1564941406250000
miniFE.c 25 Ap 2247322851764850655232.0000000000000000
miniFE.c 25 Ap 2841819688627585679360.0000000000000000
miniFE.c 25 Ap 3173556791864128962560.0000000000000000
miniFE.c 25 Ap 3653773053122354085888.0000000000000000
miniFE.c 25 Ap 4026982778959726379008.0000000000000000
miniFE.c 25 Ap 4648550908571207860224.0000000000000000
miniFE.c 25 Ap 4769606356259607412736.0000000000000000
miniFE.c 25 Ap 4677513701529998065664.0000000000000000
miniFE.c 25 Ap 505354235708668706816.0000000000000000
miniFE.c 25 Ap 3123164457179114635264.0000000000000000
miniFE.c 25 Ap 3635477078176964280320.0000000000000000
miniFE.c 25 Ap 3844271122597365153792.0000000000000000
miniFE.c 25 Ap 4134423339628138856448.0000000000000000
miniFE.c 25 Ap 4508077516413252665344.0000000000000000
miniFE.c 25 Ap 4784200599975982268416.0000000000000000
miniFE.c 25 Ap 4684263490133344911360.0000000000000000
miniFE.c 25 Ap 312145031036933701632.0000000000000000
miniFE.c 25 Ap 879233832149333049344.0000000000000000
miniFE.c 25 Ap 3288236242628534861824.0000000000000000
miniFE.c 25 Ap 3624759853337964183552.0000000000000000
miniFE.c 25 Ap 4070543923657099444224.0000000000000000
miniFE.c 25 Ap 4696729954054644957184.0000000000000000
miniFE.c 25 Ap 4986287540151550738432.0000000000000000
miniFE.c 25 Ap 4808784286154717396992.0000000000000000
miniFE.c 25 Ap 459430876487938539520.0000000000000000
miniFE.c 25 Ap 694423950090436608000.0000000000000000
miniFE.c 25 Ap 1036589655531735089152.0000000000000000
miniFE.c 25 Ap 3326312803078567886848.0000000000000000
miniFE.c 25 Ap 3423655842487983931392.0000000000000000
miniFE.c 25 Ap 3852807826268820602880.0000000000000000
miniFE.c 25 Ap 3884308346589667131392.0000000000000000
miniFE.c 25 Ap 3816460698778960658432.0000000000000000
miniFE.c 25 Ap 471050887122670518272.0000000000000000
miniFE.c 25 Ap 901869446828571754496.0000000000000000
miniFE.c 25 Ap 1499836203554277425152.0000000000000000
miniFE.c 25 Ap 1628257325176239685632.0000000000000000
miniFE.c 25 Ap 3394636147665953357824.0000000000000000
miniFE.c 25 Ap 3568420308401159929856.0000000000000000
miniFE.c 25 Ap 3908871675111547076608.0000000000000000
miniFE.c 25 Ap 3854269976808162066432.0000000000000000
miniFE.c 25 Ap 537805657660300525568.0000000000000000
miniFE.c 25 Ap 918135241029218992128.0000000000000000
miniFE.c 25 Ap 1493943149213345382400.0000000000000000
miniFE.c 25 Ap 1882061731191675420672.0000000000000000
miniFE.c 25 Ap 2001194694939245281280.0000000000000000
miniFE.c 25 Ap 4574090887221631516672.0000000000000000
miniFE.c 25 Ap 4758511286724367220736.0000000000000000
miniFE.c 25 Ap 4709273027423229181952.0000000000000000
miniFE.c 25 Ap 167365131382216556544.0000000000000000
miniFE.c 25 Ap 616458867172832575488.0000000000000000
miniFE.c 25 Ap 1041913457990423019520.0000000000000000
miniFE.c 25 Ap 1087434799822376009728.0000000000000000
miniFE.c 25 Ap 1460359246018981920768.0000000000000000
miniFE.c 25 Ap 1755040815822024736768.0000000000000000
miniFE.c 25 Ap 3345730687045262639104.0000000000000000
miniFE.c 25 Ap 3307293634482630295552.0000000000000000
miniFE.c 25 Ap 214636689173391212544.0000000000000000
miniFE.c 25 Ap 70360062697404215853056.0000000000000000
miniFE.c 25 Ap 70799728724715973378048.0000000000000000
miniFE.c 25 Ap 70965012584905817718784.0000000000000000
miniFE.c 25 Ap 71065838052793301073920.0000000000000000
miniFE.c 25 Ap 71198469048766646190080.0000000000000000
miniFE.c 25 Ap 71263265079268686692352.0000000000000000
miniFE.c 25 Ap 70330962872767745097728.0000000000000000
miniFE.c 57 sum 156672313374505333325888698330535881080832.0000000000000000
miniFE.c 57 sum 341247000975598306810440009241102164951040.0000000000000000
miniFE.c 57 sum 512425851504969600034828816332612175921152.0000000000000000
miniFE.c 57 sum 646040682121737069550509360530340922261504.0000000000000000
miniFE.c 57 sum 748323915089259840132129649259127739777024.0000000000000000
miniFE.c 57 sum 930627172823574963627442609868039402815488.0000000000000000
miniFE.c 57 sum 1010752404485920339579315331019285551120384.0000000000000000
miniFE.c 57 sum 734152138945434506384604414345216.0000000000000000
miniFE.c 90 p_ap_dot 734152138945434506384604414345216.0000000000000000
miniFE.c 91 alpha 0.0000000000597820
miniFE.c 40 y 1903893695.9667940139770508
miniFE.c 40 y 2239733438.3986201286315918
miniFE.c 40 y 2023393348.5031399726867676
miniFE.c 40 y 1990028879.8018522262573242
miniFE.c 40 y 1508439244.5135595798492432
miniFE.c 40 y 2200422451.3156604766845703
miniFE.c 40 y 1377089133.2748599052429199
miniFE.c 40 y -816890274.6024872064590454
miniFE.c 40 y -265876881409.3361206054687500
miniFE.c 40 y -266260549467.4367065429687500
miniFE.c 40 y -273338497976.9245605468750000
miniFE.c 40 y -216933339621.4663391113281250
miniFE.c 40 y -219082475635.4086914062500000
miniFE.c 40 y -267682128999.8215332031250000
miniFE.c 40 y -187991521459.2039184570312500
miniFE.c 40 y -3997717223422.0786132812500000
miniFE.c 82 oldrtrans 43889078002458615087104.0000000000000000
miniFE.c 48 sum 70690516067954185994240.0000000000000000
miniFE.c 48 sum 141585196270655490752512.0000000000000000
miniFE.c 48 sum 216299130746936661901312.0000000000000000
miniFE.c 48 sum 263359204586259113574400.0000000000000000
miniFE.c 48 sum 311356335716798581178368.0000000000000000
miniFE.c 48 sum 383010057902675701268480.0000000000000000
miniFE.c 48 sum 418350870043222024912896.0000000000000000
miniFE.c 48 sum 16400093868488756903804928.0000000000000000
miniFE.c 83 rtrans 16400093868488756903804928.0000000000000000
miniFE.c 84 beta 373.6714147326139255
miniFE.c 40 y 12516043505696128368640.0000000000000000
miniFE.c 40 y 14723826869209718063104.0000000000000000
miniFE.c 40 y 13301624577434916487168.0000000000000000
miniFE.c 40 y 13082289253226727342080.0000000000000000
miniFE.c 40 y 9916357856490057367552.0000000000000000
miniFE.c 40 y 14465399612636026372096.0000000000000000
miniFE.c 40 y 9052872825762564014080.0000000000000000
miniFE.c 40 y -5370170768438584147968.0000000000000000
miniFE.c 87 normr 4049702935832.3007812500000000
miniFE.c 25 Ap 839760309362065158438912.0000000000000000
miniFE.c 25 Ap 1061906783442610201559040.0000000000000000
miniFE.c 25 Ap 1185867456125761140817920.0000000000000000
miniFE.c 25 Ap 1365310545844753078943744.0000000000000000
miniFE.c 25 Ap 1504768352087293986603008.0000000000000000
miniFE.c 25 Ap 1737030594427623084916736.0000000000000000
miniFE.c 25 Ap 1782265554825497918046208.0000000000000000
miniFE.c 25 Ap 1747853162220585163423744.0000000000000000
miniFE.c 25 Ap 188836432194365640671232.0000000000000000
miniFE.c 25 Ap 1167037281135035202666496.0000000000000000
miniFE.c 25 Ap 1358473863004741280202752.0000000000000000
miniFE.c 25 Ap 1436494228969762859253760.0000000000000000
miniFE.c 25 Ap 1544915818393061151473664.0000000000000000
miniFE.c 25 Ap 1684539703250521128173568.0000000000000000
miniFE.c 25 Ap 1787719006523595614584832.0000000000000000
miniFE.c 25 Ap 1750375365276609110081536.0000000000000000
miniFE.c 25 Ap 116639675346848934002688.0000000000000000
miniFE.c 25 Ap 328544549933709126533120.0000000000000000
miniFE.c 25 Ap 1228719888733251682959360.0000000000000000
miniFE.c 25 Ap 1354469142435886390050816.0000000000000000
miniFE.c 25 Ap 1521045906653620610269184.0000000000000000
miniFE.c 25 Ap 1755033726513741142425600.0000000000000000
miniFE.c 25 Ap 1863233119354885888802816.0000000000000000
miniFE.c 25 Ap 1796905227264870246776832.0000000000000000
miniFE.c 25 Ap 171676185585445878366208.0000000000000000
miniFE.c 25 Ap 259486379849268687011840.0000000000000000
miniFE.c 25 Ap 387343923071874154627072.0000000000000000
miniFE.c 25 Ap 1242948010947525044338688.0000000000000000
miniFE.c 25 Ap 1279322322197210422312960.0000000000000000
miniFE.c 25 Ap 1439684151108936113586176.0000000000000000
miniFE.c 25 Ap 1451454995101795829678080.0000000000000000
miniFE.c 25 Ap 1426102268539215814852608.0000000000000000
miniFE.c 25 Ap 176018251398441974366208.0000000000000000
miniFE.c 25 Ap 337002832093902001930240.0000000000000000
miniFE.c 25 Ap 560445916038077618323456.0000000000000000
miniFE.c 25 Ap 608433218235309628588032.0000000000000000
miniFE.c 25 Ap 1268478491774187082874880.0000000000000000
miniFE.c 25 Ap 1333416664973030000164864.0000000000000000
miniFE.c 25 Ap 1460633608816710475841536.0000000000000000
miniFE.c 25 Ap 1440230514949692458008576.0000000000000000
miniFE.c 25 Ap 200962600944859317534720.0000000000000000
miniFE.c 25 Ap 343080894424418722250752.0000000000000000
miniFE.c 25 Ap 558243850085386906763264.0000000000000000
miniFE.c 25 Ap 703272669694840507727872.0000000000000000
miniFE.c 25 Ap 747789252798700717080576.0000000000000000
miniFE.c 25 Ap 1709207012911224467750912.0000000000000000
miniFE.c 25 Ap 1778119644497534546608128.0000000000000000
miniFE.c 25 Ap 1759720714471810340487168.0000000000000000
miniFE.c 25 Ap 62539565419174138216448.0000000000000000
miniFE.c 25 Ap 230353057016573694312448.0000000000000000
miniFE.c 25 Ap 389333275868601176293376.0000000000000000
miniFE.c 25 Ap 406343300071191945936896.0000000000000000
miniFE.c 25 Ap 545694505466775514120192.0000000000000000
miniFE.c 25 Ap 655808584548668317630464.0000000000000000
miniFE.c 25 Ap 1250203919117151773917184.0000000000000000
miniFE.c 25 Ap 1235841091297229051789312.0000000000000000
miniFE.c 25 Ap 80203595295241661317120.0000000000000000
miniFE.c 25 Ap 26291544168338751576080384.0000000000000000
miniFE.c 25 Ap 26455834794770828856655872.0000000000000000
miniFE.c 25 Ap 26517596648639410061967360.0000000000000000
miniFE.c 25 Ap 26555272243865172817477632.0000000000000000
miniFE.c 25 Ap 26604832655767011493675008.0000000000000000
miniFE.c 25 Ap 26629045080153264771563520.0000000000000000
miniFE.c 25 Ap 26280670395432377864159232.0000000000000000
miniFE.c 57 sum 21876206219921396875125768994406552784938729472.0000000000000000
miniFE.c 57 sum 47648430054383904914956008965266853918096228352.0000000000000000
miniFE.c 57 sum 71550188788691577507268222768804558659311894528.0000000000000000
miniFE.c 57 sum 90206871170404420716077583730582461935647719424.0000000000000000
miniFE.c 57 sum 104488712352482521665630082188689674297703137280.0000000000000000
miniFE.c 57 sum 129943775693950643341696945167084732667465302016.0000000000000000
miniFE.c 57 sum 141131687926316073238032033375149076717282263040.0000000000000000
miniFE.c 57 sum -6204165991251405814310800748628148224.0000000000000000
miniFE.c 90 p_ap_dot -6204165991251405814310800748628148224.0000000000000000
miniFE.c 91 alpha -0.0000000000026434
miniFE.c 40 y -31181018707.2397079467773438
miniFE.c 40 y -36681234037.1524887084960938
miniFE.c 40 y -33138124248.0511054992675781
miniFE.c 40 y -32591697668.1630973815917969
miniFE.c 40 y -24704463490.4050292968750000
miniFE.c 40 y -36037418352.2603683471679688
miniFE.c 40 y -22553277064.4307098388671875
miniFE.c 40 y 13378620421.9839572906494141
miniFE.c 40 y 4354398586586.4296875000000000
miniFE.c 40 y 4360682110691.2255859375000000
miniFE.c 40 y 4476601210515.2861328125000000
miniFE.c 40 y 3552825738889.3266601562500000
miniFE.c 40 y 3588023212823.5522460937500000
miniFE.c 40 y 4383964029461.6308593750000000
miniFE.c 40 y 3078831115522.1796875000000000
miniFE.c 40 y 65472613199663.3515625000000000
