filename line variable value
miniFE.c 167 A 67.0947100000000063
miniFE.c 167 A 15.0875500000000002
miniFE.c 167 A 9.3192129999999995
miniFE.c 167 A 13.7164900000000003
miniFE.c 167 A 14.0634099999999993
miniFE.c 167 A 16.0564000000000000
miniFE.c 167 A 4.9967519999999999
miniFE.c 167 A 6.4080630000000003
miniFE.c 167 A 15.0875500000000002
miniFE.c 167 A 66.4365899999999954
miniFE.c 167 A 14.3919700000000006
miniFE.c 167 A 5.9638159999999996
miniFE.c 167 A 10.9336099999999998
miniFE.c 167 A 9.6522659999999991
miniFE.c 167 A 11.3974100000000007
miniFE.c 167 A 6.9539020000000002
miniFE.c 167 A 9.3192129999999995
miniFE.c 167 A 14.3919700000000006
miniFE.c 167 A 67.6740900000000067
miniFE.c 167 A 9.6121750000000006
miniFE.c 167 A 16.7981799999999986
miniFE.c 167 A 16.1756899999999995
miniFE.c 167 A 11.9519400000000005
miniFE.c 167 A 12.3511699999999998
miniFE.c 167 A 13.7164900000000003
miniFE.c 167 A 5.9638159999999996
miniFE.c 167 A 9.6121750000000006
miniFE.c 167 A 65.4017099999999942
miniFE.c 167 A 3.6681119999999998
miniFE.c 167 A 11.0858899999999991
miniFE.c 167 A 1.3002330000000000
miniFE.c 167 A 4.7210279999999996
miniFE.c 167 A 14.0634099999999993
miniFE.c 167 A 10.9336099999999998
miniFE.c 167 A 16.7981799999999986
miniFE.c 167 A 3.6681119999999998
miniFE.c 167 A 66.5612600000000043
miniFE.c 167 A 4.4892070000000004
miniFE.c 167 A 14.0526599999999995
miniFE.c 167 A 3.7993380000000001
miniFE.c 167 A 16.0564000000000000
miniFE.c 167 A 9.6522659999999991
miniFE.c 167 A 16.1756899999999995
miniFE.c 167 A 11.0858899999999991
miniFE.c 167 A 4.4892070000000004
miniFE.c 167 A 66.4632699999999943
miniFE.c 167 A 7.6122389999999998
miniFE.c 167 A 3.4261349999999999
miniFE.c 167 A 4.9967519999999999
miniFE.c 167 A 11.3974100000000007
miniFE.c 167 A 11.9519400000000005
miniFE.c 167 A 1.3002330000000000
miniFE.c 167 A 14.0526599999999995
miniFE.c 167 A 7.6122389999999998
miniFE.c 167 A 65.6581999999999937
miniFE.c 167 A 2.6745570000000001
miniFE.c 167 A 6.4080630000000003
miniFE.c 167 A 6.9539020000000002
miniFE.c 167 A 12.3511699999999998
miniFE.c 167 A 4.7210279999999996
miniFE.c 167 A 3.7993380000000001
miniFE.c 167 A 3.4261349999999999
miniFE.c 167 A 2.6745570000000001
miniFE.c 167 A 64.8721800000000002
miniFE.c 175 b 198.0110999999999990
miniFE.c 175 b 229.8237000000000023
miniFE.c 175 b 210.8053999999999917
miniFE.c 175 b 202.6418999999999926
miniFE.c 175 b 157.2561000000000035
miniFE.c 175 b 225.5886000000000138
miniFE.c 175 b 142.6283999999999992
miniFE.c 175 b 185.1795999999999935
miniFE.c 33 r 0.0000000000000000
miniFE.c 33 r 0.0000000000000000
miniFE.c 33 r 0.0000000000000000
miniFE.c 33 r 0.0000000000000000
miniFE.c 33 r 0.0000000000000000
miniFE.c 33 r 0.0000000000000000
miniFE.c 33 r 0.0000000000000000
miniFE.c 33 r 0.0000000000000000
miniFE.c 25 Ap 0.0000000000000000
miniFE.c 25 Ap 0.0000000000000000
miniFE.c 25 Ap 0.0000000000000000
miniFE.c 25 Ap 0.0000000000000000
miniFE.c 25 Ap 0.0000000000000000
miniFE.c 25 Ap 0.0000000000000000
miniFE.c 25 Ap 0.0000000000000000
miniFE.c 25 Ap 0.0000000000000000
miniFE.c 25 Ap 0.0000000000000000
miniFE.c 25 Ap 0.0000000000000000
miniFE.c 25 Ap 0.0000000000000000
miniFE.c 25 Ap 0.0000000000000000
miniFE.c 25 Ap 0.0000000000000000
miniFE.c 25 Ap 0.0000000000000000
miniFE.c 25 Ap 0.0000000000000000
miniFE.c 25 Ap 0.0000000000000000
miniFE.c 25 Ap 0.0000000000000000
miniFE.c 25 Ap 0.0000000000000000
miniFE.c 25 Ap 0.0000000000000000
miniFE.c 25 Ap 0.0000000000000000
miniFE.c 25 Ap 0.0000000000000000
miniFE.c 25 Ap 0.0000000000000000
miniFE.c 25 Ap 0.0000000000000000
miniFE.c 25 Ap 0.0000000000000000
miniFE.c 25 Ap 0.0000000000000000
miniFE.c 25 Ap 0.0000000000000000
miniFE.c 25 Ap 0.0000000000000000
miniFE.c 25 Ap 0.0000000000000000
miniFE.c 25 Ap 0.0000000000000000
miniFE.c 25 Ap 0.0000000000000000
miniFE.c 25 Ap 0.0000000000000000
miniFE.c 25 Ap 0.0000000000000000
miniFE.c 25 Ap 0.0000000000000000
miniFE.c 25 Ap 0.0000000000000000
miniFE.c 25 Ap 0.0000000000000000
miniFE.c 25 Ap 0.0000000000000000
miniFE.c 25 Ap 0.0000000000000000
miniFE.c 25 Ap 0.0000000000000000
miniFE.c 25 Ap 0.0000000000000000
miniFE.c 25 Ap 0.0000000000000000
miniFE.c 25 Ap 0.0000000000000000
miniFE.c 25 Ap 0.0000000000000000
miniFE.c 25 Ap 0.0000000000000000
miniFE.c 25 Ap 0.0000000000000000
miniFE.c 25 Ap 0.0000000000000000
miniFE.c 25 Ap 0.0000000000000000
miniFE.c 25 Ap 0.0000000000000000
miniFE.c 25 Ap 0.0000000000000000
miniFE.c 25 Ap 0.0000000000000000
miniFE.c 25 Ap 0.0000000000000000
miniFE.c 25 Ap 0.0000000000000000
miniFE.c 25 Ap 0.0000000000000000
miniFE.c 25 Ap 0.0000000000000000
miniFE.c 25 Ap 0.0000000000000000
miniFE.c 25 Ap 0.0000000000000000
miniFE.c 25 Ap 0.0000000000000000
miniFE.c 25 Ap 0.0000000000000000
miniFE.c 25 Ap 0.0000000000000000
miniFE.c 25 Ap 0.0000000000000000
miniFE.c 25 Ap 0.0000000000000000
miniFE.c 25 Ap 0.0000000000000000
miniFE.c 25 Ap 0.0000000000000000
miniFE.c 25 Ap 0.0000000000000000
miniFE.c 25 Ap 0.0000000000000000
miniFE.c 33 r 198.0110999999999990
miniFE.c 33 r 229.8237000000000023
miniFE.c 33 r 210.8053999999999917
miniFE.c 33 r 202.6418999999999926
miniFE.c 33 r 157.2561000000000035
miniFE.c 33 r 225.5886000000000138
miniFE.c 33 r 142.6283999999999992
miniFE.c 33 r 185.1795999999999935
miniFE.c 48 sum 39208.3957232100001420
miniFE.c 48 sum 92027.3288048999966122
miniFE.c 48 sum 136466.2454740600078367
miniFE.c 48 sum 177529.9851096700003836
miniFE.c 48 sum 202259.4660968800017145
miniFE.c 48 sum 253149.6825468399911188
miniFE.c 48 sum 273492.5430333999684080
miniFE.c 48 sum 307784.0272895599482581
miniFE.c 75 rtrans 307784.0272895599482581
miniFE.c 76 normr 554.7828649927464539
miniFE.c 33 r 198.0110999999999990
miniFE.c 33 r 229.8237000000000023
miniFE.c 33 r 210.8053999999999917
miniFE.c 33 r 202.6418999999999926
miniFE.c 33 r 157.2561000000000035
miniFE.c 33 r 225.5886000000000138
miniFE.c 33 r 142.6283999999999992
miniFE.c 33 r 185.1795999999999935
miniFE.c 87 normr 554.7828649927464539
miniFE.c 25 Ap 13285.4973312810016068
miniFE.c 25 Ap 16752.9738962160008668
miniFE.c 25 Ap 18717.5143203662009910
miniFE.c 25 Ap 21497.0499152972006414
miniFE.c 25 Ap 23708.6069245981998392
miniFE.c 25 Ap 27330.7477216381994367
miniFE.c 25 Ap 28043.4264645949988335
miniFE.c 25 Ap 29230.0690077097970061
miniFE.c 25 Ap 2987.5023718050001662
miniFE.c 25 Ap 18256.2053009880000900
miniFE.c 25 Ap 21290.1102936259994749
miniFE.c 25 Ap 22498.6292991164009436
miniFE.c 25 Ap 24218.0061666374022025
miniFE.c 25 Ap 26395.4473404050004319
miniFE.c 25 Ap 28021.0416928490012651
miniFE.c 25 Ap 29308.7624836482027604
miniFE.c 25 Ap 1845.3076172643000064
miniFE.c 25 Ap 5152.9234129532997031
miniFE.c 25 Ap 19418.9870250392996240
miniFE.c 25 Ap 21366.8164301717988565
miniFE.c 25 Ap 24008.4327040697971825
miniFE.c 25 Ap 27657.4839652037990163
miniFE.c 25 Ap 29362.1700442997971550
miniFE.c 25 Ap 31649.3547644317950471
miniFE.c 25 Ap 2716.0172730389999742
miniFE.c 25 Ap 4086.6435322781999275
miniFE.c 25 Ap 6112.9419280231995799
miniFE.c 25 Ap 19366.0687056721981207
miniFE.c 25 Ap 19942.9016931553996983
miniFE.c 25 Ap 22443.7520980093977414
miniFE.c 25 Ap 22629.2022504265987664
miniFE.c 25 Ap 23503.4403270553993934
miniFE.c 25 Ap 2784.7112838509997346
miniFE.c 25 Ap 5297.5139884079999320
miniFE.c 25 Ap 8838.6610425799990480
miniFE.c 25 Ap 9581.9742276727993158
miniFE.c 25 Ap 20049.1383863587980159
miniFE.c 25 Ap 21061.8523085989982064
miniFE.c 25 Ap 23066.1607201429978886
miniFE.c 25 Ap 23769.7206112477979332
miniFE.c 25 Ap 3179.3454260399998930
miniFE.c 25 Ap 5397.6649115441996400
miniFE.c 25 Ap 8807.5877122702004272
miniFE.c 25 Ap 11054.0535250612010714
miniFE.c 25 Ap 11760.0087099739012046
miniFE.c 25 Ap 26753.3647406958989450
miniFE.c 25 Ap 27839.0862096834971453
miniFE.c 25 Ap 28473.5365185294976982
miniFE.c 25 Ap 989.4123599472000024
miniFE.c 25 Ap 3608.8072965641999872
miniFE.c 25 Ap 6128.3407890401995246
miniFE.c 25 Ap 6391.8224746028990921
miniFE.c 25 Ap 8601.6889808288997301
miniFE.c 25 Ap 10318.9233197042995016
miniFE.c 25 Ap 19683.6473325842962367
miniFE.c 25 Ap 20178.9207280214977800
miniFE.c 25 Ap 1268.8676034993000030
miniFE.c 25 Ap 2867.0390905766998912
miniFE.c 25 Ap 5470.7324228946999938
miniFE.c 25 Ap 6427.4105067679001877
miniFE.c 25 Ap 7024.8795832297000743
miniFE.c 25 Ap 7797.7765812907000509
miniFE.c 25 Ap 8179.2443669095000587
miniFE.c 25 Ap 20192.2487104374995397
miniFE.c 57 sum 5787878.1172925252467394
miniFE.c 57 sum 12523726.3537057451903820
miniFE.c 57 sum 19195581.2445636950433254
miniFE.c 57 sum 23958363.0489748232066631
miniFE.c 57 sum 27696296.6103892698884010
miniFE.c 57 sum 34119601.8506532162427902
miniFE.c 57 sum 36997689.0278177559375763
miniFE.c 57 sum 40736881.5671170875430107
miniFE.c 90 p_ap_dot 40736881.5671170875430107
miniFE.c 91 alpha 0.0075554145395853
miniFE.c 40 y 1.4960559439392744
miniFE.c 40 y 1.7364133245212852
miniFE.c 40 y 1.5927221841830903
miniFE.c 40 y 1.5310435575891859
miniFE.c 40 y 1.1881350243784765
miniFE.c 40 y 1.7044153884046875
miniFE.c 40 y 1.0776166871177848
miniFE.c 40 y 1.3991086422745860
miniFE.c 40 y -22.8341883739316245
miniFE.c 40 y 8.3838497937928480
miniFE.c 40 y -28.3185951556805833
miniFE.c 40 y 25.0636652226906733
miniFE.c 40 y -22.3339927081014764
miniFE.c 40 y 10.4592281944898673
miniFE.c 40 y -9.8317110616323760
miniFE.c 40 y 32.6187905062384118
miniFE.c 82 oldrtrans 307784.0272895599482581
miniFE.c 48 sum 521.4001586961941257
miniFE.c 48 sum 591.6890960610744514
miniFE.c 48 sum 1393.6319276524102406
miniFE.c 48 sum 2021.8192420475243125
miniFE.c 48 sum 2520.6264723330541528
miniFE.c 48 sum 2630.0219267574657351
miniFE.c 48 sum 2726.6844691568903727
miniFE.c 48 sum 3790.6699632467598349
miniFE.c 83 rtrans 3790.6699670614571005
miniFE.c 84 beta 0.0123160061308030
miniFE.c 40 y -20.3954824523645790
miniFE.c 40 y 11.2143598919966756
miniFE.c 40 y -25.7223145568742062
miniFE.c 40 y 27.5594041054482410
miniFE.c 40 y -20.3972256163953070
miniFE.c 40 y 13.2375787751291316
miniFE.c 40 y -8.0750988128057539
miniFE.c 40 y 34.8994635951380587
miniFE.c 87 normr 61.5684169608205636
miniFE.c 25 Ap -1368.4289804514903608
miniFE.c 25 Ap -1199.2317648629959876
miniFE.c 25 Ap -1438.9434930715074188
miniFE.c 25 Ap -1060.9252022531677540
miniFE.c 25 Ap -1347.7797489590375335
miniFE.c 25 Ap -1135.2318891140541837
miniFE.c 25 Ap -1175.5811552571390166
miniFE.c 25 Ap -951.9431938732877825
miniFE.c 25 Ap -307.7178612741732309
miniFE.c 25 Ap 437.3259689828541354
miniFE.c 25 Ap 67.1311895497572664
miniFE.c 25 Ap 231.4904047042951731
miniFE.c 25 Ap 8.4750947326192829
miniFE.c 25 Ap 136.2477262661198552
miniFE.c 25 Ap 44.2125143060594183
miniFE.c 25 Ap 286.8999639992171637
miniFE.c 25 Ap -190.0698452113478538
miniFE.c 25 Ap -28.6731140765284636
miniFE.c 25 Ap -1769.4073444067437322
miniFE.c 25 Ap -1504.5015292494567802
miniFE.c 25 Ap -1847.1377966542761442
miniFE.c 25 Ap -1633.0108260372076074
miniFE.c 25 Ap -1729.5239225419331888
miniFE.c 25 Ap -1298.4747147695718468
miniFE.c 25 Ap -279.7544311030342215
miniFE.c 25 Ap -212.8740521493861593
miniFE.c 25 Ap -460.1214410751084642
miniFE.c 25 Ap 1342.3107140022266321
miniFE.c 25 Ap 1267.4914059520197043
miniFE.c 25 Ap 1414.2417481194358970
miniFE.c 25 Ap 1403.7422381647650127
miniFE.c 25 Ap 1568.5035829823923450
miniFE.c 25 Ap -286.8300318754085083
miniFE.c 25 Ap -164.2165944166747522
miniFE.c 25 Ap -596.3046643596678678
miniFE.c 25 Ap -495.2136834476239073
miniFE.c 25 Ap -1852.8787209791723853
miniFE.c 25 Ap -1793.4524896788111619
miniFE.c 25 Ap -1906.9291077615739596
miniFE.c 25 Ap -1774.3342495449492162
miniFE.c 25 Ap -327.4780244481466411
miniFE.c 25 Ap -219.2340397508634737
miniFE.c 25 Ap -635.3102261053479651
miniFE.c 25 Ap -329.7897037268003828
miniFE.c 25 Ap -421.3570717445015248
miniFE.c 25 Ap 458.4557005331751611
miniFE.c 25 Ap 396.9861184214814784
miniFE.c 25 Ap 516.5563921260097686
miniFE.c 25 Ap -101.9111677348176102
miniFE.c 25 Ap 25.9034898418242250
miniFE.c 25 Ap -281.5280704030628840
miniFE.c 25 Ap -245.6944237248235936
miniFE.c 25 Ap -532.3297002553172206
miniFE.c 25 Ap -431.5620868377069996
miniFE.c 25 Ap -961.7585397086697867
miniFE.c 25 Ap -868.4179350540481437
miniFE.c 25 Ap -130.6955364701467204
miniFE.c 25 Ap -52.7119767884712473
miniFE.c 25 Ap -370.4126566738992210
miniFE.c 25 Ap -240.3039382287631440
miniFE.c 25 Ap -317.7998926077072497
miniFE.c 25 Ap -272.4461606509802323
miniFE.c 25 Ap -294.0434727064615572
miniFE.c 25 Ap 1969.9608115407818332
miniFE.c 57 sum 19415.3407062905316707
miniFE.c 57 sum 22632.7401555786418612
miniFE.c 57 sum 56032.5152130290807690
miniFE.c 57 sum 99259.5392972842964809
miniFE.c 57 sum 135451.0353041500784457
miniFE.c 57 sum 142288.9912367146171164
miniFE.c 57 sum 149301.5518730887852143
miniFE.c 57 sum 218052.1274993049446493
miniFE.c 90 p_ap_dot 218052.1274993049446493
miniFE.c 91 alpha 0.0173842374781394
miniFE.c 40 y 1.1414960335061428
miniFE.c 40 y 1.9313664200490774
miniFE.c 40 y 1.1455593594389861
miniFE.c 40 y 2.0101427833143091
miniFE.c 40 y 0.8335448103678713
miniFE.c 40 y 1.9345406014671105
miniFE.c 40 y 0.9372372516965277
miniFE.c 40 y 2.0058092052721479
miniFE.c 40 y -6.2853818259398544
miniFE.c 40 y 3.3963126871608003
miniFE.c 40 y -5.7456023547669695
miniFE.c 40 y -2.2035735491878299
miniFE.c 40 y 8.5114552515842483
miniFE.c 40 y 1.4792892029203948
miniFE.c 40 y 5.2650725516226711
miniFE.c 40 y -1.6274760642148394
miniFE.c 82 oldrtrans 3790.6699670614571005
miniFE.c 48 sum 39.5060246978550182
miniFE.c 48 sum 51.0409645668244352
miniFE.c 48 sum 84.0529109859281789
miniFE.c 48 sum 88.9086473726084279
miniFE.c 48 sum 161.3535178723295189
miniFE.c 48 sum 163.5418144182063713
miniFE.c 48 sum 191.2628033920568384
miniFE.c 48 sum 193.9114817316490758
miniFE.c 83 rtrans 193.9114817316490758
miniFE.c 84 beta 0.0511549365723258
miniFE.c 40 y -7.3287114371525472
miniFE.c 40 y 3.9699825561351245
miniFE.c 40 y -7.0614257244172816
miniFE.c 40 y -0.7937739802025305
miniFE.c 40 y 7.4680364689261278
miniFE.c 40 y 2.1564567055332913
miniFE.c 40 y 4.8519913840383300
miniFE.c 40 y 0.1578037824026406
miniFE.c 87 normr 13.9252102939829623
miniFE.c 25 Ap -491.7177685494334014
miniFE.c 25 Ap -431.8204582346169218
miniFE.c 25 Ap -497.6273886441408649
miniFE.c 25 Ap -508.5151815058490570
miniFE.c 25 Ap -403.4891227483886951
miniFE.c 25 Ap -368.8641913016639364
miniFE.c 25 Ap -344.6199936494876397
miniFE.c 25 Ap -343.6087770702132502
miniFE.c 25 Ap -110.5723002436109113
miniFE.c 25 Ap 153.1798031454903253
miniFE.c 25 Ap 51.5519759624485374
miniFE.c 25 Ap 46.8180539989330029
miniFE.c 25 Ap 128.4706522159484052
miniFE.c 25 Ap 149.2853459552393929
miniFE.c 25 Ap 204.5854810755917015
miniFE.c 25 Ap 205.6828331136489965
miniFE.c 25 Ap -68.2978228983606925
miniFE.c 25 Ap -11.1619530499406636
miniFE.c 25 Ap -489.0375130524710130
miniFE.c 25 Ap -496.6674074606242471
miniFE.c 25 Ap -371.2179866090387463
miniFE.c 25 Ap -336.3358114419109484
miniFE.c 25 Ap -278.3451015393678745
miniFE.c 25 Ap -276.3960401962698370
miniFE.c 25 Ap -100.5241971405885408
miniFE.c 25 Ap -76.8479516525889892
miniFE.c 25 Ap -144.7236114651896628
miniFE.c 25 Ap -196.6377871239413082
miniFE.c 25 Ap -169.2441929358357413
miniFE.c 25 Ap -145.3379511085312856
miniFE.c 25 Ap -139.0292317952889789
miniFE.c 25 Ap -138.2842357200601953
miniFE.c 25 Ap -103.0666737123654997
miniFE.c 25 Ap -59.6604327367809404
miniFE.c 25 Ap -178.2795331121728282
miniFE.c 25 Ap -181.1911849742414802
miniFE.c 25 Ap 315.8907321234324854
miniFE.c 25 Ap 325.5715126611094661
miniFE.c 25 Ap 393.7548979039295318
miniFE.c 25 Ap 394.3544478109556053
miniFE.c 25 Ap -117.6727223194961596
miniFE.c 25 Ap -79.3533946723200074
miniFE.c 25 Ap -193.5768281485193825
miniFE.c 25 Ap -202.3765191779068005
miniFE.c 25 Ap -168.8509575853483398
miniFE.c 25 Ap -25.5257933221787141
miniFE.c 25 Ap 11.4087247190618370
miniFE.c 25 Ap 11.9493817810839076
miniFE.c 25 Ap -36.6197535310148652
miniFE.c 25 Ap 8.6277653541051649
miniFE.c 25 Ap -75.7699712185867185
miniFE.c 25 Ap -76.8020623421873978
miniFE.c 25 Ap 28.1437150232320334
miniFE.c 25 Ap 44.5591788589040689
miniFE.c 25 Ap 363.1321995503695348
miniFE.c 25 Ap 363.5542547612209887
miniFE.c 25 Ap -46.9628445980940654
miniFE.c 25 Ap -19.3559749610209089
miniFE.c 25 Ap -106.5728445256718970
miniFE.c 25 Ap -110.3202737118794943
miniFE.c 25 Ap -81.9466789701026386
miniFE.c 25 Ap -74.5583671752903285
miniFE.c 25 Ap -61.5814396551709251
miniFE.c 25 Ap -51.3443642784659886
miniFE.c 57 sum 2518.2095744204716539
miniFE.c 57 sum 3334.7668339781102986
miniFE.c 57 sum 5286.5169423471234040
miniFE.c 57 sum 5396.2833705339007793
miniFE.c 57 sum 8341.3367684693421324
miniFE.c 57 sum 8367.1050929381381138
miniFE.c 57 sum 10131.0672046700583451
miniFE.c 57 sum 10122.9648697818574874
miniFE.c 90 p_ap_dot 10122.9648697818574874
miniFE.c 91 alpha 0.0191556015679256
miniFE.c 40 y 1.0011101572097492
miniFE.c 40 y 2.0074138241260169
miniFE.c 40 y 1.0102935017605483
miniFE.c 40 y 1.9949375652145629
miniFE.c 40 y 0.9765995414613582
miniFE.c 40 y 1.9758488269167878
miniFE.c 40 y 1.0301800654601738
miniFE.c 40 y 2.0088320316537644
miniFE.c 40 y 0.2966510028593197
miniFE.c 40 y -0.5436657133263934
miniFE.c 40 y -0.4510699338148765
miniFE.c 40 y 0.4453441733907479
miniFE.c 40 y 0.9573585727782739
miniFE.c 40 y 1.2503916065389222
miniFE.c 40 y -1.6990279009073959
miniFE.c 40 y -0.6439438793381133
miniFE.c 82 oldrtrans 193.9114817316490758
miniFE.c 48 sum 0.0880018174974401
miniFE.c 48 sum 0.3835742253441362
miniFE.c 48 sum 0.5870383105358933
miniFE.c 48 sum 0.7853697433089819
miniFE.c 48 sum 1.7019051801810354
miniFE.c 48 sum 3.2653843498840223
miniFE.c 48 sum 6.1520801579458144
miniFE.c 48 sum 6.5667438776828329
miniFE.c 83 rtrans 6.5667438776828329
miniFE.c 84 beta 0.0338646469979041
miniFE.c 40 y 0.0484667770906459
miniFE.c 40 y -0.4092236554750402
miniFE.c 40 y -0.6902026232741872
miniFE.c 40 y 0.4184632977550679
miniFE.c 40 y 1.2102609915659317
miniFE.c 40 y 1.3234192516380705
miniFE.c 40 y -1.5347169254500654
miniFE.c 40 y -0.6385999099521138
miniFE.c 87 normr 2.5625658777254552
miniFE.c 25 Ap 3.2518643535315324
miniFE.c 25 Ap -2.9223180096309100
miniFE.c 25 Ap -9.3544632690818190
miniFE.c 25 Ap -3.6146156300574077
miniFE.c 25 Ap 13.4057809013408296
miniFE.c 25 Ap 34.6551297733423453
miniFE.c 25 Ap 26.9865299066658793
miniFE.c 25 Ap 22.8943414518984056
miniFE.c 25 Ap 0.7312449226939749
miniFE.c 25 Ap -26.4561792944025242
miniFE.c 25 Ap -36.3895547424859274
miniFE.c 25 Ap -33.8939166319214920
miniFE.c 25 Ap -20.6613949519263045
miniFE.c 25 Ap -7.8874003055947135
miniFE.c 25 Ap -25.3791983388885463
miniFE.c 25 Ap -29.8199595299043700
miniFE.c 25 Ap 0.4516722191312497
miniFE.c 25 Ap -5.4378623537558646
miniFE.c 25 Ap -52.1466967994493160
miniFE.c 25 Ap -48.1243543503504938
miniFE.c 25 Ap -27.7941723670474943
miniFE.c 25 Ap -6.3869528125180750
miniFE.c 25 Ap -24.7297974224817310
miniFE.c 25 Ap -32.6172534722849790
miniFE.c 25 Ap 0.6647940632960739
miniFE.c 25 Ap -1.7757405208044581
miniFE.c 25 Ap -8.4100889211750189
miniFE.c 25 Ap 18.9581263242455833
miniFE.c 25 Ap 23.3974991905404757
miniFE.c 25 Ap 38.0687794380824442
miniFE.c 25 Ap 36.0732898459537310
miniFE.c 25 Ap 33.0584417902723260
miniFE.c 25 Ap 0.6816081576043608
miniFE.c 25 Ap -3.7926836941340931
miniFE.c 25 Ap -15.3868315963660791
miniFE.c 25 Ap -13.8518613523111416
miniFE.c 25 Ap 66.7046351751666435
miniFE.c 25 Ap 72.6457381435550360
miniFE.c 25 Ap 51.0788829939599225
miniFE.c 25 Ap 48.6526260892822791
miniFE.c 25 Ap 0.7782019596782472
miniFE.c 25 Ap -3.1717336164591967
miniFE.c 25 Ap -14.3362372877292330
miniFE.c 25 Ap -9.6971991997793037
miniFE.c 25 Ap -4.2640870846145820
miniFE.c 25 Ap 83.6946839602044292
miniFE.c 25 Ap 72.0120519263333563
miniFE.c 25 Ap 69.8241224238495732
miniFE.c 25 Ap 0.2421764653612392
miniFE.c 25 Ap -4.4219133177865393
miniFE.c 25 Ap -12.6711736590022284
miniFE.c 25 Ap -12.1270738699722624
miniFE.c 25 Ap 4.8803123557666428
miniFE.c 25 Ap 14.9544959964367763
miniFE.c 25 Ap -85.8122548381487036
miniFE.c 25 Ap -87.5202266975104948
miniFE.c 25 Ap 0.3105781610038158
miniFE.c 25 Ap -2.5351230352513774
miniFE.c 25 Ap -11.0599329697568205
miniFE.c 25 Ap -9.0843560240828083
miniFE.c 25 Ap -4.4861654489086842
miniFE.c 25 Ap 0.0480475688023168
miniFE.c 25 Ap -4.0566403271786342
miniFE.c 25 Ap -45.4840086335759537
miniFE.c 57 sum 1.1096149437862950
miniFE.c 57 sum 13.3126477887315211
miniFE.c 57 sum 35.8251616993017024
miniFE.c 57 sum 49.6589062695030066
miniFE.c 57 sum 108.5412817626042852
miniFE.c 57 sum 200.9478696070602837
miniFE.c 57 sum 335.2666428389563293
miniFE.c 57 sum 364.3127266566190769
miniFE.c 90 p_ap_dot 364.3127266566190769
miniFE.c 91 alpha 0.0180250191585327
miniFE.c 40 y 1.0019837717953604
miniFE.c 40 y 2.0000375598959543
miniFE.c 40 y 0.9978525862527616
miniFE.c 40 y 2.0024803741737407
miniFE.c 40 y 0.9984145190211589
miniFE.c 40 y 1.9997034842823349
miniFE.c 40 y 1.0025167634760122
miniFE.c 40 y 1.9973212560422404
miniFE.c 40 y -0.1160199404331377
miniFE.c 40 y -0.0061603714931984
miniFE.c 40 y 0.1368566849217764
miniFE.c 40 y -0.1505348732301477
miniFE.c 40 y 0.0803940554060345
miniFE.c 40 y -0.0081895378786967
miniFE.c 40 y -0.1214741379256470
miniFE.c 40 y 0.1759062476889585
miniFE.c 82 oldrtrans 6.5667438776828329
miniFE.c 48 sum 0.0134606265781088
miniFE.c 48 sum 0.0134985767550430
miniFE.c 48 sum 0.0322283289628214
miniFE.c 48 sum 0.0548890770212380
miniFE.c 48 sum 0.0613522811658666
miniFE.c 48 sum 0.0614193496965332
miniFE.c 48 sum 0.0761753158813123
miniFE.c 48 sum 0.1071183238573215
miniFE.c 83 rtrans 0.1071183238573215
miniFE.c 84 beta 0.0163122433054477
miniFE.c 40 y -0.1152293385730042
miniFE.c 40 y -0.0128357273276519
miniFE.c 40 y 0.1255979318008696
miniFE.c 40 y -0.1437087981027670
miniFE.c 40 y 0.1001361271635504
miniFE.c 40 y 0.0133983989491370
miniFE.c 40 y -0.1465088138185771
miniFE.c 40 y 0.1654892505829826
miniFE.c 87 normr 0.3272893579958284
miniFE.c 25 Ap -7.7312790550475290
miniFE.c 25 Ap -7.9249387328898440
miniFE.c 25 Ap -6.7544648540780665
miniFE.c 25 Ap -8.7256451461666895
miniFE.c 25 Ap -7.3173897340535436
miniFE.c 25 Ap -7.1022596811666201
miniFE.c 25 Ap -7.8343278896322230
miniFE.c 25 Ap -6.7738623460736838
miniFE.c 25 Ap -1.7385284071871290
miniFE.c 25 Ap -2.5912903610061360
miniFE.c 25 Ap -0.7836886944659749
miniFE.c 25 Ap -1.6407415239320264
miniFE.c 25 Ap -0.5458921626153606
miniFE.c 25 Ap -0.4165672519841694
miniFE.c 25 Ap -2.0863882716881585
miniFE.c 25 Ap -0.9355922410806548
miniFE.c 25 Ap -1.0738467500109417
miniFE.c 25 Ap -1.2585781526386883
miniFE.c 25 Ap 7.2411475878672240
miniFE.c 25 Ap 5.8597934714637594
miniFE.c 25 Ap 7.5418981600599677
miniFE.c 25 Ap 7.7586265079575343
miniFE.c 25 Ap 6.0075619557267297
miniFE.c 25 Ap 8.0515478228497468
miniFE.c 25 Ap -1.5805420702432258
miniFE.c 25 Ap -1.6570919862515137
miniFE.c 25 Ap -0.4498226861434900
miniFE.c 25 Ap -9.8486238241092074
miniFE.c 25 Ap -9.4813132944270624
miniFE.c 25 Ap -9.3327801175008140
miniFE.c 25 Ap -9.5232757120185845
miniFE.c 25 Ap -8.7419963263173077
miniFE.c 25 Ap -1.6205174323809723
miniFE.c 25 Ap -1.7608582690478607
miniFE.c 25 Ap 0.3489583969708705
miniFE.c 25 Ap -0.1781815698554664
miniFE.c 25 Ap 6.4870052256706732
miniFE.c 25 Ap 6.5471534120219319
miniFE.c 25 Ap 4.4883148644261661
miniFE.c 25 Ap 5.1170644627576145
miniFE.c 25 Ap -1.8501683518635841
miniFE.c 25 Ap -1.9740622063335498
miniFE.c 25 Ap 0.0575710031184582
miniFE.c 25 Ap -1.5355689246810256
miniFE.c 25 Ap -1.0860371216655251
miniFE.c 25 Ap -0.1955357147413144
miniFE.c 25 Ap -1.3107958211348258
miniFE.c 25 Ap -0.7438073075886988
miniFE.c 25 Ap -0.5757724279733356
miniFE.c 25 Ap -0.7220664749747890
miniFE.c 25 Ap 0.7790724700332964
miniFE.c 25 Ap 0.5922175483497414
miniFE.c 25 Ap 1.9993964970958791
miniFE.c 25 Ap 2.1013883121140591
miniFE.c 25 Ap -7.5181166873488401
miniFE.c 25 Ap -7.0755062537773696
miniFE.c 25 Ap -0.7383968610241408
miniFE.c 25 Ap -0.8276552509593542
miniFE.c 25 Ap 0.7236261563615922
miniFE.c 25 Ap 0.0451728966720824
miniFE.c 25 Ap 0.4256238897773915
miniFE.c 25 Ap 0.4715286133609931
miniFE.c 25 Ap 0.0796824398008210
miniFE.c 25 Ap 10.8153308916851731
miniFE.c 57 sum 0.7805476777226488
miniFE.c 57 sum 0.7925566846190268
miniFE.c 57 sum 1.8038144389647495
miniFE.c 57 sum 3.0601162240386142
miniFE.c 57 sum 3.5725192417853950
miniFE.c 57 sum 3.5625534147370383
miniFE.c 57 sum 4.5991774431438852
miniFE.c 57 sum 6.3889984472158456
miniFE.c 90 p_ap_dot 6.3889984472158456
miniFE.c 91 alpha 0.0167660588341512
miniFE.c 40 y 1.0000518299254251
miniFE.c 40 y 1.9998223553363998
miniFE.c 40 y 0.9999583685667828
miniFE.c 40 y 2.0000709440097646
miniFE.c 40 y 1.0000934072206069
miniFE.c 40 y 1.9999281226273995
miniFE.c 40 y 1.0000603880838081
miniFE.c 40 y 2.0000958585539341
miniFE.c 40 y -0.0024489658044248
miniFE.c 40 y 0.0095258230655353
miniFE.c 40 y 0.0018639604178955
miniFE.c 40 y -0.0039660484951781
miniFE.c 40 y -0.0053989484347039
miniFE.c 40 y 0.0042811792016070
miniFE.c 40 y -0.0028457837934109
miniFE.c 40 y -0.0054242263518481
miniFE.c 82 oldrtrans 0.1071183238573215
miniFE.c 48 sum 0.0000059974335112
miniFE.c 48 sum 0.0000967387385871
miniFE.c 48 sum 0.0001002130870266
miniFE.c 48 sum 0.0001159426276927
miniFE.c 48 sum 0.0001450912718933
miniFE.c 48 sum 0.0001634197672496
miniFE.c 48 sum 0.0001715182526484
miniFE.c 48 sum 0.0002009404841645
miniFE.c 83 rtrans 0.0002009404841645
miniFE.c 84 beta 0.0018758740515035
miniFE.c 40 y -0.0026651215306259
miniFE.c 40 y 0.0095017448577091
miniFE.c 40 y 0.0020995663190833
miniFE.c 40 y -0.0042356281005118
miniFE.c 40 y -0.0052111056721398
miniFE.c 40 y 0.0043063129105274
miniFE.c 40 y -0.0031206158755697
miniFE.c 40 y -0.0051137893608767
miniFE.c 87 normr 0.0141753477616776
miniFE.c 25 Ap -0.1788155562120979
miniFE.c 25 Ap -0.0354575055841683
miniFE.c 25 Ap -0.0158911998490050
miniFE.c 25 Ap -0.0739891503333945
miniFE.c 25 Ap -0.1472750659540218
miniFE.c 25 Ap -0.0781311833374296
miniFE.c 25 Ap -0.0937241269549143
miniFE.c 25 Ap -0.1264936113481420
miniFE.c 25 Ap -0.0402101543493941
miniFE.c 25 Ap 0.5910533730468364
miniFE.c 25 Ap 0.6212702685240937
miniFE.c 25 Ap 0.5960097618882116
miniFE.c 25 Ap 0.5390335648002474
miniFE.c 25 Ap 0.5805992424918921
miniFE.c 25 Ap 0.5450323039055152
miniFE.c 25 Ap 0.5094715138413359
miniFE.c 25 Ap -0.0248368352147884
miniFE.c 25 Ap 0.1119119917250159
miniFE.c 25 Ap 0.2539982317636285
miniFE.c 25 Ap 0.2132846332265911
miniFE.c 25 Ap 0.1257475421469662
miniFE.c 25 Ap 0.1954051248306552
miniFE.c 25 Ap 0.1581077111227985
miniFE.c 25 Ap 0.0949464293824190
miniFE.c 25 Ap -0.0365561128236142
miniFE.c 25 Ap 0.0201105451867093
miniFE.c 25 Ap 0.0402919440698439
miniFE.c 25 Ap -0.2367253766276817
miniFE.c 25 Ap -0.2558402958769257
miniFE.c 25 Ap -0.2081009846452390
miniFE.c 25 Ap -0.2121585123869787
miniFE.c 25 Ap -0.2363008551457797
miniFE.c 25 Ap -0.0374806967850190
miniFE.c 25 Ap 0.0664076758086783
miniFE.c 25 Ap 0.1016765687585771
miniFE.c 25 Ap 0.0861398104955525
miniFE.c 25 Ap -0.2607179490352182
miniFE.c 25 Ap -0.2413860189730882
miniFE.c 25 Ap -0.2852389728630716
miniFE.c 25 Ap -0.3046679871058462
miniFE.c 25 Ap -0.0427922573443410
miniFE.c 25 Ap 0.0489211114863998
miniFE.c 25 Ap 0.0828830453983325
miniFE.c 25 Ap 0.0359273381951494
miniFE.c 25 Ap 0.0125336061340398
miniFE.c 25 Ap 0.2987452438109084
miniFE.c 25 Ap 0.2749903699388775
miniFE.c 25 Ap 0.2574698372269503
miniFE.c 25 Ap -0.0133169513383978
miniFE.c 25 Ap 0.0949783305203049
miniFE.c 25 Ap 0.1200722211920095
miniFE.c 25 Ap 0.1145649177599967
miniFE.c 25 Ap 0.0413350215253449
miniFE.c 25 Ap 0.0741157046090651
miniFE.c 25 Ap -0.1307783166722661
miniFE.c 25 Ap -0.1444554378039244
miniFE.c 25 Ap -0.0170782666709069
miniFE.c 25 Ap 0.0489959358986064
miniFE.c 25 Ap 0.0749280364318786
miniFE.c 25 Ap 0.0549315175717754
miniFE.c 25 Ap 0.0351327657695992
miniFE.c 25 Ap 0.0498867751533090
miniFE.c 25 Ap 0.0415405101189929
miniFE.c 25 Ap -0.2902021537818854
miniFE.c 57 sum 0.0003371208470906
miniFE.c 57 sum 0.0051779891838818
miniFE.c 57 sum 0.0053773355091303
miniFE.c 57 sum 0.0063782180513607
miniFE.c 57 sum 0.0079658751270874
miniFE.c 57 sum 0.0090746208112092
miniFE.c 57 sum 0.0095254107437325
miniFE.c 57 sum 0.0110094434302458
miniFE.c 90 p_ap_dot 0.0110094434302458
miniFE.c 91 alpha 0.0182516478183141
miniFE.c 40 y 1.0000031870658550
miniFE.c 40 y 1.9999957778372022
miniFE.c 40 y 0.9999966891118098
miniFE.c 40 y 1.9999936368173847
miniFE.c 40 y 0.9999982959551350
miniFE.c 40 y 2.0000067199340381
miniFE.c 40 y 1.0000034317018711
miniFE.c 40 y 2.0000025234715024
miniFE.c 40 y -0.0001402489588319
miniFE.c 40 y 0.0002271284214398
miniFE.c 40 y 0.0001310316272012
miniFE.c 40 y 0.0003468314921091
miniFE.c 40 y 0.0001617443674666
miniFE.c 40 y -0.0004180695912979
miniFE.c 40 y -0.0002092340171733
miniFE.c 40 y -0.0001275588449049
