filename line variable value
miniFE.c 167 A 67.0947100000000063
miniFE.c 167 A 15.0875500000000002
miniFE.c 167 A 9.3192129999999995
miniFE.c 167 A 13.7164900000000003
miniFE.c 167 A 14.0634099999999993
miniFE.c 167 A 16.0564000000000000
miniFE.c 167 A 4.9967519999999999
miniFE.c 167 A 6.4080630000000003
miniFE.c 167 A 15.0875500000000002
miniFE.c 167 A 66.4365899999999954
miniFE.c 167 A 14.3919700000000006
miniFE.c 167 A 5.9638159999999996
miniFE.c 167 A 10.9336099999999998
miniFE.c 167 A 9.6522659999999991
miniFE.c 167 A 11.3974100000000007
miniFE.c 167 A 6.9539020000000002
miniFE.c 167 A 9.3192129999999995
miniFE.c 167 A 14.3919700000000006
miniFE.c 167 A 67.6740900000000067
miniFE.c 167 A 9.6121750000000006
miniFE.c 167 A 16.7981799999999986
miniFE.c 167 A 16.1756899999999995
miniFE.c 167 A 11.9519400000000005
miniFE.c 167 A 12.3511699999999998
miniFE.c 167 A 13.7164900000000003
miniFE.c 167 A 5.9638159999999996
miniFE.c 167 A 9.6121750000000006
miniFE.c 167 A 65.4017099999999942
miniFE.c 167 A 3.6681119999999998
miniFE.c 167 A 11.0858899999999991
miniFE.c 167 A 1.3002330000000000
miniFE.c 167 A 4.7210279999999996
miniFE.c 167 A 14.0634099999999993
miniFE.c 167 A 10.9336099999999998
miniFE.c 167 A 16.7981799999999986
miniFE.c 167 A 3.6681119999999998
miniFE.c 167 A 66.5612600000000043
miniFE.c 167 A 4.4892070000000004
miniFE.c 167 A 14.0526599999999995
miniFE.c 167 A 3.7993380000000001
miniFE.c 167 A 16.0564000000000000
miniFE.c 167 A 9.6522659999999991
miniFE.c 167 A 16.1756899999999995
miniFE.c 167 A 11.0858899999999991
miniFE.c 167 A 4.4892070000000004
miniFE.c 167 A 66.4632699999999943
miniFE.c 167 A 7.6122389999999998
miniFE.c 167 A 3.4261349999999999
miniFE.c 167 A 4.9967519999999999
miniFE.c 167 A 11.3974100000000007
miniFE.c 167 A 11.9519400000000005
miniFE.c 167 A 1.3002330000000000
miniFE.c 167 A 14.0526599999999995
miniFE.c 167 A 7.6122389999999998
miniFE.c 167 A 65.6581999999999937
miniFE.c 167 A 2.6745570000000001
miniFE.c 167 A 6.4080630000000003
miniFE.c 167 A 6.9539020000000002
miniFE.c 167 A 12.3511699999999998
miniFE.c 167 A 4.7210279999999996
miniFE.c 167 A 3.7993380000000001
miniFE.c 167 A 3.4261349999999999
miniFE.c 167 A 2.6745570000000001
miniFE.c 167 A 64.8721800000000002
miniFE.c 175 b 198.0110999999999990
miniFE.c 175 b 229.8237000000000023
miniFE.c 175 b 210.8053999999999917
miniFE.c 175 b 202.6418999999999926
miniFE.c 175 b 157.2561000000000035
miniFE.c 175 b 225.5886000000000138
miniFE.c 175 b 142.6283999999999992
miniFE.c 175 b 185.1795999999999935
miniFE.c 33 r 0.0000000000000000
miniFE.c 33 r 0.0000000000000000
miniFE.c 33 r 0.0000000000000000
miniFE.c 33 r 0.0000000000000000
miniFE.c 33 r 0.0000000000000000
miniFE.c 33 r 0.0000000000000000
miniFE.c 33 r 0.0000000000000000
miniFE.c 33 r 0.0000000000000000
miniFE.c 25 Ap 0.0000000000000000
miniFE.c 25 Ap 0.0000000000000000
miniFE.c 25 Ap 0.0000000000000000
miniFE.c 25 Ap 0.0000000000000000
miniFE.c 25 Ap 0.0000000000000000
miniFE.c 25 Ap 0.0000000000000000
miniFE.c 25 Ap 0.0000000000000000
miniFE.c 25 Ap 0.0000000000000000
miniFE.c 25 Ap 0.0000000000000000
miniFE.c 25 Ap 0.0000000000000000
miniFE.c 25 Ap 0.0000000000000000
miniFE.c 25 Ap 0.0000000000000000
miniFE.c 25 Ap 0.0000000000000000
miniFE.c 25 Ap 0.0000000000000000
miniFE.c 25 Ap 0.0000000000000000
miniFE.c 25 Ap 0.0000000000000000
miniFE.c 25 Ap 0.0000000000000000
miniFE.c 25 Ap 0.0000000000000000
miniFE.c 25 Ap 0.0000000000000000
miniFE.c 25 Ap 0.0000000000000000
miniFE.c 25 Ap 0.0000000000000000
miniFE.c 25 Ap 0.0000000000000000
miniFE.c 25 Ap 0.0000000000000000
miniFE.c 25 Ap 0.0000000000000000
miniFE.c 25 Ap 0.0000000000000000
miniFE.c 25 Ap 0.0000000000000000
miniFE.c 25 Ap 0.0000000000000000
miniFE.c 25 Ap 0.0000000000000000
miniFE.c 25 Ap 0.0000000000000000
miniFE.c 25 Ap 0.0000000000000000
miniFE.c 25 Ap 0.0000000000000000
miniFE.c 25 Ap 0.0000000000000000
miniFE.c 25 Ap 0.0000000000000000
miniFE.c 25 Ap 0.0000000000000000
miniFE.c 25 Ap 0.0000000000000000
miniFE.c 25 Ap 0.0000000000000000
miniFE.c 25 Ap 0.0000000000000000
miniFE.c 25 Ap 0.0000000000000000
miniFE.c 25 Ap 0.0000000000000000
miniFE.c 25 Ap 0.0000000000000000
miniFE.c 25 Ap 0.0000000000000000
miniFE.c 25 Ap 0.0000000000000000
miniFE.c 25 Ap 0.0000000000000000
miniFE.c 25 Ap 0.0000000000000000
miniFE.c 25 Ap 0.0000000000000000
miniFE.c 25 Ap 0.0000000000000000
miniFE.c 25 Ap 0.0000000000000000
miniFE.c 25 Ap 0.0000000000000000
miniFE.c 25 Ap 0.0000000000000000
miniFE.c 25 Ap 0.0000000000000000
miniFE.c 25 Ap 0.0000000000000000
miniFE.c 25 Ap 0.0000000000000000
miniFE.c 25 Ap 0.0000000000000000
miniFE.c 25 Ap 0.0000000000000000
miniFE.c 25 Ap 0.0000000000000000
miniFE.c 25 Ap 0.0000000000000000
miniFE.c 25 Ap 0.0000000000000000
miniFE.c 25 Ap 0.0000000000000000
miniFE.c 25 Ap 0.0000000000000000
miniFE.c 25 Ap 0.0000000000000000
miniFE.c 25 Ap 0.0000000000000000
miniFE.c 25 Ap 0.0000000000000000
miniFE.c 25 Ap 0.0000000000000000
miniFE.c 25 Ap 0.0000000000000000
miniFE.c 33 r 198.0110999999999990
miniFE.c 33 r 229.8237000000000023
miniFE.c 33 r 210.8053999999999917
miniFE.c 33 r 202.6418999999999926
miniFE.c 33 r 157.2561000000000035
miniFE.c 33 r 225.5886000000000138
miniFE.c 33 r 142.6283999999999992
miniFE.c 33 r 185.1795999999999935
miniFE.c 48 sum 39208.3957232100001420
miniFE.c 48 sum 92027.3288048999966122
miniFE.c 48 sum 136466.2454740600078367
miniFE.c 48 sum 177529.9851096700003836
miniFE.c 48 sum 202259.4660968800017145
miniFE.c 48 sum 253149.6825468399911188
miniFE.c 48 sum 273492.5430333999684080
miniFE.c 48 sum 307784.0272895599482581
miniFE.c 75 rtrans 307784.0272895599482581
miniFE.c 76 normr 554.7828649927464539
miniFE.c 33 r 198.0110999999999990
miniFE.c 33 r 229.8237000000000023
miniFE.c 33 r 210.8053999999999917
miniFE.c 33 r 202.6418999999999926
miniFE.c 33 r 157.2561000000000035
miniFE.c 33 r 225.5886000000000138
miniFE.c 33 r 142.6283999999999992
miniFE.c 33 r 185.1795999999999935
miniFE.c 87 normr 554.7828649927464539
miniFE.c 25 Ap 13285.4973312810016068
miniFE.c 25 Ap 16752.9738962160008668
miniFE.c 25 Ap 18717.5143203662009910
miniFE.c 25 Ap 21497.0499152972006414
miniFE.c 25 Ap 23708.6069245981998392
miniFE.c 25 Ap 27330.7477216381994367
miniFE.c 25 Ap 28043.4264645949988335
miniFE.c 25 Ap 29230.0690077097970061
miniFE.c 25 Ap 2987.5023718050001662
miniFE.c 25 Ap 18256.2053009880000900
miniFE.c 25 Ap 21290.1102936259994749
miniFE.c 25 Ap 22498.6292991164009436
miniFE.c 25 Ap 24218.0061666374022025
miniFE.c 25 Ap 26395.4473404050004319
miniFE.c 25 Ap 28021.0416928490012651
miniFE.c 25 Ap 29308.7624836482027604
miniFE.c 25 Ap 1845.3076172643000064
miniFE.c 25 Ap 5152.9234129532997031
miniFE.c 25 Ap 19418.9870250392996240
miniFE.c 25 Ap 21366.8164301717988565
miniFE.c 25 Ap 24008.4327040697971825
miniFE.c 25 Ap 27657.4839652037990163
miniFE.c 25 Ap 29362.1700442997971550
miniFE.c 25 Ap 31649.3547644317950471
miniFE.c 25 Ap 2716.0172730389999742
miniFE.c 25 Ap 4086.6435322781999275
miniFE.c 25 Ap 6112.9419280231995799
miniFE.c 25 Ap 19366.0687056721981207
miniFE.c 25 Ap 19942.9016931553996983
miniFE.c 25 Ap 22443.7520980093977414
miniFE.c 25 Ap 22629.2022504265987664
miniFE.c 25 Ap 23503.4403270553993934
miniFE.c 25 Ap 2784.7112838509997346
miniFE.c 25 Ap 5297.5139884079999320
miniFE.c 25 Ap 8838.6610425799990480
miniFE.c 25 Ap 9581.9742276727993158
miniFE.c 25 Ap 20049.1383863587980159
miniFE.c 25 Ap 21061.8523085989982064
miniFE.c 25 Ap 23066.1607201429978886
miniFE.c 25 Ap 23769.7206112477979332
miniFE.c 25 Ap 3179.3454260399998930
miniFE.c 25 Ap 5397.6649115441996400
miniFE.c 25 Ap 8807.5877122702004272
miniFE.c 25 Ap 11054.0535250612010714
miniFE.c 25 Ap 11760.0087099739012046
miniFE.c 25 Ap 26753.3647406958989450
miniFE.c 25 Ap 27839.0862096834971453
miniFE.c 25 Ap 28473.5365185294976982
miniFE.c 25 Ap 989.4123599472000024
miniFE.c 25 Ap 3608.8072965641999872
miniFE.c 25 Ap 6128.3407890401995246
miniFE.c 25 Ap 6391.8224746028990921
miniFE.c 25 Ap 8601.6889808288997301
miniFE.c 25 Ap 10318.9233197042995016
miniFE.c 25 Ap 19683.6473325842962367
miniFE.c 25 Ap 20178.9207280214977800
miniFE.c 25 Ap 1268.8676034993000030
miniFE.c 25 Ap 2867.0390905766998912
miniFE.c 25 Ap 5470.7324228946999938
miniFE.c 25 Ap 6427.4105067679001877
miniFE.c 25 Ap 7024.8795832297000743
miniFE.c 25 Ap 7797.7765812907000509
miniFE.c 25 Ap 8179.2443669095000587
miniFE.c 25 Ap 20192.2487104374995397
miniFE.c 57 sum 5787878.1172925252467394
miniFE.c 57 sum 12523726.3537057451903820
miniFE.c 57 sum 19195581.2445636950433254
miniFE.c 57 sum 23958363.0489748232066631
miniFE.c 57 sum 27696296.6103892698884010
miniFE.c 57 sum 34119601.8506532162427902
miniFE.c 57 sum 36997689.0278177559375763
miniFE.c 57 sum 40736881.5671170875430107
miniFE.c 90 p_ap_dot 40736881.5671170875430107
miniFE.c 91 alpha 0.0075554145395853
miniFE.c 40 y 1.4960559439392744
miniFE.c 40 y 1.7364133245212852
miniFE.c 40 y 1.5927221841830903
miniFE.c 40 y 1.5310435575891859
miniFE.c 40 y 1.1881350243784765
miniFE.c 40 y 1.7044153884046875
miniFE.c 40 y 1.0776166871177848
miniFE.c 40 y 1.3991086422745860
miniFE.c 40 y -22.8341883739316245
miniFE.c 40 y 8.3838497937928480
miniFE.c 40 y -28.3185951556805833
miniFE.c 40 y 25.0636652226906733
miniFE.c 40 y -22.3339927081014764
miniFE.c 40 y 10.4592281944898673
miniFE.c 40 y -9.8317110616323760
miniFE.c 40 y 32.6187905062384118
miniFE.c 82 oldrtrans 307784.0272895599482581
miniFE.c 48 sum 521.4001586961941257
miniFE.c 48 sum 591.6890960610744514
miniFE.c 48 sum 1393.6319276524102406
miniFE.c 48 sum 2021.8192420475243125
miniFE.c 48 sum 2520.6264723330541528
miniFE.c 48 sum 2630.0219267574657351
miniFE.c 48 sum 2726.6844691568903727
miniFE.c 48 sum 3790.6699632467598349
miniFE.c 83 rtrans 3790.6699632467598349
miniFE.c 84 beta 0.0123160061184089
miniFE.c 40 y -20.3954824548187439
miniFE.c 40 y 11.2143598891482252
miniFE.c 40 y -25.7223145594869429
miniFE.c 40 y 27.5594041029366821
miniFE.c 40 y -20.3972256183443506
miniFE.c 40 y 13.2375787723331708
miniFE.c 40 y -8.0750988145735008
miniFE.c 40 y 34.8994635928429275
miniFE.c 87 normr 61.5684169298412272
miniFE.c 25 Ap -1368.4289806161518754
miniFE.c 25 Ap -1199.2317650706336281
miniFE.c 25 Ap -1438.9434933034935966
miniFE.c 25 Ap -1060.9252025196035447
miniFE.c 25 Ap -1347.7797492528836756
miniFE.c 25 Ap -1135.2318894527934390
miniFE.c 25 Ap -1175.5811556047112845
miniFE.c 25 Ap -951.9431942355674892
miniFE.c 25 Ap -307.7178613112005223
miniFE.c 25 Ap 437.3259687565855529
miniFE.c 25 Ap 67.1311892858862507
miniFE.c 25 Ap 231.4904044254456608
miniFE.c 25 Ap 8.4750944324596844
miniFE.c 25 Ap 136.2477259389728772
miniFE.c 25 Ap 44.2125139587647027
miniFE.c 25 Ap 286.8999636359623082
miniFE.c 25 Ap -190.0698452342187466
miniFE.c 25 Ap -28.6731141403941479
miniFE.c 25 Ap -1769.4073446474239972
miniFE.c 25 Ap -1504.5015295142784453
miniFE.c 25 Ap -1847.1377969518380269
miniFE.c 25 Ap -1633.0108263799961605
miniFE.c 25 Ap -1729.5239229058497585
miniFE.c 25 Ap -1298.4747151618360022
miniFE.c 25 Ap -279.7544311366967804
miniFE.c 25 Ap -212.8740522000363740
miniFE.c 25 Ap -460.1214411508727835
miniFE.c 25 Ap 1342.3107137622018854
miniFE.c 25 Ap 1267.4914057048456471
miniFE.c 25 Ap 1414.2417478412662604
miniFE.c 25 Ap 1403.7422378842968556
miniFE.c 25 Ap 1568.5035826910889227
miniFE.c 25 Ap -286.8300319099224680
miniFE.c 25 Ap -164.2165944823325390
miniFE.c 25 Ap -596.3046644692149130
miniFE.c 25 Ap -495.2136835663836223
miniFE.c 25 Ap -1852.8787212276629361
miniFE.c 25 Ap -1793.4524899398534217
miniFE.c 25 Ap -1906.9291080474579303
miniFE.c 25 Ap -1774.3342498395531948
miniFE.c 25 Ap -327.4780244875516928
miniFE.c 25 Ap -219.2340398177625218
miniFE.c 25 Ap -635.3102262145098393
miniFE.c 25 Ap -329.7897038638051299
miniFE.c 25 Ap -421.3570718902559520
miniFE.c 25 Ap 458.4557002015919807
miniFE.c 25 Ap 396.9861180764418123
miniFE.c 25 Ap 516.5563917731067249
miniFE.c 25 Ap -101.9111677470804693
miniFE.c 25 Ap 25.9034897970964124
miniFE.c 25 Ap -281.5280704790179698
miniFE.c 25 Ap -245.6944238040443054
miniFE.c 25 Ap -532.3297003619271663
miniFE.c 25 Ap -431.5620869656004857
miniFE.c 25 Ap -961.7585399526303718
miniFE.c 25 Ap -868.4179353041471359
miniFE.c 25 Ap -130.6955364858731627
miniFE.c 25 Ap -52.7119768240055322
miniFE.c 25 Ap -370.4126567417038700
miniFE.c 25 Ap -240.3039383084249323
miniFE.c 25 Ap -317.7998926947741438
miniFE.c 25 Ap -272.4461607476264362
miniFE.c 25 Ap -294.0434728078357125
miniFE.c 25 Ap 1969.9608112905175403
miniFE.c 57 sum 19415.3407160156275495
miniFE.c 57 sum 22632.7401604128463077
miniFE.c 57 sum 56032.5152313458020217
miniFE.c 57 sum 99259.5393036334862700
miniFE.c 57 sum 135451.0353199666133150
miniFE.c 57 sum 142288.9912464153021574
miniFE.c 57 sum 149301.5518863441830035
miniFE.c 57 sum 218052.1274993049155455
miniFE.c 90 p_ap_dot 218052.1274993049155455
miniFE.c 91 alpha 0.0173842374606450
miniFE.c 40 y 1.1414960338202862
miniFE.c 40 y 1.9313664198033706
miniFE.c 40 y 1.1455593598435627
miniFE.c 40 y 2.0101427827885114
miniFE.c 40 y 0.8335448106908265
miniFE.c 40 y 1.9345406011869211
miniFE.c 40 y 0.9372372518070660
miniFE.c 40 y 2.0058092046217029
miniFE.c 40 y -6.2853818362955991
miniFE.c 40 y 3.3963126984948593
miniFE.c 40 y -5.7456023706638284
miniFE.c 40 y -2.2035735166836723
miniFE.c 40 y 8.5114552256647578
miniFE.c 40 y 1.4792892180922035
miniFE.c 40 y 5.2650725407779788
miniFE.c 40 y -1.6274760254008527
miniFE.c 82 oldrtrans 3790.6699632467598349
miniFE.c 48 sum 39.5060248280346400
miniFE.c 48 sum 51.0409647739920729
miniFE.c 48 sum 84.0529113757698809
miniFE.c 48 sum 88.9086476191995274
miniFE.c 48 sum 161.3535176776954359
miniFE.c 48 sum 163.5418142684592908
miniFE.c 48 sum 191.2628031281135748
miniFE.c 48 sum 193.9114813413681304
miniFE.c 83 rtrans 193.9114813413681304
miniFE.c 84 beta 0.0511549365208467
miniFE.c 40 y -7.3287114465838936
miniFE.c 40 y 3.9699825667461655
miniFE.c 40 y -7.0614257391236324
miniFE.c 40 y -0.7937739492455855
miniFE.c 40 y 7.4680364439569651
miniFE.c 40 y 2.1564567198806142
miniFE.c 40 y 4.8519913735189073
miniFE.c 40 y 0.1578038193026263
miniFE.c 87 normr 13.9252102799694963
miniFE.c 25 Ap -491.7177691822269026
miniFE.c 25 Ap -431.8204587073157654
miniFE.c 25 Ap -497.6273892538913515
miniFE.c 25 Ap -508.5151816909789204
miniFE.c 25 Ap -403.4891232846700859
miniFE.c 25 Ap -368.8641916075790164
miniFE.c 25 Ap -344.6199940079656585
miniFE.c 25 Ap -343.6087771922337879
miniFE.c 25 Ap -110.5723003859068285
miniFE.c 25 Ap 153.1798037081557595
miniFE.c 25 Ap 51.5519763134606137
miniFE.c 25 Ap 46.8180545345666062
miniFE.c 25 Ap 128.4706524785789270
miniFE.c 25 Ap 149.2853463563540970
miniFE.c 25 Ap 204.5854813568122381
miniFE.c 25 Ap 205.6828336514683997
miniFE.c 25 Ap -68.2978229862534221
miniFE.c 25 Ap -11.1619529851196120
miniFE.c 25 Ap -489.0375139828888678
miniFE.c 25 Ap -496.6674080934785707
miniFE.c 25 Ap -371.2179876613295733
miniFE.c 25 Ap -336.3358122621239090
miniFE.c 25 Ap -278.3451024853083595
miniFE.c 25 Ap -276.3960406864523520
miniFE.c 25 Ap -100.5241972699535182
miniFE.c 25 Ap -76.8479517186716663
miniFE.c 25 Ap -144.7236116726323871
miniFE.c 25 Ap -196.6377853067468777
miniFE.c 25 Ap -169.2441912102310084
miniFE.c 25 Ap -145.3379492238736930
miniFE.c 25 Ap -139.0292299243090781
miniFE.c 25 Ap -138.2842336748744287
miniFE.c 25 Ap -103.0666738450023843
miniFE.c 25 Ap -59.6604327534008405
miniFE.c 25 Ap -178.2795333758326422
miniFE.c 25 Ap -181.1911851243477543
miniFE.c 25 Ap 315.8907303113472835
miniFE.c 25 Ap 325.5715109134323484
miniFE.c 25 Ap 393.7548960084265559
miniFE.c 25 Ap 394.3544460556481681
miniFE.c 25 Ap -117.6727224709296280
miniFE.c 25 Ap -75.3533947213328901
miniFE.c 25 Ap -189.5768284354176387
miniFE.c 25 Ap -198.3765191216197934
miniFE.c 25 Ap -164.8509576411530588
miniFE.c 25 Ap -21.5257924244134529
miniFE.c 25 Ap 15.4087255367507368
miniFE.c 25 Ap 15.9493827251971396
miniFE.c 25 Ap -36.6197535781409655
miniFE.c 25 Ap 8.6277654279174527
miniFE.c 25 Ap -75.7699713205438599
miniFE.c 25 Ap -76.8020624038933022
miniFE.c 25 Ap 28.1437146106429736
miniFE.c 25 Ap 44.5591785555302593
miniFE.c 25 Ap 363.1321985563093335
miniFE.c 25 Ap 363.5542538658519334
miniFE.c 25 Ap -46.9628446585307273
miniFE.c 25 Ap -19.3559749476694343
miniFE.c 25 Ap -106.5728446939610734
miniFE.c 25 Ap -110.3202737340200628
miniFE.c 25 Ap -81.9466790871094872
miniFE.c 25 Ap -74.5583672431413191
miniFE.c 25 Ap -61.5814397511567080
miniFE.c 25 Ap -51.3443619806692624
miniFE.c 57 sum 2518.2095785554183749
miniFE.c 57 sum 3334.7668424306993984
miniFE.c 57 sum 5286.5169583258766579
miniFE.c 57 sum 5396.2833806083808668
miniFE.c 57 sum 8341.3367555884215108
miniFE.c 57 sum 8375.7309091441202327
miniFE.c 57 sum 10139.6930127073374024
miniFE.c 57 sum 10131.5906762871309184
miniFE.c 90 p_ap_dot 10131.5906762871309184
miniFE.c 91 alpha 0.0191392928847013
miniFE.c 40 y 1.0012296789766542
miniFE.c 40 y 2.0073490788954835
miniFE.c 40 y 1.0104086644389072
miniFE.c 40 y 1.9949505106896541
miniFE.c 40 y 0.9764777474653419
miniFE.c 40 y 1.9758136579418983
miniFE.c 40 y 1.0301009357788884
miniFE.c 40 y 2.0088294581376602
miniFE.c 40 y 0.2910471881406300
miniFE.c 40 y -0.5403112961158874
miniFE.c 40 y -0.4555775957940043
miniFE.c 40 y 0.4430889329562215
miniFE.c 40 y 0.9637899822215745
miniFE.c 40 y 1.1740293107844604
miniFE.c 40 y -1.6930988034396055
miniFE.c 40 y -0.6447812434747023
miniFE.c 82 oldrtrans 193.9114813413681304
miniFE.c 48 sum 0.0847084657245673
miniFE.c 48 sum 0.3766447624349974
miniFE.c 48 sum 0.5841957082244426
miniFE.c 48 sum 0.7805235107327255
miniFE.c 48 sum 1.7094146405633883
miniFE.c 48 sum 3.0877594631444234
miniFE.c 48 sum 5.9543430213530470
miniFE.c 48 sum 6.3700858732898302
miniFE.c 83 rtrans 6.3700858732898302
miniFE.c 84 beta 0.0328504832680625
miniFE.c 40 y 0.0502954753881676
miniFE.c 40 y -0.4098954502324925
miniFE.c 40 y -0.6875488438857511
miniFE.c 40 y 0.4170130751179055
miniFE.c 40 y 1.2091185884690638
miniFE.c 40 y 1.2448699561791994
miniFE.c 40 y -1.5337085420070389
miniFE.c 40 y -0.6395973117490651
miniFE.c 87 normr 2.5239029048855723
miniFE.c 25 Ap 3.3745603354812421
miniFE.c 25 Ap -2.8097577646740004
miniFE.c 25 Ap -9.2171718887490623
miniFE.c 25 Ap -3.4972162140250624
miniFE.c 25 Ap 13.5071142342366528
miniFE.c 25 Ap 33.4952441986323493
miniFE.c 25 Ap 25.8316829739415930
miniFE.c 25 Ap 21.7331031056229449
miniFE.c 25 Ap 0.7588354996927479
miniFE.c 25 Ap -26.4732204702687604
miniFE.c 25 Ap -36.3684028050071717
miniFE.c 25 Ap -33.8814135554098073
miniFE.c 25 Ap -20.6613824653385656
miniFE.c 25 Ap -8.6455665128885908
miniFE.c 25 Ap -26.1258715866450402
miniFE.c 25 Ap -30.5735686120114885
miniFE.c 25 Ap 0.4687142480785914
miniFE.c 25 Ap -5.4304887748039334
miniFE.c 25 Ap -51.9597311153242103
miniFE.c 25 Ap -47.9513284600027561
miniFE.c 25 Ap -27.6403367695534996
miniFE.c 25 Ap -7.5037062680851854
miniFE.c 25 Ap -25.8344987396407930
miniFE.c 25 Ap -33.7342738685964960
miniFE.c 25 Ap 0.6898773852070469
miniFE.c 25 Ap -1.7546636592166958
miniFE.c 25 Ap -8.3635034676942155
miniFE.c 25 Ap 18.9098647373752549
miniFE.c 25 Ap 23.3450471411616896
miniFE.c 25 Ap 37.1455385396691113
miniFE.c 25 Ap 35.1513600809696740
miniFE.c 25 Ap 32.1318032634776074
miniFE.c 25 Ap 0.7073258915287099
miniFE.c 25 Ap -3.7743111020877724
miniFE.c 25 Ap -15.3238803404725168
miniFE.c 25 Ap -13.7942296754756271
miniFE.c 25 Ap 66.6862270624467328
miniFE.c 25 Ap 72.2747059838160908
miniFE.c 25 Ap 50.7220213038954597
miniFE.c 25 Ap 48.2919749326693903
miniFE.c 25 Ap 0.8075642710225740
miniFE.c 25 Ap -3.1488556468112052
miniFE.c 25 Ap -14.2704326053655102
miniFE.c 25 Ap -9.6474715260466724
miniFE.c 25 Ap -4.2194878948612313
miniFE.c 25 Ap 78.5186401175650559
miniFE.c 25 Ap 66.8436841394659353
miniFE.c 25 Ap 64.6523374037765564
miniFE.c 25 Ap 0.2513140172367772
miniFE.c 25 Ap -4.4204324861975355
miniFE.c 25 Ap -12.6379750153893990
miniFE.c 25 Ap -12.0957608536896188
miniFE.c 25 Ap 4.8955715697460569
miniFE.c 25 Ap 14.3718192001016494
miniFE.c 25 Ap -86.3287229927048969
miniFE.c 25 Ap -88.0393624600245346
miniFE.c 25 Ap 0.3222965749023274
miniFE.c 25 Ap -2.5280762162603030
miniFE.c 25 Ap -11.0201088703966743
miniFE.c 25 Ap -9.0513784663989387
miniFE.c 25 Ap -4.4575282667220621
miniFE.c 25 Ap -0.1924357394080412
miniFE.c 25 Ap -4.2944266563927611
miniFE.c 25 Ap -45.7864985916942260
miniFE.c 57 sum 1.0930767523573675
miniFE.c 57 sum 13.6250434237918174
miniFE.c 57 sum 36.8190044214706447
miniFE.c 57 sum 50.2183865094569910
miniFE.c 57 sum 108.6091110744296202
miniFE.c 57 sum 189.0928635051517404
miniFE.c 57 sum 324.1195857429452190
miniFE.c 57 sum 353.4045071565951730
miniFE.c 90 p_ap_dot 353.4045071565951730
miniFE.c 91 alpha 0.0180249140695515
miniFE.c 40 y 1.0021362505986131
miniFE.c 40 y 1.9999607486275428
miniFE.c 40 y 0.9980156556092471
miniFE.c 40 y 2.0024671355345336
miniFE.c 40 y 0.9982720061223942
miniFE.c 40 y 1.9982523319297947
miniFE.c 40 y 1.0024559711014744
miniFE.c 40 y 1.9973007715542672
miniFE.c 40 y -0.1006901278029267
miniFE.c 40 y 0.0107746509151571
miniFE.c 40 y 0.1524797918861647
miniFE.c 40 y -0.1360840597676972
miniFE.c 40 y 0.0933312838112730
miniFE.c 40 y 0.0086764846857368
miniFE.c 40 y -0.1061968603595640
miniFE.c 40 y 0.1805164591862275
miniFE.c 82 oldrtrans 6.3700858732898302
miniFE.c 48 sum 0.0101385018369697
miniFE.c 48 sum 0.0102545949393132
miniFE.c 48 sum 0.0335046818729613
miniFE.c 48 sum 0.0520235531958195
miniFE.c 48 sum 0.0607342817336799
miniFE.c 48 sum 0.0608095631201817
miniFE.c 48 sum 0.0720873362704104
miniFE.c 48 sum 0.1046735283075434
miniFE.c 83 rtrans 0.1046735283075434
miniFE.c 84 beta 0.0164320435218065
miniFE.c 40 y -0.0998636703623984
miniFE.c 40 y 0.0040392310375463
miniFE.c 40 y 0.1411819593600663
miniFE.c 40 y -0.1292316827681974
miniFE.c 40 y 0.1131995730800219
miniFE.c 40 y 0.0291322419846628
miniFE.c 40 y -0.1313988258715901
miniFE.c 40 y 0.1700065683231364
miniFE.c 87 normr 0.3235328859753570
miniFE.c 25 Ap -6.7003240025007136
miniFE.c 25 Ap -6.6393819022601823
miniFE.c 25 Ap -5.3236771512263816
miniFE.c 25 Ap -7.0962822355995341
miniFE.c 25 Ap -5.5043102275502234
miniFE.c 25 Ap -5.0365512973476845
miniFE.c 25 Ap -5.6931186433192043
miniFE.c 25 Ap -4.6037058430907418
miniFE.c 25 Ap -1.5066981197762035
miniFE.c 25 Ap -1.2383453834194678
miniFE.c 25 Ap 0.7935411402318249
miniFE.c 25 Ap 0.0228271628319248
miniFE.c 25 Ap 1.2605071470553830
miniFE.c 25 Ap 1.5416992958677160
miniFE.c 25 Ap 0.0440930038905964
miniFE.c 25 Ap 1.2263020193659915
miniFE.c 25 Ap -0.9306508150689775
miniFE.c 25 Ap -0.8725183231535428
miniFE.c 25 Ap 8.6818423009559247
miniFE.c 25 Ap 7.4396447506435264
miniFE.c 25 Ap 9.3411915551648885
miniFE.c 25 Ap 9.8124256705137789
miniFE.c 25 Ap 8.2419547876260868
miniFE.c 25 Ap 10.3417348141017591
miniFE.c 25 Ap -1.3697790358891335
miniFE.c 25 Ap -1.3456898051997186
miniFE.c 25 Ap 0.0113758950121263
miniFE.c 25 Ap -8.4405971442055190
miniFE.c 25 Ap -8.0253684317958136
miniFE.c 25 Ap -7.7024116017004607
miniFE.c 25 Ap -7.8732606912599561
miniFE.c 25 Ap -7.0706549220225163
miniFE.c 25 Ap -1.4044237404112567
miniFE.c 25 Ap -1.3602603635468304
miniFE.c 25 Ap 1.0113396025362469
miniFE.c 25 Ap 0.5373033161940286
miniFE.c 25 Ap 8.0720095318623670
miniFE.c 25 Ap 8.2027901965056085
miniFE.c 25 Ap 6.3562871721329497
miniFE.c 25 Ap 7.0021995874126386
miniFE.c 25 Ap -1.6034510368068131
miniFE.c 25 Ap -1.5644633043969607
miniFE.c 25 Ap 0.7192523038040692
miniFE.c 25 Ap -0.7133959158790630
miniFE.c 25 Ap -0.2052196000112171
miniFE.c 25 Ap 1.7310044647207601
miniFE.c 25 Ap 0.7307651978668332
miniFE.c 25 Ap 1.3132306518286221
miniFE.c 25 Ap -0.4989939946106547
miniFE.c 25 Ap -0.4529572223910146
miniFE.c 25 Ap 1.2344410849629357
miniFE.c 25 Ap 1.0664097863821940
miniFE.c 25 Ap 2.6571648990208945
miniFE.c 25 Ap 2.8789264876139820
miniFE.c 25 Ap -5.7484839012280533
miniFE.c 25 Ap -5.2937916438734307
miniFE.c 25 Ap -0.6399326910934816
miniFE.c 25 Ap -0.6118442743030266
miniFE.c 25 Ap 1.1319181066862429
miniFE.c 25 Ap 0.5218117138504654
miniFE.c 25 Ap 0.9518951534371697
miniFE.c 25 Ap 1.0517061473292921
miniFE.c 25 Ap 0.7002724978026498
miniFE.c 25 Ap 11.7289691992434513
miniFE.c 57 sum 0.4597429627598611
miniFE.c 57 sum 0.4646962799378899
miniFE.c 57 sum 1.9247626641749869
miniFE.c 57 sum 2.8385152980211945
miniFE.c 57 sum 3.6311613019374107
miniFE.c 57 sum 3.6694186550681587
miniFE.c 57 sum 4.3650166614819623
miniFE.c 57 sum 6.3590184650131061
miniFE.c 90 p_ap_dot 6.3590184650131061
miniFE.c 91 alpha 0.0164606422962050
miniFE.c 40 y 1.0004924304423914
miniFE.c 40 y 2.0000272369648036
miniFE.c 40 y 1.0003396013409505
miniFE.c 40 y 2.0003398990311498
miniFE.c 40 y 1.0001353438029477
miniFE.c 40 y 1.9987318673443908
miniFE.c 40 y 1.0002930620306609
miniFE.c 40 y 2.0000991888634396
miniFE.c 40 y -0.0249101726828611
miniFE.c 40 y -0.0094110679727404
miniFE.c 40 y -0.0177518056109746
miniFE.c 40 y -0.0196965382963833
miniFE.c 40 y -0.0219294188837607
miniFE.c 40 y -0.0129401353264263
miniFE.c 40 y -0.0190576497191244
miniFE.c 40 y -0.0125499073057250
miniFE.c 82 oldrtrans 0.1046735283075434
miniFE.c 48 sum 0.0006205167030900
miniFE.c 48 sum 0.0007090849034775
miniFE.c 48 sum 0.0010242115059273
miniFE.c 48 sum 0.0014121651267882
miniFE.c 48 sum 0.0018930645393677
miniFE.c 48 sum 0.0020605116416339
miniFE.c 48 sum 0.0024237056544507
miniFE.c 48 sum 0.0025812058278330
miniFE.c 83 rtrans 0.0025812058278330
miniFE.c 84 beta 0.0246595855663633
miniFE.c 40 y -0.0273727694071338
miniFE.c 40 y -0.0093114622093477
miniFE.c 40 y -0.0142703170037082
miniFE.c 40 y -0.0228833380354908
miniFE.c 40 y -0.0191379643253181
miniFE.c 40 y -0.0122217463124655
miniFE.c 40 y -0.0222978903090245
miniFE.c 40 y -0.0083576157873169
miniFE.c 87 normr 0.0508055688663459
miniFE.c 25 Ap -1.8365680252685117
miniFE.c 25 Ap -1.9770551769251556
miniFE.c 25 Ap -2.1100433006602337
miniFE.c 25 Ap -2.4239223779906625
miniFE.c 25 Ap -2.6930674168629847
miniFE.c 25 Ap -2.8893046643544560
miniFE.c 25 Ap -3.0007216923518549
miniFE.c 25 Ap -3.0542778208467758
miniFE.c 25 Ap -0.4129880270686009
miniFE.c 25 Ap -1.0316098241715288
miniFE.c 25 Ap -1.2369877983793867
miniFE.c 25 Ap -1.3734598158888551
miniFE.c 25 Ap -1.5827068540157967
miniFE.c 25 Ap -1.7006744004082328
miniFE.c 25 Ap -1.9548125983952120
miniFE.c 25 Ap -2.0129306395338662
miniFE.c 25 Ap -0.2550926685049632
miniFE.c 25 Ap -0.3891029532780291
miniFE.c 25 Ap -1.3548336705155064
miniFE.c 25 Ap -1.5747923202967999
miniFE.c 25 Ap -1.8962752898670725
miniFE.c 25 Ap -2.0939704694761576
miniFE.c 25 Ap -2.3604735165762003
miniFE.c 25 Ap -2.4636998499600344
miniFE.c 25 Ap -0.3754583178452561
miniFE.c 25 Ap -0.4309901651527593
miniFE.c 25 Ap -0.5681589494978779
miniFE.c 25 Ap -2.0647683875270144
miniFE.c 25 Ap -2.1349685841242856
miniFE.c 25 Ap -2.2704575193521839
miniFE.c 25 Ap -2.2994499721623578
miniFE.c 25 Ap -2.3389065103075226
miniFE.c 25 Ap -0.3849544790079790
miniFE.c 25 Ap -0.4867623753347252
miniFE.c 25 Ap -0.7264777290200757
miniFE.c 25 Ap -0.8104163758681158
miniFE.c 25 Ap -2.0842633951963410
miniFE.c 25 Ap -2.1391293442944854
miniFE.c 25 Ap -2.4524740155245017
miniFE.c 25 Ap -2.4842274227746546
miniFE.c 25 Ap -0.4395081347087025
miniFE.c 25 Ap -0.5293848448022742
miniFE.c 25 Ap -0.7602170688559865
miniFE.c 25 Ap -1.0138992371502531
miniFE.c 25 Ap -1.0998135205652215
miniFE.c 25 Ap -1.9121107456021207
miniFE.c 25 Ap -2.0818476158301991
miniFE.c 25 Ap -2.1104819357956779
miniFE.c 25 Ap -0.1367749402806344
miniFE.c 25 Ap -0.2429014927800761
miniFE.c 25 Ap -0.4134594653893759
miniFE.c 25 Ap -0.4432131366532762
miniFE.c 25 Ap -0.7121524424091014
miniFE.c 25 Ap -0.8051872963369575
miniFE.c 25 Ap -2.2692266378249508
miniFE.c 25 Ap -2.2915795576322298
miniFE.c 25 Ap -0.1754064308453858
miniFE.c 25 Ap -0.2401574265258932
miniFE.c 25 Ap -0.4164125377925835
miniFE.c 25 Ap -0.5244454173916003
miniFE.c 25 Ap -0.5971570124954259
miniFE.c 25 Ap -0.6390303652976849
miniFE.c 25 Ap -0.6986673439089186
miniFE.c 25 Ap -1.2408440996345793
miniFE.c 57 sum 0.0836040424953618
miniFE.c 57 sum 0.1023473700754195
miniFE.c 57 sum 0.1375051479363374
miniFE.c 57 sum 0.1910271362451146
miniFE.c 57 sum 0.2385701920381529
miniFE.c 57 sum 0.2643639668544888
miniFE.c 57 sum 0.3154613564649752
miniFE.c 57 sum 0.3258318547016801
miniFE.c 90 p_ap_dot 0.3258318547016801
miniFE.c 91 alpha 0.0079218952677180
miniFE.c 40 y 1.0002755862299608
miniFE.c 40 y 1.9999534725363919
miniFE.c 40 y 1.0002265533842098
miniFE.c 40 y 2.0001586196238570
miniFE.c 40 y 0.9999837348539252
miniFE.c 40 y 1.9986350479501149
miniFE.c 40 y 1.0001164204789417
miniFE.c 40 y 2.0000329807064845
miniFE.c 40 y -0.0007145036675990
miniFE.c 40 y 0.0065351577348275
miniFE.c 40 y 0.0017653665715014
miniFE.c 40 y -0.0011679658807433
miniFE.c 40 y -0.0022496294193469
miniFE.c 40 y 0.0037788815333578
miniFE.c 40 y -0.0009039964659183
miniFE.c 40 y -0.0027200703048540
