filename line variable value
miniFE.c 167 A 67.0947100000000063
miniFE.c 167 A 15.0875500000000002
miniFE.c 167 A 9.3192129999999995
miniFE.c 167 A 13.7164900000000003
miniFE.c 167 A 14.0634099999999993
miniFE.c 167 A 16.0564000000000000
miniFE.c 167 A 4.9967519999999999
miniFE.c 167 A 6.4080630000000003
miniFE.c 167 A 15.0875500000000002
miniFE.c 167 A 66.4365899999999954
miniFE.c 167 A 14.3919700000000006
miniFE.c 167 A 5.9638159999999996
miniFE.c 167 A 10.9336099999999998
miniFE.c 167 A 9.6522659999999991
miniFE.c 167 A 11.3974100000000007
miniFE.c 167 A 6.9539020000000002
miniFE.c 167 A 9.3192129999999995
miniFE.c 167 A 14.3919700000000006
miniFE.c 167 A 67.6740900000000067
miniFE.c 167 A 9.6121750000000006
miniFE.c 167 A 16.7981799999999986
miniFE.c 167 A 16.1756899999999995
miniFE.c 167 A 11.9519400000000005
miniFE.c 167 A 12.3511699999999998
miniFE.c 167 A 13.7164900000000003
miniFE.c 167 A 5.9638159999999996
miniFE.c 167 A 9.6121750000000006
miniFE.c 167 A 65.4017099999999942
miniFE.c 167 A 3.6681119999999998
miniFE.c 167 A 11.0858899999999991
miniFE.c 167 A 1.3002330000000000
miniFE.c 167 A 4.7210279999999996
miniFE.c 167 A 14.0634099999999993
miniFE.c 167 A 10.9336099999999998
miniFE.c 167 A 16.7981799999999986
miniFE.c 167 A 3.6681119999999998
miniFE.c 167 A 66.5612600000000043
miniFE.c 167 A 4.4892070000000004
miniFE.c 167 A 14.0526599999999995
miniFE.c 167 A 3.7993380000000001
miniFE.c 167 A 16.0564000000000000
miniFE.c 167 A 9.6522659999999991
miniFE.c 167 A 16.1756899999999995
miniFE.c 167 A 11.0858899999999991
miniFE.c 167 A 4.4892070000000004
miniFE.c 167 A 66.4632699999999943
miniFE.c 167 A 7.6122389999999998
miniFE.c 167 A 3.4261349999999999
miniFE.c 167 A 4.9967519999999999
miniFE.c 167 A 11.3974100000000007
miniFE.c 167 A 11.9519400000000005
miniFE.c 167 A 1.3002330000000000
miniFE.c 167 A 14.0526599999999995
miniFE.c 167 A 7.6122389999999998
miniFE.c 167 A 65.6581999999999937
miniFE.c 167 A 2.6745570000000001
miniFE.c 167 A 6.4080630000000003
miniFE.c 167 A 6.9539020000000002
miniFE.c 167 A 12.3511699999999998
miniFE.c 167 A 4.7210279999999996
miniFE.c 167 A 3.7993380000000001
miniFE.c 167 A 3.4261349999999999
miniFE.c 167 A 2.6745570000000001
miniFE.c 167 A 64.8721800000000002
miniFE.c 175 b 198.0110999999999990
miniFE.c 175 b 229.8237000000000023
miniFE.c 175 b 210.8053999999999917
miniFE.c 175 b 202.6418999999999926
miniFE.c 175 b 157.2561000000000035
miniFE.c 175 b 225.5886000000000138
miniFE.c 175 b 142.6283999999999992
miniFE.c 175 b 185.1795999999999935
miniFE.c 33 r 0.0000000000000000
miniFE.c 33 r 0.0000000000000000
miniFE.c 33 r 0.0000000000000000
miniFE.c 33 r 0.0000000000000000
miniFE.c 33 r 0.0000000000000000
miniFE.c 33 r 0.0000000000000000
miniFE.c 33 r 0.0000000000000000
miniFE.c 33 r 0.0000000000000000
miniFE.c 25 Ap 0.0000000000000000
miniFE.c 25 Ap 0.0000000000000000
miniFE.c 25 Ap 0.0000000000000000
miniFE.c 25 Ap 0.0000000000000000
miniFE.c 25 Ap 0.0000000000000000
miniFE.c 25 Ap 0.0000000000000000
miniFE.c 25 Ap 0.0000000000000000
miniFE.c 25 Ap 0.0000000000000000
miniFE.c 25 Ap 0.0000000000000000
miniFE.c 25 Ap 0.0000000000000000
miniFE.c 25 Ap 0.0000000000000000
miniFE.c 25 Ap 0.0000000000000000
miniFE.c 25 Ap 0.0000000000000000
miniFE.c 25 Ap 0.0000000000000000
miniFE.c 25 Ap 0.0000000000000000
miniFE.c 25 Ap 0.0000000000000000
miniFE.c 25 Ap 0.0000000000000000
miniFE.c 25 Ap 0.0000000000000000
miniFE.c 25 Ap 0.0000000000000000
miniFE.c 25 Ap 0.0000000000000000
miniFE.c 25 Ap 0.0000000000000000
miniFE.c 25 Ap 0.0000000000000000
miniFE.c 25 Ap 0.0000000000000000
miniFE.c 25 Ap 0.0000000000000000
miniFE.c 25 Ap 0.0000000000000000
miniFE.c 25 Ap 0.0000000000000000
miniFE.c 25 Ap 0.0000000000000000
miniFE.c 25 Ap 0.0000000000000000
miniFE.c 25 Ap 0.0000000000000000
miniFE.c 25 Ap 0.0000000000000000
miniFE.c 25 Ap 0.0000000000000000
miniFE.c 25 Ap 0.0000000000000000
miniFE.c 25 Ap 0.0000000000000000
miniFE.c 25 Ap 0.0000000000000000
miniFE.c 25 Ap 0.0000000000000000
miniFE.c 25 Ap 0.0000000000000000
miniFE.c 25 Ap 0.0000000000000000
miniFE.c 25 Ap 0.0000000000000000
miniFE.c 25 Ap 0.0000000000000000
miniFE.c 25 Ap 0.0000000000000000
miniFE.c 25 Ap 0.0000000000000000
miniFE.c 25 Ap 0.0000000000000000
miniFE.c 25 Ap 0.0000000000000000
miniFE.c 25 Ap 0.0000000000000000
miniFE.c 25 Ap 0.0000000000000000
miniFE.c 25 Ap 0.0000000000000000
miniFE.c 25 Ap 0.0000000000000000
miniFE.c 25 Ap 0.0000000000000000
miniFE.c 25 Ap 0.0000000000000000
miniFE.c 25 Ap 0.0000000000000000
miniFE.c 25 Ap 0.0000000000000000
miniFE.c 25 Ap 0.0000000000000000
miniFE.c 25 Ap 0.0000000000000000
miniFE.c 25 Ap 0.0000000000000000
miniFE.c 25 Ap 0.0000000000000000
miniFE.c 25 Ap 0.0000000000000000
miniFE.c 25 Ap 0.0000000000000000
miniFE.c 25 Ap 0.0000000000000000
miniFE.c 25 Ap 0.0000000000000000
miniFE.c 25 Ap 0.0000000000000000
miniFE.c 25 Ap 0.0000000000000000
miniFE.c 25 Ap 0.0000000000000000
miniFE.c 25 Ap 0.0000000000000000
miniFE.c 25 Ap 0.0000000000000000
miniFE.c 33 r 198.0110999999999990
miniFE.c 33 r 229.8237000000000023
miniFE.c 33 r 210.8053999999999917
miniFE.c 33 r 202.6418999999999926
miniFE.c 33 r 157.2561000000000035
miniFE.c 33 r 225.5886000000000138
miniFE.c 33 r 142.6283999999999992
miniFE.c 33 r 185.1795999999999935
miniFE.c 48 sum 39208.3957232100001420
miniFE.c 48 sum 92027.3288048999966122
miniFE.c 48 sum 136466.2454740600078367
miniFE.c 48 sum 177529.9851096700003836
miniFE.c 48 sum 202259.4660968800017145
miniFE.c 48 sum 253149.6825468399911188
miniFE.c 48 sum 273492.5430333999684080
miniFE.c 48 sum 307784.0272895599482581
miniFE.c 75 rtrans 307784.0272895599482581
miniFE.c 76 normr 554.7828649927464539
miniFE.c 33 r 198.0110999999999990
miniFE.c 33 r 229.8237000000000023
miniFE.c 33 r 210.8053999999999917
miniFE.c 33 r 202.6418999999999926
miniFE.c 33 r 157.2561000000000035
miniFE.c 33 r 225.5886000000000138
miniFE.c 33 r 142.6283999999999992
miniFE.c 33 r 185.1795999999999935
miniFE.c 87 normr 554.7828649927464539
miniFE.c 25 Ap 13285.4973312810016068
miniFE.c 25 Ap 16752.9738962160008668
miniFE.c 25 Ap 18717.5143203662009910
miniFE.c 25 Ap 21497.0499152972006414
miniFE.c 25 Ap 23708.6069245981998392
miniFE.c 25 Ap 27330.7477216381994367
miniFE.c 25 Ap 28043.4264645949988335
miniFE.c 25 Ap 29230.0690077097970061
miniFE.c 25 Ap 2987.5023718050001662
miniFE.c 25 Ap 18256.2053009880000900
miniFE.c 25 Ap 21290.1102936259994749
miniFE.c 25 Ap 22498.6292991164009436
miniFE.c 25 Ap 24218.0061666374022025
miniFE.c 25 Ap 26395.4473404050004319
miniFE.c 25 Ap 28021.0416928490012651
miniFE.c 25 Ap 29308.7624836482027604
miniFE.c 25 Ap 1845.3076172643000064
miniFE.c 25 Ap 5152.9234129532997031
miniFE.c 25 Ap 19418.9870250392996240
miniFE.c 25 Ap 21366.8164301717988565
miniFE.c 25 Ap 24008.4327040697971825
miniFE.c 25 Ap 27657.4839652037990163
miniFE.c 25 Ap 29362.1700442997971550
miniFE.c 25 Ap 31649.3547644317950471
miniFE.c 25 Ap 2716.0172730389999742
miniFE.c 25 Ap 4086.6435322781999275
miniFE.c 25 Ap 6112.9419280231995799
miniFE.c 25 Ap 19366.0687056721981207
miniFE.c 25 Ap 19942.9016931553996983
miniFE.c 25 Ap 22443.7520980093977414
miniFE.c 25 Ap 22629.2022504265987664
miniFE.c 25 Ap 23503.4403270553993934
miniFE.c 25 Ap 2784.7112838509997346
miniFE.c 25 Ap 5297.5139884079999320
miniFE.c 25 Ap 8838.6610425799990480
miniFE.c 25 Ap 9581.9742276727993158
miniFE.c 25 Ap 20049.1383863587980159
miniFE.c 25 Ap 21061.8523085989982064
miniFE.c 25 Ap 23066.1607201429978886
miniFE.c 25 Ap 23769.7206112477979332
miniFE.c 25 Ap 3179.3454260399998930
miniFE.c 25 Ap 5397.6649115441996400
miniFE.c 25 Ap 8807.5877122702004272
miniFE.c 25 Ap 11054.0535250612010714
miniFE.c 25 Ap 11760.0087099739012046
miniFE.c 25 Ap 26753.3647406958989450
miniFE.c 25 Ap 27839.0862096834971453
miniFE.c 25 Ap 28473.5365185294976982
miniFE.c 25 Ap 989.4123599472000024
miniFE.c 25 Ap 3608.8072965641999872
miniFE.c 25 Ap 6128.3407890401995246
miniFE.c 25 Ap 6391.8224746028990921
miniFE.c 25 Ap 8601.6889808288997301
miniFE.c 25 Ap 10318.9233197042995016
miniFE.c 25 Ap 19683.6473325842962367
miniFE.c 25 Ap 20178.9207280214977800
miniFE.c 25 Ap 1268.8676034993000030
miniFE.c 25 Ap 2867.0390905766998912
miniFE.c 25 Ap 5470.7324228946999938
miniFE.c 25 Ap 6427.4105067679001877
miniFE.c 25 Ap 7024.8795832297000743
miniFE.c 25 Ap 7797.7765812907000509
miniFE.c 25 Ap 8179.2443669095000587
miniFE.c 25 Ap 20192.2487104374995397
miniFE.c 57 sum 5787878.1172925252467394
miniFE.c 57 sum 12523726.3537057451903820
miniFE.c 57 sum 19195581.2445636950433254
miniFE.c 57 sum 23958363.0489748232066631
miniFE.c 57 sum 27696296.6103892698884010
miniFE.c 57 sum 34119601.8506532162427902
miniFE.c 57 sum 36997689.0278177559375763
miniFE.c 57 sum 40736881.5671170875430107
miniFE.c 90 p_ap_dot 40736881.5671170875430107
miniFE.c 91 alpha 0.0075554145395853
miniFE.c 40 y 1.4960559439392744
miniFE.c 40 y 1.7364133245212852
miniFE.c 40 y 1.5927221841830903
miniFE.c 40 y 1.5310435575891859
miniFE.c 40 y 1.1881350243784765
miniFE.c 40 y 1.7044153884046875
miniFE.c 40 y 1.0776166871177848
miniFE.c 40 y 1.3991086422745860
miniFE.c 40 y -22.8341883739316245
miniFE.c 40 y 8.3838497937928480
miniFE.c 40 y -28.3185951556805833
miniFE.c 40 y 25.0636652226906733
miniFE.c 40 y -22.3339927081014764
miniFE.c 40 y 10.4592281944898673
miniFE.c 40 y -9.8317110616323760
miniFE.c 40 y 32.6187905062384118
miniFE.c 82 oldrtrans 307784.0272895599482581
miniFE.c 48 sum 521.4001586961941257
miniFE.c 48 sum 591.6890960610744514
miniFE.c 48 sum 1393.6319276524102406
miniFE.c 48 sum 2021.8192420475243125
miniFE.c 48 sum 2520.6264723330541528
miniFE.c 48 sum 2630.0219267574657351
miniFE.c 48 sum 2726.6844691568903727
miniFE.c 48 sum 3790.6699632467598349
miniFE.c 83 rtrans 3790.6699632467598349
miniFE.c 84 beta 0.0123160061184089
miniFE.c 40 y -20.3954824548187439
miniFE.c 40 y 11.2143598891482252
miniFE.c 40 y -25.7223145594869429
miniFE.c 40 y 27.5594041029366821
miniFE.c 40 y -20.3972256183443506
miniFE.c 40 y 13.2375787723331708
miniFE.c 40 y -8.0750988145735008
miniFE.c 40 y 34.8994635928429275
miniFE.c 87 normr 61.5684169298412272
miniFE.c 25 Ap -1368.4289806161518754
miniFE.c 25 Ap -1199.2317650706336281
miniFE.c 25 Ap -1438.9434933034935966
miniFE.c 25 Ap -1060.9252025196035447
miniFE.c 25 Ap -1347.7797492528836756
miniFE.c 25 Ap -1135.2318894527934390
miniFE.c 25 Ap -1175.5811556047112845
miniFE.c 25 Ap -951.9431942355674892
miniFE.c 25 Ap -307.7178613112005223
miniFE.c 25 Ap 437.3259687565855529
miniFE.c 25 Ap 67.1311892858862507
miniFE.c 25 Ap 231.4904044254456608
miniFE.c 25 Ap 8.4750944324596844
miniFE.c 25 Ap 136.2477259389728772
miniFE.c 25 Ap 44.2125139587647027
miniFE.c 25 Ap 286.8999636359623082
miniFE.c 25 Ap -190.0698452342187466
miniFE.c 25 Ap -28.6731141403941479
miniFE.c 25 Ap -1769.4073446474239972
miniFE.c 25 Ap -1504.5015295142784453
miniFE.c 25 Ap -1847.1377969518380269
miniFE.c 25 Ap -1633.0108263799961605
miniFE.c 25 Ap -1729.5239229058497585
miniFE.c 25 Ap -1298.4747151618360022
miniFE.c 25 Ap -279.7544311366967804
miniFE.c 25 Ap -212.8740522000363740
miniFE.c 25 Ap -460.1214411508727835
miniFE.c 25 Ap 1342.3107137622018854
miniFE.c 25 Ap 1267.4914057048456471
miniFE.c 25 Ap 1414.2417478412662604
miniFE.c 25 Ap 1403.7422378842968556
miniFE.c 25 Ap 1568.5035826910889227
miniFE.c 25 Ap -286.8300319099224680
miniFE.c 25 Ap -164.2165944823325390
miniFE.c 25 Ap -596.3046644692149130
miniFE.c 25 Ap -495.2136835663836223
miniFE.c 25 Ap -1852.8787212276629361
miniFE.c 25 Ap -1793.4524899398534217
miniFE.c 25 Ap -1906.9291080474579303
miniFE.c 25 Ap -1774.3342498395531948
miniFE.c 25 Ap -327.4780244875516928
miniFE.c 25 Ap -219.2340398177625218
miniFE.c 25 Ap -635.3102262145098393
miniFE.c 25 Ap -329.7897038638051299
miniFE.c 25 Ap -421.3570718902559520
miniFE.c 25 Ap 458.4557002015919807
miniFE.c 25 Ap 396.9861180764418123
miniFE.c 25 Ap 516.5563917731067249
miniFE.c 25 Ap -101.9111677470804693
miniFE.c 25 Ap 25.9034897970964124
miniFE.c 25 Ap -281.5280704790179698
miniFE.c 25 Ap -245.6944238040443054
miniFE.c 25 Ap -532.3297003619271663
miniFE.c 25 Ap -431.5620869656004857
miniFE.c 25 Ap -961.7585399526303718
miniFE.c 25 Ap -868.4179353041471359
miniFE.c 25 Ap -130.6955364858731627
miniFE.c 25 Ap -52.7119768240055322
miniFE.c 25 Ap -370.4126567417038700
miniFE.c 25 Ap -240.3039383084249323
miniFE.c 25 Ap -317.7998926947741438
miniFE.c 25 Ap -272.4461607476264362
miniFE.c 25 Ap -294.0434728078357125
miniFE.c 25 Ap 1969.9608112905175403
miniFE.c 57 sum 19415.3407160156275495
miniFE.c 57 sum 22632.7401604128463077
miniFE.c 57 sum 56032.5152313458020217
miniFE.c 57 sum 99259.5393036334862700
miniFE.c 57 sum 135451.0353199666133150
miniFE.c 57 sum 142288.9912464153021574
miniFE.c 57 sum 149301.5518863441830035
miniFE.c 57 sum 218052.1274993049155455
miniFE.c 90 p_ap_dot 218052.1274993049155455
miniFE.c 91 alpha 0.0173842374606450
miniFE.c 40 y 1.1414960338202862
miniFE.c 40 y 1.9313664198033706
miniFE.c 40 y 1.1455593598435627
miniFE.c 40 y 2.0101427827885114
miniFE.c 40 y 0.8335448106908265
miniFE.c 40 y 1.9345406011869211
miniFE.c 40 y 0.9372372518070660
miniFE.c 40 y 2.0058092046217029
miniFE.c 40 y -6.2853818362955991
miniFE.c 40 y 3.3963126984948593
miniFE.c 40 y -5.7456023706638284
miniFE.c 40 y -2.2035735166836723
miniFE.c 40 y 8.5114552256647578
miniFE.c 40 y 1.4792892180922035
miniFE.c 40 y 5.2650725407779788
miniFE.c 40 y -1.6274760254008527
miniFE.c 82 oldrtrans 3790.6699632467598349
miniFE.c 48 sum 39.5060248280346400
miniFE.c 48 sum 51.0409647739920729
miniFE.c 48 sum 84.0529113757698809
miniFE.c 48 sum 88.9086476191995274
miniFE.c 48 sum 161.3535176776954359
miniFE.c 48 sum 163.5418142684592908
miniFE.c 48 sum 191.2628031281135748
miniFE.c 48 sum 193.9114813413681304
miniFE.c 83 rtrans 193.9114813413681304
miniFE.c 84 beta 0.0511549365208467
miniFE.c 40 y -7.3287114465838936
miniFE.c 40 y 3.9699825667461655
miniFE.c 40 y -7.0614257391236324
miniFE.c 40 y -0.7937739492455855
miniFE.c 40 y 7.4680364439569651
miniFE.c 40 y 2.1564567198806142
miniFE.c 40 y 4.8519913735189073
miniFE.c 40 y 0.1578038193026263
miniFE.c 87 normr 13.9252102799694963
miniFE.c 25 Ap -491.7177691822269026
miniFE.c 25 Ap -431.8204587073157654
miniFE.c 25 Ap -497.6273892538913515
miniFE.c 25 Ap -508.5151816909789204
miniFE.c 25 Ap -403.4891232846700859
miniFE.c 25 Ap -368.8641916075790164
miniFE.c 25 Ap -344.6199940079656585
miniFE.c 25 Ap -343.6087771922337879
miniFE.c 25 Ap -110.5723003859068285
miniFE.c 25 Ap 153.1798037081557595
miniFE.c 25 Ap 51.5519763134606137
miniFE.c 25 Ap 46.8180545345666062
miniFE.c 25 Ap 128.4706524785789270
miniFE.c 25 Ap 149.2853463563540970
miniFE.c 25 Ap 204.5854813568122381
miniFE.c 25 Ap 205.6828336514683997
miniFE.c 25 Ap -68.2978229862534221
miniFE.c 25 Ap -11.1619529851196120
miniFE.c 25 Ap -489.0375139828888678
miniFE.c 25 Ap -496.6674080934785707
miniFE.c 25 Ap -371.2179876613295733
miniFE.c 25 Ap -336.3358122621239090
miniFE.c 25 Ap -278.3451024853083595
miniFE.c 25 Ap -276.3960406864523520
miniFE.c 25 Ap -100.5241972699535182
miniFE.c 25 Ap -76.8479517186716663
miniFE.c 25 Ap -144.7236116726323871
miniFE.c 25 Ap -196.6377853067468777
miniFE.c 25 Ap -169.2441912102310084
miniFE.c 25 Ap -145.3379492238736930
miniFE.c 25 Ap -139.0292299243090781
miniFE.c 25 Ap -138.2842336748744287
miniFE.c 25 Ap -103.0666738450023843
miniFE.c 25 Ap -59.6604327534008405
miniFE.c 25 Ap -178.2795333758326422
miniFE.c 25 Ap -181.1911851243477543
miniFE.c 25 Ap 315.8907303113472835
miniFE.c 25 Ap 325.5715109134323484
miniFE.c 25 Ap 393.7548960084265559
miniFE.c 25 Ap 394.3544460556481681
miniFE.c 25 Ap -117.6727224709296280
miniFE.c 25 Ap -79.3533947213328901
miniFE.c 25 Ap -193.5768284354176387
miniFE.c 25 Ap -202.3765191216197934
miniFE.c 25 Ap -168.8509576411530588
miniFE.c 25 Ap -25.5257924244134529
miniFE.c 25 Ap 11.4087255367507368
miniFE.c 25 Ap 11.9493827251971396
miniFE.c 25 Ap -36.6197535781409655
miniFE.c 25 Ap 8.6277654279174527
miniFE.c 25 Ap -75.7699713205438599
miniFE.c 25 Ap -76.8020624038933022
miniFE.c 25 Ap 28.1437146106429736
miniFE.c 25 Ap 44.5591785555302593
miniFE.c 25 Ap 363.1321985563093335
miniFE.c 25 Ap 363.5542538658519334
miniFE.c 25 Ap -46.9628446585307273
miniFE.c 25 Ap -19.3559749476694343
miniFE.c 25 Ap -106.5728446939610734
miniFE.c 25 Ap -110.3202737340200628
miniFE.c 25 Ap -81.9466790871094872
miniFE.c 25 Ap -74.5583672431413191
miniFE.c 25 Ap -61.5814397511567080
miniFE.c 25 Ap -51.3443619806692624
miniFE.c 57 sum 2518.2095785554183749
miniFE.c 57 sum 3334.7668424306993984
miniFE.c 57 sum 5286.5169583258766579
miniFE.c 57 sum 5396.2833806083808668
miniFE.c 57 sum 8341.3367555884215108
miniFE.c 57 sum 8367.1050822645975131
miniFE.c 57 sum 10131.0671858278146829
miniFE.c 57 sum 10122.9648494076081988
miniFE.c 90 p_ap_dot 10122.9648494076081988
miniFE.c 91 alpha 0.0191556015679256
miniFE.c 40 y 1.0011101573432295
miniFE.c 40 y 2.0074138240835708
miniFE.c 40 y 1.0102935018834158
miniFE.c 40 y 1.9949375652817642
miniFE.c 40 y 0.9765995413060141
miniFE.c 40 y 1.9758488269114298
miniFE.c 40 y 1.0301800653692061
miniFE.c 40 y 2.0088320317101611
miniFE.c 40 y 0.2966509948409524
miniFE.c 40 y -0.5436657122945894
miniFE.c 40 y -0.4510699403219940
miniFE.c 40 y 0.4453441667181424
miniFE.c 40 y 0.9573585804827518
miniFE.c 40 y 1.2503916036256741
miniFE.c 40 y -1.6990278946007562
miniFE.c 40 y -0.6439438845398050
miniFE.c 82 oldrtrans 193.9114813413681304
miniFE.c 48 sum 0.0880018127401268
miniFE.c 48 sum 0.3835742194649100
miniFE.c 48 sum 0.5870383105269972
miniFE.c 48 sum 0.7853697373568738
miniFE.c 48 sum 1.7019051889808234
miniFE.c 48 sum 3.2653843513984082
miniFE.c 48 sum 6.1520801380298860
miniFE.c 48 sum 6.5667438644660994
miniFE.c 83 rtrans 6.5667438644660994
miniFE.c 84 beta 0.0338646469979041
miniFE.c 40 y 0.0484667687528897
miniFE.c 40 y -0.4092236540838973
miniFE.c 40 y -0.6902026302793298
miniFE.c 40 y 0.4184632921308084
miniFE.c 40 y 1.2102609984248374
miniFE.c 40 y 1.3234192492106893
miniFE.c 40 y -1.5347169194996626
miniFE.c 40 y -0.6385999139042006
miniFE.c 87 normr 2.5625658751466469
miniFE.c 25 Ap 3.2518637941121975
miniFE.c 25 Ap -2.9223185480613072
miniFE.c 25 Ap -9.3544638727946321
miniFE.c 25 Ap -3.6146163109153209
miniFE.c 25 Ap 13.4057803169425220
miniFE.c 25 Ap 34.6551291499690350
miniFE.c 25 Ap 26.9865293130252581
miniFE.c 25 Ap 22.8943408329325635
miniFE.c 25 Ap 0.7312447968976612
miniFE.c 25 Ap -26.4561793277760451
miniFE.c 25 Ap -36.3895548766772521
miniFE.c 25 Ap -33.8939167996548605
miniFE.c 25 Ap -20.6613950446670742
miniFE.c 25 Ap -7.8874004217652125
miniFE.c 25 Ap -25.3791983872398603
miniFE.c 25 Ap -29.8199596057381093
miniFE.c 25 Ap 0.4516721414299236
miniFE.c 25 Ap -5.4378624114359031
miniFE.c 25 Ap -52.1466973311959947
miniFE.c 25 Ap -48.1243549361585394
miniFE.c 25 Ap -27.7941728376384063
miniFE.c 25 Ap -6.3869533223735502
miniFE.c 25 Ap -24.7297978612183478
miniFE.c 25 Ap -32.6172539598344926
miniFE.c 25 Ap 0.6647939489313243
miniFE.c 25 Ap -1.7757406268726874
miniFE.c 25 Ap -8.4100890945779057
miniFE.c 25 Ap 18.9581257830065013
miniFE.c 25 Ap 23.3974986744606284
miniFE.c 25 Ap 38.0687788950929189
miniFE.c 25 Ap 36.0732893107011137
miniFE.c 25 Ap 33.0584412363617943
miniFE.c 25 Ap 0.6816080403470768
miniFE.c 25 Ap -3.7926837961811630
miniFE.c 25 Ap -15.3868318160867936
miniFE.c 25 Ap -13.8518615926622708
miniFE.c 25 Ap 66.7046353913529231
miniFE.c 25 Ap 72.6457383488442900
miniFE.c 25 Ap 51.0788832828681620
miniFE.c 25 Ap 48.6526263631752016
miniFE.c 25 Ap 0.7782018258038984
miniFE.c 25 Ap -3.1717337369058640
miniFE.c 25 Ap -14.3362375214889166
miniFE.c 25 Ap -9.6971994958889098
miniFE.c 25 Ap -4.2640873499331402
miniFE.c 25 Ap 83.6946835335541834
miniFE.c 25 Ap 72.0120515449789877
miniFE.c 25 Ap 69.8241220289548181
miniFE.c 25 Ap 0.2421764236995392
miniFE.c 25 Ap -4.4219133435928129
miniFE.c 25 Ap -12.6711737685335457
miniFE.c 25 Ap -12.1270739868164288
miniFE.c 25 Ap 4.8803123353083446
miniFE.c 25 Ap 14.9544959575006722
miniFE.c 25 Ap -85.8122544863920638
miniFE.c 25 Ap -87.5202263563239455
miniFE.c 25 Ap 0.3105781075749487
miniFE.c 25 Ap -2.5351230790063726
miniFE.c 25 Ap -11.0599331000335219
miniFE.c 25 Ap -9.0843561809117972
miniFE.c 25 Ap -4.4861655796783726
miniFE.c 25 Ap 0.0480474297160924
miniFE.c 25 Ap -4.0566404503501667
miniFE.c 25 Ap -45.4840090131279666
miniFE.c 57 sum 1.1096147228995832
miniFE.c 57 sum 13.3126475573939445
miniFE.c 57 sum 35.8251620329605984
miniFE.c 57 sum 0.0000000000000000
miniFE.c 57 sum 58.8823761582869807
miniFE.c 57 sum 151.2889633106419183
miniFE.c 57 sum 285.6077354981325698
miniFE.c 57 sum 314.6538197379339863
miniFE.c 90 p_ap_dot 314.6538197379339863
miniFE.c 91 alpha 0.0208697414508915
miniFE.c 40 y 1.0021216462760625
miniFE.c 40 y 1.9988734322272508
miniFE.c 40 y 0.9958891514407610
miniFE.c 40 y 2.0036707859952232
miniFE.c 40 y 1.0018573754312383
miniFE.c 40 y 2.0034682444735896
miniFE.c 40 y 0.9981509200589396
miniFE.c 40 y 1.9955046166164190
miniFE.c 40 y -0.1811479790309379
miniFE.c 40 y 0.0786691347531930
miniFE.c 40 y 0.2296437166578185
miniFE.c 40 y -0.2445769546542178
miniFE.c 40 y -0.0580091526235418
miniFE.c 40 y -0.2068197701541097
miniFE.c 40 y 0.1274966011792233
miniFE.c 40 y 0.3052956237141937
miniFE.c 82 oldrtrans 6.5667438644660994
miniFE.c 48 sum 0.0328145903069931
miniFE.c 48 sum 0.0390034230698092
miniFE.c 48 sum 0.0917396596702256
miniFE.c 48 sum 0.1515575464181569
miniFE.c 48 sum 0.1549226082062582
miniFE.c 48 sum 0.1976970255328570
miniFE.c 48 sum 0.2139524088451109
miniFE.c 48 sum 0.3071578267041495
miniFE.c 83 rtrans 0.3071578267041495
miniFE.c 84 beta 0.0467747536745325
miniFE.c 40 y -0.1788809578611210
miniFE.c 40 y 0.0595277991356266
miniFE.c 40 y 0.1973596586409884
miniFE.c 40 y -0.2250034372429653
miniFE.c 40 y -0.0013994925403262
miniFE.c 40 y -0.1449171607641449
miniFE.c 40 y 0.0557105953094893
miniFE.c 40 y 0.2754252700447471
miniFE.c 87 normr 0.5542182121729216
miniFE.c 25 Ap -12.0019659922141333
miniFE.c 25 Ap -11.1038373463654096
miniFE.c 25 Ap -9.2646006498827482
miniFE.c 25 Ap -12.3508580467915099
miniFE.c 25 Ap -12.3705396841780590
miniFE.c 25 Ap -14.6973875842714747
miniFE.c 25 Ap -14.4190155557375927
miniFE.c 25 Ap -12.6540730734988411
miniFE.c 25 Ap -2.6988753957775562
miniFE.c 25 Ap 1.2559485889984252
miniFE.c 25 Ap 4.0963428753697713
miniFE.c 25 Ap 2.7544637762851787
miniFE.c 25 Ap 2.7391622706513425
miniFE.c 25 Ap 1.3403832869910526
miniFE.c 25 Ap 1.9753397830773789
miniFE.c 25 Ap 3.8906201192920857
miniFE.c 25 Ap -1.6670297479518108
miniFE.c 25 Ap -0.8103074486258462
miniFE.c 25 Ap 12.5458278526136802
miniFE.c 25 Ap 10.3830554382327804
miniFE.c 25 Ap 10.3595465106317235
miniFE.c 25 Ap 8.0154114424307519
miniFE.c 25 Ap 8.6812611349340489
miniFE.c 25 Ap 12.0830854675526282
miniFE.c 25 Ap -2.4536188696924874
miniFE.c 25 Ap -2.0986060287626511
miniFE.c 25 Ap -0.2015504519652087
miniFE.c 25 Ap -14.9171600035328247
miniFE.c 25 Ap -14.9222934989139056
miniFE.c 25 Ap -16.5288292022575334
miniFE.c 25 Ap -16.4563924477864916
miniFE.c 25 Ap -15.1561020359976801
miniFE.c 25 Ap -2.5156762515936673
miniFE.c 25 Ap -1.8648225116863886
miniFE.c 25 Ap 1.4504605589034889
miniFE.c 25 Ap 0.6251227507113210
miniFE.c 25 Ap 0.5319707638666058
miniFE.c 25 Ap -0.1185923686559190
miniFE.c 25 Ap 0.6642896856259288
miniFE.c 25 Ap 1.7107233802671982
miniFE.c 25 Ap -2.8721842118013030
miniFE.c 25 Ap -2.2976060601496648
miniFE.c 25 Ap 0.8948225965327841
miniFE.c 25 Ap -1.5995407583646326
miniFE.c 25 Ap -1.6058233700731130
miniFE.c 25 Ap -11.2374917535738827
miniFE.c 25 Ap -10.8134093872457715
miniFE.c 25 Ap -9.8697652296610112
miniFE.c 25 Ap -0.8938237839544720
miniFE.c 25 Ap -0.2153610508080895
miniFE.c 25 Ap 2.1434697476894851
miniFE.c 25 Ap 1.8509128534727526
miniFE.c 25 Ap 1.8312462606310116
miniFE.c 25 Ap 0.7281021976929178
miniFE.c 25 Ap 4.3859596066424276
miniFE.c 25 Ap 5.1226001906174963
miniFE.c 25 Ap -1.1462804474744086
miniFE.c 25 Ap -0.7323299660095762
miniFE.c 25 Ap 1.7052927290072399
miniFE.c 25 Ap 0.6430452016869579
miniFE.c 25 Ap 0.6377280564977799
miniFE.c 25 Ap 0.1412222999031162
miniFE.c 25 Ap 0.2902234625622779
miniFE.c 25 Ap 18.1576611574537203
miniFE.c 57 sum 2.2635727122320919
miniFE.c 57 sum 2.4951727652063389
miniFE.c 57 sum 4.8798863884124124
miniFE.c 57 sum 8.2900614417169951
miniFE.c 57 sum 8.2876672971077490
miniFE.c 57 sum 9.7179656515989024
miniFE.c 57 sum 10.0033487577507056
miniFE.c 57 sum 15.0044274854234114
miniFE.c 90 p_ap_dot 15.0044274854234114
miniFE.c 91 alpha 0.0204711460668892
miniFE.c 40 y 0.9984597480591024
miniFE.c 40 y 2.0000920344983966
miniFE.c 40 y 0.9999293298405120
miniFE.c 40 y 1.9990647077658703
miniFE.c 40 y 1.0018287262150258
miniFE.c 40 y 2.0005016241079878
miniFE.c 40 y 0.9992913797929934
miniFE.c 40 y 2.0011428875500172
miniFE.c 40 y 0.0778953991977462
miniFE.c 40 y -0.0009763179996131
miniFE.c 40 y -0.0177108908871574
miniFE.c 40 y 0.0656858239293673
miniFE.c 40 y -0.0930296208210340
miniFE.c 40 y -0.0047743644918150
miniFE.c 40 y 0.0226311044348182
miniFE.c 40 y -0.0664125100731216
miniFE.c 82 oldrtrans 0.3071578267041495
miniFE.c 48 sum 0.0060676932161762
miniFE.c 48 sum 0.0060686464130126
miniFE.c 48 sum 0.0063823220690294
miniFE.c 48 sum 0.0106969495343093
miniFE.c 48 sum 0.0193514598844146
miniFE.c 48 sum 0.0193742544407153
miniFE.c 48 sum 0.0198864213286550
miniFE.c 48 sum 0.0242970428228674
miniFE.c 83 rtrans 0.0242970428228674
miniFE.c 84 beta 0.0791027957307109
miniFE.c 40 y 0.0637454153279441
miniFE.c 40 y 0.0037324973357112
miniFE.c 40 y -0.0020991901241965
miniFE.c 40 y 0.0478874229944292
miniFE.c 40 y -0.0931403245935781
miniFE.c 40 y -0.0162377170576158
miniFE.c 40 y 0.0270379682756210
miniFE.c 40 y -0.0446256011976961
miniFE.c 87 normr 0.1558750872425335
miniFE.c 25 Ap 4.2769801552579629
miniFE.c 25 Ap 4.3332943954353720
miniFE.c 25 Ap 4.3137315955404887
miniFE.c 25 Ap 4.9705789541693468
miniFE.c 25 Ap 3.6607083818767752
miniFE.c 25 Ap 3.3999891017128734
miniFE.c 25 Ap 3.5350911237700191
miniFE.c 25 Ap 3.2491274598823070
miniFE.c 25 Ap 0.9617621410311227
miniFE.c 25 Ap 1.2097365361998582
miniFE.c 25 Ap 1.1795250549081264
miniFE.c 25 Ap 1.4651168343610712
miniFE.c 25 Ap 0.4467568499814800
miniFE.c 25 Ap 0.2900260857086353
miniFE.c 25 Ap 0.5981888957128810
miniFE.c 25 Ap 0.2878668382930200
miniFE.c 25 Ap 0.5940571032145756
miniFE.c 25 Ap 0.6477750928952107
miniFE.c 25 Ap 0.5057143115032279
miniFE.c 25 Ap 0.9660166016247056
miniFE.c 25 Ap -0.5985713361566458
miniFE.c 25 Ap -0.8612276135883505
miniFE.c 25 Ap -0.5380714390362247
miniFE.c 25 Ap -1.0892498257811725
miniFE.c 25 Ap 0.8743633518915916
miniFE.c 25 Ap 0.8966232792222634
miniFE.c 25 Ap 0.8764454963902152
miniFE.c 25 Ap 4.0083648477192062
miniFE.c 25 Ap 3.6667157053936075
miniFE.c 25 Ap 3.4867061602417553
miniFE.c 25 Ap 3.5218618188466708
miniFE.c 25 Ap 3.3111831060755144
miniFE.c 25 Ap 0.8964779113771619
miniFE.c 25 Ap 0.9372875815718670
miniFE.c 25 Ap 0.9020250080113924
miniFE.c 25 Ap 1.0776814389463341
miniFE.c 25 Ap -5.1218559228112124
miniFE.c 25 Ap -5.1947503958902805
miniFE.c 25 Ap -4.8147950206221921
miniFE.c 25 Ap -4.9843427630254444
miniFE.c 25 Ap 1.0235218866716012
miniFE.c 25 Ap 1.0595489438001766
miniFE.c 25 Ap 1.0255930951001131
miniFE.c 25 Ap 1.5564677987998259
miniFE.c 25 Ap 1.1383416016520629
miniFE.c 25 Ap 0.0591298286681408
miniFE.c 25 Ap 0.2649493052565858
miniFE.c 25 Ap 0.1120559710971173
miniFE.c 25 Ap 0.3185200315307352
miniFE.c 25 Ap 0.3610608339897431
miniFE.c 25 Ap 0.3359714395767543
miniFE.c 25 Ap 0.3982362472390700
miniFE.c 25 Ap -0.9106330665641210
miniFE.c 25 Ap -1.0342384496210690
miniFE.c 25 Ap 0.7410258790133104
miniFE.c 25 Ap 0.6216721649508040
miniFE.c 25 Ap 0.4084846373826313
miniFE.c 25 Ap 0.4344400580704279
miniFE.c 25 Ap 0.4085126039841562
miniFE.c 25 Ap 0.6345904687887004
miniFE.c 25 Ap 0.2807188942279846
miniFE.c 25 Ap 0.2250862834967902
miniFE.c 25 Ap 0.2974008708141304
miniFE.c 25 Ap -2.5975591626910246
miniFE.c 57 sum 0.2071169793836256
miniFE.c 57 sum 0.2081914415905939
miniFE.c 57 sum 0.2104779840676565
miniFE.c 57 sum 0.3690420100803026
miniFE.c 57 sum 0.8332853129141444
miniFE.c 57 sum 0.8314657797608531
miniFE.c 57 sum 0.8482745320346295
miniFE.c 57 sum 0.9641921713163005
miniFE.c 90 p_ap_dot 0.9641921713163005
miniFE.c 91 alpha 0.0251993778270337
miniFE.c 40 y 1.0000660928646925
miniFE.c 40 y 2.0001860911089975
miniFE.c 40 y 0.9998764315554416
miniFE.c 40 y 2.0002714410310700
miniFE.c 40 y 0.9994816479846597
miniFE.c 40 y 2.0000924437408045
miniFE.c 40 y 0.9999727197712461
miniFE.c 40 y 2.0000183501646780
miniFE.c 40 y -0.0039805912720182
miniFE.c 40 y -0.0082303832216325
miniFE.c 40 y 0.0097375270207330
miniFE.c 40 y -0.0177539302151205
miniFE.c 40 y 0.0325727156838852
miniFE.c 40 y -0.0075981052452664
miniFE.c 40 y 0.0069653526656729
miniFE.c 40 y -0.0009556353043972
miniFE.c 82 oldrtrans 0.0242970428228674
miniFE.c 48 sum 0.0000158451068749
miniFE.c 48 sum 0.0000835843148498
miniFE.c 48 sum 0.0001784037473293
miniFE.c 48 sum 0.0004936057854127
miniFE.c 48 sum 0.0015545875924359
miniFE.c 48 sum 0.0016123187957540
miniFE.c 48 sum 0.0016608349335112
miniFE.c 48 sum 0.0016617481723462
miniFE.c 83 rtrans 0.0016617481723462
miniFE.c 84 beta 0.0683930215072210
miniFE.c 40 y 0.0003791502894926
miniFE.c 40 y -0.0079751064510756
miniFE.c 40 y 0.0095939570654211
miniFE.c 40 y -0.0144787646643371
miniFE.c 40 y 0.0262025674607671
miniFE.c 40 y -0.0087086517772161
miniFE.c 40 y 0.0088145610114590
miniFE.c 40 y -0.0040077150068839
miniFE.c 87 normr 0.0407645455309665
miniFE.c 25 Ap 0.0254389787199208
miniFE.c 25 Ap -0.0948858386160044
miniFE.c 25 Ap -0.0054777092104907
miniFE.c 25 Ap -0.2040755399412241
miniFE.c 25 Ap 0.1644219093122019
miniFE.c 25 Ap 0.0245923129165090
miniFE.c 25 Ap 0.0686364882796386
miniFE.c 25 Ap 0.0429547980294811
miniFE.c 25 Ap 0.0057204489502338
miniFE.c 25 Ap -0.5241184285462287
miniFE.c 25 Ap -0.3860424862794009
miniFE.c 25 Ap -0.4723911746448092
miniFE.c 25 Ap -0.1859025210300919
miniFE.c 25 Ap -0.2699607444851546
miniFE.c 25 Ap -0.1694975786675420
miniFE.c 25 Ap -0.1973668360693420
miniFE.c 25 Ap 0.0035333823067930
miniFE.c 25 Ap -0.1112441104838930
miniFE.c 25 Ap 0.5380182034175475
miniFE.c 25 Ap 0.3988457836801228
miniFE.c 25 Ap 0.8390012283482307
miniFE.c 25 Ap 0.6981327768820337
miniFE.c 25 Ap 0.8034838812173306
miniFE.c 25 Ap 0.7539839118557563
miniFE.c 25 Ap 0.0052006111543221
miniFE.c 25 Ap -0.0423614563003056
miniFE.c 25 Ap 0.0498573379550080
miniFE.c 25 Ap -0.8970786297802155
miniFE.c 25 Ap -0.8009646776465663
miniFE.c 25 Ap -0.8975078332970887
miniFE.c 25 Ap -0.8860468501894764
miniFE.c 25 Ap -0.9049673849529954
miniFE.c 25 Ap 0.0053321459727529
miniFE.c 25 Ap -0.0818645576717915
miniFE.c 25 Ap 0.0792964600254232
miniFE.c 25 Ap 0.0261867296149922
miniFE.c 25 Ap 1.7702626350386481
miniFE.c 25 Ap 1.7311676945198071
miniFE.c 25 Ap 1.8550357234630961
miniFE.c 25 Ap 1.8398090595442718
miniFE.c 25 Ap 0.0060877887082087
miniFE.c 25 Ap -0.0708900601358887
miniFE.c 25 Ap 0.0842988152276720
miniFE.c 25 Ap -0.0762111771770562
miniFE.c 25 Ap 0.0414175720857915
miniFE.c 25 Ap -0.5373879023193032
miniFE.c 25 Ap -0.4702893572199958
miniFE.c 25 Ap -0.4840203298751060
miniFE.c 25 Ap 0.0018945199673226
miniFE.c 25 Ap -0.0890010380492306
miniFE.c 25 Ap 0.0256653611592580
miniFE.c 25 Ap 0.0068395935434529
miniFE.c 25 Ap 0.3750553651966757
miniFE.c 25 Ap 0.3087630265007318
miniFE.c 25 Ap 0.8875112363033073
miniFE.c 25 Ap 0.8767923740776409
miniFE.c 25 Ap 0.0024296189415367
miniFE.c 25 Ap -0.0530284897588106
miniFE.c 25 Ap 0.0654681049289060
miniFE.c 25 Ap -0.0028865484568402
miniFE.c 25 Ap 0.0966658617944156
miniFE.c 25 Ap 0.0668288451376833
miniFE.c 25 Ap 0.0904038909928080
miniFE.c 25 Ap -0.1695853183224661
miniFE.c 57 sum 0.0000162863241080
miniFE.c 57 sum 0.0015903078516730
miniFE.c 57 sum 0.0088239971300353
miniFE.c 57 sum 0.0219268069256703
miniFE.c 57 sum 0.0701345279233095
miniFE.c 57 sum 0.0743496924292850
miniFE.c 57 sum 0.0820782323049744
miniFE.c 57 sum 0.0827578819301625
miniFE.c 90 p_ap_dot 0.0827578819301625
miniFE.c 91 alpha 0.0200796363269490
miniFE.c 40 y 1.0000737060646188
miniFE.c 40 y 2.0000259538717913
miniFE.c 40 y 1.0000690747242515
miniFE.c 40 y 1.9999807127021467
miniFE.c 40 y 1.0000077860101042
miniFE.c 40 y 1.9999175771802200
miniFE.c 40 y 1.0001497129507380
miniFE.c 40 y 1.9999378767048377
miniFE.c 40 y -0.0048431079949478
miniFE.c 40 y -0.0042673289303596
miniFE.c 40 y -0.0054021957257010
miniFE.c 40 y 0.0004174857624857
miniFE.c 40 y -0.0043699811427898
miniFE.c 40 y 0.0021208469534756
miniFE.c 40 y -0.0106403193400483
miniFE.c 40 y 0.0024495762139078
