filename line variable value
miniFE.c 167 A 67.0947100000000063
miniFE.c 167 A 15.0875500000000002
miniFE.c 167 A 9.3192129999999995
miniFE.c 167 A 13.7164900000000003
miniFE.c 167 A 14.0634099999999993
miniFE.c 167 A 16.0564000000000000
miniFE.c 167 A 4.9967519999999999
miniFE.c 167 A 6.4080630000000003
miniFE.c 167 A 15.0875500000000002
miniFE.c 167 A 66.4365899999999954
miniFE.c 167 A 14.3919700000000006
miniFE.c 167 A 5.9638159999999996
miniFE.c 167 A 10.9336099999999998
miniFE.c 167 A 9.6522659999999991
miniFE.c 167 A 11.3974100000000007
miniFE.c 167 A 6.9539020000000002
miniFE.c 167 A 9.3192129999999995
miniFE.c 167 A 14.3919700000000006
miniFE.c 167 A 67.6740900000000067
miniFE.c 167 A 9.6121750000000006
miniFE.c 167 A 16.7981799999999986
miniFE.c 167 A 16.1756899999999995
miniFE.c 167 A 11.9519400000000005
miniFE.c 167 A 12.3511699999999998
miniFE.c 167 A 13.7164900000000003
miniFE.c 167 A 5.9638159999999996
miniFE.c 167 A 9.6121750000000006
miniFE.c 167 A 65.4017099999999942
miniFE.c 167 A 3.6681119999999998
miniFE.c 167 A 11.0858899999999991
miniFE.c 167 A 1.3002330000000000
miniFE.c 167 A 4.7210279999999996
miniFE.c 167 A 14.0634099999999993
miniFE.c 167 A 10.9336099999999998
miniFE.c 167 A 16.7981799999999986
miniFE.c 167 A 3.6681119999999998
miniFE.c 167 A 66.5612600000000043
miniFE.c 167 A 4.4892070000000004
miniFE.c 167 A 14.0526599999999995
miniFE.c 167 A 3.7993380000000001
miniFE.c 167 A 16.0564000000000000
miniFE.c 167 A 9.6522659999999991
miniFE.c 167 A 16.1756899999999995
miniFE.c 167 A 11.0858899999999991
miniFE.c 167 A 4.4892070000000004
miniFE.c 167 A 66.4632699999999943
miniFE.c 167 A 7.6122389999999998
miniFE.c 167 A 3.4261349999999999
miniFE.c 167 A 4.9967519999999999
miniFE.c 167 A 11.3974100000000007
miniFE.c 167 A 11.9519400000000005
miniFE.c 167 A 1.3002330000000000
miniFE.c 167 A 14.0526599999999995
miniFE.c 167 A 7.6122389999999998
miniFE.c 167 A 65.6581999999999937
miniFE.c 167 A 2.6745570000000001
miniFE.c 167 A 6.4080630000000003
miniFE.c 167 A 6.9539020000000002
miniFE.c 167 A 12.3511699999999998
miniFE.c 167 A 4.7210279999999996
miniFE.c 167 A 3.7993380000000001
miniFE.c 167 A 3.4261349999999999
miniFE.c 167 A 2.6745570000000001
miniFE.c 167 A 64.8721800000000002
miniFE.c 175 b 198.0110999999999990
miniFE.c 175 b 229.8237000000000023
miniFE.c 175 b 210.8053999999999917
miniFE.c 175 b 202.6418999999999926
miniFE.c 175 b 157.2561000000000035
miniFE.c 175 b 225.5886000000000138
miniFE.c 175 b 142.6283999999999992
miniFE.c 175 b 185.1795999999999935
miniFE.c 33 r 0.0000000000000000
miniFE.c 33 r 0.0000000000000000
miniFE.c 33 r 0.0000000000000000
miniFE.c 33 r 0.0000000000000000
miniFE.c 33 r 0.0000000000000000
miniFE.c 33 r 0.0000000000000000
miniFE.c 33 r 0.0000000000000000
miniFE.c 33 r 0.0000000000000000
miniFE.c 25 Ap 0.0000000000000000
miniFE.c 25 Ap 0.0000000000000000
miniFE.c 25 Ap 0.0000000000000000
miniFE.c 25 Ap 0.0000000000000000
miniFE.c 25 Ap 0.0000000000000000
miniFE.c 25 Ap 0.0000000000000000
miniFE.c 25 Ap 0.0000000000000000
miniFE.c 25 Ap 0.0000000000000000
miniFE.c 25 Ap 0.0000000000000000
miniFE.c 25 Ap 0.0000000000000000
miniFE.c 25 Ap 0.0000000000000000
miniFE.c 25 Ap 0.0000000000000000
miniFE.c 25 Ap 0.0000000000000000
miniFE.c 25 Ap 0.0000000000000000
miniFE.c 25 Ap 0.0000000000000000
miniFE.c 25 Ap 0.0000000000000000
miniFE.c 25 Ap 0.0000000000000000
miniFE.c 25 Ap 0.0000000000000000
miniFE.c 25 Ap 0.0000000000000000
miniFE.c 25 Ap 0.0000000000000000
miniFE.c 25 Ap 0.0000000000000000
miniFE.c 25 Ap 0.0000000000000000
miniFE.c 25 Ap 0.0000000000000000
miniFE.c 25 Ap 0.0000000000000000
miniFE.c 25 Ap 0.0000000000000000
miniFE.c 25 Ap 0.0000000000000000
miniFE.c 25 Ap 0.0000000000000000
miniFE.c 25 Ap 0.0000000000000000
miniFE.c 25 Ap 0.0000000000000000
miniFE.c 25 Ap 0.0000000000000000
miniFE.c 25 Ap 0.0000000000000000
miniFE.c 25 Ap 0.0000000000000000
miniFE.c 25 Ap 0.0000000000000000
miniFE.c 25 Ap 0.0000000000000000
miniFE.c 25 Ap 0.0000000000000000
miniFE.c 25 Ap 0.0000000000000000
miniFE.c 25 Ap 0.0000000000000000
miniFE.c 25 Ap 0.0000000000000000
miniFE.c 25 Ap 0.0000000000000000
miniFE.c 25 Ap 0.0000000000000000
miniFE.c 25 Ap 0.0000000000000000
miniFE.c 25 Ap 0.0000000000000000
miniFE.c 25 Ap 0.0000000000000000
miniFE.c 25 Ap 0.0000000000000000
miniFE.c 25 Ap 0.0000000000000000
miniFE.c 25 Ap 0.0000000000000000
miniFE.c 25 Ap 0.0000000000000000
miniFE.c 25 Ap 0.0000000000000000
miniFE.c 25 Ap 0.0000000000000000
miniFE.c 25 Ap 0.0000000000000000
miniFE.c 25 Ap 0.0000000000000000
miniFE.c 25 Ap 0.0000000000000000
miniFE.c 25 Ap 0.0000000000000000
miniFE.c 25 Ap 0.0000000000000000
miniFE.c 25 Ap 0.0000000000000000
miniFE.c 25 Ap 0.0000000000000000
miniFE.c 25 Ap 0.0000000000000000
miniFE.c 25 Ap 0.0000000000000000
miniFE.c 25 Ap 0.0000000000000000
miniFE.c 25 Ap 0.0000000000000000
miniFE.c 25 Ap 0.0000000000000000
miniFE.c 25 Ap 0.0000000000000000
miniFE.c 25 Ap 0.0000000000000000
miniFE.c 25 Ap 0.0000000000000000
miniFE.c 33 r 198.0110999999999990
miniFE.c 33 r 229.8237000000000023
miniFE.c 33 r 210.8053999999999917
miniFE.c 33 r 202.6418999999999926
miniFE.c 33 r 157.2561000000000035
miniFE.c 33 r 225.5886000000000138
miniFE.c 33 r 142.6283999999999992
miniFE.c 33 r 185.1795999999999935
miniFE.c 48 sum 39208.3957232100001420
miniFE.c 48 sum 92027.3288048999966122
miniFE.c 48 sum 136466.2454740600078367
miniFE.c 48 sum 177529.9851096700003836
miniFE.c 48 sum 202259.4660968800017145
miniFE.c 48 sum 253149.6825468399911188
miniFE.c 48 sum 273492.5430333999684080
miniFE.c 48 sum 307784.0272895599482581
miniFE.c 75 rtrans 307784.0272895599482581
miniFE.c 76 normr 554.7828649927464539
miniFE.c 33 r 198.0110999999999990
miniFE.c 33 r 229.8237000000000023
miniFE.c 33 r 210.8053999999999917
miniFE.c 33 r 202.6418999999999926
miniFE.c 33 r 157.2561000000000035
miniFE.c 33 r 225.5886000000000138
miniFE.c 33 r 142.6283999999999992
miniFE.c 33 r 185.1795999999999935
miniFE.c 87 normr 554.7828649927464539
miniFE.c 25 Ap 13285.4973312810016068
miniFE.c 25 Ap 16752.9738962160008668
miniFE.c 25 Ap 18717.5143203662009910
miniFE.c 25 Ap 21497.0499152972006414
miniFE.c 25 Ap 23708.6069245981998392
miniFE.c 25 Ap 27330.7477216381994367
miniFE.c 25 Ap 28043.4264645949988335
miniFE.c 25 Ap 29230.0690077097970061
miniFE.c 25 Ap 2987.5023718050001662
miniFE.c 25 Ap 18256.2053009880000900
miniFE.c 25 Ap 21290.1102936259994749
miniFE.c 25 Ap 22498.6292991164009436
miniFE.c 25 Ap 24218.0061666374022025
miniFE.c 25 Ap 26395.4473404050004319
miniFE.c 25 Ap 28021.0416928490012651
miniFE.c 25 Ap 29308.7624836482027604
miniFE.c 25 Ap 1845.3076172643000064
miniFE.c 25 Ap 5152.9234129532997031
miniFE.c 25 Ap 19418.9870250392996240
miniFE.c 25 Ap 21366.8164301717988565
miniFE.c 25 Ap 24008.4327040697971825
miniFE.c 25 Ap 27657.4839652037990163
miniFE.c 25 Ap 29362.1700442997971550
miniFE.c 25 Ap 31649.3547644317950471
miniFE.c 25 Ap 2716.0172730389999742
miniFE.c 25 Ap 4086.6435322781999275
miniFE.c 25 Ap 6112.9419280231995799
miniFE.c 25 Ap 19366.0687056721981207
miniFE.c 25 Ap 19942.9016931553996983
miniFE.c 25 Ap 22443.7520980093977414
miniFE.c 25 Ap 22629.2022504265987664
miniFE.c 25 Ap 23503.4403270553993934
miniFE.c 25 Ap 2784.7112838509997346
miniFE.c 25 Ap 5297.5144766892499320
miniFE.c 25 Ap 8838.6615308612490480
miniFE.c 25 Ap 9581.9747159540493158
miniFE.c 25 Ap 20049.1388746400480159
miniFE.c 25 Ap 21061.8527968802482064
miniFE.c 25 Ap 23066.1612084242478886
miniFE.c 25 Ap 23769.7210995290479332
miniFE.c 25 Ap 3179.3454260399998930
miniFE.c 25 Ap 5397.6649115441996400
miniFE.c 25 Ap 8807.5877122702004272
miniFE.c 25 Ap 11054.0535250612010714
miniFE.c 25 Ap 11760.0087099739012046
miniFE.c 25 Ap 26753.3647406958989450
miniFE.c 25 Ap 27839.0862096834971453
miniFE.c 25 Ap 28473.5365185294976982
miniFE.c 25 Ap 989.4123599472000024
miniFE.c 25 Ap 3608.8072965641999872
miniFE.c 25 Ap 6128.3407890401995246
miniFE.c 25 Ap 6391.8224746028990921
miniFE.c 25 Ap 8601.6889808288997301
miniFE.c 25 Ap 10318.9233197042995016
miniFE.c 25 Ap 19683.6473325842962367
miniFE.c 25 Ap 20178.9207280214977800
miniFE.c 25 Ap 1268.8676034993000030
miniFE.c 25 Ap 2867.0390905766998912
miniFE.c 25 Ap 5470.7324228946999938
miniFE.c 25 Ap 6427.4105067679001877
miniFE.c 25 Ap 7024.8795832297000743
miniFE.c 25 Ap 7797.7765812907000509
miniFE.c 25 Ap 8179.2443669095000587
miniFE.c 25 Ap 20192.2487104374995397
miniFE.c 57 sum 5787878.1172925252467394
miniFE.c 57 sum 12523726.3537057451903820
miniFE.c 57 sum 19195581.2445636950433254
miniFE.c 57 sum 23958363.0489748232066631
miniFE.c 57 sum 27696296.6871744729578495
miniFE.c 57 sum 34119601.9274384155869484
miniFE.c 57 sum 36997689.1046029552817345
miniFE.c 57 sum 40736881.6439022868871689
miniFE.c 90 p_ap_dot 40736881.6439022868871689
miniFE.c 91 alpha 0.0075554145253440
miniFE.c 40 y 1.4960559411193493
miniFE.c 40 y 1.7364133212483088
miniFE.c 40 y 1.5927221811809584
miniFE.c 40 y 1.5310435547033123
miniFE.c 40 y 1.1881350221389535
miniFE.c 40 y 1.7044153851920245
miniFE.c 40 y 1.0776166850865785
miniFE.c 40 y 1.3991086396373973
miniFE.c 40 y -22.8341879576589690
miniFE.c 40 y 8.3838502111861999
miniFE.c 40 y -28.3185947049542790
miniFE.c 40 y 25.0636655574089957
miniFE.c 40 y -22.3339960587582311
miniFE.c 40 y 10.4592285999885632
miniFE.c 40 y -9.8317107742593635
miniFE.c 40 y 32.6187907938012529
miniFE.c 82 oldrtrans 307784.0272895599482581
miniFE.c 48 sum 521.4001396856979227
miniFE.c 48 sum 591.6890840493048245
miniFE.c 48 sum 1393.6318901127692698
miniFE.c 48 sum 2021.8192212864191788
miniFE.c 48 sum 2520.6266012390474316
miniFE.c 48 sum 2630.0220641458663522
miniFE.c 48 sum 2726.6846008945540234
miniFE.c 48 sum 3790.6701137443274092
miniFE.c 83 rtrans 3790.6701137443274092
miniFE.c 84 beta 0.0123160066073803
miniFE.c 40 y -20.3954819417243343
miniFE.c 40 y 11.2143604189187798
miniFE.c 40 y -25.7223140056828399
miniFE.c 40 y 27.5594045367410843
miniFE.c 40 y -20.3972288921073783
miniFE.c 40 y 13.2375792881382264
miniFE.c 40 y -8.0750984574592888
miniFE.c 40 y 34.8994639709532848
miniFE.c 87 normr 61.5684181520390155
miniFE.c 25 Ap -1368.4289461902312723
miniFE.c 25 Ap -1199.2317226517732252
miniFE.c 25 Ap -1438.9434457236147864
miniFE.c 25 Ap -1060.9251489894511451
miniFE.c 25 Ap -1347.7797417630029031
miniFE.c 25 Ap -1135.2318736809402253
miniFE.c 25 Ap -1175.5811380484467463
miniFE.c 25 Ap -951.9431742563479020
miniFE.c 25 Ap -307.7178535698629958
miniFE.c 25 Ap 437.3260116940721218
miniFE.c 25 Ap 67.1312401937048548
miniFE.c 25 Ap 231.4904579203939079
miniFE.c 25 Ap 8.4751121333597723
miniFE.c 25 Ap 136.2477486185605642
miniFE.c 25 Ap 44.2125407085294881
miniFE.c 25 Ap 286.8999930150694695
miniFE.c 25 Ap -190.0698404525826390
miniFE.c 25 Ap -28.6731017343161341
miniFE.c 25 Ap -1769.4072947631573243
miniFE.c 25 Ap -1504.5014754602079847
miniFE.c 25 Ap -1847.1377978910281854
miniFE.c 25 Ap -1633.0108189756836055
miniFE.c 25 Ap -1729.5239112333294997
miniFE.c 25 Ap -1298.4746988192105164
miniFE.c 25 Ap -279.7544240988424349
miniFE.c 25 Ap -212.8740420027279185
miniFE.c 25 Ap -460.1214256303023831
miniFE.c 25 Ap 1342.3107576543222876
miniFE.c 25 Ap 1267.4914375884366109
miniFE.c 25 Ap 1414.2417854430152602
miniFE.c 25 Ap 1403.7422759503776888
miniFE.c 25 Ap 1568.5036225422393272
miniFE.c 25 Ap -286.8300246940654006
miniFE.c 25 Ap -164.2165814741708232
miniFE.c 25 Ap -596.3046421581520917
miniFE.c 25 Ap -495.2136596640776816
miniFE.c 25 Ap -1852.8789152311487669
miniFE.c 25 Ap -1793.4526816277837042
miniFE.c 25 Ap -1906.9292947169835770
miniFE.c 25 Ap -1774.3344350725099048
miniFE.c 25 Ap -327.4780162491026090
miniFE.c 25 Ap -219.2340264658271280
miniFE.c 25 Ap -635.3102039044109688
miniFE.c 25 Ap -329.7896767445983528
miniFE.c 25 Ap -421.3570594676490373
miniFE.c 25 Ap 458.4557469062896189
miniFE.c 25 Ap 396.9861674995781868
miniFE.c 25 Ap 516.5564424917001816
miniFE.c 25 Ap -101.9111651832749459
miniFE.c 25 Ap 25.9034983989141523
miniFE.c 25 Ap -281.5280552581668303
miniFE.c 25 Ap -245.6944080191463513
miniFE.c 25 Ap -532.3297305821080272
miniFE.c 25 Ap -431.5621132593499851
miniFE.c 25 Ap -961.7585427989033633
miniFE.c 25 Ap -868.4179371391423956
miniFE.c 25 Ap -130.6955331979318657
miniFE.c 25 Ap -52.7119698520917268
miniFE.c 25 Ap -370.4126429296614447
miniFE.c 25 Ap -240.3039224483797796
miniFE.c 25 Ap -317.7998892728612645
miniFE.c 25 Ap -272.4461555584957750
miniFE.c 25 Ap -294.0434666635827057
miniFE.c 25 Ap 1969.9608419636135750
miniFE.c 57 sum 19415.3398200930860185
miniFE.c 57 sum 22632.7397459493549832
miniFE.c 57 sum 56032.5136774115380831
miniFE.c 57 sum 99259.5395283969555749
miniFE.c 57 sum 135451.0451317189726979
miniFE.c 57 sum 142289.0019960014615208
miniFE.c 57 sum 149301.5623406237282325
miniFE.c 57 sum 218052.1397689216537401
miniFE.c 90 p_ap_dot 218052.1397689216537401
miniFE.c 91 alpha 0.0173842371726388
miniFE.c 40 y 1.1414960457941410
miniFE.c 40 y 1.9313664225102463
miniFE.c 40 y 1.1455593738770782
miniFE.c 40 y 2.0101427795067179
miniFE.c 40 y 0.8335447574139575
miniFE.c 40 y 1.9345406031286310
miniFE.c 40 y 0.9372372583096962
miniFE.c 40 y 2.0058091985064133
miniFE.c 40 y -6.2853820415119550
miniFE.c 40 y 3.3963126877838068
miniFE.c 40 y -5.7456025780103417
miniFE.c 40 y -2.2035734230084785
miniFE.c 40 y 8.5114545841224292
miniFE.c 40 y 1.4792888906582728
miniFE.c 40 y 5.2650726099412530
miniFE.c 40 y -1.6274757037054997
miniFE.c 82 oldrtrans 3790.6701137443274092
miniFE.c 48 sum 39.5060274077609890
miniFE.c 48 sum 51.0409672809622563
miniFE.c 48 sum 84.0529162654013362
miniFE.c 48 sum 88.9086520959906323
miniFE.c 48 sum 161.3535112335693498
miniFE.c 48 sum 163.5418068555943307
miniFE.c 48 sum 191.2627964435479271
miniFE.c 48 sum 193.9114736096996410
miniFE.c 83 rtrans 193.9114736096996410
miniFE.c 84 beta 0.0511549324502308
miniFE.c 40 y -7.3287115425307645
miniFE.c 40 y 3.9699825374861386
miniFE.c 40 y -7.0614258134346723
miniFE.c 40 y -0.7937739455629051
miniFE.c 40 y 7.4680357179747805
miniFE.c 40 y 2.1564563649475579
miniFE.c 40 y 4.8519914938209610
miniFE.c 40 y 0.1578040182778779
miniFE.c 87 normr 13.9252100023554277
miniFE.c 25 Ap -491.7177756197543772
miniFE.c 25 Ap -431.8204655863053745
miniFE.c 25 Ap -497.6273968254013198
miniFE.c 25 Ap -508.5151892119754393
miniFE.c 25 Ap -403.4891410154517644
miniFE.c 25 Ap -368.8642150373078152
miniFE.c 25 Ap -344.6200168365749619
miniFE.c 25 Ap -343.6087987457971735
miniFE.c 25 Ap -110.5723018335100392
miniFE.c 25 Ap 153.1798003166161379
miniFE.c 25 Ap 51.5519718524387258
miniFE.c 25 Ap 46.8180500955075445
miniFE.c 25 Ap 128.4706401019137729
miniFE.c 25 Ap 149.2853305537806818
miniFE.c 25 Ap 204.5854669253706390
miniFE.c 25 Ap 205.6828206036812219
miniFE.c 25 Ap -68.2978238804027455
miniFE.c 25 Ap -11.1619543003783619
miniFE.c 25 Ap -489.0375203270796192
miniFE.c 25 Ap -496.6674144022707651
miniFE.c 25 Ap -371.2180061653011762
miniFE.c 25 Ap -336.3358365073826235
miniFE.c 25 Ap -278.3451252927241057
miniFE.c 25 Ap -276.3960610362909165
miniFE.c 25 Ap -100.5241985860078131
miniFE.c 25 Ap -76.8479532092273843
miniFE.c 25 Ap -144.7236138774788117
miniFE.c 25 Ap -196.6377872707397216
miniFE.c 25 Ap -169.2441958372078261
miniFE.c 25 Ap -145.3379577855993432
miniFE.c 25 Ap -139.0292383296140315
miniFE.c 25 Ap -138.2842411408116448
miniFE.c 25 Ap -103.0666751943425794
miniFE.c 25 Ap -59.6604344226587600
miniFE.c 25 Ap -178.2795362933808008
miniFE.c 25 Ap -181.1911880283874439
miniFE.c 25 Ap 315.8906790850186326
miniFE.c 25 Ap 325.5714580937357709
miniFE.c 25 Ap 393.7548448792938416
miniFE.c 25 Ap 394.3543956824896668
miniFE.c 25 Ap -117.6727240114909705
miniFE.c 25 Ap -79.3533965443197928
miniFE.c 25 Ap -193.5768314604368925
miniFE.c 25 Ap -202.3765221058132511
miniFE.c 25 Ap -168.8509638844308256
miniFE.c 25 Ap -25.5258222577027709
miniFE.c 25 Ap 11.4086966192294028
miniFE.c 25 Ap 11.9493544893918795
miniFE.c 25 Ap -36.6197540575636822
miniFE.c 25 Ap 8.6277646150062139
miniFE.c 25 Ap -75.7699730216161811
miniFE.c 25 Ap -76.8020641001772759
miniFE.c 25 Ap 28.1437027123782002
miniFE.c 25 Ap 44.5591639554302361
miniFE.c 25 Ap 363.1321918550256100
miniFE.c 25 Ap 363.5542476967388552
miniFE.c 25 Ap -46.9628452733643229
miniFE.c 25 Ap -19.3559757659743887
miniFE.c 25 Ap -106.5728464300943159
miniFE.c 25 Ap -110.3202754527672624
miniFE.c 25 Ap -81.9466835641083975
miniFE.c 25 Ap -74.5583729361887890
miniFE.c 25 Ap -61.5814451224494803
miniFE.c 25 Ap -51.3443544440036916
miniFE.c 57 sum 2518.2097694834542381
miniFE.c 57 sum 3334.7669755409629033
miniFE.c 57 sum 5286.5172556742927554
miniFE.c 57 sum 5396.2836833738074347
miniFE.c 57 sum 8341.3363958709996950
miniFE.c 57 sum 8367.1046574166630307
miniFE.c 57 sum 10131.0667747837178467
miniFE.c 57 sum 10122.9644293365709018
miniFE.c 90 p_ap_dot 10122.9644293365709018
miniFE.c 91 alpha 0.0191556015990474
miniFE.c 40 y 1.0011101672510816
miniFE.c 40 y 2.0074138263535062
miniFE.c 40 y 1.0102935142736944
miniFE.c 40 y 1.9949375620458110
miniFE.c 40 y 0.9765994743549383
miniFE.c 40 y 1.9758488221212964
miniFE.c 40 y 1.0301800743272973
miniFE.c 40 y 2.0088320294112729
miniFE.c 40 y 0.2966512131897963
miniFE.c 40 y -0.5436654794686500
miniFE.c 40 y -0.4510697492531630
miniFE.c 40 y 0.4453444077115103
miniFE.c 40 y 0.9573588915955566
miniFE.c 40 y 1.2503918166936934
miniFE.c 40 y -1.6990277185788747
miniFE.c 40 y -0.6439437056158858
miniFE.c 82 oldrtrans 193.9114736096996410
miniFE.c 48 sum 0.0880019422869780
miniFE.c 48 sum 0.3835740958528550
miniFE.c 48 sum 0.5870380145441664
miniFE.c 48 sum 0.7853696560240823
miniFE.c 48 sum 1.7019057033411551
miniFE.c 48 sum 3.2653853985957100
miniFE.c 48 sum 6.1520805870950461
miniFE.c 48 sum 6.5667440830973645
miniFE.c 83 rtrans 6.5667440830973645
miniFE.c 84 beta 0.0338646494756404
miniFE.c 40 y 0.0484669656939124
miniFE.c 40 y -0.4092234124122686
miniFE.c 40 y -0.6902024592233668
miniFE.c 40 y 0.4184635312821265
miniFE.c 40 y 1.2102613034563348
miniFE.c 40 y 1.3234194556021559
miniFE.c 40 y -1.5347167273818392
miniFE.c 40 y -0.6385997278510579
miniFE.c 87 normr 2.5625659178053088
miniFE.c 25 Ap 3.2518770078129999
miniFE.c 25 Ap -2.9223016881277233
miniFE.c 25 Ap -9.3544454187540929
miniFE.c 25 Ap -3.6145945765581180
miniFE.c 25 Ap 13.4058063410827337
miniFE.c 25 Ap 34.6551584880131855
miniFE.c 25 Ap 26.9865596110345258
miniFE.c 25 Ap 22.8943723231820933
miniFE.c 25 Ap 0.7312477682551877
miniFE.c 25 Ap -26.4561603005796115
miniFE.c 25 Ap -36.3895333876485267
miniFE.c 25 Ap -33.8938938843716784
miniFE.c 25 Ap -20.6613687942884638
miniFE.c 25 Ap -7.8873721792412663
miniFE.c 25 Ap -25.3791679550703151
miniFE.c 25 Ap -29.8199278797732426
miniFE.c 25 Ap 0.4516739767652622
miniFE.c 25 Ap -5.4378570979697356
miniFE.c 25 Ap -52.1466804416731904
miniFE.c 25 Ap -48.1243357478714131
miniFE.c 25 Ap -27.7941485253772811
miniFE.c 25 Ap -6.3869256715880454
miniFE.c 25 Ap -24.7297679142521467
miniFE.c 25 Ap -32.6172217148942991
miniFE.c 25 Ap 0.6647966502708922
miniFE.c 25 Ap -1.7757364842479939
miniFE.c 25 Ap -8.4100833077333590
miniFE.c 25 Ap 18.9581472107562021
miniFE.c 25 Ap 23.3975212211000247
miniFE.c 25 Ap 38.0688037297654063
miniFE.c 25 Ap 36.0733143951715363
miniFE.c 25 Ap 33.0584671991943111
miniFE.c 25 Ap 0.6816108100094241
miniFE.c 25 Ap -3.7926783841754803
miniFE.c 25 Ap -15.3868235306522543
miniFE.c 25 Ap -13.8518524299939116
miniFE.c 25 Ap 66.7046648573020917
miniFE.c 25 Ap 72.6457687413274869
miniFE.c 25 Ap 51.0789163751178137
miniFE.c 25 Ap 48.6526601623036328
miniFE.c 25 Ap 0.7782049879677346
miniFE.c 25 Ap -3.1717282420631836
miniFE.c 25 Ap -14.3362292596980048
miniFE.c 25 Ap -9.6971885828927924
miniFE.c 25 Ap -4.2640750675874894
miniFE.c 25 Ap 83.6947095333516131
miniFE.c 25 Ap 72.0120790072232069
miniFE.c 25 Ap 69.8241501286422164
miniFE.c 25 Ap 0.2421774077649880
miniFE.c 25 Ap -4.4219096050967268
miniFE.c 25 Ap -12.6711679855868518
miniFE.c 25 Ap -12.1270678929172995
miniFE.c 25 Ap 4.8803227157113973
miniFE.c 25 Ap 14.9545079090048958
miniFE.c 25 Ap -85.8122299207773551
miniFE.c 25 Ap -87.5202012930995039
miniFE.c 25 Ap 0.3105793695854292
miniFE.c 25 Ap -2.5351201364350704
miniFE.c 25 Ap -11.0599280447209409
miniFE.c 25 Ap -9.0843499965591459
miniFE.c 25 Ap -4.4861582364079622
miniFE.c 25 Ap 0.0480554801115298
miniFE.c 25 Ap -4.0566318861246602
miniFE.c 25 Ap -45.4839883792295012
miniFE.c 57 sum 1.1096207579713235
miniFE.c 57 sum 13.3126334028198769
miniFE.c 57 sum 35.8251200434737171
miniFE.c 57 sum 49.6588829664229223
miniFE.c 57 sum 108.5413148710706110
miniFE.c 57 sum 200.9479536222015099
miniFE.c 57 sum 335.2666705305470032
miniFE.c 57 sum 364.3127331311036414
miniFE.c 90 p_ap_dot 364.3127331311036414
miniFE.c 91 alpha 0.0180250194020373
miniFE.c 40 y 1.0019837852480722
miniFE.c 40 y 2.0000375664050072
miniFE.c 40 y 0.9978526015548594
miniFE.c 40 y 2.0024803753162161
miniFE.c 40 y 0.9984144578312737
miniFE.c 40 y 1.9997034834855589
miniFE.c 40 y 1.0025167755396085
miniFE.c 40 y 1.9973212569266219
miniFE.c 40 y -0.1160202921330258
miniFE.c 40 y -0.0061607008683855
miniFE.c 40 y 0.1368563049983577
miniFE.c 40 y -0.1505351049555794
miniFE.c 40 y 0.0803937482093086
miniFE.c 40 y -0.0081898441058448
miniFE.c 40 y -0.1214743922005499
miniFE.c 40 y 0.1759060674017632
miniFE.c 82 oldrtrans 6.5667440830973645
miniFE.c 48 sum 0.0134607081866326
miniFE.c 48 sum 0.0134986624218224
miniFE.c 48 sum 0.0322283106396259
miniFE.c 48 sum 0.0548891284636132
miniFE.c 48 sum 0.0613522832147549
miniFE.c 48 sum 0.0614193567612329
miniFE.c 48 sum 0.0761753847217259
miniFE.c 48 sum 0.1071183292704796
miniFE.c 83 rtrans 0.1071183292704796
miniFE.c 84 beta 0.0163122436195130
miniFE.c 40 y -0.1152296871811281
miniFE.c 40 y -0.0128360528664628
miniFE.c 40 y 0.1255975543367191
miniFE.c 40 y -0.1437090258874237
miniFE.c 40 y 0.1001358254345576
miniFE.c 40 y 0.0133980964647408
miniFE.c 40 y -0.1465090653445441
miniFE.c 40 y 0.1654890730657020
miniFE.c 87 normr 0.3272893662655106
miniFE.c 25 Ap -7.7313024448085086
miniFE.c 25 Ap -7.9249670342339105
miniFE.c 25 Ap -6.7544966730909515
miniFE.c 25 Ap -8.7256800895855395
miniFE.c 25 Ap -7.3174289208109276
miniFE.c 25 Ap -7.1023037247344627
miniFE.c 25 Ap -7.8343731900129443
miniFE.c 25 Ap -6.7739087839963226
miniFE.c 25 Ap -1.7385336668296294
miniFE.c 25 Ap -2.5913172483371465
miniFE.c 25 Ap -0.7837210142497149
miniFE.c 25 Ap -1.6407752021815463
miniFE.c 25 Ap -0.5459291398520127
miniFE.c 25 Ap -0.4166071488806747
miniFE.c 25 Ap -2.0864310353292357
miniFE.c 25 Ap -0.9356362391595041
miniFE.c 25 Ap -1.0738499987643024
miniFE.c 25 Ap -1.2585860865368499
miniFE.c 25 Ap 7.2411141094261708
miniFE.c 25 Ap 5.8597578035167244
miniFE.c 25 Ap 7.5418574236150011
miniFE.c 25 Ap 7.7585808786187442
miniFE.c 25 Ap 6.0075133201646729
miniFE.c 25 Ap 8.0514969947415800
miniFE.c 25 Ap -1.5805468519230719
miniFE.c 25 Ap -1.6570987093849290
miniFE.c 25 Ap -0.4498330375283757
miniFE.c 25 Ap -9.8486490730001499
miniFE.c 25 Ap -9.4813396500937444
miniFE.c 25 Ap -9.3328098264762396
miniFE.c 25 Ap -9.5233057480363730
miniFE.c 25 Ap -8.7420272003991482
miniFE.c 25 Ap -1.6205223349999487
miniFE.c 25 Ap -1.7608667309812356
miniFE.c 25 Ap 0.3489435943267529
miniFE.c 25 Ap -0.1781972080392165
miniFE.c 25 Ap 6.4869695040249855
miniFE.c 25 Ap 6.5471163324611750
miniFE.c 25 Ap 4.4882742502565129
miniFE.c 25 Ap 5.1170231741398116
miniFE.c 25 Ap -1.8501739492550653
miniFE.c 25 Ap -1.9740709459122272
miniFE.c 25 Ap 0.0575561577966968
miniFE.c 25 Ap -1.5355862951984345
miniFE.c 25 Ap -1.0860558467068404
miniFE.c 25 Ap -0.1955745438847256
miniFE.c 25 Ap -1.3108365649540128
miniFE.c 25 Ap -0.7438486596060537
miniFE.c 25 Ap -0.5757741698816762
miniFE.c 25 Ap -0.7220719271824285
miniFE.c 25 Ap 0.7790625063967782
miniFE.c 25 Ap 0.5922072885400956
miniFE.c 25 Ap 1.9993819971912861
miniFE.c 25 Ap 2.1013715096259484
miniFE.c 25 Ap -7.5181500045791978
miniFE.c 25 Ap -7.0755400457878128
miniFE.c 25 Ap -0.7383990949269613
miniFE.c 25 Ap -0.8276597486271631
miniFE.c 25 Ap 0.7236169965698920
miniFE.c 25 Ap 0.0451626615026400
miniFE.c 25 Ap 0.4256125082375213
miniFE.c 25 Ap 0.4715161954687461
miniFE.c 25 Ap 0.0796693491880381
miniFE.c 25 Ap 10.8153062851394122
miniFE.c 57 sum 0.7805553901733921
miniFE.c 57 sum 0.7925652664030221
miniFE.c 57 sum 1.8038135976920084
miniFE.c 57 sum 3.0601218109427313
miniFE.c 57 sum 3.5725191502529814
miniFE.c 57 sum 3.5625529941564111
miniFE.c 57 sum 4.5991837530726762
miniFE.c 57 sum 6.3889987651220590
miniFE.c 90 p_ap_dot 6.3889987651220590
miniFE.c 91 alpha 0.0167660588471617
miniFE.c 40 y 1.0000518375318534
miniFE.c 40 y 1.9998223563872828
miniFE.c 40 y 0.9999583775419285
miniFE.c 40 y 2.0000709413313191
miniFE.c 40 y 1.0000933409732187
miniFE.c 40 y 1.9999281167593268
miniFE.c 40 y 1.0000603959283991
miniFE.c 40 y 2.0000958564642035
miniFE.c 40 y -0.0024485388352382
miniFE.c 40 y 0.0095262313768998
miniFE.c 40 y 0.0018644325767751
miniFE.c 40 y -0.0039657624701995
miniFE.c 40 y -0.0053985634506094
miniFE.c 40 y 0.0042815662944926
miniFE.c 40 y -0.0028454714174226
miniFE.c 40 y -0.0054239942249615
miniFE.c 82 oldrtrans 0.1071183292704796
miniFE.c 48 sum 0.0000059953424277
miniFE.c 48 sum 0.0000967444266739
miniFE.c 48 sum 0.0001002205355072
miniFE.c 48 sum 0.0001159478074773
miniFE.c 48 sum 0.0001450922948075
miniFE.c 48 sum 0.0001634241047417
miniFE.c 48 sum 0.0001715208123290
miniFE.c 48 sum 0.0002009405256815
miniFE.c 83 rtrans 0.0002009405256815
miniFE.c 84 beta 0.0018758743442877
miniFE.c 40 y -0.0026646952491216
miniFE.c 40 y 0.0095021525546456
miniFE.c 40 y 0.0021000378066607
miniFE.c 40 y -0.0042353425449043
miniFE.c 40 y -0.0052107212247327
miniFE.c 40 y 0.0043066994399131
miniFE.c 40 y -0.0031203040143080
miniFE.c 40 y -0.0051135575185376
miniFE.c 87 normr 0.0141753492260846
miniFE.c 25 Ap -0.1787869549781900
miniFE.c 25 Ap -0.0354227532023460
miniFE.c 25 Ap -0.0158520535740225
miniFE.c 25 Ap -0.0739460872377765
miniFE.c 25 Ap -0.1472265962168942
miniFE.c 25 Ap -0.0780765073298730
miniFE.c 25 Ap -0.0936678926539744
miniFE.c 25 Ap -0.1264358913868870
miniFE.c 25 Ap -0.0402037228058843
miniFE.c 25 Ap 0.5910868905845613
miniFE.c 25 Ap 0.6213105716968874
miniFE.c 25 Ap 0.5960517680621066
miniFE.c 25 Ap 0.5390797743721571
miniFE.c 25 Ap 0.5806491829482497
miniFE.c 25 Ap 0.5450857987725358
miniFE.c 25 Ap 0.5095266209172622
miniFE.c 25 Ap -0.0248328626066520
miniFE.c 25 Ap 0.1119218318952315
miniFE.c 25 Ap 0.2540399794265878
miniFE.c 25 Ap 0.2133291257000225
miniFE.c 25 Ap 0.1257984926371427
miniFE.c 25 Ap 0.1954623277003512
miniFE.c 25 Ap 0.1581686413395831
miniFE.c 25 Ap 0.0950102231233470
miniFE.c 25 Ap -0.0365502657376236
miniFE.c 25 Ap 0.0201188237022130
miniFE.c 25 Ap 0.0403047546064514
miniFE.c 25 Ap -0.2366938902660398
miniFE.c 25 Ap -0.2558073993191364
miniFE.c 25 Ap -0.2080638030651978
miniFE.c 25 Ap -0.2121209253146335
miniFE.c 25 Ap -0.2362621735392600
miniFE.c 25 Ap -0.0374747018134489
miniFE.c 25 Ap 0.0664181283795503
miniFE.c 25 Ap 0.1016949414626413
miniFE.c 25 Ap 0.0861592306495674
miniFE.c 25 Ap -0.2606729395773824
miniFE.c 25 Ap -0.2413392743048283
miniFE.c 25 Ap -0.2851878457145334
miniFE.c 25 Ap -0.3046159791098990
miniFE.c 25 Ap -0.0427854127979957
miniFE.c 25 Ap 0.0489318912320236
miniFE.c 25 Ap 0.0829014517808465
miniFE.c 25 Ap 0.0359489102157176
miniFE.c 25 Ap 0.0125569040185991
miniFE.c 25 Ap 0.2987942317023946
miniFE.c 25 Ap 0.2750417317928229
miniFE.c 25 Ap 0.2575219934040481
miniFE.c 25 Ap -0.0133148213154387
miniFE.c 25 Ap 0.0949851072324051
miniFE.c 25 Ap 0.1200846330953450
miniFE.c 25 Ap 0.1145777009521565
miniFE.c 25 Ap 0.0413532072262046
miniFE.c 25 Ap 0.0741368326639895
miniFE.c 25 Ap -0.1307367123682464
miniFE.c 25 Ap -0.1444132134243538
miniFE.c 25 Ap -0.0170755350321718
miniFE.c 25 Ap 0.0490015026218837
miniFE.c 25 Ap 0.0749394265783767
miniFE.c 25 Ap 0.0549442558342924
miniFE.c 25 Ap 0.0351469646777590
miniFE.c 25 Ap 0.0499022983633258
miniFE.c 25 Ap 0.0415568674197303
miniFE.c 25 Ap -0.2901707563631942
miniFE.c 57 sum 0.0003369131190971
miniFE.c 57 sum 0.0051785128017060
miniFE.c 57 sum 0.0053780378622843
miniFE.c 57 sum 0.0063786890976267
miniFE.c 57 sum 0.0079659580453674
miniFE.c 57 sum 0.0090750278701259
miniFE.c 57 sum 0.0095256409996930
miniFE.c 57 sum 0.0110094458525538
miniFE.c 90 p_ap_dot 0.0110094458525538
miniFE.c 91 alpha 0.0182516475736013
miniFE.c 40 y 1.0000032024532755
miniFE.c 40 y 1.9999957863269007
miniFE.c 40 y 0.9999967066918669
miniFE.c 40 y 1.9999936393518361
miniFE.c 40 y 0.9999982367258206
miniFE.c 40 y 2.0000067211197097
miniFE.c 40 y 1.0000034452392075
miniFE.c 40 y 2.0000025256145277
miniFE.c 40 y -0.0001408755049906
miniFE.c 40 y 0.0002265310625499
miniFE.c 40 y 0.0001303394684386
miniFE.c 40 y 0.0003464114562121
miniFE.c 40 y 0.0001611800453919
miniFE.c 40 y -0.0004186343715693
miniFE.c 40 y -0.0002096923410300
miniFE.c 40 y -0.0001278998436552
