filename line variable value
miniFE.c 167 A 67.0947100000000063
miniFE.c 167 A 15.0875500000000002
miniFE.c 167 A 9.3192129999999995
miniFE.c 167 A 13.7164900000000003
miniFE.c 167 A 14.0634099999999993
miniFE.c 167 A 16.0564000000000000
miniFE.c 167 A 4.9967519999999999
miniFE.c 167 A 6.4080630000000003
miniFE.c 167 A 15.0875500000000002
miniFE.c 167 A 66.4365899999999954
miniFE.c 167 A 14.3919700000000006
miniFE.c 167 A 5.9638159999999996
miniFE.c 167 A 10.9336099999999998
miniFE.c 167 A 9.6522659999999991
miniFE.c 167 A 11.3974100000000007
miniFE.c 167 A 6.9539020000000002
miniFE.c 167 A 9.3192129999999995
miniFE.c 167 A 14.3919700000000006
miniFE.c 167 A 67.6740900000000067
miniFE.c 167 A 9.6121750000000006
miniFE.c 167 A 16.7981799999999986
miniFE.c 167 A 16.1756899999999995
miniFE.c 167 A 11.9519400000000005
miniFE.c 167 A 12.3511699999999998
miniFE.c 167 A 13.7164900000000003
miniFE.c 167 A 5.9638159999999996
miniFE.c 167 A 9.6121750000000006
miniFE.c 167 A 65.4017099999999942
miniFE.c 167 A 3.6681119999999998
miniFE.c 167 A 11.0858899999999991
miniFE.c 167 A 1.3002330000000000
miniFE.c 167 A 4.7210279999999996
miniFE.c 167 A 14.0634099999999993
miniFE.c 167 A 10.9336099999999998
miniFE.c 167 A 16.7981799999999986
miniFE.c 167 A 3.6681119999999998
miniFE.c 167 A 66.5612600000000043
miniFE.c 167 A 4.4892070000000004
miniFE.c 167 A 14.0526599999999995
miniFE.c 167 A 3.7993380000000001
miniFE.c 167 A 16.0564000000000000
miniFE.c 167 A 9.6522659999999991
miniFE.c 167 A 16.1756899999999995
miniFE.c 167 A 11.0858899999999991
miniFE.c 167 A 4.4892070000000004
miniFE.c 167 A 66.4632699999999943
miniFE.c 167 A 7.6122389999999998
miniFE.c 167 A 3.4261349999999999
miniFE.c 167 A 4.9967519999999999
miniFE.c 167 A 11.3974100000000007
miniFE.c 167 A 11.9519400000000005
miniFE.c 167 A 1.3002330000000000
miniFE.c 167 A 14.0526599999999995
miniFE.c 167 A 7.6122389999999998
miniFE.c 167 A 65.6581999999999937
miniFE.c 167 A 2.6745570000000001
miniFE.c 167 A 6.4080630000000003
miniFE.c 167 A 6.9539020000000002
miniFE.c 167 A 12.3511699999999998
miniFE.c 167 A 4.7210279999999996
miniFE.c 167 A 3.7993380000000001
miniFE.c 167 A 3.4261349999999999
miniFE.c 167 A 2.6745570000000001
miniFE.c 167 A 64.8721800000000002
miniFE.c 175 b 198.0110999999999990
miniFE.c 175 b 229.8237000000000023
miniFE.c 175 b 210.8053999999999917
miniFE.c 175 b 202.6418999999999926
miniFE.c 175 b 157.2561000000000035
miniFE.c 175 b 225.5886000000000138
miniFE.c 175 b 142.6283999999999992
miniFE.c 175 b 185.1795999999999935
miniFE.c 33 r 0.0000000000000000
miniFE.c 33 r 0.0000000000000000
miniFE.c 33 r 0.0000000000000000
miniFE.c 33 r 0.0000000000000000
miniFE.c 33 r 0.0000000000000000
miniFE.c 33 r 0.0000000000000000
miniFE.c 33 r 0.0000000000000000
miniFE.c 33 r 0.0000000000000000
miniFE.c 25 Ap 0.0000000000000000
miniFE.c 25 Ap 0.0000000000000000
miniFE.c 25 Ap 0.0000000000000000
miniFE.c 25 Ap 0.0000000000000000
miniFE.c 25 Ap 0.0000000000000000
miniFE.c 25 Ap 0.0000000000000000
miniFE.c 25 Ap 0.0000000000000000
miniFE.c 25 Ap 0.0000000000000000
miniFE.c 25 Ap 0.0000000000000000
miniFE.c 25 Ap 0.0000000000000000
miniFE.c 25 Ap 0.0000000000000000
miniFE.c 25 Ap 0.0000000000000000
miniFE.c 25 Ap 0.0000000000000000
miniFE.c 25 Ap 0.0000000000000000
miniFE.c 25 Ap 0.0000000000000000
miniFE.c 25 Ap 0.0000000000000000
miniFE.c 25 Ap 0.0000000000000000
miniFE.c 25 Ap 0.0000000000000000
miniFE.c 25 Ap 0.0000000000000000
miniFE.c 25 Ap 0.0000000000000000
miniFE.c 25 Ap 0.0000000000000000
miniFE.c 25 Ap 0.0000000000000000
miniFE.c 25 Ap 0.0000000000000000
miniFE.c 25 Ap 0.0000000000000000
miniFE.c 25 Ap 0.0000000000000000
miniFE.c 25 Ap 0.0000000000000000
miniFE.c 25 Ap 0.0000000000000000
miniFE.c 25 Ap 0.0000000000000000
miniFE.c 25 Ap 0.0000000000000000
miniFE.c 25 Ap 0.0000000000000000
miniFE.c 25 Ap 0.0000000000000000
miniFE.c 25 Ap 0.0000000000000000
miniFE.c 25 Ap 0.0000000000000000
miniFE.c 25 Ap 0.0000000000000000
miniFE.c 25 Ap 0.0000000000000000
miniFE.c 25 Ap 0.0000000000000000
miniFE.c 25 Ap 0.0000000000000000
miniFE.c 25 Ap 0.0000000000000000
miniFE.c 25 Ap 0.0000000000000000
miniFE.c 25 Ap 0.0000000000000000
miniFE.c 25 Ap 0.0000000000000000
miniFE.c 25 Ap 0.0000000000000000
miniFE.c 25 Ap 0.0000000000000000
miniFE.c 25 Ap 0.0000000000000000
miniFE.c 25 Ap 0.0000000000000000
miniFE.c 25 Ap 0.0000000000000000
miniFE.c 25 Ap 0.0000000000000000
miniFE.c 25 Ap 0.0000000000000000
miniFE.c 25 Ap 0.0000000000000000
miniFE.c 25 Ap 0.0000000000000000
miniFE.c 25 Ap 0.0000000000000000
miniFE.c 25 Ap 0.0000000000000000
miniFE.c 25 Ap 0.0000000000000000
miniFE.c 25 Ap 0.0000000000000000
miniFE.c 25 Ap 0.0000000000000000
miniFE.c 25 Ap 0.0000000000000000
miniFE.c 25 Ap 0.0000000000000000
miniFE.c 25 Ap 0.0000000000000000
miniFE.c 25 Ap 0.0000000000000000
miniFE.c 25 Ap 0.0000000000000000
miniFE.c 25 Ap 0.0000000000000000
miniFE.c 25 Ap 0.0000000000000000
miniFE.c 25 Ap 0.0000000000000000
miniFE.c 25 Ap 0.0000000000000000
miniFE.c 33 r 198.0110999999999990
miniFE.c 33 r 229.8237000000000023
miniFE.c 33 r 210.8053999999999917
miniFE.c 33 r 202.6418999999999926
miniFE.c 33 r 157.2561000000000035
miniFE.c 33 r 225.5886000000000138
miniFE.c 33 r 142.6283999999999992
miniFE.c 33 r 185.1795999999999935
miniFE.c 48 sum 39208.3957232100001420
miniFE.c 48 sum 92027.3288048999966122
miniFE.c 48 sum 136466.2454740600078367
miniFE.c 48 sum 177529.9851096700003836
miniFE.c 48 sum 202259.4660968800017145
miniFE.c 48 sum 253149.6825468399911188
miniFE.c 48 sum 273492.5430333999684080
miniFE.c 48 sum 307784.0272895599482581
miniFE.c 75 rtrans 307784.0272895599482581
miniFE.c 76 normr 554.7828649927464539
miniFE.c 33 r 198.0110999999999990
miniFE.c 33 r 229.8237000000000023
miniFE.c 33 r 210.8053999999999917
miniFE.c 33 r 202.6418999999999926
miniFE.c 33 r 157.2561000000000035
miniFE.c 33 r 225.5886000000000138
miniFE.c 33 r 142.6283999999999992
miniFE.c 33 r 185.1795999999999935
miniFE.c 87 normr 554.7828649927464539
miniFE.c 25 Ap 13285.4973312810016068
miniFE.c 25 Ap 16752.9738962160008668
miniFE.c 25 Ap 18717.5143203662009910
miniFE.c 25 Ap 21497.0499152972006414
miniFE.c 25 Ap 23708.6069245981998392
miniFE.c 25 Ap 27330.7477216381994367
miniFE.c 25 Ap 28043.4264645949988335
miniFE.c 25 Ap 29230.0690077097970061
miniFE.c 25 Ap 2987.5023718050001662
miniFE.c 25 Ap 18256.2053009880000900
miniFE.c 25 Ap 21290.1102936259994749
miniFE.c 25 Ap 22498.6292991164009436
miniFE.c 25 Ap 24218.0061666374022025
miniFE.c 25 Ap 26395.4473404050004319
miniFE.c 25 Ap 28021.0416928490012651
miniFE.c 25 Ap 29308.7624836482027604
miniFE.c 25 Ap 1845.3076172643000064
miniFE.c 25 Ap 5152.9234129532997031
miniFE.c 25 Ap 19418.9870250392996240
miniFE.c 25 Ap 21366.8164301717988565
miniFE.c 25 Ap 24008.4327040697971825
miniFE.c 25 Ap 27657.4839652037990163
miniFE.c 25 Ap 29362.1700442997971550
miniFE.c 25 Ap 31649.3547644317950471
miniFE.c 25 Ap 2716.0172730389999742
miniFE.c 25 Ap 4086.6435322781999275
miniFE.c 25 Ap 6112.9419280231995799
miniFE.c 25 Ap 19366.0687056721981207
miniFE.c 25 Ap 19942.9016931553996983
miniFE.c 25 Ap 22443.7520980093977414
miniFE.c 25 Ap 22629.2022504265987664
miniFE.c 25 Ap 23503.4403270553993934
miniFE.c 25 Ap 2784.7112838509997346
miniFE.c 25 Ap 5297.5139884079999320
miniFE.c 25 Ap 8838.6610425799990480
miniFE.c 25 Ap 9581.9742276727993158
miniFE.c 25 Ap 20049.1383863587980159
miniFE.c 25 Ap 21061.8523085989982064
miniFE.c 25 Ap 23066.1607201429978886
miniFE.c 25 Ap 23769.7206112477979332
miniFE.c 25 Ap 3179.3454260399998930
miniFE.c 25 Ap 5397.6649115441996400
miniFE.c 25 Ap 8807.5877122702004272
miniFE.c 25 Ap 11054.0535250612010714
miniFE.c 25 Ap 11760.0087099739012046
miniFE.c 25 Ap 26753.3647406958989450
miniFE.c 25 Ap 27839.0862096834971453
miniFE.c 25 Ap 28473.5365185294976982
miniFE.c 25 Ap 989.4123599472000024
miniFE.c 25 Ap 3608.8072965641999872
miniFE.c 25 Ap 6128.3407890401995246
miniFE.c 25 Ap 6391.8224746028990921
miniFE.c 25 Ap 8601.6889808288997301
miniFE.c 25 Ap 10318.9233197042995016
miniFE.c 25 Ap 19683.6473325842962367
miniFE.c 25 Ap 20178.9207280214977800
miniFE.c 25 Ap 1268.8676034993000030
miniFE.c 25 Ap 2867.0390905766998912
miniFE.c 25 Ap 5470.7324228946999938
miniFE.c 25 Ap 6427.4105067679001877
miniFE.c 25 Ap 7024.8795832297000743
miniFE.c 25 Ap 7797.7765812907000509
miniFE.c 25 Ap 8179.2443669095000587
miniFE.c 25 Ap 20192.2487104374995397
miniFE.c 57 sum 5787878.1172925252467394
miniFE.c 57 sum 12523726.3537057451903820
miniFE.c 57 sum 19195581.2445636950433254
miniFE.c 57 sum 23958363.0489748232066631
miniFE.c 57 sum 27696296.6103892698884010
miniFE.c 57 sum 34119601.8506532162427902
miniFE.c 57 sum 36997689.0278177559375763
miniFE.c 57 sum 40736881.5671170875430107
miniFE.c 90 p_ap_dot 40736881.5671170875430107
miniFE.c 91 alpha 0.0075554145395853
miniFE.c 40 y 1.4960559439392744
miniFE.c 40 y 1.7364133245212852
miniFE.c 40 y 1.5927221841830903
miniFE.c 40 y 1.5310435575891859
miniFE.c 40 y 1.1881350243784765
miniFE.c 40 y 1.7044153884046875
miniFE.c 40 y 1.0776166871177848
miniFE.c 40 y 1.3991086422745860
miniFE.c 40 y -22.8341883739316245
miniFE.c 40 y 8.3838497937928480
miniFE.c 40 y -28.3185951556805833
miniFE.c 40 y 25.0636652226906733
miniFE.c 40 y -22.3339927081014764
miniFE.c 40 y 10.4592281944898673
miniFE.c 40 y -9.8317110616323760
miniFE.c 40 y 32.6187905062384118
miniFE.c 82 oldrtrans 307784.0272895599482581
miniFE.c 48 sum 521.4001586961941257
miniFE.c 48 sum 591.6890960610744514
miniFE.c 48 sum 1393.6319276524102406
miniFE.c 48 sum 2021.8192420475243125
miniFE.c 48 sum 2520.6264723330541528
miniFE.c 48 sum 2630.0219267574657351
miniFE.c 48 sum 2726.6844691568903727
miniFE.c 48 sum 3790.6699632467598349
miniFE.c 83 rtrans 3790.6699632467598349
miniFE.c 84 beta 0.0123160061184089
miniFE.c 40 y -20.3954824548187439
miniFE.c 40 y 11.2143598891482252
miniFE.c 40 y -25.7223145594869429
miniFE.c 40 y 27.5594041029366821
miniFE.c 40 y -20.3972256183443506
miniFE.c 40 y 13.2375787723331708
miniFE.c 40 y -8.0750988145735008
miniFE.c 40 y 34.8994635928429275
miniFE.c 87 normr 61.5684169298412272
miniFE.c 25 Ap -1368.4289806161518754
miniFE.c 25 Ap -1199.2317650706336281
miniFE.c 25 Ap -1438.9434933034935966
miniFE.c 25 Ap -1060.9252025196035447
miniFE.c 25 Ap -1347.7797492528836756
miniFE.c 25 Ap -1135.2318894527934390
miniFE.c 25 Ap -1175.5811556047112845
miniFE.c 25 Ap -951.9431942355674892
miniFE.c 25 Ap -307.7178613112005223
miniFE.c 25 Ap 437.3259687565855529
miniFE.c 25 Ap 67.1311892858862507
miniFE.c 25 Ap 231.4904044254456608
miniFE.c 25 Ap 8.4750944324596844
miniFE.c 25 Ap 136.2477259389728772
miniFE.c 25 Ap 44.2125139587647027
miniFE.c 25 Ap 286.8999636359623082
miniFE.c 25 Ap -190.0698452342187466
miniFE.c 25 Ap -28.6731141403941479
miniFE.c 25 Ap -1769.4073446474239972
miniFE.c 25 Ap -1504.5015295142784453
miniFE.c 25 Ap -1847.1377969518380269
miniFE.c 25 Ap -1633.0108263799961605
miniFE.c 25 Ap -1729.5239229058497585
miniFE.c 25 Ap -1298.4747151618360022
miniFE.c 25 Ap -279.7544311366967804
miniFE.c 25 Ap -212.8740522000363740
miniFE.c 25 Ap -460.1214411508727835
miniFE.c 25 Ap 1342.3107137622018854
miniFE.c 25 Ap 1267.4914057048456471
miniFE.c 25 Ap 1414.2417478412662604
miniFE.c 25 Ap 1403.7422378842968556
miniFE.c 25 Ap 1568.5035826910889227
miniFE.c 25 Ap -286.8300319099224680
miniFE.c 25 Ap -164.2165944823325390
miniFE.c 25 Ap -596.3046644692149130
miniFE.c 25 Ap -495.2136835663836223
miniFE.c 25 Ap -1852.8787212276629361
miniFE.c 25 Ap -1793.4524899398534217
miniFE.c 25 Ap -1906.9291080474579303
miniFE.c 25 Ap -1774.3342498395531948
miniFE.c 25 Ap -327.4780244875516928
miniFE.c 25 Ap -219.2340398177625218
miniFE.c 25 Ap -635.3102262145098393
miniFE.c 25 Ap -82.4474259659512825
miniFE.c 25 Ap -174.0147939924020761
miniFE.c 25 Ap 705.7979780994457997
miniFE.c 25 Ap 644.3283959742956313
miniFE.c 25 Ap 763.8986696709605440
miniFE.c 25 Ap -101.9111677470804693
miniFE.c 25 Ap 25.9034897970964124
miniFE.c 25 Ap -281.5280704790179698
miniFE.c 25 Ap -245.6944238040443054
miniFE.c 25 Ap -532.3297003619271663
miniFE.c 25 Ap -431.5620869656004857
miniFE.c 25 Ap -961.7585399526303718
miniFE.c 25 Ap -868.4179353041471359
miniFE.c 25 Ap -130.6955364858731627
miniFE.c 25 Ap -52.7119768240055322
miniFE.c 25 Ap -370.4126567417038700
miniFE.c 25 Ap -240.3039383084249323
miniFE.c 25 Ap -317.7998926947741438
miniFE.c 25 Ap -272.4461607476264362
miniFE.c 25 Ap -294.0434728078357125
miniFE.c 25 Ap 1969.9608112905175403
miniFE.c 57 sum 19415.3407160156275495
miniFE.c 57 sum 22632.7401604128463077
miniFE.c 57 sum 56032.5152313458020217
miniFE.c 57 sum 99259.5393036334862700
miniFE.c 57 sum 135451.0353199666133150
miniFE.c 57 sum 145563.2041338164708577
miniFE.c 57 sum 152575.7647737453517038
miniFE.c 57 sum 221326.3403867060842458
miniFE.c 90 p_ap_dot 221326.3403867060842458
miniFE.c 91 alpha 0.0171270620416152
miniFE.c 40 y 1.1467412505669194
miniFE.c 40 y 1.9284823620997278
miniFE.c 40 y 1.1521745068688154
miniFE.c 40 y 2.0030551814901272
miniFE.c 40 y 0.8387904757362699
miniFE.c 40 y 1.9311362213192063
miniFE.c 40 y 0.9393139687284111
miniFE.c 40 y 1.9968339204482977
miniFE.c 40 y -6.5301982261657088
miniFE.c 40 y 3.4700963168625760
miniFE.c 40 y -6.0795381496351908
miniFE.c 40 y -1.8001929505553278
miniFE.c 40 y 8.0551400714633203
miniFE.c 40 y -2.6241117144719919
miniFE.c 40 y 5.0417367943731293
miniFE.c 40 y -1.1208505282848975
miniFE.c 82 oldrtrans 3790.6699632467598349
miniFE.c 48 sum 42.6434888730177661
miniFE.c 48 sum 54.6850573213209827
miniFE.c 48 sum 91.6458414341906575
miniFE.c 48 sum 94.8865360934197497
miniFE.c 48 sum 159.7718176643138577
miniFE.c 48 sum 166.6577799543429990
miniFE.c 48 sum 192.0768898580788289
miniFE.c 48 sum 193.3331957648353523
miniFE.c 83 rtrans 193.3331957648353523
miniFE.c 84 beta 0.0510023815418747
miniFE.c 40 y -7.5704164040569850
miniFE.c 40 y 4.0420553786768094
miniFE.c 40 y -7.3914374509382625
miniFE.c 40 y -0.3945977074306444
miniFE.c 40 y 7.0148329880808209
miniFE.c 40 y -1.9489636712348344
miniFE.c 40 y 4.6298875236439114
miniFE.c 40 y 0.6591052294840425
miniFE.c 87 normr 13.9044307961467943
miniFE.c 25 Ap -507.9348932094462725
miniFE.c 25 Ap -446.9501805808909580
miniFE.c 25 Ap -515.8325605623616639
miniFE.c 25 Ap -521.2450560703570090
miniFE.c 25 Ap -422.5925836774513300
miniFE.c 25 Ap -453.8859239682662974
miniFE.c 25 Ap -430.7515242247235392
miniFE.c 25 Ap -426.5279363905603418
miniFE.c 25 Ap -114.2190360170299641
miniFE.c 25 Ap 154.3213399334159703
miniFE.c 25 Ap 47.9439938826360219
miniFE.c 25 Ap 45.5906857614978236
miniFE.c 25 Ap 122.2881338683081651
miniFE.c 25 Ap 103.4762180892129919
miniFE.c 25 Ap 156.2449444500673508
miniFE.c 25 Ap 160.8282976235869057
miniFE.c 25 Ap -70.5503229681010993
miniFE.c 25 Ap -12.3771832198458185
miniFE.c 25 Ap -512.5859865040124532
miniFE.c 25 Ap -516.3789287224345799
miniFE.c 25 Ap -398.5425015187150848
miniFE.c 25 Ap -430.0683336858716643
miniFE.c 25 Ap -374.7321957965310730
miniFE.c 25 Ap -366.5914750592846758
miniFE.c 25 Ap -103.8395409020835984
miniFE.c 25 Ap -79.7334663618447905
miniFE.c 25 Ap -150.7812566418172935
miniFE.c 25 Ap -176.5886214698611525
miniFE.c 25 Ap -150.8574284082860402
miniFE.c 25 Ap -172.4634252815915829
miniFE.c 25 Ap -166.4434927370614901
miniFE.c 25 Ap -163.3318384937209089
miniFE.c 25 Ap -106.4658697609790323
miniFE.c 25 Ap -62.2716126521244817
miniFE.c 25 Ap -186.4343094117265878
miniFE.c 25 Ap -187.8817379975254198
miniFE.c 25 Ap 279.0343843786990305
miniFE.c 25 Ap 270.2850830230458996
miniFE.c 25 Ap 335.3473182310557377
miniFE.c 25 Ap 337.8514817754331716
miniFE.c 25 Ap -121.5536339501005756
miniFE.c 25 Ap -82.5386402483812844
miniFE.c 25 Ap -202.1002411091488398
miniFE.c 25 Ap -206.4747078879771323
miniFE.c 25 Ap -174.9836705340538003
miniFE.c 25 Ap -304.5181692355258178
miniFE.c 25 Ap -269.2743588624302333
miniFE.c 25 Ap -267.0161753670118969
miniFE.c 25 Ap -37.8274933078045450
miniFE.c 25 Ap 8.2414690856803148
miniFE.c 25 Ap -80.1005478416867334
miniFE.c 25 Ap -80.6136168026123983
miniFE.c 25 Ap 17.9634461356714326
miniFE.c 25 Ap 3.1274688679144482
miniFE.c 25 Ap 307.1175498728310913
miniFE.c 25 Ap 308.8803643780842663
miniFE.c 25 Ap -48.5117052534306197
miniFE.c 25 Ap -20.4036482715391969
miniFE.c 25 Ap -111.6965487724443307
miniFE.c 25 Ap -113.5594555979602092
miniFE.c 25 Ap -86.9077340626911905
miniFE.c 25 Ap -93.5851467104373569
miniFE.c 25 Ap -81.2022486248628752
miniFE.c 25 Ap -38.4446555388327624
miniFE.c 57 sum 3228.9940864396721736
miniFE.c 57 sum 3879.0709718925263587
miniFE.c 57 sum 6588.7089298404225701
miniFE.c 57 sum 6653.1592988604770653
miniFE.c 57 sum 9023.1310182907727722
miniFE.c 57 sum 9543.5358437131490064
miniFE.c 57 sum 10973.6171890458263078
miniFE.c 57 sum 10948.2781155344691797
miniFE.c 90 p_ap_dot 10948.2781155344691797
miniFE.c 91 alpha 0.0176587764509303
miniFE.c 40 y 1.0130569596472216
miniFE.c 40 y 1.9998601144340620
miniFE.c 40 y 1.0216507652716627
miniFE.c 40 y 1.9960870687865599
miniFE.c 40 y 0.9626638433134003
miniFE.c 40 y 1.8967199075378860
miniFE.c 40 y 1.0210721175013902
miniFE.c 40 y 2.0084729123533953
miniFE.c 40 y 1.0017632526318039
miniFE.c 40 y 0.6300653621439745
miniFE.c 40 y 0.3940187572534981
miniFE.c 40 y 1.0840474727247376
miniFE.c 40 y 2.0890962811754026
miniFE.c 40 y 2.0910672351164656
miniFE.c 40 y -0.4127125102613469
miniFE.c 40 y -0.4419649503916314
miniFE.c 82 oldrtrans 193.3331957648353523
miniFE.c 48 sum 1.0035296143234513
miniFE.c 48 sum 1.4005119748970691
miniFE.c 48 sum 1.5557627559646603
miniFE.c 48 sum 2.7309216790855508
miniFE.c 48 sum 7.0952449511064479
miniFE.c 48 sum 11.4678071328840687
miniFE.c 48 sum 11.6381387490102917
miniFE.c 48 sum 11.8334717663849691
miniFE.c 83 rtrans 11.8334717663849691
miniFE.c 84 beta 0.0612076561377429
miniFE.c 40 y 0.5383958085527560
miniFE.c 40 y 0.8774700978517387
miniFE.c 40 y -0.0583938046071658
miniFE.c 40 y 1.0598950719355811
miniFE.c 40 y 2.5184577665735488
miniFE.c 40 y 1.9717757369025710
miniFE.c 40 y -0.1293279467577245
miniFE.c 40 y -0.4016226641467840
miniFE.c 87 normr 3.4399813613426700
miniFE.c 25 Ap 36.1235106400626904
miniFE.c 25 Ap 49.3623846149056931
miniFE.c 25 Ap 48.8182003118911325
miniFE.c 25 Ap 63.3562404671448149
miniFE.c 25 Ap 98.7743446061529227
miniFE.c 25 Ap 130.4339645481553589
miniFE.c 25 Ap 129.7877448715377966
miniFE.c 25 Ap 127.2141215374573591
miniFE.c 25 Ap 8.1230736813301352
miniFE.c 25 Ap 66.4191948095659797
miniFE.c 25 Ap 65.5787929254737918
miniFE.c 25 Ap 71.8998121138043587
miniFE.c 25 Ap 99.4356471349905746
miniFE.c 25 Ap 118.4677510399202021
miniFE.c 25 Ap 116.9937474062642480
miniFE.c 25 Ap 114.2009027588085956
miniFE.c 25 Ap 5.0174252182103549
miniFE.c 25 Ap 17.6459485423896432
miniFE.c 25 Ap 13.6942009539618930
miniFE.c 25 Ap 23.8820978670442869
miniFE.c 25 Ap 66.1876047523447397
miniFE.c 25 Ap 98.0824378220022908
miniFE.c 25 Ap 96.5367179620307780
miniFE.c 25 Ap 91.5762081613009400
miniFE.c 25 Ap 7.3849007240557931
miniFE.c 25 Ap 12.6179709331455570
miniFE.c 25 Ap 12.0566794643456738
miniFE.c 25 Ap 81.3756295895056780
miniFE.c 25 Ap 90.6136147445673146
miniFE.c 25 Ap 112.4725036685381525
miniFE.c 25 Ap 112.3043472043415107
miniFE.c 25 Ap 110.4082753614699470
miniFE.c 25 Ap 7.5716809979589144
miniFE.c 25 Ap 17.1655968345316623
miniFE.c 25 Ap 16.1846871938556625
miniFE.c 25 Ap 20.0725010259634296
miniFE.c 25 Ap 187.7042232258847321
miniFE.c 25 Ap 196.5559326664179025
miniFE.c 25 Ap 194.7385310021334988
miniFE.c 25 Ap 193.2126307525793720
miniFE.c 25 Ap 8.6446984604464721
miniFE.c 25 Ap 17.1142732519574814
miniFE.c 25 Ap 16.1697131707113968
miniFE.c 25 Ap 27.9195933497313362
miniFE.c 25 Ap 39.2254715846376811
miniFE.c 25 Ap 170.2761347658422153
miniFE.c 25 Ap 169.2916595257431425
miniFE.c 25 Ap 167.9156460593166003
miniFE.c 25 Ap 2.6902303331776007
miniFE.c 25 Ap 12.6911168011339868
miniFE.c 25 Ap 11.9931975520974188
miniFE.c 25 Ap 13.3713081011654360
miniFE.c 25 Ap 48.7623388191828866
miniFE.c 25 Ap 63.7719669828863758
miniFE.c 25 Ap 55.2805267890783512
miniFE.c 25 Ap 54.2063640813259227
miniFE.c 25 Ap 3.4500742601419998
miniFE.c 25 Ap 9.5519153285334006
miniFE.c 25 Ap 8.8306835208835128
miniFE.c 25 Ap 13.8344778325534037
miniFE.c 25 Ap 23.4029501264914188
miniFE.c 25 Ap 30.1585199908441091
miniFE.c 25 Ap 29.8126250255476108
miniFE.c 25 Ap 3.7584872649378909
miniFE.c 57 sum 68.4915498244879331
miniFE.c 57 sum 168.6994271430166066
miniFE.c 57 sum 163.3519439369804616
miniFE.c 57 sum 280.3731308935090851
miniFE.c 57 sum 766.9709814124498735
miniFE.c 57 sum 1098.0629781585300861
miniFE.c 57 sum 1091.0525803906905367
miniFE.c 57 sum 1089.5430867221843982
miniFE.c 90 p_ap_dot 1089.5430867221843982
miniFE.c 91 alpha 0.0108609488790252
miniFE.c 40 y 1.0189044490005945
miniFE.c 40 y 2.0093902723097030
miniFE.c 40 y 1.0210165531449724
miniFE.c 40 y 2.0075985349799832
miniFE.c 40 y 0.9900166843701396
miniFE.c 40 y 1.9181352630172870
miniFE.c 40 y 1.0196674932830252
miniFE.c 40 y 2.0041109091294391
miniFE.c 40 y -0.3799028180766197
miniFE.c 40 y -0.6102648046579742
miniFE.c 40 y -0.6005857581213621
miniFE.c 40 y -0.1150911617975254
miniFE.c 40 y -0.0093762242103348
miniFE.c 40 y 0.2673439872777381
miniFE.c 40 y -1.0014450594664557
miniFE.c 40 y -0.4827856884385891
miniFE.c 82 oldrtrans 11.8334717663849691
miniFE.c 48 sum 0.1443261511825572
miniFE.c 48 sum 0.5167492829867926
miniFE.c 48 sum 0.8774525358450038
miniFE.c 48 sum 0.8906985113689080
miniFE.c 48 sum 0.8907864249493505
miniFE.c 48 sum 0.9622592324829099
miniFE.c 48 sum 1.9651514396126828
miniFE.c 48 sum 2.1982334605738054
miniFE.c 83 rtrans 2.1982334605738054
miniFE.c 84 beta 0.1857640347626695
miniFE.c 40 y -0.2798882403805500
miniFE.c 40 y -0.4472624188974408
miniFE.c 40 y -0.6114332268703321
miniFE.c 40 y 0.0817992231902979
miniFE.c 40 y 0.4584626518877489
miniFE.c 40 y 0.6336290038118956
miniFE.c 40 y -1.0254695406637422
miniFE.c 40 y -0.5573927349826282
miniFE.c 87 normr 1.4826440775094356
miniFE.c 25 Ap -18.7790203207432960
miniFE.c 25 Ap -25.5271144289793774
miniFE.c 25 Ap -31.2251909054613250
miniFE.c 25 Ap -30.1031926785638362
miniFE.c 25 Ap -23.6556444353791484
miniFE.c 25 Ap -13.4818436985738277
miniFE.c 25 Ap -18.6058606768244630
miniFE.c 25 Ap -22.1776684383354485
miniFE.c 25 Ap -4.2228278211535679
miniFE.c 25 Ap -33.9374177678510875
miniFE.c 25 Ap -42.7371464259720995
miniFE.c 25 Ap -42.2493109099222295
miniFE.c 25 Ap -37.2366590746158153
miniFE.c 25 Ap -31.1207033845083849
miniFE.c 25 Ap -42.8084001819647284
miniFE.c 25 Ap -46.6844546365458939
miniFE.c 25 Ap -2.6083381283015470
miniFE.c 25 Ap -9.0453254432009480
miniFE.c 25 Ap -50.4235126674142293
miniFE.c 25 Ap -49.6372442192450265
miniFE.c 25 Ap -41.9359060695572836
miniFE.c 25 Ap -31.6865197288872409
miniFE.c 25 Ap -43.9428701507278490
miniFE.c 25 Ap -50.8273225772632387
miniFE.c 25 Ap -3.8390842502974110
miniFE.c 25 Ap -6.5064750203166710
miniFE.c 25 Ap -12.3836781978090045
miniFE.c 25 Ap -7.0338691244918641
miniFE.c 25 Ap -5.3521767695505895
miniFE.c 25 Ap 1.6721646675176647
miniFE.c 25 Ap 0.3388153302518253
miniFE.c 25 Ap -2.2926513785977418
miniFE.c 25 Ap -3.9361830786502310
miniFE.c 25 Ap -8.8263759345314785
miniFE.c 25 Ap -19.0973413374801524
miniFE.c 25 Ap -18.7972926253051433
miniFE.c 25 Ap 11.7185591472848074
miniFE.c 25 Ap 14.5630509066001963
miniFE.c 25 Ap 0.1524761112964530
miniFE.c 25 Ap -1.9652472876469758
miniFE.c 25 Ap -4.4939975428462642
miniFE.c 25 Ap -8.8110933818477886
miniFE.c 25 Ap -18.7014477154019509
miniFE.c 25 Ap -17.7946305250288574
miniFE.c 25 Ap -15.7364967789358126
miniFE.c 25 Ap 26.3765587812452260
miniFE.c 25 Ap 18.5704395504926012
miniFE.c 25 Ap 16.6607367924228953
miniFE.c 25 Ap -1.3985321248979941
miniFE.c 25 Ap -6.4961652906638747
miniFE.c 25 Ap -13.8039785322244715
miniFE.c 25 Ap -13.6976204828580812
miniFE.c 25 Ap -7.2550007131811878
miniFE.c 25 Ap -2.4316652988331278
miniFE.c 25 Ap -69.7621494936412319
miniFE.c 25 Ap -71.2529281347381698
miniFE.c 25 Ap -1.7935414773177087
miniFE.c 25 Ap -4.9037605066134606
miniFE.c 25 Ap -12.4556762353374992
miniFE.c 25 Ap -12.0694998122778525
miniFE.c 25 Ap -10.3276452373799561
miniFE.c 25 Ap -8.1567467304048868
miniFE.c 25 Ap -10.8994234686738842
miniFE.c 25 Ap -47.0587053031592433
miniFE.c 57 sum 6.2072685949489701
miniFE.c 57 sum 27.0874707005983311
miniFE.c 57 sum 58.1649845571936766
miniFE.c 57 sum 57.9774474553782184
miniFE.c 57 sum 57.0764549722683796
miniFE.c 57 sum 67.6331810288235005
miniFE.c 57 sum 140.7008885141000860
miniFE.c 57 sum 166.9310689677695336
miniFE.c 90 p_ap_dot 166.9310689677695336
miniFE.c 91 alpha 0.0131685100572754
miniFE.c 40 y 1.0152187378922302
miniFE.c 40 y 2.0035004926482110
miniFE.c 40 y 1.0129648885475782
miniFE.c 40 y 2.0086757088732421
miniFE.c 40 y 0.9960539544124085
miniFE.c 40 y 1.9264792129265653
miniFE.c 40 y 1.0061635873233652
miniFE.c 40 y 1.9967708772929682
miniFE.c 40 y -0.0878559681994803
miniFE.c 40 y 0.0044999057417974
miniFE.c 40 y 0.0687343504217096
miniFE.c 40 y -0.0849003590606348
miniFE.c 40 y 0.0165031544620776
miniFE.c 40 y 0.0479469072650990
miniFE.c 40 y -0.0631501587138352
miniFE.c 40 y 0.1369073456284223
miniFE.c 82 oldrtrans 2.1982334605738054
miniFE.c 48 sum 0.0077186711482681
miniFE.c 48 sum 0.0077389202999532
miniFE.c 48 sum 0.0124633312278475
miniFE.c 48 sum 0.0196714021964722
miniFE.c 48 sum 0.0199437563036714
miniFE.c 48 sum 0.0222426622199594
miniFE.c 48 sum 0.0262306047655420
miniFE.c 48 sum 0.0449742260525623
miniFE.c 83 rtrans 0.0449742260525623
miniFE.c 84 beta 0.0204592582449467
miniFE.c 40 y -0.0935822739891497
miniFE.c 40 y -0.0046507515896849
miniFE.c 40 y 0.0562248801336284
miniFE.c 40 y -0.0832268076291484
miniFE.c 40 y 0.0258829602527121
miniFE.c 40 y 0.0609104866855749
miniFE.c 40 y -0.0841305048686016
miniFE.c 40 y 0.1255035037195556
miniFE.c 87 normr 0.2120712758780932
miniFE.c 25 Ap -6.2788755344425438
miniFE.c 25 Ap -6.3490439815894941
miniFE.c 25 Ap -5.8250723477247428
miniFE.c 25 Ap -6.9666520223018811
miniFE.c 25 Ap -6.6026493402542865
miniFE.c 25 Ap -5.6246462018360219
miniFE.c 25 Ap -6.0450254702992163
miniFE.c 25 Ap -5.2407911117435697
miniFE.c 25 Ap -1.4119272379249959
miniFE.c 25 Ap -1.7209073144807390
miniFE.c 25 Ap -0.9117205263439627
miniFE.c 25 Ap -1.4080698933116000
miniFE.c 25 Ap -1.1250757002629439
miniFE.c 25 Ap -0.5371514805843166
miniFE.c 25 Ap -1.4960213380787648
miniFE.c 25 Ap -0.6232822725563398
miniFE.c 25 Ap -0.8721131443292458
miniFE.c 25 Ap -0.9390466216854431
miniFE.c 25 Ap 2.8659209767169389
miniFE.c 25 Ap 2.0659303370942288
miniFE.c 25 Ap 2.5007169623521328
miniFE.c 25 Ap 3.4859861127271201
miniFE.c 25 Ap 2.4804633663678861
miniFE.c 25 Ap 4.0305784764037496
miniFE.c 25 Ap -1.2836203253494323
miniFE.c 25 Ap -1.3113565520920205
miniFE.c 25 Ap -0.7709131648935608
miniFE.c 25 Ap -6.2140887016809128
miniFE.c 25 Ap -6.1191471045824164
miniFE.c 25 Ap -5.4439001493396688
miniFE.c 25 Ap -5.5532894080764850
miniFE.c 25 Ap -4.9607838529183592
miniFE.c 25 Ap -1.3160858878417478
miniFE.c 25 Ap -1.3669353919302425
miniFE.c 25 Ap -0.4224597349671283
miniFE.c 25 Ap -0.7277449867532992
miniFE.c 25 Ap 0.9950574601971396
miniFE.c 25 Ap 1.2684972433994293
miniFE.c 25 Ap 0.0862398628526266
miniFE.c 25 Ap 0.5630700936674755
miniFE.c 25 Ap -1.5025944240793834
miniFE.c 25 Ap -1.5474847155229448
miniFE.c 25 Ap -0.6380084841942129
miniFE.c 25 Ap -1.5606517186221129
miniFE.c 25 Ap -1.4444577522749158
miniFE.c 25 Ap 2.6038523701398537
miniFE.c 25 Ap 1.9634308598893950
miniFE.c 25 Ap 2.3934228066055945
miniFE.c 25 Ap -0.4676074147198318
miniFE.c 25 Ap -0.5206139373956222
miniFE.c 25 Ap 0.1513824564686966
miniFE.c 25 Ap 0.0431682147046261
miniFE.c 25 Ap 0.4068926549295039
miniFE.c 25 Ap 0.8705578371864180
miniFE.c 25 Ap -4.6532996775771975
miniFE.c 25 Ap -4.3176334031795340
miniFE.c 25 Ap -0.5996811074057327
miniFE.c 25 Ap -0.6320219781867455
miniFE.c 25 Ap 0.0624210745733218
miniFE.c 25 Ap -0.3304950145945015
miniFE.c 25 Ap -0.2321569001538826
miniFE.c 25 Ap -0.0234693498534004
miniFE.c 25 Ap -0.2484811805632529
miniFE.c 25 Ap 7.8932047033624251
miniFE.c 57 sum 0.4904451497390873
miniFE.c 57 sum 0.4933438807590010
miniFE.c 57 sum 0.7199626724639845
miniFE.c 57 sum 1.1328328758806065
miniFE.c 57 sum 1.1474067967344928
miniFE.c 57 sum 1.2931913447291941
miniFE.c 57 sum 1.6564360227762267
miniFE.c 57 sum 2.6470608686238863
miniFE.c 90 p_ap_dot 2.6470608686238863
miniFE.c 91 alpha 0.0169902500488940
miniFE.c 40 y 1.0136287516570104
miniFE.c 40 y 2.0034214752157871
miniFE.c 40 y 1.0139201633200177
miniFE.c 40 y 2.0072616646008519
miniFE.c 40 y 0.9964937123791077
miniFE.c 40 y 1.9275140973259530
miniFE.c 40 y 1.0047341890089079
miniFE.c 40 y 1.9989032132031757
miniFE.c 40 y 0.0011863832430639
miniFE.c 40 y 0.0150896274035725
miniFE.c 40 y 0.0002538142659198
miniFE.c 40 y -0.0006154009610362
miniFE.c 40 y 0.0069364527756130
miniFE.c 40 y 0.0072820553081444
miniFE.c 40 y 0.0102075124256421
miniFE.c 40 y 0.0027998240311887
miniFE.c 82 oldrtrans 0.0449742260525623
miniFE.c 48 sum 0.0000014075051994
miniFE.c 48 sum 0.0002291043603781
miniFE.c 48 sum 0.0002291687820597
miniFE.c 48 sum 0.0002295475004025
miniFE.c 48 sum 0.0002776618775108
miniFE.c 48 sum 0.0003306902070217
miniFE.c 48 sum 0.0004348835169413
miniFE.c 48 sum 0.0004427225315469
miniFE.c 83 rtrans 0.0004427225315469
miniFE.c 84 beta 0.0098439166252582
miniFE.c 40 y 0.0002651671403127
miniFE.c 40 y 0.0150438457926788
miniFE.c 40 y 0.0008072872982204
miniFE.c 40 y -0.0014346787163240
miniFE.c 40 y 0.0071912424783556
miniFE.c 40 y 0.0078816530606811
miniFE.c 40 y 0.0093793387500747
miniFE.c 40 y 0.0040352700579818
miniFE.c 87 normr 0.0210409726853808
miniFE.c 25 Ap 0.0177913123808077
miniFE.c 25 Ap 0.2447660879701391
miniFE.c 25 Ap 0.2522893702544496
miniFE.c 25 Ap 0.2326106139887792
miniFE.c 25 Ap 0.3337440053713103
miniFE.c 25 Ap 0.4602949795748304
miniFE.c 25 Ap 0.5071612092329436
miniFE.c 25 Ap 0.5330194739865047
miniFE.c 25 Ap 0.0040007224878244
miniFE.c 25 Ap 1.0034625374392523
miniFE.c 25 Ap 1.0150809920166215
miniFE.c 25 Ap 1.0065248321333493
miniFE.c 25 Ap 1.0851510728071230
miniFE.c 25 Ap 1.1612268846685312
miniFE.c 25 Ap 1.2681270539320200
miniFE.c 25 Ap 1.2961879264587599
miniFE.c 25 Ap 0.0024711490611746
miniFE.c 25 Ap 0.2189817263940345
miniFE.c 25 Ap 0.2736141596696593
miniFE.c 25 Ap 0.2598237767795781
miniFE.c 25 Ap 0.3806235623546417
miniFE.c 25 Ap 0.5081147389517704
miniFE.c 25 Ap 0.6202160329323381
miniFE.c 25 Ap 0.6700563394143814
miniFE.c 25 Ap 0.0036371624284273
miniFE.c 25 Ap 0.0933558906683379
miniFE.c 25 Ap 0.1011156774541097
miniFE.c 25 Ap 0.0072852361059182
miniFE.c 25 Ap 0.0336635189356842
miniFE.c 25 Ap 0.1210386577845582
miniFE.c 25 Ap 0.1332339835455841
miniFE.c 25 Ap 0.1522846064768778
miniFE.c 25 Ap 0.0037291542127446
miniFE.c 25 Ap 0.1682126970100357
miniFE.c 25 Ap 0.1817736543572558
miniFE.c 25 Ap 0.1765110921417633
miniFE.c 25 Ap 0.6551692524666356
miniFE.c 25 Ap 0.6905516245582166
miniFE.c 25 Ap 0.8223562830378411
miniFE.c 25 Ap 0.8376876379093937
miniFE.c 25 Ap 0.0042576296717163
miniFE.c 25 Ap 0.1494648309256331
miniFE.c 25 Ap 0.1625232600025840
miniFE.c 25 Ap 0.1466185695680755
miniFE.c 25 Ap 0.1789015456406068
miniFE.c 25 Ap 0.7027419810589814
miniFE.c 25 Ap 0.7741397492865112
miniFE.c 25 Ap 0.7879651292666148
miniFE.c 25 Ap 0.0013249744386916
miniFE.c 25 Ap 0.1727858529146271
miniFE.c 25 Ap 0.1824345022657196
miniFE.c 25 Ap 0.1805690856543575
miniFE.c 25 Ap 0.2816251711802463
miniFE.c 25 Ap 0.3416221979932324
miniFE.c 25 Ap 0.9574526975133859
miniFE.c 25 Ap 0.9682452572938516
miniFE.c 25 Ap 0.0016992077406534
miniFE.c 25 Ap 0.1063126370860543
miniFE.c 25 Ap 0.1162835797452152
miniFE.c 25 Ap 0.1095104213544458
miniFE.c 25 Ap 0.1368323821696765
miniFE.c 25 Ap 0.1638359895787331
miniFE.c 25 Ap 0.1889215656881166
miniFE.c 25 Ap 0.4506983312381234
miniFE.c 57 sum 0.0001413392496480
miniFE.c 57 sum 0.0196409905336257
miniFE.c 57 sum 0.0201819185055270
miniFE.c 57 sum 0.0199634390217908
miniFE.c 57 sum 0.0259874539471182
miniFE.c 57 sum 0.0321979217199124
miniFE.c 57 sum 0.0412794219812247
miniFE.c 57 sum 0.0430981114624522
miniFE.c 90 p_ap_dot 0.0430981114624522
miniFE.c 91 alpha 0.0102724346038375
miniFE.c 40 y 1.0136314755691183
miniFE.c 40 y 2.0035760121378825
miniFE.c 40 y 1.0139284561259951
miniFE.c 40 y 2.0072469269575608
miniFE.c 40 y 0.9965675839471869
miniFE.c 40 y 1.9275950610915891
miniFE.c 40 y 1.0048305376528452
miniFE.c 40 y 1.9989446652509550
miniFE.c 40 y -0.0042890244460343
miniFE.c 40 y 0.0017746216947411
miniFE.c 40 y -0.0066292956616011
miniFE.c 40 y -0.0021797346222411
miniFE.c 40 y -0.0016686387032543
miniFE.c 40 y -0.0008122649523513
miniFE.c 40 y 0.0002612763396152
miniFE.c 40 y -0.0018299451025136
