filename line variable value
miniFE.c 167 A 67.0947100000000063
miniFE.c 167 A 15.0875500000000002
miniFE.c 167 A 9.3192129999999995
miniFE.c 167 A 13.7164900000000003
miniFE.c 167 A 14.0634099999999993
miniFE.c 167 A 16.0564000000000000
miniFE.c 167 A 4.9967519999999999
miniFE.c 167 A 6.4080630000000003
miniFE.c 167 A 15.0875500000000002
miniFE.c 167 A 66.4365899999999954
miniFE.c 167 A 14.3919700000000006
miniFE.c 167 A 5.9638159999999996
miniFE.c 167 A 10.9336099999999998
miniFE.c 167 A 9.6522659999999991
miniFE.c 167 A 11.3974100000000007
miniFE.c 167 A 6.9539020000000002
miniFE.c 167 A 9.3192129999999995
miniFE.c 167 A 14.3919700000000006
miniFE.c 167 A 67.6740900000000067
miniFE.c 167 A 9.6121750000000006
miniFE.c 167 A 16.7981799999999986
miniFE.c 167 A 16.1756899999999995
miniFE.c 167 A 11.9519400000000005
miniFE.c 167 A 12.3511699999999998
miniFE.c 167 A 13.7164900000000003
miniFE.c 167 A 5.9638159999999996
miniFE.c 167 A 9.6121750000000006
miniFE.c 167 A 65.4017099999999942
miniFE.c 167 A 3.6681119999999998
miniFE.c 167 A 11.0858899999999991
miniFE.c 167 A 1.3002330000000000
miniFE.c 167 A 4.7210279999999996
miniFE.c 167 A 14.0634099999999993
miniFE.c 167 A 10.9336099999999998
miniFE.c 167 A 16.7981799999999986
miniFE.c 167 A 3.6681119999999998
miniFE.c 167 A 66.5612600000000043
miniFE.c 167 A 4.4892070000000004
miniFE.c 167 A 14.0526599999999995
miniFE.c 167 A 3.7993380000000001
miniFE.c 167 A 16.0564000000000000
miniFE.c 167 A 9.6522659999999991
miniFE.c 167 A 16.1756899999999995
miniFE.c 167 A 11.0858899999999991
miniFE.c 167 A 4.4892070000000004
miniFE.c 167 A 66.4632699999999943
miniFE.c 167 A 7.6122389999999998
miniFE.c 167 A 3.4261349999999999
miniFE.c 167 A 4.9967519999999999
miniFE.c 167 A 11.3974100000000007
miniFE.c 167 A 11.9519400000000005
miniFE.c 167 A 1.3002330000000000
miniFE.c 167 A 14.0526599999999995
miniFE.c 167 A 7.6122389999999998
miniFE.c 167 A 65.6581999999999937
miniFE.c 167 A 2.6745570000000001
miniFE.c 167 A 6.4080630000000003
miniFE.c 167 A 6.9539020000000002
miniFE.c 167 A 12.3511699999999998
miniFE.c 167 A 4.7210279999999996
miniFE.c 167 A 3.7993380000000001
miniFE.c 167 A 3.4261349999999999
miniFE.c 167 A 2.6745570000000001
miniFE.c 167 A 64.8721800000000002
miniFE.c 175 b 198.0110999999999990
miniFE.c 175 b 229.8237000000000023
miniFE.c 175 b 210.8053999999999917
miniFE.c 175 b 202.6418999999999926
miniFE.c 175 b 157.2561000000000035
miniFE.c 175 b 225.5886000000000138
miniFE.c 175 b 142.6283999999999992
miniFE.c 175 b 185.1795999999999935
miniFE.c 33 r 0.0000000000000000
miniFE.c 33 r 0.0000000000000000
miniFE.c 33 r 0.0000000000000000
miniFE.c 33 r 0.0000000000000000
miniFE.c 33 r 0.0000000000000000
miniFE.c 33 r 0.0000000000000000
miniFE.c 33 r 0.0000000000000000
miniFE.c 33 r 0.0000000000000000
miniFE.c 25 Ap 0.0000000000000000
miniFE.c 25 Ap 0.0000000000000000
miniFE.c 25 Ap 0.0000000000000000
miniFE.c 25 Ap 0.0000000000000000
miniFE.c 25 Ap 0.0000000000000000
miniFE.c 25 Ap 0.0000000000000000
miniFE.c 25 Ap 0.0000000000000000
miniFE.c 25 Ap 0.0000000000000000
miniFE.c 25 Ap 0.0000000000000000
miniFE.c 25 Ap 0.0000000000000000
miniFE.c 25 Ap 0.0000000000000000
miniFE.c 25 Ap 0.0000000000000000
miniFE.c 25 Ap 0.0000000000000000
miniFE.c 25 Ap 0.0000000000000000
miniFE.c 25 Ap 0.0000000000000000
miniFE.c 25 Ap 0.0000000000000000
miniFE.c 25 Ap 0.0000000000000000
miniFE.c 25 Ap 0.0000000000000000
miniFE.c 25 Ap 0.0000000000000000
miniFE.c 25 Ap 0.0000000000000000
miniFE.c 25 Ap 0.0000000000000000
miniFE.c 25 Ap 0.0000000000000000
miniFE.c 25 Ap 0.0000000000000000
miniFE.c 25 Ap 0.0000000000000000
miniFE.c 25 Ap 0.0000000000000000
miniFE.c 25 Ap 0.0000000000000000
miniFE.c 25 Ap 0.0000000000000000
miniFE.c 25 Ap 0.0000000000000000
miniFE.c 25 Ap 0.0000000000000000
miniFE.c 25 Ap 0.0000000000000000
miniFE.c 25 Ap 0.0000000000000000
miniFE.c 25 Ap 0.0000000000000000
miniFE.c 25 Ap 0.0000000000000000
miniFE.c 25 Ap 0.0000000000000000
miniFE.c 25 Ap 0.0000000000000000
miniFE.c 25 Ap 0.0000000000000000
miniFE.c 25 Ap 0.0000000000000000
miniFE.c 25 Ap 0.0000000000000000
miniFE.c 25 Ap 0.0000000000000000
miniFE.c 25 Ap 0.0000000000000000
miniFE.c 25 Ap 0.0000000000000000
miniFE.c 25 Ap 0.0000000000000000
miniFE.c 25 Ap 0.0000000000000000
miniFE.c 25 Ap 0.0000000000000000
miniFE.c 25 Ap 0.0000000000000000
miniFE.c 25 Ap 0.0000000000000000
miniFE.c 25 Ap 0.0000000000000000
miniFE.c 25 Ap 0.0000000000000000
miniFE.c 25 Ap 0.0000000000000000
miniFE.c 25 Ap 0.0000000000000000
miniFE.c 25 Ap 0.0000000000000000
miniFE.c 25 Ap 0.0000000000000000
miniFE.c 25 Ap 0.0000000000000000
miniFE.c 25 Ap 0.0000000000000000
miniFE.c 25 Ap 0.0000000000000000
miniFE.c 25 Ap 0.0000000000000000
miniFE.c 25 Ap 0.0000000000000000
miniFE.c 25 Ap 0.0000000000000000
miniFE.c 25 Ap 0.0000000000000000
miniFE.c 25 Ap 0.0000000000000000
miniFE.c 25 Ap 0.0000000000000000
miniFE.c 25 Ap 0.0000000000000000
miniFE.c 25 Ap 0.0000000000000000
miniFE.c 25 Ap 0.0000000000000000
miniFE.c 33 r 198.0110999999999990
miniFE.c 33 r 229.8237000000000023
miniFE.c 33 r 210.8053999999999917
miniFE.c 33 r 202.6418999999999926
miniFE.c 33 r 157.2561000000000035
miniFE.c 33 r 225.5886000000000138
miniFE.c 33 r 142.6283999999999992
miniFE.c 33 r 185.1795999999999935
miniFE.c 48 sum 39208.3957232100001420
miniFE.c 48 sum 92027.3288048999966122
miniFE.c 48 sum 136466.2454740600078367
miniFE.c 48 sum 177529.9851096700003836
miniFE.c 48 sum 202259.4660968800017145
miniFE.c 48 sum 253149.6825468399911188
miniFE.c 48 sum 273492.5430333999684080
miniFE.c 48 sum 307784.0272895599482581
miniFE.c 75 rtrans 307784.0272895599482581
miniFE.c 76 normr 554.7828649927464539
miniFE.c 33 r 198.0110999999963610
miniFE.c 33 r 229.8237000000000023
miniFE.c 33 r 210.8053999999999917
miniFE.c 33 r 202.6418999999999926
miniFE.c 33 r 157.2561000000000035
miniFE.c 33 r 225.5886000000000138
miniFE.c 33 r 142.6283999999999992
miniFE.c 33 r 185.1795999999999935
miniFE.c 87 normr 554.7828649927464539
miniFE.c 25 Ap 13285.4973312807578623
miniFE.c 25 Ap 16752.9738962157571223
miniFE.c 25 Ap 18717.5143203659572464
miniFE.c 25 Ap 21497.0499152969568968
miniFE.c 25 Ap 23708.6069245979560947
miniFE.c 25 Ap 27330.7477216379556921
miniFE.c 25 Ap 28043.4264645947550889
miniFE.c 25 Ap 29230.0690077095568995
miniFE.c 25 Ap 2987.5023718049451418
miniFE.c 25 Ap 18256.2053009879455203
miniFE.c 25 Ap 21290.1102936259449052
miniFE.c 25 Ap 22498.6292991163463739
miniFE.c 25 Ap 24218.0061666373476328
miniFE.c 25 Ap 26395.4473404049495002
miniFE.c 25 Ap 28021.0416928489503334
miniFE.c 25 Ap 29308.7624836481518287
miniFE.c 25 Ap 1845.3076172642659003
miniFE.c 25 Ap 5152.9234129532660518
miniFE.c 25 Ap 19418.9870250392668822
miniFE.c 25 Ap 21366.8164301717661147
miniFE.c 25 Ap 24008.4327040697644406
miniFE.c 25 Ap 27657.4839652037626365
miniFE.c 25 Ap 29362.1700442997607752
miniFE.c 25 Ap 31649.3547644317586673
miniFE.c 25 Ap 2716.0172730389499520
miniFE.c 25 Ap 4086.6435322781499053
miniFE.c 25 Ap 6112.9419280231504672
miniFE.c 25 Ap 19366.0687056721508270
miniFE.c 25 Ap 19942.9016931553524046
miniFE.c 25 Ap 22443.7520980093540857
miniFE.c 25 Ap 22629.2022504265551106
miniFE.c 25 Ap 23503.4403270553557377
miniFE.c 25 Ap 2784.7112838509488029
miniFE.c 25 Ap 5297.5139884079490002
miniFE.c 25 Ap 8838.6610425799481163
miniFE.c 25 Ap 9581.9742276727483841
miniFE.c 25 Ap 20049.1383863587470842
miniFE.c 25 Ap 21061.8523085989472747
miniFE.c 25 Ap 23066.1607201429469569
miniFE.c 25 Ap 23769.7206112477470015
miniFE.c 25 Ap 3179.3454260399416853
miniFE.c 25 Ap 5397.6649115441414324
miniFE.c 25 Ap 8807.5877122701422195
miniFE.c 25 Ap 11054.0535250611428637
miniFE.c 25 Ap 11760.0087099738429970
miniFE.c 25 Ap 26753.3647406958407373
miniFE.c 25 Ap 27839.0862096834389376
miniFE.c 25 Ap 28473.5365185294394905
miniFE.c 25 Ap 989.4123599471818125
miniFE.c 25 Ap 3608.8072965641817973
miniFE.c 25 Ap 6128.3407890401813347
miniFE.c 25 Ap 6391.8224746028809022
miniFE.c 25 Ap 8601.6889808288815402
miniFE.c 25 Ap 10318.9233197042813117
miniFE.c 25 Ap 19683.6473325842816848
miniFE.c 25 Ap 20178.9207280214832281
miniFE.c 25 Ap 1268.8676034992768109
miniFE.c 25 Ap 2867.0390905766771539
miniFE.c 25 Ap 5470.7324228946763469
miniFE.c 25 Ap 6427.4105067678765408
miniFE.c 25 Ap 7024.8795832296764274
miniFE.c 25 Ap 7797.7765812906764040
miniFE.c 25 Ap 8179.2443669094764118
miniFE.c 25 Ap 20192.2487104374777118
miniFE.c 57 sum 5787878.1172923715785146
miniFE.c 57 sum 12523726.3537055794149637
miniFE.c 57 sum 19195581.2445635199546814
miniFE.c 57 sum 23958363.0489746406674385
miniFE.c 57 sum 27696296.6103890761733055
miniFE.c 57 sum 34119601.8506530076265335
miniFE.c 57 sum 36997689.0278175473213196
miniFE.c 57 sum 40736881.5671168714761734
miniFE.c 90 p_ap_dot 40736881.5671168714761734
miniFE.c 91 alpha 0.0075554145395853
miniFE.c 40 y 1.4960559439392549
miniFE.c 40 y 1.7364133245212943
miniFE.c 40 y 1.5927221841830987
miniFE.c 40 y 1.5310435575891941
miniFE.c 40 y 1.1881350243784827
miniFE.c 40 y 1.7044153884046966
miniFE.c 40 y 1.0776166871177906
miniFE.c 40 y 1.3991086422745933
miniFE.c 40 y -22.8341883739309708
miniFE.c 40 y 8.3838497937920522
miniFE.c 40 y -28.3185951556815780
miniFE.c 40 y 25.0636652226900480
miniFE.c 40 y -22.3339927081020448
miniFE.c 40 y 10.4592281944891567
miniFE.c 40 y -9.8317110616330581
miniFE.c 40 y 32.6187905062377865
miniFE.c 82 oldrtrans 307784.0272895599482581
miniFE.c 48 sum 521.4001586961643397
miniFE.c 48 sum 591.6890960610313641
miniFE.c 48 sum 1393.6319276524236557
miniFE.c 48 sum 2021.8192420475061226
miniFE.c 48 sum 2520.6264723330614288
miniFE.c 48 sum 2630.0219267574584592
miniFE.c 48 sum 2726.6844691568962844
miniFE.c 48 sum 3790.6699632467243646
miniFE.c 83 rtrans 3790.6699632467243646
miniFE.c 84 beta 0.0123160061184088
miniFE.c 40 y -20.3954824548181577
miniFE.c 40 y 11.2143598891474028
miniFE.c 40 y -25.7223145594879625
miniFE.c 40 y 27.5594041029360355
miniFE.c 40 y -20.3972256183449367
miniFE.c 40 y 13.2375787723324336
miniFE.c 40 y -8.0750988145741989
miniFE.c 40 y 34.8994635928422809
miniFE.c 87 normr 61.5684169298409358
miniFE.c 25 Ap -1368.4289806161125398
miniFE.c 25 Ap -1199.2317650706065706
miniFE.c 25 Ap -1438.9434933034760888
miniFE.c 25 Ap -1060.9252025195949045
miniFE.c 25 Ap -1347.7797492528832208
miniFE.c 25 Ap -1135.2318894528048077
miniFE.c 25 Ap -1175.5811556047260638
miniFE.c 25 Ap -951.9431942355863612
miniFE.c 25 Ap -307.7178613111917116
miniFE.c 25 Ap 437.3259687565396803
miniFE.c 25 Ap 67.1311892858257124
miniFE.c 25 Ap 231.4904044253812856
miniFE.c 25 Ap 8.4750944323889144
miniFE.c 25 Ap 136.2477259388949733
miniFE.c 25 Ap 44.2125139586788407
miniFE.c 25 Ap 286.8999636358719840
miniFE.c 25 Ap -190.0698452342132896
miniFE.c 25 Ap -28.6731141404005427
miniFE.c 25 Ap -1769.4073446474992579
miniFE.c 25 Ap -1504.5015295143600724
miniFE.c 25 Ap -1847.1377969519296585
miniFE.c 25 Ap -1633.0108263800996156
miniFE.c 25 Ap -1729.5239229059616264
miniFE.c 25 Ap -1298.4747151619558281
miniFE.c 25 Ap -279.7544311366887086
miniFE.c 25 Ap -212.8740522000331907
miniFE.c 25 Ap -460.1214411508793773
miniFE.c 25 Ap 1342.3107137621532274
miniFE.c 25 Ap 1267.4914057047947153
miniFE.c 25 Ap 1414.2417478412071432
miniFE.c 25 Ap 1403.7422378842368289
miniFE.c 25 Ap 1568.5035826910257128
miniFE.c 25 Ap -286.8300319099142257
miniFE.c 25 Ap -164.2165944823332779
miniFE.c 25 Ap -596.3046644692327618
miniFE.c 25 Ap -495.2136835664038585
miniFE.c 25 Ap -1852.8787212277220533
miniFE.c 25 Ap -1793.4524899399159494
miniFE.c 25 Ap -1906.9291080475302351
miniFE.c 25 Ap -1774.3342498396280007
miniFE.c 25 Ap -327.4780244875422568
miniFE.c 25 Ap -219.2340398177610155
miniFE.c 25 Ap -635.3102262145248460
miniFE.c 25 Ap -329.7897038638272988
miniFE.c 25 Ap -421.3570718902807357
miniFE.c 25 Ap 458.4557002015183116
miniFE.c 25 Ap 396.9861180763627999
miniFE.c 25 Ap 516.5563917730254389
miniFE.c 25 Ap -101.9111677470775419
miniFE.c 25 Ap 25.9034897970899607
miniFE.c 25 Ap -281.5280704790366144
miniFE.c 25 Ap -245.6944238040637742
miniFE.c 25 Ap -532.3297003619549059
miniFE.c 25 Ap -431.5620869656338527
miniFE.c 25 Ap -961.7585399527094978
miniFE.c 25 Ap -868.4179353042279672
miniFE.c 25 Ap -130.6955364858694111
miniFE.c 25 Ap -52.7119768240075075
miniFE.c 25 Ap -370.4126567417184788
miniFE.c 25 Ap -240.3039383084425822
miniFE.c 25 Ap -317.7998926947939822
miniFE.c 25 Ap -272.4461607476488325
miniFE.c 25 Ap -294.0434728078599846
miniFE.c 25 Ap 1969.9608112904511472
miniFE.c 57 sum 19415.3407160154565645
miniFE.c 57 sum 22632.7401604114274960
miniFE.c 57 sum 56032.5152313487924403
miniFE.c 57 sum 99259.5393036337191006
miniFE.c 57 sum 135451.0353199694072828
miniFE.c 57 sum 142288.9912464166409336
miniFE.c 57 sum 149301.5518863467732444
miniFE.c 57 sum 218052.1274993038969114
miniFE.c 90 p_ap_dot 218052.1274993038969114
miniFE.c 91 alpha 0.0173842374606449
miniFE.c 40 y 1.1414960338202786
miniFE.c 40 y 1.9313664198033647
miniFE.c 40 y 1.1455593598435554
miniFE.c 40 y 2.0101427827885066
miniFE.c 40 y 0.8335448106908241
miniFE.c 40 y 1.9345406011869164
miniFE.c 40 y 0.9372372518070603
miniFE.c 40 y 2.0058092046216962
miniFE.c 40 y -6.2853818362946932
miniFE.c 40 y 3.3963126984956569
miniFE.c 40 y -5.7456023706628443
miniFE.c 40 y -2.2035735166830719
miniFE.c 40 y 8.5114552256653475
miniFE.c 40 y 1.4792892180929460
miniFE.c 40 y 5.2650725407786325
miniFE.c 40 y -1.6274760254001635
miniFE.c 82 oldrtrans 3790.6699632467243646
miniFE.c 48 sum 39.5060248280232500
miniFE.c 48 sum 51.0409647739861043
miniFE.c 48 sum 84.0529113757526005
miniFE.c 48 sum 88.9086476191796038
miniFE.c 48 sum 161.3535176776855451
miniFE.c 48 sum 163.5418142684515885
miniFE.c 48 sum 191.2628031281127505
miniFE.c 48 sum 193.9114813413650609
miniFE.c 83 rtrans 193.9114813413650609
miniFE.c 84 beta 0.0511549365208463
miniFE.c 40 y -7.3287114465829513
miniFE.c 40 y 3.9699825667469177
miniFE.c 40 y -7.0614257391226918
miniFE.c 40 y -0.7937739492450271
miniFE.c 40 y 7.4680364439575317
miniFE.c 40 y 2.1564567198813145
miniFE.c 40 y 4.8519913735195281
miniFE.c 40 y 0.1578038193032709
miniFE.c 87 normr 13.9252102799693862
miniFE.c 25 Ap -491.7177691821636358
miniFE.c 25 Ap -431.8204587072411869
miniFE.c 25 Ap -497.6273892538079622
miniFE.c 25 Ap -508.5151816908878573
miniFE.c 25 Ap -403.4891232845710647
miniFE.c 25 Ap -368.8641916074687401
miniFE.c 25 Ap -344.6199940078523127
miniFE.c 25 Ap -343.6087771921163494
miniFE.c 25 Ap -110.5723003858926035
miniFE.c 25 Ap 153.1798037082199926
miniFE.c 25 Ap 51.5519763135383755
miniFE.c 25 Ap 46.8180545346476933
miniFE.c 25 Ap 128.4706524786662101
miniFE.c 25 Ap 149.2853463564481444
miniFE.c 25 Ap 204.5854813569133626
miniFE.c 25 Ap 205.6828336515740148
miniFE.c 25 Ap -68.2978229862446398
miniFE.c 25 Ap -11.1619529851000010
miniFE.c 25 Ap -489.0375139828056490
miniFE.c 25 Ap -496.6674080933899518
miniFE.c 25 Ap -371.2179876612314047
miniFE.c 25 Ap -336.3358122620144286
miniFE.c 25 Ap -278.3451024851914326
miniFE.c 25 Ap -276.3960406863274670
miniFE.c 25 Ap -100.5241972699405864
miniFE.c 25 Ap -76.8479517186542580
miniFE.c 25 Ap -144.7236116726059265
miniFE.c 25 Ap -196.6377853066838952
miniFE.c 25 Ap -169.2441912101659511
miniFE.c 25 Ap -145.3379492238008766
miniFE.c 25 Ap -139.0292299242354659
miniFE.c 25 Ap -138.2842336747977754
miniFE.c 25 Ap -103.0666738449891398
miniFE.c 25 Ap -59.6604327533793750
miniFE.c 25 Ap -178.2795333757953813
miniFE.c 25 Ap -181.1911851243084470
miniFE.c 25 Ap 315.8907303114243064
miniFE.c 25 Ap 325.5715109135125545
miniFE.c 25 Ap 393.7548960085155159
miniFE.c 25 Ap 394.3544460557395723
miniFE.c 25 Ap -117.6727224709144934
miniFE.c 25 Ap -79.3533947213104938
miniFE.c 25 Ap -193.5768284353800368
miniFE.c 25 Ap -202.3765191215759955
miniFE.c 25 Ap -168.8509576411067314
miniFE.c 25 Ap -25.5257924243205707
miniFE.c 25 Ap 11.4087255368483440
miniFE.c 25 Ap 11.9493827252969567
miniFE.c 25 Ap -36.6197535781362546
miniFE.c 25 Ap 8.6277654279307328
miniFE.c 25 Ap -75.7699713205193461
miniFE.c 25 Ap -76.8020624038680495
miniFE.c 25 Ap 28.1437146106761986
miniFE.c 25 Ap 44.5591785555688205
miniFE.c 25 Ap 363.1321985563886301
miniFE.c 25 Ap 363.5542538659329352
miniFE.c 25 Ap -46.9628446585246877
miniFE.c 25 Ap -19.3559749476581615
miniFE.c 25 Ap -106.5728446939381797
miniFE.c 25 Ap -110.3202737339945259
miniFE.c 25 Ap -81.9466790870818045
miniFE.c 25 Ap -74.5583672431112348
miniFE.c 25 Ap -61.5814397511249680
miniFE.c 25 Ap -51.3443619805956999
miniFE.c 57 sum 2518.2095785542342128
miniFE.c 57 sum 3334.7668424300891274
miniFE.c 57 sum 5286.5169583241249711
miniFE.c 57 sum 5396.2833806064909368
miniFE.c 57 sum 8341.3367555874392565
miniFE.c 57 sum 8367.1050822638389945
miniFE.c 57 sum 10131.0671858276746207
miniFE.c 57 sum 10122.9648494074463088
miniFE.c 90 p_ap_dot 10122.9648494074463088
miniFE.c 91 alpha 0.0191556015679256
miniFE.c 40 y 1.0011101573432399
miniFE.c 40 y 2.0074138240835793
miniFE.c 40 y 1.0102935018834265
miniFE.c 40 y 1.9949375652817700
miniFE.c 40 y 0.9765995413060226
miniFE.c 40 y 1.9758488269114387
miniFE.c 40 y 1.0301800653692124
miniFE.c 40 y 2.0088320317101664
miniFE.c 40 y 0.2966509948396103
miniFE.c 40 y -0.5436657122958155
miniFE.c 40 y -0.4510699403234009
miniFE.c 40 y 0.4453441667172751
miniFE.c 40 y 0.9573585804815901
miniFE.c 40 y 1.2503916036245044
miniFE.c 40 y -1.6990278946016550
miniFE.c 40 y -0.6439438845405248
miniFE.c 82 oldrtrans 193.9114813413650609
miniFE.c 48 sum 0.0880018127393305
miniFE.c 48 sum 0.3835742194654470
miniFE.c 48 sum 0.5870383105288034
miniFE.c 48 sum 0.7853697373579075
miniFE.c 48 sum 1.7019051889796326
miniFE.c 48 sum 3.2653843513942924
miniFE.c 48 sum 6.1520801380288255
miniFE.c 48 sum 6.5667438644659661
miniFE.c 83 rtrans 6.5667438644659661
miniFE.c 84 beta 0.0338646469979040
miniFE.c 40 y 0.0484667687515807
miniFE.c 40 y -0.4092236540850985
miniFE.c 40 y -0.6902026302807038
miniFE.c 40 y 0.4184632921299601
miniFE.c 40 y 1.2102609984236938
miniFE.c 40 y 1.3234192492095429
miniFE.c 40 y -1.5347169195005410
miniFE.c 40 y -0.6385999139048985
miniFE.c 87 normr 2.5625658751466207
miniFE.c 25 Ap 3.2518637940243664
miniFE.c 25 Ap -2.9223185481672616
miniFE.c 25 Ap -9.3544638729133904
miniFE.c 25 Ap -3.6146163110457143
miniFE.c 25 Ap 13.4057803167960436
miniFE.c 25 Ap 34.6551291498041536
miniFE.c 25 Ap 26.9865293128559856
miniFE.c 25 Ap 22.8943408327588216
miniFE.c 25 Ap 0.7312447968779107
miniFE.c 25 Ap -26.4561793278756028
miniFE.c 25 Ap -36.3895548767965806
miniFE.c 25 Ap -33.8939167997792481
miniFE.c 25 Ap -20.6613950448039674
miniFE.c 25 Ap -7.8874004219131706
miniFE.c 25 Ap -25.3791983873978317
miniFE.c 25 Ap -29.8199596059009338
miniFE.c 25 Ap 0.4516721414177242
miniFE.c 25 Ap -5.4378624114653906
miniFE.c 25 Ap -52.1466973313184710
miniFE.c 25 Ap -48.1243549362891727
miniFE.c 25 Ap -27.7941728377882491
miniFE.c 25 Ap -6.3869533225419381
miniFE.c 25 Ap -24.7297978613972340
miniFE.c 25 Ap -32.6172539600219977
miniFE.c 25 Ap 0.6647939489133685
miniFE.c 25 Ap -1.7757406268978071
miniFE.c 25 Ap -8.4100890946162323
miniFE.c 25 Ap 18.9581257829126955
miniFE.c 25 Ap 23.3974986743626268
miniFE.c 25 Ap 38.0687788949822021
miniFE.c 25 Ap 36.0732893105892529
miniFE.c 25 Ap 33.0584412362466367
miniFE.c 25 Ap 0.6816080403286668
miniFE.c 25 Ap -3.7926837962127062
miniFE.c 25 Ap -15.3868318161414184
miniFE.c 25 Ap -13.8518615927200059
miniFE.c 25 Ap 66.7046353912190852
miniFE.c 25 Ap 72.6457383487053079
miniFE.c 25 Ap 51.0788832827168378
miniFE.c 25 Ap 48.6526263630212270
miniFE.c 25 Ap 0.7782018257828796
miniFE.c 25 Ap -3.1717337369384770
miniFE.c 25 Ap -14.3362375215437545
miniFE.c 25 Ap -9.6971994959531518
miniFE.c 25 Ap -4.2640873500025158
miniFE.c 25 Ap 83.6946835334086217
miniFE.c 25 Ap 72.0120515448267469
miniFE.c 25 Ap 69.8241220288001898
miniFE.c 25 Ap 0.2421764236929981
miniFE.c 25 Ap -4.4219133436130447
miniFE.c 25 Ap -12.6711737685701991
miniFE.c 25 Ap -12.1270739868541853
miniFE.c 25 Ap 4.8803123352545192
miniFE.c 25 Ap 14.9544959574381213
miniFE.c 25 Ap -85.8122544865122876
miniFE.c 25 Ap -87.5202263564460310
miniFE.c 25 Ap 0.3105781075665602
miniFE.c 25 Ap -2.5351230790231143
miniFE.c 25 Ap -11.0599331000672336
miniFE.c 25 Ap -9.0843561809495128
miniFE.c 25 Ap -4.4861655797204323
miniFE.c 25 Ap 0.0480474296701052
miniFE.c 25 Ap -4.0566404503985032
miniFE.c 25 Ap -45.4840090132215806
miniFE.c 57 sum 1.1096147228611921
miniFE.c 57 sum 13.3126475574580052
miniFE.c 57 sum 35.8251620331988931
miniFE.c 57 sum 49.6589061856034846
miniFE.c 57 sum 108.5412823436484757
miniFE.c 57 sum 200.9478694957187486
miniFE.c 57 sum 335.2666416834736651
miniFE.c 57 sum 364.3127259233665995
miniFE.c 90 p_ap_dot 364.3127259233665995
miniFE.c 91 alpha 0.0180250191585327
miniFE.c 40 y 1.0019837717785394
miniFE.c 40 y 2.0000375598785705
miniFE.c 40 y 0.9978525862493471
miniFE.c 40 y 2.0024803741395552
miniFE.c 40 y 0.9984145189894346
miniFE.c 40 y 1.9997034842332118
miniFE.c 40 y 1.0025167634922907
miniFE.c 40 y 1.9973212560273932
miniFE.c 40 y -0.1160199372928456
miniFE.c 40 y -0.0061603690927791
miniFE.c 40 y 0.1368566872047231
miniFE.c 40 y -0.1505348699172989
miniFE.c 40 y 0.0803940581751980
miniFE.c 40 y -0.0081895336723461
miniFE.c 40 y -0.1214741377675943
miniFE.c 40 y 0.1759062493296696
miniFE.c 82 oldrtrans 6.5667438644659661
miniFE.c 48 sum 0.0134606258494358
miniFE.c 48 sum 0.0134985759967951
miniFE.c 48 sum 0.0322283288294465
miniFE.c 48 sum 0.0548890758904646
miniFE.c 48 sum 0.0613522804803417
miniFE.c 48 sum 0.0614193489421122
miniFE.c 48 sum 0.0761753150884927
miniFE.c 48 sum 0.1071183236417246
miniFE.c 83 rtrans 0.1071183236417246
miniFE.c 84 beta 0.0163122433054477
miniFE.c 40 y -0.1152293355687409
miniFE.c 40 y -0.0128357249045595
miniFE.c 40 y 0.1255979339695243
miniFE.c 40 y -0.1437087948816764
miniFE.c 40 y 0.1001361300445793
miniFE.c 40 y 0.0133984031158729
miniFE.c 40 y -0.1465088135634743
miniFE.c 40 y 0.1654892521592150
miniFE.c 87 normr 0.3272893576664609
miniFE.c 25 Ap -7.7312788534773595
miniFE.c 25 Ap -7.9249384947611468
miniFE.c 25 Ap -6.7544645957392140
miniFE.c 25 Ap -8.7256448436457799
miniFE.c 25 Ap -7.3173893910155430
miniFE.c 25 Ap -7.1022592712258419
miniFE.c 25 Ap -7.8343274784167587
miniFE.c 25 Ap -6.7738619247576235
miniFE.c 25 Ap -1.7385283618601575
miniFE.c 25 Ap -2.5912901546971692
miniFE.c 25 Ap -0.7836884569457943
miniFE.c 25 Ap -1.6407412672018538
miniFE.c 25 Ap -0.5458918743851413
miniFE.c 25 Ap -0.4165669235355076
miniFE.c 25 Ap -2.0863879403319849
miniFE.c 25 Ap -0.9355918987635157
miniFE.c 25 Ap -1.0738467220135730
miniFE.c 25 Ap -1.2585780897682468
miniFE.c 25 Ap 7.2411477974994005
miniFE.c 25 Ap 5.8597937120576233
miniFE.c 25 Ap 7.5418984490498744
miniFE.c 25 Ap 7.7586268643472680
miniFE.c 25 Ap 6.0075623151654369
miniFE.c 25 Ap 8.0515482017567681
miniFE.c 25 Ap -1.5805420290352796
miniFE.c 25 Ap -1.6570919305926903
miniFE.c 25 Ap -0.4498226096391778
miniFE.c 25 Ap -9.8486235369400585
miniFE.c 25 Ap -9.4813129966899758
miniFE.c 25 Ap -9.3327797735717528
miniFE.c 25 Ap -9.5232753677578295
miniFE.c 25 Ap -8.7419959746151150
miniFE.c 25 Ap -1.6205173901307870
miniFE.c 25 Ap -1.7608582003045283
miniFE.c 25 Ap 0.3489585021436556
miniFE.c 25 Ap -0.1781814528673600
miniFE.c 25 Ap 6.4870055344236937
miniFE.c 25 Ap 6.5471537394802919
miniFE.c 25 Ap 4.4883151954693989
miniFE.c 25 Ap 5.1170647997894863
miniFE.c 25 Ap -1.8501683036259322
miniFE.c 25 Ap -1.9740621347075655
miniFE.c 25 Ap 0.0575711098239293
miniFE.c 25 Ap -1.5355687822668977
miniFE.c 25 Ap -1.0860369663178622
miniFE.c 25 Ap -0.1955352824587624
miniFE.c 25 Ap -1.3107953869103703
miniFE.c 25 Ap -0.7438068679638584
miniFE.c 25 Ap -0.5757724129617774
miniFE.c 25 Ap -0.7220664323462535
miniFE.c 25 Ap 0.7790725385814631
miniFE.c 25 Ap 0.5922176210860763
miniFE.c 25 Ap 1.9993966103183338
miniFE.c 25 Ap 2.1013884570547030
miniFE.c 25 Ap -7.5181165256586020
miniFE.c 25 Ap -7.0755060878714087
miniFE.c 25 Ap -0.7383968417726329
miniFE.c 25 Ap -0.8276552148578993
miniFE.c 25 Ap 0.7236262192484704
miniFE.c 25 Ap 0.0451729747658196
miniFE.c 25 Ap 0.4256239788171314
miniFE.c 25 Ap 0.4715287166765325
miniFE.c 25 Ap 0.0796825437986474
miniFE.c 25 Ap 10.8153310979366282
miniFE.c 57 sum 0.7805476088242136
miniFE.c 57 sum 0.7925566090596766
miniFE.c 57 sum 1.8038144284563655
miniFE.c 57 sum 3.0601161348287693
miniFE.c 57 sum 3.5725192010670286
miniFE.c 57 sum 3.5625533768096940
miniFE.c 57 sum 4.5991773791048738
miniFE.c 57 sum 6.3889984343567079
miniFE.c 90 p_ap_dot 6.3889984343567079
miniFE.c 91 alpha 0.0167660588341512
miniFE.c 40 y 1.0000518299589738
miniFE.c 40 y 1.9998223553596417
miniFE.c 40 y 0.9999583685997280
miniFE.c 40 y 2.0000709440295839
miniFE.c 40 y 1.0000934072371861
miniFE.c 40 y 1.9999281226481362
miniFE.c 40 y 1.0000603881043637
miniFE.c 40 y 2.0000958585655142
miniFE.c 40 y -0.0024489697279425
miniFE.c 40 y 0.0095258197266453
miniFE.c 40 y 0.0018639563480647
miniFE.c 40 y -0.0039660510789888
miniFE.c 40 y -0.0053989513162368
miniFE.c 40 y 0.0042811760371817
miniFE.c 40 y -0.0028457864169471
miniFE.c 40 y -0.0054242281691612
miniFE.c 82 oldrtrans 0.1071183236417246
miniFE.c 48 sum 0.0000059974527284
miniFE.c 48 sum 0.0000967386941929
miniFE.c 48 sum 0.0001002130274604
miniFE.c 48 sum 0.0001159425886216
miniFE.c 48 sum 0.0001450912639367
miniFE.c 48 sum 0.0001634197321980
miniFE.c 48 sum 0.0001715182325289
miniFE.c 48 sum 0.0002009404837600
miniFE.c 83 rtrans 0.0002009404837600
miniFE.c 84 beta 0.0018758740515029
miniFE.c 40 y -0.0026651254485078
miniFE.c 40 y 0.0095017415233646
miniFE.c 40 y 0.0020995622533205
miniFE.c 40 y -0.0042356306782800
miniFE.c 40 y -0.0052111085482683
miniFE.c 40 y 0.0043063097539183
miniFE.c 40 y -0.0031206184986273
miniFE.c 40 y -0.0051137911752332
miniFE.c 87 normr 0.0141753477474099
miniFE.c 25 Ap -0.1788158190812488
miniFE.c 25 Ap -0.0354578187604092
miniFE.c 25 Ap -0.0158915509149559
miniFE.c 25 Ap -0.0739895367572773
miniFE.c 25 Ap -0.1472754928260786
miniFE.c 25 Ap -0.0781316608932641
miniFE.c 25 Ap -0.0937246176175172
miniFE.c 25 Ap -0.1264941136372553
miniFE.c 25 Ap -0.0402102134606334
miniFE.c 25 Ap 0.5910530924131159
miniFE.c 25 Ap 0.6212699293760364
miniFE.c 25 Ap 0.5960094073668191
miniFE.c 25 Ap 0.5390331788323878
miniFE.c 25 Ap 0.5805988260556022
miniFE.c 25 Ap 0.5450318575731621
miniFE.c 25 Ap 0.5094710548921259
miniFE.c 25 Ap -0.0248368717263644
miniFE.c 25 Ap 0.1119119072256532
miniFE.c 25 Ap 0.2539978721174651
miniFE.c 25 Ap 0.2132842488024685
miniFE.c 25 Ap 0.1257471094091197
miniFE.c 25 Ap 0.1954046410324792
miniFE.c 25 Ap 0.1581071959739953
miniFE.c 25 Ap 0.0949458918241908
miniFE.c 25 Ap -0.0365561665632024
miniFE.c 25 Ap 0.0201104715617038
miniFE.c 25 Ap 0.0402918313640144
miniFE.c 25 Ap -0.2367256579239603
miniFE.c 25 Ap -0.2558405877231657
miniFE.c 25 Ap -0.2081013114852998
miniFE.c 25 Ap -0.2121588426376255
miniFE.c 25 Ap -0.2363011939620542
miniFE.c 25 Ap -0.0374807518837987
miniFE.c 25 Ap 0.0664075842534758
miniFE.c 25 Ap 0.1016764089059585
miniFE.c 25 Ap 0.0861396411873913
miniFE.c 25 Ap -0.2607183097821145
miniFE.c 25 Ap -0.2413863938906560
miniFE.c 25 Ap -0.2852393846415763
miniFE.c 25 Ap -0.3046684057777043
miniFE.c 25 Ap -0.0427923202514202
miniFE.c 25 Ap 0.0489210163953402
miniFE.c 25 Ap 0.0828828845407534
miniFE.c 25 Ap 0.0359271487607155
miniFE.c 25 Ap 0.0125334037880698
miniFE.c 25 Ap 0.2987448316663784
miniFE.c 25 Ap 0.2749899378270060
miniFE.c 25 Ap 0.2574693988988485
miniFE.c 25 Ap -0.0133169709150821
miniFE.c 25 Ap 0.0949782729407288
miniFE.c 25 Ap 0.1200721150186798
miniFE.c 25 Ap 0.1145648082349677
miniFE.c 25 Ap 0.0413348715830603
miniFE.c 25 Ap 0.0741155306379180
miniFE.c 25 Ap -0.1307786628686548
miniFE.c 25 Ap -0.1444557888529129
miniFE.c 25 Ap -0.0170782917769411
miniFE.c 25 Ap 0.0489958876058671
miniFE.c 25 Ap 0.0749279379222112
miniFE.c 25 Ap 0.0549314068923921
miniFE.c 25 Ap 0.0351326441628317
miniFE.c 25 Ap 0.0498866427315727
miniFE.c 25 Ap 0.0415403706817395
miniFE.c 25 Ap -0.2902024109203973
miniFE.c 57 sum 0.0003371226813411
miniFE.c 57 sum 0.0051779849585620
miniFE.c 57 sum 0.0053773297691439
miniFE.c 57 sum 0.0063782143556038
miniFE.c 57 sum 0.0079658744893392
miniFE.c 57 sum 0.0090746174731528
miniFE.c 57 sum 0.0095254088800810
miniFE.c 57 sum 0.0110094434080771
miniFE.c 90 p_ap_dot 0.0110094434080771
miniFE.c 91 alpha 0.0182516478183245
miniFE.c 40 y 1.0000031870278960
miniFE.c 40 y 1.9999957777995869
miniFE.c 40 y 0.9999966890705483
miniFE.c 40 y 1.9999936367901554
miniFE.c 40 y 0.9999982959192201
miniFE.c 40 y 2.0000067198971614
miniFE.c 40 y 1.0000034316745514
miniFE.c 40 y 2.0000025234499672
miniFE.c 40 y -0.0001402437147441
miniFE.c 40 y 0.0002271334591239
miniFE.c 40 y 0.0001310373686928
miniFE.c 40 y 0.0003468350922563
miniFE.c 40 y 0.0001617491273883
miniFE.c 40 y -0.0004180647555158
miniFE.c 40 y -0.0002092302334855
miniFE.c 40 y -0.0001275559690135
