filename line variable value
miniFE.c 167 A 67.0947100000000063
miniFE.c 167 A 15.0875500000000002
miniFE.c 167 A 9.3192129999999995
miniFE.c 167 A 13.7164900000000003
miniFE.c 167 A 14.0634099999999993
miniFE.c 167 A 16.0564000000000000
miniFE.c 167 A 4.9967519999999999
miniFE.c 167 A 6.4080630000000003
miniFE.c 167 A 15.0875500000000002
miniFE.c 167 A 66.4365899999999954
miniFE.c 167 A 14.3919700000000006
miniFE.c 167 A 5.9638159999999996
miniFE.c 167 A 10.9336099999999998
miniFE.c 167 A 9.6522659999999991
miniFE.c 167 A 11.3974100000000007
miniFE.c 167 A 6.9539020000000002
miniFE.c 167 A 9.3192129999999995
miniFE.c 167 A 14.3919700000000006
miniFE.c 167 A 67.6740900000000067
miniFE.c 167 A 9.6121750000000006
miniFE.c 167 A 16.7981799999999986
miniFE.c 167 A 16.1756899999999995
miniFE.c 167 A 11.9519400000000005
miniFE.c 167 A 12.3511699999999998
miniFE.c 167 A 13.7164900000000003
miniFE.c 167 A 5.9638159999999996
miniFE.c 167 A 9.6121750000000006
miniFE.c 167 A 65.4017099999999942
miniFE.c 167 A 3.6681119999999998
miniFE.c 167 A 11.0858899999999991
miniFE.c 167 A 1.3002330000000000
miniFE.c 167 A 4.7210279999999996
miniFE.c 167 A 14.0634099999999993
miniFE.c 167 A 10.9336099999999998
miniFE.c 167 A 16.7981799999999986
miniFE.c 167 A 3.6681119999999998
miniFE.c 167 A 66.5612600000000043
miniFE.c 167 A 4.4892070000000004
miniFE.c 167 A 14.0526599999999995
miniFE.c 167 A 3.7993380000000001
miniFE.c 167 A 16.0564000000000000
miniFE.c 167 A 9.6522659999999991
miniFE.c 167 A 16.1756899999999995
miniFE.c 167 A 11.0858899999999991
miniFE.c 167 A 4.4892070000000004
miniFE.c 167 A 66.4632699999999943
miniFE.c 167 A 7.6122389999999998
miniFE.c 167 A 3.4261349999999999
miniFE.c 167 A 4.9967519999999999
miniFE.c 167 A 11.3974100000000007
miniFE.c 167 A 11.9519400000000005
miniFE.c 167 A 1.3002330000000000
miniFE.c 167 A 14.0526599999999995
miniFE.c 167 A 7.6122389999999998
miniFE.c 167 A 65.6581999999999937
miniFE.c 167 A 2.6745570000000001
miniFE.c 167 A 6.4080630000000003
miniFE.c 167 A 6.9539020000000002
miniFE.c 167 A 12.3511699999999998
miniFE.c 167 A 4.7210279999999996
miniFE.c 167 A 3.7993380000000001
miniFE.c 167 A 3.4261349999999999
miniFE.c 167 A 2.6745570000000001
miniFE.c 167 A 64.8721800000000002
miniFE.c 175 b 198.0110999999999990
miniFE.c 175 b 229.8237000000000023
miniFE.c 175 b 210.8053999999999917
miniFE.c 175 b 202.6418999999999926
miniFE.c 175 b 157.2561000000000035
miniFE.c 175 b 225.5886000000000138
miniFE.c 175 b 142.6283999999999992
miniFE.c 175 b 185.1795999999999935
miniFE.c 33 r 0.0000000000000000
miniFE.c 33 r 0.0000000000000000
miniFE.c 33 r 0.0000000000000000
miniFE.c 33 r 0.0000000000000000
miniFE.c 33 r 0.0000000000000000
miniFE.c 33 r 0.0000000000000000
miniFE.c 33 r 0.0000000000000000
miniFE.c 33 r 0.0000000000000000
miniFE.c 25 Ap 0.0000000000000000
miniFE.c 25 Ap 0.0000000000000000
miniFE.c 25 Ap 0.0000000000000000
miniFE.c 25 Ap 0.0000000000000000
miniFE.c 25 Ap 0.0000000000000000
miniFE.c 25 Ap 0.0000000000000000
miniFE.c 25 Ap 0.0000000000000000
miniFE.c 25 Ap 0.0000000000000000
miniFE.c 25 Ap 0.0000000000000000
miniFE.c 25 Ap 0.0000000000000000
miniFE.c 25 Ap 0.0000000000000000
miniFE.c 25 Ap 0.0000000000000000
miniFE.c 25 Ap 0.0000000000000000
miniFE.c 25 Ap 0.0000000000000000
miniFE.c 25 Ap 0.0000000000000000
miniFE.c 25 Ap 0.0000000000000000
miniFE.c 25 Ap 0.0000000000000000
miniFE.c 25 Ap 0.0000000000000000
miniFE.c 25 Ap 0.0000000000000000
miniFE.c 25 Ap 0.0000000000000000
miniFE.c 25 Ap 0.0000000000000000
miniFE.c 25 Ap 0.0000000000000000
miniFE.c 25 Ap 0.0000000000000000
miniFE.c 25 Ap 0.0000000000000000
miniFE.c 25 Ap 0.0000000000000000
miniFE.c 25 Ap 0.0000000000000000
miniFE.c 25 Ap 0.0000000000000000
miniFE.c 25 Ap 0.0000000000000000
miniFE.c 25 Ap 0.0000000000000000
miniFE.c 25 Ap 0.0000000000000000
miniFE.c 25 Ap 0.0000000000000000
miniFE.c 25 Ap 0.0000000000000000
miniFE.c 25 Ap 0.0000000000000000
miniFE.c 25 Ap 0.0000000000000000
miniFE.c 25 Ap 0.0000000000000000
miniFE.c 25 Ap 0.0000000000000000
miniFE.c 25 Ap 0.0000000000000000
miniFE.c 25 Ap 0.0000000000000000
miniFE.c 25 Ap 0.0000000000000000
miniFE.c 25 Ap 0.0000000000000000
miniFE.c 25 Ap 0.0000000000000000
miniFE.c 25 Ap 0.0000000000000000
miniFE.c 25 Ap 0.0000000000000000
miniFE.c 25 Ap 0.0000000000000000
miniFE.c 25 Ap 0.0000000000000000
miniFE.c 25 Ap 0.0000000000000000
miniFE.c 25 Ap 0.0000000000000000
miniFE.c 25 Ap 0.0000000000000000
miniFE.c 25 Ap 0.0000000000000000
miniFE.c 25 Ap 0.0000000000000000
miniFE.c 25 Ap 0.0000000000000000
miniFE.c 25 Ap 0.0000000000000000
miniFE.c 25 Ap 0.0000000000000000
miniFE.c 25 Ap 0.0000000000000000
miniFE.c 25 Ap 0.0000000000000000
miniFE.c 25 Ap 0.0000000000000000
miniFE.c 25 Ap 0.0000000000000000
miniFE.c 25 Ap 0.0000000000000000
miniFE.c 25 Ap 0.0000000000000000
miniFE.c 25 Ap 0.0000000000000000
miniFE.c 25 Ap 0.0000000000000000
miniFE.c 25 Ap 0.0000000000000000
miniFE.c 25 Ap 0.0000000000000000
miniFE.c 25 Ap 0.0000000000000000
miniFE.c 33 r 198.0110999999999990
miniFE.c 33 r 229.8237000000000023
miniFE.c 33 r 210.8053999999999917
miniFE.c 33 r 202.6418999999999926
miniFE.c 33 r 157.2561000000000035
miniFE.c 33 r 225.5886000000000138
miniFE.c 33 r 142.6283999999999992
miniFE.c 33 r 185.1795999999999935
miniFE.c 48 sum 39208.3957232100001420
miniFE.c 48 sum 92027.3288048999966122
miniFE.c 48 sum 136466.2454740600078367
miniFE.c 48 sum 177529.9851096700003836
miniFE.c 48 sum 202259.4660968800017145
miniFE.c 48 sum 253149.6825468399911188
miniFE.c 48 sum 273492.5430333999684080
miniFE.c 48 sum 307784.0272895599482581
miniFE.c 75 rtrans 307784.0272895599482581
miniFE.c 76 normr 554.7828649927464539
miniFE.c 33 r 198.0110999999999990
miniFE.c 33 r 229.8237000000000023
miniFE.c 33 r 210.8053999999999917
miniFE.c 33 r 202.6418999999999926
miniFE.c 33 r 157.2561000000000035
miniFE.c 33 r 225.5886000000000138
miniFE.c 33 r 142.6283999999999992
miniFE.c 33 r 185.1795999999999935
miniFE.c 87 normr 554.7828649927464539
miniFE.c 25 Ap 13285.4973312810016068
miniFE.c 25 Ap 16752.9738962160008668
miniFE.c 25 Ap 18717.5143203662009910
miniFE.c 25 Ap 21497.0499152972006414
miniFE.c 25 Ap 23708.6069245981998392
miniFE.c 25 Ap 27330.7477216381994367
miniFE.c 25 Ap 28043.4264645949988335
miniFE.c 25 Ap 29230.0690077097970061
miniFE.c 25 Ap 2987.5023718050001662
miniFE.c 25 Ap 18256.2053009880000900
miniFE.c 25 Ap 21290.1102936259994749
miniFE.c 25 Ap 22498.6292991164009436
miniFE.c 25 Ap 24218.0061666374022025
miniFE.c 25 Ap 26395.4473404050004319
miniFE.c 25 Ap 28021.0416928490012651
miniFE.c 25 Ap 29308.7624836482027604
miniFE.c 25 Ap 1845.3076172643000064
miniFE.c 25 Ap 5152.9234129532997031
miniFE.c 25 Ap 19418.9870250392996240
miniFE.c 25 Ap 21366.8164301717988565
miniFE.c 25 Ap 24008.4327040697971825
miniFE.c 25 Ap 27657.4839652037990163
miniFE.c 25 Ap 29362.1700442997971550
miniFE.c 25 Ap 31649.3547644317950471
miniFE.c 25 Ap 2716.0172730389999742
miniFE.c 25 Ap 4086.6435322781999275
miniFE.c 25 Ap 6112.9419280231995799
miniFE.c 25 Ap 19366.0687056721981207
miniFE.c 25 Ap 19942.9016931553996983
miniFE.c 25 Ap 22443.7520980093977414
miniFE.c 25 Ap 22629.2022504265987664
miniFE.c 25 Ap 23503.4403270553993934
miniFE.c 25 Ap 2784.7112838509997346
miniFE.c 25 Ap 5297.5139884079999320
miniFE.c 25 Ap 8838.6610425799990480
miniFE.c 25 Ap 9581.9742276727993158
miniFE.c 25 Ap 20049.1383863587980159
miniFE.c 25 Ap 21061.8523085989982064
miniFE.c 25 Ap 23066.1607201429978886
miniFE.c 25 Ap 23769.7206112477979332
miniFE.c 25 Ap 3179.3454260399998930
miniFE.c 25 Ap 5397.6649115441996400
miniFE.c 25 Ap 8807.5877122702004272
miniFE.c 25 Ap 11054.0535250612010714
miniFE.c 25 Ap 11760.0087099739012046
miniFE.c 25 Ap 26753.3647406958989450
miniFE.c 25 Ap 27839.0862096834971453
miniFE.c 25 Ap 28473.5365185294976982
miniFE.c 25 Ap 989.4123599472000024
miniFE.c 25 Ap 3608.8072965641999872
miniFE.c 25 Ap 6128.3407890401995246
miniFE.c 25 Ap 6391.8224736492247757
miniFE.c 25 Ap 8601.6889798752254137
miniFE.c 25 Ap 10318.9233187506251852
miniFE.c 25 Ap 19683.6473316306219203
miniFE.c 25 Ap 20178.9207270678234636
miniFE.c 25 Ap 1268.8676034993000030
miniFE.c 25 Ap 2867.0390905766998912
miniFE.c 25 Ap 5470.7324228946999938
miniFE.c 25 Ap 6427.4105067679001877
miniFE.c 25 Ap 7024.8795832297000743
miniFE.c 25 Ap 7797.7765812907000509
miniFE.c 25 Ap 8179.2443669095000587
miniFE.c 25 Ap 20192.2487104374995397
miniFE.c 57 sum 5787878.1172925252467394
miniFE.c 57 sum 12523726.3537057451903820
miniFE.c 57 sum 19195581.2445636950433254
miniFE.c 57 sum 23958363.0489748232066631
miniFE.c 57 sum 27696296.6103892698884010
miniFE.c 57 sum 34119601.8506532162427902
miniFE.c 57 sum 36997689.0276817381381989
miniFE.c 57 sum 40736881.5669810697436333
miniFE.c 90 p_ap_dot 40736881.5669810697436333
miniFE.c 91 alpha 0.0075554145396105
miniFE.c 40 y 1.4960559439442698
miniFE.c 40 y 1.7364133245270830
miniFE.c 40 y 1.5927221841884085
miniFE.c 40 y 1.5310435575942980
miniFE.c 40 y 1.1881350243824436
miniFE.c 40 y 1.7044153884103785
miniFE.c 40 y 1.0776166871213830
miniFE.c 40 y 1.3991086422792576
miniFE.c 40 y -22.8341883746690257
miniFE.c 40 y 8.3838497930534572
miniFE.c 40 y -28.3185951564790059
miniFE.c 40 y 25.0636652220977396
miniFE.c 40 y -22.3339927087011176
miniFE.c 40 y 10.4592281937715654
miniFE.c 40 y -9.8317110549360223
miniFE.c 40 y 32.6187905057290379
miniFE.c 82 oldrtrans 307784.0272895599482581
miniFE.c 48 sum 521.4001587298700997
miniFE.c 48 sum 591.6890960823525347
miniFE.c 48 sum 1393.6319277189086279
miniFE.c 48 sum 2021.8192420843004129
miniFE.c 48 sum 2520.6264723966150996
miniFE.c 48 sum 2630.0219268060009199
miniFE.c 48 sum 2726.6844690737520978
miniFE.c 48 sum 3790.6699631303908973
miniFE.c 83 rtrans 3790.6699631303908973
miniFE.c 84 beta 0.0123160061180308
miniFE.c 40 y -20.3954824556310115
miniFE.c 40 y 11.2143598883219404
miniFE.c 40 y -25.7223145603650671
miniFE.c 40 y 27.5594041022671341
miniFE.c 40 y -20.3972256190034500
miniFE.c 40 y 13.2375787715295772
miniFE.c 40 y -8.0750988079310737
miniFE.c 40 y 34.8994635922635439
miniFE.c 87 normr 61.5684169288961911
miniFE.c 25 Ap -1368.4289806706506170
miniFE.c 25 Ap -1199.2317651375988135
miniFE.c 25 Ap -1438.9434933786421880
miniFE.c 25 Ap -1060.9252026039359862
miniFE.c 25 Ap -1347.7797493464852323
miniFE.c 25 Ap -1135.2318895592977697
miniFE.c 25 Ap -1175.5811556780249703
miniFE.c 25 Ap -951.9431943125938460
miniFE.c 25 Ap -307.7178613234556792
miniFE.c 25 Ap 437.3259686894347738
miniFE.c 25 Ap 67.1311892060975310
miniFE.c 25 Ap 231.4904043416638899
miniFE.c 25 Ap 8.4750943414715891
miniFE.c 25 Ap 136.2477258402282700
miniFE.c 25 Ap 44.2125139357265624
miniFE.c 25 Ap 286.8999636088952343
miniFE.c 25 Ap -190.0698452417884425
miniFE.c 25 Ap -28.6731141598557144
miniFE.c 25 Ap -1769.4073447263117487
miniFE.c 25 Ap -1504.5015295996022360
miniFE.c 25 Ap -1847.1377970482335513
miniFE.c 25 Ap -1633.0108264893901833
miniFE.c 25 Ap -1729.5239229358539887
miniFE.c 25 Ap -1298.4747151989963641
miniFE.c 25 Ap -279.7544311478382042
miniFE.c 25 Ap -212.8740522161056106
miniFE.c 25 Ap -460.1214411753827562
miniFE.c 25 Ap 1342.3107136939024713
miniFE.c 25 Ap 1267.4914056341285686
miniFE.c 25 Ap 1414.2417477616404540
miniFE.c 25 Ap 1403.7422378133078382
miniFE.c 25 Ap 1568.5035826173646001
miniFE.c 25 Ap -286.8300319213457215
miniFE.c 25 Ap -164.2165945027900875
miniFE.c 25 Ap -596.3046645044232719
miniFE.c 25 Ap -495.2136836040479579
miniFE.c 25 Ap -1852.8787213091975445
miniFE.c 25 Ap -1793.4524900249955408
miniFE.c 25 Ap -1906.9291080392563345
miniFE.c 25 Ap -1774.3342498335530308
miniFE.c 25 Ap -327.4780245005937900
miniFE.c 25 Ap -219.2340398387801201
miniFE.c 25 Ap -635.3102262497317270
miniFE.c 25 Ap -329.7897039064495743
miniFE.c 25 Ap -421.3570719358592100
miniFE.c 25 Ap 458.4557001025793284
miniFE.c 25 Ap 396.9861180279929158
miniFE.c 25 Ap 516.5563917226727426
miniFE.c 25 Ap -101.9111677511391605
miniFE.c 25 Ap 25.9034897836202163
miniFE.c 25 Ap -281.5280705029894648
miniFE.c 25 Ap -245.6944238288863573
miniFE.c 25 Ap -532.3297003960313987
miniFE.c 25 Ap -431.5620870058218657
miniFE.c 25 Ap -961.7585395567218711
miniFE.c 25 Ap -868.4179349097883005
miniFE.c 25 Ap -130.6955364910782293
miniFE.c 25 Ap -52.7119768349565021
miniFE.c 25 Ap -370.4126567635007063
miniFE.c 25 Ap -240.3039383333827175
miniFE.c 25 Ap -317.7998927222360521
miniFE.c 25 Ap -272.4461607778415555
miniFE.c 25 Ap -294.0434728202852739
miniFE.c 25 Ap 1969.9608112404816893
miniFE.c 57 sum 19415.3407183598501433
miniFE.c 57 sum 22632.7401622164688888
miniFE.c 57 sum 56032.5152352454970242
miniFE.c 57 sum 99259.5393044512020424
miniFE.c 57 sum 135451.0353218314121477
miniFE.c 57 sum 142288.9912471973802894
miniFE.c 57 sum 149301.5518781733699143
miniFE.c 57 sum 218052.1274882465368137
miniFE.c 90 p_ap_dot 218052.1274882465368137
miniFE.c 91 alpha 0.0173842374609930
miniFE.c 40 y 1.1414960338040641
miniFE.c 40 y 1.9313664197987062
miniFE.c 40 y 1.1455593598246652
miniFE.c 40 y 2.0101427827915739
miniFE.c 40 y 0.8335448106762382
miniFE.c 40 y 1.9345406011832484
miniFE.c 40 y 0.9372372519233280
miniFE.c 40 y 2.0058092046284459
miniFE.c 40 y -6.2853818353627204
miniFE.c 40 y 3.3963126981261800
miniFE.c 40 y -5.7456023703644306
miniFE.c 40 y -2.2035735165407360
miniFE.c 40 y 8.5114552255781994
miniFE.c 40 y 1.4792892180709174
miniFE.c 40 y 5.2650725409208778
miniFE.c 40 y -1.6274760257258478
miniFE.c 82 oldrtrans 3790.6699631303908973
miniFE.c 48 sum 39.5060248163076366
miniFE.c 48 sum 51.0409647597607687
miniFE.c 48 sum 84.0529113580981289
miniFE.c 48 sum 88.9086476008978366
miniFE.c 48 sum 161.3535176579202925
miniFE.c 48 sum 163.5418142486211650
miniFE.c 48 sum 191.2628031097801795
miniFE.c 48 sum 193.9114813240925912
miniFE.c 83 rtrans 193.9114813240925912
miniFE.c 84 beta 0.0511549365178597
miniFE.c 40 y -7.3287114456316456
miniFE.c 40 y 3.9699825663017205
miniFE.c 40 y -7.0614257387923232
miniFE.c 40 y -0.7937739492192193
miniFE.c 40 y 7.4680364438976170
miniFE.c 40 y 2.1564567197786797
miniFE.c 40 y 4.8519913740257197
miniFE.c 40 y 0.1578038188437485
miniFE.c 87 normr 13.9252102793491996
miniFE.c 25 Ap -491.7177691183360935
miniFE.c 25 Ap -431.8204586501305471
miniFE.c 25 Ap -497.6273891936185692
miniFE.c 25 Ap -508.5151816303445003
miniFE.c 25 Ap -403.4891232248703545
miniFE.c 25 Ap -368.8641915494159775
miniFE.c 25 Ap -344.6199939472702454
miniFE.c 25 Ap -343.6087771344789417
miniFE.c 25 Ap -110.5723003715397397
miniFE.c 25 Ap 153.1798036929954776
miniFE.c 25 Ap 51.5519763030685283
miniFE.c 25 Ap 46.8180545243317638
miniFE.c 25 Ap 128.4706524676951744
miniFE.c 25 Ap 149.2853463444864417
miniFE.c 25 Ap 204.5854813507209258
miniFE.c 25 Ap 205.6828336421860968
miniFE.c 25 Ap -68.2978229773792265
miniFE.c 25 Ap -11.1619529826418500
miniFE.c 25 Ap -489.0375139579900861
miniFE.c 25 Ap -496.6674080683263242
miniFE.c 25 Ap -371.2179876371742466
miniFE.c 25 Ap -336.3358122396174394
miniFE.c 25 Ap -278.3451024567444847
miniFE.c 25 Ap -276.3960406635561640
miniFE.c 25 Ap -100.5241972568920090
miniFE.c 25 Ap -76.8479517082607515
miniFE.c 25 Ap -144.7236116590368624
miniFE.c 25 Ap -196.6377852914269511
miniFE.c 25 Ap -169.2441911951287921
miniFE.c 25 Ap -145.3379492099015238
miniFE.c 25 Ap -139.0292299096779516
miniFE.c 25 Ap -138.2842336624096902
miniFE.c 25 Ap -103.0666738316105295
miniFE.c 25 Ap -59.6604327448683733
miniFE.c 25 Ap -178.2795333617347922
miniFE.c 25 Ap -181.1911851101532136
miniFE.c 25 Ap 315.8907303215914908
miniFE.c 25 Ap 325.5715109232189661
miniFE.c 25 Ap 393.7548960253352561
miniFE.c 25 Ap 394.3544460708134238
miniFE.c 25 Ap -117.6727224556399563
miniFE.c 25 Ap -79.3533947103331201
miniFE.c 25 Ap -193.5768284190586996
miniFE.c 25 Ap -202.3765191049685370
miniFE.c 25 Ap -168.8509576247682276
miniFE.c 25 Ap -25.5257924148035045
miniFE.c 25 Ap 11.4087255502186622
miniFE.c 25 Ap 11.9493827370928880
miniFE.c 25 Ap -36.6197535733828161
miniFE.c 25 Ap 8.6277654276100790
miniFE.c 25 Ap -75.7699713168914570
miniFE.c 25 Ap -76.8020624002066086
miniFE.c 25 Ap 28.1437146134956748
miniFE.c 25 Ap 44.5591785576070123
miniFE.c 25 Ap 363.1321985916625295
miniFE.c 25 Ap 363.5542538999778230
miniFE.c 25 Ap -46.9628446524286645
miniFE.c 25 Ap -19.3559749446579978
miniFE.c 25 Ap -106.5728446868575787
miniFE.c 25 Ap -110.3202737267920952
miniFE.c 25 Ap -81.9466790801070033
miniFE.c 25 Ap -74.5583672364880812
miniFE.c 25 Ap -61.5814397431479748
miniFE.c 25 Ap -51.3443620024289302
miniFE.c 57 sum 2518.2095778049492765
miniFE.c 57 sum 3334.7668415519651717
miniFE.c 57 sum 5286.5169571938904483
miniFE.c 57 sum 5396.2833794628550095
miniFE.c 57 sum 8341.3367545327473636
miniFE.c 57 sum 8367.1050812333578506
miniFE.c 57 sum 10131.0671851464067004
miniFE.c 57 sum 10122.9648487463273341
miniFE.c 90 p_ap_dot 10122.9648487463273341
miniFE.c 91 alpha 0.0191556015674704
miniFE.c 40 y 1.0011101573485846
miniFE.c 40 y 2.0074138240685855
miniFE.c 40 y 1.0102935018740793
miniFE.c 40 y 1.9949375652856931
miniFE.c 40 y 0.9765995412868892
miniFE.c 40 y 1.9758488269048229
miniFE.c 40 y 1.0301800654929678
miniFE.c 40 y 2.0088320317080419
miniFE.c 40 y 0.2966509945110802
miniFE.c 40 y -0.5436657123918267
miniFE.c 40 y -0.4510699405870104
miniFE.c 40 y 0.4453441665593574
miniFE.c 40 y 0.9573585802852174
miniFE.c 40 y 1.2503916033819575
miniFE.c 40 y -1.6990278949460569
miniFE.c 40 y -0.6439438844713542
miniFE.c 82 oldrtrans 193.9114813240925912
miniFE.c 48 sum 0.0880018125444130
miniFE.c 48 sum 0.3835742193749254
miniFE.c 48 sum 0.5870383106760946
miniFE.c 48 sum 0.7853697373645432
miniFE.c 48 sum 1.7019051886102701
miniFE.c 48 sum 3.2653843504183726
miniFE.c 48 sum 6.1520801382232015
miniFE.c 48 sum 6.5667438645712579
miniFE.c 83 rtrans 6.5667438645712579
miniFE.c 84 beta 0.0338646470014634
miniFE.c 40 y 0.0484667684291800
miniFE.c 40 y -0.4092236541820552
miniFE.c 40 y -0.6902026305582604
miniFE.c 40 y 0.4184632919700910
miniFE.c 40 y 1.2102609982518742
miniFE.c 40 y 1.3234192489711962
miniFE.c 40 y -1.5347169198105306
miniFE.c 40 y -0.6385999138507278
miniFE.c 87 normr 2.5625658751671647
miniFE.c 25 Ap 3.2518637723929911
miniFE.c 25 Ap -2.9223185712614757
miniFE.c 25 Ap -9.3544638985942132
miniFE.c 25 Ap -3.6146163389193804
miniFE.c 25 Ap 13.4057802865060083
miniFE.c 25 Ap 34.6551291156871244
miniFE.c 25 Ap 26.9865292771900158
miniFE.c 25 Ap 22.8943407974399804
miniFE.c 25 Ap 0.7312447920136754
miniFE.c 25 Ap -26.4561793391813076
miniFE.c 25 Ap -36.3895548920968750
miniFE.c 25 Ap -33.8939168160329771
miniFE.c 25 Ap -20.6613950629363039
miniFE.c 25 Ap -7.8874004423460935
miniFE.c 25 Ap -25.3791984113638307
miniFE.c 25 Ap -29.8199596294902349
miniFE.c 25 Ap 0.4516721384132042
miniFE.c 25 Ap -5.4378624158653093
miniFE.c 25 Ap -52.1466973545017751
miniFE.c 25 Ap -48.1243549610091677
miniFE.c 25 Ap -27.7941728653945006
miniFE.c 25 Ap -6.3869533540036123
miniFE.c 25 Ap -24.7297978965638876
miniFE.c 25 Ap -32.6172539945195794
miniFE.c 25 Ap 0.6647939444911638
miniFE.c 25 Ap -1.7757406318982434
miniFE.c 25 Ap -8.4100891022845907
miniFE.c 25 Ap 18.9581257647886261
miniFE.c 25 Ap 23.3974986556083024
miniFE.c 25 Ap 38.0687788735855932
miniFE.c 25 Ap 36.0732892887895886
miniFE.c 25 Ap 33.0584412147027180
miniFE.c 25 Ap 0.6816080357946149
miniFE.c 25 Ap -3.7926838018068452
miniFE.c 25 Ap -15.3868318263980015
miniFE.c 25 Ap -13.8518616035630071
miniFE.c 25 Ap 66.7046353689395346
miniFE.c 25 Ap 72.6457383253557794
miniFE.c 25 Ap 51.0788832550111280
miniFE.c 25 Ap 48.6526263355213331
miniFE.c 25 Ap 0.7782018206062865
miniFE.c 25 Ap -3.1717337430509223
miniFE.c 25 Ap -14.3362375321458675
miniFE.c 25 Ap -9.6971995083275573
miniFE.c 25 Ap -4.2640873631482554
miniFE.c 25 Ap 83.6946835044215760
miniFE.c 25 Ap 72.0120515134799888
miniFE.c 25 Ap 69.8241219976390255
miniFE.c 25 Ap 0.2421764220820422
miniFE.c 25 Ap -4.4219133463290561
miniFE.c 25 Ap -12.6711737746035507
miniFE.c 25 Ap -12.1270739930954026
miniFE.c 25 Ap 4.8803123265987782
miniFE.c 25 Ap 14.9544959469680272
miniFE.c 25 Ap -85.8122545173357452
miniFE.c 25 Ap -87.5202263871246089
miniFE.c 25 Ap 0.3105781055005968
miniFE.c 25 Ap -2.5351230817633055
miniFE.c 25 Ap -11.0599331062355741
miniFE.c 25 Ap -9.0843561878726007
miniFE.c 25 Ap -4.4861655872963215
miniFE.c 25 Ap 0.0480474212776079
miniFE.c 25 Ap -4.0566404596200858
miniFE.c 25 Ap -45.4840090189289867
miniFE.c 57 sum 1.1096147137682528
miniFE.c 57 sum 13.3126475609096104
miniFE.c 57 sum 35.8251620695139508
miniFE.c 57 sum 49.6589062076181804
miniFE.c 57 sum 108.5412823240216511
miniFE.c 57 sum 200.9478694182102743
miniFE.c 57 sum 335.2666416801785090
miniFE.c 57 sum 364.3127259212523086
miniFE.c 90 p_ap_dot 364.3127259212523086
miniFE.c 91 alpha 0.0180250191589264
miniFE.c 40 y 1.0019837717780917
miniFE.c 40 y 2.0000375598616680
miniFE.c 40 y 0.9978525862347253
miniFE.c 40 y 2.0024803741407613
miniFE.c 40 y 0.9984145189676805
miniFE.c 40 y 1.9997034842228205
miniFE.c 40 y 1.0025167636098546
miniFE.c 40 y 1.9973212560259939
miniFE.c 40 y -0.1160199369937646
miniFE.c 40 y -0.0061603687518549
miniFE.c 40 y 0.1368566875757721
miniFE.c 40 y -0.1505348696998996
miniFE.c 40 y 0.0803940584553606
miniFE.c 40 y -0.0081895333806967
miniFE.c 40 y -0.1214741375245643
miniFE.c 40 y 0.1759062495196198
miniFE.c 82 oldrtrans 6.5667438645712579
miniFE.c 48 sum 0.0134606257800371
miniFE.c 48 sum 0.0134985759231959
miniFE.c 48 sum 0.0322283288574084
miniFE.c 48 sum 0.0548890758529742
miniFE.c 48 sum 0.0613522804878981
miniFE.c 48 sum 0.0614193489448917
miniFE.c 48 sum 0.0761753150322284
miniFE.c 48 sum 0.1071183236522871
miniFE.c 83 rtrans 0.1071183236522871
miniFE.c 84 beta 0.0163122433067946
miniFE.c 40 y -0.1152293352748538
miniFE.c 40 y -0.0128357245657681
miniFE.c 40 y 0.1255979343351160
miniFE.c 40 y -0.1437087946663212
miniFE.c 40 y 0.1001361303235693
miniFE.c 40 y 0.0133984034054168
miniFE.c 40 y -0.1465088133275680
miniFE.c 40 y 0.1654892523491886
miniFE.c 87 normr 0.3272893576825973
miniFE.c 25 Ap -7.7312788337590836
miniFE.c 25 Ap -7.9249384699313392
miniFE.c 25 Ap -6.7544645675023798
miniFE.c 25 Ap -8.7256448124550285
miniFE.c 25 Ap -7.3173893559012404
miniFE.c 25 Ap -7.1022592314625053
miniFE.c 25 Ap -7.8343274374746574
miniFE.c 25 Ap -6.7738618825981591
miniFE.c 25 Ap -1.7385283574261197
miniFE.c 25 Ap -2.5912901277549860
miniFE.c 25 Ap -0.7836884247420259
miniFE.c 25 Ap -1.6407412337137472
miniFE.c 25 Ap -0.5458918378466664
miniFE.c 25 Ap -0.4165668842022773
miniFE.c 25 Ap -2.0863878983100346
miniFE.c 25 Ap -0.9355918554205072
miniFE.c 25 Ap -1.0738467192747756
miniFE.c 25 Ap -1.2585780821535737
miniFE.c 25 Ap 7.2411478298551595
miniFE.c 25 Ap 5.8597937464834127
miniFE.c 25 Ap 7.5418984881621887
miniFE.c 25 Ap 7.7586269081431558
miniFE.c 25 Ap 6.0075623617808622
miniFE.c 25 Ap 8.0515482507185894
miniFE.c 25 Ap -1.5805420250041788
miniFE.c 25 Ap -1.6570919245411000
miniFE.c 25 Ap -0.4498226000734560
miniFE.c 25 Ap -9.8486235132897448
miniFE.c 25 Ap -9.4813129720162959
miniFE.c 25 Ap -9.3327797456882191
miniFE.c 25 Ap -9.5232753395675633
miniFE.c 25 Ap -8.7419959455279788
miniFE.c 25 Ap -1.6205173859977309
miniFE.c 25 Ap -1.7608581924672591
miniFE.c 25 Ap 0.3489585161222004
miniFE.c 25 Ap -0.1781814380988685
miniFE.c 25 Ap 6.4870055677621137
miniFE.c 25 Ap 6.5471537741185344
miniFE.c 25 Ap 4.4883152334227523
miniFE.c 25 Ap 5.1170648384646142
miniFE.c 25 Ap -1.8501682989071617
miniFE.c 25 Ap -1.9740621267186904
miniFE.c 25 Ap 0.0575711237265029
miniFE.c 25 Ap -1.5355687659769210
miniFE.c 25 Ap -1.0860369487754413
miniFE.c 25 Ap -0.1955352456723031
miniFE.c 25 Ap -1.3107953483281363
miniFE.c 25 Ap -0.7438068287307490
miniFE.c 25 Ap -0.5757724114932961
miniFE.c 25 Ap -0.7220664270164276
miniFE.c 25 Ap 0.7790725482808192
miniFE.c 25 Ap 0.5922176310654443
miniFE.c 25 Ap 1.9993966242182541
miniFE.c 25 Ap 2.1013884731587011
miniFE.c 25 Ap -7.5181164940654259
miniFE.c 25 Ap -7.0755060557701368
miniFE.c 25 Ap -0.7383968398893852
miniFE.c 25 Ap -0.8276552106187295
miniFE.c 25 Ap 0.7236262280031257
miniFE.c 25 Ap 0.0451729845371724
miniFE.c 25 Ap 0.4256239896484617
miniFE.c 25 Ap 0.4715287284998795
miniFE.c 25 Ap 0.0796825562529391
miniFE.c 25 Ap 10.8153311227149249
miniFE.c 57 sum 0.7805476019754554
miniFE.c 57 sum 0.7925566013376090
miniFE.c 57 sum 1.8038144298273808
miniFE.c 57 sum 3.0601161301370743
miniFE.c 57 sum 3.5725192016757212
miniFE.c 57 sum 3.5625533777286829
miniFE.c 57 sum 4.5991773736515871
miniFE.c 57 sum 6.3889984350585909
miniFE.c 90 p_ap_dot 6.3889984350585909
miniFE.c 91 alpha 0.0167660588339626
miniFE.c 40 y 1.0000518299634751
miniFE.c 40 y 1.9998223553484218
miniFE.c 40 y 0.9999583685912120
miniFE.c 40 y 2.0000709440344280
miniFE.c 40 y 1.0000934072200909
miniFE.c 40 y 1.9999281226425969
miniFE.c 40 y 1.0000603882259107
miniFE.c 40 y 2.0000958585672688
miniFE.c 40 y -0.0024489701369874
miniFE.c 40 y 0.0095258193407015
miniFE.c 40 y 0.0018639558997358
miniFE.c 40 y -0.0039660513509153
miniFE.c 40 y -0.0053989516835383
miniFE.c 40 y 0.0042811756709061
miniFE.c 40 y -0.0028457867134637
miniFE.c 40 y -0.0054242283926051
miniFE.c 82 oldrtrans 0.1071183236522871
miniFE.c 48 sum 0.0000059974547319
miniFE.c 48 sum 0.0000967386888435
miniFE.c 48 sum 0.0001002130204397
miniFE.c 48 sum 0.0001159425837578
miniFE.c 48 sum 0.0001450912630390
miniFE.c 48 sum 0.0001634197281641
miniFE.c 48 sum 0.0001715182301827
miniFE.c 48 sum 0.0002009404838378
miniFE.c 83 rtrans 0.0002009404838378
miniFE.c 84 beta 0.0018758740520443
miniFE.c 40 y -0.0026651258570638
miniFE.c 40 y 0.0095017411380494
miniFE.c 40 y 0.0020995618057454
miniFE.c 40 y -0.0042356309498804
miniFE.c 40 y -0.0052111089149922
miniFE.c 40 y 0.0043063093881932
miniFE.c 40 y -0.0031206187947807
miniFE.c 40 y -0.0051137913982311
miniFE.c 87 normr 0.0141753477501543
miniFE.c 25 Ap -0.1788158464931997
miniFE.c 25 Ap -0.0354578519858220
miniFE.c 25 Ap -0.0158915883114161
miniFE.c 25 Ap -0.0739895778791408
miniFE.c 25 Ap -0.1472755391053307
miniFE.c 25 Ap -0.0781317130447458
miniFE.c 25 Ap -0.0937246712488038
miniFE.c 25 Ap -0.1264941686975266
miniFE.c 25 Ap -0.0402102196247435
miniFE.c 25 Ap 0.5910530606499798
miniFE.c 25 Ap 0.6212698911714133
miniFE.c 25 Ap 0.5960093675424215
miniFE.c 25 Ap 0.5390331349983741
miniFE.c 25 Ap 0.5805987786915119
miniFE.c 25 Ap 0.5450318068336905
miniFE.c 25 Ap 0.5094710026019487
miniFE.c 25 Ap -0.0248368755337855
miniFE.c 25 Ap 0.1119118978727878
miniFE.c 25 Ap 0.2539978324753639
miniFE.c 25 Ap 0.2132842065496975
miniFE.c 25 Ap 0.1257470609960545
miniFE.c 25 Ap 0.1954045867035570
miniFE.c 25 Ap 0.1581071381054658
miniFE.c 25 Ap 0.0949458312013762
miniFE.c 25 Ap -0.0365561721671576
miniFE.c 25 Ap 0.0201104636597998
miniFE.c 25 Ap 0.0402918191599405
miniFE.c 25 Ap -0.2367256878911605
miniFE.c 25 Ap -0.2558406190355502
miniFE.c 25 Ap -0.2081013468520733
miniFE.c 25 Ap -0.2121588783894674
miniFE.c 25 Ap -0.2363012307666754
miniFE.c 25 Ap -0.0374807576294902
miniFE.c 25 Ap 0.0664075742948985
miniFE.c 25 Ap 0.1016763914289346
miniFE.c 25 Ap 0.0861396227141070
miniFE.c 25 Ap -0.2607183526650040
miniFE.c 25 Ap -0.2413864384153615
miniFE.c 25 Ap -0.2852394333280243
miniFE.c 25 Ap -0.3046684553113967
miniFE.c 25 Ap -0.0427923268113598
miniFE.c 25 Ap 0.0489210061162360
miniFE.c 25 Ap 0.0828828670218137
miniFE.c 25 Ap 0.0359271282308443
miniFE.c 25 Ap 0.0125333816118991
miniFE.c 25 Ap 0.2987447851829170
miniFE.c 25 Ap 0.2749898890891544
miniFE.c 25 Ap 0.2574693493969761
miniFE.c 25 Ap -0.0133169729565354
miniFE.c 25 Ap 0.0949782665076805
miniFE.c 25 Ap 0.1200721032362411
miniFE.c 25 Ap 0.1145647960993853
miniFE.c 25 Ap 0.0413348542940316
miniFE.c 25 Ap 0.0741155105649018
miniFE.c 25 Ap -0.1307787023865677
miniFE.c 25 Ap -0.1444558289672464
miniFE.c 25 Ap -0.0170782943949941
miniFE.c 25 Ap 0.0489958823083701
miniFE.c 25 Ap 0.0749279270966384
miniFE.c 25 Ap 0.0549313947845866
miniFE.c 25 Ap 0.0351326306617181
miniFE.c 25 Ap 0.0498866279774353
miniFE.c 25 Ap 0.0415403551355231
miniFE.c 25 Ap -0.2902024409329745
miniFE.c 57 sum 0.0003371228797636
miniFE.c 57 sum 0.0051779844638298
miniFE.c 57 sum 0.0053773291046350
miniFE.c 57 sum 0.0063782139111651
miniFE.c 57 sum 0.0079658744147552
miniFE.c 57 sum 0.0090746170912354
miniFE.c 57 sum 0.0095254086661262
miniFE.c 57 sum 0.0110094434123149
miniFE.c 90 p_ap_dot 0.0110094434123149
miniFE.c 91 alpha 0.0182516478183664
miniFE.c 40 y 1.0000031870249404
miniFE.c 40 y 1.9999957777813346
miniFE.c 40 y 0.9999966890538634
miniFE.c 40 y 1.9999936367900422
miniFE.c 40 y 0.9999982958954313
miniFE.c 40 y 2.0000067198849472
miniFE.c 40 y 1.0000034317906930
miniFE.c 40 y 2.0000025234476517
miniFE.c 40 y -0.0001402431188432
miniFE.c 40 y 0.0002271340275408
miniFE.c 40 y 0.0001310380268262
miniFE.c 40 y 0.0003468354920846
miniFE.c 40 y 0.0001617496641710
miniFE.c 40 y -0.0004180642183114
miniFE.c 40 y -0.0002092297978434
miniFE.c 40 y -0.0001275556446662
