filename line variable value
miniFE.c 167 A 67.0947100000000063
miniFE.c 167 A 15.0875500000000002
miniFE.c 167 A 9.3192129999999995
miniFE.c 167 A 13.7164900000000003
miniFE.c 167 A 14.0634099999999993
miniFE.c 167 A 16.0564000000000000
miniFE.c 167 A 4.9967519999999999
miniFE.c 167 A 6.4080630000000003
miniFE.c 167 A 15.0875500000000002
miniFE.c 167 A 66.4365899999999954
miniFE.c 167 A 14.3919700000000006
miniFE.c 167 A 5.9638159999999996
miniFE.c 167 A 10.9336099999999998
miniFE.c 167 A 9.6522659999999991
miniFE.c 167 A 11.3974100000000007
miniFE.c 167 A 6.9539020000000002
miniFE.c 167 A 9.3192129999999995
miniFE.c 167 A 14.3919700000000006
miniFE.c 167 A 67.6740900000000067
miniFE.c 167 A 9.6121750000000006
miniFE.c 167 A 16.7981799999999986
miniFE.c 167 A 16.1756899999999995
miniFE.c 167 A 11.9519400000000005
miniFE.c 167 A 12.3511699999999998
miniFE.c 167 A 13.7164900000000003
miniFE.c 167 A 5.9638159999999996
miniFE.c 167 A 9.6121750000000006
miniFE.c 167 A 65.4017099999999942
miniFE.c 167 A 3.6681119999999998
miniFE.c 167 A 11.0858899999999991
miniFE.c 167 A 1.3002330000000000
miniFE.c 167 A 4.7210279999999996
miniFE.c 167 A 14.0634099999999993
miniFE.c 167 A 10.9336099999999998
miniFE.c 167 A 16.7981799999999986
miniFE.c 167 A 3.6681119999999998
miniFE.c 167 A 66.5612600000000043
miniFE.c 167 A 4.4892070000000004
miniFE.c 167 A 14.0526599999999995
miniFE.c 167 A 3.7993380000000001
miniFE.c 167 A 16.0564000000000000
miniFE.c 167 A 9.6522659999999991
miniFE.c 167 A 16.1756899999999995
miniFE.c 167 A 11.0858899999999991
miniFE.c 167 A 4.4892070000000004
miniFE.c 167 A 66.4632699999999943
miniFE.c 167 A 7.6122389999999998
miniFE.c 167 A 3.4261349999999999
miniFE.c 167 A 4.9967519999999999
miniFE.c 167 A 11.3974100000000007
miniFE.c 167 A 11.9519400000000005
miniFE.c 167 A 1.3002330000000000
miniFE.c 167 A 14.0526599999999995
miniFE.c 167 A 7.6122389999999998
miniFE.c 167 A 65.6581999999999937
miniFE.c 167 A 2.6745570000000001
miniFE.c 167 A 6.4080630000000003
miniFE.c 167 A 6.9539020000000002
miniFE.c 167 A 12.3511699999999998
miniFE.c 167 A 4.7210279999999996
miniFE.c 167 A 3.7993380000000001
miniFE.c 167 A 3.4261349999999999
miniFE.c 167 A 2.6745570000000001
miniFE.c 167 A 64.8721800000000002
miniFE.c 175 b 198.0110999999999990
miniFE.c 175 b 229.8237000000000023
miniFE.c 175 b 210.8053999999999917
miniFE.c 175 b 202.6418999999999926
miniFE.c 175 b 157.2561000000000035
miniFE.c 175 b 225.5886000000000138
miniFE.c 175 b 142.6283999999999992
miniFE.c 175 b 185.1795999999999935
miniFE.c 33 r 0.0000000000000000
miniFE.c 33 r 0.0000000000000000
miniFE.c 33 r 0.0000000000000000
miniFE.c 33 r 0.0000000000000000
miniFE.c 33 r 0.0000000000000000
miniFE.c 33 r 0.0000000000000000
miniFE.c 33 r 0.0000000000000000
miniFE.c 33 r 0.0000000000000000
miniFE.c 25 Ap 0.0000000000000000
miniFE.c 25 Ap 0.0000000000000000
miniFE.c 25 Ap 0.0000000000000000
miniFE.c 25 Ap 0.0000000000000000
miniFE.c 25 Ap 0.0000000000000000
miniFE.c 25 Ap 0.0000000000000000
miniFE.c 25 Ap 0.0000000000000000
miniFE.c 25 Ap 0.0000000000000000
miniFE.c 25 Ap 0.0000000000000000
miniFE.c 25 Ap 0.0000000000000000
miniFE.c 25 Ap 0.0000000000000000
miniFE.c 25 Ap 0.0000000000000000
miniFE.c 25 Ap 0.0000000000000000
miniFE.c 25 Ap 0.0000000000000000
miniFE.c 25 Ap 0.0000000000000000
miniFE.c 25 Ap 0.0000000000000000
miniFE.c 25 Ap 0.0000000000000000
miniFE.c 25 Ap 0.0000000000000000
miniFE.c 25 Ap 0.0000000000000000
miniFE.c 25 Ap 0.0000000000000000
miniFE.c 25 Ap 0.0000000000000000
miniFE.c 25 Ap 0.0000000000000000
miniFE.c 25 Ap 0.0000000000000000
miniFE.c 25 Ap 0.0000000000000000
miniFE.c 25 Ap 0.0000000000000000
miniFE.c 25 Ap 0.0000000000000000
miniFE.c 25 Ap 0.0000000000000000
miniFE.c 25 Ap 0.0000000000000000
miniFE.c 25 Ap 0.0000000000000000
miniFE.c 25 Ap 0.0000000000000000
miniFE.c 25 Ap 0.0000000000000000
miniFE.c 25 Ap 0.0000000000000000
miniFE.c 25 Ap 0.0000000000000000
miniFE.c 25 Ap 0.0000000000000000
miniFE.c 25 Ap 0.0000000000000000
miniFE.c 25 Ap 0.0000000000000000
miniFE.c 25 Ap 0.0000000000000000
miniFE.c 25 Ap 0.0000000000000000
miniFE.c 25 Ap 0.0000000000000000
miniFE.c 25 Ap 0.0000000000000000
miniFE.c 25 Ap 0.0000000000000000
miniFE.c 25 Ap 0.0000000000000000
miniFE.c 25 Ap 0.0000000000000000
miniFE.c 25 Ap 0.0000000000000000
miniFE.c 25 Ap 0.0000000000000000
miniFE.c 25 Ap 0.0000000000000000
miniFE.c 25 Ap 0.0000000000000000
miniFE.c 25 Ap 0.0000000000000000
miniFE.c 25 Ap 0.0000000000000000
miniFE.c 25 Ap 0.0000000000000000
miniFE.c 25 Ap 0.0000000000000000
miniFE.c 25 Ap 0.0000000000000000
miniFE.c 25 Ap 0.0000000000000000
miniFE.c 25 Ap 0.0000000000000000
miniFE.c 25 Ap 0.0000000000000000
miniFE.c 25 Ap 0.0000000000000000
miniFE.c 25 Ap 0.0000000000000000
miniFE.c 25 Ap 0.0000000000000000
miniFE.c 25 Ap 0.0000000000000000
miniFE.c 25 Ap 0.0000000000000000
miniFE.c 25 Ap 0.0000000000000000
miniFE.c 25 Ap 0.0000000000000000
miniFE.c 25 Ap 0.0000000000000000
miniFE.c 25 Ap 0.0000000000000000
miniFE.c 33 r 198.0110999999999990
miniFE.c 33 r 229.8237000000000023
miniFE.c 33 r 210.8053999999999917
miniFE.c 33 r 202.6418999999999926
miniFE.c 33 r 157.2561000000000035
miniFE.c 33 r 225.5886000000000138
miniFE.c 33 r 142.6283999999999992
miniFE.c 33 r 185.1795999999999935
miniFE.c 48 sum 39208.3957232100001420
miniFE.c 48 sum 92027.3288048999966122
miniFE.c 48 sum 136466.2454740600078367
miniFE.c 48 sum 177529.9851096700003836
miniFE.c 48 sum 202259.4660968800017145
miniFE.c 48 sum 253149.6825468399911188
miniFE.c 48 sum 273492.5430333999684080
miniFE.c 48 sum 307784.0272895599482581
miniFE.c 75 rtrans 307784.0272895599482581
miniFE.c 76 normr 554.7828649927464539
miniFE.c 33 r 198.0110999999999990
miniFE.c 33 r 229.8237000000000023
miniFE.c 33 r 210.8053999999999917
miniFE.c 33 r 202.6418999999999926
miniFE.c 33 r 157.2561000000000035
miniFE.c 33 r 225.5886000000000138
miniFE.c 33 r 142.6283990463256828
miniFE.c 33 r 185.1795999999999935
miniFE.c 87 normr 554.7828649927464539
miniFE.c 25 Ap 13285.4973312810016068
miniFE.c 25 Ap 16752.9738962160008668
miniFE.c 25 Ap 18717.5143203662009910
miniFE.c 25 Ap 21497.0499152972006414
miniFE.c 25 Ap 23708.6069245981998392
miniFE.c 25 Ap 27330.7477216381994367
miniFE.c 25 Ap 28043.4264598297268094
miniFE.c 25 Ap 29230.0690029445249820
miniFE.c 25 Ap 2987.5023718050001662
miniFE.c 25 Ap 18256.2053009880000900
miniFE.c 25 Ap 21290.1102936259994749
miniFE.c 25 Ap 22498.6292991164009436
miniFE.c 25 Ap 24218.0061666374022025
miniFE.c 25 Ap 26395.4473404050004319
miniFE.c 25 Ap 28021.0416819795827905
miniFE.c 25 Ap 29308.7624727787842858
miniFE.c 25 Ap 1845.3076172643000064
miniFE.c 25 Ap 5152.9234129532997031
miniFE.c 25 Ap 19418.9870250392996240
miniFE.c 25 Ap 21366.8164301717988565
miniFE.c 25 Ap 24008.4327040697971825
miniFE.c 25 Ap 27657.4839652037990163
miniFE.c 25 Ap 29362.1700329015402531
miniFE.c 25 Ap 31649.3547530335417832
miniFE.c 25 Ap 2716.0172730389999742
miniFE.c 25 Ap 4086.6435322781999275
miniFE.c 25 Ap 6112.9419280231995799
miniFE.c 25 Ap 19366.0687056721981207
miniFE.c 25 Ap 19942.9016931553996983
miniFE.c 25 Ap 22443.7520980093977414
miniFE.c 25 Ap 22629.2022491865973279
miniFE.c 25 Ap 23503.4403258153979550
miniFE.c 25 Ap 2784.7112838509997346
miniFE.c 25 Ap 5297.5139884079999320
miniFE.c 25 Ap 8838.6610425799990480
miniFE.c 25 Ap 9581.9742276727993158
miniFE.c 25 Ap 20049.1383863587980159
miniFE.c 25 Ap 21061.8523085989982064
miniFE.c 25 Ap 23066.1607067413387995
miniFE.c 25 Ap 23769.7205978461388440
miniFE.c 25 Ap 3179.3454260399998930
miniFE.c 25 Ap 5397.6649115441996400
miniFE.c 25 Ap 8807.5877122702004272
miniFE.c 25 Ap 11054.0535250612010714
miniFE.c 25 Ap 11760.0087099739012046
miniFE.c 25 Ap 26753.3647406958989450
miniFE.c 25 Ap 27839.0862024239031598
miniFE.c 25 Ap 28473.5365112699037127
miniFE.c 25 Ap 989.4123599472000024
miniFE.c 25 Ap 3608.8072965641999872
miniFE.c 25 Ap 6128.3407890401995246
miniFE.c 25 Ap 6391.8224746028990921
miniFE.c 25 Ap 8601.6889808288997301
miniFE.c 25 Ap 10318.9233197042995016
miniFE.c 25 Ap 19683.6472699677615310
miniFE.c 25 Ap 20178.9206654049630743
miniFE.c 25 Ap 1268.8676034993000030
miniFE.c 25 Ap 2867.0390905766998912
miniFE.c 25 Ap 5470.7324228946999938
miniFE.c 25 Ap 6427.4105067679001877
miniFE.c 25 Ap 7024.8795832297000743
miniFE.c 25 Ap 7797.7765812907000509
miniFE.c 25 Ap 8179.2443643588439954
miniFE.c 25 Ap 20192.2487078868434764
miniFE.c 57 sum 5787878.1163489483296871
miniFE.c 57 sum 12523726.3502641171216965
miniFE.c 57 sum 19195581.2387192547321320
miniFE.c 57 sum 23958363.0428791046142578
miniFE.c 57 sum 27696296.6021860577166080
miniFE.c 57 sum 34119601.8408123180270195
miniFE.c 57 sum 36997688.9898018464446068
miniFE.c 57 sum 40736881.5286288484930992
miniFE.c 90 p_ap_dot 40736881.5286288484930992
miniFE.c 91 alpha 0.0075554145467236
miniFE.c 40 y 1.4960559453527493
miniFE.c 40 y 1.7364133261618500
miniFE.c 40 y 1.5927221856878957
miniFE.c 40 y 1.5310435590357172
miniFE.c 40 y 1.1881350255010275
miniFE.c 40 y 1.7044153900150207
miniFE.c 40 y 1.0776166809305132
miniFE.c 40 y 1.3991086435964650
miniFE.c 40 y -22.8341885465828227
miniFE.c 40 y 8.3838496666992341
miniFE.c 40 y -28.3185952954866025
miniFE.c 40 y 25.0636650642833274
miniFE.c 40 y -22.3339927765232460
miniFE.c 40 y 10.4592280460846894
miniFE.c 40 y -9.8317107325829340
miniFE.c 40 y 32.6187903813701041
miniFE.c 82 oldrtrans 307784.0272895599482581
miniFE.c 48 sum 521.4001665808941652
miniFE.c 48 sum 591.6891018147069872
miniFE.c 48 sum 1393.6319413242629253
miniFE.c 48 sum 2021.8192477788393262
miniFE.c 48 sum 2520.6264811206319791
miniFE.c 48 sum 2630.0219324406366468
miniFE.c 48 sum 2726.6844683698232075
miniFE.c 48 sum 3790.6699543135860040
miniFE.c 83 rtrans 3790.6699543135860040
miniFE.c 84 beta 0.0123160060893848
miniFE.c 40 y -20.3954826332170498
miniFE.c 40 y 11.2143597553841712
miniFE.c 40 y -25.7223147054114136
miniFE.c 40 y 27.5594039386478258
miniFE.c 40 y -20.3972256913303482
miniFE.c 40 y 13.2375786173804730
miniFE.c 40 y -8.0750985014091867
miniFE.c 40 y 34.8994634625999396
miniFE.c 87 normr 61.5684168572945012
miniFE.c 25 Ap -1368.4289925857344770
miniFE.c 25 Ap -1199.2317790583879287
miniFE.c 25 Ap -1438.9435086511491590
miniFE.c 25 Ap -1060.9252201207254984
miniFE.c 25 Ap -1347.7797678804377028
miniFE.c 25 Ap -1135.2319105683297948
miniFE.c 25 Ap -1175.5811751554431339
miniFE.c 25 Ap -951.9432146209045413
miniFE.c 25 Ap -307.7178640027939309
miniFE.c 25 Ap 437.3259571781644581
miniFE.c 25 Ap 67.1311756073245647
miniFE.c 25 Ap 231.4903897670954791
miniFE.c 25 Ap 8.4750789761090743
miniFE.c 25 Ap 136.2477089869776137
miniFE.c 25 Ap 44.2125005760315304
miniFE.c 25 Ap 286.8999493475321856
miniFE.c 25 Ap -190.0698468967505619
miniFE.c 25 Ap -28.6731177280542227
miniFE.c 25 Ap -1769.4073581103898505
miniFE.c 25 Ap -1504.5015445564176844
miniFE.c 25 Ap -1847.1378132200093205
miniFE.c 25 Ap -1633.0108451546341257
miniFE.c 25 Ap -1729.5239379375666431
miniFE.c 25 Ap -1298.4747318022061791
miniFE.c 25 Ap -279.7544335836953451
miniFE.c 25 Ap -212.8740554447791453
miniFE.c 25 Ap -460.1214457982671320
miniFE.c 25 Ap 1342.3106983700356523
miniFE.c 25 Ap 1267.4913900449585071
miniFE.c 25 Ap 1414.2417304635905566
miniFE.c 25 Ap 1403.7422209138078415
miniFE.c 25 Ap 1568.5035651057191899
miniFE.c 25 Ap -286.8300344188109534
miniFE.c 25 Ap -164.2165984537450072
miniFE.c 25 Ap -596.3046708918928971
miniFE.c 25 Ap -495.2136905916915453
miniFE.c 25 Ap -1852.8787331110106607
miniFE.c 25 Ap -1793.4525025188158907
miniFE.c 25 Ap -1906.9291162256286043
miniFE.c 25 Ap -1774.3342585125610640
miniFE.c 25 Ap -327.4780273519862135
miniFE.c 25 Ap -219.2340439733232529
miniFE.c 25 Ap -635.3102327304995924
miniFE.c 25 Ap -329.7897122010830913
miniFE.c 25 Ap -421.3570805551831313
miniFE.c 25 Ap 458.4556812380018869
miniFE.c 25 Ap 396.9861014967333404
miniFE.c 25 Ap 516.5563747471682063
miniFE.c 25 Ap -101.9111686384925548
miniFE.c 25 Ap 25.9034873811205557
miniFE.c 25 Ap -281.5280746390743616
miniFE.c 25 Ap -245.6944281777144852
miniFE.c 25 Ap -532.3297057612447816
miniFE.c 25 Ap -431.5620935444550810
miniFE.c 25 Ap -961.7585259696797948
miniFE.c 25 Ap -868.4179216695388277
miniFE.c 25 Ap -130.6955376290607660
miniFE.c 25 Ap -52.7119788973752605
miniFE.c 25 Ap -370.4126606174115750
miniFE.c 25 Ap -240.3039429597449157
miniFE.c 25 Ap -317.7998976233925532
miniFE.c 25 Ap -272.4461662071337287
miniFE.c 25 Ap -294.0434774297671652
miniFE.c 25 Ap 1969.9607982194395390
miniFE.c 57 sum 19415.3413016094709747
miniFE.c 57 sum 22632.7405473941944365
miniFE.c 57 sum 56032.5162358352245064
miniFE.c 57 sum 99259.5395657929475419
miniFE.c 57 sum 135451.0358885329333134
miniFE.c 57 sum 142288.9915095576143358
miniFE.c 57 sum 149301.5517674282018561
miniFE.c 57 sum 218052.1266676417435519
miniFE.c 90 p_ap_dot 218052.1266676417435519
miniFE.c 91 alpha 0.0173842374859814
miniFE.c 40 y 1.1414960316156946
miniFE.c 40 y 1.9313664194026809
miniFE.c 40 y 1.1455593581598715
miniFE.c 40 y 2.0101427820772626
miniFE.c 40 y 0.8335448100277791
miniFE.c 40 y 1.9345406004389125
miniFE.c 40 y 0.9372372508593232
miniFE.c 40 y 2.0058092045636338
miniFE.c 40 y -6.2853816304444408
miniFE.c 40 y 3.3963128125256947
miniFE.c 40 y -5.7456021882910200
miniFE.c 40 y -2.2035734091230132
miniFE.c 40 y 8.5114553529718613
miniFE.c 40 y 1.4792893525823025
miniFE.c 40 y 5.2650726548027382
miniFE.c 40 y -1.6274759729501511
miniFE.c 82 oldrtrans 3790.6699543135860040
miniFE.c 48 sum 39.5060222403284129
miniFE.c 48 sum 51.0409629608546069
miniFE.c 48 sum 84.0529074669491649
miniFE.c 48 sum 88.9086432363431811
miniFE.c 48 sum 161.3535154619765422
miniFE.c 48 sum 163.5418124506399238
miniFE.c 48 sum 191.2628025109914915
miniFE.c 48 sum 193.9114805535215282
miniFE.c 83 rtrans 193.9114805535215282
miniFE.c 84 beta 0.0511549364335611
miniFE.c 40 y -7.3287112480784593
miniFE.c 40 y 3.9699826729554579
miniFE.c 40 y -7.0614255619703954
miniFE.c 40 y -0.7937738524946496
miniFE.c 40 y 7.4680365693108577
miniFE.c 40 y 2.1564568452886688
miniFE.c 40 y 4.8519915042684065
miniFE.c 40 y 0.1578038620445377
miniFE.c 87 normr 13.9252102516809959
miniFE.c 25 Ap -491.7177558635623313
miniFE.c 25 Ap -431.8204437862132181
miniFE.c 25 Ap -497.6273726818600380
miniFE.c 25 Ap -508.5151637918643814
miniFE.c 25 Ap -403.4891036226523511
miniFE.c 25 Ap -368.8641699319593954
miniFE.c 25 Ap -344.6199716790232515
miniFE.c 25 Ap -343.6087545893985293
miniFE.c 25 Ap -110.5722973909461615
miniFE.c 25 Ap 153.1798137592996341
miniFE.c 25 Ap 51.5519889141885557
miniFE.c 25 Ap 46.8180677122993245
miniFE.c 25 Ap 128.4706670268822108
miniFE.c 25 Ap 149.2853621151292884
miniFE.c 25 Ap 204.5854986057930773
miniFE.c 25 Ap 205.6828511976723064
miniFE.c 25 Ap -68.2978211363389960
miniFE.c 25 Ap -11.1619496066442352
miniFE.c 25 Ap -489.0374986157293620
miniFE.c 25 Ap -496.6673917963321401
miniFE.c 25 Ap -371.2179692584658710
miniFE.c 25 Ap -336.3357918306983834
miniFE.c 25 Ap -278.3450804911726664
miniFE.c 25 Ap -276.3960181644040404
miniFE.c 25 Ap -100.5241945471557017
miniFE.c 25 Ap -76.8479483624611817
miniFE.c 25 Ap -144.7236066135939723
miniFE.c 25 Ap -196.6377739200318047
miniFE.c 25 Ap -169.2441793637038074
miniFE.c 25 Ap -145.3379359870866097
miniFE.c 25 Ap -139.0292165175171988
miniFE.c 25 Ap -138.2842200662967969
miniFE.c 25 Ap -103.0666710533390784
miniFE.c 25 Ap -59.6604288004865566
miniFE.c 25 Ap -178.2795264470664165
miniFE.c 25 Ap -181.1911778406882831
miniFE.c 25 Ap 315.8907459387197605
miniFE.c 25 Ap 325.5715271037875596
miniFE.c 25 Ap 393.7549140361600166
miniFE.c 25 Ap 394.3544642457725899
miniFE.c 25 Ap -117.6727192836469698
miniFE.c 25 Ap -79.3533905088898877
miniFE.c 25 Ap -193.5768213573987850
miniFE.c 25 Ap -202.3765109710306831
miniFE.c 25 Ap -168.8509489278243905
miniFE.c 25 Ap -25.5257753760553783
miniFE.c 25 Ap 11.4087435804052504
miniFE.c 25 Ap 11.9494009152912124
miniFE.c 25 Ap -36.6197525862585351
miniFE.c 25 Ap 8.6277676303107356
miniFE.c 25 Ap -75.7699670008257158
miniFE.c 25 Ap -76.8020579583763947
miniFE.c 25 Ap 28.1437208177155185
miniFE.c 25 Ap 44.5591857172388899
miniFE.c 25 Ap 363.1322143027947504
miniFE.c 25 Ap 363.5542697266529899
miniFE.c 25 Ap -46.9628433864954005
miniFE.c 25 Ap -19.3559729370650935
miniFE.c 25 Ap -106.5728404953069770
miniFE.c 25 Ap -110.3202690786020810
miniFE.c 25 Ap -81.9466739554297021
miniFE.c 25 Ap -74.5583616817966117
miniFE.c 25 Ap -61.5814338401150110
miniFE.c 25 Ap -51.3443532968665934
miniFE.c 57 sum 2518.2093446975559345
miniFE.c 57 sum 3334.7667000763908618
miniFE.c 57 sum 5286.5166079693472057
miniFE.c 57 sum 5396.2830060705891810
miniFE.c 57 sum 8341.3365663290096563
miniFE.c 57 sum 8367.1049337298882165
miniFE.c 57 sum 10131.0671617841126135
miniFE.c 57 sum 10122.9648245396874700
miniFE.c 90 p_ap_dot 10122.9648245396874700
miniFE.c 91 alpha 0.0191556015371553
miniFE.c 40 y 1.0011101591666356
miniFE.c 40 y 2.0074138255952265
miniFE.c 40 y 1.0102935038104837
miniFE.c 40 y 1.9949375664482625
miniFE.c 40 y 0.9765995428144022
miniFE.c 40 y 1.9758488284993332
miniFE.c 40 y 1.0301800667767516
miniFE.c 40 y 2.0088320324659832
miniFE.c 40 y 0.2966507571482611
miniFE.c 40 y -0.5436659280429228
miniFE.c 40 y -0.4510701978773568
miniFE.c 40 y 0.4453440093432639
miniFE.c 40 y 0.9573583714814831
miniFE.c 40 y 1.2503913900412651
miniFE.c 40 y -1.6990280732125100
miniFE.c 40 y -0.6439440000124484
miniFE.c 82 oldrtrans 193.9114805535215282
miniFE.c 48 sum 0.0880016717166366
miniFE.c 48 sum 0.3835743130314091
miniFE.c 48 sum 0.5870386364445269
miniFE.c 48 sum 0.7853699231024600
miniFE.c 48 sum 1.7019049745481374
miniFE.c 48 sum 3.2653836028374643
miniFE.c 48 sum 6.1520799964016781
miniFE.c 48 sum 6.5667438715537099
miniFE.c 83 rtrans 6.5667438715537099
miniFE.c 84 beta 0.0338646471720442
miniFE.c 40 y 0.0484665365062926
miniFE.c 40 y -0.4092238655441575
miniFE.c 40 y -0.6902028830651379
miniFE.c 40 y 0.4184631378941384
miniFE.c 40 y 1.2102607949691184
miniFE.c 40 y 1.3234190402487054
miniFE.c 40 y -1.5347170928387046
miniFE.c 40 y -0.6386000279019243
miniFE.c 87 normr 2.5625658765295594
miniFE.c 25 Ap 3.2518482115941172
miniFE.c 25 Ap -2.9223373209966361
miniFE.c 25 Ap -9.3544850014947478
miniFE.c 25 Ap -3.6146395552011779
miniFE.c 25 Ap 13.4057542113754717
miniFE.c 25 Ap 34.6550996892247838
miniFE.c 25 Ap 26.9864989861488027
miniFE.c 25 Ap 22.8943097755515126
miniFE.c 25 Ap 0.7312412928655153
miniFE.c 25 Ap -26.4561968805067984
miniFE.c 25 Ap -36.3895760674937705
miniFE.c 25 Ap -33.8939389103105029
miniFE.c 25 Ap -20.6614193798281995
miniFE.c 25 Ap -7.8874267738829911
miniFE.c 25 Ap -25.3792267149737754
miniFE.c 25 Ap -29.8199887262010215
miniFE.c 25 Ap 0.4516699770744168
miniFE.c 25 Ap -5.4378676191211310
miniFE.c 25 Ap -52.1467196459307516
miniFE.c 25 Ap -48.1243787334431659
miniFE.c 25 Ap -27.7942000526088222
miniFE.c 25 Ap -6.3869839174482408
miniFE.c 25 Ap -24.7298305280308703
miniFE.c 25 Ap -32.6172880346522831
miniFE.c 25 Ap 0.6647907633231978
miniFE.c 25 Ap -1.7757450735908968
miniFE.c 25 Ap -8.4100959711175385
miniFE.c 25 Ap 18.9581088191249059
miniFE.c 25 Ap 23.3974809642806676
miniFE.c 25 Ap 38.0687588683833837
miniFE.c 25 Ap 36.0732690586104354
miniFE.c 25 Ap 33.0584204460846678
miniFE.c 25 Ap 0.6816047741679607
miniFE.c 25 Ap -3.7926893743842944
miniFE.c 25 Ap -15.3868416406314310
miniFE.c 25 Ap -13.8518719829642869
miniFE.c 25 Ap 66.7046114587819119
miniFE.c 25 Ap 72.6457134781996814
miniFE.c 25 Ap 51.0788559763489332
miniFE.c 25 Ap 48.6525986235400936
miniFE.c 25 Ap 0.7781980967596369
miniFE.c 25 Ap -3.1717395070208054
miniFE.c 25 Ap -14.3362473805887269
miniFE.c 25 Ap -9.6972110648394789
miniFE.c 25 Ap -4.2640998322385473
miniFE.c 25 Ap 83.6946571629520264
miniFE.c 25 Ap 72.0120238548786205
miniFE.c 25 Ap 69.8240939482828651
miniFE.c 25 Ap 0.2421752632208907
miniFE.c 25 Ap -4.4219169141707448
miniFE.c 25 Ap -12.6711803603922881
miniFE.c 25 Ap -12.1270807792187796
miniFE.c 25 Ap 4.8803026838119514
miniFE.c 25 Ap 14.9544847153357168
miniFE.c 25 Ap -85.8122771096865051
miniFE.c 25 Ap -87.5202492845117916
miniFE.c 25 Ap 0.3105766193241231
miniFE.c 25 Ap -2.5351260377311249
miniFE.c 25 Ap -11.0599391809587644
miniFE.c 25 Ap -9.0843629899926768
miniFE.c 25 Ap -4.4861731617562963
miniFE.c 25 Ap 0.0480391317062017
miniFE.c 25 Ap -4.0566492119652056
miniFE.c 25 Ap -45.4840251700238625
miniFE.c 57 sum 1.1096079005231394
miniFE.c 57 sum 13.3126589575423164
miniFE.c 57 sum 35.8252051968253440
miniFE.c 57 sum 49.6589355505176755
miniFE.c 57 sum 108.5412682379567428
miniFE.c 57 sum 200.9478036372286738
miniFE.c 57 sum 335.2666261836733383
miniFE.c 57 sum 364.3127259263424094
miniFE.c 90 p_ap_dot 364.3127259263424094
miniFE.c 91 alpha 0.0180250191778406
miniFE.c 40 y 1.0019837694166451
miniFE.c 40 y 2.0000375575707632
miniFE.c 40 y 0.9978525836066336
miniFE.c 40 y 2.0024803725340239
miniFE.c 40 y 0.9984145168539091
miniFE.c 40 y 1.9997034820801356
miniFE.c 40 y 1.0025167617457742
miniFE.c 40 y 1.9973212547160815
miniFE.c 40 y -0.1160196156194785
miniFE.c 40 y -0.0061600593701588
miniFE.c 40 y 0.1368570444764015
miniFE.c 40 y -0.1505346531865301
miniFE.c 40 y 0.0803943482403916
miniFE.c 40 y -0.0081892424518775
miniFE.c 40 y -0.1214739014097947
miniFE.c 40 y 0.1759064259626164
miniFE.c 82 oldrtrans 6.5667438715537099
miniFE.c 48 sum 0.0134605512084915
miniFE.c 48 sum 0.0134984975399354
miniFE.c 48 sum 0.0322283481627512
miniFE.c 48 sum 0.0548890299727401
miniFE.c 48 sum 0.0613522812017374
miniFE.c 48 sum 0.0614193448936731
miniFE.c 48 sum 0.0761752536173896
miniFE.c 48 sum 0.1071183243123310
miniFE.c 83 rtrans 0.1071183243123310
miniFE.c 84 beta 0.0163122433899628
miniFE.c 40 y -0.1152290176797194
miniFE.c 40 y -0.0128354186658966
miniFE.c 40 y 0.1255982870593889
miniFE.c 40 y -0.1437085806314734
miniFE.c 40 y 0.1001364168932578
miniFE.c 40 y 0.0133986910395705
miniFE.c 40 y -0.1465085801629159
miniFE.c 40 y 0.1654894268786432
miniFE.c 87 normr 0.3272893586909465
miniFE.c 25 Ap -7.7312575248056454
miniFE.c 25 Ap -7.9249125456982936
miniFE.c 25 Ap -6.7544353561567050
miniFE.c 25 Ap -8.7256126653025028
miniFE.c 25 Ap -7.3173531786016923
miniFE.c 25 Ap -7.1022184357939331
miniFE.c 25 Ap -7.8342854767401437
miniFE.c 25 Ap -6.7738188034679050
miniFE.c 25 Ap -1.7385235656936502
miniFE.c 25 Ap -2.5912650130781678
miniFE.c 25 Ap -0.7836582336680551
miniFE.c 25 Ap -1.6407097661753260
miniFE.c 25 Ap -0.5458572370670338
miniFE.c 25 Ap -0.4165295071012833
miniFE.c 25 Ap -2.0863478637359028
miniFE.c 25 Ap -0.9355506071856523
miniFE.c 25 Ap -1.0738437595380705
miniFE.c 25 Ap -1.2585707199150939
miniFE.c 25 Ap 7.2411790623878236
miniFE.c 25 Ap 5.8598270363564904
miniFE.c 25 Ap 7.5419365918844754
miniFE.c 25 Ap 7.7586696645463444
miniFE.c 25 Ap 6.0076079049539830
miniFE.c 25 Ap 8.0515959495346738
miniFE.c 25 Ap -1.5805376687136941
miniFE.c 25 Ap -1.6570857439200666
miniFE.c 25 Ap -0.4498130290049853
miniFE.c 25 Ap -9.8485999439762235
miniFE.c 25 Ap -9.4812883515330615
miniFE.c 25 Ap -9.3327519365243976
miniFE.c 25 Ap -9.5232472272353661
miniFE.c 25 Ap -8.7419670092373387
miniFE.c 25 Ap -1.6205129195271422
miniFE.c 25 Ap -1.7608503814067755
miniFE.c 25 Ap 0.3489722523085090
miniFE.c 25 Ap -0.1781669168087661
miniFE.c 25 Ap 6.4870391634917581
miniFE.c 25 Ap 6.5471886610974348
miniFE.c 25 Ap 4.4883533969852332
miniFE.c 25 Ap 5.1171036651234836
miniFE.c 25 Ap -1.8501631994726462
miniFE.c 25 Ap -1.9740540746572450
miniFE.c 25 Ap 0.0575848813464406
miniFE.c 25 Ap -1.5355526355902036
miniFE.c 25 Ap -1.0860195319180725
miniFE.c 25 Ap -0.1954987117085207
miniFE.c 25 Ap -1.3107570394592956
miniFE.c 25 Ap -0.7437679219004355
miniFE.c 25 Ap -0.5757708245491732
miniFE.c 25 Ap -0.7220613536060494
miniFE.c 25 Ap 0.7790818374305428
miniFE.c 25 Ap 0.5922271985103403
miniFE.c 25 Ap 1.9994102187295479
miniFE.c 25 Ap 2.1014042572099165
miniFE.c 25 Ap -7.5180854008428479
miniFE.c 25 Ap -7.0754744957585851
miniFE.c 25 Ap -0.7383948047197556
miniFE.c 25 Ap -0.8276510482513711
miniFE.c 25 Ap 0.7236347469279406
miniFE.c 25 Ap 0.0451825139264972
miniFE.c 25 Ap 0.4256346078128934
miniFE.c 25 Ap 0.4715403321377521
miniFE.c 25 Ap 0.0796947835029643
miniFE.c 25 Ap 10.8153546720711411
miniFE.c 57 sum 0.7805404866640188
miniFE.c 57 sum 0.7925486703903803
miniFE.c 57 sum 1.8038153297462489
miniFE.c 57 sum 3.0601110005709131
miniFE.c 57 sum 3.5725194264677356
miniFE.c 57 sum 3.5625539098770482
miniFE.c 57 sum 4.5991716322295622
miniFE.c 57 sum 6.3889984783998708
miniFE.c 90 p_ap_dot 6.3889984783998708
miniFE.c 91 alpha 0.0167660588235355
miniFE.c 40 y 1.0000518329280488
miniFE.c 40 y 1.9998223581863861
miniFE.c 40 y 0.9999583718756067
miniFE.c 40 y 2.0000709460177100
miniFE.c 40 y 1.0000934099099197
miniFE.c 40 y 1.9999281253222634
miniFE.c 40 y 1.0000603902726102
miniFE.c 40 y 2.0000958601818022
miniFE.c 40 y -0.0024493711005648
miniFE.c 40 y 0.0095254371423102
miniFE.c 40 y 0.0018635131631629
miniFE.c 40 y -0.0039663200762502
miniFE.c 40 y -0.0053993128151978
miniFE.c 40 y 0.0042808142777640
miniFE.c 40 y -0.0028460798094811
miniFE.c 40 y -0.0054244466667278
miniFE.c 82 oldrtrans 0.1071183243123310
miniFE.c 48 sum 0.0000059994187883
miniFE.c 48 sum 0.0000967333715404
miniFE.c 48 sum 0.0001002060528497
miniFE.c 48 sum 0.0001159377477969
miniFE.c 48 sum 0.0001450903266733
miniFE.c 48 sum 0.0001634156975540
miniFE.c 48 sum 0.0001715158678359
miniFE.c 48 sum 0.0002009404894761
miniFE.c 83 rtrans 0.0002009404894761
miniFE.c 84 beta 0.0018758740931217
miniFE.c 40 y -0.0026655262296060
miniFE.c 40 y 0.0095013595129604
miniFE.c 40 y 0.0020991197359981
miniFE.c 40 y -0.0042358992796161
miniFE.c 40 y -0.0052114695049697
miniFE.c 40 y 0.0043059485351669
miniFE.c 40 y -0.0031209114594288
miniFE.c 40 y -0.0051140093381606
miniFE.c 87 normr 0.0141753479490314
miniFE.c 25 Ap -0.1788427093728101
miniFE.c 25 Ap -0.0354904726530439
miniFE.c 25 Ap -0.0159283287207738
miniFE.c 25 Ap -0.0740299988306348
miniFE.c 25 Ap -0.1473210311815212
miniFE.c 25 Ap -0.0781829991214679
miniFE.c 25 Ap -0.0937774196981916
miniFE.c 25 Ap -0.1265483137197132
miniFE.c 25 Ap -0.0402162602654925
miniFE.c 25 Ap 0.5910216661396593
miniFE.c 25 Ap 0.6212321344065520
miniFE.c 25 Ap 0.5959700105083893
miniFE.c 25 Ap 0.5389898354141571
miniFE.c 25 Ap 0.5805519960578981
miniFE.c 25 Ap 0.5449816885810900
miniFE.c 25 Ap 0.5094193688164360
miniFE.c 25 Ap -0.0248406066907855
miniFE.c 25 Ap 0.1119026743789556
miniFE.c 25 Ap 0.2539586923136678
miniFE.c 25 Ap 0.2132424871556242
miniFE.c 25 Ap 0.1256992843466317
miniFE.c 25 Ap 0.1953509730074451
miniFE.c 25 Ap 0.1580500264990399
miniFE.c 25 Ap 0.0948860277818304
miniFE.c 25 Ap -0.0365616638731288
miniFE.c 25 Ap 0.0201026960120168
miniFE.c 25 Ap 0.0402798022603844
miniFE.c 25 Ap -0.2367552540142745
miniFE.c 25 Ap -0.2558715078430880
miniFE.c 25 Ap -0.2081362360365670
miniFE.c 25 Ap -0.2121941481061945
miniFE.c 25 Ap -0.2363375293839123
miniFE.c 25 Ap -0.0374863882327038
miniFE.c 25 Ap 0.0663977711517956
miniFE.c 25 Ap 0.1016591623186442
miniFE.c 25 Ap 0.0861214093402932
miniFE.c 25 Ap -0.2607605673620685
miniFE.c 25 Ap -0.2414302730563577
miniFE.c 25 Ap -0.2852873806858141
miniFE.c 25 Ap -0.3047172306966426
miniFE.c 25 Ap -0.0427987553530463
miniFE.c 25 Ap 0.0489108940276782
miniFE.c 25 Ap 0.0828656041500655
miniFE.c 25 Ap 0.0359068906851625
miniFE.c 25 Ap 0.0125115253031658
miniFE.c 25 Ap 0.2986989454020658
miniFE.c 25 Ap 0.2749418214750551
miniFE.c 25 Ap 0.2574205350912562
miniFE.c 25 Ap -0.0133189735188364
miniFE.c 25 Ap 0.0949719164077740
miniFE.c 25 Ap 0.1200604695452392
miniFE.c 25 Ap 0.1145528135172062
miniFE.c 25 Ap 0.0413178044634982
miniFE.c 25 Ap 0.0740957138348883
miniFE.c 25 Ap -0.1308177149505784
miniFE.c 25 Ap -0.1444954244240213
miniFE.c 25 Ap -0.0170808600074679
miniFE.c 25 Ap 0.0489906629124267
miniFE.c 25 Ap 0.0749172476220944
miniFE.c 25 Ap 0.0549194485178471
miniFE.c 25 Ap 0.0351193143917744
miniFE.c 25 Ap 0.0498720753763084
miniFE.c 25 Ap 0.0415250197861129
miniFE.c 25 Ap -0.2902319145207247
miniFE.c 57 sum 0.0003373178495323
miniFE.c 57 sum 0.0051774944155227
miniFE.c 57 sum 0.0053766715491100
miniFE.c 57 sum 0.0063777735195735
miniFE.c 57 sum 0.0079657980749879
miniFE.c 57 sum 0.0090742376509860
miniFE.c 57 sum 0.0095251950769059
miniFE.c 57 sum 0.0110094437979971
miniFE.c 90 p_ap_dot 0.0110094437979971
miniFE.c 91 alpha 0.0182516476911090
miniFE.c 40 y 1.0000031826823945
miniFE.c 40 y 1.9999957736528031
miniFE.c 40 y 0.9999966842694895
miniFE.c 40 y 1.9999936338764033
miniFE.c 40 y 0.9999982920045620
miniFE.c 40 y 2.0000067159779031
miniFE.c 40 y 1.0000034284961776
miniFE.c 40 y 2.0000025210850731
miniFE.c 40 y -0.0001396558626486
miniFE.c 40 y 0.0002276942956454
miniFE.c 40 y 0.0001316868132802
miniFE.c 40 y 0.0003472292462521
miniFE.c 40 y 0.0001622787248877
miniFE.c 40 y -0.0004175346371784
miniFE.c 40 y -0.0002088002299166
miniFE.c 40 y -0.0001272360141795
