filename line variable value
miniFE.c 167 A 67.0947100000000063
miniFE.c 167 A 15.0875500000000002
miniFE.c 167 A 9.3192129999999995
miniFE.c 167 A 13.7164900000000003
miniFE.c 167 A 14.0634099999999993
miniFE.c 167 A 16.0564000000000000
miniFE.c 167 A 4.9967519999999999
miniFE.c 167 A 6.4080630000000003
miniFE.c 167 A 15.0875500000000002
miniFE.c 167 A 66.4365899999999954
miniFE.c 167 A 14.3919700000000006
miniFE.c 167 A 5.9638159999999996
miniFE.c 167 A 10.9336099999999998
miniFE.c 167 A 9.6522659999999991
miniFE.c 167 A 11.3974100000000007
miniFE.c 167 A 6.9539020000000002
miniFE.c 167 A 9.3192129999999995
miniFE.c 167 A 14.3919700000000006
miniFE.c 167 A 67.6740900000000067
miniFE.c 167 A 9.6121750000000006
miniFE.c 167 A 16.7981799999999986
miniFE.c 167 A 16.1756899999999995
miniFE.c 167 A 11.9519400000000005
miniFE.c 167 A 12.3511699999999998
miniFE.c 167 A 13.7164900000000003
miniFE.c 167 A 5.9638159999999996
miniFE.c 167 A 9.6121750000000006
miniFE.c 167 A 65.4017099999999942
miniFE.c 167 A 3.6681119999999998
miniFE.c 167 A 11.0858899999999991
miniFE.c 167 A 1.3002330000000000
miniFE.c 167 A 4.7210279999999996
miniFE.c 167 A 14.0634099999999993
miniFE.c 167 A 10.9336099999999998
miniFE.c 167 A 16.7981799999999986
miniFE.c 167 A 3.6681119999999998
miniFE.c 167 A 66.5612600000000043
miniFE.c 167 A 4.4892070000000004
miniFE.c 167 A 14.0526599999999995
miniFE.c 167 A 3.7993380000000001
miniFE.c 167 A 16.0564000000000000
miniFE.c 167 A 9.6522659999999991
miniFE.c 167 A 16.1756899999999995
miniFE.c 167 A 11.0858899999999991
miniFE.c 167 A 4.4892070000000004
miniFE.c 167 A 66.4632699999999943
miniFE.c 167 A 7.6122389999999998
miniFE.c 167 A 3.4261349999999999
miniFE.c 167 A 4.9967519999999999
miniFE.c 167 A 11.3974100000000007
miniFE.c 167 A 11.9519400000000005
miniFE.c 167 A 1.3002330000000000
miniFE.c 167 A 14.0526599999999995
miniFE.c 167 A 7.6122389999999998
miniFE.c 167 A 65.6581999999999937
miniFE.c 167 A 2.6745570000000001
miniFE.c 167 A 6.4080630000000003
miniFE.c 167 A 6.9539020000000002
miniFE.c 167 A 12.3511699999999998
miniFE.c 167 A 4.7210279999999996
miniFE.c 167 A 3.7993380000000001
miniFE.c 167 A 3.4261349999999999
miniFE.c 167 A 2.6745570000000001
miniFE.c 167 A 64.8721800000000002
miniFE.c 175 b 198.0110999999999990
miniFE.c 175 b 229.8237000000000023
miniFE.c 175 b 210.8053999999999917
miniFE.c 175 b 202.6418999999999926
miniFE.c 175 b 157.2561000000000035
miniFE.c 175 b 225.5886000000000138
miniFE.c 175 b 142.6283999999999992
miniFE.c 175 b 185.1795999999999935
miniFE.c 33 r 0.0000000000000000
miniFE.c 33 r 0.0000000000000000
miniFE.c 33 r 0.0000000000000000
miniFE.c 33 r 0.0000000000000000
miniFE.c 33 r 0.0000000000000000
miniFE.c 33 r 0.0000000000000000
miniFE.c 33 r 0.0000000000000000
miniFE.c 33 r 0.0000000000000000
miniFE.c 25 Ap 0.0000000000000000
miniFE.c 25 Ap 0.0000000000000000
miniFE.c 25 Ap 0.0000000000000000
miniFE.c 25 Ap 0.0000000000000000
miniFE.c 25 Ap 0.0000000000000000
miniFE.c 25 Ap 0.0000000000000000
miniFE.c 25 Ap 0.0000000000000000
miniFE.c 25 Ap 0.0000000000000000
miniFE.c 25 Ap 0.0000000000000000
miniFE.c 25 Ap 0.0000000000000000
miniFE.c 25 Ap 0.0000000000000000
miniFE.c 25 Ap 0.0000000000000000
miniFE.c 25 Ap 0.0000000000000000
miniFE.c 25 Ap 0.0000000000000000
miniFE.c 25 Ap 0.0000000000000000
miniFE.c 25 Ap 0.0000000000000000
miniFE.c 25 Ap 0.0000000000000000
miniFE.c 25 Ap 0.0000000000000000
miniFE.c 25 Ap 0.0000000000000000
miniFE.c 25 Ap 0.0000000000000000
miniFE.c 25 Ap 0.0000000000000000
miniFE.c 25 Ap 0.0000000000000000
miniFE.c 25 Ap 0.0000000000000000
miniFE.c 25 Ap 0.0000000000000000
miniFE.c 25 Ap 0.0000000000000000
miniFE.c 25 Ap 0.0000000000000000
miniFE.c 25 Ap 0.0000000000000000
miniFE.c 25 Ap 0.0000000000000000
miniFE.c 25 Ap 0.0000000000000000
miniFE.c 25 Ap 0.0000000000000000
miniFE.c 25 Ap 0.0000000000000000
miniFE.c 25 Ap 0.0000000000000000
miniFE.c 25 Ap 0.0000000000000000
miniFE.c 25 Ap 0.0000000000000000
miniFE.c 25 Ap 0.0000000000000000
miniFE.c 25 Ap 0.0000000000000000
miniFE.c 25 Ap 0.0000000000000000
miniFE.c 25 Ap 0.0000000000000000
miniFE.c 25 Ap 0.0000000000000000
miniFE.c 25 Ap 0.0000000000000000
miniFE.c 25 Ap 0.0000000000000000
miniFE.c 25 Ap 0.0000000000000000
miniFE.c 25 Ap 0.0000000000000000
miniFE.c 25 Ap 0.0000000000000000
miniFE.c 25 Ap 0.0000000000000000
miniFE.c 25 Ap 0.0000000000000000
miniFE.c 25 Ap 0.0000000000000000
miniFE.c 25 Ap 0.0000000000000000
miniFE.c 25 Ap 0.0000000000000000
miniFE.c 25 Ap 0.0000000000000000
miniFE.c 25 Ap 0.0000000000000000
miniFE.c 25 Ap 0.0000000000000000
miniFE.c 25 Ap 0.0000000000000000
miniFE.c 25 Ap 0.0000000000000000
miniFE.c 25 Ap 0.0000000000000000
miniFE.c 25 Ap 0.0000000000000000
miniFE.c 25 Ap 0.0000000000000000
miniFE.c 25 Ap 0.0000000000000000
miniFE.c 25 Ap 0.0000000000000000
miniFE.c 25 Ap 0.0000000000000000
miniFE.c 25 Ap 0.0000000000000000
miniFE.c 25 Ap 0.0000000000000000
miniFE.c 25 Ap 0.0000000000000000
miniFE.c 25 Ap 0.0000000000000000
miniFE.c 33 r 198.0110999999999990
miniFE.c 33 r 229.8237000000000023
miniFE.c 33 r 210.8053999999999917
miniFE.c 33 r 202.6418999999999926
miniFE.c 33 r 157.2561000000000035
miniFE.c 33 r 225.5886000000000138
miniFE.c 33 r 142.6283999999999992
miniFE.c 33 r 185.1795999999999935
miniFE.c 48 sum 39208.3957232100001420
miniFE.c 48 sum 92027.3288048999966122
miniFE.c 48 sum 136466.2454740600078367
miniFE.c 48 sum 177529.9851096700003836
miniFE.c 48 sum 202259.4660968800017145
miniFE.c 48 sum 253149.6825468399911188
miniFE.c 48 sum 273492.5430333999684080
miniFE.c 48 sum 307784.0272895599482581
miniFE.c 75 rtrans 307784.0272895599482581
miniFE.c 76 normr 554.7828649927464539
miniFE.c 33 r 198.0110999999999990
miniFE.c 33 r 229.8237000000000023
miniFE.c 33 r 210.8053999999999917
miniFE.c 33 r 202.6418999999999926
miniFE.c 33 r 157.2561000000000035
miniFE.c 33 r 225.5886000000000138
miniFE.c 33 r 142.6283999999999992
miniFE.c 33 r 185.1795999999999935
miniFE.c 87 normr 554.7828649927464539
miniFE.c 25 Ap 13285.4973312810016068
miniFE.c 25 Ap 16752.9738962160008668
miniFE.c 25 Ap 18717.5143203662009910
miniFE.c 25 Ap 21497.0499152972006414
miniFE.c 25 Ap 23708.6069245981998392
miniFE.c 25 Ap 27330.7477216381994367
miniFE.c 25 Ap 28043.4264645949988335
miniFE.c 25 Ap 29230.0690077097970061
miniFE.c 25 Ap 2987.5023718050001662
miniFE.c 25 Ap 18256.2053009880000900
miniFE.c 25 Ap 21290.1102936259994749
miniFE.c 25 Ap 22498.6292991164009436
miniFE.c 25 Ap 24218.0061666374022025
miniFE.c 25 Ap 26395.4473404050004319
miniFE.c 25 Ap 28021.0416928490012651
miniFE.c 25 Ap 29308.7624836482027604
miniFE.c 25 Ap 1845.3076172643000064
miniFE.c 25 Ap 5152.9234129532997031
miniFE.c 25 Ap 19418.9870250392996240
miniFE.c 25 Ap 21366.8164301717988565
miniFE.c 25 Ap 24008.4327040697971825
miniFE.c 25 Ap 27657.4839652037990163
miniFE.c 25 Ap 29362.1700442997971550
miniFE.c 25 Ap 31649.3547644317950471
miniFE.c 25 Ap 2716.0172730389999742
miniFE.c 25 Ap 4086.6435322781999275
miniFE.c 25 Ap 6112.9419280231995799
miniFE.c 25 Ap 19366.0687056721981207
miniFE.c 25 Ap 19942.9016931553996983
miniFE.c 25 Ap 22443.7520980093977414
miniFE.c 25 Ap 22629.2022504265987664
miniFE.c 25 Ap 23503.4403270553993934
miniFE.c 25 Ap 2784.7112838509997346
miniFE.c 25 Ap 5297.5139884079999320
miniFE.c 25 Ap 8838.6610425799990480
miniFE.c 25 Ap 9581.9742276727993158
miniFE.c 25 Ap 20049.1383863587980159
miniFE.c 25 Ap 21061.8523085989982064
miniFE.c 25 Ap 23066.1607201429978886
miniFE.c 25 Ap 23769.7206112477979332
miniFE.c 25 Ap 3179.3454260399998930
miniFE.c 25 Ap 5397.6649115441996400
miniFE.c 25 Ap 8807.5877122702004272
miniFE.c 25 Ap 11054.0535250612010714
miniFE.c 25 Ap 11760.0087099739012046
miniFE.c 25 Ap 26753.3647406958989450
miniFE.c 25 Ap 27839.0862096834971453
miniFE.c 25 Ap 28473.5365185294976982
miniFE.c 25 Ap 989.4123599472000024
miniFE.c 25 Ap 3608.8072965641999872
miniFE.c 25 Ap 6128.3407890401995246
miniFE.c 25 Ap 6391.8224746028990921
miniFE.c 25 Ap 8601.6889808288997301
miniFE.c 25 Ap 10318.9233197042995016
miniFE.c 25 Ap 19683.6473325842962367
miniFE.c 25 Ap 20178.9207280214977800
miniFE.c 25 Ap 1268.8676034993000030
miniFE.c 25 Ap 2867.0390905766998912
miniFE.c 25 Ap 5470.7324228946999938
miniFE.c 25 Ap 6427.4105067679001877
miniFE.c 25 Ap 7024.8795832297000743
miniFE.c 25 Ap 7797.7765812907000509
miniFE.c 25 Ap 8179.2443669095000587
miniFE.c 25 Ap 20192.2487104374995397
miniFE.c 57 sum 5787878.1172925252467394
miniFE.c 57 sum 12523726.3537057451903820
miniFE.c 57 sum 19195581.2445636950433254
miniFE.c 57 sum 23958363.0489748232066631
miniFE.c 57 sum 27696296.6103892698884010
miniFE.c 57 sum 34119601.8506532162427902
miniFE.c 57 sum 36997689.0278177559375763
miniFE.c 57 sum 40736881.5671170875430107
miniFE.c 90 p_ap_dot 40736881.5671170875430107
miniFE.c 91 alpha 0.0075554145395853
miniFE.c 40 y 1.4960559439392744
miniFE.c 40 y 1.7364133245212852
miniFE.c 40 y 1.5927221841830903
miniFE.c 40 y 1.5310435575891859
miniFE.c 40 y 1.1881350243784765
miniFE.c 40 y 1.7044153884046875
miniFE.c 40 y 1.0776166871177848
miniFE.c 40 y 1.3991086422745860
miniFE.c 40 y -22.8341883739316245
miniFE.c 40 y 8.3838497937928480
miniFE.c 40 y -28.3185951556805833
miniFE.c 40 y 25.0636652226906733
miniFE.c 40 y -22.3339927081014764
miniFE.c 40 y 10.4592281944898673
miniFE.c 40 y -9.8317110616323760
miniFE.c 40 y 32.6187905062384118
miniFE.c 82 oldrtrans 307784.0272895599482581
miniFE.c 48 sum 521.4001586961941257
miniFE.c 48 sum 591.6890960610744514
miniFE.c 48 sum 1393.6319276524102406
miniFE.c 48 sum 2021.8192420475243125
miniFE.c 48 sum 2520.6264723330541528
miniFE.c 48 sum 2630.0219267574657351
miniFE.c 48 sum 2726.6844691568903727
miniFE.c 48 sum 3790.6699632467598349
miniFE.c 83 rtrans 3790.6699632467598349
miniFE.c 84 beta 0.0123160061184089
miniFE.c 40 y -20.3954824548187439
miniFE.c 40 y 11.2143598891482252
miniFE.c 40 y -25.7223145594869429
miniFE.c 40 y 27.5594041029366821
miniFE.c 40 y -20.3972256183443506
miniFE.c 40 y 13.2375787723331708
miniFE.c 40 y -8.0750988145735008
miniFE.c 40 y 34.8994635928429275
miniFE.c 87 normr 61.5684169298412272
miniFE.c 25 Ap -1368.4289806161518754
miniFE.c 25 Ap -1199.2317650706336281
miniFE.c 25 Ap -1438.9434933034935966
miniFE.c 25 Ap -1060.9252025196035447
miniFE.c 25 Ap -1347.7797492528836756
miniFE.c 25 Ap -1135.2318894527934390
miniFE.c 25 Ap -1175.5811556047112845
miniFE.c 25 Ap -951.9431942355674892
miniFE.c 25 Ap -307.7178613112005223
miniFE.c 25 Ap 437.3259687565855529
miniFE.c 25 Ap 67.1311892858862507
miniFE.c 25 Ap 231.4904044254456608
miniFE.c 25 Ap 8.4750944324596844
miniFE.c 25 Ap 136.2477259389728772
miniFE.c 25 Ap 44.2125139587647027
miniFE.c 25 Ap 286.8999636359623082
miniFE.c 25 Ap -190.0698452342187466
miniFE.c 25 Ap -28.6731141403941479
miniFE.c 25 Ap -1769.4073446474239972
miniFE.c 25 Ap -1504.5015295142784453
miniFE.c 25 Ap -1847.1377969518380269
miniFE.c 25 Ap -1633.0108263799961605
miniFE.c 25 Ap -1729.5239229058497585
miniFE.c 25 Ap -1298.4747151618360022
miniFE.c 25 Ap -279.7544311366967804
miniFE.c 25 Ap -212.8740522000363740
miniFE.c 25 Ap -460.1214411508727835
miniFE.c 25 Ap 1342.3107137622018854
miniFE.c 25 Ap 1267.4914057048456471
miniFE.c 25 Ap 1414.2417478412662604
miniFE.c 25 Ap 1403.7422378842968556
miniFE.c 25 Ap 1568.5035826910889227
miniFE.c 25 Ap -286.8300319099224680
miniFE.c 25 Ap -164.2165944823325390
miniFE.c 25 Ap -596.3046644692149130
miniFE.c 25 Ap -495.2136835663836223
miniFE.c 25 Ap -1852.8787212276629361
miniFE.c 25 Ap -1793.4524899398534217
miniFE.c 25 Ap -1906.9291080474579303
miniFE.c 25 Ap -1774.3342498395531948
miniFE.c 25 Ap -327.4780244875516928
miniFE.c 25 Ap -219.2340398177625218
miniFE.c 25 Ap -635.3102262145098393
miniFE.c 25 Ap -329.7897038638051299
miniFE.c 25 Ap -421.3570718902559520
miniFE.c 25 Ap 458.4557002015919807
miniFE.c 25 Ap 396.9861180764418123
miniFE.c 25 Ap 516.5563917731067249
miniFE.c 25 Ap -101.9111677470804693
miniFE.c 25 Ap 25.9034897970964124
miniFE.c 25 Ap -281.5280704790179698
miniFE.c 25 Ap -245.6944238040443054
miniFE.c 25 Ap -532.3297003619271663
miniFE.c 25 Ap -431.5620869656004857
miniFE.c 25 Ap -961.7585399526303718
miniFE.c 25 Ap -868.4179353041471359
miniFE.c 25 Ap -130.6955364858731627
miniFE.c 25 Ap -52.7119768240055322
miniFE.c 25 Ap -370.4126567417038700
miniFE.c 25 Ap -240.3039383084249323
miniFE.c 25 Ap -317.7998926947741438
miniFE.c 25 Ap -272.4461607476264362
miniFE.c 25 Ap -294.0434728078357125
miniFE.c 25 Ap 1969.9608112905175403
miniFE.c 57 sum 19415.3407160156275495
miniFE.c 57 sum 22632.7401604128463077
miniFE.c 57 sum 56032.5152313458020217
miniFE.c 57 sum 99259.5393036334862700
miniFE.c 57 sum 135451.0353199666133150
miniFE.c 57 sum 142288.9912464153021574
miniFE.c 57 sum 149301.5518863441830035
miniFE.c 57 sum 218052.1274993049155455
miniFE.c 90 p_ap_dot 218052.1274993049155455
miniFE.c 91 alpha 0.0173842374606450
miniFE.c 40 y 1.1414960338202862
miniFE.c 40 y 1.9313664198033706
miniFE.c 40 y 1.1455593598435627
miniFE.c 40 y 2.0101427827885114
miniFE.c 40 y 0.8335448106908265
miniFE.c 40 y 1.9345406011869211
miniFE.c 40 y 0.9372372518070660
miniFE.c 40 y 2.0058092046217029
miniFE.c 40 y -6.2853818362955991
miniFE.c 40 y 3.3963126984948593
miniFE.c 40 y -5.7456023706638284
miniFE.c 40 y -2.2035735166836723
miniFE.c 40 y 8.5114552256647578
miniFE.c 40 y 1.4792892180922035
miniFE.c 40 y 5.2650725407779788
miniFE.c 40 y -1.6274760254008527
miniFE.c 82 oldrtrans 3790.6699632467598349
miniFE.c 48 sum 39.5060248280346400
miniFE.c 48 sum 51.0409647739920729
miniFE.c 48 sum 84.0529113757698809
miniFE.c 48 sum 88.9086476191995274
miniFE.c 48 sum 161.3535176776954359
miniFE.c 48 sum 163.5418142684592908
miniFE.c 48 sum 191.2628031281135748
miniFE.c 48 sum 193.9114813413681304
miniFE.c 83 rtrans 193.9114813413681304
miniFE.c 84 beta 0.0511549365208467
miniFE.c 40 y -7.3287114465838936
miniFE.c 40 y 3.9699825667461655
miniFE.c 40 y -7.0614257391236324
miniFE.c 40 y -0.7937739492455855
miniFE.c 40 y 119.4885831033114414
miniFE.c 40 y 2.1564567198806142
miniFE.c 40 y 4.8519913735189073
miniFE.c 40 y 0.1578038193026263
miniFE.c 87 normr 13.9252102799694963
miniFE.c 25 Ap -491.7177691822269026
miniFE.c 25 Ap -431.8204587073157654
miniFE.c 25 Ap -497.6273892538913515
miniFE.c 25 Ap -508.5151816909789204
miniFE.c 25 Ap 1171.9017528099620904
miniFE.c 25 Ap 1206.5266844870532168
miniFE.c 25 Ap 1230.7708820866664610
miniFE.c 25 Ap 1231.7820989023982747
miniFE.c 25 Ap -110.5723003859068285
miniFE.c 25 Ap 153.1798037081557595
miniFE.c 25 Ap 51.5519763134606137
miniFE.c 25 Ap 46.8180545345666062
miniFE.c 25 Ap 1353.2596216387635195
miniFE.c 25 Ap 1374.0743155165387179
miniFE.c 25 Ap 1429.3744505169968306
miniFE.c 25 Ap 1430.4718028116531059
miniFE.c 25 Ap -68.2978229862534221
miniFE.c 25 Ap -11.1619529851196120
miniFE.c 25 Ap -489.0375139828888678
miniFE.c 25 Ap -496.6674080934785707
miniFE.c 25 Ap 1510.5233188209053878
miniFE.c 25 Ap 1545.4054942201109952
miniFE.c 25 Ap 1603.3962039969264879
miniFE.c 25 Ap 1605.3452657957825522
miniFE.c 25 Ap -100.5241972699535182
miniFE.c 25 Ap -76.8479517186716663
miniFE.c 25 Ap -144.7236116726323871
miniFE.c 25 Ap -196.6377853067468777
miniFE.c 25 Ap 241.6597202375070310
miniFE.c 25 Ap 265.5659622238643465
miniFE.c 25 Ap 271.8746815234289329
miniFE.c 25 Ap 272.6196777728635539
miniFE.c 25 Ap -103.0666738450023843
miniFE.c 25 Ap -59.6604327534008405
miniFE.c 25 Ap -178.2795333758326422
miniFE.c 25 Ap -181.1911851243477543
miniFE.c 25 Ap 7772.1194618467725377
miniFE.c 25 Ap 7781.8002424488577162
miniFE.c 25 Ap 7849.9836275438519806
miniFE.c 25 Ap 7850.5831775910737633
miniFE.c 25 Ap -117.6727224709296280
miniFE.c 25 Ap -79.3533947213328901
miniFE.c 25 Ap -193.5768284354176387
miniFE.c 25 Ap -202.3765191216197934
miniFE.c 25 Ap 334.0324645658477039
miniFE.c 25 Ap 477.3576297825873098
miniFE.c 25 Ap 514.2921477437514568
miniFE.c 25 Ap 514.8328049321978597
miniFE.c 25 Ap -36.6197535781409655
miniFE.c 25 Ap 8.6277654279174527
miniFE.c 25 Ap -75.7699713205438599
miniFE.c 25 Ap -76.8020624038933022
miniFE.c 25 Ap 1602.3303698286870258
miniFE.c 25 Ap 1618.7458337735743044
miniFE.c 25 Ap 1937.3188537743533288
miniFE.c 25 Ap 1937.7409090838959855
miniFE.c 25 Ap -46.9628446585307273
miniFE.c 25 Ap -19.3559749476694343
miniFE.c 25 Ap -106.5728446939610734
miniFE.c 25 Ap -110.3202737340200628
miniFE.c 25 Ap 343.6572406165490179
miniFE.c 25 Ap 351.0455524605171718
miniFE.c 25 Ap 364.0224799525017829
miniFE.c 25 Ap 374.2595577229892569
miniFE.c 57 sum -9027.3755679231398972
miniFE.c 57 sum -3348.4274485389187248
miniFE.c 57 sum -14684.4538286095266812
miniFE.c 57 sum -14900.8522268773522228
miniFE.c 57 sum 923154.2081981725059450
miniFE.c 57 sum 924264.4228599835187197
miniFE.c 57 sum 933666.3250349732115865
miniFE.c 57 sum 933725.3846225923625752
miniFE.c 90 p_ap_dot 933725.3846225923625752
miniFE.c 91 alpha 0.0002076750664969
miniFE.c 40 y 1.1399740431832801
miniFE.c 40 y 1.9321908861969113
miniFE.c 40 y 1.1440928777836270
miniFE.c 40 y 2.0099779357308183
miniFE.c 40 y 0.8583596101324307
miniFE.c 40 y 1.9349884434796201
miniFE.c 40 y 0.9382448894382041
miniFE.c 40 y 2.0058419765403701
miniFE.c 40 y -6.5411922655948826
miniFE.c 40 y 3.0992393717239661
miniFE.c 40 y -6.0789925554884991
miniFE.c 40 y -2.2601898263935234
miniFE.c 40 y 6.8810848422188542
miniFE.c 40 y 1.3723712810931084
miniFE.c 40 y 4.8626520686301600
miniFE.c 40 y -1.7052004039380859
miniFE.c 82 oldrtrans 193.9114813413681304
miniFE.c 48 sum 42.7871962554783138
miniFE.c 48 sum 52.3924809387222794
miniFE.c 48 sum 89.3466314284068801
miniFE.c 48 sum 94.4550894797396694
miniFE.c 48 sum 141.8044180855537491
miniFE.c 48 sum 143.6878210187229001
miniFE.c 48 sum 167.3332061592760738
miniFE.c 48 sum 170.2409145768666860
miniFE.c 83 rtrans 170.2409145768666860
miniFE.c 84 beta 0.8779310714313455
miniFE.c 40 y -12.9752957581054460
miniFE.c 40 y 6.5846104201111899
miniFE.c 40 y -12.2784376204701910
miniFE.c 40 y -2.9570686401289907
miniFE.c 40 y 111.7838246299224352
miniFE.c 40 y 3.2655916396732207
miniFE.c 40 y 9.1223660537592597
miniFE.c 40 y -1.5666595277817728
miniFE.c 87 normr 13.0476401918839979
miniFE.c 25 Ap -870.5737060543151529
miniFE.c 25 Ap -771.2280671103665100
miniFE.c 25 Ap -885.6534426027413929
miniFE.c 25 Ap -926.2140450343842986
miniFE.c 25 Ap 645.8477121043131319
miniFE.c 25 Ap 698.2813577075622788
miniFE.c 25 Ap 743.8635585314159471
miniFE.c 25 Ap 733.8243055778400503
miniFE.c 25 Ap -195.7654235152038211
miniFE.c 25 Ap 241.6936392754510337
miniFE.c 25 Ap 64.9827333947726515
miniFE.c 25 Ap 47.3473201256731357
miniFE.c 25 Ap 1269.5480629376393154
miniFE.c 25 Ap 1301.0684220911414286
miniFE.c 25 Ap 1405.0397681759177431
miniFE.c 25 Ap 1394.1453713523569604
miniFE.c 25 Ap -120.9195449077811162
miniFE.c 25 Ap -26.1540292798534750
miniFE.c 25 Ap -857.0861218669391519
miniFE.c 25 Ap -885.5099831228710627
miniFE.c 25 Ap 992.2548240989992792
miniFE.c 25 Ap 1045.0780221289448946
miniFE.c 25 Ap 1154.1079938615123410
miniFE.c 25 Ap 1134.7579157017598845
miniFE.c 25 Ap -177.9755145130957601
miniFE.c 25 Ap -138.7061095358699276
miniFE.c 25 Ap -256.7286006704130159
miniFE.c 25 Ap -450.1259463222236263
miniFE.c 25 Ap -40.0903577913096001
miniFE.c 25 Ap -3.8883680889726406
miniFE.c 25 Ap 7.9728332922049230
miniFE.c 25 Ap 0.5765897950803964
miniFE.c 25 Ap -182.4769041174976962
miniFE.c 25 Ap -110.4833417820657928
miniFE.c 25 Ap -316.7387470494957142
miniFE.c 25 Ap -327.5856060131765730
miniFE.c 25 Ap 7112.8866089734947309
miniFE.c 25 Ap 7127.5465258214571804
miniFE.c 25 Ap 7255.7400343704775878
miniFE.c 25 Ap 7249.7877652935139849
miniFE.c 25 Ap -208.3365388104442957
miniFE.c 25 Ap -144.7801275291593583
miniFE.c 25 Ap -343.3923281622228387
miniFE.c 25 Ap -376.1740658291424211
miniFE.c 25 Ap 125.6466621862778084
miniFE.c 25 Ap 342.6885610436218030
miniFE.c 25 Ap 412.1301916903241249
miniFE.c 25 Ap 406.7626046491075158
miniFE.c 25 Ap -64.8343350299049064
miniFE.c 25 Ap 10.2131696183745788
miniFE.c 25 Ap -136.5379801152279242
miniFE.c 25 Ap -140.3828583443887510
miniFE.c 25 Ap 1430.4772226795369079
miniFE.c 25 Ap 1455.3356867171312388
miniFE.c 25 Ap 2054.2938215480671715
miniFE.c 25 Ap 2050.1037013414215835
miniFE.c 25 Ap -83.1465126615724586
miniFE.c 25 Ap -37.3577770919404131
miniFE.c 25 Ap -189.0108474767632174
miniFE.c 25 Ap -202.9712513247341121
miniFE.c 25 Ap 221.7332813770661346
miniFE.c 25 Ap 232.9216391894579488
miniFE.c 25 Ap 257.3199271751021797
miniFE.c 25 Ap 155.6873082901280156
miniFE.c 57 sum -9521.5873993588229496
miniFE.c 57 sum -341.6832600023080886
miniFE.c 57 sum -14274.7375422811383032
miniFE.c 57 sum -14276.4425578823884280
miniFE.c 57 sum 796132.5616018450818956
miniFE.c 57 sum 797460.8821629189187661
miniFE.c 57 sum 816162.6785747221438214
miniFE.c 57 sum 815918.7695698346942663
miniFE.c 90 p_ap_dot 815918.7695698346942663
miniFE.c 91 alpha 0.0002086493422214
miniFE.c 40 y 1.1372667562582228
miniFE.c 40 y 1.9335647608298518
miniFE.c 40 y 1.1415309898506090
miniFE.c 40 y 2.0093609453041519
miniFE.c 40 y 0.8816832316124600
miniFE.c 40 y 1.9356698070272016
miniFE.c 40 y 0.9401482651148241
miniFE.c 40 y 2.0055150940604136
miniFE.c 40 y -6.6943042242597990
miniFE.c 40 y 2.8083518570302419
miniFE.c 40 y -6.3157590481802357
miniFE.c 40 y -2.2603101314749985
miniFE.c 40 y 5.3684213937453720
miniFE.c 40 y 1.2875005311927954
miniFE.c 40 y 4.4348992798595477
miniFE.c 40 y -1.7376844584050466
miniFE.c 82 oldrtrans 170.2409145768666860
miniFE.c 48 sum 44.8137090469425914
miniFE.c 48 sum 52.7005491998277975
miniFE.c 48 sum 92.5893615544983106
miniFE.c 48 sum 97.6983634449468354
miniFE.c 48 sum 126.5183117057698325
miniFE.c 48 sum 128.1759693235915734
miniFE.c 48 sum 147.8443009460902999
miniFE.c 48 sum 150.8638482230727504
miniFE.c 83 rtrans 150.8638482230727504
miniFE.c 84 beta 0.8861785581805902
miniFE.c 40 y -18.1927331111444133
miniFE.c 40 y 8.6434924253052667
miniFE.c 40 y -17.1966471953988282
miniFE.c 40 y -4.8808009554255456
miniFE.c 40 y 104.4288499322019845
miniFE.c 40 y 4.1813978220449997
miniFE.c 40 y 12.5189444765754878
miniFE.c 40 y -3.1260245398945825
miniFE.c 87 normr 12.2826645408507655
miniFE.c 25 Ap -1220.6361521996323063
miniFE.c 25 Ap -1090.2270280582179112
miniFE.c 25 Ap -1250.4862461579921273
miniFE.c 25 Ap -1317.4337036550771245
miniFE.c 25 Ap 151.1920287699515484
miniFE.c 25 Ap 218.3302247598348913
miniFE.c 25 Ap 280.8842856110524053
miniFE.c 25 Ap 260.8525234198618818
miniFE.c 25 Ap -274.4837704510468939
miniFE.c 25 Ap 299.7603919770647281
miniFE.c 25 Ap 52.2667614403006553
miniFE.c 25 Ap 23.1585626095185013
miniFE.c 25 Ap 1164.9428805167412975
miniFE.c 25 Ap 1205.3028445469403778
miniFE.c 25 Ap 1347.9863875137066316
miniFE.c 25 Ap 1326.2483192136846810
miniFE.c 25 Ap -169.5419549149074498
miniFE.c 25 Ap -45.1450712346868102
miniFE.c 25 Ap -1208.9125212343549265
miniFE.c 25 Ap -1255.8276341580724420
miniFE.c 25 Ap 498.3869841960440681
miniFE.c 25 Ap 566.0239791321191660
miniFE.c 25 Ap 715.6496523794808127
miniFE.c 25 Ap 677.0395918630709957
miniFE.c 25 Ap -249.5404417916812463
miniFE.c 25 Ap -197.9922433697668964
miniFE.c 25 Ap -363.2894256251996694
miniFE.c 25 Ap -682.5021542796641825
miniFE.c 25 Ap -299.4454366971548893
miniFE.c 25 Ap -253.0909203957244529
miniFE.c 25 Ap -236.8133756621132875
miniFE.c 25 Ap -251.5714250436427335
miniFE.c 25 Ap -255.8518647625994333
miniFE.c 25 Ap -161.3472895463575014
miniFE.c 25 Ap -450.2196645311621523
miniFE.c 25 Ap -468.1229890853700795
miniFE.c 25 Ap 6482.7928427529086548
miniFE.c 25 Ap 6501.5640031254179121
miniFE.c 25 Ap 6677.4884734136112456
miniFE.c 25 Ap 6665.6116495902570023
miniFE.c 25 Ap -292.1097999257791571
miniFE.c 25 Ap -208.6805118677476116
miniFE.c 25 Ap -486.8481459398884681
miniFE.c 25 Ap -540.9561684436309861
miniFE.c 25 Ap -72.1534443260402441
miniFE.c 25 Ap 205.7559280979484697
miniFE.c 25 Ap 301.0531254813710120
miniFE.c 25 Ap 290.3429433943792901
miniFE.c 25 Ap -90.9045755585770650
miniFE.c 25 Ap 7.6088514445214344
miniFE.c 25 Ap -197.9244440360536430
miniFE.c 25 Ap -204.2706225047294595
miniFE.c 25 Ap 1263.2324997835278282
miniFE.c 25 Ap 1295.0622993590138776
miniFE.c 25 Ap 2117.0336595909025164
miniFE.c 25 Ap 2108.6729287755556470
miniFE.c 25 Ap -116.5801799183994092
miniFE.c 25 Ap -56.4741806550842611
miniFE.c 25 Ap -268.8728935954783879
miniFE.c 25 Ap -291.9152915684691152
miniFE.c 25 Ap 104.8452062752432994
miniFE.c 25 Ap 119.1712397022754431
miniFE.c 25 Ap 152.6538702847117577
miniFE.c 25 Ap -50.1381563517467725
miniFE.c 57 sum -4745.6203399460946457
miniFE.c 57 sum 6717.7969612512306412
miniFE.c 57 sum -4925.0140373348158391
miniFE.c 57 sum -3697.1439856240385780
miniFE.c 57 sum 692385.0146757741458714
miniFE.c 57 sum 693599.0540269295452163
miniFE.c 57 sum 719997.4133415285032243
miniFE.c 57 sum 720154.1464486691402271
miniFE.c 90 p_ap_dot 720154.1464486691402271
miniFE.c 91 alpha 0.0002094882727081
miniFE.c 40 y 1.1334555920229306
miniFE.c 40 y 1.9353754711281941
miniFE.c 40 y 1.1379284939332752
miniFE.c 40 y 2.0083384747425681
miniFE.c 40 y 0.9035598510056453
miniFE.c 40 y 1.9365457608344470
miniFE.c 40 y 0.9427708371693498
miniFE.c 40 y 2.0048602285791080
miniFE.c 40 y -6.7489497688225626
miniFE.c 40 y 2.5305183874562109
miniFE.c 40 y -6.4575909028345944
miniFE.c 40 y -2.2076088681799027
miniFE.c 40 y 3.9720539227300442
miniFE.c 40 y 1.2266770894881354
miniFE.c 40 y 3.9931570303041286
miniFE.c 40 y -1.7271811026341530
miniFE.c 82 oldrtrans 150.8638482230727504
miniFE.c 48 sum 45.5483229820901201
miniFE.c 48 sum 51.9518462913441041
miniFE.c 48 sum 93.6523265597162151
miniFE.c 48 sum 98.5258634745827635
miniFE.c 48 sum 114.3030758396578932
miniFE.c 48 sum 115.8078125215329806
miniFE.c 48 sum 131.7531155902002808
miniFE.c 48 sum 134.7362701514967966
miniFE.c 83 rtrans 134.7362701514967966
miniFE.c 84 beta 0.8930984575726245
miniFE.c 40 y -22.9968516494160511
miniFE.c 40 y 10.2500081405370089
miniFE.c 40 y -21.8158899884658872
miniFE.c 40 y -6.5666446731894492
miniFE.c 40 y 97.2372987232627111
miniFE.c 40 y 4.9610770348540560
miniFE.c 40 y 15.1738070327710250
miniFE.c 40 y -4.5190287975481773
miniFE.c 87 normr 11.6075953647384171
miniFE.c 25 Ap -1542.9670923305918677
miniFE.c 25 Ap -1388.3195820098326294
miniFE.c 25 Ap -1591.6265075969138252
miniFE.c 25 Ap -1681.6978235902702181
miniFE.c 25 Ap -314.2098243525501857
miniFE.c 25 Ap -234.5527870501195196
miniFE.c 25 Ap -158.7330364115068164
miniFE.c 25 Ap -187.6912576450097845
miniFE.c 25 Ap -346.9661491031471314
miniFE.c 25 Ap 334.0094392263724785
miniFE.c 25 Ap 20.0358049890710959
miniFE.c 25 Ap -19.1264555792109121
miniFE.c 25 Ap 1044.0282461144415720
miniFE.c 25 Ap 1091.9138813013441904
miniFE.c 25 Ap 1264.8559813147189743
miniFE.c 25 Ap 1233.4310979213910286
miniFE.c 25 Ap -214.3125588503095003
miniFE.c 25 Ap -66.7947491919450727
miniFE.c 25 Ap -1543.1652517014847490
miniFE.c 25 Ap -1606.2849894629996470
miniFE.c 25 Ap 27.1246572041375202
miniFE.c 25 Ap 107.3735013860559206
miniFE.c 25 Ap 288.7299326133132809
miniFE.c 25 Ap 232.9146396999001638
miniFE.c 25 Ap -315.4360856806987954
miniFE.c 25 Ap -254.3069231320339441
miniFE.c 25 Ap -464.0050754819160375
miniFE.c 25 Ap -893.4748660708971784
miniFE.c 25 Ap -536.7975637765125612
miniFE.c 25 Ap -481.7996094865943633
miniFE.c 25 Ap -462.0701248469533766
miniFE.c 25 Ap -483.4045863329846497
miniFE.c 25 Ap -323.4141534549141852
miniFE.c 25 Ap -211.3445619494573293
miniFE.c 25 Ap -577.8118088359051399
miniFE.c 25 Ap -601.8989969613674020
miniFE.c 25 Ap 5870.3381250553902646
miniFE.c 25 Ap 5892.6094268077958986
miniFE.c 25 Ap 6105.8417779449355294
miniFE.c 25 Ap 6088.6724601113164681
miniFE.c 25 Ap -369.2466488236838700
miniFE.c 25 Ap -270.3108437490552660
miniFE.c 25 Ap -623.1979172765829844
miniFE.c 25 Ap -695.9950177926471042
miniFE.c 25 Ap -259.4766557030850436
miniFE.c 25 Ap 70.2527467552194480
miniFE.c 25 Ap 185.7593924285533262
miniFE.c 25 Ap 170.2765896992655996
miniFE.c 25 Ap -114.9095644729229519
miniFE.c 25 Ap 1.9139808081149710
miniFE.c 25 Ap -258.8282273806300395
miniFE.c 25 Ap -267.3663954839851726
miniFE.c 25 Ap 1099.0763027924597282
miniFE.c 25 Ap 1136.8412068791801630
miniFE.c 25 Ap 2133.1260637982668413
miniFE.c 25 Ap 2121.0396636945829414
miniFE.c 25 Ap -147.3652741711119631
miniFE.c 25 Ap -76.0877220626153701
miniFE.c 25 Ap -345.5394880114555463
miniFE.c 25 Ap -376.5408013796337627
miniFE.c 25 Ap -7.1034373229902599
miniFE.c 25 Ap 9.8938823438194419
miniFE.c 25 Ap 50.4770941599664198
miniFE.c 25 Ap -242.6821554197624948
miniFE.c 57 sum 4316.3080079546161869
miniFE.c 57 sum 16958.9868024403767777
miniFE.c 57 sum 11877.7466460441864911
miniFE.c 57 sum 15052.0927978830295615
miniFE.c 57 sum 607098.1556298299692571
miniFE.c 57 sum 607942.9109085602685809
miniFE.c 57 sum 640127.1574743153760210
miniFE.c 57 sum 641223.8451233083615080
miniFE.c 90 p_ap_dot 641223.8451233083615080
miniFE.c 91 alpha 0.0002101236115534
miniFE.c 40 y 1.1286234104999964
miniFE.c 40 y 1.9375292398571360
miniFE.c 40 y 1.1333444603396461
miniFE.c 40 y 2.0069586676480493
miniFE.c 40 y 0.9239917033910785
miniFE.c 40 y 1.9375882002582054
miniFE.c 40 y 0.9459592123040907
miniFE.c 40 y 2.0039106739274533
miniFE.c 40 y -6.7095114039091852
miniFE.c 40 y 2.2713453905586367
miniFE.c 40 y -6.5065317681120067
miniFE.c 40 y -2.1060341506581164
miniFE.c 40 y 2.6926800758454519
miniFE.c 40 y 1.1908979574975214
miniFE.c 40 y 3.5474765159205170
miniFE.c 40 y -1.6761878516777780
miniFE.c 82 oldrtrans 134.7362701514967966
miniFE.c 48 sum 45.0175432791874073
miniFE.c 48 sum 50.1765531623993724
miniFE.c 48 sum 92.5115088118501205
miniFE.c 48 sum 96.9468886555883671
miniFE.c 48 sum 104.1974146464434341
miniFE.c 48 sum 105.6156525916152020
miniFE.c 48 sum 118.2002422226227765
miniFE.c 48 sum 121.0098479367349427
miniFE.c 83 rtrans 121.0098479367349427
miniFE.c 84 beta 0.8981237776633720
miniFE.c 40 y -27.3635306816468784
miniFE.c 40 y 11.4771214228180511
miniFE.c 40 y -26.0999012976415301
miniFE.c 40 y -8.0036938711160843
miniFE.c 40 y 90.0238101349639521
miniFE.c 40 y 5.6465592053196474
miniFE.c 40 y 17.1754334097278729
miniFE.c 40 y -5.7348350667013124
miniFE.c 87 normr 11.0004476243803335
miniFE.c 25 Ap -1835.9481556611997348
miniFE.c 25 Ap -1662.7865123383612627
miniFE.c 25 Ap -1906.0170518100590016
miniFE.c 25 Ap -2015.7996387562841392
miniFE.c 25 Ap -749.7578870661307064
miniFE.c 25 Ap -659.0944738418363613
miniFE.c 25 Ap -573.2730926009118093
miniFE.c 25 Ap -610.0222770029430421
miniFE.c 25 Ap -412.8486373358813921
miniFE.c 25 Ap 349.6521730120981033
miniFE.c 25 Ap -25.9768234665198747
miniFE.c 25 Ap -73.7093810341839060
miniFE.c 25 Ap 910.5758496955592136
miniFE.c 25 Ap 965.0779411300530910
miniFE.c 25 Ap 1160.8333976284195614
miniFE.c 25 Ap 1120.9539165884152681
miniFE.c 25 Ap -255.0065708543024243
miniFE.c 25 Ap -89.8281836507477180
miniFE.c 25 Ap -1856.1152530584574833
miniFE.c 25 Ap -1933.0481591940526869
miniFE.c 25 Ap -420.8119922611040238
miniFE.c 25 Ap -329.4750009892070466
miniFE.c 25 Ap -124.1952514021440948
miniFE.c 25 Ap -195.0271742329333620
miniFE.c 25 Ap -375.3315949595025813
miniFE.c 25 Ap -306.8841545841574998
miniFE.c 25 Ap -557.7609733398149956
miniFE.c 25 Ap -1081.2162388273263787
miniFE.c 25 Ap -750.9988205855435126
miniFE.c 25 Ap -688.4016863568824647
miniFE.c 25 Ap -666.0696210482517472
miniFE.c 25 Ap -693.1439379735304556
miniFE.c 25 Ap -384.8245510235794882
miniFE.c 25 Ap -259.3381814638418064
miniFE.c 25 Ap -697.7690214438578096
miniFE.c 25 Ap -727.1274669768251897
miniFE.c 25 Ap 5264.9707656071459496
miniFE.c 25 Ap 5290.3193387175815587
miniFE.c 25 Ap 5531.6798647771283868
miniFE.c 25 Ap 5509.8912879844774579
miniFE.c 25 Ap -439.3597940367949377
miniFE.c 25 Ap -328.5795651494566414
miniFE.c 25 Ap -750.7634775707037988
miniFE.c 25 Ap -839.4915474195709066
miniFE.c 25 Ap -435.3560287950197676
miniFE.c 25 Ap -60.0672397608746564
miniFE.c 25 Ap 70.6762642825588330
miniFE.c 25 Ap 51.0279451413061338
miniFE.c 25 Ap -136.7287766605803938
miniFE.c 25 Ap -5.9193181849396979
miniFE.c 25 Ap -317.8637725002733987
miniFE.c 25 Ap -328.2704393933962592
miniFE.c 25 Ap 936.8035563378062989
miniFE.c 25 Ap 979.7865145363495003
miniFE.c 25 Ap 2107.4945564389440733
miniFE.c 25 Ap 2092.1564131674526834
miniFE.c 25 Ap -175.3472285104261346
miniFE.c 25 Ap -95.5364508940488406
miniFE.c 25 Ap -417.9007688044399629
miniFE.c 25 Ap -455.6864316734073554
miniFE.c 25 Ap -113.6555489228536544
miniFE.c 25 Ap -94.3096747999358200
miniFE.c 25 Ap -48.3729991459142710
miniFE.c 25 Ap -420.4042518632738279
miniFE.c 57 sum 16692.3632932581240311
miniFE.c 57 sum 29557.6875033268224797
miniFE.c 57 sum 34647.8775011643228936
miniFE.c 57 sum 40195.5893893243337516
miniFE.c 57 sum 536216.9965631308732554
miniFE.c 57 sum 536505.1288764970377088
miniFE.c 57 sum 572438.8220335897058249
miniFE.c 57 sum 574849.7710793655132875
miniFE.c 90 p_ap_dot 574849.7710793655132875
miniFE.c 91 alpha 0.0002105069081084
miniFE.c 40 y 1.1228631982612738
miniFE.c 40 y 1.9399452532018380
miniFE.c 40 y 1.1278502508155452
miniFE.c 40 y 2.0052738347977948
miniFE.c 40 y 0.9429423373187268
miniFE.c 40 y 1.9387768399779683
miniFE.c 40 y 0.9495747596865941
miniFE.c 40 y 2.0027034515290505
miniFE.c 40 y -6.5810975005000536
miniFE.c 40 y 2.0353768474456158
miniFE.c 40 y -6.4654772006671148
miniFE.c 40 y -1.9601225634012325
miniFE.c 40 y 1.5328098967984665
miniFE.c 40 y 1.1801562225387003
miniFE.c 40 y 3.1070631381054903
miniFE.c 40 y -1.5876898524624179
miniFE.c 82 oldrtrans 121.0098479367349427
miniFE.c 48 sum 43.3108443110880543
miniFE.c 48 sum 47.4536032222057074
miniFE.c 48 sum 89.2559986545519735
miniFE.c 48 sum 93.0980791181065968
miniFE.c 48 sum 95.4475852978299173
miniFE.c 48 sum 96.8403540074267255
miniFE.c 48 sum 106.4941953516006663
miniFE.c 48 sum 109.0149544192127991
miniFE.c 83 rtrans 109.0149544192127991
miniFE.c 84 beta 0.9008767160521250
miniFE.c 40 y -31.2322651605736610
miniFE.c 40 y 12.3748483045654343
miniFE.c 40 y -29.9782705709710129
miniFE.c 40 y -9.1704640142988119
miniFE.c 40 y 82.6331643376848035
miniFE.c 40 y 6.2670099364209610
miniFE.c 40 y 18.5800111850330900
miniFE.c 40 y -6.7540692344528663
miniFE.c 87 normr 10.4410226711377661
miniFE.c 25 Ap -2095.5197735917936370
miniFE.c 25 Ap -1908.8136310542474803
miniFE.c 25 Ap -2188.1875198767579604
miniFE.c 25 Ap -2313.9740978242475649
miniFE.c 25 Ap -1151.8700281460078259
miniFE.c 25 Ap -1051.2444098028583994
miniFE.c 25 Ap -958.4047017540219713
miniFE.c 25 Ap -1001.6852029147577241
miniFE.c 25 Ap -471.2183622234131235
miniFE.c 25 Ap 350.9243608991956762
miniFE.c 25 Ap -80.5220098101020199
miniFE.c 25 Ap -135.2129698260014834
miniFE.c 25 Ap 768.2658221081524061
miniFE.c 25 Ap 828.7566690391306565
miniFE.c 25 Ap 1040.5206743195385570
miniFE.c 25 Ap 993.5535387619382846
miniFE.c 25 Ap -291.0601315038651364
miniFE.c 25 Ap -112.9616859500085297
miniFE.c 25 Ap -2141.7138666142523107
miniFE.c 25 Ap -2229.8619715508948502
miniFE.c 25 Ap -841.7752030368849319
miniFE.c 25 Ap -740.4019930784197641
miniFE.c 25 Ap -518.3348141955754045
miniFE.c 25 Ap -601.7554715020726235
miniFE.c 25 Ap -428.3970527523570127
miniFE.c 25 Ap -354.5957344360168122
miniFE.c 25 Ap -642.7521173615400585
miniFE.c 25 Ap -1242.5161453901469031
miniFE.c 25 Ap -939.4084436851132978
miniFE.c 25 Ap -869.9330609010435182
miniFE.c 25 Ap -845.7747172178943629
miniFE.c 25 Ap -877.6608671876848575
miniFE.c 25 Ap -439.2321501818632328
miniFE.c 25 Ap -303.9303850105835636
miniFE.c 25 Ap -807.5107701504573470
miniFE.c 25 Ap -841.1490592468750265
miniFE.c 25 Ap 4659.0184768564913611
miniFE.c 25 Ap 4687.1523817321422030
miniFE.c 25 Ap 4948.2509617116093068
miniFE.c 25 Ap 4922.5899698145212824
miniFE.c 25 Ap -501.4777423242349528
miniFE.c 25 Ap -382.0324147789203835
miniFE.c 25 Ap -866.9516262710704950
miniFE.c 25 Ap -968.6143815825455476
miniFE.c 25 Ap -597.6570018056604567
miniFE.c 25 Ap -181.1310283086313007
miniFE.c 25 Ap -39.6955425454862052
miniFE.c 25 Ap -62.8358955420683714
miniFE.c 25 Ap -156.0598834056267492
miniFE.c 25 Ap -15.0186635906896129
miniFE.c 25 Ap -373.3171547587008945
miniFE.c 25 Ap -385.2408946954046769
miniFE.c 25 Ap 775.9748684662049527
miniFE.c 25 Ap 823.6808459176161250
miniFE.c 25 Ap 2043.6109363067555478
miniFE.c 25 Ap 2025.5467931572650286
miniFE.c 25 Ap -200.1383227816611452
miniFE.c 25 Ap -114.0848404068469648
miniFE.c 25 Ap -484.3515565349069902
miniFE.c 25 Ap -527.6455739194041143
miniFE.c 25 Ap -213.6942525909934147
miniFE.c 25 Ap -192.2226305024737769
miniFE.c 25 Ap -142.5293315274652173
miniFE.c 25 Ap -580.6805266373537506
miniFE.c 57 sum 31284.8978648567463097
miniFE.c 57 sum 43579.9721894999092910
miniFE.c 57 sum 61619.5605317512818146
miniFE.c 57 sum 69668.1179310542356689
miniFE.c 57 sum 476437.3038737764582038
miniFE.c 57 sum 476043.5106920503894798
miniFE.c 57 sum 513678.1927647202974185
miniFE.c 57 sum 517600.1492447275086306
miniFE.c 90 p_ap_dot 517600.1492447275086306
miniFE.c 91 alpha 0.0002106161572370
miniFE.c 40 y 1.1162851785913472
miniFE.c 40 y 1.9425515961981361
miniFE.c 40 y 1.1215363426672769
miniFE.c 40 y 2.0033423869070233
miniFE.c 40 y 0.9603462168518619
miniFE.c 40 y 1.9400967735281434
miniFE.c 40 y 0.9534880102438059
miniFE.c 40 y 2.0012809354211774
miniFE.c 40 y -6.3701264123010013
miniFE.c 40 y 1.8261184191023716
miniFE.c 40 y -6.3387377756630201
miniFE.c 40 y -1.7752730041968852
miniFE.c 40 y 0.4960329137028214
miniFE.c 40 y 1.1933904773943151
miniFE.c 40 y 2.6804502562270152
miniFE.c 40 y -1.4653891513597115
