filename line variable value
miniFE.c 167 A 67.0947100000000063
miniFE.c 167 A 15.0875500000000002
miniFE.c 167 A 9.3192129999999995
miniFE.c 167 A 13.7164900000000003
miniFE.c 167 A 14.0634099999999993
miniFE.c 167 A 16.0564000000000000
miniFE.c 167 A 4.9967519999999999
miniFE.c 167 A 6.4080630000000003
miniFE.c 167 A 15.0875500000000002
miniFE.c 167 A 66.4365899999999954
miniFE.c 167 A 14.3919700000000006
miniFE.c 167 A 5.9638159999999996
miniFE.c 167 A 10.9336099999999998
miniFE.c 167 A 9.6522659999999991
miniFE.c 167 A 11.3974100000000007
miniFE.c 167 A 6.9539020000000002
miniFE.c 167 A 9.3192129999999995
miniFE.c 167 A 14.3919700000000006
miniFE.c 167 A 67.6740900000000067
miniFE.c 167 A 9.6121750000000006
miniFE.c 167 A 16.7981799999999986
miniFE.c 167 A 16.1756899999999995
miniFE.c 167 A 11.9519400000000005
miniFE.c 167 A 12.3511699999999998
miniFE.c 167 A 13.7164900000000003
miniFE.c 167 A 5.9638159999999996
miniFE.c 167 A 9.6121750000000006
miniFE.c 167 A 65.4017099999999942
miniFE.c 167 A 3.6681119999999998
miniFE.c 167 A 11.0858899999999991
miniFE.c 167 A 1.3002330000000000
miniFE.c 167 A 4.7210279999999996
miniFE.c 167 A 14.0634099999999993
miniFE.c 167 A 10.9336099999999998
miniFE.c 167 A 16.7981799999999986
miniFE.c 167 A 3.6681119999999998
miniFE.c 167 A 66.5612600000000043
miniFE.c 167 A 4.4892070000000004
miniFE.c 167 A 14.0526599999999995
miniFE.c 167 A 3.7993380000000001
miniFE.c 167 A 16.0564000000000000
miniFE.c 167 A 9.6522659999999991
miniFE.c 167 A 16.1756899999999995
miniFE.c 167 A 11.0858899999999991
miniFE.c 167 A 4.4892070000000004
miniFE.c 167 A 66.4632699999999943
miniFE.c 167 A 7.6122389999999998
miniFE.c 167 A 3.4261349999999999
miniFE.c 167 A 4.9967519999999999
miniFE.c 167 A 11.3974100000000007
miniFE.c 167 A 11.9519400000000005
miniFE.c 167 A 1.3002330000000000
miniFE.c 167 A 14.0526599999999995
miniFE.c 167 A 7.6122389999999998
miniFE.c 167 A 65.6581999999999937
miniFE.c 167 A 2.6745570000000001
miniFE.c 167 A 6.4080630000000003
miniFE.c 167 A 6.9539020000000002
miniFE.c 167 A 12.3511699999999998
miniFE.c 167 A 4.7210279999999996
miniFE.c 167 A 3.7993380000000001
miniFE.c 167 A 3.4261349999999999
miniFE.c 167 A 2.6745570000000001
miniFE.c 167 A 64.8721800000000002
miniFE.c 175 b 198.0110999999999990
miniFE.c 175 b 229.8237000000000023
miniFE.c 175 b 210.8053999999999917
miniFE.c 175 b 202.6418999999999926
miniFE.c 175 b 157.2561000000000035
miniFE.c 175 b 225.5886000000000138
miniFE.c 175 b 142.6283999999999992
miniFE.c 175 b 185.1795999999999935
miniFE.c 33 r 0.0000000000000000
miniFE.c 33 r 0.0000000000000000
miniFE.c 33 r 0.0000000000000000
miniFE.c 33 r 0.0000000000000000
miniFE.c 33 r 0.0000000000000000
miniFE.c 33 r 0.0000000000000000
miniFE.c 33 r 0.0000000000000000
miniFE.c 33 r 0.0000000000000000
miniFE.c 25 Ap 0.0000000000000000
miniFE.c 25 Ap 0.0000000000000000
miniFE.c 25 Ap 0.0000000000000000
miniFE.c 25 Ap 0.0000000000000000
miniFE.c 25 Ap 0.0000000000000000
miniFE.c 25 Ap 0.0000000000000000
miniFE.c 25 Ap 0.0000000000000000
miniFE.c 25 Ap 0.0000000000000000
miniFE.c 25 Ap 0.0000000000000000
miniFE.c 25 Ap 0.0000000000000000
miniFE.c 25 Ap 0.0000000000000000
miniFE.c 25 Ap 0.0000000000000000
miniFE.c 25 Ap 0.0000000000000000
miniFE.c 25 Ap 0.0000000000000000
miniFE.c 25 Ap 0.0000000000000000
miniFE.c 25 Ap 0.0000000000000000
miniFE.c 25 Ap 0.0000000000000000
miniFE.c 25 Ap 0.0000000000000000
miniFE.c 25 Ap 0.0000000000000000
miniFE.c 25 Ap 0.0000000000000000
miniFE.c 25 Ap 0.0000000000000000
miniFE.c 25 Ap 0.0000000000000000
miniFE.c 25 Ap 0.0000000000000000
miniFE.c 25 Ap 0.0000000000000000
miniFE.c 25 Ap 0.0000000000000000
miniFE.c 25 Ap 0.0000000000000000
miniFE.c 25 Ap 0.0000000000000000
miniFE.c 25 Ap 0.0000000000000000
miniFE.c 25 Ap 0.0000000000000000
miniFE.c 25 Ap 0.0000000000000000
miniFE.c 25 Ap 0.0000000000000000
miniFE.c 25 Ap 0.0000000000000000
miniFE.c 25 Ap 0.0000000000000000
miniFE.c 25 Ap 0.0000000000000000
miniFE.c 25 Ap 0.0000000000000000
miniFE.c 25 Ap 0.0000000000000000
miniFE.c 25 Ap 0.0000000000000000
miniFE.c 25 Ap 0.0000000000000000
miniFE.c 25 Ap 0.0000000000000000
miniFE.c 25 Ap 0.0000000000000000
miniFE.c 25 Ap 0.0000000000000000
miniFE.c 25 Ap 0.0000000000000000
miniFE.c 25 Ap 0.0000000000000000
miniFE.c 25 Ap 0.0000000000000000
miniFE.c 25 Ap 0.0000000000000000
miniFE.c 25 Ap 0.0000000000000000
miniFE.c 25 Ap 0.0000000000000000
miniFE.c 25 Ap 0.0000000000000000
miniFE.c 25 Ap 0.0000000000000000
miniFE.c 25 Ap 0.0000000000000000
miniFE.c 25 Ap 0.0000000000000000
miniFE.c 25 Ap 0.0000000000000000
miniFE.c 25 Ap 0.0000000000000000
miniFE.c 25 Ap 0.0000000000000000
miniFE.c 25 Ap 0.0000000000000000
miniFE.c 25 Ap 0.0000000000000000
miniFE.c 25 Ap 0.0000000000000000
miniFE.c 25 Ap 0.0000000000000000
miniFE.c 25 Ap 0.0000000000000000
miniFE.c 25 Ap 0.0000000000000000
miniFE.c 25 Ap 0.0000000000000000
miniFE.c 25 Ap 0.0000000000000000
miniFE.c 25 Ap 0.0000000000000000
miniFE.c 25 Ap 0.0000000000000000
miniFE.c 33 r 198.0110999999999990
miniFE.c 33 r 229.8237000000000023
miniFE.c 33 r 210.8053999999999917
miniFE.c 33 r 202.6418999999999926
miniFE.c 33 r 157.2561000000000035
miniFE.c 33 r 225.5886000000000138
miniFE.c 33 r 142.6283999999999992
miniFE.c 33 r 185.1795999999999935
miniFE.c 48 sum 39208.3957232100001420
miniFE.c 48 sum 92027.3288048999966122
miniFE.c 48 sum 136466.2454740600078367
miniFE.c 48 sum 177529.9851096700003836
miniFE.c 48 sum 202259.4660968800017145
miniFE.c 48 sum 253149.6825468399911188
miniFE.c 48 sum 273492.5430333999684080
miniFE.c 48 sum 307784.0272895599482581
miniFE.c 75 rtrans 307784.0272895599482581
miniFE.c 76 normr 554.7828649927464539
miniFE.c 33 r 198.0110999999999990
miniFE.c 33 r 229.8237000000000023
miniFE.c 33 r 210.8053999999999917
miniFE.c 33 r 202.6418999999999926
miniFE.c 33 r 157.2561000000000035
miniFE.c 33 r 225.5886000000000138
miniFE.c 33 r 142.6283999999999992
miniFE.c 33 r 185.1795999999999935
miniFE.c 87 normr 554.7828649927464539
miniFE.c 25 Ap 13285.4973312810016068
miniFE.c 25 Ap 16752.9738962160008668
miniFE.c 25 Ap 18717.5143203662009910
miniFE.c 25 Ap 21497.0499152972006414
miniFE.c 25 Ap 23708.6069245981998392
miniFE.c 25 Ap 27330.7477216381994367
miniFE.c 25 Ap 28043.4264645949988335
miniFE.c 25 Ap 29230.0690077097970061
miniFE.c 25 Ap 2987.5023718050001662
miniFE.c 25 Ap 18256.2053009880000900
miniFE.c 25 Ap 21290.1102936259994749
miniFE.c 25 Ap 22498.6292991164009436
miniFE.c 25 Ap 24218.0061666374022025
miniFE.c 25 Ap 26395.4473404050004319
miniFE.c 25 Ap 28021.0416928490012651
miniFE.c 25 Ap 29308.7624836482027604
miniFE.c 25 Ap 1845.3076172643000064
miniFE.c 25 Ap 5152.9234129532997031
miniFE.c 25 Ap 19418.9870250392996240
miniFE.c 25 Ap 21366.8164301717988565
miniFE.c 25 Ap 24008.4327040697971825
miniFE.c 25 Ap 27657.4839652037990163
miniFE.c 25 Ap 29362.1700442997971550
miniFE.c 25 Ap 31649.3547644317950471
miniFE.c 25 Ap 2716.0172730389999742
miniFE.c 25 Ap 4086.6435322781999275
miniFE.c 25 Ap 6112.9419280231995799
miniFE.c 25 Ap 19366.0687056721981207
miniFE.c 25 Ap 19942.9016931553996983
miniFE.c 25 Ap 22443.7520980093977414
miniFE.c 25 Ap 22629.2022504265987664
miniFE.c 25 Ap 23503.4403270553993934
miniFE.c 25 Ap 2784.7112838509997346
miniFE.c 25 Ap 5297.5139884079999320
miniFE.c 25 Ap 8838.6610425799990480
miniFE.c 25 Ap 9581.9742276727993158
miniFE.c 25 Ap 20049.1383863587980159
miniFE.c 25 Ap 21061.8523085989982064
miniFE.c 25 Ap 23066.1607201429978886
miniFE.c 25 Ap 23769.7206112477979332
miniFE.c 25 Ap 3179.3454260399998930
miniFE.c 25 Ap 5397.6649115441996400
miniFE.c 25 Ap 8807.5877122702004272
miniFE.c 25 Ap 11054.0535250612010714
miniFE.c 25 Ap 11760.0087099739012046
miniFE.c 25 Ap 26753.3647406958989450
miniFE.c 25 Ap 27839.0862096834971453
miniFE.c 25 Ap 28473.5365185294976982
miniFE.c 25 Ap 989.4123599472000024
miniFE.c 25 Ap 3608.8072965641999872
miniFE.c 25 Ap 6128.3407890401995246
miniFE.c 25 Ap 6391.8224746028990921
miniFE.c 25 Ap 8601.6889808288997301
miniFE.c 25 Ap 10318.9233197042995016
miniFE.c 25 Ap 19683.6473325842962367
miniFE.c 25 Ap 20178.9207280214977800
miniFE.c 25 Ap 1268.8676034993000030
miniFE.c 25 Ap 2867.0390905766998912
miniFE.c 25 Ap 5470.7324228946999938
miniFE.c 25 Ap 6427.4105067679001877
miniFE.c 25 Ap 7024.8795832297000743
miniFE.c 25 Ap 7797.7765812907000509
miniFE.c 25 Ap 8179.2443669095000587
miniFE.c 25 Ap 20192.2487104374995397
miniFE.c 57 sum 5787878.1172925252467394
miniFE.c 57 sum 12523726.3537057451903820
miniFE.c 57 sum 19195581.2445636950433254
miniFE.c 57 sum 23958363.0489748232066631
miniFE.c 57 sum 27696296.6103892698884010
miniFE.c 57 sum 34119601.8506532162427902
miniFE.c 57 sum 36997689.0278177559375763
miniFE.c 57 sum 40736881.5671170875430107
miniFE.c 90 p_ap_dot 40736881.5671170875430107
miniFE.c 91 alpha 0.0075554145395853
miniFE.c 40 y 1.4960559439392744
miniFE.c 40 y 1.7364133245212852
miniFE.c 40 y 1.5927221841830903
miniFE.c 40 y 1.5310435575891859
miniFE.c 40 y 1.1881350243784765
miniFE.c 40 y 1.7044153884046875
miniFE.c 40 y 1.0776166871177848
miniFE.c 40 y 1.3991086422745860
miniFE.c 40 y -22.8341883739316245
miniFE.c 40 y 8.3838497937928480
miniFE.c 40 y -28.3185951556805833
miniFE.c 40 y 25.0636652226906733
miniFE.c 40 y -22.3339927081014764
miniFE.c 40 y 10.4592281944898673
miniFE.c 40 y -9.8317110616323760
miniFE.c 40 y 32.6187905062384118
miniFE.c 82 oldrtrans 307784.0272895599482581
miniFE.c 48 sum 521.4001586961941257
miniFE.c 48 sum 591.6890960610744514
miniFE.c 48 sum 1393.6319276524102406
miniFE.c 48 sum 2021.8192420475243125
miniFE.c 48 sum 2520.6264723330541528
miniFE.c 48 sum 2630.0219267574657351
miniFE.c 48 sum 2726.6844691568903727
miniFE.c 48 sum 3790.6699632467598349
miniFE.c 83 rtrans 3790.6699632467598349
miniFE.c 84 beta 0.0123160061184089
miniFE.c 40 y -20.3954824548187439
miniFE.c 40 y 11.2143598891482252
miniFE.c 40 y -25.7223145594869429
miniFE.c 40 y 27.5594041029366821
miniFE.c 40 y -20.3972256183443506
miniFE.c 40 y 13.2375787723331708
miniFE.c 40 y -8.0750988145735008
miniFE.c 40 y 34.8994635928429275
miniFE.c 87 normr 61.5684169298412272
miniFE.c 25 Ap -1368.4289806161518754
miniFE.c 25 Ap -1199.2317650706336281
miniFE.c 25 Ap -1438.9434933034935966
miniFE.c 25 Ap -1060.9252025196035447
miniFE.c 25 Ap -1347.7797492528836756
miniFE.c 25 Ap -1135.2318894527934390
miniFE.c 25 Ap -1175.5811556047112845
miniFE.c 25 Ap -951.9431942355674892
miniFE.c 25 Ap -307.7178613112005223
miniFE.c 25 Ap 437.3259687565855529
miniFE.c 25 Ap 67.1311892858862507
miniFE.c 25 Ap 231.4904044254456608
miniFE.c 25 Ap 8.4750944324596844
miniFE.c 25 Ap 136.2477259389728772
miniFE.c 25 Ap 44.2125139587647027
miniFE.c 25 Ap 286.8999636359623082
miniFE.c 25 Ap -190.0698452342187466
miniFE.c 25 Ap -28.6731141403941479
miniFE.c 25 Ap -1769.4073446474239972
miniFE.c 25 Ap -1504.5015295142784453
miniFE.c 25 Ap -1847.1377969518380269
miniFE.c 25 Ap -1633.0108263799961605
miniFE.c 25 Ap -1729.5239229058497585
miniFE.c 25 Ap -1298.4747151618360022
miniFE.c 25 Ap -279.7544311366967804
miniFE.c 25 Ap -212.8740522000363740
miniFE.c 25 Ap -460.1214411508727835
miniFE.c 25 Ap 1342.3107137622018854
miniFE.c 25 Ap 1267.4914057048456471
miniFE.c 25 Ap 1414.2417478412662604
miniFE.c 25 Ap 1403.7422378842968556
miniFE.c 25 Ap 1568.5035826910889227
miniFE.c 25 Ap -286.8300319099224680
miniFE.c 25 Ap -164.2165944823325390
miniFE.c 25 Ap -596.3046644692149130
miniFE.c 25 Ap -495.2136835663836223
miniFE.c 25 Ap -1852.8787212276629361
miniFE.c 25 Ap -1793.4524899398534217
miniFE.c 25 Ap -1906.9291080474579303
miniFE.c 25 Ap -1774.3342498395531948
miniFE.c 25 Ap -327.4780244875516928
miniFE.c 25 Ap -219.2340398177625218
miniFE.c 25 Ap -635.3102262145098393
miniFE.c 25 Ap -329.7897038638051299
miniFE.c 25 Ap -421.3570718902559520
miniFE.c 25 Ap 458.4557002015919807
miniFE.c 25 Ap 396.9861180764418123
miniFE.c 25 Ap 516.5563917731067249
miniFE.c 25 Ap -101.9111677470804693
miniFE.c 25 Ap 25.9034897970964124
miniFE.c 25 Ap -281.5280704790179698
miniFE.c 25 Ap -245.6944238040443054
miniFE.c 25 Ap -532.3297003619271663
miniFE.c 25 Ap -431.5620869656004857
miniFE.c 25 Ap -961.7585399526303718
miniFE.c 25 Ap -868.4179353041471359
miniFE.c 25 Ap -130.6955364858731627
miniFE.c 25 Ap -52.7119768240055322
miniFE.c 25 Ap -370.4126567417038700
miniFE.c 25 Ap -240.3039383084249323
miniFE.c 25 Ap -317.7998926947741438
miniFE.c 25 Ap -272.4461607476264362
miniFE.c 25 Ap -100057808904702943628355253369047894458368.0000000000000000
miniFE.c 25 Ap -100057808904702943628355253369047894458368.0000000000000000
miniFE.c 57 sum 19415.3407160156275495
miniFE.c 57 sum 22632.7401604128463077
miniFE.c 57 sum 56032.5152313458020217
miniFE.c 57 sum 99259.5393036334862700
miniFE.c 57 sum 135451.0353199666133150
miniFE.c 57 sum 142288.9912464153021574
miniFE.c 57 sum 149301.5518863441830035
miniFE.c 57 sum -3491963859049315476817492854140634627309568.0000000000000000
miniFE.c 90 p_ap_dot -3491963859049315476817492854140634627309568.0000000000000000
miniFE.c 91 alpha -0.0000000000000000
miniFE.c 40 y 1.4960559439392744
miniFE.c 40 y 1.7364133245212852
miniFE.c 40 y 1.5927221841830903
miniFE.c 40 y 1.5310435575891859
miniFE.c 40 y 1.1881350243784765
miniFE.c 40 y 1.7044153884046875
miniFE.c 40 y 1.0776166871177848
miniFE.c 40 y 1.3991086422745860
miniFE.c 40 y -22.8341883739316245
miniFE.c 40 y 8.3838497937928480
miniFE.c 40 y -28.3185951556805833
miniFE.c 40 y 25.0636652226906733
miniFE.c 40 y -22.3339927081014764
miniFE.c 40 y 10.4592281944898673
miniFE.c 40 y -9.8317110616323760
miniFE.c 40 y -75.9980641099493965
miniFE.c 82 oldrtrans 3790.6699632467598349
miniFE.c 48 sum 521.4001586961941257
miniFE.c 48 sum 591.6890960610744514
miniFE.c 48 sum 1393.6319276524102406
miniFE.c 48 sum 2021.8192420475243125
miniFE.c 48 sum 2520.6264723330541528
miniFE.c 48 sum 2630.0219267574657351
miniFE.c 48 sum 2726.6844691568903727
miniFE.c 48 sum 8502.3902176168685401
miniFE.c 83 rtrans 8502.3902176168685401
miniFE.c 84 beta 2.2429782334135089
miniFE.c 40 y -68.5808115800571869
miniFE.c 40 y 33.5374149268178456
miniFE.c 40 y -86.0131868256251835
miniFE.c 40 y 86.8788087514246001
miniFE.c 40 y -68.0845257920722560
miniFE.c 40 y 40.1508292439298913
miniFE.c 40 y -27.9439819353839667
miniFE.c 40 y 2.2806730866045086
miniFE.c 87 normr 92.2084064368150109
miniFE.c 25 Ap -4601.4096645285790146
miniFE.c 25 Ap -4095.4122399494685851
miniFE.c 25 Ap -4896.9874487862634851
miniFE.c 25 Ap -3705.3151373354353382
miniFE.c 25 Ap -4662.8157382049221269
miniFE.c 25 Ap -4018.1379635326861717
miniFE.c 25 Ap -4157.7671111562794977
miniFE.c 25 Ap -4143.1524143349133738
miniFE.c 25 Ap -1034.7164237546917320
miniFE.c 25 Ap 1193.3950613981851347
miniFE.c 25 Ap -44.5041430006078826
miniFE.c 25 Ap 473.6250866920781846
miniFE.c 25 Ap -270.7845653533809127
miniFE.c 25 Ap 116.7619186296092266
miniFE.c 25 Ap -201.7271005205553820
miniFE.c 25 Ap -185.8675233822701216
miniFE.c 25 Ap -639.1191908274194020
miniFE.c 25 Ap -156.4497213231047681
miniFE.c 25 Ap -5977.3138677472779818
miniFE.c 25 Ap -5142.2195542370536714
miniFE.c 25 Ap -6285.9156737069260998
miniFE.c 25 Ap -5636.4483066141820018
miniFE.c 25 Ap -5970.4331020669751524
miniFE.c 25 Ap -5942.2641210598985708
miniFE.c 25 Ap -940.6880162297386505
miniFE.c 25 Ap -740.6770444905436079
miniFE.c 25 Ap -1567.4508485661474424
miniFE.c 25 Ap 4114.5718065399860279
miniFE.c 25 Ap 3864.8301404677763458
miniFE.c 25 Ap 4309.9378168747662130
miniFE.c 25 Ap 4273.6041294109763840
miniFE.c 25 Ap 4284.3712509116830915
miniFE.c 25 Ap -964.4800713830919676
miniFE.c 25 Ap -597.7950561650870895
miniFE.c 25 Ap -2042.6600508355675174
miniFE.c 25 Ap -1723.9788499087619584
miniFE.c 25 Ap -6255.7706731315893194
miniFE.c 25 Ap -6075.5252894339346312
miniFE.c 25 Ap -6468.2125666180272674
miniFE.c 25 Ap -6459.5475186945132009
miniFE.c 25 Ap -1101.1609430540302128
miniFE.c 25 Ap -777.4488932280138442
miniFE.c 25 Ap -2168.7715392314107703
miniFE.c 25 Ap -1205.6426220820803792
miniFE.c 25 Ap -1511.2881518595318084
miniFE.c 25 Ap 1157.2672529036763081
miniFE.c 25 Ap 944.5509837998509965
miniFE.c 25 Ap 952.3648776854247444
miniFE.c 25 Ap -342.6813074242738821
miniFE.c 25 Ap 39.5583608367891202
miniFE.c 25 Ap -988.4660873118735935
miniFE.c 25 Ap -875.5033931725824914
miniFE.c 25 Ap -1832.2720853898044879
miniFE.c 25 Ap -1526.6343771368208309
miniFE.c 25 Ap -3361.3859318466484183
miniFE.c 25 Ap -3355.2861416781588559
miniFE.c 25 Ap -439.4701611961360186
miniFE.c 25 Ap -206.2542644617075496
miniFE.c 25 Ap -1268.6177571867647202
miniFE.c 25 Ap -858.4604684646442365
miniFE.c 25 Ap -1117.1365945184443262
miniFE.c 25 Ap -979.5744331667925735
miniFE.c 25 Ap -1054.3122056599472671
miniFE.c 25 Ap -906.3599706645840115
miniFE.c 57 sum 284140.7550749616930261
miniFE.c 57 sum 277907.2388218704727478
miniFE.c 57 sum 789020.3128338048700243
miniFE.c 57 sum 1161241.3833618627395481
miniFE.c 57 sum 1601036.6130035356618464
miniFE.c 57 sum 1639274.8525853992905468
miniFE.c 57 sum 1733034.9079164979048073
miniFE.c 57 sum 1730967.7971246275119483
miniFE.c 90 p_ap_dot 1730967.7971246275119483
miniFE.c 91 alpha 0.0049119285937846
miniFE.c 40 y 1.1591918945542348
miniFE.c 40 y 1.9011467118619416
miniFE.c 40 y 1.1702315523717617
miniFE.c 40 y 1.9577860624892556
miniFE.c 40 y 0.8537086953461289
miniFE.c 40 y 1.9016333946321113
miniFE.c 40 y 0.9403578432251708
miniFE.c 40 y 1.4103111456217536
miniFE.c 40 y -2.4833195615520935
miniFE.c 40 y 9.2968177965501564
miniFE.c 40 y 0.8693818923740899
miniFE.c 40 y 4.0191395689487095
miniFE.c 40 y 9.3948434518847286
miniFE.c 40 y 5.7812799200706175
miniFE.c 40 y 6.6492148780059139
miniFE.c 40 y -71.5460886537802168
miniFE.c 82 oldrtrans 8502.3902176168685401
miniFE.c 48 sum 6.1668760447872817
miniFE.c 48 sum 92.5976971870389889
miniFE.c 48 sum 93.3535220618269364
miniFE.c 48 sum 109.5070049365161537
miniFE.c 48 sum 197.7700884219375155
miniFE.c 48 sum 231.1932859361492376
miniFE.c 48 sum 275.4053444300444653
miniFE.c 48 sum 5394.2481460846229311
miniFE.c 83 rtrans 5394.2481460846229311
miniFE.c 84 beta 0.6344390233828359
miniFE.c 40 y -45.9936626832058550
miniFE.c 40 y 30.5742625695054144
miniFE.c 40 y -53.7007403553209599
miniFE.c 40 y 59.1384461458667090
miniFE.c 40 y -33.8006365991210913
miniFE.c 40 y 31.2545328136005018
miniFE.c 40 y -11.0795377305066971
miniFE.c 40 y -70.0991406480593326
miniFE.c 87 normr 73.4455454475261007
miniFE.c 25 Ap -3085.9314595675191413
miniFE.c 25 Ap -2624.6407443369776047
miniFE.c 25 Ap -3125.0893819659095243
miniFE.c 25 Ap -2313.9174767905901717
miniFE.c 25 Ap -2789.2696875450355947
miniFE.c 25 Ap -2287.4344068767404679
miniFE.c 25 Ap -2342.7961091907254740
miniFE.c 25 Ap -2791.9958187093507149
miniFE.c 25 Ap -693.9316854160025514
miniFE.c 25 Ap 1337.3180614665748180
miniFE.c 25 Ap 564.4586172950062064
miniFE.c 25 Ap 917.1494286348644209
miniFE.c 25 Ap 547.5864503083480486
miniFE.c 25 Ap 849.2635147309484864
miniFE.c 25 Ap 722.9854806058941676
miniFE.c 25 Ap 235.5229262550730596
miniFE.c 25 Ap -428.6247391949468692
miniFE.c 25 Ap 11.3991304774979767
miniFE.c 25 Ap -3622.7496053951249451
miniFE.c 25 Ap -3054.3005118129785842
miniFE.c 25 Ap -3622.0896895196024161
miniFE.c 25 Ap -3116.5260556319731222
miniFE.c 25 Ap -3248.9480258147254972
miniFE.c 25 Ap -4114.7544288128165135
miniFE.c 25 Ap -630.8716142575663071
miniFE.c 25 Ap -448.5323379573488296
miniFE.c 25 Ap -964.7132518822561451
miniFE.c 25 Ap 2903.0422528003355183
miniFE.c 25 Ap 2779.0577320834604507
miniFE.c 25 Ap 3125.5420448564259459
miniFE.c 25 Ap 3111.1360642744762117
miniFE.c 25 Ap 2780.1960584990501957
miniFE.c 25 Ap -646.8277357156240441
miniFE.c 25 Ap -312.5406727430539604
miniFE.c 25 Ap -1214.6153753649991813
miniFE.c 25 Ap -997.6889313959917445
miniFE.c 25 Ap -3247.5018922356066469
miniFE.c 25 Ap -3107.1938247470616261
miniFE.c 25 Ap -3262.8908014310436556
miniFE.c 25 Ap -3529.2211302625601093
miniFE.c 25 Ap -738.4926455066264452
miniFE.c 25 Ap -443.3817304319167079
miniFE.c 25 Ap -1312.0282591900784155
miniFE.c 25 Ap -656.4259504460761718
miniFE.c 25 Ap -808.1640048713068154
miniFE.c 25 Ap 1269.1144482428828724
miniFE.c 25 Ap 1184.7743590287482220
miniFE.c 25 Ap 944.6052397845094220
miniFE.c 25 Ap -229.8189259996342173
miniFE.c 25 Ap 118.6484799526724885
miniFE.c 25 Ap -523.1795467297023379
miniFE.c 25 Ap -446.2857874821236237
miniFE.c 25 Ap -921.2746413931286042
miniFE.c 25 Ap -683.3576677826591776
miniFE.c 25 Ap -1410.8201719998139652
miniFE.c 25 Ap -1598.3043193140656513
miniFE.c 25 Ap -294.7302880747321865
miniFE.c 25 Ap -82.1198624441233278
miniFE.c 25 Ap -745.3868356985528862
miniFE.c 25 Ap -466.1925755674241145
miniFE.c 25 Ap -594.6126186226556456
miniFE.c 25 Ap -487.5303698413305256
miniFE.c 25 Ap -517.1632250352213305
miniFE.c 25 Ap -5064.6472950014431262
miniFE.c 57 sum 128414.1138986390433274
miniFE.c 57 sum 135615.0536870999203529
miniFE.c 57 sum 356580.4128946840064600
miniFE.c 57 sum 520996.8877751809777692
miniFE.c 57 sum 640286.8086771251400933
miniFE.c 57 sum 669810.0041398690082133
miniFE.c 57 sum 687518.4771505410317332
miniFE.c 57 sum 1042545.9002156604547054
miniFE.c 90 p_ap_dot 1042545.9002156604547054
miniFE.c 91 alpha 0.0051741109383949
miniFE.c 40 y 0.9212155813682132
miniFE.c 40 y 2.0593413382561776
miniFE.c 40 y 0.8923779642993903
miniFE.c 40 y 2.2637749435722632
miniFE.c 40 y 0.6788204517939049
miniFE.c 40 y 2.0633478147373845
miniFE.c 40 y 0.8830310858613969
miniFE.c 40 y 1.0476104152225463
miniFE.c 40 y 11.9627765439848250
miniFE.c 40 y 8.0781960475710033
miniFE.c 40 y 22.1595777913034055
miniFE.c 40 y -10.3659032682136569
miniFE.c 40 y 27.6554251059907088
miniFE.c 40 y 0.8937876164364349
miniFE.c 40 y 14.9190187394526603
miniFE.c 40 y -45.3410416856010272
miniFE.c 82 oldrtrans 5394.2481460846229311
miniFE.c 48 sum 143.1080226413135108
miniFE.c 48 sum 208.3652740243052790
miniFE.c 48 sum 699.4121619131324223
miniFE.c 48 sum 806.8641124790949561
miniFE.c 48 sum 1571.6866502721561574
miniFE.c 48 sum 1572.4855065754513817
miniFE.c 48 sum 1795.0626267235909381
miniFE.c 48 sum 3850.8726878590014167
miniFE.c 83 rtrans 3850.8726878590014167
miniFE.c 84 beta 0.7138849722095433
miniFE.c 40 y -20.8714080624306959
miniFE.c 40 y 29.9047026323296521
miniFE.c 40 y -16.1765737448867952
miniFE.c 40 y 31.8521447151439716
miniFE.c 40 y 3.5256585867622761
miniFE.c 40 y 23.2059289054958882
miniFE.c 40 y 7.0095032546153009
miniFE.c 40 y -95.3837647590537330
miniFE.c 87 normr 62.0554001506637718
miniFE.c 25 Ap -1400.3610712404495189
miniFE.c 25 Ap -949.1723750400442441
miniFE.c 25 Ap -1099.9253113788520295
miniFE.c 25 Ap -663.0256869150268813
miniFE.c 25 Ap -613.4429046893684472
miniFE.c 25 Ap -240.8392278111642781
miniFE.c 25 Ap -205.8144784046587574
miniFE.c 25 Ap -817.0396521578549027
miniFE.c 25 Ap -314.8984127123262624
miniFE.c 25 Ap 1671.8680551436793849
miniFE.c 25 Ap 1439.0552911044810571
miniFE.c 25 Ap 1629.0156213909722283
miniFE.c 25 Ap 1667.5637973717821296
miniFE.c 25 Ap 1891.5535959447172445
miniFE.c 25 Ap 1971.4437784339022528
miniFE.c 25 Ap 1308.1544259083889301
miniFE.c 25 Ap -194.5050973437089397
miniFE.c 25 Ap 235.8824857997004756
miniFE.c 25 Ap -858.8524217034056392
miniFE.c 25 Ap -552.6840325761165786
miniFE.c 25 Ap -493.4593850171382314
miniFE.c 25 Ap -118.0874728797974740
miniFE.c 25 Ap -34.3103105508306783
miniFE.c 25 Ap -1212.4114043299123296
miniFE.c 25 Ap -286.2824599742500027
miniFE.c 25 Ap -107.9363159403203269
miniFE.c 25 Ap -263.4283736765775643
miniFE.c 25 Ap 1819.7563578613010122
miniFE.c 25 Ap 1832.6888684313066733
miniFE.c 25 Ap 2089.9472436254545755
miniFE.c 25 Ap 2099.0612310707128927
miniFE.c 25 Ap 1648.7518068978070005
miniFE.c 25 Ap -293.5231688592684804
miniFE.c 25 Ap 33.4431868885973245
miniFE.c 25 Ap -238.2938106612851357
miniFE.c 25 Ap -121.4565764059289563
miniFE.c 25 Ap 113.2157014587874642
miniFE.c 25 Ap 217.3919199428419518
miniFE.c 25 Ap 315.8940859488442356
miniFE.c 25 Ap -46.5010760832894903
miniFE.c 25 Ap -335.1196764136122397
miniFE.c 25 Ap -46.4715319554662756
miniFE.c 25 Ap -308.1387741148941473
miniFE.c 25 Ap 44.9705984612732550
miniFE.c 25 Ap 60.7980096685765758
miniFE.c 25 Ap 1603.1399281153539960
miniFE.c 25 Ap 1656.4979421607636141
miniFE.c 25 Ap 1329.7002872880029827
miniFE.c 25 Ap -104.2892499787667049
miniFE.c 25 Ap 236.5469068499736522
miniFE.c 25 Ap 43.2054680455113669
miniFE.c 25 Ap 84.6206777249171580
miniFE.c 25 Ap 134.1655591207679095
miniFE.c 25 Ap 310.8146361664109918
miniFE.c 25 Ap 771.0460027585933176
miniFE.c 25 Ap 515.9366870359128825
miniFE.c 25 Ap -133.7452977627638404
miniFE.c 25 Ap 74.2090736815985963
miniFE.c 25 Ap -125.5905386590348485
miniFE.c 25 Ap 24.7843284012118374
miniFE.c 25 Ap 38.1794970449240481
miniFE.c 25 Ap 117.6861422755551985
miniFE.c 25 Ap 136.4334582717093269
miniFE.c 25 Ap -6051.3192982552809553
miniFE.c 57 sum 17052.7679833730253449
miniFE.c 57 sum 56172.7370873293111799
miniFE.c 57 sum 75785.3995786138984840
miniFE.c 57 sum 128301.6807312779565109
miniFE.c 57 sum 128137.7338130912248744
miniFE.c 57 sum 158994.6641455140779726
miniFE.c 57 sum 162611.1240324677492026
miniFE.c 57 sum 739808.7404591715894639
miniFE.c 90 p_ap_dot 739808.7404591715894639
miniFE.c 91 alpha 0.0052052273476371
miniFE.c 40 y 0.8125751573379565
miniFE.c 40 y 2.2150021142209337
miniFE.c 40 y 0.8081752202514381
miniFE.c 40 y 2.4295725983244236
miniFE.c 40 y 0.6971723062881513
miniFE.c 40 y 2.1841399505035928
miniFE.c 40 y 0.9195171438956714
miniFE.c 40 y 0.5511162343781405
miniFE.c 40 y 16.2156536855007545
miniFE.c 40 y 1.2689548549002101
miniFE.c 40 y 28.4704547897085085
miniFE.c 40 y -18.9480312629441272
miniFE.c 40 y 27.8974737789139979
miniFE.c 40 y -6.0276046831159222
miniFE.c 40 y 12.2334509864440673
miniFE.c 40 y -13.8425489850387855
miniFE.c 82 oldrtrans 3850.8726878590014167
miniFE.c 48 sum 262.9474244480941820
miniFE.c 48 sum 264.5576708718689929
miniFE.c 48 sum 1075.1244668047052073
miniFE.c 48 sum 1434.1523555462131299
miniFE.c 48 sum 2212.4213987914072277
miniFE.c 48 sum 2248.7534170073281530
miniFE.c 48 sum 2398.4107400450575369
miniFE.c 48 sum 2590.0269024482558962
miniFE.c 83 rtrans 2590.0269024482558962
miniFE.c 84 beta 0.6725818047981879
miniFE.c 40 y 2.1779243821916676
miniFE.c 40 y 21.3823137233056073
miniFE.c 40 y 17.5903856249215664
miniFE.c 40 y 2.4751417162604668
miniFE.c 40 y 30.2687675943007974
miniFE.c 40 y 9.5802808621609401
miniFE.c 40 y 16.9479153361719987
miniFE.c 40 y -77.9959336351289352
miniFE.c 87 normr 50.8923069082966180
miniFE.c 25 Ap 146.1272048250791045
miniFE.c 25 Ap 468.7339322411386320
miniFE.c 25 Ap 632.6624826319207386
miniFE.c 25 Ap 666.6127392315902398
miniFE.c 25 Ap 1092.2948281049559682
miniFE.c 25 Ap 1246.1196497401570014
miniFE.c 25 Ap 1330.8041795920050845
miniFE.c 25 Ap 831.0013231142797849
miniFE.c 25 Ap 32.8595430125358945
miniFE.c 25 Ap 1453.4275530991637879
miniFE.c 25 Ap 1706.5878553014663339
miniFE.c 25 Ap 1721.3491450711678681
miniFE.c 25 Ap 2052.2960451278909204
miniFE.c 25 Ap 2144.7674643641776129
miniFE.c 25 Ap 2337.9298040958178717
miniFE.c 25 Ap 1795.5537251986274896
miniFE.c 25 Ap 20.2965412155375553
miniFE.c 25 Ap 328.0301588519402003
miniFE.c 25 Ap 1518.4434987675886077
miniFE.c 25 Ap 1542.2349940940846409
miniFE.c 25 Ap 2050.6952005213165648
miniFE.c 25 Ap 2205.6628538605646099
miniFE.c 25 Ap 2408.2233210835720456
miniFE.c 25 Ap 1444.8822854473764892
miniFE.c 25 Ap 29.8734780090881884
miniFE.c 25 Ap 157.3936627091577520
miniFE.c 25 Ap 326.4755276533882125
miniFE.c 25 Ap 488.3540283891575200
miniFE.c 25 Ap 599.3832580270234303
miniFE.c 25 Ap 705.5891978340447395
miniFE.c 25 Ap 727.6254366353416572
miniFE.c 25 Ap 359.4044500577562076
miniFE.c 25 Ap 30.6290435357581181
miniFE.c 25 Ap 264.4149226840295341
miniFE.c 25 Ap 559.9013866808744524
miniFE.c 25 Ap 568.9804837119900185
miniFE.c 25 Ap 2583.7077934358203493
miniFE.c 25 Ap 2626.7156573441993714
miniFE.c 25 Ap 2864.8789492722103205
miniFE.c 25 Ap 2568.5460347667867609
miniFE.c 25 Ap 34.9696250502222910
miniFE.c 25 Ap 241.3574048030183690
miniFE.c 25 Ap 525.8940296522059725
miniFE.c 25 Ap 553.3331784530806772
miniFE.c 25 Ap 689.2159418187890196
miniFE.c 25 Ap 1325.9527354364242910
miniFE.c 25 Ap 1454.9643175271307882
miniFE.c 25 Ap 1187.7397194421382665
miniFE.c 25 Ap 10.8825480125649801
miniFE.c 25 Ap 254.5855442657055505
miniFE.c 25 Ap 464.8247778316306267
miniFE.c 25 Ap 468.0430387707891100
miniFE.c 25 Ap 893.3997383925161557
miniFE.c 25 Ap 966.3271260024113190
miniFE.c 25 Ap 2079.0967407278594692
miniFE.c 25 Ap 1870.4921704524899724
miniFE.c 25 Ap 13.9562766503202855
miniFE.c 25 Ap 162.6467908154426141
miniFE.c 25 Ap 379.9086340344051109
miniFE.c 25 Ap 391.5938473808388380
miniFE.c 25 Ap 506.5951263150344630
miniFE.c 25 Ap 539.4184618867142262
miniFE.c 25 Ap 584.7466274844804275
miniFE.c 25 Ap -4475.0196185616587172
miniFE.c 57 sum 1809.8580432441260655
miniFE.c 57 sum 40202.9511024912426365
miniFE.c 57 sum 65618.9876861285883933
miniFE.c 57 sum 66508.5646334761986509
miniFE.c 57 sum 144255.2876150949159637
miniFE.c 57 sum 155634.1677184948348440
miniFE.c 57 sum 187335.1106602962245233
miniFE.c 57 sum 536368.4438455314375460
miniFE.c 90 p_ap_dot 536368.4438455314375460
miniFE.c 91 alpha 0.0048288204352196
miniFE.c 40 y 0.8230919631010467
miniFE.c 40 y 2.3182534676803090
miniFE.c 40 y 0.8931160338204530
miniFE.c 40 y 2.4415246132239670
miniFE.c 40 y 0.8433347497964248
miniFE.c 40 y 2.2304014065059392
miniFE.c 40 y 1.0013555838053509
miniFE.c 40 y 0.1744878761767956
miniFE.c 40 y 12.2028975147519674
miniFE.c 40 y -7.4014516658736582
miniFE.c 40 y 21.4933776832533709
miniFE.c 40 y -20.6835308158918956
miniFE.c 40 y 15.4944261974297817
miniFE.c 40 y -11.7629865120801522
miniFE.c 40 y 3.2011801698447595
miniFE.c 40 y 7.7665171970805176
miniFE.c 82 oldrtrans 2590.0269024482558962
miniFE.c 48 sum 148.9107077555397325
miniFE.c 48 sum 203.6921945178036708
miniFE.c 48 sum 665.6574787527777062
miniFE.c 48 sum 1093.4659257647274444
miniFE.c 48 sum 1333.5431689523256864
miniFE.c 48 sum 1471.9110206357051993
miniFE.c 48 sum 1482.1585751155125763
miniFE.c 48 sum 1542.4773644880599477
miniFE.c 83 rtrans 1542.4773644880599477
miniFE.c 84 beta 0.5955449200276698
miniFE.c 40 y 13.4999493167706159
miniFE.c 40 y 5.3326766504789251
miniFE.c 40 y 31.9692424835031588
miniFE.c 40 y -19.2094727404244061
miniFE.c 40 y 33.5208369737137701
miniFE.c 40 y -6.0574989121818996
miniFE.c 40 y 13.2944250533610315
miniFE.c 40 y -38.6835648621357819
miniFE.c 87 normr 39.2743856029354035
miniFE.c 25 Ap 905.7751844234227292
miniFE.c 25 Ap 986.2322100213560816
miniFE.c 25 Ap 1284.1603901737710203
miniFE.c 25 Ap 1020.6738494244671074
miniFE.c 25 Ap 1492.0911233289630218
miniFE.c 25 Ap 1394.8294977954055867
miniFE.c 25 Ap 1461.2584427696374405
miniFE.c 25 Ap 1213.3717220684850417
miniFE.c 25 Ap 203.6811603142425042
miniFE.c 25 Ap 557.9660125446841903
miniFE.c 25 Ap 1018.0663912899872230
miniFE.c 25 Ap 903.5046304090802778
miniFE.c 25 Ap 1270.0083887532468907
miniFE.c 25 Ap 1211.5397979581566688
miniFE.c 25 Ap 1363.0618110055843317
miniFE.c 25 Ap 1094.0600919436485583
miniFE.c 25 Ap 125.8089031721898294
miniFE.c 25 Ap 202.5566255455830174
miniFE.c 25 Ap 2366.0460186059995067
miniFE.c 25 Ap 2181.4012049673106048
miniFE.c 25 Ap 2744.4902582024096773
miniFE.c 25 Ap 2646.5060336236178955
miniFE.c 25 Ap 2805.4002041958856353
miniFE.c 25 Ap 2327.6129183776201899
miniFE.c 25 Ap 185.1719198039909884
miniFE.c 25 Ap 216.9750221349436003
miniFE.c 25 Ap 524.2689755038105659
miniFE.c 25 Ap -732.0633899183316089
miniFE.c 25 Ap -609.1052055650084185
miniFE.c 25 Ap -676.2579721805766440
miniFE.c 25 Ap -658.9721220101698691
miniFE.c 25 Ap -841.5983148641289517
miniFE.c 25 Ap 189.8553222209650357
miniFE.c 25 Ap 248.1607289734079131
miniFE.c 25 Ap 785.1858186749409469
miniFE.c 25 Ap 714.7233212021172903
miniFE.c 25 Ap 2945.9124664270930225
miniFE.c 25 Ap 2918.7190999080335132
miniFE.c 25 Ap 3105.5411350783979287
miniFE.c 25 Ap 2958.5691971222208849
miniFE.c 25 Ap 216.7605862097957186
miniFE.c 25 Ap 268.2329997322073041
miniFE.c 25 Ap 785.3575556801845323
miniFE.c 25 Ap 572.4034539218409918
miniFE.c 25 Ap 722.8854299100956950
miniFE.c 25 Ap 320.2842441850438604
miniFE.c 25 Ap 421.4845850588158100
miniFE.c 25 Ap 288.9494695598822318
miniFE.c 25 Ap 67.4558987484722081
miniFE.c 25 Ap 128.2346009314072148
miniFE.c 25 Ap 510.3290689396879998
miniFE.c 25 Ap 485.3522785699877318
miniFE.c 25 Ap 956.4092034770162627
miniFE.c 25 Ap 910.2980740152476073
miniFE.c 25 Ap 1783.1860930538368848
miniFE.c 25 Ap 1679.7246938668577059
miniFE.c 25 Ap 86.5085257186730701
miniFE.c 25 Ap 123.5914365437917724
miniFE.c 25 Ap 518.4489852287614440
miniFE.c 25 Ap 427.7605265559810732
miniFE.c 25 Ap 555.1175162620168066
miniFE.c 25 Ap 534.3637072265285042
miniFE.c 25 Ap 569.9204048139706629
miniFE.c 25 Ap -1939.5667779641769357
miniFE.c 57 sum 16380.4567503272301110
miniFE.c 57 sum 22214.7254568559510517
miniFE.c 57 sum 96626.7472522045427468
miniFE.c 57 sum 112793.4071399741515052
miniFE.c 57 sum 211967.1228721593506634
miniFE.c 57 sum 210216.8117746248317417
miniFE.c 57 sum 232547.7858275175676681
miniFE.c 57 sum 307577.1430873385397717
miniFE.c 90 p_ap_dot 307577.1430873385397717
miniFE.c 91 alpha 0.0050149284469102
miniFE.c 40 y 0.8907932429615655
miniFE.c 40 y 2.3449964595129695
miniFE.c 40 y 1.0534394973771428
miniFE.c 40 y 2.3451904819278666
miniFE.c 40 y 1.0114393487001410
miniFE.c 40 y 2.2000234828941108
miniFE.c 40 y 1.0680261741907666
miniFE.c 40 y -0.0195074336782246
miniFE.c 40 y 6.1179251490743169
miniFE.c 40 y -12.8880847435910404
miniFE.c 40 y 9.8205654454857960
miniFE.c 40 y -16.4629754858080943
miniFE.c 40 y 0.6574133686293138
miniFE.c 40 y -13.2120474266956158
miniFE.c 40 y -5.2225189804056562
miniFE.c 40 y 17.4933058065750089
miniFE.c 82 oldrtrans 1542.4773644880599477
miniFE.c 48 sum 37.4290081296760064
miniFE.c 48 sum 203.5317364876601118
miniFE.c 48 sum 299.9752421567297347
miniFE.c 48 sum 571.0048040030479797
miniFE.c 48 sum 571.4369963403005386
miniFE.c 48 sum 745.9951935455547982
miniFE.c 48 sum 773.2698980462521376
miniFE.c 48 sum 1079.2856460886030163
miniFE.c 83 rtrans 1079.2856460886030163
miniFE.c 84 beta 0.6997092281135757
miniFE.c 40 y 15.5639642650842784
miniFE.c 40 y -9.1567616807051433
miniFE.c 40 y 32.1897394269935262
miniFE.c 40 y -29.9040208294792293
miniFE.c 40 y 24.1122523332275840
miniFE.c 40 y -17.4505353148372393
miniFE.c 40 y 4.0797129118953741
miniFE.c 40 y -9.5739415037914597
miniFE.c 87 normr 32.8524831038477672
miniFE.c 25 Ap 1044.2596688161929706
miniFE.c 25 Ap 906.1065691204701125
miniFE.c 25 Ap 1206.0896072551206544
miniFE.c 25 Ap 795.9114045877770423
miniFE.c 25 Ap 1135.0118951734132224
miniFE.c 25 Ap 854.8191199442605921
miniFE.c 25 Ap 875.2044335961995785
miniFE.c 25 Ap 813.8540132815891184
miniFE.c 25 Ap 234.8220890476723071
miniFE.c 25 Ap -373.5219324610461626
miniFE.c 25 Ap 89.7518316800618550
miniFE.c 25 Ap -88.5902462071196339
miniFE.c 25 Ap 175.0437170259807829
miniFE.c 25 Ap 6.6065083247780194
miniFE.c 25 Ap 53.1046690639434757
miniFE.c 25 Ap -13.4715819071549703
miniFE.c 25 Ap 145.0438981107088523
miniFE.c 25 Ap 13.2600587048508487
miniFE.c 25 Ap 2191.6713817637596549
miniFE.c 25 Ap 1904.2287003471601565
miniFE.c 25 Ap 2309.2706552461368119
miniFE.c 25 Ap 2026.9962056592771660
miniFE.c 25 Ap 2075.7566895994759761
miniFE.c 25 Ap 1957.5073105160920477
miniFE.c 25 Ap 213.4829602023858683
miniFE.c 25 Ap 158.8737183828096420
miniFE.c 25 Ap 468.2871269594711521
miniFE.c 25 Ap -1487.4869711640885726
miniFE.c 25 Ap -1399.0405290335484096
miniFE.c 25 Ap -1592.4952439749495170
miniFE.c 25 Ap -1587.1906666163770296
miniFE.c 25 Ap -1632.3895125261385601
miniFE.c 25 Ap 218.8824106852288764
miniFE.c 25 Ap 118.7659496054543098
miniFE.c 25 Ap 659.4949866531884481
miniFE.c 25 Ap 549.8036890003256758
miniFE.c 25 Ap 2154.7455857378936344
miniFE.c 25 Ap 2076.4065204487792471
miniFE.c 25 Ap 2133.7373388972550856
miniFE.c 25 Ap 2097.3626991321229980
miniFE.c 25 Ap 249.9012358258992208
miniFE.c 25 Ap 161.5177363851261134
miniFE.c 25 Ap 682.2089825369509981
miniFE.c 25 Ap 350.6962970636355408
miniFE.c 25 Ap 458.9411890237271336
miniFE.c 25 Ap -700.8784512508351554
miniFE.c 25 Ap -669.8227015141015954
miniFE.c 25 Ap -702.6243175881941170
miniFE.c 25 Ap 77.7692695694884009
miniFE.c 25 Ap -26.5940975777972142
miniFE.c 25 Ap 358.1357366692637925
miniFE.c 25 Ap 319.2535419540874955
miniFE.c 25 Ap 658.0948258271414488
miniFE.c 25 Ap 525.2571803326601412
miniFE.c 25 Ap 793.1237866444689644
miniFE.c 25 Ap 767.5177343779130297
miniFE.c 25 Ap 99.7348635404087673
miniFE.c 25 Ap 36.0596401754299052
miniFE.c 25 Ap 433.6405840939295331
miniFE.c 25 Ap 292.4628644453748620
miniFE.c 25 Ap 384.0734610005951026
miniFE.c 25 Ap 324.2855711896952471
miniFE.c 25 Ap 335.1969959161954193
miniFE.c 25 Ap -285.8854606272348065
miniFE.c 57 sum 12666.7947797100787284
miniFE.c 57 sum 12790.1508446959960565
miniFE.c 57 sum 75801.8010966439032927
miniFE.c 57 sum 124616.8110810490034055
miniFE.c 57 sum 175188.9497168220405001
miniFE.c 57 sum 187450.1201839582354296
miniFE.c 57 sum 190581.3721950085018761
miniFE.c 57 sum 193318.4228718381200451
miniFE.c 90 p_ap_dot 193318.4228718381200451
miniFE.c 91 alpha 0.0055829425362327
miniFE.c 40 y 0.9776859610895100
miniFE.c 40 y 2.2938747852316155
miniFE.c 40 y 1.2331529628543514
miniFE.c 40 y 2.1782380520345788
miniFE.c 40 y 1.1460566678956932
miniFE.c 40 y 2.1025981470048754
miniFE.c 40 y 1.0908029769422050
miniFE.c 40 y -0.0729581989391455
miniFE.c 40 y 1.5742249600408504
miniFE.c 40 y -12.8128736759312414
miniFE.c 40 y -1.1080853833809421
miniFE.c 40 y -7.3494386406257739
miniFE.c 40 y -11.0520420582632148
miniFE.c 40 y -9.2893362370410220
miniFE.c 40 y -9.5075263869770481
miniFE.c 40 y 19.0893879052012743
