filename line variable value
miniFE.c 167 A 67.0947100000000063
miniFE.c 167 A 15.0875500000000002
miniFE.c 167 A 9.3192129999999995
miniFE.c 167 A 13.7164900000000003
miniFE.c 167 A 14.0634099999999993
miniFE.c 167 A 16.0564000000000000
miniFE.c 167 A 4.9967519999999999
miniFE.c 167 A 6.4080630000000003
miniFE.c 167 A 15.0875500000000002
miniFE.c 167 A 66.4365899999999954
miniFE.c 167 A 14.3919700000000006
miniFE.c 167 A 5.9638159999999996
miniFE.c 167 A 10.9336099999999998
miniFE.c 167 A 9.6522659999999991
miniFE.c 167 A 11.3974100000000007
miniFE.c 167 A 6.9539020000000002
miniFE.c 167 A 9.3192129999999995
miniFE.c 167 A 14.3919700000000006
miniFE.c 167 A 67.6740900000000067
miniFE.c 167 A 9.6121750000000006
miniFE.c 167 A 16.7981799999999986
miniFE.c 167 A 16.1756899999999995
miniFE.c 167 A 11.9519400000000005
miniFE.c 167 A 12.3511699999999998
miniFE.c 167 A 13.7164900000000003
miniFE.c 167 A 5.9638159999999996
miniFE.c 167 A 9.6121750000000006
miniFE.c 167 A 65.4017099999999942
miniFE.c 167 A 3.6681119999999998
miniFE.c 167 A 11.0858899999999991
miniFE.c 167 A 1.3002330000000000
miniFE.c 167 A 4.7210279999999996
miniFE.c 167 A 14.0634099999999993
miniFE.c 167 A 10.9336099999999998
miniFE.c 167 A 16.7981799999999986
miniFE.c 167 A 3.6681119999999998
miniFE.c 167 A 66.5612600000000043
miniFE.c 167 A 4.4892070000000004
miniFE.c 167 A 14.0526599999999995
miniFE.c 167 A 3.7993380000000001
miniFE.c 167 A 16.0564000000000000
miniFE.c 167 A 9.6522659999999991
miniFE.c 167 A 16.1756899999999995
miniFE.c 167 A 11.0858899999999991
miniFE.c 167 A 4.4892070000000004
miniFE.c 167 A 66.4632699999999943
miniFE.c 167 A 7.6122389999999998
miniFE.c 167 A 3.4261349999999999
miniFE.c 167 A 4.9967519999999999
miniFE.c 167 A 11.3974100000000007
miniFE.c 167 A 11.9519400000000005
miniFE.c 167 A 1.3002330000000000
miniFE.c 167 A 14.0526599999999995
miniFE.c 167 A 7.6122389999999998
miniFE.c 167 A 65.6581999999999937
miniFE.c 167 A 2.6745570000000001
miniFE.c 167 A 6.4080630000000003
miniFE.c 167 A 6.9539020000000002
miniFE.c 167 A 12.3511699999999998
miniFE.c 167 A 4.7210279999999996
miniFE.c 167 A 3.7993380000000001
miniFE.c 167 A 3.4261349999999999
miniFE.c 167 A 2.6745570000000001
miniFE.c 167 A 64.8721800000000002
miniFE.c 175 b 198.0110999999999990
miniFE.c 175 b 229.8237000000000023
miniFE.c 175 b 210.8053999999999917
miniFE.c 175 b 202.6418999999999926
miniFE.c 175 b 157.2561000000000035
miniFE.c 175 b 225.5886000000000138
miniFE.c 175 b 142.6283999999999992
miniFE.c 175 b 185.1795999999999935
miniFE.c 33 r 0.0000000000000000
miniFE.c 33 r 0.0000000000000000
miniFE.c 33 r 0.0000000000000000
miniFE.c 33 r 0.0000000000000000
miniFE.c 33 r 0.0000000000000000
miniFE.c 33 r 0.0000000000000000
miniFE.c 33 r 0.0000000000000000
miniFE.c 33 r 0.0000000000000000
miniFE.c 25 Ap 0.0000000000000000
miniFE.c 25 Ap 0.0000000000000000
miniFE.c 25 Ap 0.0000000000000000
miniFE.c 25 Ap 0.0000000000000000
miniFE.c 25 Ap 0.0000000000000000
miniFE.c 25 Ap 0.0000000000000000
miniFE.c 25 Ap 0.0000000000000000
miniFE.c 25 Ap 0.0000000000000000
miniFE.c 25 Ap 0.0000000000000000
miniFE.c 25 Ap 0.0000000000000000
miniFE.c 25 Ap 0.0000000000000000
miniFE.c 25 Ap 0.0000000000000000
miniFE.c 25 Ap 0.0000000000000000
miniFE.c 25 Ap 0.0000000000000000
miniFE.c 25 Ap 0.0000000000000000
miniFE.c 25 Ap 0.0000000000000000
miniFE.c 25 Ap 0.0000000000000000
miniFE.c 25 Ap 0.0000000000000000
miniFE.c 25 Ap 0.0000000000000000
miniFE.c 25 Ap 0.0000000000000000
miniFE.c 25 Ap 0.0000000000000000
miniFE.c 25 Ap 0.0000000000000000
miniFE.c 25 Ap 0.0000000000000000
miniFE.c 25 Ap 0.0000000000000000
miniFE.c 25 Ap 0.0000000000000000
miniFE.c 25 Ap 0.0000000000000000
miniFE.c 25 Ap 0.0000000000000000
miniFE.c 25 Ap 0.0000000000000000
miniFE.c 25 Ap 0.0000000000000000
miniFE.c 25 Ap 0.0000000000000000
miniFE.c 25 Ap 0.0000000000000000
miniFE.c 25 Ap 0.0000000000000000
miniFE.c 25 Ap 0.0000000000000000
miniFE.c 25 Ap 0.0000000000000000
miniFE.c 25 Ap 0.0000000000000000
miniFE.c 25 Ap 0.0000000000000000
miniFE.c 25 Ap 0.0000000000000000
miniFE.c 25 Ap 0.0000000000000000
miniFE.c 25 Ap 0.0000000000000000
miniFE.c 25 Ap 0.0000000000000000
miniFE.c 25 Ap 0.0000000000000000
miniFE.c 25 Ap 0.0000000000000000
miniFE.c 25 Ap 0.0000000000000000
miniFE.c 25 Ap 0.0000000000000000
miniFE.c 25 Ap 0.0000000000000000
miniFE.c 25 Ap 0.0000000000000000
miniFE.c 25 Ap 0.0000000000000000
miniFE.c 25 Ap 0.0000000000000000
miniFE.c 25 Ap 0.0000000000000000
miniFE.c 25 Ap 0.0000000000000000
miniFE.c 25 Ap 0.0000000000000000
miniFE.c 25 Ap 0.0000000000000000
miniFE.c 25 Ap 0.0000000000000000
miniFE.c 25 Ap 0.0000000000000000
miniFE.c 25 Ap 0.0000000000000000
miniFE.c 25 Ap 0.0000000000000000
miniFE.c 25 Ap 0.0000000000000000
miniFE.c 25 Ap 0.0000000000000000
miniFE.c 25 Ap 0.0000000000000000
miniFE.c 25 Ap 0.0000000000000000
miniFE.c 25 Ap 0.0000000000000000
miniFE.c 25 Ap 0.0000000000000000
miniFE.c 25 Ap 0.0000000000000000
miniFE.c 25 Ap 0.0000000000000000
miniFE.c 33 r 198.0110999999999990
miniFE.c 33 r 229.8237000000000023
miniFE.c 33 r 210.8053999999999917
miniFE.c 33 r 202.6418999999999926
miniFE.c 33 r 157.2561000000000035
miniFE.c 33 r 225.5886000000000138
miniFE.c 33 r 142.6283999999999992
miniFE.c 33 r 185.1795999999999935
miniFE.c 48 sum 39208.3957232100001420
miniFE.c 48 sum 92027.3288048999966122
miniFE.c 48 sum 136466.2454740600078367
miniFE.c 48 sum 177529.9851096700003836
miniFE.c 48 sum 202259.4660968800017145
miniFE.c 48 sum 253149.6825468399911188
miniFE.c 48 sum 273492.5430333999684080
miniFE.c 48 sum 307784.0272895599482581
miniFE.c 75 rtrans 307784.0272895599482581
miniFE.c 76 normr 554.7828649927464539
miniFE.c 33 r 198.0110999999999990
miniFE.c 33 r 229.8237000000000023
miniFE.c 33 r 210.8053999999999917
miniFE.c 33 r 202.6418999999999926
miniFE.c 33 r 157.2561000000000035
miniFE.c 33 r 225.5886000000000138
miniFE.c 33 r 142.6283999999999992
miniFE.c 33 r 185.1795999999999935
miniFE.c 87 normr 554.7828649927464539
miniFE.c 25 Ap 13285.4973312810016068
miniFE.c 25 Ap 16752.9738962160008668
miniFE.c 25 Ap 18717.5143203662009910
miniFE.c 25 Ap 21497.0499152972006414
miniFE.c 25 Ap 23708.6069245981998392
miniFE.c 25 Ap 27330.7477216381994367
miniFE.c 25 Ap 28043.4264645949988335
miniFE.c 25 Ap 29230.0690077097970061
miniFE.c 25 Ap 2987.5023718050001662
miniFE.c 25 Ap 18256.2053009880000900
miniFE.c 25 Ap 21290.1102936259994749
miniFE.c 25 Ap 22498.6292991164009436
miniFE.c 25 Ap 24218.0061666374022025
miniFE.c 25 Ap 26395.4473404050004319
miniFE.c 25 Ap 28021.0416928490012651
miniFE.c 25 Ap 29308.7624836482027604
miniFE.c 25 Ap 1845.3076172643000064
miniFE.c 25 Ap 5152.9234129532997031
miniFE.c 25 Ap 19418.9870250392996240
miniFE.c 25 Ap 21366.8164301717988565
miniFE.c 25 Ap 24008.4327040697971825
miniFE.c 25 Ap 27657.4839652037990163
miniFE.c 25 Ap 29362.1700442997971550
miniFE.c 25 Ap 31649.3547644317950471
miniFE.c 25 Ap 2716.0172730389999742
miniFE.c 25 Ap 4086.6435322781999275
miniFE.c 25 Ap 6112.9419280231995799
miniFE.c 25 Ap 19366.0687056721981207
miniFE.c 25 Ap 19942.9016931553996983
miniFE.c 25 Ap 22443.7520980093977414
miniFE.c 25 Ap 22629.2022504265987664
miniFE.c 25 Ap 23503.4403270553993934
miniFE.c 25 Ap 2784.7112838509997346
miniFE.c 25 Ap 5297.5139884079999320
miniFE.c 25 Ap 8838.6610425799990480
miniFE.c 25 Ap 9581.9742276727993158
miniFE.c 25 Ap 20049.1383863587980159
miniFE.c 25 Ap 21061.8523085989982064
miniFE.c 25 Ap 23066.1607201429978886
miniFE.c 25 Ap 23769.7206112477979332
miniFE.c 25 Ap 3179.3454260399998930
miniFE.c 25 Ap 5397.6649115441996400
miniFE.c 25 Ap 8807.5877122702004272
miniFE.c 25 Ap 11054.0535250612010714
miniFE.c 25 Ap 11760.0087099739012046
miniFE.c 25 Ap 26753.3647406958989450
miniFE.c 25 Ap 27839.0862096834971453
miniFE.c 25 Ap 28473.5365185294976982
miniFE.c 25 Ap 989.4123599472000024
miniFE.c 25 Ap 3608.8072965641999872
miniFE.c 25 Ap 6128.3407890401995246
miniFE.c 25 Ap 6391.8224746028990921
miniFE.c 25 Ap 8601.6889808288997301
miniFE.c 25 Ap 10318.9233197042995016
miniFE.c 25 Ap 19683.6473325842962367
miniFE.c 25 Ap 20178.9207280214977800
miniFE.c 25 Ap 1268.8676034993000030
miniFE.c 25 Ap 2867.0390905766998912
miniFE.c 25 Ap 5470.7324228946999938
miniFE.c 25 Ap 6427.4105067679001877
miniFE.c 25 Ap 7024.8795832297000743
miniFE.c 25 Ap 7797.7765812907000509
miniFE.c 25 Ap 8179.2443669095000587
miniFE.c 25 Ap 20192.2487104374995397
miniFE.c 57 sum 5787878.1172925252467394
miniFE.c 57 sum 12523726.3537057451903820
miniFE.c 57 sum 19195581.2445636950433254
miniFE.c 57 sum 23958363.0489748232066631
miniFE.c 57 sum 27696296.6103892698884010
miniFE.c 57 sum 34119601.8506532162427902
miniFE.c 57 sum 36997689.0278177559375763
miniFE.c 57 sum 40736881.5671170875430107
miniFE.c 90 p_ap_dot 40736881.5671170875430107
miniFE.c 91 alpha 0.0075554145395853
miniFE.c 40 y 1.4960559439392744
miniFE.c 40 y 1.7364133245212852
miniFE.c 40 y 1.5927221841830903
miniFE.c 40 y 1.5310435575891859
miniFE.c 40 y 1.1881350243784765
miniFE.c 40 y 1.7044153884046875
miniFE.c 40 y 1.0776166871177848
miniFE.c 40 y 1.3991086422745860
miniFE.c 40 y -22.8341883739316245
miniFE.c 40 y 8.3838497937928480
miniFE.c 40 y -28.3185951556805833
miniFE.c 40 y 25.0636652226906733
miniFE.c 40 y -22.3339927081014764
miniFE.c 40 y 10.4592281944898673
miniFE.c 40 y -9.8317110616323760
miniFE.c 40 y 32.6187905062384118
miniFE.c 82 oldrtrans 307784.0272895599482581
miniFE.c 48 sum 521.4001586961941257
miniFE.c 48 sum 591.6890960610744514
miniFE.c 48 sum 1393.6319276524102406
miniFE.c 48 sum 2021.8192420475243125
miniFE.c 48 sum 2520.6264723330541528
miniFE.c 48 sum 2630.0219267574657351
miniFE.c 48 sum 2726.6844691568903727
miniFE.c 48 sum 3790.6699632467598349
miniFE.c 83 rtrans 3790.6699632467598349
miniFE.c 84 beta 0.0123160061184089
miniFE.c 40 y -20.3954824548187439
miniFE.c 40 y 11.2143598891482252
miniFE.c 40 y -25.7223145594869429
miniFE.c 40 y 27.5594041029366821
miniFE.c 40 y -20.3972256183443506
miniFE.c 40 y 13.2375787723331708
miniFE.c 40 y -8.0750988145735008
miniFE.c 40 y 34.8994635928429275
miniFE.c 87 normr 61.5684169298412272
miniFE.c 25 Ap -1368.4289806161518754
miniFE.c 25 Ap -1199.2317650706336281
miniFE.c 25 Ap -1438.9434933034935966
miniFE.c 25 Ap -1060.9252025196035447
miniFE.c 25 Ap -1347.7797492528836756
miniFE.c 25 Ap -1135.2318894527934390
miniFE.c 25 Ap -1175.5811556047112845
miniFE.c 25 Ap -951.9431942355674892
miniFE.c 25 Ap -307.7178613112005223
miniFE.c 25 Ap 437.3259687565855529
miniFE.c 25 Ap 67.1311892858862507
miniFE.c 25 Ap 231.4904044254456608
miniFE.c 25 Ap 8.4750944324596844
miniFE.c 25 Ap 136.2477259389728772
miniFE.c 25 Ap 44.2125139587647027
miniFE.c 25 Ap 286.8999636359623082
miniFE.c 25 Ap 190.0698452342187466
miniFE.c 25 Ap 351.4665763280433453
miniFE.c 25 Ap -1389.2676541789865041
miniFE.c 25 Ap -1124.3618390458409522
miniFE.c 25 Ap -1466.9981064834005338
miniFE.c 25 Ap -1252.8711359115586674
miniFE.c 25 Ap -1349.3842324374122654
miniFE.c 25 Ap -918.3350246933985090
miniFE.c 25 Ap -279.7544311366967804
miniFE.c 25 Ap -212.8740522000363740
miniFE.c 25 Ap -460.1214411508727835
miniFE.c 25 Ap 1342.3107137622018854
miniFE.c 25 Ap 1267.4914057048456471
miniFE.c 25 Ap 1414.2417478412662604
miniFE.c 25 Ap 1403.7422378842968556
miniFE.c 25 Ap 1568.5035826910889227
miniFE.c 25 Ap -286.8300319099224680
miniFE.c 25 Ap -164.2165944823325390
miniFE.c 25 Ap -596.3046644692149130
miniFE.c 25 Ap -495.2136835663836223
miniFE.c 25 Ap -1852.8787212276629361
miniFE.c 25 Ap -1793.4524899398534217
miniFE.c 25 Ap -1906.9291080474579303
miniFE.c 25 Ap -1774.3342498395531948
miniFE.c 25 Ap -327.4780244875516928
miniFE.c 25 Ap -219.2340398177625218
miniFE.c 25 Ap -635.3102262145098393
miniFE.c 25 Ap -329.7897038638051299
miniFE.c 25 Ap -421.3570718902559520
miniFE.c 25 Ap 458.4557002015919807
miniFE.c 25 Ap 396.9861180764418123
miniFE.c 25 Ap 516.5563917731067249
miniFE.c 25 Ap -101.9111677470804693
miniFE.c 25 Ap 25.9034897970964124
miniFE.c 25 Ap -281.5280704790179698
miniFE.c 25 Ap -245.6944238040443054
miniFE.c 25 Ap -532.3297003619271663
miniFE.c 25 Ap -431.5620869656004857
miniFE.c 25 Ap -961.7585399526303718
miniFE.c 25 Ap -868.4179353041471359
miniFE.c 25 Ap -130.6955364858731627
miniFE.c 25 Ap -52.7119768240055322
miniFE.c 25 Ap -370.4126567417038700
miniFE.c 25 Ap -240.3039383084249323
miniFE.c 25 Ap -317.7998926947741438
miniFE.c 25 Ap -272.4461607476264362
miniFE.c 25 Ap -294.0434728078357125
miniFE.c 25 Ap 1969.9608112905175403
miniFE.c 57 sum 19415.3407160156275495
miniFE.c 57 sum 22632.7401604128463077
miniFE.c 57 sum 46254.4425365706556477
miniFE.c 57 sum 89481.4666088583471719
miniFE.c 57 sum 125672.9626251914887689
miniFE.c 57 sum 132510.9185516401776113
miniFE.c 57 sum 139523.4791915690584574
miniFE.c 57 sum 208274.0548045297909994
miniFE.c 90 p_ap_dot 208274.0548045297909994
miniFE.c 91 alpha 0.0182003945081129
miniFE.c 40 y 1.1248501170782792
miniFE.c 40 y 1.9405190986597396
miniFE.c 40 y 1.1245659115386528
miniFE.c 40 y 2.0326355846711377
miniFE.c 40 y 0.8168974712536232
miniFE.c 40 y 1.9453445443933715
miniFE.c 40 y 0.9306467030005526
miniFE.c 40 y 2.0342926477858487
miniFE.c 40 y -5.5084466895311941
miniFE.c 40 y 3.1621572712551016
miniFE.c 40 y -11.6045354156431699
miniFE.c 40 y -3.4837187696755585
miniFE.c 40 y 9.9595906282348707
miniFE.c 40 y 1.0576980785320238
miniFE.c 40 y 5.9738379588239283
miniFE.c 40 y -3.2352734247710657
miniFE.c 82 oldrtrans 3790.6699632467598349
miniFE.c 48 sum 30.3429849314071731
miniFE.c 48 sum 40.3422235395586810
miniFE.c 48 sum 175.0074657524752979
miniFE.c 48 sum 187.1437622186650742
miniFE.c 48 sum 286.3372077006889640
miniFE.c 48 sum 287.4559329260192726
miniFE.c 48 sum 323.1426728843048863
miniFE.c 48 sum 333.6096670173348002
miniFE.c 83 rtrans 333.6096670173348002
miniFE.c 84 beta 0.0880081015366459
miniFE.c 40 y -7.3034143803037628
miniFE.c 40 y 4.1491117950477481
miniFE.c 40 y -13.8683074871520429
miniFE.c 40 y -1.0582679350948503
miniFE.c 40 y 8.1644695249497445
miniFE.c 40 y 2.2227122552268703
miniFE.c 40 y 5.2631638424324940
miniFE.c 40 y -0.1638378893176671
miniFE.c 87 normr 18.2649847253518054
miniFE.c 25 Ap -490.0204698563107399
miniFE.c 25 Ap -427.4205381929380678
miniFE.c 25 Ap -556.6622496152026542
miniFE.c 25 Ap -571.1779711642518578
miniFE.c 25 Ap -456.3576888023783908
miniFE.c 25 Ap -420.6689317475536427
miniFE.c 25 Ap -394.3702072915514236
miniFE.c 25 Ap -395.4200908080860586
miniFE.c 25 Ap -110.1906296335520352
miniFE.c 25 Ap 165.4622095581992198
miniFE.c 25 Ap -34.1300557476683650
miniFE.c 25 Ap -40.4413709912739918
miniFE.c 25 Ap 48.8257546514117777
miniFE.c 25 Ap 70.2799645803214190
miniFE.c 25 Ap 130.2664007896999578
miniFE.c 25 Ap 129.1270881634980583
miniFE.c 25 Ap -68.0620742373137659
miniFE.c 25 Ap -8.3481817563404235
miniFE.c 25 Ap -946.8732707895417207
miniFE.c 25 Ap -957.0455273785620420
miniFE.c 25 Ap -819.8972986939418206
miniFE.c 25 Ap -783.9433942941910800
miniFE.c 25 Ap -721.0383758392684967
miniFE.c 25 Ap -723.0619654626722195
miniFE.c 25 Ap -100.1772103132927612
miniFE.c 25 Ap -75.4326710041982835
miniFE.c 25 Ap -208.7372695245139766
miniFE.c 25 Ap -277.9498021178861791
miniFE.c 25 Ap -248.0016134797837140
miniFE.c 25 Ap -223.3608699166867098
miniFE.c 25 Ap -216.5175306043491901
miniFE.c 25 Ap -217.2910138672787923
miniFE.c 25 Ap -102.7109108301077356
miniFE.c 25 Ap -57.3461406166557239
miniFE.c 25 Ap -290.3084660811833828
miniFE.c 25 Ap -294.1903113931199982
miniFE.c 25 Ap 249.2470674191364992
miniFE.c 25 Ap 259.2252828342867588
miniFE.c 25 Ap 333.1867348362841881
miniFE.c 25 Ap 332.5642593175597881
miniFE.c 25 Ap -117.2665426559093333
miniFE.c 25 Ap -77.2182119463709853
miniFE.c 25 Ap -301.5476546832213671
miniFE.c 25 Ap -313.2794966022100311
miniFE.c 25 Ap -276.6275028595189838
miniFE.c 25 Ap -128.8987781080666082
miniFE.c 25 Ap -88.8343170433121259
miniFE.c 25 Ap -89.3956477702295160
miniFE.c 25 Ap -36.4933504116115870
miniFE.c 25 Ap 10.7957778523835728
miniFE.c 25 Ap -154.9574011356084213
miniFE.c 25 Ap -156.3333960276605978
miniFE.c 25 Ap -41.6008817131803283
miniFE.c 25 Ap -24.6810647981643925
miniFE.c 25 Ap 320.8887994010367493
miniFE.c 25 Ap 320.4506056272969658
miniFE.c 25 Ap -46.8007394640924730
miniFE.c 25 Ap -17.9482226542863472
miniFE.c 25 Ap -189.2380460403740585
miniFE.c 25 Ap -194.2341585934590285
miniFE.c 25 Ap -163.2145792774755080
miniFE.c 25 Ap -155.5992670249137859
miniFE.c 25 Ap -141.5226353279890645
miniFE.c 25 Ap -152.1511563746248328
miniFE.c 57 sum 2887.9167774687953170
miniFE.c 57 sum 3423.6795020281356301
miniFE.c 57 sum 13451.3251713289846521
miniFE.c 57 sum 13681.2772838889759441
miniFE.c 57 sum 16396.4880441746754514
miniFE.c 57 sum 16197.7872423118424194
miniFE.c 57 sum 17884.3712831350276247
miniFE.c 57 sum 17909.2994074526868644
miniFE.c 90 p_ap_dot 17909.2994074526868644
miniFE.c 91 alpha 0.0186277340853718
miniFE.c 40 y 0.9888040560867005
miniFE.c 40 y 2.0178076498683684
miniFE.c 40 y 0.8662307674538143
miniFE.c 40 y 2.0129224509851156
miniFE.c 40 y 0.9689830385125087
miniFE.c 40 y 1.9867486372320347
miniFE.c 40 y 1.0286875195051286
miniFE.c 40 y 2.0312407191505306
miniFE.c 40 y 1.8573336140553893
miniFE.c 40 y 0.7568122097271037
miniFE.c 40 y 1.8644706042417507
miniFE.c 40 y 0.5639204557849400
miniFE.c 40 y 3.7646720393687474
miniFE.c 40 y 2.7229364335854163
miniFE.c 40 y 0.0045692897023031
miniFE.c 40 y -0.4010421430427371
miniFE.c 82 oldrtrans 333.6096670173348002
miniFE.c 48 sum 3.4496881539000541
miniFE.c 48 sum 4.0224528746920756
miniFE.c 48 sum 7.4987035087736746
miniFE.c 48 sum 7.8167097892263691
miniFE.c 48 sum 21.9894653532312105
miniFE.c 48 sum 29.4038481745780764
miniFE.c 48 sum 29.4038690529864617
miniFE.c 48 sum 29.5647038534827722
miniFE.c 83 rtrans 29.5647038534827722
miniFE.c 84 beta 0.0886206449525533
miniFE.c 40 y 1.2101003213171171
miniFE.c 40 y 1.1245091729844814
miniFE.c 40 y 0.6354522503300124
miniFE.c 40 y 0.4701360688442275
miniFE.c 40 y 4.4882125943652609
miniFE.c 40 y 2.9199146271875658
miniFE.c 40 y 0.4709942639096295
miniFE.c 40 y -0.4155615624617338
miniFE.c 87 normr 5.4373434555380786
miniFE.c 25 Ap 81.1913301296788035
miniFE.c 25 Ap 98.1574185025408212
miniFE.c 25 Ap 104.0793333746955227
miniFE.c 25 Ap 110.5279500616366875
miniFE.c 25 Ap 173.6475239433590332
miniFE.c 25 Ap 220.5308411633334629
miniFE.c 25 Ap 222.8842826935124322
miniFE.c 25 Ap 220.2213380208792159
miniFE.c 25 Ap 18.2574491028880708
miniFE.c 25 Ap 92.9660039796971347
miniFE.c 25 Ap 102.1114137028791617
miniFE.c 25 Ap 104.9152187124294642
miniFE.c 25 Ap 153.9875848163074181
miniFE.c 25 Ap 182.1713774952126244
miniFE.c 25 Ap 187.5394922286388635
miniFE.c 25 Ap 184.6497178483130881
miniFE.c 25 Ap 11.2771826457226538
miniFE.c 25 Ap 27.4610849280401226
miniFE.c 25 Ap 70.4647377075759209
miniFE.c 25 Ap 74.9837678751186871
miniFE.c 25 Ap 150.3775709135333045
miniFE.c 25 Ap 197.6092047493849293
miniFE.c 25 Ap 203.2384999319769747
miniFE.c 25 Ap 198.1058284285464879
miniFE.c 25 Ap 16.5983289563430247
miniFE.c 25 Ap 23.3046947543346405
miniFE.c 25 Ap 29.4127729886505271
miniFE.c 25 Ap 60.1604758237407253
miniFE.c 25 Ap 76.6237422996830730
miniFE.c 25 Ap 108.9935946660754382
miniFE.c 25 Ap 109.6059969508214493
miniFE.c 25 Ap 107.6441191787158544
miniFE.c 25 Ap 17.0181369598143561
miniFE.c 25 Ap 29.3130816986492135
miniFE.c 25 Ap 39.9875229810978183
miniFE.c 25 Ap 41.7120347368581577
miniFE.c 25 Ap 340.4531201656787971
miniFE.c 25 Ap 353.5612213494516141
miniFE.c 25 Ap 360.1799436021238989
miniFE.c 25 Ap 358.6010847665236838
miniFE.c 25 Ap 19.4298547991961605
miniFE.c 25 Ap 30.2839164562823875
miniFE.c 25 Ap 40.5627950674230675
miniFE.c 25 Ap 45.7746718116625999
miniFE.c 25 Ap 65.9231872077752996
miniFE.c 25 Ap 259.9902614514918469
miniFE.c 25 Ap 263.5755823560010072
miniFE.c 25 Ap 262.1518123421961945
miniFE.c 25 Ap 6.0465712007419476
miniFE.c 25 Ap 18.8630632940070058
miniFE.c 25 Ap 26.4579504628162958
miniFE.c 25 Ap 27.0692368940178341
miniFE.c 25 Ap 90.1405624903507601
miniFE.c 25 Ap 112.3676504920984058
miniFE.c 25 Ap 143.2922860707296309
miniFE.c 25 Ap 142.1808429849166657
miniFE.c 25 Ap 7.7543990953203297
miniFE.c 25 Ap 15.5741256823554615
miniFE.c 25 Ap 23.4227044530640001
miniFE.c 25 Ap 25.6422299978875259
miniFE.c 25 Ap 42.6944666597380476
miniFE.c 25 Ap 52.6984883609573203
miniFE.c 25 Ap 53.9581893664566650
miniFE.c 25 Ap 26.9998048853578254
miniFE.c 57 sum 266.4899118999513803
miniFE.c 57 sum 474.1302134093757559
miniFE.c 57 sum 600.0170078877869173
miniFE.c 57 sum 650.6243909126678773
miniFE.c 57 sum 2260.1022959148240261
miniFE.c 57 sum 3025.5632073165324982
miniFE.c 57 sum 3092.5295688002638599
miniFE.c 57 sum 3081.3094876959426074
miniFE.c 90 p_ap_dot 3081.3094876959426074
miniFE.c 91 alpha 0.0095948504918245
miniFE.c 40 y 1.0004147877498470
miniFE.c 40 y 2.0285971472598394
miniFE.c 40 y 0.8723278367904242
miniFE.c 40 y 2.0174333362764902
miniFE.c 40 y 1.0120467673309670
miniFE.c 40 y 2.0147647815287906
miniFE.c 40 y 1.0332066390498484
miniFE.c 40 y 2.0272534680885612
miniFE.c 40 y -0.2556571993644829
miniFE.c 40 y -1.0148742263850299
miniFE.c 40 y -0.0363252010891797
miniFE.c 40 y -0.4689087740589721
miniFE.c 40 y 0.3239482448278848
miniFE.c 40 y 0.2076289880012228
miniFE.c 40 y -1.3596346415395402
miniFE.c 40 y -0.6601012342261769
miniFE.c 82 oldrtrans 29.5647038534827722
miniFE.c 48 sum 0.0653606035868910
miniFE.c 48 sum 1.0953302989675040
miniFE.c 48 sum 1.0966498192016734
miniFE.c 48 sum 1.3165252575911615
miniFE.c 48 sum 1.4214677229182286
miniFE.c 48 sum 1.4645775195766406
miniFE.c 48 sum 3.3131838780509946
miniFE.c 48 sum 3.7489175174779166
miniFE.c 83 rtrans 3.7489175174779166
miniFE.c 84 beta 0.1268038244542161
miniFE.c 40 y -0.1022118506481967
miniFE.c 40 y -0.8722821626167500
miniFE.c 40 y 0.0442525745107038
miniFE.c 40 y -0.4092937225156534
miniFE.c 40 y 0.8930707667569792
miniFE.c 40 y 0.5778853298084128
miniFE.c 40 y -1.2999107675798007
miniFE.c 40 y -0.7127960296424944
miniFE.c 87 normr 1.9362121571454707
miniFE.c 25 Ap -6.8578744778040708
miniFE.c 25 Ap -20.0184752203924177
miniFE.c 25 Ap -19.6060760527287989
miniFE.c 25 Ap -25.2201493046775340
miniFE.c 25 Ap -12.6605289527597655
miniFE.c 25 Ap -3.3817709432239660
miniFE.c 25 Ap -9.8771026709498706
miniFE.c 25 Ap -14.4447445350488426
miniFE.c 25 Ap -1.5421264072472003
miniFE.c 25 Ap -59.4935788093295415
miniFE.c 25 Ap -58.8566970845487276
miniFE.c 25 Ap -61.2976495355871407
miniFE.c 25 Ap -51.5331620694653623
miniFE.c 25 Ap -45.9552591486568360
miniFE.c 25 Ap -60.7708751301785313
miniFE.c 25 Ap -65.7275888663015309
miniFE.c 25 Ap -0.9525340073147331
miniFE.c 25 Ap -13.5063927232301211
miniFE.c 25 Ap -10.5116400130610455
miniFE.c 25 Ap -14.4458429002829476
miniFE.c 25 Ap 0.5561205924388037
miniFE.c 25 Ap 9.9038145429674476
miniFE.c 25 Ap -5.6326409565002766
miniFE.c 25 Ap -14.4365058939397652
miniFE.c 25 Ap -1.4019878272974837
miniFE.c 25 Ap -6.6041181452258586
miniFE.c 25 Ap -6.1787546548284347
miniFE.c 25 Ap -32.9472639996176682
miniFE.c 25 Ap -29.6713804032271931
miniFE.c 25 Ap -23.2650072043574099
miniFE.c 25 Ap -24.9551940814199966
miniFE.c 25 Ap -28.3203240956510420
miniFE.c 25 Ap -1.4374471625243561
miniFE.c 25 Ap -10.9746401385324788
miniFE.c 25 Ap -10.2312774264382647
miniFE.c 25 Ap -11.7326126415226035
miniFE.c 25 Ap 47.7113028629880489
miniFE.c 25 Ap 50.3055497307612853
miniFE.c 25 Ap 32.0383456836233194
miniFE.c 25 Ap 29.3301926419534631
miniFE.c 25 Ap -1.6411543587477058
miniFE.c 25 Ap -10.0606538193798318
miniFE.c 25 Ap -9.3448378923927855
miniFE.c 25 Ap -13.8822230778918421
miniFE.c 25 Ap -9.8730435402710448
miniFE.c 25 Ap 28.5351051638245359
miniFE.c 25 Ap 18.6398737223336397
miniFE.c 25 Ap 16.1977382973144515
miniFE.c 25 Ap -0.5107272691500782
miniFE.c 25 Ap -10.4524847121798494
miniFE.c 25 Ap -9.9235805967823882
miniFE.c 25 Ap -10.4557578014900834
miniFE.c 25 Ap 2.0942620396850469
miniFE.c 25 Ap 6.4932632847805092
miniFE.c 25 Ap -78.8565378751275574
miniFE.c 25 Ap -80.7629514857800928
miniFE.c 25 Ap -0.6549799783002354
miniFE.c 25 Ap -6.7207446534851787
miniFE.c 25 Ap -6.1741735827658095
miniFE.c 25 Ap -8.1064607069864394
miniFE.c 25 Ap -4.7133830061575122
miniFE.c 25 Ap -2.7334698517143661
miniFE.c 25 Ap -6.2101552945202947
miniFE.c 25 Ap -52.4507876327735261
miniFE.c 57 sum 1.4764240710677679
miniFE.c 57 sum 58.8094274309498815
miniFE.c 57 sum 58.1705748782040999
miniFE.c 57 sum 69.7619057501628674
miniFE.c 57 sum 95.9558433820421612
miniFE.c 57 sum 105.3162787201360828
miniFE.c 57 sum 210.3009089780267118
miniFE.c 57 sum 247.6876221542893290
miniFE.c 90 p_ap_dot 247.6876221542893290
miniFE.c 91 alpha 0.0151356675996617
miniFE.c 40 y 0.9988677431536896
miniFE.c 40 y 2.0153945743933583
miniFE.c 40 y 0.8729976290486475
miniFE.c 40 y 2.0112384025418653
miniFE.c 40 y 1.0255639895995756
miniFE.c 40 y 2.0235114617914918
miniFE.c 40 y 1.0135316217625396
miniFE.c 40 y 2.0164648243175338
miniFE.c 40 y -0.0370263475199543
miniFE.c 40 y -0.0200432891774673
miniFE.c 40 y 0.1821809534220490
miniFE.c 40 y -0.0402617622325092
miniFE.c 40 y -0.1199838016347651
miniFE.c 40 y -0.0375345947332384
miniFE.c 40 y -0.1372334534831718
miniFE.c 40 y 0.1337764527239279
miniFE.c 82 oldrtrans 3.7489175174779166
miniFE.c 48 sum 0.0013709504106684
miniFE.c 48 sum 0.0017726838517200
miniFE.c 48 sum 0.0349625836414868
miniFE.c 48 sum 0.0365835931395539
miniFE.c 48 sum 0.0509797057942846
miniFE.c 48 sum 0.0523885515960730
miniFE.c 48 sum 0.0712215723509909
miniFE.c 48 sum 0.0891177116543882
miniFE.c 83 rtrans 0.0891177116543882
miniFE.c 84 beta 0.0237715850612638
miniFE.c 40 y -0.0394560852219071
miniFE.c 40 y -0.0407788188035346
miniFE.c 40 y 0.1832329072612101
miniFE.c 40 y -0.0499913227723314
miniFE.c 40 y -0.0987540939370735
miniFE.c 40 y -0.0237973444600412
miniFE.c 40 y -0.1681343928667478
miniFE.c 40 y 0.1168321612739502
miniFE.c 87 normr 0.2985258977951297
miniFE.c 25 Ap -2.6472945956991460
miniFE.c 25 Ap -3.2625470633384137
miniFE.c 25 Ap -1.5549605719619501
miniFE.c 25 Ap -2.2406660508554057
miniFE.c 25 Ap -3.6294853630709847
miniFE.c 25 Ap -4.0115850446591912
miniFE.c 25 Ap -4.8517109084848986
miniFE.c 25 Ap -4.1030430586152651
miniFE.c 25 Ap -0.5952956585897852
miniFE.c 25 Ap -3.3045013241245007
miniFE.c 25 Ap -0.6674188198083826
miniFE.c 25 Ap -0.9655578704191767
miniFE.c 25 Ap -2.0452966194305029
miniFE.c 25 Ap -2.2749949182524474
miniFE.c 25 Ap -4.1912915288558477
miniFE.c 25 Ap -3.3788521289086026
miniFE.c 25 Ap -0.3676996623291049
miniFE.c 25 Ap -0.9545871991850101
miniFE.c 25 Ap 11.4455330577717778
miniFE.c 25 Ap 10.9650077148026437
miniFE.c 25 Ap 9.3061186691107736
miniFE.c 25 Ap 8.9211802023019295
miniFE.c 25 Ap 6.9116480268221316
miniFE.c 25 Ap 8.3546619121841079
miniFE.c 25 Ap -0.5411989983854372
miniFE.c 25 Ap -0.7843963704270573
miniFE.c 25 Ap 0.9768703999264650
miniFE.c 25 Ap -2.2926475945459472
miniFE.c 25 Ap -2.6548886715656539
miniFE.c 25 Ap -2.9187034145417803
miniFE.c 25 Ap -3.1373173005820902
miniFE.c 25 Ap -2.5857493959072553
miniFE.c 25 Ap -0.5548871034706212
miniFE.c 25 Ap -1.0007468045291346
miniFE.c 25 Ap 2.0772325535679794
miniFE.c 25 Ap 1.8938587826109174
miniFE.c 25 Ap -4.6793381399990572
miniFE.c 25 Ap -4.7861693453304852
miniFE.c 25 Ap -7.1489048025933180
miniFE.c 25 Ap -6.7050199326430704
miniFE.c 25 Ap -0.6335226867570299
miniFE.c 25 Ap -1.0271306930145472
miniFE.c 25 Ap 1.9367880126415367
miniFE.c 25 Ap 1.3825897074329760
miniFE.c 25 Ap 0.9392621376520081
miniFE.c 25 Ap -0.6423871924787175
miniFE.c 25 Ap -1.9222663751002969
miniFE.c 25 Ap -1.5219836182339712
miniFE.c 25 Ap -0.1971522727447350
miniFE.c 25 Ap -0.6619251899643278
miniFE.c 25 Ap 1.5280635236472198
miniFE.c 25 Ap 1.4630631560649829
miniFE.c 25 Ap 0.0753054503592274
miniFE.c 25 Ap -0.1058456232359325
miniFE.c 25 Ap -11.1452472169594330
miniFE.c 25 Ap -10.8327729421990604
miniFE.c 25 Ap -0.2528370798353500
miniFE.c 25 Ap -0.5364089894708866
miniFE.c 25 Ap 1.7267317977065539
miniFE.c 25 Ap 1.4907213631413399
miniFE.c 25 Ap 1.1155211813906467
miniFE.c 25 Ap 1.0339882666290432
miniFE.c 25 Ap 0.5843032492465328
miniFE.c 25 Ap 8.1634602451992624
miniFE.c 57 sum 0.1618900165898784
miniFE.c 57 sum 0.2996756153185793
miniFE.c 57 sum 1.8305246066725742
miniFE.c 57 sum 1.9597896393317347
miniFE.c 57 sum 2.6219378076099189
miniFE.c 57 sum 2.6581569760355728
miniFE.c 57 sum 4.4795186777355447
miniFE.c 57 sum 5.4332733816561465
miniFE.c 90 p_ap_dot 5.4332733816561465
miniFE.c 91 alpha 0.0164022138026899
miniFE.c 40 y 0.9982205760080628
miniFE.c 40 y 2.0147257114887216
miniFE.c 40 y 0.8760030543692343
miniFE.c 40 y 2.0104184341774740
miniFE.c 40 y 1.0239442038369289
miniFE.c 40 y 2.0231211326597220
miniFE.c 40 y 1.0107738455031539
miniFE.c 40 y 2.0183811304057797
miniFE.c 40 y 0.0302726419690961
miniFE.c 40 y 0.0353773658485656
miniFE.c 40 y 0.0451460024892150
miniFE.c 40 y 0.0021502521993379
miniFE.c 40 y -0.0100066311482559
miniFE.c 40 y -0.0125706940227732
miniFE.c 40 y 0.0404480043907716
miniFE.c 40 y -0.0001223675875899
miniFE.c 82 oldrtrans 0.0891177116543882
miniFE.c 48 sum 0.0009164328517891
miniFE.c 48 sum 0.0021679908661723
miniFE.c 48 sum 0.0042061524069285
miniFE.c 48 sum 0.0042107759914493
miniFE.c 48 sum 0.0043109086583865
miniFE.c 48 sum 0.0044689310066007
miniFE.c 48 sum 0.0061049720657966
miniFE.c 48 sum 0.0061049870396231
miniFE.c 83 rtrans 0.0061049870396231
miniFE.c 84 beta 0.0685047554104525
miniFE.c 40 y 0.0275697125015153
miniFE.c 40 y 0.0325838228405023
miniFE.c 40 y 0.0576983279842903
miniFE.c 40 y -0.0012743911398256
miniFE.c 40 y -0.0167717561991960
miniFE.c 40 y -0.0142009252844266
miniFE.c 40 y 0.0289299989313501
miniFE.c 40 y 0.0078811910445566
miniFE.c 87 normr 0.0781344164860985
miniFE.c 25 Ap 1.8497818650725464
miniFE.c 25 Ap 2.3413919213697669
miniFE.c 25 Ap 2.8790949295992294
miniFE.c 25 Ap 2.8616147562737226
miniFE.c 25 Ap 2.6257466724243881
miniFE.c 25 Ap 2.3977309356875205
miniFE.c 25 Ap 2.5422869657077420
miniFE.c 25 Ap 2.5927901344362962
miniFE.c 25 Ap 0.4159594158522378
miniFE.c 25 Ap 2.5807174945393241
miniFE.c 25 Ap 3.4111100999393913
miniFE.c 25 Ap 3.4035098656694411
miniFE.c 25 Ap 3.2201340243723502
miniFE.c 25 Ap 3.0830629160809386
miniFE.c 25 Ap 3.4127899752010973
miniFE.c 25 Ap 3.4675950053682212
miniFE.c 25 Ap 0.2569280231503843
miniFE.c 25 Ap 0.7258734239562080
miniFE.c 25 Ap 4.6305552648145918
miniFE.c 25 Ap 4.6183055941601383
miniFE.c 25 Ap 4.3365706146099292
miniFE.c 25 Ap 4.1068608494958818
miniFE.c 25 Ap 4.4526304609234417
miniFE.c 25 Ap 4.5499723913172376
miniFE.c 25 Ap 0.3781596858299102
miniFE.c 25 Ap 0.5724836098272632
miniFE.c 25 Ap 1.1270900356196591
miniFE.c 25 Ap 1.0437426758662138
miniFE.c 25 Ap 0.9822219956908688
miniFE.c 25 Ap 0.8247921000894964
miniFE.c 25 Ap 0.8624078393900025
miniFE.c 25 Ap 0.8996151629847033
miniFE.c 25 Ap 0.3877241704909358
miniFE.c 25 Ap 0.7439829817380801
miniFE.c 25 Ap 1.7132098809172263
miniFE.c 25 Ap 1.7085352714845381
miniFE.c 25 Ap 0.5921860464532445
miniFE.c 25 Ap 0.5284351532599194
miniFE.c 25 Ap 0.9349785920425454
miniFE.c 25 Ap 0.9649219006633889
miniFE.c 25 Ap 0.4426703318093309
miniFE.c 25 Ap 0.7571780571627346
miniFE.c 25 Ap 1.6904883241549400
miniFE.c 25 Ap 1.6763605641618584
miniFE.c 25 Ap 1.6010686788301345
miniFE.c 25 Ap 0.6572287474014604
miniFE.c 25 Ap 0.8774508135366418
miniFE.c 25 Ap 0.9044528380160836
miniFE.c 25 Ap 0.1377590160813718
miniFE.c 25 Ap 0.5091302043619410
miniFE.c 25 Ap 1.1987371585305002
miniFE.c 25 Ap 1.1970801531155912
miniFE.c 25 Ap 0.9613923656453982
miniFE.c 25 Ap 0.8532915283591997
miniFE.c 25 Ap 2.7527831841935693
miniFE.c 25 Ap 2.7738618788701253
miniFE.c 25 Ap 0.1766684546015979
miniFE.c 25 Ap 0.4032531654198125
miniFE.c 25 Ap 1.1158950230695397
miniFE.c 25 Ap 1.1098785868154710
miniFE.c 25 Ap 1.0461570161611302
miniFE.c 25 Ap 0.9975027290117712
miniFE.c 25 Ap 1.0748776601636061
miniFE.c 25 Ap 1.5861477042204677
miniFE.c 57 sum 0.0714824785831740
miniFE.c 57 sum 0.1844699799207027
miniFE.c 57 sum 0.4469957792743905
miniFE.c 57 sum 0.4458493176814300
miniFE.c 57 sum 0.4296658828122388
miniFE.c 57 sum 0.4168218156362848
miniFE.c 57 sum 0.4970696368277102
miniFE.c 57 sum 0.5095703699095565
miniFE.c 90 p_ap_dot 0.5095703699095565
miniFE.c 91 alpha 0.0119806554700319
miniFE.c 40 y 0.9985508792349513
miniFE.c 40 y 2.0151160870440701
miniFE.c 40 y 0.8766943181580110
miniFE.c 40 y 2.0104031661362938
miniFE.c 40 y 1.0237432672042790
miniFE.c 40 y 2.0229509962665335
miniFE.c 40 y 1.0111204458530987
miniFE.c 40 y 2.0184755522403779
miniFE.c 40 y -0.0007906833376829
miniFE.c 40 y -0.0061666952203544
miniFE.c 40 y -0.0093656491293139
miniFE.c 40 y -0.0086277271239984
miniFE.c 40 y -0.0215670279955923
miniFE.c 40 y -0.0234066318639365
miniFE.c 40 y 0.0072153208985733
miniFE.c 40 y -0.0191254567564374
miniFE.c 82 oldrtrans 0.0061049870396231
miniFE.c 48 sum 0.0000006251801405
miniFE.c 48 sum 0.0000386533100812
miniFE.c 48 sum 0.0001263686936946
miniFE.c 48 sum 0.0002008063690208
miniFE.c 48 sum 0.0006659430655835
miniFE.c 48 sum 0.0012138134807973
miniFE.c 48 sum 0.0012658743364667
miniFE.c 48 sum 0.0016316574326091
miniFE.c 83 rtrans 0.0016316574326091
miniFE.c 84 beta 0.2672663221099667
miniFE.c 40 y 0.0065777723242263
miniFE.c 40 y 0.0025418632705094
miniFE.c 40 y 0.0060551707829420
miniFE.c 40 y -0.0089683289568691
miniFE.c 40 y -0.0260495535902764
miniFE.c 40 y -0.0272020609352636
miniFE.c 40 y 0.0149473353116005
miniFE.c 40 y -0.0170190798121128
miniFE.c 87 normr 0.0403937796276738
miniFE.c 25 Ap 0.4413337265399910
miniFE.c 25 Ap 0.4796842157269643
miniFE.c 25 Ap 0.5361136420045773
miniFE.c 25 Ap 0.4130996475509716
miniFE.c 25 Ap 0.0467540950939425
miniFE.c 25 Ap -0.3900130761070241
miniFE.c 25 Ap -0.3153249484941138
miniFE.c 25 Ap -0.4243842841321604
miniFE.c 25 Ap 0.0992424688303808
miniFE.c 25 Ap 0.2681151967692698
miniFE.c 25 Ap 0.3552610330222470
miniFE.c 25 Ap 0.3017755692960077
miniFE.c 25 Ap 0.0169599096658257
miniFE.c 25 Ap -0.2456016182295475
miniFE.c 25 Ap -0.0752407092757590
miniFE.c 25 Ap -0.1935897224193695
miniFE.c 25 Ap 0.0612996613549701
miniFE.c 25 Ap 0.0978820812882426
miniFE.c 25 Ap 0.5076602538184278
miniFE.c 25 Ap 0.4214551064274344
miniFE.c 25 Ap -0.0161299837016749
miniFE.c 25 Ap -0.4561420887516091
miniFE.c 25 Ap -0.2774924339474788
miniFE.c 25 Ap -0.4876979819504514
miniFE.c 25 Ap 0.0902239483075271
miniFE.c 25 Ap 0.1053831531500031
miniFE.c 25 Ap 0.1635865143705283
miniFE.c 25 Ap -0.4229575352512285
miniFE.c 25 Ap -0.5185102153703645
miniFE.c 25 Ap -0.8200692706719939
miniFE.c 25 Ap -0.8006342520377856
miniFE.c 25 Ap -0.8809818043650046
miniFE.c 25 Ap 0.0925059090822477
miniFE.c 25 Ap 0.1202976507553214
miniFE.c 25 Ap 0.2220134994979215
miniFE.c 25 Ap 0.1891166644312824
miniFE.c 25 Ap -1.5447744449750394
miniFE.c 25 Ap -1.6668901273400514
miniFE.c 25 Ap -1.4568403063001356
miniFE.c 25 Ap -1.5215015429553285
miniFE.c 25 Ap 0.1056153435467075
miniFE.c 25 Ap 0.1301500839692937
miniFE.c 25 Ap 0.2280966494512202
miniFE.c 25 Ap 0.1286747411515544
miniFE.c 25 Ap 0.0117329028272104
miniFE.c 25 Ap -1.7962050176696673
miniFE.c 25 Ap -1.6824223288646249
miniFE.c 25 Ap -1.7407319938766979
miniFE.c 25 Ap 0.0328674970166225
miniFE.c 25 Ap 0.0618381548745585
miniFE.c 25 Ap 0.1342091927620339
miniFE.c 25 Ap 0.1225482754974571
miniFE.c 25 Ap -0.2435172442584765
miniFE.c 25 Ap -0.4505858333902667
miniFE.c 25 Ap 0.5308292979658601
miniFE.c 25 Ap 0.4853107989208152
miniFE.c 25 Ap 0.0421507794532987
miniFE.c 25 Ap 0.0598266475338202
miniFE.c 25 Ap 0.1346150912529696
miniFE.c 25 Ap 0.0922753591343796
miniFE.c 25 Ap -0.0066956997041939
miniFE.c 25 Ap -0.0998936327466333
miniFE.c 25 Ap -0.0599161324576451
miniFE.c 25 Ap -1.1639809414633897
miniFE.c 57 sum -0.0027915031990011
miniFE.c 57 sum -0.0032835818039670
miniFE.c 57 sum -0.0062366763751732
miniFE.c 57 sum 0.0016642582513883
miniFE.c 57 sum 0.0412986942322914
miniFE.c 57 sum 0.0886501920016882
miniFE.c 57 sum 0.0959042952434984
miniFE.c 57 sum 0.1157141797860420
miniFE.c 90 p_ap_dot 0.1157141797860420
miniFE.c 91 alpha 0.0141007561530147
miniFE.c 40 y 0.9986436307985253
miniFE.c 40 y 2.0151519292382218
miniFE.c 40 y 0.8767797006446861
miniFE.c 40 y 2.0102767059165729
miniFE.c 40 y 1.0233759488012075
miniFE.c 40 y 2.0225674266384259
miniFE.c 40 y 1.0113312145834650
miniFE.c 40 y 2.0182355703459987
miniFE.c 40 y 0.0051934559680364
miniFE.c 40 y -0.0034369337507891
miniFE.c 40 y -0.0024887388095132
miniFE.c 40 y 0.0037947824745954
miniFE.c 40 y -0.0001127057519436
miniFE.c 40 y 0.0011390055094699
miniFE.c 40 y 0.0003720716645661
miniFE.c 40 y -0.0027124453341057
