filename line variable value
miniFE.c 167 A 67.0947100000000063
miniFE.c 167 A 15.0875500000000002
miniFE.c 167 A 9.3192129999999995
miniFE.c 167 A 13.7164900000000003
miniFE.c 167 A 14.0634099999999993
miniFE.c 167 A 16.0564000000000000
miniFE.c 167 A 4.9967519999999999
miniFE.c 167 A 6.4080630000000003
miniFE.c 167 A 15.0875500000000002
miniFE.c 167 A 66.4365899999999954
miniFE.c 167 A 14.3919700000000006
miniFE.c 167 A 5.9638159999999996
miniFE.c 167 A 10.9336099999999998
miniFE.c 167 A 9.6522659999999991
miniFE.c 167 A 11.3974100000000007
miniFE.c 167 A 6.9539020000000002
miniFE.c 167 A 9.3192129999999995
miniFE.c 167 A 14.3919700000000006
miniFE.c 167 A 67.6740900000000067
miniFE.c 167 A 9.6121750000000006
miniFE.c 167 A 16.7981799999999986
miniFE.c 167 A 16.1756899999999995
miniFE.c 167 A 11.9519400000000005
miniFE.c 167 A 12.3511699999999998
miniFE.c 167 A 13.7164900000000003
miniFE.c 167 A 5.9638159999999996
miniFE.c 167 A 9.6121750000000006
miniFE.c 167 A 65.4017099999999942
miniFE.c 167 A 3.6681119999999998
miniFE.c 167 A 11.0858899999999991
miniFE.c 167 A 1.3002330000000000
miniFE.c 167 A 4.7210279999999996
miniFE.c 167 A 14.0634099999999993
miniFE.c 167 A 10.9336099999999998
miniFE.c 167 A 16.7981799999999986
miniFE.c 167 A 3.6681119999999998
miniFE.c 167 A 66.5612600000000043
miniFE.c 167 A 4.4892070000000004
miniFE.c 167 A 14.0526599999999995
miniFE.c 167 A 3.7993380000000001
miniFE.c 167 A 16.0564000000000000
miniFE.c 167 A 9.6522659999999991
miniFE.c 167 A 16.1756919073486323
miniFE.c 167 A 11.0858899999999991
miniFE.c 167 A 4.4892070000000004
miniFE.c 167 A 66.4632699999999943
miniFE.c 167 A 7.6122389999999998
miniFE.c 167 A 3.4261349999999999
miniFE.c 167 A 4.9967519999999999
miniFE.c 167 A 11.3974100000000007
miniFE.c 167 A 11.9519400000000005
miniFE.c 167 A 1.3002330000000000
miniFE.c 167 A 14.0526599999999995
miniFE.c 167 A 7.6122389999999998
miniFE.c 167 A 65.6581999999999937
miniFE.c 167 A 2.6745570000000001
miniFE.c 167 A 6.4080630000000003
miniFE.c 167 A 6.9539020000000002
miniFE.c 167 A 12.3511699999999998
miniFE.c 167 A 4.7210279999999996
miniFE.c 167 A 3.7993380000000001
miniFE.c 167 A 3.4261349999999999
miniFE.c 167 A 2.6745570000000001
miniFE.c 167 A 64.8721800000000002
miniFE.c 175 b 198.0110999999999990
miniFE.c 175 b 229.8237000000000023
miniFE.c 175 b 210.8053999999999917
miniFE.c 175 b 202.6418999999999926
miniFE.c 175 b 157.2561000000000035
miniFE.c 175 b 225.5886000000000138
miniFE.c 175 b 142.6283999999999992
miniFE.c 175 b 185.1795999999999935
miniFE.c 33 r 0.0000000000000000
miniFE.c 33 r 0.0000000000000000
miniFE.c 33 r 0.0000000000000000
miniFE.c 33 r 0.0000000000000000
miniFE.c 33 r 0.0000000000000000
miniFE.c 33 r 0.0000000000000000
miniFE.c 33 r 0.0000000000000000
miniFE.c 33 r 0.0000000000000000
miniFE.c 25 Ap 0.0000000000000000
miniFE.c 25 Ap 0.0000000000000000
miniFE.c 25 Ap 0.0000000000000000
miniFE.c 25 Ap 0.0000000000000000
miniFE.c 25 Ap 0.0000000000000000
miniFE.c 25 Ap 0.0000000000000000
miniFE.c 25 Ap 0.0000000000000000
miniFE.c 25 Ap 0.0000000000000000
miniFE.c 25 Ap 0.0000000000000000
miniFE.c 25 Ap 0.0000000000000000
miniFE.c 25 Ap 0.0000000000000000
miniFE.c 25 Ap 0.0000000000000000
miniFE.c 25 Ap 0.0000000000000000
miniFE.c 25 Ap 0.0000000000000000
miniFE.c 25 Ap 0.0000000000000000
miniFE.c 25 Ap 0.0000000000000000
miniFE.c 25 Ap 0.0000000000000000
miniFE.c 25 Ap 0.0000000000000000
miniFE.c 25 Ap 0.0000000000000000
miniFE.c 25 Ap 0.0000000000000000
miniFE.c 25 Ap 0.0000000000000000
miniFE.c 25 Ap 0.0000000000000000
miniFE.c 25 Ap 0.0000000000000000
miniFE.c 25 Ap 0.0000000000000000
miniFE.c 25 Ap 0.0000000000000000
miniFE.c 25 Ap 0.0000000000000000
miniFE.c 25 Ap 0.0000000000000000
miniFE.c 25 Ap 0.0000000000000000
miniFE.c 25 Ap 0.0000000000000000
miniFE.c 25 Ap 0.0000000000000000
miniFE.c 25 Ap 0.0000000000000000
miniFE.c 25 Ap 0.0000000000000000
miniFE.c 25 Ap 0.0000000000000000
miniFE.c 25 Ap 0.0000000000000000
miniFE.c 25 Ap 0.0000000000000000
miniFE.c 25 Ap 0.0000000000000000
miniFE.c 25 Ap 0.0000000000000000
miniFE.c 25 Ap 0.0000000000000000
miniFE.c 25 Ap 0.0000000000000000
miniFE.c 25 Ap 0.0000000000000000
miniFE.c 25 Ap 0.0000000000000000
miniFE.c 25 Ap 0.0000000000000000
miniFE.c 25 Ap 0.0000000000000000
miniFE.c 25 Ap 0.0000000000000000
miniFE.c 25 Ap 0.0000000000000000
miniFE.c 25 Ap 0.0000000000000000
miniFE.c 25 Ap 0.0000000000000000
miniFE.c 25 Ap 0.0000000000000000
miniFE.c 25 Ap 0.0000000000000000
miniFE.c 25 Ap 0.0000000000000000
miniFE.c 25 Ap 0.0000000000000000
miniFE.c 25 Ap 0.0000000000000000
miniFE.c 25 Ap 0.0000000000000000
miniFE.c 25 Ap 0.0000000000000000
miniFE.c 25 Ap 0.0000000000000000
miniFE.c 25 Ap 0.0000000000000000
miniFE.c 25 Ap 0.0000000000000000
miniFE.c 25 Ap 0.0000000000000000
miniFE.c 25 Ap 0.0000000000000000
miniFE.c 25 Ap 0.0000000000000000
miniFE.c 25 Ap 0.0000000000000000
miniFE.c 25 Ap 0.0000000000000000
miniFE.c 25 Ap 0.0000000000000000
miniFE.c 25 Ap 0.0000000000000000
miniFE.c 33 r 198.0110999999999990
miniFE.c 33 r 229.8237000000000023
miniFE.c 33 r 210.8053999999999917
miniFE.c 33 r 202.6418999999999926
miniFE.c 33 r 157.2561000000000035
miniFE.c 33 r 225.5886000000000138
miniFE.c 33 r 142.6283999999999992
miniFE.c 33 r 185.1795999999999935
miniFE.c 48 sum 39208.3957232100001420
miniFE.c 48 sum 92027.3288048999966122
miniFE.c 48 sum 136466.2454740600078367
miniFE.c 48 sum 177529.9851096700003836
miniFE.c 48 sum 202259.4660968800017145
miniFE.c 48 sum 253149.6825468399911188
miniFE.c 48 sum 273492.5430333999684080
miniFE.c 48 sum 307784.0272895599482581
miniFE.c 75 rtrans 307784.0272895599482581
miniFE.c 76 normr 554.7828649927464539
miniFE.c 33 r 198.0110999999999990
miniFE.c 33 r 229.8237000000000023
miniFE.c 33 r 210.8053999999999917
miniFE.c 33 r 202.6418999999999926
miniFE.c 33 r 157.2561000000000035
miniFE.c 33 r 225.5886000000000138
miniFE.c 33 r 142.6283999999999992
miniFE.c 33 r 185.1795999999999935
miniFE.c 87 normr 554.7828649927464539
miniFE.c 25 Ap 13285.4973312810016068
miniFE.c 25 Ap 16752.9738962160008668
miniFE.c 25 Ap 18717.5143203662009910
miniFE.c 25 Ap 21497.0499152972006414
miniFE.c 25 Ap 23708.6069245981998392
miniFE.c 25 Ap 27330.7477216381994367
miniFE.c 25 Ap 28043.4264645949988335
miniFE.c 25 Ap 29230.0690077097970061
miniFE.c 25 Ap 2987.5023718050001662
miniFE.c 25 Ap 18256.2053009880000900
miniFE.c 25 Ap 21290.1102936259994749
miniFE.c 25 Ap 22498.6292991164009436
miniFE.c 25 Ap 24218.0061666374022025
miniFE.c 25 Ap 26395.4473404050004319
miniFE.c 25 Ap 28021.0416928490012651
miniFE.c 25 Ap 29308.7624836482027604
miniFE.c 25 Ap 1845.3076172643000064
miniFE.c 25 Ap 5152.9234129532997031
miniFE.c 25 Ap 19418.9870250392996240
miniFE.c 25 Ap 21366.8164301717988565
miniFE.c 25 Ap 24008.4327040697971825
miniFE.c 25 Ap 27657.4839652037990163
miniFE.c 25 Ap 29362.1700442997971550
miniFE.c 25 Ap 31649.3547644317950471
miniFE.c 25 Ap 2716.0172730389999742
miniFE.c 25 Ap 4086.6435322781999275
miniFE.c 25 Ap 6112.9419280231995799
miniFE.c 25 Ap 19366.0687056721981207
miniFE.c 25 Ap 19942.9016931553996983
miniFE.c 25 Ap 22443.7520980093977414
miniFE.c 25 Ap 22629.2022504265987664
miniFE.c 25 Ap 23503.4403270553993934
miniFE.c 25 Ap 2784.7112838509997346
miniFE.c 25 Ap 5297.5139884079999320
miniFE.c 25 Ap 8838.6610425799990480
miniFE.c 25 Ap 9581.9742276727993158
miniFE.c 25 Ap 20049.1383863587980159
miniFE.c 25 Ap 21061.8523085989982064
miniFE.c 25 Ap 23066.1607201429978886
miniFE.c 25 Ap 23769.7206112477979332
miniFE.c 25 Ap 3179.3454260399998930
miniFE.c 25 Ap 5397.6649115441996400
miniFE.c 25 Ap 8807.5881143495898868
miniFE.c 25 Ap 11054.0539271405905311
miniFE.c 25 Ap 11760.0091120532906643
miniFE.c 25 Ap 26753.3651427752920426
miniFE.c 25 Ap 27839.0866117628902430
miniFE.c 25 Ap 28473.5369206088907958
miniFE.c 25 Ap 989.4123599472000024
miniFE.c 25 Ap 3608.8072965641999872
miniFE.c 25 Ap 6128.3407890401995246
miniFE.c 25 Ap 6391.8224746028990921
miniFE.c 25 Ap 8601.6889808288997301
miniFE.c 25 Ap 10318.9233197042995016
miniFE.c 25 Ap 19683.6473325842962367
miniFE.c 25 Ap 20178.9207280214977800
miniFE.c 25 Ap 1268.8676034993000030
miniFE.c 25 Ap 2867.0390905766998912
miniFE.c 25 Ap 5470.7324228946999938
miniFE.c 25 Ap 6427.4105067679001877
miniFE.c 25 Ap 7024.8795832297000743
miniFE.c 25 Ap 7797.7765812907000509
miniFE.c 25 Ap 8179.2443669095000587
miniFE.c 25 Ap 20192.2487104374995397
miniFE.c 57 sum 5787878.1172925252467394
miniFE.c 57 sum 12523726.3537057451903820
miniFE.c 57 sum 19195581.2445636950433254
miniFE.c 57 sum 23958363.0489748232066631
miniFE.c 57 sum 27696296.6103892698884010
miniFE.c 57 sum 34119601.9413577392697334
miniFE.c 57 sum 36997689.1185222789645195
miniFE.c 57 sum 40736881.6578216105699539
miniFE.c 90 p_ap_dot 40736881.6578216105699539
miniFE.c 91 alpha 0.0075554145227624
miniFE.c 40 y 1.4960559406081642
miniFE.c 40 y 1.7364133206549963
miniFE.c 40 y 1.5927221806367435
miniFE.c 40 y 1.5310435541801724
miniFE.c 40 y 1.1881350217329814
miniFE.c 40 y 1.7044153846096453
miniFE.c 40 y 1.0776166847183692
miniFE.c 40 y 1.3991086391593381
miniFE.c 40 y -22.8341878821986768
miniFE.c 40 y 8.3838502868496505
miniFE.c 40 y -28.3185946232483730
miniFE.c 40 y 25.0636656180854231
miniFE.c 40 y -22.3339923082271241
miniFE.c 40 y 10.4592256356193047
miniFE.c 40 y -9.8317107221654965
miniFE.c 40 y 32.6187908459295102
miniFE.c 82 oldrtrans 307784.0272895599482581
miniFE.c 48 sum 521.4001362395489423
miniFE.c 48 sum 591.6890818718578657
miniFE.c 48 sum 1393.6318833077293675
miniFE.c 48 sum 2021.8192175229266923
miniFE.c 48 sum 2520.6264299468748504
miniFE.c 48 sum 2630.0218308436710686
miniFE.c 48 sum 2726.6843665680148661
miniFE.c 48 sum 3790.6698828185099046
miniFE.c 83 rtrans 3790.6698828185099046
miniFE.c 84 beta 0.0123160058570950
miniFE.c 40 y -20.3954820148288505
miniFE.c 40 y 11.2143603221488970
miniFE.c 40 y -25.7223140821411178
miniFE.c 40 y 27.5594044453782843
miniFE.c 40 y -20.3972252595632071
miniFE.c 40 y 13.2375761545131674
miniFE.c 40 y -8.0750985123774068
miniFE.c 40 y 34.8994638841440192
miniFE.c 87 normr 61.5684162766796348
miniFE.c 25 Ap -1368.4289510951575721
miniFE.c 25 Ap -1199.2317290167200099
miniFE.c 25 Ap -1438.9434528010924623
miniFE.c 25 Ap -1060.9251573201056544
miniFE.c 25 Ap -1347.7796990076994916
miniFE.c 25 Ap -1135.2318812403741504
miniFE.c 25 Ap -1175.5811458822929580
miniFE.c 25 Ap -951.9431826464733604
miniFE.c 25 Ap -307.7178546728310380
miniFE.c 25 Ap 437.3260041620431480
miniFE.c 25 Ap 67.1312315612906332
miniFE.c 25 Ap 231.4904487431087716
miniFE.c 25 Ap 8.4751426728958847
miniFE.c 25 Ap 136.2477489115140656
miniFE.c 25 Ap 44.2125403755586746
miniFE.c 25 Ap 286.8999920784355595
miniFE.c 25 Ap -190.0698411338591995
miniFE.c 25 Ap -28.6731038083019314
miniFE.c 25 Ap -1769.4073020113874009
miniFE.c 25 Ap -1504.5014835866334124
miniFE.c 25 Ap -1847.1377449973228977
miniFE.c 25 Ap -1633.0108167705257074
miniFE.c 25 Ap -1729.5239096845498352
miniFE.c 25 Ap -1298.4746983426266524
miniFE.c 25 Ap -279.7544251015797840
miniFE.c 25 Ap -212.8740435825830559
miniFE.c 25 Ap -460.1214279450878735
miniFE.c 25 Ap 1342.3107493642535246
miniFE.c 25 Ap 1267.4914426229465789
miniFE.c 25 Ap 1414.2417557385024338
miniFE.c 25 Ap 1403.7422461744583870
miniFE.c 25 Ap 1568.5035923564910263
miniFE.c 25 Ap -286.8300257221641800
miniFE.c 25 Ap -164.2165835603137793
miniFE.c 25 Ap -596.3046455286551009
miniFE.c 25 Ap -495.2136633697097068
miniFE.c 25 Ap -1852.8786771500640498
miniFE.c 25 Ap -1793.4524576141905072
miniFE.c 25 Ap -1906.9290714751359701
miniFE.c 25 Ap -1774.3342121604800923
miniFE.c 25 Ap -327.4780174228979490
miniFE.c 25 Ap -219.2340285736711110
miniFE.c 25 Ap -635.3102563104409910
miniFE.c 25 Ap -329.7897301634663449
miniFE.c 25 Ap -421.3570965792742982
miniFE.c 25 Ap 458.4555015236959434
miniFE.c 25 Ap 396.9859216989346464
miniFE.c 25 Ap 516.5561963936363554
miniFE.c 25 Ap -101.9111655485600920
miniFE.c 25 Ap 25.9034969307029712
miniFE.c 25 Ap -281.5280576402027464
miniFE.c 25 Ap -245.6944105199752073
miniFE.c 25 Ap -532.3296820360286574
miniFE.c 25 Ap -431.5620885671735323
miniFE.c 25 Ap -961.7585217125517829
miniFE.c 25 Ap -868.4179162849671911
miniFE.c 25 Ap -130.6955336663902187
miniFE.c 25 Ap -52.7119709934783600
miniFE.c 25 Ap -370.4126450153972883
miniFE.c 25 Ap -240.3039249654419507
miniFE.c 25 Ap -317.7998779886603415
miniFE.c 25 Ap -272.4461550105173728
miniFE.c 25 Ap -294.0434662624859357
miniFE.c 25 Ap 1969.9608367332041325
miniFE.c 57 sum 19415.3400608050833398
miniFE.c 57 sum 22632.7399483943227096
miniFE.c 57 sum 56032.5139668768097181
miniFE.c 57 sum 99259.5388426581048407
miniFE.c 57 sum 135451.0334538450406399
miniFE.c 57 sum 142288.9854416914749891
miniFE.c 57 sum 149301.5456656060996465
miniFE.c 57 sum 218052.1227403546799906
miniFE.c 90 p_ap_dot 218052.1227403546799906
miniFE.c 91 alpha 0.0173842374712043
miniFE.c 40 y 1.1414960379227033
miniFE.c 40 y 1.9313664235828838
miniFE.c 40 y 1.1455593643239004
miniFE.c 40 y 2.0101427856235916
miniFE.c 40 y 0.8335448140670881
miniFE.c 40 y 1.9345405520228534
miniFE.c 40 y 0.9372372545758320
miniFE.c 40 y 2.0058092069390154
miniFE.c 40 y -6.2853815359783916
miniFE.c 40 y 3.3963126940714989
miniFE.c 40 y -5.7456021169098044
miniFE.c 40 y -2.2035733058768194
miniFE.c 40 y 8.5114549892528260
miniFE.c 40 y 1.4792900502902917
miniFE.c 40 y 5.2650725587807745
miniFE.c 40 y -1.6274761488128036
miniFE.c 82 oldrtrans 3790.6698828185099046
miniFE.c 48 sum 39.5060210528180846
miniFE.c 48 sum 51.0409609687292871
miniFE.c 48 sum 84.0529046545677119
miniFE.c 48 sum 88.9086399689406051
miniFE.c 48 sum 161.3535060030174293
miniFE.c 48 sum 163.5418050559052858
miniFE.c 48 sum 191.2627941051316043
miniFE.c 48 sum 193.9114727200861523
miniFE.c 83 rtrans 193.9114727200861523
miniFE.c 84 beta 0.0511549353318800
miniFE.c 40 y -7.3287110995094835
miniFE.c 40 y 3.9699825711394272
miniFE.c 40 y -7.0614254303680406
miniFE.c 40 y -0.7937737536883660
miniFE.c 40 y 7.4680362501500799
miniFE.c 40 y 2.1564574024252501
miniFE.c 40 y 4.8519914165815479
miniFE.c 40 y 0.1578036692978666
miniFE.c 87 normr 13.9252099704128760
miniFE.c 25 Ap -491.7177458953700011
miniFE.c 25 Ap -431.8204353541753449
miniFE.c 25 Ap -497.6273630233918084
miniFE.c 25 Ap -508.5151527781207506
miniFE.c 25 Ap -403.4890970973976323
miniFE.c 25 Ap -368.8641544610968594
miniFE.c 25 Ap -344.6199566463101860
miniFE.c 25 Ap -343.6087407918182635
miniFE.c 25 Ap -110.5722951494043116
miniFE.c 25 Ap 153.1798092365316108
miniFE.c 25 Ap 51.5519862854376782
miniFE.c 25 Ap 46.8180656728109454
miniFE.c 25 Ap 128.4706614978143762
miniFE.c 25 Ap 149.2853619636919404
miniFE.c 25 Ap 204.5854974549526446
miniFE.c 25 Ap 205.6828487064904039
miniFE.c 25 Ap -68.2978197517930710
miniFE.c 25 Ap -11.1619496874315658
miniFE.c 25 Ap -489.0374897904471254
miniFE.c 25 Ap -496.6673820213065937
miniFE.c 25 Ap -371.2179648447605587
miniFE.c 25 Ap -336.3357784049244401
miniFE.c 25 Ap -278.3450681134267484
miniFE.c 25 Ap -276.3960081673050126
miniFE.c 25 Ap -100.5241925093108364
miniFE.c 25 Ap -76.8479469318283890
miniFE.c 25 Ap -144.7236039179763338
miniFE.c 25 Ap -196.6377647623142764
miniFE.c 25 Ap -169.2441713767037754
miniFE.c 25 Ap -145.3379218237317332
miniFE.c 25 Ap -139.0292024681756686
miniFE.c 25 Ap -138.2842069269177045
miniFE.c 25 Ap -103.0666689639526652
miniFE.c 25 Ap -59.6604278243169119
miniFE.c 25 Ap -178.2795232602167061
miniFE.c 25 Ap -181.1911742914060426
miniFE.c 25 Ap 315.8907282442585256
miniFE.c 25 Ap 325.5715119104277733
miniFE.c 25 Ap 393.7548976105666156
miniFE.c 25 Ap 394.3544470878694597
miniFE.c 25 Ap -117.6727168981640688
miniFE.c 25 Ap -79.3533891061623962
miniFE.c 25 Ap -193.5768312945125444
miniFE.c 25 Ap -202.3765198127888709
miniFE.c 25 Ap -168.8509592023613664
miniFE.c 25 Ap -25.5257486214733262
miniFE.c 25 Ap 11.4087696674939778
miniFE.c 25 Ap 11.9494263420038234
miniFE.c 25 Ap -36.6197518438962106
miniFE.c 25 Ap 8.6277672122340121
miniFE.c 25 Ap -75.7699658459989962
miniFE.c 25 Ap -76.8020566750784752
miniFE.c 25 Ap 28.1437176159555378
miniFE.c 25 Ap 44.5591867565357234
miniFE.c 25 Ap 363.1322095847302762
miniFE.c 25 Ap 363.5542644930765732
miniFE.c 25 Ap -46.9628424344560429
miniFE.c 25 Ap -19.3559726930444356
miniFE.c 25 Ap -106.5728386258432607
miniFE.c 25 Ap -110.3202667426711372
miniFE.c 25 Ap -81.9466728320984288
miniFE.c 25 Ap -74.5583586496401978
miniFE.c 25 Ap -61.5814310424821016
miniFE.c 25 Ap -51.3443630031304252
miniFE.c 57 sum 2518.2091925294753310
miniFE.c 57 sum 3334.7665170765499170
miniFE.c 57 sum 5286.5163180013696547
miniFE.c 57 sum 5396.2826920095676542
miniFE.c 57 sum 8341.3359982696674706
miniFE.c 57 sum 8367.1044271596165345
miniFE.c 57 sum 10131.0665979416426126
miniFE.c 57 sum 10122.9642690619875793
miniFE.c 90 p_ap_dot 10122.9642690619875793
miniFE.c 91 alpha 0.0191556018144529
miniFE.c 40 y 1.0011101662873378
miniFE.c 40 y 2.0074138289259489
miniFE.c 40 y 1.0102935105373181
miniFE.c 40 y 1.9949375716671736
miniFE.c 40 y 0.9765995428108634
miniFE.c 40 y 1.9758487913535410
miniFE.c 40 y 1.0301800701590116
miniFE.c 40 y 2.0088320311929451
miniFE.c 40 y 0.2966506825952546
miniFE.c 40 y -0.5436660558123996
miniFE.c 40 y -0.4510702413526246
miniFE.c 40 y 0.4453438992426322
miniFE.c 40 y 0.9573582270788448
miniFE.c 40 y 1.2503915973717314
miniFE.c 40 y -1.6990281697949099
miniFE.c 40 y -0.6439439757081076
miniFE.c 82 oldrtrans 193.9114727200861523
miniFE.c 48 sum 0.0880016274842305
miniFE.c 48 sum 0.3835744077268417
miniFE.c 48 sum 0.5870387703607567
miniFE.c 48 sum 0.7853699589533885
miniFE.c 48 sum 1.7019047339089375
miniFE.c 48 sum 3.2653838806867679
miniFE.c 48 sum 6.1520806024434087
miniFE.c 48 sum 6.5667444462941722
miniFE.c 83 rtrans 6.5667444462941722
miniFE.c 84 beta 0.0338646515040054
miniFE.c 40 y 0.0484664352368296
miniFE.c 40 y -0.4092239795637874
miniFE.c 40 y -0.6902029526735598
miniFE.c 40 y 0.4184630277009495
miniFE.c 40 y 1.2102606721094566
miniFE.c 40 y 1.3234192757880954
miniFE.c 40 y -1.5347171713719501
miniFE.c 40 y -0.6386000094412820
miniFE.c 87 normr 2.5625659886711545
miniFE.c 25 Ap 3.2518414169488610
miniFE.c 25 Ap -2.9223458359187600
miniFE.c 25 Ap -9.3544941651125839
miniFE.c 25 Ap -3.6146502302827876
miniFE.c 25 Ap 13.4057418084680648
miniFE.c 25 Ap 34.6550910682320392
miniFE.c 25 Ap 26.9864899727449057
miniFE.c 25 Ap 22.8943008804445753
miniFE.c 25 Ap 0.7312397649574278
miniFE.c 25 Ap -26.4562059834902925
miniFE.c 25 Ap -36.3895861722795857
miniFE.c 25 Ap -33.8939496722682208
miniFE.c 25 Ap -20.6614314850855436
miniFE.c 25 Ap -7.8874366056514891
miniFE.c 25 Ap -25.3792374418178710
miniFE.c 25 Ap -29.8199993246716204
miniFE.c 25 Ap 0.4516690333227201
miniFE.c 25 Ap -5.4378702038399211
miniFE.c 25 Ap -52.1467269413361549
miniFE.c 25 Ap -48.1243870880447844
miniFE.c 25 Ap -27.7942104710291531
miniFE.c 25 Ap -6.3869905258564188
miniFE.c 25 Ap -24.7298380750636859
miniFE.c 25 Ap -32.6172953536745638
miniFE.c 25 Ap 0.6647893742616203
miniFE.c 25 Ap -1.7757471426445681
miniFE.c 25 Ap -8.4100987092595432
miniFE.c 25 Ap 18.9580988741599157
miniFE.c 25 Ap 23.3974705686526789
miniFE.c 25 Ap 38.0687510839191674
miniFE.c 25 Ap 36.0732611720347052
miniFE.c 25 Ap 33.0584126466621484
miniFE.c 25 Ap 0.6816033499739811
miniFE.c 25 Ap -3.7926920452244408
miniFE.c 25 Ap -15.3868454807663788
miniFE.c 25 Ap -13.8518762273001936
miniFE.c 25 Ap 66.7045990367521000
miniFE.c 25 Ap 72.6457021135549468
miniFE.c 25 Ap 51.0788435081032048
miniFE.c 25 Ap 48.6525862254325858
miniFE.c 25 Ap 0.7781964707366301
miniFE.c 25 Ap -3.1717422335916097
miniFE.c 25 Ap -14.3362525495814417
miniFE.c 25 Ap -9.6972174554217645
miniFE.c 25 Ap -4.2641067743632863
miniFE.c 25 Ap 83.6946658755453541
miniFE.c 25 Ap 72.0120319696581106
miniFE.c 25 Ap 69.8241021263110042
miniFE.c 25 Ap 0.2421747572024986
miniFE.c 25 Ap -4.4219187197176080
miniFE.c 25 Ap -12.6711829978948352
miniFE.c 25 Ap -12.1270835599981464
miniFE.c 25 Ap 4.8802981765275302
miniFE.c 25 Ap 14.9544820010334245
miniFE.c 25 Ap -85.8122849803403369
miniFE.c 25 Ap -87.5202571057915861
miniFE.c 25 Ap 0.3105759703830238
miniFE.c 25 Ap -2.5351274795535570
miniFE.c 25 Ap -11.0599414825266482
miniFE.c 25 Ap -9.0843658117856911
miniFE.c 25 Ap -4.4861764503346926
miniFE.c 25 Ap 0.0480366501175533
miniFE.c 25 Ap -4.0566519035954958
miniFE.c 25 Ap -45.4840266640720401
miniFE.c 57 sum 1.1096051509145570
miniFE.c 57 sum 13.3126639451461308
miniFE.c 57 sum 35.8252175064778982
miniFE.c 57 sum 49.6589409535874964
miniFE.c 57 sum 108.5412526586428328
miniFE.c 57 sum 200.9478153271993506
miniFE.c 57 sum 335.2666567503456463
miniFE.c 57 sum 364.3127566074495576
miniFE.c 90 p_ap_dot 364.3127566074495576
miniFE.c 91 alpha 0.0180250192374403
miniFE.c 40 y 1.0019837747148519
miniFE.c 40 y 2.0000375588218899
miniFE.c 40 y 0.9978525890376391
miniFE.c 40 y 2.0024803757916407
miniFE.c 40 y 0.9984145147079537
miniFE.c 40 y 1.9997034492588206
miniFE.c 40 y 1.0025167636210022
miniFE.c 40 y 1.9973212537377365
miniFE.c 40 y -0.1160195312025045
miniFE.c 40 y -0.0061599943247378
miniFE.c 40 y 0.1368571348706304
miniFE.c 40 y -0.1505346246726917
miniFE.c 40 y 0.0803944244142010
miniFE.c 40 y -0.0081891866920183
miniFE.c 40 y -0.1214738517972982
miniFE.c 40 y 0.1759064799080371
miniFE.c 82 oldrtrans 6.5667444462941722
miniFE.c 48 sum 0.0134605316204489
miniFE.c 48 sum 0.0134984771505297
miniFE.c 48 sum 0.0322283525155277
miniFE.c 48 sum 0.0548890257408758
miniFE.c 48 sum 0.0613522892177665
miniFE.c 48 sum 0.0614193519964432
miniFE.c 48 sum 0.0761752486669152
miniFE.c 48 sum 0.1071183383405518
miniFE.c 83 rtrans 0.1071183383405518
miniFE.c 84 beta 0.0163122440985201
miniFE.c 40 y -0.1152289348803362
miniFE.c 40 y -0.0128353557703501
miniFE.c 40 y 0.1255983758291000
miniFE.c 40 y -0.1437085536186281
miniFE.c 40 y 0.1001364919204894
miniFE.c 40 y 0.0133987515793238
miniFE.c 40 y -0.1465085329189078
miniFE.c 40 y 0.1654894806727137
miniFE.c 87 normr 0.3272893801218607
miniFE.c 25 Ap -7.7312519694050454
miniFE.c 25 Ap -7.9249060413579908
miniFE.c 25 Ap -6.7544280245525563
miniFE.c 25 Ap -8.7256049631769326
miniFE.c 25 Ap -7.3173444213374026
miniFE.c 25 Ap -7.1022087064791473
miniFE.c 25 Ap -7.8342755113587659
miniFE.c 25 Ap -6.7738084933707343
miniFE.c 25 Ap -1.7385223164538171
miniFE.c 25 Ap -2.5912595852727009
miniFE.c 25 Ap -0.7836515282915681
miniFE.c 25 Ap -1.6407028996992001
miniFE.c 25 Ap -0.5458495502724177
miniFE.c 25 Ap -0.4165212359608639
miniFE.c 25 Ap -2.0863390541361526
miniFE.c 25 Ap -0.9355414235072077
miniFE.c 25 Ap -1.0738429879129829
miniFE.c 25 Ap -1.2585690430991885
miniFE.c 25 Ap 7.2411867466131516
miniFE.c 25 Ap 5.8598349802340151
miniFE.c 25 Ap 7.5419457960829419
miniFE.c 25 Ap 7.7586798480170946
miniFE.c 25 Ap 6.0076186530822842
miniFE.c 25 Ap 8.0516073620826845
miniFE.c 25 Ap -1.5805365329967833
miniFE.c 25 Ap -1.6570842331056896
miniFE.c 25 Ap -0.4498106649206099
miniFE.c 25 Ap -9.8485958132055735
miniFE.c 25 Ap -9.4812839455541233
miniFE.c 25 Ap -9.3327468594084131
miniFE.c 25 Ap -9.5232420886911626
miniFE.c 25 Ap -8.7419616167298226
miniFE.c 25 Ap -1.6205117550854693
miniFE.c 25 Ap -1.7608485292897269
miniFE.c 25 Ap 0.3489755955951441
miniFE.c 25 Ap -0.1781634744359889
miniFE.c 25 Ap 6.4870475997716088
miniFE.c 25 Ap 6.5471973691527703
miniFE.c 25 Ap 4.4883627689445511
miniFE.c 25 Ap 5.1171132414646578
miniFE.c 25 Ap -1.8501618700126308
miniFE.c 25 Ap -1.9740521381126848
miniFE.c 25 Ap 0.0575884933622204
miniFE.c 25 Ap -1.5355487241129924
miniFE.c 25 Ap -1.0860152836280876
miniFE.c 25 Ap -0.1954904397485614
miniFE.c 25 Ap -1.3107484078666549
miniFE.c 25 Ap -0.7437591060020471
miniFE.c 25 Ap -0.5757704108211898
miniFE.c 25 Ap -0.7220602230317358
miniFE.c 25 Ap 0.7790840289751181
miniFE.c 25 Ap 0.5922294251779084
miniFE.c 25 Ap 1.9994134997292936
miniFE.c 25 Ap 2.1014079990527339
miniFE.c 25 Ap -7.5180785570434967
miniFE.c 25 Ap -7.0754675080839258
miniFE.c 25 Ap -0.7383942741360922
miniFE.c 25 Ap -0.8276500802982413
miniFE.c 25 Ap 0.7236368112908641
miniFE.c 25 Ap 0.0451847058178196
miniFE.c 25 Ap 0.4256370847580281
miniFE.c 25 Ap 0.4715430165002548
miniFE.c 25 Ap 0.0796975942222596
miniFE.c 25 Ap 10.8153609725290618
miniFE.c 57 sum 0.7805387377744849
miniFE.c 57 sum 0.7925467447830997
miniFE.c 57 sum 1.8038155522743096
miniFE.c 57 sum 3.0601102120041159
miniFE.c 57 sum 3.5725199807642714
miniFE.c 57 sum 3.5625545372680900
miniFE.c 57 sum 4.5991709015928661
miniFE.c 57 sum 6.3889993722246361
miniFE.c 90 p_ap_dot 6.3889993722246361
miniFE.c 91 alpha 0.0167660586736376
miniFE.c 40 y 1.0000518396317475
miniFE.c 40 y 1.9998223604939471
miniFE.c 40 y 0.9999583787761034
miniFE.c 40 y 2.0000709497497673
miniFE.c 40 y 1.0000934090068649
miniFE.c 40 y 1.9999280935139530
miniFE.c 40 y 1.0000603929618952
miniFE.c 40 y 2.0000958600805649
miniFE.c 40 y -0.0024494605586663
miniFE.c 40 y 0.0095253480734025
miniFE.c 40 y 0.0018634134208599
miniFE.c 40 y -0.0039663832839120
miniFE.c 40 y -0.0053993964318432
miniFE.c 40 y 0.0042807221182643
miniFE.c 40 y -0.0028461484133469
miniFE.c 40 y -0.0054244967339550
miniFE.c 82 oldrtrans 0.1071183383405518
miniFE.c 48 sum 0.0000059998570285
miniFE.c 48 sum 0.0000967321129479
miniFE.c 48 sum 0.0001002044225250
miniFE.c 48 sum 0.0001159366188799
miniFE.c 48 sum 0.0001450901007081
miniFE.c 48 sum 0.0001634146825619
miniFE.c 48 sum 0.0001715152433527
miniFE.c 48 sum 0.0002009404081694
miniFE.c 83 rtrans 0.0002009404081694
miniFE.c 84 beta 0.0018758730884204
miniFE.c 40 y -0.0026656154166157
miniFE.c 40 y 0.0095012705749326
miniFE.c 40 y 0.0020990200340271
miniFE.c 40 y -0.0042359622922210
miniFE.c 40 y -0.0052115530814807
miniFE.c 40 y 0.0043058564757703
miniFE.c 40 y -0.0031209798274734
miniFE.c 40 y -0.0051140594707444
miniFE.c 87 normr 0.0141753450811384
miniFE.c 25 Ap -0.1788486933493564
miniFE.c 25 Ap -0.0354977984865326
miniFE.c 25 Ap -0.0159365836981672
miniFE.c 25 Ap -0.0740391181197937
miniFE.c 25 Ap -0.1473313258414207
miniFE.c 25 Ap -0.0781947719238618
miniFE.c 25 Ap -0.0937895341187494
miniFE.c 25 Ap -0.1265607493930263
miniFE.c 25 Ap -0.0402176058789595
miniFE.c 25 Ap 0.5910144117868994
miniFE.c 25 Ap 0.6212234451460158
miniFE.c 25 Ap 0.5959609454522715
miniFE.c 25 Ap 0.5389798565650629
miniFE.c 25 Ap 0.5805411286270208
miniFE.c 25 Ap 0.5449700419315768
miniFE.c 25 Ap 0.5094073735498482
miniFE.c 25 Ap -0.0248414378435250
miniFE.c 25 Ap 0.1119005632327872
miniFE.c 25 Ap 0.2539498339273377
miniFE.c 25 Ap 0.2132330230811083
miniFE.c 25 Ap 0.1256884163388401
miniFE.c 25 Ap 0.1953386158753937
miniFE.c 25 Ap 0.1580368522362209
miniFE.c 25 Ap 0.0948722343229465
miniFE.c 25 Ap -0.0365628872058544
miniFE.c 25 Ap 0.0201009422692576
miniFE.c 25 Ap 0.0402770901648316
miniFE.c 25 Ap -0.2367620872419417
miniFE.c 25 Ap -0.2558786476387582
miniFE.c 25 Ap -0.2081443963925805
miniFE.c 25 Ap -0.2122023973565958
miniFE.c 25 Ap -0.2363460153116454
miniFE.c 25 Ap -0.0374876425061867
miniFE.c 25 Ap 0.0663955444646017
miniFE.c 25 Ap 0.1016552608197944
miniFE.c 25 Ap 0.0861172767041510
miniFE.c 25 Ap -0.2607702629560897
miniFE.c 25 Ap -0.2414403819240662
miniFE.c 25 Ap -0.2852984503064089
miniFE.c 25 Ap -0.3047284907878681
miniFE.c 25 Ap -0.0428001873753476
miniFE.c 25 Ap 0.0489086035518745
miniFE.c 25 Ap 0.0828617049296486
miniFE.c 25 Ap 0.0359022929139387
miniFE.c 25 Ap 0.0125065523396838
miniFE.c 25 Ap 0.2986878538700563
miniFE.c 25 Ap 0.2749302095091498
miniFE.c 25 Ap 0.2574087513643509
miniFE.c 25 Ap -0.0133194191642051
miniFE.c 25 Ap 0.0949704570992371
miniFE.c 25 Ap 0.1200578186047265
miniFE.c 25 Ap 0.1145500806456251
miniFE.c 25 Ap 0.0413138971196239
miniFE.c 25 Ap 0.0740911057128855
miniFE.c 25 Ap -0.1308268119953304
miniFE.c 25 Ap -0.1445046555512262
miniFE.c 25 Ap -0.0170814315234444
miniFE.c 25 Ap 0.0489894729301203
miniFE.c 25 Ap 0.0749148262037944
miniFE.c 25 Ap 0.0549167296152748
miniFE.c 25 Ap 0.0351162779537880
miniFE.c 25 Ap 0.0498687235304014
miniFE.c 25 Ap 0.0415214850859735
miniFE.c 25 Ap -0.2902387014308633
miniFE.c 57 sum 0.0003373622847205
miniFE.c 57 sum 0.0051773795736833
miniFE.c 57 sum 0.0053765182942001
miniFE.c 57 sum 0.0063776711029769
miniFE.c 57 sum 0.0079657798081574
miniFE.c 57 sum 0.0090741449471396
miniFE.c 57 sum 0.0095251410620909
miniFE.c 57 sum 0.0110094390419200
miniFE.c 90 p_ap_dot 0.0110094390419200
miniFE.c 91 alpha 0.0182516481906341
miniFE.c 40 y 1.0000031877569520
miniFE.c 40 y 1.9999957743418448
miniFE.c 40 y 0.9999966893513096
miniFE.c 40 y 1.9999936364562609
miniFE.c 40 y 0.9999982895734949
miniFE.c 40 y 2.0000066824915081
miniFE.c 40 y 1.0000034299360741
miniFE.c 40 y 2.0000025200662788
miniFE.c 40 y -0.0001395182860018
miniFE.c 40 y 0.0002278239056557
miniFE.c 40 y 0.0001318387769381
miniFE.c 40 y 0.0003473210388144
miniFE.c 40 y 0.0001624007756798
miniFE.c 40 y -0.0004174118528283
miniFE.c 40 y -0.0002087002783172
miniFE.c 40 y -0.0001271620641324
