filename line variable value
miniFE.c 167 A 67.0947100000000063
miniFE.c 167 A 15.0875500000000002
miniFE.c 167 A 9.3192129999999995
miniFE.c 167 A 13.7164900000000003
miniFE.c 167 A 14.0634099999999993
miniFE.c 167 A 16.0564000000000000
miniFE.c 167 A 4.9967519999999999
miniFE.c 167 A 6.4080630000000003
miniFE.c 167 A 15.0875500000000002
miniFE.c 167 A 66.4365899999999954
miniFE.c 167 A 14.3919700000000006
miniFE.c 167 A 5.9638159999999996
miniFE.c 167 A 10.9336099999999998
miniFE.c 167 A 9.6522659999999991
miniFE.c 167 A 11.3974100000000007
miniFE.c 167 A 6.9539020000000002
miniFE.c 167 A 9.3192129999999995
miniFE.c 167 A 14.3919700000000006
miniFE.c 167 A 67.6740900000000067
miniFE.c 167 A 9.6121750000000006
miniFE.c 167 A 16.7981799999999986
miniFE.c 167 A 16.1756899999999995
miniFE.c 167 A 11.9519400000000005
miniFE.c 167 A 12.3511699999999998
miniFE.c 167 A 13.7164900000000003
miniFE.c 167 A 5.9638159999999996
miniFE.c 167 A 9.6121750000000006
miniFE.c 167 A 65.4017099999999942
miniFE.c 167 A 3.6681119999999998
miniFE.c 167 A 11.0858899999999991
miniFE.c 167 A 1.3002330000000000
miniFE.c 167 A 4.7210279999999996
miniFE.c 167 A 14.0634099999999993
miniFE.c 167 A 10.9336099999999998
miniFE.c 167 A 16.7981799999999986
miniFE.c 167 A 3.6681119999999998
miniFE.c 167 A 66.5612600000000043
miniFE.c 167 A 4.4892070000000004
miniFE.c 167 A 14.0526599999999995
miniFE.c 167 A 3.7993380000000001
miniFE.c 167 A 16.0564000000000000
miniFE.c 167 A 9.6522659999999991
miniFE.c 167 A 16.1756899999999995
miniFE.c 167 A 11.0858899999999991
miniFE.c 167 A 4.4892070000000004
miniFE.c 167 A 66.4632699999999943
miniFE.c 167 A 7.6122389999999998
miniFE.c 167 A 3.4261349999999999
miniFE.c 167 A 4.9967519999999999
miniFE.c 167 A 11.3974100000000007
miniFE.c 167 A 11.9519400000000005
miniFE.c 167 A 1.3002330000000000
miniFE.c 167 A 14.0526599999999995
miniFE.c 167 A 7.6122389999999998
miniFE.c 167 A 65.6581999999999937
miniFE.c 167 A 2.6745570000000001
miniFE.c 167 A 6.4080630000000003
miniFE.c 167 A 6.9539020000000002
miniFE.c 167 A 12.3511699999999998
miniFE.c 167 A 4.7210279999999996
miniFE.c 167 A 3.7993380000000001
miniFE.c 167 A 3.4261349999999999
miniFE.c 167 A 2.6745570000000001
miniFE.c 167 A 64.8721800000000002
miniFE.c 175 b 198.0110999999999990
miniFE.c 175 b 229.8237000000000023
miniFE.c 175 b 210.8053999999999917
miniFE.c 175 b 202.6418999999999926
miniFE.c 175 b 157.2561000000000035
miniFE.c 175 b 225.5886000000000138
miniFE.c 175 b 142.6283999999999992
miniFE.c 175 b 185.1795999999999935
miniFE.c 33 r 0.0000000000000000
miniFE.c 33 r 0.0000000000000000
miniFE.c 33 r 0.0000000000000000
miniFE.c 33 r 0.0000000000000000
miniFE.c 33 r 0.0000000000000000
miniFE.c 33 r 0.0000000000000000
miniFE.c 33 r 0.0000000000000000
miniFE.c 33 r 0.0000000000000000
miniFE.c 25 Ap 0.0000000000000000
miniFE.c 25 Ap 0.0000000000000000
miniFE.c 25 Ap 0.0000000000000000
miniFE.c 25 Ap 0.0000000000000000
miniFE.c 25 Ap 0.0000000000000000
miniFE.c 25 Ap 0.0000000000000000
miniFE.c 25 Ap 0.0000000000000000
miniFE.c 25 Ap 0.0000000000000000
miniFE.c 25 Ap 0.0000000000000000
miniFE.c 25 Ap 0.0000000000000000
miniFE.c 25 Ap 0.0000000000000000
miniFE.c 25 Ap 0.0000000000000000
miniFE.c 25 Ap 0.0000000000000000
miniFE.c 25 Ap 0.0000000000000000
miniFE.c 25 Ap 0.0000000000000000
miniFE.c 25 Ap 0.0000000000000000
miniFE.c 25 Ap 0.0000000000000000
miniFE.c 25 Ap 0.0000000000000000
miniFE.c 25 Ap 0.0000000000000000
miniFE.c 25 Ap 0.0000000000000000
miniFE.c 25 Ap 0.0000000000000000
miniFE.c 25 Ap 0.0000000000000000
miniFE.c 25 Ap 0.0000000000000000
miniFE.c 25 Ap 0.0000000000000000
miniFE.c 25 Ap 0.0000000000000000
miniFE.c 25 Ap 0.0000000000000000
miniFE.c 25 Ap 0.0000000000000000
miniFE.c 25 Ap 0.0000000000000000
miniFE.c 25 Ap 0.0000000000000000
miniFE.c 25 Ap 0.0000000000000000
miniFE.c 25 Ap 0.0000000000000000
miniFE.c 25 Ap 0.0000000000000000
miniFE.c 25 Ap 0.0000000000000000
miniFE.c 25 Ap 0.0000000000000000
miniFE.c 25 Ap 0.0000000000000000
miniFE.c 25 Ap 0.0000000000000000
miniFE.c 25 Ap 0.0000000000000000
miniFE.c 25 Ap 0.0000000000000000
miniFE.c 25 Ap 0.0000000000000000
miniFE.c 25 Ap 0.0000000000000000
miniFE.c 25 Ap 0.0000000000000000
miniFE.c 25 Ap 0.0000000000000000
miniFE.c 25 Ap 0.0000000000000000
miniFE.c 25 Ap 0.0000000000000000
miniFE.c 25 Ap 0.0000000000000000
miniFE.c 25 Ap 0.0000000000000000
miniFE.c 25 Ap 0.0000000000000000
miniFE.c 25 Ap 0.0000000000000000
miniFE.c 25 Ap 0.0000000000000000
miniFE.c 25 Ap 0.0000000000000000
miniFE.c 25 Ap 0.0000000000000000
miniFE.c 25 Ap 0.0000000000000000
miniFE.c 25 Ap 0.0000000000000000
miniFE.c 25 Ap 0.0000000000000000
miniFE.c 25 Ap 0.0000000000000000
miniFE.c 25 Ap 0.0000000000000000
miniFE.c 25 Ap 0.0000000000000000
miniFE.c 25 Ap 0.0000000000000000
miniFE.c 25 Ap 0.0000000000000000
miniFE.c 25 Ap 0.0000000000000000
miniFE.c 25 Ap 0.0000000000000000
miniFE.c 25 Ap 0.0000000000000000
miniFE.c 25 Ap 0.0000000000000000
miniFE.c 25 Ap 0.0000000000000000
miniFE.c 33 r 198.0110999999999990
miniFE.c 33 r 229.8237000000000023
miniFE.c 33 r 210.8053999999999917
miniFE.c 33 r 202.6418999999999926
miniFE.c 33 r 157.2561000000000035
miniFE.c 33 r 225.5886000000000138
miniFE.c 33 r 142.6283999999999992
miniFE.c 33 r 185.1795999999999935
miniFE.c 48 sum 39208.3957232100001420
miniFE.c 48 sum 92027.3288048999966122
miniFE.c 48 sum 136466.2454740600078367
miniFE.c 48 sum 177529.9851096700003836
miniFE.c 48 sum 202259.4660968800017145
miniFE.c 48 sum 253149.6825468399911188
miniFE.c 48 sum 273492.5430333999684080
miniFE.c 48 sum 307784.0272895599482581
miniFE.c 75 rtrans 307784.0272895599482581
miniFE.c 76 normr 554.7828649927464539
miniFE.c 33 r 198.0110999999999990
miniFE.c 33 r 229.8237000000000023
miniFE.c 33 r 210.8053999999999917
miniFE.c 33 r 202.6418999999999926
miniFE.c 33 r 157.2561000000000035
miniFE.c 33 r 225.5886000000000138
miniFE.c 33 r 142.6283999999999992
miniFE.c 33 r 185.1795999999999935
miniFE.c 87 normr 554.7828649927464539
miniFE.c 25 Ap 13285.4973312810016068
miniFE.c 25 Ap 16752.9738962160008668
miniFE.c 25 Ap 18717.5143203662009910
miniFE.c 25 Ap 21497.0499152972006414
miniFE.c 25 Ap 23708.6069245981998392
miniFE.c 25 Ap 27330.7477216381994367
miniFE.c 25 Ap 28043.4264645949988335
miniFE.c 25 Ap 29230.0690077097970061
miniFE.c 25 Ap 2987.5023718050001662
miniFE.c 25 Ap 18256.2053009880000900
miniFE.c 25 Ap 21290.1102936259994749
miniFE.c 25 Ap 22498.6292991164009436
miniFE.c 25 Ap 24218.0061666374022025
miniFE.c 25 Ap 26395.4473404050004319
miniFE.c 25 Ap 28021.0416928490012651
miniFE.c 25 Ap 29308.7624836482027604
miniFE.c 25 Ap 1845.3076172643000064
miniFE.c 25 Ap 5152.9234129532997031
miniFE.c 25 Ap 19418.9870250392996240
miniFE.c 25 Ap 21366.8164301717988565
miniFE.c 25 Ap 24008.4327040697971825
miniFE.c 25 Ap 27657.4839652037990163
miniFE.c 25 Ap 29362.1700442997971550
miniFE.c 25 Ap 31649.3547644317950471
miniFE.c 25 Ap 2716.0172730389999742
miniFE.c 25 Ap 4086.6435322781999275
miniFE.c 25 Ap 6112.9419280231995799
miniFE.c 25 Ap 19366.0687056721981207
miniFE.c 25 Ap 19942.9016931553996983
miniFE.c 25 Ap 22443.7520980093977414
miniFE.c 25 Ap 22629.2022504265987664
miniFE.c 25 Ap 23503.4403270553993934
miniFE.c 25 Ap 2784.7112838509997346
miniFE.c 25 Ap 5297.5139884079999320
miniFE.c 25 Ap 8838.6610425799990480
miniFE.c 25 Ap 9581.9742276727993158
miniFE.c 25 Ap 20049.1383863587980159
miniFE.c 25 Ap 21061.8523085989982064
miniFE.c 25 Ap 23066.1607201429978886
miniFE.c 25 Ap 23769.7206112477979332
miniFE.c 25 Ap 3179.3454260399998930
miniFE.c 25 Ap 5397.6649115441996400
miniFE.c 25 Ap 8807.5877122702004272
miniFE.c 25 Ap 11054.0535250612010714
miniFE.c 25 Ap 11760.0087099739012046
miniFE.c 25 Ap 26753.3647406958989450
miniFE.c 25 Ap 27839.0862096834971453
miniFE.c 25 Ap 28473.5365185294976982
miniFE.c 25 Ap 989.4123599472000024
miniFE.c 25 Ap 3608.8072965641999872
miniFE.c 25 Ap 6128.3407890401995246
miniFE.c 25 Ap 6391.8224746028990921
miniFE.c 25 Ap 8601.6889808288997301
miniFE.c 25 Ap 10318.9233197042995016
miniFE.c 25 Ap 19683.6473325842962367
miniFE.c 25 Ap 20178.9207280214977800
miniFE.c 25 Ap 1268.8676034993000030
miniFE.c 25 Ap 2867.0390905766998912
miniFE.c 25 Ap 5470.7324228946999938
miniFE.c 25 Ap 6427.4105067679001877
miniFE.c 25 Ap 7024.8795832297000743
miniFE.c 25 Ap 7797.7765812907000509
miniFE.c 25 Ap 8179.2443669095000587
miniFE.c 25 Ap 20192.2487104374995397
miniFE.c 57 sum 5787878.1172925252467394
miniFE.c 57 sum 12523726.3537057451903820
miniFE.c 57 sum 19195581.2445636950433254
miniFE.c 57 sum 23958363.0489748232066631
miniFE.c 57 sum 27696296.6103892698884010
miniFE.c 57 sum 34119601.8506532162427902
miniFE.c 57 sum 36997689.0278177559375763
miniFE.c 57 sum 40736881.5671170875430107
miniFE.c 90 p_ap_dot 40736881.5671170875430107
miniFE.c 91 alpha 0.0075554145395853
miniFE.c 40 y 1.4960559439392744
miniFE.c 40 y 1.7364133245212852
miniFE.c 40 y 1.5927221841830903
miniFE.c 40 y 1.5310435575891859
miniFE.c 40 y 1.1881350243784765
miniFE.c 40 y 1.7044153884046875
miniFE.c 40 y 1.0776166871177848
miniFE.c 40 y 1.3991086422745860
miniFE.c 40 y -22.8341883739316245
miniFE.c 40 y 8.3838497937928480
miniFE.c 40 y -28.3185951556805833
miniFE.c 40 y 25.0636652226906733
miniFE.c 40 y -22.3339927081014764
miniFE.c 40 y 10.4592281944898673
miniFE.c 40 y -9.8317110616323760
miniFE.c 40 y 32.6187905062384118
miniFE.c 82 oldrtrans 307784.0272895599482581
miniFE.c 48 sum 521.4001586961941257
miniFE.c 48 sum 591.6890960610744514
miniFE.c 48 sum 1393.6319276524102406
miniFE.c 48 sum 2021.8192420475243125
miniFE.c 48 sum 2520.6264723330541528
miniFE.c 48 sum 2630.0219267574657351
miniFE.c 48 sum 2726.6844691568903727
miniFE.c 48 sum 3790.6699632467598349
miniFE.c 83 rtrans 3790.6699632467598349
miniFE.c 84 beta 0.0123160061184089
miniFE.c 40 y -20.3954824548187439
miniFE.c 40 y 11.2143598891482252
miniFE.c 40 y -25.7223145594869429
miniFE.c 40 y 27.5594041029366821
miniFE.c 40 y -20.3972256183443506
miniFE.c 40 y 13.2375787723331708
miniFE.c 40 y -8.0750988145735008
miniFE.c 40 y 34.8994635928429275
miniFE.c 87 normr 61.5684169298412272
miniFE.c 25 Ap -1368.4289806161518754
miniFE.c 25 Ap -1199.2317650706336281
miniFE.c 25 Ap -1438.9434933034935966
miniFE.c 25 Ap -1060.9252025196035447
miniFE.c 25 Ap -1347.7797492528836756
miniFE.c 25 Ap -1135.2318894527934390
miniFE.c 25 Ap -1175.5811556047112845
miniFE.c 25 Ap -951.9431942355674892
miniFE.c 25 Ap -307.7178613112005223
miniFE.c 25 Ap 437.3259687565855529
miniFE.c 25 Ap 67.1311892858862507
miniFE.c 25 Ap 231.4904044254456608
miniFE.c 25 Ap 8.4750944324596844
miniFE.c 25 Ap 136.2477259389728772
miniFE.c 25 Ap 44.2125139587647027
miniFE.c 25 Ap 286.8999636359623082
miniFE.c 25 Ap -190.0698452342187466
miniFE.c 25 Ap -28.6731141403941479
miniFE.c 25 Ap -1769.4073446474239972
miniFE.c 25 Ap -1504.5015295142784453
miniFE.c 25 Ap -1847.1377969518380269
miniFE.c 25 Ap -1633.0108263799961605
miniFE.c 25 Ap -1729.5239229058497585
miniFE.c 25 Ap -1298.4747151618360022
miniFE.c 25 Ap -279.7544311366967804
miniFE.c 25 Ap -212.8740522000363740
miniFE.c 25 Ap -460.1214411508727835
miniFE.c 25 Ap 1342.3107137622018854
miniFE.c 25 Ap 1267.4914057048456471
miniFE.c 25 Ap 1414.2417478412662604
miniFE.c 25 Ap 1403.7422378842968556
miniFE.c 25 Ap 1568.5035826910889227
miniFE.c 25 Ap -286.8300319099224680
miniFE.c 25 Ap -164.2165944823325390
miniFE.c 25 Ap -596.3046644692149130
miniFE.c 25 Ap -495.2136835663836223
miniFE.c 25 Ap -1852.8787212276629361
miniFE.c 25 Ap -1793.4524899398534217
miniFE.c 25 Ap -1906.9291080474579303
miniFE.c 25 Ap -1774.3342498395531948
miniFE.c 25 Ap -327.4780244875516928
miniFE.c 25 Ap -219.2340398177625218
miniFE.c 25 Ap -635.3102262145098393
miniFE.c 25 Ap -329.7897038638051299
miniFE.c 25 Ap -421.3570718902559520
miniFE.c 25 Ap 458.4557002015919807
miniFE.c 25 Ap 396.9861180764418123
miniFE.c 25 Ap 516.5563917731067249
miniFE.c 25 Ap -101.9111677470804693
miniFE.c 25 Ap 25.9034897970964124
miniFE.c 25 Ap -281.5280704790179698
miniFE.c 25 Ap -245.6944238040443054
miniFE.c 25 Ap -532.3297003619271663
miniFE.c 25 Ap -431.5620869656004857
miniFE.c 25 Ap -961.7585399526303718
miniFE.c 25 Ap -868.4179353041471359
miniFE.c 25 Ap -130.6955364858731627
miniFE.c 25 Ap -52.7119768240055322
miniFE.c 25 Ap -370.4126567417038700
miniFE.c 25 Ap -240.3039383084249323
miniFE.c 25 Ap -317.7998926947741438
miniFE.c 25 Ap -272.4461607476264362
miniFE.c 25 Ap -294.0434728078357125
miniFE.c 25 Ap 1969.9608112905175403
miniFE.c 57 sum 19415.3407160156275495
miniFE.c 57 sum 22632.7401604128463077
miniFE.c 57 sum 56032.5152313458020217
miniFE.c 57 sum 99259.5393036334862700
miniFE.c 57 sum 135451.0353199666133150
miniFE.c 57 sum 142288.9912464153021574
miniFE.c 57 sum 149301.5518863441830035
miniFE.c 57 sum 218052.1274993049155455
miniFE.c 90 p_ap_dot 218052.1274993049155455
miniFE.c 91 alpha 0.0173842374606450
miniFE.c 40 y 1.1414960338202862
miniFE.c 40 y 1.9313664198033706
miniFE.c 40 y 1.1455593598435627
miniFE.c 40 y 2.0101427827885114
miniFE.c 40 y 0.8335448106908265
miniFE.c 40 y 1.9345406011869211
miniFE.c 40 y 0.9372372518070660
miniFE.c 40 y 2.0058092046217029
miniFE.c 40 y -6.2853818362955991
miniFE.c 40 y 3.3963126984948593
miniFE.c 40 y -5.7456023706638284
miniFE.c 40 y -2.2035735166836723
miniFE.c 40 y 8.5114552256647578
miniFE.c 40 y 1.4792892180922035
miniFE.c 40 y 5.2650725407779788
miniFE.c 40 y -1.6274760254008527
miniFE.c 82 oldrtrans 3790.6699632467598349
miniFE.c 48 sum 39.5060248280346400
miniFE.c 48 sum 51.0409647739920729
miniFE.c 48 sum 84.0529113757698809
miniFE.c 48 sum 88.9086476191995274
miniFE.c 48 sum 161.3535176776954359
miniFE.c 48 sum 163.5418142684592908
miniFE.c 48 sum 191.2628031281135748
miniFE.c 48 sum 193.9114813413681304
miniFE.c 83 rtrans 193.9114813413681304
miniFE.c 84 beta 0.0511549365208467
miniFE.c 40 y -7.3287114465838936
miniFE.c 40 y 3.9699825667461655
miniFE.c 40 y -7.0614257391236324
miniFE.c 40 y -0.7937739492455855
miniFE.c 40 y 7.4680364439569651
miniFE.c 40 y 2.1564567198806142
miniFE.c 40 y 4.8519913735189073
miniFE.c 40 y 0.1578038193026263
miniFE.c 87 normr 13.9252102799694963
miniFE.c 25 Ap -491.7177691822269026
miniFE.c 25 Ap -431.8204587073157654
miniFE.c 25 Ap -497.6273892538913515
miniFE.c 25 Ap -508.5151816909789204
miniFE.c 25 Ap -403.4891232846700859
miniFE.c 25 Ap -368.8641916075790164
miniFE.c 25 Ap -344.6199940079656585
miniFE.c 25 Ap -343.6087771922337879
miniFE.c 25 Ap -110.5723003859068285
miniFE.c 25 Ap 153.1798037081557595
miniFE.c 25 Ap 51.5519763134606137
miniFE.c 25 Ap 46.8180545345666062
miniFE.c 25 Ap 128.4706524785789270
miniFE.c 25 Ap 149.2853463563540970
miniFE.c 25 Ap 204.5854813568122381
miniFE.c 25 Ap 205.6828336514683997
miniFE.c 25 Ap -68.2978229862534221
miniFE.c 25 Ap -11.1619529851196120
miniFE.c 25 Ap -489.0375139828888678
miniFE.c 25 Ap -496.6674080934785707
miniFE.c 25 Ap -371.2179876613295733
miniFE.c 25 Ap -336.3358122621239090
miniFE.c 25 Ap -278.3451024853083595
miniFE.c 25 Ap -276.3960406864523520
miniFE.c 25 Ap -100.5241972699535182
miniFE.c 25 Ap -76.8479517186716663
miniFE.c 25 Ap -144.7236116726323871
miniFE.c 25 Ap -196.6377853067468777
miniFE.c 25 Ap -169.2441912102310084
miniFE.c 25 Ap -145.3379492238736930
miniFE.c 25 Ap -139.0292299243090781
miniFE.c 25 Ap -138.2842336748744287
miniFE.c 25 Ap -103.0666738450023843
miniFE.c 25 Ap -59.6604327534008405
miniFE.c 25 Ap -178.2795333758326422
miniFE.c 25 Ap -181.1911851243477543
miniFE.c 25 Ap 315.8907303113472835
miniFE.c 25 Ap 325.5715109134323484
miniFE.c 25 Ap 393.7548960084265559
miniFE.c 25 Ap 394.3544460556481681
miniFE.c 25 Ap -117.6727224709296280
miniFE.c 25 Ap -79.3533947213328901
miniFE.c 25 Ap -193.5768284354176387
miniFE.c 25 Ap -202.3765191216197934
miniFE.c 25 Ap -168.8509576411530588
miniFE.c 25 Ap -25.5257924244134529
miniFE.c 25 Ap 11.4087255367507368
miniFE.c 25 Ap 11.9493827251971396
miniFE.c 25 Ap -36.6197535781409655
miniFE.c 25 Ap 8.6277654279174527
miniFE.c 25 Ap -75.7699713205438599
miniFE.c 25 Ap -76.8020624038933022
miniFE.c 25 Ap 28.1437146106429736
miniFE.c 25 Ap 44.5591785555302593
miniFE.c 25 Ap 363.1321985563093335
miniFE.c 25 Ap 363.5542538658519334
miniFE.c 25 Ap -46.9628446585307273
miniFE.c 25 Ap -19.3559749476694343
miniFE.c 25 Ap -106.5728446939610734
miniFE.c 25 Ap -110.3202737340200628
miniFE.c 25 Ap -81.9466790871094872
miniFE.c 25 Ap -74.5583672431413191
miniFE.c 25 Ap -61.5814397511567080
miniFE.c 25 Ap -51.3443619806692624
miniFE.c 57 sum 2518.2095785554183749
miniFE.c 57 sum 3334.7668424306993984
miniFE.c 57 sum 5286.5169583258766579
miniFE.c 57 sum 5396.2833806083808668
miniFE.c 57 sum 8341.3367555884215108
miniFE.c 57 sum 8367.1050822645975131
miniFE.c 57 sum 10131.0671858278146829
miniFE.c 57 sum 10122.9648494076081988
miniFE.c 90 p_ap_dot 10122.9648494076081988
miniFE.c 91 alpha 0.0191556015679256
miniFE.c 40 y 1.0011101573432295
miniFE.c 40 y 2.0074138240835708
miniFE.c 40 y 1.0102935018834158
miniFE.c 40 y 1.9949375652817642
miniFE.c 40 y 0.9765995413060141
miniFE.c 40 y 1.9758488269114298
miniFE.c 40 y 1.0301800653692061
miniFE.c 40 y 2.0088320317101611
miniFE.c 40 y 0.2966509948409524
miniFE.c 40 y -0.5436657122945894
miniFE.c 40 y -0.4510699403219940
miniFE.c 40 y 0.4453441667181424
miniFE.c 40 y 0.9573585804827518
miniFE.c 40 y 1.2503916036256741
miniFE.c 40 y -1.6990278946007562
miniFE.c 40 y -0.6439438845398050
miniFE.c 82 oldrtrans 193.9134344663681304
miniFE.c 48 sum 0.0880018127401268
miniFE.c 48 sum 0.3835742194649100
miniFE.c 48 sum 0.5870383105269972
miniFE.c 48 sum 0.7853697373568738
miniFE.c 48 sum 1.7019051889808234
miniFE.c 48 sum 3.2653843513984082
miniFE.c 48 sum 6.1520801380298860
miniFE.c 48 sum 6.5667438644660994
miniFE.c 83 rtrans 6.5667438644660994
miniFE.c 84 beta 0.0338643059081346
miniFE.c 40 y 0.0484692685013879
miniFE.c 40 y -0.4092250082043359
miniFE.c 40 y -0.6902002216992520
miniFE.c 40 y 0.4184635628789818
miniFE.c 40 y 1.2102584511540080
miniFE.c 40 y 1.3234185136653638
miniFE.c 40 y -1.5347185744642817
miniFE.c 40 y -0.6385999677294689
miniFE.c 87 normr 2.5625658751466469
miniFE.c 25 Ap 3.2520315140127534
miniFE.c 25 Ap -2.9221712585205757
miniFE.c 25 Ap -9.3542941371831265
miniFE.c 25 Ap -3.6144428615892013
miniFE.c 25 Ap 13.4059179429545878
miniFE.c 25 Ap 34.6552549657711353
miniFE.c 25 Ap 26.9866468593795865
miniFE.c 25 Ap 22.8944580343711834
miniFE.c 25 Ap 0.7312825119781143
miniFE.c 25 Ap -26.4562315758399862
miniFE.c 25 Ap -36.3895724605289672
miniFE.c 25 Ap -33.8939327688142882
miniFE.c 25 Ap -20.6614388646923146
miniFE.c 25 Ap -7.8874513414695890
miniFE.c 25 Ap -25.3792681692545408
miniFE.c 25 Ap -29.8200297620484314
miniFE.c 25 Ap 0.4516954371186242
miniFE.c 25 Ap -5.4378586042079329
miniFE.c 25 Ap -52.1465305255030671
miniFE.c 25 Ap -48.1241855279867892
miniFE.c 25 Ap -27.7940462189805579
miniFE.c 25 Ap -6.3868386016688703
miniFE.c 25 Ap -24.7297029205514995
miniFE.c 25 Ap -32.6171596839726874
miniFE.c 25 Ap 0.6648282367066015
miniFE.c 25 Ap -1.7757144148225485
miniFE.c 25 Ap -8.4100397308345567
miniFE.c 25 Ap 18.9581928541433697
miniFE.c 25 Ap 23.3975564019227988
miniFE.c 25 Ap 38.0688284683805165
miniFE.c 25 Ap 36.0733367321491016
miniFE.c 25 Ap 33.0584884036991795
miniFE.c 25 Ap 0.6816431953351030
miniFE.c 25 Ap -3.7926634466179063
miniFE.c 25 Ap -15.3867710067618457
miniFE.c 25 Ap -13.8517997902026977
miniFE.c 25 Ap 66.7045276442565296
miniFE.c 25 Ap 72.6456272997326806
miniFE.c 25 Ap 51.0787489771014478
miniFE.c 25 Ap 48.6524918529080992
miniFE.c 25 Ap 0.7782419627656840
miniFE.c 25 Ap -3.1717066702747485
miniFE.c 25 Ap -14.3361714944131204
miniFE.c 25 Ap -9.6971304673286447
miniFE.c 25 Ap -4.2640297565989131
miniFE.c 25 Ap 83.6946922401408386
miniFE.c 25 Ap 72.0120476535794296
miniFE.c 25 Ap 69.8241179531426326
miniFE.c 25 Ap 0.2421889143228468
miniFE.c 25 Ap -4.4219162864353345
miniFE.c 25 Ap -12.6711479241714926
miniFE.c 25 Ap -12.1270477904186649
miniFE.c 25 Ap 4.8803027357752171
miniFE.c 25 Ap 14.9544807588207327
miniFE.c 25 Ap -85.8123783470699522
miniFE.c 25 Ap -87.5203503609605775
miniFE.c 25 Ap 0.3105941261208090
miniFE.c 25 Ap -2.5351164768813392
miniFE.c 25 Ap -11.0598967491264908
miniFE.c 25 Ap -9.0843185517950573
miniFE.c 25 Ap -4.4861376285044905
miniFE.c 25 Ap 0.0480728608123906
miniFE.c 25 Ap -4.0566194455510756
miniFE.c 25 Ap -45.4839915000913777
miniFE.c 57 sum 1.1096776336616934
miniFE.c 57 sum 13.3127795576895043
miniFE.c 57 sum 35.8251504027673562
miniFE.c 57 sum 49.6589232435728150
miniFE.c 57 sum 108.5410126782563651
miniFE.c 57 sum 200.9475430777994234
miniFE.c 57 sum 335.2666504203873501
miniFE.c 57 sum 364.3127259245531491
miniFE.c 90 p_ap_dot 364.3127259245531491
miniFE.c 91 alpha 0.0180250191584744
miniFE.c 40 y 1.0019838168365642
miniFE.c 40 y 2.0000375354705606
miniFE.c 40 y 0.9978526296641035
miniFE.c 40 y 2.0024803790197812
miniFE.c 40 y 0.9984144730747706
miniFE.c 40 y 1.9997034709749277
miniFE.c 40 y 1.0025167336616210
miniFE.c 40 y 1.9973212550572363
miniFE.c 40 y -0.1160220498514761
miniFE.c 40 y -0.0061591045273899
miniFE.c 40 y 0.1368549878766322
miniFE.c 40 y -0.1505357201087388
miniFE.c 40 y 0.0803964827265642
miniFE.c 40 y -0.0081894602032975
miniFE.c 40 y -0.1214719025880509
miniFE.c 40 y 0.1759059336532284
miniFE.c 82 oldrtrans 6.5667438644660994
miniFE.c 48 sum 0.0134611160517384
miniFE.c 48 sum 0.0134990506203177
miniFE.c 48 sum 0.0322283383270309
miniFE.c 48 sum 0.0548893413556874
miniFE.c 48 sum 0.0613529357904902
miniFE.c 48 sum 0.0614200030489116
miniFE.c 48 sum 0.0761754261672725
miniFE.c 48 sum 0.1071183236616864
miniFE.c 83 rtrans 0.1071183236616864
miniFE.c 84 beta 0.0163122433084872
miniFE.c 40 y -0.1152314073506971
miniFE.c 40 y -0.0128344824291367
miniFE.c 40 y 0.1255962739287022
miniFE.c 40 y -0.1437096406553205
miniFE.c 40 y 0.1001385130479412
miniFE.c 40 y 0.0133984645905684
miniFE.c 40 y -0.1465066053847668
miniFE.c 40 y 0.1654889356028332
miniFE.c 87 normr 0.3272893576969567
miniFE.c 25 Ap -7.7314178590868901
miniFE.c 25 Ap -7.9250587544606113
miniFE.c 25 Ap -6.7546003257126888
miniFE.c 25 Ap -8.7257921746649849
miniFE.c 25 Ap -7.3175032088814378
miniFE.c 25 Ap -7.1023721020294346
miniFE.c 25 Ap -7.8344292754989793
miniFE.c 25 Ap -6.7739657503530815
miniFE.c 25 Ap -1.7385596199740099
miniFE.c 25 Ap -2.5912388669807673
miniFE.c 25 Ap -0.7836610604871030
miniFE.c 25 Ap -1.6407189147815537
miniFE.c 25 Ap -0.5458434671354531
miniFE.c 25 Ap -0.4165179229157056
miniFE.c 25 Ap -2.0863137721941012
miniFE.c 25 Ap -0.9355199319276881
miniFE.c 25 Ap -1.0738660293909119
miniFE.c 25 Ap -1.2585795154765740
miniFE.c 25 Ap 7.2410340300390725
miniFE.c 25 Ap 5.8596718148730176
miniFE.c 25 Ap 7.5418165819846834
miniFE.c 25 Ap 7.7585459916776953
miniFE.c 25 Ap 6.0075078345152848
miniFE.c 25 Ap 8.0514898112649291
miniFE.c 25 Ap -1.5805704466117632
miniFE.c 25 Ap -1.6571129382743672
miniFE.c 25 Ap -0.4498595739237441
miniFE.c 25 Ap -9.8487158162672230
miniFE.c 25 Ap -9.4813965348939124
miniFE.c 25 Ap -9.3328626302739757
miniFE.c 25 Ap -9.5233553533132280
miniFE.c 25 Ap -8.7420774546420557
miniFE.c 25 Ap -1.6205465264498669
miniFE.c 25 Ap -1.7608737518819000
miniFE.c 25 Ap 0.3489150649017465
miniFE.c 25 Ap -0.1782279925017223
miniFE.c 25 Ap 6.4871176104956874
miniFE.c 25 Ap 6.5472660915249197
miniFE.c 25 Ap 4.4884585782986219
miniFE.c 25 Ap 5.1172069799140187
miniFE.c 25 Ap -1.8502015689857327
miniFE.c 25 Ap -1.9740834073640861
miniFE.c 25 Ap 0.0575229848616827
miniFE.c 25 Ap -1.5356262833827277
miniFE.c 25 Ap -1.0860837696383185
miniFE.c 25 Ap -0.1955779999699301
miniFE.c 25 Ap -1.3108212952374623
miniFE.c 25 Ap -0.7438338608558493
miniFE.c 25 Ap -0.5757827651424103
miniFE.c 25 Ap -0.7220626235250770
miniFE.c 25 Ap 0.7790565066943361
miniFE.c 25 Ap 0.5922004894961468
miniFE.c 25 Ap 1.9994129662644287
miniFE.c 25 Ap 2.1014052809608725
miniFE.c 25 Ap -7.5179547167132252
miniFE.c 25 Ap -7.0753451255741187
miniFE.c 25 Ap -0.7384101178819301
miniFE.c 25 Ap -0.8276598509148685
miniFE.c 25 Ap 0.7236010797451002
miniFE.c 25 Ap 0.0451438423413940
miniFE.c 25 Ap 0.4256039002279330
miniFE.c 25 Ap 0.4715088487079401
miniFE.c 25 Ap 0.0796685817298743
miniFE.c 25 Ap 10.8152966001652793
miniFE.c 57 sum 0.7805736067586064
miniFE.c 57 sum 0.7925805208870395
miniFE.c 57 sum 1.8038176407568245
miniFE.c 57 sum 3.0601384503444127
miniFE.c 57 sum 3.5725679482715487
miniFE.c 57 sum 3.5626017166256059
miniFE.c 57 sum 4.5991865128991272
miniFE.c 57 sum 6.3889984354894196
miniFE.c 90 p_ap_dot 6.3889984354894196
miniFE.c 91 alpha 0.0167660588343032
miniFE.c 40 y 1.0000518402813630
miniFE.c 40 y 1.9998223517830458
miniFE.c 40 y 0.9999583841821613
miniFE.c 40 y 2.0000709347294974
miniFE.c 40 y 1.0000934012761120
miniFE.c 40 y 1.9999281104205426
miniFE.c 40 y 1.0000603952961260
miniFE.c 40 y 2.0000958522879797
miniFE.c 40 y -0.0024493415395018
miniFE.c 40 y 0.0095258776919730
miniFE.c 40 y 0.0018632359971720
miniFE.c 40 y -0.0039655351701749
miniFE.c 40 y -0.0053989105659810
miniFE.c 40 y 0.0042817020707586
miniFE.c 40 y -0.0028462499396751
miniFE.c 40 y -0.0054239654555816
miniFE.c 82 oldrtrans 0.1071183236616864
miniFE.c 48 sum 0.0000059992739771
miniFE.c 48 sum 0.0000967416197796
miniFE.c 48 sum 0.0001002132681607
miniFE.c 48 sum 0.0001159387373466
miniFE.c 48 sum 0.0001450869726461
miniFE.c 48 sum 0.0001634199452688
miniFE.c 48 sum 0.0001715210839879
miniFE.c 48 sum 0.0002009404852513
miniFE.c 83 rtrans 0.0002009404852513
miniFE.c 84 beta 0.0018758740650749
miniFE.c 40 y -0.0026655011480331
miniFE.c 40 y 0.0095018018192455
miniFE.c 40 y 0.0020988387901049
miniFE.c 40 y -0.0042351163579815
miniFE.c 40 y -0.0052110633264392
miniFE.c 40 y 0.0043068359029958
miniFE.c 40 y -0.0031210778810786
miniFE.c 40 y -0.0051135290532274
miniFE.c 87 normr 0.0141753478000102
miniFE.c 25 Ap -0.1788410265319464
miniFE.c 25 Ap -0.0354821164939882
miniFE.c 25 Ap -0.0159225907563387
miniFE.c 25 Ap -0.0740135219294279
miniFE.c 25 Ap -0.1472988420251067
miniFE.c 25 Ap -0.0781465620322443
miniFE.c 25 Ap -0.0937418141766794
miniFE.c 25 Ap -0.1265096305020911
miniFE.c 25 Ap -0.0402158818460064
miniFE.c 25 Ap 0.5910514298804639
miniFE.c 25 Ap 0.6212578547824894
miniFE.c 25 Ap 0.5960004000848979
miniFE.c 25 Ap 0.5390246659883086
miniFE.c 25 Ap 0.5805953917423746
miniFE.c 25 Ap 0.5450231874897911
miniFE.c 25 Ap 0.5094642075794947
miniFE.c 25 Ap -0.0248403729502648
miniFE.c 25 Ap 0.1119092737782626
miniFE.c 25 Ap 0.2539462789553104
miniFE.c 25 Ap 0.2132375993770299
miniFE.c 25 Ap 0.1257012196281048
miniFE.c 25 Ap 0.1953672620758356
miniFE.c 25 Ap 0.1580643265058576
miniFE.c 25 Ap 0.0949062598695065
miniFE.c 25 Ap -0.0365613198419842
miniFE.c 25 Ap 0.0201056778764615
miniFE.c 25 Ap 0.0402800836237377
miniFE.c 25 Ap -0.2367037682372224
miniFE.c 25 Ap -0.2558185321576941
miniFE.c 25 Ap -0.2080734230890315
miniFE.c 25 Ap -0.2121315515455799
miniFE.c 25 Ap -0.2362726653846801
miniFE.c 25 Ap -0.0374860355002598
miniFE.c 25 Ap 0.0664029598886614
miniFE.c 25 Ap 0.1016596316758252
miniFE.c 25 Ap 0.0861247505417171
miniFE.c 25 Ap -0.2607301904058700
miniFE.c 25 Ap -0.2413959125222897
miniFE.c 25 Ap -0.2852553588186071
miniFE.c 25 Ap -0.3046833840646381
miniFE.c 25 Ap -0.0427983526332783
miniFE.c 25 Ap 0.0489155660053636
miniFE.c 25 Ap 0.0828657316340750
miniFE.c 25 Ap 0.0359156975522918
miniFE.c 25 Ap 0.0125221555897975
miniFE.c 25 Ap 0.2987685530563037
miniFE.c 25 Ap 0.2750101622879202
miniFE.c 25 Ap 0.2574905214251408
miniFE.c 25 Ap -0.0133188481924366
miniFE.c 25 Ap 0.0949770828802508
miniFE.c 25 Ap 0.1200622781692568
miniFE.c 25 Ap 0.1145556401217695
miniFE.c 25 Ap 0.0413263389568498
miniFE.c 25 Ap 0.0741110031842350
miniFE.c 25 Ap -0.1308133525471969
miniFE.c 25 Ap -0.1444897774712097
miniFE.c 25 Ap -0.0170806992831683
miniFE.c 25 Ap 0.0489938993912870
miniFE.c 25 Ap 0.0749170140904665
miniFE.c 25 Ap 0.0549229111811779
miniFE.c 25 Ap 0.0351243202646309
miniFE.c 25 Ap 0.0498801214911416
miniFE.c 25 Ap 0.0415326207967578
miniFE.c 25 Ap -0.2901931563794417
miniFE.c 57 sum 0.0003372115653406
miniFE.c 57 sum 0.0051780394997599
miniFE.c 57 sum 0.0053772324393978
miniFE.c 57 sum 0.0063778746695123
miniFE.c 57 sum 0.0079655990783870
miniFE.c 57 sum 0.0090745685007419
miniFE.c 57 sum 0.0095255323492492
miniFE.c 57 sum 0.0110094434854433
miniFE.c 90 p_ap_dot 0.0110094434854433
miniFE.c 91 alpha 0.0182516478255179
miniFE.c 40 y 1.0000031904931306
miniFE.c 40 y 1.9999957753235584
miniFE.c 40 y 0.9999966914486008
miniFE.c 40 y 1.9999936368772313
miniFE.c 40 y 0.9999982907834813
miniFE.c 40 y 2.0000067172726865
miniFE.c 40 y 1.0000034304818046
miniFE.c 40 y 2.0000025219565547
miniFE.c 40 y -0.0001403323170413
miniFE.c 40 y 0.0002273163955255
miniFE.c 40 y 0.0001310403655967
miniFE.c 40 y 0.0003468303092227
miniFE.c 40 y 0.0001620632582538
miniFE.c 40 y -0.0004179242447021
miniFE.c 40 y -0.0002090734068831
miniFE.c 40 y -0.0001274621639686
