filename line variable value
miniFE.c 167 A 67.0947100000000063
miniFE.c 167 A 15.0875500000000002
miniFE.c 167 A 9.3192129999999995
miniFE.c 167 A 13.7164900000000003
miniFE.c 167 A 14.0634099999999993
miniFE.c 167 A 16.0564000000000000
miniFE.c 167 A 4.9967519999999999
miniFE.c 167 A 6.4080630000000003
miniFE.c 167 A 15.0875500000000002
miniFE.c 167 A 66.4365899999999954
miniFE.c 167 A 14.3919700000000006
miniFE.c 167 A 5.9638159999999996
miniFE.c 167 A 10.9336099999999998
miniFE.c 167 A 9.6522659999999991
miniFE.c 167 A 11.3974100000000007
miniFE.c 167 A 6.9539020000000002
miniFE.c 167 A 9.3192129999999995
miniFE.c 167 A 14.3919700000000006
miniFE.c 167 A 67.6740900000000067
miniFE.c 167 A 9.6121750000000006
miniFE.c 167 A 16.7981799999999986
miniFE.c 167 A 16.1756899999999995
miniFE.c 167 A 11.9519400000000005
miniFE.c 167 A 12.3511699999999998
miniFE.c 167 A 13.7164900000000003
miniFE.c 167 A 5.9638159999999996
miniFE.c 167 A 9.6121750000000006
miniFE.c 167 A 65.4017099999999942
miniFE.c 167 A 3.6681119999999998
miniFE.c 167 A 11.0858899999999991
miniFE.c 167 A 1.3002330000000000
miniFE.c 167 A 4.7210279999999996
miniFE.c 167 A 14.0634099999999993
miniFE.c 167 A 10.9336099999999998
miniFE.c 167 A 16.7981799999999986
miniFE.c 167 A 3.6681119999999998
miniFE.c 167 A 66.5612600000000043
miniFE.c 167 A 4.4892070000000004
miniFE.c 167 A 14.0526599999999995
miniFE.c 167 A 3.7993380000000001
miniFE.c 167 A 16.0564000000000000
miniFE.c 167 A 9.6522659999999991
miniFE.c 167 A 16.1756899999999995
miniFE.c 167 A 11.0858899999999991
miniFE.c 167 A 4.4892070000000004
miniFE.c 167 A 66.4632699999999943
miniFE.c 167 A 7.6122389999999998
miniFE.c 167 A 3.4261349999999999
miniFE.c 167 A 4.9967519999999999
miniFE.c 167 A 11.3974100000000007
miniFE.c 167 A 11.9519400000000005
miniFE.c 167 A 1.3002330000000000
miniFE.c 167 A 14.0526599999999995
miniFE.c 167 A 7.6122389999999998
miniFE.c 167 A 65.6581999999999937
miniFE.c 167 A 2.6745570000000001
miniFE.c 167 A 6.4080630000000003
miniFE.c 167 A -6.9539020000000002
miniFE.c 167 A 12.3511699999999998
miniFE.c 167 A 4.7210279999999996
miniFE.c 167 A 3.7993380000000001
miniFE.c 167 A 3.4261349999999999
miniFE.c 167 A 2.6745570000000001
miniFE.c 167 A 64.8721800000000002
miniFE.c 175 b 198.0110999999999990
miniFE.c 175 b 229.8237000000000023
miniFE.c 175 b 210.8053999999999917
miniFE.c 175 b 202.6418999999999926
miniFE.c 175 b 157.2561000000000035
miniFE.c 175 b 225.5886000000000138
miniFE.c 175 b 142.6283999999999992
miniFE.c 175 b 185.1795999999999935
miniFE.c 33 r 0.0000000000000000
miniFE.c 33 r 0.0000000000000000
miniFE.c 33 r 0.0000000000000000
miniFE.c 33 r 0.0000000000000000
miniFE.c 33 r 0.0000000000000000
miniFE.c 33 r 0.0000000000000000
miniFE.c 33 r 0.0000000000000000
miniFE.c 33 r 0.0000000000000000
miniFE.c 25 Ap 0.0000000000000000
miniFE.c 25 Ap 0.0000000000000000
miniFE.c 25 Ap 0.0000000000000000
miniFE.c 25 Ap 0.0000000000000000
miniFE.c 25 Ap 0.0000000000000000
miniFE.c 25 Ap 0.0000000000000000
miniFE.c 25 Ap 0.0000000000000000
miniFE.c 25 Ap 0.0000000000000000
miniFE.c 25 Ap 0.0000000000000000
miniFE.c 25 Ap 0.0000000000000000
miniFE.c 25 Ap 0.0000000000000000
miniFE.c 25 Ap 0.0000000000000000
miniFE.c 25 Ap 0.0000000000000000
miniFE.c 25 Ap 0.0000000000000000
miniFE.c 25 Ap 0.0000000000000000
miniFE.c 25 Ap 0.0000000000000000
miniFE.c 25 Ap 0.0000000000000000
miniFE.c 25 Ap 0.0000000000000000
miniFE.c 25 Ap 0.0000000000000000
miniFE.c 25 Ap 0.0000000000000000
miniFE.c 25 Ap 0.0000000000000000
miniFE.c 25 Ap 0.0000000000000000
miniFE.c 25 Ap 0.0000000000000000
miniFE.c 25 Ap 0.0000000000000000
miniFE.c 25 Ap 0.0000000000000000
miniFE.c 25 Ap 0.0000000000000000
miniFE.c 25 Ap 0.0000000000000000
miniFE.c 25 Ap 0.0000000000000000
miniFE.c 25 Ap 0.0000000000000000
miniFE.c 25 Ap 0.0000000000000000
miniFE.c 25 Ap 0.0000000000000000
miniFE.c 25 Ap 0.0000000000000000
miniFE.c 25 Ap 0.0000000000000000
miniFE.c 25 Ap 0.0000000000000000
miniFE.c 25 Ap 0.0000000000000000
miniFE.c 25 Ap 0.0000000000000000
miniFE.c 25 Ap 0.0000000000000000
miniFE.c 25 Ap 0.0000000000000000
miniFE.c 25 Ap 0.0000000000000000
miniFE.c 25 Ap 0.0000000000000000
miniFE.c 25 Ap 0.0000000000000000
miniFE.c 25 Ap 0.0000000000000000
miniFE.c 25 Ap 0.0000000000000000
miniFE.c 25 Ap 0.0000000000000000
miniFE.c 25 Ap 0.0000000000000000
miniFE.c 25 Ap 0.0000000000000000
miniFE.c 25 Ap 0.0000000000000000
miniFE.c 25 Ap 0.0000000000000000
miniFE.c 25 Ap 0.0000000000000000
miniFE.c 25 Ap 0.0000000000000000
miniFE.c 25 Ap 0.0000000000000000
miniFE.c 25 Ap 0.0000000000000000
miniFE.c 25 Ap 0.0000000000000000
miniFE.c 25 Ap 0.0000000000000000
miniFE.c 25 Ap 0.0000000000000000
miniFE.c 25 Ap 0.0000000000000000
miniFE.c 25 Ap 0.0000000000000000
miniFE.c 25 Ap 0.0000000000000000
miniFE.c 25 Ap 0.0000000000000000
miniFE.c 25 Ap 0.0000000000000000
miniFE.c 25 Ap 0.0000000000000000
miniFE.c 25 Ap 0.0000000000000000
miniFE.c 25 Ap 0.0000000000000000
miniFE.c 25 Ap 0.0000000000000000
miniFE.c 33 r 198.0110999999999990
miniFE.c 33 r 229.8237000000000023
miniFE.c 33 r 210.8053999999999917
miniFE.c 33 r 202.6418999999999926
miniFE.c 33 r 157.2561000000000035
miniFE.c 33 r 225.5886000000000138
miniFE.c 33 r 142.6283999999999992
miniFE.c 33 r 185.1795999999999935
miniFE.c 48 sum 39208.3957232100001420
miniFE.c 48 sum 92027.3288048999966122
miniFE.c 48 sum 136466.2454740600078367
miniFE.c 48 sum 177529.9851096700003836
miniFE.c 48 sum 202259.4660968800017145
miniFE.c 48 sum 253149.6825468399911188
miniFE.c 48 sum 273492.5430333999684080
miniFE.c 48 sum 307784.0272895599482581
miniFE.c 75 rtrans 307784.0272895599482581
miniFE.c 76 normr 554.7828649927464539
miniFE.c 33 r 198.0110999999999990
miniFE.c 33 r 229.8237000000000023
miniFE.c 33 r 210.8053999999999917
miniFE.c 33 r 202.6418999999999926
miniFE.c 33 r 157.2561000000000035
miniFE.c 33 r 225.5886000000000138
miniFE.c 33 r 142.6283999999999992
miniFE.c 33 r 185.1795999999999935
miniFE.c 87 normr 554.7828649927464539
miniFE.c 25 Ap 13285.4973312810016068
miniFE.c 25 Ap 16752.9738962160008668
miniFE.c 25 Ap 18717.5143203662009910
miniFE.c 25 Ap 21497.0499152972006414
miniFE.c 25 Ap 23708.6069245981998392
miniFE.c 25 Ap 27330.7477216381994367
miniFE.c 25 Ap 28043.4264645949988335
miniFE.c 25 Ap 29230.0690077097970061
miniFE.c 25 Ap 2987.5023718050001662
miniFE.c 25 Ap 18256.2053009880000900
miniFE.c 25 Ap 21290.1102936259994749
miniFE.c 25 Ap 22498.6292991164009436
miniFE.c 25 Ap 24218.0061666374022025
miniFE.c 25 Ap 26395.4473404050004319
miniFE.c 25 Ap 28021.0416928490012651
miniFE.c 25 Ap 29308.7624836482027604
miniFE.c 25 Ap 1845.3076172643000064
miniFE.c 25 Ap 5152.9234129532997031
miniFE.c 25 Ap 19418.9870250392996240
miniFE.c 25 Ap 21366.8164301717988565
miniFE.c 25 Ap 24008.4327040697971825
miniFE.c 25 Ap 27657.4839652037990163
miniFE.c 25 Ap 29362.1700442997971550
miniFE.c 25 Ap 31649.3547644317950471
miniFE.c 25 Ap 2716.0172730389999742
miniFE.c 25 Ap 4086.6435322781999275
miniFE.c 25 Ap 6112.9419280231995799
miniFE.c 25 Ap 19366.0687056721981207
miniFE.c 25 Ap 19942.9016931553996983
miniFE.c 25 Ap 22443.7520980093977414
miniFE.c 25 Ap 22629.2022504265987664
miniFE.c 25 Ap 23503.4403270553993934
miniFE.c 25 Ap 2784.7112838509997346
miniFE.c 25 Ap 5297.5139884079999320
miniFE.c 25 Ap 8838.6610425799990480
miniFE.c 25 Ap 9581.9742276727993158
miniFE.c 25 Ap 20049.1383863587980159
miniFE.c 25 Ap 21061.8523085989982064
miniFE.c 25 Ap 23066.1607201429978886
miniFE.c 25 Ap 23769.7206112477979332
miniFE.c 25 Ap 3179.3454260399998930
miniFE.c 25 Ap 5397.6649115441996400
miniFE.c 25 Ap 8807.5877122702004272
miniFE.c 25 Ap 11054.0535250612010714
miniFE.c 25 Ap 11760.0087099739012046
miniFE.c 25 Ap 26753.3647406958989450
miniFE.c 25 Ap 27839.0862096834971453
miniFE.c 25 Ap 28473.5365185294976982
miniFE.c 25 Ap 989.4123599472000024
miniFE.c 25 Ap 3608.8072965641999872
miniFE.c 25 Ap 6128.3407890401995246
miniFE.c 25 Ap 6391.8224746028990921
miniFE.c 25 Ap 8601.6889808288997301
miniFE.c 25 Ap 10318.9233197042995016
miniFE.c 25 Ap 19683.6473325842962367
miniFE.c 25 Ap 20178.9207280214977800
miniFE.c 25 Ap 1268.8676034993000030
miniFE.c 25 Ap -329.3038835781001126
miniFE.c 25 Ap 2274.3894487398993078
miniFE.c 25 Ap 3231.0675326130990470
miniFE.c 25 Ap 3828.5366090748989336
miniFE.c 25 Ap 4601.4336071358993649
miniFE.c 25 Ap 4982.9013927546993727
miniFE.c 25 Ap 16995.9057362827006727
miniFE.c 57 sum 5787878.1172925252467394
miniFE.c 57 sum 12523726.3537057451903820
miniFE.c 57 sum 19195581.2445636950433254
miniFE.c 57 sum 23958363.0489748232066631
miniFE.c 57 sum 27696296.6103892698884010
miniFE.c 57 sum 34119601.8506532162427902
miniFE.c 57 sum 36997689.0278177559375763
miniFE.c 57 sum 40144984.0537002906203270
miniFE.c 90 p_ap_dot 40144984.0537002906203270
miniFE.c 91 alpha 0.0076668115468137
miniFE.c 40 y 1.5181137878772759
miniFE.c 40 y 1.7620149968914405
miniFE.c 40 y 1.6162052748506739
miniFE.c 40 y 1.5536172587882606
miniFE.c 40 y 1.2056528832868849
miniFE.c 40 y 1.7295452833095299
miniFE.c 40 y 1.0935050640235586
miniFE.c 40 y 1.4197370955143362
miniFE.c 40 y -26.0903305824698180
miniFE.c 40 y 5.1189413675467108
miniFE.c 40 y -31.8442385571478610
miniFE.c 40 y 22.4454523106856527
miniFE.c 40 y -24.9818684468494610
miniFE.c 40 y 7.2873614411174117
miniFE.c 40 y -12.0795824398328762
miniFE.c 40 y 54.8751936525111148
miniFE.c 82 oldrtrans 307784.0272895599482581
miniFE.c 48 sum 680.7053499025598740
miniFE.c 48 sum 706.9089106269408376
miniFE.c 48 sum 1720.9644399114831685
miniFE.c 48 sum 2224.7627693427471058
miniFE.c 48 sum 2848.8565204384399294
miniFE.c 48 sum 2901.9621572119249322
miniFE.c 48 sum 3047.8784691326436587
miniFE.c 48 sum 6059.1653475332395828
miniFE.c 83 rtrans 6059.1653475332395828
miniFE.c 84 beta 0.0196864190805874
miniFE.c 40 y -22.1922010852617078
miniFE.c 40 y 9.6433470403979165
miniFE.c 40 y -27.6942351082969935
miniFE.c 40 y 26.4347456773721454
miniFE.c 40 y -21.8860589592706951
miniFE.c 40 y 11.7283931605204206
miniFE.c 40 y -9.2717399846392183
miniFE.c 40 y 58.5207168632866654
miniFE.c 87 normr 77.8406407189280571
miniFE.c 25 Ap -1488.9792960773197592
miniFE.c 25 Ap -1343.4848154379642438
miniFE.c 25 Ap -1601.5732912842620408
miniFE.c 25 Ap -1238.9813665480437521
miniFE.c 25 Ap -1546.7739869764409377
miniFE.c 25 Ap -1358.4582150338608244
miniFE.c 25 Ap -1404.7868003455866983
miniFE.c 25 Ap -1029.7823598804834546
miniFE.c 25 Ap -334.8259434839403070
miniFE.c 25 Ap 305.8451500666894276
miniFE.c 25 Ap -92.7294507848676517
miniFE.c 25 Ap 64.9225084417751646
miniFE.c 25 Ap -174.3711246558964945
miniFE.c 25 Ap -61.1655541179727038
miniFE.c 25 Ap -166.8393761362995633
miniFE.c 25 Ap 240.1079539007433254
miniFE.c 25 Ap -206.8138488523850071
miniFE.c 25 Ap -68.0270875473894137
miniFE.c 25 Ap -1942.2092467474399200
miniFE.c 25 Ap -1688.1138452160453198
miniFE.c 25 Ap -2055.7598031044872187
miniFE.c 25 Ap -1866.0449511417887152
miniFE.c 25 Ap -1976.8602311337976971
miniFE.c 25 Ap -1254.0609086334773110
miniFE.c 25 Ap -304.3991042639813713
miniFE.c 25 Ap -246.8879568909036379
miniFE.c 25 Ap -513.0897912429983307
miniFE.c 25 Ap 1215.7877794722480758
miniFE.c 25 Ap 1135.5072639710397198
miniFE.c 25 Ap 1265.5269404253215271
miniFE.c 25 Ap 1253.4715181298740845
miniFE.c 25 Ap 1529.7494610215226203
miniFE.c 25 Ap -312.0980226644803111
miniFE.c 25 Ap -206.6614270301152487
miniFE.c 25 Ap -671.8741733416076158
miniFE.c 25 Ap -574.9085655054907420
miniFE.c 25 Ap -2031.6722262688369938
miniFE.c 25 Ap -1979.0210415938765891
miniFE.c 25 Ap -2109.3136512064165800
miniFE.c 25 Ap -1886.9736678404906343
miniFE.c 25 Ap -356.3268575053961058
miniFE.c 25 Ap -263.2467067411627113
miniFE.c 25 Ap -711.2200686400913128
miniFE.c 25 Ap -418.1673858827682579
miniFE.c 25 Ap -516.4184349651389994
miniFE.c 25 Ap 263.0889263286829873
miniFE.c 25 Ap 192.5102256197529300
miniFE.c 25 Ap 393.0101018901495991
miniFE.c 25 Ap -110.8889251571836070
miniFE.c 25 Ap -0.9797451654819866
miniFE.c 25 Ap -331.9795815257411391
miniFE.c 25 Ap -297.6082528494144981
miniFE.c 25 Ap -605.1655981439994321
miniFE.c 25 Ap -515.8862663201525720
miniFE.c 25 Ap -1124.6520245795913979
miniFE.c 25 Ap -968.1350316478699369
miniFE.c 25 Ap -142.2090226630253937
miniFE.c 25 Ap -209.2679129339425685
miniFE.c 25 Ap -551.3241187764871256
miniFE.c 25 Ap -426.5249442607342871
miniFE.c 25 Ap -509.6774797349319215
miniFE.c 25 Ap -469.4944214339122937
miniFE.c 25 Ap -494.2922185120090148
miniFE.c 25 Ap 3302.0742595721585531
miniFE.c 57 sum 22853.1372045230273216
miniFE.c 57 sum 25168.5815311477599607
miniFE.c 57 sum 59898.8391749678412452
miniFE.c 57 sum 100337.3771271689038258
miniFE.c 57 sum 141635.7940761171630584
miniFE.c 57 sum 146245.1710671410255600
miniFE.c 57 sum 155221.4673506005492527
miniFE.c 57 sum 348461.2201565697905608
miniFE.c 90 p_ap_dot 348461.2201565697905608
miniFE.c 91 alpha 0.0173883491104426
miniFE.c 40 y 1.1322280478776019
miniFE.c 40 y 1.9296968818230331
miniFE.c 40 y 1.1346482464409291
miniFE.c 40 y 2.0132738452721712
miniFE.c 40 y 0.8250904494513556
miniFE.c 40 y 1.9334826780891865
miniFE.c 40 y 0.9322848123094021
miniFE.c 40 y 2.4373157505265315
miniFE.c 40 y -8.1841154010925123
miniFE.c 40 y 0.9438604409265237
miniFE.c 40 y -10.0381896720700752
miniFE.c 40 y -4.1543653690680138
miniFE.c 40 y 7.8294884517733792
miniFE.c 40 y 0.4535645855208665
miniFE.c 40 y 4.7546874765096980
miniFE.c 40 y -2.5424263615358953
miniFE.c 82 oldrtrans 6059.1653475332395828
miniFE.c 48 sum 66.9797448983996588
miniFE.c 48 sum 67.8706174303456748
miniFE.c 48 sum 168.6358693228000050
miniFE.c 48 sum 185.8946209425116081
miniFE.c 48 sum 247.1955103589643272
miniFE.c 48 sum 247.4012311922030563
miniFE.c 48 sum 270.0082841914812093
miniFE.c 48 sum 276.4722159953138316
miniFE.c 83 rtrans 276.4722159953138316
miniFE.c 84 beta 0.0456287624017174
miniFE.c 40 y -9.1967180715830548
miniFE.c 40 y 1.3838744317901452
miniFE.c 40 y -11.3018433457238601
miniFE.c 40 y -2.9481806394053729
miniFE.c 40 y 6.8308546676108373
miniFE.c 40 y 0.9887166503961806
miniFE.c 40 y 4.3316294557000923
miniFE.c 40 y 0.1278015237971908
miniFE.c 87 normr 16.6274536834511686
miniFE.c 25 Ap -617.0511319646243464
miniFE.c 25 Ap -596.1718572812688990
miniFE.c 25 Ap -701.4961427127021807
miniFE.c 25 Ap -741.9348329712995564
miniFE.c 25 Ap -645.8697231302746786
miniFE.c 25 Ap -629.9944931048534045
miniFE.c 25 Ap -608.3504149588250129
miniFE.c 25 Ap -607.5314547428365586
miniFE.c 25 Ap -138.7559437409129259
miniFE.c 25 Ap -46.8160455045880894
miniFE.c 25 Ap -209.4718358809455196
miniFE.c 25 Ap -227.0542427491214994
miniFE.c 25 Ap -152.3683418467849719
miniFE.c 25 Ap -142.8249857385320354
miniFE.c 25 Ap -93.4556288638412411
miniFE.c 25 Ap -92.5669095919049028
miniFE.c 25 Ap -85.7061746100317237
miniFE.c 25 Ap -65.7894953039409103
miniFE.c 25 Ap -830.6314590483586926
miniFE.c 25 Ap -858.9698872859349876
miniFE.c 25 Ap -744.2239610255679736
miniFE.c 25 Ap -728.2307869909209330
miniFE.c 25 Ap -676.4594116341608014
miniFE.c 25 Ap -674.8809132874825991
miniFE.c 25 Ap -126.1466914616882633
miniFE.c 25 Ap -117.8935189833872812
miniFE.c 25 Ap -226.5288150450705302
miniFE.c 25 Ap -419.3448702510752923
miniFE.c 25 Ap -394.2885302745559670
miniFE.c 25 Ap -383.3277262470954270
miniFE.c 25 Ap -377.6955986850221052
miniFE.c 25 Ap -377.0922441127328852
miniFE.c 25 Ap -129.3372168950818377
miniFE.c 25 Ap -114.2064735689167918
miniFE.c 25 Ap -304.0568724221884054
miniFE.c 25 Ap -314.8711292037589260
miniFE.c 25 Ap 139.7991643492996445
miniFE.c 25 Ap 144.2377180572747193
miniFE.c 25 Ap 205.1086340442131757
miniFE.c 25 Ap 205.5941952300337334
miniFE.c 25 Ap -147.6661840445661653
miniFE.c 25 Ap -134.3086599183288286
miniFE.c 25 Ap -317.1237743073207866
miniFE.c 25 Ap -349.8069805758984216
miniFE.c 25 Ap -319.1418599860771792
miniFE.c 25 Ap -253.4285182973002293
miniFE.c 25 Ap -220.4551196210712192
miniFE.c 25 Ap -220.0172543473363191
miniFE.c 25 Ap -45.9537194176187711
miniFE.c 25 Ap -30.1811351299894497
miniFE.c 25 Ap -165.2600886874803052
miniFE.c 25 Ap -169.0934104447962625
miniFE.c 25 Ap -73.1017322914481582
miniFE.c 25 Ap -65.5753848453529855
miniFE.c 25 Ap 218.8316082828948197
miniFE.c 25 Ap 219.1734207429772709
miniFE.c 25 Ap -58.9331487959427278
miniFE.c 25 Ap -68.5564759749170776
miniFE.c 25 Ap -208.1474644513212411
miniFE.c 25 Ap -222.0659077990119101
miniFE.c 25 Ap -196.1131820878806877
miniFE.c 25 Ap -192.7257053668755589
miniFE.c 25 Ap -181.1405154847266772
miniFE.c 25 Ap -172.8497520286810243
miniFE.c 57 sum 5587.2955088885873920
miniFE.c 57 sum 5459.1945294745200954
miniFE.c 57 sum 13086.5928884686964011
miniFE.c 57 sum 14198.3289418317799573
miniFE.c 57 sum 15602.7130099525493279
miniFE.c 57 sum 15385.1782872048861464
miniFE.c 57 sum 16334.5563324017166451
miniFE.c 57 sum 16312.4658707044854964
miniFE.c 90 p_ap_dot 16312.4658707044854964
miniFE.c 91 alpha 0.0169485237968730
miniFE.c 40 y 0.9763572527882445
miniFE.c 40 y 1.9531515105621124
miniFE.c 40 y 0.9430986855473973
miniFE.c 40 y 1.9633065355477290
miniFE.c 40 y 0.9408633523383390
miniFE.c 40 y 1.9502399657667908
miniFE.c 40 y 1.0056995372185711
miniFE.c 40 y 2.4394817976938850
miniFE.c 40 y 2.1126459169653327
miniFE.c 40 y 2.5127329109479168
miniFE.c 40 y 1.4000455468382160
miniFE.c 40 y 2.2367915038928867
miniFE.c 40 y 4.3449703414181968
miniFE.c 40 y 4.1825322565493579
miniFE.c 40 y 1.0400215394052865
miniFE.c 40 y 0.3871217740058044
miniFE.c 82 oldrtrans 276.4722159953138316
miniFE.c 48 sum 4.4632727704702910
miniFE.c 48 sum 10.7770994522310826
miniFE.c 48 sum 12.7372269854526010
miniFE.c 48 sum 17.7404632173400039
miniFE.c 48 sum 36.6192304851437669
miniFE.c 48 sum 54.1128065622196317
miniFE.c 48 sum 55.1944513646465751
miniFE.c 48 sum 55.3443146325559781
miniFE.c 83 rtrans 55.3443146325559781
miniFE.c 84 beta 0.2001803849739970
miniFE.c 40 y 0.2716433528985214
miniFE.c 40 y 2.7897574274593393
miniFE.c 40 y -0.8623618050245927
miniFE.c 40 y 1.6466235685238346
miniFE.c 40 y 5.7123734584819585
miniFE.c 40 y 4.3804539362558659
miniFE.c 40 y 1.9071287914120361
miniFE.c 40 y 0.4127051322397895
miniFE.c 87 normr 7.4393759571993661
miniFE.c 25 Ap 18.2258319861539526
miniFE.c 25 Ap 60.3164366608181126
miniFE.c 25 Ap 52.2799033167294596
miniFE.c 25 Ap 74.8657990281509456
miniFE.c 25 Ap 155.2012490479007170
miniFE.c 25 Ap 225.5355696299994008
miniFE.c 25 Ap 235.0650192327450725
miniFE.c 25 Ap 237.7096597205609783
miniFE.c 25 Ap 4.0984326690240866
miniFE.c 25 Ap 189.4404030765949187
miniFE.c 25 Ap 177.0293178495351185
miniFE.c 25 Ap 186.8494778334746513
miniFE.c 25 Ap 249.3063414028675879
miniFE.c 25 Ap 291.5876479963562247
miniFE.c 25 Ap 313.3239767548836880
miniFE.c 25 Ap 316.1938877993762276
miniFE.c 25 Ap 2.5315022656954880
miniFE.c 25 Ap 42.6816074689674778
miniFE.c 25 Ap -15.6779429368292682
miniFE.c 25 Ap 0.1496909629463232
miniFE.c 25 Ap 96.1071685457487774
miniFE.c 25 Ap 166.9640334779034276
miniFE.c 25 Ap 189.7579223651326004
miniFE.c 25 Ap 194.8553136132987333
miniFE.c 25 Ap 3.7259933335990394
miniFE.c 25 Ap 20.3635933155998856
miniFE.c 25 Ap 12.0744207323876207
miniFE.c 25 Ap 119.7664178401485771
miniFE.c 25 Ap 140.7200434716877453
miniFE.c 25 Ap 189.2812739590872866
miniFE.c 25 Ap 191.7609857489313185
miniFE.c 25 Ap 193.7093782339790664
miniFE.c 25 Ap 3.8202318455865942
miniFE.c 25 Ap 34.3223515520302982
miniFE.c 25 Ap 19.8362427261022845
miniFE.c 25 Ap 25.8762423972873847
miniFE.c 25 Ap 406.0990173844042488
miniFE.c 25 Ap 425.7637818582216482
miniFE.c 25 Ap 452.5640143401458886
miniFE.c 25 Ap 454.1320206318595183
miniFE.c 25 Ap 4.3616143314798181
miniFE.c 25 Ap 31.2890950967930621
miniFE.c 25 Ap 17.3397978708748113
miniFE.c 25 Ap 35.5940856229374987
miniFE.c 25 Ap 61.2381125393689203
miniFE.c 25 Ap 352.3774052273053030
miniFE.c 25 Ap 366.8949253913148709
miniFE.c 25 Ap 368.3089088895612235
miniFE.c 25 Ap 1.3573344668823923
miniFE.c 25 Ap 33.1533436681817477
miniFE.c 25 Ap 22.8464471162361171
miniFE.c 25 Ap 24.9874414186085687
miniFE.c 25 Ap 105.2614834236796497
miniFE.c 25 Ap 138.6065457149500730
miniFE.c 25 Ap 263.8251893272397979
miniFE.c 25 Ap 264.9289927276076355
miniFE.c 25 Ap 1.7407077189049576
miniFE.c 25 Ap -17.6589920354193985
miniFE.c 25 Ap -28.3101692907849980
miniFE.c 25 Ap -20.5364133183240583
miniFE.c 25 Ap 1.1668242326778682
miniFE.c 25 Ap 16.1748507795718588
miniFE.c 25 Ap 21.2755754385444611
miniFE.c 25 Ap 48.0486570641278874
miniFE.c 57 sum 64.5722489828597759
miniFE.c 57 sum 946.6764959884146720
miniFE.c 57 sum 778.6407160222172479
miniFE.c 57 sum 1097.6071436663851273
miniFE.c 57 sum 3691.7788449706008578
miniFE.c 57 sum 5305.1390546739821730
miniFE.c 57 sum 5810.3927643845927378
miniFE.c 57 sum 5830.2226917521875293
miniFE.c 90 p_ap_dot 5830.2226917521875293
miniFE.c 91 alpha 0.0094926587814304
miniFE.c 40 y 0.9789358704475538
miniFE.c 40 y 1.9796337259039449
miniFE.c 40 y 0.9349125791861604
miniFE.c 40 y 1.9789373712251870
miniFE.c 40 y 0.9950889644118075
miniFE.c 40 y 1.9918221202914412
miniFE.c 40 y 1.0238032600876872
miniFE.c 40 y 2.4433994666915826
miniFE.c 40 y -0.1438507718118744
miniFE.c 40 y -0.4887877747054392
miniFE.c 40 y -0.4496494570414318
miniFE.c 40 y 0.3979744735546895
miniFE.c 40 y 0.0340500278384601
miniFE.c 40 y 0.6863014582998286
miniFE.c 40 y -1.4748589898659392
miniFE.c 40 y -0.0689877324099253
miniFE.c 82 oldrtrans 55.3443146325559781
miniFE.c 48 sum 0.0206930445508720
miniFE.c 48 sum 0.2596065332523672
miniFE.c 48 sum 0.4617911674700216
miniFE.c 48 sum 0.6201748490711538
miniFE.c 48 sum 0.6213342534669537
miniFE.c 48 sum 1.0923439451314252
miniFE.c 48 sum 3.2675529851198037
miniFE.c 48 sum 3.2723122923428671
miniFE.c 83 rtrans 3.2723122923428671
miniFE.c 84 beta 0.0591264398894182
miniFE.c 40 y -0.1277894674353600
miniFE.c 40 y -0.3238393498647067
miniFE.c 40 y -0.5006378404691485
miniFE.c 40 y 0.4953334629995133
miniFE.c 40 y 0.3718023337573014
miniFE.c 40 y 0.9453021046502262
miniFE.c 40 y -1.3620972540191367
miniFE.c 40 y -0.0445859472164950
miniFE.c 87 normr 1.8089533693113449
miniFE.c 25 Ap -8.5739972586299249
miniFE.c 25 Ap -13.4599396416811814
miniFE.c 25 Ap -18.1254903128731968
miniFE.c 25 Ap -11.3312538209750038
miniFE.c 25 Ap -6.1024451623892340
miniFE.c 25 Ap 9.0757035507166588
miniFE.c 25 Ap 2.2696413725020292
miniFE.c 25 Ap 1.9839318138240547
miniFE.c 25 Ap -1.9280299794043660
miniFE.c 25 Ap -23.4428120922324439
miniFE.c 25 Ap -30.6479768731292168
miniFE.c 25 Ap -27.6938992411573111
miniFE.c 25 Ap -23.6287575267651420
miniFE.c 25 Ap -14.5044501623213229
miniFE.c 25 Ap -30.0288310262515736
miniFE.c 25 Ap -30.3388773337722526
miniFE.c 25 Ap -1.1908972661866837
miniFE.c 25 Ap -5.8515834742590478
miniFE.c 25 Ap -39.7317937475738461
miniFE.c 25 Ap -34.9705618178664963
miniFE.c 25 Ap -28.7249592909912721
miniFE.c 25 Ap -13.4340454898216546
miniFE.c 25 Ap -29.7137501440231375
miniFE.c 25 Ap -30.2644387577050935
miniFE.c 25 Ap -1.7528229521824414
miniFE.c 25 Ap -3.6841412483351772
miniFE.c 25 Ap -8.4963597825467154
miniFE.c 25 Ap 23.8992957178431773
miniFE.c 25 Ap 25.2631083199263387
miniFE.c 25 Ap 35.7426234688472348
miniFE.c 25 Ap 33.9715796699621677
miniFE.c 25 Ap 33.7610881647465746
miniFE.c 25 Ap -1.7971556742251162
miniFE.c 25 Ap -5.3378888282993726
miniFE.c 25 Ap -13.7476933873114113
miniFE.c 25 Ap -11.9307547676813410
miniFE.c 25 Ap 12.8168770381451775
miniFE.c 25 Ap 17.0605338634557064
miniFE.c 25 Ap -2.0805557342088541
miniFE.c 25 Ap -2.2499528177344779
miniFE.c 25 Ap -2.0518388049291145
miniFE.c 25 Ap -5.1776223510903279
miniFE.c 25 Ap -13.2757848607887290
miniFE.c 25 Ap -7.7845725766570553
miniFE.c 25 Ap -6.1154749373374413
miniFE.c 25 Ap 56.7123940755987945
miniFE.c 25 Ap 46.3437842367614152
miniFE.c 25 Ap 46.1910267624948290
miniFE.c 25 Ap -0.6385322769865700
miniFE.c 25 Ap -4.3294621215280777
miniFE.c 25 Ap -10.3130555525449132
miniFE.c 25 Ap -9.6690066379486677
miniFE.c 25 Ap -4.4441948544507888
miniFE.c 25 Ap 2.7516706933497446
miniFE.c 25 Ap -86.6811832304895233
miniFE.c 25 Ap -86.8004308877190311
miniFE.c 25 Ap -0.8188829580622354
miniFE.c 25 Ap 1.4330641446406485
miniFE.c 25 Ap -4.7503989314266839
miniFE.c 25 Ap -2.4119157832690181
miniFE.c 25 Ap -0.9993130481362200
miniFE.c 25 Ap 2.2394195781795831
miniFE.c 25 Ap -1.4035871672380771
miniFE.c 25 Ap -4.2959747605370389
miniFE.c 57 sum -0.2535255899166438
miniFE.c 57 sum 9.5713967214772513
miniFE.c 57 sum 24.7229199841455269
miniFE.c 57 sum 41.4459166994213319
miniFE.c 57 sum 40.6093789909438385
miniFE.c 57 sum 84.2738538054851176
miniFE.c 57 sum 202.5044823653250887
miniFE.c 57 sum 202.6960224692417967
miniFE.c 90 p_ap_dot 202.6960224692417967
miniFE.c 91 alpha 0.0161439393456249
miniFE.c 40 y 0.9768728450362677
miniFE.c 40 y 1.9744056830820025
miniFE.c 40 y 0.9268303122555018
miniFE.c 40 y 1.9869340046077095
miniFE.c 40 y 1.0010913187365471
miniFE.c 40 y 2.0070830201322059
miniFE.c 40 y 1.0018136446359600
miniFE.c 40 y 2.4426796738640522
miniFE.c 40 y -0.1758792466801056
miniFE.c 40 y 0.0010012207853349
miniFE.c 40 y 0.0389378065923395
miniFE.c 40 y -0.1470624860192747
miniFE.c 40 y 0.0703731296584834
miniFE.c 40 y -0.0594036760660257
miniFE.c 40 y -0.0735580984404947
miniFE.c 40 y 0.0003662235545202
miniFE.c 82 oldrtrans 3.2723122923428671
miniFE.c 48 sum 0.0309335094127614
miniFE.c 48 sum 0.0309345118558224
miniFE.c 48 sum 0.0324506646380449
miniFE.c 48 sum 0.0540780394322142
miniFE.c 48 sum 0.0590304168101440
miniFE.c 48 sum 0.0625592135403013
miniFE.c 48 sum 0.0679700073864828
miniFE.c 48 sum 0.0679701415061747
miniFE.c 83 rtrans 0.0679701415061747
miniFE.c 84 beta 0.0207712881393451
miniFE.c 40 y -0.1785335985293789
miniFE.c 40 y -0.0057253396615631
miniFE.c 40 y 0.0285389137544953
miniFE.c 40 y -0.1367737719342522
miniFE.c 40 y 0.0780959430638373
miniFE.c 40 y -0.0397685336716065
miniFE.c 40 y -0.1018506129775369
miniFE.c 40 y -0.0005598840020792
miniFE.c 87 normr 0.2607108388735970
miniFE.c 25 Ap -11.9786600185851082
miniFE.c 25 Ap -12.0650413669959242
miniFE.c 25 Ap -11.7990811509291529
miniFE.c 25 Ap -13.6751372259276032
miniFE.c 25 Ap -12.5768419592842022
miniFE.c 25 Ap -13.2153814433289849
miniFE.c 25 Ap -13.7243036974257180
miniFE.c 25 Ap -13.7278914693837333
miniFE.c 25 Ap -2.6936345944919315
miniFE.c 25 Ap -3.0740066381979370
miniFE.c 25 Ap -2.6632754476106535
miniFE.c 25 Ap -3.4789690570524976
miniFE.c 25 Ap -2.6250984730102953
miniFE.c 25 Ap -3.0089549384385976
miniFE.c 25 Ap -4.1697881332949063
miniFE.c 25 Ap -4.1736815117767332
miniFE.c 25 Ap -1.6637926323517691
miniFE.c 25 Ap -1.7461915490007951
miniFE.c 25 Ap 0.1851534689231573
miniFE.c 25 Ap -1.1295399623189633
miniFE.c 25 Ap 0.1823297465371270
miniFE.c 25 Ap -0.4609537258893411
miniFE.c 25 Ap -1.6782661411600839
miniFE.c 25 Ap -1.6851813636500446
miniFE.c 25 Ap -2.4488543188922409
miniFE.c 25 Ap -2.4829991911713054
miniFE.c 25 Ap -2.2086781578531895
miniFE.c 25 Ap -11.1539167255032901
miniFE.c 25 Ap -10.8674520595995112
miniFE.c 25 Ap -11.3083216493442364
miniFE.c 25 Ap -11.4407511774078579
miniFE.c 25 Ap -11.4433944054584256
miniFE.c 25 Ap -2.5107911948940531
miniFE.c 25 Ap -2.5733898258711161
miniFE.c 25 Ap -2.0939880156186286
miniFE.c 25 Ap -2.5956895297359224
miniFE.c 25 Ap 2.6024748414813490
miniFE.c 25 Ap 2.4239456617430375
miniFE.c 25 Ap 0.9926736267781235
miniFE.c 25 Ap 0.9905464382134319
miniFE.c 25 Ap -2.8666068714271202
miniFE.c 25 Ap -2.9218693727808773
miniFE.c 25 Ap -2.4602327509514255
miniFE.c 25 Ap -3.9764917414996326
miniFE.c 25 Ap -3.6259028872258527
miniFE.c 25 Ap -6.2690496781459251
miniFE.c 25 Ap -7.0443608864274374
miniFE.c 25 Ap -7.0462791246029006
miniFE.c 25 Ap -0.8920881155188712
miniFE.c 25 Ap -0.9573421590309670
miniFE.c 25 Ap -0.6162467741720645
miniFE.c 25 Ap -0.7940845459754531
miniFE.c 25 Ap 0.3033711892800106
miniFE.c 25 Ap 0.0006436062921946
miniFE.c 25 Ap -6.6866843107095200
miniFE.c 25 Ap -6.6881817523864688
miniFE.c 25 Ap -1.1440545469929677
miniFE.c 25 Ap -1.1042410960697449
miniFE.c 25 Ap -0.7517521206726352
miniFE.c 25 Ap -1.3974649276398539
miniFE.c 25 Ap -1.1007520435115805
miniFE.c 25 Ap -1.2370044086225500
miniFE.c 25 Ap -1.5094096785159121
miniFE.c 25 Ap -1.5457305742779146
miniFE.c 57 sum 2.4508898642498416
miniFE.c 57 sum 2.4747856085439497
miniFE.c 57 sum 2.4266923629460582
miniFE.c 57 sum 3.9918485795119265
miniFE.c 57 sum 4.0692062377527298
miniFE.c 57 sum 4.3494264263790381
miniFE.c 57 sum 5.0306218375647767
miniFE.c 57 sum 5.0314872673848399
miniFE.c 90 p_ap_dot 5.0314872673848399
miniFE.c 91 alpha 0.0135089562775546
miniFE.c 40 y 0.9744610424596598
miniFE.c 40 y 1.9743283397188403
miniFE.c 40 y 0.9272158431936202
miniFE.c 40 y 1.9850863337027336
miniFE.c 40 y 1.0021463134168509
miniFE.c 40 y 2.0065457887496136
miniFE.c 40 y 1.0004377491584042
miniFE.c 40 y 2.4426721104155478
miniFE.c 40 y 0.0095702389628145
miniFE.c 40 y 0.0573833018443650
miniFE.c 40 y 0.0617028479536378
miniFE.c 40 y 0.0075258286708764
miniFE.c 40 y 0.0569918811337707
miniFE.c 40 y 0.0357842005476808
miniFE.c 40 y 0.0167922564288329
miniFE.c 40 y 0.0212474302993200
miniFE.c 82 oldrtrans 0.0679701415061747
miniFE.c 48 sum 0.0000915894738054
miniFE.c 48 sum 0.0033844328043669
miniFE.c 48 sum 0.0071916742499566
miniFE.c 48 sum 0.0072483123471400
miniFE.c 48 sum 0.0104963868623059
miniFE.c 48 sum 0.0117768958711425
miniFE.c 48 sum 0.0120588757471142
miniFE.c 48 sum 0.0125103290414386
miniFE.c 83 rtrans 0.0125103290414386
miniFE.c 84 beta 0.1840562453485867
miniFE.c 40 y -0.0232899848510749
miniFE.c 40 y 0.0563295173229123
miniFE.c 40 y 0.0669556132656174
miniFE.c 40 y -0.0176482382535059
miniFE.c 40 y 0.0713659271910576
miniFE.c 40 y 0.0284645535570661
miniFE.c 40 y -0.0019539849822646
miniFE.c 40 y 0.0211443801520666
miniFE.c 87 normr 0.1118495822139656
miniFE.c 25 Ap -1.5626347794872668
miniFE.c 25 Ap -0.7127603704019612
miniFE.c 25 Ap -0.0887867488340474
miniFE.c 25 Ap -0.3308586323558788
miniFE.c 25 Ap 0.6727896617621124
miniFE.c 25 Ap 1.1298279194957888
miniFE.c 25 Ap 1.1200643411276883
miniFE.c 25 Ap 1.2555588612380806
miniFE.c 25 Ap -0.3513888109398358
miniFE.c 25 Ap 3.3909522363403868
miniFE.c 25 Ap 4.3545754137907542
miniFE.c 25 Ap 4.2493245681226837
miniFE.c 25 Ap 5.0296117833181029
miniFE.c 25 Ap 5.3043592258221510
miniFE.c 25 Ap 5.2820888578454390
miniFE.c 25 Ap 5.4291248052736547
miniFE.c 25 Ap -0.2170443295939407
miniFE.c 25 Ap 0.5936483938318936
miniFE.c 25 Ap 5.1248085919744781
miniFE.c 25 Ap 4.9551706374400846
miniFE.c 25 Ap 6.1539883282623649
miniFE.c 25 Ap 6.6144221225898638
miniFE.c 25 Ap 6.5910682113209367
miniFE.c 25 Ap 6.8522260451237367
miniFE.c 25 Ap -0.3194568443099210
miniFE.c 25 Ap 0.0164820323727406
miniFE.c 25 Ap 0.6600711043141763
miniFE.c 25 Ap -0.4941538559525243
miniFE.c 25 Ap -0.2323756420318796
miniFE.c 25 Ap 0.0831792676008640
miniFE.c 25 Ap 0.0806386318454192
miniFE.c 25 Ap 0.1804618425859698
miniFE.c 25 Ap -0.3275366058544559
miniFE.c 25 Ap 0.2883483680425114
miniFE.c 25 Ap 1.4130808116887397
miniFE.c 25 Ap 1.3483450971721955
miniFE.c 25 Ap 6.0985511320772501
miniFE.c 25 Ap 6.2263344051575062
miniFE.c 25 Ap 6.1988757185566357
miniFE.c 25 Ap 6.2792103655548281
miniFE.c 25 Ap -0.3739533127627997
miniFE.c 25 Ap 0.1697541720895577
miniFE.c 25 Ap 1.2528074160340719
miniFE.c 25 Ap 1.0571609880619133
miniFE.c 25 Ap 1.3775374079694993
miniFE.c 25 Ap 3.2693847164622447
miniFE.c 25 Ap 3.2545105157748360
miniFE.c 25 Ap 3.3269540166671367
miniFE.c 25 Ap -0.1163742783845784
miniFE.c 25 Ap 0.5256363256467556
miniFE.c 25 Ap 1.3258857980606185
miniFE.c 25 Ap 1.3029389762915478
miniFE.c 25 Ap 2.3058200866922354
miniFE.c 25 Ap 2.5224990713969229
miniFE.c 25 Ap 2.3942039346343984
miniFE.c 25 Ap 2.4507557845807693
miniFE.c 25 Ap -0.1492436901947339
miniFE.c 25 Ap -0.5409536333655685
miniFE.c 25 Ap 0.2860265285323269
miniFE.c 25 Ap 0.2027087015868544
miniFE.c 25 Ap 0.4738519806690728
miniFE.c 25 Ap 0.5713753838703115
miniFE.c 25 Ap 0.5661493396581009
miniFE.c 25 Ap 1.9378313748713913
miniFE.c 57 sum -0.0292419468578678
miniFE.c 57 sum 0.2765780329090475
miniFE.c 57 sum 0.7353730299949433
miniFE.c 57 sum 0.7321881964013194
miniFE.c 57 sum 1.1803098661668394
miniFE.c 57 sum 1.2750101269561573
miniFE.c 57 sum 1.2702213869578884
miniFE.c 57 sum 1.3111956302187711
miniFE.c 90 p_ap_dot 1.3111956302187711
miniFE.c 91 alpha 0.0095411613287266
miniFE.c 40 y 0.9742388289568521
miniFE.c 40 y 1.9748657887311876
miniFE.c 40 y 0.9278546775016513
miniFE.c 40 y 1.9849179490143891
miniFE.c 40 y 1.0028272272415550
miniFE.c 40 y 2.0068173736472517
miniFE.c 40 y 1.0004191058724545
miniFE.c 40 y 2.4428738523577747
miniFE.c 40 y -0.0024092506899703
miniFE.c 40 y 0.0055831462034576
miniFE.c 40 y -0.0036753462037900
miniFE.c 40 y 0.0058040131170844
miniFE.c 40 y -0.0029190779810002
miniFE.c 40 y 0.0040411955414047
miniFE.c 40 y -0.0065907998891621
miniFE.c 40 y 0.0027582685238040
miniFE.c 82 oldrtrans 0.0125103290414386
miniFE.c 48 sum 0.0000058044888871
miniFE.c 48 sum 0.0000369760104163
miniFE.c 48 sum 0.0000504841801340
miniFE.c 48 sum 0.0000841707483973
miniFE.c 48 sum 0.0000926917646565
miniFE.c 48 sum 0.0001090230260603
miniFE.c 48 sum 0.0001524616692393
miniFE.c 48 sum 0.0001600697144887
miniFE.c 83 rtrans 0.0001600697144887
miniFE.c 84 beta 0.0127950043486880
miniFE.c 40 y -0.0027072461474207
miniFE.c 40 y 0.0063038826225638
miniFE.c 40 y -0.0028186488408873
miniFE.c 40 y 0.0055782038318842
miniFE.c 40 y -0.0020059506322425
miniFE.c 40 y 0.0044053996279509
miniFE.c 40 y -0.0066158011355075
miniFE.c 40 y 0.0030288109598000
miniFE.c 87 normr 0.0126518660476913
miniFE.c 25 Ap -0.1816418951598063
miniFE.c 25 Ap -0.0865317508977439
miniFE.c 25 Ap -0.1127993398181761
miniFE.c 25 Ap -0.0362859627401754
miniFE.c 25 Ap -0.0644964689211610
miniFE.c 25 Ap 0.0062383896650691
miniFE.c 25 Ap -0.0268191278903802
miniFE.c 25 Ap -0.0074103164448913
miniFE.c 25 Ap -0.0408457116115166
miniFE.c 25 Ap 0.3779627535918790
miniFE.c 25 Ap 0.3373968440332937
miniFE.c 25 Ap 0.3706642252971458
miniFE.c 25 Ap 0.3487319434049528
miniFE.c 25 Ap 0.3912540324502354
miniFE.c 25 Ap 0.3158510344303910
miniFE.c 25 Ap 0.3369130890213661
miniFE.c 25 Ap -0.0252294034912425
miniFE.c 25 Ap 0.0654958860962170
miniFE.c 25 Ap -0.1252536092403883
miniFE.c 25 Ap -0.0716349378226472
miniFE.c 25 Ap -0.1053312576141706
miniFE.c 25 Ap -0.0340708789063223
miniFE.c 25 Ap -0.1131425371298397
miniFE.c 25 Ap -0.0757331780674867
miniFE.c 25 Ap -0.0371339147086340
miniFE.c 25 Ap 0.0004612813379339
miniFE.c 25 Ap -0.0266320645842223
miniFE.c 25 Ap 0.3381920047495541
miniFE.c 25 Ap 0.3308339531640178
miniFE.c 25 Ap 0.3796717288455219
miniFE.c 25 Ap 0.3710696458876976
miniFE.c 25 Ap 0.3853687472356203
miniFE.c 25 Ap -0.0380731125420972
miniFE.c 25 Ap 0.0308510815387926
miniFE.c 25 Ap -0.0164970890472242
miniFE.c 25 Ap 0.0039643873669560
miniFE.c 25 Ap -0.1295542142129019
miniFE.c 25 Ap -0.1097774633653075
miniFE.c 25 Ap -0.2027470673502082
miniFE.c 25 Ap -0.1912395907758236
miniFE.c 25 Ap -0.0434686270414451
miniFE.c 25 Ap 0.0173781248643183
miniFE.c 25 Ap -0.0282154650047346
miniFE.c 25 Ap 0.0336238890731117
miniFE.c 25 Ap 0.0246187614531942
miniFE.c 25 Ap 0.3174160263835913
miniFE.c 25 Ap 0.2670549669636369
miniFE.c 25 Ap 0.2774320822013913
miniFE.c 25 Ap -0.0135274376016165
miniFE.c 25 Ap 0.0583204972396184
miniFE.c 25 Ap 0.0246321754122634
miniFE.c 25 Ap 0.0318851401152056
miniFE.c 25 Ap 0.0036961979035166
miniFE.c 25 Ap 0.0372311527619896
miniFE.c 25 Ap -0.3971504413533883
miniFE.c 25 Ap -0.3890497137991785
miniFE.c 25 Ap -0.0173482038691789
miniFE.c 25 Ap -0.0611847858459905
miniFE.c 25 Ap -0.0959983968500929
miniFE.c 25 Ap -0.0696635403700605
miniFE.c 25 Ap -0.0772848248332635
miniFE.c 25 Ap -0.0621913309789541
miniFE.c 25 Ap -0.0798856682165336
miniFE.c 25 Ap 0.1165999015535849
miniFE.c 57 sum 0.0000200615506466
miniFE.c 57 sum 0.0021439221178427
miniFE.c 57 sum 0.0023573873524193
miniFE.c 57 sum 0.0045070527749374
miniFE.c 57 sum 0.0048906699529640
miniFE.c 57 sum 0.0061128691446756
miniFE.c 57 sum 0.0086867446829971
miniFE.c 57 sum 0.0090399037427342
miniFE.c 90 p_ap_dot 0.0090399037427342
miniFE.c 91 alpha 0.0177070153669922
miniFE.c 40 y 0.9741908917077174
miniFE.c 40 y 1.9749774116776571
miniFE.c 40 y 0.9278047676433115
miniFE.c 40 y 1.9850167223553605
miniFE.c 40 y 1.0027917078428845
miniFE.c 40 y 2.0068953801261613
miniFE.c 40 y 1.0003019597800831
miniFE.c 40 y 2.4429274835599837
miniFE.c 40 y -0.0022780361028063
miniFE.c 40 y -0.0003825790411845
miniFE.c 40 y -0.0023343376559578
miniFE.c 40 y -0.0010197172121752
miniFE.c 40 y 0.0004672043916446
miniFE.c 40 y -0.0008712986014319
miniFE.c 40 y 0.0002981093716038
miniFE.c 40 y 0.0006936322752049
