filename line variable value
miniFE.c 167 A 67.0947100000000063
miniFE.c 167 A 15.0875500000000002
miniFE.c 167 A 9.3192129999999995
miniFE.c 167 A 13.7164900000000003
miniFE.c 167 A 14.0634099999999993
miniFE.c 167 A 16.0564000000000000
miniFE.c 167 A 4.9967519999999999
miniFE.c 167 A 6.4080630000000003
miniFE.c 167 A 15.0875500000000002
miniFE.c 167 A 66.4365899999999954
miniFE.c 167 A 14.3919700000000006
miniFE.c 167 A 5.9638159999999996
miniFE.c 167 A 10.9336099999999998
miniFE.c 167 A 9.6522659999999991
miniFE.c 167 A 11.3974100000000007
miniFE.c 167 A 6.9539020000000002
miniFE.c 167 A 9.3192129999999995
miniFE.c 167 A 14.3919700000000006
miniFE.c 167 A 67.6740900000000067
miniFE.c 167 A 9.6121750000000006
miniFE.c 167 A 16.7981799999999986
miniFE.c 167 A 16.1756899999999995
miniFE.c 167 A 11.9519400000000005
miniFE.c 167 A 12.3511699999999998
miniFE.c 167 A 13.7164900000000003
miniFE.c 167 A 5.9638159999999996
miniFE.c 167 A 9.6121750000000006
miniFE.c 167 A 65.4017099999999942
miniFE.c 167 A 3.6681119999999998
miniFE.c 167 A 11.0858899999999991
miniFE.c 167 A 1.3002330000000000
miniFE.c 167 A 4.7210279999999996
miniFE.c 167 A 14.0634099999999993
miniFE.c 167 A 10.9336099999999998
miniFE.c 167 A 16.7981799999999986
miniFE.c 167 A 3.6681119999999998
miniFE.c 167 A 66.5612600000000043
miniFE.c 167 A 4.4892070000000004
miniFE.c 167 A 14.0526599999999995
miniFE.c 167 A 3.7993380000000001
miniFE.c 167 A 16.0564000000000000
miniFE.c 167 A 9.6522659999999991
miniFE.c 167 A 16.1756899999999995
miniFE.c 167 A 11.0858899999999991
miniFE.c 167 A 4.4892070000000004
miniFE.c 167 A 66.4632699999999943
miniFE.c 167 A 7.6122389999999998
miniFE.c 167 A 3.4261349999999999
miniFE.c 167 A 4.9967519999999999
miniFE.c 167 A 11.3974100000000007
miniFE.c 167 A 11.9519400000000005
miniFE.c 167 A 1.3002330000000000
miniFE.c 167 A 14.0526599999999995
miniFE.c 167 A 7.6122389999999998
miniFE.c 167 A 65.6581999999999937
miniFE.c 167 A 2.6745570000000001
miniFE.c 167 A 6.4080630000000003
miniFE.c 167 A 6.9539020000000002
miniFE.c 167 A 12.3511699999999998
miniFE.c 167 A 4.7210279999999996
miniFE.c 167 A 3.7993380000000001
miniFE.c 167 A 3.4261349999999999
miniFE.c 167 A 2.6745570000000001
miniFE.c 167 A 64.8721800000000002
miniFE.c 175 b 198.0110999999999990
miniFE.c 175 b 229.8237000000000023
miniFE.c 175 b 210.8053999999999917
miniFE.c 175 b 202.6418999999999926
miniFE.c 175 b 157.2561000000000035
miniFE.c 175 b 225.5886000000000138
miniFE.c 175 b 142.6283999999999992
miniFE.c 175 b 185.1795999999999935
miniFE.c 33 r 0.0000000000000000
miniFE.c 33 r 0.0000000000000000
miniFE.c 33 r 0.0000000000000000
miniFE.c 33 r 0.0000000000000000
miniFE.c 33 r 0.0000000000000000
miniFE.c 33 r 0.0000000000000000
miniFE.c 33 r 0.0000000000000000
miniFE.c 33 r 0.0000000000000000
miniFE.c 25 Ap 0.0000000000000000
miniFE.c 25 Ap 0.0000000000000000
miniFE.c 25 Ap 0.0000000000000000
miniFE.c 25 Ap 0.0000000000000000
miniFE.c 25 Ap 0.0000000000000000
miniFE.c 25 Ap 0.0000000000000000
miniFE.c 25 Ap 0.0000000000000000
miniFE.c 25 Ap 0.0000000000000000
miniFE.c 25 Ap 0.0000000000000000
miniFE.c 25 Ap 0.0000000000000000
miniFE.c 25 Ap 0.0000000000000000
miniFE.c 25 Ap 0.0000000000000000
miniFE.c 25 Ap 0.0000000000000000
miniFE.c 25 Ap 0.0000000000000000
miniFE.c 25 Ap 0.0000000000000000
miniFE.c 25 Ap 0.0000000000000000
miniFE.c 25 Ap 0.0000000000000000
miniFE.c 25 Ap 0.0000000000000000
miniFE.c 25 Ap 0.0000000000000000
miniFE.c 25 Ap 0.0000000000000000
miniFE.c 25 Ap 0.0000000000000000
miniFE.c 25 Ap 0.0000000000000000
miniFE.c 25 Ap 0.0000000000000000
miniFE.c 25 Ap 0.0000000000000000
miniFE.c 25 Ap 0.0000000000000000
miniFE.c 25 Ap 0.0000000000000000
miniFE.c 25 Ap 0.0000000000000000
miniFE.c 25 Ap 0.0000000000000000
miniFE.c 25 Ap 0.0000000000000000
miniFE.c 25 Ap 0.0000000000000000
miniFE.c 25 Ap 0.0000000000000000
miniFE.c 25 Ap 0.0000000000000000
miniFE.c 25 Ap 0.0000000000000000
miniFE.c 25 Ap 0.0000000000000000
miniFE.c 25 Ap 0.0000000000000000
miniFE.c 25 Ap 0.0000000000000000
miniFE.c 25 Ap 0.0000000000000000
miniFE.c 25 Ap 0.0000000000000000
miniFE.c 25 Ap 0.0000000000000000
miniFE.c 25 Ap 0.0000000000000000
miniFE.c 25 Ap 0.0000000000000000
miniFE.c 25 Ap 0.0000000000000000
miniFE.c 25 Ap 0.0000000000000000
miniFE.c 25 Ap 0.0000000000000000
miniFE.c 25 Ap 0.0000000000000000
miniFE.c 25 Ap 0.0000000000000000
miniFE.c 25 Ap 0.0000000000000000
miniFE.c 25 Ap 0.0000000000000000
miniFE.c 25 Ap 0.0000000000000000
miniFE.c 25 Ap 0.0000000000000000
miniFE.c 25 Ap 0.0000000000000000
miniFE.c 25 Ap 0.0000000000000000
miniFE.c 25 Ap 0.0000000000000000
miniFE.c 25 Ap 0.0000000000000000
miniFE.c 25 Ap 0.0000000000000000
miniFE.c 25 Ap 0.0000000000000000
miniFE.c 25 Ap 0.0000000000000000
miniFE.c 25 Ap 0.0000000000000000
miniFE.c 25 Ap 0.0000000000000000
miniFE.c 25 Ap 0.0000000000000000
miniFE.c 25 Ap 0.0000000000000000
miniFE.c 25 Ap 0.0000000000000000
miniFE.c 25 Ap 0.0000000000000000
miniFE.c 25 Ap 0.0000000000000000
miniFE.c 33 r 198.0110999999999990
miniFE.c 33 r 229.8237000000000023
miniFE.c 33 r 210.8053999999999917
miniFE.c 33 r 202.6418999999999926
miniFE.c 33 r 157.2561000000000035
miniFE.c 33 r 225.5886000000000138
miniFE.c 33 r 142.6283999999999992
miniFE.c 33 r 185.1795999999999935
miniFE.c 48 sum 39208.3957232100001420
miniFE.c 48 sum 92027.3288048999966122
miniFE.c 48 sum 136466.2454740600078367
miniFE.c 48 sum 177529.9851096700003836
miniFE.c 48 sum 202259.4660968800017145
miniFE.c 48 sum 253149.6825468399911188
miniFE.c 48 sum 273492.5430333999684080
miniFE.c 48 sum 307784.0272895599482581
miniFE.c 75 rtrans 307784.0272895599482581
miniFE.c 76 normr 554.7828649927464539
miniFE.c 33 r 198.0110999999999990
miniFE.c 33 r 229.8237000000000023
miniFE.c 33 r 210.8053999999999917
miniFE.c 33 r 202.6418999999999926
miniFE.c 33 r 157.2561000000000035
miniFE.c 33 r 225.5886000000000138
miniFE.c 33 r 142.6283999999999992
miniFE.c 33 r 185.1795999999999935
miniFE.c 87 normr 554.7828649927464539
miniFE.c 25 Ap 13285.4973312810016068
miniFE.c 25 Ap 16752.9738962160008668
miniFE.c 25 Ap 18717.5143203662009910
miniFE.c 25 Ap 21497.0499152972006414
miniFE.c 25 Ap 23708.6069245981998392
miniFE.c 25 Ap 27330.7477216381994367
miniFE.c 25 Ap 28043.4264645949988335
miniFE.c 25 Ap 29230.0690077097970061
miniFE.c 25 Ap 2987.5023718050001662
miniFE.c 25 Ap 18256.2053009880000900
miniFE.c 25 Ap 21290.1102936259994749
miniFE.c 25 Ap 22498.6292991164009436
miniFE.c 25 Ap 24218.0061666374022025
miniFE.c 25 Ap 26395.4473404050004319
miniFE.c 25 Ap 28021.0416928490012651
miniFE.c 25 Ap 29308.7624836482027604
miniFE.c 25 Ap 1845.3076172643000064
miniFE.c 25 Ap 5152.9234129532997031
miniFE.c 25 Ap 19418.9870250392996240
miniFE.c 25 Ap 21366.8164301717988565
miniFE.c 25 Ap 24008.4327040697971825
miniFE.c 25 Ap 27657.4839652037990163
miniFE.c 25 Ap 29362.1700442997971550
miniFE.c 25 Ap 31649.3547644317950471
miniFE.c 25 Ap 2716.0172730389999742
miniFE.c 25 Ap 4086.6435322781999275
miniFE.c 25 Ap 6112.9419280231995799
miniFE.c 25 Ap 19366.0687056721981207
miniFE.c 25 Ap 19942.9016931553996983
miniFE.c 25 Ap 22443.7520980093977414
miniFE.c 25 Ap 22629.2022504265987664
miniFE.c 25 Ap 23503.4403270553993934
miniFE.c 25 Ap 2784.7112838509997346
miniFE.c 25 Ap 5297.5139884079999320
miniFE.c 25 Ap 8838.6610425799990480
miniFE.c 25 Ap 9581.9742276727993158
miniFE.c 25 Ap 20049.1383863587980159
miniFE.c 25 Ap 21061.8523085989982064
miniFE.c 25 Ap 23066.1607201429978886
miniFE.c 25 Ap 23769.7206112477979332
miniFE.c 25 Ap 3179.3454260399998930
miniFE.c 25 Ap 5397.6649115441996400
miniFE.c 25 Ap 8807.5877122702004272
miniFE.c 25 Ap 11054.0535250612010714
miniFE.c 25 Ap 11760.0087099739012046
miniFE.c 25 Ap 26753.3647406958989450
miniFE.c 25 Ap 27839.0862096834971453
miniFE.c 25 Ap 28473.5365185294976982
miniFE.c 25 Ap 989.4123599472000024
miniFE.c 25 Ap 3608.8072965641999872
miniFE.c 25 Ap 6128.3407890401995246
miniFE.c 25 Ap 6391.8224746028990921
miniFE.c 25 Ap 8601.6889808288997301
miniFE.c 25 Ap 10318.9233197042995016
miniFE.c 25 Ap 19683.6473325842962367
miniFE.c 25 Ap 20178.9207280214977800
miniFE.c 25 Ap 1268.8676034993000030
miniFE.c 25 Ap 2867.0390905766998912
miniFE.c 25 Ap 5470.7324228946999938
miniFE.c 25 Ap 6427.4105067679001877
miniFE.c 25 Ap 7024.8795832297000743
miniFE.c 25 Ap 7797.7765812907000509
miniFE.c 25 Ap 8179.2443669095000587
miniFE.c 25 Ap 20192.2487104374995397
miniFE.c 57 sum 5787878.1172925252467394
miniFE.c 57 sum 12523726.3537057451903820
miniFE.c 57 sum 19195581.2445636950433254
miniFE.c 57 sum 23958363.0489748232066631
miniFE.c 57 sum 27696296.6103892698884010
miniFE.c 57 sum 34119601.8506532162427902
miniFE.c 57 sum 36997689.0278177559375763
miniFE.c 57 sum 40736881.5671170875430107
miniFE.c 90 p_ap_dot 40736881.5671170875430107
miniFE.c 91 alpha 0.0075554145395853
miniFE.c 40 y 1.4960559439392744
miniFE.c 40 y 1.7364133245212852
miniFE.c 40 y 1.5927221841830903
miniFE.c 40 y 1.5310435575891859
miniFE.c 40 y 1.1881350243784765
miniFE.c 40 y 1.7044153884046875
miniFE.c 40 y 1.0776166871177848
miniFE.c 40 y 1.3991086422745860
miniFE.c 40 y -22.8341883739316245
miniFE.c 40 y 8.3838497937928480
miniFE.c 40 y -28.3185951556805833
miniFE.c 40 y 25.0636652226906733
miniFE.c 40 y -22.3339927081014764
miniFE.c 40 y 10.4592281944898673
miniFE.c 40 y -9.8317110616323760
miniFE.c 40 y 32.6187905062384118
miniFE.c 82 oldrtrans 307784.0272895599482581
miniFE.c 48 sum 521.4001586961941257
miniFE.c 48 sum 0.0000000000000000
miniFE.c 48 sum 801.9428315913357892
miniFE.c 48 sum 1430.1301459864498611
miniFE.c 48 sum 1928.9373762719797014
miniFE.c 48 sum 2038.3328306963915111
miniFE.c 48 sum 2134.9953730958159213
miniFE.c 48 sum 3198.9808671856853834
miniFE.c 83 rtrans 3198.9808671856853834
miniFE.c 84 beta 0.0103935896068321
miniFE.c 40 y -20.7761422629342398
miniFE.c 40 y 10.7725430135165379
miniFE.c 40 y -26.1275703411765079
miniFE.c 40 y 27.1698419684393748
miniFE.c 40 y -20.6995373415305330
miniFE.c 40 y 12.8039035228696623
miniFE.c 40 y -8.3492900057532893
miniFE.c 40 y 34.5434712721957311
miniFE.c 87 normr 56.5595338310499613
miniFE.c 25 Ap -1393.9692400503167846
miniFE.c 25 Ap -1231.4379587067353441
miniFE.c 25 Ap -1474.9263518886418751
miniFE.c 25 Ap -1102.2514862269629248
miniFE.c 25 Ap -1393.3575666712167731
miniFE.c 25 Ap -1187.7729701466123515
miniFE.c 25 Ap -1229.4923016814400398
miniFE.c 25 Ap -1008.1355615305196807
miniFE.c 25 Ap -313.4610851991334926
miniFE.c 25 Ap 402.2299382472290858
miniFE.c 25 Ap 26.2027297241269821
miniFE.c 25 Ap 188.2386679729771970
miniFE.c 25 Ap -38.0820004997544572
miniFE.c 25 Ap 85.5046821413206004
miniFE.c 25 Ap -9.6555992631519985
miniFE.c 25 Ap 230.5563147035124416
miniFE.c 25 Ap -193.6172950665861663
miniFE.c 25 Ap -38.5791791923465439
miniFE.c 25 Ap -1806.7387259424565400
miniFE.c 25 Ap -1545.5774502194726665
miniFE.c 25 Ap -1893.2920043992239698
miniFE.c 25 Ap -1686.1800302233764342
miniFE.c 25 Ap -1785.9702434147393433
miniFE.c 25 Ap -1359.3179573417337451
miniFE.c 25 Ap -284.9757475881148707
miniFE.c 25 Ap -220.7302832034167182
miniFE.c 25 Ap -471.8730616476150317
miniFE.c 25 Ap 1305.0810635180860118
miniFE.c 25 Ap 1229.1528422011697330
miniFE.c 25 Ap 1371.0955082263153599
miniFE.c 25 Ap 1360.2394858342647694
miniFE.c 25 Ap 1523.3201809274964944
miniFE.c 25 Ap -292.1834068619720028
miniFE.c 25 Ap -174.4006228439574500
miniFE.c 25 Ap -613.2962523977017781
miniFE.c 25 Ap -513.6342290351657311
miniFE.c 25 Ap -1891.4215159044883876
miniFE.c 25 Ap -1833.9421425822972651
miniFE.c 25 Ap -1951.2718762745462300
miniFE.c 25 Ap -1820.0295532181846738
miniFE.c 25 Ap -333.5900506305773092
miniFE.c 25 Ap -229.6105999676740907
miniFE.c 25 Ap -652.2420782597395146
miniFE.c 25 Ap -351.0401988802371420
miniFE.c 25 Ap -443.9647068105974199
miniFE.c 25 Ap 407.0245900838399962
miniFE.c 25 Ap 343.4677990797345615
miniFE.c 25 Ap 461.8183950268988838
miniFE.c 25 Ap -103.8132304046011853
miniFE.c 25 Ap 18.9658590630823483
miniFE.c 25 Ap -293.3092940004387970
miniFE.c 25 Ap -257.9821688682889658
miniFE.c 25 Ap -548.8657292861214501
miniFE.c 25 Ap -451.3993555370956301
miniFE.c 25 Ap -999.5987085928461511
miniFE.c 25 Ap -907.2102256974961847
miniFE.c 25 Ap -133.1348285178451931
miniFE.c 25 Ap -58.2236201110665093
miniFE.c 25 Ap -380.9296830818955755
miniFE.c 25 Ap -252.6600983933181794
miniFE.c 25 Ap -331.3046371974140811
miniFE.c 25 Ap -287.4367352010870036
miniFE.c 25 Ap -309.7673872310044771
miniFE.c 25 Ap 1931.1428989637058748
miniFE.c 57 sum 20945.1678466811717954
miniFE.c 57 sum 23428.8456638626157655
miniFE.c 57 sum 58944.5212103331286926
miniFE.c 57 sum 100332.8897934676788282
miniFE.c 57 sum 138006.6594929966377094
miniFE.c 57 sum 143919.7376680075540207
miniFE.c 57 sum 151494.2989385408582166
miniFE.c 57 sum 218202.6781913984159473
miniFE.c 90 p_ap_dot 218202.6781913984159473
miniFE.c 91 alpha 0.0146605939656693
miniFE.c 40 y 1.1914653580494148
miniFE.c 40 y 1.8943452036201582
miniFE.c 40 y 1.2096764841016392
miniFE.c 40 y 1.9293695787998755
miniFE.c 40 y 0.8846675121370886
miniFE.c 40 y 1.8921282191290818
miniFE.c 40 y 0.9552111364418155
miniFE.c 40 y 1.9055364487610080
miniFE.c 40 y -8.0543222439807050
miniFE.c 40 y 5.0037572777035919
miniFE.c 40 y -8.3901865128505086
miniFE.c 40 y 2.7308865704028236
miniFE.c 40 y 4.3487215771487477
miniFE.c 40 y 3.6886962191234547
miniFE.c 40 y 3.4685296988217775
miniFE.c 40 y 4.3070885748460803
miniFE.c 82 oldrtrans 3198.9808671856853834
miniFE.c 48 sum 64.8721068098823821
miniFE.c 48 sum 89.9096937040540354
miniFE.c 48 sum 160.3049234244726335
miniFE.c 48 sum 167.7626648848791433
miniFE.c 48 sum 186.6740442404382350
miniFE.c 48 sum 200.2805240374138975
miniFE.c 48 sum 212.3112223090225825
miniFE.c 48 sum 230.8622343005922062
miniFE.c 83 rtrans 230.8622343005922062
miniFE.c 84 beta 0.0721674320308436
miniFE.c 40 y -9.5536830786041502
miniFE.c 40 y 5.7811840434308861
miniFE.c 40 y -10.2757461695784507
miniFE.c 40 y 4.6916642939489348
miniFE.c 40 y 2.8548891229839333
miniFE.c 40 y 4.6127210563396304
miniFE.c 40 y 2.8659828798257747
miniFE.c 40 y 6.8000021899916661
miniFE.c 87 normr 15.1941513188658295
miniFE.c 25 Ap -641.0015955908527303
miniFE.c 25 Ap -553.7776922763870289
miniFE.c 25 Ap -649.5395595646227775
miniFE.c 25 Ap -585.1863931933150980
miniFE.c 25 Ap -545.0369169522516586
miniFE.c 25 Ap -470.9732225832400445
miniFE.c 25 Ap -456.6526168965048669
miniFE.c 25 Ap -413.0777744629003223
miniFE.c 25 Ap -144.1416711325940412
miniFE.c 25 Ap 239.9404828753659160
miniFE.c 25 Ap 92.0522522751779491
miniFE.c 25 Ap 120.0324748580593024
miniFE.c 25 Ap 151.2467191220076757
miniFE.c 25 Ap 195.7699297415987871
miniFE.c 25 Ap 228.4347116759538778
miniFE.c 25 Ap 275.7212605049413128
miniFE.c 25 Ap -89.0328075440078095
miniFE.c 25 Ap -5.8301802264717963
miniFE.c 25 Ap -701.2319513236792545
miniFE.c 25 Ap -656.1348530889906669
miniFE.c 25 Ap -608.1779117210644472
miniFE.c 25 Ap -533.5639658572420103
miniFE.c 25 Ap -499.3099104365371659
miniFE.c 25 Ap -415.3219273875778299
miniFE.c 25 Ap -131.0429984108430403
miniFE.c 25 Ap -96.5650805136852313
miniFE.c 25 Ap -195.3373509512529722
miniFE.c 25 Ap 111.5055166189499687
miniFE.c 25 Ap 121.9775696696368072
miniFE.c 25 Ap 173.1136879009017377
miniFE.c 25 Ap 176.8401334186862357
miniFE.c 25 Ap 208.9431341576982106
miniFE.c 25 Ap -134.3573621444723756
miniFE.c 25 Ap -71.1481504753760134
miniFE.c 25 Ap -243.7619842662653298
miniFE.c 25 Ap -226.5524341696597048
miniFE.c 25 Ap -36.5274169835541329
miniFE.c 25 Ap -15.8199573283868666
miniFE.c 25 Ap 24.4547256476256045
miniFE.c 25 Ap 50.2902323681441601
miniFE.c 25 Ap -153.3977569832996721
miniFE.c 25 Ap -97.5962308011492041
miniFE.c 25 Ap -263.8135153589376500
miniFE.c 25 Ap -211.8022410792920880
miniFE.c 25 Ap -198.9860528441687393
miniFE.c 25 Ap 107.5904721580172918
miniFE.c 25 Ap 129.4070188091593536
miniFE.c 25 Ap 152.7047443123664436
miniFE.c 25 Ap -47.7373850303814464
miniFE.c 25 Ap 18.1531397980581772
miniFE.c 25 Ap -104.6619618759732901
miniFE.c 25 Ap -98.5617051360591887
miniFE.c 25 Ap -58.4429189530677888
miniFE.c 25 Ap -23.3297838318780606
miniFE.c 25 Ap 164.8454932882985986
miniFE.c 25 Ap 183.0324867455561275
miniFE.c 25 Ap -61.2206030497293483
miniFE.c 25 Ap -21.0188157677472205
miniFE.c 25 Ap -147.9363035850594770
miniFE.c 25 Ap -125.7868250867263242
miniFE.c 25 Ap -114.9401363559867946
miniFE.c 25 Ap -99.1363312996246151
miniFE.c 25 Ap -91.4710967265064312
miniFE.c 25 Ap 349.6598693430271396
miniFE.c 57 sum 3946.4141440336725282
miniFE.c 57 sum 5540.4094956994895256
miniFE.c 57 sum 9808.1522001943321811
miniFE.c 57 sum 10788.4432421877863817
miniFE.c 57 sum 10932.0162795679352712
miniFE.c 57 sum 11636.4006690605474432
miniFE.c 57 sum 12160.9686425252493791
miniFE.c 57 sum 14538.6565198100342968
miniFE.c 90 p_ap_dot 14538.6565198100342968
miniFE.c 91 alpha 0.0158791999787618
miniFE.c 40 y 1.0397605139105470
miniFE.c 40 y 1.9861457811598238
miniFE.c 40 y 1.0465058557439078
miniFE.c 40 y 2.0038694543567068
miniFE.c 40 y 0.9300008674381423
miniFE.c 40 y 1.9653745392289441
miniFE.c 40 y 1.0007206517262766
miniFE.c 40 y 2.0135150433919038
miniFE.c 40 y -1.4949776565024573
miniFE.c 40 y 0.6255242437493589
miniFE.c 40 y -1.7952065722983841
miniFE.c 40 y -0.5869632410765160
miniFE.c 40 y 3.5501529203965885
miniFE.c 40 y 1.2638670464817037
miniFE.c 40 y 0.5621202391790283
miniFE.c 40 y -1.2452304149995603
miniFE.c 82 oldrtrans 230.8622343005922062
miniFE.c 48 sum 2.2349581934415790
miniFE.c 48 sum 2.6262387729597862
miniFE.c 48 sum 5.8490054101830999
miniFE.c 48 sum 6.1935312565581482
miniFE.c 48 sum 18.7971170147585731
miniFE.c 48 sum 20.3944769259409568
miniFE.c 48 sum 20.7104560892356453
miniFE.c 48 sum 22.2610548756756224
miniFE.c 83 rtrans 22.2610548756756224
miniFE.c 84 beta 0.0964257100912001
miniFE.c 40 y -2.4161983313431454
miniFE.c 40 y 1.1829790203050976
miniFE.c 40 y -2.7860526934169161
miniFE.c 40 y -0.1345661800229608
miniFE.c 40 y 3.8254376313119578
miniFE.c 40 y 1.7086519497918833
miniFE.c 40 y 0.8384746734754513
miniFE.c 40 y -0.5895353752078980
miniFE.c 87 normr 4.7181622349889176
miniFE.c 25 Ap -162.1141263439522788
miniFE.c 25 Ap -144.2658712261481071
miniFE.c 25 Ap -170.2296897053240343
miniFE.c 25 Ap -172.0754653679471744
miniFE.c 25 Ap -118.2767675293782759
miniFE.c 25 Ap -90.8419683627398769
miniFE.c 25 Ap -86.6523183611020613
miniFE.c 25 Ap -90.4300981861629083
miniFE.c 25 Ap -36.4545131340562776
miniFE.c 25 Ap 42.1385790165551626
miniFE.c 25 Ap 2.0417922344797077
miniFE.c 25 Ap 1.2392642969998935
miniFE.c 25 Ap 43.0651074370886278
miniFE.c 25 Ap 59.5574705578985260
miniFE.c 25 Ap 69.1139101861143672
miniFE.c 25 Ap 65.0143389613854197
miniFE.c 25 Ap -22.5170669000313488
miniFE.c 25 Ap -5.4916683291709916
miniFE.c 25 Ap -194.0352490482097778
miniFE.c 25 Ap -195.3287227196719869
miniFE.c 25 Ap -131.0683328101200686
miniFE.c 25 Ap -103.4297085523910056
miniFE.c 25 Ap -93.4083095634928213
miniFE.c 25 Ap -100.6897612036993621
miniFE.c 25 Ap -33.1417602498849391
miniFE.c 25 Ap -26.0866910409250750
miniFE.c 25 Ap -52.8667170892698266
miniFE.c 25 Ap -61.6675753709393035
miniFE.c 25 Ap -47.6354416902723372
miniFE.c 25 Ap -28.6935141265939961
miniFE.c 25 Ap -27.6033016864769891
miniFE.c 25 Ap -30.3865146998239801
miniFE.c 25 Ap -33.9799877749945054
miniFE.c 25 Ap -21.0457565287964883
miniFE.c 25 Ap -67.8463711622986523
miniFE.c 25 Ap -68.3399749820350308
miniFE.c 25 Ap 186.2859738095043554
miniFE.c 25 Ap 193.9564661030737227
miniFE.c 25 Ap 205.7392656080352538
miniFE.c 25 Ap 203.4994214546636329
miniFE.c 25 Ap -38.7954468873780769
miniFE.c 25 Ap -27.3770187109738750
miniFE.c 25 Ap -72.4433434033509513
miniFE.c 25 Ap -73.9351292728056961
miniFE.c 25 Ap -56.7619478802566348
miniFE.c 25 Ap 56.8006479947877310
miniFE.c 25 Ap 63.1833176047298295
miniFE.c 25 Ap 61.1634898219919165
miniFE.c 25 Ap -12.0731438445355241
miniFE.c 25 Ap 1.4097530712799990
miniFE.c 25 Ap -31.8889815572773756
miniFE.c 25 Ap -32.0639489452271675
miniFE.c 25 Ap 21.6936254388051282
miniFE.c 25 Ap 34.7002924484369402
miniFE.c 25 Ap 89.7530302544228107
miniFE.c 25 Ap 88.1762842899128998
miniFE.c 25 Ap -15.4831511277417508
miniFE.c 25 Ap -7.2568309524840924
miniFE.c 25 Ap -41.6678413978343016
miniFE.c 25 Ap -42.3031321015757413
miniFE.c 25 Ap -27.7690015423022274
miniFE.c 25 Ap -21.9149292943020129
miniFE.c 25 Ap -19.6723809870355311
miniFE.c 25 Ap -57.9168259638898277
miniFE.c 57 sum 218.4970523406036307
miniFE.c 57 sum 295.4076513509269262
miniFE.c 57 sum 575.9346317519996319
miniFE.c 57 sum 580.0236289593665333
miniFE.c 57 sum 1358.4979737422486323
miniFE.c 57 sum 1463.0050898826712000
miniFE.c 57 sum 1536.9386710609344391
miniFE.c 57 sum 1571.0826887864068340
miniFE.c 90 p_ap_dot 1571.0826887864068340
miniFE.c 91 alpha 0.0141692445818185
miniFE.c 40 y 1.0055248087955644
miniFE.c 40 y 2.0029077002336866
miniFE.c 40 y 1.0070295937130493
miniFE.c 40 y 2.0019627532395203
miniFE.c 40 y 0.9842044288686937
miniFE.c 40 y 1.9895848466107464
miniFE.c 40 y 1.0126012044504107
miniFE.c 40 y 2.0051617724709487
miniFE.c 40 y -0.2136514777448542
miniFE.c 40 y -0.2956798263197623
miniFE.c 40 y -0.3685087189182692
miniFE.c 40 y -0.1564092823056871
miniFE.c 40 y 0.6667198455468979
miniFE.c 40 y 0.3972265997163342
miniFE.c 40 y -0.6872710992407070
miniFE.c 40 y -0.4245927425145898
miniFE.c 82 oldrtrans 22.2610548756756224
miniFE.c 48 sum 0.0456469539425599
miniFE.c 48 sum 0.1330735136350447
miniFE.c 48 sum 0.2688721895538286
miniFE.c 48 sum 0.2933360531452087
miniFE.c 48 sum 0.7378514055912881
miniFE.c 48 sum 0.8956403771134890
miniFE.c 48 sum 1.3679819409650187
miniFE.c 48 sum 1.5482609379610794
miniFE.c 83 rtrans 1.5482609379610794
miniFE.c 84 beta 0.0695502053522560
miniFE.c 40 y -0.3816985678615482
miniFE.c 40 y -0.2134033925301321
miniFE.c 40 y -0.5622792558676216
miniFE.c 40 y -0.1657683877597526
miniFE.c 40 y 0.9327798183668923
miniFE.c 40 y 0.5160636936998924
miniFE.c 40 y -0.6289550135178235
miniFE.c 40 y -0.4655950489227184
miniFE.c 87 normr 1.2442913396632957
miniFE.c 25 Ap -25.6099547180858984
miniFE.c 25 Ap -28.8296890730538919
miniFE.c 25 Ap -34.0696892239657600
miniFE.c 25 Ap -36.3434496569885326
miniFE.c 25 Ap -23.2253846315693977
miniFE.c 25 Ap -14.9392595400464465
miniFE.c 25 Ap -18.0819917617516595
miniFE.c 25 Ap -21.0655541677365221
miniFE.c 25 Ap -5.7588962275395019
miniFE.c 25 Ap -19.9366899216729507
miniFE.c 25 Ap -28.0289961037420845
miniFE.c 25 Ap -29.0176082669579003
miniFE.c 25 Ap -18.8189575170634633
miniFE.c 25 Ap -13.8377734725295785
miniFE.c 25 Ap -21.0062316331477561
miniFE.c 25 Ap -24.2439339750415463
miniFE.c 25 Ap -3.5571302556967219
miniFE.c 25 Ap -6.6284254788886079
miniFE.c 25 Ap -44.6801624456070670
miniFE.c 25 Ap -46.2735571982216669
miniFE.c 25 Ap -30.6045539089273078
miniFE.c 25 Ap -22.2568675793828987
miniFE.c 25 Ap -29.7741001636471125
miniFE.c 25 Ap -35.5247437640499228
miniFE.c 25 Ap -5.2355645890872475
miniFE.c 25 Ap -6.5082631559127302
miniFE.c 25 Ap -11.9129897621820859
miniFE.c 25 Ap -22.7545257856129766
miniFE.c 25 Ap -19.3329849405035574
miniFE.c 25 Ap -13.6119595991528577
miniFE.c 25 Ap -14.4297476632441786
miniFE.c 25 Ap -16.6278349258697027
miniFE.c 25 Ap -5.3679834562497755
miniFE.c 25 Ap -7.7012529228511539
miniFE.c 25 Ap -17.1465210731815176
miniFE.c 25 Ap -17.7545780855437201
miniFE.c 25 Ap 44.3324219275277756
miniFE.c 25 Ap 46.6491386737311871
miniFE.c 25 Ap 37.8106477134698125
miniFE.c 25 Ap 36.0416947514858705
miniFE.c 25 Ap -6.1287048850121630
miniFE.c 25 Ap -8.1885311950154112
miniFE.c 25 Ap -17.2837861313607384
miniFE.c 25 Ap -19.1214762435427019
miniFE.c 25 Ap -14.9340345534713208
miniFE.c 25 Ap 19.3652460581019241
miniFE.c 25 Ap 14.5774901749560222
miniFE.c 25 Ap 12.9822986820151840
miniFE.c 25 Ap -1.9072530823593268
miniFE.c 25 Ap -4.3394990424161808
miniFE.c 25 Ap -11.0598269717906419
miniFE.c 25 Ap -11.2753644999126692
miniFE.c 25 Ap 1.8326731424590221
miniFE.c 25 Ap 5.7610733181253968
miniFE.c 25 Ap -35.5349807504305559
miniFE.c 25 Ap -36.7802412476921532
miniFE.c 25 Ap -2.4459484698665763
miniFE.c 25 Ap -3.9299347479886473
miniFE.c 25 Ap -10.8747414246831404
miniFE.c 25 Ap -11.6573386248117892
miniFE.c 25 Ap -8.1133928152573578
miniFE.c 25 Ap -6.3452889320428767
miniFE.c 25 Ap -8.0274649661320652
miniFE.c 25 Ap -38.2316307869554635
miniFE.c 57 sum 8.0406918570348989
miniFE.c 57 sum 13.2144296155852956
miniFE.c 57 sum 33.1892561041232170
miniFE.c 57 sum 35.9456254917199445
miniFE.c 57 sum 69.5645909756458991
miniFE.c 57 sum 76.2642839862019031
miniFE.c 57 sum 99.3974011173329330
miniFE.c 57 sum 117.1978591239807770
miniFE.c 90 p_ap_dot 117.1978591239807770
miniFE.c 91 alpha 0.0132106588766542
miniFE.c 40 y 1.0004823192218379
miniFE.c 40 y 2.0000885008118501
miniFE.c 40 y 0.9996015142703633
miniFE.c 40 y 1.9997728436162934
miniFE.c 40 y 0.9965270648561662
miniFE.c 40 y 1.9964023880268418
miniFE.c 40 y 1.0042922943180652
miniFE.c 40 y 1.9990109551049715
miniFE.c 40 y 0.0646383724127932
miniFE.c 40 y 0.0245985152526375
miniFE.c 40 y 0.1007965526291412
miniFE.c 40 y 0.0632553727572935
miniFE.c 40 y 0.1905853108485217
miniFE.c 40 y 0.2257218803933948
miniFE.c 40 y -0.2013798787164014
miniFE.c 40 y 0.0804722901100676
miniFE.c 82 oldrtrans 1.5482609379610794
miniFE.c 48 sum 0.0041781191881749
miniFE.c 48 sum 0.0047832061408092
miniFE.c 48 sum 0.0149431511627284
miniFE.c 48 sum 0.0189443933453926
miniFE.c 48 sum 0.0552671540566202
miniFE.c 48 sum 0.1062175213449502
miniFE.c 48 sum 0.1467713768967828
miniFE.c 48 sum 0.1532471663723416
miniFE.c 83 rtrans 0.1532471663723416
miniFE.c 84 beta 0.0989801929474203
miniFE.c 40 y 0.0268577745181031
miniFE.c 40 y 0.0034758062843709
miniFE.c 40 y 0.0451420433930320
miniFE.c 40 y 0.0468475857522503
miniFE.c 40 y 0.2829120372479364
miniFE.c 40 y 0.2768019643689686
miniFE.c 40 y -0.2636339673096429
miniFE.c 40 y 0.0343876023323333
miniFE.c 87 normr 0.3914679634048508
miniFE.c 25 Ap 1.8020145925375195
miniFE.c 25 Ap 1.8544559936432805
miniFE.c 25 Ap 2.2751443112781891
miniFE.c 25 Ap 2.9177287527730735
miniFE.c 25 Ap 6.8964367265260744
miniFE.c 25 Ap 11.3408797872199827
miniFE.c 25 Ap 10.0235662337975899
miniFE.c 25 Ap 10.2439241559621284
miniFE.c 25 Ap 0.4052180159306069
miniFE.c 25 Ap 0.6361387329647830
miniFE.c 25 Ap 1.2858216672159983
miniFE.c 25 Ap 1.5652120486866410
miniFE.c 25 Ap 4.6584619282610511
miniFE.c 25 Ap 7.3302281176728581
miniFE.c 25 Ap 4.3254837023182606
miniFE.c 25 Ap 4.5646117189522784
miniFE.c 25 Ap 0.2502933214401754
miniFE.c 25 Ap 0.3003170212106536
miniFE.c 25 Ap 3.3552637285746094
miniFE.c 25 Ap 3.8055709211527464
miniFE.c 25 Ap 8.5579782470102863
miniFE.c 25 Ap 13.0354410140337684
miniFE.c 25 Ap 9.8845036547869540
miniFE.c 25 Ap 10.3092307770860003
miniFE.c 25 Ap 0.3683943955998164
miniFE.c 25 Ap 0.3891234647314484
miniFE.c 25 Ap 0.8230366856828663
miniFE.c 25 Ap 3.8869489032516746
miniFE.c 25 Ap 4.9247019420252771
miniFE.c 25 Ap 7.9932980708035819
miniFE.c 25 Ap 7.6505124865866634
miniFE.c 25 Ap 7.8128573200504743
miniFE.c 25 Ap 0.3777118947356367
miniFE.c 25 Ap 0.4157150050844978
miniFE.c 25 Ap 1.1740191755684606
miniFE.c 25 Ap 1.3458613670373192
miniFE.c 25 Ap 20.1768430354268986
miniFE.c 25 Ap 21.4194643514858214
miniFE.c 25 Ap 17.7147058444322951
miniFE.c 25 Ap 17.8453559687024175
miniFE.c 25 Ap 0.4312391707724711
miniFE.c 25 Ap 0.4647885775936911
miniFE.c 25 Ap 1.1949922774859256
miniFE.c 25 Ap 1.7143394599009403
miniFE.c 25 Ap 2.9843901578986372
miniFE.c 25 Ap 21.3815538522837763
miniFE.c 25 Ap 19.3747090846045857
miniFE.c 25 Ap 19.4925256525214756
miniFE.c 25 Ap 0.1342016385388808
miniFE.c 25 Ap 0.1738168278424331
miniFE.c 25 Ap 0.7133518219533486
miniFE.c 25 Ap 0.7742645989187543
miniFE.c 25 Ap 4.7499312682713404
miniFE.c 25 Ap 6.8570139767174130
miniFE.c 25 Ap -10.4527177756925855
miniFE.c 25 Ap -10.3607461731614272
miniFE.c 25 Ap 0.1721063111517995
miniFE.c 25 Ap 0.1962767274242992
miniFE.c 25 Ap 0.7538337795190149
miniFE.c 25 Ap 0.9750025435877898
miniFE.c 25 Ap 2.0498809973612899
miniFE.c 25 Ap 2.9982418955545662
miniFE.c 25 Ap 2.2931378228487898
miniFE.c 25 Ap 4.5239365511203378
miniFE.c 57 sum 0.2751290051613808
miniFE.c 57 sum 0.2909947112598284
miniFE.c 57 sum 0.7563744543478261
miniFE.c 57 sum 1.1223879576189875
miniFE.c 57 sum 6.1710539701392095
miniFE.c 57 sum 11.5666233612696665
miniFE.c 57 sum 14.2980679791884135
miniFE.c 57 sum 14.4536353102850477
miniFE.c 90 p_ap_dot 14.4536353102850477
miniFE.c 91 alpha 0.0106026728281495
miniFE.c 40 y 1.0007670834179456
miniFE.c 40 y 2.0001253536486971
miniFE.c 40 y 1.0000801405872537
miniFE.c 40 y 2.0002695532408130
miniFE.c 40 y 0.9995266886262513
miniFE.c 40 y 1.9993372286932352
miniFE.c 40 y 1.0014970696162939
miniFE.c 40 y 1.9993755556018458
miniFE.c 40 y -0.0439746038892509
miniFE.c 40 y -0.0237985693909507
miniFE.c 40 y -0.0085088484101913
miniFE.c 40 y -0.0195817972602148
miniFE.c 40 y 0.0013768400105048
miniFE.c 40 y 0.0190490083053980
miniFE.c 40 y -0.0915282767868687
miniFE.c 40 y 0.0325064709632316
miniFE.c 82 oldrtrans 0.1532471663723416
miniFE.c 48 sum 0.0019337657872165
miniFE.c 48 sum 0.0025001376922724
miniFE.c 48 sum 0.0025725381935400
miniFE.c 48 sum 0.0029559849774802
miniFE.c 48 sum 0.0029578806658947
miniFE.c 48 sum 0.0033207453833138
miniFE.c 48 sum 0.0116981708348875
miniFE.c 48 sum 0.0127548414893709
miniFE.c 83 rtrans 0.0127548414893709
miniFE.c 84 beta 0.0832305209375337
miniFE.c 40 y -0.0417392173248864
miniFE.c 40 y -0.0235092762232245
miniFE.c 40 y -0.0047516526224045
miniFE.c 40 y -0.0156826482933892
miniFE.c 40 y 0.0249237562501495
miniFE.c 40 y 0.0420873799963599
miniFE.c 40 y -0.1134706692228790
miniFE.c 40 y 0.0353685690191444
miniFE.c 87 normr 0.1129373343468443
miniFE.c 25 Ap -2.8004806820402282
miniFE.c 25 Ap -3.1551780625219390
miniFE.c 25 Ap -3.1994597254121349
miniFE.c 25 Ap -3.4145706139019247
miniFE.c 25 Ap -3.0640576110160098
miniFE.c 25 Ap -2.3882858028424572
miniFE.c 25 Ap -2.9552705962232162
miniFE.c 25 Ap -2.7286265777286904
miniFE.c 25 Ap -0.6297425283500896
miniFE.c 25 Ap -2.1916186739892050
miniFE.c 25 Ap -2.2600043159812713
miniFE.c 25 Ap -2.3535327447957584
miniFE.c 25 Ap -2.0810261142215616
miniFE.c 25 Ap -1.6747875272536170
miniFE.c 25 Ap -2.9680592673611499
miniFE.c 25 Ap -2.7221097045217832
miniFE.c 25 Ap -0.3889766567039064
miniFE.c 25 Ap -0.7273214548302669
miniFE.c 25 Ap -1.0488852220476024
miniFE.c 25 Ap -1.1996295819071106
miniFE.c 25 Ap -0.7809558381409744
miniFE.c 25 Ap -0.1001634264076557
miniFE.c 25 Ap -1.4563580567193517
miniFE.c 25 Ap -1.0195148481071654
miniFE.c 25 Ap -0.5725155570446309
miniFE.c 25 Ap -0.7127205547331168
miniFE.c 25 Ap -0.7583942712788774
miniFE.c 25 Ap -1.7840662869951109
miniFE.c 25 Ap -1.6926431576088625
miniFE.c 25 Ap -1.2260670925810164
miniFE.c 25 Ap -1.3736054012366881
miniFE.c 25 Ap -1.2066293965773747
miniFE.c 25 Ap -0.5869957263189803
miniFE.c 25 Ap -0.8440369839259900
miniFE.c 25 Ap -0.9238560999746122
miniFE.c 25 Ap -0.9813818103713725
miniFE.c 25 Ap 0.6775748095714531
miniFE.c 25 Ap 0.8665137704627719
miniFE.c 25 Ap -0.7280509640988104
miniFE.c 25 Ap -0.5936738158187522
miniFE.c 25 Ap -0.6701815690553057
miniFE.c 25 Ap -0.8970993566293440
miniFE.c 25 Ap -0.9739606164370457
miniFE.c 25 Ap -1.1478167303262459
miniFE.c 25 Ap -1.0359288293017810
miniFE.c 25 Ap 1.7613360709888848
miniFE.c 25 Ap 0.8975702173743859
miniFE.c 25 Ap 1.0187477095907924
miniFE.c 25 Ap -0.2085605176465607
miniFE.c 25 Ap -0.4765053775659020
miniFE.c 25 Ap -0.5332968446097228
miniFE.c 25 Ap -0.5536879414481811
miniFE.c 25 Ap -0.2034428689419553
miniFE.c 25 Ap 0.1169363264741552
miniFE.c 25 Ap -7.3333435674954757
miniFE.c 25 Ap -7.2387483136453401
miniFE.c 25 Ap -0.2674675341885634
miniFE.c 25 Ap -0.4309487371357968
miniFE.c 25 Ap -0.4896372064560602
miniFE.c 25 Ap -0.5636754281633027
miniFE.c 25 Ap -0.4689816539393722
miniFE.c 25 Ap -0.3247846082755438
miniFE.c 25 Ap -0.6282683809402793
miniFE.c 25 Ap 1.6661677948120821
miniFE.c 57 sum 0.1138907377262788
miniFE.c 57 sum 0.1778855666798014
miniFE.c 57 sum 0.1827299470813901
miniFE.c 57 sum 0.2016530915283775
miniFE.c 57 sum 0.1868565100508148
miniFE.c 57 sum 0.2297329320247837
miniFE.c 57 sum 1.0511185475101070
miniFE.c 57 sum 1.1100485181583939
miniFE.c 90 p_ap_dot 1.1100485181583939
miniFE.c 91 alpha 0.0114903459449967
miniFE.c 40 y 1.0002874853714092
miniFE.c 40 y 1.9998552239319758
miniFE.c 40 y 1.0000255424548119
miniFE.c 40 y 2.0000893541865881
miniFE.c 40 y 0.9998130712078143
miniFE.c 40 y 1.9998208272493119
miniFE.c 40 y 1.0001932523723127
miniFE.c 40 y 1.9997819526954552
miniFE.c 40 y -0.0126217405564359
miniFE.c 40 y 0.0074794128142374
miniFE.c 40 y 0.0032057298906208
miniFE.c 40 y -0.0057172080661381
miniFE.c 40 y 0.0081983575327485
miniFE.c 40 y 0.0073432446915268
miniFE.c 40 y -0.0083525544543223
miniFE.c 40 y 0.0133616265984285
miniFE.c 82 oldrtrans 0.0127548414893709
miniFE.c 48 sum 0.0001593083346740
miniFE.c 48 sum 0.0002152499507198
miniFE.c 48 sum 0.0002255266548514
miniFE.c 48 sum 0.0002582131229229
miniFE.c 48 sum 0.0003254261891577
miniFE.c 48 sum 0.0003793494317573
miniFE.c 48 sum 0.0004491145976697
miniFE.c 48 sum 0.0006276476630256
miniFE.c 83 rtrans 0.0006276476630256
miniFE.c 84 beta 0.0492085819763887
miniFE.c 40 y -0.0146756682537978
miniFE.c 40 y 0.0063225546680013
miniFE.c 40 y 0.0029719078030279
miniFE.c 40 y -0.0064889289502902
miniFE.c 40 y 0.0094248202353435
miniFE.c 40 y 0.0094143049802491
miniFE.c 40 y -0.0139362851826920
miniFE.c 40 y 0.0151020637263946
miniFE.c 87 normr 0.0250528972980282
miniFE.c 25 Ap -0.9846597055447719
miniFE.c 25 Ap -0.8892678458635696
miniFE.c 25 Ap -0.8615720040307905
miniFE.c 25 Ap -0.9505773330881567
miniFE.c 25 Ap -0.8180322219422241
miniFE.c 25 Ap -0.6668723754573532
miniFE.c 25 Ap -0.7365085363165398
miniFE.c 25 Ap -0.6397335605277883
miniFE.c 25 Ap -0.2214198785625874
miniFE.c 25 Ap 0.1986290936679980
miniFE.c 25 Ap 0.2414007016119415
miniFE.c 25 Ap 0.2027019233153375
miniFE.c 25 Ap 0.3057492320886919
miniFE.c 25 Ap 0.3966186079631805
miniFE.c 25 Ap 0.2377810518591151
miniFE.c 25 Ap 0.3427993230102181
miniFE.c 25 Ap -0.1367656783744800
miniFE.c 25 Ap -0.0457716612692460
miniFE.c 25 Ap 0.1553494948645668
miniFE.c 25 Ap 0.0929767742318109
miniFE.c 25 Ap 0.2512966010127540
miniFE.c 25 Ap 0.4035794799387188
miniFE.c 25 Ap 0.2370138356122952
miniFE.c 25 Ap 0.4235419920478287
miniFE.c 25 Ap -0.2012986568465354
miniFE.c 25 Ap -0.1635921041566348
miniFE.c 25 Ap -0.1350256062700650
miniFE.c 25 Ap -0.5594126556875503
miniFE.c 25 Ap -0.5248413594844439
miniFE.c 25 Ap -0.4204754100469507
miniFE.c 25 Ap -0.4385958279388978
miniFE.c 25 Ap -0.3672985622288044
miniFE.c 25 Ap -0.2063899396771429
miniFE.c 25 Ap -0.1372615927335377
miniFE.c 25 Ap -0.0873389505148704
miniFE.c 25 Ap -0.1111410686645773
miniFE.c 25 Ap 0.5161868414733850
miniFE.c 25 Ap 0.5584496052908540
miniFE.c 25 Ap 0.3626077279554457
miniFE.c 25 Ap 0.4199855725495584
miniFE.c 25 Ap -0.2356383997502795
miniFE.c 25 Ap -0.1746114202951897
miniFE.c 25 Ap -0.1265387609648292
miniFE.c 25 Ap -0.1984743135255621
miniFE.c 25 Ap -0.1561643445513162
miniFE.c 25 Ap 0.4695411492133214
miniFE.c 25 Ap 0.3634548156305113
miniFE.c 25 Ap 0.4151965247357424
miniFE.c 25 Ap -0.0733306746985008
miniFE.c 25 Ap -0.0012699268998766
miniFE.c 25 Ap 0.0342501368474447
miniFE.c 25 Ap 0.0258130172916220
miniFE.c 25 Ap 0.1582568116200247
miniFE.c 25 Ap 0.2299207511485708
miniFE.c 25 Ap -0.6851106486336559
miniFE.c 25 Ap -0.6447193183797810
miniFE.c 25 Ap -0.0940426067374365
miniFE.c 25 Ap -0.0500761811865132
miniFE.c 25 Ap -0.0133696426869890
miniFE.c 25 Ap -0.0440040579513198
miniFE.c 25 Ap -0.0081959802880101
miniFE.c 25 Ap 0.0240586995054955
miniFE.c 25 Ap -0.0132146895838697
miniFE.c 25 Ap 0.9664891068462733
miniFE.c 57 sum 0.0093885175051267
miniFE.c 57 sum 0.0115558849650126
miniFE.c 57 sum 0.0128146127160896
miniFE.c 57 sum 0.0151979869899360
miniFE.c 57 sum 0.0191562755126534
miniFE.c 57 sum 0.0230650622232552
miniFE.c 57 sum 0.0320500545069867
miniFE.c 57 sum 0.0466460345894453
miniFE.c 90 p_ap_dot 0.0466460345894453
miniFE.c 91 alpha 0.0134555416885870
miniFE.c 40 y 1.0000900163054123
miniFE.c 40 y 1.9999402973298894
miniFE.c 40 y 1.0000655310841502
miniFE.c 40 y 2.0000020421325830
miniFE.c 40 y 0.9999398872693984
miniFE.c 40 y 1.9999475018224426
miniFE.c 40 y 1.0000057321060529
miniFE.c 40 y 1.9999851591435094
miniFE.c 40 y -0.0040137789631660
miniFE.c 40 y 0.0028668622326540
miniFE.c 40 y -0.0024932570402459
miniFE.c 40 y -0.0007750069499104
miniFE.c 40 y 0.0025472241527029
miniFE.c 40 y 0.0017565505439885
miniFE.c 40 y 0.0003224932115743
miniFE.c 40 y 0.0003569921296933
