filename line variable value
miniFE.c 167 A 67.0947100000000063
miniFE.c 167 A 15.0875500000000002
miniFE.c 167 A 9.3192129999999995
miniFE.c 167 A 13.7164900000000003
miniFE.c 167 A 14.0634099999999993
miniFE.c 167 A 16.0564000000000000
miniFE.c 167 A 4.9967519999999999
miniFE.c 167 A 6.4080630000000003
miniFE.c 167 A 15.0875500000000002
miniFE.c 167 A 66.4365899999999954
miniFE.c 167 A 14.3919700000000006
miniFE.c 167 A 5.9638159999999996
miniFE.c 167 A 10.9336099999999998
miniFE.c 167 A 9.6522659999999991
miniFE.c 167 A 11.3974100000000007
miniFE.c 167 A 6.9539020000000002
miniFE.c 167 A 9.3192129999999995
miniFE.c 167 A 14.3919700000000006
miniFE.c 167 A 67.6740900000000067
miniFE.c 167 A 9.6121750000000006
miniFE.c 167 A 16.7981799999999986
miniFE.c 167 A 16.1756899999999995
miniFE.c 167 A 11.9519400000000005
miniFE.c 167 A 12.3511699999999998
miniFE.c 167 A 13.7164900000000003
miniFE.c 167 A 5.9638159999999996
miniFE.c 167 A 9.6121750000000006
miniFE.c 167 A 65.4017099999999942
miniFE.c 167 A 3.6681119999999998
miniFE.c 167 A 11.0858899999999991
miniFE.c 167 A 1.3002330000000000
miniFE.c 167 A 4.7210279999999996
miniFE.c 167 A 14.0634099999999993
miniFE.c 167 A 10.9336099999999998
miniFE.c 167 A 16.7981799999999986
miniFE.c 167 A 3.6681119999999998
miniFE.c 167 A 66.5612600000000043
miniFE.c 167 A 4.4892070000000004
miniFE.c 167 A 14.0526599999999995
miniFE.c 167 A 3.7993380000000001
miniFE.c 167 A 16.0564000000000000
miniFE.c 167 A 9.6522659999999991
miniFE.c 167 A 16.1756899999999995
miniFE.c 167 A 11.0858899999999991
miniFE.c 167 A 4.4892070000000004
miniFE.c 167 A 66.4632699999999943
miniFE.c 167 A 7.6122389999999998
miniFE.c 167 A 3.4261349999999999
miniFE.c 167 A 4.9967519999999999
miniFE.c 167 A 11.3974100000000007
miniFE.c 167 A 11.9519400000000005
miniFE.c 167 A 1.3002330000000000
miniFE.c 167 A 14.0526599999999995
miniFE.c 167 A 7.6122389999999998
miniFE.c 167 A 65.6581999999999937
miniFE.c 167 A 2.6745570000000001
miniFE.c 167 A 6.4080630000000003
miniFE.c 167 A 6.9539020000000002
miniFE.c 167 A 12.3511699999999998
miniFE.c 167 A 4.7210279999999996
miniFE.c 167 A 3.7993380000000001
miniFE.c 167 A 3.4261349999999999
miniFE.c 167 A 2.6745570000000001
miniFE.c 167 A 64.8721800000000002
miniFE.c 175 b 198.0110999999999990
miniFE.c 175 b 229.8237000000000023
miniFE.c 175 b 210.8053999999999917
miniFE.c 175 b 202.6418999999999926
miniFE.c 175 b 157.2561000000000035
miniFE.c 175 b 225.5886000000000138
miniFE.c 175 b 142.6283999999999992
miniFE.c 175 b 185.1795999999999935
miniFE.c 33 r 0.0000000000000000
miniFE.c 33 r 0.0000000000000000
miniFE.c 33 r 0.0000000000000000
miniFE.c 33 r 0.0000000000000000
miniFE.c 33 r 0.0000000000000000
miniFE.c 33 r 0.0000000000000000
miniFE.c 33 r 0.0000000000000000
miniFE.c 33 r 0.0000000000000000
miniFE.c 25 Ap 0.0000000000000000
miniFE.c 25 Ap 0.0000000000000000
miniFE.c 25 Ap 0.0000000000000000
miniFE.c 25 Ap 0.0000000000000000
miniFE.c 25 Ap 0.0000000000000000
miniFE.c 25 Ap 0.0000000000000000
miniFE.c 25 Ap 0.0000000000000000
miniFE.c 25 Ap 0.0000000000000000
miniFE.c 25 Ap 0.0000000000000000
miniFE.c 25 Ap 0.0000000000000000
miniFE.c 25 Ap 0.0000000000000000
miniFE.c 25 Ap 0.0000000000000000
miniFE.c 25 Ap 0.0000000000000000
miniFE.c 25 Ap 0.0000000000000000
miniFE.c 25 Ap 0.0000000000000000
miniFE.c 25 Ap 0.0000000000000000
miniFE.c 25 Ap 0.0000000000000000
miniFE.c 25 Ap 0.0000000000000000
miniFE.c 25 Ap 0.0000000000000000
miniFE.c 25 Ap 0.0000000000000000
miniFE.c 25 Ap 0.0000000000000000
miniFE.c 25 Ap 0.0000000000000000
miniFE.c 25 Ap 0.0000000000000000
miniFE.c 25 Ap 0.0000000000000000
miniFE.c 25 Ap 0.0000000000000000
miniFE.c 25 Ap 0.0000000000000000
miniFE.c 25 Ap 0.0000000000000000
miniFE.c 25 Ap 0.0000000000000000
miniFE.c 25 Ap 0.0000000000000000
miniFE.c 25 Ap 0.0000000000000000
miniFE.c 25 Ap 0.0000000000000000
miniFE.c 25 Ap 0.0000000000000000
miniFE.c 25 Ap 0.0000000000000000
miniFE.c 25 Ap 0.0000000000000000
miniFE.c 25 Ap 0.0000000000000000
miniFE.c 25 Ap 0.0000000000000000
miniFE.c 25 Ap 0.0000000000000000
miniFE.c 25 Ap 0.0000000000000000
miniFE.c 25 Ap 0.0000000000000000
miniFE.c 25 Ap 0.0000000000000000
miniFE.c 25 Ap 0.0000000000000000
miniFE.c 25 Ap 0.0000000000000000
miniFE.c 25 Ap 0.0000000000000000
miniFE.c 25 Ap 0.0000000000000000
miniFE.c 25 Ap 0.0000000000000000
miniFE.c 25 Ap 0.0000000000000000
miniFE.c 25 Ap 0.0000000000000000
miniFE.c 25 Ap 0.0000000000000000
miniFE.c 25 Ap 0.0000000000000000
miniFE.c 25 Ap 0.0000000000000000
miniFE.c 25 Ap 0.0000000000000000
miniFE.c 25 Ap 0.0000000000000000
miniFE.c 25 Ap 0.0000000000000000
miniFE.c 25 Ap 0.0000000000000000
miniFE.c 25 Ap 0.0000000000000000
miniFE.c 25 Ap 0.0000000000000000
miniFE.c 25 Ap 0.0000000000000000
miniFE.c 25 Ap 0.0000000000000000
miniFE.c 25 Ap 0.0000000000000000
miniFE.c 25 Ap 0.0000000000000000
miniFE.c 25 Ap 0.0000000000000000
miniFE.c 25 Ap 0.0000000000000000
miniFE.c 25 Ap 0.0000000000000000
miniFE.c 25 Ap 0.0000000000000000
miniFE.c 33 r 198.0110999999999990
miniFE.c 33 r 229.8237000000000023
miniFE.c 33 r 210.8053999999999917
miniFE.c 33 r 202.6418999999999926
miniFE.c 33 r 157.2561000000000035
miniFE.c 33 r 225.5886000000000138
miniFE.c 33 r 142.6283999999999992
miniFE.c 33 r 185.1795999999999935
miniFE.c 48 sum 39208.3957232100001420
miniFE.c 48 sum 92027.3288048999966122
miniFE.c 48 sum 136466.2454740600078367
miniFE.c 48 sum 177529.9851096700003836
miniFE.c 48 sum 202259.4660968800017145
miniFE.c 48 sum 253149.6825468399911188
miniFE.c 48 sum 273492.5430333999684080
miniFE.c 48 sum 307784.0272895599482581
miniFE.c 75 rtrans 307784.0272895599482581
miniFE.c 76 normr 554.7828649927464539
miniFE.c 33 r 198.0110999999999990
miniFE.c 33 r 229.8237000000000023
miniFE.c 33 r 210.8053999999999917
miniFE.c 33 r 202.6418999999999926
miniFE.c 33 r 157.2561000000000035
miniFE.c 33 r 225.5886000000000138
miniFE.c 33 r 142.6283999999999992
miniFE.c 33 r 185.1795999999999935
miniFE.c 87 normr 554.7828649927464539
miniFE.c 25 Ap -13285.4973312810016068
miniFE.c 25 Ap -9818.0207663460023468
miniFE.c 25 Ap -7853.4803421958022227
miniFE.c 25 Ap -5073.9447472648025723
miniFE.c 25 Ap -2862.3877379638024649
miniFE.c 25 Ap 759.7530590761975873
miniFE.c 25 Ap 1472.4318020329974388
miniFE.c 25 Ap 2659.0743451477974304
miniFE.c 25 Ap 2987.5023718050001662
miniFE.c 25 Ap 18256.2053009880000900
miniFE.c 25 Ap 21290.1102936259994749
miniFE.c 25 Ap 22498.6292991164009436
miniFE.c 25 Ap 24218.0061666374022025
miniFE.c 25 Ap 26395.4473404050004319
miniFE.c 25 Ap 28021.0416928490012651
miniFE.c 25 Ap 29308.7624836482027604
miniFE.c 25 Ap 1845.3076172643000064
miniFE.c 25 Ap 5152.9234129532997031
miniFE.c 25 Ap 19418.9870250392996240
miniFE.c 25 Ap 21366.8164301717988565
miniFE.c 25 Ap 24008.4327040697971825
miniFE.c 25 Ap 27657.4839652037990163
miniFE.c 25 Ap 29362.1700442997971550
miniFE.c 25 Ap 31649.3547644317950471
miniFE.c 25 Ap 2716.0172730389999742
miniFE.c 25 Ap 4086.6435322781999275
miniFE.c 25 Ap 6112.9419280231995799
miniFE.c 25 Ap 19366.0687056721981207
miniFE.c 25 Ap 19942.9016931553996983
miniFE.c 25 Ap 22443.7520980093977414
miniFE.c 25 Ap 22629.2022504265987664
miniFE.c 25 Ap 23503.4403270553993934
miniFE.c 25 Ap 2784.7112838509997346
miniFE.c 25 Ap 5297.5139884079999320
miniFE.c 25 Ap 8838.6610425799990480
miniFE.c 25 Ap 9581.9742276727993158
miniFE.c 25 Ap 20049.1383863587980159
miniFE.c 25 Ap 21061.8523085989982064
miniFE.c 25 Ap 23066.1607201429978886
miniFE.c 25 Ap 23769.7206112477979332
miniFE.c 25 Ap 3179.3454260399998930
miniFE.c 25 Ap 5397.6649115441996400
miniFE.c 25 Ap 8807.5877122702004272
miniFE.c 25 Ap 11054.0535250612010714
miniFE.c 25 Ap 11760.0087099739012046
miniFE.c 25 Ap 26753.3647406958989450
miniFE.c 25 Ap 27839.0862096834971453
miniFE.c 25 Ap 28473.5365185294976982
miniFE.c 25 Ap 989.4123599472000024
miniFE.c 25 Ap 3608.8072965641999872
miniFE.c 25 Ap 6128.3407890401995246
miniFE.c 25 Ap 6391.8224746028990921
miniFE.c 25 Ap 8601.6889808288997301
miniFE.c 25 Ap 10318.9233197042995016
miniFE.c 25 Ap 19683.6473325842962367
miniFE.c 25 Ap 20178.9207280214977800
miniFE.c 25 Ap 1268.8676034993000030
miniFE.c 25 Ap 2867.0390905766998912
miniFE.c 25 Ap 5470.7324228946999938
miniFE.c 25 Ap 6427.4105067679001877
miniFE.c 25 Ap 7024.8795832297000743
miniFE.c 25 Ap 7797.7765812907000509
miniFE.c 25 Ap 8179.2443669095000587
miniFE.c 25 Ap 20192.2487104374995397
miniFE.c 57 sum 526526.2360644950531423
miniFE.c 57 sum 7262374.4724777154624462
miniFE.c 57 sum 13934229.3633356653153896
miniFE.c 57 sum 18697011.1677467934787273
miniFE.c 57 sum 22434944.7291612401604652
miniFE.c 57 sum 28858249.9694251827895641
miniFE.c 57 sum 31736337.1465897262096405
miniFE.c 57 sum 35475529.6858890578150749
miniFE.c 90 p_ap_dot 35475529.6858890578150749
miniFE.c 91 alpha 0.0086759529741986
miniFE.c 40 y 1.7179349919693365
miniFE.c 40 y 1.9939396135563270
miniFE.c 40 y 1.8289377371071256
miniFE.c 40 y 1.7581115950022554
miniFE.c 40 y 1.3643465285058727
miniFE.c 40 y 1.9571960851152985
miniFE.c 40 y 1.2374372911851876
miniFE.c 40 y 1.6066095013809072
miniFE.c 40 y 174.9410960265997801
miniFE.c 40 y -24.4577450400879854
miniFE.c 40 y -63.7829135999387233
miniFE.c 40 y -1.2728430094156238
miniFE.c 40 y -48.9688782330251229
miniFE.c 40 y -21.4464638438884663
miniFE.c 40 y -32.4429673063959001
miniFE.c 40 y 9.9925997449219039
miniFE.c 82 oldrtrans 307784.0272895599482581
miniFE.c 48 sum 30604.3870789880056691
miniFE.c 48 sum 31202.5683714339538710
miniFE.c 48 sum 35270.8284387312014587
miniFE.c 48 sum 35272.4485680578218307
miniFE.c 48 sum 37670.3996034586598398
miniFE.c 48 sum 38130.3504148658757913
miniFE.c 48 sum 39182.8965425097485422
miniFE.c 48 sum 39282.7485921719635371
miniFE.c 83 rtrans 39282.7485921719635371
miniFE.c 84 beta 0.1276308876003340
miniFE.c 40 y 200.2134284743182775
miniFE.c 40 y 4.8748577825049040
miniFE.c 40 y -36.8776332869952697
miniFE.c 40 y 24.5905225526025042
miniFE.c 40 y -28.8981426094582332
miniFE.c 40 y 7.3456094066282489
miniFE.c 40 y -14.2391780173804179
miniFE.c 40 y 33.6272364583967232
miniFE.c 87 normr 198.1987603194630481
miniFE.c 25 Ap 13433.2619215901286225
miniFE.c 25 Ap 13506.8115821265600971
miniFE.c 25 Ap 13163.1410625891603559
miniFE.c 25 Ap 13500.4367192767076631
miniFE.c 25 Ap 13094.0302915214269888
miniFE.c 25 Ap 13211.9743343980135251
miniFE.c 25 Ap 13140.8246931613120978
miniFE.c 25 Ap 13356.3101429026155529
miniFE.c 25 Ap 3020.7301127777009242
miniFE.c 25 Ap 3344.5990405822885805
miniFE.c 25 Ap 2813.8572486448510972
miniFE.c 25 Ap 2960.5106004924227818
miniFE.c 25 Ap 2644.5495794762241530
miniFE.c 25 Ap 2715.4513554011023189
miniFE.c 25 Ap 2553.1616054740306936
miniFE.c 25 Ap 2787.0021123365486346
miniFE.c 25 Ap 1865.8315854124368798
miniFE.c 25 Ap 1935.9903923725139521
miniFE.c 25 Ap -559.6698816785999497
miniFE.c 25 Ap -323.3014755615379272
miniFE.c 25 Ap -808.7376767808869999
miniFE.c 25 Ap -689.9173761581845383
miniFE.c 25 Ap -860.1031774712342894
miniFE.c 25 Ap -444.7674633433784379
miniFE.c 25 Ap 2746.2254895337018752
miniFE.c 25 Ap 2775.2982443747291654
miniFE.c 25 Ap 2420.8239796343054877
miniFE.c 25 Ap 4029.0862043680740499
miniFE.c 25 Ap 3923.0845806846091364
miniFE.c 25 Ap 4004.5171985494553155
miniFE.c 25 Ap 3986.0029493983824977
miniFE.c 25 Ap 4144.7580742810941956
miniFE.c 25 Ap 2815.6835321400121757
miniFE.c 25 Ap 2868.9833259393853950
miniFE.c 25 Ap 2249.5062040104471635
miniFE.c 25 Ap 2339.7069948719190506
miniFE.c 25 Ap 416.2102111266910924
miniFE.c 25 Ap 449.1861722941924882
miniFE.c 25 Ap 249.0878449364713845
miniFE.c 25 Ap 376.8490822478435121
miniFE.c 25 Ap 3214.7068929550441680
miniFE.c 25 Ap 3261.7603169839517250
miniFE.c 25 Ap 2665.2391529998353690
miniFE.c 25 Ap 2937.8469810605060957
miniFE.c 25 Ap 2808.1172369711280226
miniFE.c 25 Ap 3296.3304582784012382
miniFE.c 25 Ap 3187.9384320465551355
miniFE.c 25 Ap 3303.1498838299439740
miniFE.c 25 Ap 1000.4168491559067888
miniFE.c 25 Ap 1055.9776019948060366
miniFE.c 25 Ap 615.2183416066357040
miniFE.c 25 Ap 647.1917505167737090
miniFE.c 25 Ap 241.0959777945444102
miniFE.c 25 Ap 297.0125121984468137
miniFE.c 25 Ap -637.9062859023199508
miniFE.c 25 Ap -547.9683252418598158
miniFE.c 25 Ap 1282.9802631094255503
miniFE.c 25 Ap 1316.8795463929020571
miniFE.c 25 Ap 861.3976284675646866
miniFE.c 25 Ap 977.4901739730325971
miniFE.c 25 Ap 867.6963626274987291
miniFE.c 25 Ap 892.8634121118769826
miniFE.c 25 Ap 854.7799188712460818
miniFE.c 25 Ap 3036.2520553029207804
miniFE.c 57 sum 2674112.6454768446274102
miniFE.c 57 sum 2687698.8844140260480344
miniFE.c 57 sum 2704100.8558251904323697
miniFE.c 57 sum 2806022.6227258811704814
miniFE.c 57 sum 2795132.3842048393562436
miniFE.c 57 sum 2819396.0330630037933588
miniFE.c 57 sum 2827198.6515940083190799
miniFE.c 57 sum 2929299.4174049724824727
miniFE.c 90 p_ap_dot 2929299.4174049724824727
miniFE.c 91 alpha 0.0134102879203014
miniFE.c 40 y 4.4028547133206244
miniFE.c 40 y 2.0593128599902402
miniFE.c 40 y 1.3343980569092264
miniFE.c 40 y 2.0878775825433209
miniFE.c 40 y 0.9768141157511064
miniFE.c 40 y 2.0557028222082581
miniFE.c 40 y 1.0464858142236890
miniFE.c 40 y 2.0575604242520651
miniFE.c 40 y -4.1708685425668364
miniFE.c 40 y -61.8322458010094209
miniFE.c 40 y -57.8184538589218988
miniFE.c 40 y -56.8552421455192629
miniFE.c 40 y -54.0225329284700635
miniFE.c 40 y -65.7426548299582976
miniFE.c 40 y -25.0945542936971719
miniFE.c 40 y -30.7244145152972905
miniFE.c 82 oldrtrans 39282.7485921719635371
miniFE.c 48 sum 17.3961443993736040
miniFE.c 48 sum 3840.6227651958206479
miniFE.c 48 sum 7183.5963718321017950
miniFE.c 48 sum 10416.1149312577326782
miniFE.c 48 sum 13334.5489952653661021
miniFE.c 48 sum 17656.6456593564071227
miniFE.c 48 sum 18286.3823145557216776
miniFE.c 48 sum 19230.3719618635332154
miniFE.c 83 rtrans 19230.3719618635332154
miniFE.c 84 beta 0.4895373325708591
miniFE.c 40 y 93.8410791776174165
miniFE.c 40 y -59.4458209254996746
miniFE.c 40 y -75.8714320897638856
miniFE.c 40 y -44.8172633285946773
miniFE.c 40 y -68.1692525777565379
miniFE.c 40 y -62.1467047949300948
miniFE.c 40 y -32.0651635183271964
miniFE.c 40 y -14.2626268777242160
miniFE.c 87 normr 138.6736166755000852
miniFE.c 25 Ap 6296.2399935092798842
miniFE.c 25 Ap 5399.3481980047572506
miniFE.c 25 Ap 4692.2861617452126666
miniFE.c 25 Ap 4077.5506174711772474
miniFE.c 25 Ap 3118.8584690766301719
miniFE.c 25 Ap 2121.0061182073145574
miniFE.c 25 Ap 1960.7844482667860575
miniFE.c 25 Ap 1869.3886366888359589
miniFE.c 25 Ap 1415.8319741462617003
miniFE.c 25 Ap -2533.5456578945804722
miniFE.c 25 Ap -3625.4850323874998139
miniFE.c 25 Ap -3892.7669445027859183
miniFE.c 25 Ap -4638.1029661794709682
miniFE.c 25 Ap -5237.9594918836119177
miniFE.c 25 Ap -5603.4193072190291787
miniFE.c 25 Ap -5702.6002167892893340
miniFE.c 25 Ap 874.5250050060815283
miniFE.c 25 Ap 18.9825336209179341
miniFE.c 25 Ap -5115.5475900506517064
miniFE.c 25 Ap -5546.3389681861863210
miniFE.c 25 Ap -6691.4583434528049111
miniFE.c 25 Ap -7696.7241747371081146
miniFE.c 25 Ap -8079.9650851983433313
miniFE.c 25 Ap -8256.1252144116842828
miniFE.c 25 Ap 1287.1702241289974609
miniFE.c 25 Ap 932.6462861603677084
miniFE.c 25 Ap 203.3568034129415310
miniFE.c 25 Ap -2727.7688557974420291
miniFE.c 25 Ap -2977.8213092089417842
miniFE.c 25 Ap -3666.7728424280094259
miniFE.c 25 Ap -3708.4650261849346862
miniFE.c 25 Ap -3775.7992870282232616
miniFE.c 25 Ap 1319.7255713172964988
miniFE.c 25 Ap 669.7681491880440490
miniFE.c 25 Ap -604.7338239135857521
miniFE.c 25 Ap -769.1285653363638630
miniFE.c 25 Ap -5306.5599101700872779
miniFE.c 25 Ap -5585.5493323624214099
miniFE.c 25 Ap -6036.1501731298776576
miniFE.c 25 Ap -6090.3387134062368204
miniFE.c 25 Ap 1506.7499037074962871
miniFE.c 25 Ap 932.9630275462072859
miniFE.c 25 Ap -294.3097377938654517
miniFE.c 25 Ap -791.1489891556998373
miniFE.c 25 Ap -1097.1748750125325387
miniFE.c 25 Ap -5227.6480954082653625
miniFE.c 25 Ap -5471.7357836838527874
miniFE.c 25 Ap -5520.6014688215645947
miniFE.c 25 Ap 468.9006000629181585
miniFE.c 25 Ap -208.6277938115811708
miniFE.c 25 Ap -1115.4385978625136886
miniFE.c 25 Ap -1173.7114826120423459
miniFE.c 25 Ap -2131.6708115413784981
miniFE.c 25 Ap -2604.7463815028322642
miniFE.c 25 Ap -4710.0873008218622999
miniFE.c 25 Ap -4748.2335093760675591
miniFE.c 25 Ap 601.3395473581606439
miniFE.c 25 Ap 187.9591343326865740
miniFE.c 25 Ap -749.1418215514424901
miniFE.c 25 Ap -960.7253766091112084
miniFE.c 25 Ap -1219.7234083593796186
miniFE.c 25 Ap -1432.6464087919573558
miniFE.c 25 Ap -1518.4065163360439783
miniFE.c 25 Ap -2443.6542144206073317
miniFE.c 57 sum 175425.4470692553441040
miniFE.c 57 sum 514421.1983662270358764
miniFE.c 57 sum 1140825.2418960505165160
miniFE.c 57 sum 1310046.2328187143430114
miniFE.c 57 sum 1725220.0708569928538054
miniFE.c 57 sum 2068307.2606303039938211
miniFE.c 57 sum 2220560.1445316481404006
miniFE.c 57 sum 2255413.0728101073764265
miniFE.c 90 p_ap_dot 2255413.0728101073764265
miniFE.c 91 alpha 0.0085263192776938
miniFE.c 40 y 5.2029737157523384
miniFE.c 40 y 1.5524588110548161
miniFE.c 40 y 0.6874940028560331
miniFE.c 40 y 1.7057512862512425
miniFE.c 40 y 0.3955813033514000
miniFE.c 40 y 1.5258201750700970
miniFE.c 40 y 0.7730879923749704
miniFE.c 40 y 1.9359527137539707
miniFE.c 40 y -20.1098729130686777
miniFE.c 40 y -13.2100556396177993
miniFE.c 40 y 12.5759057157706877
miniFE.c 40 y -24.6615718958278407
miniFE.c 40 y -2.0943605486693286
miniFE.c 40 y -18.6722441018800254
miniFE.c 40 y 15.3904006122878982
miniFE.c 40 y -9.8890384788650536
miniFE.c 82 oldrtrans 19230.3719618635332154
miniFE.c 48 sum 404.4069885797733264
miniFE.c 48 sum 578.9125585815713748
miniFE.c 48 sum 737.0659631535252174
miniFE.c 48 sum 1345.2590915266109732
miniFE.c 48 sum 1349.6454376344333923
miniFE.c 48 sum 1698.2981374346268240
miniFE.c 48 sum 1935.1625684413386352
miniFE.c 48 sum 2032.9556504778122417
miniFE.c 83 rtrans 2032.9556504778122417
miniFE.c 84 beta 0.1057158777016608
miniFE.c 40 y -10.1893808633358081
miniFE.c 40 y -19.4944227744527510
miniFE.c 40 y 4.5550906799193456
miniFE.c 40 y -29.3994682247966850
miniFE.c 40 y -9.3009329171930641
miniFE.c 40 y -25.2421375455420716
miniFE.c 40 y 12.0006037073006659
miniFE.c 40 y -11.3968245975749678
miniFE.c 87 normr 45.0883094657341559
miniFE.c 25 Ap -683.6535541050657230
miniFE.c 25 Ap -977.7766324357603480
miniFE.c 25 Ap -935.3267721552771263
miniFE.c 25 Ap -1338.5842840660186539
miniFE.c 25 Ap -1469.3871170630006873
miniFE.c 25 Ap -1874.6849743492423386
miniFE.c 25 Ap -1814.7209337735803274
miniFE.c 25 Ap -1887.7525037947903002
miniFE.c 25 Ap -153.7327932446221723
miniFE.c 25 Ap -1448.8757663976018648
miniFE.c 25 Ap -1383.3190379849229430
miniFE.c 25 Ap -1558.6520569754570715
miniFE.c 25 Ap -1660.3448301282082866
miniFE.c 25 Ap -1903.9886561263674594
miniFE.c 25 Ap -1767.2128554267417258
miniFE.c 25 Ap -1846.4652567894675030
miniFE.c 25 Ap -94.9570106035502874
miniFE.c 25 Ap -375.5201583407911130
miniFE.c 25 Ap -67.2585417097681102
miniFE.c 25 Ap -349.8513751934531797
miniFE.c 25 Ap -506.0901205043873574
miniFE.c 25 Ap -914.3991123784367119
miniFE.c 25 Ap -770.9686169050015678
miniFE.c 25 Ap -911.7327349698315402
miniFE.c 25 Ap -139.7625407181369894
miniFE.c 25 Ap -256.0236911711826906
miniFE.c 25 Ap -212.2393624149289622
miniFE.c 25 Ap -2135.0148574072964038
miniFE.c 25 Ap -2169.1317210520473964
miniFE.c 25 Ap -2448.9632812467966687
miniFE.c 25 Ap -2433.3597002866417824
miniFE.c 25 Ap -2487.1644283228820314
miniFE.c 25 Ap -143.2974407272454300
miniFE.c 25 Ap -356.4418565182297698
miniFE.c 25 Ap -279.9246233606222063
miniFE.c 25 Ap -387.7651655496176204
miniFE.c 25 Ap -1006.8469796934637088
miniFE.c 25 Ap -1120.1641602578740731
miniFE.c 25 Ap -951.5237565644383722
miniFE.c 25 Ap -994.8241453373397007
miniFE.c 25 Ap -163.6047748940650592
miniFE.c 25 Ap -351.7701290295410104
miniFE.c 25 Ap -278.0883942692764776
miniFE.c 25 Ap -604.0076650678677197
miniFE.c 25 Ap -645.7614782262612607
miniFE.c 25 Ap -2323.4364812927610728
miniFE.c 25 Ap -2232.0850177285024074
miniFE.c 25 Ap -2271.1320773711149741
miniFE.c 25 Ap -50.9138092076349267
miniFE.c 25 Ap -273.0997382814105094
miniFE.c 25 Ap -218.6575677804552811
miniFE.c 25 Ap -256.8837265487873651
miniFE.c 25 Ap -387.5865745169096499
miniFE.c 25 Ap -579.7357583844492410
miniFE.c 25 Ap 208.2022799502392445
miniFE.c 25 Ap 177.7208229450229169
miniFE.c 25 Ap -65.2941945032502531
miniFE.c 25 Ap -200.8565000233627984
miniFE.c 25 Ap -144.5958006702633725
miniFE.c 25 Ap -283.3915133446388381
miniFE.c 25 Ap -318.7289012123812881
miniFE.c 25 Ap -405.2118721319770884
miniFE.c 25 Ap -373.1155734823901184
miniFE.c 25 Ap -1112.4524302047011588
miniFE.c 57 sum 19235.0292368808950414
miniFE.c 57 sum 55230.8035910732360207
miniFE.c 57 sum 51077.7783074347826187
miniFE.c 57 sum 124199.0898877579602413
miniFE.c 57 sum 133451.8825279444863554
miniFE.c 57 sum 190780.1108090388588607
miniFE.c 57 sum 192912.8679757374338806
miniFE.c 57 sum 205591.2931959264096804
miniFE.c 90 p_ap_dot 205591.2931959264096804
miniFE.c 91 alpha 0.0098883353418105
miniFE.c 40 y 5.1022177008502467
miniFE.c 40 y 1.3596914213659987
miniFE.c 40 y 0.7325362670114314
miniFE.c 40 y 1.4150394855735495
miniFE.c 40 y 0.3036105596745108
miniFE.c 40 y 1.2762174542756706
miniFE.c 40 y 0.8917539861369341
miniFE.c 40 y 1.8232570903013545
miniFE.c 40 y -1.4431431132033161
miniFE.c 40 y 5.0484120165187676
miniFE.c 40 y 21.5914247412584572
miniFE.c 40 y -0.0676559783486752
miniFE.c 40 y 7.7427942065563542
miniFE.c 40 y 3.7854714847083635
miniFE.c 40 y 13.6330375177849739
miniFE.c 40 y 1.1112642028111175
miniFE.c 82 oldrtrans 2032.9556504778122417
miniFE.c 48 sum 2.0826620451861593
miniFE.c 48 sum 27.5691259337172490
miniFE.c 48 sum 493.7587482911450820
miniFE.c 48 sum 493.7633256225514060
miniFE.c 48 sum 553.7141877476340142
miniFE.c 48 sum 568.0439821091741806
miniFE.c 48 sum 753.9036940705068446
miniFE.c 48 sum 755.1386021989562778
miniFE.c 83 rtrans 755.1386021989562778
miniFE.c 84 beta 0.3714486354001247
miniFE.c 40 y -5.2279747304615469
miniFE.c 40 y -2.1927647209648207
miniFE.c 40 y 23.2834069584383236
miniFE.c 40 y -10.9880483319387316
miniFE.c 40 y 4.2879753665168892
miniFE.c 40 y -5.5906860611654938
miniFE.c 40 y 18.0906453888394836
miniFE.c 40 y -3.1220707418526796
miniFE.c 87 normr 27.4797853375705294
miniFE.c 25 Ap -350.7694484276456706
miniFE.c 25 Ap -383.8528957934384493
miniFE.c 25 Ap -166.8698669820695670
miniFE.c 25 Ap -317.5873220466238536
miniFE.c 25 Ap -257.2837663973965618
miniFE.c 25 Ap -347.0500580698941917
miniFE.c 25 Ap -256.6555895419197100
miniFE.c 25 Ap -276.6620155461683908
miniFE.c 25 Ap -78.8773301445751116
miniFE.c 25 Ap -224.5571408777793181
miniFE.c 25 Ap 110.5369535658563223
miniFE.c 25 Ap 45.0062551150668071
miniFE.c 25 Ap 91.8893054621695313
miniFE.c 25 Ap 37.9265164773079206
miniFE.c 25 Ap 244.1130191385209685
miniFE.c 25 Ap 222.4024451626101495
miniFE.c 25 Ap -48.7206100717887409
miniFE.c 25 Ap -80.2788141529728136
miniFE.c 25 Ap 1495.4045638590087037
miniFE.c 25 Ap 1389.7855203839555998
miniFE.c 25 Ap 1461.8157024262723098
miniFE.c 25 Ap 1371.3824978135382935
miniFE.c 25 Ap 1587.6008060622243647
miniFE.c 25 Ap 1549.0395795775757506
miniFE.c 25 Ap -71.7094631106285050
miniFE.c 25 Ap -84.7867084377540436
miniFE.c 25 Ap 139.0174738429728620
miniFE.c 25 Ap -579.6196766284676869
miniFE.c 25 Ap -563.8909027308426403
miniFE.c 25 Ap -625.8686334294566223
miniFE.c 25 Ap -602.3465793035896922
miniFE.c 25 Ap -617.0859626938569136
miniFE.c 25 Ap -73.5231521041202143
miniFE.c 25 Ap -97.4979863849083870
miniFE.c 25 Ap 293.6208747161911106
miniFE.c 25 Ap 253.3154827732266767
miniFE.c 25 Ap 538.7285260175526673
miniFE.c 25 Ap 513.6307790169661303
miniFE.c 25 Ap 767.8524678468951379
miniFE.c 25 Ap 755.9906658386860272
miniFE.c 25 Ap -83.9424534621827831
miniFE.c 25 Ap -105.1076018243510077
miniFE.c 25 Ap 271.5175712791901788
miniFE.c 25 Ap 149.7052761566339427
miniFE.c 25 Ap 168.9548851878291202
miniFE.c 25 Ap -202.6203919806495719
miniFE.c 25 Ap -64.9100756165555026
miniFE.c 25 Ap -75.6067114576929384
miniFE.c 25 Ap -26.1228931903831949
miniFE.c 25 Ap -51.1147317487548491
miniFE.c 25 Ap 227.1671512140825087
miniFE.c 25 Ap 212.8801281673008248
miniFE.c 25 Ap 273.1375880813380377
miniFE.c 25 Ap 230.5799496097776853
miniFE.c 25 Ap 1418.3791626792781244
miniFE.c 25 Ap 1410.0290065221608984
miniFE.c 25 Ap -33.5011914352056124
miniFE.c 25 Ap -48.7494624138523207
miniFE.c 25 Ap 238.8278551090023711
miniFE.c 25 Ap 186.9529712685663299
miniFE.c 25 Ap 203.2444390216378736
miniFE.c 25 Ap 184.0899938334666217
miniFE.c 25 Ap 232.4744560927049974
miniFE.c 25 Ap 29.9389209545044253
miniFE.c 57 sum 1446.3820261539281091
miniFE.c 57 sum 958.7057905450434419
miniFE.c 57 sum 37025.6247165779423085
miniFE.c 57 sum 43806.1950996189843863
miniFE.c 57 sum 47047.8644520519737853
miniFE.c 57 sum 47470.5578399290607194
miniFE.c 57 sum 72978.8925848991057137
miniFE.c 57 sum 72885.4211557444068603
miniFE.c 90 p_ap_dot 72885.4211557444068603
miniFE.c 91 alpha 0.0103606261749568
miniFE.c 40 y 5.0480526090158140
miniFE.c 40 y 1.3369730058024487
miniFE.c 40 y 0.9737669425871990
miniFE.c 40 y 1.3011964244139747
miniFE.c 40 y 0.3480366694944157
miniFE.c 40 y 1.2182944459343932
miniFE.c 40 y 1.0791844002744062
miniFE.c 40 y 1.7909104824532489
miniFE.c 40 y 1.4232486066806236
miniFE.c 40 y 2.7441834217926324
miniFE.c 40 y 5.5424047270429355
miniFE.c 40 y 6.3257409989357196
miniFE.c 40 y -0.0897424739549626
miniFE.c 40 y 4.5688043584393441
miniFE.c 40 y -0.9757459146368710
miniFE.c 40 y 0.8010782347199161
miniFE.c 82 oldrtrans 755.1386021989562778
miniFE.c 48 sum 2.0256365964183365
miniFE.c 48 sum 9.5561792488598574
miniFE.c 48 sum 40.2744294072077338
miniFE.c 48 sum 80.2894285928240095
miniFE.c 48 sum 80.2974823044555706
miniFE.c 48 sum 101.1714555701499165
miniFE.c 48 sum 102.1235356600804636
miniFE.c 48 sum 102.7652619982224422
miniFE.c 83 rtrans 102.7652619982224422
miniFE.c 84 beta 0.1360879469000406
miniFE.c 40 y 0.7117842591668186
miniFE.c 40 y 2.4457745728816898
miniFE.c 40 y 8.7109957768549258
miniFE.c 40 y 4.8304000610037621
miniFE.c 40 y 0.4937992900322699
miniFE.c 40 y 3.8079793706126575
miniFE.c 40 y 1.4861728744269809
miniFE.c 40 y 0.3762020373844984
miniFE.c 87 normr 10.1373202572584464
miniFE.c 25 Ap 47.7569584513625429
miniFE.c 25 Ap 84.6577046084436802
miniFE.c 25 Ap 165.8373296950551889
miniFE.c 25 Ap 232.0934638278126840
miniFE.c 25 Ap 239.0379657012454118
miniFE.c 25 Ap 300.1804056675504739
miniFE.c 25 Ap 307.6064429501892619
miniFE.c 25 Ap 310.0171693064774558
miniFE.c 25 Ap 10.7390805993923344
miniFE.c 25 Ap 173.2280031303582746
miniFE.c 25 Ap 298.5963930209810542
miniFE.c 25 Ap 327.4040101911962779
miniFE.c 25 Ap 332.8030190466860176
miniFE.c 25 Ap 369.5586488543519863
miniFE.c 25 Ap 386.4971704350747927
miniFE.c 25 Ap 389.1132425352469113
miniFE.c 25 Ap 6.6332691212227850
miniFE.c 25 Ap 41.8327834008988759
miniFE.c 25 Ap 631.3414955933990313
miniFE.c 25 Ap 677.7721462997778872
miniFE.c 25 Ap 686.0670756576121221
miniFE.c 25 Ap 747.6637694830375267
miniFE.c 25 Ap 765.4264185078163791
miniFE.c 25 Ap 770.0729538258987077
miniFE.c 25 Ap 9.7631816730190764
miniFE.c 25 Ap 24.3493312031640627
miniFE.c 25 Ap 108.0809470345545549
miniFE.c 25 Ap 423.9973710083048672
miniFE.c 25 Ap 425.8086821096637209
miniFE.c 25 Ap 468.0235225345448953
miniFE.c 25 Ap 469.9558935495796845
miniFE.c 25 Ap 471.7319539017289571
miniFE.c 25 Ap 10.0101138682092277
miniFE.c 25 Ap 36.7512591960142032
miniFE.c 25 Ap 183.0801342348630669
miniFE.c 25 Ap 200.7985826634316879
miniFE.c 25 Ap 233.6664855950850210
miniFE.c 25 Ap 250.7612932414949682
miniFE.c 25 Ap 271.6459753470400074
miniFE.c 25 Ap 273.0752940433523577
miniFE.c 25 Ap 11.4286927788861075
miniFE.c 25 Ap 35.0359595323765589
miniFE.c 25 Ap 175.9423268100910036
miniFE.c 25 Ap 229.4916105423720012
miniFE.c 25 Ap 231.7083777717799080
miniFE.c 25 Ap 484.7991388352389777
miniFE.c 25 Ap 496.1122419506941696
miniFE.c 25 Ap 497.4011609180485038
miniFE.c 25 Ap 3.5566094205603194
miniFE.c 25 Ap 31.4321049952678209
miniFE.c 25 Ap 135.5454038604912910
miniFE.c 25 Ap 141.8260494230104030
miniFE.c 25 Ap 148.7652429540752905
miniFE.c 25 Ap 177.7524920302484190
miniFE.c 25 Ap 275.3319278539499919
miniFE.c 25 Ap 276.3381016464509798
miniFE.c 25 Ap 4.5611583751493017
miniFE.c 25 Ap 21.5688350690604302
miniFE.c 25 Ap 129.1598247782776809
miniFE.c 25 Ap 151.9642787174781517
miniFE.c 25 Ap 153.8403891244707893
miniFE.c 25 Ap 166.8870405254047853
miniFE.c 25 Ap 170.8618945899135895
miniFE.c 25 Ap 195.2669408754875064
miniFE.c 57 sum 220.6653411838052534
miniFE.c 57 sum 1172.3486157480581369
miniFE.c 57 sum 7880.4508643956605738
miniFE.c 57 sum 10159.1049232999957894
miniFE.c 57 sum 10293.9493096239566512
miniFE.c 57 sum 12188.0426693186727789
miniFE.c 57 sum 12598.7288601562740951
miniFE.c 57 sum 12672.1886811474705610
miniFE.c 90 p_ap_dot 12672.1886811474705610
miniFE.c 91 alpha 0.0081095116703168
miniFE.c 40 y 5.0538248317722747
miniFE.c 40 y 1.3568070432441970
miniFE.c 40 y 1.0444088644996847
miniFE.c 40 y 1.3403686100809840
miniFE.c 40 y 0.3520411405997266
miniFE.c 40 y 1.2491752990807024
miniFE.c 40 y 1.0912365365436802
miniFE.c 40 y 1.7939612972658154
miniFE.c 40 y -1.0908392458088487
miniFE.c 40 y -0.4113349596217817
miniFE.c 40 y -0.7025108790035555
miniFE.c 40 y 2.5002252135082808
miniFE.c 40 y -2.3042497578747327
miniFE.c 40 y 0.5351238391452826
miniFE.c 40 y -3.2167129748919678
miniFE.c 40 y -0.7824413011369191
miniFE.c 82 oldrtrans 102.7652619982224422
miniFE.c 48 sum 1.1899302601968178
miniFE.c 48 sum 1.3591267092038706
miniFE.c 48 sum 1.8526482443222188
miniFE.c 48 sum 8.1037743625847476
miniFE.c 48 sum 13.4133413092505123
miniFE.c 48 sum 13.6996988324720981
miniFE.c 48 sum 24.0469411953104313
miniFE.c 48 sum 24.6591555850352648
miniFE.c 83 rtrans 24.6591555850352648
miniFE.c 84 beta 0.2399561399012616
miniFE.c 40 y -0.9200422425366998
miniFE.c 40 y 0.1755436659555654
miniFE.c 40 y 1.3877460423067438
miniFE.c 40 y 3.6593093663255623
miniFE.c 40 y -2.1857595863526056
miniFE.c 40 y 1.4488718697411316
miniFE.c 40 y -2.8600966687185072
miniFE.c 40 y -0.6921693124231448
miniFE.c 87 normr 4.9657985848235189
miniFE.c 25 Ap -61.7299674507495411
miniFE.c 25 Ap -59.0814436134616514
miniFE.c 25 Ap -46.1487426552980935
miniFE.c 25 Ap 4.0441376748128164
miniFE.c 25 Ap -26.6950955494942797
miniFE.c 25 Ap -3.4314292601827745
miniFE.c 25 Ap -17.7226230097953135
miniFE.c 25 Ap -22.1580875704695082
miniFE.c 25 Ap -13.8811833363845842
miniFE.c 25 Ap -2.2186607741977316
miniFE.c 25 Ap 17.7537386342996584
miniFE.c 25 Ap 39.5771863821419032
miniFE.c 25 Ap 15.6789435112011901
miniFE.c 25 Ap 29.6638401978599404
miniFE.c 25 Ap -2.9338541751590625
miniFE.c 25 Ap -7.7471317411569940
miniFE.c 25 Ap -8.5740696271971650
miniFE.c 25 Ap -6.0476504530746471
miniFE.c 25 Ap 87.8668001111357455
miniFE.c 25 Ap 123.0407221193961504
miniFE.c 25 Ap 86.3239391511195322
miniFE.c 25 Ap 109.7604413657724649
miniFE.c 25 Ap 75.5767375870489957
miniFE.c 25 Ap 67.0276367405276261
miniFE.c 25 Ap -12.6197502193322162
miniFE.c 25 Ap -11.5728400956077593
miniFE.c 25 Ap 1.7664177186020673
miniFE.c 25 Ap 241.0915076953102414
miniFE.c 25 Ap 233.0738967274952245
miniFE.c 25 Ap 249.1359308995397441
miniFE.c 25 Ap 245.4171388276818675
miniFE.c 25 Ap 242.1493881229914393
miniFE.c 25 Ap -12.9389312741130471
miniFE.c 25 Ap -11.0196052925846182
miniFE.c 25 Ap 12.2920025203716783
miniFE.c 25 Ap 25.7147591187028688
miniFE.c 25 Ap -119.7721530060053823
miniFE.c 25 Ap -113.2678672662604100
miniFE.c 25 Ap -153.4598333188942263
miniFE.c 25 Ap -156.0896184900173580
miniFE.c 25 Ap -14.7725662630662651
miniFE.c 25 Ap -13.0781721046480044
miniFE.c 25 Ap 9.3695776744327688
miniFE.c 25 Ap 49.9362787854876515
miniFE.c 25 Ap 40.1239515501164306
miniFE.c 25 Ap 136.4207138241260964
miniFE.c 25 Ap 114.6489744187369979
miniFE.c 25 Ap 112.2775089115181260
miniFE.c 25 Ap -4.5972229154797395
miniFE.c 25 Ap -2.5964797816811189
miniFE.c 25 Ap 13.9897776512065448
miniFE.c 25 Ap 18.7477324465121313
miniFE.c 25 Ap -11.9680038622416731
miniFE.c 25 Ap -0.9388449093953124
miniFE.c 25 Ap -188.7276440034487734
miniFE.c 25 Ap -190.5788902831752694
miniFE.c 25 Ap -5.8956886528364523
miniFE.c 25 Ap -4.6749752030607148
miniFE.c 25 Ap 12.4653120822970713
miniFE.c 25 Ap 29.7410140613823053
miniFE.c 25 Ap 21.4365746060885698
miniFE.c 25 Ap 26.4006052295241034
miniFE.c 25 Ap 18.7511136635263398
miniFE.c 25 Ap -26.1514185624641513
miniFE.c 57 sum 20.3863765786593376
miniFE.c 57 sum 19.0264166721759160
miniFE.c 57 sum 112.0437542840172256
miniFE.c 57 sum 998.1432782924837284
miniFE.c 57 sum 1339.3176582371600034
miniFE.c 57 sum 1501.9933825036678172
miniFE.c 57 sum 2047.0674317306472858
miniFE.c 57 sum 2065.1686411359178237
miniFE.c 90 p_ap_dot 2065.1686411359178237
miniFE.c 91 alpha 0.0119405045640592
miniFE.c 40 y 5.0428390631761379
miniFE.c 40 y 1.3589031231887312
miniFE.c 40 y 1.0609792524516035
miniFE.c 40 y 1.3840626102708988
miniFE.c 40 y 0.3259420682829473
miniFE.c 40 y 1.2664755602540831
miniFE.c 40 y 1.0570855392171965
miniFE.c 40 y 1.7856964464317251
miniFE.c 40 y -0.8262605000428351
miniFE.c 40 y -0.3188302977081291
miniFE.c 40 y -1.5028546814219246
miniFE.c 40 y -0.3911606605584299
miniFE.c 40 y -0.4404609558924286
miniFE.c 40 y -0.8055262684538917
miniFE.c 40 y -0.9411048656523850
miniFE.c 40 y -0.4701801684351947
miniFE.c 82 oldrtrans 24.6591555850352648
miniFE.c 48 sum 0.6827064139310359
miniFE.c 48 sum 0.7843591726676902
miniFE.c 48 sum 3.0429313661394848
miniFE.c 48 sum 3.1959380285079919
miniFE.c 48 sum 3.3899438821736640
miniFE.c 48 sum 4.0388164513429157
miniFE.c 48 sum 4.9244948194975091
miniFE.c 48 sum 5.1455642102872572
miniFE.c 83 rtrans 5.1455642102872572
miniFE.c 84 beta 0.2086674944137143
miniFE.c 40 y -1.0182434095477431
miniFE.c 40 y -0.2822000407729832
miniFE.c 40 y -1.2132771918912280
miniFE.c 40 y 0.3724182561973617
miniFE.c 40 y -0.8965579321673833
miniFE.c 40 y -0.5031938056684964
miniFE.c 40 y -1.5379140712948869
miniFE.c 40 y -0.6146134045685957
miniFE.c 87 normr 2.2683836118009797
miniFE.c 25 Ap -68.3187462730170552
miniFE.c 25 Ap -72.5764534981814791
miniFE.c 25 Ap -83.8832420774577088
miniFE.c 25 Ap -78.7749707905091583
miniFE.c 25 Ap -91.3836325793312625
miniFE.c 25 Ap -99.4631136006669010
miniFE.c 25 Ap -107.1476888122377744
miniFE.c 25 Ap -111.0861702293578190
miniFE.c 25 Ap -15.3627983537220505
miniFE.c 25 Ap -34.1112067605400213
miniFE.c 25 Ap -51.5726557079228201
miniFE.c 25 Ap -49.3516217529208987
miniFE.c 25 Ap -59.1542365256455227
miniFE.c 25 Ap -64.0111969875101607
miniFE.c 25 Ap -81.5394342028272234
miniFE.c 25 Ap -85.8133955860835869
miniFE.c 25 Ap -9.4892272194216503
miniFE.c 25 Ap -13.5506417402252026
miniFE.c 25 Ap -95.6580716192194416
miniFE.c 25 Ap -92.0783221674555676
miniFE.c 25 Ap -107.1388636924310589
miniFE.c 25 Ap -115.2783707028448958
miniFE.c 25 Ap -133.6594274081170965
miniFE.c 25 Ap -141.2506220522226101
miniFE.c 25 Ap -13.9667255446275220
miniFE.c 25 Ap -15.6497146629900925
miniFE.c 25 Ap -27.3119473549571552
miniFE.c 25 Ap -2.9551565644316042
miniFE.c 25 Ap -6.2438314741099692
miniFE.c 25 Ap -11.8221826524322964
miniFE.c 25 Ap -13.8218292790942616
miniFE.c 25 Ap -16.7234363712379306
miniFE.c 25 Ap -14.3199745482678242
miniFE.c 25 Ap -17.4054397360637196
miniFE.c 25 Ap -37.7862883953471069
miniFE.c 25 Ap -36.4202165207704880
miniFE.c 25 Ap -96.0962421488260645
miniFE.c 25 Ap -98.3551833035897118
miniFE.c 25 Ap -119.9669668567125171
miniFE.c 25 Ap -122.3020909199993582
miniFE.c 25 Ap -16.3493234810623811
miniFE.c 25 Ap -19.0731933398140612
miniFE.c 25 Ap -38.6987890799170771
miniFE.c 25 Ap -34.5702012577213083
miniFE.c 25 Ap -38.5950354027126536
miniFE.c 25 Ap -72.0389411711854564
miniFE.c 25 Ap -83.7459106433451694
miniFE.c 25 Ap -85.8516591402067917
miniFE.c 25 Ap -5.0879097931445045
miniFE.c 25 Ap -8.3042593598509118
miniFE.c 25 Ap -22.8052755607033575
miniFE.c 25 Ap -22.3210450541930925
miniFE.c 25 Ap -34.9200688452443941
miniFE.c 25 Ap -38.7505003573125464
miniFE.c 25 Ap -139.7271700332064768
miniFE.c 25 Ap -141.3709886166892602
miniFE.c 25 Ap -6.5249679177167392
miniFE.c 25 Ap -8.4873593456480698
miniFE.c 25 Ap -23.4727521998192472
miniFE.c 25 Ap -21.7145551846003286
miniFE.c 25 Ap -25.1208818054852898
miniFE.c 25 Ap -26.8448917148693234
miniFE.c 25 Ap -30.9581305596495611
miniFE.c 25 Ap -70.8294419712363208
miniFE.c 57 sum 113.1127607279423017
miniFE.c 57 sum 137.3293044612032361
miniFE.c 57 sum 308.7054625376130161
miniFE.c 57 sum 302.4773495266090322
miniFE.c 57 sum 412.1282592615909834
miniFE.c 57 sum 455.3282823473061853
miniFE.c 57 sum 672.7447150137818426
miniFE.c 57 sum 716.2774394874171549
miniFE.c 90 p_ap_dot 716.2774394874171549
miniFE.c 91 alpha 0.0071837585921588
miniFE.c 40 y 5.0355242483338900
miniFE.c 40 y 1.3568758662211207
miniFE.c 40 y 1.0522633619996846
miniFE.c 40 y 1.3867379731187335
miniFE.c 40 y 0.3195014125343716
miniFE.c 40 y 1.2628607374290910
miniFE.c 40 y 1.0460375357935299
miniFE.c 40 y 1.7812812121057995
miniFE.c 40 y -0.0282442701876678
miniFE.c 40 y 0.2976324201557232
miniFE.c 40 y -0.4881443116064914
miniFE.c 40 y -0.2710235308361280
miniFE.c 40 y 0.4381277405931068
miniFE.c 40 y -0.1887886744543403
miniFE.c 40 y 0.0744701885047441
miniFE.c 40 y 0.0386414439034893
