filename line variable value
miniFE.c 167 A 67.0947100000000063
miniFE.c 167 A 15.0875500000000002
miniFE.c 167 A 9.3192129999999995
miniFE.c 167 A 13.7164900000000003
miniFE.c 167 A 14.0634099999999993
miniFE.c 167 A 16.0564000000000000
miniFE.c 167 A 4.9967519999999999
miniFE.c 167 A 6.4080630000000003
miniFE.c 167 A 15.0875500000000002
miniFE.c 167 A 66.4365899999999954
miniFE.c 167 A 14.3919700000000006
miniFE.c 167 A 5.9638159999999996
miniFE.c 167 A 10.9336099999999998
miniFE.c 167 A 9.6522659999999991
miniFE.c 167 A 11.3974100000000007
miniFE.c 167 A 6.9539020000000002
miniFE.c 167 A 9.3192129999999995
miniFE.c 167 A 14.3919700000000006
miniFE.c 167 A 67.6740900000000067
miniFE.c 167 A 9.6121750000000006
miniFE.c 167 A 16.7981799999999986
miniFE.c 167 A 16.1756899999999995
miniFE.c 167 A 11.9519400000000005
miniFE.c 167 A 12.3511699999999998
miniFE.c 167 A 13.7164900000000003
miniFE.c 167 A 5.9638159999999996
miniFE.c 167 A 9.6121750000000006
miniFE.c 167 A 65.4017099999999942
miniFE.c 167 A 3.6681119999999998
miniFE.c 167 A 11.0858899999999991
miniFE.c 167 A 1.3002330000000000
miniFE.c 167 A 4.7210279999999996
miniFE.c 167 A 14.0634099999999993
miniFE.c 167 A 10.9336099999999998
miniFE.c 167 A 16.7981799999999986
miniFE.c 167 A 3.6681119999999998
miniFE.c 167 A 66.5612600000000043
miniFE.c 167 A 4.4892070000000004
miniFE.c 167 A 14.0526599999999995
miniFE.c 167 A 3.7993380000000001
miniFE.c 167 A 16.0564000000000000
miniFE.c 167 A 9.6522659999999991
miniFE.c 167 A 16.1756899999999995
miniFE.c 167 A 11.0858899999999991
miniFE.c 167 A 4.4892070000000004
miniFE.c 167 A 66.4632699999999943
miniFE.c 167 A 7.6122389999999998
miniFE.c 167 A 3.4261349999999999
miniFE.c 167 A 4.9967519999999999
miniFE.c 167 A 11.3974100000000007
miniFE.c 167 A 11.9519400000000005
miniFE.c 167 A 1.3002330000000000
miniFE.c 167 A 14.0526599999999995
miniFE.c 167 A 7.6122389999999998
miniFE.c 167 A 65.6581999999999937
miniFE.c 167 A 2.6745570000000001
miniFE.c 167 A 6.4080630000000003
miniFE.c 167 A 6.9539020000000002
miniFE.c 167 A 12.3511699999999998
miniFE.c 167 A 4.7210279999999996
miniFE.c 167 A 3.7993380000000001
miniFE.c 167 A 3.4261349999999999
miniFE.c 167 A 2.6745570000000001
miniFE.c 167 A 64.8721800000000002
miniFE.c 175 b 198.0110999999999990
miniFE.c 175 b 229.8237000000000023
miniFE.c 175 b 210.8053999999999917
miniFE.c 175 b 202.6418999999999926
miniFE.c 175 b 157.2561000000000035
miniFE.c 175 b 225.5886000000000138
miniFE.c 175 b 142.6283999999999992
miniFE.c 175 b 185.1795999999999935
miniFE.c 33 r 0.0000000000000000
miniFE.c 33 r 0.0000000000000000
miniFE.c 33 r 0.0000000000000000
miniFE.c 33 r 0.0000000000000000
miniFE.c 33 r 0.0000000000000000
miniFE.c 33 r 0.0000000000000000
miniFE.c 33 r 0.0000000000000000
miniFE.c 33 r 0.0000000000000000
miniFE.c 25 Ap 0.0000000000000000
miniFE.c 25 Ap 0.0000000000000000
miniFE.c 25 Ap 0.0000000000000000
miniFE.c 25 Ap 0.0000000000000000
miniFE.c 25 Ap 0.0000000000000000
miniFE.c 25 Ap 0.0000000000000000
miniFE.c 25 Ap 0.0000000000000000
miniFE.c 25 Ap 0.0000000000000000
miniFE.c 25 Ap 0.0000000000000000
miniFE.c 25 Ap 0.0000000000000000
miniFE.c 25 Ap 0.0000000000000000
miniFE.c 25 Ap 0.0000000000000000
miniFE.c 25 Ap 0.0000000000000000
miniFE.c 25 Ap 0.0000000000000000
miniFE.c 25 Ap 0.0000000000000000
miniFE.c 25 Ap 0.0000000000000000
miniFE.c 25 Ap 0.0000000000000000
miniFE.c 25 Ap 0.0000000000000000
miniFE.c 25 Ap 0.0000000000000000
miniFE.c 25 Ap 0.0000000000000000
miniFE.c 25 Ap 0.0000000000000000
miniFE.c 25 Ap 0.0000000000000000
miniFE.c 25 Ap 0.0000000000000000
miniFE.c 25 Ap 0.0000000000000000
miniFE.c 25 Ap 0.0000000000000000
miniFE.c 25 Ap 0.0000000000000000
miniFE.c 25 Ap 0.0000000000000000
miniFE.c 25 Ap 0.0000000000000000
miniFE.c 25 Ap 0.0000000000000000
miniFE.c 25 Ap 0.0000000000000000
miniFE.c 25 Ap 0.0000000000000000
miniFE.c 25 Ap 0.0000000000000000
miniFE.c 25 Ap 0.0000000000000000
miniFE.c 25 Ap 0.0000000000000000
miniFE.c 25 Ap 0.0000000000000000
miniFE.c 25 Ap 0.0000000000000000
miniFE.c 25 Ap 0.0000000000000000
miniFE.c 25 Ap 0.0000000000000000
miniFE.c 25 Ap 0.0000000000000000
miniFE.c 25 Ap 0.0000000000000000
miniFE.c 25 Ap 0.0000000000000000
miniFE.c 25 Ap 0.0000000000000000
miniFE.c 25 Ap 0.0000000000000000
miniFE.c 25 Ap 0.0000000000000000
miniFE.c 25 Ap 0.0000000000000000
miniFE.c 25 Ap 0.0000000000000000
miniFE.c 25 Ap 0.0000000000000000
miniFE.c 25 Ap 0.0000000000000000
miniFE.c 25 Ap 0.0000000000000000
miniFE.c 25 Ap 0.0000000000000000
miniFE.c 25 Ap 0.0000000000000000
miniFE.c 25 Ap 0.0000000000000000
miniFE.c 25 Ap 0.0000000000000000
miniFE.c 25 Ap 0.0000000000000000
miniFE.c 25 Ap 0.0000000000000000
miniFE.c 25 Ap 0.0000000000000000
miniFE.c 25 Ap 0.0000000000000000
miniFE.c 25 Ap 0.0000000000000000
miniFE.c 25 Ap 0.0000000000000000
miniFE.c 25 Ap 0.0000000000000000
miniFE.c 25 Ap 0.0000000000000000
miniFE.c 25 Ap 0.0000000000000000
miniFE.c 25 Ap 0.0000000000000000
miniFE.c 25 Ap 0.0000000000000000
miniFE.c 33 r 198.0110999999999990
miniFE.c 33 r 229.8237000000000023
miniFE.c 33 r 210.8053999999999917
miniFE.c 33 r 202.6418999999999926
miniFE.c 33 r 157.2561000000000035
miniFE.c 33 r 225.5886000000000138
miniFE.c 33 r 142.6283999999999992
miniFE.c 33 r 185.1795999999999935
miniFE.c 48 sum 39208.3957232100001420
miniFE.c 48 sum 92027.3288048999966122
miniFE.c 48 sum 136466.2454740600078367
miniFE.c 48 sum 177529.9851096700003836
miniFE.c 48 sum 202259.4660968800017145
miniFE.c 48 sum 253149.6825468399911188
miniFE.c 48 sum 273492.5430333999684080
miniFE.c 48 sum 307784.0272895599482581
miniFE.c 75 rtrans 307784.0272895599482581
miniFE.c 76 normr 554.7828649927464539
miniFE.c 33 r 198.0110999999999990
miniFE.c 33 r 229.8237000000000023
miniFE.c 33 r 210.8053999999999917
miniFE.c 33 r 202.6418999999999926
miniFE.c 33 r 157.2561000000000035
miniFE.c 33 r 225.5886000000000138
miniFE.c 33 r 142.6283999999999992
miniFE.c 33 r 185.1795999999999935
miniFE.c 87 normr 554.7828649927464539
miniFE.c 25 Ap 13285.4973312810016068
miniFE.c 25 Ap 16752.9738962160008668
miniFE.c 25 Ap 18717.5143203662009910
miniFE.c 25 Ap 21497.0499152972006414
miniFE.c 25 Ap 23708.6069245981998392
miniFE.c 25 Ap 27330.7477216381994367
miniFE.c 25 Ap 28043.4264645949988335
miniFE.c 25 Ap 29230.0690077097970061
miniFE.c 25 Ap 2991.5023718050001662
miniFE.c 25 Ap 18260.2053009880000900
miniFE.c 25 Ap 21294.1102936259994749
miniFE.c 25 Ap 22502.6292991164009436
miniFE.c 25 Ap 24222.0061666374022025
miniFE.c 25 Ap 26399.4473404050004319
miniFE.c 25 Ap 28025.0416928490012651
miniFE.c 25 Ap 29312.7624836482027604
miniFE.c 25 Ap 1845.3076172643000064
miniFE.c 25 Ap 5152.9234129532997031
miniFE.c 25 Ap 19418.9870250392996240
miniFE.c 25 Ap 21366.8164301717988565
miniFE.c 25 Ap 24008.4327040697971825
miniFE.c 25 Ap 27657.4839652037990163
miniFE.c 25 Ap 29362.1700442997971550
miniFE.c 25 Ap 31649.3547644317950471
miniFE.c 25 Ap 2716.0172730389999742
miniFE.c 25 Ap 4086.6435322781999275
miniFE.c 25 Ap 6112.9419280231995799
miniFE.c 25 Ap 19366.0687056721981207
miniFE.c 25 Ap 19942.9016931553996983
miniFE.c 25 Ap 22443.7520980093977414
miniFE.c 25 Ap 22629.2022504265987664
miniFE.c 25 Ap 23503.4403270553993934
miniFE.c 25 Ap 2784.7112838509997346
miniFE.c 25 Ap 5297.5139884079999320
miniFE.c 25 Ap 8838.6610425799990480
miniFE.c 25 Ap 9581.9742276727993158
miniFE.c 25 Ap 20049.1383863587980159
miniFE.c 25 Ap 21061.8523085989982064
miniFE.c 25 Ap 23066.1607201429978886
miniFE.c 25 Ap 23769.7206112477979332
miniFE.c 25 Ap 3179.3454260399998930
miniFE.c 25 Ap 5397.6649115441996400
miniFE.c 25 Ap 8807.5877122702004272
miniFE.c 25 Ap 11054.0535250612010714
miniFE.c 25 Ap 11760.0087099739012046
miniFE.c 25 Ap 26753.3647406958989450
miniFE.c 25 Ap 27839.0862096834971453
miniFE.c 25 Ap 28473.5365185294976982
miniFE.c 25 Ap 989.4123599472000024
miniFE.c 25 Ap 3608.8072965641999872
miniFE.c 25 Ap 6128.3407890401995246
miniFE.c 25 Ap 6391.8224746028990921
miniFE.c 25 Ap 8601.6889808288997301
miniFE.c 25 Ap 10318.9233197042995016
miniFE.c 25 Ap 19683.6473325842962367
miniFE.c 25 Ap 20178.9207280214977800
miniFE.c 25 Ap 1268.8676034993000030
miniFE.c 25 Ap 2867.0390905766998912
miniFE.c 25 Ap 5470.7324228946999938
miniFE.c 25 Ap 6427.4105067679001877
miniFE.c 25 Ap 7024.8795832297000743
miniFE.c 25 Ap 7797.7765812907000509
miniFE.c 25 Ap 8179.2443669095000587
miniFE.c 25 Ap 20192.2487104374995397
miniFE.c 57 sum 5787878.1172925252467394
miniFE.c 57 sum 12524645.6485057435929775
miniFE.c 57 sum 19196500.5393636934459209
miniFE.c 57 sum 23959282.3437748216092587
miniFE.c 57 sum 27697215.9051892682909966
miniFE.c 57 sum 34120521.1454532146453857
miniFE.c 57 sum 36998608.3226177543401718
miniFE.c 57 sum 40737800.8619170859456062
miniFE.c 90 p_ap_dot 40737800.8619170859456062
miniFE.c 91 alpha 0.0075552440430648
miniFE.c 40 y 1.4960221837357124
miniFE.c 40 y 1.7363741403801163
miniFE.c 40 y 1.5926862425958965
miniFE.c 40 y 1.5310090078503369
miniFE.c 40 y 1.1881082127606057
miniFE.c 40 y 1.7043769263333326
miniFE.c 40 y 1.0775923694718663
miniFE.c 40 y 1.3990770697971260
miniFE.c 40 y -22.8292047488730532
miniFE.c 40 y 8.3586258596429843
miniFE.c 40 y -28.3131990508184970
miniFE.c 40 y 25.0676724774852175
miniFE.c 40 y -22.3299400534450001
miniFE.c 40 y 10.4640828333914158
miniFE.c 40 y -9.8282706258616486
miniFE.c 40 y 32.6222332143837832
miniFE.c 82 oldrtrans 307784.0272895599482581
miniFE.c 48 sum 521.1725894659679170
miniFE.c 48 sum 591.0392157274603733
miniFE.c 48 sum 1392.6764562187299816
miniFE.c 48 sum 2021.0646596571998543
miniFE.c 48 sum 2519.6908824476472546
miniFE.c 48 sum 2629.1879119917243770
miniFE.c 48 sum 2725.7828154868993806
miniFE.c 48 sum 3789.9929153805442184
miniFE.c 83 rtrans 3789.9929153805442184
miniFE.c 84 beta 0.0123138063685643
miniFE.c 40 y -20.3909344046466359
miniFE.c 40 y 11.1886304003499895
miniFE.c 40 y -25.7173821737707584
miniFE.c 40 y 27.5629655962431812
miniFE.c 40 y -20.3935188877694209
miniFE.c 40 y 13.2419371727469155
miniFE.c 40 y -8.0719721256035157
miniFE.c 40 y 34.9024989521919693
miniFE.c 87 normr 61.5629183468469421
miniFE.c 25 Ap -1368.1238305087888421
miniFE.c 25 Ap -1199.3148099119882772
miniFE.c 25 Ap -1438.9805721917609844
miniFE.c 25 Ap -1060.9134302205472977
miniFE.c 25 Ap -1347.7158476819927273
miniFE.c 25 Ap -1135.0980076614991958
miniFE.c 25 Ap -1175.4316505240528841
miniFE.c 25 Ap -951.7742383809727471
miniFE.c 25 Ap -307.6492423768263507
miniFE.c 25 Ap 435.6852081927617064
miniFE.c 25 Ap 65.5614154693181490
miniFE.c 25 Ap 229.9418706996427488
miniFE.c 25 Ap 6.9670886531381484
miniFE.c 25 Ap 134.7817885997793041
miniFE.c 25 Ap 42.7822127757045365
miniFE.c 25 Ap 285.4907700443501994
miniFE.c 25 Ap -190.0274609859301904
miniFE.c 25 Ap -29.0010279230051538
miniFE.c 25 Ap -1769.4014637151631177
miniFE.c 25 Ap -1504.4614148850942001
miniFE.c 25 Ap -1847.0354159952446480
miniFE.c 25 Ap -1632.8379452894141650
miniFE.c 25 Ap -1729.3136718162998022
miniFE.c 25 Ap -1298.2269738329548545
miniFE.c 25 Ap -279.6920478519915605
miniFE.c 25 Ap -212.9651148522978872
miniFE.c 25 Ap -460.1650928484628480
miniFE.c 25 Ap 1342.4999898170106007
miniFE.c 25 Ap 1267.6942784625568947
miniFE.c 25 Ap 1414.4929373465402023
miniFE.c 25 Ap 1403.9974928137503412
miniFE.c 25 Ap 1568.7731676370192417
miniFE.c 25 Ap -286.7660708156515170
miniFE.c 25 Ap -164.4339495840808638
miniFE.c 25 Ap -596.4391644678732973
miniFE.c 25 Ap -495.3351196087065205
miniFE.c 25 Ap -1852.7534326124377912
miniFE.c 25 Ap -1793.3076355629821137
miniFE.c 25 Ap -1906.7403153735656360
miniFE.c 25 Ap -1774.1339248095425773
miniFE.c 25 Ap -327.4049991747682498
miniFE.c 25 Ap -219.4093623749036510
miniFE.c 25 Ap -635.4057640293456188
miniFE.c 25 Ap -329.8457593556093457
miniFE.c 25 Ap -421.3964871012160529
miniFE.c 25 Ap 458.7059585340987269
miniFE.c 25 Ap 397.2601775126667576
miniFE.c 25 Ap 516.8408507602349573
miniFE.c 25 Ap -101.8884422682868802
miniFE.c 25 Ap 25.6329657429661069
miniFE.c 25 Ap -281.7396429550115613
miniFE.c 25 Ap -245.9013655089115105
miniFE.c 25 Ap -532.4845526423132469
miniFE.c 25 Ap -431.6837620603794221
miniFE.c 25 Ap -961.6749222776801389
miniFE.c 25 Ap -868.3261993876024007
miniFE.c 25 Ap -130.6663922938431313
miniFE.c 25 Ap -52.8617529755885300
miniFE.c 25 Ap -370.5015121588006650
miniFE.c 25 Ap -240.3759798158999104
miniFE.c 25 Ap -317.8578510799200103
miniFE.c 25 Ap -272.4891866645707523
miniFE.c 25 Ap -294.0781362169084900
miniFE.c 25 Ap 1970.1230582595005671
miniFE.c 57 sum 19407.5660628589248518
miniFE.c 57 sum 22601.8167715964700619
miniFE.c 57 sum 55988.8160059564543189
miniFE.c 57 sum 99228.8568538450490450
miniFE.c 57 sum 135409.6905588809459005
miniFE.c 57 sum 142253.6646329570503440
miniFE.c 57 sum 149262.7695103450096212
miniFE.c 57 sum 218024.9874869364721235
miniFE.c 90 p_ap_dot 218024.9874869364721235
miniFE.c 91 alpha 0.0173832961031938
miniFE.c 40 y 1.1415605331589376
miniFE.c 40 y 1.9308694156185962
miniFE.c 40 y 1.1456333732702411
miniFE.c 40 y 2.0101442002919763
miniFE.c 40 y 0.8336016353484339
miniFE.c 40 y 1.9345654411870814
miniFE.c 40 y 0.9372748878757735
miniFE.c 40 y 2.0057975438244910
miniFE.c 40 y -6.2842313397048244
miniFE.c 40 y 3.3958552692332287
miniFE.c 40 y -5.7457351555269867
miniFE.c 40 y -2.2027760142944075
miniFE.c 40 y 8.5103552882406817
miniFE.c 40 y 1.4796852863996435
miniFE.c 40 y 5.2661008122539616
miniFE.c 40 y -1.6249992670708835
miniFE.c 82 oldrtrans 3789.9929153805442184
miniFE.c 48 sum 39.4915635309282891
miniFE.c 48 sum 51.0233965405073704
miniFE.c 48 sum 84.0368690179660973
miniFE.c 48 sum 88.8890911871168470
miniFE.c 48 sum 161.3152383192029902
miniFE.c 48 sum 163.5047068659905847
miniFE.c 48 sum 191.2365246308124256
miniFE.c 48 sum 193.8771472487933352
miniFE.c 83 rtrans 193.8771472487933352
miniFE.c 84 beta 0.0511550157421143
miniFE.c 40 y -7.3273299101709428
miniFE.c 40 y 3.9682098334958309
miniFE.c 40 y -7.0613082454721994
miniFE.c 40 y -0.7927920753192332
miniFE.c 40 y 7.4671245084997322
miniFE.c 40 y 2.1570767909276003
miniFE.c 40 y 4.8531789510988066
miniFE.c 40 y 0.1604386162676237
miniFE.c 87 normr 13.9239774220153532
miniFE.c 25 Ap -491.6250753972454959
miniFE.c 25 Ap -431.7545111238854929
miniFE.c 25 Ap -497.5603467220972220
miniFE.c 25 Ap -508.4346712952927305
miniFE.c 25 Ap -403.4214378112125132
miniFE.c 25 Ap -368.7865500253626010
miniFE.c 25 Ap -344.5364183951017480
miniFE.c 25 Ap -343.5083176344259641
miniFE.c 25 Ap -110.5514563861996038
miniFE.c 25 Ap 153.0828733557311239
miniFE.c 25 Ap 51.4567369261425966
miniFE.c 25 Ap 46.7286708626805449
miniFE.c 25 Ap 128.3712980600582796
miniFE.c 25 Ap 149.1919770285178686
miniFE.c 25 Ap 204.5056473375609301
miniFE.c 25 Ap 205.6213217521015792
miniFE.c 25 Ap -68.2849481541538808
miniFE.c 25 Ap -11.1745912767768871
miniFE.c 25 Ap -489.0422009986046419
miniFE.c 25 Ap -496.6626571651863173
miniFE.c 25 Ap -371.2285555889963007
miniFE.c 25 Ap -336.3363501127566337
miniFE.c 25 Ap -278.3314464799607322
miniFE.c 25 Ap -276.3498418558745584
miniFE.c 25 Ap -100.5052474395606339
miniFE.c 25 Ap -76.8395741432008634
miniFE.c 25 Ap -144.7141047276226118
miniFE.c 25 Ap -196.5640621279492564
miniFE.c 25 Ap -169.1738131128273039
miniFE.c 25 Ap -145.2606970870509429
miniFE.c 25 Ap -138.9504336599268868
miniFE.c 25 Ap -138.1929984602461730
miniFE.c 25 Ap -103.0472447319971394
miniFE.c 25 Ap -59.6603860143887914
miniFE.c 25 Ap -178.2775129573149684
miniFE.c 25 Ap -181.1855630822983585
miniFE.c 25 Ap 315.8356527803245513
miniFE.c 25 Ap 325.5192170096942732
miniFE.c 25 Ap 393.7192907286424202
miniFE.c 25 Ap 394.3288512600954050
miniFE.c 25 Ap -117.6505399696687277
miniFE.c 25 Ap -79.3483231129512632
miniFE.c 25 Ap -193.5698562861534811
miniFE.c 25 Ap -202.3586620260142013
miniFE.c 25 Ap -168.8371944125856317
miniFE.c 25 Ap -25.4708172464309826
miniFE.c 25 Ap 11.4727408391024426
miniFE.c 25 Ap 12.0224251976485181
miniFE.c 25 Ap -36.6128503833064798
miniFE.c 25 Ap 8.6144640550772422
miniFE.c 25 Ap -75.7818684163117666
miniFE.c 25 Ap -76.8126828347803183
miniFE.c 25 Ap 28.1202790608335249
miniFE.c 25 Ap 44.5404631347274460
miniFE.c 25 Ap 363.1914573417631118
miniFE.c 25 Ap 363.6205595659719734
miniFE.c 25 Ap -46.9539916861597462
miniFE.c 25 Ap -19.3594493885934185
miniFE.c 25 Ap -106.5748679508222807
miniFE.c 25 Ap -110.3176615365824915
miniFE.c 25 Ap -81.9475316407081351
miniFE.c 25 Ap -74.5570953496233955
miniFE.c 25 Ap -61.5769916137094242
miniFE.c 25 Ap -51.1689888202452110
miniFE.c 57 sum 2516.9987701952300085
miniFE.c 57 sum 3332.9473211483295927
miniFE.c 57 sum 5284.3387380801550535
miniFE.c 57 sum 5393.8970521240407834
miniFE.c 57 sum 8338.3996817768456822
miniFE.c 57 sum 8364.3329761413569940
miniFE.c 57 sum 10129.0486220137026976
miniFE.c 57 sum 10120.8391402515699156
miniFE.c 90 p_ap_dot 10120.8391402515699156
miniFE.c 91 alpha 0.0191562324588013
miniFE.c 40 y 1.0011964980973755
miniFE.c 40 y 2.0068853656343433
miniFE.c 40 y 1.0103653110567254
miniFE.c 40 y 1.9949572910056657
miniFE.c 40 y 0.9766436082320669
miniFE.c 40 y 1.9758869056255755
miniFE.c 40 y 1.0302435120271836
miniFE.c 40 y 2.0088709432530822
miniFE.c 40 y 0.2960938444319785
miniFE.c 40 y -0.5430745687359964
miniFE.c 40 y -0.4519133449828887
miniFE.c 40 y 0.4444811883888322
miniFE.c 40 y 0.9565001482902291
miniFE.c 40 y 1.2493809145949388
miniFE.c 40 y -1.6994991535911863
miniFE.c 40 y -0.6447942225484636
miniFE.c 82 oldrtrans 193.8771472487933352
miniFE.c 48 sum 0.0876715647105087
miniFE.c 48 sum 0.3826015519182971
miniFE.c 48 sum 0.5868272232919205
miniFE.c 48 sum 0.7843907501234690
miniFE.c 48 sum 1.6992832838026994
miniFE.c 48 sum 3.2602359535567853
miniFE.c 48 sum 6.1485333266139435
miniFE.c 48 sum 6.5642929160458214
miniFE.c 83 rtrans 6.5642929160458214
miniFE.c 84 beta 0.0338580023958274
miniFE.c 40 y 0.0480050907783931
miniFE.c 40 y -0.4087189106863487
miniFE.c 40 y -0.6909951364757621
miniFE.c 40 y 0.4176388324032806
miniFE.c 40 y 1.2093220677889542
miniFE.c 40 y 1.3224152257501491
miniFE.c 40 y -1.5351802090375040
miniFE.c 40 y -0.6393620914944912
miniFE.c 87 normr 2.5620876089716020
miniFE.c 25 Ap 3.2208876442999617
miniFE.c 25 Ap -2.9456793566258592
miniFE.c 25 Ap -9.3852102154075556
miniFE.c 25 Ap -3.6566713471362808
miniFE.c 25 Ap 13.3505207142275744
miniFE.c 25 Ap 34.5837485449622690
miniFE.c 25 Ap 26.9128337650937013
miniFE.c 25 Ap 22.8157612029852359
miniFE.c 25 Ap 0.7242792073735452
miniFE.c 25 Ap -26.4296114871420222
miniFE.c 25 Ap -36.3743927614470977
miniFE.c 25 Ap -33.8836716105390963
miniFE.c 25 Ap -20.6614157569411105
miniFE.c 25 Ap -7.8971122355506225
miniFE.c 25 Ap -25.3941905018367606
miniFE.c 25 Ap -29.8402518286044867
miniFE.c 25 Ap 0.4473696660481813
miniFE.c 25 Ap -5.4349006349824300
miniFE.c 25 Ap -52.1973676904054429
miniFE.c 25 Ap -48.1829501465494374
miniFE.c 25 Ap -27.8685403738583837
miniFE.c 25 Ap -6.4775616308439545
miniFE.c 25 Ap -24.8259433784476613
miniFE.c 25 Ap -32.7228132620516732
miniFE.c 25 Ap 0.6584613476109216
miniFE.c 25 Ap -1.7790630314428959
miniFE.c 25 Ap -8.4210292073968045
miniFE.c 25 Ap 18.8932645941811543
miniFE.c 25 Ap 23.3291933829026306
miniFE.c 25 Ap 37.9893431098939516
miniFE.c 25 Ap 35.9932511411564917
miniFE.c 25 Ap 32.9748048050724378
miniFE.c 25 Ap 0.6751152737037617
miniFE.c 25 Ap -3.7936578953656079
miniFE.c 25 Ap -15.4011185770100241
miniFE.c 25 Ap -13.8691725642055612
miniFE.c 25 Ap 66.6248280136326514
miniFE.c 25 Ap 72.5614237019768069
miniFE.c 25 Ap 50.9880581856438369
miniFE.c 25 Ap 48.5589054956693360
miniFE.c 25 Ap 0.7707889395741914
miniFE.c 25 Ap -3.1742747056006890
miniFE.c 25 Ap -14.3515978247403080
miniFE.c 25 Ap -9.7216996689891033
miniFE.c 25 Ap -4.2928025770164551
miniFE.c 25 Ap 83.5992376241266442
miniFE.c 25 Ap 71.9130789648632032
miniFE.c 25 Ap 69.7225381255207282
miniFE.c 25 Ap 0.2398695333571174
miniFE.c 25 Ap -4.4184674664885808
miniFE.c 25 Ap -12.6771998779387012
miniFE.c 25 Ap -12.1341720859664868
miniFE.c 25 Ap 4.8600197631686370
miniFE.c 25 Ap 14.9265605188177268
miniFE.c 25 Ap -85.8706086822085126
miniFE.c 25 Ap -87.5806190395497453
miniFE.c 25 Ap 0.3076196460286622
miniFE.c 25 Ap -2.5345716044309601
miniFE.c 25 Ap -11.0691700042162982
miniFE.c 25 Ap -9.0974853825531028
miniFE.c 25 Ap -4.5028620961639527
miniFE.c 25 Ap 0.0279109933115347
miniFE.c 25 Ap -4.0780159810311849
miniFE.c 25 Ap -45.5548286656382899
miniFE.c 57 sum 1.0952726877274463
miniFE.c 57 sum 13.2915479097209985
miniFE.c 57 sum 35.9028527256032675
miniFE.c 57 sum 49.6744117031198087
miniFE.c 57 sum 108.3977677067110648
miniFE.c 57 sum 200.5999137018449403
miniFE.c 57 sum 335.0519467466149308
miniFE.c 57 sum 364.1779772799506532
miniFE.c 90 p_ap_dot 364.1779772799506532
miniFE.c 91 alpha 0.0180249584696873
miniFE.c 40 y 1.0020617878649896
miniFE.c 40 y 1.9995182242434459
miniFE.c 40 y 0.9979101524189939
miniFE.c 40 y 2.0024852136150635
miniFE.c 40 y 0.9984415882804391
miniFE.c 40 y 1.9997233851494041
miniFE.c 40 y 1.0025719525157968
miniFE.c 40 y 1.9973464681068016
miniFE.c 40 y -0.1151593037061323
miniFE.c 40 y -0.0052052688003911
miniFE.c 40 y 0.1379140050769243
miniFE.c 40 y -0.1498882987686424
miniFE.c 40 y 0.0812278933973208
miniFE.c 40 y -0.0073649395187592
miniFE.c 40 y -0.1208621326538006
miniFE.c 40 y 0.1763296722433854
miniFE.c 82 oldrtrans 6.5642929160458214
miniFE.c 48 sum 0.0132616652300812
miniFE.c 48 sum 0.0132887600533655
miniFE.c 48 sum 0.0323090328497234
miniFE.c 48 sum 0.0547755349574812
miniFE.c 48 sum 0.0613735056232478
miniFE.c 48 sum 0.0614277479573627
miniFE.c 48 sum 0.0760354030669876
miniFE.c 48 sum 0.1071275563804474
miniFE.c 83 rtrans 0.1071275563804474
miniFE.c 84 beta 0.0163197404123426
miniFE.c 40 y -0.1143758730861579
miniFE.c 40 y -0.0118754553244077
miniFE.c 40 y 0.1266371438234486
miniFE.c 40 y -0.1430725414377070
miniFE.c 40 y 0.1009637156185540
miniFE.c 40 y 0.0142165336828127
miniFE.c 40 y -0.1459158751514586
miniFE.c 40 y 0.1658954488807028
miniFE.c 87 normr 0.3273034622188518
miniFE.c 25 Ap -7.6740160357125724
miniFE.c 25 Ap -7.8531875616923399
miniFE.c 25 Ap -6.6730290446899883
miniFE.c 25 Ap -8.6354821285948820
miniFE.c 25 Ap -7.2155880007277542
miniFE.c 25 Ap -6.9873216493030395
miniFE.c 25 Ap -7.7164270902978407
miniFE.c 25 Ap -6.6533586024570175
miniFE.c 25 Ap -1.7256517039810622
miniFE.c 25 Ap -2.5146164604320553
miniFE.c 25 Ap -0.6920584856392973
miniFE.c 25 Ap -1.5453167974261572
miniFE.c 25 Ap -0.4414189067019794
miniFE.c 25 Ap -0.3041971419975112
miniFE.c 25 Ap -1.9672601966074970
miniFE.c 25 Ap -0.8136395028450798
miniFE.c 25 Ap -1.0658931233508731
miniFE.c 25 Ap -1.2368043201160894
miniFE.c 25 Ap 7.3332491483349180
miniFE.c 25 Ap 5.9580108423409266
miniFE.c 25 Ap 7.6540175107702071
miniFE.c 25 Ap 7.8839797524979440
miniFE.c 25 Ap 6.1400019676402202
miniFE.c 25 Ap 8.1890048589920905
miniFE.c 25 Ap -1.5688355194275545
miniFE.c 25 Ap -1.6396585498985425
miniFE.c 25 Ap -0.4224001619673852
miniFE.c 25 Ap -9.7795890260392806
miniFE.c 25 Ap -9.4092428092142750
miniFE.c 25 Ap -9.2516398806253175
miniFE.c 25 Ap -9.4413645167211246
miniFE.c 25 Ap -8.6581674574827581
miniFE.c 25 Ap -1.6085147973186043
miniFE.c 25 Ap -1.7383563944081017
miniFE.c 25 Ap 0.3889171422240763
miniFE.c 25 Ap -0.1358889638940740
miniFE.c 25 Ap 6.5843831619585576
miniFE.c 25 Ap 6.6482041244831764
miniFE.c 25 Ap 4.5976979423772804
miniFE.c 25 Ap 5.2279908253367919
miniFE.c 25 Ap -1.8364647686205862
miniFE.c 25 Ap -1.9510898222828859
miniFE.c 25 Ap 0.0973533586906337
miniFE.c 25 Ap -1.4887330977082280
miniFE.c 25 Ap -1.0354860788074061
miniFE.c 25 Ap -0.0906087621825291
miniFE.c 25 Ap -1.2013552777295928
miniFE.c 25 Ap -0.6329750739787061
miniFE.c 25 Ap -0.5715078725950058
miniFE.c 25 Ap -0.7068573058639637
miniFE.c 25 Ap 0.8067022388852648
miniFE.c 25 Ap 0.6206745991140907
miniFE.c 25 Ap 2.0394833670383195
miniFE.c 25 Ap 2.1477030191834401
miniFE.c 25 Ap -7.4328706946860557
miniFE.c 25 Ap -6.9891738606140299
miniFE.c 25 Ap -0.7329278004161045
miniFE.c 25 Ap -0.8155085529474141
miniFE.c 25 Ap 0.7486083387304497
miniFE.c 25 Ap 0.0731588645718748
miniFE.c 25 Ap 0.4567541459426404
miniFE.c 25 Ap 0.5054619095720040
miniFE.c 25 Ap 0.1152015842745444
miniFE.c 25 Ap 10.8772010052442951
miniFE.c 57 sum 0.7609836991113209
miniFE.c 57 sum 0.7706460386775310
miniFE.c 57 sum 1.8076782247766321
miniFE.c 57 sum 3.0464242471119403
miniFE.c 57 sum 3.5742616260576536
miniFE.c 57 sum 3.5652629145980543
miniFE.c 57 sum 4.5850943350552491
miniFE.c 57 sum 6.3895724783858832
miniFE.c 90 p_ap_dot 6.3895724783858832
miniFE.c 91 alpha 0.0167659975284465
miniFE.c 40 y 1.0001441622595131
miniFE.c 40 y 1.9993191203888276
miniFE.c 40 y 1.0000333504593475
miniFE.c 40 y 2.0000864597389305
miniFE.c 40 y 1.0001343456869625
miniFE.c 40 y 1.9999617395179932
miniFE.c 40 y 1.0001255273136462
miniFE.c 40 y 2.0001278707927161
miniFE.c 40 y -0.0036091098214698
miniFE.c 40 y 0.0084362090933560
miniFE.c 40 y 0.0006171698506267
miniFE.c 40 y -0.0047254845756108
miniFE.c 40 y -0.0064245878590167
miniFE.c 40 y 0.0032475190071361
miniFE.c 40 y -0.0036816609808631
miniFE.c 40 y -0.0060374529269560
miniFE.c 82 oldrtrans 0.1071275563804474
miniFE.c 48 sum 0.0000130256737034
miniFE.c 48 sum 0.0000841952975703
miniFE.c 48 sum 0.0000845761961948
miniFE.c 48 sum 0.0001069064006691
miniFE.c 48 sum 0.0001481817298273
miniFE.c 48 sum 0.0001587281095290
miniFE.c 48 sum 0.0001722827371071
miniFE.c 48 sum 0.0002087335749523
miniFE.c 83 rtrans 0.0002087335749523
miniFE.c 84 beta 0.0019484582865960
miniFE.c 40 y -0.0038319664391712
miniFE.c 40 y 0.0084130702640220
miniFE.c 40 y 0.0008639170429004
miniFE.c 40 y -0.0050042554545594
miniFE.c 40 y -0.0062278642706742
miniFE.c 40 y 0.0032752193299970
miniFE.c 40 y -0.0039659719769478
miniFE.c 40 y -0.0057142125648759
miniFE.c 87 normr 0.0144476148534027
miniFE.c 25 Ap -0.2571046769659215
miniFE.c 25 Ap -0.1301720587039761
miniFE.c 25 Ap -0.1221210317668575
miniFE.c 25 Ap -0.1907618516667671
miniFE.c 25 Ap -0.2783468603296092
miniFE.c 25 Ap -0.2257586286794454
miniFE.c 25 Ap -0.2455756070872034
miniFE.c 25 Ap -0.2821926411983196
miniFE.c 25 Ap -0.0578149852493168
miniFE.c 25 Ap 0.5011207145227056
miniFE.c 25 Ap 0.5135541826866162
miniFE.c 25 Ap 0.4837097239386276
miniFE.c 25 Ap 0.4156166848701415
miniFE.c 25 Ap 0.4472299730516144
miniFE.c 25 Ap 0.4020281643818293
miniFE.c 25 Ap 0.3622920901985138
miniFE.c 25 Ap -0.0357109114554876
miniFE.c 25 Ap 0.0853697433922094
miniFE.c 25 Ap 0.1438345431059820
miniFE.c 25 Ap 0.0957327639320525
miniFE.c 25 Ap -0.0088840211023013
miniFE.c 25 Ap 0.0440949114617378
miniFE.c 25 Ap -0.0033061476484242
miniFE.c 25 Ap -0.0738833584533420
miniFE.c 25 Ap -0.0525611293432268
miniFE.c 25 Ap -0.0023871262935281
miniFE.c 25 Ap 0.0059169955083127
miniFE.c 25 Ap -0.3213698684966997
miniFE.c 25 Ap -0.3442143721623310
miniFE.c 25 Ap -0.3079056509441105
miniFE.c 25 Ap -0.3130623385856134
miniFE.c 25 Ap -0.3400392961023442
miniFE.c 25 Ap -0.0538905151403040
miniFE.c 25 Ap 0.0380947140291097
miniFE.c 25 Ap 0.0526069480208176
miniFE.c 25 Ap 0.0342507785368828
miniFE.c 25 Ap -0.3802837144281725
miniFE.c 25 Ap -0.3655805768854147
miniFE.c 25 Ap -0.4213130326469905
miniFE.c 25 Ap -0.4430232575848009
miniFE.c 25 Ap -0.0615275859339078
miniFE.c 25 Ap 0.0196776061311229
miniFE.c 25 Ap 0.0336520604027958
miniFE.c 25 Ap -0.0218245650983497
miniFE.c 25 Ap -0.0497827369773102
miniFE.c 25 Ap 0.1678990496614995
miniFE.c 25 Ap 0.1377091231056700
miniFE.c 25 Ap 0.1181314594397091
miniFE.c 25 Ap -0.0191473859688614
miniFE.c 25 Ap 0.0767398251890058
miniFE.c 25 Ap 0.0870653098507283
miniFE.c 25 Ap 0.0805586117682802
miniFE.c 25 Ap -0.0069594473536522
miniFE.c 25 Ap 0.0179723049637048
miniFE.c 25 Ap -0.2424262762931320
miniFE.c 25 Ap -0.2577092635080087
miniFE.c 25 Ap -0.0245554823560944
miniFE.c 25 Ap 0.0339481837790288
miniFE.c 25 Ap 0.0446185700417884
miniFE.c 25 Ap 0.0209933399216607
miniFE.c 25 Ap -0.0026684214607540
miniFE.c 25 Ap 0.0085529221184252
miniFE.c 25 Ap -0.0020542959943245
miniFE.c 25 Ap -0.3727477220612135
miniFE.c 57 sum 0.0010813527304530
miniFE.c 57 sum 0.0041293415413925
miniFE.c 57 sum 0.0040655124488380
miniFE.c 57 sum 0.0057671559511227
miniFE.c 57 sum 0.0085262446681127
miniFE.c 57 sum 0.0089131511075504
miniFE.c 57 sum 0.0099352188248231
miniFE.c 57 sum 0.0120651785417541
miniFE.c 90 p_ap_dot 0.0120651785417541
miniFE.c 91 alpha 0.0173004961534466
miniFE.c 40 y 1.0000778673388722
miniFE.c 40 y 1.9994646706785690
miniFE.c 40 y 1.0000482966528250
miniFE.c 40 y 1.9999998836366881
miniFE.c 40 y 1.0000266005451035
miniFE.c 40 y 2.0000184024374135
miniFE.c 40 y 1.0000569140307143
miniFE.c 40 y 2.0000290120802173
miniFE.c 40 y 0.0012729628821127
miniFE.c 40 y 0.0021683761804524
miniFE.c 40 y 0.0018953886093525
miniFE.c 40 y 0.0011573639586285
miniFE.c 40 y 0.0012399343047165
miniFE.c 40 y 0.0012037861474983
miniFE.c 40 y 0.0007768371411648
miniFE.c 40 y 0.0004112676047700
