filename line variable value
miniFE.c 167 A 67.0947100000000063
miniFE.c 167 A 15.0875500000000002
miniFE.c 167 A 9.3192129999999995
miniFE.c 167 A 13.7164900000000003
miniFE.c 167 A 14.0634099999999993
miniFE.c 167 A 16.0564000000000000
miniFE.c 167 A 4.9967519999999999
miniFE.c 167 A 6.4080630000000003
miniFE.c 167 A 15.0875500000000002
miniFE.c 167 A 66.4365899999999954
miniFE.c 167 A 14.3919700000000006
miniFE.c 167 A 5.9638159999999996
miniFE.c 167 A 10.9336099999999998
miniFE.c 167 A 9.6522659999999991
miniFE.c 167 A 11.3974100000000007
miniFE.c 167 A 6.9539020000000002
miniFE.c 167 A 9.3192129999999995
miniFE.c 167 A 14.3919700000000006
miniFE.c 167 A 67.6740900000000067
miniFE.c 167 A 9.6121750000000006
miniFE.c 167 A 16.7981799999999986
miniFE.c 167 A 16.1756899999999995
miniFE.c 167 A 11.9519400000000005
miniFE.c 167 A 12.3511699999999998
miniFE.c 167 A 13.7164900000000003
miniFE.c 167 A 5.9638159999999996
miniFE.c 167 A 9.6121750000000006
miniFE.c 167 A 65.4017099999999942
miniFE.c 167 A 3.6681119999999998
miniFE.c 167 A 11.0858899999999991
miniFE.c 167 A 1.3002330000000000
miniFE.c 167 A 4.7210279999999996
miniFE.c 167 A 14.0634099999999993
miniFE.c 167 A 10.9336099999999998
miniFE.c 167 A 16.7981799999999986
miniFE.c 167 A 3.6681119999999998
miniFE.c 167 A 66.5612600000000043
miniFE.c 167 A 4.4892070000000004
miniFE.c 167 A 14.0526599999999995
miniFE.c 167 A 3.7993380000000001
miniFE.c 167 A 16.0564000000000000
miniFE.c 167 A 9.6522659999999991
miniFE.c 167 A 16.1756899999999995
miniFE.c 167 A 11.0858899999999991
miniFE.c 167 A 4.4892070000000004
miniFE.c 167 A 66.4632699999999943
miniFE.c 167 A 7.6122389999999998
miniFE.c 167 A 3.4261349999999999
miniFE.c 167 A 4.9967519999999999
miniFE.c 167 A 11.3974100000000007
miniFE.c 167 A 11.9519400000000005
miniFE.c 167 A 1.3002330000000000
miniFE.c 167 A 14.0526599999999995
miniFE.c 167 A 7.6122389999999998
miniFE.c 167 A 65.6581999999999937
miniFE.c 167 A 2.6745570000000001
miniFE.c 167 A 6.4080630000000003
miniFE.c 167 A 6.9539020000000002
miniFE.c 167 A 12.3511699999999998
miniFE.c 167 A 4.7210279999999996
miniFE.c 167 A 3.7993380000000001
miniFE.c 167 A 3.4261349999999999
miniFE.c 167 A 2.6745570000000001
miniFE.c 167 A 64.8721800000000002
miniFE.c 175 b 198.0110999999999990
miniFE.c 175 b 229.8237000000000023
miniFE.c 175 b 210.8053999999999917
miniFE.c 175 b 202.6418999999999926
miniFE.c 175 b 157.2561000000000035
miniFE.c 175 b 225.5886000000000138
miniFE.c 175 b 142.6283999999999992
miniFE.c 175 b 185.1795999999999935
miniFE.c 33 r 0.0000000000000000
miniFE.c 33 r 0.0000000000000000
miniFE.c 33 r 0.0000000000000000
miniFE.c 33 r 0.0000000000000000
miniFE.c 33 r 0.0000000000000000
miniFE.c 33 r 0.0000000000000000
miniFE.c 33 r 0.0000000000000000
miniFE.c 33 r 0.0000000000000000
miniFE.c 25 Ap 0.0000000000000000
miniFE.c 25 Ap 0.0000000000000000
miniFE.c 25 Ap 0.0000000000000000
miniFE.c 25 Ap 0.0000000000000000
miniFE.c 25 Ap 0.0000000000000000
miniFE.c 25 Ap 0.0000000000000000
miniFE.c 25 Ap 0.0000000000000000
miniFE.c 25 Ap 0.0000000000000000
miniFE.c 25 Ap 0.0000000000000000
miniFE.c 25 Ap 0.0000000000000000
miniFE.c 25 Ap 0.0000000000000000
miniFE.c 25 Ap 0.0000000000000000
miniFE.c 25 Ap 0.0000000000000000
miniFE.c 25 Ap 0.0000000000000000
miniFE.c 25 Ap 0.0000000000000000
miniFE.c 25 Ap 0.0000000000000000
miniFE.c 25 Ap 0.0000000000000000
miniFE.c 25 Ap 0.0000000000000000
miniFE.c 25 Ap 0.0000000000000000
miniFE.c 25 Ap 0.0000000000000000
miniFE.c 25 Ap 0.0000000000000000
miniFE.c 25 Ap 0.0000000000000000
miniFE.c 25 Ap 0.0000000000000000
miniFE.c 25 Ap 0.0000000000000000
miniFE.c 25 Ap 0.0000000000000000
miniFE.c 25 Ap 0.0000000000000000
miniFE.c 25 Ap 0.0000000000000000
miniFE.c 25 Ap 0.0000000000000000
miniFE.c 25 Ap 0.0000000000000000
miniFE.c 25 Ap 0.0000000000000000
miniFE.c 25 Ap 0.0000000000000000
miniFE.c 25 Ap 0.0000000000000000
miniFE.c 25 Ap 0.0000000000000000
miniFE.c 25 Ap 0.0000000000000000
miniFE.c 25 Ap 0.0000000000000000
miniFE.c 25 Ap 0.0000000000000000
miniFE.c 25 Ap 0.0000000000000000
miniFE.c 25 Ap 0.0000000000000000
miniFE.c 25 Ap 0.0000000000000000
miniFE.c 25 Ap 0.0000000000000000
miniFE.c 25 Ap 0.0000000000000000
miniFE.c 25 Ap 0.0000000000000000
miniFE.c 25 Ap 0.0000000000000000
miniFE.c 25 Ap 0.0000000000000000
miniFE.c 25 Ap 0.0000000000000000
miniFE.c 25 Ap 0.0000000000000000
miniFE.c 25 Ap 0.0000000000000000
miniFE.c 25 Ap 0.0000000000000000
miniFE.c 25 Ap 0.0000000000000000
miniFE.c 25 Ap 0.0000000000000000
miniFE.c 25 Ap 0.0000000000000000
miniFE.c 25 Ap 0.0000000000000000
miniFE.c 25 Ap 0.0000000000000000
miniFE.c 25 Ap 0.0000000000000000
miniFE.c 25 Ap 0.0000000000000000
miniFE.c 25 Ap 0.0000000000000000
miniFE.c 25 Ap 0.0000000000000000
miniFE.c 25 Ap 0.0000000000000000
miniFE.c 25 Ap 0.0000000000000000
miniFE.c 25 Ap 0.0000000000000000
miniFE.c 25 Ap 0.0000000000000000
miniFE.c 25 Ap 0.0000000000000000
miniFE.c 25 Ap 0.0000000000000000
miniFE.c 25 Ap 0.0000000000000000
miniFE.c 33 r 198.0110999999999990
miniFE.c 33 r 229.8237000000000023
miniFE.c 33 r 210.8053999999999917
miniFE.c 33 r 202.6418999999999926
miniFE.c 33 r 157.2561000000000035
miniFE.c 33 r 225.5886000000000138
miniFE.c 33 r 142.6283999999999992
miniFE.c 33 r 185.1795999999999935
miniFE.c 48 sum 39208.3957232100001420
miniFE.c 48 sum 92027.3288048999966122
miniFE.c 48 sum 136466.2454740600078367
miniFE.c 48 sum 177529.9851096700003836
miniFE.c 48 sum 202259.4660968800017145
miniFE.c 48 sum 253149.6825468399911188
miniFE.c 48 sum 273492.5430333999684080
miniFE.c 48 sum 307784.0272895599482581
miniFE.c 75 rtrans 307784.0272895599482581
miniFE.c 76 normr 554.7828649927464539
miniFE.c 33 r 198.0110999999999990
miniFE.c 33 r 229.8237000000000023
miniFE.c 33 r 210.8053999999999917
miniFE.c 33 r 202.6418999999999926
miniFE.c 33 r 157.2561000000000035
miniFE.c 33 r 225.5886000000000138
miniFE.c 33 r 142.6283999999999992
miniFE.c 33 r 185.1795999999999935
miniFE.c 87 normr 554.7828649927464539
miniFE.c 25 Ap 13285.4973312810016068
miniFE.c 25 Ap 16752.9738962160008668
miniFE.c 25 Ap 18717.5143203662009910
miniFE.c 25 Ap 21497.0499152972006414
miniFE.c 25 Ap 23708.6069245981998392
miniFE.c 25 Ap 27330.7477216381994367
miniFE.c 25 Ap 28043.4264645949988335
miniFE.c 25 Ap 29230.0690077097970061
miniFE.c 25 Ap 2987.5023718050001662
miniFE.c 25 Ap 18256.2053009880000900
miniFE.c 25 Ap 21290.1102936259994749
miniFE.c 25 Ap 22498.6292991164009436
miniFE.c 25 Ap 24218.0061666374022025
miniFE.c 25 Ap 26395.4473404050004319
miniFE.c 25 Ap 28021.0416928490012651
miniFE.c 25 Ap 29308.7624836482027604
miniFE.c 25 Ap 1845.3076172643000064
miniFE.c 25 Ap 5152.9234129532997031
miniFE.c 25 Ap 19418.9870250392996240
miniFE.c 25 Ap 21366.8164301717988565
miniFE.c 25 Ap 24008.4327040697971825
miniFE.c 25 Ap 27657.4839652037990163
miniFE.c 25 Ap 29362.1700442997971550
miniFE.c 25 Ap 31649.3547644317950471
miniFE.c 25 Ap 2716.0172730389999742
miniFE.c 25 Ap 4086.6435322781999275
miniFE.c 25 Ap 6112.9419280231995799
miniFE.c 25 Ap 19366.0687056721981207
miniFE.c 25 Ap 19942.9016931553996983
miniFE.c 25 Ap 22443.7520980093977414
miniFE.c 25 Ap 22629.2022504265987664
miniFE.c 25 Ap 23503.4403270553993934
miniFE.c 25 Ap 2784.7112838509997346
miniFE.c 25 Ap 5297.5139884079999320
miniFE.c 25 Ap 8838.6610425799990480
miniFE.c 25 Ap 9581.9742276727993158
miniFE.c 25 Ap 20049.1383863587980159
miniFE.c 25 Ap 21061.8523085989982064
miniFE.c 25 Ap 23066.1607201429978886
miniFE.c 25 Ap 23769.7206112477979332
miniFE.c 25 Ap 3179.3454260399998930
miniFE.c 25 Ap 5397.6649115441996400
miniFE.c 25 Ap 8807.5877122702004272
miniFE.c 25 Ap 11054.0535250612010714
miniFE.c 25 Ap 11760.0087099739012046
miniFE.c 25 Ap 26753.3647406958989450
miniFE.c 25 Ap 27839.0862096834971453
miniFE.c 25 Ap 28473.5365185294976982
miniFE.c 25 Ap 989.4123599472000024
miniFE.c 25 Ap 3608.8072965641999872
miniFE.c 25 Ap 6128.3407890401995246
miniFE.c 25 Ap 6391.8224746028990921
miniFE.c 25 Ap 8601.6889808288997301
miniFE.c 25 Ap 10318.9233197042995016
miniFE.c 25 Ap 19683.6473325842962367
miniFE.c 25 Ap 20178.9207280214977800
miniFE.c 25 Ap 1268.8676034993000030
miniFE.c 25 Ap 2867.0390905766998912
miniFE.c 25 Ap 5470.7324228946999938
miniFE.c 25 Ap 6427.4105067679001877
miniFE.c 25 Ap 7024.8795832297000743
miniFE.c 25 Ap 7797.7765812907000509
miniFE.c 25 Ap 8179.2443669095000587
miniFE.c 25 Ap 20192.2487104374995397
miniFE.c 57 sum 5787878.1172925252467394
miniFE.c 57 sum 12523726.3537057451903820
miniFE.c 57 sum 19195581.2445636950433254
miniFE.c 57 sum 23958363.0489748232066631
miniFE.c 57 sum 27696296.6103892698884010
miniFE.c 57 sum 34119601.8506532162427902
miniFE.c 57 sum 36997689.0278177559375763
miniFE.c 57 sum 40736881.5671170875430107
miniFE.c 90 p_ap_dot 40736881.5671170875430107
miniFE.c 91 alpha 0.0075554145395853
miniFE.c 40 y 1.4960559439392744
miniFE.c 40 y 1.7364133245212852
miniFE.c 40 y 1.5927221841830903
miniFE.c 40 y 1.5310435575891859
miniFE.c 40 y 1.1881350243784765
miniFE.c 40 y 1.7044153884046875
miniFE.c 40 y 1.0776166871177848
miniFE.c 40 y 1.3991086422745860
miniFE.c 40 y -22.8341883739316245
miniFE.c 40 y 8.3838497937928480
miniFE.c 40 y -28.3185951556805833
miniFE.c 40 y 25.0636652226906733
miniFE.c 40 y -22.3339927081014764
miniFE.c 40 y 10.4592281944898673
miniFE.c 40 y -9.8317110616323760
miniFE.c 40 y 32.6187905062384118
miniFE.c 82 oldrtrans 307784.0272895599482581
miniFE.c 48 sum 521.4001586961941257
miniFE.c 48 sum 591.6890960610744514
miniFE.c 48 sum 1393.6319276524102406
miniFE.c 48 sum 2021.8192420475243125
miniFE.c 48 sum 2520.6264723330541528
miniFE.c 48 sum 2630.0219267574657351
miniFE.c 48 sum 2726.6844691568903727
miniFE.c 48 sum 3790.6699632467598349
miniFE.c 83 rtrans 3790.6699632467598349
miniFE.c 84 beta 0.0123160061184089
miniFE.c 40 y -20.3954824548187439
miniFE.c 40 y 11.2143598891482252
miniFE.c 40 y -25.7223145594869429
miniFE.c 40 y 27.5594041029366821
miniFE.c 40 y -20.3972256183443506
miniFE.c 40 y 13.2375787723331708
miniFE.c 40 y -8.0750988145735008
miniFE.c 40 y 34.8994635928429275
miniFE.c 87 normr 61.5684169298412272
miniFE.c 25 Ap -1368.4289806161518754
miniFE.c 25 Ap -1199.2317650706336281
miniFE.c 25 Ap -1438.9434933034935966
miniFE.c 25 Ap -1060.9252025196035447
miniFE.c 25 Ap -1347.7797492528836756
miniFE.c 25 Ap -1135.2318894527934390
miniFE.c 25 Ap -1175.5811556047112845
miniFE.c 25 Ap -951.9431942355674892
miniFE.c 25 Ap -307.7178613112005223
miniFE.c 25 Ap 437.3259687565855529
miniFE.c 25 Ap 67.1311892858862507
miniFE.c 25 Ap 231.4904044254456608
miniFE.c 25 Ap 8.4750944324596844
miniFE.c 25 Ap 136.2477259389728772
miniFE.c 25 Ap 44.2125139587647027
miniFE.c 25 Ap 286.8999636359623082
miniFE.c 25 Ap -190.0698452342187466
miniFE.c 25 Ap -28.6731141403941479
miniFE.c 25 Ap -1769.4073446474239972
miniFE.c 25 Ap -1504.5015295142784453
miniFE.c 25 Ap -1847.1377969518380269
miniFE.c 25 Ap -1633.0108263799961605
miniFE.c 25 Ap -1729.5239229058497585
miniFE.c 25 Ap -1298.4747151618360022
miniFE.c 25 Ap -279.7544311366967804
miniFE.c 25 Ap -212.8740522000363740
miniFE.c 25 Ap -460.1214411508727835
miniFE.c 25 Ap 1342.3107137622018854
miniFE.c 25 Ap 1267.4914057048456471
miniFE.c 25 Ap 1414.2417478412662604
miniFE.c 25 Ap 1403.7422378842968556
miniFE.c 25 Ap 1568.5035826910889227
miniFE.c 25 Ap -286.8300319099224680
miniFE.c 25 Ap -164.2165944823325390
miniFE.c 25 Ap -596.3046644692149130
miniFE.c 25 Ap -495.2136835663836223
miniFE.c 25 Ap -1852.8787212276629361
miniFE.c 25 Ap -1793.4524899398534217
miniFE.c 25 Ap -1906.9291080474579303
miniFE.c 25 Ap -1774.3342498395531948
miniFE.c 25 Ap -327.4780244875516928
miniFE.c 25 Ap -219.2340398177625218
miniFE.c 25 Ap -635.3102262145098393
miniFE.c 25 Ap -329.7897038638051299
miniFE.c 25 Ap -421.3570718902559520
miniFE.c 25 Ap 458.4557002015919807
miniFE.c 25 Ap 396.9861180764418123
miniFE.c 25 Ap 516.5563917731067249
miniFE.c 25 Ap -101.9111677470804693
miniFE.c 25 Ap 25.9034897970964124
miniFE.c 25 Ap -281.5280704790179698
miniFE.c 25 Ap -245.6944238040443054
miniFE.c 25 Ap -532.3297003619271663
miniFE.c 25 Ap -431.5620869656004857
miniFE.c 25 Ap -961.7585399526303718
miniFE.c 25 Ap -868.4179353041471359
miniFE.c 25 Ap -130.6955364858731627
miniFE.c 25 Ap -52.7119768240055322
miniFE.c 25 Ap -370.4126567417038700
miniFE.c 25 Ap -240.3039383084249323
miniFE.c 25 Ap -317.7998926947741438
miniFE.c 25 Ap -272.4461607476264362
miniFE.c 25 Ap -294.0434728078357125
miniFE.c 25 Ap 1969.9608112905175403
miniFE.c 57 sum 19415.3407160156275495
miniFE.c 57 sum 22632.7401604128463077
miniFE.c 57 sum 56032.5152313458020217
miniFE.c 57 sum 99259.5393036334862700
miniFE.c 57 sum 135451.0353199666133150
miniFE.c 57 sum 142288.9912464153021574
miniFE.c 57 sum 149301.5518863441830035
miniFE.c 57 sum 218052.1274993049155455
miniFE.c 90 p_ap_dot 218052.1274993049155455
miniFE.c 91 alpha 0.0173842374606450
miniFE.c 40 y 1.1414960338202862
miniFE.c 40 y 1.9313664198033706
miniFE.c 40 y 1.1455593598435627
miniFE.c 40 y 2.0101427827885114
miniFE.c 40 y 0.8335448106908265
miniFE.c 40 y 1.9345406011869211
miniFE.c 40 y 0.9372372518070660
miniFE.c 40 y 2.0058092046217029
miniFE.c 40 y -6.2853818362955991
miniFE.c 40 y 3.3963126984948593
miniFE.c 40 y -5.7454803003513284
miniFE.c 40 y -2.2035735166836723
miniFE.c 40 y 8.5114552256647578
miniFE.c 40 y 1.4792892180922035
miniFE.c 40 y 5.2650725407779788
miniFE.c 40 y -1.6274760254008527
miniFE.c 82 oldrtrans 3790.6699632467598349
miniFE.c 48 sum 39.5060248280346400
miniFE.c 48 sum 51.0409647739920729
miniFE.c 48 sum 84.0515086557172708
miniFE.c 48 sum 88.9072448991469173
miniFE.c 48 sum 161.3521149576428115
miniFE.c 48 sum 163.5404115484066665
miniFE.c 48 sum 191.2614004080609504
miniFE.c 48 sum 193.9100786213155061
miniFE.c 83 rtrans 193.9100786213155061
miniFE.c 84 beta 0.0511545664754282
miniFE.c 40 y -7.3287038993290547
miniFE.c 40 y 3.9699784169236683
miniFE.c 40 y -7.0612941503864786
miniFE.c 40 y -0.7937841474768079
miniFE.c 40 y 7.4680439918568542
miniFE.c 40 y 2.1564518213752386
miniFE.c 40 y 4.8519943616722268
miniFE.c 40 y 0.1577909049160187
miniFE.c 87 normr 13.9251599136712070
miniFE.c 25 Ap -491.7172628013521489
miniFE.c 25 Ap -431.8200149370954364
miniFE.c 25 Ap -497.6257191802010311
miniFE.c 25 Ap -508.5136515012251834
miniFE.c 25 Ap -403.4874869457055979
miniFE.c 25 Ap -368.8626339209762364
miniFE.c 25 Ap -344.6184213903018190
miniFE.c 25 Ap -343.6072873307729765
miniFE.c 25 Ap -110.5721865163220770
miniFE.c 25 Ap 153.1796418776847304
miniFE.c 25 Ap 51.5537083041470368
miniFE.c 25 Ap 46.8197257048784934
miniFE.c 25 Ap 128.4724061746845223
miniFE.c 25 Ap 149.2870527707828217
miniFE.c 25 Ap 204.5872218284494863
miniFE.c 25 Ap 205.6844843177267990
miniFE.c 25 Ap -68.2977526517780120
miniFE.c 25 Ap -11.1619423747650828
miniFE.c 25 Ap -489.0285982244932370
miniFE.c 25 Ap -496.6585903622661249
miniFE.c 25 Ap -371.2090431391361562
miniFE.c 25 Ap -336.3269469766349289
miniFE.c 25 Ap -278.3362014855901521
miniFE.c 25 Ap -276.3872991945185618
miniFE.c 25 Ap -100.5240937481079868
miniFE.c 25 Ap -76.8478729456039389
miniFE.c 25 Ap -144.7222680455950865
miniFE.c 25 Ap -196.6371086614705064
miniFE.c 25 Ap -169.2434868784124831
miniFE.c 25 Ap -145.3372991963469474
miniFE.c 25 Ap -139.0285760114867912
miniFE.c 25 Ap -138.2836407312329357
miniFE.c 25 Ap -103.0665677048632176
miniFE.c 25 Ap -59.6603719858024277
miniFE.c 25 Ap -178.2772621569415605
miniFE.c 25 Ap -181.1889513137110157
miniFE.c 25 Ap 315.8934665197109553
miniFE.c 25 Ap 325.5742251313914153
miniFE.c 25 Ap 393.7576522178882215
miniFE.c 25 Ap 394.3571531989900336
miniFE.c 25 Ap -117.6726012891870283
miniFE.c 25 Ap -79.3533135947808859
miniFE.c 25 Ap -193.5746187702459338
miniFE.c 25 Ap -202.3744225129175902
miniFE.c 25 Ap -168.8488271483658423
miniFE.c 25 Ap -25.5239875023115985
miniFE.c 25 Ap 11.4105532053898315
miniFE.c 25 Ap 11.9511661474042743
miniFE.c 25 Ap -36.6197158663802540
miniFE.c 25 Ap 8.6277558424497371
miniFE.c 25 Ap -75.7684081653204373
miniFE.c 25 Ap -76.8005125087466496
miniFE.c 25 Ap 28.1453705738604896
miniFE.c 25 Ap 44.5607972301541153
miniFE.c 25 Ap 363.1340134277014613
miniFE.c 25 Ap 363.5560341969809315
miniFE.c 25 Ap -46.9627962952462426
miniFE.c 25 Ap -19.3559554418439106
miniFE.c 25 Ap -106.5711999132728636
miniFE.c 25 Ap -110.3186770994670098
miniFE.c 25 Ap -81.9450537755335802
miniFE.c 25 Ap -74.5567587145061310
miniFE.c 25 Ap -61.5798232305351405
miniFE.c 25 Ap -51.3435832444602909
miniFE.c 57 sum 2518.1960664989146608
miniFE.c 57 sum 3334.7590299363646409
miniFE.c 57 sum 5286.4110489797358241
miniFE.c 57 sum 5396.1784108475667381
miniFE.c 57 sum 8341.2549794410570030
miniFE.c 57 sum 8367.0270934471845976
miniFE.c 57 sum 10130.9989215228506509
miniFE.c 57 sum 10122.8973710610771377
miniFE.c 90 p_ap_dot 10122.8973710610771377
miniFE.c 91 alpha 0.0191555906884582
miniFE.c 40 y 1.0011103816478313
miniFE.c 40 y 2.0074137013999738
miniFE.c 40 y 1.0102960993679551
miniFE.c 40 y 1.9949373785644591
miniFE.c 40 y 0.9765996046422358
miniFE.c 40 y 1.9758487096165653
miniFE.c 40 y 1.0301800698219661
miniFE.c 40 y 2.0088317826106357
miniFE.c 40 y 0.2966187173841348
miniFE.c 40 y -0.5436950940621137
miniFE.c 40 y -0.4511183254926996
miniFE.c 40 y 0.4453313040736315
miniFE.c 40 y 0.9573110139193028
miniFE.c 40 y 1.2503575711227695
miniFE.c 40 y -1.6990580426184980
miniFE.c 40 y -0.6439593602911911
miniFE.c 82 oldrtrans 193.9100786213155061
miniFE.c 48 sum 0.0879826635026092
miniFE.c 48 sum 0.3835870188098199
miniFE.c 48 sum 0.5870947624051571
miniFE.c 48 sum 0.7854147327930784
miniFE.c 48 sum 1.7018591101642819
miniFE.c 48 sum 3.2652531658283133
miniFE.c 48 sum 6.1520513980149154
miniFE.c 48 sum 6.5667350557215558
miniFE.c 83 rtrans 6.5667350557215558
miniFE.c 84 beta 0.0338648465433591
miniFE.c 40 y 0.0484332844716386
miniFE.c 40 y -0.4092523841925458
miniFE.c 40 y -0.6902479682930572
miniFE.c 40 y 0.4184499257307783
miniFE.c 40 y 1.2102151776825905
miniFE.c 40 y 1.3233854811317893
miniFE.c 40 y -1.5347459981312244
miniFE.c 40 y -0.6386157955102723
miniFE.c 87 normr 2.5625641564108315
miniFE.c 25 Ap 3.2496171759720980
miniFE.c 25 Ap -2.9249986331521471
miniFE.c 25 Ap -9.3575664724923939
miniFE.c 25 Ap -3.6179022507054306
miniFE.c 25 Ap 13.4018499812676879
miniFE.c 25 Ap 34.6506566205121516
miniFE.c 25 Ap 26.9819114848579602
miniFE.c 25 Ap 22.8896212344330188
miniFE.c 25 Ap 0.7307396011300715
miniFE.c 25 Ap -26.4585932539925750
miniFE.c 25 Ap -36.3926213062272055
miniFE.c 25 Ap -33.8970629439551772
miniFE.c 25 Ap -20.6650421750930278
miniFE.c 25 Ap -7.8913734906710165
miniFE.c 25 Ap -25.3835028772318125
miniFE.c 25 Ap -29.8243745348622866
miniFE.c 25 Ap 0.4513600942807929
miniFE.c 25 Ap -5.4385879414468006
miniFE.c 25 Ap -52.1504910700283020
miniFE.c 25 Ap -48.1282771551670550
miniFE.c 25 Ap -27.7988647617229176
miniFE.c 25 Ap -6.3921914684342447
miniFE.c 25 Ap -24.7353835533387496
miniFE.c 25 Ap -32.6230358083713554
miniFE.c 25 Ap 0.6643346621223867
miniFE.c 25 Ap -1.7763712547632651
miniFE.c 25 Ap -8.4111555193905829
miniFE.c 25 Ap 18.9561851727753137
miniFE.c 25 Ap 23.3953899886149550
miniFE.c 25 Ap 38.0662958600390482
miniFE.c 25 Ap 36.0707684666508896
miniFE.c 25 Ap 33.0558454148046224
miniFE.c 25 Ap 0.6811371371712875
miniFE.c 25 Ap -3.7934688231601736
miniFE.c 25 Ap -15.3883784391812402
miniFE.c 25 Ap -13.8534572452090643
miniFE.c 25 Ap 66.6999898524680361
miniFE.c 25 Ap 72.6409412180632330
miniFE.c 25 Ap 51.0736775199645052
miniFE.c 25 Ap 48.6473602606820990
miniFE.c 25 Ap 0.7776641887904187
miniFE.c 25 Ap -3.1725486845702289
miniFE.c 25 Ap -14.3377858428085521
miniFE.c 25 Ap -9.6988959956489751
miniFE.c 25 Ap -4.2659895484900456
miniFE.c 25 Ap 83.6905369980519680
miniFE.c 25 Ap 72.0076836559835272
miniFE.c 25 Ap 69.8196997274329476
miniFE.c 25 Ap 0.2420091110502293
miniFE.c 25 Ap -4.4224081050697350
miniFE.c 25 Ap -12.6722104072302582
miniFE.c 25 Ap -12.1281280049475519
miniFE.c 25 Ap 4.8786144138654777
miniFE.c 25 Ap 14.9525409853706481
miniFE.c 25 Ap -85.8161187091289008
miniFE.c 25 Ap -87.5241330553214709
miniFE.c 25 Ap 0.3103635381911821
miniFE.c 25 Ap -2.5355374347501312
miniFE.c 25 Ap -11.0609074332922894
miniFE.c 25 Ap -9.0853936173193652
miniFE.c 25 Ap -4.4873771045731470
miniFE.c 25 Ap 0.0467202108243159
miniFE.c 25 Ap -4.0580454416995373
miniFE.c 25 Ap -45.4864442788851164
miniFE.c 57 sum 1.1086195366953548
miniFE.c 57 sum 13.3143159221391976
miniFE.c 57 sum 35.8323001084191759
miniFE.c 57 sum 49.6645161672122555
miniFE.c 57 sum 108.5382899088826321
miniFE.c 57 sum 200.9366668251485635
miniFE.c 57 sum 335.2639797717080228
miniFE.c 57 sum 364.3123415698019016
miniFE.c 90 p_ap_dot 364.3123415698019016
miniFE.c 91 alpha 0.0180250139960284
miniFE.c 40 y 1.0019833922783061
miniFE.c 40 y 2.0000369214469953
miniFE.c 40 y 0.9978543700787426
miniFE.c 40 y 2.0024799443323933
miniFE.c 40 y 0.9984137501581705
miniFE.c 40 y 1.9997027514361065
miniFE.c 40 y 1.0025162517253021
miniFE.c 40 y 1.9973207239584783
miniFE.c 40 y -0.1159670257303091
miniFE.c 40 y -0.0061103256484282
miniFE.c 40 y 0.1369123515461296
miniFE.c 40 y -0.1505007721787728
miniFE.c 40 y 0.0804416643506725
miniFE.c 40 y -0.0081434936627094
miniFE.c 40 y -0.1214343193060770
miniFE.c 40 y 0.1759344344652789
miniFE.c 82 oldrtrans 6.5667350557215558
miniFE.c 48 sum 0.0134483510567342
miniFE.c 48 sum 0.0134856871362640
miniFE.c 48 sum 0.0322306791421550
miniFE.c 48 sum 0.0548811615685618
miniFE.c 48 sum 0.0613520229320681
miniFE.c 48 sum 0.0614183394211027
miniFE.c 48 sum 0.0761646333264329
miniFE.c 48 sum 0.1071175585570504
miniFE.c 83 rtrans 0.1071175585570504
miniFE.c 84 beta 0.0163121486778608
miniFE.c 40 y -0.1151769747930506
miniFE.c 40 y -0.0127861113861460
miniFE.c 40 y 0.1256529240627419
miniFE.c 40 y -0.1436749547760125
miniFE.c 40 y 0.1001828742612346
miniFE.c 40 y 0.0134437670636347
miniFE.c 40 y -0.1464693242103453
miniFE.c 40 y 0.1655172386608850
miniFE.c 87 normr 0.3272881888444043
miniFE.c 25 Ap -7.7277657224170406
miniFE.c 25 Ap -7.9206768172610875
miniFE.c 25 Ap -6.7496904538475704
miniFE.c 25 Ap -8.7204065342831978
miniFE.c 25 Ap -7.3114936985690093
miniFE.c 25 Ap -7.0956351970884652
miniFE.c 25 Ap -7.8275060857751564
miniFE.c 25 Ap -6.7668611928501701
miniFE.c 25 Ap -1.7377383660388905
miniFE.c 25 Ap -2.5872040058946029
miniFE.c 25 Ap -0.7788108923713433
miniFE.c 25 Ap -1.6356618864638031
miniFE.c 25 Ap -0.5403014106124260
miniFE.c 25 Ap -0.4105385948721850
miniFE.c 25 Ap -2.0799095353204171
miniFE.c 25 Ap -0.9289188783620115
miniFE.c 25 Ap -1.0733587607920694
miniFE.c 25 Ap -1.2573760922781407
miniFE.c 25 Ap 7.2460711995070204
miniFE.c 25 Ap 5.8650423910829019
miniFE.c 25 Ap 7.5479323458404872
miniFE.c 25 Ap 7.7653945542940521
miniFE.c 25 Ap 6.0148019794914571
miniFE.c 25 Ap 8.0591335321226190
miniFE.c 25 Ap -1.5798238229791306
miniFE.c 25 Ap -1.6560778386416102
miniFE.c 25 Ap -0.4482799432888240
miniFE.c 25 Ap -9.8448676698127091
miniFE.c 25 Ap -9.4773856665405827
miniFE.c 25 Ap -9.3283495436875050
miniFE.c 25 Ap -9.5187937925134953
miniFE.c 25 Ap -8.7373822743127754
miniFE.c 25 Ap -1.6197810190743356
miniFE.c 25 Ap -1.7595793743870152
miniFE.c 25 Ap 0.3511610615452541
miniFE.c 25 Ap -0.1758547641680948
miniFE.c 25 Ap 6.4924435770812483
miniFE.c 25 Ap 6.5527954302896863
miniFE.c 25 Ap 4.4945118167319347
miniFE.c 25 Ap 5.1233677512313038
miniFE.c 25 Ap -1.8493275780671377
miniFE.c 25 Ap -1.9727425262718474
miniFE.c 25 Ap 0.0597802209606060
miniFE.c 25 Ap -1.5329845234412434
miniFE.c 25 Ap -1.0832428630275892
miniFE.c 25 Ap -0.1897261428601297
miniFE.c 25 Ap -1.3046856449177646
miniFE.c 25 Ap -0.7376012404383534
miniFE.c 25 Ap -0.5755107791511251
miniFE.c 25 Ap -0.7212393329246992
miniFE.c 25 Ap 0.7805568762977483
miniFE.c 25 Ap 0.5937459588244691
miniFE.c 25 Ap 2.0015818286403499
miniFE.c 25 Ap 2.1039189965890652
miniFE.c 25 Ap -7.5129931862786297
miniFE.c 25 Ap -7.0703078969974893
miniFE.c 25 Ap -0.7380613106232803
miniFE.c 25 Ap -0.8269746761636236
miniFE.c 25 Ap 0.7249859499323921
miniFE.c 25 Ap 0.0466924655361033
miniFE.c 25 Ap 0.4273210666660338
miniFE.c 25 Ap 0.4733812275345998
miniFE.c 25 Ap 0.0816406711825511
miniFE.c 25 Ap 10.8191047706944428
miniFE.c 57 sum 0.7793866010369763
miniFE.c 57 sum 0.7912638612844068
miniFE.c 57 sum 1.8039175550077071
miniFE.c 57 sum 3.0592605581303287
miniFE.c 57 sum 3.5725342653459986
miniFE.c 57 sum 3.5626181260836973
miniFE.c 57 sum 4.5982013457159878
miniFE.c 57 sum 6.3889496921441395
miniFE.c 90 p_ap_dot 6.3889496921441395
miniFE.c 91 alpha 0.0167660669935721
miniFE.c 40 y 1.0000523274028088
miniFE.c 40 y 1.9998225486469079
miniFE.c 40 y 0.9999610754215167
miniFE.c 40 y 2.0000710804153203
miniFE.c 40 y 1.0000934229396430
miniFE.c 40 y 1.9999281505353415
miniFE.c 40 y 1.0000605372230882
miniFE.c 40 y 2.0000957970704576
miniFE.c 40 y -0.0025133776347800
miniFE.c 40 y 0.0094639904977832
miniFE.c 40 y 0.0017923788364184
miniFE.c 40 y -0.0040092356191955
miniFE.c 40 y -0.0054570625991784
miniFE.c 40 y 0.0042231781490219
miniFE.c 40 y -0.0028930634398352
miniFE.c 40 y -0.0054594009306596
miniFE.c 82 oldrtrans 0.1071175585570504
miniFE.c 48 sum 0.0000063170671350
miniFE.c 48 sum 0.0000958841832771
miniFE.c 48 sum 0.0000990968051704
miniFE.c 48 sum 0.0001151707754206
miniFE.c 48 sum 0.0001449503076320
miniFE.c 48 sum 0.0001627855413103
miniFE.c 48 sum 0.0001711553573772
miniFE.c 48 sum 0.0002009604158989
miniFE.c 83 rtrans 0.0002009604158989
miniFE.c 84 beta 0.0018760735271230
miniFE.c 40 y -0.0027294581081233
miniFE.c 40 y 0.0094400028126968
miniFE.c 40 y 0.0020281129608582
miniFE.c 40 y -0.0042787803983614
miniFE.c 40 y -0.0052691121609058
miniFE.c 40 y 0.0042483996445148
miniFE.c 40 y -0.0031678506615219
miniFE.c 40 y -0.0051488784209254
miniFE.c 87 normr 0.0141760507864121
miniFE.c 25 Ap -0.1831322002216839
miniFE.c 25 Ap -0.0407056857849808
miniFE.c 25 Ap -0.0218052691146830
miniFE.c 25 Ap -0.0804951176610028
miniFE.c 25 Ap -0.1545968023158067
miniFE.c 25 Ap -0.0863827982636190
miniFE.c 25 Ap -0.1022117623922797
miniFE.c 25 Ap -0.1352060996929100
miniFE.c 25 Ap -0.0411808356792162
miniFE.c 25 Ap 0.5859807607867653
miniFE.c 25 Ap 0.6151693016760471
miniFE.c 25 Ap 0.5896514426758132
miniFE.c 25 Ap 0.5320410252622122
miniFE.c 25 Ap 0.5730477087053746
miniFE.c 25 Ap 0.5369424158972386
miniFE.c 25 Ap 0.5011376199482088
miniFE.c 25 Ap -0.0254364014841784
miniFE.c 25 Ap 0.1104238357960690
miniFE.c 25 Ap 0.2476745348393504
miniFE.c 25 Ap 0.2065461488637312
miniFE.c 25 Ap 0.1180346543446470
miniFE.c 25 Ap 0.1867554499904289
miniFE.c 25 Ap 0.1488934889549592
miniFE.c 25 Ap 0.0852988162687785
miniFE.c 25 Ap -0.0374385848454927
miniFE.c 25 Ap 0.0188598549689133
miniFE.c 25 Ap 0.0383544316684501
miniFE.c 25 Ap -0.2414851230988652
miniFE.c 25 Ap -0.2608128166456296
miniFE.c 25 Ap -0.2137155255104993
miniFE.c 25 Ap -0.2178344694796818
miniFE.c 25 Ap -0.2421424686734662
miniFE.c 25 Ap -0.0383854884523628
miniFE.c 25 Ap 0.0648278207005667
miniFE.c 25 Ap 0.0988964272773949
miniFE.c 25 Ap 0.0832013815528008
miniFE.c 25 Ap -0.2675173629584103
miniFE.c 25 Ap -0.2484454175354569
miniFE.c 25 Ap -0.2929621458125988
miniFE.c 25 Ap -0.3125244752546005
miniFE.c 25 Ap -0.0438252711672715
miniFE.c 25 Ap 0.0472921470216258
miniFE.c 25 Ap 0.0800982735614495
miniFE.c 25 Ap 0.0326641847310591
miniFE.c 25 Ap 0.0090100495345358
miniFE.c 25 Ap 0.2913725821758279
miniFE.c 25 Ap 0.2672581458240153
miniFE.c 25 Ap 0.2496173932553382
miniFE.c 25 Ap -0.0136384252606815
miniFE.c 25 Ap 0.0939531571967767
miniFE.c 25 Ap 0.1181930416181758
miniFE.c 25 Ap 0.1126296301444732
miniFE.c 25 Ap 0.0385845884453990
miniFE.c 25 Ap 0.0709244219069609
miniFE.c 25 Ap -0.1370709503973743
miniFE.c 25 Ap -0.1508419192202092
miniFE.c 25 Ap -0.0174905395127151
miniFE.c 25 Ap 0.0481543149265025
miniFE.c 25 Ap 0.0732038828852649
miniFE.c 25 Ap 0.0530036408187497
miniFE.c 25 Ap 0.0329845027595583
miniFE.c 25 Ap 0.0475400934756181
miniFE.c 25 Ap 0.0390674963138901
miniFE.c 25 Ap -0.2949514714064956
miniFE.c 57 sum 0.0003690393850745
miniFE.c 57 sum 0.0050997799269338
miniFE.c 57 sum 0.0052727755617544
miniFE.c 57 sum 0.0063088500103252
miniFE.c 57 sum 0.0079555765234699
miniFE.c 57 sum 0.0090160509682406
miniFE.c 57 sum 0.0094938956418276
miniFE.c 57 sum 0.0110125649081727
miniFE.c 90 p_ap_dot 0.0110125649081727
miniFE.c 91 alpha 0.0182482843528846
miniFE.c 40 y 1.0000025194751225
miniFE.c 40 y 1.9999948125025260
miniFE.c 40 y 0.9999980850035262
miniFE.c 40 y 1.9999930000139274
miniFE.c 40 y 0.9999972706826435
miniFE.c 40 y 2.0000056765400993
miniFE.c 40 y 1.0000027293834293
miniFE.c 40 y 2.0000018388729339
miniFE.c 40 y -0.0000460982813393
miniFE.c 40 y 0.0003190887090404
miniFE.c 40 y 0.0002358217821813
miniFE.c 40 y 0.0004094490030674
miniFE.c 40 y 0.0002459728925036
miniFE.c 40 y -0.0003319110225273
miniFE.c 40 y -0.0001404572055700
miniFE.c 40 y -0.0000770426101321
