filename line variable value
miniFE.c 167 A 67.0947100000000063
miniFE.c 167 A 15.0875500000000002
miniFE.c 167 A 9.3192129999999995
miniFE.c 167 A 13.7164900000000003
miniFE.c 167 A 14.0634099999999993
miniFE.c 167 A 16.0564000000000000
miniFE.c 167 A 4.9967519999999999
miniFE.c 167 A 6.4080630000000003
miniFE.c 167 A 15.0875500000000002
miniFE.c 167 A 66.4365899999999954
miniFE.c 167 A 14.3919700000000006
miniFE.c 167 A 5.9638159999999996
miniFE.c 167 A 10.9336099999999998
miniFE.c 167 A 9.6522659999999991
miniFE.c 167 A 11.3974100000000007
miniFE.c 167 A 6.9539020000000002
miniFE.c 167 A 9.3192129999999995
miniFE.c 167 A 14.3919700000000006
miniFE.c 167 A 67.6740900000000067
miniFE.c 167 A 9.6121750000000006
miniFE.c 167 A 16.7981799999999986
miniFE.c 167 A 16.1756899999999995
miniFE.c 167 A 11.9519400000000005
miniFE.c 167 A 12.3511699999999998
miniFE.c 167 A 13.7164900000000003
miniFE.c 167 A 5.9638159999999996
miniFE.c 167 A 9.6121750000000006
miniFE.c 167 A 65.4017099999999942
miniFE.c 167 A 3.6681119999999998
miniFE.c 167 A 11.0858899999999991
miniFE.c 167 A 1.3002330000000000
miniFE.c 167 A 4.7210279999999996
miniFE.c 167 A 14.0634099999999993
miniFE.c 167 A 10.9336099999999998
miniFE.c 167 A 16.7981799999999986
miniFE.c 167 A 3.6681119999999998
miniFE.c 167 A 66.5612600000000043
miniFE.c 167 A 4.4892070000000004
miniFE.c 167 A 14.0526599999999995
miniFE.c 167 A 3.7993380000000001
miniFE.c 167 A 16.0564000000000000
miniFE.c 167 A 9.6522659999999991
miniFE.c 167 A 16.1756899999999995
miniFE.c 167 A 11.0858899999999991
miniFE.c 167 A 4.4892070000000004
miniFE.c 167 A 66.4632699999999943
miniFE.c 167 A 7.6122389999999998
miniFE.c 167 A 3.4261349999999999
miniFE.c 167 A 4.9967519999999999
miniFE.c 167 A 11.3974100000000007
miniFE.c 167 A 11.9519400000000005
miniFE.c 167 A 1.3002330000000000
miniFE.c 167 A 14.0526599999999995
miniFE.c 167 A 7.6122389999999998
miniFE.c 167 A 65.6581999999999937
miniFE.c 167 A 2.6745570000000001
miniFE.c 167 A 6.4080630000000003
miniFE.c 167 A 6.9539020000000002
miniFE.c 167 A 12.3511699999999998
miniFE.c 167 A 4.7210279999999996
miniFE.c 167 A 3.7993380000000001
miniFE.c 167 A 3.4261349999999999
miniFE.c 167 A 2.6745570000000001
miniFE.c 167 A 64.8721800000000002
miniFE.c 175 b 198.0110999999999990
miniFE.c 175 b 229.8237000000000023
miniFE.c 175 b 210.8053999999999917
miniFE.c 175 b 202.6418999999999926
miniFE.c 175 b 157.2561000000000035
miniFE.c 175 b 225.5886000000000138
miniFE.c 175 b 142.6283999999999992
miniFE.c 175 b 185.1795999999999935
miniFE.c 33 r 0.0000000000000000
miniFE.c 33 r 0.0000000000000000
miniFE.c 33 r 0.0000000000000000
miniFE.c 33 r 0.0000000000000000
miniFE.c 33 r 0.0000000000000000
miniFE.c 33 r 0.0000000000000000
miniFE.c 33 r 0.0000000000000000
miniFE.c 33 r 0.0000000000000000
miniFE.c 25 Ap 0.0000000000000000
miniFE.c 25 Ap 0.0000000000000000
miniFE.c 25 Ap 0.0000000000000000
miniFE.c 25 Ap 0.0000000000000000
miniFE.c 25 Ap 0.0000000000000000
miniFE.c 25 Ap 0.0000000000000000
miniFE.c 25 Ap 0.0000000000000000
miniFE.c 25 Ap 0.0000000000000000
miniFE.c 25 Ap 0.0000000000000000
miniFE.c 25 Ap 0.0000000000000000
miniFE.c 25 Ap 0.0000000000000000
miniFE.c 25 Ap 0.0000000000000000
miniFE.c 25 Ap 0.0000000000000000
miniFE.c 25 Ap 0.0000000000000000
miniFE.c 25 Ap 0.0000000000000000
miniFE.c 25 Ap 0.0000000000000000
miniFE.c 25 Ap 0.0000000000000000
miniFE.c 25 Ap 0.0000000000000000
miniFE.c 25 Ap 0.0000000000000000
miniFE.c 25 Ap 0.0000000000000000
miniFE.c 25 Ap 0.0000000000000000
miniFE.c 25 Ap 0.0000000000000000
miniFE.c 25 Ap 0.0000000000000000
miniFE.c 25 Ap 0.0000000000000000
miniFE.c 25 Ap 0.0000000000000000
miniFE.c 25 Ap 0.0000000000000000
miniFE.c 25 Ap 0.0000000000000000
miniFE.c 25 Ap 0.0000000000000000
miniFE.c 25 Ap 0.0000000000000000
miniFE.c 25 Ap 0.0000000000000000
miniFE.c 25 Ap 0.0000000000000000
miniFE.c 25 Ap 0.0000000000000000
miniFE.c 25 Ap 0.0000000000000000
miniFE.c 25 Ap 0.0000000000000000
miniFE.c 25 Ap 0.0000000000000000
miniFE.c 25 Ap 0.0000000000000000
miniFE.c 25 Ap 0.0000000000000000
miniFE.c 25 Ap 0.0000000000000000
miniFE.c 25 Ap 0.0000000000000000
miniFE.c 25 Ap 0.0000000000000000
miniFE.c 25 Ap 0.0000000000000000
miniFE.c 25 Ap 0.0000000000000000
miniFE.c 25 Ap 0.0000000000000000
miniFE.c 25 Ap 0.0000000000000000
miniFE.c 25 Ap 0.0000000000000000
miniFE.c 25 Ap 0.0000000000000000
miniFE.c 25 Ap 0.0000000000000000
miniFE.c 25 Ap 0.0000000000000000
miniFE.c 25 Ap 0.0000000000000000
miniFE.c 25 Ap 0.0000000000000000
miniFE.c 25 Ap 0.0000000000000000
miniFE.c 25 Ap 0.0000000000000000
miniFE.c 25 Ap 0.0000000000000000
miniFE.c 25 Ap 0.0000000000000000
miniFE.c 25 Ap 0.0000000000000000
miniFE.c 25 Ap 0.0000000000000000
miniFE.c 25 Ap 0.0000000000000000
miniFE.c 25 Ap 0.0000000000000000
miniFE.c 25 Ap 0.0000000000000000
miniFE.c 25 Ap 0.0000000000000000
miniFE.c 25 Ap 0.0000000000000000
miniFE.c 25 Ap 0.0000000000000000
miniFE.c 25 Ap 0.0000000000000000
miniFE.c 25 Ap 0.0000000000000000
miniFE.c 33 r 198.0110999999999990
miniFE.c 33 r 229.8237000000000023
miniFE.c 33 r 210.8053999999999917
miniFE.c 33 r 202.6418999999999926
miniFE.c 33 r 157.2561000000000035
miniFE.c 33 r 225.5886000000000138
miniFE.c 33 r 142.6283999999999992
miniFE.c 33 r 185.1795999999999935
miniFE.c 48 sum 39208.3957232100001420
miniFE.c 48 sum 92027.3288048999966122
miniFE.c 48 sum 136466.2454740600078367
miniFE.c 48 sum 177529.9851096700003836
miniFE.c 48 sum 202259.4660968800017145
miniFE.c 48 sum 253149.6825468399911188
miniFE.c 48 sum 273492.5430333999684080
miniFE.c 48 sum 307784.0272895599482581
miniFE.c 75 rtrans 307784.0272895599482581
miniFE.c 76 normr 554.7828649927464539
miniFE.c 33 r 198.0110999999999990
miniFE.c 33 r 229.8237000000000023
miniFE.c 33 r 210.8053999999999917
miniFE.c 33 r 202.6418999999999926
miniFE.c 33 r 157.2561000000000035
miniFE.c 33 r 225.5886000000000138
miniFE.c 33 r 142.6283999999999992
miniFE.c 33 r 185.1795999999999935
miniFE.c 87 normr 554.7828649927464539
miniFE.c 25 Ap 13285.4973312810016068
miniFE.c 25 Ap 16752.9738962160008668
miniFE.c 25 Ap 18717.5143203662009910
miniFE.c 25 Ap 21497.0499152972006414
miniFE.c 25 Ap 23708.6069245981998392
miniFE.c 25 Ap 27330.7477216381994367
miniFE.c 25 Ap 28043.4264645949988335
miniFE.c 25 Ap 29230.0690077097970061
miniFE.c 25 Ap 2987.5023718050001662
miniFE.c 25 Ap 18256.2053009880000900
miniFE.c 25 Ap 21290.1102936259994749
miniFE.c 25 Ap 22498.6292991164009436
miniFE.c 25 Ap 24218.0061666374022025
miniFE.c 25 Ap 26395.4473404050004319
miniFE.c 25 Ap 28021.0416928490012651
miniFE.c 25 Ap 29308.7624836482027604
miniFE.c 25 Ap 1845.3076172643000064
miniFE.c 25 Ap 5152.9234129532997031
miniFE.c 25 Ap 19418.9870250392996240
miniFE.c 25 Ap 21366.8164301717988565
miniFE.c 25 Ap 24008.4327040697971825
miniFE.c 25 Ap 27657.4839652037990163
miniFE.c 25 Ap 29362.1700442997971550
miniFE.c 25 Ap 31649.3547644317950471
miniFE.c 25 Ap 2716.0172730389999742
miniFE.c 25 Ap 4086.6435322781999275
miniFE.c 25 Ap 6112.9419280231995799
miniFE.c 25 Ap 19366.0687056721981207
miniFE.c 25 Ap 19942.9016931553996983
miniFE.c 25 Ap 22443.7520980093977414
miniFE.c 25 Ap 22629.2022504265987664
miniFE.c 25 Ap 23503.4403270553993934
miniFE.c 25 Ap 2784.7112838509997346
miniFE.c 25 Ap 5297.5139884079999320
miniFE.c 25 Ap 8838.6610425799990480
miniFE.c 25 Ap 9581.9742276727993158
miniFE.c 25 Ap 20049.1383863587980159
miniFE.c 25 Ap 21061.8523085989982064
miniFE.c 25 Ap 23066.1607201429978886
miniFE.c 25 Ap 23769.7206112477979332
miniFE.c 25 Ap 3179.3454260399998930
miniFE.c 25 Ap 5397.6649115441996400
miniFE.c 25 Ap 8807.5877122702004272
miniFE.c 25 Ap 11054.0535250612010714
miniFE.c 25 Ap 11760.0087099739012046
miniFE.c 25 Ap 26753.3647406958989450
miniFE.c 25 Ap 27839.0862096834971453
miniFE.c 25 Ap 28473.5365185294976982
miniFE.c 25 Ap 989.4123599472000024
miniFE.c 25 Ap 3608.8072965641999872
miniFE.c 25 Ap 6128.3407890401995246
miniFE.c 25 Ap 6391.8224746028990921
miniFE.c 25 Ap 8601.6889808288997301
miniFE.c 25 Ap 10318.9233197042995016
miniFE.c 25 Ap 19683.6473325842962367
miniFE.c 25 Ap 20178.9207280214977800
miniFE.c 25 Ap 1268.8676034993000030
miniFE.c 25 Ap 2867.0390905766998912
miniFE.c 25 Ap 5470.7324228946999938
miniFE.c 25 Ap 6427.4105067679001877
miniFE.c 25 Ap 7024.8795832297000743
miniFE.c 25 Ap 7797.7765812907000509
miniFE.c 25 Ap 8179.2443669095000587
miniFE.c 25 Ap 20192.2487104374995397
miniFE.c 57 sum 5787878.1172925252467394
miniFE.c 57 sum 12523726.3537057451903820
miniFE.c 57 sum 19195581.2445636950433254
miniFE.c 57 sum 23958363.0489748232066631
miniFE.c 57 sum 27696296.6103892698884010
miniFE.c 57 sum 34119601.8506532162427902
miniFE.c 57 sum 36997689.0278177559375763
miniFE.c 57 sum 40736881.5671170875430107
miniFE.c 90 p_ap_dot 40736881.5671170875430107
miniFE.c 91 alpha 0.0075554145395853
miniFE.c 40 y 1.4960559439392744
miniFE.c 40 y 1.7364133245212852
miniFE.c 40 y 1.5927221841830903
miniFE.c 40 y 1.5310435575891859
miniFE.c 40 y 1.1881350243784765
miniFE.c 40 y 1.7044153884046875
miniFE.c 40 y 1.0776166871177848
miniFE.c 40 y 1.3991086422745860
miniFE.c 40 y -22.8341883739316245
miniFE.c 40 y 8.3838497937928480
miniFE.c 40 y -28.3185951556805833
miniFE.c 40 y 25.0636652226906733
miniFE.c 40 y -22.3339927081014764
miniFE.c 40 y 10.4592281944898673
miniFE.c 40 y -9.8317110616323760
miniFE.c 40 y 32.6187905062384118
miniFE.c 82 oldrtrans 307784.0272895599482581
miniFE.c 48 sum 521.4001586961941257
miniFE.c 48 sum 591.6890960610744514
miniFE.c 48 sum 1393.6319276524102406
miniFE.c 48 sum 2021.8192420475243125
miniFE.c 48 sum 2520.6264723330541528
miniFE.c 48 sum 2630.0219267574657351
miniFE.c 48 sum 2726.6844691568903727
miniFE.c 48 sum 3790.6699632467598349
miniFE.c 83 rtrans 3790.6699632467598349
miniFE.c 84 beta 0.0123160061184089
miniFE.c 40 y -20.3954824548187439
miniFE.c 40 y 11.2143598891482252
miniFE.c 40 y -25.7223145594869429
miniFE.c 40 y 27.5594041029366821
miniFE.c 40 y -20.3972256183443506
miniFE.c 40 y 13.2375787723331708
miniFE.c 40 y -8.0750988145735008
miniFE.c 40 y 34.8994635928429275
miniFE.c 87 normr 61.5684169298412272
miniFE.c 25 Ap -1368.4289806161518754
miniFE.c 25 Ap -1199.2317650706336281
miniFE.c 25 Ap -1438.9434933034935966
miniFE.c 25 Ap -1060.9252025196035447
miniFE.c 25 Ap -1347.7797492528836756
miniFE.c 25 Ap -1135.2318894527934390
miniFE.c 25 Ap -1175.5811556047112845
miniFE.c 25 Ap -951.9431942355674892
miniFE.c 25 Ap -307.7178613112005223
miniFE.c 25 Ap 437.3259687565855529
miniFE.c 25 Ap 67.1311892858862507
miniFE.c 25 Ap 231.4904044254456608
miniFE.c 25 Ap 8.4750944324596844
miniFE.c 25 Ap 136.2477259389728772
miniFE.c 25 Ap 44.2125139587647027
miniFE.c 25 Ap 286.8999636359623082
miniFE.c 25 Ap -190.0698452342187466
miniFE.c 25 Ap -28.6731141403941479
miniFE.c 25 Ap -1769.4073446474239972
miniFE.c 25 Ap -1504.5015295142784453
miniFE.c 25 Ap -1847.1377969518380269
miniFE.c 25 Ap -1633.0108263799961605
miniFE.c 25 Ap -1729.5239229058497585
miniFE.c 25 Ap -1298.4747151618360022
miniFE.c 25 Ap -279.7544311366967804
miniFE.c 25 Ap -212.8740522000363740
miniFE.c 25 Ap -460.1214411508727835
miniFE.c 25 Ap 1342.3107137622018854
miniFE.c 25 Ap 1267.4914057048456471
miniFE.c 25 Ap 1414.2417478412662604
miniFE.c 25 Ap 1403.7422378842968556
miniFE.c 25 Ap 1568.5035826910889227
miniFE.c 25 Ap -286.8300319099224680
miniFE.c 25 Ap -164.2165944823325390
miniFE.c 25 Ap -596.3046644692149130
miniFE.c 25 Ap -495.2136835663836223
miniFE.c 25 Ap -1848.8787212276629361
miniFE.c 25 Ap -1789.4524899398534217
miniFE.c 25 Ap -1902.9291080474579303
miniFE.c 25 Ap -1770.3342498395531948
miniFE.c 25 Ap -327.4780244875516928
miniFE.c 25 Ap -219.2340398177625218
miniFE.c 25 Ap -635.3102262145098393
miniFE.c 25 Ap -329.7897038638051299
miniFE.c 25 Ap -421.3570718902559520
miniFE.c 25 Ap 458.4557002015919807
miniFE.c 25 Ap 396.9861180764418123
miniFE.c 25 Ap 516.5563917731067249
miniFE.c 25 Ap -101.9111677470804693
miniFE.c 25 Ap 25.9034897970964124
miniFE.c 25 Ap -281.5280704790179698
miniFE.c 25 Ap -245.6944238040443054
miniFE.c 25 Ap -532.3297003619271663
miniFE.c 25 Ap -431.5620869656004857
miniFE.c 25 Ap -961.7585399526303718
miniFE.c 25 Ap -868.4179353041471359
miniFE.c 25 Ap -130.6955364858731627
miniFE.c 25 Ap -52.7119768240055322
miniFE.c 25 Ap -370.4126567417038700
miniFE.c 25 Ap -240.3039383084249323
miniFE.c 25 Ap -317.7998926947741438
miniFE.c 25 Ap -272.4461607476264362
miniFE.c 25 Ap -294.0434728078357125
miniFE.c 25 Ap 1969.9608112905175403
miniFE.c 57 sum 19415.3407160156275495
miniFE.c 57 sum 22632.7401604128463077
miniFE.c 57 sum 56032.5152313458020217
miniFE.c 57 sum 99259.5393036334862700
miniFE.c 57 sum 135369.4464174932509195
miniFE.c 57 sum 142207.4023439419397619
miniFE.c 57 sum 149219.9629838708206080
miniFE.c 57 sum 217970.5385968315531500
miniFE.c 90 p_ap_dot 217970.5385968315531500
miniFE.c 91 alpha 0.0173907445824968
miniFE.c 40 y 1.1413633179307268
miniFE.c 40 y 1.9314393930096592
miniFE.c 40 y 1.1453919816084139
miniFE.c 40 y 2.0103221151891724
miniFE.c 40 y 0.8334120834582894
miniFE.c 40 y 1.9346267397250154
miniFE.c 40 y 0.9371847061551143
miniFE.c 40 y 2.0060362996838634
miniFE.c 40 y -6.2791874259347225
miniFE.c 40 y 3.3944458054722055
miniFE.c 40 y -5.7371530374707973
miniFE.c 40 y -2.2137799606212134
miniFE.c 40 y 8.4534380565042824
miniFE.c 40 y 1.4759279227076139
miniFE.c 40 y 5.2707234421012839
miniFE.c 40 y -1.6402948004431721
miniFE.c 82 oldrtrans 3790.6699632467598349
miniFE.c 48 sum 39.4281947300167275
miniFE.c 48 sum 50.9504570563045789
miniFE.c 48 sum 83.8653820316649785
miniFE.c 48 sum 88.7662037457130424
miniFE.c 48 sum 160.2268187208679251
miniFE.c 48 sum 162.4051819538959478
miniFE.c 48 sum 190.1857075570119378
miniFE.c 48 sum 192.8762745893728550
miniFE.c 83 rtrans 192.8762745893728550
miniFE.c 84 beta 0.0508818431726965
miniFE.c 40 y -7.3169471656322926
miniFE.c 40 y 3.9650531066340235
miniFE.c 40 y -7.0459518129253800
miniFE.c 40 y -0.8115066831226205
miniFE.c 40 y 7.4155896214335772
miniFE.c 40 y 2.1494803297876865
miniFE.c 40 y 4.8598475306141271
miniFE.c 40 y 0.1354542328990931
miniFE.c 87 normr 13.8879903005932732
miniFE.c 25 Ap -490.9284481634206827
miniFE.c 25 Ap -431.1055111644245130
miniFE.c 25 Ap -496.7682368968122546
miniFE.c 25 Ap -507.8992602007968458
miniFE.c 25 Ap -403.6107829628316495
miniFE.c 25 Ap -369.0978669956286353
miniFE.c 25 Ap -344.8144141273374430
miniFE.c 25 Ap -343.9464148693033962
miniFE.c 25 Ap -110.3948062088355044
miniFE.c 25 Ap 153.0298013648353503
miniFE.c 25 Ap 51.6246742517676722
miniFE.c 25 Ap 46.7849977108540571
miniFE.c 25 Ap 127.8641625516564346
miniFE.c 25 Ap 148.6115184565348954
miniFE.c 25 Ap 204.0011933004316518
miniFE.c 25 Ap 204.9431287614971211
miniFE.c 25 Ap -68.1881891462736149
miniFE.c 25 Ap -11.1232637871899414
miniFE.c 25 Ap -487.9516409107653203
miniFE.c 25 Ap -495.7519851626095146
miniFE.c 25 Ap -371.1835758956364089
miniFE.c 25 Ap -336.4142484198930561
miniFE.c 25 Ap -278.3296423248448264
miniFE.c 25 Ap -276.6566240670885577
miniFE.c 25 Ap -100.3628326279236944
miniFE.c 25 Ap -76.7159854697300005
miniFE.c 25 Ap -144.4429073371360346
miniFE.c 25 Ap -197.5168320897835486
miniFE.c 25 Ap -170.3156188123275854
miniFE.c 25 Ap -146.4867163191375710
miniFE.c 25 Ap -140.1677821848645635
miniFE.c 25 Ap -139.5282989586294207
miniFE.c 25 Ap -102.9012279386248423
miniFE.c 25 Ap -59.5488836414000176
miniFE.c 25 Ap -177.9080504662468627
miniFE.c 25 Ap -180.8847478686891463
miniFE.c 25 Ap 312.7062409768527687
miniFE.c 25 Ap 322.3557031196979779
miniFE.c 25 Ap 390.6494881192579101
miniFE.c 25 Ap 391.1641245335723056
miniFE.c 25 Ap -117.4838304702583400
miniFE.c 25 Ap -79.2120831809003789
miniFE.c 25 Ap -193.1852154617193094
miniFE.c 25 Ap -202.1814892850815397
miniFE.c 25 Ap -168.8913724474145681
miniFE.c 25 Ap -26.0298809290465272
miniFE.c 25 Ap 10.9644399775480252
miniFE.c 25 Ap 11.4285244657817593
miniFE.c 25 Ap -36.5609703837674900
miniFE.c 25 Ap 8.6303655443142020
miniFE.c 25 Ap -75.5824277666611692
miniFE.c 25 Ap -76.6375755357777422
miniFE.c 25 Ap 27.5711841137570275
miniFE.c 25 Ap 43.9335421098997188
miniFE.c 25 Ap 363.0223832444681875
miniFE.c 25 Ap 363.3846633112480617
miniFE.c 25 Ap -46.8874584050431693
miniFE.c 25 Ap -19.3148676767146199
miniFE.c 25 Ap -106.3406163299641776
miniFE.c 25 Ap -110.1717621031731937
miniFE.c 25 Ap -81.9974306620549953
miniFE.c 25 Ap -74.6330208723578608
miniFE.c 25 Ap -61.6350816404211344
miniFE.c 25 Ap -52.8478702620292466
miniFE.c 57 sum 2516.6377454073381159
miniFE.c 57 sum 3329.2481347864090822
miniFE.c 57 sum 5278.5573766897268797
miniFE.c 57 sum 5391.7855237793855849
miniFE.c 57 sum 8292.4981459476948658
miniFE.c 57 sum 8317.0635344853908464
miniFE.c 57 sum 10083.0575931416060484
miniFE.c 57 sum 10075.8991254149113956
miniFE.c 90 p_ap_dot 10075.8991254149113956
miniFE.c 91 alpha 0.0191423387817443
miniFE.c 40 y 1.0012998364380701
miniFE.c 40 y 2.0073397828644550
miniFE.c 40 y 1.0105159849655512
miniFE.c 40 y 1.9947879793371897
miniFE.c 40 y 0.9753638122581576
miniFE.c 40 y 1.9757728204025067
miniFE.c 40 y 1.0302135540137531
miniFE.c 40 y 2.0086292104994392
miniFE.c 40 y 0.3047513702598419
miniFE.c 40 y -0.5286449962710065
miniFE.c 40 y -0.4412982133649281
miniFE.c 40 y 0.4571180076853647
miniFE.c 40 y 0.9656418654182435
miniFE.c 40 y 1.2571592356081667
miniFE.c 40 y -1.6853088910926974
miniFE.c 40 y -0.6286629639937409
miniFE.c 82 oldrtrans 192.8762745893728550
miniFE.c 48 sum 0.0928733976752512
miniFE.c 48 sum 0.3723389297576237
miniFE.c 48 sum 0.5670830428767013
miniFE.c 48 sum 0.7760399158269384
miniFE.c 48 sum 1.7085041280753634
miniFE.c 48 sum 3.2889534717502733
miniFE.c 48 sum 6.1292195301463703
miniFE.c 48 sum 6.5244366524437662
miniFE.c 83 rtrans 6.5244366524437662
miniFE.c 84 beta 0.0338270565746569
miniFE.c 40 y 0.0572405845342232
miniFE.c 40 y -0.3945189205113784
miniFE.c 40 y -0.6796420239630611
miniFE.c 40 y 0.4296671252046637
miniFE.c 40 y 1.2164894350769153
miniFE.c 40 y 1.3298698283300068
miniFE.c 40 y -1.5209145537304070
miniFE.c 40 y -0.6240809459941865
miniFE.c 87 normr 2.5542976828168964
miniFE.c 25 Ap 3.8405404195541895
miniFE.c 25 Ap -2.1117835196072585
miniFE.c 25 Ap -8.4455123046701281
miniFE.c 25 Ap -2.5519874784716112
miniFE.c 25 Ap 14.5560022076834290
miniFE.c 25 Ap 35.9089241192813518
miniFE.c 25 Ap 28.3092912810998314
miniFE.c 25 Ap 24.3101412620694859
miniFE.c 25 Ap 0.8636201811893189
miniFE.c 25 Ap -25.3468715880677173
miniFE.c 25 Ap -35.1282592076833708
miniFE.c 25 Ap -32.5658035317137973
miniFE.c 25 Ap -19.2651824794624851
miniFE.c 25 Ap -6.4289251510469256
miniFE.c 25 Ap -23.7634118948794040
miniFE.c 25 Ap -28.1032096333902714
miniFE.c 25 Ap 0.5334371995189315
miniFE.c 25 Ap -5.1444672689132123
miniFE.c 25 Ap -51.1386227663715687
miniFE.c 25 Ap -47.0085871671574296
miniFE.c 25 Ap -26.5737786686370931
miniFE.c 25 Ap -5.0622165852176870
miniFE.c 25 Ap -23.2400960765302891
miniFE.c 25 Ap -30.9482259342653059
miniFE.c 25 Ap 0.7851399053578269
miniFE.c 25 Ap -1.5676983450906596
miniFE.c 25 Ap -8.1005364167777962
miniFE.c 25 Ap 20.0004283023913061
miniFE.c 25 Ap 24.4626477970701615
miniFE.c 25 Ap 39.2054384282554977
miniFE.c 25 Ap 37.2278951353149523
miniFE.c 25 Ap 34.2815915150099073
miniFE.c 25 Ap 0.8049978089444395
miniFE.c 25 Ap -3.5085182055479729
miniFE.c 25 Ap -14.9252672596437854
miniFE.c 25 Ap -13.3492001216750555
miniFE.c 25 Ap 67.6218694537326286
miniFE.c 25 Ap 73.5919303961604925
miniFE.c 25 Ap 52.2190352835353480
miniFE.c 25 Ap 49.8479408303436884
miniFE.c 25 Ap 0.9190777215153010
miniFE.c 25 Ap -2.8889238412933795
miniFE.c 25 Ap -13.8826025318924273
miniFE.c 25 Ap -9.1193600452572987
miniFE.c 25 Ap -3.6582871578839642
miniFE.c 25 Ap 84.7292103072669249
miniFE.c 25 Ap 73.1516452256927323
miniFE.c 25 Ap 71.0134596537889422
miniFE.c 25 Ap 0.2860170052525487
miniFE.c 25 Ap -4.2104768845730414
miniFE.c 25 Ap -12.3335175764581102
miniFE.c 25 Ap -11.7748502012518745
miniFE.c 25 Ap 5.3200622234760910
miniFE.c 25 Ap 15.4433491956130737
miniFE.c 25 Ap -84.4171627561287323
miniFE.c 25 Ap -86.0863028188041000
miniFE.c 25 Ap 0.3668012718521278
miniFE.c 25 Ap -2.3766446385297879
miniFE.c 25 Ap -10.7710188156416287
miniFE.c 25 Ap -8.7425482868709068
miniFE.c 25 Ap -4.1206937495846496
miniFE.c 25 Ap 0.4356198147007779
miniFE.c 25 Ap -3.6321528513807584
miniFE.c 25 Ap -44.1176443144859078
miniFE.c 57 sum 1.3915266959503954
miniFE.c 57 sum 12.4787746234204953
miniFE.c 57 sum 33.5124895354506691
miniFE.c 57 sum 48.2421624091455641
miniFE.c 57 sum 108.8816557895978576
miniFE.c 57 sum 203.3203131885020412
miniFE.c 57 sum 334.2502240224641810
miniFE.c 57 sum 361.7832052212835947
miniFE.c 90 p_ap_dot 361.7832052212835947
miniFE.c 91 alpha 0.0180341059459991
miniFE.c 40 y 1.0023321192039711
miniFE.c 40 y 2.0002249868542514
miniFE.c 40 y 0.9982592487000481
miniFE.c 40 y 2.0025366417946433
miniFE.c 40 y 0.9973021116125232
miniFE.c 40 y 1.9997558337809977
miniFE.c 40 y 1.0027852198169671
miniFE.c 40 y 1.9973744686005006
miniFE.c 40 y -0.1336602928225237
miniFE.c 40 y -0.0218287363198236
miniFE.c 40 y 0.1168253719743296
miniFE.c 40 y -0.1611198456937880
miniFE.c 40 y 0.0666788192939307
miniFE.c 40 y -0.0235050193801962
miniFE.c 40 y -0.1328193855590227
miniFE.c 40 y 0.1669593076616032
miniFE.c 82 oldrtrans 6.5244366524437662
miniFE.c 48 sum 0.0178650738774028
miniFE.c 48 sum 0.0183415676067232
miniFE.c 48 sum 0.0319897351436636
miniFE.c 48 sum 0.0579493398200537
miniFE.c 48 sum 0.0623954047624864
miniFE.c 48 sum 0.0629478906985498
miniFE.c 48 sum 0.0805888798788261
miniFE.c 48 sum 0.1084642902936680
miniFE.c 83 rtrans 0.1084642902936680
miniFE.c 84 beta 0.0166243150284925
miniFE.c 40 y -0.1327087073128117
miniFE.c 40 y -0.0283873431391056
miniFE.c 40 y 0.1055267888613655
miniFE.c 40 y -0.1539769240469990
miniFE.c 40 y 0.0869021228914822
miniFE.c 40 y -0.0013968444071510
miniFE.c 40 y -0.1581035482316560
miniFE.c 40 y 0.1565843894121162
miniFE.c 87 normr 0.3293391721214893
miniFE.c 25 Ap -8.9040522316279809
miniFE.c 25 Ap -9.3323476906063938
miniFE.c 25 Ap -8.3489210680013013
miniFE.c 25 Ap -10.4609440069227233
miniFE.c 25 Ap -9.2388038228294249
miniFE.c 25 Ap -9.2612321153684043
miniFE.c 25 Ap -10.0512363362020274
miniFE.c 25 Ap -9.0478337040326533
miniFE.c 25 Ap -2.0022492570174122
miniFE.c 25 Ap -3.8882075343394811
miniFE.c 25 Ap -2.3694691548503748
miniFE.c 25 Ap -3.2877591981126519
miniFE.c 25 Ap -2.3376052782451135
miniFE.c 25 Ap -2.3510879920235475
miniFE.c 25 Ap -4.1530589536745062
miniFE.c 25 Ap -3.0641864549728126
miniFE.c 25 Ap -1.2367407104027499
miniFE.c 25 Ap -1.6452905012404631
miniFE.c 25 Ap 5.4961389055745826
miniFE.c 25 Ap 4.0160857656731199
miniFE.c 25 Ap 5.4758832683863581
miniFE.c 25 Ap 5.4532883462780495
miniFE.c 25 Ap 3.5636442240261905
miniFE.c 25 Ap 5.4976446370014376
miniFE.c 25 Ap -1.8202976567691087
miniFE.c 25 Ap -1.9895945479795967
miniFE.c 25 Ap -0.9752525862561010
miniFE.c 25 Ap -11.0456067194699532
miniFE.c 25 Ap -10.7268399996662325
miniFE.c 25 Ap -10.7423252631110238
miniFE.c 25 Ap -10.9478967139389152
miniFE.c 25 Ap -10.2086574271614108
miniFE.c 25 Ap -1.8663369615100691
miniFE.c 25 Ap -2.1767131003292253
miniFE.c 25 Ap -0.4040551062140132
miniFE.c 25 Ap -0.9688597090338986
miniFE.c 25 Ap 4.8154550872979991
miniFE.c 25 Ap 4.8091843636075060
miniFE.c 25 Ap 2.5874089555144426
miniFE.c 25 Ap 3.1823259764146936
miniFE.c 25 Ap -2.1308240880974298
miniFE.c 25 Ap -2.4048262751093517
miniFE.c 25 Ap -0.6978576517924509
miniFE.c 25 Ap -2.4048288943158362
miniFE.c 25 Ap -2.0147072759165341
miniFE.c 25 Ap -2.1075461228970012
miniFE.c 25 Ap -3.3110681187843944
miniFE.c 25 Ap -2.7745888617659138
miniFE.c 25 Ap -0.6631124986827065
miniFE.c 25 Ap -0.9866546872497797
miniFE.c 25 Ap 0.2745951616139288
miniFE.c 25 Ap 0.0743892837295272
miniFE.c 25 Ap 1.2955952700017432
miniFE.c 25 Ap 1.2849621565286966
miniFE.c 25 Ap -9.0958322339750222
miniFE.c 25 Ap -8.6770383591821201
miniFE.c 25 Ap -0.8504057571090581
miniFE.c 25 Ap -1.0478085593387705
miniFE.c 25 Ap 0.2555707494420609
miniFE.c 25 Ap -0.4713586203376945
miniFE.c 25 Ap -0.1411880825554164
miniFE.c 25 Ap -0.1459738600683107
miniFE.c 25 Ap -0.5688308117161239
miniFE.c 25 Ap 9.5891398834167738
miniFE.c 57 sum 1.2007263148434624
miniFE.c 57 sum 1.2877104271829751
miniFE.c 57 sum 1.8678592120266440
miniFE.c 57 sum 3.4397568813105082
miniFE.c 57 sum 3.7163077643936537
miniFE.c 57 sum 3.7201834333273549
miniFE.c 57 sum 5.0920539860562348
miniFE.c 57 sum 6.5935635996884212
miniFE.c 90 p_ap_dot 6.5935635996884212
miniFE.c 91 alpha 0.0164500256430064
miniFE.c 40 y 1.0001490575656251
miniFE.c 40 y 1.9997580143316762
miniFE.c 40 y 0.9999951670828418
miniFE.c 40 y 2.0000037174456389
miniFE.c 40 y 0.9987316537625198
miniFE.c 40 y 1.9997328556546807
miniFE.c 40 y 1.0001844123943060
miniFE.c 40 y 1.9999502858216245
miniFE.c 40 y 0.0151768036224708
miniFE.c 40 y 0.0285772094394319
miniFE.c 40 y 0.0263889767195195
miniFE.c 40 y 0.0068128307636847
miniFE.c 40 y 0.0143294753775037
miniFE.c 40 y 0.0221370385446529
miniFE.c 40 y 0.0099181179548731
miniFE.c 40 y 0.0092177106850221
miniFE.c 82 oldrtrans 0.1084642902936680
miniFE.c 48 sum 0.0002303353681950
miniFE.c 48 sum 0.0010469922675402
miniFE.c 48 sum 0.0017433703598435
miniFE.c 48 sum 0.0017897850228582
miniFE.c 48 sum 0.0019951188874526
miniFE.c 48 sum 0.0024851673629801
miniFE.c 48 sum 0.0025835364267469
miniFE.c 48 sum 0.0026685026170196
miniFE.c 83 rtrans 0.0026685026170196
miniFE.c 84 beta 0.0246025914132167
miniFE.c 40 y 0.0119118255194776
miniFE.c 40 y 0.0278788072348738
miniFE.c 40 y 0.0289852091890245
miniFE.c 40 y 0.0030245994142925
miniFE.c 40 y 0.0164674927999440
miniFE.c 40 y 0.0221026725524360
miniFE.c 40 y 0.0060283609567499
miniFE.c 40 y 0.0130700924394164
miniFE.c 87 normr 0.0516575514036393
miniFE.c 25 Ap 0.7992204787999474
miniFE.c 25 Ap 1.2198433768964669
miniFE.c 25 Ap 1.4899627151785431
miniFE.c 25 Ap 1.5314496027986921
miniFE.c 25 Ap 1.7630387057163524
miniFE.c 25 Ap 2.1179280572872852
miniFE.c 25 Ap 2.1480502819546472
miniFE.c 25 Ap 2.2318042577222510
miniFE.c 25 Ap 0.1797202631163939
miniFE.c 25 Ap 2.0318931490687353
miniFE.c 25 Ap 2.4490474101608997
miniFE.c 25 Ap 2.4670855645414478
miniFE.c 25 Ap 2.6471347084938435
miniFE.c 25 Ap 2.8604755832808544
miniFE.c 25 Ap 2.9291832847329253
miniFE.c 25 Ap 3.0200714266875677
miniFE.c 25 Ap 0.1110088392348472
miniFE.c 25 Ap 0.5122397965949332
miniFE.c 25 Ap 2.4737874519218011
miniFE.c 25 Ap 2.5028604307968783
miniFE.c 25 Ap 2.7794843389990413
miniFE.c 25 Ap 3.1370103183787541
miniFE.c 25 Ap 3.2090609268321715
miniFE.c 25 Ap 3.3704918604671175
miniFE.c 25 Ap 0.1633884356196590
miniFE.c 25 Ap 0.3296525122679148
miniFE.c 25 Ap 0.6082634154044260
miniFE.c 25 Ap 0.8060773891641544
miniFE.c 25 Ap 0.8664819971135425
miniFE.c 25 Ap 1.1115097937358667
miniFE.c 25 Ap 1.1193480675877445
miniFE.c 25 Ap 1.1810523399568174
miniFE.c 25 Ap 0.1675208861288761
miniFE.c 25 Ap 0.4723368917001641
miniFE.c 25 Ap 0.9592356529950508
miniFE.c 25 Ap 0.9703302224018101
miniFE.c 25 Ap 2.0664272922070093
miniFE.c 25 Ap 2.1656507645481127
miniFE.c 25 Ap 2.2503652714305939
miniFE.c 25 Ap 2.3000229702991812
miniFE.c 25 Ap 0.1912610352709398
miniFE.c 25 Ap 0.4603546984646657
miniFE.c 25 Ap 0.9292104568914765
miniFE.c 25 Ap 0.9627408332923877
miniFE.c 25 Ap 1.0366668172423459
miniFE.c 25 Ap 2.5056827108164859
miniFE.c 25 Ap 2.5515720351975348
miniFE.c 25 Ap 2.5963519363574545
miniFE.c 25 Ap 0.0595204379881006
miniFE.c 25 Ap 0.3772666343549231
miniFE.c 25 Ap 0.7236961154695920
miniFE.c 25 Ap 0.7276287994398358
miniFE.c 25 Ap 0.9590408768098966
miniFE.c 25 Ap 1.1272917028177791
miniFE.c 25 Ap 1.5231030321882555
miniFE.c 25 Ap 1.5580597394127436
miniFE.c 25 Ap 0.0763317283738200
miniFE.c 25 Ap 0.2701982217620231
miniFE.c 25 Ap 0.6281994679412262
miniFE.c 25 Ap 0.6424786864648847
miniFE.c 25 Ap 0.7050442576244382
miniFE.c 25 Ap 0.7807709976498785
miniFE.c 25 Ap 0.7968941926452806
miniFE.c 25 Ap 1.6447795819917379
miniFE.c 57 sum 0.0265848629116146
miniFE.c 57 sum 0.1107808520517875
miniFE.c 57 sum 0.2084752636973311
miniFE.c 57 sum 0.2120474739130133
miniFE.c 57 sum 0.2499230856161208
miniFE.c 57 sum 0.3073094022963127
miniFE.c 57 sum 0.3167019487976724
miniFE.c 57 sum 0.3381993699767690
miniFE.c 90 p_ap_dot 0.3381993699767690
miniFE.c 91 alpha 0.0078903240334331
miniFE.c 40 y 1.0002430457288034
miniFE.c 40 y 1.9999779871544250
miniFE.c 40 y 1.0002238697755199
miniFE.c 40 y 2.0000275825150888
miniFE.c 40 y 0.9988615876167296
miniFE.c 40 y 1.9999072529031243
miniFE.c 40 y 1.0002319781156452
miniFE.c 40 y 2.0000534130861185
miniFE.c 40 y -0.0024328551501534
miniFE.c 40 y 0.0047478672787544
miniFE.c 40 y -0.0002052962116149
miniFE.c 40 y -0.0025060548990190
miniFE.c 40 y -0.0038184511424961
miniFE.c 40 y 0.0016509804619611
miniFE.c 40 y -0.0023754782525398
miniFE.c 40 y -0.0037601331804674
