filename line variable value
miniFE.c 167 A 67.0947100000000063
miniFE.c 167 A 15.0875500000000002
miniFE.c 167 A 9.3192129999999995
miniFE.c 167 A 13.7164900000000003
miniFE.c 167 A 14.0634099999999993
miniFE.c 167 A 16.0564000000000000
miniFE.c 167 A 4.9967519999999999
miniFE.c 167 A 6.4080630000000003
miniFE.c 167 A 15.0875500000000002
miniFE.c 167 A 66.4365899999999954
miniFE.c 167 A 14.3919700000000006
miniFE.c 167 A 5.9638159999999996
miniFE.c 167 A 10.9336099999999998
miniFE.c 167 A 9.6522659999999991
miniFE.c 167 A 11.3974100000000007
miniFE.c 167 A 6.9539020000000002
miniFE.c 167 A 9.3192129999999995
miniFE.c 167 A 14.3919700000000006
miniFE.c 167 A 67.6740900000000067
miniFE.c 167 A 9.6121750000000006
miniFE.c 167 A 16.7981799999999986
miniFE.c 167 A 16.1756899999999995
miniFE.c 167 A 11.9519400000000005
miniFE.c 167 A 12.3511699999999998
miniFE.c 167 A 13.7164900000000003
miniFE.c 167 A 5.9638159999999996
miniFE.c 167 A 9.6121750000000006
miniFE.c 167 A 65.4017099999999942
miniFE.c 167 A 3.6681119999999998
miniFE.c 167 A 11.0858899999999991
miniFE.c 167 A 1.3002330000000000
miniFE.c 167 A 4.7210279999999996
miniFE.c 167 A 14.0634099999999993
miniFE.c 167 A 10.9336099999999998
miniFE.c 167 A 16.7981799999999986
miniFE.c 167 A 3.6681119999999998
miniFE.c 167 A 66.5612600000000043
miniFE.c 167 A 4.4892070000000004
miniFE.c 167 A 14.0526599999999995
miniFE.c 167 A 3.7993380000000001
miniFE.c 167 A 16.0564000000000000
miniFE.c 167 A 9.9022659999999991
miniFE.c 167 A 16.1756899999999995
miniFE.c 167 A 11.0858899999999991
miniFE.c 167 A 4.4892070000000004
miniFE.c 167 A 66.4632699999999943
miniFE.c 167 A 7.6122389999999998
miniFE.c 167 A 3.4261349999999999
miniFE.c 167 A 4.9967519999999999
miniFE.c 167 A 11.3974100000000007
miniFE.c 167 A 11.9519400000000005
miniFE.c 167 A 1.3002330000000000
miniFE.c 167 A 14.0526599999999995
miniFE.c 167 A 7.6122389999999998
miniFE.c 167 A 65.6581999999999937
miniFE.c 167 A 2.6745570000000001
miniFE.c 167 A 6.4080630000000003
miniFE.c 167 A 6.9539020000000002
miniFE.c 167 A 12.3511699999999998
miniFE.c 167 A 4.7210279999999996
miniFE.c 167 A 3.7993380000000001
miniFE.c 167 A 3.4261349999999999
miniFE.c 167 A 2.6745570000000001
miniFE.c 167 A 64.8721800000000002
miniFE.c 175 b 198.0110999999999990
miniFE.c 175 b 229.8237000000000023
miniFE.c 175 b 210.8053999999999917
miniFE.c 175 b 202.6418999999999926
miniFE.c 175 b 157.2561000000000035
miniFE.c 175 b 225.5886000000000138
miniFE.c 175 b 142.6283999999999992
miniFE.c 175 b 185.1795999999999935
miniFE.c 33 r 0.0000000000000000
miniFE.c 33 r 0.0000000000000000
miniFE.c 33 r 0.0000000000000000
miniFE.c 33 r 0.0000000000000000
miniFE.c 33 r 0.0000000000000000
miniFE.c 33 r 0.0000000000000000
miniFE.c 33 r 0.0000000000000000
miniFE.c 33 r 0.0000000000000000
miniFE.c 25 Ap 0.0000000000000000
miniFE.c 25 Ap 0.0000000000000000
miniFE.c 25 Ap 0.0000000000000000
miniFE.c 25 Ap 0.0000000000000000
miniFE.c 25 Ap 0.0000000000000000
miniFE.c 25 Ap 0.0000000000000000
miniFE.c 25 Ap 0.0000000000000000
miniFE.c 25 Ap 0.0000000000000000
miniFE.c 25 Ap 0.0000000000000000
miniFE.c 25 Ap 0.0000000000000000
miniFE.c 25 Ap 0.0000000000000000
miniFE.c 25 Ap 0.0000000000000000
miniFE.c 25 Ap 0.0000000000000000
miniFE.c 25 Ap 0.0000000000000000
miniFE.c 25 Ap 0.0000000000000000
miniFE.c 25 Ap 0.0000000000000000
miniFE.c 25 Ap 0.0000000000000000
miniFE.c 25 Ap 0.0000000000000000
miniFE.c 25 Ap 0.0000000000000000
miniFE.c 25 Ap 0.0000000000000000
miniFE.c 25 Ap 0.0000000000000000
miniFE.c 25 Ap 0.0000000000000000
miniFE.c 25 Ap 0.0000000000000000
miniFE.c 25 Ap 0.0000000000000000
miniFE.c 25 Ap 0.0000000000000000
miniFE.c 25 Ap 0.0000000000000000
miniFE.c 25 Ap 0.0000000000000000
miniFE.c 25 Ap 0.0000000000000000
miniFE.c 25 Ap 0.0000000000000000
miniFE.c 25 Ap 0.0000000000000000
miniFE.c 25 Ap 0.0000000000000000
miniFE.c 25 Ap 0.0000000000000000
miniFE.c 25 Ap 0.0000000000000000
miniFE.c 25 Ap 0.0000000000000000
miniFE.c 25 Ap 0.0000000000000000
miniFE.c 25 Ap 0.0000000000000000
miniFE.c 25 Ap 0.0000000000000000
miniFE.c 25 Ap 0.0000000000000000
miniFE.c 25 Ap 0.0000000000000000
miniFE.c 25 Ap 0.0000000000000000
miniFE.c 25 Ap 0.0000000000000000
miniFE.c 25 Ap 0.0000000000000000
miniFE.c 25 Ap 0.0000000000000000
miniFE.c 25 Ap 0.0000000000000000
miniFE.c 25 Ap 0.0000000000000000
miniFE.c 25 Ap 0.0000000000000000
miniFE.c 25 Ap 0.0000000000000000
miniFE.c 25 Ap 0.0000000000000000
miniFE.c 25 Ap 0.0000000000000000
miniFE.c 25 Ap 0.0000000000000000
miniFE.c 25 Ap 0.0000000000000000
miniFE.c 25 Ap 0.0000000000000000
miniFE.c 25 Ap 0.0000000000000000
miniFE.c 25 Ap 0.0000000000000000
miniFE.c 25 Ap 0.0000000000000000
miniFE.c 25 Ap 0.0000000000000000
miniFE.c 25 Ap 0.0000000000000000
miniFE.c 25 Ap 0.0000000000000000
miniFE.c 25 Ap 0.0000000000000000
miniFE.c 25 Ap 0.0000000000000000
miniFE.c 25 Ap 0.0000000000000000
miniFE.c 25 Ap 0.0000000000000000
miniFE.c 25 Ap 0.0000000000000000
miniFE.c 25 Ap 0.0000000000000000
miniFE.c 33 r 198.0110999999999990
miniFE.c 33 r 229.8237000000000023
miniFE.c 33 r 210.8053999999999917
miniFE.c 33 r 202.6418999999999926
miniFE.c 33 r 157.2561000000000035
miniFE.c 33 r 225.5886000000000138
miniFE.c 33 r 142.6283999999999992
miniFE.c 33 r 185.1795999999999935
miniFE.c 48 sum 39208.3957232100001420
miniFE.c 48 sum 92027.3288048999966122
miniFE.c 48 sum 136466.2454740600078367
miniFE.c 48 sum 177529.9851096700003836
miniFE.c 48 sum 202259.4660968800017145
miniFE.c 48 sum 253149.6825468399911188
miniFE.c 48 sum 273492.5430333999684080
miniFE.c 48 sum 307784.0272895599482581
miniFE.c 75 rtrans 307784.0272895599482581
miniFE.c 76 normr 554.7828649927464539
miniFE.c 33 r 198.0110999999999990
miniFE.c 33 r 229.8237000000000023
miniFE.c 33 r 210.8053999999999917
miniFE.c 33 r 202.6418999999999926
miniFE.c 33 r 157.2561000000000035
miniFE.c 33 r 225.5886000000000138
miniFE.c 33 r 142.6283999999999992
miniFE.c 33 r 185.1795999999999935
miniFE.c 87 normr 554.7828649927464539
miniFE.c 25 Ap 13285.4973312810016068
miniFE.c 25 Ap 16752.9738962160008668
miniFE.c 25 Ap 18717.5143203662009910
miniFE.c 25 Ap 21497.0499152972006414
miniFE.c 25 Ap 23708.6069245981998392
miniFE.c 25 Ap 27330.7477216381994367
miniFE.c 25 Ap 28043.4264645949988335
miniFE.c 25 Ap 29230.0690077097970061
miniFE.c 25 Ap 2987.5023718050001662
miniFE.c 25 Ap 18256.2053009880000900
miniFE.c 25 Ap 21290.1102936259994749
miniFE.c 25 Ap 22498.6292991164009436
miniFE.c 25 Ap 24218.0061666374022025
miniFE.c 25 Ap 26395.4473404050004319
miniFE.c 25 Ap 28021.0416928490012651
miniFE.c 25 Ap 29308.7624836482027604
miniFE.c 25 Ap 1845.3076172643000064
miniFE.c 25 Ap 5152.9234129532997031
miniFE.c 25 Ap 19418.9870250392996240
miniFE.c 25 Ap 21366.8164301717988565
miniFE.c 25 Ap 24008.4327040697971825
miniFE.c 25 Ap 27657.4839652037990163
miniFE.c 25 Ap 29362.1700442997971550
miniFE.c 25 Ap 31649.3547644317950471
miniFE.c 25 Ap 2716.0172730389999742
miniFE.c 25 Ap 4086.6435322781999275
miniFE.c 25 Ap 6112.9419280231995799
miniFE.c 25 Ap 19366.0687056721981207
miniFE.c 25 Ap 19942.9016931553996983
miniFE.c 25 Ap 22443.7520980093977414
miniFE.c 25 Ap 22629.2022504265987664
miniFE.c 25 Ap 23503.4403270553993934
miniFE.c 25 Ap 2784.7112838509997346
miniFE.c 25 Ap 5297.5139884079999320
miniFE.c 25 Ap 8838.6610425799990480
miniFE.c 25 Ap 9581.9742276727993158
miniFE.c 25 Ap 20049.1383863587980159
miniFE.c 25 Ap 21061.8523085989982064
miniFE.c 25 Ap 23066.1607201429978886
miniFE.c 25 Ap 23769.7206112477979332
miniFE.c 25 Ap 3179.3454260399998930
miniFE.c 25 Ap 5455.1208365441998467
miniFE.c 25 Ap 8865.0436372701988148
miniFE.c 25 Ap 11111.5094500611994590
miniFE.c 25 Ap 11817.4646349738995923
miniFE.c 25 Ap 26810.8206656959009706
miniFE.c 25 Ap 27896.5421346834991709
miniFE.c 25 Ap 28530.9924435294997238
miniFE.c 25 Ap 989.4123599472000024
miniFE.c 25 Ap 3608.8072965641999872
miniFE.c 25 Ap 6128.3407890401995246
miniFE.c 25 Ap 6391.8224746028990921
miniFE.c 25 Ap 8601.6889808288997301
miniFE.c 25 Ap 10318.9233197042995016
miniFE.c 25 Ap 19683.6473325842962367
miniFE.c 25 Ap 20178.9207280214977800
miniFE.c 25 Ap 1268.8676034993000030
miniFE.c 25 Ap 2867.0390905766998912
miniFE.c 25 Ap 5470.7324228946999938
miniFE.c 25 Ap 6427.4105067679001877
miniFE.c 25 Ap 7024.8795832297000743
miniFE.c 25 Ap 7797.7765812907000509
miniFE.c 25 Ap 8179.2443669095000587
miniFE.c 25 Ap 20192.2487104374995397
miniFE.c 57 sum 5787878.1172925252467394
miniFE.c 57 sum 12523726.3537057451903820
miniFE.c 57 sum 19195581.2445636950433254
miniFE.c 57 sum 23958363.0489748232066631
miniFE.c 57 sum 27696296.6103892698884010
miniFE.c 57 sum 34132563.2523356676101685
miniFE.c 57 sum 37010650.4295002073049545
miniFE.c 57 sum 40749842.9687995389103889
miniFE.c 90 p_ap_dot 40749842.9687995389103889
miniFE.c 91 alpha 0.0075530113705031
miniFE.c 40 y 1.4955800897858322
miniFE.c 40 y 1.7358610193111002
miniFE.c 40 y 1.5922155831634606
miniFE.c 40 y 1.5305565748403582
miniFE.c 40 y 1.1877571113809773
miniFE.c 40 y 1.7038732608558824
miniFE.c 40 y 1.0772739269566687
miniFE.c 40 y 1.3986636243852213
miniFE.c 40 y -22.7639435758232480
miniFE.c 40 y 8.4542837056295639
miniFE.c 40 y -28.2425364048407630
miniFE.c 40 y 25.1201479638087619
miniFE.c 40 y -22.2768700504372248
miniFE.c 40 y 10.0936896622828272
miniFE.c 40 y -9.7832177032276775
miniFE.c 40 y 32.6673158940383814
miniFE.c 82 oldrtrans 307784.0272895599482581
miniFE.c 48 sum 518.1971271232645222
miniFE.c 48 sum 589.6720400985381048
miniFE.c 48 sum 1387.3129026772940051
miniFE.c 48 sum 2018.3347364009396188
miniFE.c 48 sum 2514.5936756450064422
miniFE.c 48 sum 2616.4762466434817725
miniFE.c 48 sum 2712.1875952722293732
miniFE.c 48 sum 3779.3411229931220987
miniFE.c 83 rtrans 3779.3411229931220987
miniFE.c 84 beta 0.0122791983595613
miniFE.c 40 y -20.3325260015283291
miniFE.c 40 y 11.2763345056578626
miniFE.c 40 y -25.6540150829741087
miniFE.c 40 y 27.6084280498671397
miniFE.c 40 y -20.3458912052862217
miniFE.c 40 y 12.8637368293385492
miniFE.c 40 y -8.0318552879208305
miniFE.c 40 y 34.9411729345825890
miniFE.c 87 normr 61.4763460445814260
miniFE.c 25 Ap -1364.2049356400029865
miniFE.c 25 Ap -1194.0726749691646091
miniFE.c 25 Ap -1433.1479058326131053
miniFE.c 25 Ap -1054.4571785708908465
miniFE.c 25 Ap -1340.5897884062251251
miniFE.c 25 Ap -1134.0444843796335590
miniFE.c 25 Ap -1174.1776733532624348
miniFE.c 25 Ap -950.2724358945622498
miniFE.c 25 Ap -306.7680026743587405
miniFE.c 25 Ap 442.3932095808853546
miniFE.c 25 Ap 73.1813941271744284
miniFE.c 25 Ap 237.8329790658208651
miniFE.c 25 Ap 15.3789395247913774
miniFE.c 25 Ap 139.5431491555636399
miniFE.c 25 Ap 48.0008013784618868
miniFE.c 25 Ap 290.9782937306016493
miniFE.c 25 Ap -189.4831406362808082
miniFE.c 25 Ap -27.1944727208880010
miniFE.c 25 Ap -1763.3065983074354790
miniFE.c 25 Ap -1497.9295564172039121
miniFE.c 25 Ap -1839.7034991440186786
miniFE.c 25 Ap -1631.6236799510554647
miniFE.c 25 Ap -1727.6199324409678866
miniFE.c 25 Ap -1296.0555655265393398
miniFE.c 25 Ap -278.8908895747032943
miniFE.c 25 Ap -211.6409054285088587
miniFE.c 25 Ap -458.2317878586954976
miniFE.c 25 Ap 1347.4066170145806609
miniFE.c 25 Ap 1272.7756093337757193
miniFE.c 25 Ap 1415.3815808127715172
miniFE.c 25 Ap 1404.9382975161922786
miniFE.c 25 Ap 1569.8965532931988491
miniFE.c 25 Ap -285.9446494951534987
miniFE.c 25 Ap -162.6536057807476254
miniFE.c 25 Ap -593.5943688672616645
miniFE.c 25 Ap -492.3235626364074164
miniFE.c 25 Ap -1846.5717170831769636
miniFE.c 25 Ap -1788.8237396627525868
miniFE.c 25 Ap -1901.6926711931062073
miniFE.c 25 Ap -1768.9393450981751812
miniFE.c 25 Ap -326.4671704909394521
miniFE.c 25 Ap -214.8059067109367959
miniFE.c 25 Ap -629.7773019484502584
miniFE.c 25 Ap -323.7133055147086793
miniFE.c 25 Ap -415.0502227347180337
miniFE.c 25 Ap 439.9157913625537617
miniFE.c 25 Ap 378.7753892974865835
miniFE.c 25 Ap 498.4885648297126863
miniFE.c 25 Ap -101.5965899631886771
miniFE.c 25 Ap 26.9244176949412974
miniFE.c 25 Ap -279.6908313358602527
miniFE.c 25 Ap -243.7934421072973521
miniFE.c 25 Ap -529.7073336121748071
miniFE.c 25 Ap -431.7854944341475516
miniFE.c 25 Ap -959.1426552995110342
miniFE.c 25 Ap -865.6904966391126663
miniFE.c 25 Ap -130.2921075669316338
miniFE.c 25 Ap -51.8775824953684150
miniFE.c 25 Ap -368.7346839677457524
miniFE.c 25 Ap -238.3945221083376111
miniFE.c 25 Ap -315.6954397084473385
miniFE.c 25 Ap -271.6225407266614980
miniFE.c 25 Ap -293.1041955099571510
miniFE.c 25 Ap 1973.6058645134125982
miniFE.c 57 sum 19321.4390113618501346
miniFE.c 57 sum 22602.6075853536822251
miniFE.c 57 sum 55851.6366117440629750
miniFE.c 57 sum 99194.0126490737602580
miniFE.c 57 sum 135184.6601131914940197
miniFE.c 57 sum 141597.0858235955820419
miniFE.c 57 sum 148550.1866167292464525
miniFE.c 57 sum 217510.2904333987680729
miniFE.c 90 p_ap_dot 217510.2904333987680729
miniFE.c 91 alpha 0.0173754589516782
miniFE.c 40 y 1.1422931188623473
miniFE.c 40 y 1.9317925066395507
miniFE.c 40 y 1.1464652971435108
miniFE.c 40 y 2.0102656831411854
miniFE.c 40 y 0.8342379139082162
miniFE.c 40 y 1.9273865920992455
miniFE.c 40 y 0.9377167550955808
miniFE.c 40 y 2.0057825404335503
miniFE.c 40 y -6.2525238730260355
miniFE.c 40 y 3.3984023070841358
miniFE.c 40 y -5.7229761269403134
miniFE.c 40 y -2.1575251563182896
miniFE.c 40 y 8.4592629283246197
miniFE.c 40 y 1.4322220662031810
miniFE.c 40 y 5.2585519859831322
miniFE.c 40 y -1.6249917916057655
miniFE.c 82 oldrtrans 3779.3411229931220987
miniFE.c 48 sum 39.0940547827604945
miniFE.c 48 sum 50.6431930235552699
miniFE.c 48 sum 83.3956487730840195
miniFE.c 48 sum 88.0505635732302778
miniFE.c 48 sum 159.6096928637575161
miniFE.c 48 sum 161.6609529106768264
miniFE.c 48 sum 189.3133218999639666
miniFE.c 48 sum 191.9539202227500709
miniFE.c 83 rtrans 191.9539202227500709
miniFE.c 84 beta 0.0507903134371550
miniFE.c 40 y -7.2852192416127632
miniFE.c 40 y 3.9711308710487052
miniFE.c 40 y -7.0259515939260702
miniFE.c 40 y -0.7552844421583953
miniFE.c 40 y 7.4258887368498767
miniFE.c 40 y 2.0855752917383605
miniFE.c 40 y 4.8506115384277626
miniFE.c 40 y 0.1496813336035216
miniFE.c 87 normr 13.8547436000364179
miniFE.c 25 Ap -488.7996723024283483
miniFE.c 25 Ap -428.8850367289374503
miniFE.c 25 Ap -494.3613761604240153
miniFE.c 25 Ap -504.7212276584452297
miniFE.c 25 Ap -400.2879097377432913
miniFE.c 25 Ap -366.8010786234754619
miniFE.c 25 Ap -342.5637757176134528
miniFE.c 25 Ap -341.6046083019580806
miniFE.c 25 Ap -109.9161095687946528
miniFE.c 25 Ap 153.9122839474110265
miniFE.c 25 Ap 52.7949993861748368
miniFE.c 25 Ap 48.2906219454795220
miniFE.c 25 Ap 129.4823932975887146
miniFE.c 25 Ap 149.6129207764749651
miniFE.c 25 Ap 204.8973292306669407
miniFE.c 25 Ap 205.9381985557751307
miniFE.c 25 Ap -67.8925098642878027
miniFE.c 25 Ap -10.7401135020809662
miniFE.c 25 Ap -486.2149940050773580
miniFE.c 25 Ap -493.4749202378812356
miniFE.c 25 Ap -368.7335045763043695
miniFE.c 25 Ap -334.9978851854850745
miniFE.c 25 Ap -277.0236671148887808
miniFE.c 25 Ap -275.1749275177249956
miniFE.c 25 Ap -99.9276368753890551
miniFE.c 25 Ap -76.2445430485348510
miniFE.c 25 Ap -143.7792193108811603
miniFE.c 25 Ap -193.1761133644363042
miniFE.c 25 Ap -165.9371217781324219
miniFE.c 25 Ap -142.8166635072030601
miniFE.c 25 Ap -136.5097383147585219
miniFE.c 25 Ap -135.8030885477389518
miniFE.c 25 Ap -102.4550251346893504
miniFE.c 25 Ap -59.0362289316825155
miniFE.c 25 Ap -177.0594284777395444
miniFE.c 25 Ap -179.8298964034340486
miniFE.c 25 Ap 314.4466145411022353
miniFE.c 25 Ap 323.8091937398011169
miniFE.c 25 Ap 391.9731884814033833
miniFE.c 25 Ap 392.5418784600539084
miniFE.c 25 Ap -116.9743942310311695
miniFE.c 25 Ap -77.6512000250951928
miniFE.c 25 Ap -191.3008149634491701
miniFE.c 25 Ap -199.6738152079284987
miniFE.c 25 Ap -166.3374635092408766
miniFE.c 25 Ap -27.7233097891054570
miniFE.c 25 Ap 9.2007045375643557
miniFE.c 25 Ap 9.7135329934700572
miniFE.c 25 Ap -36.4024338159670577
miniFE.c 25 Ap 8.8581728850321682
miniFE.c 25 Ap -75.1155790084766011
miniFE.c 25 Ap -76.0976247645575370
miniFE.c 25 Ap 28.2558648522232545
miniFE.c 25 Ap 44.1317624254303809
miniFE.c 25 Ap 362.6141849378280995
miniFE.c 25 Ap 363.0145161963867508
miniFE.c 25 Ap -46.6841438690668085
miniFE.c 25 Ap -19.0692889626194741
miniFE.c 25 Ap -105.8480115109713324
miniFE.c 25 Ap -109.4137305103654967
miniFE.c 25 Ap -81.2002692486797599
miniFE.c 25 Ap -74.0548067465197448
miniFE.c 25 Ap -61.0815697021370028
miniFE.c 25 Ap -51.3714152859692987
miniFE.c 57 sum 2488.6644654250162603
miniFE.c 57 sum 3306.4720032380128032
miniFE.c 57 sum 5239.8377238396633402
miniFE.c 57 sum 5342.4076838168293762
miniFE.c 57 sum 8257.3799978152364929
miniFE.c 57 sum 8277.6383022219033592
miniFE.c 57 sum 10038.4807031008695049
miniFE.c 57 sum 10030.7913611517651589
miniFE.c 90 p_ap_dot 10030.7913611517651589
miniFE.c 91 alpha 0.0191364682318255
miniFE.c 40 y 1.0028797522833410
miniFE.c 40 y 2.0077859263977955
miniFE.c 40 y 1.0120133976680010
miniFE.c 40 y 1.9958122064078292
miniFE.c 40 y 0.9763431978140145
miniFE.c 40 y 1.9672971374146768
miniFE.c 40 y 1.0305403287056298
miniFE.c 40 y 2.0086469125189512
miniFE.c 40 y 0.2845818615895670
miniFE.c 40 y -0.5425274872978201
miniFE.c 40 y -0.4570998683024943
miniFE.c 40 y 0.4412663334592977
miniFE.c 40 y 0.9473977415127051
miniFE.c 40 y 1.2463393506548528
miniFE.c 40 y -1.6882637709005133
miniFE.c 40 y -0.6419243349619008
miniFE.c 82 oldrtrans 191.9539202227500709
miniFE.c 48 sum 0.0809868359457835
miniFE.c 48 sum 0.3753229104194698
miniFE.c 48 sum 0.5842632000216275
miniFE.c 48 sum 0.7789791770662395
miniFE.c 48 sum 1.6765416576896137
miniFE.c 48 sum 3.2299034346803737
miniFE.c 48 sum 6.0801379948155940
miniFE.c 48 sum 6.4922048466318731
miniFE.c 83 rtrans 6.4922048466318731
miniFE.c 84 beta 0.0338216840744804
miniFE.c 40 y 0.0381834779864142
miniFE.c 40 y -0.4082171535587945
miniFE.c 40 y -0.6947293834348540
miniFE.c 40 y 0.4157213416702462
miniFE.c 40 y 1.1985538043426842
miniFE.c 40 y 1.3168770192855699
miniFE.c 40 y -1.5242079198797800
miniFE.c 40 y -0.6368618601849156
miniFE.c 87 normr 2.5479805428283537
miniFE.c 25 Ap 2.5619093822898447
miniFE.c 25 Ap -3.5970873328861459
miniFE.c 25 Ap -10.0714184344742215
miniFE.c 25 Ap -4.3691808086677062
miniFE.c 25 Ap 12.4865727488632423
miniFE.c 25 Ap 33.6308769213200662
miniFE.c 25 Ap 26.0147879492449370
miniFE.c 25 Ap 21.9337370268828060
miniFE.c 25 Ap 0.5760951332939235
miniFE.c 25 Ap -26.5444605286587461
miniFE.c 25 Ap -36.5429849731716629
miniFE.c 25 Ap -34.0636993841771840
miniFE.c 25 Ap -20.9591795234779710
miniFE.c 25 Ap -8.2483322440465212
miniFE.c 25 Ap -25.6203548321635282
miniFE.c 25 Ap -30.0490297954271348
miniFE.c 25 Ap 0.3558399644362050
miniFE.c 25 Ap -5.5192090630673594
miniFE.c 25 Ap -52.5343878832821858
miniFE.c 25 Ap -48.5384015959129869
miniFE.c 25 Ap -28.4048790508797957
miniFE.c 25 Ap -7.1034846187923968
miniFE.c 25 Ap -25.3207262247203353
miniFE.c 25 Ap -33.1867153263804582
miniFE.c 25 Ap 0.5237432939658704
miniFE.c 25 Ap -1.9107886979025253
miniFE.c 25 Ap -8.5886491091204427
miniFE.c 25 Ap 18.6002375196079122
miniFE.c 25 Ap 22.9966671119629638
miniFE.c 25 Ap 37.5954208912906722
miniFE.c 25 Ap 35.6135954550016294
miniFE.c 25 Ap 32.6069527809365596
miniFE.c 25 Ap 0.5369899061489172
miniFE.c 25 Ap -3.9262972461730543
miniFE.c 25 Ap -15.5964864804007490
miniFE.c 25 Ap -14.0715740383640195
miniFE.c 25 Ap 65.7056773564785175
miniFE.c 25 Ap 71.6174108895944386
miniFE.c 25 Ap 50.1982352222166526
miniFE.c 25 Ap 47.7785817560654138
miniFE.c 25 Ap 0.6130891959410608
miniFE.c 25 Ap -3.4291856443609690
miniFE.c 25 Ap -14.6669127846943024
miniFE.c 25 Ap -10.0582717202855356
miniFE.c 25 Ap -4.6777155919537270
miniFE.c 25 Ap 82.8462372976183019
miniFE.c 25 Ap 71.2436023258005662
miniFE.c 25 Ap 69.0616276164559224
miniFE.c 25 Ap 0.1907933699955711
miniFE.c 25 Ap -4.4618248981469693
miniFE.c 25 Ap -12.7651888051973401
miniFE.c 25 Ap -12.2246541979534111
miniFE.c 25 Ap 4.6182149061808513
miniFE.c 25 Ap 14.6425975105902175
miniFE.c 25 Ap -85.4341509344603338
miniFE.c 25 Ap -87.1374742806509204
miniFE.c 25 Ap 0.2446821324960553
miniFE.c 25 Ap -2.5940199480707529
miniFE.c 25 Ap -11.1747406668698197
miniFE.c 25 Ap -9.2121085726470202
miniFE.c 25 Ap -4.6583975587632951
miniFE.c 25 Ap -0.1465991122933294
miniFE.c 25 Ap -4.2231800738632339
miniFE.c 25 Ap -45.5377973029139156
miniFE.c 57 sum 0.8375063649257776
miniFE.c 57 sum 13.1040357752184473
miniFE.c 57 sum 36.1598220521427649
miniFE.c 57 sum 49.7152282100120786
miniFE.c 57 sum 106.9804291398422436
miniFE.c 57 sum 197.9260994624107184
miniFE.c 57 sum 330.7417278792994466
miniFE.c 57 sum 359.7430141783568160
miniFE.c 90 p_ap_dot 359.7430141783568160
miniFE.c 91 alpha 0.0180467850403152
miniFE.c 40 y 1.0035688413026536
miniFE.c 40 y 2.0004189191777506
miniFE.c 40 y 0.9994757658239615
miniFE.c 40 y 2.0033146400976234
miniFE.c 40 y 0.9979732406802388
miniFE.c 40 y 1.9910625339062544
miniFE.c 40 y 1.0030332760188134
miniFE.c 40 y 1.9971536034278188
miniFE.c 40 y -0.1112515756653895
miniFE.c 40 y -0.0002391059097195
miniFE.c 40 y 0.1418136493868282
miniFE.c 40 y -0.1471843341979727
miniFE.c 40 y 0.0851479470298664
miniFE.c 40 y -0.0000009974736239
miniFE.c 40 y -0.1157125036016107
miniFE.c 40 y 0.1798865041732325
miniFE.c 82 oldrtrans 6.4922048466318731
miniFE.c 48 sum 0.0123769130880319
miniFE.c 48 sum 0.0123769702596679
miniFE.c 48 sum 0.0324880814120782
miniFE.c 48 sum 0.0541513096453787
miniFE.c 48 sum 0.0614014825287796
miniFE.c 48 sum 0.0614014825297746
miniFE.c 48 sum 0.0747908660195273
miniFE.c 48 sum 0.1071500204031937
miniFE.c 83 rtrans 0.1071500204031937
miniFE.c 84 beta 0.0165044115111036
miniFE.c 40 y -0.1106213798317766
miniFE.c 40 y -0.0069764897979453
miniFE.c 40 y 0.1303475497537641
miniFE.c 40 y -0.1403230981010989
miniFE.c 40 y 0.1049293722349368
miniFE.c 40 y 0.0217332827621807
miniFE.c 40 y -0.1408686583397898
miniFE.c 40 y 0.1693754739570137
miniFE.c 87 normr 0.3273377772320111
miniFE.c 25 Ap -7.4221093996128982
miniFE.c 25 Ap -7.5273675382638867
miniFE.c 25 Ap -6.3126309580804616
miniFE.c 25 Ap -8.2373713299532039
miniFE.c 25 Ap -6.7617065471706717
miniFE.c 25 Ap -6.4127482658279940
miniFE.c 25 Ap -7.1166340161246557
miniFE.c 25 Ap -6.0312653083532526
miniFE.c 25 Ap -1.6690055992809205
miniFE.c 25 Ap -2.1324997916261923
miniFE.c 25 Ap -0.2565417659965126
miniFE.c 25 Ap -1.0934029036214157
miniFE.c 25 Ap 0.0538539299402119
miniFE.c 25 Ap 0.2636293562139942
miniFE.c 25 Ap -1.3419084990345098
miniFE.c 25 Ap -0.1640880519338841
miniFE.c 25 Ap -1.0309042010062299
miniFE.c 25 Ap -1.1313096328835641
miniFE.c 25 Ap 7.6898421804321426
miniFE.c 25 Ap 6.3410320049422122
miniFE.c 25 Ap 8.1036544870316831
miniFE.c 25 Ap 8.4552053316750602
miniFE.c 25 Ap 6.7715515793173928
miniFE.c 25 Ap 8.8635368519910429
miniFE.c 25 Ap -1.5173370502487651
miniFE.c 25 Ap -1.5589435517295878
miniFE.c 25 Ap -0.3060200926752006
miniFE.c 25 Ap -9.4833906609848206
miniFE.c 25 Ap -9.0984979715373822
miniFE.c 25 Ap -8.8575651894969507
miniFE.c 25 Ap -9.0407272677360702
miniFE.c 25 Ap -8.2411009126717385
miniFE.c 25 Ap -1.5557138193400049
miniFE.c 25 Ap -1.6319920379597170
miniFE.c 25 Ap 0.5576095653629669
miniFE.c 25 Ap 0.0428887253411488
miniFE.c 25 Ap 7.0271199523075589
miniFE.c 25 Ap 7.1246851574165193
miniFE.c 25 Ap 5.1451057971112881
miniFE.c 25 Ap 5.7886204715841805
miniFE.c 25 Ap -1.7761811231309372
miniFE.c 25 Ap -1.8452641808564774
miniFE.c 25 Ap 0.2631973762199864
miniFE.c 25 Ap -1.2924090537880046
miniFE.c 25 Ap -0.8213593814453206
miniFE.c 25 Ap 0.6231056587638377
miniFE.c 25 Ap -0.4492202361279856
miniFE.c 25 Ap 0.1310830033377276
miniFE.c 25 Ap -0.5527476009171892
miniFE.c 25 Ap -0.6322615155051885
miniFE.c 25 Ap 0.9256445782988143
miniFE.c 25 Ap 0.7431918554855281
miniFE.c 25 Ap 2.2177286475165352
miniFE.c 25 Ap 2.3831675901568343
miniFE.c 25 Ap -6.8660149528487526
miniFE.c 25 Ap -6.4130105933487043
miniFE.c 25 Ap -0.7088687711089537
miniFE.c 25 Ap -0.7573825974678648
miniFE.c 25 Ap 0.8525621486243332
miniFE.c 25 Ap 0.1900928734422986
miniFE.c 25 Ap 0.5887550246906390
miniFE.c 25 Ap 0.6632161854270429
miniFE.c 25 Ap 0.2864549291837496
miniFE.c 25 Ap 11.2742111633084559
miniFE.c 57 sum 0.6671868905415622
miniFE.c 57 sum 0.6683316491618436
miniFE.c 57 sum 1.8236719599710673
miniFE.c 57 sum 2.9800887718009594
miniFE.c 57 sum 3.5874850839905914
miniFE.c 57 sum 3.5903339479674461
miniFE.c 57 sum 4.4937261461713378
miniFE.c 57 sum 6.4033010054481627
miniFE.c 90 p_ap_dot 6.4033010054481627
miniFE.c 91 alpha 0.0167335598173546
miniFE.c 40 y 1.0017177518261602
miniFE.c 40 y 2.0003021776684013
miniFE.c 40 y 1.0016569443448118
miniFE.c 40 y 2.0009665351417922
miniFE.c 40 y 0.9997290826071297
miniFE.c 40 y 1.9914262090933830
miniFE.c 40 y 1.0006760418980940
miniFE.c 40 y 1.9999878580528712
miniFE.c 40 y -0.0103270368537247
miniFE.c 40 y 0.0025066713226293
miniFE.c 40 y -0.0065048747192909
miniFE.c 40 y -0.0092813791149245
miniFE.c 40 y -0.0117162798913509
miniFE.c 40 y -0.0021944827510143
miniFE.c 40 y -0.0084000072284813
miniFE.c 40 y -0.0087711827214767
miniFE.c 82 oldrtrans 0.1071500204031937
miniFE.c 48 sum 0.0001066476901782
miniFE.c 48 sum 0.0001129310912979
miniFE.c 48 sum 0.0001552444864115
miniFE.c 48 sum 0.0002413884846865
miniFE.c 48 sum 0.0003786596991790
miniFE.c 48 sum 0.0003834754537235
miniFE.c 48 sum 0.0004540355751620
miniFE.c 48 sum 0.0005309692214956
miniFE.c 83 rtrans 0.0005309692214956
miniFE.c 84 beta 0.0049553814315440
miniFE.c 40 y -0.0108752079852748
miniFE.c 40 y 0.0024721001546272
miniFE.c 40 y -0.0058589528915939
miniFE.c 40 y -0.0099767335896714
miniFE.c 40 y -0.0111963148285544
miniFE.c 40 y -0.0020867860451681
miniFE.c 40 y -0.0090980651623049
miniFE.c 40 y -0.0079318626428711
miniFE.c 87 normr 0.0230427693972654
miniFE.c 25 Ap -0.7296689259616995
miniFE.c 25 Ap -0.6923709912737538
miniFE.c 25 Ap -0.7469718212274828
miniFE.c 25 Ap -0.8838175877428752
miniFE.c 25 Ap -1.0412759536659151
miniFE.c 25 Ap -1.0747822251215517
miniFE.c 25 Ap -1.1202430004174289
miniFE.c 25 Ap -1.1710708759402935
miniFE.c 25 Ap -0.1640802442382334
miniFE.c 25 Ap 0.0001576601736709
miniFE.c 25 Ap -0.0841642140735612
miniFE.c 25 Ap -0.1436636174833812
miniFE.c 25 Ap -0.2660797572560115
miniFE.c 25 Ap -0.2862219712490618
miniFE.c 25 Ap -0.3899163501105669
miniFE.c 25 Ap -0.4450737456065536
miniFE.c 25 Ap -0.1013483796340771
miniFE.c 25 Ap -0.0657699883716870
miniFE.c 25 Ap -0.4622692936631703
miniFE.c 25 Ap -0.5581674028554703
miniFE.c 25 Ap -0.7462451146821957
miniFE.c 25 Ap -0.7800003188451604
miniFE.c 25 Ap -0.8887398477811184
miniFE.c 25 Ap -0.9867076316998689
miniFE.c 25 Ap -0.1491696815779424
miniFE.c 25 Ap -0.1344265311221742
miniFE.c 25 Ap -0.1907438116329305
miniFE.c 25 Ap -0.8432392486118807
miniFE.c 25 Ap -0.8843085853902789
miniFE.c 25 Ap -0.9074424659405472
miniFE.c 25 Ap -0.9192720705007263
miniFE.c 25 Ap -0.9567186161298749
miniFE.c 25 Ap -0.1529425087321940
miniFE.c 25 Ap -0.1259135297605604
miniFE.c 25 Ap -0.2243332750450746
miniFE.c 25 Ap -0.2609290512461515
miniFE.c 25 Ap -1.0061698735914144
miniFE.c 25 Ap -1.0155378881128851
miniFE.c 25 Ap -1.1433899044966003
miniFE.c 25 Ap -1.1735257316464409
miniFE.c 25 Ap -0.1746166894947669
miniFE.c 25 Ap -0.1501372961850072
miniFE.c 25 Ap -0.2449099018840331
miniFE.c 25 Ap -0.3555108730184358
miniFE.c 25 Ap -0.4057734479209859
miniFE.c 25 Ap -0.5444680722732237
miniFE.c 25 Ap -0.6137247187262621
miniFE.c 25 Ap -0.6409003509421953
miniFE.c 25 Ap -0.0543407172508380
miniFE.c 25 Ap -0.0261651782274883
miniFE.c 25 Ap -0.0961910316506447
miniFE.c 25 Ap -0.1091631098961439
miniFE.c 25 Ap -0.2665011154347768
miniFE.c 25 Ap -0.2823862295524610
miniFE.c 25 Ap -0.8797488115921059
miniFE.c 25 Ap -0.9009630303466354
miniFE.c 25 Ap -0.0696890179077442
miniFE.c 25 Ap -0.0524982756982818
miniFE.c 25 Ap -0.1248631988843491
miniFE.c 25 Ap -0.1719636375097285
miniFE.c 25 Ap -0.2145022218978186
miniFE.c 25 Ap -0.2216518326046805
miniFE.c 25 Ap -0.2459851264709791
miniFE.c 25 Ap -0.7605423475745899
miniFE.c 57 sum 0.0127356393413487
miniFE.c 57 sum 0.0116353724660142
miniFE.c 57 sum 0.0174164459979199
miniFE.c 57 sum 0.0269613727513268
miniFE.c 57 sum 0.0401005363022499
miniFE.c 57 sum 0.0414379582109394
miniFE.c 57 sum 0.0496349785698608
miniFE.c 57 sum 0.0556674960049092
miniFE.c 90 p_ap_dot 0.0556674960049092
miniFE.c 91 alpha 0.0095382271451320
miniFE.c 40 y 1.0016140216221461
miniFE.c 40 y 2.0003257571212019
miniFE.c 40 y 1.0016010603212990
miniFE.c 40 y 2.0008713747906475
miniFE.c 40 y 0.9996222896131065
miniFE.c 40 y 1.9914063048540809
miniFE.c 40 y 1.0005892624859947
miniFE.c 40 y 1.9999122021452995
miniFE.c 40 y 0.0008429031640425
miniFE.c 40 y 0.0067518858045593
miniFE.c 40 y 0.0029065667976976
miniFE.c 40 y -0.0001559796403014
miniFE.c 40 y -0.0005229249022500
miniFE.c 40 y 0.0039185703736672
miniFE.c 40 y 0.0001935828043313
miniFE.c 40 y -0.0015169570568183
