filename line variable value
miniFE.c 167 A 67.0947100000000063
miniFE.c 167 A 15.0875500000000002
miniFE.c 167 A 9.3192129999999995
miniFE.c 167 A 13.7164900000000003
miniFE.c 167 A 14.0634099999999993
miniFE.c 167 A 16.0564000000000000
miniFE.c 167 A 4.9967519999999999
miniFE.c 167 A 6.4080630000000003
miniFE.c 167 A 15.0875500000000002
miniFE.c 167 A 66.4365899999999954
miniFE.c 167 A 14.3919700000000006
miniFE.c 167 A 5.9638159999999996
miniFE.c 167 A 10.9336099999999998
miniFE.c 167 A 9.6522659999999991
miniFE.c 167 A 11.3974100000000007
miniFE.c 167 A 6.9539020000000002
miniFE.c 167 A 9.3192129999999995
miniFE.c 167 A 14.3919700000000006
miniFE.c 167 A 67.6740900000000067
miniFE.c 167 A 9.6121750000000006
miniFE.c 167 A 16.7981799999999986
miniFE.c 167 A 16.1756899999999995
miniFE.c 167 A 11.9519400000000005
miniFE.c 167 A 12.3511699999999998
miniFE.c 167 A 13.7164900000000003
miniFE.c 167 A 5.9638159999999996
miniFE.c 167 A 9.6121750000000006
miniFE.c 167 A 65.4017099999999942
miniFE.c 167 A 3.6681119999999998
miniFE.c 167 A 11.0858899999999991
miniFE.c 167 A 1.3002330000000000
miniFE.c 167 A 4.7210279999999996
miniFE.c 167 A 14.0634099999999993
miniFE.c 167 A 10.9336099999999998
miniFE.c 167 A 16.7981799999999986
miniFE.c 167 A 3.6681119999999998
miniFE.c 167 A 66.5612600000000043
miniFE.c 167 A 4.4892070000000004
miniFE.c 167 A 14.0526599999999995
miniFE.c 167 A 3.7993380000000001
miniFE.c 167 A 16.0564000000000000
miniFE.c 167 A 9.6522812587890616
miniFE.c 167 A 16.1756899999999995
miniFE.c 167 A 11.0858899999999991
miniFE.c 167 A 4.4892070000000004
miniFE.c 167 A 66.4632699999999943
miniFE.c 167 A 7.6122389999999998
miniFE.c 167 A 3.4261349999999999
miniFE.c 167 A 4.9967519999999999
miniFE.c 167 A 11.3974100000000007
miniFE.c 167 A 11.9519400000000005
miniFE.c 167 A 1.3002330000000000
miniFE.c 167 A 14.0526599999999995
miniFE.c 167 A 7.6122389999999998
miniFE.c 167 A 65.6581999999999937
miniFE.c 167 A 2.6745570000000001
miniFE.c 167 A 6.4080630000000003
miniFE.c 167 A 6.9539020000000002
miniFE.c 167 A 12.3511699999999998
miniFE.c 167 A 4.7210279999999996
miniFE.c 167 A 3.7993380000000001
miniFE.c 167 A 3.4261349999999999
miniFE.c 167 A 2.6745570000000001
miniFE.c 167 A 64.8721800000000002
miniFE.c 175 b 198.0110999999999990
miniFE.c 175 b 229.8237000000000023
miniFE.c 175 b 210.8053999999999917
miniFE.c 175 b 202.6418999999999926
miniFE.c 175 b 157.2561000000000035
miniFE.c 175 b 225.5886000000000138
miniFE.c 175 b 142.6283999999999992
miniFE.c 175 b 185.1795999999999935
miniFE.c 33 r 0.0000000000000000
miniFE.c 33 r 0.0000000000000000
miniFE.c 33 r 0.0000000000000000
miniFE.c 33 r 0.0000000000000000
miniFE.c 33 r 0.0000000000000000
miniFE.c 33 r 0.0000000000000000
miniFE.c 33 r 0.0000000000000000
miniFE.c 33 r 0.0000000000000000
miniFE.c 25 Ap 0.0000000000000000
miniFE.c 25 Ap 0.0000000000000000
miniFE.c 25 Ap 0.0000000000000000
miniFE.c 25 Ap 0.0000000000000000
miniFE.c 25 Ap 0.0000000000000000
miniFE.c 25 Ap 0.0000000000000000
miniFE.c 25 Ap 0.0000000000000000
miniFE.c 25 Ap 0.0000000000000000
miniFE.c 25 Ap 0.0000000000000000
miniFE.c 25 Ap 0.0000000000000000
miniFE.c 25 Ap 0.0000000000000000
miniFE.c 25 Ap 0.0000000000000000
miniFE.c 25 Ap 0.0000000000000000
miniFE.c 25 Ap 0.0000000000000000
miniFE.c 25 Ap 0.0000000000000000
miniFE.c 25 Ap 0.0000000000000000
miniFE.c 25 Ap 0.0000000000000000
miniFE.c 25 Ap 0.0000000000000000
miniFE.c 25 Ap 0.0000000000000000
miniFE.c 25 Ap 0.0000000000000000
miniFE.c 25 Ap 0.0000000000000000
miniFE.c 25 Ap 0.0000000000000000
miniFE.c 25 Ap 0.0000000000000000
miniFE.c 25 Ap 0.0000000000000000
miniFE.c 25 Ap 0.0000000000000000
miniFE.c 25 Ap 0.0000000000000000
miniFE.c 25 Ap 0.0000000000000000
miniFE.c 25 Ap 0.0000000000000000
miniFE.c 25 Ap 0.0000000000000000
miniFE.c 25 Ap 0.0000000000000000
miniFE.c 25 Ap 0.0000000000000000
miniFE.c 25 Ap 0.0000000000000000
miniFE.c 25 Ap 0.0000000000000000
miniFE.c 25 Ap 0.0000000000000000
miniFE.c 25 Ap 0.0000000000000000
miniFE.c 25 Ap 0.0000000000000000
miniFE.c 25 Ap 0.0000000000000000
miniFE.c 25 Ap 0.0000000000000000
miniFE.c 25 Ap 0.0000000000000000
miniFE.c 25 Ap 0.0000000000000000
miniFE.c 25 Ap 0.0000000000000000
miniFE.c 25 Ap 0.0000000000000000
miniFE.c 25 Ap 0.0000000000000000
miniFE.c 25 Ap 0.0000000000000000
miniFE.c 25 Ap 0.0000000000000000
miniFE.c 25 Ap 0.0000000000000000
miniFE.c 25 Ap 0.0000000000000000
miniFE.c 25 Ap 0.0000000000000000
miniFE.c 25 Ap 0.0000000000000000
miniFE.c 25 Ap 0.0000000000000000
miniFE.c 25 Ap 0.0000000000000000
miniFE.c 25 Ap 0.0000000000000000
miniFE.c 25 Ap 0.0000000000000000
miniFE.c 25 Ap 0.0000000000000000
miniFE.c 25 Ap 0.0000000000000000
miniFE.c 25 Ap 0.0000000000000000
miniFE.c 25 Ap 0.0000000000000000
miniFE.c 25 Ap 0.0000000000000000
miniFE.c 25 Ap 0.0000000000000000
miniFE.c 25 Ap 0.0000000000000000
miniFE.c 25 Ap 0.0000000000000000
miniFE.c 25 Ap 0.0000000000000000
miniFE.c 25 Ap 0.0000000000000000
miniFE.c 25 Ap 0.0000000000000000
miniFE.c 33 r 198.0110999999999990
miniFE.c 33 r 229.8237000000000023
miniFE.c 33 r 210.8053999999999917
miniFE.c 33 r 202.6418999999999926
miniFE.c 33 r 157.2561000000000035
miniFE.c 33 r 225.5886000000000138
miniFE.c 33 r 142.6283999999999992
miniFE.c 33 r 185.1795999999999935
miniFE.c 48 sum 39208.3957232100001420
miniFE.c 48 sum 92027.3288048999966122
miniFE.c 48 sum 136466.2454740600078367
miniFE.c 48 sum 177529.9851096700003836
miniFE.c 48 sum 202259.4660968800017145
miniFE.c 48 sum 253149.6825468399911188
miniFE.c 48 sum 273492.5430333999684080
miniFE.c 48 sum 307784.0272895599482581
miniFE.c 75 rtrans 307784.0272895599482581
miniFE.c 76 normr 554.7828649927464539
miniFE.c 33 r 198.0110999999999990
miniFE.c 33 r 229.8237000000000023
miniFE.c 33 r 210.8053999999999917
miniFE.c 33 r 202.6418999999999926
miniFE.c 33 r 157.2561000000000035
miniFE.c 33 r 225.5886000000000138
miniFE.c 33 r 142.6283999999999992
miniFE.c 33 r 185.1795999999999935
miniFE.c 87 normr 554.7828649927464539
miniFE.c 25 Ap 13285.4973312810016068
miniFE.c 25 Ap 16752.9738962160008668
miniFE.c 25 Ap 18717.5143203662009910
miniFE.c 25 Ap 21497.0499152972006414
miniFE.c 25 Ap 23708.6069245981998392
miniFE.c 25 Ap 27330.7477216381994367
miniFE.c 25 Ap 28043.4264645949988335
miniFE.c 25 Ap 29230.0690077097970061
miniFE.c 25 Ap 2987.5023718050001662
miniFE.c 25 Ap 18256.2053009880000900
miniFE.c 25 Ap 21290.1102936259994749
miniFE.c 25 Ap 22498.6292991164009436
miniFE.c 25 Ap 24218.0061666374022025
miniFE.c 25 Ap 26395.4473404050004319
miniFE.c 25 Ap 28021.0416928490012651
miniFE.c 25 Ap 29308.7624836482027604
miniFE.c 25 Ap 1845.3076172643000064
miniFE.c 25 Ap 5152.9234129532997031
miniFE.c 25 Ap 19418.9870250392996240
miniFE.c 25 Ap 21366.8164301717988565
miniFE.c 25 Ap 24008.4327040697971825
miniFE.c 25 Ap 27657.4839652037990163
miniFE.c 25 Ap 29362.1700442997971550
miniFE.c 25 Ap 31649.3547644317950471
miniFE.c 25 Ap 2716.0172730389999742
miniFE.c 25 Ap 4086.6435322781999275
miniFE.c 25 Ap 6112.9419280231995799
miniFE.c 25 Ap 19366.0687056721981207
miniFE.c 25 Ap 19942.9016931553996983
miniFE.c 25 Ap 22443.7520980093977414
miniFE.c 25 Ap 22629.2022504265987664
miniFE.c 25 Ap 23503.4403270553993934
miniFE.c 25 Ap 2784.7112838509997346
miniFE.c 25 Ap 5297.5139884079999320
miniFE.c 25 Ap 8838.6610425799990480
miniFE.c 25 Ap 9581.9742276727993158
miniFE.c 25 Ap 20049.1383863587980159
miniFE.c 25 Ap 21061.8523085989982064
miniFE.c 25 Ap 23066.1607201429978886
miniFE.c 25 Ap 23769.7206112477979332
miniFE.c 25 Ap 3179.3454260399998930
miniFE.c 25 Ap 5397.6684183755596678
miniFE.c 25 Ap 8807.5912191015595454
miniFE.c 25 Ap 11054.0570318925601896
miniFE.c 25 Ap 11760.0122168052603229
miniFE.c 25 Ap 26753.3682475272580632
miniFE.c 25 Ap 27839.0897165148562635
miniFE.c 25 Ap 28473.5400253608568164
miniFE.c 25 Ap 989.4123599472000024
miniFE.c 25 Ap 3608.8072965641999872
miniFE.c 25 Ap 6128.3407890401995246
miniFE.c 25 Ap 6391.8224746028990921
miniFE.c 25 Ap 8601.6889808288997301
miniFE.c 25 Ap 10318.9233197042995016
miniFE.c 25 Ap 19683.6473325842962367
miniFE.c 25 Ap 20178.9207280214977800
miniFE.c 25 Ap 1268.8676034993000030
miniFE.c 25 Ap 2867.0390905766998912
miniFE.c 25 Ap 5470.7324228946999938
miniFE.c 25 Ap 6427.4105067679001877
miniFE.c 25 Ap 7024.8795832297000743
miniFE.c 25 Ap 7797.7765812907000509
miniFE.c 25 Ap 8179.2443669095000587
miniFE.c 25 Ap 20192.2487104374995397
miniFE.c 57 sum 5787878.1172925252467394
miniFE.c 57 sum 12523726.3537057451903820
miniFE.c 57 sum 19195581.2445636950433254
miniFE.c 57 sum 23958363.0489748232066631
miniFE.c 57 sum 27696296.6103892698884010
miniFE.c 57 sum 34119602.6417543888092041
miniFE.c 57 sum 36997689.8189189285039902
miniFE.c 57 sum 40736882.3582182601094246
miniFE.c 90 p_ap_dot 40736882.3582182601094246
miniFE.c 91 alpha 0.0075554143928608
miniFE.c 40 y 1.4960559148862016
miniFE.c 40 y 1.7364132908005254
miniFE.c 40 y 1.5927221532527807
miniFE.c 40 y 1.5310435278566614
miniFE.c 40 y 1.1881350013051593
miniFE.c 40 y 1.7044153553053207
miniFE.c 40 y 1.0776166661907092
miniFE.c 40 y 1.3991086151042080
miniFE.c 40 y -22.8341840851653615
miniFE.c 40 y 8.3838540941053736
miniFE.c 40 y -28.3185905119459278
miniFE.c 40 y 25.0636686712203982
miniFE.c 40 y -22.3339892205019055
miniFE.c 40 y 10.4592058766901630
miniFE.c 40 y -9.8317081008910066
miniFE.c 40 y 32.6187934689353369
miniFE.c 82 oldrtrans 307784.0272895599482581
miniFE.c 48 sum 521.3999628352190712
miniFE.c 48 sum 591.6889723064665532
miniFE.c 48 sum 1393.6315408897403358
miniFE.c 48 sum 2021.8190281504553241
miniFE.c 48 sum 2520.6261026519505322
miniFE.c 48 sum 2630.0210902229405292
miniFE.c 48 sum 2726.6835744040663485
miniFE.c 48 sum 3790.6692617731250721
miniFE.c 83 rtrans 3790.6692617731250721
miniFE.c 84 beta 0.0123160038392990
miniFE.c 40 y -20.3954786173415457
miniFE.c 40 y 11.2143636656672729
miniFE.c 40 y -25.7223103962009674
miniFE.c 40 y 27.5594070896232388
miniFE.c 40 y -20.3972224891487208
miniFE.c 40 y 13.2375559403922480
miniFE.c 40 y -8.0750961788979350
miniFE.c 40 y 34.8994661334951886
miniFE.c 87 normr 61.5684112331406936
miniFE.c 25 Ap -1368.4287231417320072
miniFE.c 25 Ap -1199.2314506177938256
miniFE.c 25 Ap -1438.9431400521050364
miniFE.c 25 Ap -1060.9248083013587802
miniFE.c 25 Ap -1347.7793110274778883
miniFE.c 25 Ap -1135.2318178261637058
miniFE.c 25 Ap -1175.5810708082642577
miniFE.c 25 Ap -951.9430931584606697
miniFE.c 25 Ap -307.7178034130714650
miniFE.c 25 Ap 437.3262775537622247
miniFE.c 25 Ap 67.1315580009497808
miniFE.c 25 Ap 231.4907909525582852
miniFE.c 25 Ap 8.4755151729769409
miniFE.c 25 Ap 136.2479262995230442
miniFE.c 25 Ap 44.2127443591899265
miniFE.c 25 Ap 286.9002117038343727
miniFE.c 25 Ap -190.0698094719513449
miniFE.c 25 Ap -28.6730240265779059
miniFE.c 25 Ap -1769.4069727870180486
miniFE.c 25 Ap -1504.5011289453186691
miniFE.c 25 Ap -1847.1373438180869471
miniFE.c 25 Ap -1633.0107425686435363
miniFE.c 25 Ap -1729.5238075930608375
miniFE.c 25 Ap -1298.4745684690190046
miniFE.c 25 Ap -279.7543784999791683
miniFE.c 25 Ap -212.8739770408540437
miniFE.c 25 Ap -460.1213259734570897
miniFE.c 25 Ap 1342.3110242740258400
miniFE.c 25 Ap 1267.4917276949095140
miniFE.c 25 Ap 1414.2418167189446194
miniFE.c 25 Ap 1403.7423101889676218
miniFE.c 25 Ap 1568.5036669902501671
miniFE.c 25 Ap -286.8299779419072593
miniFE.c 25 Ap -164.2164992233309135
miniFE.c 25 Ap -596.3044992745860782
miniFE.c 25 Ap -495.2135074162540036
miniFE.c 25 Ap -1852.8783367943292433
miniFE.c 25 Ap -1793.4522080038286731
miniFE.c 25 Ap -1906.9287890731804964
miniFE.c 25 Ap -1774.3339212124792539
miniFE.c 25 Ap -327.4779628714828164
miniFE.c 25 Ap -219.2337706321175972
miniFE.c 25 Ap -635.3098896848416643
miniFE.c 25 Ap -329.7893342240583365
miniFE.c 25 Ap -421.3566882029022054
miniFE.c 25 Ap 458.4545664034916399
miniFE.c 25 Ap 396.9850043417338270
miniFE.c 25 Ap 516.5552867430163815
miniFE.c 25 Ap -101.9111485721585950
miniFE.c 25 Ap 25.9035520145542506
miniFE.c 25 Ap -281.5279585022159381
miniFE.c 25 Ap -245.6943079438538575
miniFE.c 25 Ap -532.3295405282144657
miniFE.c 25 Ap -431.5621009340788987
miniFE.c 25 Ap -961.7583808673952035
miniFE.c 25 Ap -868.4177694237927199
miniFE.c 25 Ap -130.6955118950775159
miniFE.c 25 Ap -52.7119259716665312
miniFE.c 25 Ap -370.4125544679120026
miniFE.c 25 Ap -240.3038219344022082
miniFE.c 25 Ap -317.7997644318795665
miniFE.c 25 Ap -272.4461107100437971
miniFE.c 25 Ap -294.0434157209885484
miniFE.c 25 Ap 1969.9610331950154887
miniFE.c 57 sum 19415.3350014393545280
miniFE.c 57 sum 22632.7383112430834444
miniFE.c 57 sum 56032.5042029762989841
miniFE.c 57 sum 99259.5352831274503842
miniFE.c 57 sum 135451.0190441420709249
miniFE.c 57 sum 142288.9485487081110477
miniFE.c 57 sum 149301.5055602692591492
miniFE.c 57 sum 218052.0939225638867356
miniFE.c 90 p_ap_dot 218052.0939225638867356
miniFE.c 91 alpha 0.0173842369205558
miniFE.c 40 y 1.1414960824942073
miniFE.c 40 y 1.9313664456777573
miniFE.c 40 y 1.1455594151811488
miniFE.c 40 y 2.0101427900927158
miniFE.c 40 y 0.8335448530325100
miniFE.c 40 y 1.9345401640222097
miniFE.c 40 y 0.9372372810604730
miniFE.c 40 y 2.0058092027698002
miniFE.c 40 y -6.2853798188120074
miniFE.c 40 y 3.3963128412883155
miniFE.c 40 y -5.7456009783641129
miniFE.c 40 y -2.2035706864985904
miniFE.c 40 y 8.5114520420345343
miniFE.c 40 y 1.4792863893839545
miniFE.c 40 y 5.2650721487927612
miniFE.c 40 y -1.6274758563896015
miniFE.c 82 oldrtrans 3790.6692617731250721
miniFE.c 48 sum 39.5059994667292642
miniFE.c 48 sum 51.0409403826291737
miniFE.c 48 sum 84.0528709852078180
miniFE.c 48 sum 88.9085947556036871
miniFE.c 48 sum 161.3534106194575202
miniFE.c 48 sum 163.5416988412741262
miniFE.c 48 sum 191.2626835732673385
miniFE.c 48 sum 193.9113612363983918
miniFE.c 83 rtrans 193.9113612363983918
miniFE.c 84 beta 0.0511549143028359
miniFE.c 40 y -7.3287087796474362
miniFE.c 40 y 3.9699826535663614
miniFE.c 40 y -7.0614235623527186
miniFE.c 40 y -0.7937715785919457
miniFE.c 40 y 7.4680338735862541
miniFE.c 40 y 2.1564524290937159
miniFE.c 40 y 4.8519912957740798
miniFE.c 40 y 0.1578033428840684
miniFE.c 87 normr 13.9252059674677131
miniFE.c 25 Ap -491.7175902448987017
miniFE.c 25 Ap -431.8202784600835571
miniFE.c 25 Ap -497.6271887208673093
miniFE.c 25 Ap -508.5149486409079600
miniFE.c 25 Ap -403.4889263827762989
miniFE.c 25 Ap -368.8640636002759265
miniFE.c 25 Ap -344.6198663891341880
miniFE.c 25 Ap -343.6086526263224528
miniFE.c 25 Ap -110.5722601483696792
miniFE.c 25 Ap 153.1798497137307038
miniFE.c 25 Ap 51.5520536470572495
miniFE.c 25 Ap 46.8181460063053478
miniFE.c 25 Ap 128.4707158468867476
miniFE.c 25 Ap 149.2853683088454204
miniFE.c 25 Ap 204.5855024232138817
miniFE.c 25 Ap 205.6828514049020953
miniFE.c 25 Ap -68.2977981325045249
miniFE.c 25 Ap -11.1619268818570561
miniFE.c 25 Ap -489.0373405686356136
miniFE.c 25 Ap -496.6672118920876642
miniFE.c 25 Ap -371.2178346374885223
miniFE.c 25 Ap -336.3357286447215984
miniFE.c 25 Ap -278.3450197971075113
miniFE.c 25 Ap -276.3959638825780871
miniFE.c 25 Ap -100.5241606889462673
miniFE.c 25 Ap -76.8479146198847474
miniFE.c 25 Ap -144.7235536503424953
miniFE.c 25 Ap -196.6375722396551282
miniFE.c 25 Ap -169.2439875715469100
miniFE.c 25 Ap -145.3377931523811810
miniFE.c 25 Ap -139.0290739539029516
miniFE.c 25 Ap -138.2840799536536736
miniFE.c 25 Ap -103.0666363387815494
miniFE.c 25 Ap -59.6603942979218473
miniFE.c 25 Ap -178.2794583545640421
miniFE.c 25 Ap -181.1911014072560988
miniFE.c 25 Ap 315.8906429413257229
miniFE.c 25 Ap 325.5714042811802642
miniFE.c 25 Ap 393.7547882836528288
miniFE.c 25 Ap 394.3543365207992792
miniFE.c 25 Ap -117.6726796495310907
miniFE.c 25 Ap -79.3532904847948259
miniFE.c 25 Ap -193.5766889881080601
miniFE.c 25 Ap -202.3763533935047292
miniFE.c 25 Ap -168.8508034519641967
miniFE.c 25 Ap -25.5259234149527003
miniFE.c 25 Ap 11.4085939543992865
miniFE.c 25 Ap 11.9492495105713949
miniFE.c 25 Ap -36.6197402521208843
miniFE.c 25 Ap 8.6277797434629022
miniFE.c 25 Ap -75.7699309883630576
miniFE.c 25 Ap -76.8020189893103975
miniFE.c 25 Ap 28.1437219046802056
miniFE.c 25 Ap 44.5591531870721269
miniFE.c 25 Ap 363.1321680832658103
miniFE.c 25 Ap 363.5542221185997960
miniFE.c 25 Ap -46.9628275686338910
miniFE.c 25 Ap -19.3559572540334628
miniFE.c 25 Ap -106.5728001146574968
miniFE.c 25 Ap -110.3202179627942741
miniFE.c 25 Ap -81.9466330815908179
miniFE.c 25 Ap -74.5583359384378213
miniFE.c 25 Ap -61.5814086543861876
miniFE.c 25 Ap -51.3443617902091844
miniFE.c 57 sum 2518.2077492653552326
miniFE.c 57 sum 3334.7651014788839348
miniFE.c 57 sum 5286.5140733785119664
miniFE.c 57 sum 5396.2800458174588130
miniFE.c 57 sum 8341.3315891504207684
miniFE.c 57 sum 8367.0995772833393858
miniFE.c 57 sum 10131.0614985447027721
miniFE.c 57 sum 10122.9591866159589699
miniFE.c 90 p_ap_dot 10122.9591866159589699
miniFE.c 91 alpha 0.0191556004189741
miniFE.c 40 y 1.0011102655242536
miniFE.c 40 y 2.0074138470597331
miniFE.c 40 y 1.0102936070315915
miniFE.c 40 y 1.9949376189092702
miniFE.c 40 y 0.9765995258302916
miniFE.c 40 y 1.9758483050764550
miniFE.c 40 y 1.0301800875586618
miniFE.c 40 y 2.0088320205508658
miniFE.c 40 y 0.2966502313999007
miniFE.c 40 y -0.5436656732592149
miniFE.c 40 y -0.4510703368122497
miniFE.c 40 y 0.4453438933990657
miniFE.c 40 y 0.9573579481524579
miniFE.c 40 y 1.2503913404528271
miniFE.c 40 y -1.6990272607420920
miniFE.c 40 y -0.6439437781691126
miniFE.c 82 oldrtrans 193.9113612363983918
miniFE.c 48 sum 0.0880013597896146
miniFE.c 48 sum 0.3835737240700100
miniFE.c 48 sum 0.5870381728219264
miniFE.c 48 sum 0.7853693562097648
miniFE.c 48 sum 1.7019035971004490
miniFE.c 48 sum 3.2653821013798670
miniFE.c 48 sum 6.1520757341246437
miniFE.c 48 sum 6.5667393235673552
miniFE.c 83 rtrans 6.5667393235673552
miniFE.c 84 beta 0.0338646445556215
miniFE.c 40 y 0.0484661135254775
miniFE.c 40 y -0.4092236218042070
miniFE.c 40 y -0.6902029358080152
miniFE.c 40 y 0.4184631010316948
miniFE.c 40 y 1.2102602608107977
miniFE.c 40 y 1.3234188354651923
miniFE.c 40 y -1.5347163001237334
miniFE.c 40 y -0.6385998240526548
miniFE.c 87 normr 2.5625649891402471
miniFE.c 25 Ap 3.2518198318189926
miniFE.c 25 Ap -2.9223620233330703
miniFE.c 25 Ap -9.3545101953532903
miniFE.c 25 Ap -3.6146652546830582
miniFE.c 25 Ap 13.4057209998061211
miniFE.c 25 Ap 34.6550631895694323
miniFE.c 25 Ap 26.9864664474935694
miniFE.c 25 Ap 22.8942785431752398
miniFE.c 25 Ap 0.7312349111213184
miniFE.c 25 Ap -26.4561870689998351
miniFE.c 25 Ap -36.3895670150607131
miniFE.c 25 Ap -33.8939300777182737
miniFE.c 25 Ap -20.6614163875147270
miniFE.c 25 Ap -7.8874257581944587
miniFE.c 25 Ap -25.3792166643876982
miniFE.c 25 Ap -29.8199772580671016
miniFE.c 25 Ap 0.4516660352261060
miniFE.c 25 Ap -5.4378680530713863
miniFE.c 25 Ap -52.1467236492072317
miniFE.c 25 Ap -48.1243830910479033
miniFE.c 25 Ap -27.7942133831011802
miniFE.c 25 Ap -6.3870005604552240
miniFE.c 25 Ap -24.7298376965560784
miniFE.c 25 Ap -32.6172926854005070
miniFE.c 25 Ap 0.6647849615110772
miniFE.c 25 Ap -1.7757494217828007
miniFE.c 25 Ap -8.4101008262832089
miniFE.c 25 Ap 18.9581015530923942
miniFE.c 25 Ap 23.3974717388956108
miniFE.c 25 Ap 38.0687473727908312
miniFE.c 25 Ap 36.0732585937320493
miniFE.c 25 Ap 33.0584109435843914
miniFE.c 25 Ap 0.6815988256153359
miniFE.c 25 Ap -3.7926926579793592
miniFE.c 25 Ap -15.3868458102108416
miniFE.c 25 Ap -13.8518762877592696
miniFE.c 25 Ap 66.7045715997360560
miniFE.c 25 Ap 72.6456726998382436
miniFE.c 25 Ap 51.0788263377414609
miniFE.c 25 Ap 48.6525697594248925
miniFE.c 25 Ap 0.7781913052104774
miniFE.c 25 Ap -3.1717501901840524
miniFE.c 25 Ap -14.3362589169044057
miniFE.c 25 Ap -9.6972230098081518
miniFE.c 25 Ap -4.2641141751544920
miniFE.c 25 Ap 83.6946292094541633
miniFE.c 25 Ap 72.0120019357165688
miniFE.c 25 Ap 69.8240727275359205
miniFE.c 25 Ap 0.2421731496906569
miniFE.c 25 Ap -4.4219162496968298
miniFE.c 25 Ap -12.6711803262980798
miniFE.c 25 Ap -12.1270807930543363
miniFE.c 25 Ap 4.8802951636311285
miniFE.c 25 Ap 14.9544756362938482
miniFE.c 25 Ap -85.8122341404902471
miniFE.c 25 Ap -87.5202057701090439
miniFE.c 25 Ap 0.3105739088364121
miniFE.c 25 Ap -2.5351270532751062
miniFE.c 25 Ap -11.0599408479389894
miniFE.c 25 Ap -9.0843648310015297
miniFE.c 25 Ap -4.4861770322131553
miniFE.c 25 Ap 0.0480345596333818
miniFE.c 25 Ap -4.0566516638766501
miniFE.c 25 Ap -45.4840143977888047
miniFE.c 57 sum 1.1095967029574354
miniFE.c 57 sum 13.3126357986227397
miniFE.c 57 sum 35.8251869681954673
miniFE.c 57 sum 49.6589121268279072
miniFE.c 57 sum 108.5411838929850035
miniFE.c 57 sum 200.9476769094974884
miniFE.c 57 sum 335.2663632950670944
miniFE.c 57 sum 364.3124468867034693
miniFE.c 90 p_ap_dot 364.3124468867034693
miniFE.c 91 alpha 0.0180250205000806
miniFE.c 40 y 1.0019838682141096
miniFE.c 40 y 2.0000375828875949
miniFE.c 40 y 0.9978526849644362
miniFE.c 40 y 2.0024804248838937
miniFE.c 40 y 0.9984144918418392
miniFE.c 40 y 1.9997029567159079
miniFE.c 40 y 1.0025167947871236
miniFE.c 40 y 1.9973212456309688
miniFE.c 40 y -0.1160196086753885
miniFE.c 40 y -0.0061599718706181
miniFE.c 40 y 0.1368570324992234
miniFE.c 40 y -0.1505346415591319
miniFE.c 40 y 0.0803943808572227
miniFE.c 40 y -0.0081890018601267
miniFE.c 40 y -0.1214737575646039
miniFE.c 40 y 0.1759065137769917
miniFE.c 82 oldrtrans 6.5667393235673552
miniFE.c 48 sum 0.0134605495971903
miniFE.c 48 sum 0.0134984948506371
miniFE.c 48 sum 0.0322283421951306
miniFE.c 48 sum 0.0548890205044669
miniFE.c 48 sum 0.0613522769778831
miniFE.c 48 sum 0.0614193367293482
miniFE.c 48 sum 0.0761752105062124
miniFE.c 48 sum 0.1071183120953874
miniFE.c 83 rtrans 0.1071183120953874
miniFE.c 84 beta 0.0163122528270539
miniFE.c 40 y -0.1152290171780162
miniFE.c 40 y -0.0128353310522910
miniFE.c 40 y 0.1255982677083483
miniFE.c 40 y -0.1437085656563099
miniFE.c 40 y 0.1001364522181046
miniFE.c 40 y 0.0133989407800667
miniFE.c 40 y -0.1465084378700229
miniFE.c 40 y 0.1654895119917327
miniFE.c 87 normr 0.3272893400271194
miniFE.c 25 Ap -7.7312574911440146
miniFE.c 25 Ap -7.9249111901620077
miniFE.c 25 Ap -6.7544341809568884
miniFE.c 25 Ap -8.7256112846960061
miniFE.c 25 Ap -7.3173513012073919
miniFE.c 25 Ap -7.1022125484663290
miniFE.c 25 Ap -7.8342788784102417
miniFE.c 25 Ap -6.7738116597279632
miniFE.c 25 Ap -1.7385235581241780
miniFE.c 25 Ap -2.5912591847595046
miniFE.c 25 Ap -0.7836526838489877
miniFE.c 25 Ap -1.6407041270471390
miniFE.c 25 Ap -0.5458512117107484
miniFE.c 25 Ap -0.4165210711832971
miniFE.c 25 Ap -2.0863378060474749
miniFE.c 25 Ap -0.9355399576291406
miniFE.c 25 Ap -1.0738437548625916
miniFE.c 25 Ap -1.2585694543072323
miniFE.c 25 Ap 7.2411790184316223
miniFE.c 25 Ap 5.8598271363441814
miniFE.c 25 Ap 7.5419372852653019
miniFE.c 25 Ap 7.7586743976520189
miniFE.c 25 Ap 6.0076143387357774
miniFE.c 25 Ap 8.0516034345627077
miniFE.c 25 Ap -1.5805376618320872
miniFE.c 25 Ap -1.6570852145270372
miniFE.c 25 Ap -0.4498126856175446
miniFE.c 25 Ap -9.8485986211874827
miniFE.c 25 Ap -9.4812868991688273
miniFE.c 25 Ap -9.3327477155644942
miniFE.c 25 Ap -9.5232428212615474
miniFE.c 25 Ap -8.7419622014422416
miniFE.c 25 Ap -1.6205129124714843
miniFE.c 25 Ap -1.7608494164181239
miniFE.c 25 Ap 0.3489728922348974
miniFE.c 25 Ap -0.1781662219518008
miniFE.c 25 Ap 6.4870422096150371
miniFE.c 25 Ap 6.5471928283574981
miniFE.c 25 Ap 4.4883595638389426
miniFE.c 25 Ap 5.1171101553505887
miniFE.c 25 Ap -1.8501631914170988
miniFE.c 25 Ap -1.9740534167834807
miniFE.c 25 Ap 0.0575852262037708
miniFE.c 25 Ap -1.5355521247198582
miniFE.c 25 Ap -1.0860188624671774
miniFE.c 25 Ap -0.1954814436875940
miniFE.c 25 Ap -1.3107386882708594
miniFE.c 25 Ap -0.7437492791030642
miniFE.c 25 Ap -0.5757708220422867
miniFE.c 25 Ap -0.7220603525309789
miniFE.c 25 Ap 0.7790826072231370
miniFE.c 25 Ap 0.5922279877741363
miniFE.c 25 Ap 1.9994115044014060
miniFE.c 25 Ap 2.1014074439661203
miniFE.c 25 Ap -7.5180728713914160
miniFE.c 25 Ap -7.0754617386673431
miniFE.c 25 Ap -0.7383948015048099
miniFE.c 25 Ap -0.8276504357799984
miniFE.c 25 Ap 0.7236351203913213
miniFE.c 25 Ap 0.0451829580880441
miniFE.c 25 Ap 0.4256351861854732
miniFE.c 25 Ap 0.4715417661549870
miniFE.c 25 Ap 0.0796965980906521
miniFE.c 25 Ap 10.8153620081304975
miniFE.c 57 sum 0.7805396600994398
miniFE.c 57 sum 0.7925476251682561
miniFE.c 57 sum 1.8038150688239192
miniFE.c 57 sum 3.0601099178148607
miniFE.c 57 sum 3.5725191743809028
miniFE.c 57 sum 3.5625537218349836
miniFE.c 57 sum 4.5991685683762524
miniFE.c 57 sum 6.3889975491156950
miniFE.c 90 p_ap_dot 6.3889975491156950
miniFE.c 91 alpha 0.0167660593499858
miniFE.c 40 y 1.0000519316732623
miniFE.c 40 y 1.9998223849653955
miniFE.c 40 y 0.9999584729750898
miniFE.c 40 y 2.0000709985429985
miniFE.c 40 y 1.0000933855428249
miniFE.c 40 y 1.9999276041522536
miniFE.c 40 y 1.0000604256225212
miniFE.c 40 y 2.0000958526108223
miniFE.c 40 y -0.0024494803627638
miniFE.c 40 y 0.0095253465832752
miniFE.c 40 y 0.0018633714527958
miniFE.c 40 y -0.0039663844544190
miniFE.c 40 y -0.0053993917078002
miniFE.c 40 y 0.0042807426948244
miniFE.c 40 y -0.0028461461255537
miniFE.c 40 y -0.0054244875429055
miniFE.c 82 oldrtrans 0.1071183120953874
miniFE.c 48 sum 0.0000059999540476
miniFE.c 48 sum 0.0000967321815791
miniFE.c 48 sum 0.0001002043347502
miniFE.c 48 sum 0.0001159365403904
miniFE.c 48 sum 0.0001450899712047
miniFE.c 48 sum 0.0001634147292240
miniFE.c 48 sum 0.0001715152769920
miniFE.c 48 sum 0.0002009403420951
miniFE.c 83 rtrans 0.0002009403420951
miniFE.c 84 beta 0.0018758729311958
miniFE.c 40 y -0.0026656353569763
miniFE.c 40 y 0.0095012691331913
miniFE.c 40 y 0.0020989778433950
miniFE.c 40 y -0.0042359634627146
miniFE.c 40 y -0.0052115484476582
miniFE.c 40 y 0.0043058774051404
miniFE.c 40 y -0.0031209773383458
miniFE.c 40 y -0.0051140502469634
miniFE.c 87 normr 0.0141753427505342
miniFE.c 25 Ap -0.1788500312420737
miniFE.c 25 Ap -0.0354991581315933
miniFE.c 25 Ap -0.0159383365267151
miniFE.c 25 Ap -0.0740408870034055
miniFE.c 25 Ap -0.1473330295576869
miniFE.c 25 Ap -0.0781961395897904
miniFE.c 25 Ap -0.0937908893471247
miniFE.c 25 Ap -0.1265620455148317
miniFE.c 25 Ap -0.0402179067301483
miniFE.c 25 Ap 0.5910140151513372
miniFE.c 25 Ap 0.6212224413041421
miniFE.c 25 Ap 0.5959599346297892
miniFE.c 25 Ap 0.5389788964069886
miniFE.c 25 Ap 0.5805403704847936
miniFE.c 25 Ap 0.5449693121589574
miniFE.c 25 Ap 0.5094067079184981
miniFE.c 25 Ap -0.0248416236719935
miniFE.c 25 Ap 0.1119003566548217
miniFE.c 25 Ap 0.2539467721367377
miniFE.c 25 Ap 0.2132299500395188
miniFE.c 25 Ap 0.1256854211370351
miniFE.c 25 Ap 0.1953359592205907
miniFE.c 25 Ap 0.1580342253313216
miniFE.c 25 Ap 0.0948697213425346
miniFE.c 25 Ap -0.0365631607176123
miniFE.c 25 Ap 0.0201006601592201
miniFE.c 25 Ap 0.0402764025110550
miniFE.c 25 Ap -0.2367628514480020
miniFE.c 25 Ap -0.2558793948474386
miniFE.c 25 Ap -0.2081449115805666
miniFE.c 25 Ap -0.2122029093081360
miniFE.c 25 Ap -0.2363464837174571
miniFE.c 25 Ap -0.0374879229356546
miniFE.c 25 Ap 0.0663952482716972
miniFE.c 25 Ap 0.1016542559010574
miniFE.c 25 Ap 0.0861162674919124
miniFE.c 25 Ap -0.2607709637352643
miniFE.c 25 Ap -0.2414409887469661
miniFE.c 25 Ap -0.2852990221504451
miniFE.c 25 Ap -0.3047290275876425
miniFE.c 25 Ap -0.0428005075457548
miniFE.c 25 Ap 0.0489084144432585
miniFE.c 25 Ap 0.0828608293548838
miniFE.c 25 Ap 0.0359014043632105
miniFE.c 25 Ap 0.0125056845911440
miniFE.c 25 Ap 0.2986883771558904
miniFE.c 25 Ap 0.2749307517428181
miniFE.c 25 Ap 0.2574093251999381
miniFE.c 25 Ap -0.0133195188012422
miniFE.c 25 Ap 0.0949703410300836
miniFE.c 25 Ap 0.1200571982756695
miniFE.c 25 Ap 0.1145494587946537
miniFE.c 25 Ap 0.0413133403861846
miniFE.c 25 Ap 0.0740907082988133
miniFE.c 25 Ap -0.1308270459777651
miniFE.c 25 Ap -0.1445048648641329
miniFE.c 25 Ap -0.0170815593025318
miniFE.c 25 Ap 0.0489893351253054
miniFE.c 25 Ap 0.0749141672953098
miniFE.c 25 Ap 0.0549160651808572
miniFE.c 25 Ap 0.0351156311248282
miniFE.c 25 Ap 0.0498681484082890
miniFE.c 25 Ap 0.0415209166211747
miniFE.c 25 Ap -0.2902386715288797
miniFE.c 57 sum 0.0003373682633756
miniFE.c 57 sum 0.0051773784935622
miniFE.c 57 sum 0.0053765079366692
miniFE.c 57 sum 0.0063776630062375
miniFE.c 57 sum 0.0079657730969182
miniFE.c 57 sum 0.0090741460941691
miniFE.c 57 sum 0.0095251425026908
miniFE.c 57 sum 0.0110094376525014
miniFE.c 90 p_ap_dot 0.0110094376525014
miniFE.c 91 alpha 0.0182516444924387
miniFE.c 40 y 1.0000032794443803
miniFE.c 40 y 1.9999957987518415
miniFE.c 40 y 0.9999967827724849
miniFE.c 40 y 1.9999936852437941
miniFE.c 40 y 0.9999982662133031
miniFE.c 40 y 2.0000061934958802
miniFE.c 40 y 1.0000034626536727
miniFE.c 40 y 2.0000025127837984
miniFE.c 40 y -0.0001395149017912
miniFE.c 40 y 0.0002278364482833
miniFE.c 40 y 0.0001318430257551
miniFE.c 40 y 0.0003473275434300
miniFE.c 40 y 0.0001624141702560
miniFE.c 40 y -0.0004174007977634
miniFE.c 40 y -0.0002086947046256
miniFE.c 40 y -0.0001271544922027
