filename line variable value
miniFE.c 167 A 67.0947100000000063
miniFE.c 167 A 15.0875500000000002
miniFE.c 167 A 9.3192129999999995
miniFE.c 167 A 13.7164900000000003
miniFE.c 167 A 14.0634099999999993
miniFE.c 167 A 16.0564000000000000
miniFE.c 167 A 4.9967519999999999
miniFE.c 167 A 6.4080630000000003
miniFE.c 167 A 15.0875500000000002
miniFE.c 167 A 66.4365899999999954
miniFE.c 167 A 14.3919700000000006
miniFE.c 167 A 5.9638159999999996
miniFE.c 167 A 10.9336099999999998
miniFE.c 167 A 9.6522659999999991
miniFE.c 167 A 11.3974100000000007
miniFE.c 167 A 6.9539020000000002
miniFE.c 167 A 9.3192129999999995
miniFE.c 167 A 14.3919700000000006
miniFE.c 167 A 67.6740900000000067
miniFE.c 167 A 9.6121750000000006
miniFE.c 167 A 16.7981799999999986
miniFE.c 167 A 16.1756899999999995
miniFE.c 167 A 11.9519400000000005
miniFE.c 167 A 12.3511699999999998
miniFE.c 167 A 13.7164900000000003
miniFE.c 167 A 5.9638159999999996
miniFE.c 167 A 9.6121750000000006
miniFE.c 167 A 65.4017099999999942
miniFE.c 167 A 3.6681119999999998
miniFE.c 167 A 11.0858899999999991
miniFE.c 167 A 1.3002330000000000
miniFE.c 167 A 4.7210279999999996
miniFE.c 167 A 14.0634099999999993
miniFE.c 167 A 10.9336099999999998
miniFE.c 167 A 16.7981799999999986
miniFE.c 167 A 3.6681119999999998
miniFE.c 167 A 66.5612600000000043
miniFE.c 167 A 4.4892070000000004
miniFE.c 167 A 14.0526599999999995
miniFE.c 167 A 3.7993380000000001
miniFE.c 167 A 16.0564000000000000
miniFE.c 167 A 9.6522659999999991
miniFE.c 167 A 16.1756899999999995
miniFE.c 167 A 11.0858899999999991
miniFE.c 167 A 4.4892070000000004
miniFE.c 167 A 66.4632699999999943
miniFE.c 167 A 7.6122389999999998
miniFE.c 167 A 3.4261349999999999
miniFE.c 167 A 4.9967519999999999
miniFE.c 167 A 11.3974100000000007
miniFE.c 167 A 11.9519400000000005
miniFE.c 167 A 1.3002330000000000
miniFE.c 167 A 14.0526599999999995
miniFE.c 167 A 7.6122389999999998
miniFE.c 167 A 65.6581999999999937
miniFE.c 167 A 2.6745570000000001
miniFE.c 167 A 6.4080630000000003
miniFE.c 167 A 6.9539020000000002
miniFE.c 167 A 12.3511699999999998
miniFE.c 167 A 4.7210279999999996
miniFE.c 167 A 3.7993380000000001
miniFE.c 167 A 3.4261349999999999
miniFE.c 167 A 2.6745570000000001
miniFE.c 167 A 64.8721800000000002
miniFE.c 175 b 198.0110999999999990
miniFE.c 175 b 229.8237000000000023
miniFE.c 175 b 210.8053999999999917
miniFE.c 175 b 202.6418999999999926
miniFE.c 175 b 157.2561000000000035
miniFE.c 175 b 225.5886000000000138
miniFE.c 175 b 142.6283999999999992
miniFE.c 175 b 185.1795999999999935
miniFE.c 33 r 0.0000000000000000
miniFE.c 33 r 0.0000000000000000
miniFE.c 33 r 0.0000000000000000
miniFE.c 33 r 0.0000000000000000
miniFE.c 33 r 0.0000000000000000
miniFE.c 33 r 0.0000000000000000
miniFE.c 33 r 0.0000000000000000
miniFE.c 33 r 0.0000000000000000
miniFE.c 25 Ap 0.0000000000000000
miniFE.c 25 Ap 0.0000000000000000
miniFE.c 25 Ap 0.0000000000000000
miniFE.c 25 Ap 0.0000000000000000
miniFE.c 25 Ap 0.0000000000000000
miniFE.c 25 Ap 0.0000000000000000
miniFE.c 25 Ap 0.0000000000000000
miniFE.c 25 Ap 0.0000000000000000
miniFE.c 25 Ap 0.0000000000000000
miniFE.c 25 Ap 0.0000000000000000
miniFE.c 25 Ap 0.0000000000000000
miniFE.c 25 Ap 0.0000000000000000
miniFE.c 25 Ap 0.0000000000000000
miniFE.c 25 Ap 0.0000000000000000
miniFE.c 25 Ap 0.0000000000000000
miniFE.c 25 Ap 0.0000000000000000
miniFE.c 25 Ap 0.0000000000000000
miniFE.c 25 Ap 0.0000000000000000
miniFE.c 25 Ap 0.0000000000000000
miniFE.c 25 Ap 0.0000000000000000
miniFE.c 25 Ap 0.0000000000000000
miniFE.c 25 Ap 0.0000000000000000
miniFE.c 25 Ap 0.0000000000000000
miniFE.c 25 Ap 0.0000000000000000
miniFE.c 25 Ap 0.0000000000000000
miniFE.c 25 Ap 0.0000000000000000
miniFE.c 25 Ap 0.0000000000000000
miniFE.c 25 Ap 0.0000000000000000
miniFE.c 25 Ap 0.0000000000000000
miniFE.c 25 Ap 0.0000000000000000
miniFE.c 25 Ap 0.0000000000000000
miniFE.c 25 Ap 0.0000000000000000
miniFE.c 25 Ap 0.0000000000000000
miniFE.c 25 Ap 0.0000000000000000
miniFE.c 25 Ap 0.0000000000000000
miniFE.c 25 Ap 0.0000000000000000
miniFE.c 25 Ap 0.0000000000000000
miniFE.c 25 Ap 0.0000000000000000
miniFE.c 25 Ap 0.0000000000000000
miniFE.c 25 Ap 0.0000000000000000
miniFE.c 25 Ap 0.0000000000000000
miniFE.c 25 Ap 0.0000000000000000
miniFE.c 25 Ap 0.0000000000000000
miniFE.c 25 Ap 0.0000000000000000
miniFE.c 25 Ap 0.0000000000000000
miniFE.c 25 Ap 0.0000000000000000
miniFE.c 25 Ap 0.0000000000000000
miniFE.c 25 Ap 0.0000000000000000
miniFE.c 25 Ap 0.0000000000000000
miniFE.c 25 Ap 0.0000000000000000
miniFE.c 25 Ap 0.0000000000000000
miniFE.c 25 Ap 0.0000000000000000
miniFE.c 25 Ap 0.0000000000000000
miniFE.c 25 Ap 0.0000000000000000
miniFE.c 25 Ap 0.0000000000000000
miniFE.c 25 Ap 0.0000000000000000
miniFE.c 25 Ap 0.0000000000000000
miniFE.c 25 Ap 0.0000000000000000
miniFE.c 25 Ap 0.0000000000000000
miniFE.c 25 Ap 0.0000000000000000
miniFE.c 25 Ap 0.0000000000000000
miniFE.c 25 Ap 0.0000000000000000
miniFE.c 25 Ap 0.0000000000000000
miniFE.c 25 Ap 0.0000000000000000
miniFE.c 33 r 198.0110999999999990
miniFE.c 33 r 229.8237000000000023
miniFE.c 33 r 210.8053999999999917
miniFE.c 33 r 202.6418999999999926
miniFE.c 33 r 157.2561000000000035
miniFE.c 33 r 225.5886000000000138
miniFE.c 33 r 142.6283999999999992
miniFE.c 33 r 185.1795999999999935
miniFE.c 48 sum 39208.3957232100001420
miniFE.c 48 sum 92027.3288048999966122
miniFE.c 48 sum 136466.2454740600078367
miniFE.c 48 sum 177529.9851096700003836
miniFE.c 48 sum 202259.4660968800017145
miniFE.c 48 sum 253149.6825468399911188
miniFE.c 48 sum 273492.5430333999684080
miniFE.c 48 sum 307784.0272895599482581
miniFE.c 75 rtrans 307784.0272895599482581
miniFE.c 76 normr 554.7828649927464539
miniFE.c 33 r 198.0110999999999990
miniFE.c 33 r 229.8237000000000023
miniFE.c 33 r 210.8053999999999917
miniFE.c 33 r 202.6418999999999926
miniFE.c 33 r 157.2561000000000035
miniFE.c 33 r 225.5886000000000138
miniFE.c 33 r 142.6283999999999992
miniFE.c 33 r 185.1795999999999935
miniFE.c 87 normr 554.7828649927464539
miniFE.c 25 Ap 13285.4973312810016068
miniFE.c 25 Ap 16752.9738962160008668
miniFE.c 25 Ap 18717.5143203662009910
miniFE.c 25 Ap 21497.0499152972006414
miniFE.c 25 Ap 23708.6069245981998392
miniFE.c 25 Ap 27330.7477216381994367
miniFE.c 25 Ap 28043.4264645949988335
miniFE.c 25 Ap 29230.0690077097970061
miniFE.c 25 Ap 2987.5023718050001662
miniFE.c 25 Ap 18256.2053009880000900
miniFE.c 25 Ap 21290.1102936259994749
miniFE.c 25 Ap 22498.6292991164009436
miniFE.c 25 Ap 24218.0061666374022025
miniFE.c 25 Ap 26395.4473404050004319
miniFE.c 25 Ap 28021.0416928490012651
miniFE.c 25 Ap 29308.7624836482027604
miniFE.c 25 Ap 1845.3076172643000064
miniFE.c 25 Ap 5152.9234129532997031
miniFE.c 25 Ap 19418.9870250392996240
miniFE.c 25 Ap 21366.8164301717988565
miniFE.c 25 Ap 24008.4327040697971825
miniFE.c 25 Ap 27657.4839652037990163
miniFE.c 25 Ap 29362.1700442997971550
miniFE.c 25 Ap 31649.3547644317950471
miniFE.c 25 Ap 2716.0172730389999742
miniFE.c 25 Ap 4086.6435322781999275
miniFE.c 25 Ap 6112.9419280231995799
miniFE.c 25 Ap 19366.0687056721981207
miniFE.c 25 Ap 19942.9016931553996983
miniFE.c 25 Ap 22443.7520980093977414
miniFE.c 25 Ap 22629.2022504265987664
miniFE.c 25 Ap 23503.4403270553993934
miniFE.c 25 Ap 2784.7112838509997346
miniFE.c 25 Ap 5297.5139884079999320
miniFE.c 25 Ap 8838.6610425799990480
miniFE.c 25 Ap 9581.9742276727993158
miniFE.c 25 Ap 20049.1383863587980159
miniFE.c 25 Ap 21061.8523085989982064
miniFE.c 25 Ap 23066.1607201429978886
miniFE.c 25 Ap 23769.7206112477979332
miniFE.c 25 Ap 3179.3454260399998930
miniFE.c 25 Ap 5397.6649115441996400
miniFE.c 25 Ap 8807.5877122702004272
miniFE.c 25 Ap 11054.0535250612010714
miniFE.c 25 Ap 11760.0087099739012046
miniFE.c 25 Ap 26753.3647406958989450
miniFE.c 25 Ap 27839.0862096834971453
miniFE.c 25 Ap 28473.5365185294976982
miniFE.c 25 Ap 989.4123599472000024
miniFE.c 25 Ap 3608.8072965641999872
miniFE.c 25 Ap 6128.3407890401995246
miniFE.c 25 Ap 6391.8224746028990921
miniFE.c 25 Ap 8601.6889808288997301
miniFE.c 25 Ap 10318.9233197042995016
miniFE.c 25 Ap 19683.6473325842962367
miniFE.c 25 Ap 20178.9207280214977800
miniFE.c 25 Ap 1268.8676034993000030
miniFE.c 25 Ap 2867.0390905766998912
miniFE.c 25 Ap 5470.7324228946999938
miniFE.c 25 Ap 6427.4105067679001877
miniFE.c 25 Ap 7024.8795832297000743
miniFE.c 25 Ap 7797.7765812907000509
miniFE.c 25 Ap 8179.2443669095000587
miniFE.c 25 Ap 20192.2487104374995397
miniFE.c 57 sum 5787878.1172925252467394
miniFE.c 57 sum 12523726.3537057451903820
miniFE.c 57 sum 19195581.2445636950433254
miniFE.c 57 sum 23958363.0489748232066631
miniFE.c 57 sum 27696296.6103892698884010
miniFE.c 57 sum 34119601.8506532162427902
miniFE.c 57 sum 36997689.0278177559375763
miniFE.c 57 sum 40736881.5671170875430107
miniFE.c 90 p_ap_dot 40736881.5671170875430107
miniFE.c 91 alpha 0.0075554145395853
miniFE.c 40 y 1.4960559439392744
miniFE.c 40 y 1.7364133245212852
miniFE.c 40 y 1.5927221841830903
miniFE.c 40 y 1.5310435575891859
miniFE.c 40 y 1.1881350243784765
miniFE.c 40 y 1.7044153884046875
miniFE.c 40 y 1.0776166871177848
miniFE.c 40 y 1.3991086422745860
miniFE.c 40 y -22.8341883739316245
miniFE.c 40 y 8.3838497937928480
miniFE.c 40 y -28.3185951556805833
miniFE.c 40 y 25.0636652226906733
miniFE.c 40 y -22.3339927081014764
miniFE.c 40 y 10.4592281944898673
miniFE.c 40 y -9.8317110616323760
miniFE.c 40 y 32.6187905062384118
miniFE.c 82 oldrtrans 307784.0272895599482581
miniFE.c 48 sum 521.4001586961941257
miniFE.c 48 sum 591.6890960610744514
miniFE.c 48 sum 1393.6319276524102406
miniFE.c 48 sum 2021.8192420475243125
miniFE.c 48 sum 2520.6264723330541528
miniFE.c 48 sum 2630.0219267574657351
miniFE.c 48 sum 2726.6844691568903727
miniFE.c 48 sum 3790.6699632467598349
miniFE.c 83 rtrans 3790.6699632467598349
miniFE.c 84 beta 0.0123160061184089
miniFE.c 40 y -20.3954824548187439
miniFE.c 40 y 11.2143598891482252
miniFE.c 40 y -25.7223145594869429
miniFE.c 40 y 27.5594041029366821
miniFE.c 40 y -20.3972256183443506
miniFE.c 40 y 13.2375787723331708
miniFE.c 40 y -8.0750988145662248
miniFE.c 40 y 34.8994635928429275
miniFE.c 87 normr 61.5684169298412272
miniFE.c 25 Ap -1368.4289806161518754
miniFE.c 25 Ap -1199.2317650706336281
miniFE.c 25 Ap -1438.9434933034935966
miniFE.c 25 Ap -1060.9252025196035447
miniFE.c 25 Ap -1347.7797492528836756
miniFE.c 25 Ap -1135.2318894527934390
miniFE.c 25 Ap -1175.5811556046749047
miniFE.c 25 Ap -951.9431942355311094
miniFE.c 25 Ap -307.7178613112005223
miniFE.c 25 Ap 437.3259687565855529
miniFE.c 25 Ap 67.1311892858862507
miniFE.c 25 Ap 231.4904044254456608
miniFE.c 25 Ap 8.4750944324596844
miniFE.c 25 Ap 136.2477259389728772
miniFE.c 25 Ap 44.2125139588476372
miniFE.c 25 Ap 286.8999636360452996
miniFE.c 25 Ap -190.0698452342187466
miniFE.c 25 Ap -28.6731141403941479
miniFE.c 25 Ap -1769.4073446474239972
miniFE.c 25 Ap -1504.5015295142784453
miniFE.c 25 Ap -1847.1377969518380269
miniFE.c 25 Ap -1633.0108263799961605
miniFE.c 25 Ap -1729.5239229057629018
miniFE.c 25 Ap -1298.4747151617491454
miniFE.c 25 Ap -279.7544311366967804
miniFE.c 25 Ap -212.8740522000363740
miniFE.c 25 Ap -460.1214411508727835
miniFE.c 25 Ap 1342.3107137622018854
miniFE.c 25 Ap 1267.4914057048456471
miniFE.c 25 Ap 1414.2417478412662604
miniFE.c 25 Ap 1403.7422378843064052
miniFE.c 25 Ap 1568.5035826910984724
miniFE.c 25 Ap -286.8300319099224680
miniFE.c 25 Ap -164.2165944823325390
miniFE.c 25 Ap -596.3046644692149130
miniFE.c 25 Ap -495.2136835663836223
miniFE.c 25 Ap -1852.8787212276629361
miniFE.c 25 Ap -1793.4524899398534217
miniFE.c 25 Ap -1906.9291080473556121
miniFE.c 25 Ap -1774.3342498394508766
miniFE.c 25 Ap -327.4780244875516928
miniFE.c 25 Ap -219.2340398177625218
miniFE.c 25 Ap -635.3102262145098393
miniFE.c 25 Ap -329.7897038638051299
miniFE.c 25 Ap -421.3570718902559520
miniFE.c 25 Ap 458.4557002015919807
miniFE.c 25 Ap 396.9861180764971778
miniFE.c 25 Ap 516.5563917731620904
miniFE.c 25 Ap -101.9111677470804693
miniFE.c 25 Ap 25.9034897970964124
miniFE.c 25 Ap -281.5280704790179698
miniFE.c 25 Ap -245.6944238040443054
miniFE.c 25 Ap -532.3297003619271663
miniFE.c 25 Ap -431.5620869656004857
miniFE.c 25 Ap -961.7585399521524323
miniFE.c 25 Ap -868.4179353036691964
miniFE.c 25 Ap -130.6955364858731627
miniFE.c 25 Ap -52.7119768240055322
miniFE.c 25 Ap -370.4126567417038700
miniFE.c 25 Ap -240.3039383084249323
miniFE.c 25 Ap -317.7998926947741438
miniFE.c 25 Ap -272.4461607476264362
miniFE.c 25 Ap -294.0434728078162152
miniFE.c 25 Ap 1969.9608112905370945
miniFE.c 57 sum 19415.3407160148854018
miniFE.c 57 sum 22632.7401604130354826
miniFE.c 57 sum 56032.5152313437574776
miniFE.c 57 sum 99259.5393036316963844
miniFE.c 57 sum 135451.0353199627425056
miniFE.c 57 sum 142288.9912464121589437
miniFE.c 57 sum 149301.5518863308534492
miniFE.c 57 sum 218052.1274992922553793
miniFE.c 90 p_ap_dot 218052.1274992922553793
miniFE.c 91 alpha 0.0173842374606460
miniFE.c 40 y 1.1414960338202658
miniFE.c 40 y 1.9313664198033820
miniFE.c 40 y 1.1455593598435367
miniFE.c 40 y 2.0101427827885394
miniFE.c 40 y 0.8335448106908059
miniFE.c 40 y 1.9345406011869344
miniFE.c 40 y 0.9372372518071843
miniFE.c 40 y 2.0058092046217380
miniFE.c 40 y -6.2853818362952687
miniFE.c 40 y 3.3963126984931273
miniFE.c 40 y -5.7456023706640273
miniFE.c 40 y -2.2035735166854202
miniFE.c 40 y 8.5114552256647684
miniFE.c 40 y 1.4792892180907184
miniFE.c 40 y 5.2650725407705465
miniFE.c 40 y -1.6274760254031762
miniFE.c 82 oldrtrans 3790.6699632467598349
miniFE.c 48 sum 39.5060248280304833
miniFE.c 48 sum 51.0409647739761496
miniFE.c 48 sum 84.0529113757562385
miniFE.c 48 sum 88.9086476191935873
miniFE.c 48 sum 161.3535176776896947
miniFE.c 48 sum 163.5418142684491443
miniFE.c 48 sum 191.2628031280251548
miniFE.c 48 sum 193.9114813412872707
miniFE.c 83 rtrans 193.9114813412872707
miniFE.c 84 beta 0.0511549365208253
miniFE.c 40 y -7.3287114465831280
miniFE.c 40 y 3.9699825667441946
miniFE.c 40 y -7.0614257391232833
miniFE.c 40 y -0.7937739492479212
miniFE.c 40 y 7.4680364439574110
miniFE.c 40 y 2.1564567198788467
miniFE.c 40 y 4.8519913735120195
miniFE.c 40 y 0.1578038192995583
miniFE.c 87 normr 13.9252102799665920
miniFE.c 25 Ap -491.7177691821755161
miniFE.c 25 Ap -431.8204587072941649
miniFE.c 25 Ap -497.6273892538664541
miniFE.c 25 Ap -508.5151816909860827
miniFE.c 25 Ap -403.4891232846709954
miniFE.c 25 Ap -368.8641916076082907
miniFE.c 25 Ap -344.6199940080293800
miniFE.c 25 Ap -343.6087771923171772
miniFE.c 25 Ap -110.5723003858952751
miniFE.c 25 Ap 153.1798037080363883
miniFE.c 25 Ap 51.5519763133462590
miniFE.c 25 Ap 46.8180545344383177
miniFE.c 25 Ap 128.4706524784555199
miniFE.c 25 Ap 149.2853463562136369
miniFE.c 25 Ap 204.5854813565932773
miniFE.c 25 Ap 205.6828336512281226
miniFE.c 25 Ap -68.2978229862462882
miniFE.c 25 Ap -11.1619529851408430
miniFE.c 25 Ap -489.0375139828864803
miniFE.c 25 Ap -496.6674080934986364
miniFE.c 25 Ap -371.2179876613421357
miniFE.c 25 Ap -336.3358122621650637
miniFE.c 25 Ap -278.3451024854318234
miniFE.c 25 Ap -276.3960406866136736
miniFE.c 25 Ap -100.5241972699430164
miniFE.c 25 Ap -76.8479517186729311
miniFE.c 25 Ap -144.7236116726302839
miniFE.c 25 Ap -196.6377853068975412
miniFE.c 25 Ap -169.2441912103800519
miniFE.c 25 Ap -145.3379492240423474
miniFE.c 25 Ap -139.0292299244866854
miniFE.c 25 Ap -138.2842336750665311
miniFE.c 25 Ap -103.0666738449916267
miniFE.c 25 Ap -59.6604327534116337
miniFE.c 25 Ap -178.2795333758375875
miniFE.c 25 Ap -181.1911851243612830
miniFE.c 25 Ap 315.8907303113634271
miniFE.c 25 Ap 325.5715109134405907
miniFE.c 25 Ap 393.7548960083379939
miniFE.c 25 Ap 394.3544460555479532
miniFE.c 25 Ap -117.6727224709173356
miniFE.c 25 Ap -79.3533947213396118
miniFE.c 25 Ap -193.5768284354186903
miniFE.c 25 Ap -202.3765191216467372
miniFE.c 25 Ap -168.8509576411780131
miniFE.c 25 Ap -25.5257924245558740
miniFE.c 25 Ap 11.4087255365558846
miniFE.c 25 Ap 11.9493827249917768
miniFE.c 25 Ap -36.6197535781371357
miniFE.c 25 Ap 8.6277654278988152
miniFE.c 25 Ap -75.7699713205583123
miniFE.c 25 Ap -76.8020624039107815
miniFE.c 25 Ap 28.1437146106317613
miniFE.c 25 Ap 44.5591785555055964
miniFE.c 25 Ap 363.1321985558324172
miniFE.c 25 Ap 363.5542538653667748
miniFE.c 25 Ap -46.9628446585258246
miniFE.c 25 Ap -19.3559749476782343
miniFE.c 25 Ap -106.5728446939655498
miniFE.c 25 Ap -110.3202737340355668
miniFE.c 25 Ap -81.9466790871233002
miniFE.c 25 Ap -74.5583672431611859
miniFE.c 25 Ap -61.5814397511949991
miniFE.c 25 Ap -51.3443619809065765
miniFE.c 57 sum 2518.2095785557667114
miniFE.c 57 sum 3334.7668424296884950
miniFE.c 57 sum 5286.5169583259084902
miniFE.c 57 sum 5396.2833806088883648
miniFE.c 57 sum 8341.3367555883578461
miniFE.c 57 sum 8367.1050822640700062
miniFE.c 57 sum 10131.0671858224286552
miniFE.c 57 sum 10122.9648494023422245
miniFE.c 90 p_ap_dot 10122.9648494023422245
miniFE.c 91 alpha 0.0191556015679276
miniFE.c 40 y 1.0011101573432093
miniFE.c 40 y 2.0074138240835522
miniFE.c 40 y 1.0102935018833827
miniFE.c 40 y 1.9949375652817458
miniFE.c 40 y 0.9765995413060168
miniFE.c 40 y 1.9758488269114136
miniFE.c 40 y 1.0301800653692021
miniFE.c 40 y 2.0088320317101376
miniFE.c 40 y 0.2966509948435601
miniFE.c 40 y -0.5436657122921251
miniFE.c 40 y -0.4510699403185559
miniFE.c 40 y 0.4453441667203477
miniFE.c 40 y 0.9573585804839029
miniFE.c 40 y 1.2503916036280993
miniFE.c 40 y -1.6990278945996140
miniFE.c 40 y -0.6439438845374810
miniFE.c 82 oldrtrans 193.9114813412872707
miniFE.c 48 sum 0.0880018127416739
miniFE.c 48 sum 0.3835742194637777
miniFE.c 48 sum 0.5870383105227632
miniFE.c 48 sum 0.7853697373546040
miniFE.c 48 sum 1.7019051889807577
miniFE.c 48 sum 3.2653843514044079
miniFE.c 48 sum 6.1520801380320052
miniFE.c 48 sum 6.5667438644652254
miniFE.c 83 rtrans 6.5667438644652254
miniFE.c 84 beta 0.0338646469979137
miniFE.c 40 y 0.0484667687554529
miniFE.c 40 y -0.4092236540814616
miniFE.c 40 y -0.6902026302759477
miniFE.c 40 y 0.4184632921329270
miniFE.c 40 y 1.2102609984260755
miniFE.c 40 y 1.3234192492130754
miniFE.c 40 y -1.5347169194987069
miniFE.c 40 y -0.6385999139019789
miniFE.c 87 normr 2.5625658751464764
miniFE.c 25 Ap 3.2518637942841710
miniFE.c 25 Ap -2.9223185478525844
miniFE.c 25 Ap -9.3544638725543905
miniFE.c 25 Ap -3.6146163106460190
miniFE.c 25 Ap 13.4057803172292349
miniFE.c 25 Ap 34.6551291502940586
miniFE.c 25 Ap 26.9865293133550566
miniFE.c 25 Ap 22.8943408332766012
miniFE.c 25 Ap 0.7312447969363328
miniFE.c 25 Ap -26.4561793275755512
miniFE.c 25 Ap -36.3895548764280790
miniFE.c 25 Ap -33.8939167993930539
miniFE.c 25 Ap -20.6613950443917318
miniFE.c 25 Ap -7.8874004214668378
miniFE.c 25 Ap -25.3791983869305966
miniFE.c 25 Ap -29.8199596054133949
miniFE.c 25 Ap 0.4516721414538101
miniFE.c 25 Ap -5.4378624113769627
miniFE.c 25 Ap -52.1466973309081823
miniFE.c 25 Ap -48.1243549358503628
miniFE.c 25 Ap -27.7941728373094321
miniFE.c 25 Ap -6.3869533220059793
miniFE.c 25 Ap -24.7297978608393549
miniFE.c 25 Ap -32.6172539594280622
miniFE.c 25 Ap 0.6647939489664816
miniFE.c 25 Ap -1.7757406268230038
miniFE.c 25 Ap -8.4100890944957118
miniFE.c 25 Ap 18.9581257832272598
miniFE.c 25 Ap 23.3974986746859273
miniFE.c 25 Ap 38.0687788953446642
miniFE.c 25 Ap 36.0732893109541024
miniFE.c 25 Ap 33.0584412366252707
miniFE.c 25 Ap 0.6816080403831233
miniFE.c 25 Ap -3.7926837961184852
miniFE.c 25 Ap -15.3868318159673034
miniFE.c 25 Ap -13.8518615925350090
miniFE.c 25 Ap 66.7046353915625900
miniFE.c 25 Ap 72.6457383490646720
miniFE.c 25 Ap 51.0788832831019732
miniFE.c 25 Ap 48.6526263634174541
miniFE.c 25 Ap 0.7782018258450533
miniFE.c 25 Ap -3.1717337368411989
miniFE.c 25 Ap -14.3362375213695437
miniFE.c 25 Ap -9.6971994957460499
miniFE.c 25 Ap -4.2640873497847220
miniFE.c 25 Ap 83.6946835338611947
miniFE.c 25 Ap 72.0120515452932750
miniFE.c 25 Ap 69.8241220292767224
miniFE.c 25 Ap 0.2421764237123466
miniFE.c 25 Ap -4.4219133435522444
miniFE.c 25 Ap -12.6711737684525563
miniFE.c 25 Ap -12.1270739867326842
miniFE.c 25 Ap 4.8803123354094904
miniFE.c 25 Ap 14.9544959576199812
miniFE.c 25 Ap -85.8122544862100085
miniFE.c 25 Ap -87.5202263561359501
miniFE.c 25 Ap 0.3105781075913736
miniFE.c 25 Ap -2.5351230789730099
miniFE.c 25 Ap -11.0599330999583874
miniFE.c 25 Ap -9.0843561808266600
miniFE.c 25 Ap -4.4861655795885307
miniFE.c 25 Ap 0.0480474298141091
miniFE.c 25 Ap -4.0566404502495939
miniFE.c 25 Ap -45.4840090128832699
miniFE.c 57 sum 1.1096147229749389
miniFE.c 57 sum 13.3126475572637872
miniFE.c 57 sum 35.8251620324396072
miniFE.c 57 sum 49.6589061851007258
miniFE.c 57 sum 108.5412823437411305
miniFE.c 57 sum 200.9478694966886962
miniFE.c 57 sum 335.2666416838071655
miniFE.c 57 sum 364.3127259233512518
miniFE.c 90 p_ap_dot 364.3127259233512518
miniFE.c 91 alpha 0.0180250191585315
miniFE.c 40 y 1.0019837717785784
miniFE.c 40 y 2.0000375598786095
miniFE.c 40 y 0.9978525862493900
miniFE.c 40 y 2.0024803741395840
miniFE.c 40 y 0.9984145189894702
miniFE.c 40 y 1.9997034842332486
miniFE.c 40 y 1.0025167634923156
miniFE.c 40 y 1.9973212560274178
miniFE.c 40 y -0.1160199372981997
miniFE.c 40 y -0.0061603690979146
miniFE.c 40 y 0.1368566871988209
miniFE.c 40 y -0.1505348699210091
miniFE.c 40 y 0.0803940581704307
miniFE.c 40 y -0.0081895336772517
miniFE.c 40 y -0.1214741377712538
miniFE.c 40 y 0.1759062493265573
miniFE.c 82 oldrtrans 6.5667438644652254
miniFE.c 48 sum 0.0134606258506782
miniFE.c 48 sum 0.0134985759981007
miniFE.c 48 sum 0.0322283288291366
miniFE.c 48 sum 0.0548890758912718
miniFE.c 48 sum 0.0613522804803824
miniFE.c 48 sum 0.0614193489422332
miniFE.c 48 sum 0.0761753150895027
miniFE.c 48 sum 0.1071183236416397
miniFE.c 83 rtrans 0.1071183236416397
miniFE.c 84 beta 0.0163122433054366
miniFE.c 40 y -0.1152293355740324
miniFE.c 40 y -0.0128357249096312
miniFE.c 40 y 0.1255979339637074
miniFE.c 40 y -0.1437087948853428
miniFE.c 40 y 0.1001361300398374
miniFE.c 40 y 0.0133984031110102
miniFE.c 40 y -0.1465088135670869
miniFE.c 40 y 0.1654892521561574
miniFE.c 87 normr 0.3272893576663312
miniFE.c 25 Ap -7.7312788538323893
miniFE.c 25 Ap -7.9249384951926958
miniFE.c 25 Ap -6.7544645962249721
miniFE.c 25 Ap -8.7256448441818275
miniFE.c 25 Ap -7.3173893916182777
miniFE.c 25 Ap -7.1022592719066537
miniFE.c 25 Ap -7.8343274791156219
miniFE.c 25 Ap -6.7738619254760799
miniFE.c 25 Ap -1.7385283619399929
miniFE.c 25 Ap -2.5912901551139509
miniFE.c 25 Ap -0.7836884574462930
miniFE.c 25 Ap -1.6407412677242184
miniFE.c 25 Ap -0.5458918749593515
miniFE.c 25 Ap -0.4165669241566537
miniFE.c 25 Ap -2.0863879409943054
miniFE.c 25 Ap -0.9355918994470982
miniFE.c 25 Ap -1.0738467220628853
miniFE.c 25 Ap -1.2585780898905510
miniFE.c 25 Ap 7.2411477969834399
miniFE.c 25 Ap 5.8597937115064198
miniFE.c 25 Ap 7.5418984484190155
miniFE.c 25 Ap 7.7586268636377520
miniFE.c 25 Ap 6.0075623144127439
miniFE.c 25 Ap 8.0515482009663106
miniFE.c 25 Ap -1.5805420291078600
miniFE.c 25 Ap -1.6570919306955174
miniFE.c 25 Ap -0.4498226097979183
miniFE.c 25 Ap -9.8486235373385878
miniFE.c 25 Ap -9.4813129971058991
miniFE.c 25 Ap -9.3327797740415832
miniFE.c 25 Ap -9.5232753682323565
miniFE.c 25 Ap -8.7419959751040768
miniFE.c 25 Ap -1.6205173902052032
miniFE.c 25 Ap -1.7608582004343964
miniFE.c 25 Ap 0.3489585019160737
miniFE.c 25 Ap -0.1781814531083907
miniFE.c 25 Ap 6.4870055338670376
miniFE.c 25 Ap 6.5471537389018062
miniFE.c 25 Ap 4.4883151948401476
miniFE.c 25 Ap 5.1170647991486184
miniFE.c 25 Ap -1.8501683037108942
miniFE.c 25 Ap -1.9740621348414809
miniFE.c 25 Ap 0.0575711095959208
miniFE.c 25 Ap -1.5355687825355517
miniFE.c 25 Ap -1.0860369666078034
miniFE.c 25 Ap -0.1955352830718934
miniFE.c 25 Ap -1.3107953875510012
miniFE.c 25 Ap -0.7438068686149650
miniFE.c 25 Ap -0.5757724129882177
miniFE.c 25 Ap -0.7220664324304980
miniFE.c 25 Ap 0.7790725384276949
miniFE.c 25 Ap 0.5922176209275409
miniFE.c 25 Ap 1.9993966100931626
miniFE.c 25 Ap 2.1013884567925158
miniFE.c 25 Ap -7.5181165261579865
miniFE.c 25 Ap -7.0755060883789707
miniFE.c 25 Ap -0.7383968418065410
miniFE.c 25 Ap -0.8276552149270755
miniFE.c 25 Ap 0.7236262191074483
miniFE.c 25 Ap 0.0451729746074884
miniFE.c 25 Ap 0.4256239786407842
miniFE.c 25 Ap 0.4715287164835251
miniFE.c 25 Ap 0.0796825435959779
miniFE.c 25 Ap 10.8153310975356067
miniFE.c 57 sum 0.7805476089428446
miniFE.c 57 sum 0.7925566091918269
miniFE.c 57 sum 1.8038144284424007
miniFE.c 57 sum 3.0601161349171244
miniFE.c 57 sum 3.5725192010669451
miniFE.c 57 sum 3.5625533768045035
miniFE.c 57 sum 4.5991773791996060
miniFE.c 57 sum 6.3889984343520059
miniFE.c 90 p_ap_dot 6.3889984343520059
miniFE.c 91 alpha 0.0167660588341503
miniFE.c 40 y 1.0000518299589243
miniFE.c 40 y 1.9998223553595957
miniFE.c 40 y 0.9999583685996732
miniFE.c 40 y 2.0000709440295514
miniFE.c 40 y 1.0000934072371421
miniFE.c 40 y 1.9999281226480914
miniFE.c 40 y 1.0000603881043282
miniFE.c 40 y 2.0000958585654875
miniFE.c 40 y -0.0024489697212573
miniFE.c 40 y 0.0095258197329698
miniFE.c 40 y 0.0018639563554230
miniFE.c 40 y -0.0039660510745093
miniFE.c 40 y -0.0053989513102544
miniFE.c 40 y 0.0042811760431919
miniFE.c 40 y -0.0028457864121036
miniFE.c 40 y -0.0054242281655397
miniFE.c 82 oldrtrans 0.1071183236416397
miniFE.c 48 sum 0.0000059974526956
miniFE.c 48 sum 0.0000967386942807
miniFE.c 48 sum 0.0001002130275756
miniFE.c 48 sum 0.0001159425887012
miniFE.c 48 sum 0.0001450912639517
miniFE.c 48 sum 0.0001634197322645
miniFE.c 48 sum 0.0001715182325678
miniFE.c 48 sum 0.0002009404837597
miniFE.c 83 rtrans 0.0002009404837597
miniFE.c 84 beta 0.0018758740515012
miniFE.c 40 y -0.0026651254418324
miniFE.c 40 y 0.0095017415296796
miniFE.c 40 y 0.0020995622606677
miniFE.c 40 y -0.0042356306738072
miniFE.c 40 y -0.0052111085422949
miniFE.c 40 y 0.0043063097599194
miniFE.c 40 y -0.0031206184937903
miniFE.c 40 y -0.0051137911716176
miniFE.c 87 normr 0.0141753477473978
miniFE.c 25 Ap -0.1788158186333641
miniFE.c 25 Ap -0.0354578182172459
miniFE.c 25 Ap -0.0158915503033224
miniFE.c 25 Ap -0.0739895360842918
miniFE.c 25 Ap -0.1472754920690879
miniFE.c 25 Ap -0.0781316600399188
miniFE.c 25 Ap -0.0937246167400023
miniFE.c 25 Ap -0.1264941127365719
miniFE.c 25 Ap -0.0402102133599178
miniFE.c 25 Ap 0.5910530929333818
miniFE.c 25 Ap 0.6212699300020431
miniFE.c 25 Ap 0.5960094080195011
miniFE.c 25 Ap 0.5390331795503797
miniFE.c 25 Ap 0.5805988268315174
miniFE.c 25 Ap 0.5450318584042071
miniFE.c 25 Ap 0.5094710557483130
miniFE.c 25 Ap -0.0248368716641549
miniFE.c 25 Ap 0.1119119073787487
miniFE.c 25 Ap 0.2539978727677762
miniFE.c 25 Ap 0.2132842494957737
miniFE.c 25 Ap 0.1257471102027657
miniFE.c 25 Ap 0.1954046419231956
miniFE.c 25 Ap 0.1581071969225238
miniFE.c 25 Ap 0.0949458928173753
miniFE.c 25 Ap -0.0365561664716392
miniFE.c 25 Ap 0.0201104716909288
miniFE.c 25 Ap 0.0402918315638621
miniFE.c 25 Ap -0.2367256574315794
miniFE.c 25 Ap -0.2558405872088740
miniFE.c 25 Ap -0.2081013109044816
miniFE.c 25 Ap -0.2121588420505180
miniFE.c 25 Ap -0.2363011933578776
miniFE.c 25 Ap -0.0374807517899196
miniFE.c 25 Ap 0.0664075844164011
miniFE.c 25 Ap 0.1016764091923035
miniFE.c 25 Ap 0.0861396414901433
miniFE.c 25 Ap -0.2607183090817712
miniFE.c 25 Ap -0.2413863931633730
miniFE.c 25 Ap -0.2852393838463199
miniFE.c 25 Ap -0.3046684049687113
miniFE.c 25 Ap -0.0427923201442371
miniFE.c 25 Ap 0.0489210165634777
miniFE.c 25 Ap 0.0828828848277372
miniFE.c 25 Ap 0.0359271490972850
miniFE.c 25 Ap 0.0125334041514547
miniFE.c 25 Ap 0.2987448324286099
miniFE.c 25 Ap 0.2749899386260583
miniFE.c 25 Ap 0.2574693997102881
miniFE.c 25 Ap -0.0133169708817267
miniFE.c 25 Ap 0.0949782730460594
miniFE.c 25 Ap 0.1200721152118238
miniFE.c 25 Ap 0.1145648084339275
miniFE.c 25 Ap 0.0413348718659610
miniFE.c 25 Ap 0.0741155309664998
miniFE.c 25 Ap -0.1307786622224814
miniFE.c 25 Ap -0.1444557881970695
miniFE.c 25 Ap -0.0170782917341646
miniFE.c 25 Ap 0.0489958876925578
miniFE.c 25 Ap 0.0749279380996485
miniFE.c 25 Ap 0.0549314070909460
miniFE.c 25 Ap 0.0351326443840802
miniFE.c 25 Ap 0.0498866429733815
miniFE.c 25 Ap 0.0415403709364852
miniFE.c 25 Ap -0.2902024104311044
miniFE.c 57 sum 0.0003371226780962
miniFE.c 57 sum 0.0051779849666697
miniFE.c 57 sum 0.0053773297800345
miniFE.c 57 sum 0.0063782143628784
miniFE.c 57 sum 0.0079658744905782
miniFE.c 57 sum 0.0090746174794312
miniFE.c 57 sum 0.0095254088836140
miniFE.c 57 sum 0.0110094434080587
miniFE.c 90 p_ap_dot 0.0110094434080587
miniFE.c 91 alpha 0.0182516478183239
miniFE.c 40 y 1.0000031870279682
miniFE.c 40 y 1.9999957777996562
miniFE.c 40 y 0.9999966890706276
miniFE.c 40 y 1.9999936367902047
miniFE.c 40 y 0.9999982959192851
miniFE.c 40 y 2.0000067198972262
miniFE.c 40 y 1.0000034316746043
miniFE.c 40 y 2.0000025234500067
miniFE.c 40 y -0.0001402437244980
miniFE.c 40 y 0.0002271334498220
miniFE.c 40 y 0.0001310373579239
miniFE.c 40 y 0.0003468350857084
miniFE.c 40 y 0.0001617491186050
miniFE.c 40 y -0.0004180647643156
miniFE.c 40 y -0.0002092302406123
miniFE.c 40 y -0.0001275559743225
