filename line variable value
miniFE.c 167 A 67.0947100000000063
miniFE.c 167 A 15.0875500000000002
miniFE.c 167 A 9.3192129999999995
miniFE.c 167 A 13.7164900000000003
miniFE.c 167 A 14.0634099999999993
miniFE.c 167 A 16.0564000000000000
miniFE.c 167 A 4.9967519999999999
miniFE.c 167 A 6.4080630000000003
miniFE.c 167 A 15.0875500000000002
miniFE.c 167 A 66.4365899999999954
miniFE.c 167 A 14.3919700000000006
miniFE.c 167 A 5.9638159999999996
miniFE.c 167 A 10.9336099999999998
miniFE.c 167 A 9.6522659999999991
miniFE.c 167 A 11.3974100000000007
miniFE.c 167 A 6.9539020000000002
miniFE.c 167 A 9.3192129999999995
miniFE.c 167 A 14.3919700000000006
miniFE.c 167 A 67.6740900000000067
miniFE.c 167 A 9.6121750000000006
miniFE.c 167 A 16.7981799999999986
miniFE.c 167 A 16.1756899999999995
miniFE.c 167 A 11.9519400000000005
miniFE.c 167 A 12.3511699999999998
miniFE.c 167 A 13.7164900000000003
miniFE.c 167 A 5.9638159999999996
miniFE.c 167 A 9.6121750000000006
miniFE.c 167 A 65.4017099999999942
miniFE.c 167 A 3.6681119999999998
miniFE.c 167 A 11.0858899999999991
miniFE.c 167 A 1.3002330000000000
miniFE.c 167 A 4.7210279999999996
miniFE.c 167 A 14.0634099999999993
miniFE.c 167 A 10.9336099999999998
miniFE.c 167 A 16.7981799999999986
miniFE.c 167 A 3.6681119999999998
miniFE.c 167 A 66.5612600000000043
miniFE.c 167 A 4.4892070000000004
miniFE.c 167 A 14.0526599999999995
miniFE.c 167 A 3.7993380000000001
miniFE.c 167 A 16.0564000000000000
miniFE.c 167 A 9.6522659999999991
miniFE.c 167 A 16.1756899999999995
miniFE.c 167 A 11.0858899999999991
miniFE.c 167 A 4.4892070000000004
miniFE.c 167 A 66.4632699999999943
miniFE.c 167 A 7.6122389999999998
miniFE.c 167 A 3.4261349999999999
miniFE.c 167 A 4.9967519999999999
miniFE.c 167 A 11.3974099999927247
miniFE.c 167 A 11.9519400000000005
miniFE.c 167 A 1.3002330000000000
miniFE.c 167 A 14.0526599999999995
miniFE.c 167 A 7.6122389999999998
miniFE.c 167 A 65.6581999999999937
miniFE.c 167 A 2.6745570000000001
miniFE.c 167 A 6.4080630000000003
miniFE.c 167 A 6.9539020000000002
miniFE.c 167 A 12.3511699999999998
miniFE.c 167 A 4.7210279999999996
miniFE.c 167 A 3.7993380000000001
miniFE.c 167 A 3.4261349999999999
miniFE.c 167 A 2.6745570000000001
miniFE.c 167 A 64.8721800000000002
miniFE.c 175 b 198.0110999999999990
miniFE.c 175 b 229.8237000000000023
miniFE.c 175 b 210.8053999999999917
miniFE.c 175 b 202.6418999999999926
miniFE.c 175 b 157.2561000000000035
miniFE.c 175 b 225.5886000000000138
miniFE.c 175 b 142.6283999999999992
miniFE.c 175 b 185.1795999999999935
miniFE.c 33 r 0.0000000000000000
miniFE.c 33 r 0.0000000000000000
miniFE.c 33 r 0.0000000000000000
miniFE.c 33 r 0.0000000000000000
miniFE.c 33 r 0.0000000000000000
miniFE.c 33 r 0.0000000000000000
miniFE.c 33 r 0.0000000000000000
miniFE.c 33 r 0.0000000000000000
miniFE.c 25 Ap 0.0000000000000000
miniFE.c 25 Ap 0.0000000000000000
miniFE.c 25 Ap 0.0000000000000000
miniFE.c 25 Ap 0.0000000000000000
miniFE.c 25 Ap 0.0000000000000000
miniFE.c 25 Ap 0.0000000000000000
miniFE.c 25 Ap 0.0000000000000000
miniFE.c 25 Ap 0.0000000000000000
miniFE.c 25 Ap 0.0000000000000000
miniFE.c 25 Ap 0.0000000000000000
miniFE.c 25 Ap 0.0000000000000000
miniFE.c 25 Ap 0.0000000000000000
miniFE.c 25 Ap 0.0000000000000000
miniFE.c 25 Ap 0.0000000000000000
miniFE.c 25 Ap 0.0000000000000000
miniFE.c 25 Ap 0.0000000000000000
miniFE.c 25 Ap 0.0000000000000000
miniFE.c 25 Ap 0.0000000000000000
miniFE.c 25 Ap 0.0000000000000000
miniFE.c 25 Ap 0.0000000000000000
miniFE.c 25 Ap 0.0000000000000000
miniFE.c 25 Ap 0.0000000000000000
miniFE.c 25 Ap 0.0000000000000000
miniFE.c 25 Ap 0.0000000000000000
miniFE.c 25 Ap 0.0000000000000000
miniFE.c 25 Ap 0.0000000000000000
miniFE.c 25 Ap 0.0000000000000000
miniFE.c 25 Ap 0.0000000000000000
miniFE.c 25 Ap 0.0000000000000000
miniFE.c 25 Ap 0.0000000000000000
miniFE.c 25 Ap 0.0000000000000000
miniFE.c 25 Ap 0.0000000000000000
miniFE.c 25 Ap 0.0000000000000000
miniFE.c 25 Ap 0.0000000000000000
miniFE.c 25 Ap 0.0000000000000000
miniFE.c 25 Ap 0.0000000000000000
miniFE.c 25 Ap 0.0000000000000000
miniFE.c 25 Ap 0.0000000000000000
miniFE.c 25 Ap 0.0000000000000000
miniFE.c 25 Ap 0.0000000000000000
miniFE.c 25 Ap 0.0000000000000000
miniFE.c 25 Ap 0.0000000000000000
miniFE.c 25 Ap 0.0000000000000000
miniFE.c 25 Ap 0.0000000000000000
miniFE.c 25 Ap 0.0000000000000000
miniFE.c 25 Ap 0.0000000000000000
miniFE.c 25 Ap 0.0000000000000000
miniFE.c 25 Ap 0.0000000000000000
miniFE.c 25 Ap 0.0000000000000000
miniFE.c 25 Ap 0.0000000000000000
miniFE.c 25 Ap 0.0000000000000000
miniFE.c 25 Ap 0.0000000000000000
miniFE.c 25 Ap 0.0000000000000000
miniFE.c 25 Ap 0.0000000000000000
miniFE.c 25 Ap 0.0000000000000000
miniFE.c 25 Ap 0.0000000000000000
miniFE.c 25 Ap 0.0000000000000000
miniFE.c 25 Ap 0.0000000000000000
miniFE.c 25 Ap 0.0000000000000000
miniFE.c 25 Ap 0.0000000000000000
miniFE.c 25 Ap 0.0000000000000000
miniFE.c 25 Ap 0.0000000000000000
miniFE.c 25 Ap 0.0000000000000000
miniFE.c 25 Ap 0.0000000000000000
miniFE.c 33 r 198.0110999999999990
miniFE.c 33 r 229.8237000000000023
miniFE.c 33 r 210.8053999999999917
miniFE.c 33 r 202.6418999999999926
miniFE.c 33 r 157.2561000000000035
miniFE.c 33 r 225.5886000000000138
miniFE.c 33 r 142.6283999999999992
miniFE.c 33 r 185.1795999999999935
miniFE.c 48 sum 39208.3957232100001420
miniFE.c 48 sum 92027.3288048999966122
miniFE.c 48 sum 136466.2454740600078367
miniFE.c 48 sum 177529.9851096700003836
miniFE.c 48 sum 202259.4660968800017145
miniFE.c 48 sum 253149.6825468399911188
miniFE.c 48 sum 273492.5430333999684080
miniFE.c 48 sum 307784.0272895599482581
miniFE.c 75 rtrans 307784.0272895599482581
miniFE.c 76 normr 554.7828649927464539
miniFE.c 33 r 198.0110999999999990
miniFE.c 33 r 229.8237000000000023
miniFE.c 33 r 210.8053999999999917
miniFE.c 33 r 202.6418999999999926
miniFE.c 33 r 157.2561000000000035
miniFE.c 33 r 225.5886000000000138
miniFE.c 33 r 142.6283999999999992
miniFE.c 33 r 185.1795999999999935
miniFE.c 87 normr 554.7828649927464539
miniFE.c 25 Ap 13285.4973312810016068
miniFE.c 25 Ap 16752.9738962160008668
miniFE.c 25 Ap 18717.5143203662009910
miniFE.c 25 Ap 21497.0499152972006414
miniFE.c 25 Ap 23708.6069245981998392
miniFE.c 25 Ap 27330.7477216381994367
miniFE.c 25 Ap 28043.4264645949988335
miniFE.c 25 Ap 29230.0690077097970061
miniFE.c 25 Ap 2987.5023718050001662
miniFE.c 25 Ap 18256.2053009880000900
miniFE.c 25 Ap 21290.1102936259994749
miniFE.c 25 Ap 22498.6292991164009436
miniFE.c 25 Ap 24218.0061666374022025
miniFE.c 25 Ap 26395.4473404050004319
miniFE.c 25 Ap 28021.0416928490012651
miniFE.c 25 Ap 29308.7624836482027604
miniFE.c 25 Ap 1845.3076172643000064
miniFE.c 25 Ap 5152.9234129532997031
miniFE.c 25 Ap 19418.9870250392996240
miniFE.c 25 Ap 21366.8164301717988565
miniFE.c 25 Ap 24008.4327040697971825
miniFE.c 25 Ap 27657.4839652037990163
miniFE.c 25 Ap 29362.1700442997971550
miniFE.c 25 Ap 31649.3547644317950471
miniFE.c 25 Ap 2716.0172730389999742
miniFE.c 25 Ap 4086.6435322781999275
miniFE.c 25 Ap 6112.9419280231995799
miniFE.c 25 Ap 19366.0687056721981207
miniFE.c 25 Ap 19942.9016931553996983
miniFE.c 25 Ap 22443.7520980093977414
miniFE.c 25 Ap 22629.2022504265987664
miniFE.c 25 Ap 23503.4403270553993934
miniFE.c 25 Ap 2784.7112838509997346
miniFE.c 25 Ap 5297.5139884079999320
miniFE.c 25 Ap 8838.6610425799990480
miniFE.c 25 Ap 9581.9742276727993158
miniFE.c 25 Ap 20049.1383863587980159
miniFE.c 25 Ap 21061.8523085989982064
miniFE.c 25 Ap 23066.1607201429978886
miniFE.c 25 Ap 23769.7206112477979332
miniFE.c 25 Ap 3179.3454260399998930
miniFE.c 25 Ap 5397.6649115441996400
miniFE.c 25 Ap 8807.5877122702004272
miniFE.c 25 Ap 11054.0535250612010714
miniFE.c 25 Ap 11760.0087099739012046
miniFE.c 25 Ap 26753.3647406958989450
miniFE.c 25 Ap 27839.0862096834971453
miniFE.c 25 Ap 28473.5365185294976982
miniFE.c 25 Ap 989.4123599472000024
miniFE.c 25 Ap 3608.8072965625278812
miniFE.c 25 Ap 6128.3407890385278733
miniFE.c 25 Ap 6391.8224746012274409
miniFE.c 25 Ap 8601.6889808272280789
miniFE.c 25 Ap 10318.9233197026278503
miniFE.c 25 Ap 19683.6473325826264045
miniFE.c 25 Ap 20178.9207280198279477
miniFE.c 25 Ap 1268.8676034993000030
miniFE.c 25 Ap 2867.0390905766998912
miniFE.c 25 Ap 5470.7324228946999938
miniFE.c 25 Ap 6427.4105067679001877
miniFE.c 25 Ap 7024.8795832297000743
miniFE.c 25 Ap 7797.7765812907000509
miniFE.c 25 Ap 8179.2443669095000587
miniFE.c 25 Ap 20192.2487104374995397
miniFE.c 57 sum 5787878.1172925252467394
miniFE.c 57 sum 12523726.3537057451903820
miniFE.c 57 sum 19195581.2445636950433254
miniFE.c 57 sum 23958363.0489748232066631
miniFE.c 57 sum 27696296.6103892698884010
miniFE.c 57 sum 34119601.8506532162427902
miniFE.c 57 sum 36997689.0278175175189972
miniFE.c 57 sum 40736881.5671168491244316
miniFE.c 90 p_ap_dot 40736881.5671168491244316
miniFE.c 91 alpha 0.0075554145395853
miniFE.c 40 y 1.4960559439392833
miniFE.c 40 y 1.7364133245212954
miniFE.c 40 y 1.5927221841830996
miniFE.c 40 y 1.5310435575891950
miniFE.c 40 y 1.1881350243784834
miniFE.c 40 y 1.7044153884046975
miniFE.c 40 y 1.0776166871177912
miniFE.c 40 y 1.3991086422745942
miniFE.c 40 y -22.8341883739329319
miniFE.c 40 y 8.3838497937915406
miniFE.c 40 y -28.3185951556820044
miniFE.c 40 y 25.0636652226896217
miniFE.c 40 y -22.3339927081025280
miniFE.c 40 y 10.4592281944886167
miniFE.c 40 y -9.8317110616206378
miniFE.c 40 y 32.6187905062375307
miniFE.c 82 oldrtrans 307784.0272895599482581
miniFE.c 48 sum 521.4001586962539250
miniFE.c 48 sum 591.6890960611124228
miniFE.c 48 sum 1393.6319276525287023
miniFE.c 48 sum 2021.8192420475897961
miniFE.c 48 sum 2520.6264723331669302
miniFE.c 48 sum 2630.0219267575525919
miniFE.c 48 sum 2726.6844691567462178
miniFE.c 48 sum 3790.6699632465579271
miniFE.c 83 rtrans 3790.6699632465579271
miniFE.c 84 beta 0.0123160061184083
miniFE.c 40 y -20.3954824548201792
miniFE.c 40 y 11.2143598891467668
miniFE.c 40 y -25.7223145594885025
miniFE.c 40 y 27.5594041029354990
miniFE.c 40 y -20.3972256183455052
miniFE.c 40 y 13.2375787723317728
miniFE.c 40 y -8.0750988145618550
miniFE.c 40 y 34.8994635928419257
miniFE.c 87 normr 61.5684169298395858
miniFE.c 25 Ap -1368.4289806162480545
miniFE.c 25 Ap -1199.2317650707518624
miniFE.c 25 Ap -1438.9434933036263828
miniFE.c 25 Ap -1060.9252025197527018
miniFE.c 25 Ap -1347.7797492530489762
miniFE.c 25 Ap -1135.2318894529810223
miniFE.c 25 Ap -1175.5811556048406601
miniFE.c 25 Ap -951.9431942357032312
miniFE.c 25 Ap -307.7178613112221797
miniFE.c 25 Ap 437.3259687564669207
miniFE.c 25 Ap 67.1311892857451653
miniFE.c 25 Ap 231.4904044252975268
miniFE.c 25 Ap 8.4750944322989312
miniFE.c 25 Ap 136.2477259387986237
miniFE.c 25 Ap 44.2125139587231928
miniFE.c 25 Ap 286.8999636359138776
miniFE.c 25 Ap -190.0698452342321048
miniFE.c 25 Ap -28.6731141404285097
miniFE.c 25 Ap -1769.4073446475638320
miniFE.c 25 Ap -1504.5015295144298761
miniFE.c 25 Ap -1847.1377969520090119
miniFE.c 25 Ap -1633.0108263801896555
miniFE.c 25 Ap -1729.5239229059041008
miniFE.c 25 Ap -1298.4747151619026226
miniFE.c 25 Ap -279.7544311367164482
miniFE.c 25 Ap -212.8740522000647388
miniFE.c 25 Ap -460.1214411509161550
miniFE.c 25 Ap 1342.3107137620813774
miniFE.c 25 Ap 1267.4914057047208189
miniFE.c 25 Ap 1414.2417478411259708
miniFE.c 25 Ap 1403.7422378841718000
miniFE.c 25 Ap 1568.5035826909590924
miniFE.c 25 Ap -286.8300319099426474
miniFE.c 25 Ap -164.2165944823686630
miniFE.c 25 Ap -596.3046644692772134
miniFE.c 25 Ap -495.2136835664502996
miniFE.c 25 Ap -1852.8787212278064089
miniFE.c 25 Ap -1793.4524899400032609
miniFE.c 25 Ap -1906.9291080474440605
miniFE.c 25 Ap -1774.3342498395431903
miniFE.c 25 Ap -327.4780244875747144
miniFE.c 25 Ap -219.2340398177996121
miniFE.c 25 Ap -635.3102262145721397
miniFE.c 25 Ap -329.7897038638805611
miniFE.c 25 Ap -421.3570718903365560
miniFE.c 25 Ap 458.4557002014184945
miniFE.c 25 Ap 396.9861180763570019
miniFE.c 25 Ap 516.5563917730185040
miniFE.c 25 Ap -101.9111677470876316
miniFE.c 25 Ap 25.9034897969910389
miniFE.c 25 Ap -281.5280704791420021
miniFE.c 25 Ap -245.6944238041698725
miniFE.c 25 Ap -532.3297003620690475
miniFE.c 25 Ap -431.5620869657529965
miniFE.c 25 Ap -961.7585399520181682
miniFE.c 25 Ap -868.4179353035376607
miniFE.c 25 Ap -130.6955364858823714
miniFE.c 25 Ap -52.7119768240248874
miniFE.c 25 Ap -370.4126567417424667
miniFE.c 25 Ap -240.3039383084690996
miniFE.c 25 Ap -317.7998926948226881
miniFE.c 25 Ap -272.4461607476797553
miniFE.c 25 Ap -294.0434728078578814
miniFE.c 25 Ap 1969.9608112904304562
miniFE.c 57 sum 19415.3407160197639314
miniFE.c 57 sum 22632.7401604160222632
miniFE.c 57 sum 56032.5152313527214574
miniFE.c 57 sum 99259.5393036349705653
miniFE.c 57 sum 135451.0353199699602555
miniFE.c 57 sum 142288.9912464167573489
miniFE.c 57 sum 149301.5518863306206185
miniFE.c 57 sum 218052.1274992863473017
miniFE.c 90 p_ap_dot 218052.1274992863473017
miniFE.c 91 alpha 0.0173842374606456
miniFE.c 40 y 1.1414960338202589
miniFE.c 40 y 1.9313664198033618
miniFE.c 40 y 1.1455593598435305
miniFE.c 40 y 2.0101427827885154
miniFE.c 40 y 0.8335448106908019
miniFE.c 40 y 1.9345406011869142
miniFE.c 40 y 0.9372372518072705
miniFE.c 40 y 2.0058092046217131
miniFE.c 40 y -6.2853818362940181
miniFE.c 40 y 3.3963126984942349
miniFE.c 40 y -5.7456023706633701
miniFE.c 40 y -2.2035735166833383
miniFE.c 40 y 8.5114552256645162
miniFE.c 40 y 1.4792892180921982
miniFE.c 40 y 5.2650725407796024
miniFE.c 40 y -1.6274760254013074
miniFE.c 82 oldrtrans 3790.6699632465579271
miniFE.c 48 sum 39.5060248280147661
miniFE.c 48 sum 51.0409647739679571
miniFE.c 48 sum 84.0529113757404929
miniFE.c 48 sum 88.9086476191686614
miniFE.c 48 sum 161.3535176776604771
miniFE.c 48 sum 163.5418142684243037
miniFE.c 48 sum 191.2628031280956975
miniFE.c 48 sum 193.9114813413517311
miniFE.c 83 rtrans 193.9114813413517311
miniFE.c 84 beta 0.0511549365208451
miniFE.c 40 y -7.3287114465823535
miniFE.c 40 y 3.9699825667454487
miniFE.c 40 y -7.0614257391232131
miniFE.c 40 y -0.7937739492453562
miniFE.c 40 y 7.4680364439566969
miniFE.c 40 y 2.1564567198805160
miniFE.c 40 y 4.8519913735211393
miniFE.c 40 y 0.1578038193020643
miniFE.c 87 normr 13.9252102799689066
miniFE.c 25 Ap -491.7177691821235612
miniFE.c 25 Ap -431.8204587072232812
miniFE.c 25 Ap -497.6273892537949450
miniFE.c 25 Ap -508.5151816908793876
miniFE.c 25 Ap -403.4891232845743616
miniFE.c 25 Ap -368.8641916074848268
miniFE.c 25 Ap -344.6199940078603277
miniFE.c 25 Ap -343.6087771921320950
miniFE.c 25 Ap -110.5723003858835938
miniFE.c 25 Ap 153.1798037081314305
miniFE.c 25 Ap 51.5519763134423101
miniFE.c 25 Ap 46.8180545345496668
miniFE.c 25 Ap 128.4706524785590318
miniFE.c 25 Ap 149.2853463563332639
miniFE.c 25 Ap 204.5854813568168424
miniFE.c 25 Ap 205.6828336514691102
miniFE.c 25 Ap -68.2978229862390691
miniFE.c 25 Ap -11.1619529851155690
miniFE.c 25 Ap -489.0375139828564670
miniFE.c 25 Ap -496.6674080934439530
miniFE.c 25 Ap -371.2179876612994462
miniFE.c 25 Ap -336.3358122620953736
miniFE.c 25 Ap -278.3451024852531077
miniFE.c 25 Ap -276.3960406864040351
miniFE.c 25 Ap -100.5241972699323867
miniFE.c 25 Ap -76.8479517186548122
miniFE.c 25 Ap -144.7236116726114687
miniFE.c 25 Ap -196.6377853067109527
miniFE.c 25 Ap -169.2441912101960781
miniFE.c 25 Ap -145.3379492238398711
miniFE.c 25 Ap -139.0292299242723573
miniFE.c 25 Ap -138.2842336748403795
miniFE.c 25 Ap -103.0666738449807269
miniFE.c 25 Ap -59.6604327533870205
miniFE.c 25 Ap -178.2795333758117806
miniFE.c 25 Ap -181.1911851243260685
miniFE.c 25 Ap 315.8907303113510920
miniFE.c 25 Ap 325.5715109134357590
miniFE.c 25 Ap 393.7548960084613441
miniFE.c 25 Ap 394.3544460556807962
miniFE.c 25 Ap -117.6727224709049011
miniFE.c 25 Ap -79.3533947213150839
miniFE.c 25 Ap -193.5768284353930540
miniFE.c 25 Ap -202.3765191215926507
miniFE.c 25 Ap -168.8509576411271382
miniFE.c 25 Ap -25.5257924243940408
miniFE.c 25 Ap 11.4087255367871450
miniFE.c 25 Ap 11.9493827252316223
miniFE.c 25 Ap -36.6197535781332704
miniFE.c 25 Ap 8.6277654278880931
miniFE.c 25 Ap -75.7699713205682031
miniFE.c 25 Ap -76.8020624039173470
miniFE.c 25 Ap 28.1437146106151630
miniFE.c 25 Ap 44.5591785555017026
miniFE.c 25 Ap 363.1321985564273405
miniFE.c 25 Ap 363.5542538659684055
miniFE.c 25 Ap -46.9628446585208579
miniFE.c 25 Ap -19.3559749476645493
miniFE.c 25 Ap -106.5728446939509979
miniFE.c 25 Ap -110.3202737340089072
miniFE.c 25 Ap -81.9466790870993549
miniFE.c 25 Ap -74.5583672431315279
miniFE.c 25 Ap -61.5814397511409481
miniFE.c 25 Ap -51.3443619806899534
miniFE.c 57 sum 2518.2095785541441728
miniFE.c 57 sum 3334.7668424292805867
miniFE.c 57 sum 5286.5169583240003703
miniFE.c 57 sum 5396.2833806064463715
miniFE.c 57 sum 8341.3367555866261682
miniFE.c 57 sum 8367.1050822628767492
miniFE.c 57 sum 10131.0671858274690749
miniFE.c 57 sum 10122.9648494072880567
miniFE.c 90 p_ap_dot 10122.9648494072880567
miniFE.c 91 alpha 0.0191556015679246
miniFE.c 40 y 1.0011101573432390
miniFE.c 40 y 2.0074138240835442
miniFE.c 40 y 1.0102935018833989
miniFE.c 40 y 1.9949375652817734
miniFE.c 40 y 0.9765995413059767
miniFE.c 40 y 1.9758488269114189
miniFE.c 40 y 1.0301800653694486
miniFE.c 40 y 2.0088320317101602
miniFE.c 40 y 0.2966509948402374
miniFE.c 40 y -0.5436657122950188
miniFE.c 40 y -0.4510699403227409
miniFE.c 40 y 0.4453441667176841
miniFE.c 40 y 0.9573585804822855
miniFE.c 40 y 1.2503916036250202
miniFE.c 40 y -1.6990278946009951
miniFE.c 40 y -0.6439438845399154
miniFE.c 82 oldrtrans 193.9114813413517311
miniFE.c 48 sum 0.0880018127397025
miniFE.c 48 sum 0.3835742194649527
miniFE.c 48 sum 0.5870383105277137
miniFE.c 48 sum 0.7853697373571821
miniFE.c 48 sum 1.7019051889802388
miniFE.c 48 sum 3.2653843513961887
miniFE.c 48 sum 6.1520801380284791
miniFE.c 48 sum 6.5667438644648346
miniFE.c 83 rtrans 6.5667438644648346
miniFE.c 84 beta 0.0338646469979004
miniFE.c 40 y 0.0484667687522537
miniFE.c 40 y -0.4092236540843655
miniFE.c 40 y -0.6902026302800368
miniFE.c 40 y 0.4184632921303607
miniFE.c 40 y 1.2102609984243347
miniFE.c 40 y 1.3234192492100241
miniFE.c 40 y -1.5347169194998436
miniFE.c 40 y -0.6385999139043305
miniFE.c 87 normr 2.5625658751464000
miniFE.c 25 Ap 3.2518637940695241
miniFE.c 25 Ap -2.9223185481110443
miniFE.c 25 Ap -9.3544638728509568
miniFE.c 25 Ap -3.6146163109777856
miniFE.c 25 Ap 13.4057803168729865
miniFE.c 25 Ap 34.6551291498888148
miniFE.c 25 Ap 26.9865293129441319
miniFE.c 25 Ap 22.8943408328506059
miniFE.c 25 Ap 0.7312447968880653
miniFE.c 25 Ap -26.4561793278167450
miniFE.c 25 Ap -36.3895548767281269
miniFE.c 25 Ap -33.8939167997084070
miniFE.c 25 Ap -20.6613950447261168
miniFE.c 25 Ap -7.8874004218306766
miniFE.c 25 Ap -25.3791983873073903
miniFE.c 25 Ap -29.8199596058065417
miniFE.c 25 Ap 0.4516721414239964
miniFE.c 25 Ap -5.4378624114485685
miniFE.c 25 Ap -52.1466973312565116
miniFE.c 25 Ap -48.1243549362233622
miniFE.c 25 Ap -27.7941728377116739
miniFE.c 25 Ap -6.3869533224575790
miniFE.c 25 Ap -24.7297978613045402
miniFE.c 25 Ap -32.6172539599222873
miniFE.c 25 Ap 0.6647939489226004
miniFE.c 25 Ap -1.7757406268842035
miniFE.c 25 Ap -8.4100890945962163
miniFE.c 25 Ap 18.9581257829589163
miniFE.c 25 Ap 23.3974986744111995
miniFE.c 25 Ap 38.0687788950361110
miniFE.c 25 Ap 36.0732893106440713
miniFE.c 25 Ap 33.0584412363041409
miniFE.c 25 Ap 0.6816080403381322
miniFE.c 25 Ap -3.7926837961952269
miniFE.c 25 Ap -15.3868318161127355
miniFE.c 25 Ap -13.8518615926898541
miniFE.c 25 Ap 66.7046353912918732
miniFE.c 25 Ap 72.6457383487802559
miniFE.c 25 Ap 51.0788832828015842
miniFE.c 25 Ap 48.6526263631081335
miniFE.c 25 Ap 0.7782018257936862
miniFE.c 25 Ap -3.1717337369205953
miniFE.c 25 Ap -14.3362375215150841
miniFE.c 25 Ap -9.6971994959200387
miniFE.c 25 Ap -4.2640873499665259
miniFE.c 25 Ap 83.6946835334765780
miniFE.c 25 Ap 72.0120515449000038
miniFE.c 25 Ap 69.8241220288753937
miniFE.c 25 Ap 0.2421764236963612
miniFE.c 25 Ap -4.4219133435983489
miniFE.c 25 Ap -12.6711737685475327
miniFE.c 25 Ap -12.1270739868309967
miniFE.c 25 Ap 4.8803123352867139
miniFE.c 25 Ap 14.9544959574739789
miniFE.c 25 Ap -85.8122544864306320
miniFE.c 25 Ap -87.5202263563628549
miniFE.c 25 Ap 0.3105781075708731
miniFE.c 25 Ap -2.5351230790137040
miniFE.c 25 Ap -11.0599331000495873
miniFE.c 25 Ap -9.0843561809299747
miniFE.c 25 Ap -4.4861655796984596
miniFE.c 25 Ap 0.0480474296937263
miniFE.c 25 Ap -4.0566404503730169
miniFE.c 25 Ap -45.4840090131592447
miniFE.c 57 sum 1.1096147228810496
miniFE.c 57 sum 13.3126475574173764
miniFE.c 57 sum 35.8251620330676843
miniFE.c 57 sum 49.6589061855095864
miniFE.c 57 sum 108.5412823436909378
miniFE.c 57 sum 200.9478694958943095
miniFE.c 57 sum 335.2666416834605343
miniFE.c 57 sum 364.3127259232878146
miniFE.c 90 p_ap_dot 364.3127259232878146
miniFE.c 91 alpha 0.0180250191585335
miniFE.c 40 y 1.0019837717785507
miniFE.c 40 y 2.0000375598785483
miniFE.c 40 y 0.9978525862493310
miniFE.c 40 y 2.0024803741395663
miniFE.c 40 y 0.9984145189894013
miniFE.c 40 y 1.9997034842332018
miniFE.c 40 y 1.0025167634925385
miniFE.c 40 y 1.9973212560273967
miniFE.c 40 y -0.1160199372938910
miniFE.c 40 y -0.0061603690936602
miniFE.c 40 y 0.1368566872036115
miniFE.c 40 y -0.1505348699179526
miniFE.c 40 y 0.0803940581742885
miniFE.c 40 y -0.0081895336732412
miniFE.c 40 y -0.1214741377683644
miniFE.c 40 y 0.1759062493291913
miniFE.c 82 oldrtrans 6.5667438644648346
miniFE.c 48 sum 0.0134606258496784
miniFE.c 48 sum 0.0134985759970485
miniFE.c 48 sum 0.0322283288293957
miniFE.c 48 sum 0.0548890758906106
miniFE.c 48 sum 0.0613522804803415
miniFE.c 48 sum 0.0614193489421266
miniFE.c 48 sum 0.0761753150886942
miniFE.c 48 sum 0.1071183236417578
miniFE.c 83 rtrans 0.1071183236417578
miniFE.c 84 beta 0.0163122433054556
miniFE.c 40 y -0.1152293355697750
miniFE.c 40 y -0.0128357249054320
miniFE.c 40 y 0.1255979339684182
miniFE.c 40 y -0.1437087948823202
miniFE.c 40 y 0.1001361300436898
miniFE.c 40 y 0.0133984031149961
miniFE.c 40 y -0.1465088135642451
miniFE.c 40 y 0.1654892521587409
miniFE.c 87 normr 0.3272893576665117
miniFE.c 25 Ap -7.7312788535467405
miniFE.c 25 Ap -7.9249384948436914
miniFE.c 25 Ap -6.7544645958320668
miniFE.c 25 Ap -8.7256448437474639
miniFE.c 25 Ap -7.3173893911297370
miniFE.c 25 Ap -7.1022592713541144
miniFE.c 25 Ap -7.8343274785488832
miniFE.c 25 Ap -6.7738619248927856
miniFE.c 25 Ap -1.7385283618757592
miniFE.c 25 Ap -2.5912901547707334
miniFE.c 25 Ap -0.7836884570352776
miniFE.c 25 Ap -1.6407412672951771
miniFE.c 25 Ap -0.5458918744881902
miniFE.c 25 Ap -0.4165669236470195
miniFE.c 25 Ap -2.0863879404522816
miniFE.c 25 Ap -0.9355918988871090
miniFE.c 25 Ap -1.0738467220232097
miniFE.c 25 Ap -1.2585780897904399
miniFE.c 25 Ap 7.2411477974023519
miniFE.c 25 Ap 5.8597937119543850
miniFE.c 25 Ap 7.5418984489316934
miniFE.c 25 Ap 7.7586268642149046
miniFE.c 25 Ap 6.0075623150238613
miniFE.c 25 Ap 8.0515482016093358
miniFE.c 25 Ap -1.5805420290494634
miniFE.c 25 Ap -1.6570919306120773
miniFE.c 25 Ap -0.4498226096691971
miniFE.c 25 Ap -9.8486235370121875
miniFE.c 25 Ap -9.4813129967653680
miniFE.c 25 Ap -9.3327797736568634
miniFE.c 25 Ap -9.5232753678439419
miniFE.c 25 Ap -8.7419959747034657
miniFE.c 25 Ap -1.6205173901453296
miniFE.c 25 Ap -1.7608582003286100
miniFE.c 25 Ap 0.3489585021009933
miniFE.c 25 Ap -0.1781814529123841
miniFE.c 25 Ap 6.4870055343194615
miniFE.c 25 Ap 6.5471537393721233
miniFE.c 25 Ap 4.4883151953503990
miniFE.c 25 Ap 5.1170647996686851
miniFE.c 25 Ap -1.8501683036425356
miniFE.c 25 Ap -1.9740621347325900
miniFE.c 25 Ap 0.0575711097810125
miniFE.c 25 Ap -1.5355687823169526
miniFE.c 25 Ap -1.0860369663719101
miniFE.c 25 Ap -0.1955352825710850
miniFE.c 25 Ap -1.3107953870285602
miniFE.c 25 Ap -0.7438068680836726
miniFE.c 25 Ap -0.5757724129669445
miniFE.c 25 Ap -0.7220664323612708
miniFE.c 25 Ap 0.7790725385532254
miniFE.c 25 Ap 0.5922176210570016
miniFE.c 25 Ap 1.9993966102767589
miniFE.c 25 Ap 2.1013884570064536
miniFE.c 25 Ap -7.5181165257574598
miniFE.c 25 Ap -7.0755060879715339
miniFE.c 25 Ap -0.7383968417792592
miniFE.c 25 Ap -0.8276552148705926
miniFE.c 25 Ap 0.7236262192221153
miniFE.c 25 Ap 0.0451729747364248
miniFE.c 25 Ap 0.4256239787843570
miniFE.c 25 Ap 0.4715287166407541
miniFE.c 25 Ap 0.0796825437608075
miniFE.c 25 Ap 10.8153310978680341
miniFE.c 57 sum 0.7805476088467930
miniFE.c 57 sum 0.7925566090846586
miniFE.c 57 sum 1.8038144284539244
miniFE.c 57 sum 3.0601161348446539
miniFE.c 57 sum 3.5725192010662647
miniFE.c 57 sum 3.5625533768079771
miniFE.c 57 sum 4.5991773791232795
miniFE.c 57 sum 6.3889984343586343
miniFE.c 90 p_ap_dot 6.3889984343586343
miniFE.c 91 alpha 0.0167660588341514
miniFE.c 40 y 1.0000518299589676
miniFE.c 40 y 1.9998223553596048
miniFE.c 40 y 0.9999583685996934
miniFE.c 40 y 2.0000709440295843
miniFE.c 40 y 1.0000934072371379
miniFE.c 40 y 1.9999281226481114
miniFE.c 40 y 1.0000603881045986
miniFE.c 40 y 2.0000958585655098
miniFE.c 40 y -0.0024489697267208
miniFE.c 40 y 0.0095258197278364
miniFE.c 40 y 0.0018639563494238
miniFE.c 40 y -0.0039660510781599
miniFE.c 40 y -0.0053989513151217
miniFE.c 40 y 0.0042811760382956
miniFE.c 40 y -0.0028457864160374
miniFE.c 40 y -0.0054242281684911
miniFE.c 82 oldrtrans 0.1071183236417578
miniFE.c 48 sum 0.0000059974527224
miniFE.c 48 sum 0.0000967386942096
miniFE.c 48 sum 0.0001002130274822
miniFE.c 48 sum 0.0001159425886368
miniFE.c 48 sum 0.0001450912639398
miniFE.c 48 sum 0.0001634197322107
miniFE.c 48 sum 0.0001715182325364
miniFE.c 48 sum 0.0002009404837602
miniFE.c 83 rtrans 0.0002009404837602
miniFE.c 84 beta 0.0018758740515046
miniFE.c 40 y -0.0026651254472882
miniFE.c 40 y 0.0095017415245541
miniFE.c 40 y 0.0020995622546777
miniFE.c 40 y -0.0042356306774526
miniFE.c 40 y -0.0052111085471546
miniFE.c 40 y 0.0043063097550306
miniFE.c 40 y -0.0031206184977193
miniFE.c 40 y -0.0051137911745636
miniFE.c 87 normr 0.0141753477474187
miniFE.c 25 Ap -0.1788158189994245
miniFE.c 25 Ap -0.0354578186606388
miniFE.c 25 Ap -0.0158915508025366
miniFE.c 25 Ap -0.0739895366335090
miniFE.c 25 Ap -0.1472754926866490
miniFE.c 25 Ap -0.0781316607359760
miniFE.c 25 Ap -0.0937246174556921
miniFE.c 25 Ap -0.1264941134711395
miniFE.c 25 Ap -0.0402102134422336
miniFE.c 25 Ap 0.5910530925105399
miniFE.c 25 Ap 0.6212699294929944
miniFE.c 25 Ap 0.5960094074887116
miniFE.c 25 Ap 0.5390331789664561
miniFE.c 25 Ap 0.5805988262004060
miniFE.c 25 Ap 0.5450318577283146
miniFE.c 25 Ap 0.5094710550519347
miniFE.c 25 Ap -0.0248368717149993
miniFE.c 25 Ap 0.1119119072541371
miniFE.c 25 Ap 0.2539978722378016
miniFE.c 25 Ap 0.2132842489307583
miniFE.c 25 Ap 0.1257471095561162
miniFE.c 25 Ap 0.1954046411974668
miniFE.c 25 Ap 0.1581071961498351
miniFE.c 25 Ap 0.0949458920083008
miniFE.c 25 Ap -0.0365561665464746
miniFE.c 25 Ap 0.0201104715855253
miniFE.c 25 Ap 0.0402918314008824
miniFE.c 25 Ap -0.2367256578329786
miniFE.c 25 Ap -0.2558405876280991
miniFE.c 25 Ap -0.2081013113779032
miniFE.c 25 Ap -0.2121588425290483
miniFE.c 25 Ap -0.2363011938503158
miniFE.c 25 Ap -0.0374807518666479
miniFE.c 25 Ap 0.0664075842836318
miniFE.c 25 Ap 0.1016764089589143
miniFE.c 25 Ap 0.0861396412433822
miniFE.c 25 Ap -0.2607183096520002
miniFE.c 25 Ap -0.2413863937555486
miniFE.c 25 Ap -0.2852393844937092
miniFE.c 25 Ap -0.3046684056272932
miniFE.c 25 Ap -0.0427923202318388
miniFE.c 25 Ap 0.0489210164264026
miniFE.c 25 Ap 0.0828828845937708
miniFE.c 25 Ap 0.0359271488229053
miniFE.c 25 Ap 0.0125334038552589
miniFE.c 25 Ap 0.2987448318074903
miniFE.c 25 Ap 0.2749899379750297
miniFE.c 25 Ap 0.2574693990491663
miniFE.c 25 Ap -0.0133169709089884
miniFE.c 25 Ap 0.0949782729603103
miniFE.c 25 Ap 0.1200721150544834
miniFE.c 25 Ap 0.1145648082718471
miniFE.c 25 Ap 0.0413348716355890
miniFE.c 25 Ap 0.0741155306989132
miniFE.c 25 Ap -0.1307786627480427
miniFE.c 25 Ap -0.1444557887305100
miniFE.c 25 Ap -0.0170782917691262
miniFE.c 25 Ap 0.0489958876219534
miniFE.c 25 Ap 0.0749279379550615
miniFE.c 25 Ap 0.0549314069291486
miniFE.c 25 Ap 0.0351326442038192
miniFE.c 25 Ap 0.0498866427763709
miniFE.c 25 Ap 0.0415403707289661
miniFE.c 25 Ap -0.2902024108297331
miniFE.c 57 sum 0.0003371226807441
miniFE.c 57 sum 0.0051779849600894
miniFE.c 57 sum 0.0053773297711868
miniFE.c 57 sum 0.0063782143569779
miniFE.c 57 sum 0.0079658744895902
miniFE.c 57 sum 0.0090746174743375
miniFE.c 57 sum 0.0095254088807526
miniFE.c 57 sum 0.0110094434080907
miniFE.c 90 p_ap_dot 0.0110094434080907
miniFE.c 91 alpha 0.0182516478183247
miniFE.c 40 y 1.0000031870279120
miniFE.c 40 y 1.9999957777995718
miniFE.c 40 y 0.9999966890705385
miniFE.c 40 y 1.9999936367901709
miniFE.c 40 y 0.9999982959191922
miniFE.c 40 y 2.0000067198971569
miniFE.c 40 y 1.0000034316748030
miniFE.c 40 y 2.0000025234499752
miniFE.c 40 y -0.0001402437165543
miniFE.c 40 y 0.0002271334573982
miniFE.c 40 y 0.0001310373666916
miniFE.c 40 y 0.0003468350910457
miniFE.c 40 y 0.0001617491257582
miniFE.c 40 y -0.0004180647571455
miniFE.c 40 y -0.0002092302348099
miniFE.c 40 y -0.0001275559699980
