filename line variable value
miniFE.c 167 A 67.0947100000000063
miniFE.c 167 A 15.0875500000000002
miniFE.c 167 A 9.3192129999999995
miniFE.c 167 A 13.7164900000000003
miniFE.c 167 A 14.0634099999999993
miniFE.c 167 A 16.0564000000000000
miniFE.c 167 A 4.9967519999999999
miniFE.c 167 A 6.4080630000000003
miniFE.c 167 A 15.0875500000000002
miniFE.c 167 A 66.4365899999999954
miniFE.c 167 A 14.3919700000000006
miniFE.c 167 A 5.9638159999999996
miniFE.c 167 A 10.9336099999999998
miniFE.c 167 A 9.6522659999999991
miniFE.c 167 A 11.3974100000000007
miniFE.c 167 A 6.9539020000000002
miniFE.c 167 A 9.3192129999999995
miniFE.c 167 A 14.3919700000000006
miniFE.c 167 A 67.6740900000000067
miniFE.c 167 A 9.6121750000000006
miniFE.c 167 A 16.7981799999999986
miniFE.c 167 A 16.1756899999999995
miniFE.c 167 A 11.9519400000000005
miniFE.c 167 A 12.3511699999999998
miniFE.c 167 A 13.7164900000000003
miniFE.c 167 A 5.9638159999999996
miniFE.c 167 A 9.6121750000000006
miniFE.c 167 A 65.4017099999999942
miniFE.c 167 A 3.6681119999999998
miniFE.c 167 A 11.0858899999999991
miniFE.c 167 A 1.3002330000000000
miniFE.c 167 A 4.7210279999999996
miniFE.c 167 A 14.0634099999999993
miniFE.c 167 A 10.9336099999999998
miniFE.c 167 A 16.7981799999999986
miniFE.c 167 A 3.6681119999999998
miniFE.c 167 A 66.5612600000000043
miniFE.c 167 A 4.4892070000000004
miniFE.c 167 A 14.0526599999999995
miniFE.c 167 A 3.7993380000000001
miniFE.c 167 A 16.0564000000000000
miniFE.c 167 A 9.6522659999999991
miniFE.c 167 A 16.1756899999999995
miniFE.c 167 A 11.0858899999999991
miniFE.c 167 A 4.4892070000000004
miniFE.c 167 A 66.4632699999999943
miniFE.c 167 A 7.6122389999999998
miniFE.c 167 A 3.4261349999999999
miniFE.c 167 A 4.9967519999999999
miniFE.c 167 A 11.3974100000000007
miniFE.c 167 A 11.9519400000000005
miniFE.c 167 A 1.3002330000000000
miniFE.c 167 A 14.0526599999999995
miniFE.c 167 A 7.6122389999999998
miniFE.c 167 A 65.6581999999999937
miniFE.c 167 A 2.6745570000000001
miniFE.c 167 A 6.4080630000000003
miniFE.c 167 A 6.9539020000000002
miniFE.c 167 A 12.3511699999999998
miniFE.c 167 A 4.7210279999999996
miniFE.c 167 A 3.7993380000000001
miniFE.c 167 A 3.4261349999999999
miniFE.c 167 A 2.6745570000000001
miniFE.c 167 A 64.8721800000000002
miniFE.c 175 b 198.0110999999999990
miniFE.c 175 b 229.8237000000000023
miniFE.c 175 b 210.8053999999999917
miniFE.c 175 b 202.6418999999999926
miniFE.c 175 b 157.2561000000000035
miniFE.c 175 b 225.5886000000000138
miniFE.c 175 b 142.6283999999999992
miniFE.c 175 b 185.1795999999999935
miniFE.c 33 r 0.0000000000000000
miniFE.c 33 r 0.0000000000000000
miniFE.c 33 r 0.0000000000000000
miniFE.c 33 r 0.0000000000000000
miniFE.c 33 r 0.0000000000000000
miniFE.c 33 r 0.0000000000000000
miniFE.c 33 r 0.0000000000000000
miniFE.c 33 r 0.0000000000000000
miniFE.c 25 Ap 0.0000000000000000
miniFE.c 25 Ap 0.0000000000000000
miniFE.c 25 Ap 0.0000000000000000
miniFE.c 25 Ap 0.0000000000000000
miniFE.c 25 Ap 0.0000000000000000
miniFE.c 25 Ap 0.0000000000000000
miniFE.c 25 Ap 0.0000000000000000
miniFE.c 25 Ap 0.0000000000000000
miniFE.c 25 Ap 0.0000000000000000
miniFE.c 25 Ap 0.0000000000000000
miniFE.c 25 Ap 0.0000000000000000
miniFE.c 25 Ap 0.0000000000000000
miniFE.c 25 Ap 0.0000000000000000
miniFE.c 25 Ap 0.0000000000000000
miniFE.c 25 Ap 0.0000000000000000
miniFE.c 25 Ap 0.0000000000000000
miniFE.c 25 Ap 0.0000000000000000
miniFE.c 25 Ap 0.0000000000000000
miniFE.c 25 Ap 0.0000000000000000
miniFE.c 25 Ap 0.0000000000000000
miniFE.c 25 Ap 0.0000000000000000
miniFE.c 25 Ap 0.0000000000000000
miniFE.c 25 Ap 0.0000000000000000
miniFE.c 25 Ap 0.0000000000000000
miniFE.c 25 Ap 0.0000000000000000
miniFE.c 25 Ap 0.0000000000000000
miniFE.c 25 Ap 0.0000000000000000
miniFE.c 25 Ap 0.0000000000000000
miniFE.c 25 Ap 0.0000000000000000
miniFE.c 25 Ap 0.0000000000000000
miniFE.c 25 Ap 0.0000000000000000
miniFE.c 25 Ap 0.0000000000000000
miniFE.c 25 Ap 0.0000000000000000
miniFE.c 25 Ap 0.0000000000000000
miniFE.c 25 Ap 0.0000000000000000
miniFE.c 25 Ap 0.0000000000000000
miniFE.c 25 Ap 0.0000000000000000
miniFE.c 25 Ap 0.0000000000000000
miniFE.c 25 Ap 0.0000000000000000
miniFE.c 25 Ap 0.0000000000000000
miniFE.c 25 Ap 0.0000000000000000
miniFE.c 25 Ap 0.0000000000000000
miniFE.c 25 Ap 0.0000000000000000
miniFE.c 25 Ap 0.0000000000000000
miniFE.c 25 Ap 0.0000000000000000
miniFE.c 25 Ap 0.0000000000000000
miniFE.c 25 Ap 0.0000000000000000
miniFE.c 25 Ap 0.0000000000000000
miniFE.c 25 Ap 0.0000000000000000
miniFE.c 25 Ap 0.0000000000000000
miniFE.c 25 Ap 0.0000000000000000
miniFE.c 25 Ap 0.0000000000000000
miniFE.c 25 Ap 0.0000000000000000
miniFE.c 25 Ap 0.0000000000000000
miniFE.c 25 Ap 0.0000000000000000
miniFE.c 25 Ap 0.0000000000000000
miniFE.c 25 Ap 0.0000000000000000
miniFE.c 25 Ap 0.0000000000000000
miniFE.c 25 Ap 0.0000000000000000
miniFE.c 25 Ap 0.0000000000000000
miniFE.c 25 Ap 0.0000000000000000
miniFE.c 25 Ap 0.0000000000000000
miniFE.c 25 Ap 0.0000000000000000
miniFE.c 25 Ap 0.0000000000000000
miniFE.c 33 r 198.0110999999999990
miniFE.c 33 r 229.8237000000000023
miniFE.c 33 r 210.8053999999999917
miniFE.c 33 r 202.6418999999999926
miniFE.c 33 r 157.2561000000000035
miniFE.c 33 r 225.5886000000000138
miniFE.c 33 r 142.6283999999999992
miniFE.c 33 r 185.1795999999999935
miniFE.c 48 sum 39208.3957232100001420
miniFE.c 48 sum 92027.3288048999966122
miniFE.c 48 sum 136466.2454740600078367
miniFE.c 48 sum 177529.9851096700003836
miniFE.c 48 sum 202259.4660968800017145
miniFE.c 48 sum 253149.6825468399911188
miniFE.c 48 sum 273492.5430333999684080
miniFE.c 48 sum 307784.0272895599482581
miniFE.c 75 rtrans 307784.0272895599482581
miniFE.c 76 normr 554.7828649927464539
miniFE.c 33 r 198.0110999999999990
miniFE.c 33 r 229.8237000000000023
miniFE.c 33 r 210.8053999999999917
miniFE.c 33 r 202.6418999999999926
miniFE.c 33 r 157.2561000000000035
miniFE.c 33 r 225.5886000000000138
miniFE.c 33 r 142.6283999999999992
miniFE.c 33 r 185.1795999999999935
miniFE.c 87 normr 554.7828649927464539
miniFE.c 25 Ap 13285.4973312810016068
miniFE.c 25 Ap 16752.9738962160008668
miniFE.c 25 Ap 18717.5143203662009910
miniFE.c 25 Ap 21497.0499152972006414
miniFE.c 25 Ap 23708.6069245981998392
miniFE.c 25 Ap 27330.7477216381994367
miniFE.c 25 Ap 28043.4264645949988335
miniFE.c 25 Ap 29230.0690077097970061
miniFE.c 25 Ap 2987.5023718050001662
miniFE.c 25 Ap 18256.2053009880000900
miniFE.c 25 Ap 21290.1102936259994749
miniFE.c 25 Ap 22498.6292991164009436
miniFE.c 25 Ap 24218.0061666374022025
miniFE.c 25 Ap 26395.4473404050004319
miniFE.c 25 Ap 28021.0416928490012651
miniFE.c 25 Ap 29308.7624836482027604
miniFE.c 25 Ap 1845.3076172643000064
miniFE.c 25 Ap 5152.9234129532997031
miniFE.c 25 Ap 19418.9870250392996240
miniFE.c 25 Ap 21366.8164301717988565
miniFE.c 25 Ap 24008.4327040697971825
miniFE.c 25 Ap 27657.4839652037990163
miniFE.c 25 Ap 29362.1700442997971550
miniFE.c 25 Ap 31649.3547644317950471
miniFE.c 25 Ap 2716.0172730389999742
miniFE.c 25 Ap 4086.6435322781999275
miniFE.c 25 Ap 6112.9419280231995799
miniFE.c 25 Ap 19366.0687056721981207
miniFE.c 25 Ap 19942.9016931553996983
miniFE.c 25 Ap 22443.7520980093977414
miniFE.c 25 Ap 22629.2022504265987664
miniFE.c 25 Ap 23503.4403270553993934
miniFE.c 25 Ap 2784.7112838509997346
miniFE.c 25 Ap 5297.5139884079999320
miniFE.c 25 Ap 8838.6610425799990480
miniFE.c 25 Ap 9581.9742276727993158
miniFE.c 25 Ap 20049.1383863587980159
miniFE.c 25 Ap 21061.8523085989982064
miniFE.c 25 Ap 23066.1607201429978886
miniFE.c 25 Ap 23769.7206112477979332
miniFE.c 25 Ap 3179.3454260399998930
miniFE.c 25 Ap 5397.6649115441996400
miniFE.c 25 Ap 8807.5877122702004272
miniFE.c 25 Ap 11054.0535250612010714
miniFE.c 25 Ap 11760.0087099739012046
miniFE.c 25 Ap 26753.3647406958989450
miniFE.c 25 Ap 27839.0862096834971453
miniFE.c 25 Ap 28473.5365185294976982
miniFE.c 25 Ap 989.4123599472000024
miniFE.c 25 Ap 3608.8072965641999872
miniFE.c 25 Ap 6128.3407890401995246
miniFE.c 25 Ap 6391.8224746028990921
miniFE.c 25 Ap 8601.6889808288997301
miniFE.c 25 Ap 10318.9233197042995016
miniFE.c 25 Ap 19683.6473325842962367
miniFE.c 25 Ap 20178.9207280214977800
miniFE.c 25 Ap 1268.8676034993000030
miniFE.c 25 Ap 2867.0390905766998912
miniFE.c 25 Ap 5470.7324228946999938
miniFE.c 25 Ap 6427.4105067679001877
miniFE.c 25 Ap 7024.8795832297000743
miniFE.c 25 Ap 7797.7765812907000509
miniFE.c 25 Ap 8179.2443669095000587
miniFE.c 25 Ap 20192.2487104374995397
miniFE.c 57 sum 5787878.1172925252467394
miniFE.c 57 sum 12523726.3537057451903820
miniFE.c 57 sum 19195581.2445636950433254
miniFE.c 57 sum 23958363.0489748232066631
miniFE.c 57 sum 27696296.6103892698884010
miniFE.c 57 sum 34119601.8506532162427902
miniFE.c 57 sum 36997689.0278177559375763
miniFE.c 57 sum 40736881.5671170875430107
miniFE.c 90 p_ap_dot 40736881.5671170875430107
miniFE.c 91 alpha 0.0075554145395853
miniFE.c 40 y 1.4960559439392744
miniFE.c 40 y 1.7364133245212852
miniFE.c 40 y 1.5927221841830903
miniFE.c 40 y 1.5310435575891859
miniFE.c 40 y 1.1881350243784765
miniFE.c 40 y 1.7044153884046875
miniFE.c 40 y 1.0776166871177848
miniFE.c 40 y 1.3991086422745860
miniFE.c 40 y -22.8341883739316245
miniFE.c 40 y 8.3838497937928480
miniFE.c 40 y -28.3185951556805833
miniFE.c 40 y 25.0636652226906733
miniFE.c 40 y -22.3339927081014764
miniFE.c 40 y 10.4592281944898673
miniFE.c 40 y -9.8317110616323760
miniFE.c 40 y 32.6187905062384118
miniFE.c 82 oldrtrans 307784.0272895599482581
miniFE.c 48 sum 521.4001586961941257
miniFE.c 48 sum 591.6890960610744514
miniFE.c 48 sum 1393.6319276524102406
miniFE.c 48 sum 2021.8192420475243125
miniFE.c 48 sum 2520.6264723330541528
miniFE.c 48 sum 2630.0219267574657351
miniFE.c 48 sum 2726.6844691568903727
miniFE.c 48 sum 3790.6699632467598349
miniFE.c 83 rtrans 3790.6699632467598349
miniFE.c 84 beta 0.0123160061184089
miniFE.c 40 y -20.3954824548187439
miniFE.c 40 y 11.2143598891482252
miniFE.c 40 y -25.7223145594869429
miniFE.c 40 y 27.5594041029366821
miniFE.c 40 y -20.3972256183443506
miniFE.c 40 y 13.2375787723331708
miniFE.c 40 y -8.0750988145735008
miniFE.c 40 y 34.8994635928429275
miniFE.c 87 normr 61.5684169298412272
miniFE.c 25 Ap -1368.4289806161518754
miniFE.c 25 Ap -1199.2317650706336281
miniFE.c 25 Ap -1438.9434933034935966
miniFE.c 25 Ap -1060.9252025196035447
miniFE.c 25 Ap -1347.7797492528836756
miniFE.c 25 Ap -1135.2318894527934390
miniFE.c 25 Ap -1175.5811556047112845
miniFE.c 25 Ap -951.9431942355674892
miniFE.c 25 Ap -307.7178613112005223
miniFE.c 25 Ap 437.3259687565855529
miniFE.c 25 Ap 67.1311892858862507
miniFE.c 25 Ap 231.4904044254456608
miniFE.c 25 Ap 8.4750944324596844
miniFE.c 25 Ap 136.2477259389728772
miniFE.c 25 Ap 44.2125139587647027
miniFE.c 25 Ap 286.8999636359623082
miniFE.c 25 Ap -190.0698452342187466
miniFE.c 25 Ap -28.6731141403941479
miniFE.c 25 Ap -1769.4073446474239972
miniFE.c 25 Ap -1504.5015295142784453
miniFE.c 25 Ap -1847.1377969518380269
miniFE.c 25 Ap -1633.0108263799961605
miniFE.c 25 Ap -1729.5239229058497585
miniFE.c 25 Ap -1298.4747151618360022
miniFE.c 25 Ap -279.7544311366967804
miniFE.c 25 Ap -212.8740522000363740
miniFE.c 25 Ap -460.1214411508727835
miniFE.c 25 Ap 1342.3107137622018854
miniFE.c 25 Ap 1267.4914057048456471
miniFE.c 25 Ap 1414.2417478412662604
miniFE.c 25 Ap 1403.7422378842968556
miniFE.c 25 Ap 1568.5035826910889227
miniFE.c 25 Ap -286.8300319099224680
miniFE.c 25 Ap -164.2165944823325390
miniFE.c 25 Ap -596.3046644692149130
miniFE.c 25 Ap -495.2136835663836223
miniFE.c 25 Ap -1852.8787212276629361
miniFE.c 25 Ap -1793.4524899398534217
miniFE.c 25 Ap -1906.9291080474579303
miniFE.c 25 Ap -1774.3342498395531948
miniFE.c 25 Ap -327.4780244875516928
miniFE.c 25 Ap -219.2340398177625218
miniFE.c 25 Ap -635.3102262145098393
miniFE.c 25 Ap -329.7897038638051299
miniFE.c 25 Ap -421.3570718902559520
miniFE.c 25 Ap 458.4557002015919807
miniFE.c 25 Ap 396.9861180764418123
miniFE.c 25 Ap 516.5563917731067249
miniFE.c 25 Ap -101.9111677470804693
miniFE.c 25 Ap 25.9034897970964124
miniFE.c 25 Ap -281.5280704790179698
miniFE.c 25 Ap -245.6944238040443054
miniFE.c 25 Ap -532.3297003619271663
miniFE.c 25 Ap -431.5620869656004857
miniFE.c 25 Ap -961.7585399526303718
miniFE.c 25 Ap -868.4179353041471359
miniFE.c 25 Ap -130.6955364858731627
miniFE.c 25 Ap -52.7119768240055322
miniFE.c 25 Ap -370.4126567417038700
miniFE.c 25 Ap -240.3039383084249323
miniFE.c 25 Ap -317.7998926947741438
miniFE.c 25 Ap -272.4461607476264362
miniFE.c 25 Ap -294.0434728078357125
miniFE.c 25 Ap 1969.9608112905175403
miniFE.c 57 sum 19415.3407160156275495
miniFE.c 57 sum 22632.7401604128463077
miniFE.c 57 sum 56032.5152313458020217
miniFE.c 57 sum 99259.5393036334862700
miniFE.c 57 sum 135451.0353199666133150
miniFE.c 57 sum 142288.9912464153021574
miniFE.c 57 sum 149301.5518863441830035
miniFE.c 57 sum 218052.1274993049155455
miniFE.c 90 p_ap_dot 218052.1274993049155455
miniFE.c 91 alpha 0.0173842374606450
miniFE.c 40 y 1.1414960338202862
miniFE.c 40 y 1.9313664198033706
miniFE.c 40 y 1.1455593598435627
miniFE.c 40 y 2.0101427827885114
miniFE.c 40 y 0.8335448106908265
miniFE.c 40 y 1.9345406011869211
miniFE.c 40 y 0.9372372518070660
miniFE.c 40 y 2.0058092046217029
miniFE.c 40 y -6.2853818362955991
miniFE.c 40 y 3.3963126984948593
miniFE.c 40 y -5.7456023706638284
miniFE.c 40 y -2.2035735166836723
miniFE.c 40 y 8.5114552256647578
miniFE.c 40 y 1.4792892180922035
miniFE.c 40 y 5.2650725407779788
miniFE.c 40 y -1.6274760254008527
miniFE.c 82 oldrtrans 3790.6699632467598349
miniFE.c 48 sum 39.5060248280346400
miniFE.c 48 sum 219219274460.5839843750000000
miniFE.c 48 sum 219219274493.5959167480468750
miniFE.c 48 sum 219219274498.4516601562500000
miniFE.c 48 sum 219219274570.8965454101562500
miniFE.c 48 sum 219219274573.0848388671875000
miniFE.c 48 sum 219219274600.8058166503906250
miniFE.c 48 sum 219219274603.4544982910156250
miniFE.c 83 rtrans 219219274603.4544982910156250
miniFE.c 84 beta 57831274.3469996601343155
miniFE.c 40 y -1179496747.5694227218627930
miniFE.c 40 y 648540726.7716324329376221
miniFE.c 40 y -1487554235.8751153945922852
miniFE.c 40 y 1593795457.3131859302520752
miniFE.c 40 y -1179597542.1406667232513428
miniFE.c 40 y 765546051.1521077156066895
miniFE.c 40 y -466993249.6596593260765076
miniFE.c 40 y 2018280451.9733498096466064
miniFE.c 87 normr 468208.5802326293196529
miniFE.c 25 Ap -79137992224.1136322021484375
miniFE.c 25 Ap -69353101581.9102935791015625
miniFE.c 25 Ap -83215936355.0827331542968750
miniFE.c 25 Ap -61354656902.8009948730468750
miniFE.c 25 Ap -77943820772.9174652099609375
miniFE.c 25 Ap -65651907157.1987609863281250
miniFE.c 25 Ap -67985356611.4221649169921875
miniFE.c 25 Ap -55052088323.5084686279296875
miniFE.c 25 Ap -17795716153.7910423278808594
miniFE.c 25 Ap 25291118209.0379219055175781
miniFE.c 25 Ap 3882282272.9503364562988281
miniFE.c 25 Ap 13387385122.0020313262939453
miniFE.c 25 Ap 490125639.2774162292480469
miniFE.c 25 Ap 7879379760.2471656799316406
miniFE.c 25 Ap 2556866226.6436672210693359
miniFE.c 25 Ap 16591790698.1820487976074219
miniFE.c 25 Ap -10991981423.4066829681396484
miniFE.c 25 Ap -1658202739.9311523437500000
miniFE.c 25 Ap -102327081978.4249572753906250
miniFE.c 25 Ap -87007241128.5255889892578125
miniFE.c 25 Ap -106822332968.9620971679687500
miniFE.c 25 Ap -94439097364.8014526367187500
miniFE.c 25 Ap -100020572665.1387176513671875
miniFE.c 25 Ap -75092447695.1390380859375000
miniFE.c 25 Ap -16178555343.0685119628906250
miniFE.c 25 Ap -12310777780.0962219238281250
miniFE.c 25 Ap -26609409417.3191108703613281
miniFE.c 25 Ap 77627538881.1952514648437500
miniFE.c 25 Ap 73300642981.6985626220703125
miniFE.c 25 Ap 81787402294.7052001953125000
miniFE.c 25 Ap 81180202260.7204742431640625
miniFE.c 25 Ap 90708560786.3393096923828125
miniFE.c 25 Ap -16587746354.7352943420410156
miniFE.c 25 Ap -9496854979.0977058410644531
miniFE.c 25 Ap -34485058793.0903472900390625
miniFE.c 25 Ap -28638838550.5743637084960938
miniFE.c 25 Ap -107154337248.3602294921875000
miniFE.c 25 Ap -103717642556.7058258056640625
miniFE.c 25 Ap -110280139916.4681396484375000
miniFE.c 25 Ap -102612010300.6286163330078125
miniFE.c 25 Ap -18938471577.6736793518066406
miniFE.c 25 Ap -12678583971.0405616760253906
miniFE.c 25 Ap -36740800148.7433013916015625
miniFE.c 25 Ap -19072159026.4696273803710938
miniFE.c 25 Ap -24367616569.8303031921386719
miniFE.c 25 Ap 26513077325.3260383605957031
miniFE.c 25 Ap 22958213097.5300445556640625
miniFE.c 25 Ap 29873114393.8517570495605469
miniFE.c 25 Ap -5893652732.4110078811645508
miniFE.c 25 Ap 1498031832.3032636642456055
miniFE.c 25 Ap -16281127141.6219635009765625
miniFE.c 25 Ap -14208821692.7732677459716797
miniFE.c 25 Ap -30785304889.3117294311523438
miniFE.c 25 Ap -24957785382.4356613159179688
miniFE.c 25 Ap -55619721567.2395019531250000
miniFE.c 25 Ap -50221715456.4510192871093750
miniFE.c 25 Ap -7558289466.7199583053588867
miniFE.c 25 Ap -3048400809.7412500381469727
miniFE.c 25 Ap -21421436061.2548980712890625
miniFE.c 25 Ap -13897083081.0065422058105469
miniFE.c 25 Ap -18378772847.5681800842285156
miniFE.c 25 Ap -15755908727.6041526794433594
miniFE.c 25 Ap -17004908792.4341430664062500
miniFE.c 25 Ap 113925343978.4623565673828125
miniFE.c 57 sum 64933759124482834432.0000000000000000
miniFE.c 57 sum 75694211122324635648.0000000000000000
miniFE.c 57 sum 187398299773459234816.0000000000000000
miniFE.c 57 sum 331969191894143795200.0000000000000000
miniFE.c 57 sum 453010067038878105600.0000000000000000
miniFE.c 57 sum 475879311798706503680.0000000000000000
miniFE.c 57 sum 499332513903197290496.0000000000000000
miniFE.c 57 sum 729265808639267700736.0000000000000000
miniFE.c 90 p_ap_dot 729265808639267700736.0000000000000000
miniFE.c 91 alpha 0.0000000003006027
miniFE.c 40 y 0.7869361211846398
miniFE.c 40 y 2.1263195164512902
miniFE.c 40 y 0.6983965329858114
miniFE.c 40 y 2.4892420081730160
miniFE.c 40 y 0.4789545989344339
miniFE.c 40 y 2.1646658148209497
miniFE.c 40 y 0.7968578178306955
miniFE.c 40 y 2.6125097675529161
miniFE.c 40 y 10.2634248192684829
miniFE.c 40 y -1.5912244630436962
miniFE.c 40 y 16.8273905174053802
miniFE.c 40 y -29.4708122386087759
miniFE.c 40 y 39.3569030681714622
miniFE.c 40 y -7.5006497698407291
miniFE.c 40 y 20.3618560472568753
miniFE.c 40 y -35.8737425718985605
miniFE.c 82 oldrtrans 219219274603.4544982910156250
miniFE.c 48 sum 105.3378890207762879
miniFE.c 48 sum 107.8698843125649915
miniFE.c 48 sum 391.0309559378295035
miniFE.c 48 sum 1259.5597299411624590
miniFE.c 48 sum 2808.5255490586068845
miniFE.c 48 sum 2864.7852960284185428
miniFE.c 48 sum 3279.3904777176298921
miniFE.c 48 sum 4566.3158838324770841
miniFE.c 83 rtrans 4566.3158838324770841
miniFE.c 84 beta 0.0000000208299014
miniFE.c 40 y -14.3053761819101233
miniFE.c 40 y 11.9178149557141317
miniFE.c 40 y -14.1582176031671665
miniFE.c 40 y 3.7277900534296613
miniFE.c 40 y 14.7860025260081152
miniFE.c 40 y 8.4455990237679188
miniFE.c 40 y 10.6344326835001350
miniFE.c 40 y 6.1668403218524617
miniFE.c 87 normr 67.5745209663559336
miniFE.c 25 Ap -959.8150663661670023
miniFE.c 25 Ap -780.0044373310822721
miniFE.c 25 Ap -911.9478828753465223
miniFE.c 25 Ap -860.8156878853791341
miniFE.c 25 Ap -652.8740721010913148
miniFE.c 25 Ap -517.2681559358641152
miniFE.c 25 Ap -464.1305331557194336
miniFE.c 25 Ap -424.6130318623485778
miniFE.c 25 Ap -215.8330784133780753
miniFE.c 25 Ap 575.9459074952698074
miniFE.c 25 Ap 372.1812644970160591
miniFE.c 25 Ap 394.4131184623007016
miniFE.c 25 Ap 556.0775035406883262
miniFE.c 25 Ap 637.5966718474365962
miniFE.c 25 Ap 758.8016612586878864
miniFE.c 25 Ap 801.6852645064983562
miniFE.c 25 Ap -133.3148476843471713
miniFE.c 25 Ap 38.2059876238419349
miniFE.c 25 Ap -919.9385046924772951
miniFE.c 25 Ap -884.1063343356520363
miniFE.c 25 Ap -635.7284024233131277
miniFE.c 25 Ap -499.1150107505406481
miniFE.c 25 Ap -372.0129093833080560
miniFE.c 25 Ap -295.8452162052535641
miniFE.c 25 Ap -196.2195493454083817
miniFE.c 25 Ap -125.1438938274811505
miniFE.c 25 Ap -261.2351591172044891
miniFE.c 25 Ap -17.4313151019132988
miniFE.c 25 Ap 36.8053981957673813
miniFE.c 25 Ap 130.4323799573659244
miniFE.c 25 Ap 144.2596202687313678
miniFE.c 25 Ap 173.3734460997258395
miniFE.c 25 Ap -201.1823704504366503
miniFE.c 25 Ap -70.8776296724910537
miniFE.c 25 Ap -308.7099174496617024
miniFE.c 25 Ap -295.0359660211957475
miniFE.c 25 Ap 689.1389924730872281
miniFE.c 25 Ap 727.0530347297793696
miniFE.c 25 Ap 876.4951015238943910
miniFE.c 25 Ap 899.9250122986406950
miniFE.c 25 Ap -229.6928421272216951
miniFE.c 25 Ap -114.6589220358906829
miniFE.c 25 Ap -343.6778609372657911
miniFE.c 25 Ap -302.3519904618504484
miniFE.c 25 Ap -235.9745644200771153
miniFE.c 25 Ap 325.3475638083464787
miniFE.c 25 Ap 406.2994070245608782
miniFE.c 25 Ap 427.4278344906708753
miniFE.c 25 Ap -71.4804170477117680
miniFE.c 25 Ap 64.3518063066940442
miniFE.c 25 Ap -104.8663609933037435
miniFE.c 25 Ap -100.0193653487627330
miniFE.c 25 Ap 107.7633009083704678
miniFE.c 25 Ap 172.0532191754585369
miniFE.c 25 Ap 870.2909271952471499
miniFE.c 25 Ap 886.7844931459399049
miniFE.c 25 Ap -91.6697518123795305
miniFE.c 25 Ap -8.7944345562091115
miniFE.c 25 Ap -183.6649870699193343
miniFE.c 25 Ap -166.0659858495563981
miniFE.c 25 Ap -109.8889645843977689
miniFE.c 25 Ap -80.9532021731006637
miniFE.c 25 Ap -52.5108057984165910
miniFE.c 25 Ap 347.5455695920542212
miniFE.c 57 sum 6074.2491525322857342
miniFE.c 57 sum 15628.5857876434711216
miniFE.c 57 sum 19817.2267355334879539
miniFE.c 57 sum 20463.5265434328684933
miniFE.c 57 sum 33769.8200484984554350
miniFE.c 57 sum 37379.7041502041029162
miniFE.c 57 sum 46810.1541473363904515
miniFE.c 57 sum 48953.4121795778482920
miniFE.c 90 p_ap_dot 48953.4121795778482920
miniFE.c 91 alpha 0.0932788069416218
miniFE.c 40 y -0.5474523019150287
miniFE.c 40 y 3.2379990768713212
miniFE.c 40 y -0.6222651134574896
miniFE.c 40 y 2.8369658168857792
miniFE.c 40 y 1.8581752739962765
miniFE.c 40 y 2.9524612156653465
miniFE.c 40 y 1.7888250110485773
miniFE.c 40 y 3.1877452753748003
miniFE.c 40 y 49.8708218432531822
miniFE.c 40 y -76.3714694788883293
miniFE.c 40 y 44.4234793244175776
miniFE.c 40 y -45.6428804461487658
miniFE.c 40 y -44.5870284159700248
miniFE.c 40 y -47.3706082247714733
miniFE.c 40 y -62.3563434877271590
miniFE.c 40 y -68.2923786612917638
miniFE.c 82 oldrtrans 4566.3158838324770841
miniFE.c 48 sum 2487.0988713214987911
miniFE.c 48 sum 8319.7002216862711066
miniFE.c 48 sum 10293.1457369732270308
miniFE.c 48 sum 12376.4182723946560145
miniFE.c 48 sum 14364.4213753611747961
miniFE.c 48 sum 16608.3958989459606528
miniFE.c 48 sum 20496.7094721053726971
miniFE.c 48 sum 25160.5584553226326534
miniFE.c 83 rtrans 25160.5584553226326534
miniFE.c 84 beta 5.5100345870521670
miniFE.c 40 y -28.9522956998638676
miniFE.c 40 y -10.7038968708158677
miniFE.c 40 y -33.5887893600443377
miniFE.c 40 y -25.1026283184822852
miniFE.c 40 y 36.8843569065753911
miniFE.c 40 y -0.8350654954362255
miniFE.c 40 y -3.7602515879634240
miniFE.c 40 y -34.3128751950567832
miniFE.c 87 normr 158.6208008280207764
miniFE.c 25 Ap -1942.5458838166134683
miniFE.c 25 Ap -2104.0414630498912629
miniFE.c 25 Ap -2417.0625455082781627
miniFE.c 25 Ap -2761.3824958124573641
miniFE.c 25 Ap -2242.6626620489560082
miniFE.c 25 Ap -2256.0708076698783771
miniFE.c 25 Ap -2274.8598523125378961
miniFE.c 25 Ap -2494.7389182735992108
miniFE.c 25 Ap -436.8192089864811010
miniFE.c 25 Ap -1147.9496167951579082
miniFE.c 25 Ap -1631.3584656012353662
miniFE.c 25 Ap -1781.0659220090531107
miniFE.c 25 Ap -1377.7867484917514957
miniFE.c 25 Ap -1385.8470227811237692
miniFE.c 25 Ap -1428.7041518322939737
miniFE.c 25 Ap -1667.3125232769498325
miniFE.c 25 Ap -269.8126104660154283
miniFE.c 25 Ap -423.8627731138913077
miniFE.c 25 Ap -2696.9535272565744890
miniFE.c 25 Ap -2938.2443836137817925
miniFE.c 25 Ap -2318.6543171128851100
miniFE.c 25 Ap -2332.1620776967579332
miniFE.c 25 Ap -2377.1043790610015094
miniFE.c 25 Ap -2800.9085337839310341
miniFE.c 25 Ap -397.1238744442257484
miniFE.c 25 Ap -460.9599458647473398
miniFE.c 25 Ap -783.8212672316315093
miniFE.c 25 Ap -2425.5760847547971935
miniFE.c 25 Ap -2290.2801325735049431
miniFE.c 25 Ap -2299.5375767987065956
miniFE.c 25 Ap -2304.4267800016791625
miniFE.c 25 Ap -2466.4188245580476178
miniFE.c 25 Ap -407.1680048684224857
miniFE.c 25 Ap -524.2002387341435679
miniFE.c 25 Ap -1088.4307683862530212
miniFE.c 25 Ap -1180.5100205528176502
miniFE.c 25 Ap 1274.5592494385430200
miniFE.c 25 Ap 1270.8104675709721505
miniFE.c 25 Ap 1217.9689304908620215
miniFE.c 25 Ap 1087.6027198730253076
miniFE.c 25 Ap -464.8696406752941925
miniFE.c 25 Ap -568.1865005089765646
miniFE.c 25 Ap -1111.5083446723519955
miniFE.c 25 Ap -1389.7933209219315813
miniFE.c 25 Ap -1224.2118077064349109
miniFE.c 25 Ap -1279.7129911972965601
miniFE.c 25 Ap -1308.3369249850036340
miniFE.c 25 Ap -1425.8974676414195528
miniFE.c 25 Ap -144.6674414428861724
miniFE.c 25 Ap -266.6641426772916930
miniFE.c 25 Ap -668.1153377811799601
miniFE.c 25 Ap -700.7546035076051112
miniFE.c 25 Ap -182.4312765808493850
miniFE.c 25 Ap -188.7879947127633500
miniFE.c 25 Ap -435.6793455255834147
miniFE.c 25 Ap -527.4510860686489195
miniFE.c 25 Ap -185.5281348393567669
miniFE.c 25 Ap -259.9619846971169750
miniFE.c 25 Ap -674.8228321772157869
miniFE.c 25 Ap -793.3330433423635668
miniFE.c 25 Ap -653.1969045416492463
miniFE.c 25 Ap -656.0579516628556576
miniFE.c 25 Ap -666.1149588692043153
miniFE.c 25 Ap -2892.0659748404627862
miniFE.c 57 sum 72228.4188558157620719
miniFE.c 57 sum 90075.1601563920121407
miniFE.c 57 sum 184154.2869144111173227
miniFE.c 57 sum 246067.8819449997390620
miniFE.c 57 sum 286183.4088373585254885
miniFE.c 57 sum 287374.1266126157715917
miniFE.c 57 sum 289357.4753965784329921
miniFE.c 57 sum 388592.5742471494595520
miniFE.c 90 p_ap_dot 388592.5742471494595520
miniFE.c 91 alpha 0.0647479136832919
miniFE.c 40 y -2.4220530448229578
miniFE.c 40 y 2.5449440862048771
miniFE.c 40 y -2.7970691476679139
miniFE.c 40 y 1.2116230052969292
miniFE.c 40 y 4.2463604312469512
miniFE.c 40 y 2.8983924670469463
miniFE.c 40 y 1.5453565658036603
miniFE.c 40 y 0.9660581940196962
miniFE.c 40 y 211.3999619859811787
miniFE.c 40 y 31.5835378613192290
miniFE.c 40 y 225.7764633046552092
miniFE.c 40 y 114.0525927131819657
miniFE.c 40 y -115.0070354440221649
miniFE.c 40 y 44.9532779312996666
miniFE.c 40 y -28.2049860947957143
miniFE.c 40 y 118.9628594440639517
miniFE.c 82 oldrtrans 25160.5584553226326534
miniFE.c 48 sum 44689.9439276742850780
miniFE.c 48 sum 45687.4637915116691147
miniFE.c 48 sum 96662.4751738699851558
miniFE.c 48 sum 109670.4690784689591965
miniFE.c 48 sum 122897.0872800915240077
miniFE.c 48 sum 124917.8844768601993565
miniFE.c 48 sum 125713.4057174678164301
miniFE.c 48 sum 139865.5676445759308990
miniFE.c 83 rtrans 139865.5676445759308990
miniFE.c 84 beta 5.5589214322461844
miniFE.c 40 y 50.4564249072788868
miniFE.c 40 y -27.9185838624119640
miniFE.c 40 y 39.0590222479021349
miniFE.c 40 y -25.4909458521392054
miniFE.c 40 y 90.0302066785573629
miniFE.c 40 y 40.3112144513899580
miniFE.c 40 y -49.1079292377633436
miniFE.c 40 y -71.7797178797256663
miniFE.c 87 normr 373.9860527407084305
miniFE.c 25 Ap 3385.3591967906540958
miniFE.c 25 Ap 2964.1361668373206157
miniFE.c 25 Ap 3328.1355147372592000
miniFE.c 25 Ap 2978.4892108658505094
miniFE.c 25 Ap 4244.6209197711414163
miniFE.c 25 Ap 4891.8739034884392822
miniFE.c 25 Ap 4646.4937598537871963
miniFE.c 25 Ap 4186.5248055582787856
miniFE.c 25 Ap 761.2638336098156060
miniFE.c 25 Ap -1093.5516758378644226
miniFE.c 25 Ap -531.4153994167243127
miniFE.c 25 Ap -683.4387101448457997
miniFE.c 25 Ap 300.9164578978957252
miniFE.c 25 Ap 690.0110225657556384
miniFE.c 25 Ap 130.3078187919793436
miniFE.c 25 Ap -368.8413049312807175
miniFE.c 25 Ap 470.2141709294371594
miniFE.c 25 Ap 68.4107495391200473
miniFE.c 25 Ap 2711.6945364556518143
miniFE.c 25 Ap 2466.6711040093655356
miniFE.c 25 Ap 3979.0147212329738977
miniFE.c 25 Ap 4631.0764297221776360
miniFE.c 25 Ap 4044.1414059481844561
miniFE.c 25 Ap 3157.5779078636533086
miniFE.c 25 Ap 692.0850476764418318
miniFE.c 25 Ap 525.5837505404475678
miniFE.c 25 Ap 901.0259077161763344
miniFE.c 25 Ap -766.1255405311346749
miniFE.c 25 Ap -435.8846590510382839
miniFE.c 25 Ap 11.0010301234810868
miniFE.c 25 Ap -52.8507200331236575
miniFE.c 25 Ap -391.7247779754090971
miniFE.c 25 Ap 709.5893906052749571
miniFE.c 25 Ap 404.3384829013688773
miniFE.c 25 Ap 1060.4589692456333978
miniFE.c 25 Ap 966.9553248740513709
miniFE.c 25 Ap 6959.4793194592448344
miniFE.c 25 Ap 7140.4447055529253703
miniFE.c 25 Ap 6450.3476726705775945
miniFE.c 25 Ap 6177.6322629008564036
miniFE.c 25 Ap 810.1485408812327478
miniFE.c 25 Ap 540.6709430979251465
miniFE.c 25 Ap 1172.4775786830932702
miniFE.c 25 Ap 889.8877569703217887
miniFE.c 25 Ap 1294.0519910031482596
miniFE.c 25 Ap 3973.2671211137803766
miniFE.c 25 Ap 3599.4458269608380760
miniFE.c 25 Ap 3353.5188232429841264
miniFE.c 25 Ap 252.1182420682955865
miniFE.c 25 Ap -66.0813048309971975
miniFE.c 25 Ap 400.7497855345942526
miniFE.c 25 Ap 367.6056165364297499
miniFE.c 25 Ap 1632.7695007199256452
miniFE.c 25 Ap 1939.6280995041597635
miniFE.c 25 Ap -1284.7101399747530195
miniFE.c 25 Ap -1476.6890868879984282
miniFE.c 25 Ap 323.3279495606122964
miniFE.c 25 Ap 129.1848534026180175
miniFE.c 25 Ap 611.6094772202394552
miniFE.c 25 Ap 491.2660081058064065
miniFE.c 25 Ap 833.3211934875032512
miniFE.c 25 Ap 971.4328562119161461
miniFE.c 25 Ap 840.0909003135515150
miniFE.c 25 Ap -3816.4158783292300541
miniFE.c 57 sum 211237.0744741116359364
miniFE.c 57 sum 221534.6013777570624370
miniFE.c 57 sum 344866.5071304877637886
miniFE.c 57 sum 354851.9422348001971841
miniFE.c 57 sum 911025.4516478882869706
miniFE.c 57 sum 1046209.8680984091479331
miniFE.c 57 sum 1118727.0112834824249148
miniFE.c 57 sum 1392668.2663416599389166
miniFE.c 90 p_ap_dot 1392668.2663416599389166
miniFE.c 91 alpha 0.1004299236400229
miniFE.c 40 y 2.6452818557636082
miniFE.c 40 y -0.2589171592347310
miniFE.c 40 y 1.1256254741428515
miniFE.c 40 y -1.3484307401453688
miniFE.c 40 y 13.2880872132699430
miniFE.c 40 y 6.9468446562366255
miniFE.c 40 y -3.3865490176645578
miniFE.c 40 y -6.2427733915435368
miniFE.c 40 y -209.0524045532982882
miniFE.c 40 y 68.6262419508541370
miniFE.c 40 y -91.3388448695146451
miniFE.c 40 y 153.3934822531572024
miniFE.c 40 y -735.4261718832967745
miniFE.c 40 y -291.8403614123725447
miniFE.c 40 y 120.0987861414210442
miniFE.c 40 y 502.2452146832392827
miniFE.c 82 oldrtrans 139865.5676445759308990
miniFE.c 48 sum 43702.9078495158901205
miniFE.c 48 sum 48412.4689338130629039
miniFE.c 48 sum 56755.2535159103281330
miniFE.c 48 sum 80284.8139136599784251
miniFE.c 48 sum 621136.4682045803638175
miniFE.c 48 sum 706307.2647538846358657
miniFE.c 48 sum 720730.9831865273881704
miniFE.c 48 sum 972981.2388587405439466
miniFE.c 83 rtrans 972981.2388587405439466
miniFE.c 84 beta 6.9565458836249414
miniFE.c 40 y 141.9500304378636315
miniFE.c 40 y -125.5906676938455178
miniFE.c 40 y 180.3770355675439703
miniFE.c 40 y -23.9354521842480494
miniFE.c 40 y -109.1269082116758682
miniFE.c 40 y -11.4135484566334640
miniFE.c 40 y -221.5227768508864301
miniFE.c 40 y 2.9063137392740828
miniFE.c 87 normr 986.3981137749303798
miniFE.c 25 Ap 9524.0961267196344124
miniFE.c 25 Ap 7629.2406483553550061
miniFE.c 25 Ap 9310.2126631178725802
miniFE.c 25 Ap 8981.9022725871564035
miniFE.c 25 Ap 7447.2058203739916280
miniFE.c 25 Ap 7263.9453209349021563
miniFE.c 25 Ap 6157.0509426596818230
miniFE.c 25 Ap 6175.6747841987153151
miniFE.c 25 Ap 2141.6781817327896533
miniFE.c 25 Ap -6202.1375156694703037
miniFE.c 25 Ap -3606.1566310924445133
miniFE.c 25 Ap -3748.9032637960981447
miniFE.c 25 Ap -4942.0543186883596718
miniFE.c 25 Ap -5052.2209243956749560
miniFE.c 25 Ap -7577.0068365037368494
miniFE.c 25 Ap -7556.7966155795711529
miniFE.c 25 Ap 1322.8625690069343364
miniFE.c 25 Ap -484.6345527228595529
miniFE.c 25 Ap 11722.2171862083123415
miniFE.c 25 Ap 11492.1454311091874843
miniFE.c 25 Ap 9659.0119841259784152
miniFE.c 25 Ap 9474.3899624914974993
miniFE.c 25 Ap 6826.7630249363137409
miniFE.c 25 Ap 6862.6594000034237979
miniFE.c 25 Ap 1947.0561730006520520
miniFE.c 25 Ap 1198.0565395574130889
miniFE.c 25 Ap 2931.8721714138700918
miniFE.c 25 Ap 1366.4526689408128277
miniFE.c 25 Ap 966.1629474066660350
miniFE.c 25 Ap 839.6336047067577510
miniFE.c 25 Ap 551.6023799935991292
miniFE.c 25 Ap 565.3231685334967551
miniFE.c 25 Ap 1996.3014775601557176
miniFE.c 25 Ap 623.1420973560493621
miniFE.c 25 Ap 3653.1480086860547090
miniFE.c 25 Ap 3565.3500893035884474
miniFE.c 25 Ap -3698.2744211699041443
miniFE.c 25 Ap -3749.5122027962624998
miniFE.c 25 Ap -6862.4964681376404769
miniFE.c 25 Ap -6851.4543999080942740
miniFE.c 25 Ap 2279.2064687225138186
miniFE.c 25 Ap 1066.9719370239104137
miniFE.c 25 Ap 3984.6949474834755165
miniFE.c 25 Ap 3719.3491574686418062
miniFE.c 25 Ap 3229.4558772364289325
miniFE.c 25 Ap 2470.8741245051160149
miniFE.c 25 Ap 784.5898031725012061
miniFE.c 25 Ap 794.5472263956089591
miniFE.c 25 Ap 709.2890984904560128
miniFE.c 25 Ap -722.1192333900559106
miniFE.c 25 Ap 1433.7362730910958817
miniFE.c 25 Ap 1402.6146082912143811
miniFE.c 25 Ap -130.9087296586744742
miniFE.c 25 Ap -217.7913883486495479
miniFE.c 25 Ap -14762.5781753795181430
miniFE.c 25 Ap -14754.8050736239456455
miniFE.c 25 Ap 909.6247378977477638
miniFE.c 25 Ap 36.2795426401800114
miniFE.c 25 Ap 2264.1469730309618171
miniFE.c 25 Ap 2151.1470330764655046
miniFE.c 25 Ap 1736.5370238853333831
miniFE.c 25 Ap 1697.4326660438655381
miniFE.c 25 Ap 1104.9573725578893573
miniFE.c 25 Ap 1293.4962805885506896
miniFE.c 57 sum 876637.2235913545591757
miniFE.c 57 sum 1825700.3561685848981142
miniFE.c 57 sum 3063566.5148509424179792
miniFE.c 57 sum 3050035.2491818615235388
miniFE.c 57 sum 3797713.2845971146598458
miniFE.c 57 sum 3788644.6813275646418333
miniFE.c 57 sum 7057170.0731302890926600
miniFE.c 57 sum 7060929.3791422639042139
miniFE.c 90 p_ap_dot 7060929.3791422639042139
miniFE.c 91 alpha 0.1377978997683921
miniFE.c 40 y 22.2056979221605459
miniFE.c 40 y -17.5650473979566932
miniFE.c 40 y 25.9812021417989669
miniFE.c 40 y -4.6466857811415228
miniFE.c 40 y -1.7493715465170894
miniFE.c 40 y 5.3740816500077617
miniFE.c 40 y -33.9119224185788894
miniFE.c 40 y -5.8422894622035457
miniFE.c 40 y -1060.0474194684993563
miniFE.c 40 y 1109.9369445546124098
miniFE.c 40 y -1036.9988970158001393
miniFE.c 40 y 75.4931369388285987
miniFE.c 40 y 208.6898547829476911
miniFE.c 40 y -401.3273004764885741
miniFE.c 40 y 2153.2799367788165910
miniFE.c 40 y 324.0041438599101866
miniFE.c 82 oldrtrans 972981.2388587405439466
miniFE.c 48 sum 1123700.5315218246541917
miniFE.c 48 sum 2355660.5524090533144772
miniFE.c 48 sum 3431027.2648210395127535
miniFE.c 48 sum 3436726.4785459041595459
miniFE.c 48 sum 3480277.9340352318249643
miniFE.c 48 sum 3641341.5361429774202406
miniFE.c 48 sum 8277956.0222771614789963
miniFE.c 48 sum 8382934.7075155545026064
miniFE.c 83 rtrans 8382934.7075155545026064
miniFE.c 84 beta 8.6157208101446301
miniFE.c 40 y 162.9544117756659034
miniFE.c 40 y 27.8828153447886962
miniFE.c 40 y 517.0792819956866424
miniFE.c 40 y -130.7280365452190551
miniFE.c 40 y -731.5171192431309919
miniFE.c 40 y -499.6632474318996628
miniFE.c 40 y 244.7015383436091724
miniFE.c 40 y 349.0441316241831373
miniFE.c 87 normr 2895.3298097998358571
miniFE.c 25 Ap 10933.3790013088892010
miniFE.c 25 Ap 11354.0623719641553180
miniFE.c 25 Ap 16172.8343387690238160
miniFE.c 25 Ap 14379.7045327768919378
miniFE.c 25 Ap 4092.0793628418523440
miniFE.c 25 Ap -3930.7136032237012842
miniFE.c 25 Ap -2708.0007021021956461
miniFE.c 25 Ap -471.3039168741374851
miniFE.c 25 Ap 2458.5828353859483286
miniFE.c 25 Ap 4311.0220064933837421
miniFE.c 25 Ap 11752.8115205968460941
miniFE.c 25 Ap 10973.1735645998833206
miniFE.c 25 Ap 2975.0506744719941707
miniFE.c 25 Ap -1847.8319001645177195
miniFE.c 25 Ap 941.1318599683172579
miniFE.c 25 Ap 3368.3505449579874949
miniFE.c 25 Ap 1518.6068726271387277
miniFE.c 25 Ap 1919.8955145848772190
miniFE.c 25 Ap 36912.7653814963559853
miniFE.c 25 Ap 35656.1846168173142360
miniFE.c 25 Ap 23368.0283746897366655
miniFE.c 25 Ap 15285.6305798380308261
miniFE.c 25 Ap 18210.2886840285464132
miniFE.c 25 Ap 22521.3920912212088297
miniFE.c 25 Ap 2235.1625595768036874
miniFE.c 25 Ap 2401.4505398551000326
miniFE.c 25 Ap 7371.7070872719896215
miniFE.c 25 Ap -1178.1300477278282415
miniFE.c 25 Ap -3861.4167710289880233
miniFE.c 25 Ap -9400.6285691018092621
miniFE.c 25 Ap -9082.4595537966833945
miniFE.c 25 Ap -7434.6124351632297476
miniFE.c 25 Ap 2291.6947041100174829
miniFE.c 25 Ap 2596.5545327919526244
miniFE.c 25 Ap 11282.5453860262568924
miniFE.c 25 Ap 10803.0203064383003948
miniFE.c 25 Ap -37887.6808619547446142
miniFE.c 25 Ap -40130.7726099687570240
miniFE.c 25 Ap -36692.0650901490516844
miniFE.c 25 Ap -35365.9284571922908071
miniFE.c 25 Ap 2616.4612172348020067
miniFE.c 25 Ap 2885.5935677715842758
miniFE.c 25 Ap 11249.7077387563931552
miniFE.c 25 Ap 9800.4711057001150039
miniFE.c 25 Ap 6516.5393333740157686
miniFE.c 25 Ap -26692.7139897691376973
miniFE.c 25 Ap -24829.9873962299207051
miniFE.c 25 Ap -23634.1150803277014347
miniFE.c 25 Ap 814.2427829488821089
miniFE.c 25 Ap 1132.0346613877302389
miniFE.c 25 Ap 7312.1352150432576309
miniFE.c 25 Ap 7142.1583079019574143
miniFE.c 25 Ap -3137.6030530012185409
miniFE.c 25 Ap -6941.1591119689746847
miniFE.c 25 Ap 9125.5034329033842369
miniFE.c 25 Ap 10059.0418584477647528
miniFE.c 25 Ap 1044.2221367864090098
miniFE.c 25 Ap 1238.1165021781657742
miniFE.c 25 Ap 7624.6506175848298881
miniFE.c 25 Ap 7007.4798966698272125
miniFE.c 25 Ap 4228.1991078788687446
miniFE.c 25 Ap 2516.2853676387771884
miniFE.c 25 Ap 3170.7535799264455818
miniFE.c 25 Ap 25814.0073145941460098
miniFE.c 57 sum -76801.0525417924072826
miniFE.c 57 sum 17118.0437197895371355
miniFE.c 57 sum 11662463.2957917880266905
miniFE.c 57 sum 12634375.5819153469055891
miniFE.c 57 sum 38505157.6862793192267418
miniFE.c 57 sum 50314256.3774950951337814
miniFE.c 57 sum 52775719.3945200219750404
miniFE.c 57 sum 61785947.1613828465342522
miniFE.c 90 p_ap_dot 61785947.1613828465342522
miniFE.c 91 alpha 0.1356770445813448
miniFE.c 40 y 44.3148709133743921
miniFE.c 40 y -13.7819894173683934
miniFE.c 40 y 96.1369909372174902
miniFE.c 40 y -22.3834794235188781
miniFE.c 40 y -100.9994523460842970
miniFE.c 40 y -62.4187510474696055
miniFE.c 40 y -0.7115408916093742
miniFE.c 40 y 41.5149867450275352
miniFE.c 40 y -996.1022969274046091
miniFE.c 40 y 652.9290975007504585
miniFE.c 40 y -4092.6348158103664900
miniFE.c 40 y 1084.1993797494906175
miniFE.c 40 y 5007.0345067300768278
miniFE.c 40 y 2805.2795849177664422
miniFE.c 40 y 788.4988661045856588
miniFE.c 40 y -3178.3640773854408508
