filename line variable value
miniFE.c 167 A 67.0947100000000063
miniFE.c 167 A 15.0875500000000002
miniFE.c 167 A 9.3192129999999995
miniFE.c 167 A 13.7164900000000003
miniFE.c 167 A 14.0634099999999993
miniFE.c 167 A 16.0564000000000000
miniFE.c 167 A 4.9967519999999999
miniFE.c 167 A 6.4080630000000003
miniFE.c 167 A 15.0875500000000002
miniFE.c 167 A 66.4365899999999954
miniFE.c 167 A 14.3919700000000006
miniFE.c 167 A 5.9638159999999996
miniFE.c 167 A 10.9336099999999998
miniFE.c 167 A 9.6522659999999991
miniFE.c 167 A 11.3974100000000007
miniFE.c 167 A 6.9539020000000002
miniFE.c 167 A 9.3192129999999995
miniFE.c 167 A 14.3919700000000006
miniFE.c 167 A 67.6740900000000067
miniFE.c 167 A 9.6121750000000006
miniFE.c 167 A 16.7981799999999986
miniFE.c 167 A 16.1756899999999995
miniFE.c 167 A 11.9519400000000005
miniFE.c 167 A 12.3511699999999998
miniFE.c 167 A 13.7164900000000003
miniFE.c 167 A 5.9638159999999996
miniFE.c 167 A 9.6121750000000006
miniFE.c 167 A 65.4017099999999942
miniFE.c 167 A 3.6681119999999998
miniFE.c 167 A 11.0858899999999991
miniFE.c 167 A 1.3002330000000000
miniFE.c 167 A 4.7210279999999996
miniFE.c 167 A 14.0634099999999993
miniFE.c 167 A 10.9336099999999998
miniFE.c 167 A 16.7981799999999986
miniFE.c 167 A 3.6681119999999998
miniFE.c 167 A 66.5612600000000043
miniFE.c 167 A 4.4892070000000004
miniFE.c 167 A 14.0526599999999995
miniFE.c 167 A 3.7993380000000001
miniFE.c 167 A 16.0564000000000000
miniFE.c 167 A 9.6522659999999991
miniFE.c 167 A 16.1756899999999995
miniFE.c 167 A 11.0858899999999991
miniFE.c 167 A 4.4892070000000004
miniFE.c 167 A 66.4632699999999943
miniFE.c 167 A 7.6122389999999998
miniFE.c 167 A 3.4261349999999999
miniFE.c 167 A 4.9967519999999999
miniFE.c 167 A 11.3974100000000007
miniFE.c 167 A 11.9519400000000005
miniFE.c 167 A 1.3002330000000000
miniFE.c 167 A 14.0526599999999995
miniFE.c 167 A 7.6122389999999998
miniFE.c 167 A 65.6581999999999937
miniFE.c 167 A 2.6745570000000001
miniFE.c 167 A 6.4080630000000003
miniFE.c 167 A 6.9539020000000002
miniFE.c 167 A 12.3511699999999998
miniFE.c 167 A 4.7210279999999996
miniFE.c 167 A 3.7993380000000001
miniFE.c 167 A 3.4261349999999999
miniFE.c 167 A 2.6745570000000001
miniFE.c 167 A 64.8721800000000002
miniFE.c 175 b 198.0110999999999990
miniFE.c 175 b 229.8237000000000023
miniFE.c 175 b 210.8053999999999917
miniFE.c 175 b 202.6418999999999926
miniFE.c 175 b 157.2561000000000035
miniFE.c 175 b 225.5886000000000138
miniFE.c 175 b 142.6283999999999992
miniFE.c 175 b 185.1795999999999935
miniFE.c 33 r 0.0000000000000000
miniFE.c 33 r 0.0000000000000000
miniFE.c 33 r 0.0000000000000000
miniFE.c 33 r 0.0000000000000000
miniFE.c 33 r 0.0000000000000000
miniFE.c 33 r 0.0000000000000000
miniFE.c 33 r 0.0000000000000000
miniFE.c 33 r 0.0000000000000000
miniFE.c 25 Ap 0.0000000000000000
miniFE.c 25 Ap 0.0000000000000000
miniFE.c 25 Ap 0.0000000000000000
miniFE.c 25 Ap 0.0000000000000000
miniFE.c 25 Ap 0.0000000000000000
miniFE.c 25 Ap 0.0000000000000000
miniFE.c 25 Ap 0.0000000000000000
miniFE.c 25 Ap 0.0000000000000000
miniFE.c 25 Ap 0.0000000000000000
miniFE.c 25 Ap 0.0000000000000000
miniFE.c 25 Ap 0.0000000000000000
miniFE.c 25 Ap 0.0000000000000000
miniFE.c 25 Ap 0.0000000000000000
miniFE.c 25 Ap 0.0000000000000000
miniFE.c 25 Ap 0.0000000000000000
miniFE.c 25 Ap 0.0000000000000000
miniFE.c 25 Ap 0.0000000000000000
miniFE.c 25 Ap 0.0000000000000000
miniFE.c 25 Ap 0.0000000000000000
miniFE.c 25 Ap 0.0000000000000000
miniFE.c 25 Ap 0.0000000000000000
miniFE.c 25 Ap 0.0000000000000000
miniFE.c 25 Ap 0.0000000000000000
miniFE.c 25 Ap 0.0000000000000000
miniFE.c 25 Ap 0.0000000000000000
miniFE.c 25 Ap 0.0000000000000000
miniFE.c 25 Ap 0.0000000000000000
miniFE.c 25 Ap 0.0000000000000000
miniFE.c 25 Ap 0.0000000000000000
miniFE.c 25 Ap 0.0000000000000000
miniFE.c 25 Ap 0.0000000000000000
miniFE.c 25 Ap 0.0000000000000000
miniFE.c 25 Ap 0.0000000000000000
miniFE.c 25 Ap 0.0000000000000000
miniFE.c 25 Ap 0.0000000000000000
miniFE.c 25 Ap 0.0000000000000000
miniFE.c 25 Ap 0.0000000000000000
miniFE.c 25 Ap 0.0000000000000000
miniFE.c 25 Ap 0.0000000000000000
miniFE.c 25 Ap 0.0000000000000000
miniFE.c 25 Ap 0.0000000000000000
miniFE.c 25 Ap 0.0000000000000000
miniFE.c 25 Ap 0.0000000000000000
miniFE.c 25 Ap 0.0000000000000000
miniFE.c 25 Ap 0.0000000000000000
miniFE.c 25 Ap 0.0000000000000000
miniFE.c 25 Ap 0.0000000000000000
miniFE.c 25 Ap 0.0000000000000000
miniFE.c 25 Ap 0.0000000000000000
miniFE.c 25 Ap 0.0000000000000000
miniFE.c 25 Ap 0.0000000000000000
miniFE.c 25 Ap 0.0000000000000000
miniFE.c 25 Ap 0.0000000000000000
miniFE.c 25 Ap 0.0000000000000000
miniFE.c 25 Ap 0.0000000000000000
miniFE.c 25 Ap 0.0000000000000000
miniFE.c 25 Ap 0.0000000000000000
miniFE.c 25 Ap 0.0000000000000000
miniFE.c 25 Ap 0.0000000000000000
miniFE.c 25 Ap 0.0000000000000000
miniFE.c 25 Ap 0.0000000000000000
miniFE.c 25 Ap 0.0000000000000000
miniFE.c 25 Ap 0.0000000000000000
miniFE.c 25 Ap 0.0000000000000000
miniFE.c 33 r 198.0110999999999990
miniFE.c 33 r 229.8237000000000023
miniFE.c 33 r 210.8053999999999917
miniFE.c 33 r 202.6418999999999926
miniFE.c 33 r 157.2561000000000035
miniFE.c 33 r 225.5886000000000138
miniFE.c 33 r 142.6283999999999992
miniFE.c 33 r 185.1795999999999935
miniFE.c 48 sum 39208.3957232100001420
miniFE.c 48 sum 92027.3288048999966122
miniFE.c 48 sum 136466.2454740600078367
miniFE.c 48 sum 177529.9851096700003836
miniFE.c 48 sum 202259.4660968800017145
miniFE.c 48 sum 253149.6825468399911188
miniFE.c 48 sum 273492.5430333999684080
miniFE.c 48 sum 307784.0272895599482581
miniFE.c 75 rtrans 307784.0272895599482581
miniFE.c 76 normr 554.7828649927464539
miniFE.c 33 r 198.0110999999999990
miniFE.c 33 r 229.8237000000000023
miniFE.c 33 r 210.8053999999999917
miniFE.c 33 r 202.6418999999999926
miniFE.c 33 r 157.2561000000000035
miniFE.c 33 r 225.5886000000000138
miniFE.c 33 r 142.6283999999999992
miniFE.c 33 r 185.1795999999999935
miniFE.c 87 normr 554.7828649927464539
miniFE.c 25 Ap 13285.4973312810016068
miniFE.c 25 Ap 16752.9738962160008668
miniFE.c 25 Ap 18717.5143203662009910
miniFE.c 25 Ap 21497.0499152972006414
miniFE.c 25 Ap 23708.6069245981998392
miniFE.c 25 Ap 27330.7477216381994367
miniFE.c 25 Ap 28043.4264645949988335
miniFE.c 25 Ap 29230.0690077097970061
miniFE.c 25 Ap 2987.5023718050001662
miniFE.c 25 Ap 18256.2053009880000900
miniFE.c 25 Ap 21290.1102936259994749
miniFE.c 25 Ap 22498.6292991164009436
miniFE.c 25 Ap 24218.0061666374022025
miniFE.c 25 Ap 26395.4473404050004319
miniFE.c 25 Ap 28021.0416928490012651
miniFE.c 25 Ap 29308.7624836482027604
miniFE.c 25 Ap 1845.3076172643000064
miniFE.c 25 Ap 5152.9234129532997031
miniFE.c 25 Ap 19418.9870250392996240
miniFE.c 25 Ap 21366.8164301717988565
miniFE.c 25 Ap 24008.4327040697971825
miniFE.c 25 Ap 27657.4839652037990163
miniFE.c 25 Ap 29362.1700442997971550
miniFE.c 25 Ap 31649.3547644317950471
miniFE.c 25 Ap 2716.0172730389999742
miniFE.c 25 Ap 4086.6435322781999275
miniFE.c 25 Ap 6112.9419280231995799
miniFE.c 25 Ap 19366.0687056721981207
miniFE.c 25 Ap 19942.9016931553996983
miniFE.c 25 Ap 22443.7520980093977414
miniFE.c 25 Ap 22629.2022504265987664
miniFE.c 25 Ap 23503.4403270553993934
miniFE.c 25 Ap 2784.7112838509997346
miniFE.c 25 Ap 5297.5139884079999320
miniFE.c 25 Ap 8838.6610425799990480
miniFE.c 25 Ap 9581.9742276727993158
miniFE.c 25 Ap 20049.1383863587980159
miniFE.c 25 Ap 21061.8523085989982064
miniFE.c 25 Ap 23066.1607201429978886
miniFE.c 25 Ap 23769.7206112477979332
miniFE.c 25 Ap 3179.3454260399998930
miniFE.c 25 Ap 5397.6649115441996400
miniFE.c 25 Ap 8807.5877122702004272
miniFE.c 25 Ap 11054.0535250612010714
miniFE.c 25 Ap 11760.0087099739012046
miniFE.c 25 Ap 26753.3647406958989450
miniFE.c 25 Ap 27839.0862096834971453
miniFE.c 25 Ap 28473.5365185294976982
miniFE.c 25 Ap 989.4123599472000024
miniFE.c 25 Ap 3608.8072965641999872
miniFE.c 25 Ap 6128.3407890401995246
miniFE.c 25 Ap 6391.8224746028990921
miniFE.c 25 Ap 8601.6889808288997301
miniFE.c 25 Ap 10318.9233197042995016
miniFE.c 25 Ap 19683.6473325842962367
miniFE.c 25 Ap 20178.9207280214977800
miniFE.c 25 Ap 1268.8676034993000030
miniFE.c 25 Ap 2867.0390905766998912
miniFE.c 25 Ap 5470.7324228946999938
miniFE.c 25 Ap 6427.4105067679001877
miniFE.c 25 Ap 7024.8795832297000743
miniFE.c 25 Ap 7797.7765812907000509
miniFE.c 25 Ap 8179.2443669095000587
miniFE.c 25 Ap 20192.2487104374995397
miniFE.c 57 sum 5787878.1172925252467394
miniFE.c 57 sum 12523726.3537057451903820
miniFE.c 57 sum 19195581.2445636950433254
miniFE.c 57 sum 23958363.0489748232066631
miniFE.c 57 sum 27696296.6103892698884010
miniFE.c 57 sum 34119601.8506532162427902
miniFE.c 57 sum 36997689.0278177559375763
miniFE.c 57 sum 40736881.5671170875430107
miniFE.c 90 p_ap_dot 40736881.5671170875430107
miniFE.c 91 alpha 0.0075554145395853
miniFE.c 40 y 1.4960559439392744
miniFE.c 40 y 1.7364133245212852
miniFE.c 40 y 1.5927221841830903
miniFE.c 40 y 1.5310435575891859
miniFE.c 40 y 1.1881350243784765
miniFE.c 40 y 1.7044153884046875
miniFE.c 40 y 1.0776166871177848
miniFE.c 40 y 1.3991086422745860
miniFE.c 40 y -22.8341883739316245
miniFE.c 40 y 8.3838497937928480
miniFE.c 40 y -28.3185951556805833
miniFE.c 40 y 25.0636652226906733
miniFE.c 40 y -22.3339927081014764
miniFE.c 40 y 10.4592281944898673
miniFE.c 40 y -9.8317110616323760
miniFE.c 40 y 32.6187905062384118
miniFE.c 82 oldrtrans 307784.0272895599482581
miniFE.c 48 sum 521.4001586961941257
miniFE.c 48 sum 591.6890960610744514
miniFE.c 48 sum 1393.6319276524102406
miniFE.c 48 sum 2021.8192420475243125
miniFE.c 48 sum 2520.6264723330541528
miniFE.c 48 sum 2630.0219267574657351
miniFE.c 48 sum 2726.6844691568903727
miniFE.c 48 sum 3790.6699632467598349
miniFE.c 83 rtrans 3790.6699632467598349
miniFE.c 84 beta 0.0123160061184089
miniFE.c 40 y -20.3954824548187439
miniFE.c 40 y 11.2143598891482252
miniFE.c 40 y -25.7223145594869429
miniFE.c 40 y 27.5594041029366821
miniFE.c 40 y -20.3972256183443506
miniFE.c 40 y 13.2375787723331708
miniFE.c 40 y -8.0750988145735008
miniFE.c 40 y 34.8994635928429275
miniFE.c 87 normr 61.5684169298412272
miniFE.c 25 Ap -1368.4289806161518754
miniFE.c 25 Ap -1199.2317650706336281
miniFE.c 25 Ap -1438.9434933034935966
miniFE.c 25 Ap -1060.9252025196035447
miniFE.c 25 Ap -1347.7797492528836756
miniFE.c 25 Ap -1135.2318894527934390
miniFE.c 25 Ap -1175.5811556047112845
miniFE.c 25 Ap -951.9431942355674892
miniFE.c 25 Ap -307.7178613112005223
miniFE.c 25 Ap 437.3259687565855529
miniFE.c 25 Ap 67.1311892858862507
miniFE.c 25 Ap 231.4904044254456608
miniFE.c 25 Ap 8.4750944324596844
miniFE.c 25 Ap 136.2477259389728772
miniFE.c 25 Ap 44.2125139587647027
miniFE.c 25 Ap 286.8999636359623082
miniFE.c 25 Ap -190.0698452342187466
miniFE.c 25 Ap -28.6731141403941479
miniFE.c 25 Ap -1769.4073446474239972
miniFE.c 25 Ap -1504.5015295142784453
miniFE.c 25 Ap -1847.1377969518380269
miniFE.c 25 Ap -1633.0108263799961605
miniFE.c 25 Ap -1729.5239229058497585
miniFE.c 25 Ap -1298.4747151618360022
miniFE.c 25 Ap -279.7544311366967804
miniFE.c 25 Ap -212.8740522000363740
miniFE.c 25 Ap -460.1214411508727835
miniFE.c 25 Ap 1342.3107137622018854
miniFE.c 25 Ap 1267.4914057048456471
miniFE.c 25 Ap 1414.2417478412662604
miniFE.c 25 Ap 1403.7422378842968556
miniFE.c 25 Ap 1568.5035826910889227
miniFE.c 25 Ap -286.8300319099224680
miniFE.c 25 Ap -164.2165944823325390
miniFE.c 25 Ap -596.3046644692149130
miniFE.c 25 Ap -495.2136835663836223
miniFE.c 25 Ap -1852.8787212276629361
miniFE.c 25 Ap -1793.4524899398534217
miniFE.c 25 Ap -1906.9291080474579303
miniFE.c 25 Ap -1774.3342498395531948
miniFE.c 25 Ap -327.4780244875516928
miniFE.c 25 Ap -219.2340398177625218
miniFE.c 25 Ap -635.3102262145098393
miniFE.c 25 Ap -329.7897038638051299
miniFE.c 25 Ap -421.3570718902559520
miniFE.c 25 Ap 458.4557002015919807
miniFE.c 25 Ap 396.9861180764418123
miniFE.c 25 Ap 516.5563917731067249
miniFE.c 25 Ap -101.9111677470804693
miniFE.c 25 Ap 25.9034897970964124
miniFE.c 25 Ap -281.5280704790179698
miniFE.c 25 Ap -245.6944238040443054
miniFE.c 25 Ap -532.3297003619271663
miniFE.c 25 Ap -431.5620869656004857
miniFE.c 25 Ap -961.7585399526303718
miniFE.c 25 Ap -868.4179353041471359
miniFE.c 25 Ap -130.6955364858731627
miniFE.c 25 Ap -52.7119768240055322
miniFE.c 25 Ap -370.4126567417038700
miniFE.c 25 Ap -240.3039383084249323
miniFE.c 25 Ap -317.7998926947741438
miniFE.c 25 Ap -272.4461607476264362
miniFE.c 25 Ap -294.0434728078357125
miniFE.c 25 Ap 1969.9608112905175403
miniFE.c 57 sum 19415.3407160156275495
miniFE.c 57 sum 22632.7401604128463077
miniFE.c 57 sum 56032.5152313458020217
miniFE.c 57 sum 99259.5393036334862700
miniFE.c 57 sum 135451.0353199666133150
miniFE.c 57 sum 142288.9912464153021574
miniFE.c 57 sum 149301.5518863441830035
miniFE.c 57 sum 218052.1274993049155455
miniFE.c 90 p_ap_dot 218052.1274993049155455
miniFE.c 91 alpha 0.0173842374606450
miniFE.c 40 y 1.1414960338202862
miniFE.c 40 y 1.9313664198033706
miniFE.c 40 y 1.1455593598435627
miniFE.c 40 y 2.0101427827885114
miniFE.c 40 y 0.8335448106908265
miniFE.c 40 y 1.9345406011869211
miniFE.c 40 y 0.9372372518070660
miniFE.c 40 y 2.0058092046217029
miniFE.c 40 y -6.2853818362955991
miniFE.c 40 y 3.3963126984948593
miniFE.c 40 y -5.7456023706638284
miniFE.c 40 y -2.2035735166836723
miniFE.c 40 y 8.5114552256647578
miniFE.c 40 y 1.4792892180922035
miniFE.c 40 y 5.2650725407779788
miniFE.c 40 y -1.6274760254008527
miniFE.c 82 oldrtrans 3790.6699632467598349
miniFE.c 48 sum 39.5060248280346400
miniFE.c 48 sum 51.0409647739920729
miniFE.c 48 sum 84.0529113757698809
miniFE.c 48 sum 88.9086476191995274
miniFE.c 48 sum 161.3535176776954359
miniFE.c 48 sum 163.5418142684592908
miniFE.c 48 sum 191.2628031281135748
miniFE.c 48 sum 193.9114813413681304
miniFE.c 83 rtrans 193.9114813413681304
miniFE.c 84 beta 0.0511549365208467
miniFE.c 40 y -7.3287114465838936
miniFE.c 40 y 3.9699825667461655
miniFE.c 40 y -7.0614257391236324
miniFE.c 40 y -0.7937739492455855
miniFE.c 40 y 7.4680364439569651
miniFE.c 40 y 2.1564567198806142
miniFE.c 40 y 4.8519913735189073
miniFE.c 40 y 0.1578038193026263
miniFE.c 87 normr 13.9252102799694963
miniFE.c 25 Ap -491.7177691822269026
miniFE.c 25 Ap -431.8204587073157654
miniFE.c 25 Ap -497.6273892538913515
miniFE.c 25 Ap -508.5151816909789204
miniFE.c 25 Ap -403.4891232846700859
miniFE.c 25 Ap -368.8641916075790164
miniFE.c 25 Ap -344.6199940079656585
miniFE.c 25 Ap -343.6087771922337879
miniFE.c 25 Ap -110.5723003859068285
miniFE.c 25 Ap 153.1798037081557595
miniFE.c 25 Ap 51.5519763134606137
miniFE.c 25 Ap 46.8180545345666062
miniFE.c 25 Ap 128.4706524785789270
miniFE.c 25 Ap 149.2853463563540970
miniFE.c 25 Ap 204.5854813568122381
miniFE.c 25 Ap 205.6828336514683997
miniFE.c 25 Ap -68.2978229862534221
miniFE.c 25 Ap -11.1619529851196120
miniFE.c 25 Ap -489.0375139828888678
miniFE.c 25 Ap -496.6674080934785707
miniFE.c 25 Ap -371.2179876613295733
miniFE.c 25 Ap -336.3358122621239090
miniFE.c 25 Ap -278.3451024853083595
miniFE.c 25 Ap -276.3960406864523520
miniFE.c 25 Ap -100.5241972699535182
miniFE.c 25 Ap -76.8479517186716663
miniFE.c 25 Ap -144.7236116726323871
miniFE.c 25 Ap -196.6377853067468777
miniFE.c 25 Ap -169.2441912102310084
miniFE.c 25 Ap -145.3379492238736930
miniFE.c 25 Ap -139.0292299243090781
miniFE.c 25 Ap -138.2842336748744287
miniFE.c 25 Ap -103.0666738450023843
miniFE.c 25 Ap -59.6604327534008405
miniFE.c 25 Ap -178.2795333758326422
miniFE.c 25 Ap -181.1911851243477543
miniFE.c 25 Ap 315.8907303113472835
miniFE.c 25 Ap 325.5715109134323484
miniFE.c 25 Ap 393.7548960084265559
miniFE.c 25 Ap 394.3544460556481681
miniFE.c 25 Ap -117.6727224709296280
miniFE.c 25 Ap -79.3533947213328901
miniFE.c 25 Ap -193.5768284354176387
miniFE.c 25 Ap -202.3765191216197934
miniFE.c 25 Ap -168.8509576411530588
miniFE.c 25 Ap -25.5257924244134529
miniFE.c 25 Ap 11.4087255367507368
miniFE.c 25 Ap 11.9493827251971396
miniFE.c 25 Ap -36.6197535781409655
miniFE.c 25 Ap 8.6277654279174527
miniFE.c 25 Ap -75.7699713205438599
miniFE.c 25 Ap -76.8020624038933022
miniFE.c 25 Ap 28.1437146106429736
miniFE.c 25 Ap 44.5591785555302593
miniFE.c 25 Ap 363.1321985563093335
miniFE.c 25 Ap 363.5542538658519334
miniFE.c 25 Ap -46.9628446585307273
miniFE.c 25 Ap -19.3559749476694343
miniFE.c 25 Ap -106.5728446939610734
miniFE.c 25 Ap -28241.9900759091360669
miniFE.c 25 Ap -28213.6164812622264435
miniFE.c 25 Ap -28206.2281694182565843
miniFE.c 25 Ap -28193.2512419262711774
miniFE.c 25 Ap -28183.0141641557820549
miniFE.c 57 sum 2518.2095785554183749
miniFE.c 57 sum 3334.7668424306993984
miniFE.c 57 sum 5286.5169583258766579
miniFE.c 57 sum 5396.2833806083808668
miniFE.c 57 sum 8341.3367555884215108
miniFE.c 57 sum 8367.1050822645975131
miniFE.c 57 sum 10131.0671858278146829
miniFE.c 57 sum 5683.6799112640173917
miniFE.c 90 p_ap_dot 5683.6799112640173917
miniFE.c 91 alpha 0.0341172417111440
miniFE.c 40 y 0.8914606139659554
miniFE.c 40 y 2.0668112746220775
miniFE.c 40 y 0.9046429910765879
miniFE.c 40 y 1.9830614050980904
miniFE.c 40 y 1.0883336151569387
miniFE.c 40 y 2.0081129563387088
miniFE.c 40 y 1.1027738142777963
miniFE.c 40 y 2.0111930356677923
miniFE.c 40 y 5.4376018692424761
miniFE.c 40 y -3.6210182530253174
miniFE.c 40 y 3.6842681574390674
miniFE.c 40 y 2.5143031084423422
miniFE.c 40 y -4.9428307302801002
miniFE.c 40 y 1.0716092393576837
miniFE.c 40 y -7.1383958134779117
miniFE.c 40 y 959.8992303616978461
miniFE.c 82 oldrtrans 193.9114813413681304
miniFE.c 48 sum 29.5675140883892702
miniFE.c 48 sum 42.6792872771317917
miniFE.c 48 sum 56.2531191330512570
miniFE.c 48 sum 62.5748392541740799
miniFE.c 48 sum 87.0064148823753953
miniFE.c 48 sum 88.1547612442521427
miniFE.c 48 sum 139.1114560341311233
miniFE.c 48 sum 921545.6439050140324980
miniFE.c 83 rtrans 921545.6439050140324980
miniFE.c 84 beta 4752.4037129224689124
miniFE.c 40 y -34823.5578878134547267
miniFE.c 40 y 18863.3388721889241424
miniFE.c 40 y -33555.0616329799959203
miniFE.c 40 y -3769.8199605074100873
miniFE.c 40 y 35486.1812937711147242
miniFE.c 40 y 10249.4245315565967758
miniFE.c 40 y 23051.4834227655665018
miniFE.c 40 y 1709.8466871288455877
miniFE.c 87 normr 959.9716891164104027
miniFE.c 25 Ap -2336476.5176510564051569
miniFE.c 25 Ap -2051874.9492499623447657
miniFE.c 25 Ap -2364581.7158358306623995
miniFE.c 25 Ap -2416290.4136259309016168
miniFE.c 25 Ap -1917233.6967572972644120
miniFE.c 25 Ap -1752664.8367088120430708
miniFE.c 25 Ap -1637482.2908131412696093
miniFE.c 25 Ap -1626525.4855216783471406
miniFE.c 25 Ap -525402.1708102799020708
miniFE.c 25 Ap 727813.7398723978549242
miniFE.c 25 Ap 244890.2995023987023160
miniFE.c 25 Ap 222407.7869048052525613
miniFE.c 25 Ap 610399.8535601940238848
miniFE.c 25 Ap 709330.0254857037216425
miniFE.c 25 Ap 972057.2331631662091240
miniFE.c 25 Ap 983947.3394604849163443
miniFE.c 25 Ap -324528.1533743636682630
miniFE.c 25 Ap -53047.5462259868509136
miniFE.c 25 Ap -2323855.8071318222209811
miniFE.c 25 Ap -2360091.9763107127510011
miniFE.c 25 Ap -1763988.7154253127519041
miniFE.c 25 Ap -1598197.2015244581270963
miniFE.c 25 Ap -1322687.2547445693053305
miniFE.c 25 Ap -1301568.6476379041559994
miniFE.c 25 Ap -477656.9835326143656857
miniFE.c 25 Ap -365159.5013532321318053
miniFE.c 25 Ap -687696.6259052215609699
miniFE.c 25 Ap -934249.2977145386394113
miniFE.c 25 Ap -804082.0102766812779009
miniFE.c 25 Ap -690458.0173565433360636
miniFE.c 25 Ap -660485.7179113106103614
miniFE.c 25 Ap -652413.4838256681105122
miniFE.c 25 Ap -489737.9722350545926020
miniFE.c 25 Ap -283493.5817087010946125
miniFE.c 25 Ap -847157.5469305929727852
miniFE.c 25 Ap -860985.6687655696878210
miniFE.c 25 Ap 1501019.2707362659275532
miniFE.c 25 Ap 1547031.0590893016196787
miniFE.c 25 Ap 1870965.7181250622961670
miniFE.c 25 Ap 1877462.0036176450084895
miniFE.c 25 Ap -559140.9748698879266158
miniFE.c 25 Ap -377067.0104273804463446
miniFE.c 25 Ap -919843.2853333585662767
miniFE.c 25 Ap -961635.0947353480150923
miniFE.c 25 Ap -802330.2812680816277862
miniFE.c 25 Ap -121120.0112826121039689
miniFE.c 25 Ap 54353.3898360174207482
miniFE.c 25 Ap 60211.5554154236087925
miniFE.c 25 Ap -174004.6825230476388242
miniFE.c 25 Ap 40988.5245722271502018
miniFE.c 25 Ap -360059.5587614518008195
miniFE.c 25 Ap -364961.2030781622161157
miniFE.c 25 Ap 133714.0373415633803234
miniFE.c 25 Ap 211735.1064882352366112
miniFE.c 25 Ap 1725254.0153568612877280
miniFE.c 25 Ap 1729827.0977828486356884
miniFE.c 25 Ap -223151.5528292555536609
miniFE.c 25 Ap -91977.7429192632553168
miniFE.c 25 Ap -506422.0135086767841130
miniFE.c 25 Ap -524219.4390971911489032
miniFE.c 25 Ap -389395.4420328773558140
miniFE.c 25 Ap -354279.5299154527019709
miniFE.c 25 Ap -292627.0235667111119255
miniFE.c 25 Ap -181705.5415068849688396
miniFE.c 57 sum 56641404401.0680541992187500
miniFE.c 57 sum 75201936497.6998901367187500
miniFE.c 57 sum 118876152688.7441864013671875
miniFE.c 57 sum 121335634062.5743713378906250
miniFE.c 57 sum 187959591095.1168823242187500
miniFE.c 57 sum 188576724888.2749023437500000
miniFE.c 57 sum 228451805557.0668945312500000
miniFE.c 57 sum 228141116938.8883972167968750
miniFE.c 90 p_ap_dot 228141116938.8883972167968750
miniFE.c 91 alpha 0.0000040393667580
miniFE.c 40 y 0.7507954918372475
miniFE.c 40 y 2.1430072186080373
miniFE.c 40 y 0.7691017905523522
miniFE.c 40 y 1.9678337196658218
miniFE.c 40 y 1.2316753162447711
miniFE.c 40 y 2.0495141410805160
miniFE.c 40 y 1.1958872101392208
miniFE.c 40 y 2.0180997335371251
miniFE.c 40 y 12.0077348465632721
miniFE.c 40 y -7.5955424277036920
miniFE.c 40 y 8.9417812860144217
miniFE.c 40 y 5.1496404475046758
miniFE.c 40 y -12.5265883371759941
miniFE.c 40 y 0.8283926839627509
miniFE.c 40 y -14.1258018894183941
miniFE.c 40 y 960.6332056858124133
miniFE.c 82 oldrtrans 921545.6439050140324980
miniFE.c 48 sum 144.1856961453698887
miniFE.c 48 sum 201.8779609164167823
miniFE.c 48 sum 281.8334134833345388
miniFE.c 48 sum 308.3522102219106955
miniFE.c 48 sum 465.2676255909843235
miniFE.c 48 sum 465.9538600298273536
miniFE.c 48 sum 665.4921390489236046
miniFE.c 48 sum 923481.6480052492115647
miniFE.c 83 rtrans 923481.6480052492115647
miniFE.c 84 beta 1.0021008228003025
miniFE.c 40 y -34884.7082773652655305
miniFE.c 40 y 18895.3718621537482250
miniFE.c 40 y -33616.6130902381046326
miniFE.c 40 y -3772.5900437859750127
miniFE.c 40 y 35548.2048841915602679
miniFE.c 40 y 10271.7851489864333416
miniFE.c 40 y 23085.7847028314899944
miniFE.c 40 y 2674.0719777200001772
miniFE.c 87 normr 960.9795252788943571
miniFE.c 25 Ap -2340579.3853044221177697
miniFE.c 25 Ap -2055494.5175655842758715
miniFE.c 25 Ap -2368774.8952921014279127
miniFE.c 25 Ap -2420521.5889017912559211
miniFE.c 25 Ap -1920592.6088514027651399
miniFE.c 25 Ap -1755664.7177852168679237
miniFE.c 25 Ap -1640310.7768997743260115
miniFE.c 25 Ap -1623175.1552000099327415
miniFE.c 25 Ap -526324.7803701623342931
miniFE.c 25 Ap 729019.2929332826752216
miniFE.c 25 Ap 245210.0058369685430080
miniFE.c 25 Ap 222710.9729723970522173
miniFE.c 25 Ap 611381.1813762427773327
miniFE.c 25 Ap 710527.1839291094802320
miniFE.c 25 Ap 973645.3373590081464499
miniFE.c 25 Ap 992240.5718330192612484
miniFE.c 25 Ap -325098.0268796299933456
miniFE.c 25 Ap -53156.4019006690941751
miniFE.c 25 Ap -2328130.1016646209172904
miniFE.c 25 Ap -2364392.8973687496036291
miniFE.c 25 Ap -1767247.7530472206417471
miniFE.c 25 Ap -1601094.5407306123524904
miniFE.c 25 Ap -1325174.6271094526164234
miniFE.c 25 Ap -1292146.7095203967764974
miniFE.c 25 Ap -478495.7522393979015760
miniFE.c 25 Ap -365807.2312019355595112
miniFE.c 25 Ap -688935.9991325950250030
miniFE.c 25 Ap -935669.8391251727007329
miniFE.c 25 Ap -805275.0422110110521317
miniFE.c 25 Ap -691403.1619457138003781
miniFE.c 25 Ap -661386.2628441971028224
miniFE.c 25 Ap -648761.8941633655922487
miniFE.c 25 Ap -490597.9552349814330228
miniFE.c 25 Ap -284003.3284892186056823
miniFE.c 25 Ap -848701.2461693944642320
miniFE.c 25 Ap -862539.5289800863247365
miniFE.c 25 Ap 1503593.7788498580921441
miniFE.c 25 Ap 1549705.9486431840341538
miniFE.c 25 Ap 1874122.6319052758626640
miniFE.c 25 Ap 1884282.3351849627215415
miniFE.c 25 Ap -560122.8299846876179799
miniFE.c 25 Ap -377739.6746022643055767
miniFE.c 25 Ap -921511.5867998979520053
miniFE.c 25 Ap -963334.1050404044799507
miniFE.c 25 Ap -803750.8548368575284258
miniFE.c 25 Ap -121054.4250977820483968
miniFE.c 25 Ap 54680.0855627152195666
miniFE.c 25 Ap 63841.8171581009301008
miniFE.c 25 Ap -174310.2358543414447922
miniFE.c 25 Ap 41048.0643610883271322
miniFE.c 25 Ap -360735.6782966520986520
miniFE.c 25 Ap -365640.9243670540745370
miniFE.c 25 Ap 133905.9124808292835951
miniFE.c 25 Ap 212097.1959915646002628
miniFE.c 25 Ap 1727868.2651670149061829
miniFE.c 25 Ap 1735020.2230935296975076
miniFE.c 25 Ap -223543.4083779781067278
miniFE.c 25 Ap -92146.8441950034175534
miniFE.c 25 Ap -507351.3472967596026137
miniFE.c 25 Ap -525161.8505259944358841
miniFE.c 25 Ap -390102.2048776998417452
miniFE.c 25 Ap -354909.6822662772028707
miniFE.c 25 Ap -293165.4351888262899593
miniFE.c 25 Ap -119692.5565172184433322
miniFE.c 57 sum 56623991772.2194366455078125
miniFE.c 57 sum 75372746353.7204132080078125
miniFE.c 57 sum 118810342343.4918823242187500
miniFE.c 57 sum 121257855006.2003326416015625
miniFE.c 57 sum 188240709517.0183105468750000
miniFE.c 57 sum 188896478946.3872070312500000
miniFE.c 57 sum 228950782271.7830810546875000
miniFE.c 57 sum 228630715760.4587097167968750
miniFE.c 90 p_ap_dot 228630715760.4587097167968750
miniFE.c 91 alpha 0.0000040391845205
miniFE.c 40 y 0.6098897181619536
miniFE.c 40 y 2.2193291121423075
miniFE.c 40 y 0.6333180873273939
miniFE.c 40 y 1.9525955323588553
miniFE.c 40 y 1.3752610751437468
miniFE.c 40 y 2.0910037766519687
miniFE.c 40 y 1.2891349543539652
miniFE.c 40 y 2.0289008036761733
miniFE.c 40 y 18.5640388074701974
miniFE.c 40 y -11.6033851860409882
miniFE.c 40 y 14.1610002732946541
miniFE.c 40 y 7.7701094478847583
miniFE.c 40 y -20.1375523776635745
miniFE.c 40 y 0.5705238043386189
miniFE.c 40 y -21.1338687172525397
miniFE.c 40 y 961.1166660073131425
miniFE.c 82 oldrtrans 923481.6480052492115647
miniFE.c 48 sum 344.6235368452595367
miniFE.c 48 sum 479.2620846208949956
miniFE.c 48 sum 679.7960133611462652
miniFE.c 48 sum 740.1706141932542096
miniFE.c 48 sum 1145.6916299563981738
miniFE.c 48 sum 1146.0171273677151476
miniFE.c 48 sum 1592.6575343257807162
miniFE.c 48 sum 925337.9032113387947902
miniFE.c 83 rtrans 925337.9032113387947902
miniFE.c 84 beta 1.0020100618242920
miniFE.c 40 y -34936.2646589176947600
miniFE.c 40 y 18921.7493426036235178
miniFE.c 40 y -33670.0235605994967045
miniFE.c 40 y -3772.4030735638084479
miniFE.c 40 y 35599.5214213737199316
miniFE.c 40 y 10293.0025959860795410
miniFE.c 40 y 23111.0546886292213458
miniFE.c 40 y 3640.5636937251374547
miniFE.c 87 normr 961.9448545583778696
miniFE.c 25 Ap -2344038.5457733320072293
miniFE.c 25 Ap -2058555.7064793326426297
miniFE.c 25 Ap -2372333.8277555778622627
miniFE.c 25 Ap -2424077.9567900849506259
miniFE.c 25 Ap -1923427.2912375235464424
miniFE.c 25 Ap -1758158.7243553325533867
miniFE.c 25 Ap -1642678.5156178150791675
miniFE.c 25 Ap -1619349.5541129116900265
miniFE.c 25 Ap -527102.6398546536220238
miniFE.c 25 Ap 729993.8633026728639379
miniFE.c 25 Ap 245415.8943192316801287
miniFE.c 25 Ap 222917.9765106626728084
miniFE.c 25 Ap 612149.2599186085863039
miniFE.c 25 Ap 711500.0589137567440048
miniFE.c 25 Ap 974906.2247324862983078
miniFE.c 25 Ap 1000222.3478834088891745
miniFE.c 25 Ap -325578.4917808263562620
miniFE.c 25 Ap -53257.2428945552674122
miniFE.c 25 Ap -2331845.4476366862654686
miniFE.c 25 Ap -2368106.4461503196507692
miniFE.c 25 Ap -1770099.2774002281948924
miniFE.c 25 Ap -1603602.8582383622415364
miniFE.c 25 Ap -1327380.9192631470505148
miniFE.c 25 Ap -1282415.6981861200183630
miniFE.c 25 Ap -479202.9248313980060630
miniFE.c 25 Ap -366357.0933539890684187
miniFE.c 25 Ap -689999.2520725945942104
miniFE.c 25 Ap -936720.8638929234584793
miniFE.c 25 Ap -806137.8321729254676029
miniFE.c 25 Ap -692030.7376241093734279
miniFE.c 25 Ap -661980.9816531488904729
miniFE.c 25 Ap -644793.7785192891024053
miniFE.c 25 Ap -491323.0137668696697801
miniFE.c 25 Ap -284439.9859370852354914
miniFE.c 25 Ap -850035.1023122764891014
miniFE.c 25 Ap -863872.6992952527943999
miniFE.c 25 Ap 1505676.3019083731342107
miniFE.c 25 Ap 1551883.7212132920976728
miniFE.c 25 Ap 1876655.5149940042756498
miniFE.c 25 Ap 1890487.2469769944436848
miniFE.c 25 Ap -560950.6398694460513070
miniFE.c 25 Ap -378312.8820293108001351
miniFE.c 25 Ap -922948.7454382644500583
miniFE.c 25 Ap -964769.1909474547719583
miniFE.c 25 Ap -804955.5701859738910571
miniFE.c 25 Ap -120848.9595382502302527
miniFE.c 25 Ap 55077.9122936659841798
miniFE.c 25 Ap 67550.9749844669568120
miniFE.c 25 Ap -174567.8503069762955420
miniFE.c 25 Ap 41091.0848679076880217
miniFE.c 25 Ap -361331.0165269638528116
miniFE.c 25 Ap -366236.0194925129180774
miniFE.c 25 Ap 134031.9512047686730511
miniFE.c 25 Ap 212384.7469930351362564
miniFE.c 25 Ap 1729814.9979499899782240
miniFE.c 25 Ap 1739551.8930609885137528
miniFE.c 25 Ap -223873.7849190181004815
miniFE.c 25 Ap -92293.7943219880689867
miniFE.c 25 Ap -508157.9792229577433318
miniFE.c 25 Ap -525967.5997605385491624
miniFE.c 25 Ap -390712.9852424993878230
miniFE.c 25 Ap -355447.7687933006091043
miniFE.c 25 Ap -293635.9356984444893897
miniFE.c 25 Ap -57464.6324576424958650
miniFE.c 57 sum 56574024597.7890472412109375
miniFE.c 57 sum 75499981151.3093872070312500
miniFE.c 57 sum 118678947923.7187042236328125
miniFE.c 57 sum 121111369955.6196899414062500
miniFE.c 57 sum 188411811201.2110290527343750
miniFE.c 57 sum 189107113562.0875244140625000
miniFE.c 57 sum 229309992496.3285217285156250
miniFE.c 57 sum 229100788841.7299804687500000
miniFE.c 90 p_ap_dot 229100788841.7299804687500000
miniFE.c 91 alpha 0.0000040389992016
miniFE.c 40 y 0.4687821730986653
miniFE.c 40 y 2.2957540426294356
miniFE.c 40 y 0.4973248890492109
miniFE.c 40 y 1.9373587993567221
miniFE.c 40 y 1.5190475137410324
miniFE.c 40 y 2.1325772059189383
miniFE.c 40 y 1.3824804857888331
miniFE.c 40 y 2.0436050375284025
miniFE.c 40 y 25.1045903635987600
miniFE.c 40 y -15.6432824505368799
miniFE.c 40 y 19.3406762543522177
miniFE.c 40 y 10.3744310045029735
miniFE.c 40 y -27.7732288587863323
miniFE.c 40 y 0.2976854703109243
miniFE.c 40 y -28.1599174244195112
miniFE.c 40 y 961.3487656119282292
miniFE.c 82 oldrtrans 925337.9032113387947902
miniFE.c 48 sum 630.2404573240957006
miniFE.c 48 sum 874.9527431513708962
miniFE.c 48 sum 1249.0145011270346913
miniFE.c 48 sum 1356.6433197942271818
miniFE.c 48 sum 2127.9955610367492227
miniFE.c 48 sum 2128.0841776759834829
miniFE.c 48 sum 2921.0651270261091668
miniFE.c 48 sum 927112.5142706041224301
miniFE.c 83 rtrans 927112.5142706041224301
miniFE.c 84 beta 1.0019177978694125
miniFE.c 40 y -34978.1607624821990612
miniFE.c 40 y 18942.3941507278905192
miniFE.c 40 y -33715.2551837927312590
miniFE.c 40 y -3769.2633491363512803
miniFE.c 40 y 35640.0208788489471772
miniFE.c 40 y 10313.0401799048286193
miniFE.c 40 y 23127.2171026465330215
miniFE.c 40 y 4608.8943246323524363
miniFE.c 87 normr 962.8668206302489807
miniFE.c 25 Ap -2346849.5526921222917736
miniFE.c 25 Ap -2061055.2338233077898622
miniFE.c 25 Ap -2375254.8782304264605045
miniFE.c 25 Ap -2426955.9412662219256163
miniFE.c 25 Ap -1925735.7152384088840336
miniFE.c 25 Ap -1760145.4168937848880887
miniFE.c 25 Ap -1644584.4485817016102374
miniFE.c 25 Ap -1615050.3633891150821000
miniFE.c 25 Ap -527734.7494119883049279
miniFE.c 25 Ap 730733.3243983187712729
miniFE.c 25 Ap 245504.3832508292980492
miniFE.c 25 Ap 223025.1901810363342520
miniFE.c 25 Ap 612699.2788622279185802
miniFE.c 25 Ap 712243.4859473571414128
miniFE.c 25 Ap 975833.8614252317929640
miniFE.c 25 Ap 1007883.6608870814088732
miniFE.c 25 Ap -325968.9304938139976002
miniFE.c 25 Ap -53350.5621483626891859
miniFE.c 25 Ap -2334999.7758293189108372
miniFE.c 25 Ap -2371230.5947623034007847
miniFE.c 25 Ap -1772543.1088356405962259
miniFE.c 25 Ap -1605722.5679279558826238
miniFE.c 25 Ap -1329307.4567501507699490
miniFE.c 25 Ap -1272382.2194345814641565
miniFE.c 25 Ap -479777.5923169794841669
miniFE.c 25 Ap -366808.6390025620930828
miniFE.c 25 Ap -690885.5719988350756466
miniFE.c 25 Ap -937401.8404726794688031
miniFE.c 25 Ap -806670.2522067230893299
miniFE.c 25 Ap -692341.0232067179167643
miniFE.c 25 Ap -662270.2523316924925894
miniFE.c 25 Ap -640511.5331760620465502
miniFE.c 25 Ap -491912.2158486997359432
miniFE.c 25 Ap -284803.4657383597805165
miniFE.c 25 Ap -851158.3910616431385279
miniFE.c 25 Ap -864984.4711837703362107
miniFE.c 25 Ap 1507260.2249387232586741
miniFE.c 25 Ap 1553557.5971056332346052
miniFE.c 25 Ap 1878556.5157953100278974
miniFE.c 25 Ap 1896067.2631408700253814
miniFE.c 25 Ap -561623.3404667192371562
miniFE.c 25 Ap -378786.3134470495861024
miniFE.c 25 Ap -924153.8295709737576544
miniFE.c 25 Ap -965939.4684405309380963
miniFE.c 25 Ap -805944.0372310560196638
miniFE.c 25 Ap -120505.6632331928703934
miniFE.c 25 Ap 55544.2407570400682744
miniFE.c 25 Ap 71334.9349139643309172
miniFE.c 25 Ap -174777.1947462544485461
miniFE.c 25 Ap 41117.0377711931359954
miniFE.c 25 Ap -361845.6692701865686104
miniFE.c 25 Ap -366746.5898624241817743
miniFE.c 25 Ap 134090.5059409412206151
miniFE.c 25 Ap 212595.8326069797622040
miniFE.c 25 Ap 1731087.2785759661346674
miniFE.c 25 Ap 1743414.0291541719343513
miniFE.c 25 Ap -224142.2577901139738970
miniFE.c 25 Ap -92418.7052205789950676
miniFE.c 25 Ap -508841.5535889842431061
miniFE.c 25 Ap -526636.3513996307738125
miniFE.c 25 Ap -391227.8657538265688345
miniFE.c 25 Ap -355893.9978370483149774
miniFE.c 25 Ap -294038.9374446453293785
miniFE.c 25 Ap 4950.0847838830668479
miniFE.c 57 sum 56491491250.1297607421875000
miniFE.c 57 sum 75583220812.7314300537109375
miniFE.c 57 sum 118481912032.2889099121093750
miniFE.c 57 sum 120896168678.9885711669921875
miniFE.c 57 sum 188472045525.0311584472656250
miniFE.c 57 sum 189207725575.0297546386718750
miniFE.c 57 sum 229528040327.0780029296875000
miniFE.c 57 sum 229550854744.7449035644531250
miniFE.c 90 p_ap_dot 229550854744.7449035644531250
miniFE.c 91 alpha 0.0000040388109872
miniFE.c 40 y 0.3275119930981326
miniFE.c 40 y 2.3722587922497946
miniFE.c 40 y 0.3611553459757204
miniFE.c 40 y 1.9221354571284752
miniFE.c 40 y 1.6629908216515550
miniFE.c 40 y 2.1742296259092595
miniFE.c 40 y 1.4758869443270042
miniFE.c 40 y 2.0622194905656994
miniFE.c 40 y 31.6274735161809382
miniFE.c 40 y -19.7139340539749846
miniFE.c 40 y 24.4795875421578728
miniFE.c 40 y 12.9613360221405642
miniFE.c 40 y -35.4310861536825854
miniFE.c 40 y 0.0095771514072265
miniFE.c 40 y -35.2012371606544363
miniFE.c 40 y 961.3287731551154138
miniFE.c 82 oldrtrans 927112.5142706041224301
miniFE.c 48 sum 1000.2970810167266791
miniFE.c 48 sum 1388.9362769012013814
miniFE.c 48 sum 1988.1864831353723275
miniFE.c 48 sum 2156.1827146142109086
miniFE.c 48 sum 3411.5445806438888212
miniFE.c 48 sum 3411.5446723657178154
miniFE.c 48 sum 4650.6717700063563825
miniFE.c 48 sum 928803.6818659256678075
miniFE.c 83 rtrans 928803.6818659256678075
miniFE.c 84 beta 1.0018241233607466
miniFE.c 40 y -35010.3377691288114875
miniFE.c 40 y 18957.2334803527264739
miniFE.c 40 y -33752.2763808448653435
miniFE.c 40 y -3763.1776144421760364
miniFE.c 40 y 35669.6015873578726314
miniFE.c 40 y 10331.8620145687182230
miniFE.c 40 y 23134.2027624718721199
miniFE.c 40 y 5578.6302895922417520
miniFE.c 87 normr 963.7446144419825487
miniFE.c 25 Ap -2349008.4596217446960509
miniFE.c 25 Ap -2062990.2516252489294857
miniFE.c 25 Ap -2377534.9044532114639878
miniFE.c 25 Ap -2429152.4925699313171208
miniFE.c 25 Ap -1927516.2609102667775005
miniFE.c 25 Ap -1761623.7516595455817878
miniFE.c 25 Ap -1646027.8777377586811781
miniFE.c 25 Ap -1610279.6633883432950824
miniFE.c 25 Ap -528220.2216086194384843
miniFE.c 25 Ap 731233.7266598476562649
miniFE.c 25 Ap 245471.9775550197809935
miniFE.c 25 Ap 223029.0786871676973533
miniFE.c 25 Ap 613026.5912987196352333
miniFE.c 25 Ap 712752.4717386327683926
miniFE.c 25 Ap 976422.4656456573866308
miniFE.c 25 Ap 1015215.7139737134566531
miniFE.c 25 Ap -326268.7948724562302232
miniFE.c 25 Ap -53436.8593402241822332
miniFE.c 25 Ap -2337591.4488423941656947
miniFE.c 25 Ap -2373763.7706284946762025
miniFE.c 25 Ap -1774579.3826357712969184
miniFE.c 25 Ap -1607454.3855653321370482
miniFE.c 25 Ap -1330955.7822004340123385
miniFE.c 25 Ap -1262053.1711265309713781
miniFE.c 25 Ap -480218.9479068776709028
miniFE.c 25 Ap -367161.4955610143952072
miniFE.c 25 Ap -691594.2827820619568229
miniFE.c 25 Ap -937712.5338003009092063
miniFE.c 25 Ap -806872.4401824944652617
miniFE.c 25 Ap -692334.5543938073096797
miniFE.c 25 Ap -662254.7005333502311260
miniFE.c 25 Ap -635917.8307345370994881
miniFE.c 25 Ap -492364.7342857437906787
miniFE.c 25 Ap -285093.7367326244129799
miniFE.c 25 Ap -852070.5507878048811108
miniFE.c 25 Ap -865874.3077534716576338
miniFE.c 25 Ap 1508339.3175990683957934
miniFE.c 25 Ap 1554721.1848779043648392
miniFE.c 25 Ap 1879818.2706699823029339
miniFE.c 25 Ap 1901013.3727171812206507
miniFE.c 25 Ap -562139.9873562398133799
miniFE.c 25 Ap -379159.7271797695429996
miniFE.c 25 Ap -925126.0867106380173936
miniFE.c 25 Ap -966844.2597948063630611
miniFE.c 25 Ap -806716.0346616283059120
miniFE.c 25 Ap -120026.6999846036778763
miniFE.c 25 Ap 56076.3805177924514282
miniFE.c 25 Ap 75189.5210050245659659
miniFE.c 25 Ap -174937.9752685699204449
miniFE.c 25 Ap 41125.3871727370715234
miniFE.c 25 Ap -362279.7949945379514247
miniFE.c 25 Ap -367172.8027136969612911
miniFE.c 25 Ap 134079.9807289034943096
miniFE.c 25 Ap 212728.5836988220689818
miniFE.c 25 Ap 1731678.6955177527852356
miniFE.c 25 Ap 1746599.0602091937325895
miniFE.c 25 Ap -224348.4500758568756282
miniFE.c 25 Ap -92521.7062623650999740
miniFE.c 25 Ap -509401.8097291647573002
miniFE.c 25 Ap -527167.8766159195220098
miniFE.c 25 Ap -391647.0038602104177698
miniFE.c 25 Ap -356248.6497969260090031
miniFE.c 25 Ap -294374.9058591375360265
miniFE.c 25 Ap 67523.0024407425080426
miniFE.c 57 sum 56376434917.9849472045898438
miniFE.c 57 sum 75622116240.7076263427734375
miniFE.c 57 sum 118219283679.8919982910156250
miniFE.c 57 sum 120612355425.1368408203125000
miniFE.c 57 sum 188420745042.1981506347656250
miniFE.c 57 sum 189197592798.1635742187500000
miniFE.c 57 sum 229603769601.7858886718750000
miniFE.c 57 sum 229980455468.4460144042968750
miniFE.c 90 p_ap_dot 229980455468.4460144042968750
miniFE.c 91 alpha 0.0000040386200644
miniFE.c 40 y 0.1861185405236461
miniFE.c 40 y 2.4488198557483378
miniFE.c 40 y 0.2248427253661563
miniFE.c 40 y 1.9069374125090319
miniFE.c 40 y 1.8070467903100491
miniFE.c 40 y 2.2159560911435139
miniFE.c 40 y 1.5693171997765367
miniFE.c 40 y 2.0847494587849029
miniFE.c 40 y 38.1307812739748258
miniFE.c 40 y -23.8140046060845876
miniFE.c 40 y 29.5765408013608848
miniFE.c 40 y 15.5295665326304793
miniFE.c 40 y -43.1085569033582416
miniFE.c 40 y -0.2940847567534168
miniFE.c 40 y -42.2550871696107038
miniFE.c 40 y 961.0560734026522596
