filename line variable value
miniFE.c 167 A 67.0947100000000063
miniFE.c 167 A 15.0875500000000002
miniFE.c 167 A 9.3192129999999995
miniFE.c 167 A 13.7164900000000003
miniFE.c 167 A 14.0634099999999993
miniFE.c 167 A 16.0564000000000000
miniFE.c 167 A 4.9967519999999999
miniFE.c 167 A 6.4080630000000003
miniFE.c 167 A 15.0875500000000002
miniFE.c 167 A 66.4365899999999954
miniFE.c 167 A 14.3919700000000006
miniFE.c 167 A 5.9638159999999996
miniFE.c 167 A 10.9336099999999998
miniFE.c 167 A 9.6522659999999991
miniFE.c 167 A 11.3974100000000007
miniFE.c 167 A 6.9539020000000002
miniFE.c 167 A 9.3192129999999995
miniFE.c 167 A 14.3919700000000006
miniFE.c 167 A 67.6740900000000067
miniFE.c 167 A 9.6121750000000006
miniFE.c 167 A 16.7981799999999986
miniFE.c 167 A 16.1756899999999995
miniFE.c 167 A 11.9519400000000005
miniFE.c 167 A 12.3511699999999998
miniFE.c 167 A 13.7164900000000003
miniFE.c 167 A 5.9638159999999996
miniFE.c 167 A 9.6121750000000006
miniFE.c 167 A 65.4017099999999942
miniFE.c 167 A 3.6681119999999998
miniFE.c 167 A 11.0858899999999991
miniFE.c 167 A 1.3002330000000000
miniFE.c 167 A 4.7210279999999996
miniFE.c 167 A 14.0634099999999993
miniFE.c 167 A 10.9336099999999998
miniFE.c 167 A 16.7981799999999986
miniFE.c 167 A 3.6681119999999998
miniFE.c 167 A 66.5612600000000043
miniFE.c 167 A 4.4892070000000004
miniFE.c 167 A 14.0526599999999995
miniFE.c 167 A 3.7993380000000001
miniFE.c 167 A 16.0564000000000000
miniFE.c 167 A 9.6522659999999991
miniFE.c 167 A 16.1756899999999995
miniFE.c 167 A 11.0858899999999991
miniFE.c 167 A 4.4892070000000004
miniFE.c 167 A 66.4632699999999943
miniFE.c 167 A 7.6122389999999998
miniFE.c 167 A 3.4261349999999999
miniFE.c 167 A 4.9967519999999999
miniFE.c 167 A 11.3974100000000007
miniFE.c 167 A 11.9519400000000005
miniFE.c 167 A 1.3002330000000000
miniFE.c 167 A 14.0526599999999995
miniFE.c 167 A 7.6122389999999998
miniFE.c 167 A 65.6581999999999937
miniFE.c 167 A 2.6745570000000001
miniFE.c 167 A 6.4080630000000003
miniFE.c 167 A 6.9539020000000002
miniFE.c 167 A 12.3511699999999998
miniFE.c 167 A 4.7210279999999996
miniFE.c 167 A 3.7993380000000001
miniFE.c 167 A 3.4261349999999999
miniFE.c 167 A 2.6745570000000001
miniFE.c 167 A 64.8721800000000002
miniFE.c 175 b 198.0110999999999990
miniFE.c 175 b 229.8237000000000023
miniFE.c 175 b 210.8053999999999917
miniFE.c 175 b 202.6418999999999926
miniFE.c 175 b 157.2561000000000035
miniFE.c 175 b 225.5886000000000138
miniFE.c 175 b 142.6283999999999992
miniFE.c 175 b 185.1795999999999935
miniFE.c 33 r 0.0000000000000000
miniFE.c 33 r 0.0000000000000000
miniFE.c 33 r 0.0000000000000000
miniFE.c 33 r 0.0000000000000000
miniFE.c 33 r 0.0000000000000000
miniFE.c 33 r 0.0000000000000000
miniFE.c 33 r 0.0000000000000000
miniFE.c 33 r 0.0000000000000000
miniFE.c 25 Ap 0.0000000000000000
miniFE.c 25 Ap 0.0000000000000000
miniFE.c 25 Ap 0.0000000000000000
miniFE.c 25 Ap 0.0000000000000000
miniFE.c 25 Ap 0.0000000000000000
miniFE.c 25 Ap 0.0000000000000000
miniFE.c 25 Ap 0.0000000000000000
miniFE.c 25 Ap 0.0000000000000000
miniFE.c 25 Ap 0.0000000000000000
miniFE.c 25 Ap 0.0000000000000000
miniFE.c 25 Ap 0.0000000000000000
miniFE.c 25 Ap 0.0000000000000000
miniFE.c 25 Ap 0.0000000000000000
miniFE.c 25 Ap 0.0000000000000000
miniFE.c 25 Ap 0.0000000000000000
miniFE.c 25 Ap 0.0000000000000000
miniFE.c 25 Ap 0.0000000000000000
miniFE.c 25 Ap 0.0000000000000000
miniFE.c 25 Ap 0.0000000000000000
miniFE.c 25 Ap 0.0000000000000000
miniFE.c 25 Ap 0.0000000000000000
miniFE.c 25 Ap 0.0000000000000000
miniFE.c 25 Ap 0.0000000000000000
miniFE.c 25 Ap 0.0000000000000000
miniFE.c 25 Ap 0.0000000000000000
miniFE.c 25 Ap 0.0000000000000000
miniFE.c 25 Ap 0.0000000000000000
miniFE.c 25 Ap 0.0000000000000000
miniFE.c 25 Ap 0.0000000000000000
miniFE.c 25 Ap 0.0000000000000000
miniFE.c 25 Ap 0.0000000000000000
miniFE.c 25 Ap 0.0000000000000000
miniFE.c 25 Ap 0.0000000000000000
miniFE.c 25 Ap 0.0000000000000000
miniFE.c 25 Ap 0.0000000000000000
miniFE.c 25 Ap 0.0000000000000000
miniFE.c 25 Ap 0.0000000000000000
miniFE.c 25 Ap 0.0000000000000000
miniFE.c 25 Ap 0.0000000000000000
miniFE.c 25 Ap 0.0000000000000000
miniFE.c 25 Ap 0.0000000000000000
miniFE.c 25 Ap 0.0000000000000000
miniFE.c 25 Ap 0.0000000000000000
miniFE.c 25 Ap 0.0000000000000000
miniFE.c 25 Ap 0.0000000000000000
miniFE.c 25 Ap 0.0000000000000000
miniFE.c 25 Ap 0.0000000000000000
miniFE.c 25 Ap 0.0000000000000000
miniFE.c 25 Ap 0.0000000000000000
miniFE.c 25 Ap 0.0000000000000000
miniFE.c 25 Ap 0.0000000000000000
miniFE.c 25 Ap 0.0000000000000000
miniFE.c 25 Ap 0.0000000000000000
miniFE.c 25 Ap 0.0000000000000000
miniFE.c 25 Ap 0.0000000000000000
miniFE.c 25 Ap 0.0000000000000000
miniFE.c 25 Ap 0.0000000000000000
miniFE.c 25 Ap 0.0000000000000000
miniFE.c 25 Ap 0.0000000000000000
miniFE.c 25 Ap 0.0000000000000000
miniFE.c 25 Ap 0.0000000000000000
miniFE.c 25 Ap 0.0000000000000000
miniFE.c 25 Ap 0.0000000000000000
miniFE.c 25 Ap 0.0000000000000000
miniFE.c 33 r 198.0110999999999990
miniFE.c 33 r 229.8237000000000023
miniFE.c 33 r 210.8053999999999917
miniFE.c 33 r 202.6418999999999926
miniFE.c 33 r 157.2561000000000035
miniFE.c 33 r 225.5886000000000138
miniFE.c 33 r 142.6283999999999992
miniFE.c 33 r 185.1795999999999935
miniFE.c 48 sum 39208.3957232100001420
miniFE.c 48 sum 92027.3288048999966122
miniFE.c 48 sum 136466.2454740600078367
miniFE.c 48 sum 177529.9851096700003836
miniFE.c 48 sum 202259.4660968800017145
miniFE.c 48 sum 253149.6825468399911188
miniFE.c 48 sum 273492.5430333999684080
miniFE.c 48 sum 307784.0272895599482581
miniFE.c 75 rtrans 307784.0272895599482581
miniFE.c 76 normr 554.7828649927464539
miniFE.c 33 r 198.0110999999999990
miniFE.c 33 r 229.8237000000000023
miniFE.c 33 r 210.8053999999999917
miniFE.c 33 r 202.6418999999999926
miniFE.c 33 r 157.2561000000000035
miniFE.c 33 r 225.5886000000000138
miniFE.c 33 r 142.6283999999999992
miniFE.c 33 r 21442332768130517394341434728758797745887397898329383928445962279653060275863552.0000000000000000
miniFE.c 87 normr 554.7828649927464539
miniFE.c 25 Ap 13285.4973312810016068
miniFE.c 25 Ap 16752.9738962160008668
miniFE.c 25 Ap 18717.5143203662009910
miniFE.c 25 Ap 21497.0499152972006414
miniFE.c 25 Ap 23708.6069245981998392
miniFE.c 25 Ap 27330.7477216381994367
miniFE.c 25 Ap 28043.4264645949988335
miniFE.c 25 Ap 137403819245144751504218691318221440843929699339024227465984756098714011346927616.0000000000000000
miniFE.c 25 Ap 2987.5023718050001662
miniFE.c 25 Ap 18256.2053009880000900
miniFE.c 25 Ap 21290.1102936259994749
miniFE.c 25 Ap 22498.6292991164009436
miniFE.c 25 Ap 24218.0061666374022025
miniFE.c 25 Ap 26395.4473404050004319
miniFE.c 25 Ap 28021.0416928490012651
miniFE.c 25 Ap 149107880720968335210357519322666864322669593265273875165830227539857034360913920.0000000000000000
miniFE.c 25 Ap 1845.3076172643000064
miniFE.c 25 Ap 5152.9234129532997031
miniFE.c 25 Ap 19418.9870250392996240
miniFE.c 25 Ap 21366.8164301717988565
miniFE.c 25 Ap 24008.4327040697971825
miniFE.c 25 Ap 27657.4839652037990163
miniFE.c 25 Ap 29362.1700442997971550
miniFE.c 25 Ap 264837897215750578314896265782727908762265674264401781003713887124220586261217280.0000000000000000
miniFE.c 25 Ap 2716.0172730389999742
miniFE.c 25 Ap 4086.6435322781999275
miniFE.c 25 Ap 6112.9419280231995799
miniFE.c 25 Ap 19366.0687056721981207
miniFE.c 25 Ap 19942.9016931553996983
miniFE.c 25 Ap 22443.7520980093977414
miniFE.c 25 Ap 22629.2022504265987664
miniFE.c 25 Ap 101229853383661664265467668637696057651060766844960203804171369561069781692448768.0000000000000000
miniFE.c 25 Ap 2784.7112838509997346
miniFE.c 25 Ap 5297.5139884079999320
miniFE.c 25 Ap 8838.6610425799990480
miniFE.c 25 Ap 9581.9742276727993158
miniFE.c 25 Ap 20049.1383863587980159
miniFE.c 25 Ap 21061.8523085989982064
miniFE.c 25 Ap 23066.1607201429978886
miniFE.c 25 Ap 81466669694603471696386063525821061122712780889699743689876218485342588406595584.0000000000000000
miniFE.c 25 Ap 3179.3454260399998930
miniFE.c 25 Ap 5397.6649115441996400
miniFE.c 25 Ap 8807.5877122702004272
miniFE.c 25 Ap 11054.0535250612010714
miniFE.c 25 Ap 11760.0087099739012046
miniFE.c 25 Ap 26753.3647406958989450
miniFE.c 25 Ap 27839.0862096834971453
miniFE.c 25 Ap 73464326778538850973118007047959639111544781723539824117809831615025706132570112.0000000000000000
miniFE.c 25 Ap 989.4123599472000024
miniFE.c 25 Ap 3608.8072965641999872
miniFE.c 25 Ap 6128.3407890401995246
miniFE.c 25 Ap 6391.8224746028990921
miniFE.c 25 Ap 8601.6889808288997301
miniFE.c 25 Ap 10318.9233197042995016
miniFE.c 25 Ap 19683.6473325842962367
miniFE.c 25 Ap 57348741201332855191594462522878246373271953491086252300057563227412521499492352.0000000000000000
miniFE.c 25 Ap 1268.8676034993000030
miniFE.c 25 Ap 2867.0390905766998912
miniFE.c 25 Ap 5470.7324228946999938
miniFE.c 25 Ap 6427.4105067679001877
miniFE.c 25 Ap 7024.8795832297000743
miniFE.c 25 Ap 7797.7765812907000509
miniFE.c 25 Ap 8179.2443669095000587
miniFE.c 25 Ap 1391010870954061281622443988166860081150557056016778851978734069082300029264199680.0000000000000000
miniFE.c 57 sum 27207481392932280924477624065887163822247531647942214788160759283587711172847075328.0000000000000000
miniFE.c 57 sum 61476006239383885040110247497181235767404908739280719972363098292246756900323983360.0000000000000000
miniFE.c 57 sum 117305265097109067964129393608195853293624811661565927206487657905168903562562895872.0000000000000000
miniFE.c 57 sum 137818674923495690716564523949361602928954966553898932710540138342298406031227617280.0000000000000000
miniFE.c 57 sum 150629805679657236157442480283686769087851777628866165481052778993531224135001178112.0000000000000000
miniFE.c 57 sum 167202520307570317112822485398049362315723143939473312187634480079973307929621168128.0000000000000000
miniFE.c 57 sum 175382079507130496878070523160709075895493074558438263348145810213218823069035921408.0000000000000000
miniFE.c 57 sum 29826517979084035962810059688728078835616568549621062198640719410523477817310870835515296715203182509931915757475636118128946394340181889026037982602802952667136.0000000000000000
miniFE.c 90 p_ap_dot 29826517979084035962810059688728078835616568549621062198640719410523477817310870835515296715203182509931915757475636118128946394340181889026037982602802952667136.0000000000000000
miniFE.c 91 alpha 0.0000000000000000
miniFE.c 40 y 0.0000000000000000
miniFE.c 40 y 0.0000000000000000
miniFE.c 40 y 0.0000000000000000
miniFE.c 40 y 0.0000000000000000
miniFE.c 40 y 0.0000000000000000
miniFE.c 40 y 0.0000000000000000
miniFE.c 40 y 0.0000000000000000
miniFE.c 40 y 0.0000000000000000
miniFE.c 40 y 198.0110999999999990
miniFE.c 40 y 229.8237000000000023
miniFE.c 40 y 210.8053999999999917
miniFE.c 40 y 202.6418999999999926
miniFE.c 40 y 157.2561000000000035
miniFE.c 40 y 225.5886000000000138
miniFE.c 40 y 142.6283999999999992
miniFE.c 40 y 185.1795999999999935
miniFE.c 82 oldrtrans 307784.0272895599482581
miniFE.c 48 sum 39208.3957232100001420
miniFE.c 48 sum 92027.3288048999966122
miniFE.c 48 sum 136466.2454740600078367
miniFE.c 48 sum 177529.9851096700003836
miniFE.c 48 sum 202259.4660968800017145
miniFE.c 48 sum 253149.6825468399911188
miniFE.c 48 sum 273492.5430333999684080
miniFE.c 48 sum 307784.0272895599482581
miniFE.c 83 rtrans 307784.0272895599482581
miniFE.c 84 beta 1.0000000000000000
miniFE.c 40 y 396.0221999999999980
miniFE.c 40 y 459.6474000000000046
miniFE.c 40 y 421.6107999999999834
miniFE.c 40 y 405.2837999999999852
miniFE.c 40 y 314.5122000000000071
miniFE.c 40 y 451.1772000000000276
miniFE.c 40 y 285.2567999999999984
miniFE.c 40 y 21442332768130517394341434728758797745887397898329383928445962279653060275863552.0000000000000000
miniFE.c 87 normr 554.7828649927464539
miniFE.c 25 Ap 26570.9946625620032137
miniFE.c 25 Ap 33505.9477924320017337
miniFE.c 25 Ap 37435.0286407324019819
miniFE.c 25 Ap 42994.0998305944012827
miniFE.c 25 Ap 47417.2138491963996785
miniFE.c 25 Ap 54661.4954432763988734
miniFE.c 25 Ap 56086.8529291899976670
miniFE.c 25 Ap 137403819245144751504218691318221440843929699339024227465984756098714011346927616.0000000000000000
miniFE.c 25 Ap 5975.0047436100003324
miniFE.c 25 Ap 36512.4106019760001800
miniFE.c 25 Ap 42580.2205872519989498
miniFE.c 25 Ap 44997.2585982328018872
miniFE.c 25 Ap 48436.0123332748044049
miniFE.c 25 Ap 52790.8946808100008639
miniFE.c 25 Ap 56042.0833856980025303
miniFE.c 25 Ap 149107880720968335210357519322666864322669593265273875165830227539857034360913920.0000000000000000
miniFE.c 25 Ap 3690.6152345286000127
miniFE.c 25 Ap 10305.8468259065994062
miniFE.c 25 Ap 38837.9740500785992481
miniFE.c 25 Ap 42733.6328603435977129
miniFE.c 25 Ap 48016.8654081395943649
miniFE.c 25 Ap 55314.9679304075980326
miniFE.c 25 Ap 58724.3400885995943099
miniFE.c 25 Ap 264837897215750578314896265782727908762265674264401781003713887124220586261217280.0000000000000000
miniFE.c 25 Ap 5432.0345460779999485
miniFE.c 25 Ap 8173.2870645563998551
miniFE.c 25 Ap 12225.8838560463991598
miniFE.c 25 Ap 38732.1374113443962415
miniFE.c 25 Ap 39885.8033863107993966
miniFE.c 25 Ap 44887.5041960187954828
miniFE.c 25 Ap 45258.4045008531975327
miniFE.c 25 Ap 101229853383661664265467668637696057651060766844960203804171369561069781692448768.0000000000000000
miniFE.c 25 Ap 5569.4225677019994691
miniFE.c 25 Ap 10595.0279768159998639
miniFE.c 25 Ap 17677.3220851599980961
miniFE.c 25 Ap 19163.9484553455986315
miniFE.c 25 Ap 40098.2767727175960317
miniFE.c 25 Ap 42123.7046171979964129
miniFE.c 25 Ap 46132.3214402859957772
miniFE.c 25 Ap 81466669694603471696386063525821061122712780889699743689876218485342588406595584.0000000000000000
miniFE.c 25 Ap 6358.6908520799997859
miniFE.c 25 Ap 10795.3298230883992801
miniFE.c 25 Ap 17615.1754245404008543
miniFE.c 25 Ap 22108.1070501224021427
miniFE.c 25 Ap 23520.0174199478024093
miniFE.c 25 Ap 53506.7294813917978900
miniFE.c 25 Ap 55678.1724193669942906
miniFE.c 25 Ap 73464326778538850973118007047959639111544781723539824117809831615025706132570112.0000000000000000
miniFE.c 25 Ap 1978.8247198944000047
miniFE.c 25 Ap 7217.6145931283999744
miniFE.c 25 Ap 12256.6815780803990492
miniFE.c 25 Ap 12783.6449492057981843
miniFE.c 25 Ap 17203.3779616577994602
miniFE.c 25 Ap 20637.8466394085990032
miniFE.c 25 Ap 39367.2946651685924735
miniFE.c 25 Ap 57348741201332855191594462522878246373271953491086252300057563227412521499492352.0000000000000000
miniFE.c 25 Ap 2537.7352069986000060
miniFE.c 25 Ap 5734.0781811533997825
miniFE.c 25 Ap 10941.4648457893999876
miniFE.c 25 Ap 12854.8210135358003754
miniFE.c 25 Ap 14049.7591664594001486
miniFE.c 25 Ap 15595.5531625814001018
miniFE.c 25 Ap 16358.4887338190001174
miniFE.c 25 Ap 1391010870954061281622443988166860081150557056016778851978734069082300029264199680.0000000000000000
miniFE.c 57 sum 54414962785864561848955248131774327644495063295884429576321518567175422345694150656.0000000000000000
miniFE.c 57 sum 122952012478767770080220494994362471534809817478561439944726196584493513800647966720.0000000000000000
miniFE.c 57 sum 234610530194218135928258787216391706587249623323131854412975315810337807125125791744.0000000000000000
miniFE.c 57 sum 275637349846991381433129047898723205857909933107797865421080276684596812062455234560.0000000000000000
miniFE.c 57 sum 301259611359314472314884960567373538175703555257732330962105557987062448270002356224.0000000000000000
miniFE.c 57 sum 334405040615140634225644970796098724631446287878946624375268960159946615859242336256.0000000000000000
miniFE.c 57 sum 350764159014260993756141046321418151790986149116876526696291620426437646138071842816.0000000000000000
miniFE.c 57 sum 29826517979084035962810059688728078835616568549621062198640719410523477817310870835515296715203182509931915757475636118128946394340181889026037982602802952667136.0000000000000000
miniFE.c 90 p_ap_dot 29826517979084035962810059688728078835616568549621062198640719410523477817310870835515296715203182509931915757475636118128946394340181889026037982602802952667136.0000000000000000
miniFE.c 91 alpha 0.0000000000000000
miniFE.c 40 y 0.0000000000000000
miniFE.c 40 y 0.0000000000000000
miniFE.c 40 y 0.0000000000000000
miniFE.c 40 y 0.0000000000000000
miniFE.c 40 y 0.0000000000000000
miniFE.c 40 y 0.0000000000000000
miniFE.c 40 y 0.0000000000000000
miniFE.c 40 y 0.0000000000000000
miniFE.c 40 y 198.0110999999999990
miniFE.c 40 y 229.8237000000000023
miniFE.c 40 y 210.8053999999999917
miniFE.c 40 y 202.6418999999999926
miniFE.c 40 y 157.2561000000000035
miniFE.c 40 y 225.5886000000000138
miniFE.c 40 y 142.6283999999999992
miniFE.c 40 y 185.1795999999999935
miniFE.c 82 oldrtrans 307784.0272895599482581
miniFE.c 48 sum 39208.3957232100001420
miniFE.c 48 sum 92027.3288048999966122
miniFE.c 48 sum 136466.2454740600078367
miniFE.c 48 sum 177529.9851096700003836
miniFE.c 48 sum 202259.4660968800017145
miniFE.c 48 sum 253149.6825468399911188
miniFE.c 48 sum 273492.5430333999684080
miniFE.c 48 sum 307784.0272895599482581
miniFE.c 83 rtrans 307784.0272895599482581
miniFE.c 84 beta 1.0000000000000000
miniFE.c 40 y 594.0333000000000538
miniFE.c 40 y 689.4710999999999785
miniFE.c 40 y 632.4162000000000035
miniFE.c 40 y 607.9257000000000062
miniFE.c 40 y 471.7683000000000106
miniFE.c 40 y 676.7658000000000129
miniFE.c 40 y 427.8851999999999975
miniFE.c 40 y 21442332768130517394341434728758797745887397898329383928445962279653060275863552.0000000000000000
miniFE.c 87 normr 554.7828649927464539
miniFE.c 25 Ap 39856.4919938430102775
miniFE.c 25 Ap 50258.9216886480135145
miniFE.c 25 Ap 56152.5429610986102489
miniFE.c 25 Ap 64491.1497458916128380
miniFE.c 25 Ap 71125.8207737946067937
miniFE.c 25 Ap 81992.2431649146019481
miniFE.c 25 Ap 84130.2793937850074144
miniFE.c 25 Ap 137403819245144751504218691318221440843929699339024227465984756098714011346927616.0000000000000000
miniFE.c 25 Ap 8962.5071154150009534
miniFE.c 25 Ap 54768.6159029639966320
miniFE.c 25 Ap 63870.3308808779984247
miniFE.c 25 Ap 67495.8878973491955549
miniFE.c 25 Ap 72654.0184999121993314
miniFE.c 25 Ap 79186.3420212149940198
miniFE.c 25 Ap 84063.1250785469892435
miniFE.c 25 Ap 149107880720968335210357519322666864322669593265273875165830227539857034360913920.0000000000000000
miniFE.c 25 Ap 5535.9228517929004738
miniFE.c 25 Ap 15458.7702388599009282
miniFE.c 25 Ap 58256.9610751179061481
miniFE.c 25 Ap 64100.4492905154038453
miniFE.c 25 Ap 72025.2981122094060993
miniFE.c 25 Ap 82972.4518956114043249
miniFE.c 25 Ap 88086.5101328994060168
miniFE.c 25 Ap 264837897215750578314896265782727908762265674264401781003713887124220586261217280.0000000000000000
miniFE.c 25 Ap 8148.0518191170012869
miniFE.c 25 Ap 12259.9305968346016016
miniFE.c 25 Ap 18338.8257840696023777
miniFE.c 25 Ap 58098.2061170165980002
miniFE.c 25 Ap 59828.7050794661990949
miniFE.c 25 Ap 67331.2562940281932242
miniFE.c 25 Ap 67887.6067512797890231
miniFE.c 25 Ap 101229853383661664265467668637696057651060766844960203804171369561069781692448768.0000000000000000
miniFE.c 25 Ap 8354.1338515530005679
miniFE.c 25 Ap 15892.5419652239997959
miniFE.c 25 Ap 26515.9831277400007821
miniFE.c 25 Ap 28745.9226830184015853
miniFE.c 25 Ap 60147.4151590764085995
miniFE.c 25 Ap 63185.5569257970055332
miniFE.c 25 Ap 69198.4821604290045798
miniFE.c 25 Ap 81466669694603471696386063525821061122712780889699743689876218485342588406595584.0000000000000000
miniFE.c 25 Ap 9538.0362781200001336
miniFE.c 25 Ap 16192.9947346325989201
miniFE.c 25 Ap 26422.7631368106012815
miniFE.c 25 Ap 33162.1605751836032141
miniFE.c 25 Ap 35280.0261299217017950
miniFE.c 25 Ap 80260.0942220877041109
miniFE.c 25 Ap 83517.2586290504987119
miniFE.c 25 Ap 73464326778538850973118007047959639111544781723539824117809831615025706132570112.0000000000000000
miniFE.c 25 Ap 2968.2370798416000071
miniFE.c 25 Ap 10826.4218896925995068
miniFE.c 25 Ap 18385.0223671206003928
miniFE.c 25 Ap 19175.4674238086990954
miniFE.c 25 Ap 25805.0669424867010093
miniFE.c 25 Ap 30956.7699591129021428
miniFE.c 25 Ap 59050.9419977529032622
miniFE.c 25 Ap 57348741201332855191594462522878246373271953491086252300057563227412521499492352.0000000000000000
miniFE.c 25 Ap 3806.6028104979004638
miniFE.c 25 Ap 8601.1172717301014927
miniFE.c 25 Ap 16412.1972686841036193
miniFE.c 25 Ap 19282.2315203037032916
miniFE.c 25 Ap 21074.6387496891038609
miniFE.c 25 Ap 23393.3297438721056096
miniFE.c 25 Ap 24537.7331007285065425
miniFE.c 25 Ap 1391010870954061281622443988166860081150557056016778851978734069082300029264199680.0000000000000000
miniFE.c 57 sum 81622444178796852883412872379151414466873252576188146978411436303477813932395069440.0000000000000000
miniFE.c 57 sum 184428018718151682080277409642183501969229813237472833554233717417312751804582199296.0000000000000000
miniFE.c 57 sum 351915795291327217372361514399907457214381978494513118438035184985792951239493812224.0000000000000000
miniFE.c 57 sum 413456024770487099109640238998724603453879986681327471768764837567467699197293101056.0000000000000000
miniFE.c 57 sum 451889417038971681512380773700420512596540245866967822806013914440021191301393285120.0000000000000000
miniFE.c 57 sum 501607560922710924378520789043508292280154344798789262925759017699347442685253255168.0000000000000000
miniFE.c 57 sum 526146238521391490634211569482127227686479223675314790044437430639656469207107764224.0000000000000000
miniFE.c 57 sum 29826517979084035962810059688728078835616568549621062198640719410523477817310870835515296715203182509931915757475636118128946394340181889026037982602802952667136.0000000000000000
miniFE.c 90 p_ap_dot 29826517979084035962810059688728078835616568549621062198640719410523477817310870835515296715203182509931915757475636118128946394340181889026037982602802952667136.0000000000000000
miniFE.c 91 alpha 0.0000000000000000
miniFE.c 40 y 0.0000000000000000
miniFE.c 40 y 0.0000000000000000
miniFE.c 40 y 0.0000000000000000
miniFE.c 40 y 0.0000000000000000
miniFE.c 40 y 0.0000000000000000
miniFE.c 40 y 0.0000000000000000
miniFE.c 40 y 0.0000000000000000
miniFE.c 40 y 0.0000000000000000
miniFE.c 40 y 198.0110999999999990
miniFE.c 40 y 229.8237000000000023
miniFE.c 40 y 210.8053999999999917
miniFE.c 40 y 202.6418999999999926
miniFE.c 40 y 157.2561000000000035
miniFE.c 40 y 225.5886000000000138
miniFE.c 40 y 142.6283999999999992
miniFE.c 40 y 185.1795999999999935
miniFE.c 82 oldrtrans 307784.0272895599482581
miniFE.c 48 sum 39208.3957232100001420
miniFE.c 48 sum 92027.3288048999966122
miniFE.c 48 sum 136466.2454740600078367
miniFE.c 48 sum 177529.9851096700003836
miniFE.c 48 sum 202259.4660968800017145
miniFE.c 48 sum 253149.6825468399911188
miniFE.c 48 sum 273492.5430333999684080
miniFE.c 48 sum 307784.0272895599482581
miniFE.c 83 rtrans 307784.0272895599482581
miniFE.c 84 beta 1.0000000000000000
miniFE.c 40 y 792.0443999999999960
miniFE.c 40 y 919.2948000000000093
miniFE.c 40 y 843.2215999999999667
miniFE.c 40 y 810.5675999999999704
miniFE.c 40 y 629.0244000000000142
miniFE.c 40 y 902.3544000000000551
miniFE.c 40 y 570.5135999999999967
miniFE.c 40 y 21442332768130517394341434728758797745887397898329383928445962279653060275863552.0000000000000000
miniFE.c 87 normr 554.7828649927464539
miniFE.c 25 Ap 53141.9893251240064274
miniFE.c 25 Ap 67011.8955848640034674
miniFE.c 25 Ap 74870.0572814648039639
miniFE.c 25 Ap 85988.1996611888025654
miniFE.c 25 Ap 94834.4276983927993570
miniFE.c 25 Ap 109322.9908865527977468
miniFE.c 25 Ap 112173.7058583799953340
miniFE.c 25 Ap 137403819245144751504218691318221440843929699339024227465984756098714011346927616.0000000000000000
miniFE.c 25 Ap 11950.0094872200006648
miniFE.c 25 Ap 73024.8212039520003600
miniFE.c 25 Ap 85160.4411745039978996
miniFE.c 25 Ap 89994.5171964656037744
miniFE.c 25 Ap 96872.0246665496088099
miniFE.c 25 Ap 105581.7893616200017277
miniFE.c 25 Ap 112084.1667713960050605
miniFE.c 25 Ap 149107880720968335210357519322666864322669593265273875165830227539857034360913920.0000000000000000
miniFE.c 25 Ap 7381.2304690572000254
miniFE.c 25 Ap 20611.6936518131988123
miniFE.c 25 Ap 77675.9481001571984962
miniFE.c 25 Ap 85467.2657206871954259
miniFE.c 25 Ap 96033.7308162791887298
miniFE.c 25 Ap 110629.9358608151960652
miniFE.c 25 Ap 117448.6801771991886199
miniFE.c 25 Ap 264837897215750578314896265782727908762265674264401781003713887124220586261217280.0000000000000000
miniFE.c 25 Ap 10864.0690921559998969
miniFE.c 25 Ap 16346.5741291127997101
miniFE.c 25 Ap 24451.7677120927983196
miniFE.c 25 Ap 77464.2748226887924829
miniFE.c 25 Ap 79771.6067726215987932
miniFE.c 25 Ap 89775.0083920375909656
miniFE.c 25 Ap 90516.8090017063950654
miniFE.c 25 Ap 101229853383661664265467668637696057651060766844960203804171369561069781692448768.0000000000000000
miniFE.c 25 Ap 11138.8451354039989383
miniFE.c 25 Ap 21190.0559536319997278
miniFE.c 25 Ap 35354.6441703199961921
miniFE.c 25 Ap 38327.8969106911972631
miniFE.c 25 Ap 80196.5535454351920635
miniFE.c 25 Ap 84247.4092343959928257
miniFE.c 25 Ap 92264.6428805719915545
miniFE.c 25 Ap 81466669694603471696386063525821061122712780889699743689876218485342588406595584.0000000000000000
miniFE.c 25 Ap 12717.3817041599995719
miniFE.c 25 Ap 21590.6596461767985602
miniFE.c 25 Ap 35230.3508490808017086
miniFE.c 25 Ap 44216.2141002448042855
miniFE.c 25 Ap 47040.0348398956048186
miniFE.c 25 Ap 107013.4589627835957799
miniFE.c 25 Ap 111356.3448387339885812
miniFE.c 25 Ap 73464326778538850973118007047959639111544781723539824117809831615025706132570112.0000000000000000
miniFE.c 25 Ap 3957.6494397888000094
miniFE.c 25 Ap 14435.2291862567999488
miniFE.c 25 Ap 24513.3631561607980984
miniFE.c 25 Ap 25567.2898984115963685
miniFE.c 25 Ap 34406.7559233155989205
miniFE.c 25 Ap 41275.6932788171980064
miniFE.c 25 Ap 78734.5893303371849470
miniFE.c 25 Ap 57348741201332855191594462522878246373271953491086252300057563227412521499492352.0000000000000000
miniFE.c 25 Ap 5075.4704139972000121
miniFE.c 25 Ap 11468.1563623067995650
miniFE.c 25 Ap 21882.9296915787999751
miniFE.c 25 Ap 25709.6420270716007508
miniFE.c 25 Ap 28099.5183329188002972
miniFE.c 25 Ap 31191.1063251628002035
miniFE.c 25 Ap 32716.9774676380002347
miniFE.c 25 Ap 1391010870954061281622443988166860081150557056016778851978734069082300029264199680.0000000000000000
miniFE.c 57 sum 108829925571729123697910496263548655288990126591768859152643037134350844691388301312.0000000000000000
miniFE.c 57 sum 245904024957535540160440989988724943069619634957122879889452393168987027601295933440.0000000000000000
miniFE.c 57 sum 469221060388436271856517574432783413174499246646263708825950631620675614250251583488.0000000000000000
miniFE.c 57 sum 551274699693982762866258095797446411715819866215595730842160553369193624124910469120.0000000000000000
miniFE.c 57 sum 602519222718628944629769921134747076351407110515464661924211115974124896540004712448.0000000000000000
miniFE.c 57 sum 668810081230281268451289941592197449262892575757893248750537920319893231718484672512.0000000000000000
miniFE.c 57 sum 701528318028521987512282092642836303581972298233753053392583240852875292276143685632.0000000000000000
miniFE.c 57 sum 29826517979084035962810059688728078835616568549621062198640719410523477817310870835515296715203182509931915757475636118128946394340181889026037982602802952667136.0000000000000000
miniFE.c 90 p_ap_dot 29826517979084035962810059688728078835616568549621062198640719410523477817310870835515296715203182509931915757475636118128946394340181889026037982602802952667136.0000000000000000
miniFE.c 91 alpha 0.0000000000000000
miniFE.c 40 y 0.0000000000000000
miniFE.c 40 y 0.0000000000000000
miniFE.c 40 y 0.0000000000000000
miniFE.c 40 y 0.0000000000000000
miniFE.c 40 y 0.0000000000000000
miniFE.c 40 y 0.0000000000000000
miniFE.c 40 y 0.0000000000000000
miniFE.c 40 y 0.0000000000000000
miniFE.c 40 y 198.0110999999999990
miniFE.c 40 y 229.8237000000000023
miniFE.c 40 y 210.8053999999999917
miniFE.c 40 y 202.6418999999999926
miniFE.c 40 y 157.2561000000000035
miniFE.c 40 y 225.5886000000000138
miniFE.c 40 y 142.6283999999999992
miniFE.c 40 y 185.1795999999999935
miniFE.c 82 oldrtrans 307784.0272895599482581
miniFE.c 48 sum 39208.3957232100001420
miniFE.c 48 sum 92027.3288048999966122
miniFE.c 48 sum 136466.2454740600078367
miniFE.c 48 sum 177529.9851096700003836
miniFE.c 48 sum 202259.4660968800017145
miniFE.c 48 sum 253149.6825468399911188
miniFE.c 48 sum 273492.5430333999684080
miniFE.c 48 sum 307784.0272895599482581
miniFE.c 83 rtrans 307784.0272895599482581
miniFE.c 84 beta 1.0000000000000000
miniFE.c 40 y 990.0554999999999382
miniFE.c 40 y 1149.1185000000000400
miniFE.c 40 y 1054.0270000000000437
miniFE.c 40 y 1013.2094999999999345
miniFE.c 40 y 786.2805000000000746
miniFE.c 40 y 1127.9429999999999836
miniFE.c 40 y 713.1420000000000528
miniFE.c 40 y 21442332768130517394341434728758797745887397898329383928445962279653060275863552.0000000000000000
miniFE.c 87 normr 554.7828649927464539
miniFE.c 25 Ap 66427.4866564050025772
miniFE.c 25 Ap 83764.8694810800079722
miniFE.c 25 Ap 93587.5716018310049549
miniFE.c 25 Ap 107485.2495764860068448
miniFE.c 25 Ap 118543.0346229910064721
miniFE.c 25 Ap 136653.7386081909935456
miniFE.c 25 Ap 140217.1323229749978054
miniFE.c 25 Ap 137403819245144751504218691318221440843929699339024227465984756098714011346927616.0000000000000000
miniFE.c 25 Ap 14937.5118590249985573
miniFE.c 25 Ap 91281.0265049400040880
miniFE.c 25 Ap 106450.5514681299973745
miniFE.c 25 Ap 112493.1464955819974421
miniFE.c 25 Ap 121090.0308331870037364
miniFE.c 25 Ap 131977.2367020249948837
miniFE.c 25 Ap 140105.2084642449917737
miniFE.c 25 Ap 149107880720968335210357519322666864322669593265273875165830227539857034360913920.0000000000000000
miniFE.c 25 Ap 9226.5380863214995770
miniFE.c 25 Ap 25764.6170647665021534
miniFE.c 25 Ap 97094.9351251965126721
miniFE.c 25 Ap 106834.0821508590161102
miniFE.c 25 Ap 120042.1635203490150161
miniFE.c 25 Ap 138287.4198260190023575
miniFE.c 25 Ap 146810.8502214990148786
miniFE.c 25 Ap 264837897215750578314896265782727908762265674264401781003713887124220586261217280.0000000000000000
miniFE.c 25 Ap 13580.0863651950003259
miniFE.c 25 Ap 20433.2176613909978187
miniFE.c 25 Ap 30564.7096401160015375
miniFE.c 25 Ap 96830.3435283610015176
miniFE.c 25 Ap 99714.5084657770057674
miniFE.c 25 Ap 112218.7604900470032590
miniFE.c 25 Ap 113146.0112521330011077
miniFE.c 25 Ap 101229853383661664265467668637696057651060766844960203804171369561069781692448768.0000000000000000
miniFE.c 25 Ap 13923.5564192549991276
miniFE.c 25 Ap 26487.5699420399978408
miniFE.c 25 Ap 44193.3052128999988781
miniFE.c 25 Ap 47909.8711383639965788
miniFE.c 25 Ap 100245.6919317940046312
miniFE.c 25 Ap 105309.2615429950092221
miniFE.c 25 Ap 115330.8036007150076330
miniFE.c 25 Ap 81466669694603471696386063525821061122712780889699743689876218485342588406595584.0000000000000000
miniFE.c 25 Ap 15896.7271301999990101
miniFE.c 25 Ap 26988.3245577209963812
miniFE.c 25 Ap 44037.9385613509948598
miniFE.c 25 Ap 55270.2676253059908049
miniFE.c 25 Ap 58800.0435498694932903
miniFE.c 25 Ap 133766.8237034794874489
miniFE.c 25 Ap 139195.4310484174930025
miniFE.c 25 Ap 73464326778538850973118007047959639111544781723539824117809831615025706132570112.0000000000000000
miniFE.c 25 Ap 4947.0617997359995570
miniFE.c 25 Ap 18044.0364828210003907
miniFE.c 25 Ap 30641.7039452009994420
miniFE.c 25 Ap 31959.1123730145009176
miniFE.c 25 Ap 43008.4449041445041075
miniFE.c 25 Ap 51594.6165985215047840
miniFE.c 25 Ap 98418.2366629214957356
miniFE.c 25 Ap 57348741201332855191594462522878246373271953491086252300057563227412521499492352.0000000000000000
miniFE.c 25 Ap 6344.3380174964995604
miniFE.c 25 Ap 14335.1954528835012752
miniFE.c 25 Ap 27353.6621144735036069
miniFE.c 25 Ap 32137.0525338395018480
miniFE.c 25 Ap 35124.3979161485040095
miniFE.c 25 Ap 38988.8829064535020734
miniFE.c 25 Ap 40896.2218345475048409
miniFE.c 25 Ap 1391010870954061281622443988166860081150557056016778851978734069082300029264199680.0000000000000000
miniFE.c 57 sum 136037406964661394512408120147945896111107000607349571326874637965223875450381533184.0000000000000000
miniFE.c 57 sum 307380031196919479120444571787185768171054717735664947136104336542378746708840415232.0000000000000000
miniFE.c 57 sum 586526325485545434180460303068218547802676862876536993762443768417848201675450351616.0000000000000000
miniFE.c 57 sum 689093374617478534462662621198727398645820093828386684464133959333209473466968834048.0000000000000000
miniFE.c 57 sum 753149028398286153827265734267794050772243801124700153768119472427083639571395641344.0000000000000000
miniFE.c 57 sum 836012601537851612524059094140886606245630806716997234575316822940439020751716089856.0000000000000000
miniFE.c 57 sum 876910397535652484390352615803545379477465372792191316740729051066094115345179607040.0000000000000000
miniFE.c 57 sum 29826517979084035962810059688728078835616568549621062198640719410523477817310870835515296715203182509931915757475636118128946394340181889026037982602802952667136.0000000000000000
miniFE.c 90 p_ap_dot 29826517979084035962810059688728078835616568549621062198640719410523477817310870835515296715203182509931915757475636118128946394340181889026037982602802952667136.0000000000000000
miniFE.c 91 alpha 0.0000000000000000
miniFE.c 40 y 0.0000000000000000
miniFE.c 40 y 0.0000000000000000
miniFE.c 40 y 0.0000000000000000
miniFE.c 40 y 0.0000000000000000
miniFE.c 40 y 0.0000000000000000
miniFE.c 40 y 0.0000000000000000
miniFE.c 40 y 0.0000000000000000
miniFE.c 40 y 0.0000000000000000
miniFE.c 40 y 198.0110999999999990
miniFE.c 40 y 229.8237000000000023
miniFE.c 40 y 210.8053999999999917
miniFE.c 40 y 202.6418999999999926
miniFE.c 40 y 157.2561000000000035
miniFE.c 40 y 225.5886000000000138
miniFE.c 40 y 142.6283999999999992
miniFE.c 40 y 185.1795999999999935
miniFE.c 82 oldrtrans 307784.0272895599482581
miniFE.c 48 sum 39208.3957232100001420
miniFE.c 48 sum 92027.3288048999966122
miniFE.c 48 sum 136466.2454740600078367
miniFE.c 48 sum 177529.9851096700003836
miniFE.c 48 sum 202259.4660968800017145
miniFE.c 48 sum 253149.6825468399911188
miniFE.c 48 sum 273492.5430333999684080
miniFE.c 48 sum 307784.0272895599482581
miniFE.c 83 rtrans 307784.0272895599482581
miniFE.c 84 beta 1.0000000000000000
miniFE.c 40 y 1188.0665999999998803
miniFE.c 40 y 1378.9421999999999571
miniFE.c 40 y 1264.8324000000000069
miniFE.c 40 y 1215.8514000000000124
miniFE.c 40 y 943.5366000000001350
miniFE.c 40 y 1353.5316000000000258
miniFE.c 40 y 855.7704000000001088
miniFE.c 40 y 21442332768130517394341434728758797745887397898329383928445962279653060275863552.0000000000000000
miniFE.c 87 normr 554.7828649927464539
miniFE.c 25 Ap 79712.9839876860060031
miniFE.c 25 Ap 100517.8433772959979251
miniFE.c 25 Ap 112305.0859221971913939
miniFE.c 25 Ap 128982.2994917831965722
miniFE.c 25 Ap 142251.6415475891844835
miniFE.c 25 Ap 163984.4863298291747924
miniFE.c 25 Ap 168260.5587875699857250
miniFE.c 25 Ap 137403819245144751504218691318221440843929699339024227465984756098714011346927616.0000000000000000
miniFE.c 25 Ap 17925.0142308299982687
miniFE.c 25 Ap 109537.2318059279932640
miniFE.c 25 Ap 127740.6617617559968494
miniFE.c 25 Ap 134991.7757946983911097
miniFE.c 25 Ap 145308.0369998243986629
miniFE.c 25 Ap 158372.6840424299880397
miniFE.c 25 Ap 168126.2501570939784870
miniFE.c 25 Ap 149107880720968335210357519322666864322669593265273875165830227539857034360913920.0000000000000000
miniFE.c 25 Ap 11071.8457035857991286
miniFE.c 25 Ap 30917.5404777197982185
miniFE.c 25 Ap 116513.9221502358122962
miniFE.c 25 Ap 128200.8985810308076907
miniFE.c 25 Ap 144050.5962244188121986
miniFE.c 25 Ap 165944.9037912228086498
miniFE.c 25 Ap 176173.0202657988120336
miniFE.c 25 Ap 264837897215750578314896265782727908762265674264401781003713887124220586261217280.0000000000000000
miniFE.c 25 Ap 16296.1036382339989359
miniFE.c 25 Ap 24519.8611936691959272
miniFE.c 25 Ap 36677.6515681391974795
miniFE.c 25 Ap 116196.4122340331960004
miniFE.c 25 Ap 119657.4101589323981898
miniFE.c 25 Ap 134662.5125880563864484
miniFE.c 25 Ap 135775.2135025595780462
miniFE.c 25 Ap 101229853383661664265467668637696057651060766844960203804171369561069781692448768.0000000000000000
miniFE.c 25 Ap 16708.2677031059974979
miniFE.c 25 Ap 31785.0839304479959537
miniFE.c 25 Ap 53031.9662554799942882
miniFE.c 25 Ap 57491.8453660367958946
miniFE.c 25 Ap 120294.8303181528171990
miniFE.c 25 Ap 126371.1138515940110665
miniFE.c 25 Ap 138396.9643208580091596
miniFE.c 25 Ap 81466669694603471696386063525821061122712780889699743689876218485342588406595584.0000000000000000
miniFE.c 25 Ap 19076.0725562399966293
miniFE.c 25 Ap 32385.9894692651942023
miniFE.c 25 Ap 52845.5262736211952870
miniFE.c 25 Ap 66324.3211503671918763
miniFE.c 25 Ap 70560.0522598433890380
miniFE.c 25 Ap 160520.1884441753791180
miniFE.c 25 Ap 167034.5172581009683199
miniFE.c 25 Ap 73464326778538850973118007047959639111544781723539824117809831615025706132570112.0000000000000000
miniFE.c 25 Ap 5936.4741596831991046
miniFE.c 25 Ap 21652.8437793851990136
miniFE.c 25 Ap 36770.0447342412007856
miniFE.c 25 Ap 38350.9348476173981908
miniFE.c 25 Ap 51610.1338849734020187
miniFE.c 25 Ap 61913.5399182258042856
miniFE.c 25 Ap 118101.8839955058065243
miniFE.c 25 Ap 57348741201332855191594462522878246373271953491086252300057563227412521499492352.0000000000000000
miniFE.c 25 Ap 7613.2056209958000181
miniFE.c 25 Ap 17202.2345434601993475
miniFE.c 25 Ap 32824.3945373681999627
miniFE.c 25 Ap 38564.4630406073993072
miniFE.c 25 Ap 42149.2774993782004458
miniFE.c 25 Ap 46786.6594877441966673
miniFE.c 25 Ap 49075.4662014569985331
miniFE.c 25 Ap 1391010870954061281622443988166860081150557056016778851978734069082300029264199680.0000000000000000
miniFE.c 57 sum 163244888357593678806879077607663034266731418132745620319678450066383146761179889664.0000000000000000
miniFE.c 57 sum 368856037436303310240661484983087414604429452435684319834178589753480541401943900160.0000000000000000
miniFE.c 57 sum 703831590582654434744723028799814914428763956989026236876070369971585902478987624448.0000000000000000
miniFE.c 57 sum 826912049540974198219280477997449206907759973362654943537529675134935398394586202112.0000000000000000
miniFE.c 57 sum 903778834077943363024761547400841025193080491733935645612027828880042382602786570240.0000000000000000
miniFE.c 57 sum 1003215121845421848757041578087016584560308689597578525851518035398694885370506510336.0000000000000000
miniFE.c 57 sum 1052292477042782981268423138964254455372958447350629580088874861279312938414215528448.0000000000000000
miniFE.c 57 sum 29826517979084035962810059688728078835616568549621062198640719410523477817310870835515296715203182509931915757475636118128946394340181889026037982602802952667136.0000000000000000
miniFE.c 90 p_ap_dot 29826517979084035962810059688728078835616568549621062198640719410523477817310870835515296715203182509931915757475636118128946394340181889026037982602802952667136.0000000000000000
miniFE.c 91 alpha 0.0000000000000000
miniFE.c 40 y 0.0000000000000000
miniFE.c 40 y 0.0000000000000000
miniFE.c 40 y 0.0000000000000000
miniFE.c 40 y 0.0000000000000000
miniFE.c 40 y 0.0000000000000000
miniFE.c 40 y 0.0000000000000000
miniFE.c 40 y 0.0000000000000000
miniFE.c 40 y 0.0000000000000000
miniFE.c 40 y 198.0110999999999990
miniFE.c 40 y 229.8237000000000023
miniFE.c 40 y 210.8053999999999917
miniFE.c 40 y 202.6418999999999926
miniFE.c 40 y 157.2561000000000035
miniFE.c 40 y 225.5886000000000138
miniFE.c 40 y 142.6283999999999992
miniFE.c 40 y 185.1795999999999935
miniFE.c 82 oldrtrans 307784.0272895599482581
miniFE.c 48 sum 39208.3957232100001420
miniFE.c 48 sum 92027.3288048999966122
miniFE.c 48 sum 136466.2454740600078367
miniFE.c 48 sum 177529.9851096700003836
miniFE.c 48 sum 202259.4660968800017145
miniFE.c 48 sum 253149.6825468399911188
miniFE.c 48 sum 273492.5430333999684080
miniFE.c 48 sum 307784.0272895599482581
miniFE.c 83 rtrans 307784.0272895599482581
miniFE.c 84 beta 1.0000000000000000
miniFE.c 40 y 1386.0776999999998225
miniFE.c 40 y 1608.7658999999998741
miniFE.c 40 y 1475.6377999999999702
miniFE.c 40 y 1418.4933000000000902
miniFE.c 40 y 1100.7927000000001954
miniFE.c 40 y 1579.1202000000000680
miniFE.c 40 y 998.3988000000001648
miniFE.c 40 y 21442332768130517394341434728758797745887397898329383928445962279653060275863552.0000000000000000
miniFE.c 87 normr 554.7828649927464539
miniFE.c 25 Ap 92998.4813189669948770
miniFE.c 25 Ap 117270.8172735119878780
miniFE.c 25 Ap 131022.6002425633923849
miniFE.c 25 Ap 150479.3494070803862996
miniFE.c 25 Ap 165960.2484721873770468
miniFE.c 25 Ap 191315.2340514673851430
miniFE.c 25 Ap 196303.9852521649736445
miniFE.c 25 Ap 137403819245144751504218691318221440843929699339024227465984756098714011346927616.0000000000000000
miniFE.c 25 Ap 20912.5166026349979802
miniFE.c 25 Ap 127793.4371069159824401
miniFE.c 25 Ap 149030.7720553819672205
miniFE.c 25 Ap 157490.4050938147702254
miniFE.c 25 Ap 169526.0431664617790375
miniFE.c 25 Ap 184768.1313828349811956
miniFE.c 25 Ap 196147.2918499429943040
miniFE.c 25 Ap 149107880720968335210357519322666864322669593265273875165830227539857034360913920.0000000000000000
miniFE.c 25 Ap 12917.1533208500968612
miniFE.c 25 Ap 36070.4638906730979215
miniFE.c 25 Ap 135932.9091752751264721
miniFE.c 25 Ap 149567.7150112026138231
miniFE.c 25 Ap 168059.0289284886093810
miniFE.c 25 Ap 193602.3877564266149420
miniFE.c 25 Ap 205535.1903100986091886
miniFE.c 25 Ap 264837897215750578314896265782727908762265674264401781003713887124220586261217280.0000000000000000
miniFE.c 25 Ap 19012.1209112729993649
miniFE.c 25 Ap 28606.5047259473976737
miniFE.c 25 Ap 42790.5934961624006974
miniFE.c 25 Ap 135562.4809397053904831
miniFE.c 25 Ap 139600.3118520877906121
miniFE.c 25 Ap 157106.2646860657841899
miniFE.c 25 Ap 158404.4157529861840885
miniFE.c 25 Ap 101229853383661664265467668637696057651060766844960203804171369561069781692448768.0000000000000000
miniFE.c 25 Ap 19492.9789869569976872
miniFE.c 25 Ap 37082.5979188560013426
miniFE.c 25 Ap 61870.6272980599969742
miniFE.c 25 Ap 67073.8195937096024863
miniFE.c 25 Ap 140343.9687045116152149
miniFE.c 25 Ap 147432.9661601930274628
miniFE.c 25 Ap 161463.1250410010397900
miniFE.c 25 Ap 81466669694603471696386063525821061122712780889699743689876218485342588406595584.0000000000000000
miniFE.c 25 Ap 22255.4179822799960675
miniFE.c 25 Ap 37783.6543808093920234
miniFE.c 25 Ap 61653.1139858913957141
miniFE.c 25 Ap 77378.3746754283929477
miniFE.c 25 Ap 82320.0609698172920616
miniFE.c 25 Ap 187273.5531848712707870
miniFE.c 25 Ap 194873.6034677844727412
miniFE.c 25 Ap 73464326778538850973118007047959639111544781723539824117809831615025706132570112.0000000000000000
miniFE.c 25 Ap 6925.8865196303986522
miniFE.c 25 Ap 25261.6510759493976366
miniFE.c 25 Ap 42898.3855232813948533
miniFE.c 25 Ap 44742.7573222202918259
miniFE.c 25 Ap 60211.8228658022926538
miniFE.c 25 Ap 72232.4632379300892353
miniFE.c 25 Ap 137785.5313280900882091
miniFE.c 25 Ap 57348741201332855191594462522878246373271953491086252300057563227412521499492352.0000000000000000
miniFE.c 25 Ap 8882.0732244950995664
miniFE.c 25 Ap 20069.2736340369010577
miniFE.c 25 Ap 38295.1269602629035944
miniFE.c 25 Ap 44991.8735473753040424
miniFE.c 25 Ap 49174.1570826079041581
miniFE.c 25 Ap 54584.4360690349058132
miniFE.c 25 Ap 57254.7105683665067772
miniFE.c 25 Ap 1391010870954061281622443988166860081150557056016778851978734069082300029264199680.0000000000000000
miniFE.c 57 sum 190452369750525936141403367916740377755340748638510995675337839626969936968367996928.0000000000000000
miniFE.c 57 sum 430332043675687195280771732480268650371834361174965039806541688045727298302267883520.0000000000000000
miniFE.c 57 sum 821136855679763435308985754531411281054851051101515479989696971525323603282524897280.0000000000000000
miniFE.c 57 sum 964730724464469861975898334796171015169699852896923202610925390936661323322203570176.0000000000000000
miniFE.c 57 sum 1054408639757600572222257360533887999613917182343171137455936185333001125634177499136.0000000000000000
miniFE.c 57 sum 1170417642152992192829810730635705741543046920556682511676296938019240674403737927680.0000000000000000
miniFE.c 57 sum 1227674556549913585986280330727522709936511869987590537985598361654821685897692446720.0000000000000000
miniFE.c 57 sum 29826517979084035962810059688728078835616568549621062198640719410523477817310870835515296715203182509931915757475636118128946394340181889026037982602802952667136.0000000000000000
miniFE.c 90 p_ap_dot 29826517979084035962810059688728078835616568549621062198640719410523477817310870835515296715203182509931915757475636118128946394340181889026037982602802952667136.0000000000000000
miniFE.c 91 alpha 0.0000000000000000
miniFE.c 40 y 0.0000000000000000
miniFE.c 40 y 0.0000000000000000
miniFE.c 40 y 0.0000000000000000
miniFE.c 40 y 0.0000000000000000
miniFE.c 40 y 0.0000000000000000
miniFE.c 40 y 0.0000000000000000
miniFE.c 40 y 0.0000000000000000
miniFE.c 40 y 0.0000000000000000
miniFE.c 40 y 198.0110999999999990
miniFE.c 40 y 229.8237000000000023
miniFE.c 40 y 210.8053999999999917
miniFE.c 40 y 202.6418999999999926
miniFE.c 40 y 157.2561000000000035
miniFE.c 40 y 225.5886000000000138
miniFE.c 40 y 142.6283999999999992
miniFE.c 40 y 185.1795999999999935
miniFE.c 82 oldrtrans 307784.0272895599482581
miniFE.c 48 sum 39208.3957232100001420
miniFE.c 48 sum 92027.3288048999966122
miniFE.c 48 sum 136466.2454740600078367
miniFE.c 48 sum 177529.9851096700003836
miniFE.c 48 sum 202259.4660968800017145
miniFE.c 48 sum 253149.6825468399911188
miniFE.c 48 sum 273492.5430333999684080
miniFE.c 48 sum 307784.0272895599482581
miniFE.c 83 rtrans 307784.0272895599482581
miniFE.c 84 beta 1.0000000000000000
miniFE.c 40 y 1584.0887999999997646
miniFE.c 40 y 1838.5895999999997912
miniFE.c 40 y 1686.4431999999999334
miniFE.c 40 y 1621.1352000000001681
miniFE.c 40 y 1258.0488000000002557
miniFE.c 40 y 1804.7088000000001102
miniFE.c 40 y 1141.0272000000002208
miniFE.c 40 y 21442332768130517394341434728758797745887397898329383928445962279653060275863552.0000000000000000
miniFE.c 87 normr 554.7828649927464539
miniFE.c 25 Ap 106283.9786502479983028
miniFE.c 25 Ap 134023.7911697280069347
miniFE.c 25 Ap 149740.1145629296079278
miniFE.c 25 Ap 171976.3993223776051309
miniFE.c 25 Ap 189668.8553967855987139
miniFE.c 25 Ap 218645.9817731055954937
miniFE.c 25 Ap 224347.4117167599906679
miniFE.c 25 Ap 137403819245144751504218691318221440843929699339024227465984756098714011346927616.0000000000000000
miniFE.c 25 Ap 23900.0189744399976917
miniFE.c 25 Ap 146049.6424079039716162
miniFE.c 25 Ap 170320.8823490079666954
miniFE.c 25 Ap 179989.0343929311784450
miniFE.c 25 Ap 193744.0493330991885159
miniFE.c 25 Ap 211163.5787232400034554
miniFE.c 25 Ap 224168.3335427920101210
miniFE.c 25 Ap 149107880720968335210357519322666864322669593265273875165830227539857034360913920.0000000000000000
miniFE.c 25 Ap 14762.4609381143964129
miniFE.c 25 Ap 41223.3873036263976246
miniFE.c 25 Ap 155351.8962003143969923
miniFE.c 25 Ap 170934.5314413743908517
miniFE.c 25 Ap 192067.4616325583774596
miniFE.c 25 Ap 221259.8717216303921305
miniFE.c 25 Ap 234897.3603543984063435
miniFE.c 25 Ap 264837897215750578314896265782727908762265674264401781003713887124220586261217280.0000000000000000
miniFE.c 25 Ap 21728.1381843119961559
miniFE.c 25 Ap 32693.1482582255921443
miniFE.c 25 Ap 48903.5354241855966393
miniFE.c 25 Ap 154928.5496453776140697
miniFE.c 25 Ap 159543.2135452432266902
miniFE.c 25 Ap 179550.0167840752401389
miniFE.c 25 Ap 181033.6180034128483385
miniFE.c 25 Ap 101229853383661664265467668637696057651060766844960203804171369561069781692448768.0000000000000000
miniFE.c 25 Ap 22277.6902708079942386
miniFE.c 25 Ap 42380.1119072639921797
miniFE.c 25 Ap 70709.2883406399923842
miniFE.c 25 Ap 76655.7938213823945262
miniFE.c 25 Ap 160393.1070908704132307
miniFE.c 25 Ap 168494.8184687920147553
miniFE.c 25 Ap 184529.2857611440122128
miniFE.c 25 Ap 81466669694603471696386063525821061122712780889699743689876218485342588406595584.0000000000000000
miniFE.c 25 Ap 25434.7634083199955057
miniFE.c 25 Ap 43181.3192923535971204
miniFE.c 25 Ap 70460.7016981616034172
miniFE.c 25 Ap 88432.4282004896085709
miniFE.c 25 Ap 94080.0696797912096372
miniFE.c 25 Ap 214026.9179255671915598
miniFE.c 25 Ap 222712.6896774680062663
miniFE.c 25 Ap 73464326778538850973118007047959639111544781723539824117809831615025706132570112.0000000000000000
miniFE.c 25 Ap 7915.2988795775981998
miniFE.c 25 Ap 28870.4583725135962595
miniFE.c 25 Ap 49026.7263123215961969
miniFE.c 25 Ap 51134.5797968231927371
miniFE.c 25 Ap 68813.5118466311978409
miniFE.c 25 Ap 82551.3865576343960129
miniFE.c 25 Ap 157469.1786606743989978
miniFE.c 25 Ap 57348741201332855191594462522878246373271953491086252300057563227412521499492352.0000000000000000
miniFE.c 25 Ap 10150.9408279943982052
miniFE.c 25 Ap 22936.3127246135991300
miniFE.c 25 Ap 43765.8593831575999502
miniFE.c 25 Ap 51419.2840541432015016
miniFE.c 25 Ap 56199.0366658376005944
miniFE.c 25 Ap 62382.2126503256004071
miniFE.c 25 Ap 65433.9549352760004695
miniFE.c 25 Ap 1391010870954061281622443988166860081150557056016778851978734069082300029264199680.0000000000000000
miniFE.c 57 sum 217659851143458220435874325376457515910965166163907044668141651728129208279166353408.0000000000000000
miniFE.c 57 sum 491808049915071080320881979977449886139239269914245759778904786337974055202591866880.0000000000000000
miniFE.c 57 sum 938442120776872543713035148865566826348998493292527417651901263241351228500503166976.0000000000000000
miniFE.c 57 sum 1102549399387965525732516191594892823431639732431191461684321106738387248249820938240.0000000000000000
miniFE.c 57 sum 1205038445437257889259539842269494152702814221030929323848422231948249793080009424896.0000000000000000
miniFE.c 57 sum 1337620162460562536902579883184394898525785151515786497501075840639786463436969345024.0000000000000000
miniFE.c 57 sum 1403056636057043975024564185285672607163944596467506106785166481705750584552287371264.0000000000000000
miniFE.c 57 sum 29826517979084035962810059688728078835616568549621062198640719410523477817310870835515296715203182509931915757475636118128946394340181889026037982602802952667136.0000000000000000
miniFE.c 90 p_ap_dot 29826517979084035962810059688728078835616568549621062198640719410523477817310870835515296715203182509931915757475636118128946394340181889026037982602802952667136.0000000000000000
miniFE.c 91 alpha 0.0000000000000000
miniFE.c 40 y 0.0000000000000000
miniFE.c 40 y 0.0000000000000000
miniFE.c 40 y 0.0000000000000000
miniFE.c 40 y 0.0000000000000000
miniFE.c 40 y 0.0000000000000000
miniFE.c 40 y 0.0000000000000000
miniFE.c 40 y 0.0000000000000000
miniFE.c 40 y 0.0000000000000000
miniFE.c 40 y 198.0110999999999990
miniFE.c 40 y 229.8237000000000023
miniFE.c 40 y 210.8053999999999917
miniFE.c 40 y 202.6418999999999926
miniFE.c 40 y 157.2561000000000035
miniFE.c 40 y 225.5886000000000138
miniFE.c 40 y 142.6283999999999992
miniFE.c 40 y 185.1795999999999935
