filename line variable value
miniFE.c 167 A 67.0947100000000063
miniFE.c 167 A 15.0875500000000002
miniFE.c 167 A 9.3192129999999995
miniFE.c 167 A 13.7164900000000003
miniFE.c 167 A 14.0634099999999993
miniFE.c 167 A 16.0564000000000000
miniFE.c 167 A 4.9967519999999999
miniFE.c 167 A 6.4080630000000003
miniFE.c 167 A 15.0875500000000002
miniFE.c 167 A 66.4365899999999954
miniFE.c 167 A 14.3919700000000006
miniFE.c 167 A 5.9638159999999996
miniFE.c 167 A 10.9336099999999998
miniFE.c 167 A 9.6522659999999991
miniFE.c 167 A 11.3974100000000007
miniFE.c 167 A 6.9539020000000002
miniFE.c 167 A 9.3192129999999995
miniFE.c 167 A 14.3919700000000006
miniFE.c 167 A 67.6740900000000067
miniFE.c 167 A 9.6121750000000006
miniFE.c 167 A 16.7981799999999986
miniFE.c 167 A 16.1756899999999995
miniFE.c 167 A 11.9519400000000005
miniFE.c 167 A 12.3511699999999998
miniFE.c 167 A 13.7164900000000003
miniFE.c 167 A 5.9638159999999996
miniFE.c 167 A 9.6121750000000006
miniFE.c 167 A 65.4017099999999942
miniFE.c 167 A 3.6681119999999998
miniFE.c 167 A 11.0858899999999991
miniFE.c 167 A 1.3002330000000000
miniFE.c 167 A 4.7210279999999996
miniFE.c 167 A 14.0634099999999993
miniFE.c 167 A 10.9336099999999998
miniFE.c 167 A 16.7981799999999986
miniFE.c 167 A 3.6681119999999998
miniFE.c 167 A 66.5612600000000043
miniFE.c 167 A 4.4892070000000004
miniFE.c 167 A 14.0526599999999995
miniFE.c 167 A 3.7993380000000001
miniFE.c 167 A 16.0564000000000000
miniFE.c 167 A 9.6522659999999991
miniFE.c 167 A 16.1756899999999995
miniFE.c 167 A 11.0858899999999991
miniFE.c 167 A 4.4892070000000004
miniFE.c 167 A 66.4632699999999943
miniFE.c 167 A 7.6122389999999998
miniFE.c 167 A 3.4261349999999999
miniFE.c 167 A 4.9967519999999999
miniFE.c 167 A 11.3974100000000007
miniFE.c 167 A 11.9519400000000005
miniFE.c 167 A 1.3002330000000000
miniFE.c 167 A 14.0526599999999995
miniFE.c 167 A 7.6122389999999998
miniFE.c 167 A 65.6581999999999937
miniFE.c 167 A 2.6745570000000001
miniFE.c 167 A 6.4080630000000003
miniFE.c 167 A 6.9539020000000002
miniFE.c 167 A 12.3511699999999998
miniFE.c 167 A 4.7210279999999996
miniFE.c 167 A 3.7993380000000001
miniFE.c 167 A 3.4261349999999999
miniFE.c 167 A 2.6745570000000001
miniFE.c 167 A 64.8721800000000002
miniFE.c 175 b 198.0110999999999990
miniFE.c 175 b 229.8237000000000023
miniFE.c 175 b 210.8053999999999917
miniFE.c 175 b 202.6418999999999926
miniFE.c 175 b 157.2561000000000035
miniFE.c 175 b 225.5886000000000138
miniFE.c 175 b 142.6283999999999992
miniFE.c 175 b 185.1795999999999935
miniFE.c 33 r 0.0000000000000000
miniFE.c 33 r 0.0000000000000000
miniFE.c 33 r 0.0000000000000000
miniFE.c 33 r 0.0000000000000000
miniFE.c 33 r 0.0000000000000000
miniFE.c 33 r 0.0000000000000000
miniFE.c 33 r 0.0000000000000000
miniFE.c 33 r 0.0000000000000000
miniFE.c 25 Ap 0.0000000000000000
miniFE.c 25 Ap 0.0000000000000000
miniFE.c 25 Ap 0.0000000000000000
miniFE.c 25 Ap 0.0000000000000000
miniFE.c 25 Ap 0.0000000000000000
miniFE.c 25 Ap 0.0000000000000000
miniFE.c 25 Ap 0.0000000000000000
miniFE.c 25 Ap 0.0000000000000000
miniFE.c 25 Ap 0.0000000000000000
miniFE.c 25 Ap 0.0000000000000000
miniFE.c 25 Ap 0.0000000000000000
miniFE.c 25 Ap 0.0000000000000000
miniFE.c 25 Ap 0.0000000000000000
miniFE.c 25 Ap 0.0000000000000000
miniFE.c 25 Ap 0.0000000000000000
miniFE.c 25 Ap 0.0000000000000000
miniFE.c 25 Ap 0.0000000000000000
miniFE.c 25 Ap 0.0000000000000000
miniFE.c 25 Ap 0.0000000000000000
miniFE.c 25 Ap 0.0000000000000000
miniFE.c 25 Ap 0.0000000000000000
miniFE.c 25 Ap 0.0000000000000000
miniFE.c 25 Ap 0.0000000000000000
miniFE.c 25 Ap 0.0000000000000000
miniFE.c 25 Ap 0.0000000000000000
miniFE.c 25 Ap 0.0000000000000000
miniFE.c 25 Ap 0.0000000000000000
miniFE.c 25 Ap 0.0000000000000000
miniFE.c 25 Ap 0.0000000000000000
miniFE.c 25 Ap 0.0000000000000000
miniFE.c 25 Ap 0.0000000000000000
miniFE.c 25 Ap 0.0000000000000000
miniFE.c 25 Ap 0.0000000000000000
miniFE.c 25 Ap 0.0000000000000000
miniFE.c 25 Ap 0.0000000000000000
miniFE.c 25 Ap 0.0000000000000000
miniFE.c 25 Ap 0.0000000000000000
miniFE.c 25 Ap 0.0000000000000000
miniFE.c 25 Ap 0.0000000000000000
miniFE.c 25 Ap 0.0000000000000000
miniFE.c 25 Ap 0.0000000000000000
miniFE.c 25 Ap 0.0000000000000000
miniFE.c 25 Ap 0.0000000000000000
miniFE.c 25 Ap 0.0000000000000000
miniFE.c 25 Ap 0.0000000000000000
miniFE.c 25 Ap 0.0000000000000000
miniFE.c 25 Ap 0.0000000000000000
miniFE.c 25 Ap 0.0000000000000000
miniFE.c 25 Ap 0.0000000000000000
miniFE.c 25 Ap 0.0000000000000000
miniFE.c 25 Ap 0.0000000000000000
miniFE.c 25 Ap 0.0000000000000000
miniFE.c 25 Ap 0.0000000000000000
miniFE.c 25 Ap 0.0000000000000000
miniFE.c 25 Ap 0.0000000000000000
miniFE.c 25 Ap 0.0000000000000000
miniFE.c 25 Ap 0.0000000000000000
miniFE.c 25 Ap 0.0000000000000000
miniFE.c 25 Ap 0.0000000000000000
miniFE.c 25 Ap 0.0000000000000000
miniFE.c 25 Ap 0.0000000000000000
miniFE.c 25 Ap 0.0000000000000000
miniFE.c 25 Ap 0.0000000000000000
miniFE.c 25 Ap 0.0000000000000000
miniFE.c 33 r 198.0110999999999990
miniFE.c 33 r 229.8237000000000023
miniFE.c 33 r 210.8053999999999917
miniFE.c 33 r 202.6418999999999926
miniFE.c 33 r 157.2561000000000035
miniFE.c 33 r 225.5886000000000138
miniFE.c 33 r 142.6283999999999992
miniFE.c 33 r 185.1795999999999935
miniFE.c 48 sum 39208.3957232100001420
miniFE.c 48 sum 92027.3288048999966122
miniFE.c 48 sum 136466.2454740600078367
miniFE.c 48 sum 177529.9851096700003836
miniFE.c 48 sum 202259.4660968800017145
miniFE.c 48 sum 253149.6825468399911188
miniFE.c 48 sum 273492.5430333999684080
miniFE.c 48 sum 307784.0272895599482581
miniFE.c 75 rtrans 307784.0272895599482581
miniFE.c 76 normr 554.7828649927464539
miniFE.c 33 r 198.0110999999999990
miniFE.c 33 r 229.8237000000000023
miniFE.c 33 r 210.8053999999999917
miniFE.c 33 r 202.6418999999999926
miniFE.c 33 r 157.2561000000000035
miniFE.c 33 r 225.5886000000000138
miniFE.c 33 r 142.6283999999999992
miniFE.c 33 r 185.1795999999999935
miniFE.c 87 normr 554.7828649927464539
miniFE.c 25 Ap 13285.4973312810016068
miniFE.c 25 Ap 16752.9738962160008668
miniFE.c 25 Ap 18717.5143203662009910
miniFE.c 25 Ap 21497.0499152972006414
miniFE.c 25 Ap 23708.6069245981998392
miniFE.c 25 Ap 27330.7477216381994367
miniFE.c 25 Ap 28043.4264645949988335
miniFE.c 25 Ap 29230.0690077097970061
miniFE.c 25 Ap 2987.5023718050001662
miniFE.c 25 Ap 18256.2053009880000900
miniFE.c 25 Ap 21290.1102936259994749
miniFE.c 25 Ap 22498.6292991164009436
miniFE.c 25 Ap 24218.0061666374022025
miniFE.c 25 Ap 26395.4473404050004319
miniFE.c 25 Ap 28021.0416928490012651
miniFE.c 25 Ap 29308.7624836482027604
miniFE.c 25 Ap 1845.3076172643000064
miniFE.c 25 Ap 5152.9234129532997031
miniFE.c 25 Ap 19418.9870250392996240
miniFE.c 25 Ap 21366.8164301717988565
miniFE.c 25 Ap 24008.4327040697971825
miniFE.c 25 Ap 27657.4839652037990163
miniFE.c 25 Ap 29362.1700442997971550
miniFE.c 25 Ap 31649.3547644317950471
miniFE.c 25 Ap 2716.0172730389999742
miniFE.c 25 Ap 4086.6435322781999275
miniFE.c 25 Ap 6112.9419280231995799
miniFE.c 25 Ap 19366.0687056721981207
miniFE.c 25 Ap 19942.9016931553996983
miniFE.c 25 Ap 22443.7520980093977414
miniFE.c 25 Ap 22629.2022504265987664
miniFE.c 25 Ap 23503.4403270553993934
miniFE.c 25 Ap 2784.7112838509997346
miniFE.c 25 Ap 5297.5139884079999320
miniFE.c 25 Ap 8838.6610425799990480
miniFE.c 25 Ap 9581.9742276727993158
miniFE.c 25 Ap 20049.1383863587980159
miniFE.c 25 Ap 21061.8523085989982064
miniFE.c 25 Ap 23066.1607201429978886
miniFE.c 25 Ap 23769.7206112477979332
miniFE.c 25 Ap 3179.3454260399998930
miniFE.c 25 Ap 5397.6649115441996400
miniFE.c 25 Ap 8807.5877122702004272
miniFE.c 25 Ap 11054.0535250612010714
miniFE.c 25 Ap 11760.0087099739012046
miniFE.c 25 Ap 26753.3647406958989450
miniFE.c 25 Ap 27839.0862096834971453
miniFE.c 25 Ap 28473.5365185294976982
miniFE.c 25 Ap 989.4123599472000024
miniFE.c 25 Ap 3608.8072965641999872
miniFE.c 25 Ap 6128.3407890401995246
miniFE.c 25 Ap 6391.8224746028990921
miniFE.c 25 Ap 8601.6889808288997301
miniFE.c 25 Ap 10318.9233197042995016
miniFE.c 25 Ap 19683.6473325842962367
miniFE.c 25 Ap 20178.9207280214977800
miniFE.c 25 Ap 1268.8676034993000030
miniFE.c 25 Ap 2867.0390905766998912
miniFE.c 25 Ap 5470.7324228946999938
miniFE.c 25 Ap 6427.4105067679001877
miniFE.c 25 Ap 7024.8795832297000743
miniFE.c 25 Ap 7797.7765812907000509
miniFE.c 25 Ap 8179.2443688168486915
miniFE.c 25 Ap 20192.2487123448481725
miniFE.c 57 sum 5787878.1172925252467394
miniFE.c 57 sum 12523726.3537057451903820
miniFE.c 57 sum 19195581.2445636950433254
miniFE.c 57 sum 23958363.0489748232066631
miniFE.c 57 sum 27696296.6103892698884010
miniFE.c 57 sum 34119601.8506532162427902
miniFE.c 57 sum 36997689.0278177559375763
miniFE.c 57 sum 40736881.5674702897667885
miniFE.c 90 p_ap_dot 40736881.5674702897667885
miniFE.c 91 alpha 0.0075554145395198
miniFE.c 40 y 1.4960559439263030
miniFE.c 40 y 1.7364133245062296
miniFE.c 40 y 1.5927221841692809
miniFE.c 40 y 1.5310435575759112
miniFE.c 40 y 1.1881350243681750
miniFE.c 40 y 1.7044153883899096
miniFE.c 40 y 1.0776166871084416
miniFE.c 40 y 1.3991086422624552
miniFE.c 40 y -22.8341883720168255
miniFE.c 40 y 8.3838497957128197
miniFE.c 40 y -28.3185951536073048
miniFE.c 40 y 25.0636652242303342
miniFE.c 40 y -22.3339927065443646
miniFE.c 40 y 10.4592281963551272
miniFE.c 40 y -9.8317110603104823
miniFE.c 40 y 32.6187904931503851
miniFE.c 82 oldrtrans 307784.0272895599482581
miniFE.c 48 sum 521.4001586087483702
miniFE.c 48 sum 591.6890960058223072
miniFE.c 48 sum 1393.6319274797333492
miniFE.c 48 sum 2021.8192419520264593
miniFE.c 48 sum 2520.6264721680031471
miniFE.c 48 sum 2630.0219266314334163
miniFE.c 48 sum 2726.6844690048646953
miniFE.c 48 sum 3790.6699622409023505
miniFE.c 83 rtrans 3790.6699622409023505
miniFE.c 84 beta 0.0123160061151409
miniFE.c 40 y -20.3954824535510575
miniFE.c 40 y 11.2143598903171196
miniFE.c 40 y -25.7223145581025889
miniFE.c 40 y 27.5594041038140958
miniFE.c 40 y -20.3972256173011601
miniFE.c 40 y 13.2375787734611929
miniFE.c 40 y -8.0750988137177249
miniFE.c 40 y 34.8994635791497245
miniFE.c 87 normr 61.5684169216726147
miniFE.c 25 Ap -1368.4289805310968404
miniFE.c 25 Ap -1199.2317649679428087
miniFE.c 25 Ap -1438.9434931879018222
miniFE.c 25 Ap -1060.9252023919768817
miniFE.c 25 Ap -1347.7797491105861809
miniFE.c 25 Ap -1135.2318892923838121
miniFE.c 25 Ap -1175.5811554400254408
miniFE.c 25 Ap -951.9431941586285575
miniFE.c 25 Ap -307.7178612920742466
miniFE.c 25 Ap 437.3259688533691474
miniFE.c 25 Ap 67.1311894025934066
miniFE.c 25 Ap 231.4904045473855660
miniFE.c 25 Ap 8.4750945658054206
miniFE.c 25 Ap 136.2477260832066008
miniFE.c 25 Ap 44.2125141127520607
miniFE.c 25 Ap 286.8999636947285126
miniFE.c 25 Ap -190.0698452224048935
miniFE.c 25 Ap -28.6731141117575987
miniFE.c 25 Ap -1769.4073445251024168
miniFE.c 25 Ap -1504.5015293835231205
miniFE.c 25 Ap -1847.1377968035590129
miniFE.c 25 Ap -1633.0108262134704091
miniFE.c 25 Ap -1729.5239227290958297
miniFE.c 25 Ap -1298.4747151542092070
miniFE.c 25 Ap -279.7544311193085491
miniFE.c 25 Ap -212.8740521756770647
miniFE.c 25 Ap -460.1214411132068562
miniFE.c 25 Ap 1342.3107138572522672
miniFE.c 25 Ap 1267.4914058037225004
miniFE.c 25 Ap 1414.2417479526482111
miniFE.c 25 Ap 1403.7422379967915731
miniFE.c 25 Ap 1568.5035827389376664
miniFE.c 25 Ap -286.8300318920944392
miniFE.c 25 Ap -164.2165944517242906
miniFE.c 25 Ap -596.3046644153520219
miniFE.c 25 Ap -495.2136835093023137
miniFE.c 25 Ap -1852.8787211011454019
miniFE.c 25 Ap -1793.4524898082720483
miniFE.c 25 Ap -1906.9291079038505359
miniFE.c 25 Ap -1774.3342497479709436
miniFE.c 25 Ap -327.4780244671972014
miniFE.c 25 Ap -219.2340397861255497
miniFE.c 25 Ap -635.3102261604799423
miniFE.c 25 Ap -329.7897038000483008
miniFE.c 25 Ap -421.3570718218160209
miniFE.c 25 Ap 458.4557003450040611
miniFE.c 25 Ap 396.9861182263682622
miniFE.c 25 Ap 516.5563918761183686
miniFE.c 25 Ap -101.9111677407461514
miniFE.c 25 Ap 25.9034898167530940
miniFE.c 25 Ap -281.5280704428155332
miniFE.c 25 Ap -245.6944237667010213
miniFE.c 25 Ap -532.3297003099243057
miniFE.c 25 Ap -431.5620869050108581
miniFE.c 25 Ap -961.7585398358519342
miniFE.c 25 Ap -868.4179352239920036
miniFE.c 25 Ap -130.6955364777497550
miniFE.c 25 Ap -52.7119768077537572
miniFE.c 25 Ap -370.4126567083536656
miniFE.c 25 Ap -240.3039382709324343
miniFE.c 25 Ap -317.7998926533181816
miniFE.c 25 Ap -272.4461607023057468
miniFE.c 25 Ap -294.0434727602261660
miniFE.c 25 Ap 1969.9608104498190642
miniFE.c 57 sum 19415.3407132396569068
miniFE.c 57 sum 22632.7401586312589643
miniFE.c 57 sum 56032.5152275704895146
miniFE.c 57 sum 99259.5393025530793238
miniFE.c 57 sum 135451.0353151672170497
miniFE.c 57 sum 142288.9912435622245539
miniFE.c 57 sum 149301.5518821006699000
miniFE.c 57 sum 218052.1274387463927269
miniFE.c 90 p_ap_dot 218052.1274387463927269
miniFE.c 91 alpha 0.0173842374608601
miniFE.c 40 y 1.1414960338249651
miniFE.c 40 y 1.9313664198110478
miniFE.c 40 y 1.1455593598482858
miniFE.c 40 y 2.0101427827964184
miniFE.c 40 y 0.8335448106942722
miniFE.c 40 y 1.9345406011946005
miniFE.c 40 y 0.9372372518108627
miniFE.c 40 y 2.0058092043790339
miniFE.c 40 y -6.2853818355135438
miniFE.c 40 y 3.3963126993315083
miniFE.c 40 y -5.7456023684438122
miniFE.c 40 y -2.2035735163132344
miniFE.c 40 y 8.5114552260114671
miniFE.c 40 y 1.4792892180555643
miniFE.c 40 y 5.2650725408932466
miniFE.c 40 y -1.6274760242977422
miniFE.c 82 oldrtrans 3790.6699622409023505
miniFE.c 48 sum 39.5060248182036062
miniFE.c 48 sum 51.0409647698440807
miniFE.c 48 sum 84.0529113461112161
miniFE.c 48 sum 88.9086475879082911
miniFE.c 48 sum 161.3535176523062091
miniFE.c 48 sum 163.5418142429616637
miniFE.c 48 sum 191.2628031038297252
miniFE.c 48 sum 193.9114813134937094
miniFE.c 83 rtrans 193.9114813134937094
miniFE.c 84 beta 0.0511549365270672
miniFE.c 40 y -7.3287114458638616
miniFE.c 40 y 3.9699825677123695
miniFE.c 40 y -7.0614257369928080
miniFE.c 40 y -0.7937739486588280
miniFE.c 40 y 7.4680364442301563
miniFE.c 40 y 2.1564567199840243
miniFE.c 40 y 4.8519913736277207
miniFE.c 40 y 0.1578038199223566
miniFE.c 87 normr 13.9252102789686347
miniFE.c 25 Ap -491.7177691339165335
miniFE.c 25 Ap -431.8204586444277879
miniFE.c 25 Ap -497.6273891711457509
miniFE.c 25 Ap -508.5151816001850875
miniFE.c 25 Ap -403.4891231900342632
miniFE.c 25 Ap -368.8641915112827974
miniFE.c 25 Ap -344.6199939111257322
miniFE.c 25 Ap -343.6087770914226098
miniFE.c 25 Ap -110.5723003750433122
miniFE.c 25 Ap 153.1798037832106161
miniFE.c 25 Ap 51.5519764191822247
miniFE.c 25 Ap 46.8180546437875265
miniFE.c 25 Ap 128.4706525907868127
miniFE.c 25 Ap 149.2853464695601247
miniFE.c 25 Ap 204.5854814712584471
miniFE.c 25 Ap 205.6828337702241640
miniFE.c 25 Ap -68.2978229795432981
miniFE.c 25 Ap -11.1619529645039037
miniFE.c 25 Ap -489.0375138180715453
miniFE.c 25 Ap -496.6674079230211873
miniFE.c 25 Ap -371.2179874862830502
miniFE.c 25 Ap -336.3358120854046547
miniFE.c 25 Ap -278.3451023072885278
miniFE.c 25 Ap -276.3960405007780992
miniFE.c 25 Ap -100.5241972600772016
miniFE.c 25 Ap -76.8479517030330896
miniFE.c 25 Ap -144.7236116365119187
miniFE.c 25 Ap -196.6377852322514741
miniFE.c 25 Ap -169.2441911347335122
miniFE.c 25 Ap -145.3379491472298071
miniFE.c 25 Ap -139.0292298475237089
miniFE.c 25 Ap -138.2842335951633004
miniFE.c 25 Ap -103.0666738348762834
miniFE.c 25 Ap -59.6604327327106461
miniFE.c 25 Ap -178.2795333193485021
miniFE.c 25 Ap -181.1911850657113234
miniFE.c 25 Ap 315.8907303881676398
miniFE.c 25 Ap 325.5715109907169449
miniFE.c 25 Ap 393.7548960872402404
miniFE.c 25 Ap 394.3544461368164207
miniFE.c 25 Ap -117.6727224593685008
miniFE.c 25 Ap -79.3533947004457048
miniFE.c 25 Ap -193.5768283800628922
miniFE.c 25 Ap -202.3765190597603123
miniFE.c 25 Ap -168.8509575780671810
miniFE.c 25 Ap -25.5257923544545804
miniFE.c 25 Ap 11.4087256075379244
miniFE.c 25 Ap 11.9493827981076084
miniFE.c 25 Ap -36.6197535745431395
miniFE.c 25 Ap 8.6277654425274974
miniFE.c 25 Ap -75.7699712804663363
miniFE.c 25 Ap -76.8020623630528547
miniFE.c 25 Ap 28.1437146553224835
miniFE.c 25 Ap 44.5591786009969510
miniFE.c 25 Ap 363.1321986089205325
miniFE.c 25 Ap 363.5542539201206296
miniFE.c 25 Ap -46.9628446539167186
miniFE.c 25 Ap -19.3559749363365370
miniFE.c 25 Ap -106.5728446563099965
miniFE.c 25 Ap -110.3202736935988924
miniFE.c 25 Ap -81.9466790456503702
miniFE.c 25 Ap -74.5583672013279113
miniFE.c 25 Ap -61.5814397090522760
miniFE.c 25 Ap -51.3443618983615693
miniFE.c 57 sum 2518.2095775691932431
miniFE.c 57 sum 3334.7668421146640867
miniFE.c 57 sum 5286.5169561097645783
miniFE.c 57 sum 5396.2833782478573994
miniFE.c 57 sum 8341.3367539417995431
miniFE.c 57 sum 8367.1050807764404453
miniFE.c 57 sum 10131.0671846425284457
miniFE.c 57 sum 10122.9648482034917834
miniFE.c 90 p_ap_dot 10122.9648482034917834
miniFE.c 91 alpha 0.0191556015674506
miniFE.c 40 y 1.0011101573651824
miniFE.c 40 y 2.0074138241078705
miniFE.c 40 y 1.0102935019323107
miniFE.c 40 y 1.9949375653012880
miniFE.c 40 y 0.9765995413111452
miniFE.c 40 y 1.9758488269200658
miniFE.c 40 y 1.0301800653727824
miniFE.c 40 y 2.0088320314792885
miniFE.c 40 y 0.2966509935286803
miniFE.c 40 y -0.5436657136350700
miniFE.c 40 y -0.4510699417899797
miniFE.c 40 y 0.4453441654959747
miniFE.c 40 y 0.9573585794619701
miniFE.c 40 y 1.2503916021980674
miniFE.c 40 y -1.6990278953523337
miniFE.c 40 y -0.6439438850377387
miniFE.c 82 oldrtrans 193.9114813134937094
miniFE.c 48 sum 0.0880018119615531
miniFE.c 48 sum 0.3835742201438830
miniFE.c 48 sum 0.5870383125302987
miniFE.c 48 sum 0.7853697382716047
miniFE.c 48 sum 1.7019051879410461
miniFE.c 48 sum 3.2653843467884962
miniFE.c 48 sum 6.1520801359738773
miniFE.c 48 sum 6.5667438630513733
miniFE.c 83 rtrans 6.5667438630513733
miniFE.c 84 beta 0.0338646469954764
miniFE.c 40 y 0.0484667674827935
miniFE.c 40 y -0.4092236554012958
miniFE.c 40 y -0.6902026316580125
miniFE.c 40 y 0.4184632909304381
miniFE.c 40 y 1.2102609973951768
miniFE.c 40 y 1.3234192477813491
miniFE.c 40 y -1.5347169202593345
miniFE.c 40 y -0.6385999143815304
miniFE.c 87 normr 2.5625658748706095
miniFE.c 25 Ap 3.2518637088954616
miniFE.c 25 Ap -2.9223186531543588
miniFE.c 25 Ap -9.3544639907359208
miniFE.c 25 Ap -3.6146164453214755
miniFE.c 25 Ap 13.4057801680558253
miniFE.c 25 Ap 34.6551289781322822
miniFE.c 25 Ap 26.9865291373926119
miniFE.c 25 Ap 22.8943406542411587
miniFE.c 25 Ap 0.7312447777350214
miniFE.c 25 Ap -26.4561794344621504
miniFE.c 25 Ap -36.3895550032053166
miniFE.c 25 Ap -33.8939169333417141
miniFE.c 25 Ap -20.6613951896118380
miniFE.c 25 Ap -7.8874005805063483
miniFE.c 25 Ap -25.3791985546392915
miniFE.c 25 Ap -29.8199597764568445
miniFE.c 25 Ap 0.4516721295936266
miniFE.c 25 Ap -5.4378624422321602
miniFE.c 25 Ap -52.1466974552933564
miniFE.c 25 Ap -48.1243550717940707
miniFE.c 25 Ap -27.7941729905703632
miniFE.c 25 Ap -6.3869534984260738
miniFE.c 25 Ap -24.7297980463504246
miniFE.c 25 Ap -32.6172541508621521
miniFE.c 25 Ap 0.6647939315100625
miniFE.c 25 Ap -1.7757406521506716
miniFE.c 25 Ap -8.4100891331080287
miniFE.c 25 Ap 18.9581256659701154
miniFE.c 25 Ap 23.3974985536473312
miniFE.c 25 Ap 38.0687787584341066
miniFE.c 25 Ap 36.0732891730545546
miniFE.c 25 Ap 33.0584410964617490
miniFE.c 25 Ap 0.6816080224851933
miniFE.c 25 Ap -3.7926838284469682
miniFE.c 25 Ap -15.3868318715119603
miniFE.c 25 Ap -13.8518616524905287
miniFE.c 25 Ap 66.7046352629891572
miniFE.c 25 Ap 72.6457382140639254
miniFE.c 25 Ap 51.0788831374123902
miniFE.c 25 Ap 48.6526262159058973
miniFE.c 25 Ap 0.7782018054107259
miniFE.c 25 Ap -3.1717337700149177
miniFE.c 25 Ap -14.3362375768991139
miniFE.c 25 Ap -9.6971995646062794
miniFE.c 25 Ap -4.2640874232728692
miniFE.c 25 Ap 83.6946833652158375
miniFE.c 25 Ap 72.0120513708578471
miniFE.c 25 Ap 69.8241218531982781
miniFE.c 25 Ap 0.2421764173531835
miniFE.c 25 Ap -4.4219133649540989
miniFE.c 25 Ap -12.6711738063727655
miniFE.c 25 Ap -12.1270740262164090
miniFE.c 25 Ap 4.8803122814388971
miniFE.c 25 Ap 14.9544958927507459
miniFE.c 25 Ap -85.8122546010206833
miniFE.c 25 Ap -87.5202264722292114
miniFE.c 25 Ap 0.3105780994360923
miniFE.c 25 Ap -2.5351230963062896
miniFE.c 25 Ap -11.0599331343617848
miniFE.c 25 Ap -9.0843562209070399
miniFE.c 25 Ap -4.4861656235856433
miniFE.c 25 Ap 0.0480473809117088
miniFE.c 25 Ap -4.0566405011863358
miniFE.c 25 Ap -45.4840090949295686
miniFE.c 57 sum 1.1096146851609732
miniFE.c 57 sum 13.3126476288022513
miniFE.c 57 sum 35.8251622811855412
miniFE.c 57 sum 49.6589063354409674
miniFE.c 57 sum 108.5412822653979674
miniFE.c 57 sum 200.9478690853508738
miniFE.c 57 sum 335.2666415172099619
miniFE.c 57 sum 364.3127258309607441
miniFE.c 90 p_ap_dot 364.3127258309607441
miniFE.c 91 alpha 0.0180250191592218
miniFE.c 40 y 1.0019837717776452
miniFE.c 40 y 2.0000375598788556
miniFE.c 40 y 0.9978525862729297
miniFE.c 40 y 2.0024803741377402
miniFE.c 40 y 0.9984145189768522
miniFE.c 40 y 1.9997034842170074
miniFE.c 40 y 1.0025167634811261
miniFE.c 40 y 1.9973212557874840
miniFE.c 40 y -0.1160199354017663
miniFE.c 40 y -0.0061603673372130
miniFE.c 40 y 0.1368566892005162
miniFE.c 40 y -0.1505348686417525
miniFE.c 40 y 0.0803940597738112
miniFE.c 40 y -0.0081895319816665
miniFE.c 40 y -0.1214741363709744
miniFE.c 40 y 0.1759062503365837
miniFE.c 82 oldrtrans 6.5667438630513733
miniFE.c 48 sum 0.0134606254106300
miniFE.c 48 sum 0.0134985755363594
miniFE.c 48 sum 0.0322283289152861
miniFE.c 48 sum 0.0548890755922758
miniFE.c 48 sum 0.0613522804391909
miniFE.c 48 sum 0.0614193488732696
miniFE.c 48 sum 0.0761753146803437
miniFE.c 48 sum 0.1071183235878206
miniFE.c 83 rtrans 0.1071183235878206
miniFE.c 84 beta 0.0163122433007530
miniFE.c 40 y -0.1152293336985860
miniFE.c 40 y -0.0128357231685425
miniFE.c 40 y 0.1255979359460907
miniFE.c 40 y -0.1437087936276614
miniFE.c 40 y 0.1001361316207333
miniFE.c 40 y 0.0133984047770424
miniFE.c 40 y -0.1465088121720270
miniFE.c 40 y 0.1654892531613521
miniFE.c 87 normr 0.3272893575841118
miniFE.c 25 Ap -7.7312787279998529
miniFE.c 25 Ap -7.9249383430913962
miniFE.c 25 Ap -6.7544644256494202
miniFE.c 25 Ap -8.7256446563553016
miniFE.c 25 Ap -7.3173891815589647
miniFE.c 25 Ap -7.1022590350968615
miniFE.c 25 Ap -7.8343272353350617
miniFE.c 25 Ap -6.7738616752541683
miniFE.c 25 Ap -1.7385283336441006
miniFE.c 25 Ap -2.5912900111460577
miniFE.c 25 Ap -0.7836882849479987
miniFE.c 25 Ap -1.6407410877253437
miniFE.c 25 Ap -0.5458916776755778
miniFE.c 25 Ap -0.4165667107918941
miniFE.c 25 Ap -2.0863877117294760
miniFE.c 25 Ap -0.9355916631922432
miniFE.c 25 Ap -1.0738467045852003
miniFE.c 25 Ap -1.2585780473551684
miniFE.c 25 Ap 7.2411479736748099
miniFE.c 25 Ap 5.8597939002868440
miniFE.c 25 Ap 7.5418986637556138
miniFE.c 25 Ap 7.7586271059235701
miniFE.c 25 Ap 6.0075625733722342
miniFE.c 25 Ap 8.0515484723411319
miniFE.c 25 Ap -1.5805420033833173
miniFE.c 25 Ap -1.6570918945874415
miniFE.c 25 Ap -0.4498225546348271
miniFE.c 25 Ap -9.8486233999209851
miniFE.c 25 Ap -9.4813128538893938
miniFE.c 25 Ap -9.3327796123556279
miniFE.c 25 Ap -9.5232752047324993
miniFE.c 25 Ap -8.7419958068586681
miniFE.c 25 Ap -1.6205173638300305
miniFE.c 25 Ap -1.7608581550228382
miniFE.c 25 Ap 0.3489585806280637
miniFE.c 25 Ap -0.1781813697830845
miniFE.c 25 Ap 6.4870057224187674
miniFE.c 25 Ap 6.5471539349326990
miniFE.c 25 Ap 4.4883154104753427
miniFE.c 25 Ap 5.1170650186028883
miniFE.c 25 Ap -1.8501682735979756
miniFE.c 25 Ap -1.9740620879231103
miniFE.c 25 Ap 0.0575711885807093
miniFE.c 25 Ap -1.5355686896082457
miniFE.c 25 Ap -1.0860368665835283
miniFE.c 25 Ap -0.1955350723176710
miniFE.c 25 Ap -1.3107951661772492
miniFE.c 25 Ap -0.7438066437972800
miniFE.c 25 Ap -0.5757724036170767
miniFE.c 25 Ap -0.7220664032154545
miniFE.c 25 Ap 0.7790725913360648
miniFE.c 25 Ap 0.5922176754711898
miniFE.c 25 Ap 1.9993966868526041
miniFE.c 25 Ap 2.1013885462341926
miniFE.c 25 Ap -7.5181163451191875
miniFE.c 25 Ap -7.0755059046517212
miniFE.c 25 Ap -0.7383968297885618
miniFE.c 25 Ap -0.8276551908017357
miniFE.c 25 Ap 0.7236262677175415
miniFE.c 25 Ap 0.0451730291551306
miniFE.c 25 Ap 0.4256240391947843
miniFE.c 25 Ap 0.4715287827455764
miniFE.c 25 Ap 0.0796826135891964
miniFE.c 25 Ap 10.8153312327380018
miniFE.c 57 sum 0.7805475674059250
miniFE.c 57 sum 0.7925565629934569
miniFE.c 57 sum 1.8038144322894030
miniFE.c 57 sum 3.0601161035911364
miniFE.c 57 sum 3.5725191998058055
miniFE.c 57 sum 3.5625533773163562
miniFE.c 57 sum 4.5991773429230429
miniFE.c 57 sum 6.3889984313215002
miniFE.c 90 p_ap_dot 6.3889984313215002
miniFE.c 91 alpha 0.0167660588336792
miniFE.c 40 y 1.0000518299894889
miniFE.c 40 y 1.9998223553890389
miniFE.c 40 y 0.9999583686563905
miniFE.c 40 y 2.0000709440488618
miniFE.c 40 y 1.0000934072509824
miniFE.c 40 y 1.9999281226597767
miniFE.c 40 y 1.0000603881165975
miniFE.c 40 y 2.0000958583423287
miniFE.c 40 y -0.0024489720232500
miniFE.c 40 y 0.0095258175321679
miniFE.c 40 y 0.0018639538110246
miniFE.c 40 y -0.0039660526201829
miniFE.c 40 y -0.0053989533838467
miniFE.c 40 y 0.0042811739691202
miniFE.c 40 y -0.0028457880955388
miniFE.c 40 y -0.0054242294172302
miniFE.c 82 oldrtrans 0.1071183235878206
miniFE.c 48 sum 0.0000059974639707
miniFE.c 48 sum 0.0000967386636268
miniFE.c 48 sum 0.0001002129874365
miniFE.c 48 sum 0.0001159425608225
miniFE.c 48 sum 0.0001450912584635
miniFE.c 48 sum 0.0001634197090173
miniFE.c 48 sum 0.0001715182189020
miniFE.c 48 sum 0.0002009404836728
miniFE.c 83 rtrans 0.0002009404836728
miniFE.c 84 beta 0.0018758740516327
miniFE.c 40 y -0.0026651277403221
miniFE.c 40 y 0.0095017393321421
miniFE.c 40 y 0.0020995597200045
miniFE.c 40 y -0.0042356322171405
miniFE.c 40 y -0.0052111106129085
miniFE.c 40 y 0.0043063076889747
miniFE.c 40 y -0.0031206201746279
miniFE.c 40 y -0.0051137924214007
miniFE.c 87 normr 0.0141753477443338
miniFE.c 25 Ap -0.1788159728498646
miniFE.c 25 Ap -0.0354580055892040
miniFE.c 25 Ap -0.0158917613522613
miniFE.c 25 Ap -0.0739897683023465
miniFE.c 25 Ap -0.1472757534070303
miniFE.c 25 Ap -0.0781319546297766
miniFE.c 25 Ap -0.0937249197285888
miniFE.c 25 Ap -0.1264944237338471
miniFE.c 25 Ap -0.0402102480384962
miniFE.c 25 Ap 0.5910529122579026
miniFE.c 25 Ap 0.6212697127614163
miniFE.c 25 Ap 0.5960091815747185
miniFE.c 25 Ap 0.5390329304663158
miniFE.c 25 Ap 0.5805985577581451
miniFE.c 25 Ap 0.5450315701736397
miniFE.c 25 Ap 0.5094707588268764
miniFE.c 25 Ap -0.0248368930842701
miniFE.c 25 Ap 0.1119118543317392
miniFE.c 25 Ap 0.2539976477837010
miniFE.c 25 Ap 0.2132840096769088
miniFE.c 25 Ap 0.1257468356013612
miniFE.c 25 Ap 0.1954043338228326
miniFE.c 25 Ap 0.1581068687328908
miniFE.c 25 Ap 0.0949455491914590
miniFE.c 25 Ap -0.0365561979988503
miniFE.c 25 Ap 0.0201104270580081
miniFE.c 25 Ap 0.0402917625096427
miniFE.c 25 Ap -0.2367258274224356
miniFE.c 25 Ap -0.2558407647949726
miniFE.c 25 Ap -0.2081015114488447
miniFE.c 25 Ap -0.2121590447803617
miniFE.c 25 Ap -0.2363014019879822
miniFE.c 25 Ap -0.0374807841145228
miniFE.c 25 Ap 0.0664075280647795
miniFE.c 25 Ap 0.1016763101621653
miniFE.c 25 Ap 0.0861395367988857
miniFE.c 25 Ap -0.2607185515956775
miniFE.c 25 Ap -0.2413866449741784
miniFE.c 25 Ap -0.2852396592773644
miniFE.c 25 Ap -0.3046686851481042
miniFE.c 25 Ap -0.0427923570497073
miniFE.c 25 Ap 0.0489209584467907
miniFE.c 25 Ap 0.0828827856140709
miniFE.c 25 Ap 0.0359270327743955
miniFE.c 25 Ap 0.0125332785331522
miniFE.c 25 Ap 0.2987445691685547
miniFE.c 25 Ap 0.2749896625710657
miniFE.c 25 Ap 0.2574691193733699
miniFE.c 25 Ap -0.0133169823667098
miniFE.c 25 Ap 0.0949782365148400
miniFE.c 25 Ap 0.1200720483147510
miniFE.c 25 Ap 0.1145647395301618
miniFE.c 25 Ap 0.0413347738645668
miniFE.c 25 Ap 0.0741154172005800
miniFE.c 25 Ap -0.1307788863491713
miniFE.c 25 Ap -0.1444560156663756
miniFE.c 25 Ap -0.0170783064630315
miniFE.c 25 Ap 0.0489958576822302
miniFE.c 25 Ap 0.0749278767091586
miniFE.c 25 Ap 0.0549313384143364
miniFE.c 25 Ap 0.0351325678405098
miniFE.c 25 Ap 0.0498865593344752
miniFE.c 25 Ap 0.0415402828020830
miniFE.c 25 Ap -0.2902025796416599
miniFE.c 57 sum 0.0003371237976891
miniFE.c 57 sum 0.0051779821454107
miniFE.c 57 sum 0.0053773259960868
miniFE.c 57 sum 0.0063782118273026
miniFE.c 57 sum 0.0079658740458988
miniFE.c 57 sum 0.0090746152943299
miniFE.c 57 sum 0.0095254076511647
miniFE.c 57 sum 0.0110094434036072
miniFE.c 90 p_ap_dot 0.0110094434036072
miniFE.c 91 alpha 0.0182516478178136
miniFE.c 40 y 1.0000031870165831
miniFE.c 40 y 1.9999957777889859
miniFE.c 40 y 0.9999966890809725
miniFE.c 40 y 1.9999936367813487
miniFE.c 40 y 0.9999982958953360
miniFE.c 40 y 2.0000067198711111
miniFE.c 40 y 1.0000034316561970
miniFE.c 40 y 2.0000025232040399
miniFE.c 40 y -0.0001402403503425
miniFE.c 40 y 0.0002271366685855
miniFE.c 40 y 0.0001310410853132
miniFE.c 40 y 0.0003468373477574
miniFE.c 40 y 0.0001617521585928
miniFE.c 40 y -0.0004180617216452
miniFE.c 40 y -0.0002092277724316
miniFE.c 40 y -0.0001275541377896
