filename line variable value
miniFE.c 167 A 67.0947100000000063
miniFE.c 167 A 15.0875500000000002
miniFE.c 167 A 9.3192129999999995
miniFE.c 167 A 13.7164900000000003
miniFE.c 167 A 14.0634099999999993
miniFE.c 167 A 16.0564000000000000
miniFE.c 167 A 4.9967519999999999
miniFE.c 167 A 6.4080630000000003
miniFE.c 167 A 15.0875500000000002
miniFE.c 167 A 66.4365899999999954
miniFE.c 167 A 14.3919700000000006
miniFE.c 167 A 5.9638159999999996
miniFE.c 167 A 10.9336099999999998
miniFE.c 167 A 9.6522659999999991
miniFE.c 167 A 11.3974100000000007
miniFE.c 167 A 6.9539020000000002
miniFE.c 167 A 9.3192129999999995
miniFE.c 167 A 14.3919700000000006
miniFE.c 167 A 67.6740900000000067
miniFE.c 167 A 9.6121750000000006
miniFE.c 167 A 16.7981799999999986
miniFE.c 167 A 16.1756899999999995
miniFE.c 167 A 11.9519400000000005
miniFE.c 167 A 12.3511699999999998
miniFE.c 167 A 13.7164900000000003
miniFE.c 167 A 5.9638159999999996
miniFE.c 167 A 9.6121750000000006
miniFE.c 167 A 65.4017099999999942
miniFE.c 167 A 3.6681119999999998
miniFE.c 167 A 11.0858899999999991
miniFE.c 167 A 1.3002330000000000
miniFE.c 167 A 4.7210279999999996
miniFE.c 167 A 14.0634099999999993
miniFE.c 167 A 10.9336099999999998
miniFE.c 167 A 16.7981799999999986
miniFE.c 167 A 3.6681119999999998
miniFE.c 167 A 66.5612600000000043
miniFE.c 167 A 4.4892070000000004
miniFE.c 167 A 14.0526599999999995
miniFE.c 167 A 3.7993380000000001
miniFE.c 167 A 16.0564000000000000
miniFE.c 167 A 9.6522659999999991
miniFE.c 167 A 16.1756899999999995
miniFE.c 167 A 11.0858899999999991
miniFE.c 167 A 4.4892070000000004
miniFE.c 167 A 66.4632699999999943
miniFE.c 167 A 7.6122389999999998
miniFE.c 167 A 3.4261349999999999
miniFE.c 167 A 4.9967519999999999
miniFE.c 167 A 11.3974100000000007
miniFE.c 167 A 11.9519400000000005
miniFE.c 167 A 1.3002330000000000
miniFE.c 167 A 14.0526599999999995
miniFE.c 167 A 7.6122389999999998
miniFE.c 167 A 65.6581999999999937
miniFE.c 167 A 2.6745570000000001
miniFE.c 167 A 6.4080630000000003
miniFE.c 167 A 6.9539020000000002
miniFE.c 167 A 12.3511699999999998
miniFE.c 167 A 4.7210279999999996
miniFE.c 167 A 3.7993380000000001
miniFE.c 167 A 3.4261349999999999
miniFE.c 167 A 2.6745570000000001
miniFE.c 167 A 64.8721800000000002
miniFE.c 175 b 198.0110999999999990
miniFE.c 175 b 229.8237000000000023
miniFE.c 175 b 210.8053999999999917
miniFE.c 175 b 202.6418999999999926
miniFE.c 175 b 157.2561000000000035
miniFE.c 175 b 225.5886000000000138
miniFE.c 175 b 142.6283999999999992
miniFE.c 175 b 185.1795999999999935
miniFE.c 33 r 0.0000000000000000
miniFE.c 33 r 0.0000000000000000
miniFE.c 33 r 0.0000000000000000
miniFE.c 33 r 0.0000000000000000
miniFE.c 33 r 0.0000000000000000
miniFE.c 33 r 0.0000000000000000
miniFE.c 33 r 0.0000000000000000
miniFE.c 33 r 0.0000000000000000
miniFE.c 25 Ap 0.0000000000000000
miniFE.c 25 Ap 0.0000000000000000
miniFE.c 25 Ap 0.0000000000000000
miniFE.c 25 Ap 0.0000000000000000
miniFE.c 25 Ap 0.0000000000000000
miniFE.c 25 Ap 0.0000000000000000
miniFE.c 25 Ap 0.0000000000000000
miniFE.c 25 Ap 0.0000000000000000
miniFE.c 25 Ap 0.0000000000000000
miniFE.c 25 Ap 0.0000000000000000
miniFE.c 25 Ap 0.0000000000000000
miniFE.c 25 Ap 0.0000000000000000
miniFE.c 25 Ap 0.0000000000000000
miniFE.c 25 Ap 0.0000000000000000
miniFE.c 25 Ap 0.0000000000000000
miniFE.c 25 Ap 0.0000000000000000
miniFE.c 25 Ap 0.0000000000000000
miniFE.c 25 Ap 0.0000000000000000
miniFE.c 25 Ap 0.0000000000000000
miniFE.c 25 Ap 0.0000000000000000
miniFE.c 25 Ap 0.0000000000000000
miniFE.c 25 Ap 0.0000000000000000
miniFE.c 25 Ap 0.0000000000000000
miniFE.c 25 Ap 0.0000000000000000
miniFE.c 25 Ap 0.0000000000000000
miniFE.c 25 Ap 0.0000000000000000
miniFE.c 25 Ap 0.0000000000000000
miniFE.c 25 Ap 0.0000000000000000
miniFE.c 25 Ap 0.0000000000000000
miniFE.c 25 Ap 0.0000000000000000
miniFE.c 25 Ap 0.0000000000000000
miniFE.c 25 Ap 0.0000000000000000
miniFE.c 25 Ap 0.0000000000000000
miniFE.c 25 Ap 0.0000000000000000
miniFE.c 25 Ap 0.0000000000000000
miniFE.c 25 Ap 0.0000000000000000
miniFE.c 25 Ap 0.0000000000000000
miniFE.c 25 Ap 0.0000000000000000
miniFE.c 25 Ap 0.0000000000000000
miniFE.c 25 Ap 0.0000000000000000
miniFE.c 25 Ap 0.0000000000000000
miniFE.c 25 Ap 0.0000000000000000
miniFE.c 25 Ap 0.0000000000000000
miniFE.c 25 Ap 0.0000000000000000
miniFE.c 25 Ap 0.0000000000000000
miniFE.c 25 Ap 0.0000000000000000
miniFE.c 25 Ap 0.0000000000000000
miniFE.c 25 Ap 0.0000000000000000
miniFE.c 25 Ap 0.0000000000000000
miniFE.c 25 Ap 0.0000000000000000
miniFE.c 25 Ap 0.0000000000000000
miniFE.c 25 Ap 0.0000000000000000
miniFE.c 25 Ap 0.0000000000000000
miniFE.c 25 Ap 0.0000000000000000
miniFE.c 25 Ap 0.0000000000000000
miniFE.c 25 Ap 0.0000000000000000
miniFE.c 25 Ap 0.0000000000000000
miniFE.c 25 Ap 0.0000000000000000
miniFE.c 25 Ap 0.0000000000000000
miniFE.c 25 Ap 0.0000000000000000
miniFE.c 25 Ap 0.0000000000000000
miniFE.c 25 Ap 0.0000000000000000
miniFE.c 25 Ap 0.0000000000000000
miniFE.c 25 Ap 0.0000000000000000
miniFE.c 33 r 198.0110999999999990
miniFE.c 33 r 229.8237000000000023
miniFE.c 33 r 210.8053999999999917
miniFE.c 33 r 202.6418999999999926
miniFE.c 33 r 157.2561000000000035
miniFE.c 33 r 225.5886000000000138
miniFE.c 33 r 142.6283999999999992
miniFE.c 33 r 185.1795999999999935
miniFE.c 48 sum 39208.3957232100001420
miniFE.c 48 sum 92027.3288048999966122
miniFE.c 48 sum 136466.2454740600078367
miniFE.c 48 sum 177529.9851096700003836
miniFE.c 48 sum 202259.4660968800017145
miniFE.c 48 sum 253149.6825468399911188
miniFE.c 48 sum 273492.5430333999684080
miniFE.c 48 sum 307784.0272895599482581
miniFE.c 75 rtrans 307784.0272895599482581
miniFE.c 76 normr 554.7828649927464539
miniFE.c 33 r 198.0110999999999990
miniFE.c 33 r 229.8237000000000023
miniFE.c 33 r 210.8053999999999917
miniFE.c 33 r 202.6418999999999926
miniFE.c 33 r 157.2561000000000035
miniFE.c 33 r 225.5886000000000138
miniFE.c 33 r 142.6283999999999992
miniFE.c 33 r 185.1795999999999935
miniFE.c 87 normr 554.7828649927464539
miniFE.c 25 Ap 13285.4973312810016068
miniFE.c 25 Ap 16752.9738962160008668
miniFE.c 25 Ap 18717.5143203662009910
miniFE.c 25 Ap 21497.0499152972006414
miniFE.c 25 Ap 23708.6069245981998392
miniFE.c 25 Ap 27330.7477216381994367
miniFE.c 25 Ap 28043.4264645949988335
miniFE.c 25 Ap 29230.0690077097970061
miniFE.c 25 Ap 2987.5023718050001662
miniFE.c 25 Ap 18256.2053009880000900
miniFE.c 25 Ap 21290.1102936259994749
miniFE.c 25 Ap 22498.6292991164009436
miniFE.c 25 Ap 24218.0061666374022025
miniFE.c 25 Ap 26395.4473404050004319
miniFE.c 25 Ap 28021.0416928490012651
miniFE.c 25 Ap 29308.7624836482027604
miniFE.c 25 Ap 1845.3076172643000064
miniFE.c 25 Ap 5152.9234129532997031
miniFE.c 25 Ap 19418.9870250392996240
miniFE.c 25 Ap 21366.8164301717988565
miniFE.c 25 Ap 24008.4327040697971825
miniFE.c 25 Ap 27657.4839652037990163
miniFE.c 25 Ap 29362.1700442997971550
miniFE.c 25 Ap 31649.3547644317950471
miniFE.c 25 Ap 2716.0172730389999742
miniFE.c 25 Ap 4086.6435322781999275
miniFE.c 25 Ap 6112.9419280231995799
miniFE.c 25 Ap 19366.0687056721981207
miniFE.c 25 Ap 19942.9016931553996983
miniFE.c 25 Ap 22443.7520980093977414
miniFE.c 25 Ap 22629.2022504265987664
miniFE.c 25 Ap 23503.4403270553993934
miniFE.c 25 Ap 2784.7112838509997346
miniFE.c 25 Ap 5297.5139884079999320
miniFE.c 25 Ap 8838.6610425799990480
miniFE.c 25 Ap 9581.9742276727993158
miniFE.c 25 Ap 20049.1383863587980159
miniFE.c 25 Ap 21061.8523085989982064
miniFE.c 25 Ap 23066.1607201429978886
miniFE.c 25 Ap 23769.7206112477979332
miniFE.c 25 Ap 3179.3454260399998930
miniFE.c 25 Ap 5397.6649115441996400
miniFE.c 25 Ap 8807.5877122702004272
miniFE.c 25 Ap 11054.0535250612010714
miniFE.c 25 Ap 11760.0087099739012046
miniFE.c 25 Ap 26753.3647406958989450
miniFE.c 25 Ap 27839.0862096834971453
miniFE.c 25 Ap 28473.5365185294976982
miniFE.c 25 Ap 989.4123599472000024
miniFE.c 25 Ap 3608.8072965641999872
miniFE.c 25 Ap 6128.3407890401995246
miniFE.c 25 Ap 6391.8224746028990921
miniFE.c 25 Ap 8601.6889808288997301
miniFE.c 25 Ap 10318.9233197042995016
miniFE.c 25 Ap 19683.6473325842962367
miniFE.c 25 Ap 20178.9207280214977800
miniFE.c 25 Ap 1268.8676034993000030
miniFE.c 25 Ap 2867.0390905766998912
miniFE.c 25 Ap 5470.7324228946999938
miniFE.c 25 Ap 6427.4105067679001877
miniFE.c 25 Ap 7024.8795832297000743
miniFE.c 25 Ap 7797.7765812907000509
miniFE.c 25 Ap 8179.2443669095000587
miniFE.c 25 Ap 20192.2487104374995397
miniFE.c 57 sum 5787878.1172925252467394
miniFE.c 57 sum 12523726.3537057451903820
miniFE.c 57 sum 19195581.2445636950433254
miniFE.c 57 sum 23958363.0489748232066631
miniFE.c 57 sum 27696296.6103892698884010
miniFE.c 57 sum 34119601.8506532162427902
miniFE.c 57 sum 36997689.0278177559375763
miniFE.c 57 sum 40736881.5671170875430107
miniFE.c 90 p_ap_dot 40736881.5671170875430107
miniFE.c 91 alpha 0.0075554145395853
miniFE.c 40 y 1.4960559439392744
miniFE.c 40 y 1.7364133245212852
miniFE.c 40 y 1.5927221841830903
miniFE.c 40 y 1.5310435575891859
miniFE.c 40 y 1.1881350243784765
miniFE.c 40 y 1.7044153884046875
miniFE.c 40 y 1.0776166871177848
miniFE.c 40 y 1.3991086422745860
miniFE.c 40 y -22.8341883739316245
miniFE.c 40 y 8.3838497937928480
miniFE.c 40 y -28.3185951556805833
miniFE.c 40 y 25.0636652226906733
miniFE.c 40 y -22.3339927081014764
miniFE.c 40 y 10.4592281944898673
miniFE.c 40 y -9.8317110616323760
miniFE.c 40 y 32.6187905062384118
miniFE.c 82 oldrtrans 307784.0272895599482581
miniFE.c 48 sum 521.4001586961941257
miniFE.c 48 sum 591.6890960610744514
miniFE.c 48 sum 1393.6319276524102406
miniFE.c 48 sum 2021.8192420475243125
miniFE.c 48 sum 2520.6264723330541528
miniFE.c 48 sum 2630.0219267574657351
miniFE.c 48 sum 2726.6844691568903727
miniFE.c 48 sum 3790.6699632467598349
miniFE.c 83 rtrans 3790.6699632467598349
miniFE.c 84 beta 0.0123160061184089
miniFE.c 40 y -20.3954824548187439
miniFE.c 40 y 11.2143598891482252
miniFE.c 40 y -25.7223145594869429
miniFE.c 40 y 27.5594041029366821
miniFE.c 40 y -20.3972256183443506
miniFE.c 40 y 13.2375787723331708
miniFE.c 40 y -8.0750988145735008
miniFE.c 40 y 34.8994635928429275
miniFE.c 87 normr 61.5684169298412272
miniFE.c 25 Ap -1368.4289806161518754
miniFE.c 25 Ap -1199.2317650706336281
miniFE.c 25 Ap -1438.9434933034935966
miniFE.c 25 Ap -1060.9252025196035447
miniFE.c 25 Ap -1347.7797492528836756
miniFE.c 25 Ap -1135.2318894527934390
miniFE.c 25 Ap -1175.5811556047112845
miniFE.c 25 Ap -951.9431942355674892
miniFE.c 25 Ap -307.7178613112005223
miniFE.c 25 Ap 437.3259687565855529
miniFE.c 25 Ap 67.1311892858862507
miniFE.c 25 Ap 231.4904044254456608
miniFE.c 25 Ap 8.4750944324596844
miniFE.c 25 Ap 136.2477259389728772
miniFE.c 25 Ap 44.2125139587647027
miniFE.c 25 Ap 286.8999636359623082
miniFE.c 25 Ap -190.0698452342187466
miniFE.c 25 Ap -28.6731141403941479
miniFE.c 25 Ap -1769.4073446474239972
miniFE.c 25 Ap -1504.5015295142784453
miniFE.c 25 Ap -1847.1377969518380269
miniFE.c 25 Ap -1633.0108263799961605
miniFE.c 25 Ap -1729.5239229058497585
miniFE.c 25 Ap -1298.4747151618360022
miniFE.c 25 Ap -279.7544311366967804
miniFE.c 25 Ap -212.8740522000363740
miniFE.c 25 Ap -460.1214411508727835
miniFE.c 25 Ap 1342.3107137622018854
miniFE.c 25 Ap 1267.4914057048456471
miniFE.c 25 Ap 1414.2417478412662604
miniFE.c 25 Ap 1403.7422378842968556
miniFE.c 25 Ap 1568.5035826910889227
miniFE.c 25 Ap -286.8300319099224680
miniFE.c 25 Ap -164.2165944823325390
miniFE.c 25 Ap -596.3046644692149130
miniFE.c 25 Ap -495.2136835663836223
miniFE.c 25 Ap -1852.8787212276629361
miniFE.c 25 Ap -1793.4524899398534217
miniFE.c 25 Ap -1906.9291080474579303
miniFE.c 25 Ap -1774.3342498395531948
miniFE.c 25 Ap -327.4780244875516928
miniFE.c 25 Ap -219.2340398177625218
miniFE.c 25 Ap -635.3102262145098393
miniFE.c 25 Ap -329.7897038638051299
miniFE.c 25 Ap -421.3570718902559520
miniFE.c 25 Ap 458.4557002015919807
miniFE.c 25 Ap 396.9861180764418123
miniFE.c 25 Ap 516.5563917731067249
miniFE.c 25 Ap -101.9111677470804693
miniFE.c 25 Ap 25.9034897970964124
miniFE.c 25 Ap -281.5280704790179698
miniFE.c 25 Ap -245.6944238040443054
miniFE.c 25 Ap -532.3297003619271663
miniFE.c 25 Ap -431.5620869656004857
miniFE.c 25 Ap -961.7585399526303718
miniFE.c 25 Ap -868.4179353041471359
miniFE.c 25 Ap -130.6955364858731627
miniFE.c 25 Ap -52.7119768240055322
miniFE.c 25 Ap -370.4126567417038700
miniFE.c 25 Ap -240.3039383084249323
miniFE.c 25 Ap -317.7998926947741438
miniFE.c 25 Ap -272.4461607476264362
miniFE.c 25 Ap -294.0434728078357125
miniFE.c 25 Ap 1969.9608112905175403
miniFE.c 57 sum 19415.3407160156275495
miniFE.c 57 sum 22632.7401604128463077
miniFE.c 57 sum 56032.5152313458020217
miniFE.c 57 sum 99259.5393036334862700
miniFE.c 57 sum 135451.0353199666133150
miniFE.c 57 sum 142288.9912464153021574
miniFE.c 57 sum 149301.5518863441830035
miniFE.c 57 sum 218052.1274993049155455
miniFE.c 90 p_ap_dot 218052.1274993049155455
miniFE.c 91 alpha 0.0173842374606450
miniFE.c 40 y 1.1414960338202862
miniFE.c 40 y 1.9313664198033706
miniFE.c 40 y 1.1455593598435627
miniFE.c 40 y 2.0101427827885114
miniFE.c 40 y 0.8335448106908265
miniFE.c 40 y 1.9345406011869211
miniFE.c 40 y 0.9372372518070660
miniFE.c 40 y 2.0058092046217029
miniFE.c 40 y -6.2853818362955991
miniFE.c 40 y 3.3963126984948593
miniFE.c 40 y -5.7456023706638284
miniFE.c 40 y -2.2035735166836723
miniFE.c 40 y 8.5114552256647578
miniFE.c 40 y 1.4792892180922035
miniFE.c 40 y 5.2650725407779788
miniFE.c 40 y -1.6274760254008527
miniFE.c 82 oldrtrans 3790.6680101217598349
miniFE.c 48 sum 39.5060248280346400
miniFE.c 48 sum 51.0409647739920729
miniFE.c 48 sum 84.0529113757698809
miniFE.c 48 sum 88.9086476191995274
miniFE.c 48 sum 161.3535176776954359
miniFE.c 48 sum 163.5418142684592908
miniFE.c 48 sum 191.2628031281135748
miniFE.c 48 sum 193.9114813413681304
miniFE.c 83 rtrans 193.9114813413681304
miniFE.c 84 beta 0.0511549628782024
miniFE.c 40 y -7.3287119841548813
miniFE.c 40 y 3.9699828623270390
miniFE.c 40 y -7.0614264170958290
miniFE.c 40 y -0.7937732228525662
miniFE.c 40 y 7.4680359063400328
miniFE.c 40 y 2.1564570687881872
miniFE.c 40 y 4.8519911606806545
miniFE.c 40 y 0.1578047391602049
miniFE.c 87 normr 13.9252102799694963
miniFE.c 25 Ap -491.7178052503963954
miniFE.c 25 Ap -431.8204903158940624
miniFE.c 25 Ap -497.6274271806369143
miniFE.c 25 Ap -508.5152096541619358
miniFE.c 25 Ap -403.4891588085804415
miniFE.c 25 Ap -368.8642215292898072
miniFE.c 25 Ap -344.6200249931764006
miniFE.c 25 Ap -343.6088022829392230
miniFE.c 25 Ap -110.5723084965359817
miniFE.c 25 Ap 153.1798152349119277
miniFE.c 25 Ap 51.5519780828612681
miniFE.c 25 Ap 46.8180606360415652
miniFE.c 25 Ap 128.4706527019600060
miniFE.c 25 Ap 149.2853499474838941
miniFE.c 25 Ap 204.5854825221371982
miniFE.c 25 Ap 205.6828412133928339
miniFE.c 25 Ap -68.2978279959919661
miniFE.c 25 Ap -11.1619537408670908
miniFE.c 25 Ap -489.0375606197878255
miniFE.c 25 Ap -496.6674477481606687
miniFE.c 25 Ap -371.2180363469976783
miniFE.c 25 Ap -336.3358553039713001
miniFE.c 25 Ap -278.3451480709857719
miniFE.c 25 Ap -276.3960749108124446
miniFE.c 25 Ap -100.5242046435405854
miniFE.c 25 Ap -76.8479573294687981
miniFE.c 25 Ap -144.7236238002168989
miniFE.c 25 Ap -196.6377499269858049
miniFE.c 25 Ap -169.2441578025090507
miniFE.c 25 Ap -145.3379119482007695
miniFE.c 25 Ap -139.0291929253754688
miniFE.c 25 Ap -138.2841923332674412
miniFE.c 25 Ap -103.0666814050835995
miniFE.c 25 Ap -59.6604370817160614
miniFE.c 25 Ap -178.2795490928468496
miniFE.c 25 Ap -181.1911981768710120
miniFE.c 25 Ap 315.8906814743635891
miniFE.c 25 Ap 325.5714636427670143
miniFE.c 25 Ap 393.7548457468176366
miniFE.c 25 Ap 394.3543992888891125
miniFE.c 25 Ap -117.6727311023844322
miniFE.c 25 Ap -79.3534004997624720
miniFE.c 25 Ap -193.5768451805153063
miniFE.c 25 Ap -202.3765278140043335
miniFE.c 25 Ap -168.8509687470113079
miniFE.c 25 Ap -25.5257803407334620
miniFE.c 25 Ap 11.4087360002550824
miniFE.c 25 Ap 11.9493963402577315
miniFE.c 25 Ap -36.6197562642498724
miniFE.c 25 Ap 8.6277661106649504
miniFE.c 25 Ap -75.7699787408793810
miniFE.c 25 Ap -76.8020688797486457
miniFE.c 25 Ap 28.1437005798396740
miniFE.c 25 Ap 44.5591671806948000
miniFE.c 25 Ap 363.1321732068972779
miniFE.c 25 Ap 363.5542309766513540
miniFE.c 25 Ap -46.9628481033194802
miniFE.c 25 Ap -19.3559763370177578
miniFE.c 25 Ap -106.5728544570592362
miniFE.c 25 Ap -110.3202800677964461
miniFE.c 25 Ap -81.9466874634743192
miniFE.c 25 Ap -74.5583744241017001
miniFE.c 25 Ap -61.5814475013651332
miniFE.c 25 Ap -51.3443100577112759
miniFE.c 57 sum 2518.2099471520818952
miniFE.c 57 sum 3334.7673018439850239
miniFE.c 57 sum 5286.5178468007934498
miniFE.c 57 sum 5396.2841358187351943
miniFE.c 57 sum 8341.3369495313127118
miniFE.c 57 sum 8367.1053097370131582
miniFE.c 57 sum 10131.0672248637783923
miniFE.c 57 sum 10122.9648494077609939
miniFE.c 90 p_ap_dot 10122.9648494077609939
miniFE.c 91 alpha 0.0191556015679253
miniFE.c 40 y 1.0011101470457360
miniFE.c 40 y 2.0074138297455990
miniFE.c 40 y 1.0102934888964525
miniFE.c 40 y 1.9949375791962598
miniFE.c 40 y 0.9765995310076362
miniFE.c 40 y 1.9758488335949638
miniFE.c 40 y 1.0301800612921601
miniFE.c 40 y 2.0088320493305862
miniFE.c 40 y 0.2966514754684102
miniFE.c 40 y -0.5436658571477415
miniFE.c 40 y -0.4510692847338671
miniFE.c 40 y 0.4453433747947511
miniFE.c 40 y 0.9573594763282687
miniFE.c 40 y 1.2503913428210014
miniFE.c 40 y -1.6990274561442451
miniFE.c 40 y -0.6439448791553152
miniFE.c 82 oldrtrans 193.9114813413681304
miniFE.c 48 sum 0.0880020978975848
miniFE.c 48 sum 0.3835746621257733
miniFE.c 48 sum 0.5870381617560958
miniFE.c 48 sum 0.7853688832296739
miniFE.c 48 sum 1.7019060501452108
miniFE.c 48 sum 3.2653845603469178
miniFE.c 48 sum 6.1520788570789025
miniFE.c 48 sum 6.5667438644692560
miniFE.c 83 rtrans 6.5667438644692560
miniFE.c 84 beta 0.0338646469979204
miniFE.c 40 y 0.0484672311755765
miniFE.c 40 y -0.4092237889272428
miniFE.c 40 y -0.6902019976506070
miniFE.c 40 y 0.4184625248064473
miniFE.c 40 y 1.2102618760642683
miniFE.c 40 y 1.3234190002216835
miniFE.c 40 y -1.5347164882507647
miniFE.c 40 y -0.6386008773690559
miniFE.c 87 normr 2.5625658751472624
miniFE.c 25 Ap 3.2518948202282645
miniFE.c 25 Ap -2.9222895564009579
miniFE.c 25 Ap -9.3544289855324632
miniFE.c 25 Ap -3.6145919486500766
miniFE.c 25 Ap 13.4058170218109147
miniFE.c 25 Ap 34.6551618569703521
miniFE.c 25 Ap 26.9865641748703666
miniFE.c 25 Ap 22.8943695208341822
miniFE.c 25 Ap 0.7312517737230692
miniFE.c 25 Ap -26.4561813094826981
miniFE.c 25 Ap -36.3895477536103016
miniFE.c 25 Ap -33.8939142527692141
miniFE.c 25 Ap -20.6613829020141679
miniFE.c 25 Ap -7.8873906824204205
miniFE.c 25 Ap -25.3791837327745711
miniFE.c 25 Ap -29.8199516511130049
miniFE.c 25 Ap 0.4516764508454377
miniFE.c 25 Ap -5.4378600426817734
miniFE.c 25 Ap -52.1466521498687428
miniFE.c 25 Ap -48.1243171304873272
miniFE.c 25 Ap -27.7941202892220574
miniFE.c 25 Ap -6.3869048015261747
miniFE.c 25 Ap -24.7297441861100182
miniFE.c 25 Ap -32.6172121846443801
miniFE.c 25 Ap 0.6648002917474832
miniFE.c 25 Ap -1.7757350882374303
miniFE.c 25 Ap -8.4100774750046536
miniFE.c 25 Ap 18.9580872182544198
miniFE.c 25 Ap 23.3974633289882732
miniFE.c 25 Ap 38.0687407893558287
miniFE.c 25 Ap 36.0732517656880702
miniFE.c 25 Ap 33.0583991428041912
miniFE.c 25 Ap 0.6816145435869142
miniFE.c 25 Ap -3.7926787672658766
miniFE.c 25 Ap -15.3868161601603486
miniFE.c 25 Ap -13.8518487513675215
miniFE.c 25 Ap 66.7047066494340157
miniFE.c 25 Ap 72.6458084891621922
miniFE.c 25 Ap 51.0789594833802028
miniFE.c 25 Ap 48.6526989031586083
miniFE.c 25 Ap 0.7782092506475264
miniFE.c 25 Ap -3.1717276136060759
miniFE.c 25 Ap -14.3362211649830229
miniFE.c 25 Ap -9.6971916458564777
miniFE.c 25 Ap -4.2640755599956313
miniFE.c 25 Ap 83.6946787748681658
miniFE.c 25 Ap 72.0120500690626528
miniFE.c 25 Ap 69.8241172520778264
miniFE.c 25 Ap 0.2421787343110242
miniFE.c 25 Ap -4.4219125698462225
miniFE.c 25 Ap -12.6711654336464186
miniFE.c 25 Ap -12.1270666496297572
miniFE.c 25 Ap 4.8803320056635435
miniFE.c 25 Ap 14.9545137324920514
miniFE.c 25 Ap -85.8122083963743023
miniFE.c 25 Ap -87.5201828431478503
miniFE.c 25 Ap 0.3105810708086583
miniFE.c 25 Ap -2.5351210534600739
miniFE.c 25 Ap -11.0599232607823215
miniFE.c 25 Ap -9.0843499642203902
miniFE.c 25 Ap -4.4861560285381250
miniFE.c 25 Ap 0.0480561277863920
miniFE.c 25 Ap -4.0566305988801084
miniFE.c 25 Ap -45.4840616637234234
miniFE.c 57 sum 1.1096267001853428
miniFE.c 57 sum 13.3126603004809976
miniFE.c 57 sum 35.8251253081162702
miniFE.c 57 sum 49.6588264794734044
miniFE.c 57 sum 108.5413331296001047
miniFE.c 57 sum 200.9478965747065331
miniFE.c 57 sum 335.2665642388072342
miniFE.c 57 sum 364.3127259235692463
miniFE.c 90 p_ap_dot 364.3127259235692463
miniFE.c 91 alpha 0.0180250191585317
miniFE.c 40 y 1.0019837698162368
miniFE.c 40 y 2.0000375631100584
miniFE.c 40 y 0.9978525846655435
miniFE.c 40 y 2.0024803742230235
miniFE.c 40 y 0.9984145245105351
miniFE.c 40 y 1.9997034864287244
miniFE.c 40 y 1.0025167671885256
miniFE.c 40 y 1.9973212562813538
miniFE.c 40 y -0.1160199737671309
miniFE.c 40 y -0.0061606573299396
miniFE.c 40 y 0.1368565897922426
miniFE.c 40 y -0.1505349031046835
miniFE.c 40 y 0.0803936464845589
miniFE.c 40 y -0.0081897083752676
miniFE.c 40 y -0.1214744836383048
miniFE.c 40 y 0.1759062037411383
miniFE.c 82 oldrtrans 6.5667438644692560
miniFE.c 48 sum 0.0134606343129257
miniFE.c 48 sum 0.0134985880116627
miniFE.c 48 sum 0.0322283141812248
miniFE.c 48 sum 0.0548890712339613
miniFE.c 48 sum 0.0613522096290455
miniFE.c 48 sum 0.0614192809523175
miniFE.c 48 sum 0.0761753311275102
miniFE.c 48 sum 0.1071183236421291
miniFE.c 83 rtrans 0.1071183236421291
miniFE.c 84 beta 0.0163122433055011
miniFE.c 40 y -0.1152293644998509
miniFE.c 40 y -0.0128360153413199
miniFE.c 40 y 0.1255978468766230
miniFE.c 40 y -0.1437088405858065
miniFE.c 40 y 0.1001357326702915
miniFE.c 40 y 0.0133982243514716
miniFE.c 40 y -0.1465091523996155
miniFE.c 40 y 0.1654891908543878
miniFE.c 87 normr 0.3272893576670789
miniFE.c 25 Ap -7.7312807946017950
miniFE.c 25 Ap -7.9249448178647253
miniFE.c 25 Ap -6.7544717304800912
miniFE.c 25 Ap -8.7256526052868999
miniFE.c 25 Ap -7.3174027410941953
miniFE.c 25 Ap -7.1022754916172275
miniFE.c 25 Ap -7.8343453918883110
miniFE.c 25 Ap -6.7738802310743704
miniFE.c 25 Ap -1.7385287983597260
miniFE.c 25 Ap -2.5913098868247033
miniFE.c 25 Ap -0.7837094425117517
miniFE.c 25 Ap -1.6407625253388336
miniFE.c 25 Ap -0.5459174772576076
miniFE.c 25 Ap -0.4165942518895266
miniFE.c 25 Ap -2.0864191305404289
miniFE.c 25 Ap -0.9356235152797199
miniFE.c 25 Ap -1.0738469916287494
miniFE.c 25 Ap -1.2585825393405645
miniFE.c 25 Ap 7.2411374539942388
miniFE.c 25 Ap 5.8597829292363643
miniFE.c 25 Ap 7.5418809910638016
miniFE.c 25 Ap 7.7586065147236569
miniFE.c 25 Ap 6.0075379157925957
miniFE.c 25 Ap 8.0515230451975839
miniFE.c 25 Ap -1.5805424258685605
miniFE.c 25 Ap -1.6570940595373693
miniFE.c 25 Ap -0.4498255757360659
miniFE.c 25 Ap -9.8486294921652089
miniFE.c 25 Ap -9.4813204095285197
miniFE.c 25 Ap -9.3327891681727841
miniFE.c 25 Ap -9.5232852029247930
miniFE.c 25 Ap -8.7420060992038842
miniFE.c 25 Ap -1.6205177970008486
miniFE.c 25 Ap -1.7608617826968569
miniFE.c 25 Ap 0.3489534567490935
miniFE.c 25 Ap -0.1781866659097902
miniFE.c 25 Ap 6.4869738716479777
miniFE.c 25 Ap 6.5471212741941747
miniFE.c 25 Ap 4.4882779686341934
miniFE.c 25 Ap 5.1170273400365218
miniFE.c 25 Ap -1.8501687681554067
miniFE.c 25 Ap -1.9740654026099067
miniFE.c 25 Ap 0.0575664331338150
miniFE.c 25 Ap -1.5355739656279708
miniFE.c 25 Ap -1.0860439335743695
miniFE.c 25 Ap -0.1955541309819399
miniFE.c 25 Ap -1.3108168147352366
miniFE.c 25 Ap -0.7438285058273387
miniFE.c 25 Ap -0.5757725575233592
miniFE.c 25 Ap -0.7220698871346716
miniFE.c 25 Ap 0.7790680428639138
miniFE.c 25 Ap 0.5922130659425089
miniFE.c 25 Ap 1.9993864710090075
miniFE.c 25 Ap 2.1013769569480290
miniFE.c 25 Ap -7.5181502731364080
miniFE.c 25 Ap -7.0755399993124692
miniFE.c 25 Ap -0.7383970271650083
miniFE.c 25 Ap -0.8276574199190432
miniFE.c 25 Ap 0.7236229384880963
miniFE.c 25 Ap 0.0451694782349676
miniFE.c 25 Ap 0.4256189725270477
miniFE.c 25 Ap 0.4715230979154767
miniFE.c 25 Ap 0.0796760188010182
miniFE.c 25 Ap 10.8153205959612180
miniFE.c 57 sum 0.7805499142248031
miniFE.c 57 sum 0.7925595920206332
miniFE.c 57 sum 1.8038135505749606
miniFE.c 57 sum 3.0601171114855994
miniFE.c 57 sum 3.5725143932740693
miniFE.c 57 sum 3.5625484120739745
miniFE.c 57 sum 4.5991797801428209
miniFE.c 57 sum 6.3889984343992383
miniFE.c 90 p_ap_dot 6.3889984343992383
miniFE.c 91 alpha 0.0167660588341029
miniFE.c 40 y 1.0000518275116161
miniFE.c 40 y 1.9998223537216504
miniFE.c 40 y 0.9999583655557136
miniFE.c 40 y 2.0000709433467811
miniFE.c 40 y 1.0000934060958813
miniFE.c 40 y 1.9999281218464737
miniFE.c 40 y 1.0000603861196591
miniFE.c 40 y 2.0000958577916266
miniFE.c 40 y -0.0024486992777713
miniFE.c 40 y 0.0095260615738103
miniFE.c 40 y 0.0018642807123244
miniFE.c 40 y -0.0039659145173446
miniFE.c 40 y -0.0053987349542066
miniFE.c 40 y 0.0042813641159165
miniFE.c 40 y -0.0028455637267834
miniFE.c 40 y -0.0054240976804326
miniFE.c 82 oldrtrans 0.1071183236421291
miniFE.c 48 sum 0.0000059961281530
miniFE.c 48 sum 0.0000967419772610
miniFE.c 48 sum 0.0001002175198353
miniFE.c 48 sum 0.0001159459977942
miniFE.c 48 sum 0.0001450923369000
miniFE.c 48 sum 0.0001634224155930
miniFE.c 48 sum 0.0001715196485162
miniFE.c 48 sum 0.0002009404841631
miniFE.c 83 rtrans 0.0002009404841631
miniFE.c 84 beta 0.0018758740552590
miniFE.c 40 y -0.0026648550530406
miniFE.c 40 y 0.0095019828256586
miniFE.c 40 y 0.0020998864546766
miniFE.c 40 y -0.0042354942029109
miniFE.c 40 y -0.0052108929312860
miniFE.c 40 y 0.0043064974973639
miniFE.c 40 y -0.0031203964446278
miniFE.c 40 y -0.0051136608008830
miniFE.c 87 normr 0.0141753477616283
miniFE.c 25 Ap -0.1787976769757914
miniFE.c 25 Ap -0.0354360359945253
miniFE.c 25 Ap -0.0158667468475792
miniFE.c 25 Ap -0.0739628607268643
miniFE.c 25 Ap -0.1472457844856416
miniFE.c 25 Ap -0.0780989380689673
miniFE.c 25 Ap -0.0936907852444543
miniFE.c 25 Ap -0.1264594458171431
miniFE.c 25 Ap -0.0402061338555022
miniFE.c 25 Ap 0.5910732033198225
miniFE.c 25 Ap 0.6212947061789346
miniFE.c 25 Ap 0.5960349980837074
miniFE.c 25 Ap 0.5390611270212692
miniFE.c 25 Ap 0.5806285863941602
miniFE.c 25 Ap 0.5450641487521946
miniFE.c 25 Ap 0.5095042526816126
miniFE.c 25 Ap -0.0248343518534113
miniFE.c 25 Ap 0.1119178999139831
miniFE.c 25 Ap 0.2540258048375487
miniFE.c 25 Ap 0.2133134933476837
miniFE.c 25 Ap 0.1257799759272133
miniFE.c 25 Ap 0.1954405444303482
miniFE.c 25 Ap 0.1581457533479431
miniFE.c 25 Ap 0.0949860594739008
miniFE.c 25 Ap -0.0365524576864804
miniFE.c 25 Ap 0.0201156195209078
miniFE.c 25 Ap 0.0403000956033889
miniFE.c 25 Ap -0.2367084679620699
miniFE.c 25 Ap -0.2558226068540354
miniFE.c 25 Ap -0.2080812493129835
miniFE.c 25 Ap -0.2121384917433712
miniFE.c 25 Ap -0.2362802275668424
miniFE.c 25 Ap -0.0374769492014812
miniFE.c 25 Ap 0.0664140252409684
miniFE.c 25 Ap 0.1016882958861878
miniFE.c 25 Ap 0.0861520287745600
miniFE.c 25 Ap -0.2606915704569317
miniFE.c 25 Ap -0.2413588117462830
miniFE.c 25 Ap -0.2852086820478467
miniFE.c 25 Ap -0.3046372078477519
miniFE.c 25 Ap -0.0427879786736405
miniFE.c 25 Ap 0.0489276870870483
miniFE.c 25 Ap 0.0828947994130961
miniFE.c 25 Ap 0.0359405765839884
miniFE.c 25 Ap 0.0125477995606086
miniFE.c 25 Ap 0.2987717054822321
miniFE.c 25 Ap 0.2750185019709749
miniFE.c 25 Ap 0.2574984097229415
miniFE.c 25 Ap -0.0133156198159906
miniFE.c 25 Ap 0.0949823742609995
miniFE.c 25 Ap 0.1200800911741070
miniFE.c 25 Ap 0.1145729618401736
miniFE.c 25 Ap 0.0413460551804076
miniFE.c 25 Ap 0.0741281433832438
miniFE.c 25 Ap -0.1307514704574189
miniFE.c 25 Ap -0.1444282477480461
miniFE.c 25 Ap -0.0170765590657523
miniFE.c 25 Ap 0.0489992983095610
miniFE.c 25 Ap 0.0749353528919691
miniFE.c 25 Ap 0.0549394661661891
miniFE.c 25 Ap 0.0351415226384227
miniFE.c 25 Ap 0.0498961644415537
miniFE.c 25 Ap 0.0415504862877992
miniFE.c 25 Ap -0.2901838376460280
miniFE.c 57 sum 0.0003369960931905
miniFE.c 57 sum 0.0051782967517712
miniFE.c 57 sum 0.0053777566914436
miniFE.c 57 sum 0.0063785202255654
miniFE.c 57 sum 0.0079659520985460
miniFE.c 57 sum 0.0090748683555930
miniFE.c 57 sum 0.0095255417463699
miniFE.c 57 sum 0.0110094434619902
miniFE.c 90 p_ap_dot 0.0110094434619902
miniFE.c 91 alpha 0.0182516477655609
miniFE.c 40 y 1.0000031895158417
miniFE.c 40 y 1.9999957805652588
miniFE.c 40 y 0.9999966919436321
miniFE.c 40 y 1.9999936385984765
miniFE.c 40 y 0.9999982987135554
miniFE.c 40 y 2.0000067225218987
miniFE.c 40 y 1.0000034337428629
miniFE.c 40 y 2.0000025250558964
miniFE.c 40 y -0.0001406060160888
miniFE.c 40 y 0.0002267694188102
miniFE.c 40 y 0.0001306286121681
miniFE.c 40 y 0.0003465889701719
miniFE.c 40 y 0.0001613960597146
miniFE.c 40 y -0.0004184061585387
miniFE.c 40 y -0.0002095102214889
miniFE.c 40 y -0.0001277644884586
