filename line variable value
miniFE.c 167 A 67.0947100000000063
miniFE.c 167 A 15.0875500000000002
miniFE.c 167 A 9.3192129999999995
miniFE.c 167 A 13.7164900000000003
miniFE.c 167 A 14.0634099999999993
miniFE.c 167 A 16.0564000000000000
miniFE.c 167 A 4.9967519999999999
miniFE.c 167 A 6.4080630000000003
miniFE.c 167 A 15.0875500000000002
miniFE.c 167 A 66.4365899999999954
miniFE.c 167 A 14.3919700000000006
miniFE.c 167 A 5.9638159999999996
miniFE.c 167 A 10.9336099999999998
miniFE.c 167 A 9.6522659999999991
miniFE.c 167 A 11.3974100000000007
miniFE.c 167 A 6.9539020000000002
miniFE.c 167 A 9.3192129999999995
miniFE.c 167 A 14.3919700000000006
miniFE.c 167 A 67.6740900000000067
miniFE.c 167 A 9.6121750000000006
miniFE.c 167 A 16.7981799999999986
miniFE.c 167 A 16.1756899999999995
miniFE.c 167 A 11.9519400000000005
miniFE.c 167 A 12.3511699999999998
miniFE.c 167 A 13.7164900000000003
miniFE.c 167 A 5.9638159999999996
miniFE.c 167 A 9.6121750000000006
miniFE.c 167 A 65.4017099999999942
miniFE.c 167 A 3.6681119999999998
miniFE.c 167 A 11.0858899999999991
miniFE.c 167 A 1.3002330000000000
miniFE.c 167 A 4.7210279999999996
miniFE.c 167 A 14.0634099999999993
miniFE.c 167 A 10.9336099999999998
miniFE.c 167 A 16.7981799999999986
miniFE.c 167 A 3.6681119999999998
miniFE.c 167 A 66.5612600000000043
miniFE.c 167 A 4.4892070000000004
miniFE.c 167 A 14.0526599999999995
miniFE.c 167 A 3.7993380000000001
miniFE.c 167 A 16.0564000000000000
miniFE.c 167 A 9.6522659999999991
miniFE.c 167 A 16.1756899999999995
miniFE.c 167 A 11.0858899999999991
miniFE.c 167 A 4.4892070000000004
miniFE.c 167 A 66.4632699999999943
miniFE.c 167 A 7.6122389999999998
miniFE.c 167 A 3.4261349999999999
miniFE.c 167 A 4.9967519999999999
miniFE.c 167 A 11.3974100000000007
miniFE.c 167 A 11.9519400000000005
miniFE.c 167 A 1.3002330000000000
miniFE.c 167 A 14.0526599999999995
miniFE.c 167 A 7.6122389999999998
miniFE.c 167 A 65.6581999999999937
miniFE.c 167 A 2.6745570000000001
miniFE.c 167 A 6.4080630000000003
miniFE.c 167 A 6.9539020000000002
miniFE.c 167 A 12.3511699999999998
miniFE.c 167 A 4.7210279999999996
miniFE.c 167 A 3.7993380000000001
miniFE.c 167 A 3.4261349999999999
miniFE.c 167 A 2.6745570000000001
miniFE.c 167 A 64.8721800000000002
miniFE.c 175 b 198.0110999999999990
miniFE.c 175 b 229.8237000000000023
miniFE.c 175 b 210.8053999999999917
miniFE.c 175 b 202.6418999999999926
miniFE.c 175 b 157.2561000000000035
miniFE.c 175 b 225.5886000000000138
miniFE.c 175 b 142.6283999999999992
miniFE.c 175 b 185.1795999999999935
miniFE.c 33 r 0.0000000000000000
miniFE.c 33 r 0.0000000000000000
miniFE.c 33 r 0.0000000000000000
miniFE.c 33 r 0.0000000000000000
miniFE.c 33 r 0.0000000000000000
miniFE.c 33 r 0.0000000000000000
miniFE.c 33 r 0.0000000000000000
miniFE.c 33 r 0.0000000000000000
miniFE.c 25 Ap 0.0000000000000000
miniFE.c 25 Ap 0.0000000000000000
miniFE.c 25 Ap 0.0000000000000000
miniFE.c 25 Ap 0.0000000000000000
miniFE.c 25 Ap 0.0000000000000000
miniFE.c 25 Ap 0.0000000000000000
miniFE.c 25 Ap 0.0000000000000000
miniFE.c 25 Ap 0.0000000000000000
miniFE.c 25 Ap 0.0000000000000000
miniFE.c 25 Ap 0.0000000000000000
miniFE.c 25 Ap 0.0000000000000000
miniFE.c 25 Ap 0.0000000000000000
miniFE.c 25 Ap 0.0000000000000000
miniFE.c 25 Ap 0.0000000000000000
miniFE.c 25 Ap 0.0000000000000000
miniFE.c 25 Ap 0.0000000000000000
miniFE.c 25 Ap 0.0000000000000000
miniFE.c 25 Ap 0.0000000000000000
miniFE.c 25 Ap 0.0000000000000000
miniFE.c 25 Ap 0.0000000000000000
miniFE.c 25 Ap 0.0000000000000000
miniFE.c 25 Ap 0.0000000000000000
miniFE.c 25 Ap 0.0000000000000000
miniFE.c 25 Ap 0.0000000000000000
miniFE.c 25 Ap 0.0000000000000000
miniFE.c 25 Ap 0.0000000000000000
miniFE.c 25 Ap 0.0000000000000000
miniFE.c 25 Ap 0.0000000000000000
miniFE.c 25 Ap 0.0000000000000000
miniFE.c 25 Ap 0.0000000000000000
miniFE.c 25 Ap 0.0000000000000000
miniFE.c 25 Ap 0.0000000000000000
miniFE.c 25 Ap 0.0000000000000000
miniFE.c 25 Ap 0.0000000000000000
miniFE.c 25 Ap 0.0000000000000000
miniFE.c 25 Ap 0.0000000000000000
miniFE.c 25 Ap 0.0000000000000000
miniFE.c 25 Ap 0.0000000000000000
miniFE.c 25 Ap 0.0000000000000000
miniFE.c 25 Ap 0.0000000000000000
miniFE.c 25 Ap 0.0000000000000000
miniFE.c 25 Ap 0.0000000000000000
miniFE.c 25 Ap 0.0000000000000000
miniFE.c 25 Ap 0.0000000000000000
miniFE.c 25 Ap 0.0000000000000000
miniFE.c 25 Ap 0.0000000000000000
miniFE.c 25 Ap 0.0000000000000000
miniFE.c 25 Ap 0.0000000000000000
miniFE.c 25 Ap 0.0000000000000000
miniFE.c 25 Ap 0.0000000000000000
miniFE.c 25 Ap 0.0000000000000000
miniFE.c 25 Ap 0.0000000000000000
miniFE.c 25 Ap 0.0000000000000000
miniFE.c 25 Ap 0.0000000000000000
miniFE.c 25 Ap 0.0000000000000000
miniFE.c 25 Ap 0.0000000000000000
miniFE.c 25 Ap 0.0000000000000000
miniFE.c 25 Ap 0.0000000000000000
miniFE.c 25 Ap 0.0000000000000000
miniFE.c 25 Ap 0.0000000000000000
miniFE.c 25 Ap 0.0000000000000000
miniFE.c 25 Ap 0.0000000000000000
miniFE.c 25 Ap 0.0000000000000000
miniFE.c 25 Ap 0.0000000000000000
miniFE.c 33 r 198.0110999999999990
miniFE.c 33 r 229.8237000000000023
miniFE.c 33 r 210.8053999999999917
miniFE.c 33 r 202.6418999999999926
miniFE.c 33 r 157.2561000000000035
miniFE.c 33 r 225.5886000000000138
miniFE.c 33 r 142.6284000009313218
miniFE.c 33 r 185.1795999999999935
miniFE.c 48 sum 39208.3957232100001420
miniFE.c 48 sum 92027.3288048999966122
miniFE.c 48 sum 136466.2454740600078367
miniFE.c 48 sum 177529.9851096700003836
miniFE.c 48 sum 202259.4660968800017145
miniFE.c 48 sum 253149.6825468399911188
miniFE.c 48 sum 273492.5430336656281725
miniFE.c 48 sum 307784.0272898256080225
miniFE.c 75 rtrans 307784.0272898256080225
miniFE.c 76 normr 554.7828649929858784
miniFE.c 33 r 198.0110999999999990
miniFE.c 33 r 229.8237000000000023
miniFE.c 33 r 210.8053999999999917
miniFE.c 33 r 202.6418999999999926
miniFE.c 33 r 157.2561000000000035
miniFE.c 33 r 225.5886000000000138
miniFE.c 33 r 142.6284000009313218
miniFE.c 33 r 185.1795999999999935
miniFE.c 87 normr 554.7828649929858784
miniFE.c 25 Ap 13285.4973312810016068
miniFE.c 25 Ap 16752.9738962160008668
miniFE.c 25 Ap 18717.5143203662009910
miniFE.c 25 Ap 21497.0499152972006414
miniFE.c 25 Ap 23708.6069245981998392
miniFE.c 25 Ap 27330.7477216381994367
miniFE.c 25 Ap 28043.4264645996518084
miniFE.c 25 Ap 29230.0690077144536190
miniFE.c 25 Ap 2987.5023718050001662
miniFE.c 25 Ap 18256.2053009880000900
miniFE.c 25 Ap 21290.1102936259994749
miniFE.c 25 Ap 22498.6292991164009436
miniFE.c 25 Ap 24218.0061666374022025
miniFE.c 25 Ap 26395.4473404050004319
miniFE.c 25 Ap 28021.0416928596168873
miniFE.c 25 Ap 29308.7624836588183825
miniFE.c 25 Ap 1845.3076172643000064
miniFE.c 25 Ap 5152.9234129532997031
miniFE.c 25 Ap 19418.9870250392996240
miniFE.c 25 Ap 21366.8164301717988565
miniFE.c 25 Ap 24008.4327040697971825
miniFE.c 25 Ap 27657.4839652037990163
miniFE.c 25 Ap 29362.1700443109293701
miniFE.c 25 Ap 31649.3547644429272623
miniFE.c 25 Ap 2716.0172730389999742
miniFE.c 25 Ap 4086.6435322781999275
miniFE.c 25 Ap 6112.9419280231995799
miniFE.c 25 Ap 19366.0687056721981207
miniFE.c 25 Ap 19942.9016931553996983
miniFE.c 25 Ap 22443.7520980093977414
miniFE.c 25 Ap 22629.2022504278102133
miniFE.c 25 Ap 23503.4403270566108404
miniFE.c 25 Ap 2784.7112838509997346
miniFE.c 25 Ap 5297.5139884079999320
miniFE.c 25 Ap 8838.6610425799990480
miniFE.c 25 Ap 9581.9742276727993158
miniFE.c 25 Ap 20049.1383863587980159
miniFE.c 25 Ap 21061.8523085989982064
miniFE.c 25 Ap 23066.1607201560873364
miniFE.c 25 Ap 23769.7206112608873809
miniFE.c 25 Ap 3179.3454260399998930
miniFE.c 25 Ap 5397.6649115441996400
miniFE.c 25 Ap 8807.5877122702004272
miniFE.c 25 Ap 11054.0535250612010714
miniFE.c 25 Ap 11760.0087099739012046
miniFE.c 25 Ap 26753.3647406958989450
miniFE.c 25 Ap 27839.0862096905875660
miniFE.c 25 Ap 28473.5365185365881189
miniFE.c 25 Ap 989.4123599472000024
miniFE.c 25 Ap 3608.8072965641999872
miniFE.c 25 Ap 6128.3407890401995246
miniFE.c 25 Ap 6391.8224746028990921
miniFE.c 25 Ap 8601.6889808288997301
miniFE.c 25 Ap 10318.9233197042995016
miniFE.c 25 Ap 19683.6473326454470225
miniFE.c 25 Ap 20178.9207280826485658
miniFE.c 25 Ap 1268.8676034993000030
miniFE.c 25 Ap 2867.0390905766998912
miniFE.c 25 Ap 5470.7324228946999938
miniFE.c 25 Ap 6427.4105067679001877
miniFE.c 25 Ap 7024.8795832297000743
miniFE.c 25 Ap 7797.7765812907000509
miniFE.c 25 Ap 8179.2443669119911647
miniFE.c 25 Ap 20192.2487104399915552
miniFE.c 57 sum 5787878.1172934472560883
miniFE.c 57 sum 12523726.3537091054022312
miniFE.c 57 sum 19195581.2445694021880627
miniFE.c 57 sum 23958363.0489807762205601
miniFE.c 57 sum 27696296.6103972792625427
miniFE.c 57 sum 34119601.8506628200411797
miniFE.c 57 sum 36997689.0278548747301102
miniFE.c 57 sum 40736881.5671546682715416
miniFE.c 90 p_ap_dot 40736881.5671546682715416
miniFE.c 91 alpha 0.0075554145395848
miniFE.c 40 y 1.4960559439391856
miniFE.c 40 y 1.7364133245211819
miniFE.c 40 y 1.5927221841829957
miniFE.c 40 y 1.5310435575890948
miniFE.c 40 y 1.1881350243784059
miniFE.c 40 y 1.7044153884045863
miniFE.c 40 y 1.0776166871247574
miniFE.c 40 y 1.3991086422745027
miniFE.c 40 y -22.8341883739536797
miniFE.c 40 y 8.3838497937258012
miniFE.c 40 y -28.3185951557504723
miniFE.c 40 y 25.0636652226920660
miniFE.c 40 y -22.3339927081896974
miniFE.c 40 y 10.4592281944490821
miniFE.c 40 y -9.8317110611540102
miniFE.c 40 y 32.6187905062286632
miniFE.c 82 oldrtrans 307784.0272898256080225
miniFE.c 48 sum 521.4001586972013911
miniFE.c 48 sum 591.6890960609575814
miniFE.c 48 sum 1393.6319276562517189
miniFE.c 48 sum 2021.8192420514355945
miniFE.c 48 sum 2520.6264723409062753
miniFE.c 48 sum 2630.0219267644647516
miniFE.c 48 sum 2726.6844691544829402
miniFE.c 48 sum 3790.6699632437162109
miniFE.c 83 rtrans 3790.6699632437162109
miniFE.c 84 beta 0.0123160061183884
miniFE.c 40 y -20.3954824548448599
miniFE.c 40 y 11.2143598890764622
miniFE.c 40 y -25.7223145595611555
miniFE.c 40 y 27.5594041029339181
miniFE.c 40 y -20.3972256184357974
miniFE.c 40 y 13.2375787722877565
miniFE.c 40 y -8.0750988140865907
miniFE.c 40 y 34.8994635928293775
miniFE.c 87 normr 61.5684169298165074
miniFE.c 25 Ap -1368.4289806179040170
miniFE.c 25 Ap -1199.2317650734685230
miniFE.c 25 Ap -1438.9434933070201623
miniFE.c 25 Ap -1060.9252025231680818
miniFE.c 25 Ap -1347.7797492577342382
miniFE.c 25 Ap -1135.2318894583731890
miniFE.c 25 Ap -1175.5811556078579088
miniFE.c 25 Ap -951.9431942388009702
miniFE.c 25 Ap -307.7178613115945609
miniFE.c 25 Ap 437.3259687514238294
miniFE.c 25 Ap 67.1311892796564393
miniFE.c 25 Ap 231.4904044191993648
miniFE.c 25 Ap 8.4750944252135412
miniFE.c 25 Ap 136.2477259312883859
miniFE.c 25 Ap 44.2125139566297349
miniFE.c 25 Ap 286.8999636337331367
miniFE.c 25 Ap -190.0698452344621217
miniFE.c 25 Ap -28.6731141416703394
miniFE.c 25 Ap -1769.4073446537224754
miniFE.c 25 Ap -1504.5015295206035262
miniFE.c 25 Ap -1847.1377969596992443
miniFE.c 25 Ap -1633.0108263885917950
miniFE.c 25 Ap -1729.5239229086259911
miniFE.c 25 Ap -1298.4747151647795818
miniFE.c 25 Ap -279.7544311370549508
miniFE.c 25 Ap -212.8740522008225184
miniFE.c 25 Ap -460.1214411523723129
miniFE.c 25 Ap 1342.3107137605215939
miniFE.c 25 Ap 1267.4914057028297520
miniFE.c 25 Ap 1414.2417478387469600
miniFE.c 25 Ap 1403.7422378824107909
miniFE.c 25 Ap 1568.5035826891389661
miniFE.c 25 Ap -286.8300319102897333
miniFE.c 25 Ap -164.2165944834844424
miniFE.c 25 Ap -596.3046644716133642
miniFE.c 25 Ap -495.2136835687922485
miniFE.c 25 Ap -1852.8787212361582988
miniFE.c 25 Ap -1793.4524899485527385
miniFE.c 25 Ap -1906.9291080493148911
miniFE.c 25 Ap -1774.3342498414617694
miniFE.c 25 Ap -327.4780244879710267
miniFE.c 25 Ap -219.2340398188745212
miniFE.c 25 Ap -635.3102262168222296
miniFE.c 25 Ap -329.7897038661481588
miniFE.c 25 Ap -421.3570718930094472
miniFE.c 25 Ap 458.4557001958200999
miniFE.c 25 Ap 396.9861180743764066
miniFE.c 25 Ap 516.5563917709948782
miniFE.c 25 Ap -101.9111677472109534
miniFE.c 25 Ap 25.9034897961480226
miniFE.c 25 Ap -281.5280704808533301
miniFE.c 25 Ap -245.6944238058832468
miniFE.c 25 Ap -532.3297003650512806
miniFE.c 25 Ap -431.5620869690703216
miniFE.c 25 Ap -961.7585399241304458
miniFE.c 25 Ap -868.4179352756834760
miniFE.c 25 Ap -130.6955364860405098
miniFE.c 25 Ap -52.7119768246719218
miniFE.c 25 Ap -370.4126567432868455
miniFE.c 25 Ap -240.3039383100209534
miniFE.c 25 Ap -317.7998926967175635
miniFE.c 25 Ap -272.4461607497254363
miniFE.c 25 Ap -294.0434728086324299
miniFE.c 25 Ap 1969.9608112888417963
miniFE.c 57 sum 19415.3407161064387765
miniFE.c 57 sum 22632.7401604580700223
miniFE.c 57 sum 56032.5152315630984958
miniFE.c 57 sum 99259.5393037926987745
miniFE.c 57 sum 135451.0353203270351514
miniFE.c 57 sum 142288.9912467243266292
miniFE.c 57 sum 149301.5518860005249735
miniFE.c 57 sum 218052.1274988760706037
miniFE.c 90 p_ap_dot 218052.1274988760706037
miniFE.c 91 alpha 0.0173842374606652
miniFE.c 40 y 1.1414960338193307
miniFE.c 40 y 1.9313664198022467
miniFE.c 40 y 1.1455593598416576
miniFE.c 40 y 2.0101427827889302
miniFE.c 40 y 0.8335448106887534
miniFE.c 40 y 1.9345406011862982
miniFE.c 40 y 0.9372372518223397
miniFE.c 40 y 2.0058092046220901
miniFE.c 40 y -6.2853818362421805
miniFE.c 40 y 3.3963126984607594
miniFE.c 40 y -5.7456023706562718
miniFE.c 40 y -2.2035735166801160
miniFE.c 40 y 8.5114552256456157
miniFE.c 40 y 1.4792892180776782
miniFE.c 40 y 5.2650725407790961
miniFE.c 40 y -1.6274760254213234
miniFE.c 82 oldrtrans 3790.6699632437162109
miniFE.c 48 sum 39.5060248273631274
miniFE.c 48 sum 51.0409647730889304
miniFE.c 48 sum 84.0529113747799101
miniFE.c 48 sum 88.9086476181938821
miniFE.c 48 sum 161.3535176763639356
miniFE.c 48 sum 163.5418142670848169
miniFE.c 48 sum 191.2628031267508675
miniFE.c 48 sum 193.9114813400720436
miniFE.c 83 rtrans 193.9114813400720436
miniFE.c 84 beta 0.0511549365205458
miniFE.c 40 y -7.3287114465256753
miniFE.c 40 y 3.9699825667050210
miniFE.c 40 y -7.0614257391121340
miniFE.c 40 y -0.7937739492504616
miniFE.c 40 y 7.4680364439392815
miniFE.c 40 y 2.1564567198597833
miniFE.c 40 y 4.8519913735473619
miniFE.c 40 y 0.1578038192709630
miniFE.c 87 normr 13.9252102799229593
miniFE.c 25 Ap -491.7177691783207365
miniFE.c 25 Ap -431.8204587040303863
miniFE.c 25 Ap -497.6273892504988225
miniFE.c 25 Ap -508.5151816876532962
miniFE.c 25 Ap -403.4891232815931517
miniFE.c 25 Ap -368.8641916048365488
miniFE.c 25 Ap -344.6199940050810255
miniFE.c 25 Ap -343.6087771895520859
miniFE.c 25 Ap -110.5723003850284556
miniFE.c 25 Ap 153.1798037063006461
miniFE.c 25 Ap 51.5519763117709857
miniFE.c 25 Ap 46.8180545328478956
miniFE.c 25 Ap 128.4706524766668565
miniFE.c 25 Ap 149.2853463542409713
miniFE.c 25 Ap 204.5854813550234041
miniFE.c 25 Ap 205.6828336494593827
miniFE.c 25 Ap -68.2978229857108801
miniFE.c 25 Ap -11.1619529851692150
miniFE.c 25 Ap -489.0375139821603057
miniFE.c 25 Ap -496.6674080927968475
miniFE.c 25 Ap -371.2179876609449138
miniFE.c 25 Ap -336.3358122620762174
miniFE.c 25 Ap -278.3451024849205737
miniFE.c 25 Ap -276.3960406864556489
miniFE.c 25 Ap -100.5241972691549677
miniFE.c 25 Ap -76.8479517181184946
miniFE.c 25 Ap -144.7236116719686834
miniFE.c 25 Ap -196.6377853064020940
miniFE.c 25 Ap -169.2441912099510830
miniFE.c 25 Ap -145.3379492238247224
miniFE.c 25 Ap -139.0292299242231024
miniFE.c 25 Ap -138.2842336749379513
miniFE.c 25 Ap -103.0666738441836401
miniFE.c 25 Ap -59.6604327530319551
miniFE.c 25 Ap -178.2795333752706028
miniFE.c 25 Ap -181.1911851238036206
miniFE.c 25 Ap 315.8907303107143321
miniFE.c 25 Ap 325.5715109127058895
miniFE.c 25 Ap 393.7548960080999905
miniFE.c 25 Ap 394.3544460552012652
miniFE.c 25 Ap -117.6727224699948522
miniFE.c 25 Ap -79.3533947207952508
miniFE.c 25 Ap -193.5768284346939936
miniFE.c 25 Ap -202.3765191209502063
miniFE.c 25 Ap -168.8509576405628820
miniFE.c 25 Ap -25.5257924252077544
miniFE.c 25 Ap 11.4087255361730442
miniFE.c 25 Ap 11.9493827245109649
miniFE.c 25 Ap -36.6197535778500622
miniFE.c 25 Ap 8.6277654277394120
miniFE.c 25 Ap -75.7699713205844603
miniFE.c 25 Ap -76.8020624039402406
miniFE.c 25 Ap 28.1437146103475442
miniFE.c 25 Ap 44.5591785550762580
miniFE.c 25 Ap 363.1321985577235978
miniFE.c 25 Ap 363.5542538671815009
miniFE.c 25 Ap -46.9628446581576640
miniFE.c 25 Ap -19.3559749475824852
miniFE.c 25 Ap -106.5728446937320939
miniFE.c 25 Ap -110.3202737338141048
miniFE.c 25 Ap -81.9466790869707182
miniFE.c 25 Ap -74.5583672430739171
miniFE.c 25 Ap -61.5814397510132068
miniFE.c 25 Ap -51.3443619825798265
miniFE.c 57 sum 2518.2095785157607679
miniFE.c 57 sum 3334.7668423746035842
miniFE.c 57 sum 5286.5169582666258066
miniFE.c 57 sum 5396.2833805498548827
miniFE.c 57 sum 8341.3367555195854948
miniFE.c 57 sum 8367.1050821940334572
miniFE.c 57 sum 10131.0671857740453561
miniFE.c 57 sum 10122.9648493551630963
miniFE.c 90 p_ap_dot 10122.9648493551630963
miniFE.c 91 alpha 0.0191556015678968
miniFE.c 40 y 1.0011101573436003
miniFE.c 40 y 2.0074138240815445
miniFE.c 40 y 1.0102935018819343
miniFE.c 40 y 1.9949375652821124
miniFE.c 40 y 0.9765995413033872
miniFE.c 40 y 1.9758488269103458
miniFE.c 40 y 1.0301800653848854
miniFE.c 40 y 2.0088320317099373
miniFE.c 40 y 0.2966509948331080
miniFE.c 40 y -0.5436657122842830
miniFE.c 40 y -0.4510699403223324
miniFE.c 40 y 0.4453441667189337
miniFE.c 40 y 0.9573585804835254
miniFE.c 40 y 1.2503916036246370
miniFE.c 40 y -1.6990278946146393
miniFE.c 40 y -0.6439438845251561
miniFE.c 82 oldrtrans 193.9114813400720436
miniFE.c 48 sum 0.0880018127354727
miniFE.c 48 sum 0.3835742194490493
miniFE.c 48 sum 0.5870383105114418
miniFE.c 48 sum 0.7853697373420233
miniFE.c 48 sum 1.7019051889674541
miniFE.c 48 sum 3.2653843513824454
miniFE.c 48 sum 6.1520801380610992
miniFE.c 48 sum 6.5667438644784468
miniFE.c 83 rtrans 6.5667438644784468
miniFE.c 84 beta 0.0338646469981941
miniFE.c 40 y 0.0484667687448914
miniFE.c 40 y -0.4092236540738328
miniFE.c 40 y -0.6902026302813269
miniFE.c 40 y 0.4184632921312044
miniFE.c 40 y 1.2102609984271782
miniFE.c 40 y 1.3234192492095722
miniFE.c 40 y -1.5347169195111749
miniFE.c 40 y -0.6385999138905780
miniFE.c 87 normr 2.5625658751490561
miniFE.c 25 Ap 3.2518637935755503
miniFE.c 25 Ap -2.9223185484461052
miniFE.c 25 Ap -9.3544638731980392
miniFE.c 25 Ap -3.6146163113132959
miniFE.c 25 Ap 13.4057803165774665
miniFE.c 25 Ap 34.6551291495860454
miniFE.c 25 Ap 26.9865293125847430
miniFE.c 25 Ap 22.8943408325793456
miniFE.c 25 Ap 0.7312447967769857
miniFE.c 25 Ap -26.4561793272280710
miniFE.c 25 Ap -36.3895548761580159
miniFE.c 25 Ap -33.8939167991332653
miniFE.c 25 Ap -20.6613950441198853
miniFE.c 25 Ap -7.8874004212288060
miniFE.c 25 Ap -25.3791983868346662
miniFE.c 25 Ap -29.8199596052381857
miniFE.c 25 Ap 0.4516721413553852
miniFE.c 25 Ap -5.4378624113655940
miniFE.c 25 Ap -52.1466973312608388
miniFE.c 25 Ap -48.1243549362195822
miniFE.c 25 Ap -27.7941728376601276
miniFE.c 25 Ap -6.3869533224133441
miniFE.c 25 Ap -24.7297978613957383
miniFE.c 25 Ap -32.6172539598436302
miniFE.c 25 Ap 0.6647939488216149
miniFE.c 25 Ap -1.7757406269223739
miniFE.c 25 Ap -8.4100890946467874
miniFE.c 25 Ap 18.9581257829635206
miniFE.c 25 Ap 23.3974986744262345
miniFE.c 25 Ap 38.0687788950461368
miniFE.c 25 Ap 36.0732893106393604
miniFE.c 25 Ap 33.0584412363643523
miniFE.c 25 Ap 0.6816080402345926
miniFE.c 25 Ap -3.7926837961836060
miniFE.c 25 Ap -15.3868318161227844
miniFE.c 25 Ap -13.8518615926968085
miniFE.c 25 Ap 66.7046353914741985
miniFE.c 25 Ap 72.6457383489605490
miniFE.c 25 Ap 51.0788832828226447
miniFE.c 25 Ap 48.6526263631814402
miniFE.c 25 Ap 0.7782018256754737
miniFE.c 25 Ap -3.1717337369371430
miniFE.c 25 Ap -14.3362375215524978
miniFE.c 25 Ap -9.6971994959481016
miniFE.c 25 Ap -4.2640873499818239
miniFE.c 25 Ap 83.6946835334312595
miniFE.c 25 Ap 72.0120515447684397
miniFE.c 25 Ap 69.8241220287909385
miniFE.c 25 Ap 0.2421764236595734
miniFE.c 25 Ap -4.4219133435180691
miniFE.c 25 Ap -12.6711737684826709
miniFE.c 25 Ap -12.1270739867650388
miniFE.c 25 Ap 4.8803123353926292
miniFE.c 25 Ap 14.9544959575764533
miniFE.c 25 Ap -85.8122544870721669
miniFE.c 25 Ap -87.5202263569676120
miniFE.c 25 Ap 0.3105781075236948
miniFE.c 25 Ap -2.5351230789876391
miniFE.c 25 Ap -11.0599331000394550
miniFE.c 25 Ap -9.0843561809158597
miniFE.c 25 Ap -4.4861655796735418
miniFE.c 25 Ap 0.0480474297170961
miniFE.c 25 Ap -4.0566404503799536
miniFE.c 25 Ap -45.4840090122740293
miniFE.c 57 sum 1.1096147226993467
miniFE.c 57 sum 13.3126475566890043
miniFE.c 57 sum 35.8251620323270998
miniFE.c 57 sum 49.6589061848220865
miniFE.c 57 sum 108.5412823432305061
miniFE.c 57 sum 200.9478694952905471
miniFE.c 57 sum 335.2666416847766300
miniFE.c 57 sum 364.3127259234130975
miniFE.c 90 p_ap_dot 364.3127259234130975
miniFE.c 91 alpha 0.0180250191585647
miniFE.c 40 y 1.0019837717787807
miniFE.c 40 y 2.0000375598767257
miniFE.c 40 y 0.9978525862478217
miniFE.c 40 y 2.0024803741399335
miniFE.c 40 y 0.9984145189869007
miniFE.c 40 y 1.9997034842321617
miniFE.c 40 y 1.0025167635077230
miniFE.c 40 y 1.9973212560274018
miniFE.c 40 y -0.1160199372968445
miniFE.c 40 y -0.0061603690922396
miniFE.c 40 y 0.1368566872036189
miniFE.c 40 y -0.1505348699188186
miniFE.c 40 y 0.0803940581726906
miniFE.c 40 y -0.0081895336742781
miniFE.c 40 y -0.1214741377683801
miniFE.c 40 y 0.1759062493294121
miniFE.c 82 oldrtrans 6.5667438644784468
miniFE.c 48 sum 0.0134606258503637
miniFE.c 48 sum 0.0134985759977164
miniFE.c 48 sum 0.0322283288300655
miniFE.c 48 sum 0.0548890758915412
miniFE.c 48 sum 0.0613522804810151
miniFE.c 48 sum 0.0614193489428173
miniFE.c 48 sum 0.0761753150893887
miniFE.c 48 sum 0.1071183236425300
miniFE.c 83 rtrans 0.1071183236425300
miniFE.c 84 beta 0.0163122433055393
miniFE.c 40 y -0.1152293355728445
miniFE.c 40 y -0.0128357249038738
miniFE.c 40 y 0.1255979339683467
miniFE.c 40 y -0.1437087948831374
miniFE.c 40 y 0.1001361300422397
miniFE.c 40 y 0.0133984031140626
miniFE.c 40 y -0.1465088135645742
miniFE.c 40 y 0.1654892521591325
miniFE.c 87 normr 0.3272893576676913
miniFE.c 25 Ap -7.7312788537526886
miniFE.c 25 Ap -7.9249384950261303
miniFE.c 25 Ap -6.7544645960151728
miniFE.c 25 Ap -8.7256448439417778
miniFE.c 25 Ap -7.3173893913444434
miniFE.c 25 Ap -7.1022592715838080
miniFE.c 25 Ap -7.8343274787802208
miniFE.c 25 Ap -6.7738619251216132
miniFE.c 25 Ap -1.7385283619220706
miniFE.c 25 Ap -2.5912901547135250
miniFE.c 25 Ap -0.7836884569790985
miniFE.c 25 Ap -1.6407412672438713
miniFE.c 25 Ap -0.5458918744527388
miniFE.c 25 Ap -0.4165669236205781
miniFE.c 25 Ap -2.0863879404295917
miniFE.c 25 Ap -0.9355918988616956
miniFE.c 25 Ap -1.0738467220518153
miniFE.c 25 Ap -1.2585780897966203
miniFE.c 25 Ap 7.2411477973913314
miniFE.c 25 Ap 5.8597937119355104
miniFE.c 25 Ap 7.5418984488884604
miniFE.c 25 Ap 7.7586268641565717
miniFE.c 25 Ap 6.0075623149615947
miniFE.c 25 Ap 8.0515482015519080
miniFE.c 25 Ap -1.5805420290915664
miniFE.c 25 Ap -1.6570919306448875
miniFE.c 25 Ap -0.4498226097026947
miniFE.c 25 Ap -9.8486235370991295
miniFE.c 25 Ap -9.4813129968576302
miniFE.c 25 Ap -9.3327797737594747
miniFE.c 25 Ap -9.5232753679469813
miniFE.c 25 Ap -8.7419959748046558
miniFE.c 25 Ap -1.6205173901884975
miniFE.c 25 Ap -1.7608582003547413
miniFE.c 25 Ap 0.3489585020736603
miniFE.c 25 Ap -0.1781814529427146
miniFE.c 25 Ap 6.4870055341926136
miniFE.c 25 Ap 6.5471537392410850
miniFE.c 25 Ap 4.4883151952147351
miniFE.c 25 Ap 5.1170647995345098
miniFE.c 25 Ap -1.8501683036918211
miniFE.c 25 Ap -1.9740621347668357
miniFE.c 25 Ap 0.0575711097456100
miniFE.c 25 Ap -1.5355687823614139
miniFE.c 25 Ap -1.0860369664228811
miniFE.c 25 Ap -0.1955352826840966
miniFE.c 25 Ap -1.3107953871440774
miniFE.c 25 Ap -0.7438068681978478
miniFE.c 25 Ap -0.5757724129822821
miniFE.c 25 Ap -0.7220664323589426
miniFE.c 25 Ap 0.7790725385546987
miniFE.c 25 Ap 0.5922176210574124
miniFE.c 25 Ap 1.9993966102567924
miniFE.c 25 Ap 2.1013884569793815
miniFE.c 25 Ap -7.5181165258061435
miniFE.c 25 Ap -7.0755060880191705
miniFE.c 25 Ap -0.7383968417989289
miniFE.c 25 Ap -0.8276552148794269
miniFE.c 25 Ap 0.7236262192123974
miniFE.c 25 Ap 0.0451729747228491
miniFE.c 25 Ap 0.4256239787652720
miniFE.c 25 Ap 0.4715287166184710
miniFE.c 25 Ap 0.0796825437376441
miniFE.c 25 Ap 10.8153310978702777
miniFE.c 57 sum 0.7805476088939531
miniFE.c 57 sum 0.7925566091300348
miniFE.c 57 sum 1.8038144284915116
miniFE.c 57 sum 3.0601161349039270
miniFE.c 57 sum 3.5725192011046820
miniFE.c 57 sum 3.5625533768455586
miniFE.c 57 sum 4.5991773791701691
miniFE.c 57 sum 6.3889984344101318
miniFE.c 90 p_ap_dot 6.3889984344101318
miniFE.c 91 alpha 0.0167660588341371
miniFE.c 40 y 1.0000518299591479
miniFE.c 40 y 1.9998223553578085
miniFE.c 40 y 0.9999583685981811
miniFE.c 40 y 2.0000709440299400
miniFE.c 40 y 1.0000934072346117
miniFE.c 40 y 1.9999281226470556
miniFE.c 40 y 1.0000603881197798
miniFE.c 40 y 2.0000958585655191
miniFE.c 40 y -0.0024489697259345
miniFE.c 40 y 0.0095258197288176
miniFE.c 40 y 0.0018639563505090
miniFE.c 40 y -0.0039660510774542
miniFE.c 40 y -0.0053989513143968
miniFE.c 40 y 0.0042811760391623
miniFE.c 40 y -0.0028457864153556
miniFE.c 40 y -0.0054242281681533
miniFE.c 82 oldrtrans 0.1071183236425300
miniFE.c 48 sum 0.0000059974527185
miniFE.c 48 sum 0.0000967386942245
miniFE.c 48 sum 0.0001002130275011
miniFE.c 48 sum 0.0001159425886501
miniFE.c 48 sum 0.0001450912639453
miniFE.c 48 sum 0.0001634197322236
miniFE.c 48 sum 0.0001715182325454
miniFE.c 48 sum 0.0002009404837656
miniFE.c 83 rtrans 0.0002009404837656
miniFE.c 84 beta 0.0018758740515410
miniFE.c 40 y -0.0026651254465119
miniFE.c 40 y 0.0095017415255377
miniFE.c 40 y 0.0020995622557674
miniFE.c 40 y -0.0042356306767537
miniFE.c 40 y -0.0052111085464288
miniFE.c 40 y 0.0043063097558960
miniFE.c 40 y -0.0031206184970434
miniFE.c 40 y -0.0051137911742191
miniFE.c 87 normr 0.0141753477476070
miniFE.c 25 Ap -0.1788158189473359
miniFE.c 25 Ap -0.0354578185937093
miniFE.c 25 Ap -0.0158915507254526
miniFE.c 25 Ap -0.0739895365468380
miniFE.c 25 Ap -0.1472754925897709
miniFE.c 25 Ap -0.0781316606252022
miniFE.c 25 Ap -0.0937246173415411
miniFE.c 25 Ap -0.1264941133547810
miniFE.c 25 Ap -0.0402102134305205
miniFE.c 25 Ap 0.5910530925876033
miniFE.c 25 Ap 0.6212699295857399
miniFE.c 25 Ap 0.5960094075856253
miniFE.c 25 Ap 0.5390331790713053
miniFE.c 25 Ap 0.5805988263136087
miniFE.c 25 Ap 0.5450318578492207
miniFE.c 25 Ap 0.5094710551752362
miniFE.c 25 Ap -0.0248368717077644
miniFE.c 25 Ap 0.1119119072755286
miniFE.c 25 Ap 0.2539978723329337
miniFE.c 25 Ap 0.2132842490326087
miniFE.c 25 Ap 0.1257471096701586
miniFE.c 25 Ap 0.1954046413255081
miniFE.c 25 Ap 0.1581071962859546
miniFE.c 25 Ap 0.0949458921486750
miniFE.c 25 Ap -0.0365561665358259
miniFE.c 25 Ap 0.0201104716020403
miniFE.c 25 Ap 0.0402918314278712
miniFE.c 25 Ap -0.2367256577602785
miniFE.c 25 Ap -0.2558405875527366
miniFE.c 25 Ap -0.2081013112929466
miniFE.c 25 Ap -0.2121588424432129
miniFE.c 25 Ap -0.2363011937628541
miniFE.c 25 Ap -0.0374807518557298
miniFE.c 25 Ap 0.0664075843053046
miniFE.c 25 Ap 0.1016764089988912
miniFE.c 25 Ap 0.0861396412859228
miniFE.c 25 Ap -0.2607183095611497
miniFE.c 25 Ap -0.2413863936608130
miniFE.c 25 Ap -0.2852393843894756
miniFE.c 25 Ap -0.3046684055217508
miniFE.c 25 Ap -0.0427923202193735
miniFE.c 25 Ap 0.0489210164483623
miniFE.c 25 Ap 0.0828828846333562
miniFE.c 25 Ap 0.0359271488702391
miniFE.c 25 Ap 0.0125334039058509
miniFE.c 25 Ap 0.2987448319156016
miniFE.c 25 Ap 0.2749899380882860
miniFE.c 25 Ap 0.2574693991636029
miniFE.c 25 Ap -0.0133169709051092
miniFE.c 25 Ap 0.0949782729754696
miniFE.c 25 Ap 0.1200721150826661
miniFE.c 25 Ap 0.1145648083009386
miniFE.c 25 Ap 0.0413348716748798
miniFE.c 25 Ap 0.0741155307447919
miniFE.c 25 Ap -0.1307786626577863
miniFE.c 25 Ap -0.1444557886393322
miniFE.c 25 Ap -0.0170782917641513
miniFE.c 25 Ap 0.0489958876337684
miniFE.c 25 Ap 0.0749279379803349
miniFE.c 25 Ap 0.0549314069577217
miniFE.c 25 Ap 0.0351326442351498
miniFE.c 25 Ap 0.0498866428106666
miniFE.c 25 Ap 0.0415403707650696
miniFE.c 25 Ap -0.2902024107712828
miniFE.c 57 sum 0.0003371226803358
miniFE.c 57 sum 0.0051779849613538
miniFE.c 57 sum 0.0053773297728494
miniFE.c 57 sum 0.0063782143581048
miniFE.c 57 sum 0.0079658744899461
miniFE.c 57 sum 0.0090746174754090
miniFE.c 57 sum 0.0095254088814419
miniFE.c 57 sum 0.0110094434083812
miniFE.c 90 p_ap_dot 0.0110094434083812
miniFE.c 91 alpha 0.0182516478183282
miniFE.c 40 y 1.0000031870281065
miniFE.c 40 y 1.9999957777977935
miniFE.c 40 y 0.9999966890690460
miniFE.c 40 y 1.9999936367905393
miniFE.c 40 y 0.9999982959166792
miniFE.c 40 y 2.0000067198961169
miniFE.c 40 y 1.0000034316899964
miniFE.c 40 y 2.0000025234499907
miniFE.c 40 y -0.0001402437178913
miniFE.c 40 y 0.0002271334561272
miniFE.c 40 y 0.0001310373652144
miniFE.c 40 y 0.0003468350901559
miniFE.c 40 y 0.0001617491245578
miniFE.c 40 y -0.0004180647583684
miniFE.c 40 y -0.0002092302357917
miniFE.c 40 y -0.0001275559707261
