filename line variable value
miniFE.c 167 A 67.0947100000000063
miniFE.c 167 A 15.0875500000000002
miniFE.c 167 A 9.3192129999999995
miniFE.c 167 A 13.7164900000000003
miniFE.c 167 A 14.0634099999999993
miniFE.c 167 A 16.0564000000000000
miniFE.c 167 A 4.9967519999999999
miniFE.c 167 A 6.4080630000000003
miniFE.c 167 A 15.0875500000000002
miniFE.c 167 A 66.4365899999999954
miniFE.c 167 A 14.3919700000000006
miniFE.c 167 A 5.9638159999999996
miniFE.c 167 A 10.9336099999999998
miniFE.c 167 A 9.6522659999999991
miniFE.c 167 A 11.3974100000000007
miniFE.c 167 A 6.9539020000000002
miniFE.c 167 A 9.3192129999999995
miniFE.c 167 A 14.3919700000000006
miniFE.c 167 A 67.6740900000000067
miniFE.c 167 A 9.6121750000000006
miniFE.c 167 A 16.7981799999999986
miniFE.c 167 A 16.1756899999999995
miniFE.c 167 A 11.9519400000000005
miniFE.c 167 A 12.3511699999999998
miniFE.c 167 A 13.7164900000000003
miniFE.c 167 A 5.9638159999999996
miniFE.c 167 A 9.6121750000000006
miniFE.c 167 A 65.4017099999999942
miniFE.c 167 A 3.6681119999999998
miniFE.c 167 A 11.0858899999999991
miniFE.c 167 A 1.3002330000000000
miniFE.c 167 A 4.7210279999999996
miniFE.c 167 A 14.0634099999999993
miniFE.c 167 A 10.9336099999999998
miniFE.c 167 A 16.7981799999999986
miniFE.c 167 A 3.6681119999999998
miniFE.c 167 A 66.5612600000000043
miniFE.c 167 A 4.4892070000000004
miniFE.c 167 A 14.0526599999999995
miniFE.c 167 A 3.7993380000000001
miniFE.c 167 A 16.0564000000000000
miniFE.c 167 A 9.6522659999999991
miniFE.c 167 A 16.1756899999999995
miniFE.c 167 A 11.0858899999999991
miniFE.c 167 A 4.4892070000000004
miniFE.c 167 A 66.4632699999999943
miniFE.c 167 A 7.6122389999999998
miniFE.c 167 A 3.4261349999999999
miniFE.c 167 A 4.9967519999999999
miniFE.c 167 A 11.3974100000000007
miniFE.c 167 A 11.9519400000000005
miniFE.c 167 A 1.3002330000000000
miniFE.c 167 A 14.0526599999999995
miniFE.c 167 A 7.6122389999999998
miniFE.c 167 A 65.6581999999999937
miniFE.c 167 A 2.6745570000000001
miniFE.c 167 A 6.4080630000000003
miniFE.c 167 A 6.9539020000000002
miniFE.c 167 A 12.3511699999999998
miniFE.c 167 A 4.7210279999999996
miniFE.c 167 A 3.7993380000000001
miniFE.c 167 A 3.4261349999999999
miniFE.c 167 A 2.6745570000000001
miniFE.c 167 A 64.8721800000000002
miniFE.c 175 b 198.0110999999999990
miniFE.c 175 b 229.8237000000000023
miniFE.c 175 b 210.8053999999999917
miniFE.c 175 b 202.6418999999999926
miniFE.c 175 b 157.2561000000000035
miniFE.c 175 b 225.5886000000000138
miniFE.c 175 b 142.6283999999999992
miniFE.c 175 b 185.1795999999999935
miniFE.c 33 r 0.0000000000000000
miniFE.c 33 r 0.0000000000000000
miniFE.c 33 r 0.0000000000000000
miniFE.c 33 r 0.0000000000000000
miniFE.c 33 r 0.0000000000000000
miniFE.c 33 r 0.0000000000000000
miniFE.c 33 r 0.0000000000000000
miniFE.c 33 r 0.0000000000000000
miniFE.c 25 Ap 0.0000000000000000
miniFE.c 25 Ap 0.0000000000000000
miniFE.c 25 Ap 0.0000000000000000
miniFE.c 25 Ap 0.0000000000000000
miniFE.c 25 Ap 0.0000000000000000
miniFE.c 25 Ap 0.0000000000000000
miniFE.c 25 Ap 0.0000000000000000
miniFE.c 25 Ap 0.0000000000000000
miniFE.c 25 Ap 0.0000000000000000
miniFE.c 25 Ap 0.0000000000000000
miniFE.c 25 Ap 0.0000000000000000
miniFE.c 25 Ap 0.0000000000000000
miniFE.c 25 Ap 0.0000000000000000
miniFE.c 25 Ap 0.0000000000000000
miniFE.c 25 Ap 0.0000000000000000
miniFE.c 25 Ap 0.0000000000000000
miniFE.c 25 Ap 0.0000000000000000
miniFE.c 25 Ap 0.0000000000000000
miniFE.c 25 Ap 0.0000000000000000
miniFE.c 25 Ap 0.0000000000000000
miniFE.c 25 Ap 0.0000000000000000
miniFE.c 25 Ap 0.0000000000000000
miniFE.c 25 Ap 0.0000000000000000
miniFE.c 25 Ap 0.0000000000000000
miniFE.c 25 Ap 0.0000000000000000
miniFE.c 25 Ap 0.0000000000000000
miniFE.c 25 Ap 0.0000000000000000
miniFE.c 25 Ap 0.0000000000000000
miniFE.c 25 Ap 0.0000000000000000
miniFE.c 25 Ap 0.0000000000000000
miniFE.c 25 Ap 0.0000000000000000
miniFE.c 25 Ap 0.0000000000000000
miniFE.c 25 Ap 0.0000000000000000
miniFE.c 25 Ap 0.0000000000000000
miniFE.c 25 Ap 0.0000000000000000
miniFE.c 25 Ap 0.0000000000000000
miniFE.c 25 Ap 0.0000000000000000
miniFE.c 25 Ap 0.0000000000000000
miniFE.c 25 Ap 0.0000000000000000
miniFE.c 25 Ap 0.0000000000000000
miniFE.c 25 Ap 0.0000000000000000
miniFE.c 25 Ap 0.0000000000000000
miniFE.c 25 Ap 0.0000000000000000
miniFE.c 25 Ap 0.0000000000000000
miniFE.c 25 Ap 0.0000000000000000
miniFE.c 25 Ap 0.0000000000000000
miniFE.c 25 Ap 0.0000000000000000
miniFE.c 25 Ap 0.0000000000000000
miniFE.c 25 Ap 0.0000000000000000
miniFE.c 25 Ap 0.0000000000000000
miniFE.c 25 Ap 0.0000000000000000
miniFE.c 25 Ap 0.0000000000000000
miniFE.c 25 Ap 0.0000000000000000
miniFE.c 25 Ap 0.0000000000000000
miniFE.c 25 Ap 0.0000000000000000
miniFE.c 25 Ap 0.0000000000000000
miniFE.c 25 Ap 0.0000000000000000
miniFE.c 25 Ap 0.0000000000000000
miniFE.c 25 Ap 0.0000000000000000
miniFE.c 25 Ap 0.0000000000000000
miniFE.c 25 Ap 0.0000000000000000
miniFE.c 25 Ap 0.0000000000000000
miniFE.c 25 Ap 0.0000000000000000
miniFE.c 25 Ap 0.0000000000000000
miniFE.c 33 r 198.0110999999999990
miniFE.c 33 r 229.8237000000000023
miniFE.c 33 r 210.8053999999999917
miniFE.c 33 r 202.6418999999999926
miniFE.c 33 r 157.2561000000000035
miniFE.c 33 r 225.5886000000000138
miniFE.c 33 r 142.6283999999999992
miniFE.c 33 r 185.1795999999999935
miniFE.c 48 sum 39208.3957232100001420
miniFE.c 48 sum 92027.3288048999966122
miniFE.c 48 sum 136466.2454740600078367
miniFE.c 48 sum 177529.9851096700003836
miniFE.c 48 sum 202259.4660968800017145
miniFE.c 48 sum 253149.6825468399911188
miniFE.c 48 sum 273492.5430333999684080
miniFE.c 48 sum 307784.0272895599482581
miniFE.c 75 rtrans 307784.0272895599482581
miniFE.c 76 normr 554.7828649927464539
miniFE.c 33 r 198.0110999999999990
miniFE.c 33 r 229.8237000000000023
miniFE.c 33 r 210.8053999999999917
miniFE.c 33 r 202.6418999999999926
miniFE.c 33 r 157.2561000000000035
miniFE.c 33 r 225.5886000000000138
miniFE.c 33 r 142.6283999999999992
miniFE.c 33 r 185.1795999999999935
miniFE.c 87 normr 554.7828649927464539
miniFE.c 25 Ap 13285.4973312810016068
miniFE.c 25 Ap 16752.9738962160008668
miniFE.c 25 Ap 18717.5143203662009910
miniFE.c 25 Ap 21497.0499152972006414
miniFE.c 25 Ap 23708.6069245981998392
miniFE.c 25 Ap 27330.7477216381994367
miniFE.c 25 Ap 28043.4264645949988335
miniFE.c 25 Ap 29230.0690077097970061
miniFE.c 25 Ap 2987.5023718050001662
miniFE.c 25 Ap 18256.2053009880000900
miniFE.c 25 Ap 21290.1102936259994749
miniFE.c 25 Ap 22498.6292991164009436
miniFE.c 25 Ap 24218.0061666374022025
miniFE.c 25 Ap 26395.4473404050004319
miniFE.c 25 Ap 28021.0416928490012651
miniFE.c 25 Ap 29308.7624836482027604
miniFE.c 25 Ap 1845.3076172643000064
miniFE.c 25 Ap 5152.9234129532997031
miniFE.c 25 Ap 19418.9870250392996240
miniFE.c 25 Ap 21366.8164301717988565
miniFE.c 25 Ap 24008.4327040697971825
miniFE.c 25 Ap 27657.4839652037990163
miniFE.c 25 Ap 29362.1700442997971550
miniFE.c 25 Ap 31649.3547644317950471
miniFE.c 25 Ap 2716.0172730389999742
miniFE.c 25 Ap 4086.6435322781999275
miniFE.c 25 Ap 6112.9419280231995799
miniFE.c 25 Ap 19366.0687056721981207
miniFE.c 25 Ap 19942.9016931553996983
miniFE.c 25 Ap 22443.7520980093977414
miniFE.c 25 Ap 22629.2022504265987664
miniFE.c 25 Ap 23503.4403270553993934
miniFE.c 25 Ap 2784.7112838509997346
miniFE.c 25 Ap 5297.5139884079999320
miniFE.c 25 Ap 8838.6610425799990480
miniFE.c 25 Ap 9581.9742276727993158
miniFE.c 25 Ap 20049.1383863587980159
miniFE.c 25 Ap 21061.8523085989982064
miniFE.c 25 Ap 23066.1607201429978886
miniFE.c 25 Ap 23769.7206112477979332
miniFE.c 25 Ap 3179.3454260399998930
miniFE.c 25 Ap 5397.6649115441996400
miniFE.c 25 Ap 8807.5877122702004272
miniFE.c 25 Ap 11054.0535250612010714
miniFE.c 25 Ap 11760.0087099739012046
miniFE.c 25 Ap 26753.3647406958989450
miniFE.c 25 Ap 27839.0862096834971453
miniFE.c 25 Ap 28473.5365185294976982
miniFE.c 25 Ap 989.4123599472000024
miniFE.c 25 Ap 3608.8072965641999872
miniFE.c 25 Ap 6128.3407890401995246
miniFE.c 25 Ap 6391.8224746028990921
miniFE.c 25 Ap 8601.6889808288997301
miniFE.c 25 Ap 10318.9233197042995016
miniFE.c 25 Ap 19683.6473325842962367
miniFE.c 25 Ap 20178.9207280214977800
miniFE.c 25 Ap 1268.8676034993000030
miniFE.c 25 Ap 2867.0390905766998912
miniFE.c 25 Ap 5470.7324228946999938
miniFE.c 25 Ap 6427.4105067679001877
miniFE.c 25 Ap 7024.8795832297000743
miniFE.c 25 Ap 7797.7765812907000509
miniFE.c 25 Ap 8179.2443669095000587
miniFE.c 25 Ap 20192.2487104374995397
miniFE.c 57 sum 5787878.1172925252467394
miniFE.c 57 sum 12523726.3537057451903820
miniFE.c 57 sum 19195581.2445636950433254
miniFE.c 57 sum 23958363.0489748232066631
miniFE.c 57 sum 27696296.6103892698884010
miniFE.c 57 sum 34119601.8506532162427902
miniFE.c 57 sum 36997689.0278177559375763
miniFE.c 57 sum 40736881.5671170875430107
miniFE.c 90 p_ap_dot 40736881.5671170875430107
miniFE.c 91 alpha 0.0075554145395853
miniFE.c 40 y 1.4960559439392744
miniFE.c 40 y 1.7364133245212852
miniFE.c 40 y 1.5927221841830903
miniFE.c 40 y 1.5310435575891859
miniFE.c 40 y 1.1881350243784765
miniFE.c 40 y 1.7044153884046875
miniFE.c 40 y 1.0776166871177848
miniFE.c 40 y 1.3991086422745860
miniFE.c 40 y -22.8341883739316245
miniFE.c 40 y 8.3838497937928480
miniFE.c 40 y -28.3185951556805833
miniFE.c 40 y 25.0636652226906733
miniFE.c 40 y -22.3339927081014764
miniFE.c 40 y 10.4592281944898673
miniFE.c 40 y -9.8317110616323760
miniFE.c 40 y 32.6187905062384118
miniFE.c 82 oldrtrans 307784.0272895599482581
miniFE.c 48 sum 521.4001586961941257
miniFE.c 48 sum 591.6890960610744514
miniFE.c 48 sum 1393.6319276524102406
miniFE.c 48 sum 2021.8192420475243125
miniFE.c 48 sum 2520.6264723330541528
miniFE.c 48 sum 2630.0219267574657351
miniFE.c 48 sum 2726.6844691568903727
miniFE.c 48 sum 3790.6699632467598349
miniFE.c 83 rtrans 3790.6699632467598349
miniFE.c 84 beta 0.0123160061184089
miniFE.c 40 y -20.3954824548187439
miniFE.c 40 y 11.2143598891482252
miniFE.c 40 y -25.7223145594869429
miniFE.c 40 y 27.5594041029366821
miniFE.c 40 y -20.3972256183443506
miniFE.c 40 y 13.2375787723331708
miniFE.c 40 y -8.0750988145735008
miniFE.c 40 y 34.8994635928429275
miniFE.c 87 normr 61.5684169298412272
miniFE.c 25 Ap -1368.4289806161518754
miniFE.c 25 Ap -1199.2317650706336281
miniFE.c 25 Ap -1438.9434933034935966
miniFE.c 25 Ap -1060.9252025196035447
miniFE.c 25 Ap -1347.7797492528836756
miniFE.c 25 Ap -1135.2318894527934390
miniFE.c 25 Ap -1175.5811556047112845
miniFE.c 25 Ap -951.9431942355674892
miniFE.c 25 Ap -307.7178613112005223
miniFE.c 25 Ap 437.3259687565855529
miniFE.c 25 Ap 67.1311892858862507
miniFE.c 25 Ap 231.4904044254456608
miniFE.c 25 Ap 8.4750944324596844
miniFE.c 25 Ap 136.2477259389728772
miniFE.c 25 Ap 44.2125139587647027
miniFE.c 25 Ap 286.8999636359623082
miniFE.c 25 Ap -190.0698452342187466
miniFE.c 25 Ap -28.6731141403941479
miniFE.c 25 Ap -1769.4073446474239972
miniFE.c 25 Ap -1504.5015295142784453
miniFE.c 25 Ap -1847.1377969518380269
miniFE.c 25 Ap -1633.0108263799961605
miniFE.c 25 Ap -1729.5239229058497585
miniFE.c 25 Ap -1298.4747151618360022
miniFE.c 25 Ap -279.7544311366967804
miniFE.c 25 Ap -212.8740522000363740
miniFE.c 25 Ap -460.1214411508727835
miniFE.c 25 Ap 1342.3107137622018854
miniFE.c 25 Ap 1267.4914057048456471
miniFE.c 25 Ap 1414.2417478412662604
miniFE.c 25 Ap 1403.7422378842968556
miniFE.c 25 Ap 1568.5035826910889227
miniFE.c 25 Ap -286.8300319099224680
miniFE.c 25 Ap -164.2165944823325390
miniFE.c 25 Ap -596.3046644692149130
miniFE.c 25 Ap -495.2136835663836223
miniFE.c 25 Ap -1852.8787212276629361
miniFE.c 25 Ap -1793.4524899398534217
miniFE.c 25 Ap -1906.9291080474579303
miniFE.c 25 Ap -1774.3342498395531948
miniFE.c 25 Ap -327.4780244875516928
miniFE.c 25 Ap -219.2340398177625218
miniFE.c 25 Ap -635.3102262145098393
miniFE.c 25 Ap -329.7897038638051299
miniFE.c 25 Ap -421.3570718902559520
miniFE.c 25 Ap 458.4557002015919807
miniFE.c 25 Ap 396.9861180764418123
miniFE.c 25 Ap 516.5563917731067249
miniFE.c 25 Ap -101.9111677470804693
miniFE.c 25 Ap 25.9034897970964124
miniFE.c 25 Ap -281.5280704790179698
miniFE.c 25 Ap -245.6944238040443054
miniFE.c 25 Ap -532.3297003619271663
miniFE.c 25 Ap -431.5620869656004857
miniFE.c 25 Ap -961.7585399526303718
miniFE.c 25 Ap -868.4179353041471359
miniFE.c 25 Ap -130.6955364858731627
miniFE.c 25 Ap -52.7119768240055322
miniFE.c 25 Ap -370.4126567417038700
miniFE.c 25 Ap -240.3039383084249323
miniFE.c 25 Ap -317.7998926947741438
miniFE.c 25 Ap -272.4461607476264362
miniFE.c 25 Ap -294.0434728078357125
miniFE.c 25 Ap 1969.9608112905175403
miniFE.c 57 sum 19415.3407160156275495
miniFE.c 57 sum 22632.7401604128463077
miniFE.c 57 sum 56032.5152313458020217
miniFE.c 57 sum 99259.5393036334862700
miniFE.c 57 sum 135451.0353199666133150
miniFE.c 57 sum 142288.9912464153021574
miniFE.c 57 sum 149301.5518863441830035
miniFE.c 57 sum 218052.1274993049155455
miniFE.c 90 p_ap_dot 218052.1274993049155455
miniFE.c 91 alpha 0.0173842374606450
miniFE.c 40 y 1.1414960338202862
miniFE.c 40 y 1.9313664198033706
miniFE.c 40 y 1.1455593598435627
miniFE.c 40 y 2.0101427827885114
miniFE.c 40 y 0.8335448106908265
miniFE.c 40 y 1.9345406011869211
miniFE.c 40 y 0.9372372518070660
miniFE.c 40 y 2.0058092046217029
miniFE.c 40 y -6.2853818362955991
miniFE.c 40 y 3.3963126984948593
miniFE.c 40 y -5.7456023706638284
miniFE.c 40 y -2.2035735166836723
miniFE.c 40 y 8.5114552256647578
miniFE.c 40 y 1.4792892180922035
miniFE.c 40 y 5.2650725407779788
miniFE.c 40 y -1.6274760254008527
miniFE.c 82 oldrtrans 3790.6699632467598349
miniFE.c 48 sum 39.5060248280346400
miniFE.c 48 sum 51.0409647739920729
miniFE.c 48 sum 84.0529113757698809
miniFE.c 48 sum 88.9086476191995274
miniFE.c 48 sum 161.3535176776954359
miniFE.c 48 sum 163.5418142684592908
miniFE.c 48 sum 191.2628031281135748
miniFE.c 48 sum 193.9114813413681304
miniFE.c 83 rtrans 193.9114813413681304
miniFE.c 84 beta 0.0511549365208467
miniFE.c 40 y -7.3287114465838936
miniFE.c 40 y 3.9699825667461655
miniFE.c 40 y -7.0614257391236324
miniFE.c 40 y -0.7937739492455855
miniFE.c 40 y 7.4680364439569651
miniFE.c 40 y 2.1564567198806142
miniFE.c 40 y 4.8519913735189073
miniFE.c 40 y 0.1578038193026263
miniFE.c 87 normr 13.9252102799694963
miniFE.c 25 Ap -491.7177691822269026
miniFE.c 25 Ap -431.8204587073157654
miniFE.c 25 Ap -497.6273892538913515
miniFE.c 25 Ap -508.5151816909789204
miniFE.c 25 Ap -403.4891232846700859
miniFE.c 25 Ap -368.8641916075790164
miniFE.c 25 Ap -344.6199940079656585
miniFE.c 25 Ap -343.6087771922337879
miniFE.c 25 Ap -110.5723003859068285
miniFE.c 25 Ap 153.1798037081557595
miniFE.c 25 Ap 51.5519763134606137
miniFE.c 25 Ap 46.8180545345666062
miniFE.c 25 Ap 128.4706524785789270
miniFE.c 25 Ap 149.2853463563540970
miniFE.c 25 Ap 204.5854813568122381
miniFE.c 25 Ap 205.6828336514683997
miniFE.c 25 Ap -68.2978229862534221
miniFE.c 25 Ap -11.1619529851196120
miniFE.c 25 Ap -489.0375139828888678
miniFE.c 25 Ap -496.6674080934785707
miniFE.c 25 Ap -371.2179876613295733
miniFE.c 25 Ap -336.3358122621239090
miniFE.c 25 Ap -278.3451024853083595
miniFE.c 25 Ap -276.3960406864523520
miniFE.c 25 Ap -100.5241972699535182
miniFE.c 25 Ap -76.8479517186716663
miniFE.c 25 Ap -144.7236116726323871
miniFE.c 25 Ap -196.6377853067468777
miniFE.c 25 Ap -169.2441912102310084
miniFE.c 25 Ap -145.3379492238736930
miniFE.c 25 Ap -139.0292299243090781
miniFE.c 25 Ap -138.2842336748744287
miniFE.c 25 Ap -103.0666738450023843
miniFE.c 25 Ap -59.6604327534008405
miniFE.c 25 Ap -178.2795333758326422
miniFE.c 25 Ap -181.1911851243477543
miniFE.c 25 Ap 315.8907303113472835
miniFE.c 25 Ap 325.5715109134323484
miniFE.c 25 Ap 393.7548960084265559
miniFE.c 25 Ap 394.3544460556481681
miniFE.c 25 Ap -117.6727224709296280
miniFE.c 25 Ap -79.3533947213328901
miniFE.c 25 Ap -193.5768284354176387
miniFE.c 25 Ap -202.3765191216197934
miniFE.c 25 Ap -168.8509576411530588
miniFE.c 25 Ap -25.5257924244134529
miniFE.c 25 Ap 11.4087255367507368
miniFE.c 25 Ap 11.9493827251971396
miniFE.c 25 Ap -36.6197535781409655
miniFE.c 25 Ap 8.6277654279174527
miniFE.c 25 Ap -75.7699713205438599
miniFE.c 25 Ap -76.8020624038933022
miniFE.c 25 Ap 28.1437146106429736
miniFE.c 25 Ap 44.5591785555302593
miniFE.c 25 Ap 363.1321985563093335
miniFE.c 25 Ap 363.5542538658519334
miniFE.c 25 Ap -46.9628446585307273
miniFE.c 25 Ap -19.3559749476694343
miniFE.c 25 Ap -106.5728446939610734
miniFE.c 25 Ap -110.3202737340200628
miniFE.c 25 Ap -81.9466790871094872
miniFE.c 25 Ap -74.5583672431413191
miniFE.c 25 Ap -61.5814397511567080
miniFE.c 25 Ap -51.3443619806692624
miniFE.c 57 sum 2518.2095785554183749
miniFE.c 57 sum 3334.7668424306993984
miniFE.c 57 sum 5286.5169583258766579
miniFE.c 57 sum 5396.2833806083808668
miniFE.c 57 sum 8341.3367555884215108
miniFE.c 57 sum 8367.1050822645975131
miniFE.c 57 sum 10131.0671858278146829
miniFE.c 57 sum 10122.9648494076081988
miniFE.c 90 p_ap_dot 10122.9648494076081988
miniFE.c 91 alpha 0.0191556015679256
miniFE.c 40 y 1.0011101573432295
miniFE.c 40 y 2.0074138240835708
miniFE.c 40 y 1.0102935018834158
miniFE.c 40 y 1.9949375652817642
miniFE.c 40 y 0.9765995413060141
miniFE.c 40 y 1.9758488269114298
miniFE.c 40 y 1.0301800653692061
miniFE.c 40 y 2.0088320317101611
miniFE.c 40 y 0.2966509948409524
miniFE.c 40 y -0.5436657122945894
miniFE.c 40 y -0.4510699403219940
miniFE.c 40 y 0.4453441667181424
miniFE.c 40 y 0.9573585804827518
miniFE.c 40 y 1.2503916036256741
miniFE.c 40 y -1.6990278946007562
miniFE.c 40 y -0.6439438845398050
miniFE.c 82 oldrtrans 193.9114813413681304
miniFE.c 48 sum 0.0880018127401268
miniFE.c 48 sum 0.3835742194649100
miniFE.c 48 sum 0.5870383105269972
miniFE.c 48 sum 0.7853697373568738
miniFE.c 48 sum 1.7019051889808234
miniFE.c 48 sum 3.2653843513984082
miniFE.c 48 sum 6.1520801380298860
miniFE.c 48 sum 6.5667438644660994
miniFE.c 83 rtrans 6.5667438644660994
miniFE.c 84 beta 0.0338646469979041
miniFE.c 40 y 0.0484667687528897
miniFE.c 40 y -0.4092236540838973
miniFE.c 40 y -0.6902026302793298
miniFE.c 40 y 0.4184632921308084
miniFE.c 40 y 1.2102609984248374
miniFE.c 40 y 1.3234192492106893
miniFE.c 40 y -1.5347169194996626
miniFE.c 40 y -0.6385999139042006
miniFE.c 87 normr 2.5625658751466469
miniFE.c 25 Ap 3.2518637941121975
miniFE.c 25 Ap -2.9223185480613072
miniFE.c 25 Ap -9.3544638727946321
miniFE.c 25 Ap -3.6146163109153209
miniFE.c 25 Ap 13.4057803169425220
miniFE.c 25 Ap 34.6551291499690350
miniFE.c 25 Ap 26.9865293130252581
miniFE.c 25 Ap 22.8943408329325635
miniFE.c 25 Ap 0.7312447968976612
miniFE.c 25 Ap -26.4561793277760451
miniFE.c 25 Ap -36.3895548766772521
miniFE.c 25 Ap -33.8939167996548605
miniFE.c 25 Ap -20.6613950446670742
miniFE.c 25 Ap -7.8874004217652125
miniFE.c 25 Ap -25.3791983872398603
miniFE.c 25 Ap -29.8199596057381093
miniFE.c 25 Ap 0.4516721414299236
miniFE.c 25 Ap -5.4378624114359031
miniFE.c 25 Ap -52.1466973311959947
miniFE.c 25 Ap -48.1243549361585394
miniFE.c 25 Ap -27.7941728376384063
miniFE.c 25 Ap -6.3869533223735502
miniFE.c 25 Ap -24.7297978612183478
miniFE.c 25 Ap -32.6172539598344926
miniFE.c 25 Ap 0.6647939489313243
miniFE.c 25 Ap -1.7757406268726874
miniFE.c 25 Ap -8.4100890945779057
miniFE.c 25 Ap 18.9581257830065013
miniFE.c 25 Ap 23.3974986744606284
miniFE.c 25 Ap 38.0687788950929189
miniFE.c 25 Ap 36.0732893107011137
miniFE.c 25 Ap 33.0584412363617943
miniFE.c 25 Ap 0.6816080403470768
miniFE.c 25 Ap -3.7926837961811630
miniFE.c 25 Ap -15.3868318160867936
miniFE.c 25 Ap -13.8518615926622708
miniFE.c 25 Ap 66.7046353913529231
miniFE.c 25 Ap 72.6457383488442900
miniFE.c 25 Ap 51.0788832828681620
miniFE.c 25 Ap 48.6526263631752016
miniFE.c 25 Ap 0.7782018258038984
miniFE.c 25 Ap -3.1717337369058640
miniFE.c 25 Ap -14.3362375214889166
miniFE.c 25 Ap -9.6971994958889098
miniFE.c 25 Ap -4.2640873499331402
miniFE.c 25 Ap 83.6946835335541834
miniFE.c 25 Ap 72.0120515449789877
miniFE.c 25 Ap 69.8241220289548181
miniFE.c 25 Ap 0.2421764236995392
miniFE.c 25 Ap -4.4219133435928129
miniFE.c 25 Ap -12.6711737685335457
miniFE.c 25 Ap -12.1270739868164288
miniFE.c 25 Ap 4.8803123353083446
miniFE.c 25 Ap 14.9544959575006722
miniFE.c 25 Ap -85.8122544863920638
miniFE.c 25 Ap -87.5202263563239455
miniFE.c 25 Ap 0.3105781075749487
miniFE.c 25 Ap -2.5351230790063726
miniFE.c 25 Ap -11.0599331000335219
miniFE.c 25 Ap -9.0843561809117972
miniFE.c 25 Ap -4.4861655796783726
miniFE.c 25 Ap 0.0480474297160924
miniFE.c 25 Ap -4.0566404503501667
miniFE.c 25 Ap -45.4840090131279666
miniFE.c 57 sum 1.1096147228995832
miniFE.c 57 sum 13.3126475573939445
miniFE.c 57 sum 35.8251620329605984
miniFE.c 57 sum 49.6589061854414240
miniFE.c 57 sum 108.5412823437283976
miniFE.c 57 sum 200.9478694960833423
miniFE.c 57 sum 335.2666416835739938
miniFE.c 57 sum 364.3127259233754103
miniFE.c 90 p_ap_dot 364.3127259233754103
miniFE.c 91 alpha 0.0180250191585327
miniFE.c 40 y 1.0019837717785525
miniFE.c 40 y 2.0000375598785838
miniFE.c 40 y 0.9978525862493612
miniFE.c 40 y 2.0024803741395649
miniFE.c 40 y 0.9984145189894467
miniFE.c 40 y 1.9997034842332233
miniFE.c 40 y 1.0025167634923005
miniFE.c 40 y 1.9973212560274005
miniFE.c 40 y -0.1160199372946337
miniFE.c 40 y -0.0061603690944899
miniFE.c 40 y 0.1368566872027480
miniFE.c 40 y -0.1505348699185051
miniFE.c 40 y 0.0803940581735877
miniFE.c 40 y -0.0081895336739588
miniFE.c 40 y -0.1214741377689021
miniFE.c 40 y 0.1759062493286987
miniFE.c 82 oldrtrans 6.5667438644660994
miniFE.c 48 sum 0.0134606258498507
miniFE.c 48 sum 0.0134985759972311
miniFE.c 48 sum 0.0322283288293419
miniFE.c 48 sum 0.0548890758907231
miniFE.c 48 sum 0.0613522804803413
miniFE.c 48 sum 0.0614193489421382
miniFE.c 48 sum 0.0761753150888365
miniFE.c 48 sum 0.1071183236417268
miniFE.c 83 rtrans 0.1071183236417268
miniFE.c 84 beta 0.0163122433054477
miniFE.c 40 y -0.1152293355705077
miniFE.c 40 y -0.0128357249062508
miniFE.c 40 y 0.1255979339675716
miniFE.c 40 y -0.1437087948828687
miniFE.c 40 y 0.1001361300429877
miniFE.c 40 y 0.0133984031142789
miniFE.c 40 y -0.1465088135647678
miniFE.c 40 y 0.1654892521582554
miniFE.c 87 normr 0.3272893576664643
miniFE.c 25 Ap -7.7312788535958967
miniFE.c 25 Ap -7.9249384949052013
miniFE.c 25 Ap -6.7544645959014664
miniFE.c 25 Ap -8.7256448438243854
miniFE.c 25 Ap -7.3173893912165324
miniFE.c 25 Ap -7.1022592714524251
miniFE.c 25 Ap -7.8343274786498061
miniFE.c 25 Ap -6.7738619249968188
miniFE.c 25 Ap -1.7385283618868128
miniFE.c 25 Ap -2.5912901548361860
miniFE.c 25 Ap -0.7836884571129141
miniFE.c 25 Ap -1.6407412673760846
miniFE.c 25 Ap -0.5458918745767742
miniFE.c 25 Ap -0.4165669237425263
miniFE.c 25 Ap -2.0863879405537467
miniFE.c 25 Ap -0.9355918989919498
miniFE.c 25 Ap -1.0738467220300374
miniFE.c 25 Ap -1.2585780898090517
miniFE.c 25 Ap 7.2411477973264491
miniFE.c 25 Ap 5.8597937118732109
miniFE.c 25 Ap 7.5418984488387251
miniFE.c 25 Ap 7.7586268641103349
miniFE.c 25 Ap 6.0075623149130442
miniFE.c 25 Ap 8.0515482014925244
miniFE.c 25 Ap -1.5805420290595127
miniFE.c 25 Ap -1.6570919306270098
miniFE.c 25 Ap -0.4498226096922668
miniFE.c 25 Ap -9.8486235370711288
miniFE.c 25 Ap -9.4813129968268850
miniFE.c 25 Ap -9.3327797737263314
miniFE.c 25 Ap -9.5232753679140902
miniFE.c 25 Ap -572915.4482029137434438
miniFE.c 25 Ap -1.6205173901556331
miniFE.c 25 Ap -1.7608582003478661
miniFE.c 25 Ap 0.3489585020675161
miniFE.c 25 Ap -0.1781814529478731
miniFE.c 25 Ap 6.4870055342372410
miniFE.c 25 Ap 6.5471537392866832
miniFE.c 25 Ap 4.4883151952576128
miniFE.c 25 Ap 5.1170647995740550
miniFE.c 25 Ap -1.8501683036542991
miniFE.c 25 Ap -1.9740621347522569
miniFE.c 25 Ap 0.0575711097476517
miniFE.c 25 Ap -1.5355687823563935
miniFE.c 25 Ap -1.0860369664145029
miniFE.c 25 Ap -0.1955352826613462
miniFE.c 25 Ap -1.3107953871228006
miniFE.c 25 Ap -0.7438068681795762
miniFE.c 25 Ap -0.5757724129706052
miniFE.c 25 Ap -0.7220664323743573
miniFE.c 25 Ap 0.7790725385300208
miniFE.c 25 Ap 0.5922176210330838
miniFE.c 25 Ap 1.9993966102429750
miniFE.c 25 Ap 2.1013884569672099
miniFE.c 25 Ap -7.5181165258310267
miniFE.c 25 Ap -7.0755060880463994
miniFE.c 25 Ap -0.7383968417839540
miniFE.c 25 Ap -0.8276552148809814
miniFE.c 25 Ap 0.7236262192012702
miniFE.c 25 Ap 0.0451729747129904
miniFE.c 25 Ap 0.4256239787582551
miniFE.c 25 Ap 0.4715287166121949
miniFE.c 25 Ap 0.0796825437308502
miniFE.c 25 Ap 10.8153310978065864
miniFE.c 57 sum 0.7805476088637434
miniFE.c 57 sum 0.7925566091037208
miniFE.c 57 sum 1.8038144284514990
miniFE.c 57 sum 82334.7924454477615654
miniFE.c 57 sum 82335.3048485139734112
miniFE.c 57 sum 82335.2948826897190884
miniFE.c 57 sum 82336.3315066920476966
miniFE.c 57 sum 82338.1213277472706977
miniFE.c 90 p_ap_dot 82338.1213277472706977
miniFE.c 91 alpha 0.0000013009566154
miniFE.c 40 y 1.0019836218701861
miniFE.c 40 y 2.0000375431798627
miniFE.c 40 y 0.9978527496468244
miniFE.c 40 y 2.0024801871806575
miniFE.c 40 y 0.9984146492622075
miniFE.c 40 y 1.9997035016639644
miniFE.c 40 y 1.0025165728906902
miniFE.c 40 y 1.9973214713217380
miniFE.c 40 y -0.1160111247941505
miniFE.c 40 y -0.0061591519300196
miniFE.c 40 y 0.1368462124878510
miniFE.c 40 y 0.5948032724914016
miniFE.c 40 y 0.0803874010942852
miniFE.c 40 y -0.0081885660134931
miniFE.c 40 y -0.1214649328424495
miniFE.c 40 y 0.1758921790521591
miniFE.c 82 oldrtrans 0.1071183236417268
miniFE.c 48 sum 0.0134585810760040
miniFE.c 48 sum 0.0134965162285010
miniFE.c 48 sum 0.0322234021007711
miniFE.c 48 sum 0.3860143350672516
miniFE.c 48 sum 0.3924764693219451
miniFE.c 48 sum 0.3925435219353025
miniFE.c 48 sum 0.4072972518457232
miniFE.c 48 sum 0.4382353104974401
miniFE.c 83 rtrans 0.4382353104974401
miniFE.c 84 beta 4.0911330162632451
miniFE.c 40 y -0.5874296639887311
miniFE.c 40 y -0.0586718098816547
miniFE.c 40 y 0.6506840669170342
miniFE.c 40 y 0.0068714770186951
miniFE.c 40 y 0.4900576288339819
miniFE.c 40 y 0.0466260833325375
miniFE.c 40 y -0.7208519771908275
miniFE.c 40 y 0.8529307223935114
miniFE.c 87 normr 0.6619934368990679
miniFE.c 25 Ap -39.4134229507213618
miniFE.c 25 Ap -40.2986368159013182
miniFE.c 25 Ap -34.2347734005952233
miniFE.c 25 Ap -34.1405208547830625
miniFE.c 25 Ap -27.2486394968629533
miniFE.c 25 Ap -26.4999924524423989
miniFE.c 25 Ap -30.1019110111746215
miniFE.c 25 Ap -24.6362772074414877
miniFE.c 25 Ap -8.8628744269131801
miniFE.c 25 Ap -12.7608294045786224
miniFE.c 25 Ap -3.3962038340306737
miniFE.c 25 Ap -3.3552236094429477
miniFE.c 25 Ap 2.0028753817525655
miniFE.c 25 Ap 2.4529227406163834
miniFE.c 25 Ap -5.7629227927381272
miniFE.c 25 Ap 0.1682738635755570
miniFE.c 25 Ap -5.4743821612294141
miniFE.c 25 Ap -6.3187850888918922
miniFE.c 25 Ap 37.7156670172175055
miniFE.c 25 Ap 37.7817168568296822
miniFE.c 25 Ap 46.0137931163560978
miniFE.c 25 Ap 46.7680021862573909
miniFE.c 25 Ap 38.1524226059912479
miniFE.c 25 Ap 48.6871149564963162
miniFE.c 25 Ap -8.0574731118047911
miniFE.c 25 Ap -8.4073809903259615
miniFE.c 25 Ap -2.1528918694077186
miniFE.c 25 Ap -1.7034855221593597
miniFE.c 25 Ap 0.0941007468581152
miniFE.c 25 Ap 0.6109923778134589
miniFE.c 25 Ap -0.3262831510453023
miniFE.c 25 Ap 3.7004266714346916
miniFE.c 25 Ap -8.2612642108357601
miniFE.c 25 Ap -8.9027588980759198
miniFE.c 25 Ap 2.0275491811284638
miniFE.c 25 Ap 2.0527545284384634
miniFE.c 25 Ap 34.6716077762406343
miniFE.c 25 Ap 34.8809219159196431
miniFE.c 25 Ap 24.7510341701291878
miniFE.c 25 Ap 27.9916062750863048
miniFE.c 25 Ap -9.4320056568686610
miniFE.c 25 Ap -9.9983215725478214
miniFE.c 25 Ap 0.5269421818413793
miniFE.c 25 Ap 0.6031186202081606
miniFE.c 25 Ap 2.8030887579730743
miniFE.c 25 Ap 5.9020107235460113
miniFE.c 25 Ap 0.4147131895468839
miniFE.c 25 Ap 3.3369689901145771
miniFE.c 25 Ap -2.9352403483950198
miniFE.c 25 Ap -3.6039470210582900
miniFE.c 25 Ap 4.1729899056900877
miniFE.c 25 Ap 4.1819244268685365
miniFE.c 25 Ap 11.0685376652786793
miniFE.c 25 Ap 11.4234665552398713
miniFE.c 25 Ap -35.9063767335509141
miniFE.c 25 Ap -33.6251648994582908
miniFE.c 25 Ap -3.7642862949086204
miniFE.c 25 Ap -4.1722843109882790
miniFE.c 25 Ap 3.8644252157953867
miniFE.c 25 Ap 3.8968656512020026
miniFE.c 25 Ap 5.7587602226208459
miniFE.c 25 Ap 5.9185074786393690
miniFE.c 25 Ap 3.9905477770798008
miniFE.c 25 Ap 59.3220231277217067
miniFE.c 57 sum 14.4720800419005879
miniFE.c 57 sum 14.4622071097688316
miniFE.c 57 sum 46.1421370761190133
miniFE.c 57 sum 46.1675644729511419
miniFE.c 57 sum 59.8850646713743444
miniFE.c 57 sum 60.0406544655855186
miniFE.c 57 sum 84.2794210667276360
miniFE.c 57 sum 134.8769971068998927
miniFE.c 90 p_ap_dot 134.8769971068998927
miniFE.c 91 alpha 0.0032491478895405
miniFE.c 40 y 1.0000749760171836
miniFE.c 40 y 1.9998469097926102
miniFE.c 40 y 0.9999669184096055
miniFE.c 40 y 2.0025025136257106
miniFE.c 40 y 1.0000069189726866
miniFE.c 40 y 1.9998549967042218
miniFE.c 40 y 1.0001744182103296
miniFE.c 40 y 2.0000927693783273
miniFE.c 40 y -0.0359642166994579
miniFE.c 40 y -0.0067058985987209
miniFE.c 40 y -0.0213454243208633
miniFE.c 40 y 0.5827800389815103
miniFE.c 40 y -0.0105614673592593
miniFE.c 40 y -0.0190308717651858
miniFE.c 40 y -0.0122117992739243
miniFE.c 40 y -0.0168538471965489
miniFE.c 82 oldrtrans 0.4382353104974401
miniFE.c 48 sum 0.0012934248828056
miniFE.c 48 sum 0.0013383939588219
miniFE.c 48 sum 0.0017940210982596
miniFE.c 48 sum 0.3414265949335503
miniFE.c 48 sum 0.3415381395263309
miniFE.c 48 sum 0.3419003136064739
miniFE.c 48 sum 0.3420494416479805
miniFE.c 48 sum 0.3423334938133051
miniFE.c 83 rtrans 0.3423334938133051
miniFE.c 84 beta 0.7811636479605513
miniFE.c 40 y -0.4948429159411360
miniFE.c 40 y -0.0525381836383223
miniFE.c 40 y 0.4869453150618545
miniFE.c 40 y 0.5881477870363112
miniFE.c 40 y 0.3722537376915919
miniFE.c 40 y 0.0173917295809718
miniFE.c 40 y -0.5753151594158872
miniFE.c 40 y 0.6494246273659947
miniFE.c 87 normr 0.5850927224067183
miniFE.c 25 Ap -33.2013419406249000
miniFE.c 25 Ap -33.9940144131772684
miniFE.c 25 Ap -29.4560673027637385
miniFE.c 25 Ap -21.3887440633580468
miniFE.c 25 Ap -16.1535871261687376
miniFE.c 25 Ap -15.8743385593248227
miniFE.c 25 Ap -18.7490457327664757
miniFE.c 25 Ap -14.5874918068536576
miniFE.c 25 Ap -7.4659672364076863
miniFE.c 25 Ap -10.9564250021316099
miniFE.c 25 Ap -3.9483226361208512
miniFE.c 25 Ap -0.4407174534291061
miniFE.c 25 Ap 3.6293597355330594
miniFE.c 25 Ap 3.7972293356486677
miniFE.c 25 Ap -2.7598734154295590
miniFE.c 25 Ap 1.7561617996600862
miniFE.c 25 Ap -4.6115465351965419
miniFE.c 25 Ap -5.3676744979737672
miniFE.c 25 Ap 27.5859065786005360
miniFE.c 25 Ap 33.2392860334562883
miniFE.c 25 Ap 39.4924713248724331
miniFE.c 25 Ap 39.7737945511380602
miniFE.c 25 Ap 32.8976622847089430
miniFE.c 25 Ap 40.9188162594929992
miniFE.c 25 Ap -6.7875079080774325
miniFE.c 25 Ap -7.1008359682705970
miniFE.c 25 Ap -2.4202323844659155
miniFE.c 25 Ap 36.0456386204246684
miniFE.c 25 Ap 37.4111070226960507
miniFE.c 25 Ap 37.6039098237404517
miniFE.c 25 Ap 36.8558660680676553
miniFE.c 25 Ap 39.9218179177520796
miniFE.c 25 Ap -6.9591788124757308
miniFE.c 25 Ap -7.5336108224855272
miniFE.c 25 Ap 0.6461842300802152
miniFE.c 25 Ap 2.8035761854815529
miniFE.c 25 Ap 27.5812540059433999
miniFE.c 25 Ap 27.6593290801204041
miniFE.c 25 Ap 19.5746207520031419
miniFE.c 25 Ap 22.0420044168906060
miniFE.c 25 Ap -7.9453957955172561
miniFE.c 25 Ap -8.4525083191511907
miniFE.c 25 Ap -0.5758318557583015
miniFE.c 25 Ap 5.9443098150696700
miniFE.c 25 Ap 7.6154339000909284
miniFE.c 25 Ap 8.7713451189980436
miniFE.c 25 Ap 4.3919086252012098
miniFE.c 25 Ap 6.6169250708818019
miniFE.c 25 Ap -2.4726073299147031
miniFE.c 25 Ap -3.0714065494959537
miniFE.c 25 Ap 2.7485346394044279
miniFE.c 25 Ap 3.5132638009860120
miniFE.c 25 Ap 8.7444190104951360
miniFE.c 25 Ap 8.8768090126888630
miniFE.c 25 Ap -28.8973487872713370
miniFE.c 25 Ap -27.1604256041772238
miniFE.c 25 Ap -3.1709845804545038
miniFE.c 25 Ap -3.5363299607334002
miniFE.c 25 Ap 2.4780144062991254
miniFE.c 25 Ap 5.2546765770355872
miniFE.c 25 Ap 6.6689943482892851
miniFE.c 25 Ap 6.7285807617171880
miniFE.c 25 Ap 5.1898675748953114
miniFE.c 25 Ap 47.3194588978150463
miniFE.c 57 sum 7.2185169819708950
miniFE.c 57 sum 7.1262514308417471
miniFE.c 57 sum 27.0514773062787022
miniFE.c 57 sum 50.5314061690711469
miniFE.c 57 sum 58.7366246994732535
miniFE.c 57 sum 58.8517044709635826
miniFE.c 57 sum 74.4775090572341441
miniFE.c 57 sum 105.2079310191081873
miniFE.c 90 p_ap_dot 105.2079310191081873
miniFE.c 91 alpha 0.0032538753542366
miniFE.c 40 y 0.9984648188487842
miniFE.c 40 y 1.9996759570917131
miniFE.c 40 y 1.0015513777691463
miniFE.c 40 y 2.0044162732145967
miniFE.c 40 y 1.0012181862352838
miniFE.c 40 y 1.9999115872244728
miniFE.c 40 y 0.9983024143921875
miniFE.c 40 y 2.0022059161677479
miniFE.c 40 y 0.0115016633709922
miniFE.c 40 y -0.0124202301966868
miniFE.c 40 y -0.1544901520721653
miniFE.c 40 y 0.4528794195626139
miniFE.c 40 y -0.0822834022893549
miniFE.c 40 y -0.0405615211741587
miniFE.c 40 y 0.0761648402100859
miniFE.c 40 y -0.1708254682799632
miniFE.c 82 oldrtrans 0.3423334938133051
miniFE.c 48 sum 0.0001322882602996
miniFE.c 48 sum 0.0002865503784383
miniFE.c 48 sum 0.0241537574657191
miniFE.c 48 sum 0.2292535261290891
miniFE.c 48 sum 0.2360240844214010
miniFE.c 48 sum 0.2376693214213627
miniFE.c 48 sum 0.2434704043055906
miniFE.c 48 sum 0.2726517449186593
miniFE.c 83 rtrans 0.2726517449186593
miniFE.c 84 beta 0.7964506828751982
miniFE.c 40 y -0.3826163149462798
miniFE.c 40 y -0.0542643024324511
miniFE.c 40 y 0.2333377766317273
miniFE.c 40 y 0.9213101261792206
miniFE.c 40 y 0.2141983412979583
miniFE.c 40 y -0.0267098662730129
miniFE.c 40 y -0.3820453113751509
miniFE.c 40 y 0.3464092196616545
miniFE.c 87 normr 0.5221606504885822
miniFE.c 25 Ap -25.6715306925893145
miniFE.c 25 Ap -26.4902460687540433
miniFE.c 25 Ap -24.3157216273765542
miniFE.c 25 Ap -11.6785804947405367
miniFE.c 25 Ap -8.6662213997474176
miniFE.c 25 Ap -9.0950856965734221
miniFE.c 25 Ap -11.0040713702778294
miniFE.c 25 Ap -8.7842592669051083
miniFE.c 25 Ap -5.7727427825677449
miniFE.c 25 Ap -9.3778779949085003
miniFE.c 25 Ap -6.0196877137579801
miniFE.c 25 Ap -0.5251636422883257
miniFE.c 25 Ap 1.8167974841104444
miniFE.c 25 Ap 1.5589867500188950
miniFE.c 25 Ap -2.7953403023013639
miniFE.c 25 Ap -0.3864445368777454
miniFE.c 25 Ap -3.5656829362594653
miniFE.c 25 Ap -4.3466531489382287
miniFE.c 25 Ap 11.4442685472371792
miniFE.c 25 Ap 20.3000627093439299
miniFE.c 25 Ap 23.8982050021684671
miniFE.c 25 Ap 23.4661544853947532
miniFE.c 25 Ap 18.8999718465576336
miniFE.c 25 Ap 23.1785310081660718
miniFE.c 25 Ap -5.2481528577974981
miniFE.c 25 Ap -5.5717751728729885
miniFE.c 25 Ap -3.3288916297779156
miniFE.c 25 Ap 56.9263660626588717
miniFE.c 25 Ap 57.7120695687540106
miniFE.c 25 Ap 57.4159669293366761
miniFE.c 25 Ap 56.9192190079914297
miniFE.c 25 Ap 58.5546266334722532
miniFE.c 25 Ap -5.3808901097786608
miniFE.c 25 Ap -5.9741948294971321
miniFE.c 25 Ap -2.0545448568375844
miniFE.c 25 Ap 1.3249238727219286
miniFE.c 25 Ap 15.5822353594240717
miniFE.c 25 Ap 15.4623292407821982
miniFE.c 25 Ap 10.0935763754330701
miniFE.c 25 Ap 11.4097020872439412
miniFE.c 25 Ap -6.1434405993034478
miniFE.c 25 Ap -6.6672140806859126
miniFE.c 25 Ap -2.8928145406018486
miniFE.c 25 Ap 7.3207281741071100
miniFE.c 25 Ap 8.2823088672502934
miniFE.c 25 Ap 6.5070838134831419
miniFE.c 25 Ap 3.5988635944660747
miniFE.c 25 Ap 4.7857083462715568
miniFE.c 25 Ap -1.9118388369404538
miniFE.c 25 Ap -2.5303113401270965
miniFE.c 25 Ap 0.2585277659087097
miniFE.c 25 Ap 1.4564455952010962
miniFE.c 25 Ap 4.4665020580252630
miniFE.c 25 Ap 4.2631801722970497
miniFE.c 25 Ap -20.8212272910348801
miniFE.c 25 Ap -19.8947360877242652
miniFE.c 25 Ap -2.4518294510036029
miniFE.c 25 Ap -2.8291780922172296
miniFE.c 25 Ap 0.0528164543832612
miniFE.c 25 Ap 4.4023473567588951
miniFE.c 25 Ap 5.2161592543891979
miniFE.c 25 Ap 5.1246476467059088
miniFE.c 25 Ap 4.1028456848503190
miniFE.c 25 Ap 26.5751669364007093
miniFE.c 57 sum 3.3610009102359424
miniFE.c 57 sum 3.3819710534584448
miniFE.c 57 sum 8.7903979444934635
miniFE.c 57 sum 62.7373683965549347
miniFE.c 57 sum 65.1813076583464408
miniFE.c 57 sum 65.0534820283958908
miniFE.c 57 sum 72.6541726717569532
miniFE.c 57 sum 81.8600555125737230
miniFE.c 90 p_ap_dot 81.8600555125737230
miniFE.c 91 alpha 0.0033307055951945
miniFE.c 40 y 0.9971904365477799
miniFE.c 40 y 1.9994952186759820
miniFE.c 40 y 1.0023285572073437
miniFE.c 40 y 2.0074848860067713
miniFE.c 40 y 1.0019316178491262
miniFE.c 40 y 1.9998226245234303
miniFE.c 40 y 0.9970299339359725
miniFE.c 40 y 2.0033597032939019
miniFE.c 40 y 0.0407594448609119
miniFE.c 40 y -0.0111330972154757
miniFE.c 40 y -0.2316910149894525
miniFE.c 40 y 0.2578511970099847
miniFE.c 40 y -0.1202857608708403
miniFE.c 40 y -0.0565013067400542
miniFE.c 40 y 0.1424283490123865
miniFE.c 40 y -0.2593395254882601
