filename line variable value
miniFE.c 167 A 67.0947100000000063
miniFE.c 167 A 15.0875500000000002
miniFE.c 167 A 9.3192129999999995
miniFE.c 167 A 13.7164900000000003
miniFE.c 167 A 14.0634099999999993
miniFE.c 167 A 16.0564000000000000
miniFE.c 167 A 4.9967519999999999
miniFE.c 167 A 6.4080630000000003
miniFE.c 167 A 15.0875500000000002
miniFE.c 167 A 66.4365899999999954
miniFE.c 167 A 14.3919700000000006
miniFE.c 167 A 5.9638159999999996
miniFE.c 167 A 10.9336099999999998
miniFE.c 167 A 9.6522659999999991
miniFE.c 167 A 11.3974100000000007
miniFE.c 167 A 6.9539020000000002
miniFE.c 167 A 9.3192129999999995
miniFE.c 167 A 14.3919700000000006
miniFE.c 167 A 67.6740900000000067
miniFE.c 167 A 9.6121750000000006
miniFE.c 167 A 16.7981799999999986
miniFE.c 167 A 16.1756899999999995
miniFE.c 167 A 11.9519400000000005
miniFE.c 167 A 12.3511699999999998
miniFE.c 167 A 13.7164900000000003
miniFE.c 167 A 5.9638159999999996
miniFE.c 167 A 9.6121750000000006
miniFE.c 167 A 65.4017099999999942
miniFE.c 167 A 3.6681119999999998
miniFE.c 167 A 11.0858899999999991
miniFE.c 167 A 1.3002330000000000
miniFE.c 167 A 4.7210279999999996
miniFE.c 167 A 14.0634099999999993
miniFE.c 167 A 10.9336099999999998
miniFE.c 167 A 16.7981799999999986
miniFE.c 167 A 3.6681119999999998
miniFE.c 167 A 66.5612600000000043
miniFE.c 167 A 4.4892070000000004
miniFE.c 167 A 14.0526599999999995
miniFE.c 167 A 3.7993380000000001
miniFE.c 167 A 16.0564000000000000
miniFE.c 167 A 9.6522659999999991
miniFE.c 167 A 16.1756899999999995
miniFE.c 167 A 11.0858899999999991
miniFE.c 167 A 4.4892070000000004
miniFE.c 167 A 66.4632699999999943
miniFE.c 167 A 7.6122389999999998
miniFE.c 167 A 3.4261349999999999
miniFE.c 167 A 4.9967519999999999
miniFE.c 167 A 11.3974100000000007
miniFE.c 167 A 11.9519400000000005
miniFE.c 167 A 1.3002330000000000
miniFE.c 167 A 14.0526599999999995
miniFE.c 167 A 7.6122389999999998
miniFE.c 167 A 65.6581999999999937
miniFE.c 167 A 2.6745570000000001
miniFE.c 167 A 6.4080630000000003
miniFE.c 167 A 6.9539020000000002
miniFE.c 167 A 12.3511699999999998
miniFE.c 167 A 4.7210279999999996
miniFE.c 167 A 3.7993380000000001
miniFE.c 167 A 3.4261349999999999
miniFE.c 167 A 2.6745570000000001
miniFE.c 167 A 64.8721800000000002
miniFE.c 175 b 198.0110999999999990
miniFE.c 175 b 229.8237000000000023
miniFE.c 175 b 210.8053999999999917
miniFE.c 175 b 202.6418999999999926
miniFE.c 175 b 157.2561000000000035
miniFE.c 175 b 225.5886000000000138
miniFE.c 175 b 142.6283999999999992
miniFE.c 175 b 185.1795999999999935
miniFE.c 33 r 0.0000000000000000
miniFE.c 33 r 0.0000000000000000
miniFE.c 33 r 0.0000000000000000
miniFE.c 33 r 0.0000000000000000
miniFE.c 33 r 0.0000000000000000
miniFE.c 33 r 0.0000000000000000
miniFE.c 33 r 0.0000000000000000
miniFE.c 33 r 0.0000000000000000
miniFE.c 25 Ap 0.0000000000000000
miniFE.c 25 Ap 0.0000000000000000
miniFE.c 25 Ap 0.0000000000000000
miniFE.c 25 Ap 0.0000000000000000
miniFE.c 25 Ap 0.0000000000000000
miniFE.c 25 Ap 0.0000000000000000
miniFE.c 25 Ap 0.0000000000000000
miniFE.c 25 Ap 0.0000000000000000
miniFE.c 25 Ap 0.0000000000000000
miniFE.c 25 Ap 0.0000000000000000
miniFE.c 25 Ap 0.0000000000000000
miniFE.c 25 Ap 0.0000000000000000
miniFE.c 25 Ap 0.0000000000000000
miniFE.c 25 Ap 0.0000000000000000
miniFE.c 25 Ap 0.0000000000000000
miniFE.c 25 Ap 0.0000000000000000
miniFE.c 25 Ap 0.0000000000000000
miniFE.c 25 Ap 0.0000000000000000
miniFE.c 25 Ap 0.0000000000000000
miniFE.c 25 Ap 0.0000000000000000
miniFE.c 25 Ap 0.0000000000000000
miniFE.c 25 Ap 0.0000000000000000
miniFE.c 25 Ap 0.0000000000000000
miniFE.c 25 Ap 0.0000000000000000
miniFE.c 25 Ap 0.0000000000000000
miniFE.c 25 Ap 0.0000000000000000
miniFE.c 25 Ap 0.0000000000000000
miniFE.c 25 Ap 0.0000000000000000
miniFE.c 25 Ap 0.0000000000000000
miniFE.c 25 Ap 0.0000000000000000
miniFE.c 25 Ap 0.0000000000000000
miniFE.c 25 Ap 0.0000000000000000
miniFE.c 25 Ap 0.0000000000000000
miniFE.c 25 Ap 0.0000000000000000
miniFE.c 25 Ap 0.0000000000000000
miniFE.c 25 Ap 0.0000000000000000
miniFE.c 25 Ap 0.0000000000000000
miniFE.c 25 Ap 0.0000000000000000
miniFE.c 25 Ap 0.0000000000000000
miniFE.c 25 Ap 0.0000000000000000
miniFE.c 25 Ap 0.0000000000000000
miniFE.c 25 Ap 0.0000000000000000
miniFE.c 25 Ap 0.0000000000000000
miniFE.c 25 Ap 0.0000000000000000
miniFE.c 25 Ap 0.0000000000000000
miniFE.c 25 Ap 0.0000000000000000
miniFE.c 25 Ap 0.0000000000000000
miniFE.c 25 Ap 0.0000000000000000
miniFE.c 25 Ap 0.0000000000000000
miniFE.c 25 Ap 0.0000000000000000
miniFE.c 25 Ap 0.0000000000000000
miniFE.c 25 Ap 0.0000000000000000
miniFE.c 25 Ap 0.0000000000000000
miniFE.c 25 Ap 0.0000000000000000
miniFE.c 25 Ap 0.0000000000000000
miniFE.c 25 Ap 0.0000000000000000
miniFE.c 25 Ap 0.0000000000000000
miniFE.c 25 Ap 0.0000000000000000
miniFE.c 25 Ap 0.0000000000000000
miniFE.c 25 Ap 0.0000000000000000
miniFE.c 25 Ap 0.0000000000000000
miniFE.c 25 Ap 0.0000000000000000
miniFE.c 25 Ap 0.0000000000000000
miniFE.c 25 Ap 0.0000000000000000
miniFE.c 33 r 198.0110999999999990
miniFE.c 33 r 229.8237000000000023
miniFE.c 33 r 210.8053999999999917
miniFE.c 33 r 202.6418999999999926
miniFE.c 33 r 157.2561000000000035
miniFE.c 33 r 225.5886000000000138
miniFE.c 33 r 142.6283999999999992
miniFE.c 33 r 185.1795999999999935
miniFE.c 48 sum 39208.3957232100001420
miniFE.c 48 sum 92027.3288048999966122
miniFE.c 48 sum 136466.2454740600078367
miniFE.c 48 sum 177529.9851096700003836
miniFE.c 48 sum 202259.4660968800017145
miniFE.c 48 sum 253149.6825468399911188
miniFE.c 48 sum 273492.5430333999684080
miniFE.c 48 sum 307784.0272895599482581
miniFE.c 75 rtrans 307784.0272895599482581
miniFE.c 76 normr 554.7828649927464539
miniFE.c 33 r 198.0110999999999990
miniFE.c 33 r 229.8237000000000023
miniFE.c 33 r 210.8053999999999917
miniFE.c 33 r 202.6418999999999926
miniFE.c 33 r 157.2561000000000035
miniFE.c 33 r 225.5886000000000138
miniFE.c 33 r 142.6283999999999992
miniFE.c 33 r 185.1795999999999935
miniFE.c 87 normr 554.7828649927464539
miniFE.c 25 Ap 13285.4973312810016068
miniFE.c 25 Ap 16752.9738962160008668
miniFE.c 25 Ap 18717.5143203662009910
miniFE.c 25 Ap 21497.0499152972006414
miniFE.c 25 Ap 23708.6069245981998392
miniFE.c 25 Ap 27330.7477216381994367
miniFE.c 25 Ap 28043.4264645949988335
miniFE.c 25 Ap 29230.0690077097970061
miniFE.c 25 Ap 2987.5023718050001662
miniFE.c 25 Ap 18256.2053009880000900
miniFE.c 25 Ap 21290.1102936259994749
miniFE.c 25 Ap 22498.6292991164009436
miniFE.c 25 Ap 24218.0061666374022025
miniFE.c 25 Ap 26395.4473404050004319
miniFE.c 25 Ap 28021.0416928490012651
miniFE.c 25 Ap 29308.7624836482027604
miniFE.c 25 Ap 1845.3076172643000064
miniFE.c 25 Ap 5152.9234129532997031
miniFE.c 25 Ap 19418.9870250392996240
miniFE.c 25 Ap 21366.8164301717988565
miniFE.c 25 Ap 24008.4327040697971825
miniFE.c 25 Ap 27657.4839652037990163
miniFE.c 25 Ap 29362.1700442997971550
miniFE.c 25 Ap 31649.3547644317950471
miniFE.c 25 Ap 2716.0172730389999742
miniFE.c 25 Ap 4086.6435322781999275
miniFE.c 25 Ap 6112.9419280231995799
miniFE.c 25 Ap 19366.0687056721981207
miniFE.c 25 Ap 19942.9016931553996983
miniFE.c 25 Ap 22443.7520980093977414
miniFE.c 25 Ap 22629.2022504265987664
miniFE.c 25 Ap 23503.4403270553993934
miniFE.c 25 Ap 2784.7112838509997346
miniFE.c 25 Ap 5297.5139884079999320
miniFE.c 25 Ap 8838.6610425799990480
miniFE.c 25 Ap 9581.9742276727993158
miniFE.c 25 Ap 20049.1383863587980159
miniFE.c 25 Ap 21061.8523085989982064
miniFE.c 25 Ap 23066.1607201429978886
miniFE.c 25 Ap 23769.7206112477979332
miniFE.c 25 Ap 3179.3454260399998930
miniFE.c 25 Ap 5397.6649115441996400
miniFE.c 25 Ap 8807.5877122702004272
miniFE.c 25 Ap 11054.0535250612010714
miniFE.c 25 Ap 11760.0087099739012046
miniFE.c 25 Ap 26753.3647406958989450
miniFE.c 25 Ap 27839.0862096834971453
miniFE.c 25 Ap 28473.5365185294976982
miniFE.c 25 Ap 989.4123599472000024
miniFE.c 25 Ap 3608.8072965641999872
miniFE.c 25 Ap 6128.3407890401995246
miniFE.c 25 Ap 6391.8224746028990921
miniFE.c 25 Ap 8601.6889808288997301
miniFE.c 25 Ap 10318.9233197042995016
miniFE.c 25 Ap 19683.6473325842962367
miniFE.c 25 Ap 20178.9207280214977800
miniFE.c 25 Ap 1268.8676034993000030
miniFE.c 25 Ap 2867.0390905766998912
miniFE.c 25 Ap 5470.7324228946999938
miniFE.c 25 Ap 6427.4105067679001877
miniFE.c 25 Ap 7024.8795832297000743
miniFE.c 25 Ap 7797.7765812907000509
miniFE.c 25 Ap 8179.2443669095000587
miniFE.c 25 Ap 20192.2487104374995397
miniFE.c 57 sum 5787878.1172925252467394
miniFE.c 57 sum 12523726.3537057451903820
miniFE.c 57 sum 19195581.2445636950433254
miniFE.c 57 sum 23958363.0489748232066631
miniFE.c 57 sum 27696296.6103892698884010
miniFE.c 57 sum 34119601.8506532162427902
miniFE.c 57 sum 36997689.0278177559375763
miniFE.c 57 sum 40736881.5671170875430107
miniFE.c 90 p_ap_dot 40736881.5671170875430107
miniFE.c 91 alpha 0.0075554145395853
miniFE.c 40 y 1.4960559439392744
miniFE.c 40 y 1.7364133245212852
miniFE.c 40 y 1.5927221841830903
miniFE.c 40 y 1.5310435575891859
miniFE.c 40 y 1.1881350243784765
miniFE.c 40 y 1.7044153884046875
miniFE.c 40 y 1.0776166871177848
miniFE.c 40 y 1.3991086422745860
miniFE.c 40 y -22.8341883739316245
miniFE.c 40 y 8.3838497937928480
miniFE.c 40 y -28.3185951556805833
miniFE.c 40 y 25.0636652226906733
miniFE.c 40 y -22.3339927081014764
miniFE.c 40 y 10.4592281944898673
miniFE.c 40 y -9.8317110616323760
miniFE.c 40 y 32.6187905062384118
miniFE.c 82 oldrtrans 307784.0272895599482581
miniFE.c 48 sum 521.4001586961941257
miniFE.c 48 sum 591.6890960610744514
miniFE.c 48 sum 1393.6319276524102406
miniFE.c 48 sum 2021.8192420475243125
miniFE.c 48 sum 2520.6264723330541528
miniFE.c 48 sum 2630.0219267574657351
miniFE.c 48 sum 2726.6844691568903727
miniFE.c 48 sum 3790.6699632467598349
miniFE.c 83 rtrans 3790.6699632467598349
miniFE.c 84 beta 0.0123160061184089
miniFE.c 40 y -20.3954824548187439
miniFE.c 40 y 11.2143598891482252
miniFE.c 40 y -25.7223145594869429
miniFE.c 40 y 27.5594041029366821
miniFE.c 40 y -20.3972256183443506
miniFE.c 40 y 13.2375787723331708
miniFE.c 40 y -8.0750988145735008
miniFE.c 40 y 34.8994635928429275
miniFE.c 87 normr 61.5684169298412272
miniFE.c 25 Ap -1368.4289806161518754
miniFE.c 25 Ap -1199.2317650706336281
miniFE.c 25 Ap -1438.9434933034935966
miniFE.c 25 Ap -1060.9252025196035447
miniFE.c 25 Ap -1347.7797492528836756
miniFE.c 25 Ap -1135.2318894527934390
miniFE.c 25 Ap -1175.5811556047112845
miniFE.c 25 Ap -951.9431942355674892
miniFE.c 25 Ap -307.7178613112005223
miniFE.c 25 Ap 437.3259687565855529
miniFE.c 25 Ap 67.1311892858862507
miniFE.c 25 Ap 231.4904044254456608
miniFE.c 25 Ap 8.4750944324596844
miniFE.c 25 Ap 136.2477259389728772
miniFE.c 25 Ap 44.2125139587647027
miniFE.c 25 Ap 286.8999636359623082
miniFE.c 25 Ap -190.0698452342187466
miniFE.c 25 Ap -28.6731141403941479
miniFE.c 25 Ap -1769.4073446474239972
miniFE.c 25 Ap -1504.5015295142784453
miniFE.c 25 Ap -1847.1377969518380269
miniFE.c 25 Ap -1633.0108263799961605
miniFE.c 25 Ap -1729.5239229058497585
miniFE.c 25 Ap -1298.4747151618360022
miniFE.c 25 Ap -279.7544311366967804
miniFE.c 25 Ap -212.8740522000363740
miniFE.c 25 Ap -460.1214411508727835
miniFE.c 25 Ap 1342.3107137622018854
miniFE.c 25 Ap 1267.4914057048456471
miniFE.c 25 Ap 1414.2417478412662604
miniFE.c 25 Ap 1403.7422378842968556
miniFE.c 25 Ap 1568.5035826910889227
miniFE.c 25 Ap -286.8300319099224680
miniFE.c 25 Ap -164.2165944823325390
miniFE.c 25 Ap -596.3046644692149130
miniFE.c 25 Ap -495.2136835663836223
miniFE.c 25 Ap -1852.8787212276629361
miniFE.c 25 Ap -1793.4524899398534217
miniFE.c 25 Ap -1906.9291080474579303
miniFE.c 25 Ap -1774.3342498395531948
miniFE.c 25 Ap -327.4780244875516928
miniFE.c 25 Ap -219.2340398177625218
miniFE.c 25 Ap -635.3102262145098393
miniFE.c 25 Ap -329.7897038638051299
miniFE.c 25 Ap -421.3570718902559520
miniFE.c 25 Ap 458.4557002015919807
miniFE.c 25 Ap 396.9861180764418123
miniFE.c 25 Ap 516.5563917731067249
miniFE.c 25 Ap -101.9111677470804693
miniFE.c 25 Ap 25.9034897970964124
miniFE.c 25 Ap -281.5280704790179698
miniFE.c 25 Ap -245.6944238040443054
miniFE.c 25 Ap -532.3297003619271663
miniFE.c 25 Ap -431.5620869656004857
miniFE.c 25 Ap -961.7585399526303718
miniFE.c 25 Ap -868.4179353041471359
miniFE.c 25 Ap -130.6955364858731627
miniFE.c 25 Ap -52.7119768240055322
miniFE.c 25 Ap -370.4126567417038700
miniFE.c 25 Ap -240.3039383084249323
miniFE.c 25 Ap -317.7998926947741438
miniFE.c 25 Ap -272.4461607476264362
miniFE.c 25 Ap -294.0434728078357125
miniFE.c 25 Ap 1969.9608112905175403
miniFE.c 57 sum 19415.3407160156275495
miniFE.c 57 sum 22632.7401604128463077
miniFE.c 57 sum 56032.5152313458020217
miniFE.c 57 sum 99259.5393036334862700
miniFE.c 57 sum 135451.0353199666133150
miniFE.c 57 sum 142288.9912464153021574
miniFE.c 57 sum 149301.5518863441830035
miniFE.c 57 sum 218052.1274993049155455
miniFE.c 90 p_ap_dot 218052.1274993049155455
miniFE.c 91 alpha 0.0173842523618062
miniFE.c 40 y 1.1414957299039146
miniFE.c 40 y 1.9313665869103551
miniFE.c 40 y 1.1455589765512073
miniFE.c 40 y 2.0101431934556349
miniFE.c 40 y 0.8335445067484797
miniFE.c 40 y 1.9345407984422163
miniFE.c 40 y 0.9372371314787169
miniFE.c 40 y 2.0058097246642355
miniFE.c 40 y -6.2853676512366121
miniFE.c 40 y 3.3963084233522549
miniFE.c 40 y -5.7455830218827906
miniFE.c 40 y -2.2035968892083915
miniFE.c 40 y 8.5114816653054248
miniFE.c 40 y 1.4792815208021430
miniFE.c 40 y 5.2650854812136156
miniFE.c 40 y -1.6275053801044450
miniFE.c 82 oldrtrans 3790.6699632467598349
miniFE.c 48 sum 39.5058465112116437
miniFE.c 48 sum 51.0407574177451266
miniFE.c 48 sum 84.0524816790929066
miniFE.c 48 sum 88.9083209292218015
miniFE.c 48 sum 161.3536410680522124
miniFE.c 48 sum 163.5419148858389065
miniFE.c 48 sum 191.2630400103253123
miniFE.c 48 sum 193.9118137725942290
miniFE.c 83 rtrans 193.9118137725942290
miniFE.c 84 beta 0.0511550242180689
miniFE.c 40 y -7.3286990501520641
miniFE.c 40 y 3.9699792750717724
miniFE.c 40 y -7.0614086461181307
miniFE.c 40 y -0.7937949048871189
miniFE.c 40 y 7.4680610948176049
miniFE.c 40 y 2.1564501834894410
miniFE.c 40 y 4.8520036057908094
miniFE.c 40 y 0.1577775251850477
miniFE.c 87 normr 13.9252222162733990
miniFE.c 25 Ap -491.7169374472282470
miniFE.c 25 Ap -431.8196766356191461
miniFE.c 25 Ap -497.6264478888356280
miniFE.c 25 Ap -508.5145277637707295
miniFE.c 25 Ap -403.4881226823018778
miniFE.c 25 Ap -368.8632959561219877
miniFE.c 25 Ap -344.6190372348795563
miniFE.c 25 Ap -343.6079889135097005
miniFE.c 25 Ap -110.5721133541217824
miniFE.c 25 Ap 153.1797720523187536
miniFE.c 25 Ap 51.5521906596460013
miniFE.c 25 Ap 46.8181439051617261
miniFE.c 25 Ap 128.4710113720704499
miniFE.c 25 Ap 149.2856421588593321
miniFE.c 25 Ap 204.5859165755355775
miniFE.c 25 Ap 205.6830860234749423
miniFE.c 25 Ap -68.2977074612647641
miniFE.c 25 Ap -11.1618848338100634
miniFE.c 25 Ap -489.0362890779866234
miniFE.c 25 Ap -496.6663846178699941
miniFE.c 25 Ap -371.2165500961268094
miniFE.c 25 Ap -336.3344804275585034
miniFE.c 25 Ap -278.3436244513630982
miniFE.c 25 Ap -276.3948874156233160
miniFE.c 25 Ap -100.5240272344202879
miniFE.c 25 Ap -76.8478013140788505
miniFE.c 25 Ap -144.7232969670793921
miniFE.c 25 Ap -196.6388411359843076
miniFE.c 25 Ap -169.2451566173507160
miniFE.c 25 Ap -145.3389870927069580
miniFE.c 25 Ap -139.0302518883387677
miniFE.c 25 Ap -138.2853797741694564
miniFE.c 25 Ap -103.0664995088990281
miniFE.c 25 Ap -59.6602944071815458
miniFE.c 25 Ap -178.2791078982301940
miniFE.c 25 Ap -181.1908365143854951
miniFE.c 25 Ap 315.8927197136538325
miniFE.c 25 Ap 325.5734709725259108
miniFE.c 25 Ap 393.7570279634782082
miniFE.c 25 Ap 394.3564781104597046
miniFE.c 25 Ap -117.6725234288616093
miniFE.c 25 Ap -79.3532274513816986
miniFE.c 25 Ap -193.5763846743082865
miniFE.c 25 Ap -202.3763076724473535
miniFE.c 25 Ap -168.8506355291644923
miniFE.c 25 Ap -25.5259047423562606
miniFE.c 25 Ap 11.4087063337851617
miniFE.c 25 Ap 11.9492734350350354
miniFE.c 25 Ap -36.6196916362454274
miniFE.c 25 Ap 8.6277898532503414
miniFE.c 25 Ap -75.7697426006347996
miniFE.c 25 Ap -76.8018609312008920
miniFE.c 25 Ap 28.1442624934986725
miniFE.c 25 Ap 44.5596766818141532
miniFE.c 25 Ap 363.1334998315482494
miniFE.c 25 Ap 363.5554848159745802
miniFE.c 25 Ap -46.9627652214145854
miniFE.c 25 Ap -19.3559184005344349
miniFE.c 25 Ap -106.5725770282093094
miniFE.c 25 Ap -110.3201050004387298
miniFE.c 25 Ap -81.9464166965765912
miniFE.c 25 Ap -74.5581272471669934
miniFE.c 25 Ap -61.5811670392739430
miniFE.c 25 Ap -51.3457950255149953
miniFE.c 57 sum 2518.1995419750996916
miniFE.c 57 sum 3334.7571307210996565
miniFE.c 57 sum 5286.4943784606293775
miniFE.c 57 sum 5396.2646083457457280
miniFE.c 57 sum 8341.3428800117599167
miniFE.c 57 sum 8367.1108929033071036
miniFE.c 57 sum 10131.0834161354414391
miniFE.c 57 sum 10122.9822036676578136
miniFE.c 90 p_ap_dot 10122.9822036676578136
miniFE.c 91 alpha 0.0191556015679192
miniFE.c 40 y 1.0011100908880137
miniFE.c 40 y 2.0074139281365269
miniFE.c 40 y 1.0102934460179087
miniFE.c 40 y 1.9949375745309730
miniFE.c 40 y 0.9765997095656841
miniFE.c 40 y 1.9758488989582061
miniFE.c 40 y 1.0301801793573528
miniFE.c 40 y 2.0088320480730526
miniFE.c 40 y 0.2966500799445733
miniFE.c 40 y -0.5436748217734793
miniFE.c 40 y -0.4510726831392287
miniFE.c 40 y 0.4453427484139896
miniFE.c 40 y 0.9573460948936141
miniFE.c 40 y 1.2503859998544908
miniFE.c 40 y -1.6990385337528879
miniFE.c 40 y -0.6439457884076327
miniFE.c 82 oldrtrans 193.9118137725942290
miniFE.c 48 sum 0.0880012699311217
miniFE.c 48 sum 0.3835835817615462
miniFE.c 48 sum 0.5870501472359692
miniFE.c 48 sum 0.7853803108008952
miniFE.c 48 sum 1.7018918562089480
miniFE.c 48 sum 3.2653570048410625
miniFE.c 48 sum 6.1520889440182263
miniFE.c 48 sum 6.5667551224261542
miniFE.c 83 rtrans 6.5667551224261542
miniFE.c 84 beta 0.0338646469994199
miniFE.c 40 y 0.0484662736461897
miniFE.c 40 y -0.4092328750281607
miniFE.c 40 y -0.6902047942586708
miniFE.c 40 y 0.4184611641700492
miniFE.c 40 y 1.2102493476397136
miniFE.c 40 y 1.3234134240901951
miniFE.c 40 y -1.5347271444028696
miniFE.c 40 y -0.6386027082127990
miniFE.c 87 normr 2.5625680717643684
miniFE.c 25 Ap 3.2518305750717382
miniFE.c 25 Ap -2.9224908885593890
miniFE.c 25 Ap -9.3546563798771185
miniFE.c 25 Ap -3.6148380061502801
miniFE.c 25 Ap 13.4053947719395445
miniFE.c 25 Ap 34.6546500745013546
miniFE.c 25 Ap 26.9859991462520270
miniFE.c 25 Ap 22.8937927600537918
miniFE.c 25 Ap 0.7312373269505689
miniFE.c 25 Ap -26.4567994058165823
miniFE.c 25 Ap -36.3902060986435458
miniFE.c 25 Ap -33.8945807123875795
miniFE.c 25 Ap -20.6621863425405294
miniFE.c 25 Ap -7.8882479452511589
miniFE.c 25 Ap -25.3801624481398704
miniFE.c 25 Ap -29.8209430979862695
miniFE.c 25 Ap 0.4516675274251281
miniFE.c 25 Ap -5.4379997329939105
miniFE.c 25 Ap -52.1469810980866839
miniFE.c 25 Ap -48.1246591573804423
miniFE.c 25 Ap -27.7946727708459598
miniFE.c 25 Ap -6.3875474809244324
miniFE.c 25 Ap -24.7305142271988672
miniFE.c 25 Ap -32.6180048387955424
miniFE.c 25 Ap 0.6647871578052240
miniFE.c 25 Ap -1.7758024100137213
miniFE.c 25 Ap -8.4101716782670604
miniFE.c 25 Ap 18.9579040270448829
miniFE.c 25 Ap 23.3972341821142891
miniFE.c 25 Ap 38.0684498261015420
miniFE.c 25 Ap 36.0729469469531665
miniFE.c 25 Ap 33.0580856806047123
miniFE.c 25 Ap 0.6816010774585601
miniFE.c 25 Ap -3.7927915772780887
miniFE.c 25 Ap -15.3869759480982040
miniFE.c 25 Ap -13.8520135302720764
miniFE.c 25 Ap 66.7037079628052965
miniFE.c 25 Ap 72.6447847701249714
miniFE.c 25 Ap 51.0777860170605464
miniFE.c 25 Ap 48.6515184808447501
miniFE.c 25 Ap 0.7781938761726797
miniFE.c 25 Ap -3.1718306895438850
miniFE.c 25 Ap -14.3363694779859223
miniFE.c 25 Ap -9.6973550427248156
miniFE.c 25 Ap -4.2642951995551792
miniFE.c 25 Ap 83.6940885273759534
miniFE.c 25 Ap 72.0113787043937918
miniFE.c 25 Ap 69.8234396146911394
miniFE.c 25 Ap 0.2421739497741455
miniFE.c 25 Ap -4.4220209124005638
miniFE.c 25 Ap -12.6713072010925423
miniFE.c 25 Ap -12.1272101862202266
miniFE.c 25 Ap 4.8800124113824719
miniFE.c 25 Ap 14.9541516913653947
miniFE.c 25 Ap -85.8132701012670935
miniFE.c 25 Ap -87.5212494447365970
miniFE.c 25 Ap 0.3105749349000231
miniFE.c 25 Ap -2.5351903732240539
miniFE.c 25 Ap -11.0600271219279200
miniFE.c 25 Ap -9.0844602489685204
miniFE.c 25 Ap -4.4863139130057466
miniFE.c 25 Ap 0.0478791387395141
miniFE.c 25 Ap -4.0568360884131920
miniFE.c 25 Ap -45.4843859240813657
miniFE.c 57 sum 1.1095768247079227
miniFE.c 57 sum 13.3132871047480297
miniFE.c 57 sum 35.8263904236372355
miniFE.c 57 sum 49.6599154427763168
miniFE.c 57 sum 108.5403839459001460
miniFE.c 57 sum 200.9456612481335185
miniFE.c 57 sum 335.2668984830253294
miniFE.c 57 sum 364.3133505155398097
miniFE.c 90 p_ap_dot 364.3133505155398097
miniFE.c 91 alpha 0.0180250191576387
miniFE.c 40 y 1.0019836963989857
miniFE.c 40 y 2.0000374977242088
miniFE.c 40 y 0.9978524913787021
miniFE.c 40 y 2.0024803450318660
miniFE.c 40 y 0.9984144772424097
miniFE.c 40 y 1.9997034512809082
miniFE.c 40 y 1.0025166931777429
miniFE.c 40 y 1.9973212220233969
miniFE.c 40 y -0.1160109731464069
miniFE.c 40 y -0.0061517511334227
miniFE.c 40 y 0.1368674789640134
miniFE.c 40 y -0.1505298792937725
miniFE.c 40 y 0.0804015422281733
miniFE.c 40 y -0.0081828368525472
miniFE.c 40 y -0.1214663358110337
miniFE.c 40 y 0.1759111392473667
miniFE.c 82 oldrtrans 6.5667551224261542
miniFE.c 48 sum 0.0134585458903763
miniFE.c 48 sum 0.0134963899323839
miniFE.c 48 sum 0.0322290967303486
miniFE.c 48 sum 0.0548883412905463
miniFE.c 48 sum 0.0613527492832150
miniFE.c 48 sum 0.0614197081021704
miniFE.c 48 sum 0.0761737788375292
miniFE.c 48 sum 0.1071185077488356
miniFE.c 83 rtrans 0.1071185077488356
miniFE.c 84 beta 0.0163122433761866
miniFE.c 40 y -0.1152203794951534
miniFE.c 40 y -0.0128272573884186
miniFE.c 40 y 0.1256086903806551
miniFE.c 40 y -0.1437038389403482
miniFE.c 40 y 0.1001434241327434
miniFE.c 40 y 0.0134050050085246
miniFE.c 40 y -0.1465011785065732
miniFE.c 40 y 0.1654940964503076
miniFE.c 87 normr 0.3272896389268008
miniFE.c 25 Ap -7.7306779483172647
miniFE.c 25 Ap -7.9242098355279005
miniFE.c 25 Ap -6.7536356952195238
miniFE.c 25 Ap -8.7247479650064204
miniFE.c 25 Ap -7.3163899326237551
miniFE.c 25 Ap -7.1011538102048810
miniFE.c 25 Ap -7.8331838669099580
miniFE.c 25 Ap -6.7726872707283103
miniFE.c 25 Ap -1.7383932366521018
miniFE.c 25 Ap -2.5905924765909409
miniFE.c 25 Ap -0.7828359728932635
miniFE.c 25 Ap -1.6398592268271353
miniFE.c 25 Ap -0.5449300832951307
miniFE.c 25 Ap -0.4155414092215192
miniFE.c 25 Ap -2.0852754061441221
miniFE.c 25 Ap -0.9344456778501351
miniFE.c 25 Ap -1.0737632584561669
miniFE.c 25 Ap -1.2583727619725662
miniFE.c 25 Ap 7.2420810556300239
miniFE.c 25 Ap 5.8607746075635818
miniFE.c 25 Ap 7.5430018719617493
miniFE.c 25 Ap 7.7598370774280898
miniFE.c 25 Ap 6.0088637819882367
miniFE.c 25 Ap 8.0529095012423824
miniFE.c 25 Ap -1.5804191831414767
miniFE.c 25 Ap -1.6569185859906459
miniFE.c 25 Ap -0.4495458725309720
miniFE.c 25 Ap -9.8480226727943343
miniFE.c 25 Ap -9.4806853770119286
miniFE.c 25 Ap -9.3320789660379759
miniFE.c 25 Ap -9.5225646328711129
miniFE.c 25 Ap -8.7412623696945104
miniFE.c 25 Ap -1.6203914371959351
miniFE.c 25 Ap -1.7606396668505229
miniFE.c 25 Ap 0.3493577237279906
miniFE.c 25 Ap -0.1777640523351681
miniFE.c 25 Ap 6.4879084386546406
miniFE.c 25 Ap 6.5480862809739442
miniFE.c 25 Ap 4.4893550298217626
miniFE.c 25 Ap 5.1181230392410813
miniFE.c 25 Ap -1.8500245013259811
miniFE.c 25 Ap -1.9738366016894628
miniFE.c 25 Ap 0.0579706352139968
miniFE.c 25 Ap -1.5351143158564202
miniFE.c 25 Ap -1.0855497552357396
miniFE.c 25 Ap -0.1946092880028184
miniFE.c 25 Ap -1.3098112725765167
miniFE.c 25 Ap -0.7428061564347421
miniFE.c 25 Ap -0.5757276616831667
miniFE.c 25 Ap -0.7219251733145030
miniFE.c 25 Ap 0.7793423575936645
miniFE.c 25 Ap 0.5924938839767387
miniFE.c 25 Ap 1.9997753745499769
miniFE.c 25 Ap 2.1018174764710631
miniFE.c 25 Ap -7.5171862021492233
miniFE.c 25 Ap -7.0745628080293779
miniFE.c 25 Ap -0.7383394506888512
miniFE.c 25 Ap -0.8275389414966903
miniFE.c 25 Ap 0.7238753468721462
miniFE.c 25 Ap 0.0454454995272718
miniFE.c 25 Ap 0.4259242162849209
miniFE.c 25 Ap 0.4718515731198023
miniFE.c 25 Ap 0.0800258206367973
miniFE.c 25 Ap 10.8159886344985132
miniFE.c 57 sum 0.7803515975353107
miniFE.c 57 sum 0.7923379727605897
miniFE.c 57 sum 1.8038533889655801
miniFE.c 57 sum 3.0600063486754872
miniFE.c 57 sum 3.5725527149577725
miniFE.c 57 sum 3.5625953947104021
miniFE.c 57 sum 4.5990271835054779
miniFE.c 57 sum 6.3890094497886061
miniFE.c 90 p_ap_dot 6.3890094497886061
miniFE.c 91 alpha 0.0167660587436414
miniFE.c 40 y 1.0000519047479053
miniFE.c 40 y 1.9998224351733147
miniFE.c 40 y 0.9999584540603360
miniFE.c 40 y 2.0000709980265055
miniFE.c 40 y 1.0000934877742087
miniFE.c 40 y 1.9999282003823400
miniFE.c 40 y 1.0000604458128890
miniFE.c 40 y 2.0000959057662087
miniFE.c 40 y -0.0024597005130639
miniFE.c 40 y 0.0095152199941545
miniFE.c 40 y 0.0018519252089558
miniFE.c 40 y -0.0039733609098925
miniFE.c 40 y -0.0054092093049270
miniFE.c 40 y 0.0042710948013762
miniFE.c 40 y -0.0028538001860327
miniFE.c 40 y -0.0054303615691929
miniFE.c 82 oldrtrans 0.1071185077488356
miniFE.c 48 sum 0.0000060501266140
miniFE.c 48 sum 0.0000965895381511
miniFE.c 48 sum 0.0001000191651307
miniFE.c 48 sum 0.0001158067620510
miniFE.c 48 sum 0.0001450663073555
miniFE.c 48 sum 0.0001633085581578
miniFE.c 48 sum 0.0001714527336596
miniFE.c 48 sum 0.0002009415604318
miniFE.c 83 rtrans 0.0002009415604318
miniFE.c 84 beta 0.0018758808786146
miniFE.c 40 y -0.0026758402197855
miniFE.c 40 y 0.0094911575872944
miniFE.c 40 y 0.0020875521494287
miniFE.c 40 y -0.0042429321935442
miniFE.c 40 y -0.0052213521704774
miniFE.c 40 y 0.0042962409939494
miniFE.c 40 y -0.0031286189454876
miniFE.c 40 y -0.0051199143581382
miniFE.c 87 normr 0.0141753857242676
miniFE.c 25 Ap -0.1795347235528461
miniFE.c 25 Ap -0.0363364088966617
miniFE.c 25 Ap -0.0168820657675277
miniFE.c 25 Ap -0.0750802027709545
miniFE.c 25 Ap -0.1485102190987682
miniFE.c 25 Ap -0.0795280552035190
miniFE.c 25 Ap -0.0951609881766223
miniFE.c 25 Ap -0.1279697219381761
miniFE.c 25 Ap -0.0403718731080251
miniFE.c 25 Ap 0.5901882721444454
miniFE.c 25 Ap 0.6202322600524590
miniFE.c 25 Ap 0.5949281931496851
miniFE.c 25 Ap 0.5378399648450316
miniFE.c 25 Ap 0.5793084257187356
miniFE.c 25 Ap 0.5436502728632453
miniFE.c 25 Ap 0.5080468901683597
miniFE.c 25 Ap -0.0249367249621481
miniFE.c 25 Ap 0.1116597302994660
miniFE.c 25 Ap 0.2529329223395986
miniFE.c 25 Ap 0.2121491155821180
miniFE.c 25 Ap 0.1244399019790479
miniFE.c 25 Ap 0.1939345644624653
miniFE.c 25 Ap 0.1565414985431337
miniFE.c 25 Ap 0.0933045659203285
miniFE.c 25 Ap -0.0367031356162860
miniFE.c 25 Ap 0.0199003818613421
miniFE.c 25 Ap 0.0399662984432771
miniFE.c 25 Ap -0.2375287224285637
miniFE.c 25 Ap -0.2566812269813179
miniFE.c 25 Ap -0.2090535719089041
miniFE.c 25 Ap -0.2131215055062524
miniFE.c 25 Ap -0.2372927645486246
miniFE.c 25 Ap -0.0376314381053340
miniFE.c 25 Ap 0.0661411774026845
miniFE.c 25 Ap 0.1012082541681751
miniFE.c 25 Ap 0.0856447036738493
miniFE.c 25 Ap -0.2618950756968618
miniFE.c 25 Ap -0.2426083605531372
miniFE.c 25 Ap -0.2865737788636337
miniFE.c 25 Ap -0.3060260640412535
miniFE.c 25 Ap -0.0429643609049643
miniFE.c 25 Ap 0.0486468167755199
miniFE.c 25 Ap 0.0824144132035126
miniFE.c 25 Ap 0.0353777336284230
miniFE.c 25 Ap 0.0119380029152507
miniFE.c 25 Ap 0.2974802280811784
miniFE.c 25 Ap 0.2736644329281984
miniFE.c 25 Ap 0.2561229151487788
miniFE.c 25 Ap -0.0133705099698938
miniFE.c 25 Ap 0.0948041044271119
miniFE.c 25 Ap 0.1197544024639550
miniFE.c 25 Ap 0.1142376020091464
miniFE.c 25 Ap 0.0408637152171654
miniFE.c 25 Ap 0.0735677284647058
miniFE.c 25 Ap -0.1318517599819113
miniFE.c 25 Ap -0.1455452627678702
miniFE.c 25 Ap -0.0171469527063195
miniFE.c 25 Ap 0.0488536270222825
miniFE.c 25 Ap 0.0746373385037421
miniFE.c 25 Ap 0.0546063368159186
miniFE.c 25 Ap 0.0347686551032413
miniFE.c 25 Ap 0.0494881567410461
miniFE.c 25 Ap 0.0411204870400595
miniFE.c 25 Ap -0.2910195187856631
miniFE.c 57 sum 0.0003424265288769
miniFE.c 57 sum 0.0051643796251997
miniFE.c 57 sum 0.0053591577723382
miniFE.c 57 sum 0.0063659748823367
miniFE.c 57 sum 0.0079638447360411
miniFE.c 57 sum 0.0090642105035931
miniFE.c 57 sum 0.0095195661701147
miniFE.c 57 sum 0.0110095611828439
miniFE.c 90 p_ap_dot 0.0110095611828439
miniFE.c 91 alpha 0.0182515503655946
miniFE.c 40 y 1.0000030665153636
miniFE.c 40 y 1.9999956635140470
miniFE.c 40 y 0.9999965551235321
miniFE.c 40 y 1.9999935579358772
miniFE.c 40 y 0.9999981900020928
miniFE.c 40 y 2.0000066134412240
miniFE.c 40 y 1.0000033436666307
miniFE.c 40 y 2.0000024593914336
miniFE.c 40 y -0.0001240546878381
miniFE.c 40 y 0.0002425765901629
miniFE.c 40 y 0.0001489722247210
miniFE.c 40 y 0.0003575999336579
miniFE.c 40 y 0.0001762408161066
miniFE.c 40 y -0.0004035454842447
miniFE.c 40 y -0.0001973734921512
miniFE.c 40 y -0.0001188041647053
