filename line variable value
miniFE.c 167 A 67.0947100000000063
miniFE.c 167 A 15.0875500000000002
miniFE.c 167 A 9.3192129999999995
miniFE.c 167 A 13.7164900000000003
miniFE.c 167 A 14.0634099999999993
miniFE.c 167 A 16.0564000000000000
miniFE.c 167 A 4.9967519999999999
miniFE.c 167 A 6.4080630000000003
miniFE.c 167 A 15.5875500000000002
miniFE.c 167 A 66.4365899999999954
miniFE.c 167 A 14.3919700000000006
miniFE.c 167 A 5.9638159999999996
miniFE.c 167 A 10.9336099999999998
miniFE.c 167 A 9.6522659999999991
miniFE.c 167 A 11.3974100000000007
miniFE.c 167 A 6.9539020000000002
miniFE.c 167 A 9.3192129999999995
miniFE.c 167 A 14.3919700000000006
miniFE.c 167 A 67.6740900000000067
miniFE.c 167 A 9.6121750000000006
miniFE.c 167 A 16.7981799999999986
miniFE.c 167 A 16.1756899999999995
miniFE.c 167 A 11.9519400000000005
miniFE.c 167 A 12.3511699999999998
miniFE.c 167 A 13.7164900000000003
miniFE.c 167 A 5.9638159999999996
miniFE.c 167 A 9.6121750000000006
miniFE.c 167 A 65.4017099999999942
miniFE.c 167 A 3.6681119999999998
miniFE.c 167 A 11.0858899999999991
miniFE.c 167 A 1.3002330000000000
miniFE.c 167 A 4.7210279999999996
miniFE.c 167 A 14.0634099999999993
miniFE.c 167 A 10.9336099999999998
miniFE.c 167 A 16.7981799999999986
miniFE.c 167 A 3.6681119999999998
miniFE.c 167 A 66.5612600000000043
miniFE.c 167 A 4.4892070000000004
miniFE.c 167 A 14.0526599999999995
miniFE.c 167 A 3.7993380000000001
miniFE.c 167 A 16.0564000000000000
miniFE.c 167 A 9.6522659999999991
miniFE.c 167 A 16.1756899999999995
miniFE.c 167 A 11.0858899999999991
miniFE.c 167 A 4.4892070000000004
miniFE.c 167 A 66.4632699999999943
miniFE.c 167 A 7.6122389999999998
miniFE.c 167 A 3.4261349999999999
miniFE.c 167 A 4.9967519999999999
miniFE.c 167 A 11.3974100000000007
miniFE.c 167 A 11.9519400000000005
miniFE.c 167 A 1.3002330000000000
miniFE.c 167 A 14.0526599999999995
miniFE.c 167 A 7.6122389999999998
miniFE.c 167 A 65.6581999999999937
miniFE.c 167 A 2.6745570000000001
miniFE.c 167 A 6.4080630000000003
miniFE.c 167 A 6.9539020000000002
miniFE.c 167 A 12.3511699999999998
miniFE.c 167 A 4.7210279999999996
miniFE.c 167 A 3.7993380000000001
miniFE.c 167 A 3.4261349999999999
miniFE.c 167 A 2.6745570000000001
miniFE.c 167 A 64.8721800000000002
miniFE.c 175 b 198.0110999999999990
miniFE.c 175 b 229.8237000000000023
miniFE.c 175 b 210.8053999999999917
miniFE.c 175 b 202.6418999999999926
miniFE.c 175 b 157.2561000000000035
miniFE.c 175 b 225.5886000000000138
miniFE.c 175 b 142.6283999999999992
miniFE.c 175 b 185.1795999999999935
miniFE.c 33 r 0.0000000000000000
miniFE.c 33 r 0.0000000000000000
miniFE.c 33 r 0.0000000000000000
miniFE.c 33 r 0.0000000000000000
miniFE.c 33 r 0.0000000000000000
miniFE.c 33 r 0.0000000000000000
miniFE.c 33 r 0.0000000000000000
miniFE.c 33 r 0.0000000000000000
miniFE.c 25 Ap 0.0000000000000000
miniFE.c 25 Ap 0.0000000000000000
miniFE.c 25 Ap 0.0000000000000000
miniFE.c 25 Ap 0.0000000000000000
miniFE.c 25 Ap 0.0000000000000000
miniFE.c 25 Ap 0.0000000000000000
miniFE.c 25 Ap 0.0000000000000000
miniFE.c 25 Ap 0.0000000000000000
miniFE.c 25 Ap 0.0000000000000000
miniFE.c 25 Ap 0.0000000000000000
miniFE.c 25 Ap 0.0000000000000000
miniFE.c 25 Ap 0.0000000000000000
miniFE.c 25 Ap 0.0000000000000000
miniFE.c 25 Ap 0.0000000000000000
miniFE.c 25 Ap 0.0000000000000000
miniFE.c 25 Ap 0.0000000000000000
miniFE.c 25 Ap 0.0000000000000000
miniFE.c 25 Ap 0.0000000000000000
miniFE.c 25 Ap 0.0000000000000000
miniFE.c 25 Ap 0.0000000000000000
miniFE.c 25 Ap 0.0000000000000000
miniFE.c 25 Ap 0.0000000000000000
miniFE.c 25 Ap 0.0000000000000000
miniFE.c 25 Ap 0.0000000000000000
miniFE.c 25 Ap 0.0000000000000000
miniFE.c 25 Ap 0.0000000000000000
miniFE.c 25 Ap 0.0000000000000000
miniFE.c 25 Ap 0.0000000000000000
miniFE.c 25 Ap 0.0000000000000000
miniFE.c 25 Ap 0.0000000000000000
miniFE.c 25 Ap 0.0000000000000000
miniFE.c 25 Ap 0.0000000000000000
miniFE.c 25 Ap 0.0000000000000000
miniFE.c 25 Ap 0.0000000000000000
miniFE.c 25 Ap 0.0000000000000000
miniFE.c 25 Ap 0.0000000000000000
miniFE.c 25 Ap 0.0000000000000000
miniFE.c 25 Ap 0.0000000000000000
miniFE.c 25 Ap 0.0000000000000000
miniFE.c 25 Ap 0.0000000000000000
miniFE.c 25 Ap 0.0000000000000000
miniFE.c 25 Ap 0.0000000000000000
miniFE.c 25 Ap 0.0000000000000000
miniFE.c 25 Ap 0.0000000000000000
miniFE.c 25 Ap 0.0000000000000000
miniFE.c 25 Ap 0.0000000000000000
miniFE.c 25 Ap 0.0000000000000000
miniFE.c 25 Ap 0.0000000000000000
miniFE.c 25 Ap 0.0000000000000000
miniFE.c 25 Ap 0.0000000000000000
miniFE.c 25 Ap 0.0000000000000000
miniFE.c 25 Ap 0.0000000000000000
miniFE.c 25 Ap 0.0000000000000000
miniFE.c 25 Ap 0.0000000000000000
miniFE.c 25 Ap 0.0000000000000000
miniFE.c 25 Ap 0.0000000000000000
miniFE.c 25 Ap 0.0000000000000000
miniFE.c 25 Ap 0.0000000000000000
miniFE.c 25 Ap 0.0000000000000000
miniFE.c 25 Ap 0.0000000000000000
miniFE.c 25 Ap 0.0000000000000000
miniFE.c 25 Ap 0.0000000000000000
miniFE.c 25 Ap 0.0000000000000000
miniFE.c 25 Ap 0.0000000000000000
miniFE.c 33 r 198.0110999999999990
miniFE.c 33 r 229.8237000000000023
miniFE.c 33 r 210.8053999999999917
miniFE.c 33 r 202.6418999999999926
miniFE.c 33 r 157.2561000000000035
miniFE.c 33 r 225.5886000000000138
miniFE.c 33 r 142.6283999999999992
miniFE.c 33 r 185.1795999999999935
miniFE.c 48 sum 39208.3957232100001420
miniFE.c 48 sum 92027.3288048999966122
miniFE.c 48 sum 136466.2454740600078367
miniFE.c 48 sum 177529.9851096700003836
miniFE.c 48 sum 202259.4660968800017145
miniFE.c 48 sum 253149.6825468399911188
miniFE.c 48 sum 273492.5430333999684080
miniFE.c 48 sum 307784.0272895599482581
miniFE.c 75 rtrans 307784.0272895599482581
miniFE.c 76 normr 554.7828649927464539
miniFE.c 33 r 198.0110999999999990
miniFE.c 33 r 229.8237000000000023
miniFE.c 33 r 210.8053999999999917
miniFE.c 33 r 202.6418999999999926
miniFE.c 33 r 157.2561000000000035
miniFE.c 33 r 225.5886000000000138
miniFE.c 33 r 142.6283999999999992
miniFE.c 33 r 185.1795999999999935
miniFE.c 87 normr 554.7828649927464539
miniFE.c 25 Ap 13285.4973312810016068
miniFE.c 25 Ap 16752.9738962160008668
miniFE.c 25 Ap 18717.5143203662009910
miniFE.c 25 Ap 21497.0499152972006414
miniFE.c 25 Ap 23708.6069245981998392
miniFE.c 25 Ap 27330.7477216381994367
miniFE.c 25 Ap 28043.4264645949988335
miniFE.c 25 Ap 29230.0690077097970061
miniFE.c 25 Ap 3086.5079218050000236
miniFE.c 25 Ap 18355.2108509879981284
miniFE.c 25 Ap 21389.1158436259975133
miniFE.c 25 Ap 22597.6348491163989820
miniFE.c 25 Ap 24317.0117166374002409
miniFE.c 25 Ap 26494.4528904050021083
miniFE.c 25 Ap 28120.0472428490029415
miniFE.c 25 Ap 29407.7680336482044368
miniFE.c 25 Ap 1845.3076172643000064
miniFE.c 25 Ap 5152.9234129532997031
miniFE.c 25 Ap 19418.9870250392996240
miniFE.c 25 Ap 21366.8164301717988565
miniFE.c 25 Ap 24008.4327040697971825
miniFE.c 25 Ap 27657.4839652037990163
miniFE.c 25 Ap 29362.1700442997971550
miniFE.c 25 Ap 31649.3547644317950471
miniFE.c 25 Ap 2716.0172730389999742
miniFE.c 25 Ap 4086.6435322781999275
miniFE.c 25 Ap 6112.9419280231995799
miniFE.c 25 Ap 19366.0687056721981207
miniFE.c 25 Ap 19942.9016931553996983
miniFE.c 25 Ap 22443.7520980093977414
miniFE.c 25 Ap 22629.2022504265987664
miniFE.c 25 Ap 23503.4403270553993934
miniFE.c 25 Ap 2784.7112838509997346
miniFE.c 25 Ap 5297.5139884079999320
miniFE.c 25 Ap 8838.6610425799990480
miniFE.c 25 Ap 9581.9742276727993158
miniFE.c 25 Ap 20049.1383863587980159
miniFE.c 25 Ap 21061.8523085989982064
miniFE.c 25 Ap 23066.1607201429978886
miniFE.c 25 Ap 23769.7206112477979332
miniFE.c 25 Ap 3179.3454260399998930
miniFE.c 25 Ap 5397.6649115441996400
miniFE.c 25 Ap 8807.5877122702004272
miniFE.c 25 Ap 11054.0535250612010714
miniFE.c 25 Ap 11760.0087099739012046
miniFE.c 25 Ap 26753.3647406958989450
miniFE.c 25 Ap 27839.0862096834971453
miniFE.c 25 Ap 28473.5365185294976982
miniFE.c 25 Ap 989.4123599472000024
miniFE.c 25 Ap 3608.8072965641999872
miniFE.c 25 Ap 6128.3407890401995246
miniFE.c 25 Ap 6391.8224746028990921
miniFE.c 25 Ap 8601.6889808288997301
miniFE.c 25 Ap 10318.9233197042995016
miniFE.c 25 Ap 19683.6473325842962367
miniFE.c 25 Ap 20178.9207280214977800
miniFE.c 25 Ap 1268.8676034993000030
miniFE.c 25 Ap 2867.0390905766998912
miniFE.c 25 Ap 5470.7324228946999938
miniFE.c 25 Ap 6427.4105067679001877
miniFE.c 25 Ap 7024.8795832297000743
miniFE.c 25 Ap 7797.7765812907000509
miniFE.c 25 Ap 8179.2443669095000587
miniFE.c 25 Ap 20192.2487104374995397
miniFE.c 57 sum 5787878.1172925252467394
miniFE.c 57 sum 12546480.1755272801965475
miniFE.c 57 sum 19218335.0663852319121361
miniFE.c 57 sum 23981116.8707963600754738
miniFE.c 57 sum 27719050.4322108030319214
miniFE.c 57 sum 34142355.6724747493863106
miniFE.c 57 sum 37020442.8496392890810966
miniFE.c 57 sum 40759635.3889386206865311
miniFE.c 90 p_ap_dot 40759635.3889386206865311
miniFE.c 91 alpha 0.0075511967747652
miniFE.c 40 y 1.4952207796877148
miniFE.c 40 y 1.7354439822046113
miniFE.c 40 y 1.5918330565830936
miniFE.c 40 y 1.5301888617122976
miniFE.c 40 y 1.1874717551321581
miniFE.c 40 y 1.7034639087438030
miniFE.c 40 y 1.0770151140699247
miniFE.c 40 y 1.3983275982723149
miniFE.c 40 y -22.7109028171832392
miniFE.c 40 y 7.7598568712717224
miniFE.c 40 y -28.1851056205778718
miniFE.c 40 y 25.1627972064522965
miniFE.c 40 y -22.2337376167249090
miniFE.c 40 y 10.5793228751201411
miniFE.c 40 y -9.7466011196791271
miniFE.c 40 y 32.7039566624870304
miniFE.c 82 oldrtrans 307784.0272895599482581
miniFE.c 48 sum 515.7851067715415638
miniFE.c 48 sum 576.0004854341644887
miniFE.c 48 sum 1370.4006642772947089
miniFE.c 48 sum 2003.5670275303382368
miniFE.c 48 sum 2497.9061159397065239
miniFE.c 48 sum 2609.8281884357465970
miniFE.c 48 sum 2704.8244218218769674
miniFE.c 48 sum 3774.3732032037069075
miniFE.c 83 rtrans 3774.3732032037069075
miniFE.c 84 beta 0.0122630574316737
miniFE.c 40 y -20.2826813257743481
miniFE.c 40 y 10.5781981035314754
miniFE.c 40 y -25.5999868934709198
miniFE.c 40 y 27.6478064642157797
miniFE.c 40 y -20.3052970309438834
miniFE.c 40 y 13.3457288328510124
miniFE.c 40 y -7.9975408590913943
miniFE.c 40 y 34.9748247324613999
miniFE.c 87 normr 61.4359276254839912
miniFE.c 25 Ap -1360.8606215752454318
miniFE.c 25 Ap -1201.2615287783091844
miniFE.c 25 Ap -1439.8332594357730159
miniFE.c 25 Ap -1060.6023985474218989
miniFE.c 25 Ap -1346.1641158653683306
miniFE.c 25 Ap -1131.8797554335792483
miniFE.c 25 Ap -1171.8414837163259108
miniFE.c 25 Ap -947.7206034167551252
miniFE.c 25 Ap -316.1573092995739671
miniFE.c 25 Ap 386.6221010435241396
miniFE.c 25 Ap 18.1878576722974685
miniFE.c 25 Ap 183.0742882284909570
miniFE.c 25 Ap -38.9359104420073834
miniFE.c 25 Ap 89.8806142165401241
miniFE.c 25 Ap -1.2706379462767359
miniFE.c 25 Ap 241.9408657104360714
miniFE.c 25 Ap -189.0186274860135427
miniFE.c 25 Ap -36.7775177259316592
miniFE.c 25 Ap -1769.2333347535031862
miniFE.c 25 Ap -1503.4777806533297735
miniFE.c 25 Ap -1844.5698151325907475
miniFE.c 25 Ap -1628.6934427083310766
miniFE.c 25 Ap -1724.2795712037398062
miniFE.c 25 Ap -1292.2995652129045538
miniFE.c 25 Ap -278.2071955781705697
miniFE.c 25 Ap -215.1207684771599133
miniFE.c 25 Ap -461.1923224949088080
miniFE.c 25 Ap 1347.0214980138566716
miniFE.c 25 Ap 1272.5393943110871078
miniFE.c 25 Ap 1420.4886761219017899
miniFE.c 25 Ap 1410.0900095780627908
miniFE.c 25 Ap 1575.2071364351054399
miniFE.c 25 Ap -285.2436633837082240
miniFE.c 25 Ap -169.5857708169554598
miniFE.c 25 Ap -599.6189586511206926
miniFE.c 25 Ap -498.2037079860532458
miniFE.c 25 Ap -1849.7498630399372814
miniFE.c 25 Ap -1789.8381237434007289
miniFE.c 25 Ap -1902.2248462723200646
miniFE.c 25 Ap -1769.3436656229396249
miniFE.c 25 Ap -325.6668444391632420
miniFE.c 25 Ap -223.5632625431819065
miniFE.c 25 Ap -637.6607145360305822
miniFE.c 25 Ap -331.1601733324455381
miniFE.c 25 Ap -422.3148549008380428
miniFE.c 25 Ap 464.6859238637236444
miniFE.c 25 Ap 403.8067314320546188
miniFE.c 25 Ap 523.6352025668062424
miniFE.c 25 Ap -101.3475284799256286
miniFE.c 25 Ap 19.2165323672450512
miniFE.c 25 Ap -286.7529749843057516
miniFE.c 25 Ap -250.8043846419190857
miniFE.c 25 Ap -536.1478200167829300
miniFE.c 25 Ap -434.5569425119299467
miniFE.c 25 Ap -959.6610797463245035
miniFE.c 25 Ap -866.1189174343467130
miniFE.c 25 Ap -129.9726997444855385
miniFE.c 25 Ap -56.4129467959418065
miniFE.c 25 Ap -372.6027369149730362
miniFE.c 25 Ap -242.0766684588293458
miniFE.c 25 Ap -319.2233550697816327
miniFE.c 25 Ap -273.4990864150416314
miniFE.c 25 Ap -294.8889653025105417
miniFE.c 25 Ap 1974.0041602101771332
miniFE.c 57 sum 19222.3149849726178218
miniFE.c 57 sum 21781.6133917975166696
miniFE.c 57 sum 54864.4653236860394827
miniFE.c 57 sum 98415.4873728953825776
miniFE.c 57 sum 134342.5360531882324722
miniFE.c 57 sum 141330.8294739798293449
miniFE.c 57 sum 148257.6509049930318724
miniFE.c 57 sum 217298.1004294936428778
miniFE.c 90 p_ap_dot 217298.1004294936428778
miniFE.c 91 alpha 0.0173695637271729
miniFE.c 40 y 1.1429194538417375
miniFE.c 40 y 1.9191826682825608
miniFE.c 40 y 1.1471724528221594
miniFE.c 40 y 2.0104191980090365
miniFE.c 40 y 0.8347776043540036
miniFE.c 40 y 1.9352733961915776
miniFE.c 40 y 0.9381013184572676
miniFE.c 40 y 2.0058250453095061
miniFE.c 40 y -6.2494094005811576
miniFE.c 40 y 3.5574495861069222
miniFE.c 40 y -5.7384259680144964
miniFE.c 40 y -2.1978635333548020
miniFE.c 40 y 8.4989899385824366
miniFE.c 40 y 1.4840078543449096
miniFE.c 40 y 5.2975066120067602
miniFE.c 40 y -1.5836343959880637
miniFE.c 82 oldrtrans 3774.3732032037069075
miniFE.c 48 sum 39.0551178560721439
miniFE.c 48 sum 51.7105654137644564
miniFE.c 48 sum 84.6400980041475748
miniFE.c 48 sum 89.4707021153984243
miniFE.c 48 sum 161.7035320915239254
miniFE.c 48 sum 163.9058114032813194
miniFE.c 48 sum 191.9693877075366686
miniFE.c 48 sum 194.4772856076931475
miniFE.c 83 rtrans 194.4772856076931475
miniFE.c 84 beta 0.0515257170230596
miniFE.c 40 y -7.2944890990419013
miniFE.c 40 y 4.1024988282033501
miniFE.c 40 y -7.0574836484815133
miniFE.c 40 y -0.7732904811713024
miniFE.c 40 y 7.4527449496968501
miniFE.c 40 y 2.1716561016528781
miniFE.c 40 y 4.8854275848208601
miniFE.c 40 y 0.2184685261078478
miniFE.c 87 normr 13.9455113067858925
miniFE.c 25 Ap -489.4216306983776690
miniFE.c 25 Ap -427.5249745029182122
miniFE.c 25 Ap -493.2951678671345235
miniFE.c 25 Ap -503.9019990192159071
miniFE.c 25 Ap -399.0909911661997285
miniFE.c 25 Ap -364.2220121356204459
miniFE.c 25 Ap -339.8107420803116270
miniFE.c 25 Ap -338.4107820014954200
miniFE.c 25 Ap -113.7032135557705885
miniFE.c 25 Ap 158.8528190690558120
miniFE.c 25 Ap 57.2817261246193254
miniFE.c 25 Ap 52.6699639803622119
miniFE.c 25 Ap 134.1553706898171754
miniFE.c 25 Ap 155.1167730434937937
miniFE.c 25 Ap 210.7979942530069195
miniFE.c 25 Ap 212.3172029736453226
miniFE.c 25 Ap -67.9788976401495688
miniFE.c 25 Ap -8.9358575796117989
miniFE.c 25 Ap -486.5446411804781519
miniFE.c 25 Ap -493.9776446113309021
miniFE.c 25 Ap -368.7850934522322746
miniFE.c 25 Ap -333.6570575652868342
miniFE.c 25 Ap -275.2667201971630107
miniFE.c 25 Ap -272.5683782915555184
miniFE.c 25 Ap -100.0547867821172474
miniFE.c 25 Ap -75.5882386304968605
miniFE.c 25 Ap -143.4260065193396372
miniFE.c 25 Ap -194.0005263146656205
miniFE.c 25 Ap -166.6630231317432163
miniFE.c 25 Ap -142.5882824709905776
miniFE.c 25 Ap -136.2360883060962067
miniFE.c 25 Ap -135.2046922772223354
miniFE.c 25 Ap -102.5853909403568593
miniFE.c 25 Ap -57.7302687273244288
miniFE.c 25 Ap -176.2831494015736098
miniFE.c 25 Ap -179.1196654950438472
miniFE.c 25 Ap 316.9444288154151081
miniFE.c 25 Ap 326.6934425885478959
miniFE.c 25 Ap 395.3466953926566134
miniFE.c 25 Ap 396.1767311657021651
miniFE.c 25 Ap -117.1232347698563814
miniFE.c 25 Ap -77.5248248153493478
miniFE.c 25 Ap -191.6844924932552772
miniFE.c 25 Ap -200.2571057055673975
miniFE.c 25 Ap -166.8001909081736471
miniFE.c 25 Ap -22.4648250768709659
miniFE.c 25 Ap 14.7242173159781942
miniFE.c 25 Ap 15.4727199796747055
miniFE.c 25 Ap -36.4487529946158162
miniFE.c 25 Ap 10.3091081749373288
miniFE.c 25 Ap -74.0415129426948226
miniFE.c 25 Ap -75.0469707448996246
miniFE.c 25 Ap 29.6839200999073114
miniFE.c 25 Ap 46.2150853714973096
miniFE.c 25 Ap 366.9834668211822759
miniFE.c 25 Ap 367.5677733469636905
miniFE.c 25 Ap -46.7435456994737422
miniFE.c 25 Ap -18.2151708930328091
miniFE.c 25 Ap -105.3833512076482180
miniFE.c 25 Ap -109.0340772213914136
miniFE.c 25 Ap -80.7185801297000864
miniFE.c 25 Ap -73.2781931518636043
miniFE.c 25 Ap -60.2118386068878806
miniFE.c 25 Ap -46.0393090568848748
miniFE.c 57 sum 2468.5337603081534326
miniFE.c 57 sum 3339.5648367149460682
miniFE.c 57 sum 5263.2117096007223154
miniFE.c 57 sum 5367.7642111483937697
miniFE.c 57 sum 8320.3683435309867491
miniFE.c 57 sum 8353.9697702840130660
miniFE.c 57 sum 10149.6955094844506675
miniFE.c 57 sum 10139.6373694917692774
miniFE.c 90 p_ap_dot 10139.6373694917692774
miniFE.c 91 alpha 0.0191799054069565
miniFE.c 40 y 1.0030118429300388
miniFE.c 40 y 1.9978682077396508
miniFE.c 40 y 1.0118105840331419
miniFE.c 40 y 1.9955875597280710
miniFE.c 40 y 0.9777205475113618
miniFE.c 40 y 1.9769255547977196
miniFE.c 40 y 1.0318033574066676
miniFE.c 40 y 2.0100152509746518
miniFE.c 40 y 0.2412773869016949
miniFE.c 40 y -0.5147742831971742
miniFE.c 40 y -0.5105902554549315
miniFE.c 40 y 0.3953496750989816
miniFE.c 40 y 0.9003577103870422
miniFE.c 40 y 1.1872425487464231
miniFE.c 40 y -1.7524085114336225
miniFE.c 40 y -0.7006048032753770
miniFE.c 82 oldrtrans 194.4772856076931475
miniFE.c 48 sum 0.0582147774301102
miniFE.c 48 sum 0.3232073400712747
miniFE.c 48 sum 0.5839097490368069
miniFE.c 48 sum 0.7402111146376772
miniFE.c 48 sum 1.5508551212910739
miniFE.c 48 sum 2.9603999908449765
miniFE.c 48 sum 6.0313355817899819
miniFE.c 48 sum 6.5221826721625114
miniFE.c 83 rtrans 6.5221826721625114
miniFE.c 84 beta 0.0335369894318625
miniFE.c 40 y -0.0033578169237097
miniFE.c 40 y -0.3771888233514902
miniFE.c 40 y -0.7472770099895985
miniFE.c 40 y 0.3694158404041797
miniFE.c 40 y 1.1503003390033921
miniFE.c 40 y 1.2600733564771953
miniFE.c 40 y -1.5885659781513557
miniFE.c 40 y -0.6932780266241035
miniFE.c 87 normr 2.5538564313920449
miniFE.c 25 Ap -0.2252917527293911
miniFE.c 25 Ap -5.9161469844861667
miniFE.c 25 Ap -12.8801806105823609
miniFE.c 25 Ap -7.8130919298368333
miniFE.c 25 Ap 8.3640533607068619
miniFE.c 25 Ap 28.5962952016473011
miniFE.c 25 Ap 20.6586249731875569
miniFE.c 25 Ap 16.2160557020646223
miniFE.c 25 Ap -0.0523401391891704
miniFE.c 25 Ap -25.1114793487745480
miniFE.c 25 Ap -35.8662676582345483
miniFE.c 25 Ap -33.6631395585786564
miniFE.c 25 Ap -21.0862042690477764
miniFE.c 25 Ap -8.9236410528170662
miniFE.c 25 Ap -27.0291788178591119
miniFE.c 25 Ap -31.8501662737565177
miniFE.c 25 Ap -0.0312922111270550
miniFE.c 25 Ap -5.4597824411370013
miniFE.c 25 Ap -56.0310740701039904
miniFE.c 25 Ap -52.4801843643669415
miniFE.c 25 Ap -33.1572322157269426
miniFE.c 25 Ap -12.7746762240923388
miniFE.c 25 Ap -31.7611214809986535
miniFE.c 25 Ap -40.3239162450974788
miniFE.c 25 Ap -0.0460574622558942
miniFE.c 25 Ap -2.2955422019806848
miniFE.c 25 Ap -9.4784995954774534
miniFE.c 25 Ap 14.6819280680429909
miniFE.c 25 Ap 18.9013585451454027
miniFE.c 25 Ap 32.8703931669823746
miniFE.c 25 Ap 30.8048872595127037
miniFE.c 25 Ap 27.5319022840355672
miniFE.c 25 Ap -0.0472223561030675
miniFE.c 25 Ap -4.1712578469871540
miniFE.c 25 Ap -16.7241515706542252
miniFE.c 25 Ap -15.3690928934775695
miniFE.c 25 Ap 61.1963470490153583
miniFE.c 25 Ap 66.8530771814262721
miniFE.c 25 Ap 44.5294996028978431
miniFE.c 25 Ap 41.8955020517798715
miniFE.c 25 Ap -0.0539144516538516
miniFE.c 25 Ap -3.6946413068694457
miniFE.c 25 Ap -15.7823625645880927
miniFE.c 25 Ap -11.6870591936098016
miniFE.c 25 Ap -6.5231228596533999
miniFE.c 25 Ap 77.2254728516966793
miniFE.c 25 Ap 65.1329289587397824
miniFE.c 25 Ap 62.7576648469920073
miniFE.c 25 Ap -0.0167781784291800
miniFE.c 25 Ap -4.3157538455836884
miniFE.c 25 Ap -13.2471638323587690
miniFE.c 25 Ap -12.7668371659425208
miniFE.c 25 Ap 3.3979423959568873
miniFE.c 25 Ap 12.9899219429934956
miniFE.c 25 Ap -91.3124607636638359
miniFE.c 25 Ap -93.1666723627175202
miniFE.c 25 Ap -0.0215171023895976
miniFE.c 25 Ap -2.6444512154711717
miniFE.c 25 Ap -11.8741966029443997
miniFE.c 25 Ap -10.1301740767527360
miniFE.c 25 Ap -5.7597942873642660
miniFE.c 25 Ap -1.4426128581702704
miniFE.c 25 Ap -5.6913231149968260
miniFE.c 25 Ap -50.6657800482004674
miniFE.c 57 sum -0.0544505462722110
miniFE.c 57 sum 11.9590761940753261
miniFE.c 57 sum 42.0922117567827669
miniFE.c 57 sum 52.2629325769655253
miniFE.c 57 sum 100.4553427898452185
miniFE.c 57 sum 179.5346041782653401
miniFE.c 57 sum 327.5360101912525579
miniFE.c 57 sum 362.6614822004398775
miniFE.c 90 p_ap_dot 362.6614822004398775
miniFE.c 91 alpha 0.0179842166656060
miniFE.c 40 y 1.0029514552229593
miniFE.c 40 y 1.9910847622166525
miniFE.c 40 y 0.9983713923762628
miniFE.c 40 y 2.0022312142416068
miniFE.c 40 y 0.9984077980385189
miniFE.c 40 y 1.9995869870551628
miniFE.c 40 y 1.0032342426679834
miniFE.c 40 y 1.9975471887343401
miniFE.c 40 y -0.0503556723057703
miniFE.c 40 y 0.0580260079056387
miniFE.c 40 y 0.2146037911026496
miniFE.c 40 y -0.0997900207934058
miniFE.c 40 y 0.1468999241734937
miniFE.c 40 y 0.0585951067106358
miniFE.c 40 y -0.0768788896489876
miniFE.c 40 y 0.2105795626433959
miniFE.c 82 oldrtrans 6.5221826721625114
miniFE.c 48 sum 0.0025356937333661
miniFE.c 48 sum 0.0059027113268314
miniFE.c 48 sum 0.0519574984824610
miniFE.c 48 sum 0.0619155467324094
miniFE.c 48 sum 0.0834951344545876
miniFE.c 48 sum 0.0869285209850184
miniFE.c 48 sum 0.0928388846586796
miniFE.c 48 sum 0.1371826368617635
miniFE.c 83 rtrans 0.1371826368617635
miniFE.c 84 beta 0.0210332405204283
miniFE.c 40 y -0.0504262980767503
miniFE.c 40 y 0.0500925046624695
miniFE.c 40 y 0.1988861340161519
miniFE.c 40 y -0.0920200085701285
miniFE.c 40 y 0.1710944678744822
miniFE.c 40 y 0.0850985326908040
miniFE.c 40 y -0.1102915799500144
miniFE.c 40 y 0.1959976791618833
miniFE.c 87 normr 0.3703817447739070
miniFE.c 25 Ap -3.3833378458331174
miniFE.c 25 Ap -2.6275646771128756
miniFE.c 25 Ap -0.7741024314698106
miniFE.c 25 Ap -2.0362939588218927
miniFE.c 25 Ap 0.3698776916287794
miniFE.c 25 Ap 1.7362537719254050
miniFE.c 25 Ap 1.1851540992270104
miniFE.c 25 Ap 2.4411195751501458
miniFE.c 25 Ap -0.7860224425862486
miniFE.c 25 Ap 2.5419527517473264
miniFE.c 25 Ap 5.4043160259237641
miniFE.c 25 Ap 4.8555256264930948
miniFE.c 25 Ap 6.7262058113902121
miniFE.c 25 Ap 7.5475994851315482
miniFE.c 25 Ap 6.2905611288934544
miniFE.c 25 Ap 7.6535097820126330
miniFE.c 25 Ap -0.4699334125787261
miniFE.c 25 Ap 0.2509964117483952
miniFE.c 25 Ap 13.7104345449095231
miniFE.c 25 Ap 12.8259221190319472
miniFE.c 25 Ap 15.6999977873917160
miniFE.c 25 Ap 17.0765252716530291
miniFE.c 25 Ap 15.7583269255852532
miniFE.c 25 Ap 18.1791275805191326
miniFE.c 25 Ap -0.6916718133067643
miniFE.c 25 Ap -0.3929293325206541
miniFE.c 25 Ap 1.5187989927160510
miniFE.c 25 Ap -4.4994669219850083
miniFE.c 25 Ap -3.8718732512410057
miniFE.c 25 Ap -2.9284802786693485
miniFE.c 25 Ap -3.0718850305424956
miniFE.c 25 Ap -2.1465744992842279
miniFE.c 25 Ap -0.7091657046355504
miniFE.c 25 Ap -0.1614737947329272
miniFE.c 25 Ap 3.1794512839745153
miniFE.c 25 Ap 2.8419115862983242
miniFE.c 25 Ap 14.2301749470533849
miniFE.c 25 Ap 14.6121998756986713
miniFE.c 25 Ap 13.0623098017983015
miniFE.c 25 Ap 13.8069712321498521
miniFE.c 25 Ap -0.8096648124395330
miniFE.c 25 Ap -0.3261586328311372
miniFE.c 25 Ap 2.8909618163125907
miniFE.c 25 Ap 1.8708381235050888
miniFE.c 25 Ap 2.6389166063484897
miniFE.c 25 Ap 8.2948433611812220
miniFE.c 25 Ap 7.4552774949141041
miniFE.c 25 Ap 8.1267920034094026
miniFE.c 25 Ap -0.2519677057675980
miniFE.c 25 Ap 0.3189571077974786
miniFE.c 25 Ap 2.6960322483904853
miniFE.c 25 Ap 2.5763847965873214
miniFE.c 25 Ap 4.9807171815083429
miniFE.c 25 Ap 5.6285075509000562
miniFE.c 25 Ap -1.6130390637739804
miniFE.c 25 Ap -1.0888320989878113
miniFE.c 25 Ap -0.3231348949325946
miniFE.c 25 Ap 0.0252034734247615
miniFE.c 25 Ap 2.4816799253010364
miniFE.c 25 Ap 2.0472508882812197
miniFE.c 25 Ap 2.6972966016665194
miniFE.c 25 Ap 2.9888556629671275
miniFE.c 25 Ap 2.6938745457707567
miniFE.c 25 Ap 15.4086712679427009
miniFE.c 57 sum -0.1230966233375112
miniFE.c 57 sum 0.2602868511022126
miniFE.c 57 sum 3.8758632553780639
miniFE.c 57 sum 4.0733910591986175
miniFE.c 57 sum 6.4356874551215810
miniFE.c 57 sum 7.1272655300950802
miniFE.c 57 sum 7.2473545425927366
miniFE.c 57 sum 10.2674183500779002
miniFE.c 90 p_ap_dot 10.2674183500779002
miniFE.c 91 alpha 0.0133609669134328
miniFE.c 40 y 1.0022777111227890
miniFE.c 40 y 1.9917540465140589
miniFE.c 40 y 1.0010287034323933
miniFE.c 40 y 2.0010017379517273
miniFE.c 40 y 1.0006937855628613
miniFE.c 40 y 2.0007239857348265
miniFE.c 40 y 1.0017606405174411
miniFE.c 40 y 2.0001659072407318
miniFE.c 40 y -0.0829713901810845
miniFE.c 40 y -0.0442322830634663
miniFE.c 40 y -0.0282869310157401
miniFE.c 40 y -0.0711097099312506
miniFE.c 40 y -0.0375745616339788
miniFE.c 40 y -0.0499866923592674
miniFE.c 40 y -0.0623310400001279
miniFE.c 40 y 0.0047048156524510
miniFE.c 82 oldrtrans 0.1371826368617635
miniFE.c 48 sum 0.0068842515885818
miniFE.c 48 sum 0.0088407464535884
miniFE.c 48 sum 0.0096408969198776
miniFE.c 48 sum 0.0146974877663842
miniFE.c 48 sum 0.0161093354483699
miniFE.c 48 sum 0.0186080048613899
miniFE.c 48 sum 0.0224931634088875
miniFE.c 48 sum 0.0225152986992110
miniFE.c 83 rtrans 0.0225152986992110
miniFE.c 84 beta 0.1641264464241148
miniFE.c 40 y -0.0912476792907447
miniFE.c 40 y -0.0360107782807318
miniFE.c 40 y 0.0043555434033612
miniFE.c 40 y -0.0862126269377824
miniFE.c 40 y -0.0094934346189152
miniFE.c 40 y -0.0360197725928194
miniFE.c 40 y -0.0804328050878249
miniFE.c 40 y 0.0368732182406647
miniFE.c 87 normr 0.1500509869984567
miniFE.c 25 Ap -6.1222365801855227
miniFE.c 25 Ap -6.6655509980349779
miniFE.c 25 Ap -6.6249607613283095
miniFE.c 25 Ap -7.8074953965941329
miniFE.c 25 Ap -7.9410054599481317
miniFE.c 25 Ap -8.5193533366074767
miniFE.c 25 Ap -8.9212561162956767
miniFE.c 25 Ap -8.6849702107967488
miniFE.c 25 Ap -1.4223277633284479
miniFE.c 25 Ap -3.8147610755463299
miniFE.c 25 Ap -3.7520762255514577
miniFE.c 25 Ap -4.2662324694850353
miniFE.c 25 Ap -4.3700299811687531
miniFE.c 25 Ap -4.7177024074941549
miniFE.c 25 Ap -5.6344280645301810
miniFE.c 25 Ap -5.3780153184599868
miniFE.c 25 Ap -0.8503565590661389
miniFE.c 25 Ap -1.3686225997590822
miniFE.c 25 Ap -1.0738651634811098
miniFE.c 25 Ap -1.9025560208167884
miniFE.c 25 Ap -2.0620284443635577
miniFE.c 25 Ap -2.6446731196954998
miniFE.c 25 Ap -3.6060011801368774
miniFE.c 25 Ap -3.1505737931993272
miniFE.c 25 Ap -1.2515978805147070
miniFE.c 25 Ap -1.4663595361977877
miniFE.c 25 Ap -1.4244932907845842
miniFE.c 25 Ap -7.0629465161076164
miniFE.c 25 Ap -7.0977694975544745
miniFE.c 25 Ap -7.4970807343434851
miniFE.c 25 Ap -7.6016621218012430
miniFE.c 25 Ap -7.4275826260369548
miniFE.c 25 Ap -1.2832535254142521
miniFE.c 25 Ap -1.6769813309322439
miniFE.c 25 Ap -1.6038161288447699
miniFE.c 25 Ap -1.9200537002667728
miniFE.c 25 Ap -2.5519486702293896
miniFE.c 25 Ap -2.7136488854914824
miniFE.c 25 Ap -3.8439437482369554
miniFE.c 25 Ap -3.7038499289929048
miniFE.c 25 Ap -1.4651092377639134
miniFE.c 25 Ap -1.8126948485965593
miniFE.c 25 Ap -1.7422409287222436
miniFE.c 25 Ap -2.6979846275655364
miniFE.c 25 Ap -2.7406026207108130
miniFE.c 25 Ap -5.1345944918859665
miniFE.c 25 Ap -5.7468682276549057
miniFE.c 25 Ap -5.6205356040779257
miniFE.c 25 Ap -0.4559420239913872
miniFE.c 25 Ap -0.8663716284759824
miniFE.c 25 Ap -0.8143144350516135
miniFE.c 25 Ap -0.9264109376128071
miniFE.c 25 Ap -1.0598189465446521
miniFE.c 25 Ap -1.3340100642468429
miniFE.c 25 Ap -6.6150832672642661
miniFE.c 25 Ap -6.5164637433061685
miniFE.c 25 Ap -0.5847208774988875
miniFE.c 25 Ap -0.8351363006068248
miniFE.c 25 Ap -0.7813402435895320
miniFE.c 25 Ap -1.1883524693163570
miniFE.c 25 Ap -1.2244212362145170
miniFE.c 25 Ap -1.3478298397868163
miniFE.c 25 Ap -1.5629519616640939
miniFE.c 25 Ap 0.8290940892235874
miniFE.c 57 sum 0.7924833764444533
miniFE.c 57 sum 0.9861498936678950
miniFE.c 57 sum 0.9724274327661230
miniFE.c 57 sum 1.6127788427542011
miniFE.c 57 sum 1.6479410998933690
miniFE.c 57 sum 1.8503915142021006
miniFE.c 57 sum 2.3745289723293235
miniFE.c 57 sum 2.4051003396233099
miniFE.c 90 p_ap_dot 2.4051003396233099
miniFE.c 91 alpha 0.0093614799882891
miniFE.c 40 y 1.0014234977991308
miniFE.c 40 y 1.9914169323338211
miniFE.c 40 y 1.0010694777648019
miniFE.c 40 y 2.0001946601699112
miniFE.c 40 y 1.0006049129646561
miniFE.c 40 y 2.0003867873545160
miniFE.c 40 y 1.0010076704222095
miniFE.c 40 y 2.0005110951353955
miniFE.c 40 y -0.0016672153538235
miniFE.c 40 y 0.0061138997170093
miniFE.c 40 y 0.0012071025009236
miniFE.c 40 y -0.0015765438162416
miniFE.c 40 y -0.0029010446440856
miniFE.c 40 y 0.0026298392217747
miniFE.c 40 y -0.0013272950727554
miniFE.c 40 y -0.0030567320722244
miniFE.c 82 oldrtrans 0.0225152986992110
miniFE.c 48 sum 0.0000027796070360
miniFE.c 48 sum 0.0000401593767857
miniFE.c 48 sum 0.0000416164732334
miniFE.c 48 sum 0.0000441019636379
miniFE.c 48 sum 0.0000525180236649
miniFE.c 48 sum 0.0000594340779973
miniFE.c 48 sum 0.0000611957902075
miniFE.c 48 sum 0.0000705394011688
miniFE.c 83 rtrans 0.0000705394011688
miniFE.c 84 beta 0.0031329542686146
miniFE.c 40 y -0.0019530901601586
miniFE.c 40 y 0.0060010795954786
miniFE.c 40 y 0.0012207482192213
miniFE.c 40 y -0.0018466440338148
miniFE.c 40 y -0.0029307871405988
miniFE.c 40 y 0.0025169909214755
miniFE.c 40 y -0.0015792873727920
miniFE.c 40 y -0.0029412099657398
miniFE.c 87 normr 0.0083987737895972
miniFE.c 25 Ap -0.1310420178996928
miniFE.c 25 Ap -0.0405004294489304
miniFE.c 25 Ap -0.0291240167746360
miniFE.c 25 Ap -0.0544534911980163
miniFE.c 25 Ap -0.0956703523789844
miniFE.c 25 Ap -0.0552565393474050
miniFE.c 25 Ap -0.0631478466859781
miniFE.c 25 Ap -0.0819953054426665
miniFE.c 25 Ap -0.0304438905259797
miniFE.c 25 Ap 0.3682473741161947
miniFE.c 25 Ap 0.3858163458647816
miniFE.c 25 Ap 0.3748033006296124
miniFE.c 25 Ap 0.3427592170412903
miniFE.c 25 Ap 0.3670538829349571
miniFE.c 25 Ap 0.3490540972394239
miniFE.c 25 Ap 0.3286012113762460
miniFE.c 25 Ap -0.0182012632107218
miniFE.c 25 Ap 0.0681660942950176
miniFE.c 25 Ap 0.1507791191499422
miniFE.c 25 Ap 0.1330288535342085
miniFE.c 25 Ap 0.0837969636047451
miniFE.c 25 Ap 0.1245110284833473
miniFE.c 25 Ap 0.1056354805609799
miniFE.c 25 Ap 0.0693080962684335
miniFE.c 25 Ap -0.0267895416509134
miniFE.c 25 Ap 0.0089997928578751
miniFE.c 25 Ap 0.0207338383719689
miniFE.c 25 Ap -0.1000398392008162
miniFE.c 25 Ap -0.1107902946806922
miniFE.c 25 Ap -0.0828872101942160
miniFE.c 25 Ap -0.0849406517528035
miniFE.c 25 Ap -0.0988261863549401
miniFE.c 25 Ap -0.0274671076892756
miniFE.c 25 Ap 0.0381463561866446
miniFE.c 25 Ap 0.0586527045078041
miniFE.c 25 Ap 0.0518790073676397
miniFE.c 25 Ap -0.1431978775024115
miniFE.c 25 Ap -0.1318985842387872
miniFE.c 25 Ap -0.1540917727309262
miniFE.c 25 Ap -0.1652664235197401
miniFE.c 25 Ap -0.0313595968475701
miniFE.c 25 Ap 0.0265644196951613
miniFE.c 25 Ap 0.0463108644573377
miniFE.c 25 Ap 0.0258391718293107
miniFE.c 25 Ap 0.0126822616822247
miniFE.c 25 Ap 0.1799697088838004
miniFE.c 25 Ap 0.1679477959524257
miniFE.c 25 Ap 0.1578708135464558
miniFE.c 25 Ap -0.0097591071639527
miniFE.c 25 Ap 0.0586376574283506
miniFE.c 25 Ap 0.0732279668995908
miniFE.c 25 Ap 0.0708268993875717
miniFE.c 25 Ap 0.0296415441683651
miniFE.c 25 Ap 0.0488014806234669
miniFE.c 25 Ap -0.0548916855567839
miniFE.c 25 Ap -0.0627581192591230
miniFE.c 25 Ap -0.0125155247909762
miniFE.c 25 Ap 0.0292153946101813
miniFE.c 25 Ap 0.0442930633929813
miniFE.c 25 Ap 0.0355750052033087
miniFE.c 25 Ap 0.0244399542501205
miniFE.c 25 Ap 0.0330635049408700
miniFE.c 25 Ap 0.0288396108429576
miniFE.c 25 Ap -0.1619630914723081
miniFE.c 57 sum 0.0001601442242393
miniFE.c 57 sum 0.0021321062488788
miniFE.c 57 sum 0.0022167139839761
miniFE.c 57 sum 0.0023992107713931
miniFE.c 57 sum 0.0028835714802175
miniFE.c 57 sum 0.0032809308846799
miniFE.c 57 sum 0.0033800439899660
miniFE.c 57 sum 0.0038564114486864
miniFE.c 90 p_ap_dot 0.0038564114486864
miniFE.c 91 alpha 0.0182914614032830
miniFE.c 40 y 1.0013877729258491
miniFE.c 40 y 1.9915267008496198
miniFE.c 40 y 1.0010918070337369
miniFE.c 40 y 2.0001608823518411
miniFE.c 40 y 1.0005513045847927
miniFE.c 40 y 2.0004328267968088
miniFE.c 40 y 1.0009787829481853
miniFE.c 40 y 2.0004572961068283
miniFE.c 40 y -0.0001674013890685
miniFE.c 40 y 0.0001033033420487
miniFE.c 40 y -0.0000606438669054
miniFE.c 40 y 0.0002311315571034
miniFE.c 40 y 0.0001219197629843
miniFE.c 40 y -0.0002578486709152
miniFE.c 40 y -0.0001793573565846
miniFE.c 40 y -0.0000941904358023
