filename line variable value
miniFE.c 167 A 67.0947100000000063
miniFE.c 167 A 15.0875500000000002
miniFE.c 167 A 9.3192129999999995
miniFE.c 167 A 13.7164900000000003
miniFE.c 167 A 14.0634099999999993
miniFE.c 167 A 16.0564000000000000
miniFE.c 167 A 4.9967519999999999
miniFE.c 167 A 6.4080630000000003
miniFE.c 167 A 15.0875500000000002
miniFE.c 167 A 66.4365899999999954
miniFE.c 167 A 14.3919700000000006
miniFE.c 167 A 5.9638159999999996
miniFE.c 167 A 10.9336099999999998
miniFE.c 167 A 9.6522659999999991
miniFE.c 167 A 11.3974100000000007
miniFE.c 167 A 6.9539020000000002
miniFE.c 167 A 9.3192129999999995
miniFE.c 167 A 14.3919700000000006
miniFE.c 167 A 67.6740900000000067
miniFE.c 167 A 9.6121750000000006
miniFE.c 167 A 16.7981799999999986
miniFE.c 167 A 16.1756899999999995
miniFE.c 167 A 11.9519400000000005
miniFE.c 167 A 12.3511699999999998
miniFE.c 167 A 13.7164900000000003
miniFE.c 167 A 5.9638159999999996
miniFE.c 167 A 9.6121750000000006
miniFE.c 167 A 65.4017099999999942
miniFE.c 167 A 3.6681119999999998
miniFE.c 167 A 11.0858899999999991
miniFE.c 167 A 1.3002330000000000
miniFE.c 167 A 4.7210279999999996
miniFE.c 167 A 14.0634099999999993
miniFE.c 167 A 10.9336099999999998
miniFE.c 167 A 16.7981799999999986
miniFE.c 167 A 3.6681119999999998
miniFE.c 167 A 66.5612600000000043
miniFE.c 167 A 4.4892070000000004
miniFE.c 167 A 14.0526599999999995
miniFE.c 167 A 3.7993380000000001
miniFE.c 167 A 16.0564000000000000
miniFE.c 167 A 9.6522659999999991
miniFE.c 167 A 16.1756899999999995
miniFE.c 167 A 11.0858899999999991
miniFE.c 167 A 4.4892070000000004
miniFE.c 167 A 66.4632699999999943
miniFE.c 167 A 7.6122389999999998
miniFE.c 167 A 3.4261349999999999
miniFE.c 167 A 4.9967519999999999
miniFE.c 167 A 11.3974100000000007
miniFE.c 167 A 11.9519400000000005
miniFE.c 167 A 1.3002330000000000
miniFE.c 167 A 14.0526599999999995
miniFE.c 167 A 7.6122389999999998
miniFE.c 167 A 65.6581999999999937
miniFE.c 167 A 2.6745570000000001
miniFE.c 167 A 6.4080630000000003
miniFE.c 167 A 6.9539020000000002
miniFE.c 167 A 12.3511699999999998
miniFE.c 167 A 4.7210279999999996
miniFE.c 167 A 3.7993380000000001
miniFE.c 167 A 3.4261349999999999
miniFE.c 167 A 2.6745570000000001
miniFE.c 167 A 64.8721800000000002
miniFE.c 175 b 198.0110999999999990
miniFE.c 175 b 229.8237000000000023
miniFE.c 175 b 210.8053999999999917
miniFE.c 175 b 202.6418999999999926
miniFE.c 175 b 157.2561000000000035
miniFE.c 175 b 225.5886000000000138
miniFE.c 175 b 142.6283999999999992
miniFE.c 175 b 185.1795999999999935
miniFE.c 33 r 0.0000000000000000
miniFE.c 33 r 0.0000000000000000
miniFE.c 33 r 0.0000000000000000
miniFE.c 33 r 0.0000000000000000
miniFE.c 33 r 0.0000000000000000
miniFE.c 33 r 0.0000000000000000
miniFE.c 33 r 0.0000000000000000
miniFE.c 33 r 0.0000000000000000
miniFE.c 25 Ap 0.0000000000000000
miniFE.c 25 Ap 0.0000000000000000
miniFE.c 25 Ap 0.0000000000000000
miniFE.c 25 Ap 0.0000000000000000
miniFE.c 25 Ap 0.0000000000000000
miniFE.c 25 Ap 0.0000000000000000
miniFE.c 25 Ap 0.0000000000000000
miniFE.c 25 Ap 0.0000000000000000
miniFE.c 25 Ap 0.0000000000000000
miniFE.c 25 Ap 0.0000000000000000
miniFE.c 25 Ap 0.0000000000000000
miniFE.c 25 Ap 0.0000000000000000
miniFE.c 25 Ap 0.0000000000000000
miniFE.c 25 Ap 0.0000000000000000
miniFE.c 25 Ap 0.0000000000000000
miniFE.c 25 Ap 0.0000000000000000
miniFE.c 25 Ap 0.0000000000000000
miniFE.c 25 Ap 0.0000000000000000
miniFE.c 25 Ap 0.0000000000000000
miniFE.c 25 Ap 0.0000000000000000
miniFE.c 25 Ap 0.0000000000000000
miniFE.c 25 Ap 0.0000000000000000
miniFE.c 25 Ap 0.0000000000000000
miniFE.c 25 Ap 0.0000000000000000
miniFE.c 25 Ap 0.0000000000000000
miniFE.c 25 Ap 0.0000000000000000
miniFE.c 25 Ap 0.0000000000000000
miniFE.c 25 Ap 0.0000000000000000
miniFE.c 25 Ap 0.0000000000000000
miniFE.c 25 Ap 0.0000000000000000
miniFE.c 25 Ap 0.0000000000000000
miniFE.c 25 Ap 0.0000000000000000
miniFE.c 25 Ap 0.0000000000000000
miniFE.c 25 Ap 0.0000000000000000
miniFE.c 25 Ap 0.0000000000000000
miniFE.c 25 Ap 0.0000000000000000
miniFE.c 25 Ap 0.0000000000000000
miniFE.c 25 Ap 0.0000000000000000
miniFE.c 25 Ap 0.0000000000000000
miniFE.c 25 Ap 0.0000000000000000
miniFE.c 25 Ap 0.0000000000000000
miniFE.c 25 Ap 0.0000000000000000
miniFE.c 25 Ap 0.0000000000000000
miniFE.c 25 Ap 0.0000000000000000
miniFE.c 25 Ap 0.0000000000000000
miniFE.c 25 Ap 0.0000000000000000
miniFE.c 25 Ap 0.0000000000000000
miniFE.c 25 Ap 0.0000000000000000
miniFE.c 25 Ap 0.0000000000000000
miniFE.c 25 Ap 0.0000000000000000
miniFE.c 25 Ap 0.0000000000000000
miniFE.c 25 Ap 0.0000000000000000
miniFE.c 25 Ap 0.0000000000000000
miniFE.c 25 Ap 0.0000000000000000
miniFE.c 25 Ap 0.0000000000000000
miniFE.c 25 Ap 0.0000000000000000
miniFE.c 25 Ap 0.0000000000000000
miniFE.c 25 Ap 0.0000000000000000
miniFE.c 25 Ap 0.0000000000000000
miniFE.c 25 Ap 0.0000000000000000
miniFE.c 25 Ap 0.0000000000000000
miniFE.c 25 Ap 0.0000000000000000
miniFE.c 25 Ap 0.0000000000000000
miniFE.c 25 Ap 0.0000000000000000
miniFE.c 33 r 198.0110999999999990
miniFE.c 33 r 229.8237000000000023
miniFE.c 33 r 210.8053999999999917
miniFE.c 33 r 202.6418999999999926
miniFE.c 33 r 157.2561000000000035
miniFE.c 33 r 225.5886000000000138
miniFE.c 33 r 142.6283999999999992
miniFE.c 33 r 185.1795999999999935
miniFE.c 48 sum 39208.3957232100001420
miniFE.c 48 sum 92027.3288048999966122
miniFE.c 48 sum 136466.2454740600078367
miniFE.c 48 sum 177529.9851096700003836
miniFE.c 48 sum 202259.4660968800017145
miniFE.c 48 sum 253149.6825468399911188
miniFE.c 48 sum 273492.5430333999684080
miniFE.c 48 sum 307784.0272895599482581
miniFE.c 75 rtrans 307784.0272895599482581
miniFE.c 76 normr 554.7828649927464539
miniFE.c 33 r 198.0110999999999990
miniFE.c 33 r 229.8237000000000023
miniFE.c 33 r 210.8053999999999917
miniFE.c 33 r 202.6418999999999926
miniFE.c 33 r 157.2561000000000035
miniFE.c 33 r 225.5886000000000138
miniFE.c 33 r 142.6283999999999992
miniFE.c 33 r 185.1795999999999935
miniFE.c 87 normr 554.7828649927464539
miniFE.c 25 Ap 13285.4973312810016068
miniFE.c 25 Ap 16752.9738962160008668
miniFE.c 25 Ap 18717.5143203662009910
miniFE.c 25 Ap 21497.0499152972006414
miniFE.c 25 Ap 23708.6069245981998392
miniFE.c 25 Ap 27330.7477216381994367
miniFE.c 25 Ap 28043.4264645949988335
miniFE.c 25 Ap 29230.0690077097970061
miniFE.c 25 Ap 2987.5023718050001662
miniFE.c 25 Ap 18256.2053009880000900
miniFE.c 25 Ap 21290.1102936259994749
miniFE.c 25 Ap 22498.6292991164009436
miniFE.c 25 Ap 24218.0061666374022025
miniFE.c 25 Ap 26395.4473404050004319
miniFE.c 25 Ap 28021.0416928490012651
miniFE.c 25 Ap 29308.7624836482027604
miniFE.c 25 Ap 1845.3076172643000064
miniFE.c 25 Ap 5152.9234129532997031
miniFE.c 25 Ap 19418.9870250392996240
miniFE.c 25 Ap 21366.8164301717988565
miniFE.c 25 Ap 24008.4327040697971825
miniFE.c 25 Ap 27657.4839652037990163
miniFE.c 25 Ap 29362.1700442997971550
miniFE.c 25 Ap 31649.3547644317950471
miniFE.c 25 Ap 2716.0172730389999742
miniFE.c 25 Ap 4086.6435322781999275
miniFE.c 25 Ap 6112.9419280231995799
miniFE.c 25 Ap 19366.0687056721981207
miniFE.c 25 Ap 19942.9016931553996983
miniFE.c 25 Ap 22443.7520980093977414
miniFE.c 25 Ap 22629.2022504265987664
miniFE.c 25 Ap 23503.4403270553993934
miniFE.c 25 Ap 2784.7112838509997346
miniFE.c 25 Ap 5297.5139884079999320
miniFE.c 25 Ap 8838.6610425799990480
miniFE.c 25 Ap 9581.9742276727993158
miniFE.c 25 Ap 20049.1383863587980159
miniFE.c 25 Ap 21061.8523085989982064
miniFE.c 25 Ap 23066.1607201429978886
miniFE.c 25 Ap 23769.7206112477979332
miniFE.c 25 Ap 3179.3454260399998930
miniFE.c 25 Ap 5397.6649115441996400
miniFE.c 25 Ap 8807.5877122702004272
miniFE.c 25 Ap 11054.0535250612010714
miniFE.c 25 Ap 11760.0087099739012046
miniFE.c 25 Ap 26753.3647406958989450
miniFE.c 25 Ap 27839.0862096834971453
miniFE.c 25 Ap 28473.5365185294976982
miniFE.c 25 Ap 989.4123599472000024
miniFE.c 25 Ap 3608.8072965641999872
miniFE.c 25 Ap 6128.3407890401995246
miniFE.c 25 Ap 6391.8224746028990921
miniFE.c 25 Ap 8601.6889808288997301
miniFE.c 25 Ap 10318.9233197042995016
miniFE.c 25 Ap 19683.6473325842962367
miniFE.c 25 Ap 20178.9207280214977800
miniFE.c 25 Ap 1268.8676034993000030
miniFE.c 25 Ap 2867.0390905766998912
miniFE.c 25 Ap 5470.7324228946999938
miniFE.c 25 Ap 6427.4105067679001877
miniFE.c 25 Ap 7024.8795832297000743
miniFE.c 25 Ap 7797.7765812907000509
miniFE.c 25 Ap 8179.2443669095000587
miniFE.c 25 Ap 20192.2487104374995397
miniFE.c 57 sum 5787878.1172925252467394
miniFE.c 57 sum 12523726.3537057451903820
miniFE.c 57 sum 19195581.2445636950433254
miniFE.c 57 sum 23958363.0489748232066631
miniFE.c 57 sum 27696296.6103892698884010
miniFE.c 57 sum 34119601.8506532162427902
miniFE.c 57 sum 36997689.0278177559375763
miniFE.c 57 sum 40736881.5671170875430107
miniFE.c 90 p_ap_dot 40736881.5671170875430107
miniFE.c 91 alpha 0.0075554145395853
miniFE.c 40 y 1.4960559439392744
miniFE.c 40 y 1.7364133245212852
miniFE.c 40 y 1.5927221841830903
miniFE.c 40 y 1.5310435575891859
miniFE.c 40 y 1.1881350243784765
miniFE.c 40 y 1.7044153884046875
miniFE.c 40 y 1.0776166871177848
miniFE.c 40 y 1.3991086422745860
miniFE.c 40 y -22.8341883739316245
miniFE.c 40 y 8.3838497937928480
miniFE.c 40 y -28.3185951556805833
miniFE.c 40 y 25.0636652226906733
miniFE.c 40 y -22.3339927081014764
miniFE.c 40 y 10.4592281944898673
miniFE.c 40 y -9.8317110616323760
miniFE.c 40 y 32.6187905062384118
miniFE.c 82 oldrtrans 307784.0272895599482581
miniFE.c 48 sum 521.4001586961941257
miniFE.c 48 sum 591.6890960610744514
miniFE.c 48 sum 1393.6319276524102406
miniFE.c 48 sum 2021.8192420475243125
miniFE.c 48 sum 2520.6264723330541528
miniFE.c 48 sum 2630.0219267574657351
miniFE.c 48 sum 2726.6844691568903727
miniFE.c 48 sum 3790.6699632467598349
miniFE.c 83 rtrans 3790.6699632467598349
miniFE.c 84 beta 0.0123160061184089
miniFE.c 40 y -20.3954824548187439
miniFE.c 40 y 22.4287197782964505
miniFE.c 40 y -25.7223145594869429
miniFE.c 40 y 27.5594041029366821
miniFE.c 40 y -20.3972256183443506
miniFE.c 40 y 13.2375787723331708
miniFE.c 40 y -8.0750988145735008
miniFE.c 40 y 34.8994635928429275
miniFE.c 87 normr 61.5684169298412272
miniFE.c 25 Ap -1368.4289806161518754
miniFE.c 25 Ap -1030.0345495251153807
miniFE.c 25 Ap -1269.7462777579753492
miniFE.c 25 Ap -891.7279869740852973
miniFE.c 25 Ap -1178.5825337073654282
miniFE.c 25 Ap -966.0346739072750779
miniFE.c 25 Ap -1006.3839400591928097
miniFE.c 25 Ap -782.7459786900490144
miniFE.c 25 Ap -307.7178613112005223
miniFE.c 25 Ap 1182.3697988243716281
miniFE.c 25 Ap 812.1750193536722691
miniFE.c 25 Ap 976.5342344932316792
miniFE.c 25 Ap 753.5189245002457028
miniFE.c 25 Ap 881.2915560067589240
miniFE.c 25 Ap 789.2563440265507779
miniFE.c 25 Ap 1031.9437937037484971
miniFE.c 25 Ap -190.0698452342187466
miniFE.c 25 Ap 132.7236169534304508
miniFE.c 25 Ap -1608.0106135535993417
miniFE.c 25 Ap -1343.1047984204537897
miniFE.c 25 Ap -1685.7410658580133713
miniFE.c 25 Ap -1471.6140952861715050
miniFE.c 25 Ap -1568.1271918120251030
miniFE.c 25 Ap -1137.0779840680113466
miniFE.c 25 Ap -279.7544311366967804
miniFE.c 25 Ap -145.9936732633759675
miniFE.c 25 Ap -393.2410622142123771
miniFE.c 25 Ap 1409.1910926988623487
miniFE.c 25 Ap 1334.3717846415061103
miniFE.c 25 Ap 1481.1221267779267237
miniFE.c 25 Ap 1470.6226168209573189
miniFE.c 25 Ap 1635.3839616277493860
miniFE.c 25 Ap -286.8300319099224680
miniFE.c 25 Ap -41.6031570547426099
miniFE.c 25 Ap -473.6912270416249271
miniFE.c 25 Ap -372.6002461387936364
miniFE.c 25 Ap -1730.2652838000728934
miniFE.c 25 Ap -1670.8390525122633790
miniFE.c 25 Ap -1784.3156706198678876
miniFE.c 25 Ap -1651.7208124119631520
miniFE.c 25 Ap -327.4780244875516928
miniFE.c 25 Ap -110.9900551479733508
miniFE.c 25 Ap -527.0662415447206968
miniFE.c 25 Ap -221.5457191940159873
miniFE.c 25 Ap -313.1130872204668094
miniFE.c 25 Ap 566.6996848713811232
miniFE.c 25 Ap 505.2301027462309548
miniFE.c 25 Ap 624.8003764428958675
miniFE.c 25 Ap -101.9111677470804693
miniFE.c 25 Ap 153.7181473412732942
miniFE.c 25 Ap -153.7134129348411022
miniFE.c 25 Ap -117.8797662598674378
miniFE.c 25 Ap -404.5150428177503272
miniFE.c 25 Ap -303.7474294214236465
miniFE.c 25 Ap -833.9438824084534190
miniFE.c 25 Ap -740.6032777599701831
miniFE.c 25 Ap -130.6955364858731627
miniFE.c 25 Ap 25.2715828378620984
miniFE.c 25 Ap -292.4290970798361968
miniFE.c 25 Ap -162.3203786465572591
miniFE.c 25 Ap -239.8163330329064706
miniFE.c 25 Ap -194.4626010857587630
miniFE.c 25 Ap -216.0599131459680109
miniFE.c 25 Ap 2047.9443709523852704
miniFE.c 57 sum 15964.4818749528203625
miniFE.c 57 sum 39109.6600508863557479
miniFE.c 57 sum 68357.9376357510336675
miniFE.c 57 sum 113428.1450977116764989
miniFE.c 57 sum 147118.6671669935167301
miniFE.c 57 sum 155389.5113671397557482
miniFE.c 57 sum 161369.9560174485377502
miniFE.c 57 sum 232842.1160316689056344
miniFE.c 90 p_ap_dot 232842.1160316689056344
miniFE.c 91 alpha 0.0162800013496321
miniFE.c 40 y 1.1640174620484278
miniFE.c 40 y 2.1015529127824712
miniFE.c 40 y 1.1739628684389820
miniFE.c 40 y 1.9797106935800510
miniFE.c 40 y 0.8560681637830804
miniFE.c 40 y 1.9199231886841326
miniFE.c 40 y 0.9461540675181158
miniFE.c 40 y 1.9672719566675045
miniFE.c 40 y -10.0910827844385409
miniFE.c 40 y -8.4161965604486291
miniFE.c 40 y -9.8069640404164318
miniFE.c 40 y -1.5603878797757496
miniFE.c 40 y 4.5560243471806849
miniFE.c 40 y 0.2874772227488887
miniFE.c 40 y 2.2253112998418825
miniFE.c 40 y -0.7217466168378479
miniFE.c 82 oldrtrans 3790.6699632467598349
miniFE.c 48 sum 101.8299517623919002
miniFE.c 48 sum 172.6623163064992355
miniFE.c 48 sum 268.8388599965202275
miniFE.c 48 sum 271.2736703318713012
miniFE.c 48 sum 292.0310281839745130
miniFE.c 48 sum 292.1136713375739191
miniFE.c 48 sum 297.0656817187779097
miniFE.c 48 sum 297.5865998976947822
miniFE.c 83 rtrans 297.5865998976947822
miniFE.c 84 beta 0.0785050143597328
miniFE.c 40 y -11.6922304274277646
miniFE.c 40 y -6.6554295921830429
miniFE.c 40 y -11.8262947142745194
miniFE.c 40 y 0.6031635350709745
miniFE.c 40 y 2.9547398571138515
miniFE.c 40 y 1.3266935343589987
miniFE.c 40 y 1.5913755514475283
miniFE.c 40 y 2.0180362736652588
miniFE.c 87 normr 17.2506985336158145
miniFE.c 25 Ap -784.4868097814419343
miniFE.c 25 Ap -884.9009365249831944
miniFE.c 25 Ap -995.1126959680815389
miniFE.c 25 Ap -986.8394093709158597
miniFE.c 25 Ap -945.2856913169823656
miniFE.c 25 Ap -923.9837692519005259
miniFE.c 25 Ap -916.0320602824540401
miniFE.c 25 Ap -903.1003567045218006
miniFE.c 25 Ap -176.4071111853377829
miniFE.c 25 Ap -618.5711582750698199
miniFE.c 25 Ap -788.7748370140673160
miniFE.c 25 Ap -785.1776806729944838
miniFE.c 25 Ap -752.8717074238559235
miniFE.c 25 Ap -740.0661085297426780
miniFE.c 25 Ap -721.9285489059191150
miniFE.c 25 Ap -707.8953224264057553
miniFE.c 25 Ap -108.9623857982803798
miniFE.c 25 Ap -204.7471288260909716
miniFE.c 25 Ap -1005.0808616864291025
miniFE.c 25 Ap -999.2831482337082889
miniFE.c 25 Ap -949.6488962607355688
miniFE.c 25 Ap -928.1887129239401020
miniFE.c 25 Ap -909.1686878155722979
miniFE.c 25 Ap -884.2435787333661210
miniFE.c 25 Ap -160.3763617355086524
miniFE.c 25 Ap -200.0681192242433610
miniFE.c 25 Ap -313.7445336194250558
miniFE.c 25 Ap -274.2966070161383527
miniFE.c 25 Ap -263.4582902893807272
miniFE.c 25 Ap -248.7507117037656599
miniFE.c 25 Ap -246.6815526963803791
miniFE.c 25 Ap -237.1543469433910332
miniFE.c 25 Ap -164.4326303153918900
miniFE.c 25 Ap -237.2005018587803420
miniFE.c 25 Ap -435.8607292022122692
miniFE.c 25 Ap -433.6482578012560225
miniFE.c 25 Ap -236.9770499395380909
miniFE.c 25 Ap -231.0212480382389231
miniFE.c 25 Ap -208.6581884814343084
miniFE.c 25 Ap -200.9909865815194792
miniFE.c 25 Ap -187.7351286349511668
miniFE.c 25 Ap -251.9751054029734121
miniFE.c 25 Ap -443.2735825497165933
miniFE.c 25 Ap -436.5869779479086219
miniFE.c 25 Ap -423.3225390981741043
miniFE.c 25 Ap -335.1461485168176750
miniFE.c 25 Ap -323.0322174804422843
miniFE.c 25 Ap -316.1181527719681412
miniFE.c 25 Ap -58.4231757727105361
miniFE.c 25 Ap -134.2778355609534628
miniFE.c 25 Ap -275.6250004082796750
miniFE.c 25 Ap -274.8407472755837375
miniFE.c 25 Ap -233.3187926751141958
miniFE.c 25 Ap -223.2196844118187755
miniFE.c 25 Ap -118.7328301797666796
miniFE.c 25 Ap -113.3354771377813393
miniFE.c 25 Ap -74.9245491894740496
miniFE.c 25 Ap -121.2057543414148881
miniFE.c 25 Ap -267.2743308275208847
miniFE.c 25 Ap -264.4267788898718550
miniFE.c 25 Ap -253.2007234706246379
miniFE.c 25 Ap -248.6552923182835571
miniFE.c 25 Ap -244.3990676975307110
miniFE.c 25 Ap -113.4846553057887775
miniFE.c 57 sum 10559.2574696814772324
miniFE.c 57 sum 15270.6049467261345853
miniFE.c 57 sum 25727.9301080317272863
miniFE.c 57 sum 25584.8872537719034881
miniFE.c 57 sum 24991.0111747988521529
miniFE.c 57 sum 24571.6192654227706953
miniFE.c 57 sum 24391.2599579940651893
miniFE.c 57 sum 24162.2438070825846808
miniFE.c 90 p_ap_dot 24162.2438070825846808
miniFE.c 91 alpha 0.0123161823162493
miniFE.c 40 y 1.0200138204206299
miniFE.c 40 y 2.0195834285321843
miniFE.c 40 y 1.0283080666122815
miniFE.c 40 y 1.9871393656444987
miniFE.c 40 y 0.8924592785603830
miniFE.c 40 y 1.9362629881310871
miniFE.c 40 y 0.9657537389433654
miniFE.c 40 y 1.9921264593347703
miniFE.c 40 y 1.0316658586041285
miniFE.c 40 y 0.3023712913750689
miniFE.c 40 y 1.0835410872364495
miniFE.c 40 y 1.3604482942700948
miniFE.c 40 y 7.0314659818414960
miniFE.c 40 y 4.1808460257643985
miniFE.c 40 y 3.6211716991699019
miniFE.c 40 y 0.6759510880049555
miniFE.c 82 oldrtrans 297.5865998976947822
miniFE.c 48 sum 1.0643344438093938
miniFE.c 48 sum 1.1557628416572205
miniFE.c 48 sum 2.3298241293867674
miniFE.c 48 sum 4.1806436907691777
miniFE.c 48 sum 53.6221575445633718
miniFE.c 48 sum 71.1016310357133392
miniFE.c 48 sum 84.2145155105823733
miniFE.c 48 sum 84.6714253839574553
miniFE.c 83 rtrans 84.6714253839574553
miniFE.c 84 beta 0.2845270096606032
miniFE.c 40 y -2.2950895011746097
miniFE.c 40 y -1.5912781884954601
miniFE.c 40 y -2.2813591831810771
miniFE.c 40 y 1.5320646112401577
miniFE.c 40 y 7.8721692777110981
miniFE.c 40 y 4.5583261698316209
miniFE.c 40 y 4.0739610260702603
miniFE.c 40 y 1.2501369143375582
miniFE.c 87 normr 9.2017077428028244
miniFE.c 25 Ap -153.9883645053551220
miniFE.c 25 Ap -177.9968537381897988
miniFE.c 25 Ap -199.2573258957602889
miniFE.c 25 Ap -178.2427769763307879
miniFE.c 25 Ap -67.5332328344757542
miniFE.c 25 Ap 5.6570754788086788
miniFE.c 25 Ap 26.0136483837473023
miniFE.c 25 Ap 34.0246044894479809
miniFE.c 25 Ap -34.6272776034469842
miniFE.c 25 Ap -140.3463741884625620
miniFE.c 25 Ap -173.1796271120291237
miniFE.c 25 Ap -164.0426756704812874
miniFE.c 25 Ap -77.9714469340064511
miniFE.c 25 Ap -33.9732702280304721
miniFE.c 25 Ap 12.4593339101129743
miniFE.c 25 Ap 21.1526634989987485
miniFE.c 25 Ap -21.3884279155099364
miniFE.c 25 Ap -44.2900558659909436
miniFE.c 25 Ap -198.6789625509136670
miniFE.c 25 Ap -183.9524893963663033
miniFE.c 25 Ap -51.7143728789052943
miniFE.c 25 Ap 22.0196981631783615
miniFE.c 25 Ap 70.7114359091085589
miniFE.c 25 Ap 86.1520894613671828
miniFE.c 25 Ap -31.4805721919665231
miniFE.c 25 Ap -40.9706625129667614
miniFE.c 25 Ap -62.8994862195603304
miniFE.c 25 Ap 37.3001591860311947
miniFE.c 25 Ap 66.1761577796346074
miniFE.c 25 Ap 116.7092602825092627
miniFE.c 25 Ap 122.0063588493196818
miniFE.c 25 Ap 127.9082902257408989
miniFE.c 25 Ap -32.2767846417140163
miniFE.c 25 Ap -49.6751997562298584
miniFE.c 25 Ap -87.9978819599585620
miniFE.c 25 Ap -82.3780973746931977
miniFE.c 25 Ap 441.6034086830474052
miniFE.c 25 Ap 462.0666784329387156
miniFE.c 25 Ap 519.3166675855552512
miniFE.c 25 Ap 524.0663602694006613
miniFE.c 25 Ap -36.8508750666600022
miniFE.c 25 Ap -52.2103154220163219
miniFE.c 25 Ap -89.1128743478066383
miniFE.c 25 Ap -72.1285745947054835
miniFE.c 25 Ap -36.7887771680198767
miniFE.c 25 Ap 266.1724858055649747
miniFE.c 25 Ap 297.1844508126970368
miniFE.c 25 Ap 301.4675886497009287
miniFE.c 25 Ap -11.4679930551732330
miniFE.c 25 Ap -29.6044429935132740
miniFE.c 25 Ap -56.8711110693425184
miniFE.c 25 Ap -54.8790701036758932
miniFE.c 25 Ap 55.7458482184437472
miniFE.c 25 Ap 90.4449164631566305
miniFE.c 25 Ap 357.9338643050829774
miniFE.c 25 Ap 361.2774267402829196
miniFE.c 25 Ap -14.7070781141654745
miniFE.c 25 Ap -25.7726706917004336
miniFE.c 25 Ap -53.9501257942310559
miniFE.c 25 Ap -46.7172058667571548
miniFE.c 25 Ap -16.8081739875168275
miniFE.c 25 Ap -1.1907331556407676
miniFE.c 25 Ap 9.7053078243626292
miniFE.c 25 Ap 90.8044147559132995
miniFE.c 57 sum -78.0895125453505585
miniFE.c 57 sum -111.7492845998913253
miniFE.c 57 sum -308.2931450428190487
miniFE.c 57 sum -112.3293801037260664
miniFE.c 57 sum 4013.2097206909256784
miniFE.c 57 sum 5387.3973193888914466
miniFE.c 57 sum 6859.2274755277576332
miniFE.c 57 sum 6972.7454263989429819
miniFE.c 90 p_ap_dot 6972.7454263989429819
miniFE.c 91 alpha 0.0121431975794484
miniFE.c 40 y 0.9921440951453490
miniFE.c 40 y 2.0002602230854172
miniFE.c 40 y 1.0006050713012247
miniFE.c 40 y 2.0057435289232686
miniFE.c 40 y 0.9880525854784923
miniFE.c 40 y 1.9916156434429226
miniFE.c 40 y 1.0152246526139088
miniFE.c 40 y 2.0073071188869331
miniFE.c 40 y 0.6184983637261752
miniFE.c 40 y 0.0455103191751411
miniFE.c 40 y 0.0373792430247546
miniFE.c 40 y -0.1927673459905037
miniFE.c 40 y 0.6676246243477841
miniFE.c 40 y 0.5200655329912083
miniFE.c 40 y -0.7658914747320438
miniFE.c 40 y -0.4267048614622782
miniFE.c 82 oldrtrans 84.6714253839574553
miniFE.c 48 sum 0.3825402259319561
miniFE.c 48 sum 0.3846114150833793
miniFE.c 48 sum 0.3860086228924830
miniFE.c 48 sum 0.4231678725727056
miniFE.c 48 sum 0.8688905116082255
miniFE.c 48 sum 1.1393586702136551
miniFE.c 48 sum 1.7259484212808800
miniFE.c 48 sum 1.9080254600764219
miniFE.c 83 rtrans 1.9080254600764219
miniFE.c 84 beta 0.0225344672234363
miniFE.c 40 y 0.5667797445871031
miniFE.c 40 y 0.0096517129931211
miniFE.c 40 y -0.0140299707135248
miniFE.c 40 y -0.1582430862243257
miniFE.c 40 y 0.8450197649137071
miniFE.c 40 y 0.6227849846590109
miniFE.c 40 y -0.6740869335205065
miniFE.c 40 y -0.3985336921413307
miniFE.c 87 normr 1.3813129479145636
miniFE.c 25 Ap 38.0279225969457570
miniFE.c 25 Ap 38.1735432993151207
miniFE.c 25 Ap 38.0427950138520217
miniFE.c 25 Ap 35.8722553040869201
miniFE.c 25 Ap 47.7561147161719930
miniFE.c 25 Ap 57.7557995438509337
miniFE.c 25 Ap 54.3875543106084791
miniFE.c 25 Ap 51.8337253037442309
miniFE.c 25 Ap 8.5513177354451475
miniFE.c 25 Ap 9.1925446343668042
miniFE.c 25 Ap 8.9906257167568775
miniFE.c 25 Ap 8.0468930672428645
miniFE.c 25 Ap 17.2860096191010228
miniFE.c 25 Ap 23.2972959518357143
miniFE.c 25 Ap 15.6144507948597564
miniFE.c 25 Ap 12.8430865560107730
miniFE.c 25 Ap 5.2819411638928111
miniFE.c 25 Ap 5.4208483277384198
miniFE.c 25 Ap 4.4713828269739775
miniFE.c 25 Ap 2.9503225896456695
miniFE.c 25 Ap 17.1451167042238062
miniFE.c 25 Ap 27.2190935527227218
miniFE.c 25 Ap 19.1624469685016408
miniFE.c 25 Ap 14.2400895861364027
miniFE.c 25 Ap 7.7742286988315543
miniFE.c 25 Ap 7.8317897392073377
miniFE.c 25 Ap 7.6969312054640620
miniFE.c 25 Ap -2.6524372292842822
miniFE.c 25 Ap 0.4471899106328658
miniFE.c 25 Ap 7.3513157442143475
miniFE.c 25 Ap 6.4748456683821791
miniFE.c 25 Ap 4.5933569488395776
miniFE.c 25 Ap 7.9708559278237114
miniFE.c 25 Ap 8.0763839935224304
miniFE.c 25 Ap 7.8407060200819121
miniFE.c 25 Ap 7.2602526565854282
miniFE.c 25 Ap 63.5058329341455732
miniFE.c 25 Ap 66.3016436467716943
miniFE.c 25 Ap 56.8289291595654120
miniFE.c 25 Ap 55.3147649587325532
miniFE.c 25 Ap 9.1004422909883633
miniFE.c 25 Ap 9.1936031921536241
miniFE.c 25 Ap 8.9666587351825680
miniFE.c 25 Ap 7.2123932880391779
miniFE.c 25 Ap 11.0058619318281465
miniFE.c 25 Ap 52.3981885191658421
miniFE.c 25 Ap 47.2668776744306314
miniFE.c 25 Ap 45.9014474431059938
miniFE.c 25 Ap 2.8320578223250967
miniFE.c 25 Ap 2.9420623525100247
miniFE.c 25 Ap 2.7743769843402188
miniFE.c 25 Ap 2.5686241016095051
miniFE.c 25 Ap 14.4433995512217592
miniFE.c 25 Ap 19.1841877000574854
miniFE.c 25 Ap -25.0751469984186315
miniFE.c 25 Ap -26.1410480744710725
miniFE.c 25 Ap 3.6319603104380658
miniFE.c 25 Ap 3.6990773767243561
miniFE.c 25 Ap 3.5257908233465898
miniFE.c 25 Ap 2.7787207824751339
miniFE.c 25 Ap 5.9892364860628486
miniFE.c 25 Ap 8.1229819194775494
miniFE.c 25 Ap 6.3200979928217436
miniFE.c 25 Ap -19.5336514198352447
miniFE.c 57 sum 29.3783055886542179
miniFE.c 57 sum 29.5022633740386446
miniFE.c 57 sum 29.3024753341871822
miniFE.c 57 sum 28.5756083544728554
miniFE.c 57 sum 75.3176780361580001
miniFE.c 57 sum 103.9044102778391618
miniFE.c 57 sum 121.5257492133715118
miniFE.c 57 sum 129.3105674347201841
miniFE.c 90 p_ap_dot 129.3105674347201841
miniFE.c 91 alpha 0.0147553714899569
miniFE.c 40 y 1.0005071408297146
miniFE.c 40 y 2.0004026376961450
miniFE.c 40 y 1.0003980538713535
miniFE.c 40 y 2.0034085934003114
miniFE.c 40 y 1.0005211660261502
miniFE.c 40 y 2.0008050672499333
miniFE.c 40 y 1.0052782494932879
miniFE.c 40 y 2.0014266062081236
miniFE.c 40 y -0.1463275088389511
miniFE.c 40 y -0.1439941940364693
miniFE.c 40 y -0.1727385688689549
miniFE.c 40 y -0.2605440341566067
miniFE.c 40 y -0.1485652814979662
miniFE.c 40 y -0.1572273759585538
miniFE.c 40 y -0.3801705992564001
miniFE.c 40 y -0.1384785782072847
miniFE.c 82 oldrtrans 1.9080254600764219
miniFE.c 48 sum 0.0214117398430133
miniFE.c 48 sum 0.0421460677592257
miniFE.c 48 sum 0.0719846809341204
miniFE.c 48 sum 0.1398678746687194
miniFE.c 48 sum 0.1619395175352893
miniFE.c 48 sum 0.1866599652861018
miniFE.c 48 sum 0.3311896498250722
miniFE.c 48 sum 0.3503659664473832
miniFE.c 83 rtrans 0.3503659664473832
miniFE.c 84 beta 0.1836275111514236
miniFE.c 40 y -0.0422511549693818
miniFE.c 40 y -0.1422218740011946
miniFE.c 40 y -0.1753148574726068
miniFE.c 40 y -0.2896018182368997
miniFE.c 40 y 0.0066035948068988
miniFE.c 40 y -0.0428669192431422
miniFE.c 40 y -0.5039515051584658
miniFE.c 40 y -0.2116603282051849
miniFE.c 87 normr 0.5919171956003502
miniFE.c 25 Ap -2.8348289898357306
miniFE.c 25 Ap -4.9806086249224553
miniFE.c 25 Ap -6.6144051237743202
miniFE.c 25 Ap -10.5867255676025742
miniFE.c 25 Ap -10.4938565063592844
miniFE.c 25 Ap -11.1821449084948732
miniFE.c 25 Ap -13.7002655997984473
miniFE.c 25 Ap -15.0565983175379490
miniFE.c 25 Ap -0.6374664131582963
miniFE.c 25 Ap -10.0862027452073235
miniFE.c 25 Ap -12.6093289145073566
miniFE.c 25 Ap -14.3364608717376711
miniFE.c 25 Ap -14.2642597415210144
miniFE.c 25 Ap -14.6780226486563414
miniFE.c 25 Ap -20.4217645730644932
miniFE.c 25 Ap -21.8936297526911829
miniFE.c 25 Ap -0.3937475126556774
miniFE.c 25 Ap -2.4406004566246504
miniFE.c 25 Ap -14.3048738995630202
miniFE.c 25 Ap -17.0885772567742933
miniFE.c 25 Ap -16.9776488825609420
miniFE.c 25 Ap -17.6710508794930448
miniFE.c 25 Ap -23.6942490320567174
miniFE.c 25 Ap -26.3085017279747504
miniFE.c 25 Ap -0.5795375446259757
miniFE.c 25 Ap -1.4277226323442842
miniFE.c 25 Ap -3.1128797224710389
miniFE.c 25 Ap -22.0533338542734647
miniFE.c 25 Ap -22.0291111289191406
miniFE.c 25 Ap -22.5043290802874978
miniFE.c 25 Ap -23.1595834576942039
miniFE.c 25 Ap -24.1588377936400711
miniFE.c 25 Ap -0.5941953153079537
miniFE.c 25 Ap -2.1491938191061553
miniFE.c 25 Ap -5.0941643516053503
miniFE.c 25 Ap -6.1564562563019409
miniFE.c 25 Ap -5.7169126654252969
miniFE.c 25 Ap -5.9093511393600453
miniFE.c 25 Ap -12.9912102978402118
miniFE.c 25 Ap -13.7953794258826417
miniFE.c 25 Ap -0.6784014446503819
miniFE.c 25 Ap -2.0511648035283967
miniFE.c 25 Ap -4.8870035903994680
miniFE.c 25 Ap -8.0974974911737316
miniFE.c 25 Ap -8.0678525871414379
miniFE.c 25 Ap -10.9169282148665907
miniFE.c 25 Ap -14.7531275165425644
miniFE.c 25 Ap -15.4783043751178351
miniFE.c 25 Ap -0.2111185430955684
miniFE.c 25 Ap -1.8320795520555242
miniFE.c 25 Ap -3.9274322096766729
miniFE.c 25 Ap -4.3039820506082922
miniFE.c 25 Ap -4.2111839780091769
miniFE.c 25 Ap -4.5374972124816741
miniFE.c 25 Ap -37.6260459284772466
miniFE.c 25 Ap -38.1921435409007231
miniFE.c 25 Ap -0.2707480628665616
miniFE.c 25 Ap -1.2597450369272170
miniFE.c 25 Ap -3.4250886450971540
miniFE.c 25 Ap -4.7923069378444687
miniFE.c 25 Ap -4.7672176491580149
miniFE.c 25 Ap -4.9140855015191178
miniFE.c 25 Ap -6.2619325273012283
miniFE.c 25 Ap -19.9927994374870579
miniFE.c 57 sum 0.6361586688260291
miniFE.c 57 sum 3.7499117209420807
miniFE.c 57 sum 8.3621829516998041
miniFE.c 57 sum 15.3586263032282986
miniFE.c 57 sum 15.2675272072923409
miniFE.c 57 sum 15.9310344309612919
miniFE.c 57 sum 35.1780226536263854
miniFE.c 57 sum 39.4097051443053346
miniFE.c 90 p_ap_dot 39.4097051443053346
miniFE.c 91 alpha 0.0088903473183689
miniFE.c 40 y 1.0001315133874347
miniFE.c 40 y 1.9991382358400052
miniFE.c 40 y 0.9988394438983517
miniFE.c 40 y 2.0008339326521543
miniFE.c 40 y 1.0005798742775334
miniFE.c 40 y 2.0004239654493934
miniFE.c 40 y 1.0007979455808145
miniFE.c 40 y 1.9995448723768596
miniFE.c 40 y -0.0124691203628702
miniFE.c 40 y 0.0506477785247299
miniFE.c 40 y 0.0611531489186485
miniFE.c 40 y -0.0457635753630099
miniFE.c 40 y -0.0259195670131892
miniFE.c 40 y -0.0196198741643277
miniFE.c 40 y -0.0406291783447939
miniFE.c 40 y 0.0392643526584653
miniFE.c 82 oldrtrans 0.3503659664473832
miniFE.c 48 sum 0.0001554789626237
miniFE.c 48 sum 0.0027206764321138
miniFE.c 48 sum 0.0064603840547802
miniFE.c 48 sum 0.0085546888847861
miniFE.c 48 sum 0.0092265128389373
miniFE.c 48 sum 0.0096114523011614
miniFE.c 48 sum 0.0112621824341345
miniFE.c 48 sum 0.0128038718238228
miniFE.c 83 rtrans 0.0128038718238228
miniFE.c 84 beta 0.0365442795533214
miniFE.c 40 y -0.0140131583815219
miniFE.c 40 y 0.0454503826026330
miniFE.c 40 y 0.0547463937573188
miniFE.c 40 y -0.0563468651678094
miniFE.c 40 y -0.0256782433985091
miniFE.c 40 y -0.0211864148447387
miniFE.c 40 y -0.0590457230306220
miniFE.c 40 y 0.0315293784541873
miniFE.c 87 normr 0.1131541949015713
miniFE.c 25 Ap -0.9402087977922842
miniFE.c 25 Ap -0.2544738777559282
miniFE.c 25 Ap 0.2557194266503964
miniFE.c 25 Ap -0.5171617859552089
miniFE.c 25 Ap -0.8782854509482352
miniFE.c 25 Ap -1.2184630022612979
miniFE.c 25 Ap -1.5134998369060042
miniFE.c 25 Ap -1.3114575934207295
miniFE.c 25 Ap -0.2114242277391314
miniFE.c 25 Ap 2.8081442065751316
miniFE.c 25 Ap 3.5960526631386518
miniFE.c 25 Ap 3.2600103271010279
miniFE.c 25 Ap 2.9792544282966551
miniFE.c 25 Ap 2.7747575166288883
miniFE.c 25 Ap 2.1017892025024474
miniFE.c 25 Ap 2.3210414103937769
miniFE.c 25 Ap -0.1305916077601382
miniFE.c 25 Ap 0.5235289351454782
miniFE.c 25 Ap 4.2284413134537120
miniFE.c 25 Ap 3.6868253847593242
miniFE.c 25 Ap 3.2554776300673574
miniFE.c 25 Ap 2.9127727513274659
miniFE.c 25 Ap 2.2070618124088544
miniFE.c 25 Ap 2.5964865256908585
miniFE.c 25 Ap -0.1922113468085619
miniFE.c 25 Ap 0.0788463721631425
miniFE.c 25 Ap 0.6050782895773988
miniFE.c 25 Ap -3.0801030455367697
miniFE.c 25 Ap -3.1742937182857616
miniFE.c 25 Ap -3.4091639827489022
miniFE.c 25 Ap -3.4859371803421770
miniFE.c 25 Ap -3.3370861018373623
miniFE.c 25 Ap -0.1970727917142795
miniFE.c 25 Ap 0.2998639660136950
miniFE.c 25 Ap 1.2195037427000130
miniFE.c 25 Ap 1.0128171304155895
miniFE.c 25 Ap -0.6963591047758557
miniFE.c 25 Ap -0.7914693066017606
miniFE.c 25 Ap -1.6212187768052604
miniFE.c 25 Ap -1.5014280111278855
miniFE.c 25 Ap -0.2250008762370689
miniFE.c 25 Ap 0.2136983064453173
miniFE.c 25 Ap 1.0992590004816423
miniFE.c 25 Ap 0.4746038513864763
miniFE.c 25 Ap 0.3593289013741857
miniFE.c 25 Ap -1.0487895087836911
miniFE.c 25 Ap -1.4982596644205897
miniFE.c 25 Ap -1.3902357573704527
miniFE.c 25 Ap -0.0700202771691865
miniFE.c 25 Ap 0.4479963680098891
miniFE.c 25 Ap 1.1023219814137386
miniFE.c 25 Ap 1.0290579278760024
miniFE.c 25 Ap 0.6682103039995101
miniFE.c 25 Ap 0.5069342506482112
miniFE.c 25 Ap -3.3699016412409706
miniFE.c 25 Ap -3.2855745213906751
miniFE.c 25 Ap -0.0897972017377706
miniFE.c 25 Ap 0.2262603047434444
miniFE.c 25 Ap 0.9024423209270281
miniFE.c 25 Ap 0.6364271927575755
miniFE.c 25 Ap 0.5388668668403709
miniFE.c 25 Ap 0.4662793494162920
miniFE.c 25 Ap 0.3083581975646809
miniFE.c 25 Ap 2.3537377119328386
miniFE.c 57 sum 0.0183776629672543
miniFE.c 57 sum 0.1238698831062064
miniFE.c 57 sum 0.2660181568272509
miniFE.c 57 sum 0.4540524974608513
miniFE.c 57 sum 0.4926065313759325
miniFE.c 57 sum 0.5220606428635725
miniFE.c 57 sum 0.7160597660500745
miniFE.c 57 sum 0.7902716531514977
miniFE.c 90 p_ap_dot 0.7902716531514977
miniFE.c 91 alpha 0.0162018614393704
miniFE.c 40 y 0.9999044741370093
miniFE.c 40 y 1.9998746166412993
miniFE.c 40 y 0.9997264373843130
miniFE.c 40 y 1.9999210085501624
miniFE.c 40 y 1.0001638389359844
miniFE.c 40 y 2.0000807060916821
miniFE.c 40 y 0.9998412949576849
miniFE.c 40 y 2.0000557069978440
miniFE.c 40 y 0.0087789338493427
miniFE.c 40 y 0.0130425871984890
miniFE.c 40 y 0.0190852340002128
miniFE.c 40 y 0.0083034312702079
miniFE.c 40 y -0.0015936384157057
miniFE.c 40 y 0.0029045329446466
miniFE.c 40 y 0.0126032447995037
miniFE.c 40 y 0.0011294203851086
miniFE.c 82 oldrtrans 0.0128038718238228
miniFE.c 48 sum 0.0000770696795311
miniFE.c 48 sum 0.0002471787603613
miniFE.c 48 sum 0.0006114249172042
miniFE.c 48 sum 0.0006803718880633
miniFE.c 48 sum 0.0006829115714633
miniFE.c 48 sum 0.0006913478830898
miniFE.c 48 sum 0.0008501896625660
miniFE.c 48 sum 0.0008514652529723
miniFE.c 83 rtrans 0.0008514652529723
miniFE.c 84 beta 0.0665006073700384
miniFE.c 40 y 0.0078470503057990
miniFE.c 40 y 0.0160650652467647
miniFE.c 40 y 0.0227259024363938
miniFE.c 40 y 0.0045563305131509
miniFE.c 40 y -0.0033012571979022
miniFE.c 40 y 0.0014956234894779
miniFE.c 40 y 0.0086766683553643
miniFE.c 40 y 0.0032261432023119
miniFE.c 87 normr 0.0291798775352525
miniFE.c 25 Ap 0.5264955646229937
miniFE.c 25 Ap 0.7688780397868189
miniFE.c 25 Ap 0.9806655652087917
miniFE.c 25 Ap 1.0431624271291207
miniFE.c 25 Ap 0.9967354936395706
miniFE.c 25 Ap 1.0207498226360237
miniFE.c 25 Ap 1.0641049825940267
miniFE.c 25 Ap 1.0847783114814629
miniFE.c 25 Ap 0.1183927638412574
miniFE.c 25 Ap 1.1857009169638144
miniFE.c 25 Ap 1.5127714230513210
miniFE.c 25 Ap 1.5399445398669385
miniFE.c 25 Ap 1.5038498811553829
miniFE.c 25 Ap 1.5182860369116717
miniFE.c 25 Ap 1.6171775835917839
miniFE.c 25 Ap 1.6396118672586268
miniFE.c 25 Ap 0.0731283332214558
miniFE.c 25 Ap 0.3043362703009364
miniFE.c 25 Ap 1.8422910371126702
miniFE.c 25 Ap 1.8860872833629163
miniFE.c 25 Ap 1.8306321707262592
miniFE.c 25 Ap 1.8548249126487721
miniFE.c 25 Ap 1.9585279322319844
miniFE.c 25 Ap 1.9983745753680826
miniFE.c 25 Ap 0.1076339870489886
miniFE.c 25 Ap 0.2034430802086880
miniFE.c 25 Ap 0.4218884314602316
miniFE.c 25 Ap 0.7198802383454768
miniFE.c 25 Ap 0.7077708572027652
miniFE.c 25 Ap 0.7243511746885335
miniFE.c 25 Ap 0.7356328652142339
miniFE.c 25 Ap 0.7508635776043578
miniFE.c 25 Ap 0.1103562857410764
miniFE.c 25 Ap 0.2860054437737557
miniFE.c 25 Ap 0.6677592435627373
miniFE.c 25 Ap 0.6844723741939922
miniFE.c 25 Ap 0.4647365355175512
miniFE.c 25 Ap 0.4714506989558799
miniFE.c 25 Ap 0.5933809692865729
miniFE.c 25 Ap 0.6056381777485581
miniFE.c 25 Ap 0.1259953785300307
miniFE.c 25 Ap 0.2810596615991595
miniFE.c 25 Ap 0.6486668143805103
miniFE.c 25 Ap 0.6991777932529446
miniFE.c 25 Ap 0.6843577663313216
miniFE.c 25 Ap 0.7837617941308340
miniFE.c 25 Ap 0.8498106673756036
miniFE.c 25 Ap 0.8608638695160564
miniFE.c 25 Ap 0.0392097643096017
miniFE.c 25 Ap 0.2223098996037304
miniFE.c 25 Ap 0.4939285219693630
miniFE.c 25 Ap 0.4998528132614687
miniFE.c 25 Ap 0.4534613682867961
miniFE.c 25 Ap 0.4648464117427160
miniFE.c 25 Ap 1.0345408379528933
miniFE.c 25 Ap 1.0431693418376389
miniFE.c 25 Ap 0.0502843927237291
miniFE.c 25 Ap 0.1619992820733369
miniFE.c 25 Ap 0.4426907664686509
miniFE.c 25 Ap 0.4642013303984906
miniFE.c 25 Ap 0.4516587384787272
miniFE.c 25 Ap 0.4567829464628496
miniFE.c 25 Ap 0.4799891905493675
miniFE.c 25 Ap 0.6892761330755193
miniFE.c 57 sum 0.0085123099808347
miniFE.c 57 sum 0.0348527816077143
miniFE.c 57 sum 0.0802676472388992
miniFE.c 57 sum 0.0836888298687516
miniFE.c 57 sum 0.0816894624751348
miniFE.c 57 sum 0.0829769906996259
miniFE.c 57 sum 0.0920282251172347
miniFE.c 57 sum 0.0942519286284721
miniFE.c 90 p_ap_dot 0.0942519286284721
miniFE.c 91 alpha 0.0090339292294876
miniFE.c 40 y 0.9999753638341321
miniFE.c 40 y 2.0000197473038055
miniFE.c 40 y 0.9999317415785997
miniFE.c 40 y 1.9999621701175643
miniFE.c 40 y 1.0001340156120901
miniFE.c 40 y 2.0000942174484400
miniFE.c 40 y 0.9999196793655550
miniFE.c 40 y 2.0000848517472178
miniFE.c 40 y -0.0010208766462639
miniFE.c 40 y -0.0017695503741535
miniFE.c 40 y 0.0010320595123302
miniFE.c 40 y 0.0015201828491302
miniFE.c 40 y -0.0070649308521620
miniFE.c 40 y -0.0048724503287843
miniFE.c 40 y 0.0031793267909713
miniFE.c 40 y -0.0050974514206705
