filename line variable value
miniFE.c 167 A 67.0947100000000063
miniFE.c 167 A 15.0875500000000002
miniFE.c 167 A 9.3192129999999995
miniFE.c 167 A 13.7164900000000003
miniFE.c 167 A 14.0634099999999993
miniFE.c 167 A 16.0564000000000000
miniFE.c 167 A 4.9967519999999999
miniFE.c 167 A 6.4080630000000003
miniFE.c 167 A 15.0875500000000002
miniFE.c 167 A 66.4365899999999954
miniFE.c 167 A 14.3919700000000006
miniFE.c 167 A 5.9638159999999996
miniFE.c 167 A 10.9336099999999998
miniFE.c 167 A 9.6522659999999991
miniFE.c 167 A 11.3974100000000007
miniFE.c 167 A 6.9539020000000002
miniFE.c 167 A 9.3192129999999995
miniFE.c 167 A 14.3919700000000006
miniFE.c 167 A 67.6740900000000067
miniFE.c 167 A 9.6121750000000006
miniFE.c 167 A 16.7981799999999986
miniFE.c 167 A 16.1756899999999995
miniFE.c 167 A 11.9519400000000005
miniFE.c 167 A 12.3511699999999998
miniFE.c 167 A 13.7164900000000003
miniFE.c 167 A 5.9638159999999996
miniFE.c 167 A 9.6121750000000006
miniFE.c 167 A 65.4017099999999942
miniFE.c 167 A 3.6681119999999998
miniFE.c 167 A 11.0858899999999991
miniFE.c 167 A 1.3002330000000000
miniFE.c 167 A 4.7210279999999996
miniFE.c 167 A 14.0634099999999993
miniFE.c 167 A 10.9336099999999998
miniFE.c 167 A 16.7981799999999986
miniFE.c 167 A 3.6681119999999998
miniFE.c 167 A 66.5612600000000043
miniFE.c 167 A 4.4892070000000004
miniFE.c 167 A 14.0526599999999995
miniFE.c 167 A 3.7993380000000001
miniFE.c 167 A 16.0564000000000000
miniFE.c 167 A 9.6522659999999991
miniFE.c 167 A 16.1756899999999995
miniFE.c 167 A 11.0858899999999991
miniFE.c 167 A 4.4892070000000004
miniFE.c 167 A 66.4632699999999943
miniFE.c 167 A 7.6122389999999998
miniFE.c 167 A 3.4261349999999999
miniFE.c 167 A 4.9967519999999999
miniFE.c 167 A 11.3974100000000007
miniFE.c 167 A 11.9519400000000005
miniFE.c 167 A 1.3002330000000000
miniFE.c 167 A 14.0526599999999995
miniFE.c 167 A 7.6122389999999998
miniFE.c 167 A 65.6581999999999937
miniFE.c 167 A 2.6745570000000001
miniFE.c 167 A 6.4080630000000003
miniFE.c 167 A 6.9539020000000002
miniFE.c 167 A 12.3511699999999998
miniFE.c 167 A 4.7210279999999996
miniFE.c 167 A 3.7993380000000001
miniFE.c 167 A 3.4261349999999999
miniFE.c 167 A 2.6745570000000001
miniFE.c 167 A 64.8721800000000002
miniFE.c 175 b 198.0110999999999990
miniFE.c 175 b 229.8237000000000023
miniFE.c 175 b 210.8053999999999917
miniFE.c 175 b 202.6418999999999926
miniFE.c 175 b 157.2561000000000035
miniFE.c 175 b 225.5886000000000138
miniFE.c 175 b 142.6283999999999992
miniFE.c 175 b 185.1795999999999935
miniFE.c 33 r 0.0000000000000000
miniFE.c 33 r 0.0000000000000000
miniFE.c 33 r 0.0000000000000000
miniFE.c 33 r 0.0000000000000000
miniFE.c 33 r 0.0000000000000000
miniFE.c 33 r 0.0000000000000000
miniFE.c 33 r 0.0000000000000000
miniFE.c 33 r 0.0000000000000000
miniFE.c 25 Ap 0.0000000000000000
miniFE.c 25 Ap 0.0000000000000000
miniFE.c 25 Ap 0.0000000000000000
miniFE.c 25 Ap 0.0000000000000000
miniFE.c 25 Ap 0.0000000000000000
miniFE.c 25 Ap 0.0000000000000000
miniFE.c 25 Ap 0.0000000000000000
miniFE.c 25 Ap 0.0000000000000000
miniFE.c 25 Ap 0.0000000000000000
miniFE.c 25 Ap 0.0000000000000000
miniFE.c 25 Ap 0.0000000000000000
miniFE.c 25 Ap 0.0000000000000000
miniFE.c 25 Ap 0.0000000000000000
miniFE.c 25 Ap 0.0000000000000000
miniFE.c 25 Ap 0.0000000000000000
miniFE.c 25 Ap 0.0000000000000000
miniFE.c 25 Ap 0.0000000000000000
miniFE.c 25 Ap 0.0000000000000000
miniFE.c 25 Ap 0.0000000000000000
miniFE.c 25 Ap 0.0000000000000000
miniFE.c 25 Ap 0.0000000000000000
miniFE.c 25 Ap 0.0000000000000000
miniFE.c 25 Ap 0.0000000000000000
miniFE.c 25 Ap 0.0000000000000000
miniFE.c 25 Ap 0.0000000000000000
miniFE.c 25 Ap 0.0000000000000000
miniFE.c 25 Ap 0.0000000000000000
miniFE.c 25 Ap 0.0000000000000000
miniFE.c 25 Ap 0.0000000000000000
miniFE.c 25 Ap 0.0000000000000000
miniFE.c 25 Ap 0.0000000000000000
miniFE.c 25 Ap 0.0000000000000000
miniFE.c 25 Ap 0.0000000000000000
miniFE.c 25 Ap 0.0000000000000000
miniFE.c 25 Ap 0.0000000000000000
miniFE.c 25 Ap 0.0000000000000000
miniFE.c 25 Ap 0.0000000000000000
miniFE.c 25 Ap 0.0000000000000000
miniFE.c 25 Ap 0.0000000000000000
miniFE.c 25 Ap 0.0000000000000000
miniFE.c 25 Ap 0.0000000000000000
miniFE.c 25 Ap 0.0000000000000000
miniFE.c 25 Ap 0.0000000000000000
miniFE.c 25 Ap 0.0000000000000000
miniFE.c 25 Ap 0.0000000000000000
miniFE.c 25 Ap 0.0000000000000000
miniFE.c 25 Ap 0.0000000000000000
miniFE.c 25 Ap 0.0000000000000000
miniFE.c 25 Ap 0.0000000000000000
miniFE.c 25 Ap 0.0000000000000000
miniFE.c 25 Ap 0.0000000000000000
miniFE.c 25 Ap 0.0000000000000000
miniFE.c 25 Ap 0.0000000000000000
miniFE.c 25 Ap 0.0000000000000000
miniFE.c 25 Ap 0.0000000000000000
miniFE.c 25 Ap 0.0000000000000000
miniFE.c 25 Ap 0.0000000000000000
miniFE.c 25 Ap 0.0000000000000000
miniFE.c 25 Ap 0.0000000000000000
miniFE.c 25 Ap 0.0000000000000000
miniFE.c 25 Ap 0.0000000000000000
miniFE.c 25 Ap 0.0000000000000000
miniFE.c 25 Ap 0.0000000000000000
miniFE.c 25 Ap 0.0000000000000000
miniFE.c 33 r 198.0110999999999990
miniFE.c 33 r 229.8237000000000023
miniFE.c 33 r 210.8053999999999917
miniFE.c 33 r 202.6418999999999926
miniFE.c 33 r 157.2561000000000035
miniFE.c 33 r 225.5886000000000138
miniFE.c 33 r 142.6283999999999992
miniFE.c 33 r 185.1795999999999935
miniFE.c 48 sum 39208.3957232100001420
miniFE.c 48 sum 92027.3288048999966122
miniFE.c 48 sum 136466.2454740600078367
miniFE.c 48 sum 177529.9851096700003836
miniFE.c 48 sum 202259.4660968800017145
miniFE.c 48 sum 253149.6825468399911188
miniFE.c 48 sum 273492.5430333999684080
miniFE.c 48 sum 307784.0272895599482581
miniFE.c 75 rtrans 307784.0272895599482581
miniFE.c 76 normr 554.7828649927464539
miniFE.c 33 r 198.0110999999999990
miniFE.c 33 r 229.8237000000000023
miniFE.c 33 r 210.8053999999999917
miniFE.c 33 r 202.6418999999999926
miniFE.c 33 r 157.2561000000000035
miniFE.c 33 r 225.5886000000000138
miniFE.c 33 r 142.6283999999999992
miniFE.c 33 r 185.1795999999999935
miniFE.c 87 normr 554.7828649927464539
miniFE.c 25 Ap 13285.4973312810016068
miniFE.c 25 Ap 16752.9738962160008668
miniFE.c 25 Ap 18717.5143203662009910
miniFE.c 25 Ap 21497.0499152972006414
miniFE.c 25 Ap 23708.6069245981998392
miniFE.c 25 Ap 27330.7477216381994367
miniFE.c 25 Ap 28043.4264645949988335
miniFE.c 25 Ap 29230.0690077097970061
miniFE.c 25 Ap 2987.5023718050001662
miniFE.c 25 Ap 18256.2053009880000900
miniFE.c 25 Ap 21290.1102936259994749
miniFE.c 25 Ap 22498.6292991164009436
miniFE.c 25 Ap 24218.0061666374022025
miniFE.c 25 Ap 26395.4473404050004319
miniFE.c 25 Ap 28021.0416928490012651
miniFE.c 25 Ap 29308.7624836482027604
miniFE.c 25 Ap 1845.3076172643000064
miniFE.c 25 Ap 5152.9234129532997031
miniFE.c 25 Ap 19418.9870250392996240
miniFE.c 25 Ap 21366.8164301717988565
miniFE.c 25 Ap 24008.4327040697971825
miniFE.c 25 Ap 27657.4839652037990163
miniFE.c 25 Ap 29362.1700442997971550
miniFE.c 25 Ap 31649.3547644317950471
miniFE.c 25 Ap 2716.0172730389999742
miniFE.c 25 Ap 4086.6435322781999275
miniFE.c 25 Ap 6112.9419280231995799
miniFE.c 25 Ap 19366.0687056721981207
miniFE.c 25 Ap 19942.9016931553996983
miniFE.c 25 Ap 22443.7520980093977414
miniFE.c 25 Ap 22629.2022504265987664
miniFE.c 25 Ap 23503.4403270553993934
miniFE.c 25 Ap 2784.7112838509997346
miniFE.c 25 Ap 5297.5139884079999320
miniFE.c 25 Ap 8838.6610425799990480
miniFE.c 25 Ap 9581.9742276727993158
miniFE.c 25 Ap 20049.1383863587980159
miniFE.c 25 Ap 21061.8523085989982064
miniFE.c 25 Ap 23066.1607201429978886
miniFE.c 25 Ap 23769.7206112477979332
miniFE.c 25 Ap 3179.3454260399998930
miniFE.c 25 Ap 5397.6649115441996400
miniFE.c 25 Ap 8807.5877122702004272
miniFE.c 25 Ap 11054.0535250612010714
miniFE.c 25 Ap 11760.0087099739012046
miniFE.c 25 Ap 26753.3647406958989450
miniFE.c 25 Ap 27839.0862096834971453
miniFE.c 25 Ap 28473.5365185294976982
miniFE.c 25 Ap 989.4123599472000024
miniFE.c 25 Ap 3608.8072965641999872
miniFE.c 25 Ap 6128.3407890401995246
miniFE.c 25 Ap 6391.8224746028990921
miniFE.c 25 Ap 8601.6889808288997301
miniFE.c 25 Ap 10318.9233197042995016
miniFE.c 25 Ap 19683.6473325842962367
miniFE.c 25 Ap 20178.9207280214977800
miniFE.c 25 Ap 1268.8676034993000030
miniFE.c 25 Ap 2867.0390905766998912
miniFE.c 25 Ap 5470.7324228946999938
miniFE.c 25 Ap 6427.4105067679001877
miniFE.c 25 Ap 7024.8795832297000743
miniFE.c 25 Ap 7797.7765812907000509
miniFE.c 25 Ap 8179.2443669095000587
miniFE.c 25 Ap 20192.2487104374995397
miniFE.c 57 sum 5787878.1172925252467394
miniFE.c 57 sum 12523726.3537057451903820
miniFE.c 57 sum 19195581.2445636950433254
miniFE.c 57 sum 23958363.0489748232066631
miniFE.c 57 sum 27696296.6103892698884010
miniFE.c 57 sum 34119601.8506532162427902
miniFE.c 57 sum 36997689.0278177559375763
miniFE.c 57 sum 40736881.5671170875430107
miniFE.c 90 p_ap_dot 40736881.5671170875430107
miniFE.c 91 alpha 0.0075554145395853
miniFE.c 40 y 1.4960559439392744
miniFE.c 40 y 1.7364133245212852
miniFE.c 40 y 1.5927221841830903
miniFE.c 40 y 1.5310435575891859
miniFE.c 40 y 1.1881350243784765
miniFE.c 40 y 1.7044153884046875
miniFE.c 40 y 1.0776166871177848
miniFE.c 40 y 1.3991086422745860
miniFE.c 40 y -22.8341883739316245
miniFE.c 40 y 8.3838497937928480
miniFE.c 40 y -28.3185951556805833
miniFE.c 40 y 25.0636652226906733
miniFE.c 40 y -22.3339927081014764
miniFE.c 40 y 10.4592281944898673
miniFE.c 40 y -9.8317110616323760
miniFE.c 40 y 32.6187905062384118
miniFE.c 82 oldrtrans 307784.0272895599482581
miniFE.c 48 sum 521.4001586961941257
miniFE.c 48 sum 591.6890960610744514
miniFE.c 48 sum 1393.6319276524102406
miniFE.c 48 sum 2021.8192420475243125
miniFE.c 48 sum 2520.6264723330541528
miniFE.c 48 sum 2630.0219267574657351
miniFE.c 48 sum 2726.6844691568903727
miniFE.c 48 sum 3790.6699632467598349
miniFE.c 83 rtrans 3790.6699632467598349
miniFE.c 84 beta 0.0123160061184089
miniFE.c 40 y -20.3954824548187439
miniFE.c 40 y 11.2143598891482252
miniFE.c 40 y -25.7223145594869429
miniFE.c 40 y 27.5594041029366821
miniFE.c 40 y -20.3972256183443506
miniFE.c 40 y 13.2375787723331708
miniFE.c 40 y -8.0750988145735008
miniFE.c 40 y 34.8994635928429275
miniFE.c 87 normr 61.5684169298412272
miniFE.c 25 Ap -1368.4289806161518754
miniFE.c 25 Ap -1199.2317650706336281
miniFE.c 25 Ap -1438.9434933034935966
miniFE.c 25 Ap -1060.9252025196035447
miniFE.c 25 Ap -1347.7797492528836756
miniFE.c 25 Ap -1135.2318894527934390
miniFE.c 25 Ap -1175.5811556047112845
miniFE.c 25 Ap -951.9431942355674892
miniFE.c 25 Ap -307.7178613112005223
miniFE.c 25 Ap 437.3259687565855529
miniFE.c 25 Ap 67.1311892858862507
miniFE.c 25 Ap 231.4904044254456608
miniFE.c 25 Ap 8.4750944324596844
miniFE.c 25 Ap 136.2477259389728772
miniFE.c 25 Ap 44.2125139587647027
miniFE.c 25 Ap 286.8999636359623082
miniFE.c 25 Ap -190.0698452342187466
miniFE.c 25 Ap -28.6731141403941479
miniFE.c 25 Ap -1769.4073446474239972
miniFE.c 25 Ap -1504.5015295142784453
miniFE.c 25 Ap -1847.1377969518380269
miniFE.c 25 Ap -1633.0108263799961605
miniFE.c 25 Ap -1729.5239229058497585
miniFE.c 25 Ap -1298.4747151618360022
miniFE.c 25 Ap -279.7544311366967804
miniFE.c 25 Ap -212.8740522000363740
miniFE.c 25 Ap -460.1214411508727835
miniFE.c 25 Ap 1342.3107137622018854
miniFE.c 25 Ap 1267.4914057048456471
miniFE.c 25 Ap 1414.2417478412662604
miniFE.c 25 Ap 1403.7422378842968556
miniFE.c 25 Ap 1568.5035826910889227
miniFE.c 25 Ap -286.8300319099224680
miniFE.c 25 Ap -164.2165944823325390
miniFE.c 25 Ap -596.3046644692149130
miniFE.c 25 Ap -495.2136835663836223
miniFE.c 25 Ap -1852.8787212276629361
miniFE.c 25 Ap -1793.4524899398534217
miniFE.c 25 Ap -1906.9291080474579303
miniFE.c 25 Ap -1774.3342498395531948
miniFE.c 25 Ap -327.4780244875516928
miniFE.c 25 Ap -219.2340398177625218
miniFE.c 25 Ap -635.3102262145098393
miniFE.c 25 Ap -329.7897038638051299
miniFE.c 25 Ap -421.3570718902559520
miniFE.c 25 Ap 458.4557002015919807
miniFE.c 25 Ap 396.9861180764418123
miniFE.c 25 Ap 516.5563917731067249
miniFE.c 25 Ap -101.9111677470804693
miniFE.c 25 Ap 25.9034897970964124
miniFE.c 25 Ap -281.5280704790179698
miniFE.c 25 Ap -245.6944238040443054
miniFE.c 25 Ap -532.3297003619271663
miniFE.c 25 Ap -431.5620869656004857
miniFE.c 25 Ap -961.7585399526303718
miniFE.c 25 Ap -868.4179353041471359
miniFE.c 25 Ap -130.6955364858731627
miniFE.c 25 Ap -52.7119768240055322
miniFE.c 25 Ap -370.4126567417038700
miniFE.c 25 Ap -240.3039383084249323
miniFE.c 25 Ap -317.7998926947741438
miniFE.c 25 Ap -272.4461607476264362
miniFE.c 25 Ap -294.0434728078357125
miniFE.c 25 Ap 1969.9608112905175403
miniFE.c 57 sum 19415.3407160156275495
miniFE.c 57 sum 22632.7401604128463077
miniFE.c 57 sum 56032.5152313458020217
miniFE.c 57 sum 99259.5393036334862700
miniFE.c 57 sum 135451.0353199666133150
miniFE.c 57 sum 142288.9912464153021574
miniFE.c 57 sum 149301.5518863441830035
miniFE.c 57 sum 218052.1274993049155455
miniFE.c 90 p_ap_dot 218052.1274993049155455
miniFE.c 91 alpha 0.0173842374606450
miniFE.c 40 y 1.1414960338202862
miniFE.c 40 y 1.9313664198033706
miniFE.c 40 y 1.1455593598435627
miniFE.c 40 y 2.0101427827885114
miniFE.c 40 y 0.8335448106908265
miniFE.c 40 y 1.9345406011869211
miniFE.c 40 y 0.9372372518070660
miniFE.c 40 y 2.0058092046217029
miniFE.c 40 y -6.2853818362955991
miniFE.c 40 y 3.3963126984948593
miniFE.c 40 y -5.7456023706638284
miniFE.c 40 y -2.2035735166836723
miniFE.c 40 y 8.5114552256647578
miniFE.c 40 y 1.4792892180922035
miniFE.c 40 y 5.2650725407779788
miniFE.c 40 y -1.6274760254008527
miniFE.c 82 oldrtrans 3790.6699632467598349
miniFE.c 48 sum 39.5060248280346400
miniFE.c 48 sum 51.0409647739920729
miniFE.c 48 sum 84.0529113757698809
miniFE.c 48 sum 88.9086476191995274
miniFE.c 48 sum 161.3535176776954359
miniFE.c 48 sum 163.5418142684592908
miniFE.c 48 sum 191.2628031281135748
miniFE.c 48 sum 193.9114813413681304
miniFE.c 83 rtrans 193.9114813413681304
miniFE.c 84 beta 0.0511549365208467
miniFE.c 40 y -7.3287114465838936
miniFE.c 40 y 3.9699825667461655
miniFE.c 40 y -7.0614257391236324
miniFE.c 40 y -0.7937739492455855
miniFE.c 40 y 7.4680364439569651
miniFE.c 40 y 2.1564567198806142
miniFE.c 40 y 4.8519913735189073
miniFE.c 40 y 0.1578038193026263
miniFE.c 87 normr 13.9252102799694963
miniFE.c 25 Ap -491.7177691822269026
miniFE.c 25 Ap -431.8204587073157654
miniFE.c 25 Ap -497.6273892538913515
miniFE.c 25 Ap -508.5151816909789204
miniFE.c 25 Ap -403.4891232846700859
miniFE.c 25 Ap -368.8641916075790164
miniFE.c 25 Ap -344.6199940079656585
miniFE.c 25 Ap -343.6087771922337879
miniFE.c 25 Ap -110.5723003859068285
miniFE.c 25 Ap 153.1798037081557595
miniFE.c 25 Ap 51.5519763134606137
miniFE.c 25 Ap 46.8180545345666062
miniFE.c 25 Ap 128.4706524785789270
miniFE.c 25 Ap 149.2853463563540970
miniFE.c 25 Ap 204.5854813568122381
miniFE.c 25 Ap 205.6828336514683997
miniFE.c 25 Ap -68.2978229862534221
miniFE.c 25 Ap -11.1619529851196120
miniFE.c 25 Ap -489.0375139828888678
miniFE.c 25 Ap -496.6674080934785707
miniFE.c 25 Ap -371.2179876613295733
miniFE.c 25 Ap -336.3358122621239090
miniFE.c 25 Ap -278.3451024853083595
miniFE.c 25 Ap -276.3960406864523520
miniFE.c 25 Ap -100.5241972699535182
miniFE.c 25 Ap -76.8479517186716663
miniFE.c 25 Ap -144.7236116726323871
miniFE.c 25 Ap -196.6377853067468777
miniFE.c 25 Ap -169.2441912102310084
miniFE.c 25 Ap -145.3379492238736930
miniFE.c 25 Ap -139.0292299243090781
miniFE.c 25 Ap -138.2842336748744287
miniFE.c 25 Ap -103.0666738450023843
miniFE.c 25 Ap -59.6604327534008405
miniFE.c 25 Ap -178.2795333758326422
miniFE.c 25 Ap -181.1911851243477543
miniFE.c 25 Ap 315.8907303113472835
miniFE.c 25 Ap 325.5715109134323484
miniFE.c 25 Ap 393.7548960084265559
miniFE.c 25 Ap 394.3544460556481681
miniFE.c 25 Ap -117.6727224709296280
miniFE.c 25 Ap -79.3533947213328901
miniFE.c 25 Ap -193.5768284354176387
miniFE.c 25 Ap -202.3765191216197934
miniFE.c 25 Ap -168.8509576411530588
miniFE.c 25 Ap -25.5257924244134529
miniFE.c 25 Ap 11.4087255367507368
miniFE.c 25 Ap 11.9493827251971396
miniFE.c 25 Ap -36.6197535781409655
miniFE.c 25 Ap 8.6277654279174527
miniFE.c 25 Ap -75.7699713205438599
miniFE.c 25 Ap -76.8020624038933022
miniFE.c 25 Ap 28.1437146106429736
miniFE.c 25 Ap 44.5591785555302593
miniFE.c 25 Ap 363.1321985563093335
miniFE.c 25 Ap 363.5542538658519334
miniFE.c 25 Ap -46.9628446585307273
miniFE.c 25 Ap -19.3559749476694343
miniFE.c 25 Ap -106.5728446939610734
miniFE.c 25 Ap -110.3202737340200628
miniFE.c 25 Ap -81.9466790871094872
miniFE.c 25 Ap -74.5583672431413191
miniFE.c 25 Ap -61.5814397511567080
miniFE.c 25 Ap -51.3443619806692624
miniFE.c 57 sum 2518.2095785554183749
miniFE.c 57 sum 3334.7668424306993984
miniFE.c 57 sum 5286.5169583258766579
miniFE.c 57 sum 5396.2833806083808668
miniFE.c 57 sum 8341.3367555884215108
miniFE.c 57 sum 8367.1050822645975131
miniFE.c 57 sum 39.5744811946399011
miniFE.c 57 sum 31.4721447744337297
miniFE.c 90 p_ap_dot 31.4721447744337297
miniFE.c 91 alpha 6.1613684968458626
miniFE.c 40 y -44.0133957956353825
miniFE.c 40 y 26.3918919395804714
miniFE.c 40 y -42.3624867320093017
miniFE.c 40 y -2.8805910217101660
miniFE.c 40 y 46.8468692897840739
miniFE.c 40 y 15.2212650998708998
miniFE.c 40 y 30.8321440475743493
miniFE.c 40 y 2.9780966855548616
miniFE.c 40 y 2110.8149131956629390
miniFE.c 40 y -1263.8914189036504467
miniFE.c 40 y 1697.2322553677709038
miniFE.c 40 y 849.8165474581593344
miniFE.c 40 y -2421.2516052927071541
miniFE.c 40 y -72.1452610616916132
miniFE.c 40 y -2234.7266541225853871
miniFE.c 40 y 314.7240583729451373
miniFE.c 82 oldrtrans 193.9114813413681304
miniFE.c 48 sum 4455539.5977692138403654
miniFE.c 48 sum 6052961.1165474969893694
miniFE.c 48 sum 8933558.4452082663774490
miniFE.c 48 sum 9655746.6095419730991125
miniFE.c 48 sum 15518205.9456744845956564
miniFE.c 48 sum 15523410.8843681439757347
miniFE.c 48 sum 20517414.1030140705406666
miniFE.c 48 sum 20616465.3359328061342239
miniFE.c 83 rtrans 20616465.3359328061342239
miniFE.c 84 beta 106318.9512726113607641
miniFE.c 40 y -777070.1002671864116564
miniFE.c 40 y 420820.4916480985120870
miniFE.c 40 y -749066.1468176813796163
miniFE.c 40 y -83543.3972838515328476
miniFE.c 40 y 791572.5511818537488580
miniFE.c 40 y 229200.0716614206321537
miniFE.c 40 y 513623.9077621647738852
miniFE.c 40 y 17092.2606334408410476
miniFE.c 87 normr 4540.5357983318226616
miniFE.c 25 Ap -52137293.0270977988839149
miniFE.c 25 Ap -45788142.8183325305581093
miniFE.c 25 Ap -52768849.7916157767176628
miniFE.c 25 Ap -53914771.9650257527828217
miniFE.c 25 Ap -42782562.6330093592405319
miniFE.c 25 Ap -39102434.6023849248886108
miniFE.c 25 Ap -36535983.3140265122056007
miniFE.c 25 Ap -36426455.0310750007629395
miniFE.c 25 Ap -11724083.9912861883640289
miniFE.c 25 Ap 16233794.4759369529783726
miniFE.c 25 Ap 5453256.9629212860018015
miniFE.c 25 Ap 4955019.5135054960846901
miniFE.c 25 Ap 13609765.0748329237103462
miniFE.c 25 Ap 15822065.1337280180305243
miniFE.c 25 Ap 21676047.3962955921888351
miniFE.c 25 Ap 21794905.3016989976167679
miniFE.c 25 Ap -7241681.7803212665021420
miniFE.c 25 Ap -1185245.8891365816816688
miniFE.c 25 Ap -51877615.7248295694589615
miniFE.c 25 Ap -52680649.4796164780855179
miniFE.c 25 Ap -39383671.2818044871091843
miniFE.c 25 Ap -35676201.9746315628290176
miniFE.c 25 Ap -29537399.8464926332235336
miniFE.c 25 Ap -29326290.4297246970236301
miniFE.c 25 Ap -10658674.2596138603985310
miniFE.c 25 Ap -8148978.2783950641751289
miniFE.c 25 Ap -15349133.1681823115795851
miniFE.c 25 Ap -20813014.2097555547952652
miniFE.c 25 Ap -17909437.4358947835862637
miniFE.c 25 Ap -15368550.6534641571342945
miniFE.c 25 Ap -14700719.8990028351545334
miniFE.c 25 Ap -14620026.8579690624028444
miniFE.c 25 Ap -10928255.4187985509634018
miniFE.c 25 Ap -6327168.2831099843606353
miniFE.c 25 Ap -18910116.2492598220705986
miniFE.c 25 Ap -19216562.7873574867844582
miniFE.c 25 Ap 33471503.6007211878895760
miniFE.c 25 Ap 34500430.1668241396546364
miniFE.c 25 Ap 41718212.3104772046208382
miniFE.c 25 Ap 41783151.5858077406883240
miniFE.c 25 Ap -12476948.3579300511628389
miniFE.c 25 Ap -8415077.0342918261885643
miniFE.c 25 Ap -20531738.8147091269493103
miniFE.c 25 Ap -21457891.7272242046892643
miniFE.c 25 Ap -17904358.6894507668912411
miniFE.c 25 Ap -2670972.4425984192639589
miniFE.c 25 Ap 1238855.4994011339731514
miniFE.c 25 Ap 1297415.8917864877730608
miniFE.c 25 Ap -3882826.5776502639055252
miniFE.c 25 Ap 913437.1020646905526519
miniFE.c 25 Ap -8039356.5407314291223884
miniFE.c 25 Ap -8147982.4228120036423206
miniFE.c 25 Ap 2975717.5042791850864887
miniFE.c 25 Ap 4720443.2285830462351441
miniFE.c 25 Ap 38444064.4892128109931946
miniFE.c 25 Ap 38489778.7145358026027679
miniFE.c 25 Ap -4979514.1579284472391009
miniFE.c 25 Ap -2053169.6994157517328858
miniFE.c 25 Ap -11305013.0200058929622173
miniFE.c 25 Ap -11699423.7377980798482895
miniFE.c 25 Ap -8691972.0643359180539846
miniFE.c 25 Ap -7906701.6768142171204090
miniFE.c 25 Ap -6532985.2589415647089481
miniFE.c 25 Ap -5424173.0505220759660006
miniFE.c 57 sum 28305909063375.6093750000000000
miniFE.c 57 sum 37477651827860.3281250000000000
miniFE.c 57 sum 59444983200510.4531250000000000
miniFE.c 57 sum 60666389912606.3437500000000000
miniFE.c 57 sum 93740785809802.2968750000000000
miniFE.c 57 sum 94038153625174.4218750000000000
miniFE.c 57 sum 113807424177435.2968750000000000
miniFE.c 57 sum 113714712797934.8906250000000000
miniFE.c 90 p_ap_dot 113714712797934.8906250000000000
miniFE.c 91 alpha 0.0000001812998936
miniFE.c 40 y -44.1542785221671323
miniFE.c 40 y 26.4681866499591507
miniFE.c 40 y -42.4982923447590721
miniFE.c 40 y -2.8957374307523200
miniFE.c 40 y 46.9903813091242242
miniFE.c 40 y 15.2628190484861292
miniFE.c 40 y 30.9252640074242358
miniFE.c 40 y 2.9811955105898265
miniFE.c 40 y 2117.4190256185956969
miniFE.c 40 y -1267.8428329168120854
miniFE.c 40 y 1702.5491087036295994
miniFE.c 40 y 852.4671567725698651
miniFE.c 40 y -2428.8268862312920646
miniFE.c 40 y -72.3804824248834962
miniFE.c 40 y -2241.7048469098808710
miniFE.c 40 y 315.7074603701071283
miniFE.c 82 oldrtrans 20616465.3359328061342239
miniFE.c 48 sum 4483463.3300516027957201
miniFE.c 48 sum 6090888.7790301302447915
miniFE.c 48 sum 8989562.2465776540338993
miniFE.c 48 sum 9716262.4999535623937845
miniFE.c 48 sum 15615462.5432335548102856
miniFE.c 48 sum 15620701.4774696137756109
miniFE.c 48 sum 20645942.0981288664042950
miniFE.c 48 sum 20745613.2986622080206871
miniFE.c 83 rtrans 20745613.2986622080206871
miniFE.c 84 beta 1.0062643115890630
miniFE.c 40 y -779820.4904761859215796
miniFE.c 40 y 422188.7994979280629195
miniFE.c 40 y -752055.9814534625038505
miniFE.c 40 y -83214.2719988738826942
miniFE.c 40 y 794102.3814015751704574
miniFE.c 40 y 230563.4718441184668336
miniFE.c 40 y 514599.7031130692921579
miniFE.c 40 y 17515.0393401802975859
miniFE.c 87 normr 4554.7352610950074450
miniFE.c 25 Ap -52321829.6605574637651443
miniFE.c 25 Ap -45952035.0386924967169762
miniFE.c 25 Ap -52960604.9177813604474068
miniFE.c 25 Ap -54102012.6475111916661263
miniFE.c 25 Ap -42934225.2758844643831253
miniFE.c 25 Ap -39232205.9465665593743324
miniFE.c 25 Ap -36660878.8508369252085686
miniFE.c 25 Ap -36548641.3752975687384605
miniFE.c 25 Ap -11765580.6410839799791574
miniFE.c 25 Ap 16283203.5337520707398653
miniFE.c 25 Ap 5459636.4103532824665308
miniFE.c 25 Ap 4963361.8035780461505055
miniFE.c 25 Ap 13645767.5418941229581833
miniFE.c 25 Ap 15871227.5020170658826828
miniFE.c 25 Ap 21736331.3042749911546707
miniFE.c 25 Ap 21858129.1713727489113808
miniFE.c 25 Ap -7267313.2525120479986072
miniFE.c 25 Ap -1191184.7158018518239260
miniFE.c 25 Ap -52085888.8897218108177185
miniFE.c 25 Ap -52885759.0346725881099701
miniFE.c 25 Ap -39546284.2934602797031403
miniFE.c 25 Ap -35816761.0475860908627510
miniFE.c 25 Ap -29666296.2719608731567860
miniFE.c 25 Ap -29449965.0435136184096336
miniFE.c 25 Ap -10696399.9594116993248463
miniFE.c 25 Ap -8178543.6419451646506786
miniFE.c 25 Ap -15407437.3454726003110409
miniFE.c 25 Ap -20849793.0306040719151497
miniFE.c 25 Ap -17936936.5561563782393932
miniFE.c 25 Ap -15380935.2692743837833405
miniFE.c 25 Ap -14711835.7534965686500072
miniFE.c 25 Ap -14629146.7623504754155874
miniFE.c 25 Ap -10966935.2839676979929209
miniFE.c 25 Ap -6350887.6038891570642591
miniFE.c 25 Ap -18984059.3504210822284222
miniFE.c 25 Ap -19289298.6201114170253277
miniFE.c 25 Ap 33567156.4549779891967773
miniFE.c 25 Ap 34602203.6067249104380608
miniFE.c 25 Ap 41833698.2706738114356995
miniFE.c 25 Ap 41900243.8252104520797729
miniFE.c 25 Ap -12521109.7232818324118853
miniFE.c 25 Ap -8446031.1283071637153625
miniFE.c 25 Ap -20611055.5469441227614880
miniFE.c 25 Ap -21533559.8127537183463573
miniFE.c 25 Ap -17968669.8434490971267223
miniFE.c 25 Ap -2644667.5621360540390015
miniFE.c 25 Ap 1272588.3672896735370159
miniFE.c 25 Ap 1332597.2565994421020150
miniFE.c 25 Ap -3896569.5954278628341854
miniFE.c 25 Ap 915289.2498578173108399
miniFE.c 25 Ap -8073238.7171150799840689
miniFE.c 25 Ap -8181436.6596389915794134
miniFE.c 25 Ap 2977814.1113876681774855
miniFE.c 25 Ap 4732918.3637348683550954
miniFE.c 25 Ap 38520608.5906733945012093
miniFE.c 25 Ap 38567453.5617459490895271
miniFE.c 25 Ap -4997138.8316623000428081
miniFE.c 25 Ap -2061279.2944560591131449
miniFE.c 25 Ap -11350050.5709046218544245
miniFE.c 25 Ap -11742907.4790109209716320
miniFE.c 25 Ap -8725844.1254614237695932
miniFE.c 25 Ap -7935902.5448547750711441
miniFE.c 25 Ap -6559576.3066957937553525
miniFE.c 25 Ap -5423337.5219125365838408
miniFE.c 57 sum 28501379443522.7734375000000000
miniFE.c 57 sum 37729636757655.2734375000000000
miniFE.c 57 sum 59877659122225.0703125000000000
miniFE.c 57 sum 61095012920018.7500000000000000
miniFE.c 57 sum 94368096322925.0156250000000000
miniFE.c 57 sum 94675344572976.5312500000000000
miniFE.c 57 sum 114522144725678.0781250000000000
miniFE.c 57 sum 114427154755626.7031250000000000
miniFE.c 90 p_ap_dot 114427154755626.7031250000000000
miniFE.c 91 alpha 0.0000001812997391
miniFE.c 40 y -44.2956597736047115
miniFE.c 40 y 26.5447293691425088
miniFE.c 40 y -42.6346398979556795
miniFE.c 40 y -2.9108241565518482
miniFE.c 40 y 47.1343518636598731
miniFE.c 40 y 15.3046201457684141
miniFE.c 40 y 31.0185607993193884
miniFE.c 40 y 2.9843709826518405
miniFE.c 40 y 2124.0452847629630924
miniFE.c 40 y -1271.8057060319385982
miniFE.c 40 y 1707.8883796813674962
miniFE.c 40 y 855.1194172632658592
miniFE.c 40 y -2436.4233895033858062
miniFE.c 40 y -72.6220819597780860
miniFE.c 40 y -2248.6971161768638012
miniFE.c 40 y 316.6907100476684036
miniFE.c 82 oldrtrans 20745613.2986622080206871
miniFE.c 48 sum 4511568.3717237766832113
miniFE.c 48 sum 6129058.1256191749125719
miniFE.c 48 sum 9045940.8430698215961456
miniFE.c 48 sum 9777170.0608504898846149
miniFE.c 48 sum 15713328.9937696568667889
miniFE.c 48 sum 15718602.9605578295886517
miniFE.c 48 sum 20775241.6808599755167961
miniFE.c 48 sum 20875534.6866904720664024
miniFE.c 83 rtrans 20875534.6866904720664024
miniFE.c 84 beta 1.0062625956706057
miniFE.c 40 y -782580.1456189287127927
miniFE.c 40 y 423560.9915398100856692
miniFE.c 40 y -755057.9156072847545147
miniFE.c 40 y -82880.2899211633630330
miniFE.c 40 y 796639.1001478550024331
miniFE.c 40 y 231934.7755627295118757
miniFE.c 40 y 515573.7358697032905184
miniFE.c 40 y 17941.4196597702684812
miniFE.c 87 normr 4568.9752337576173886
miniFE.c 25 Ap -52506987.9220597967505455
miniFE.c 25 Ap -46116490.2841533347964287
miniFE.c 25 Ap -53153035.8270336464047432
miniFE.c 25 Ap -54289862.4949343875050545
miniFE.c 25 Ap -43086400.2075240463018417
miniFE.c 25 Ap -39362362.6771786361932755
miniFE.c 25 Ap -36786168.5813242271542549
miniFE.c 25 Ap -36671198.8338349834084511
miniFE.c 25 Ap -11807217.0760328676551580
miniFE.c 25 Ap 16332730.8588909599930048
miniFE.c 25 Ap 5465959.9892083853483200
miniFE.c 25 Ap 4971677.1900919126346707
miniFE.c 25 Ap 13681818.4218595027923584
miniFE.c 25 Ap 15920514.5702412668615580
miniFE.c 25 Ap 21796719.8231799826025963
miniFE.c 25 Ap 21921482.6972348988056183
miniFE.c 25 Ap -7293031.0665938127785921
miniFE.c 25 Ap -1197153.9831826118752360
miniFE.c 25 Ap -52295011.3192024081945419
miniFE.c 25 Ap -53091671.1699753701686859
miniFE.c 25 Ap -39709584.1706536784768105
miniFE.c 25 Ap -35957879.1409313902258873
miniFE.c 25 Ap -29795772.7842408493161201
miniFE.c 25 Ap -29574175.2599816843867302
miniFE.c 25 Ap -10734252.7415805794298649
miniFE.c 25 Ap -8208212.9232595954090357
miniFE.c 25 Ap -15465961.7432120479643345
miniFE.c 25 Ap -20886474.4293518960475922
miniFE.c 25 Ap -17964312.9864303469657898
miniFE.c 25 Ap -15393109.5773672387003899
miniFE.c 25 Ap -14722743.5920561663806438
miniFE.c 25 Ap -14638041.6474826410412788
miniFE.c 25 Ap -11005745.4456986971199512
miniFE.c 25 Ap -6374694.7529891142621636
miniFE.c 25 Ap -19058293.5297850929200649
miniFE.c 25 Ap -19362307.7158083915710449
miniFE.c 25 Ap 33662994.5552990287542343
miniFE.c 25 Ap 34704197.7732986658811569
miniFE.c 25 Ap 41949380.1884054094552994
miniFE.c 25 Ap 42017545.7058927193284035
miniFE.c 25 Ap -12565419.8501157667487860
miniFE.c 25 Ap -8477096.4925497695803642
miniFE.c 25 Ap -20690679.2674593701958656
miniFE.c 25 Ap -21609481.0446934960782528
miniFE.c 25 Ap -18033203.2198360450565815
miniFE.c 25 Ap -2618059.6092209536582232
miniFE.c 25 Ap 1306610.8903421005234122
miniFE.c 25 Ap 1368080.6161881275475025
miniFE.c 25 Ap -3910358.9077816731296480
miniFE.c 25 Ap 917139.3728040740825236
miniFE.c 25 Ap -8107267.5310592576861382
miniFE.c 25 Ap -8215031.2190643213689327
miniFE.c 25 Ap 2979867.1980194337666035
miniFE.c 25 Ap 4745410.1420142902061343
miniFE.c 25 Ap 38597053.6064944341778755
miniFE.c 25 Ap 38645038.9560354128479958
miniFE.c 25 Ap -5014822.8756752694025636
miniFE.c 25 Ap -2069421.2494846009649336
miniFE.c 25 Ap -11395269.9249958284199238
miniFE.c 25 Ap -11786550.0943617578595877
miniFE.c 25 Ap -8759848.8888842072337866
miniFE.c 25 Ap -7965209.0366115951910615
miniFE.c 25 Ap -6586277.6923251291736960
miniFE.c 25 Ap -5422378.6867009736597538
miniFE.c 57 sum 28698152123403.2695312500000000
miniFE.c 57 sum 37983237070666.8750000000000000
miniFE.c 57 sum 60313452198273.1718750000000000
miniFE.c 57 sum 61526657333894.5937500000000000
miniFE.c 57 sum 94999477135458.3437500000000000
miniFE.c 57 sum 95316782606125.6562500000000000
miniFE.c 57 sum 115241149713519.0468750000000000
miniFE.c 57 sum 115143864541946.7500000000000000
miniFE.c 90 p_ap_dot 115143864541946.7500000000000000
miniFE.c 91 alpha 0.0000001812995835
miniFE.c 40 y -44.4375412280788353
miniFE.c 40 y 26.6215208005052908
miniFE.c 40 y -42.7715315835910701
miniFE.c 40 y -2.9258503185968254
miniFE.c 40 y 47.2787822007348666
miniFE.c 40 y 15.3466698239824506
miniFE.c 40 y 31.1120341029079945
miniFE.c 40 y 2.9876237545639692
miniFE.c 40 y 2130.6937578388287875
miniFE.c 40 y -1275.7800617151551705
miniFE.c 40 y 1713.2501653390402225
miniFE.c 40 y 857.7732881175476223
miniFE.c 40 y -2444.0411530405253870
miniFE.c 40 y -72.8701144057189651
miniFE.c 40 y -2255.7034456448254787
miniFE.c 40 y 317.6737850452715861
miniFE.c 82 oldrtrans 20875534.6866904720664024
miniFE.c 48 sum 4539855.8896933495998383
miniFE.c 48 sum 6167470.6555632743984461
miniFE.c 48 sum 9102696.7845975235104561
miniFE.c 48 sum 9838471.7984055131673813
miniFE.c 48 sum 15811808.9561611749231815
miniFE.c 48 sum 15817119.0097346771508455
miniFE.c 48 sum 20905317.0444286167621613
miniFE.c 48 sum 21006233.6781336069107056
miniFE.c 83 rtrans 21006233.6781336069107056
miniFE.c 84 beta 1.0062608691659747
miniFE.c 40 y -785349.0837646994041279
miniFE.c 40 y 424937.0714299361570738
miniFE.c 40 y -758071.9842642964795232
miniFE.c 40 y -82541.4192846802761778
miniFE.c 40 y 799182.7121733400272205
miniFE.c 40 y 233314.0187331617344171
miniFE.c 40 y 516545.9721297514624894
miniFE.c 40 y 18371.4223259572063398
miniFE.c 87 normr 4583.2557945344497057
miniFE.c 25 Ap -52692769.0239582210779190
miniFE.c 25 Ap -46281509.7119054868817329
miniFE.c 25 Ap -53346144.0025971159338951
miniFE.c 25 Ap -54478322.5548012405633926
miniFE.c 25 Ap -43239088.4085955694317818
miniFE.c 25 Ap -39492905.1982084289193153
miniFE.c 25 Ap -36911853.0788771510124207
miniFE.c 25 Ap -36794127.8472128137946129
miniFE.c 25 Ap -11848993.5687540899962187
miniFE.c 25 Ap 16382376.4216372910887003
miniFE.c 25 Ap 5472227.1662650629878044
miniFE.c 25 Ap 4979965.3292723782360554
miniFE.c 25 Ap 13717917.4229179304093122
miniFE.c 25 Ap 15969926.3932593911886215
miniFE.c 25 Ap 21857212.6214707419276237
miniFE.c 25 Ap 21984965.6919260621070862
miniFE.c 25 Ap -7318835.3909580754116178
miniFE.c 25 Ap -1203153.8070505764335394
miniFE.c 25 Ap -52504985.4966311678290367
miniFE.c 25 Ap -53298388.0635438859462738
miniFE.c 25 Ap -39873573.0115679278969765
miniFE.c 25 Ap -36099557.7718861103057861
miniFE.c 25 Ap -29925831.3057496473193169
miniFE.c 25 Ap -29698922.7454599551856518
miniFE.c 25 Ap -10772232.8539676610380411
miniFE.c 25 Ap -8237986.3483806652948260
miniFE.c 25 Ap -15524706.9237263295799494
miniFE.c 25 Ap -20923056.8907713964581490
miniFE.c 25 Ap -17991565.1940558217465878
miniFE.c 25 Ap -15405071.6469220519065857
miniFE.c 25 Ap -14733441.5279418695718050
miniFE.c 25 Ap -14646709.5287412013858557
miniFE.c 25 Ap -11044686.1581073105335236
miniFE.c 25 Ap -6398589.9445502460002899
miniFE.c 25 Ap -19132819.5891790650784969
miniFE.c 25 Ap -19435590.7597542330622673
miniFE.c 25 Ap 33759017.5327206179499626
miniFE.c 25 Ap 34806412.4588156566023827
miniFE.c 25 Ap 42065257.3795245289802551
miniFE.c 25 Ap 42135056.6224815845489502
miniFE.c 25 Ap -12609879.0285595189779997
miniFE.c 25 Ap -8508273.3818567749112844
miniFE.c 25 Ap -20770610.7970009148120880
miniFE.c 25 Ap -21685655.8916347585618496
miniFE.c 25 Ap -18097959.2658672146499157
miniFE.c 25 Ap -2591146.6440200302749872
miniFE.c 25 Ap 1340924.7503189765848219
miniFE.c 25 Ap 1403867.7233497200068086
miniFE.c 25 Ap -3924194.6049994290806353
miniFE.c 25 Ap 918987.4222868396900594
miniFE.c 25 Ap -8141443.4493209756910801
miniFE.c 25 Ap -8248766.5265417536720634
miniFE.c 25 Ap 2981876.4055080534890294
miniFE.c 25 Ap 4757918.4781553577631712
miniFE.c 25 Ap 38673397.2254450023174286
miniFE.c 25 Ap 38722532.6416268497705460
miniFE.c 25 Ap -5032566.4057564707472920
miniFE.c 25 Ap -2077595.6548656946979463
miniFE.c 25 Ap -11440671.6047513466328382
miniFE.c 25 Ap -11830351.9563540630042553
miniFE.c 25 Ap -8793986.7090508304536343
miniFE.c 25 Ap -7994621.3834784897044301
miniFE.c 25 Ap -6613089.7378970580175519
miniFE.c 25 Ap -5421295.5219115437939763
miniFE.c 57 sum 28896234592729.7968750000000000
miniFE.c 57 sum 38238461529344.4765625000000000
miniFE.c 57 sum 60752382825507.3515625000000000
miniFE.c 57 sum 61961343017860.1015625000000000
miniFE.c 57 sum 95634951846992.1875000000000000
miniFE.c 57 sum 95962493867296.6875000000000000
miniFE.c 57 sum 115964462133991.8593750000000000
miniFE.c 57 sum 115864865224405.0000000000000000
miniFE.c 90 p_ap_dot 115864865224405.0000000000000000
miniFE.c 91 alpha 0.0000001812994270
miniFE.c 40 y -44.5799245669841895
miniFE.c 40 y 26.6985616480794938
miniFE.c 40 y -42.9089695999859515
miniFE.c 40 y -2.9408150306194099
miniFE.c 40 y 47.4236735685444586
miniFE.c 40 y 15.3889695218969216
miniFE.c 40 y 31.2056835916899544
miniFE.c 40 y 2.9909544829053978
miniFE.c 40 y 2137.3645121356098571
miniFE.c 40 y -1279.7659233983833929
miniFE.c 40 y 1718.6345630162109046
miniFE.c 40 y 860.4287281629883637
miniFE.c 40 y -2451.6802146640725368
miniFE.c 40 y -73.1246348195886782
miniFE.c 40 y -2262.7238186259164650
miniFE.c 40 y 318.6566628171563593
miniFE.c 82 oldrtrans 21006233.6781336069107056
miniFE.c 48 sum 4568327.0577366938814521
miniFE.c 48 sum 6206127.8764284104108810
miniFE.c 48 sum 9159832.6376223322004080
miniFE.c 48 sum 9900170.2338705100119114
miniFE.c 48 sum 15910906.1088457815349102
miniFE.c 48 sum 15916253.3210632801055908
miniFE.c 48 sum 21036172.4004403278231621
miniFE.c 48 sum 21137714.4691980965435505
miniFE.c 83 rtrans 21137714.4691980965435505
miniFE.c 84 beta 1.0062591320785579
miniFE.c 40 y -788127.3228956214152277
miniFE.c 40 y 426317.0427616933593526
miniFE.c 40 y -761098.2223758449545130
miniFE.c 40 y -82197.6282017717167037
miniFE.c 40 y 801733.2221090689999983
miniFE.c 40 y 234701.2373573721270077
miniFE.c 40 y 517516.3777753327740356
miniFE.c 40 y 18805.0681475834971934
miniFE.c 87 normr 4597.5770215623460899
miniFE.c 25 Ap -52879174.1727580875158310
miniFE.c 25 Ap -46447094.4742389023303986
miniFE.c 25 Ap -53539930.9224807694554329
miniFE.c 25 Ap -54667393.8677340894937515
miniFE.c 25 Ap -43392290.8545931875705719
miniFE.c 25 Ap -39623833.9070882797241211
miniFE.c 25 Ap -37037932.9114066287875175
miniFE.c 25 Ap -36917428.8499976173043251
miniFE.c 25 Ap -11890910.3905538339167833
miniFE.c 25 Ap 16432140.1894172523170710
miniFE.c 25 Ap 5478437.4059307631105185
miniFE.c 25 Ap 4988225.8756989855319262
miniFE.c 25 Ap 13754064.2502829227596521
miniFE.c 25 Ap 16019463.0237854160368443
miniFE.c 25 Ap 21917809.3630057722330093
miniFE.c 25 Ap 22048577.9640073888003826
miniFE.c 25 Ap -7344726.3931840723380446
miniFE.c 25 Ap -1209184.3032690640538931
miniFE.c 25 Ap -52715813.9031720161437988
miniFE.c 25 Ap -53505911.8900323808193207
miniFE.c 25 Ap -40038252.9130642637610435
miniFE.c 25 Ap -36241798.4549549967050552
miniFE.c 25 Ap -30056473.7587668858468533
miniFE.c 25 Ap -29824209.1652144975960255
miniFE.c 25 Ap -10810340.5432245619595051
miniFE.c 25 Ap -8267864.1425296906381845
miniFE.c 25 Ap -15583673.4481952283531427
miniFE.c 25 Ap -20959538.8905353248119354
miniFE.c 25 Ap -18018691.6377183832228184
miniFE.c 25 Ap -15416819.5375106651335955
miniFE.c 25 Ap -14743927.6650867108255625
miniFE.c 25 Ap -14655148.4118200615048409
miniFE.c 25 Ap -11083757.6740835104137659
miniFE.c 25 Ap -6422573.3921738322824240
miniFE.c 25 Ap -19207638.3293233029544353
miniFE.c 25 Ap -19509148.4357017613947392
miniFE.c 25 Ap 33855225.0117377340793610
miniFE.c 25 Ap 34908847.4493911117315292
miniFE.c 25 Ap 42181329.1506994217634201
miniFE.c 25 Ap 42252775.9607051238417625
miniFE.c 25 Ap -12654487.5473412554711103
miniFE.c 25 Ap -8539562.0502720177173615
miniFE.c 25 Ap -20850850.9549747481942177
miniFE.c 25 Ap -21762084.8194804862141609
miniFE.c 25 Ap -18162938.4266558997333050
miniFE.c 25 Ap -2563926.7188387904316187
miniFE.c 25 Ap 1375531.6352013307623565
miniFE.c 25 Ap 1439960.3373591518029571
miniFE.c 25 Ap -3938076.7769333422183990
miniFE.c 25 Ap 920833.3494092095643282
miniFE.c 25 Ap -8175766.9385335464030504
miniFE.c 25 Ap -8282643.0072432206943631
miniFE.c 25 Ap 2983841.3737600082531571
miniFE.c 25 Ap 4770443.2861200533807278
miniFE.c 25 Ap 38749637.1213684082031250
miniFE.c 25 Ap 38799932.3480180054903030
miniFE.c 25 Ap -5050369.5371364848688245
miniFE.c 25 Ap -2085802.6008418598212302
miniFE.c 25 Ap -11486256.1321037244051695
miniFE.c 25 Ap -11874313.4363778792321682
miniFE.c 25 Ap -8828257.9397564530372620
miniFE.c 25 Ap -8024139.8159030526876450
miniFE.c 25 Ap -6640012.7651093918830156
miniFE.c 25 Ap -5420086.9993270887061954
miniFE.c 57 sum 29095634367738.2031250000000000
miniFE.c 57 sum 38495318922454.4687500000000000
miniFE.c 57 sum 61194471501864.6093750000000000
miniFE.c 57 sum 62399089942261.1796875000000000
miniFE.c 57 sum 96274544156289.9062500000000000
miniFE.c 57 sum 96612504629213.6406250000000000
miniFE.c 57 sum 116692105075887.8750000000000000
miniFE.c 57 sum 116590179970499.7031250000000000
miniFE.c 90 p_ap_dot 116590179970499.7031250000000000
miniFE.c 91 alpha 0.0000001812992696
miniFE.c 40 y -44.7228114749635424
miniFE.c 40 y 26.7758526165429593
miniFE.c 40 y -43.0469561517835828
miniFE.c 40 y -2.9557174005738434
miniFE.c 40 y 47.5690272161132270
miniFE.c 40 y 15.4315206848000308
miniFE.c 40 y 31.2995089329778438
miniFE.c 40 y 2.9943638280250124
miniFE.c 40 y 2144.0576150209953994
miniFE.c 40 y -1283.7633144786009325
miniFE.c 40 y 1724.0416703537539433
miniFE.c 40 y 863.0856958656812594
miniFE.c 40 y -2459.3406120836011723
miniFE.c 40 y -73.3856985769803316
miniFE.c 40 y -2269.7582180204803990
miniFE.c 40 y 319.6393206312104667
