filename line variable value
miniFE.c 167 A 67.0947100000000063
miniFE.c 167 A 15.0875500000000002
miniFE.c 167 A 9.3192129999999995
miniFE.c 167 A 13.7164900000000003
miniFE.c 167 A 14.0634099999999993
miniFE.c 167 A 16.0564000000000000
miniFE.c 167 A 4.9967519999999999
miniFE.c 167 A 6.4080630000000003
miniFE.c 167 A 15.0875500000000002
miniFE.c 167 A 66.4365899999999954
miniFE.c 167 A 14.3919700000000006
miniFE.c 167 A 5.9638159999999996
miniFE.c 167 A 10.9336099999999998
miniFE.c 167 A 9.6522659999999991
miniFE.c 167 A 11.3974100000000007
miniFE.c 167 A 6.9539020000000002
miniFE.c 167 A 9.3192129999999995
miniFE.c 167 A 14.3919700000000006
miniFE.c 167 A 67.6740900000000067
miniFE.c 167 A 9.6121444824218756
miniFE.c 167 A 16.7981799999999986
miniFE.c 167 A 16.1756899999999995
miniFE.c 167 A 11.9519400000000005
miniFE.c 167 A 12.3511699999999998
miniFE.c 167 A 13.7164900000000003
miniFE.c 167 A 5.9638159999999996
miniFE.c 167 A 9.6121750000000006
miniFE.c 167 A 65.4017099999999942
miniFE.c 167 A 3.6681119999999998
miniFE.c 167 A 11.0858899999999991
miniFE.c 167 A 1.3002330000000000
miniFE.c 167 A 4.7210279999999996
miniFE.c 167 A 14.0634099999999993
miniFE.c 167 A 10.9336099999999998
miniFE.c 167 A 16.7981799999999986
miniFE.c 167 A 3.6681119999999998
miniFE.c 167 A 66.5612600000000043
miniFE.c 167 A 4.4892070000000004
miniFE.c 167 A 14.0526599999999995
miniFE.c 167 A 3.7993380000000001
miniFE.c 167 A 16.0564000000000000
miniFE.c 167 A 9.6522659999999991
miniFE.c 167 A 16.1756899999999995
miniFE.c 167 A 11.0858899999999991
miniFE.c 167 A 4.4892070000000004
miniFE.c 167 A 66.4632699999999943
miniFE.c 167 A 7.6122389999999998
miniFE.c 167 A 3.4261349999999999
miniFE.c 167 A 4.9967519999999999
miniFE.c 167 A 11.3974100000000007
miniFE.c 167 A 11.9519400000000005
miniFE.c 167 A 1.3002330000000000
miniFE.c 167 A 14.0526599999999995
miniFE.c 167 A 7.6122389999999998
miniFE.c 167 A 65.6581999999999937
miniFE.c 167 A 2.6745570000000001
miniFE.c 167 A 6.4080630000000003
miniFE.c 167 A 6.9539020000000002
miniFE.c 167 A 12.3511699999999998
miniFE.c 167 A 4.7210279999999996
miniFE.c 167 A 3.7993380000000001
miniFE.c 167 A 3.4261349999999999
miniFE.c 167 A 2.6745570000000001
miniFE.c 167 A 64.8721800000000002
miniFE.c 175 b 198.0110999999999990
miniFE.c 175 b 229.8237000000000023
miniFE.c 175 b 210.8053999999999917
miniFE.c 175 b 202.6418999999999926
miniFE.c 175 b 157.2561000000000035
miniFE.c 175 b 225.5886000000000138
miniFE.c 175 b 142.6283999999999992
miniFE.c 175 b 185.1795999999999935
miniFE.c 33 r 0.0000000000000000
miniFE.c 33 r 0.0000000000000000
miniFE.c 33 r 0.0000000000000000
miniFE.c 33 r 0.0000000000000000
miniFE.c 33 r 0.0000000000000000
miniFE.c 33 r 0.0000000000000000
miniFE.c 33 r 0.0000000000000000
miniFE.c 33 r 0.0000000000000000
miniFE.c 25 Ap 0.0000000000000000
miniFE.c 25 Ap 0.0000000000000000
miniFE.c 25 Ap 0.0000000000000000
miniFE.c 25 Ap 0.0000000000000000
miniFE.c 25 Ap 0.0000000000000000
miniFE.c 25 Ap 0.0000000000000000
miniFE.c 25 Ap 0.0000000000000000
miniFE.c 25 Ap 0.0000000000000000
miniFE.c 25 Ap 0.0000000000000000
miniFE.c 25 Ap 0.0000000000000000
miniFE.c 25 Ap 0.0000000000000000
miniFE.c 25 Ap 0.0000000000000000
miniFE.c 25 Ap 0.0000000000000000
miniFE.c 25 Ap 0.0000000000000000
miniFE.c 25 Ap 0.0000000000000000
miniFE.c 25 Ap 0.0000000000000000
miniFE.c 25 Ap 0.0000000000000000
miniFE.c 25 Ap 0.0000000000000000
miniFE.c 25 Ap 0.0000000000000000
miniFE.c 25 Ap 0.0000000000000000
miniFE.c 25 Ap 0.0000000000000000
miniFE.c 25 Ap 0.0000000000000000
miniFE.c 25 Ap 0.0000000000000000
miniFE.c 25 Ap 0.0000000000000000
miniFE.c 25 Ap 0.0000000000000000
miniFE.c 25 Ap 0.0000000000000000
miniFE.c 25 Ap 0.0000000000000000
miniFE.c 25 Ap 0.0000000000000000
miniFE.c 25 Ap 0.0000000000000000
miniFE.c 25 Ap 0.0000000000000000
miniFE.c 25 Ap 0.0000000000000000
miniFE.c 25 Ap 0.0000000000000000
miniFE.c 25 Ap 0.0000000000000000
miniFE.c 25 Ap 0.0000000000000000
miniFE.c 25 Ap 0.0000000000000000
miniFE.c 25 Ap 0.0000000000000000
miniFE.c 25 Ap 0.0000000000000000
miniFE.c 25 Ap 0.0000000000000000
miniFE.c 25 Ap 0.0000000000000000
miniFE.c 25 Ap 0.0000000000000000
miniFE.c 25 Ap 0.0000000000000000
miniFE.c 25 Ap 0.0000000000000000
miniFE.c 25 Ap 0.0000000000000000
miniFE.c 25 Ap 0.0000000000000000
miniFE.c 25 Ap 0.0000000000000000
miniFE.c 25 Ap 0.0000000000000000
miniFE.c 25 Ap 0.0000000000000000
miniFE.c 25 Ap 0.0000000000000000
miniFE.c 25 Ap 0.0000000000000000
miniFE.c 25 Ap 0.0000000000000000
miniFE.c 25 Ap 0.0000000000000000
miniFE.c 25 Ap 0.0000000000000000
miniFE.c 25 Ap 0.0000000000000000
miniFE.c 25 Ap 0.0000000000000000
miniFE.c 25 Ap 0.0000000000000000
miniFE.c 25 Ap 0.0000000000000000
miniFE.c 25 Ap 0.0000000000000000
miniFE.c 25 Ap 0.0000000000000000
miniFE.c 25 Ap 0.0000000000000000
miniFE.c 25 Ap 0.0000000000000000
miniFE.c 25 Ap 0.0000000000000000
miniFE.c 25 Ap 0.0000000000000000
miniFE.c 25 Ap 0.0000000000000000
miniFE.c 25 Ap 0.0000000000000000
miniFE.c 33 r 198.0110999999999990
miniFE.c 33 r 229.8237000000000023
miniFE.c 33 r 210.8053999999999917
miniFE.c 33 r 202.6418999999999926
miniFE.c 33 r 157.2561000000000035
miniFE.c 33 r 225.5886000000000138
miniFE.c 33 r 142.6283999999999992
miniFE.c 33 r 185.1795999999999935
miniFE.c 48 sum 39208.3957232100001420
miniFE.c 48 sum 92027.3288048999966122
miniFE.c 48 sum 136466.2454740600078367
miniFE.c 48 sum 177529.9851096700003836
miniFE.c 48 sum 202259.4660968800017145
miniFE.c 48 sum 253149.6825468399911188
miniFE.c 48 sum 273492.5430333999684080
miniFE.c 48 sum 307784.0272895599482581
miniFE.c 75 rtrans 307784.0272895599482581
miniFE.c 76 normr 554.7828649927464539
miniFE.c 33 r 198.0110999999999990
miniFE.c 33 r 229.8237000000000023
miniFE.c 33 r 210.8053999999999917
miniFE.c 33 r 202.6418999999999926
miniFE.c 33 r 157.2561000000000035
miniFE.c 33 r 225.5886000000000138
miniFE.c 33 r 142.6283999999999992
miniFE.c 33 r 185.1795999999999935
miniFE.c 87 normr 554.7828649927464539
miniFE.c 25 Ap 13285.4973312810016068
miniFE.c 25 Ap 16752.9738962160008668
miniFE.c 25 Ap 18717.5143203662009910
miniFE.c 25 Ap 21497.0499152972006414
miniFE.c 25 Ap 23708.6069245981998392
miniFE.c 25 Ap 27330.7477216381994367
miniFE.c 25 Ap 28043.4264645949988335
miniFE.c 25 Ap 29230.0690077097970061
miniFE.c 25 Ap 2987.5023718050001662
miniFE.c 25 Ap 18256.2053009880000900
miniFE.c 25 Ap 21290.1102936259994749
miniFE.c 25 Ap 22498.6292991164009436
miniFE.c 25 Ap 24218.0061666374022025
miniFE.c 25 Ap 26395.4473404050004319
miniFE.c 25 Ap 28021.0416928490012651
miniFE.c 25 Ap 29308.7624836482027604
miniFE.c 25 Ap 1845.3076172643000064
miniFE.c 25 Ap 5152.9234129532997031
miniFE.c 25 Ap 19418.9870250392996240
miniFE.c 25 Ap 21366.8102460317859368
miniFE.c 25 Ap 24008.4265199297842628
miniFE.c 25 Ap 27657.4777810637824587
miniFE.c 25 Ap 29362.1638601597805973
miniFE.c 25 Ap 31649.3485802917784895
miniFE.c 25 Ap 2716.0172730389999742
miniFE.c 25 Ap 4086.6435322781999275
miniFE.c 25 Ap 6112.9419280231995799
miniFE.c 25 Ap 19366.0687056721981207
miniFE.c 25 Ap 19942.9016931553996983
miniFE.c 25 Ap 22443.7520980093977414
miniFE.c 25 Ap 22629.2022504265987664
miniFE.c 25 Ap 23503.4403270553993934
miniFE.c 25 Ap 2784.7112838509997346
miniFE.c 25 Ap 5297.5139884079999320
miniFE.c 25 Ap 8838.6610425799990480
miniFE.c 25 Ap 9581.9742276727993158
miniFE.c 25 Ap 20049.1383863587980159
miniFE.c 25 Ap 21061.8523085989982064
miniFE.c 25 Ap 23066.1607201429978886
miniFE.c 25 Ap 23769.7206112477979332
miniFE.c 25 Ap 3179.3454260399998930
miniFE.c 25 Ap 5397.6649115441996400
miniFE.c 25 Ap 8807.5877122702004272
miniFE.c 25 Ap 11054.0535250612010714
miniFE.c 25 Ap 11760.0087099739012046
miniFE.c 25 Ap 26753.3647406958989450
miniFE.c 25 Ap 27839.0862096834971453
miniFE.c 25 Ap 28473.5365185294976982
miniFE.c 25 Ap 989.4123599472000024
miniFE.c 25 Ap 3608.8072965641999872
miniFE.c 25 Ap 6128.3407890401995246
miniFE.c 25 Ap 6391.8224746028990921
miniFE.c 25 Ap 8601.6889808288997301
miniFE.c 25 Ap 10318.9233197042995016
miniFE.c 25 Ap 19683.6473325842962367
miniFE.c 25 Ap 20178.9207280214977800
miniFE.c 25 Ap 1268.8676034993000030
miniFE.c 25 Ap 2867.0390905766998912
miniFE.c 25 Ap 5470.7324228946999938
miniFE.c 25 Ap 6427.4105067679001877
miniFE.c 25 Ap 7024.8795832297000743
miniFE.c 25 Ap 7797.7765812907000509
miniFE.c 25 Ap 8179.2443669095000587
miniFE.c 25 Ap 20192.2487104374995397
miniFE.c 57 sum 5787878.1172925252467394
miniFE.c 57 sum 12523726.3537057451903820
miniFE.c 57 sum 19195579.9409135840833187
miniFE.c 57 sum 23958361.7453247122466564
miniFE.c 57 sum 27696295.3067391589283943
miniFE.c 57 sum 34119600.5470031052827835
miniFE.c 57 sum 36997687.7241676449775696
miniFE.c 57 sum 40736880.2634669765830040
miniFE.c 90 p_ap_dot 40736880.2634669765830040
miniFE.c 91 alpha 0.0075554147813715
miniFE.c 40 y 1.4960559918156333
miniFE.c 40 y 1.7364133800894928
miniFE.c 40 y 1.5927222351529347
miniFE.c 40 y 1.5310436065852084
miniFE.c 40 y 1.1881350624008371
miniFE.c 40 y 1.7044154429489062
miniFE.c 40 y 1.0776167216033690
miniFE.c 40 y 1.3991086870484646
miniFE.c 40 y -22.8341954413600092
miniFE.c 40 y 8.3838427073374646
miniFE.c 40 y -28.3185560843160999
miniFE.c 40 y 25.0636595398822806
miniFE.c 40 y -22.3339984552927717
miniFE.c 40 y 10.4592213099806202
miniFE.c 40 y -9.8317159406176700
miniFE.c 40 y 32.6187856240306076
miniFE.c 82 oldrtrans 307784.0272895599482581
miniFE.c 48 sum 521.4004814542262238
miniFE.c 48 sum 591.6892999956018002
miniFE.c 48 sum 1393.6299186961582564
miniFE.c 48 sum 2021.8169482272901405
miniFE.c 48 sum 2520.6244352283101762
miniFE.c 48 sum 2630.0197456394630535
miniFE.c 48 sum 2726.6823839764588229
miniFE.c 48 sum 3790.6675595629249074
miniFE.c 83 rtrans 3790.6675595629249074
miniFE.c 84 beta 0.0123159983087644
miniFE.c 40 y -20.3954910686434232
miniFE.c 40 y 11.2143510078514481
miniFE.c 40 y -25.7222771344376895
miniFE.c 40 y 27.5593968375670926
miniFE.c 40 y -20.3972325936498819
miniFE.c 40 y 13.2375701260571557
miniFE.c 40 y -8.0751048074358938
miniFE.c 40 y 34.8994572644482801
miniFE.c 87 normr 61.5683974094090303
miniFE.c 25 Ap -1368.4295585582206058
miniFE.c 25 Ap -1199.2324770097116016
miniFE.c 25 Ap -1438.9438564705660610
miniFE.c 25 Ap -1060.9256653420454768
miniFE.c 25 Ap -1347.7803101719071037
miniFE.c 25 Ap -1135.2325891998830230
miniFE.c 25 Ap -1175.5818852966478971
miniFE.c 25 Ap -951.9439644802556586
miniFE.c 25 Ap -307.7179912727110604
miniFE.c 25 Ap 437.3252487520023806
miniFE.c 25 Ap 67.1310079014891699
miniFE.c 25 Ap 231.4901797117211970
miniFE.c 25 Ap 8.4747934534649119
miniFE.c 25 Ap 136.2473415038220992
miniFE.c 25 Ap 44.2120612205041681
miniFE.c 25 Ap 286.8994668906656216
miniFE.c 25 Ap -190.0699255082856780
miniFE.c 25 Ap -28.6733222338178564
miniFE.c 25 Ap -1769.4050200346962356
miniFE.c 25 Ap -1504.5001157836009043
miniFE.c 25 Ap -1847.1365003935984532
miniFE.c 25 Ap -1633.0096696812370283
miniFE.c 25 Ap -1729.5228378334222725
miniFE.c 25 Ap -1298.4737082524866310
miniFE.c 25 Ap -279.7545492881368432
miniFE.c 25 Ap -212.8742233178962522
miniFE.c 25 Ap -460.1212525326099012
miniFE.c 25 Ap 1342.3104272128698540
miniFE.c 25 Ap 1267.4910935693114880
miniFE.c 25 Ap 1414.2413398540672915
miniFE.c 25 Ap 1403.7418221049804288
miniFE.c 25 Ap 1568.5031370352442082
miniFE.c 25 Ap -286.8301530496705709
miniFE.c 25 Ap -164.2168127267158866
miniFE.c 25 Ap -596.3042540408844161
miniFE.c 25 Ap -495.2132997882425229
miniFE.c 25 Ap -1852.8788017346466859
miniFE.c 25 Ap -1793.4526092617600170
miniFE.c 25 Ap -1906.9293115850221056
miniFE.c 25 Ap -1774.3344774208276249
miniFE.c 25 Ap -327.4781627945662876
miniFE.c 25 Ap -219.2342638494160383
miniFE.c 25 Ap -635.3098448701684902
miniFE.c 25 Ap -329.7894030625518553
miniFE.c 25 Ap -421.3568024025930754
miniFE.c 25 Ap 458.4553950294775859
miniFE.c 25 Ap 396.9857672852265864
miniFE.c 25 Ap 516.5560192999571427
miniFE.c 25 Ap -101.9112107882261569
miniFE.c 25 Ap 25.9033455321700217
miniFE.c 25 Ap -281.5277674420011635
miniFE.c 25 Ap -245.6941302137007881
miniFE.c 25 Ap -532.3295047931807176
miniFE.c 25 Ap -431.5619572143735354
miniFE.c 25 Ap -961.7588036819608988
miniFE.c 25 Ap -868.4182159591298387
miniFE.c 25 Ap -130.6955916838043947
miniFE.c 25 Ap -52.7120937816041959
miniFE.c 25 Ap -370.4123114561569423
miniFE.c 25 Ap -240.3036273228912592
miniFE.c 25 Ap -317.7996082107838447
miniFE.c 25 Ap -272.4459058869450132
miniFE.c 25 Ap -294.0432339754063378
miniFE.c 25 Ap 1969.9606395861899273
miniFE.c 57 sum 19415.3646254060658976
miniFE.c 57 sum 22632.7559510834435059
miniFE.c 57 sum 56032.4565265348937828
miniFE.c 57 sum 99259.4569210580666550
miniFE.c 57 sum 135450.9699559428845532
miniFE.c 57 sum 142288.9164854630071204
miniFE.c 57 sum 149301.4845960194652434
miniFE.c 57 sum 218052.0417499028844759
miniFE.c 90 p_ap_dot 218052.0417499028844759
miniFE.c 91 alpha 0.0173842332735901
miniFE.c 40 y 1.1414960173489122
miniFE.c 40 y 1.9313662740219029
miniFE.c 40 y 1.1455601691199364
miniFE.c 40 y 2.0101425900889169
miniFE.c 40 y 0.8335448128571519
miniFE.c 40 y 1.9345404499957917
miniFE.c 40 y 0.9372372159222143
miniFE.c 40 y 2.0058089932553229
miniFE.c 40 y -6.2853794994490535
miniFE.c 40 y 3.3963154488414871
miniFE.c 40 y -5.7455862404312654
miniFE.c 40 y -2.2035648846963021
miniFE.c 40 y 8.5114460055645260
miniFE.c 40 y 1.4792909715930431
miniFE.c 40 y 5.2650689046508106
miniFE.c 40 y -1.6274696743265196
miniFE.c 82 oldrtrans 3790.6675595629249074
miniFE.c 48 sum 39.5059954520944316
miniFE.c 48 sum 51.0409540801337869
miniFE.c 48 sum 84.0527153263668652
miniFE.c 48 sum 88.9084135274334955
miniFE.c 48 sum 161.3531266330738276
miniFE.c 48 sum 163.5414284117105126
miniFE.c 48 sum 191.2623789824314144
miniFE.c 48 sum 193.9110365232838831
miniFE.c 83 rtrans 193.9110365232838831
miniFE.c 84 beta 0.0511548516129023
miniFE.c 40 y -7.3287078186377821
miniFE.c 40 y 3.9699839105831289
miniFE.c 40 y -7.0614055103893749
miniFE.c 40 y -0.7937680289294688
miniFE.c 40 y 7.4680285989225119
miniFE.c 40 y 2.1564569071068851
miniFE.c 40 y 4.8519881164677932
miniFE.c 40 y 0.1578068834071571
miniFE.c 87 normr 13.9251943082774936
miniFE.c 25 Ap -491.7175257662346439
miniFE.c 25 Ap -431.8201950161161449
miniFE.c 25 Ap -497.6269370468084503
miniFE.c 25 Ap -508.5146482779392159
miniFE.c 25 Ap -403.4887001995663809
miniFE.c 25 Ap -368.8637655162954161
miniFE.c 25 Ap -344.6195841913587401
miniFE.c 25 Ap -343.6083477406520501
miniFE.c 25 Ap -110.5722456490884724
miniFE.c 25 Ap 153.1799477249194865
miniFE.c 25 Ap 51.5524114615609079
miniFE.c 25 Ap 46.8185249903428797
miniFE.c 25 Ap 128.4710371598080485
miniFE.c 25 Ap 149.2857328447410055
miniFE.c 25 Ap 204.5858307232522009
miniFE.c 25 Ap 205.6832043253909887
miniFE.c 25 Ap -68.2977891766508520
miniFE.c 25 Ap -11.1618998350557774
miniFE.c 25 Ap -489.0360918716422702
miniFE.c 25 Ap -496.6659048512395316
miniFE.c 25 Ap -371.2166162013913890
miniFE.c 25 Ap -336.3344377736715956
miniFE.c 25 Ap -278.3437669249354940
miniFE.c 25 Ap -276.3946672808035032
miniFE.c 25 Ap -100.5241475072669601
miniFE.c 25 Ap -76.8478939415887226
miniFE.c 25 Ap -144.7233594534156964
miniFE.c 25 Ap -196.6371458887324195
miniFE.c 25 Ap -169.2435805686815797
miniFE.c 25 Ap -145.3373365067544398
miniFE.c 25 Ap -139.0286214421151669
miniFE.c 25 Ap -138.2836107269572494
miniFE.c 25 Ap -103.0666228237087694
miniFE.c 25 Ap -59.6603670391179648
miniFE.c 25 Ap -178.2791278556305485
miniFE.c 25 Ap -181.1907578877630840
miniFE.c 25 Ap 315.8906353725539589
miniFE.c 25 Ap 325.5714168151365584
miniFE.c 25 Ap 393.7547561398988591
miniFE.c 25 Ap 394.3543178286892612
miniFE.c 25 Ap -117.6726642191756866
miniFE.c 25 Ap -79.3533234985071090
miniFE.c 25 Ap -193.5764299988574066
miniFE.c 25 Ap -202.3760550530863043
miniFE.c 25 Ap -168.8505287906031640
miniFE.c 25 Ap -25.5253511301933429
miniFE.c 25 Ap 11.4091420375193309
miniFE.c 25 Ap 11.9498097240015113
miniFE.c 25 Ap -36.6197354501939714
miniFE.c 25 Ap 8.6277988721252896
miniFE.c 25 Ap -75.7696961037179051
miniFE.c 25 Ap -76.8017794892769530
miniFE.c 25 Ap 28.1438872816574701
miniFE.c 25 Ap 44.5593526517558729
miniFE.c 25 Ap 363.1321588004215073
miniFE.c 25 Ap 363.5542223050862845
miniFE.c 25 Ap -46.9628214104234871
miniFE.c 25 Ap -19.3559423546516456
miniFE.c 25 Ap -106.5725622524075789
miniFE.c 25 Ap -110.3199633424884070
miniFE.c 25 Ap -81.9463985015153469
miniFE.c 25 Ap -74.5580860160847010
miniFE.c 25 Ap -61.5811672352689499
miniFE.c 25 Ap -51.3438906896408440
miniFE.c 57 sum 2518.2051846361264325
miniFE.c 57 sum 3334.7641964851109151
miniFE.c 57 sum 5286.4990230640141817
miniFE.c 57 sum 5396.2641321840010278
miniFE.c 57 sum 8341.3134558372294123
miniFE.c 57 sum 8367.0827055551653757
miniFE.c 57 sum 10131.0434718711348978
miniFE.c 57 sum 10122.9410524994054867
miniFE.c 90 p_ap_dot 10122.9410524994054867
miniFE.c 91 alpha 0.0191556026571355
miniFE.c 40 y 1.0011102023848444
miniFE.c 40 y 2.0074137083682544
miniFE.c 40 y 1.0102946909620103
miniFE.c 40 y 1.9949374851248063
miniFE.c 40 y 0.9765994013302360
miniFE.c 40 y 1.9758486816555665
miniFE.c 40 y 1.0301799723784149
miniFE.c 40 y 2.0088318792104314
miniFE.c 40 y 0.2966454795457283
miniFE.c 40 y -0.5436702864621212
miniFE.c 40 y -0.4510798174490169
miniFE.c 40 y 0.4453410163832947
miniFE.c 40 y 0.9573513871124195
miniFE.c 40 y 1.2503851646916959
miniFE.c 40 y -1.6990313221493389
miniFE.c 40 y -0.6439465054043595
miniFE.c 82 oldrtrans 193.9110365232838831
miniFE.c 48 sum 0.0879985405349151
miniFE.c 48 sum 0.3835759209167201
miniFE.c 48 sum 0.5870489226265585
miniFE.c 48 sum 0.7853775434998644
miniFE.c 48 sum 1.7018992219059381
miniFE.c 48 sum 3.2653622819870174
miniFE.c 48 sum 6.1520697156315478
miniFE.c 48 sum 6.5667368174540348
miniFE.c 83 rtrans 6.5667368174540348
miniFE.c 84 beta 0.0338646883395187
miniFE.c 40 y 0.0484610733361659
miniFE.c 40 y -0.4092280186173199
miniFE.c 40 y -0.6902121142973130
miniFE.c 40 y 0.4184603094697242
miniFE.c 40 y 1.2102538481255429
miniFE.c 40 y 1.3234129057684729
miniFE.c 40 y -1.5347202567581089
miniFE.c 40 y -0.6386024244799453
miniFE.c 87 normr 2.5625645001548811
miniFE.c 25 Ap 3.2514816617787834
miniFE.c 25 Ap -2.9227665305109620
miniFE.c 25 Ap -9.3550002388279676
miniFE.c 25 Ap -3.6151935885895901
miniFE.c 25 Ap 13.4051024816776483
miniFE.c 25 Ap 34.6543494618585584
miniFE.c 25 Ap 26.9857329494619655
miniFE.c 25 Ap 22.8935283814417332
miniFE.c 25 Ap 0.7311588670130698
miniFE.c 25 Ap -26.4565552223781815
miniFE.c 25 Ap -36.3900672649816812
miniFE.c 25 Ap -33.8944469760011913
miniFE.c 25 Ap -20.6620033995972747
miniFE.c 25 Ap -7.8880700052870409
miniFE.c 25 Ap -25.3799060068644806
miniFE.c 25 Ap -29.8206846836604207
miniFE.c 25 Ap 0.4516190646283506
miniFE.c 25 Ap -5.4379783024715600
miniFE.c 25 Ap -52.1474550445182103
miniFE.c 25 Ap -48.1251540897362489
miniFE.c 25 Ap -27.7950921032307185
miniFE.c 25 Ap -6.3879751975206887
miniFE.c 25 Ap -24.7308596230781994
miniFE.c 25 Ap -32.6183467302421661
miniFE.c 25 Ap 0.6647158278047861
miniFE.c 25 Ap -1.7758447772734840
miniFE.c 25 Ap -8.4102844070192582
miniFE.c 25 Ap 18.9577353994298932
miniFE.c 25 Ap 23.3970820627853726
miniFE.c 25 Ap 38.0682919607150296
miniFE.c 25 Ap 36.0727980371096635
miniFE.c 25 Ap 33.0579381102719552
miniFE.c 25 Ap 0.6815279433665687
miniFE.c 25 Ap -3.7928116132679470
miniFE.c 25 Ap -15.3871189474147840
miniFE.c 25 Ap -13.8521596647251748
miniFE.c 25 Ap 66.7038613863596055
miniFE.c 25 Ap 72.6449358668257759
miniFE.c 25 Ap 51.0780339034913737
miniFE.c 25 Ap 48.6517674452725899
miniFE.c 25 Ap 0.7781103779148141
miniFE.c 25 Ap -3.1718673124325099
miniFE.c 25 Ap -14.3365245075504113
miniFE.c 25 Ap -9.6975195474030915
miniFE.c 25 Ap -4.2644395006209672
miniFE.c 25 Ap 83.6939097769536033
miniFE.c 25 Ap 72.0112523843695129
miniFE.c 25 Ap 69.8233142667739202
miniFE.c 25 Ap 0.2421479651146336
miniFE.c 25 Ap -4.4219915465545947
miniFE.c 25 Ap -12.6713653239092210
miniFE.c 25 Ap -12.1272694203464724
miniFE.c 25 Ap 4.8800164210534192
miniFE.c 25 Ap 14.9541517554475138
miniFE.c 25 Ap -85.8128178068277379
miniFE.c 25 Ap -87.5207963914375426
miniFE.c 25 Ap 0.3105416109857713
miniFE.c 25 Ap -2.5351899261332473
miniFE.c 25 Ap -11.0601170858787903
miniFE.c 25 Ap -9.0845542479835579
miniFE.c 25 Ap -4.4863908131539540
miniFE.c 25 Ap 0.0478004627511126
miniFE.c 25 Ap -4.0568963430030847
miniFE.c 25 Ap -45.4844277723025030
miniFE.c 57 sum 1.1094449578166432
miniFE.c 57 sum 13.3129046647228577
miniFE.c 57 sum 35.8264827262861445
miniFE.c 57 sum 49.6599177383415338
miniFE.c 57 sum 108.5409065070917052
miniFE.c 57 sum 200.9459817312682617
miniFE.c 57 sum 335.2659208408094855
miniFE.c 57 sum 364.3123866922848038
miniFE.c 90 p_ap_dot 364.3123866922848038
miniFE.c 91 alpha 0.0180250165992863
miniFE.c 40 y 1.0019837140361481
miniFE.c 40 y 2.0000373665397841
miniFE.c 40 y 0.9978536061447728
miniFE.c 40 y 2.0024802391491408
miniFE.c 40 y 0.9984142470320491
miniFE.c 40 y 1.9997032212497530
miniFE.c 40 y 1.0025166142750890
miniFE.c 40 y 1.9973210599088360
miniFE.c 40 y -0.1160107495459905
miniFE.c 40 y -0.0061519500370600
miniFE.c 40 y 0.1368664238048735
miniFE.c 40 y -0.1505288667925357
miniFE.c 40 y 0.0804024713267654
miniFE.c 40 y -0.0081812339840863
miniFE.c 40 y -0.1214675144109227
miniFE.c 40 y 0.1759110602004309
miniFE.c 82 oldrtrans 6.5667368174540348
miniFE.c 48 sum 0.0134584940102225
miniFE.c 48 sum 0.0134963404994810
miniFE.c 48 sum 0.0322287584646163
miniFE.c 48 sum 0.0548876982024612
miniFE.c 48 sum 0.0613522555979125
miniFE.c 48 sum 0.0614191881874149
miniFE.c 48 sum 0.0761735452445826
miniFE.c 48 sum 0.1071182463454223
miniFE.c 83 rtrans 0.1071182463454223
miniFE.c 84 beta 0.0163122490398439
miniFE.c 40 y -0.1152202404489928
miniFE.c 40 y -0.0128273793908276
miniFE.c 40 y 0.1256075119061385
miniFE.c 40 y -0.1437028380111754
miniFE.c 40 y 0.1001444334988187
miniFE.c 40 y 0.0134066069173525
miniFE.c 40 y -0.1465022534456542
miniFE.c 40 y 0.1654940184148659
miniFE.c 87 normr 0.3272892395808672
miniFE.c 25 Ap -7.7306686190554439
miniFE.c 25 Ap -7.9242023469835257
miniFE.c 25 Ap -6.7536391891301850
miniFE.c 25 Ap -8.7247377296820936
miniFE.c 25 Ap -7.3163655021704725
miniFE.c 25 Ap -7.1011036588626943
miniFE.c 25 Ap -7.8331390867717738
miniFE.c 25 Ap -6.7726429906461529
miniFE.c 25 Ap -1.7383911387862017
miniFE.c 25 Ap -2.5905984841490675
miniFE.c 25 Ap -0.7828589410212796
miniFE.c 25 Ap -1.6398762255977357
miniFE.c 25 Ap -0.5449360460507171
miniFE.c 25 Ap -0.4155319099269908
miniFE.c 25 Ap -2.0852781583710245
miniFE.c 25 Ap -0.9344489727278515
miniFE.c 25 Ap -1.0737619626553796
miniFE.c 25 Ap -1.2583732220267894
miniFE.c 25 Ap 7.2420008433852976
miniFE.c 25 Ap 5.8607084018878126
miniFE.c 25 Ap 7.5429526217989977
miniFE.c 25 Ap 7.7598137392459474
miniFE.c 25 Ap 6.0088275961986950
miniFE.c 25 Ap 8.0528723516238347
miniFE.c 25 Ap -1.5804172759162056
miniFE.c 25 Ap -1.6569174063652938
miniFE.c 25 Ap -0.4495560206089071
miniFE.c 25 Ap -9.8479673583927809
miniFE.c 25 Ap -9.4806263601425620
miniFE.c 25 Ap -9.3320021905835535
miniFE.c 25 Ap -9.5224892550879563
miniFE.c 25 Ap -8.7411873603188592
miniFE.c 25 Ap -1.6203894817327700
miniFE.c 25 Ap -1.7606390453141170
miniFE.c 25 Ap 0.3493385490373402
miniFE.c 25 Ap -0.1777795555055086
miniFE.c 25 Ap 6.4879601201620707
miniFE.c 25 Ap 6.5481451537816984
miniFE.c 25 Ap 4.4893987968760918
miniFE.c 25 Ap 5.1181665098123919
miniFE.c 25 Ap -1.8500222687452084
miniFE.c 25 Ap -1.9738355467083948
miniFE.c 25 Ap 0.0579526275566100
miniFE.c 25 Ap -1.5351212273230996
miniFE.c 25 Ap -1.0855521354491684
miniFE.c 25 Ap -0.1945052001173018
miniFE.c 25 Ap -1.3097153673841950
miniFE.c 25 Ap -0.7427105186023785
miniFE.c 25 Ap -0.5757269669039857
miniFE.c 25 Ap -0.7219258690467987
miniFE.c 25 Ap 0.7793275768046541
miniFE.c 25 Ap 0.5924804046288694
miniFE.c 25 Ap 1.9997760794803783
miniFE.c 25 Ap 2.1018303755143188
miniFE.c 25 Ap -7.5172438816711340
miniFE.c 25 Ap -7.0746206962615252
miniFE.c 25 Ap -0.7383385596722943
miniFE.c 25 Ap -0.8275388988729295
miniFE.c 25 Ap 0.7238608339568109
miniFE.c 25 Ap 0.0454357120265874
miniFE.c 25 Ap 0.4259182637071220
miniFE.c 25 Ap 0.4718511088979055
miniFE.c 25 Ap 0.0800224814290569
miniFE.c 25 Ap 10.8159802329615520
miniFE.c 57 sum 0.7803455538574355
miniFE.c 57 sum 0.7923320853519848
miniFE.c 57 sum 1.8038333451371891
miniFE.c 57 sum 3.0599667764024243
miniFE.c 57 sum 3.5725226620802122
miniFE.c 57 sum 3.5625654341039272
miniFE.c 57 sum 4.5990133083795035
miniFE.c 57 sum 6.3889933402280681
miniFE.c 90 p_ap_dot 6.3889933402280681
miniFE.c 91 alpha 0.0167660601038596
miniFE.c 40 y 1.0000519245595991
miniFE.c 40 y 1.9998223019259425
miniFE.c 40 y 0.9999595492388874
miniFE.c 40 y 2.0000709087299500
miniFE.c 40 y 1.0000932746231572
miniFE.c 40 y 1.9999279972271182
miniFE.c 40 y 1.0000603486884683
miniFE.c 40 y 2.0000957425684089
miniFE.c 40 y -0.0024602101028339
miniFE.c 40 y 0.0095150776036849
miniFE.c 40 y 0.0018514819488393
miniFE.c 40 y -0.0039735941303322
miniFE.c 40 y -0.0054090159983103
miniFE.c 40 y 0.0042710952105699
miniFE.c 40 y -0.0028539986053932
miniFE.c 40 y -0.0054303144675595
miniFE.c 82 oldrtrans 0.1071182463454223
miniFE.c 48 sum 0.0000060526337501
miniFE.c 48 sum 0.0000965893355542
miniFE.c 48 sum 0.0001000173209611
miniFE.c 48 sum 0.0001158067712737
miniFE.c 48 sum 0.0001450642253437
miniFE.c 48 sum 0.0001633064796415
miniFE.c 48 sum 0.0001714517876810
miniFE.c 48 sum 0.0002009401028976
miniFE.c 83 rtrans 0.0002009401028976
miniFE.c 84 beta 0.0018758718495975
miniFE.c 40 y -0.0026763485083960
miniFE.c 40 y 0.0094910150837816
miniFE.c 40 y 0.0020871055445220
miniFE.c 40 y -0.0042431622388646
miniFE.c 40 y -0.0052211578746160
miniFE.c 40 y 0.0042962442870847
miniFE.c 40 y -0.0031288180585345
miniFE.c 40 y -0.0051198688971383
miniFE.c 87 normr 0.0141753343134341
miniFE.c 25 Ap -0.1795688270297632
miniFE.c 25 Ap -0.0363726624024543
miniFE.c 25 Ap -0.0169224812795725
miniFE.c 25 Ap -0.0751237736973370
miniFE.c 25 Ap -0.1485510575627907
miniFE.c 25 Ap -0.0795688407916432
miniFE.c 25 Ap -0.0952027686832615
miniFE.c 25 Ap -0.1280112111278641
miniFE.c 25 Ap -0.0403795419378503
miniFE.c 25 Ap 0.5901711358671627
miniFE.c 25 Ap 0.6202086962507575
miniFE.c 25 Ap 0.5949032574000207
miniFE.c 25 Ap 0.5378171534505403
miniFE.c 25 Ap 0.5792856461104625
miniFE.c 25 Ap 0.5436252238819410
miniFE.c 25 Ap 0.5080221573183934
miniFE.c 25 Ap -0.0249414618119747
miniFE.c 25 Ap 0.1116529425433574
miniFE.c 25 Ap 0.2528959110028404
miniFE.c 25 Ap 0.2121100225005167
miniFE.c 25 Ap 0.1244040727142994
miniFE.c 25 Ap 0.1938987884664532
miniFE.c 25 Ap 0.1565033427599326
miniFE.c 25 Ap 0.0932669716336652
miniFE.c 25 Ap -0.0367101075519289
miniFE.c 25 Ap 0.0198925600609691
miniFE.c 25 Ap 0.0399541837983852
miniFE.c 25 Ap -0.2375558824307908
miniFE.c 25 Ap -0.2567076742845644
miniFE.c 25 Ap -0.2090799827048145
miniFE.c 25 Ap -0.2131481751955170
miniFE.c 25 Ap -0.2373192196152359
miniFE.c 25 Ap -0.0376385863764616
miniFE.c 25 Ap 0.0661324710537236
miniFE.c 25 Ap 0.1011920456696027
miniFE.c 25 Ap 0.0856276513432765
miniFE.c 25 Ap -0.2618991954500880
miniFE.c 25 Ap -0.2426124655227972
miniFE.c 25 Ap -0.2865806819012424
miniFE.c 25 Ap -0.3060327943571580
miniFE.c 25 Ap -0.0429725221902098
miniFE.c 25 Ap 0.0486372800084624
miniFE.c 25 Ap 0.0823976522939320
miniFE.c 25 Ap 0.0353584224617248
miniFE.c 25 Ap 0.0119195639828935
miniFE.c 25 Ap 0.2974620080213642
miniFE.c 25 Ap 0.2736446971722837
miniFE.c 25 Ap 0.2561033351483868
miniFE.c 25 Ap -0.0133730497620248
miniFE.c 25 Ap 0.0947999404640183
miniFE.c 25 Ap 0.1197449007058130
miniFE.c 25 Ap 0.1142278011384873
miniFE.c 25 Ap 0.0408566447201857
miniFE.c 25 Ap 0.0735606830358594
miniFE.c 25 Ap -0.1318718788150096
miniFE.c 25 Ap -0.1455652600129330
miniFE.c 25 Ap -0.0171502098517577
miniFE.c 25 Ap 0.0488493789213813
miniFE.c 25 Ap 0.0746275743097154
miniFE.c 25 Ap 0.0545954865714928
miniFE.c 25 Ap 0.0347585430544649
miniFE.c 25 Ap 0.0494780559749960
miniFE.c 25 Ap 0.0411098537348162
miniFE.c 25 Ap -0.2910272029367393
miniFE.c 57 sum 0.0003426026139600
miniFE.c 57 sum 0.0051642485719642
miniFE.c 57 sum 0.0053589065855816
miniFE.c 57 sum 0.0063658905368098
miniFE.c 57 sum 0.0079637360709584
miniFE.c 57 sum 0.0090640185614930
miniFE.c 57 sum 0.0095194657757167
miniFE.c 57 sum 0.0110094869002537
miniFE.c 90 p_ap_dot 0.0110094869002537
miniFE.c 91 alpha 0.0182515411225017
miniFE.c 40 y 1.0000030770747399
miniFE.c 40 y 1.9999955275780383
miniFE.c 40 y 0.9999976421315603
miniFE.c 40 y 1.9999934644798578
miniFE.c 40 y 0.9999979804455016
miniFE.c 40 y 2.0000064103063964
miniFE.c 40 y 1.0000032429370080
miniFE.c 40 y 2.0000022970706910
miniFE.c 40 y -0.0001238082187924
miniFE.c 40 y 0.0002428903082463
miniFE.c 40 y 0.0001492159806963
miniFE.c 40 y 0.0003578473656353
miniFE.c 40 y 0.0001765541327334
miniFE.c 40 y -0.0004031853425008
miniFE.c 40 y -0.0001972082762595
miniFE.c 40 y -0.0001186195053929
