filename line variable value
miniFE.c 167 A 67.0947100000000063
miniFE.c 167 A 15.0875500000000002
miniFE.c 167 A 9.3192129999999995
miniFE.c 167 A 13.7164900000000003
miniFE.c 167 A 14.0634099999999993
miniFE.c 167 A 16.0564000000000000
miniFE.c 167 A 4.9967519999999999
miniFE.c 167 A 6.4080630000000003
miniFE.c 167 A 15.0875500000000002
miniFE.c 167 A 66.4365899999999954
miniFE.c 167 A 14.3919700000000006
miniFE.c 167 A 5.9638159999999996
miniFE.c 167 A 10.9336099999999998
miniFE.c 167 A 9.6522659999999991
miniFE.c 167 A 11.3974100000000007
miniFE.c 167 A 6.9539020000000002
miniFE.c 167 A 9.3192129999999995
miniFE.c 167 A 14.3919700000000006
miniFE.c 167 A 67.6740900000000067
miniFE.c 167 A 9.6121750000000006
miniFE.c 167 A 16.7981799999999986
miniFE.c 167 A 16.1756899999999995
miniFE.c 167 A 11.9519400000000005
miniFE.c 167 A 12.3511699999999998
miniFE.c 167 A 13.7164900000000003
miniFE.c 167 A 5.9638159999999996
miniFE.c 167 A 9.6121750000000006
miniFE.c 167 A 65.4017099999999942
miniFE.c 167 A 3.6681119999999998
miniFE.c 167 A 11.0858899999999991
miniFE.c 167 A 1.3002330000000000
miniFE.c 167 A 4.7210279999999996
miniFE.c 167 A 14.0634099999999993
miniFE.c 167 A 10.9336099999999998
miniFE.c 167 A 16.7981799999999986
miniFE.c 167 A 3.6681119999999998
miniFE.c 167 A 66.5612600000000043
miniFE.c 167 A 4.4892070000000004
miniFE.c 167 A 14.0526599999999995
miniFE.c 167 A 3.7993380000000001
miniFE.c 167 A 16.0564000000000000
miniFE.c 167 A 9.6522659999999991
miniFE.c 167 A 16.1756899999999995
miniFE.c 167 A 11.0858899999999991
miniFE.c 167 A 4.4892070000000004
miniFE.c 167 A 66.4632699999999943
miniFE.c 167 A 7.6122389999999998
miniFE.c 167 A 3.4261349999999999
miniFE.c 167 A 4.9967519999999999
miniFE.c 167 A 11.3974100000000007
miniFE.c 167 A 11.9519400000000005
miniFE.c 167 A 1.3002330000000000
miniFE.c 167 A 14.0526599999999995
miniFE.c 167 A 7.6122389999999998
miniFE.c 167 A 65.6581999999999937
miniFE.c 167 A 2.6745570000000001
miniFE.c 167 A 6.4080630000000003
miniFE.c 167 A 6.9539020000000002
miniFE.c 167 A 12.3511699999999998
miniFE.c 167 A 4.7210279999999996
miniFE.c 167 A 3.7993380000000001
miniFE.c 167 A 3.4261349999999999
miniFE.c 167 A 2.6745570000000001
miniFE.c 167 A 64.8721800000000002
miniFE.c 175 b 198.0110999999999990
miniFE.c 175 b 229.8237000000000023
miniFE.c 175 b 210.8053999999999917
miniFE.c 175 b 202.6418999999999926
miniFE.c 175 b 157.2561000000000035
miniFE.c 175 b 225.5886000000000138
miniFE.c 175 b 142.6283999999999992
miniFE.c 175 b 185.1795999999999935
miniFE.c 33 r 0.0000000000000000
miniFE.c 33 r 0.0000000000000000
miniFE.c 33 r 0.0000000000000000
miniFE.c 33 r 0.0000000000000000
miniFE.c 33 r 0.0000000000000000
miniFE.c 33 r 0.0000000000000000
miniFE.c 33 r 0.0000000000000000
miniFE.c 33 r 0.0000000000000000
miniFE.c 25 Ap 0.0000000000000000
miniFE.c 25 Ap 0.0000000000000000
miniFE.c 25 Ap 0.0000000000000000
miniFE.c 25 Ap 0.0000000000000000
miniFE.c 25 Ap 0.0000000000000000
miniFE.c 25 Ap 0.0000000000000000
miniFE.c 25 Ap 0.0000000000000000
miniFE.c 25 Ap 0.0000000000000000
miniFE.c 25 Ap 0.0000000000000000
miniFE.c 25 Ap 0.0000000000000000
miniFE.c 25 Ap 0.0000000000000000
miniFE.c 25 Ap 0.0000000000000000
miniFE.c 25 Ap 0.0000000000000000
miniFE.c 25 Ap 0.0000000000000000
miniFE.c 25 Ap 0.0000000000000000
miniFE.c 25 Ap 0.0000000000000000
miniFE.c 25 Ap 0.0000000000000000
miniFE.c 25 Ap 0.0000000000000000
miniFE.c 25 Ap 0.0000000000000000
miniFE.c 25 Ap 0.0000000000000000
miniFE.c 25 Ap 0.0000000000000000
miniFE.c 25 Ap 0.0000000000000000
miniFE.c 25 Ap 0.0000000000000000
miniFE.c 25 Ap 0.0000000000000000
miniFE.c 25 Ap 0.0000000000000000
miniFE.c 25 Ap 0.0000000000000000
miniFE.c 25 Ap 0.0000000000000000
miniFE.c 25 Ap 0.0000000000000000
miniFE.c 25 Ap 0.0000000000000000
miniFE.c 25 Ap 0.0000000000000000
miniFE.c 25 Ap 0.0000000000000000
miniFE.c 25 Ap 0.0000000000000000
miniFE.c 25 Ap 0.0000000000000000
miniFE.c 25 Ap 0.0000000000000000
miniFE.c 25 Ap 0.0000000000000000
miniFE.c 25 Ap 0.0000000000000000
miniFE.c 25 Ap 0.0000000000000000
miniFE.c 25 Ap 0.0000000000000000
miniFE.c 25 Ap 0.0000000000000000
miniFE.c 25 Ap 0.0000000000000000
miniFE.c 25 Ap 0.0000000000000000
miniFE.c 25 Ap 0.0000000000000000
miniFE.c 25 Ap 0.0000000000000000
miniFE.c 25 Ap 0.0000000000000000
miniFE.c 25 Ap 0.0000000000000000
miniFE.c 25 Ap 0.0000000000000000
miniFE.c 25 Ap 0.0000000000000000
miniFE.c 25 Ap 0.0000000000000000
miniFE.c 25 Ap 0.0000000000000000
miniFE.c 25 Ap 0.0000000000000000
miniFE.c 25 Ap 0.0000000000000000
miniFE.c 25 Ap 0.0000000000000000
miniFE.c 25 Ap 0.0000000000000000
miniFE.c 25 Ap 0.0000000000000000
miniFE.c 25 Ap 0.0000000000000000
miniFE.c 25 Ap 0.0000000000000000
miniFE.c 25 Ap 0.0000000000000000
miniFE.c 25 Ap 0.0000000000000000
miniFE.c 25 Ap 0.0000000000000000
miniFE.c 25 Ap 0.0000000000000000
miniFE.c 25 Ap 0.0000000000000000
miniFE.c 25 Ap 0.0000000000000000
miniFE.c 25 Ap 0.0000000000000000
miniFE.c 25 Ap 0.0000000000000000
miniFE.c 33 r 198.0110999999999990
miniFE.c 33 r 229.8237000000000023
miniFE.c 33 r 210.8053999999999917
miniFE.c 33 r 202.6418999999999926
miniFE.c 33 r 157.2561000000000035
miniFE.c 33 r 225.5886000000000138
miniFE.c 33 r 142.6283999999999992
miniFE.c 33 r 185.1795999999999935
miniFE.c 48 sum 39208.3957232100001420
miniFE.c 48 sum 92027.3288048999966122
miniFE.c 48 sum 136466.2454740600078367
miniFE.c 48 sum 177529.9851096700003836
miniFE.c 48 sum 202259.4660968800017145
miniFE.c 48 sum 253149.6825468399911188
miniFE.c 48 sum 273492.5430333999684080
miniFE.c 48 sum 307784.0272895599482581
miniFE.c 75 rtrans 307784.0272895599482581
miniFE.c 76 normr 554.7828649927464539
miniFE.c 33 r 198.0110999999999990
miniFE.c 33 r 229.8237000000000023
miniFE.c 33 r 210.8053999999999917
miniFE.c 33 r 202.6418999999999926
miniFE.c 33 r 157.2561000000000035
miniFE.c 33 r 225.5886000000000138
miniFE.c 33 r 142.6283999999999992
miniFE.c 33 r 185.1795999999999935
miniFE.c 87 normr 554.7828649927464539
miniFE.c 25 Ap 13285.4973312810016068
miniFE.c 25 Ap 16752.9738962160008668
miniFE.c 25 Ap 18717.5143203662009910
miniFE.c 25 Ap 21497.0499152972006414
miniFE.c 25 Ap 23708.6069245981998392
miniFE.c 25 Ap 27330.7477216381994367
miniFE.c 25 Ap 28043.4264645949988335
miniFE.c 25 Ap 29230.0690077097970061
miniFE.c 25 Ap 2987.5023718050001662
miniFE.c 25 Ap 18256.2053009880000900
miniFE.c 25 Ap 21290.1102936259994749
miniFE.c 25 Ap 22498.6292991164009436
miniFE.c 25 Ap 24218.0061666374022025
miniFE.c 25 Ap 26395.4473404050004319
miniFE.c 25 Ap 28021.0416928490012651
miniFE.c 25 Ap 29308.7624836482027604
miniFE.c 25 Ap 1845.3076172643000064
miniFE.c 25 Ap 5152.9234129532997031
miniFE.c 25 Ap 19418.9870250392996240
miniFE.c 25 Ap 21366.8164301717988565
miniFE.c 25 Ap 24008.4327040697971825
miniFE.c 25 Ap 27657.4839652037990163
miniFE.c 25 Ap 29362.1700442997971550
miniFE.c 25 Ap 31649.3547644317950471
miniFE.c 25 Ap 2716.0172730389999742
miniFE.c 25 Ap 4086.6435322781999275
miniFE.c 25 Ap 6112.9419280231995799
miniFE.c 25 Ap 19366.0687056721981207
miniFE.c 25 Ap 19942.9016931553996983
miniFE.c 25 Ap 22443.7520980093977414
miniFE.c 25 Ap 22629.2022504265987664
miniFE.c 25 Ap 23503.4403270553993934
miniFE.c 25 Ap 2784.7112838509997346
miniFE.c 25 Ap 5297.5139884079999320
miniFE.c 25 Ap 8838.6610425799990480
miniFE.c 25 Ap 9581.9742276727993158
miniFE.c 25 Ap 20049.1383863587980159
miniFE.c 25 Ap 21061.8523085989982064
miniFE.c 25 Ap 23066.1607201429978886
miniFE.c 25 Ap 23769.7206112477979332
miniFE.c 25 Ap 3179.3454260399998930
miniFE.c 25 Ap 5397.6649115441996400
miniFE.c 25 Ap 8807.5877122702004272
miniFE.c 25 Ap 11054.0535250612010714
miniFE.c 25 Ap 11760.0087099739012046
miniFE.c 25 Ap 26753.3647406958989450
miniFE.c 25 Ap 27839.0862096834971453
miniFE.c 25 Ap 28473.5365185294976982
miniFE.c 25 Ap 989.4123599472000024
miniFE.c 25 Ap 3608.8072965641999872
miniFE.c 25 Ap 6128.3407890401995246
miniFE.c 25 Ap 6391.8224746028990921
miniFE.c 25 Ap 8601.6889808288997301
miniFE.c 25 Ap 10318.9233197042995016
miniFE.c 25 Ap 19683.6473325842962367
miniFE.c 25 Ap 20178.9207280214977800
miniFE.c 25 Ap 1268.8676034993000030
miniFE.c 25 Ap 2867.0390905766998912
miniFE.c 25 Ap 5470.7324228946999938
miniFE.c 25 Ap 6427.4105067679001877
miniFE.c 25 Ap 7024.8795832297000743
miniFE.c 25 Ap 7797.7765812907000509
miniFE.c 25 Ap 8179.2443669095000587
miniFE.c 25 Ap 20192.2487104374995397
miniFE.c 57 sum 5787878.1172925252467394
miniFE.c 57 sum 12523726.3537057451903820
miniFE.c 57 sum 19195581.2445636950433254
miniFE.c 57 sum 23958363.0489748232066631
miniFE.c 57 sum 27696296.6103892698884010
miniFE.c 57 sum 34119601.8506532162427902
miniFE.c 57 sum 36997689.0278177559375763
miniFE.c 57 sum 40736881.5671170875430107
miniFE.c 90 p_ap_dot 40736881.5671170875430107
miniFE.c 91 alpha 0.0075554145395853
miniFE.c 40 y 1.4960559439392744
miniFE.c 40 y 1.7364133245212852
miniFE.c 40 y 1.5927221841830903
miniFE.c 40 y 1.5310435575891859
miniFE.c 40 y 1.1881350243784765
miniFE.c 40 y 1.7044153884046875
miniFE.c 40 y 1.0776166871177848
miniFE.c 40 y 1.3991086422745860
miniFE.c 40 y -22.8341883739316245
miniFE.c 40 y 8.3838497937928480
miniFE.c 40 y -28.3185951556805833
miniFE.c 40 y 25.0636652226906733
miniFE.c 40 y -22.3339927081014764
miniFE.c 40 y 10.4592281944898673
miniFE.c 40 y -9.8317110616323760
miniFE.c 40 y 32.6187905062384118
miniFE.c 82 oldrtrans 307784.0272895599482581
miniFE.c 48 sum 521.4001586961941257
miniFE.c 48 sum 591.6890960610744514
miniFE.c 48 sum 1393.6319276524102406
miniFE.c 48 sum 2021.8192420475243125
miniFE.c 48 sum 2520.6264723330541528
miniFE.c 48 sum 2630.0219267574657351
miniFE.c 48 sum 2726.6844691568903727
miniFE.c 48 sum 3790.6699632467598349
miniFE.c 83 rtrans 3790.6699632467598349
miniFE.c 84 beta 0.0123160061184089
miniFE.c 40 y -20.3954824548187439
miniFE.c 40 y 11.2143598891482252
miniFE.c 40 y -25.7223145594869429
miniFE.c 40 y 27.5594041029366821
miniFE.c 40 y -20.3972256183443506
miniFE.c 40 y 13.2375787723331708
miniFE.c 40 y -8.0750988145735008
miniFE.c 40 y 34.8994635928429275
miniFE.c 87 normr 61.5684169298412272
miniFE.c 25 Ap -1368.4289806161518754
miniFE.c 25 Ap -1199.2317650706336281
miniFE.c 25 Ap -1438.9434933034935966
miniFE.c 25 Ap -1060.9252025196035447
miniFE.c 25 Ap -1347.7797492528836756
miniFE.c 25 Ap -1135.2318894527934390
miniFE.c 25 Ap -1175.5811556047112845
miniFE.c 25 Ap -951.9431942355674892
miniFE.c 25 Ap -307.7178613112005223
miniFE.c 25 Ap 437.3259687565855529
miniFE.c 25 Ap 67.1311892858862507
miniFE.c 25 Ap 231.4904044254456608
miniFE.c 25 Ap 8.4750944324596844
miniFE.c 25 Ap 136.2477259389728772
miniFE.c 25 Ap 44.2125139587647027
miniFE.c 25 Ap 286.8999636359623082
miniFE.c 25 Ap -190.0698452342187466
miniFE.c 25 Ap -28.6731141403941479
miniFE.c 25 Ap -1769.4073446474239972
miniFE.c 25 Ap -1504.5015295142784453
miniFE.c 25 Ap -1847.1377969518380269
miniFE.c 25 Ap -1633.0108263799961605
miniFE.c 25 Ap -1729.5239229058497585
miniFE.c 25 Ap -1298.4747151618360022
miniFE.c 25 Ap -279.7544311366967804
miniFE.c 25 Ap -212.8740522000363740
miniFE.c 25 Ap -460.1214411508727835
miniFE.c 25 Ap 1342.3107137622018854
miniFE.c 25 Ap 1267.4914057048456471
miniFE.c 25 Ap 1414.2417478412662604
miniFE.c 25 Ap 1403.7422378842968556
miniFE.c 25 Ap 1568.5035826910889227
miniFE.c 25 Ap -286.8300319099224680
miniFE.c 25 Ap -164.2165944823325390
miniFE.c 25 Ap -596.3046644692149130
miniFE.c 25 Ap -495.2136835663836223
miniFE.c 25 Ap -1852.8787212276629361
miniFE.c 25 Ap -1793.4524899398534217
miniFE.c 25 Ap -1906.9291080474579303
miniFE.c 25 Ap -1774.3342498395531948
miniFE.c 25 Ap -327.4780244875516928
miniFE.c 25 Ap -219.2340398177625218
miniFE.c 25 Ap -635.3102262145098393
miniFE.c 25 Ap -329.7897038638051299
miniFE.c 25 Ap -421.3570718902559520
miniFE.c 25 Ap 458.4557002015919807
miniFE.c 25 Ap 396.9861180764418123
miniFE.c 25 Ap 516.5563917731067249
miniFE.c 25 Ap -101.9111677470804693
miniFE.c 25 Ap 25.9034897970964124
miniFE.c 25 Ap -281.5280704790179698
miniFE.c 25 Ap -245.6944238040443054
miniFE.c 25 Ap -532.3297003619271663
miniFE.c 25 Ap -431.5620869656004857
miniFE.c 25 Ap -961.7585399526303718
miniFE.c 25 Ap -868.4179353041471359
miniFE.c 25 Ap -130.6955364858731627
miniFE.c 25 Ap -52.7119768240055322
miniFE.c 25 Ap -370.4126567417038700
miniFE.c 25 Ap -240.3039383084249323
miniFE.c 25 Ap -317.7998926947741438
miniFE.c 25 Ap -272.4461607476264362
miniFE.c 25 Ap -294.0434728078357125
miniFE.c 25 Ap 1969.9608112905175403
miniFE.c 57 sum 19415.3407160156275495
miniFE.c 57 sum 22632.7401604128463077
miniFE.c 57 sum 56032.5152313458020217
miniFE.c 57 sum 99259.5393036334862700
miniFE.c 57 sum 135451.0353199666133150
miniFE.c 57 sum 16475939571892623651628863935274014383512570974984739134782902565237423074122399744.0000000000000000
miniFE.c 57 sum 16475939571892623651628863935274014383512570974984739134782902565237423074122399744.0000000000000000
miniFE.c 57 sum 16475939571892623651628863935274014383512570974984739134782902565237423074122399744.0000000000000000
miniFE.c 90 p_ap_dot 16475939571892623651628863935274014383512570974984739134782902565237423074122399744.0000000000000000
miniFE.c 91 alpha 0.0000000000000000
miniFE.c 40 y 1.4960559439392744
miniFE.c 40 y 1.7364133245212852
miniFE.c 40 y 1.5927221841830903
miniFE.c 40 y 1.5310435575891859
miniFE.c 40 y 1.1881350243784765
miniFE.c 40 y 1.7044153884046875
miniFE.c 40 y 1.0776166871177848
miniFE.c 40 y 1.3991086422745860
miniFE.c 40 y -22.8341883739316245
miniFE.c 40 y 8.3838497937928480
miniFE.c 40 y -28.3185951556805833
miniFE.c 40 y 25.0636652226906733
miniFE.c 40 y -22.3339927081014764
miniFE.c 40 y 10.4592281944898673
miniFE.c 40 y -9.8317110616323760
miniFE.c 40 y 32.6187905062384118
miniFE.c 82 oldrtrans 3790.6699632467598349
miniFE.c 48 sum 521.4001586961941257
miniFE.c 48 sum 591.6890960610744514
miniFE.c 48 sum 1393.6319276524102406
miniFE.c 48 sum 2021.8192420475243125
miniFE.c 48 sum 2520.6264723330541528
miniFE.c 48 sum 2630.0219267574657351
miniFE.c 48 sum 2726.6844691568903727
miniFE.c 48 sum 3790.6699632467598349
miniFE.c 83 rtrans 3790.6699632467598349
miniFE.c 84 beta 1.0000000000000000
miniFE.c 40 y -43.2296708287503719
miniFE.c 40 y 19.5982096829410750
miniFE.c 40 y -54.0409097151675297
miniFE.c 40 y 52.6230693256273554
miniFE.c 40 y -42.7312183264458270
miniFE.c 40 y 23.6968069668230399
miniFE.c 40 y -17.9068098762058767
miniFE.c 40 y 67.5182540990813322
miniFE.c 87 normr 61.5684169298412272
miniFE.c 25 Ap -2900.4822276504660294
miniFE.c 25 Ap -2604.7932591486082856
miniFE.c 25 Ap -3108.4120074980237405
miniFE.c 25 Ap -2386.6082033237494215
miniFE.c 25 Ap -2987.5548464480707480
miniFE.c 25 Ap -2607.0694350659732663
miniFE.c 25 Ap -2696.5453231285246147
miniFE.c 25 Ap -2263.8840972116031480
miniFE.c 25 Ap -652.2298201123127228
miniFE.c 25 Ap 649.8084013272733728
miniFE.c 25 Ap -127.9467500661262420
miniFE.c 25 Ap 185.8875527471593614
miniFE.c 25 Ap -281.3189232590519850
miniFE.c 25 Ap -52.5910390646228620
miniFE.c 25 Ap -256.6822930157904921
miniFE.c 25 Ap 212.8330292003194018
miniFE.c 25 Ap -402.8665103730112378
miniFE.c 25 Ap -120.8096645624137864
miniFE.c 25 Ap -3777.9790523085357563
miniFE.c 25 Ap -3272.1569009134736916
miniFE.c 25 Ap -3989.9635979804093040
miniFE.c 25 Ap -3606.6513944952394013
miniFE.c 25 Ap -3820.6725117270593728
miniFE.c 25 Ap -2986.7430772461088964
miniFE.c 25 Ap -592.9593476258462488
miniFE.c 25 Ap -476.0792311473673522
miniFE.c 25 Ap -995.5299124887578728
miniFE.c 25 Ap 2446.1088068558178747
miniFE.c 25 Ap 2289.3659121379619137
miniFE.c 25 Ap 2552.0661075233956581
miniFE.c 25 Ap 2528.7830823976269130
miniFE.c 25 Ap 2847.5386505105047945
miniFE.c 25 Ap -607.9565850297561838
miniFE.c 25 Ap -393.6774036582548320
miniFE.c 25 Ap -1301.4663324173875480
miniFE.c 25 Ap -1108.4390203472219127
miniFE.c 25 Ap -3952.6827534905478387
miniFE.c 25 Ap -3846.3028817774370509
miniFE.c 25 Ap -4097.9411926523998773
miniFE.c 25 Ap -3841.4165241601044727
miniFE.c 25 Ap -694.1128866947474307
miniFE.c 25 Ap -504.9457537112245404
miniFE.c 25 Ap -1379.0947565817627947
miniFE.c 25 Ap -795.7211985754837542
miniFE.c 25 Ap -987.5504830050927012
miniFE.c 25 Ap 587.4167965687479409
miniFE.c 25 Ap 451.1058800635083799
miniFE.c 25 Ap 682.4325335712644574
miniFE.c 25 Ap -216.0079441729000678
miniFE.c 25 Ap 7.3608868495493880
miniFE.c 25 Ap -638.5328236115500431
miniFE.c 25 Ap -570.1105723130815477
miniFE.c 25 Ap -1170.5978548403936657
miniFE.c 25 Ap -990.2120966720716524
miniFE.c 25 Ap -2165.9410008859722439
miniFE.c 25 Ap -1985.3595817574955618
miniFE.c 25 Ap -277.0184541398946294
miniFE.c 25 Ap -140.7344246292713308
miniFE.c 25 Ap -808.2028874759570272
miniFE.c 25 Ap -559.7679037437292209
miniFE.c 25 Ap -722.1182453176912759
miniFE.c 25 Ap -640.9297855804150004
miniFE.c 25 Ap -688.8225692824905764
miniFE.c 25 Ap 3691.2337639188508547
miniFE.c 57 sum 97866.9643169003102230
miniFE.c 57 sum 102038.1106506236828864
miniFE.c 57 sum 263444.4236304822843522
miniFE.c 57 sum 413290.6474436999415047
miniFE.c 57 sum 577439.0556204020977020
miniFE.c 57 sum 593610.5276363203302026
miniFE.c 57 sum 629161.9842027553822845
miniFE.c 57 sum 878387.6434141367208213
miniFE.c 90 p_ap_dot 878387.6434141367208213
miniFE.c 91 alpha 0.0043154864388951
miniFE.c 40 y 1.3094988857199017
miniFE.c 40 y 1.8209891326346406
miniFE.c 40 y 1.3595093711617288
miniFE.c 40 y 1.7581376996369691
miniFE.c 40 y 1.0037290311732323
miniFE.c 40 y 1.8066786375151280
miniFE.c 40 y 1.0003400919331449
miniFE.c 40 y 1.6904827522170471
miniFE.c 40 y -13.0644272531846042
miniFE.c 40 y 7.4653717425298982
miniFE.c 40 y -15.4293459093610856
miniFE.c 40 y 12.7751507921828473
miniFE.c 40 y -5.7564117919408737
miniFE.c 40 y 7.5141998504022292
miniFE.c 40 y -1.2639187102273937
miniFE.c 40 y 16.6893212552547752
miniFE.c 82 oldrtrans 3790.6699632467598349
miniFE.c 48 sum 170.6792594537526213
miniFE.c 48 sum 226.4110347079165138
miniFE.c 48 sum 464.4757498986341488
miniFE.c 48 sum 627.6802276616441532
miniFE.c 48 sum 660.8165043800401008
miniFE.c 48 sum 717.2797037718249840
miniFE.c 48 sum 718.8771942778878383
miniFE.c 48 sum 997.4106382389866212
miniFE.c 83 rtrans 997.4106382389866212
miniFE.c 84 beta 0.2631225213246186
miniFE.c 40 y -24.4391272376787150
miniFE.c 40 y 12.6221020877539072
miniFE.c 40 y -29.6487263282920424
miniFE.c 40 y 26.6214654729821092
miniFE.c 40 y -16.9999576972680444
miniFE.c 40 y 13.7493634468554937
miniFE.c 40 y -5.9756036737352645
miniFE.c 40 y 34.4548945092413135
miniFE.c 87 normr 31.5818086600338113
miniFE.c 25 Ap -1639.7361546651545723
miniFE.c 25 Ap -1449.2995583110630378
miniFE.c 25 Ap -1725.6023541431245576
miniFE.c 25 Ap -1360.4492891976201463
miniFE.c 25 Ap -1599.5266642769565806
miniFE.c 25 Ap -1378.7613850288660160
miniFE.c 25 Ap -1408.6199946368101337
miniFE.c 25 Ap -1187.8308599632377991
miniFE.c 25 Ap -368.7265541548395049
miniFE.c 25 Ap 469.8428671874107749
miniFE.c 25 Ap 43.1392873324215316
miniFE.c 25 Ap 201.9048090636397887
miniFE.c 25 Ap 16.0339015852129307
miniFE.c 25 Ap 148.7464149049390016
miniFE.c 25 Ap 80.6400098378719576
miniFE.c 25 Ap 320.2359696754741663
miniFE.c 25 Ap -227.7534322620295484
miniFE.c 25 Ap -46.0965176781379284
miniFE.c 25 Ap -2052.5470916043432226
miniFE.c 25 Ap -1796.6569067215814357
miniFE.c 25 Ap -2082.2252561126756518
miniFE.c 25 Ap -1859.8198152990096332
miniFE.c 25 Ap -1931.2398718712731807
miniFE.c 25 Ap -1505.6816124555671195
miniFE.c 25 Ap -335.2190443643477238
miniFE.c 25 Ap -259.9431499797675542
miniFE.c 25 Ap -544.9318959744181257
miniFE.c 25 Ap 1196.1574686645703878
miniFE.c 25 Ap 1133.7997198357290927
miniFE.c 25 Ap 1286.2236505775899786
miniFE.c 25 Ap 1278.4539734860782119
miniFE.c 25 Ap 1441.1164952012527465
miniFE.c 25 Ap -343.6974663856432244
miniFE.c 25 Ap -205.6923247779562303
miniFE.c 25 Ap -703.7369664113450654
miniFE.c 25 Ap -606.0864494523136727
miniFE.c 25 Ap -1737.6250537291732599
miniFE.c 25 Ap -1675.9013150980053979
miniFE.c 25 Ap -1759.8744418197579762
miniFE.c 25 Ap -1628.9686518248061020
miniFE.c 25 Ap -392.4044025790645378
miniFE.c 25 Ap -270.5725157489084722
miniFE.c 25 Ap -750.1611217301988290
miniFE.c 25 Ap -455.0384838579212214
miniFE.c 25 Ap -531.3548129522008594
miniFE.c 25 Ap 382.4728421442863464
miniFE.c 25 Ap 336.9851188105354822
miniFE.c 25 Ap 455.0322388099549471
miniFE.c 25 Ap -122.1162579031255859
miniFE.c 25 Ap 21.7430146528616888
miniFE.c 25 Ap -332.6167834993051429
miniFE.c 25 Ap -298.0026755829732110
miniFE.c 25 Ap -536.8973011170639893
miniFE.c 25 Ap -432.2338604617361852
miniFE.c 25 Ap -824.5812415925809091
miniFE.c 25 Ap -732.4296622986280454
miniFE.c 25 Ap -156.6074670040611920
miniFE.c 25 Ap -68.8346060518251193
miniFE.c 25 Ap -435.0310652160359268
miniFE.c 25 Ap -309.3503813170541434
miniFE.c 25 Ap -373.9389665946771402
miniFE.c 25 Ap -326.8317912616848844
miniFE.c 25 Ap -342.8138838964992487
miniFE.c 25 Ap 1892.3502345880151552
miniFE.c 57 sum 29029.5495234828958928
miniFE.c 57 sum 33071.6006248975972994
miniFE.c 57 sum 77713.1426901341765188
miniFE.c 57 sum 116077.7757096793211531
miniFE.c 57 sum 143770.1738808767986484
miniFE.c 57 sum 150026.5775123112252913
miniFE.c 57 sum 154403.2868930955883116
miniFE.c 57 sum 219604.0146003637055401
miniFE.c 90 p_ap_dot 219604.0146003637055401
miniFE.c 91 alpha 0.0045418597654240
miniFE.c 40 y 1.1984997970170099
miniFE.c 40 y 1.8783169502620849
miniFE.c 40 y 1.2248490139551906
miniFE.c 40 y 1.8790486625653320
miniFE.c 40 y 0.9265176072940997
miniFE.c 40 y 1.8691263181545930
miniFE.c 40 y 0.9731997380332865
miniFE.c 40 y 1.8469720513105001
miniFE.c 40 y -7.6694660621885307
miniFE.c 40 y 6.0109048764193069
miniFE.c 40 y -8.5907511742103448
miniFE.c 40 y 6.2298017653393627
miniFE.c 40 y 1.6421353869192643
miniFE.c 40 y 5.4475072329804686
miniFE.c 40 y 2.0626741039698664
miniFE.c 40 y 8.0945318626887151
miniFE.c 82 oldrtrans 997.4106382389866212
miniFE.c 48 sum 58.8207096790616504
miniFE.c 48 sum 94.9516871124230590
miniFE.c 48 sum 168.7526928496194785
miniFE.c 48 sum 207.5631228850449190
miniFE.c 48 sum 210.2597315140174032
miniFE.c 48 sum 239.9350665673919138
miniFE.c 48 sum 244.1896910265797942
miniFE.c 48 sum 309.7111371026626330
miniFE.c 83 rtrans 309.7111371026626330
miniFE.c 84 beta 0.3105151732184088
miniFE.c 40 y -15.2581858897030713
miniFE.c 40 y 9.9302590925786518
miniFE.c 40 y -17.7971305657451460
miniFE.c 40 y 14.4961707280102914
miniFE.c 40 y -3.6366094221535450
miniFE.c 40 y 9.7168932053236610
miniFE.c 40 y 0.2071584941354006
miniFE.c 40 y 18.7932993994477826
miniFE.c 87 normr 17.5986117947599112
miniFE.c 25 Ap -1023.7435573957196766
miniFE.c 25 Ap -873.9202768234846417
miniFE.c 25 Ap -1039.7755273544742067
miniFE.c 25 Ap -840.9389465254282641
miniFE.c 25 Ap -892.0820758390366336
miniFE.c 25 Ap -736.0637517770778686
miniFE.c 25 Ap -735.0286321571898043
miniFE.c 25 Ap -614.5999856276662285
miniFE.c 25 Ap -230.2086425201895850
miniFE.c 25 Ap 429.5239094072302919
miniFE.c 25 Ap 173.3881402189431356
miniFE.c 25 Ap 259.8406351453825209
miniFE.c 25 Ap 220.0793660012303121
miniFE.c 25 Ap 313.8694039126069129
miniFE.c 25 Ap 316.2304742052506867
miniFE.c 25 Ap 446.9172364856694344
miniFE.c 25 Ap -142.1942842997374328
miniFE.c 25 Ap 0.7217066528817497
miniFE.c 25 Ap -1203.6829089951063452
miniFE.c 25 Ap -1064.3431791275941123
miniFE.c 25 Ap -1125.4315987906252303
miniFE.c 25 Ap -968.2541465382033721
miniFE.c 25 Ap -965.7782006458066917
miniFE.c 25 Ap -733.6589649023292168
miniFE.c 25 Ap -209.2887541742532846
miniFE.c 25 Ap -150.0665161137872587
miniFE.c 25 Ap -321.1356496095786497
miniFE.c 25 Ap 626.9387044542392005
miniFE.c 25 Ap 613.5992137935247683
miniFE.c 25 Ap 721.3196230094903285
miniFE.c 25 Ap 721.5889773197955037
miniFE.c 25 Ap 810.3126699969716356
miniFE.c 25 Ap -214.5821240231090599
miniFE.c 25 Ap -106.0085439059001828
miniFE.c 25 Ap -404.9679466327889372
miniFE.c 25 Ap -351.7943688313256416
miniFE.c 25 Ap -593.8516740977374866
miniFE.c 25 Ap -550.2305291021460789
miniFE.c 25 Ap -547.3194012179493484
miniFE.c 25 Ap -475.9173046642501959
miniFE.c 25 Ap -244.9915359194284008
miniFE.c 25 Ap -149.1420337089406303
miniFE.c 25 Ap -437.0229006299587127
miniFE.c 25 Ap -276.3199465180167067
miniFE.c 25 Ap -292.6454389922143378
miniFE.c 25 Ap 353.1710576743775505
miniFE.c 25 Ap 354.7479976426163262
miniFE.c 25 Ap 419.1363784805433852
miniFE.c 25 Ap -76.2413708607456044
miniFE.c 25 Ap 36.9378634236012573
miniFE.c 25 Ap -175.7723732703507835
miniFE.c 25 Ap -156.9239737161577750
miniFE.c 25 Ap -208.0280094784779976
miniFE.c 25 Ap -134.0606960620782218
miniFE.c 25 Ap -120.4590422224372617
miniFE.c 25 Ap -70.1952917605484004
miniFE.c 25 Ap -97.7754164469283324
miniFE.c 25 Ap -28.7213678825274599
miniFE.c 25 Ap -248.5367530122419168
miniFE.c 25 Ap -180.0999251125249430
miniFE.c 25 Ap -193.9166334812709351
miniFE.c 25 Ap -160.6252455792493379
miniFE.c 25 Ap -160.0711883786500493
miniFE.c 25 Ap 1059.0911130562183189
miniFE.c 57 sum 9377.6808285157676437
miniFE.c 57 sum 13815.6847797577102028
miniFE.c 57 sum 26872.7091688539003371
miniFE.c 57 sum 38619.1399761998618487
miniFE.c 57 sum 40349.8653305077968980
miniFE.c 57 sum 44422.5687586693529738
miniFE.c 57 sum 44408.0272077328409068
miniFE.c 57 sum 64311.8435866927538882
miniFE.c 90 p_ap_dot 64311.8435866927538882
miniFE.c 91 alpha 0.0048157714011910
miniFE.c 40 y 1.1250198617753222
miniFE.c 40 y 1.9261388080065418
miniFE.c 40 y 1.1391421015534133
miniFE.c 40 y 1.9488589069840658
miniFE.c 40 y 0.9090045276415910
miniFE.c 40 y 1.9159206545612175
miniFE.c 40 y 0.9741973659848576
miniFE.c 40 y 1.9374762850923803
miniFE.c 40 y -4.7096930282304275
miniFE.c 40 y 3.8586536302523129
miniFE.c 40 y -5.0576173128063289
miniFE.c 40 y 2.3275211831452407
miniFE.c 40 y 3.9340443320532561
miniFE.c 40 y 3.4290422482951084
miniFE.c 40 y 2.4007185825285724
miniFE.c 40 y 2.9941911691770535
miniFE.c 82 oldrtrans 309.7111371026626330
miniFE.c 48 sum 22.1812084201622923
miniFE.c 48 sum 37.0704162584216448
miniFE.c 48 sum 62.6499091412199576
miniFE.c 48 sum 68.0672639992097857
miniFE.c 48 sum 83.5439688057701346
miniFE.c 48 sum 95.3022995463629030
miniFE.c 48 sum 101.0657492588609045
miniFE.c 48 sum 110.0309300164387594
miniFE.c 83 rtrans 110.0309300164387594
miniFE.c 84 beta 0.3552695296842550
miniFE.c 40 y -10.1304615531001723
miniFE.c 40 y 7.3865721077155264
miniFE.c 40 y -11.3803955186278856
miniFE.c 40 y 7.4775689399081209
miniFE.c 40 y 2.6420678129994357
miniFE.c 40 y 6.8811583273425780
miniFE.c 40 y 2.4743156833101545
miniFE.c 40 y 9.6708778080342590
miniFE.c 87 normr 10.4895629087411812
miniFE.c 25 Ap -679.7003800714056752
miniFE.c 25 Ap -568.2551040676422645
miniFE.c 25 Ap -674.3114339299810354
miniFE.c 25 Ap -571.7454343414207187
miniFE.c 25 Ap -534.5889514394062871
miniFE.c 25 Ap -424.1023208722629079
miniFE.c 25 Ap -411.7387790330515145
miniFE.c 25 Ap -349.7671847738660631
miniFE.c 25 Ap -152.8438452054764980
miniFE.c 25 Ap 337.8948174202557198
miniFE.c 25 Ap 174.1085065280287552
miniFE.c 25 Ap 218.7033518129558445
miniFE.c 25 Ap 247.5906908738446077
miniFE.c 25 Ap 314.0094614374702360
miniFE.c 25 Ap 342.2102517495862344
miniFE.c 25 Ap 409.4605882806312707
miniFE.c 25 Ap -94.4079290016513113
miniFE.c 25 Ap 11.8993951754273155
miniFE.c 25 Ap -758.2585153877929542
miniFE.c 25 Ap -686.3828141628316644
miniFE.c 25 Ap -642.0008834678608309
miniFE.c 25 Ap -530.6933995238487114
miniFE.c 25 Ap -501.1205269358667351
miniFE.c 25 Ap -381.6738710796082614
miniFE.c 25 Ap -138.9543745884829775
miniFE.c 25 Ap -94.9022176673354068
miniFE.c 25 Ap -204.2925709616023937
miniFE.c 25 Ap 284.7532243512758896
miniFE.c 25 Ap 294.4446250009528967
miniFE.c 25 Ap 370.7283892904566756
miniFE.c 25 Ap 373.9455761943140715
miniFE.c 25 Ap 419.6020611106224578
miniFE.c 25 Ap -142.4688343104844819
miniFE.c 25 Ap -61.7069356478449293
miniFE.c 25 Ap -252.8768680409494891
miniFE.c 25 Ap -225.4483076816452467
miniFE.c 25 Ap -49.5889450429584144
miniFE.c 25 Ap -18.6980009117438186
miniFE.c 25 Ap 16.0727161184814591
miniFE.c 25 Ap 52.8156496679027256
miniFE.c 25 Ap -162.6587428811976110
miniFE.c 25 Ap -91.3615840693467050
miniFE.c 25 Ap -275.4473340560605834
miniFE.c 25 Ap -192.5518273208225537
miniFE.c 25 Ap -180.6910380002308045
miniFE.c 25 Ap 276.6532458226872677
miniFE.c 25 Ap 295.4883281654924758
miniFE.c 25 Ap 328.6220611043219151
miniFE.c 25 Ap -50.6194040263763938
miniFE.c 25 Ap 33.5683867798216298
miniFE.c 25 Ap -102.4494176350877410
miniFE.c 25 Ap -92.7268357396441871
miniFE.c 25 Ap -55.5987550666195389
miniFE.c 25 Ap -3.2177332820476039
miniFE.c 25 Ap 159.2413807158671943
miniFE.c 25 Ap 185.1066946534898818
miniFE.c 25 Ap -64.9166358513437558
miniFE.c 25 Ap -13.5511372983565366
miniFE.c 25 Ap -154.1123370161677144
miniFE.c 25 Ap -118.8105246789311593
miniFE.c 25 Ap -108.7724160384255043
miniFE.c 25 Ap -85.1966386525756434
miniFE.c 25 Ap -78.5789403215686804
miniFE.c 25 Ap 548.7919855992352041
miniFE.c 57 sum 3543.3030178877343133
miniFE.c 57 sum 6567.8131784902361687
miniFE.c 57 sum 10911.4127905019668106
miniFE.c 57 sum 14049.0161297841859778
miniFE.c 57 sum 14188.5586577944068267
miniFE.c 57 sum 16449.8590901108946127
miniFE.c 57 sum 16907.8714877777274523
miniFE.c 57 sum 22215.1717225364263868
miniFE.c 90 p_ap_dot 22215.1717225364263868
miniFE.c 91 alpha 0.0049529632897150
miniFE.c 40 y 1.0748440575949474
miniFE.c 40 y 1.9627242284928899
miniFE.c 40 y 1.0827754203272117
miniFE.c 40 y 1.9858950314397443
miniFE.c 40 y 0.9220905925283149
miniFE.c 40 y 1.9500027791472623
miniFE.c 40 y 0.9864525607314590
miniFE.c 40 y 1.9853757878548939
miniFE.c 40 y -2.9773090020984885
miniFE.c 40 y 1.8306103679132182
miniFE.c 40 y -3.1672006407055946
miniFE.c 40 y 0.2492475781755572
miniFE.c 40 y 3.6724503581256829
miniFE.c 40 y 1.8013892434549061
miniFE.c 40 y 1.4838919192293440
miniFE.c 40 y 0.2760446108142118
miniFE.c 82 oldrtrans 110.0309300164387594
miniFE.c 48 sum 8.8643688939766978
miniFE.c 48 sum 12.2155032130880663
miniFE.c 48 sum 22.2466631115739943
miniFE.c 48 sum 22.3087874668003749
miniFE.c 48 sum 35.7956790996978356
miniFE.c 48 sum 39.0406823061328723
miniFE.c 48 sum 41.2426175340870174
miniFE.c 48 sum 41.3188181612465897
miniFE.c 83 rtrans 41.3188181612465897
miniFE.c 84 beta 0.3755200301867258
miniFE.c 40 y -6.7815002303241299
miniFE.c 40 y 4.6044161487789790
miniFE.c 40 y -7.4407671093976164
miniFE.c 40 y 3.0572244922131775
miniFE.c 40 y 4.6645997430186075
miniFE.c 40 y 4.3854020262582303
miniFE.c 40 y 2.4130470193174620
miniFE.c 40 y 3.9076529372193729
miniFE.c 87 normr 6.4279715432822657
miniFE.c 25 Ap -455.0027913185307398
miniFE.c 25 Ap -385.5334324530204526
miniFE.c 25 Ap -454.8755260288911586
miniFE.c 25 Ap -412.9411368536940472
miniFE.c 25 Ap -347.3409581817287517
miniFE.c 25 Ap -276.9271890873160942
miniFE.c 25 Ap -264.8697915674475212
miniFE.c 25 Ap -239.8293053636107288
miniFE.c 25 Ap -102.3162238000268331
miniFE.c 25 Ap 203.5854840657812019
miniFE.c 25 Ap 96.4981870503439865
miniFE.c 25 Ap 114.7309113925968092
miniFE.c 25 Ap 165.7318257888624942
miniFE.c 25 Ap 208.0608926632459088
miniFE.c 25 Ap 235.5633788916849483
miniFE.c 25 Ap 262.7368144671206096
miniFE.c 25 Ap -63.1982451059396197
miniFE.c 25 Ap 3.0683739748029808
miniFE.c 25 Ap -500.4787690556112238
miniFE.c 25 Ap -471.0921922221720024
miniFE.c 25 Ap -392.7354061109916756
miniFE.c 25 Ap -321.7985024088666819
miniFE.c 25 Ap -292.9579092168055467
miniFE.c 25 Ap -244.6938234882097447
miniFE.c 25 Ap -93.0183800942386227
miniFE.c 25 Ap -65.5584893954921739
miniFE.c 25 Ap -137.0804449852662117
miniFE.c 25 Ap 62.8672646593572608
miniFE.c 25 Ap 79.9775389519207351
miniFE.c 25 Ap 128.5936234207965754
miniFE.c 25 Ap 131.7311467858647802
miniFE.c 25 Ap 150.1792857167596935
miniFE.c 25 Ap -95.3710181541426607
miniFE.c 25 Ap -45.0281277056913325
miniFE.c 25 Ap -170.0194729474321775
miniFE.c 25 Ap -158.8052311008511026
miniFE.c 25 Ap 151.6764051901436403
miniFE.c 25 Ap 171.3633826642362692
miniFE.c 25 Ap 205.2731119907180073
miniFE.c 25 Ap 220.1196062859071958
miniFE.c 25 Ap -108.8864802981763518
miniFE.c 25 Ap -64.4434308554660760
miniFE.c 25 Ap -184.8029729792779960
miniFE.c 25 Ap -150.9109185532968525
miniFE.c 25 Ap -129.9705647347395256
miniFE.c 25 Ap 161.4975941950082756
miniFE.c 25 Ap 179.8662848242904033
miniFE.c 25 Ap 193.2544313203505055
miniFE.c 25 Ap -33.8854748388725540
miniFE.c 25 Ap 18.5929438193824694
miniFE.c 25 Ap -70.3386582261112778
miniFE.c 25 Ap -66.3635540529274550
miniFE.c 25 Ap -0.8135198281995883
miniFE.c 25 Ap 32.5692085067623367
miniFE.c 25 Ap 191.0055323105120806
miniFE.c 25 Ap 201.4567728273227090
miniFE.c 25 Ap -43.4562807104315354
miniFE.c 25 Ap -11.4376220446050922
miniFE.c 25 Ap -103.3398015431836541
miniFE.c 25 Ap -88.9065591131594601
miniFE.c 25 Ap -71.1841680547186257
miniFE.c 25 Ap -56.1591886834843876
miniFE.c 25 Ap -49.7053568866397342
miniFE.c 25 Ap 203.7926078341841389
miniFE.c 57 sum 1626.4024895618022128
miniFE.c 57 sum 2836.1521209729589827
miniFE.c 57 sum 4656.8618746567763083
miniFE.c 57 sum 5115.9936651731350139
miniFE.c 57 sum 6142.7635240877352771
miniFE.c 57 sum 6990.2618987833820938
miniFE.c 57 sum 7476.3865639756686505
miniFE.c 57 sum 8272.7373465625132667
miniFE.c 90 p_ap_dot 8272.7373465625132667
miniFE.c 91 alpha 0.0049945763331185
miniFE.c 40 y 1.0409733370415328
miniFE.c 40 y 1.9857213364174100
miniFE.c 40 y 1.0456119410223679
miniFE.c 40 y 2.0011645725335825
miniFE.c 40 y 0.9453882920082662
miniFE.c 40 y 1.9719060043188215
miniFE.c 40 y 0.9985047082648442
miniFE.c 40 y 2.0048928587331707
miniFE.c 40 y -1.7794632295411508
miniFE.c 40 y 0.5183512925367937
miniFE.c 40 y -1.9450586610511087
miniFE.c 40 y -0.5008343279900106
miniFE.c 40 y 2.5730461821147306
miniFE.c 40 y 0.8361652345120106
miniFE.c 40 y 0.4777006895195697
miniFE.c 40 y -0.7418131251389022
miniFE.c 82 oldrtrans 41.3188181612465897
miniFE.c 48 sum 3.1664893852890224
miniFE.c 48 sum 3.4351774477635870
miniFE.c 48 sum 7.2184306426935194
miniFE.c 48 sum 7.4692656667867245
miniFE.c 48 sum 14.0898323220819162
miniFE.c 48 sum 14.7890046214884414
miniFE.c 48 sum 15.0172025702559129
miniFE.c 48 sum 15.5674892828842566
miniFE.c 83 rtrans 15.5674892828842566
miniFE.c 84 beta 0.3767651151621076
miniFE.c 40 y -4.3344959447910814
miniFE.c 40 y 2.2531346730857740
miniFE.c 40 y -4.7484801379177242
miniFE.c 40 y 0.6510212098951033
miniFE.c 40 y 4.3305046414782744
miniFE.c 40 y 2.4884317339673330
miniFE.c 40 y 1.3868526276442938
miniFE.c 40 y 0.7304541837661029
miniFE.c 87 normr 3.9455657747507211
miniFE.c 25 Ap -290.8217484119336405
miniFE.c 25 Ap -256.8274663750183890
miniFE.c 25 Ap -301.0795642065430116
miniFE.c 25 Ap -292.1498382912289458
miniFE.c 25 Ap -231.2481760112169695
miniFE.c 25 Ap -191.2929207179439004
miniFE.c 25 Ap -184.3631620770570123
miniFE.c 25 Ap -179.6823656488702454
miniFE.c 25 Ap -65.3969242918326756
miniFE.c 25 Ap 84.2936601987509277
miniFE.c 25 Ap 15.9536765082431771
miniFE.c 25 Ap 19.8362472161549519
miniFE.c 25 Ap 67.1842960692682283
miniFE.c 25 Ap 91.2033010883621671
miniFE.c 25 Ap 107.0098290952015248
miniFE.c 25 Ap 112.0893359046010005
miniFE.c 25 Ap -40.3940909571443285
miniFE.c 25 Ap -7.9670443361340588
miniFE.c 25 Ap -329.3161165527905609
miniFE.c 25 Ap -323.0583867545670955
miniFE.c 25 Ap -250.3137902961795760
miniFE.c 25 Ap -210.0616899813615248
miniFE.c 25 Ap -193.4861105869145774
miniFE.c 25 Ap -184.4641467860082003
miniFE.c 25 Ap -59.4540702817674216
miniFE.c 25 Ap -46.0167896682637121
miniFE.c 25 Ap -91.6600117379530133
miniFE.c 25 Ap -49.0821113645443461
miniFE.c 25 Ap -33.1973353230821928
miniFE.c 25 Ap -5.6108548478110798
miniFE.c 25 Ap -3.8076232952112568
miniFE.c 25 Ap -0.3591286409343395
miniFE.c 25 Ap -60.9577936149343387
miniFE.c 25 Ap -36.3228978219369907
miniFE.c 25 Ap -116.0887219051037391
miniFE.c 25 Ap -113.7007031928329894
miniFE.c 25 Ap 174.5431421798092515
miniFE.c 25 Ap 185.7142273389575280
miniFE.c 25 Ap 205.2031957853493793
miniFE.c 25 Ap 207.9784381229909229
miniFE.c 25 Ap -69.5964006879435146
miniFE.c 25 Ap -47.8485454894965869
miniFE.c 25 Ap -124.6584881716109408
miniFE.c 25 Ap -117.4413386510469195
miniFE.c 25 Ap -98.0008069009901561
miniFE.c 25 Ap 67.3885033102488507
miniFE.c 25 Ap 77.9455569696552288
miniFE.c 25 Ap 80.4481916145527123
miniFE.c 25 Ap -21.6584012811267250
miniFE.c 25 Ap 4.0214983732478089
miniFE.c 25 Ap -52.7320513263365598
miniFE.c 25 Ap -51.8855720655310222
miniFE.c 25 Ap 8.9695372895850625
miniFE.c 25 Ap 27.9120743837288181
miniFE.c 25 Ap 118.9703215801233824
miniFE.c 25 Ap 120.9239629304942980
miniFE.c 25 Ap -27.7757230874657708
miniFE.c 25 Ap -12.1076453780252606
miniFE.c 25 Ap -70.7569308030705173
miniFE.c 25 Ap -67.6834414425618576
miniFE.c 25 Ap -51.2303905990170705
miniFE.c 25 Ap -42.7046875401609043
miniFE.c 25 Ap -38.9954711369264615
miniFE.c 25 Ap 8.3906841541012440
miniFE.c 57 sum 778.8324852554964082
miniFE.c 57 sum 1031.3848544653110366
miniFE.c 57 sum 1907.3091916366106489
miniFE.c 57 sum 1907.0753912742816283
miniFE.c 57 sum 2807.7269828932958262
miniFE.c 57 sum 3007.9168158472334653
miniFE.c 57 sum 3175.6205315825504840
miniFE.c 57 sum 3181.7495419275737731
miniFE.c 90 p_ap_dot 3181.7495419275737731
miniFE.c 91 alpha 0.0048927450378301
miniFE.c 40 y 1.0197657535161617
miniFE.c 40 y 1.9967453499087133
miniFE.c 40 y 1.0223788383903363
miniFE.c 40 y 2.0043498533278190
miniFE.c 40 y 0.9665763471041592
miniFE.c 40 y 1.9840812663371690
miniFE.c 40 y 1.0052902245769524
miniFE.c 40 y 2.0084667848161546
miniFE.c 40 y -0.9003232266270713
miniFE.c 40 y -0.0300732495041116
miniFE.c 40 y -1.0425226222063082
miniFE.c 40 y -0.4990772031141364
miniFE.c 40 y 1.5554607110128169
miniFE.c 40 y 0.4425527441875046
miniFE.c 40 y -0.1139494300633545
miniFE.c 40 y -0.7828666033978805
