filename line variable value
miniFE.c 167 A 67.0947100000000063
miniFE.c 167 A 15.0875500000000002
miniFE.c 167 A 9.3192129999999995
miniFE.c 167 A 13.7164900000000003
miniFE.c 167 A 14.0634099999999993
miniFE.c 167 A 16.0564000000000000
miniFE.c 167 A 4.9967519999999999
miniFE.c 167 A 6.4080630000000003
miniFE.c 167 A 15.0875500000000002
miniFE.c 167 A 66.4365899999999954
miniFE.c 167 A 14.3919700000000006
miniFE.c 167 A 5.9638159999999996
miniFE.c 167 A 10.9336099999999998
miniFE.c 167 A 9.6522659999999991
miniFE.c 167 A 11.3974100000000007
miniFE.c 167 A 6.9539020000000002
miniFE.c 167 A 9.3192129999999995
miniFE.c 167 A 14.3919700000000006
miniFE.c 167 A 67.6740900000000067
miniFE.c 167 A 9.6121750000000006
miniFE.c 167 A 16.7981799999999986
miniFE.c 167 A 16.1756899999999995
miniFE.c 167 A 11.9519400000000005
miniFE.c 167 A 12.3511699999999998
miniFE.c 167 A 13.7164900000000003
miniFE.c 167 A 5.9638159999999996
miniFE.c 167 A 9.6121750000000006
miniFE.c 167 A 65.4017099999999942
miniFE.c 167 A 3.6681119999999998
miniFE.c 167 A 11.0858899999999991
miniFE.c 167 A 1.3002330000000000
miniFE.c 167 A 4.7210279999999996
miniFE.c 167 A 14.0634099999999993
miniFE.c 167 A 10.9336099999999998
miniFE.c 167 A 16.7981799999999986
miniFE.c 167 A 3.6681119999999998
miniFE.c 167 A 66.5612600000000043
miniFE.c 167 A 4.4892070000000004
miniFE.c 167 A 14.0526599999999995
miniFE.c 167 A 3.7993380000000001
miniFE.c 167 A 16.0564000000000000
miniFE.c 167 A 9.6522659999999991
miniFE.c 167 A 16.1756899999999995
miniFE.c 167 A 11.0858899999999991
miniFE.c 167 A 4.4892070000000004
miniFE.c 167 A 66.4632699999999943
miniFE.c 167 A 7.6122389999999998
miniFE.c 167 A 3.4261349999999999
miniFE.c 167 A 4.9967519999999999
miniFE.c 167 A 11.3974100000000007
miniFE.c 167 A 11.9519400000000005
miniFE.c 167 A 1.3002330000000000
miniFE.c 167 A 14.0526599999999995
miniFE.c 167 A 7.6122390001164151
miniFE.c 167 A 65.6581999999999937
miniFE.c 167 A 2.6745570000000001
miniFE.c 167 A 6.4080630000000003
miniFE.c 167 A 6.9539020000000002
miniFE.c 167 A 12.3511699999999998
miniFE.c 167 A 4.7210279999999996
miniFE.c 167 A 3.7993380000000001
miniFE.c 167 A 3.4261349999999999
miniFE.c 167 A 2.6745570000000001
miniFE.c 167 A 64.8721800000000002
miniFE.c 175 b 198.0110999999999990
miniFE.c 175 b 229.8237000000000023
miniFE.c 175 b 210.8053999999999917
miniFE.c 175 b 202.6418999999999926
miniFE.c 175 b 157.2561000000000035
miniFE.c 175 b 225.5886000000000138
miniFE.c 175 b 142.6283999999999992
miniFE.c 175 b 185.1795999999999935
miniFE.c 33 r 0.0000000000000000
miniFE.c 33 r 0.0000000000000000
miniFE.c 33 r 0.0000000000000000
miniFE.c 33 r 0.0000000000000000
miniFE.c 33 r 0.0000000000000000
miniFE.c 33 r 0.0000000000000000
miniFE.c 33 r 0.0000000000000000
miniFE.c 33 r 0.0000000000000000
miniFE.c 25 Ap 0.0000000000000000
miniFE.c 25 Ap 0.0000000000000000
miniFE.c 25 Ap 0.0000000000000000
miniFE.c 25 Ap 0.0000000000000000
miniFE.c 25 Ap 0.0000000000000000
miniFE.c 25 Ap 0.0000000000000000
miniFE.c 25 Ap 0.0000000000000000
miniFE.c 25 Ap 0.0000000000000000
miniFE.c 25 Ap 0.0000000000000000
miniFE.c 25 Ap 0.0000000000000000
miniFE.c 25 Ap 0.0000000000000000
miniFE.c 25 Ap 0.0000000000000000
miniFE.c 25 Ap 0.0000000000000000
miniFE.c 25 Ap 0.0000000000000000
miniFE.c 25 Ap 0.0000000000000000
miniFE.c 25 Ap 0.0000000000000000
miniFE.c 25 Ap 0.0000000000000000
miniFE.c 25 Ap 0.0000000000000000
miniFE.c 25 Ap 0.0000000000000000
miniFE.c 25 Ap 0.0000000000000000
miniFE.c 25 Ap 0.0000000000000000
miniFE.c 25 Ap 0.0000000000000000
miniFE.c 25 Ap 0.0000000000000000
miniFE.c 25 Ap 0.0000000000000000
miniFE.c 25 Ap 0.0000000000000000
miniFE.c 25 Ap 0.0000000000000000
miniFE.c 25 Ap 0.0000000000000000
miniFE.c 25 Ap 0.0000000000000000
miniFE.c 25 Ap 0.0000000000000000
miniFE.c 25 Ap 0.0000000000000000
miniFE.c 25 Ap 0.0000000000000000
miniFE.c 25 Ap 0.0000000000000000
miniFE.c 25 Ap 0.0000000000000000
miniFE.c 25 Ap 0.0000000000000000
miniFE.c 25 Ap 0.0000000000000000
miniFE.c 25 Ap 0.0000000000000000
miniFE.c 25 Ap 0.0000000000000000
miniFE.c 25 Ap 0.0000000000000000
miniFE.c 25 Ap 0.0000000000000000
miniFE.c 25 Ap 0.0000000000000000
miniFE.c 25 Ap 0.0000000000000000
miniFE.c 25 Ap 0.0000000000000000
miniFE.c 25 Ap 0.0000000000000000
miniFE.c 25 Ap 0.0000000000000000
miniFE.c 25 Ap 0.0000000000000000
miniFE.c 25 Ap 0.0000000000000000
miniFE.c 25 Ap 0.0000000000000000
miniFE.c 25 Ap 0.0000000000000000
miniFE.c 25 Ap 0.0000000000000000
miniFE.c 25 Ap 0.0000000000000000
miniFE.c 25 Ap 0.0000000000000000
miniFE.c 25 Ap 0.0000000000000000
miniFE.c 25 Ap 0.0000000000000000
miniFE.c 25 Ap 0.0000000000000000
miniFE.c 25 Ap 0.0000000000000000
miniFE.c 25 Ap 0.0000000000000000
miniFE.c 25 Ap 0.0000000000000000
miniFE.c 25 Ap 0.0000000000000000
miniFE.c 25 Ap 0.0000000000000000
miniFE.c 25 Ap 0.0000000000000000
miniFE.c 25 Ap 0.0000000000000000
miniFE.c 25 Ap 0.0000000000000000
miniFE.c 25 Ap 0.0000000000000000
miniFE.c 25 Ap 0.0000000000000000
miniFE.c 33 r 198.0110999999999990
miniFE.c 33 r 229.8237000000000023
miniFE.c 33 r 210.8053999999999917
miniFE.c 33 r 202.6418999999999926
miniFE.c 33 r 157.2561000000000035
miniFE.c 33 r 225.5886000000000138
miniFE.c 33 r 142.6283999999999992
miniFE.c 33 r 185.1795999999999935
miniFE.c 48 sum 39208.3957232100001420
miniFE.c 48 sum 92027.3288048999966122
miniFE.c 48 sum 136466.2454740600078367
miniFE.c 48 sum 177529.9851096700003836
miniFE.c 48 sum 202259.4660968800017145
miniFE.c 48 sum 253149.6825468399911188
miniFE.c 48 sum 273492.5430333999684080
miniFE.c 48 sum 307784.0272895599482581
miniFE.c 75 rtrans 307784.0272895599482581
miniFE.c 76 normr 554.7828649927464539
miniFE.c 33 r 198.0110999999999990
miniFE.c 33 r 229.8237000000000023
miniFE.c 33 r 210.8053999999999917
miniFE.c 33 r 202.6418999999999926
miniFE.c 33 r 157.2561000000000035
miniFE.c 33 r 225.5886000000000138
miniFE.c 33 r 142.6283999999999992
miniFE.c 33 r 185.1795999999999935
miniFE.c 87 normr 554.7828649927464539
miniFE.c 25 Ap 13285.4973312810016068
miniFE.c 25 Ap 16752.9738962160008668
miniFE.c 25 Ap 18717.5143203662009910
miniFE.c 25 Ap 21497.0499152972006414
miniFE.c 25 Ap 23708.6069245981998392
miniFE.c 25 Ap 27330.7477216381994367
miniFE.c 25 Ap 28043.4264645949988335
miniFE.c 25 Ap 29230.0690077097970061
miniFE.c 25 Ap 2987.5023718050001662
miniFE.c 25 Ap 18256.2053009880000900
miniFE.c 25 Ap 21290.1102936259994749
miniFE.c 25 Ap 22498.6292991164009436
miniFE.c 25 Ap 24218.0061666374022025
miniFE.c 25 Ap 26395.4473404050004319
miniFE.c 25 Ap 28021.0416928490012651
miniFE.c 25 Ap 29308.7624836482027604
miniFE.c 25 Ap 1845.3076172643000064
miniFE.c 25 Ap 5152.9234129532997031
miniFE.c 25 Ap 19418.9870250392996240
miniFE.c 25 Ap 21366.8164301717988565
miniFE.c 25 Ap 24008.4327040697971825
miniFE.c 25 Ap 27657.4839652037990163
miniFE.c 25 Ap 29362.1700442997971550
miniFE.c 25 Ap 31649.3547644317950471
miniFE.c 25 Ap 2716.0172730389999742
miniFE.c 25 Ap 4086.6435322781999275
miniFE.c 25 Ap 6112.9419280231995799
miniFE.c 25 Ap 19366.0687056721981207
miniFE.c 25 Ap 19942.9016931553996983
miniFE.c 25 Ap 22443.7520980093977414
miniFE.c 25 Ap 22629.2022504265987664
miniFE.c 25 Ap 23503.4403270553993934
miniFE.c 25 Ap 2784.7112838509997346
miniFE.c 25 Ap 5297.5139884079999320
miniFE.c 25 Ap 8838.6610425799990480
miniFE.c 25 Ap 9581.9742276727993158
miniFE.c 25 Ap 20049.1383863587980159
miniFE.c 25 Ap 21061.8523085989982064
miniFE.c 25 Ap 23066.1607201429978886
miniFE.c 25 Ap 23769.7206112477979332
miniFE.c 25 Ap 3179.3454260399998930
miniFE.c 25 Ap 5397.6649115441996400
miniFE.c 25 Ap 8807.5877122702004272
miniFE.c 25 Ap 11054.0535250612010714
miniFE.c 25 Ap 11760.0087099739012046
miniFE.c 25 Ap 26753.3647406958989450
miniFE.c 25 Ap 27839.0862096834971453
miniFE.c 25 Ap 28473.5365185294976982
miniFE.c 25 Ap 989.4123599472000024
miniFE.c 25 Ap 3608.8072965641999872
miniFE.c 25 Ap 6128.3407890401995246
miniFE.c 25 Ap 6391.8224746028990921
miniFE.c 25 Ap 8601.6889808288997301
miniFE.c 25 Ap 10318.9233197305620706
miniFE.c 25 Ap 19683.6473326105624437
miniFE.c 25 Ap 20178.9207280477639870
miniFE.c 25 Ap 1268.8676034993000030
miniFE.c 25 Ap 2867.0390905766998912
miniFE.c 25 Ap 5470.7324228946999938
miniFE.c 25 Ap 6427.4105067679001877
miniFE.c 25 Ap 7024.8795832297000743
miniFE.c 25 Ap 7797.7765812907000509
miniFE.c 25 Ap 8179.2443669095000587
miniFE.c 25 Ap 20192.2487104374995397
miniFE.c 57 sum 5787878.1172925252467394
miniFE.c 57 sum 12523726.3537057451903820
miniFE.c 57 sum 19195581.2445636950433254
miniFE.c 57 sum 23958363.0489748232066631
miniFE.c 57 sum 27696296.6103892698884010
miniFE.c 57 sum 34119601.8506532162427902
miniFE.c 57 sum 36997689.0278215035796165
miniFE.c 57 sum 40736881.5671208351850510
miniFE.c 90 p_ap_dot 40736881.5671208351850510
miniFE.c 91 alpha 0.0075554145395846
miniFE.c 40 y 1.4960559439391368
miniFE.c 40 y 1.7364133245211253
miniFE.c 40 y 1.5927221841829438
miniFE.c 40 y 1.5310435575890449
miniFE.c 40 y 1.1881350243783670
miniFE.c 40 y 1.7044153884045308
miniFE.c 40 y 1.0776166871176858
miniFE.c 40 y 1.3991086422744572
miniFE.c 40 y -22.8341883739113030
miniFE.c 40 y 8.3838497938132264
miniFE.c 40 y -28.3185951556585849
miniFE.c 40 y 25.0636652227070158
miniFE.c 40 y -22.3339927080849350
miniFE.c 40 y 10.4592281945096772
miniFE.c 40 y -9.8317110618167760
miniFE.c 40 y 32.6187905062524806
miniFE.c 82 oldrtrans 307784.0272895599482581
miniFE.c 48 sum 521.4001586952661000
miniFE.c 48 sum 591.6890960604881684
miniFE.c 48 sum 1393.6319276505780635
miniFE.c 48 sum 2021.8192420465111354
miniFE.c 48 sum 2520.6264723313020113
miniFE.c 48 sum 2630.0219267561283232
miniFE.c 48 sum 2726.6844691591786614
miniFE.c 48 sum 3790.6699632499658037
miniFE.c 83 rtrans 3790.6699632499658037
miniFE.c 84 beta 0.0123160061184193
miniFE.c 40 y -20.3954824547963582
miniFE.c 40 y 11.2143598891709981
miniFE.c 40 y -25.7223145594627489
miniFE.c 40 y 27.5594041029551349
miniFE.c 40 y -20.3972256183261713
miniFE.c 40 y 13.2375787723553309
miniFE.c 40 y -8.0750988147564158
miniFE.c 40 y 34.8994635928589290
miniFE.c 87 normr 61.5684169298672614
miniFE.c 25 Ap -1368.4289806146498449
miniFE.c 25 Ap -1199.2317650687880359
miniFE.c 25 Ap -1438.9434933014224498
miniFE.c 25 Ap -1060.9252025172793310
miniFE.c 25 Ap -1347.7797492503036665
miniFE.c 25 Ap -1135.2318894498575901
miniFE.c 25 Ap -1175.5811556026892504
miniFE.c 25 Ap -951.9431942334429095
miniFE.c 25 Ap -307.7178613108628156
miniFE.c 25 Ap 437.3259687584362041
miniFE.c 25 Ap 67.1311892880850678
miniFE.c 25 Ap 231.4904044277545268
miniFE.c 25 Ap 8.4750944349673318
miniFE.c 25 Ap 136.2477259416944264
miniFE.c 25 Ap 44.2125139594015053
miniFE.c 25 Ap 286.8999636367104245
miniFE.c 25 Ap -190.0698452340101312
miniFE.c 25 Ap -28.6731141398578018
miniFE.c 25 Ap -1769.4073446452503049
miniFE.c 25 Ap -1504.5015295119274015
miniFE.c 25 Ap -1847.1377969491816202
miniFE.c 25 Ap -1633.0108263769811856
miniFE.c 25 Ap -1729.5239229050209815
miniFE.c 25 Ap -1298.4747151608096374
miniFE.c 25 Ap -279.7544311363897123
miniFE.c 25 Ap -212.8740521995935069
miniFE.c 25 Ap -460.1214411501973700
miniFE.c 25 Ap 1342.3107137640843121
miniFE.c 25 Ap 1267.4914057067946942
miniFE.c 25 Ap 1414.2417478434608711
miniFE.c 25 Ap 1403.7422378862536334
miniFE.c 25 Ap 1568.5035826931211886
miniFE.c 25 Ap -286.8300319096076123
miniFE.c 25 Ap -164.2165944817687091
miniFE.c 25 Ap -596.3046644682447095
miniFE.c 25 Ap -495.2136835653457183
miniFE.c 25 Ap -1852.8787212254148926
miniFE.c 25 Ap -1793.4524899375060158
miniFE.c 25 Ap -1906.9291080476809839
miniFE.c 25 Ap -1774.3342498397155396
miniFE.c 25 Ap -327.4780244871922719
miniFE.c 25 Ap -219.2340398171832874
miniFE.c 25 Ap -635.3102262135392948
miniFE.c 25 Ap -329.7897038626300059
miniFE.c 25 Ap -421.3570718889992008
miniFE.c 25 Ap 458.4557002043216585
miniFE.c 25 Ap 396.9861180777791105
miniFE.c 25 Ap 516.5563917744988203
miniFE.c 25 Ap -101.9111677469686157
miniFE.c 25 Ap 25.9034897974678131
miniFE.c 25 Ap -281.5280704783574492
miniFE.c 25 Ap -245.6944238033597685
miniFE.c 25 Ap -532.3297003609872036
miniFE.c 25 Ap -431.5620869629507865
miniFE.c 25 Ap -961.7585399619904365
miniFE.c 25 Ap -868.4179353134644543
miniFE.c 25 Ap -130.6955364857297184
miniFE.c 25 Ap -52.7119768237037363
miniFE.c 25 Ap -370.4126567411032056
miniFE.c 25 Ap -240.3039383077371554
miniFE.c 25 Ap -317.7998926940172737
miniFE.c 25 Ap -272.4461607467936233
miniFE.c 25 Ap -294.0434728074920940
miniFE.c 25 Ap 1969.9608112918990628
miniFE.c 57 sum 19415.3407159509879421
miniFE.c 57 sum 22632.7401603631296894
miniFE.c 57 sum 56032.5152312382706441
miniFE.c 57 sum 99259.5393036109016975
miniFE.c 57 sum 135451.0353199150995351
miniFE.c 57 sum 142288.9912463936780114
miniFE.c 57 sum 149301.5518865566409659
miniFE.c 57 sum 218052.1274995971180033
miniFE.c 90 p_ap_dot 218052.1274995971180033
miniFE.c 91 alpha 0.0173842374606364
miniFE.c 40 y 1.1414960338207130
miniFE.c 40 y 1.9313664198035103
miniFE.c 40 y 1.1455593598440579
miniFE.c 40 y 2.0101427827884546
miniFE.c 40 y 0.8335448106912083
miniFE.c 40 y 1.9345406011870359
miniFE.c 40 y 0.9372372518038565
miniFE.c 40 y 2.0058092046215523
miniFE.c 40 y -6.2853818363203899
miniFE.c 40 y 3.3963126985046976
miniFE.c 40 y -5.7456023706708308
miniFE.c 40 y -2.2035735166891790
miniFE.c 40 y 8.5114552256688718
miniFE.c 40 y 1.4792892180922514
miniFE.c 40 y 5.2650725407480898
miniFE.c 40 y -1.6274760253938680
miniFE.c 82 oldrtrans 3790.6699632499658037
miniFE.c 48 sum 39.5060248283462769
miniFE.c 48 sum 51.0409647743705364
miniFE.c 48 sum 84.0529113762288063
miniFE.c 48 sum 88.9086476196827249
miniFE.c 48 sum 161.3535176782486644
miniFE.c 48 sum 163.5418142690126615
miniFE.c 48 sum 191.2628031283522034
miniFE.c 48 sum 193.9114813415840217
miniFE.c 83 rtrans 193.9114813415840217
miniFE.c 84 beta 0.0511549365208603
miniFE.c 40 y -7.3287114466078185
miniFE.c 40 y 3.9699825667573228
miniFE.c 40 y -7.0614257391297492
miniFE.c 40 y -0.7937739492497708
miniFE.c 40 y 7.4680364439617302
miniFE.c 40 y 2.1564567198819766
miniFE.c 40 y 4.8519913734795512
miniFE.c 40 y 0.1578038193109073
miniFE.c 87 normr 13.9252102799772484
miniFE.c 25 Ap -491.7177691838321039
miniFE.c 25 Ap -431.8204587087526534
miniFE.c 25 Ap -497.6273892553851965
miniFE.c 25 Ap -508.5151816925301773
miniFE.c 25 Ap -403.4891232861543813
miniFE.c 25 Ap -368.8641916090414270
miniFE.c 25 Ap -344.6199940096247474
miniFE.c 25 Ap -343.6087771938398419
miniFE.c 25 Ap -110.5723003862677984
miniFE.c 25 Ap 153.1798037085360988
miniFE.c 25 Ap 51.5519763137529168
miniFE.c 25 Ap 46.8180545348339479
miniFE.c 25 Ap 128.4706524788983586
miniFE.c 25 Ap 149.2853463566866878
miniFE.c 25 Ap 204.5854813566962775
miniFE.c 25 Ap 205.6828336514100215
miniFE.c 25 Ap -68.2978229864763904
miniFE.c 25 Ap -11.1619529851820047
miniFE.c 25 Ap -489.0375139833652156
miniFE.c 25 Ap -496.6674080939951068
miniFE.c 25 Ap -371.2179876617660739
miniFE.c 25 Ap -336.3358122625384112
miniFE.c 25 Ap -278.3451024861932410
miniFE.c 25 Ap -276.3960406872349154
miniFE.c 25 Ap -100.5241972702816753
miniFE.c 25 Ap -76.8479517189332881
miniFE.c 25 Ap -144.7236116729527851
miniFE.c 25 Ap -196.6377853073410051
miniFE.c 25 Ap -169.2441912108076565
miniFE.c 25 Ap -145.3379492244352491
miniFE.c 25 Ap -139.0292299249218217
miniFE.c 25 Ap -138.2842336754480925
miniFE.c 25 Ap -103.0666738453388547
miniFE.c 25 Ap -59.6604327536153249
miniFE.c 25 Ap -178.2795333761498853
miniFE.c 25 Ap -181.1911851246803735
miniFE.c 25 Ap 315.8907303113318221
miniFE.c 25 Ap 325.5715109134230261
miniFE.c 25 Ap 393.7548960078642040
miniFE.c 25 Ap 394.3544460551172506
miniFE.c 25 Ap -117.6727224713137758
miniFE.c 25 Ap -79.3533947216093338
miniFE.c 25 Ap -193.5768284357930042
miniFE.c 25 Ap -202.3765191220415431
miniFE.c 25 Ap -168.8509576415534355
miniFE.c 25 Ap -25.5257924247232779
miniFE.c 25 Ap 11.4087255361413256
miniFE.c 25 Ap 11.9493827246161004
miniFE.c 25 Ap -36.6197535782605073
miniFE.c 25 Ap 8.6277654279250768
miniFE.c 25 Ap -75.7699713206093293
miniFE.c 25 Ap -76.8020624039642001
miniFE.c 25 Ap 28.1437146106390372
miniFE.c 25 Ap 44.5591785557877387
miniFE.c 25 Ap 363.1321985539827892
miniFE.c 25 Ap 363.5542538635475012
miniFE.c 25 Ap -46.9628446586840411
miniFE.c 25 Ap -19.3559749477451604
miniFE.c 25 Ap -106.5728446941123480
miniFE.c 25 Ap -110.3202737341910904
miniFE.c 25 Ap -81.9466790872624244
miniFE.c 25 Ap -74.5583672432895952
miniFE.c 25 Ap -61.5814397514102438
miniFE.c 25 Ap -51.3443619803855924
miniFE.c 57 sum 2518.2095785754095232
miniFE.c 57 sum 3334.7668424527537354
miniFE.c 57 sum 5286.5169583551478354
miniFE.c 57 sum 5396.2833806386861397
miniFE.c 57 sum 8341.3367556166413124
miniFE.c 57 sum 8367.1050822915804019
miniFE.c 57 sum 10131.0671858293080732
miniFE.c 57 sum 10122.9648494087214203
miniFE.c 90 p_ap_dot 10122.9648494087214203
miniFE.c 91 alpha 0.0191556015679448
miniFE.c 40 y 1.0011101573430570
miniFE.c 40 y 2.0074138240840007
miniFE.c 40 y 1.0102935018836581
miniFE.c 40 y 1.9949375652816119
miniFE.c 40 y 0.9765995413066307
miniFE.c 40 y 1.9758488269116121
miniFE.c 40 y 1.0301800653653361
miniFE.c 40 y 2.0088320317101722
miniFE.c 40 y 0.2966509948535307
miniFE.c 40 y -0.5436657122875861
miniFE.c 40 y -0.4510699403086935
miniFE.c 40 y 0.4453441667262825
miniFE.c 40 y 0.9573585804894567
miniFE.c 40 y 1.2503916036366225
miniFE.c 40 y -1.6990278945934900
miniFE.c 40 y -0.6439438845372674
miniFE.c 82 oldrtrans 193.9114813415840217
miniFE.c 48 sum 0.0880018127475895
miniFE.c 48 sum 0.3835742194647579
miniFE.c 48 sum 0.5870383105148462
miniFE.c 48 sum 0.7853697373519731
miniFE.c 48 sum 1.7019051889887606
miniFE.c 48 sum 3.2653843514337249
miniFE.c 48 sum 6.1520801380405121
miniFE.c 48 sum 6.5667438644734579
miniFE.c 83 rtrans 6.5667438644734579
miniFE.c 84 beta 0.0338646469979043
miniFE.c 40 y 0.0484667687646561
miniFE.c 40 y -0.4092236540765151
miniFE.c 40 y -0.6902026302662383
miniFE.c 40 y 0.4184632921388066
miniFE.c 40 y 1.2102609984317056
miniFE.c 40 y 1.3234192492216843
miniFE.c 40 y -1.5347169194937280
miniFE.c 40 y -0.6385999139013824
miniFE.c 87 normr 2.5625658751480827
miniFE.c 25 Ap 3.2518637949016567
miniFE.c 25 Ap -2.9223185471604687
miniFE.c 25 Ap -9.3544638717717898
miniFE.c 25 Ap -3.6146163097827708
miniFE.c 25 Ap 13.4057803181716615
miniFE.c 25 Ap 34.6551291513747088
miniFE.c 25 Ap 26.9865293144605829
miniFE.c 25 Ap 22.8943408343859502
miniFE.c 25 Ap 0.7312447970751864
miniFE.c 25 Ap -26.4561793271080781
miniFE.c 25 Ap -36.3895548758208704
miniFE.c 25 Ap -33.8939167987507801
miniFE.c 25 Ap -20.6613950436878966
miniFE.c 25 Ap -7.8874004206799082
miniFE.c 25 Ap -25.3791983860869195
miniFE.c 25 Ap -29.8199596045655682
miniFE.c 25 Ap 0.4516721415395766
miniFE.c 25 Ap -5.4378624112200065
miniFE.c 25 Ap -52.1466973300941419
miniFE.c 25 Ap -48.1243549349798059
miniFE.c 25 Ap -27.7941728363442984
miniFE.c 25 Ap -6.3869533209015934
miniFE.c 25 Ap -24.7297978596754611
miniFE.c 25 Ap -32.6172539582567964
miniFE.c 25 Ap 0.6647939490927172
miniFE.c 25 Ap -1.7757406266672686
miniFE.c 25 Ap -8.4100890942466489
miniFE.c 25 Ap 18.9581257838608579
miniFE.c 25 Ap 23.3974986753401772
miniFE.c 25 Ap 38.0687788960943578
miniFE.c 25 Ap 36.0732893117102691
miniFE.c 25 Ap 33.0584412373842511
miniFE.c 25 Ap 0.6816080405125515
miniFE.c 25 Ap -3.7926837959349751
miniFE.c 25 Ap -15.3868318156206936
miniFE.c 25 Ap -13.8518615921668307
miniFE.c 25 Ap 66.7046353923055335
miniFE.c 25 Ap 72.6457383498462690
miniFE.c 25 Ap 51.0788832839535374
miniFE.c 25 Ap 48.6526263642712848
miniFE.c 25 Ap 0.7782018259928235
miniFE.c 25 Ap -3.1717337366456841
miniFE.c 25 Ap -14.3362375210169724
miniFE.c 25 Ap -9.6971994953282987
miniFE.c 25 Ap -4.2640873493416960
miniFE.c 25 Ap 83.6946835348763898
miniFE.c 25 Ap 72.0120515463463704
miniFE.c 25 Ap 69.8241220303318642
miniFE.c 25 Ap 0.2421764237583326
miniFE.c 25 Ap -4.4219133434498819
miniFE.c 25 Ap -12.6711737682341461
miniFE.c 25 Ap -12.1270739865066286
miniFE.c 25 Ap 4.8803123357146649
miniFE.c 25 Ap 14.9544959581447561
miniFE.c 25 Ap -85.8122544853583236
miniFE.c 25 Ap -87.5202263552826594
miniFE.c 25 Ap 0.3105781076503482
miniFE.c 25 Ap -2.5351230788796384
miniFE.c 25 Ap -11.0599330997450913
miniFE.c 25 Ap -9.0843561805856066
miniFE.c 25 Ap -4.4861655793260864
miniFE.c 25 Ap 0.0480474301060489
miniFE.c 25 Ap -4.0566404499443376
miniFE.c 25 Ap -45.4840090125393175
miniFE.c 57 sum 1.1096147232394067
miniFE.c 57 sum 13.3126475570338005
miniFE.c 57 sum 35.8251620310845169
miniFE.c 57 sum 49.6589061842576172
miniFE.c 57 sum 108.5412823442053138
miniFE.c 57 sum 200.9478694991503858
miniFE.c 57 sum 335.2666416845235631
miniFE.c 57 sum 364.3127259238208921
miniFE.c 90 p_ap_dot 364.3127259238208921
miniFE.c 91 alpha 0.0180250191585308
miniFE.c 40 y 1.0019837717785920
miniFE.c 40 y 2.0000375598791473
miniFE.c 40 y 0.9978525862498407
miniFE.c 40 y 2.0024803741395556
miniFE.c 40 y 0.9984145189901849
miniFE.c 40 y 1.9997034842336014
miniFE.c 40 y 1.0025167634885404
miniFE.c 40 y 1.9973212560274636
miniFE.c 40 y -0.1160199373082104
miniFE.c 40 y -0.0061603691086767
miniFE.c 40 y 0.1368566871875504
miniFE.c 40 y -0.1505348699287338
miniFE.c 40 y 0.0803940581606253
miniFE.c 40 y -0.0081895336877029
miniFE.c 40 y -0.1214741377805664
miniFE.c 40 y 0.1759062493205422
miniFE.c 82 oldrtrans 6.5667438644734579
miniFE.c 48 sum 0.0134606258530011
miniFE.c 48 sum 0.0134985760005562
miniFE.c 48 sum 0.0322283288285072
miniFE.c 48 sum 0.0548890758929680
miniFE.c 48 sum 0.0613522804805020
miniFE.c 48 sum 0.0614193489425241
miniFE.c 48 sum 0.0761753150920561
miniFE.c 48 sum 0.1071183236420768
miniFE.c 83 rtrans 0.1071183236420768
miniFE.c 84 beta 0.0163122433054827
miniFE.c 40 y -0.1152293355838908
miniFE.c 40 y -0.0128357249203315
miniFE.c 40 y 0.1255979339525634
miniFE.c 40 y -0.1437087948929523
miniFE.c 40 y 0.1001361300301797
miniFE.c 40 y 0.0133984031007605
miniFE.c 40 y -0.1465088135763890
miniFE.c 40 y 0.1654892521501226
miniFE.c 87 normr 0.3272893576669991
miniFE.c 25 Ap -7.7312788544938336
miniFE.c 25 Ap -7.9249384960155806
miniFE.c 25 Ap -6.7544645971517108
miniFE.c 25 Ap -8.7256448452129423
miniFE.c 25 Ap -7.3173893927852127
miniFE.c 25 Ap -7.1022592732381629
miniFE.c 25 Ap -7.8343274804936112
miniFE.c 25 Ap -6.7738619268927405
miniFE.c 25 Ap -1.7385283620887315
miniFE.c 25 Ap -2.5912901559735770
miniFE.c 25 Ap -0.7836884584663033
miniFE.c 25 Ap -1.6407412687896104
miniFE.c 25 Ap -0.5458918761303373
miniFE.c 25 Ap -0.4165669254265726
miniFE.c 25 Ap -2.0863879423702443
miniFE.c 25 Ap -0.9355919008650027
miniFE.c 25 Ap -1.0738467221547576
miniFE.c 25 Ap -1.2585780901364207
miniFE.c 25 Ap 7.2411477959834105
miniFE.c 25 Ap 5.8597937104332471
miniFE.c 25 Ap 7.5418984471836108
miniFE.c 25 Ap 7.7586268622365511
miniFE.c 25 Ap 6.0075623129003644
miniFE.c 25 Ap 8.0515481993793934
miniFE.c 25 Ap -1.5805420292430821
miniFE.c 25 Ap -1.6570919308945538
miniFE.c 25 Ap -0.4498226101040728
miniFE.c 25 Ap -9.8486235381424176
miniFE.c 25 Ap -9.4813129979451549
miniFE.c 25 Ap -9.3327797749944654
miniFE.c 25 Ap -9.5232753691973340
miniFE.c 25 Ap -8.7419959760975452
miniFE.c 25 Ap -1.6205173903438455
miniFE.c 25 Ap -1.7608582006900311
miniFE.c 25 Ap 0.3489585014732399
miniFE.c 25 Ap -0.1781814535791370
miniFE.c 25 Ap 6.4870055327534617
miniFE.c 25 Ap 6.5471537377422173
miniFE.c 25 Ap 4.4883151935498393
miniFE.c 25 Ap 5.1170647978353818
miniFE.c 25 Ap -1.8501683038691841
miniFE.c 25 Ap -1.9740621351030523
miniFE.c 25 Ap 0.0575711091540878
miniFE.c 25 Ap -1.5355687830617426
miniFE.c 25 Ap -1.0860369671773498
miniFE.c 25 Ap -0.1955352843226705
miniFE.c 25 Ap -1.3107953888725881
miniFE.c 25 Ap -0.7438068699572279
miniFE.c 25 Ap -0.5757724130374774
miniFE.c 25 Ap -0.7220664326017127
miniFE.c 25 Ap 0.7790725381232878
miniFE.c 25 Ap 0.5922176206132398
miniFE.c 25 Ap 1.9993966096431448
miniFE.c 25 Ap 2.1013884562660343
miniFE.c 25 Ap -7.5181165272952271
miniFE.c 25 Ap -7.0755060895323520
miniFE.c 25 Ap -0.7383968418697140
miniFE.c 25 Ap -0.8276552150646570
miniFE.c 25 Ap 0.7236262188322253
miniFE.c 25 Ap 0.0451729742963407
miniFE.c 25 Ap 0.4256239782929436
miniFE.c 25 Ap 0.4715287161005675
miniFE.c 25 Ap 0.0796825431881413
miniFE.c 25 Ap 10.8153310967362799
miniFE.c 57 sum 0.7805476091728647
miniFE.c 57 sum 0.7925566094500579
miniFE.c 57 sum 1.8038144284115916
miniFE.c 57 sum 3.0601161350956074
miniFE.c 57 sum 3.5725192010645062
miniFE.c 57 sum 3.5625533767917044
miniFE.c 57 sum 4.5991773794216044
miniFE.c 57 sum 6.3889984343764556
miniFE.c 90 p_ap_dot 6.3889984343764556
miniFE.c 91 alpha 0.0167660588341545
miniFE.c 40 y 1.0000518299587720
miniFE.c 40 y 1.9998223553599541
miniFE.c 40 y 0.9999583685999377
miniFE.c 40 y 2.0000709440293951
miniFE.c 40 y 1.0000934072376955
miniFE.c 40 y 1.9999281226482726
miniFE.c 40 y 1.0000603881003964
miniFE.c 40 y 2.0000958585654329
miniFE.c 40 y -0.0024489697074874
miniFE.c 40 y 0.0095258197459844
miniFE.c 40 y 0.0018639563707245
miniFE.c 40 y -0.0039660510655402
miniFE.c 40 y -0.0053989512980638
miniFE.c 40 y 0.0042811760552483
miniFE.c 40 y -0.0028457864020483
miniFE.c 40 y -0.0054242281581993
miniFE.c 82 oldrtrans 0.1071183236420768
miniFE.c 48 sum 0.0000059974526282
miniFE.c 48 sum 0.0000967386944612
miniFE.c 48 sum 0.0001002130278131
miniFE.c 48 sum 0.0001159425888676
miniFE.c 48 sum 0.0001450912639865
miniFE.c 48 sum 0.0001634197324025
miniFE.c 48 sum 0.0001715182326486
miniFE.c 48 sum 0.0002009404837608
miniFE.c 83 rtrans 0.0002009404837608
miniFE.c 84 beta 0.0018758740515041
miniFE.c 40 y -0.0026651254280812
miniFE.c 40 y 0.0095017415426741
miniFE.c 40 y 0.0020995622759487
miniFE.c 40 y -0.0042356306648528
miniFE.c 40 y -0.0052111085301221
miniFE.c 40 y 0.0043063097719566
miniFE.c 40 y -0.0031206184837529
miniFE.c 40 y -0.0051137911642880
miniFE.c 87 normr 0.0141753477474380
miniFE.c 25 Ap -0.1788158177107367
miniFE.c 25 Ap -0.0354578170985635
miniFE.c 25 Ap -0.0158915490422333
miniFE.c 25 Ap -0.0739895347003797
miniFE.c 25 Ap -0.1472754905139847
miniFE.c 25 Ap -0.0781316582915407
miniFE.c 25 Ap -0.0937246149414701
miniFE.c 25 Ap -0.1264941108910712
miniFE.c 25 Ap -0.0402102131524471
miniFE.c 25 Ap 0.5910530940041618
miniFE.c 25 Ap 0.6212699312927465
miniFE.c 25 Ap 0.5960094093636069
miniFE.c 25 Ap 0.5390331810275782
miniFE.c 25 Ap 0.5805988284249026
miniFE.c 25 Ap 0.5450318601119924
miniFE.c 25 Ap 0.5094710575070674
miniFE.c 25 Ap -0.0248368715360053
miniFE.c 25 Ap 0.1119119076939146
miniFE.c 25 Ap 0.2539978741170685
miniFE.c 25 Ap 0.2132842509311373
miniFE.c 25 Ap 0.1257471118426102
miniFE.c 25 Ap 0.1954046437577509
miniFE.c 25 Ap 0.1581071988770451
miniFE.c 25 Ap 0.0949458948624255
miniFE.c 25 Ap -0.0365561662830221
miniFE.c 25 Ap 0.0201104719570426
miniFE.c 25 Ap 0.0402918319768594
miniFE.c 25 Ap -0.2367256564329491
miniFE.c 25 Ap -0.2558405861655925
miniFE.c 25 Ap -0.2081013097277565
miniFE.c 25 Ap -0.2121588408607420
miniFE.c 25 Ap -0.2363011921334985
miniFE.c 25 Ap -0.0374807515965320
miniFE.c 25 Ap 0.0664075847518653
miniFE.c 25 Ap 0.1016764097844605
miniFE.c 25 Ap 0.0861396421151460
miniFE.c 25 Ap -0.2607183076465313
miniFE.c 25 Ap -0.2413863916740953
miniFE.c 25 Ap -0.2852393822159904
miniFE.c 25 Ap -0.3046684033105342
miniFE.c 25 Ap -0.0427923199234436
miniFE.c 25 Ap 0.0489210169096975
miniFE.c 25 Ap 0.0828828854211373
miniFE.c 25 Ap 0.0359271497899526
miniFE.c 25 Ap 0.0125334048987686
miniFE.c 25 Ap 0.2987448339759584
miniFE.c 25 Ap 0.2749899402498137
miniFE.c 25 Ap 0.2574694013591556
miniFE.c 25 Ap -0.0133169708130158
miniFE.c 25 Ap 0.0949782732628738
miniFE.c 25 Ap 0.1200721156112756
miniFE.c 25 Ap 0.1145648088450220
miniFE.c 25 Ap 0.0413348724481159
miniFE.c 25 Ap 0.0741155316407864
miniFE.c 25 Ap -0.1307786608891587
miniFE.c 25 Ap -0.1444557868441435
miniFE.c 25 Ap -0.0170782916460466
miniFE.c 25 Ap 0.0489958878710382
miniFE.c 25 Ap 0.0749279384668669
miniFE.c 25 Ap 0.0549314075004383
miniFE.c 25 Ap 0.0351326448398212
miniFE.c 25 Ap 0.0498866434703637
miniFE.c 25 Ap 0.0415403714603130
miniFE.c 25 Ap -0.2902024094317908
miniFE.c 57 sum 0.0003371226714383
miniFE.c 57 sum 0.0051779849833433
miniFE.c 57 sum 0.0053773298024527
miniFE.c 57 sum 0.0063782143779946
miniFE.c 57 sum 0.0079658744933448
miniFE.c 57 sum 0.0090746174923976
miniFE.c 57 sum 0.0095254088909085
miniFE.c 57 sum 0.0110094434081159
miniFE.c 90 p_ap_dot 0.0110094434081159
miniFE.c 91 alpha 0.0182516478183327
miniFE.c 40 y 1.0000031870280670
miniFE.c 40 y 1.9999957778002517
miniFE.c 40 y 0.9999966890711710
miniFE.c 40 y 1.9999936367902116
miniFE.c 40 y 0.9999982959200606
miniFE.c 40 y 2.0000067198976268
miniFE.c 40 y 1.0000034316708557
miniFE.c 40 y 2.0000025234500858
miniFE.c 40 y -0.0001402437444104
miniFE.c 40 y 0.0002271334307319
miniFE.c 40 y 0.0001310373358991
miniFE.c 40 y 0.0003468350723326
miniFE.c 40 y 0.0001617491005338
miniFE.c 40 y -0.0004180647823560
miniFE.c 40 y -0.0002092302552489
miniFE.c 40 y -0.0001275559852186
