filename line variable value
miniFE.c 167 A 67.0947100000000063
miniFE.c 167 A 15.0875500000000002
miniFE.c 167 A 9.3192129999999995
miniFE.c 167 A 13.7164900000000003
miniFE.c 167 A 14.0634099999999993
miniFE.c 167 A 16.0564000000000000
miniFE.c 167 A 4.9967519999999999
miniFE.c 167 A 6.4080630000000003
miniFE.c 167 A 15.0875500000000002
miniFE.c 167 A 66.4365899999999954
miniFE.c 167 A 14.3919700000000006
miniFE.c 167 A 5.9638159999999996
miniFE.c 167 A 10.9336099999999998
miniFE.c 167 A 9.6522659999999991
miniFE.c 167 A 11.3974100000000007
miniFE.c 167 A 6.9539020000000002
miniFE.c 167 A 9.3192129999999995
miniFE.c 167 A 14.3919700000000006
miniFE.c 167 A 67.6740900000000067
miniFE.c 167 A 9.6121750000000006
miniFE.c 167 A 16.7981799999999986
miniFE.c 167 A 16.1756899999999995
miniFE.c 167 A 11.9519400000000005
miniFE.c 167 A 12.3511699999999998
miniFE.c 167 A 13.7164900000000003
miniFE.c 167 A 5.9638159999999996
miniFE.c 167 A 9.6121750000000006
miniFE.c 167 A 65.4017099999999942
miniFE.c 167 A 3.6681119999999998
miniFE.c 167 A 11.0858899999999991
miniFE.c 167 A 1.3002330000000000
miniFE.c 167 A 4.7210279999999996
miniFE.c 167 A 14.0634099999999993
miniFE.c 167 A 10.9336099999999998
miniFE.c 167 A 16.7981799999999986
miniFE.c 167 A 3.6681119999999998
miniFE.c 167 A 66.5612600000000043
miniFE.c 167 A 4.4892070000000004
miniFE.c 167 A 14.0526599999999995
miniFE.c 167 A 3.7993380000000001
miniFE.c 167 A 16.0564000000000000
miniFE.c 167 A 9.6522659999999991
miniFE.c 167 A 16.1756899999999995
miniFE.c 167 A 11.0858899999999991
miniFE.c 167 A 4.4892070000000004
miniFE.c 167 A 66.4632699999999943
miniFE.c 167 A 7.6122389999999998
miniFE.c 167 A 3.4261349999999999
miniFE.c 167 A 4.9967519999999999
miniFE.c 167 A 11.3974100000000007
miniFE.c 167 A 11.9519400000000005
miniFE.c 167 A 1.3002330000000000
miniFE.c 167 A 14.0526599999999995
miniFE.c 167 A 7.6122389999999998
miniFE.c 167 A 65.6581999999999937
miniFE.c 167 A 2.6745570000000001
miniFE.c 167 A 6.4080630000000003
miniFE.c 167 A 6.9539020000000002
miniFE.c 167 A 12.3511699999999998
miniFE.c 167 A 4.7210279999999996
miniFE.c 167 A 3.7993380000000001
miniFE.c 167 A 3.4261349999999999
miniFE.c 167 A 2.6745570000000001
miniFE.c 167 A 64.8721800000000002
miniFE.c 175 b 198.0110999999999990
miniFE.c 175 b 229.8237000000000023
miniFE.c 175 b 210.8053999999999917
miniFE.c 175 b 202.6418999999999926
miniFE.c 175 b 157.2561000000000035
miniFE.c 175 b 225.5886000000000138
miniFE.c 175 b 142.6283999999999992
miniFE.c 175 b 185.1795999999999935
miniFE.c 33 r 0.0000000000000000
miniFE.c 33 r 0.0000000000000000
miniFE.c 33 r 0.0000000000000000
miniFE.c 33 r 0.0000000000000000
miniFE.c 33 r 0.0000000000000000
miniFE.c 33 r 0.0000000000000000
miniFE.c 33 r 0.0000000000000000
miniFE.c 33 r 0.0000000000000000
miniFE.c 25 Ap 0.0000000000000000
miniFE.c 25 Ap 0.0000000000000000
miniFE.c 25 Ap 0.0000000000000000
miniFE.c 25 Ap 0.0000000000000000
miniFE.c 25 Ap 0.0000000000000000
miniFE.c 25 Ap 0.0000000000000000
miniFE.c 25 Ap 0.0000000000000000
miniFE.c 25 Ap 0.0000000000000000
miniFE.c 25 Ap 0.0000000000000000
miniFE.c 25 Ap 0.0000000000000000
miniFE.c 25 Ap 0.0000000000000000
miniFE.c 25 Ap 0.0000000000000000
miniFE.c 25 Ap 0.0000000000000000
miniFE.c 25 Ap 0.0000000000000000
miniFE.c 25 Ap 0.0000000000000000
miniFE.c 25 Ap 0.0000000000000000
miniFE.c 25 Ap 0.0000000000000000
miniFE.c 25 Ap 0.0000000000000000
miniFE.c 25 Ap 0.0000000000000000
miniFE.c 25 Ap 0.0000000000000000
miniFE.c 25 Ap 0.0000000000000000
miniFE.c 25 Ap 0.0000000000000000
miniFE.c 25 Ap 0.0000000000000000
miniFE.c 25 Ap 0.0000000000000000
miniFE.c 25 Ap 0.0000000000000000
miniFE.c 25 Ap 0.0000000000000000
miniFE.c 25 Ap 0.0000000000000000
miniFE.c 25 Ap 0.0000000000000000
miniFE.c 25 Ap 0.0000000000000000
miniFE.c 25 Ap 0.0000000000000000
miniFE.c 25 Ap 0.0000000000000000
miniFE.c 25 Ap 0.0000000000000000
miniFE.c 25 Ap 0.0000000000000000
miniFE.c 25 Ap 0.0000000000000000
miniFE.c 25 Ap 0.0000000000000000
miniFE.c 25 Ap 0.0000000000000000
miniFE.c 25 Ap 0.0000000000000000
miniFE.c 25 Ap 0.0000000000000000
miniFE.c 25 Ap 0.0000000000000000
miniFE.c 25 Ap 0.0000000000000000
miniFE.c 25 Ap 0.0000000000000000
miniFE.c 25 Ap 0.0000000000000000
miniFE.c 25 Ap 0.0000000000000000
miniFE.c 25 Ap 0.0000000000000000
miniFE.c 25 Ap 0.0000000000000000
miniFE.c 25 Ap 0.0000000000000000
miniFE.c 25 Ap 0.0000000000000000
miniFE.c 25 Ap 0.0000000000000000
miniFE.c 25 Ap 0.0000000000000000
miniFE.c 25 Ap 0.0000000000000000
miniFE.c 25 Ap 0.0000000000000000
miniFE.c 25 Ap 0.0000000000000000
miniFE.c 25 Ap 0.0000000000000000
miniFE.c 25 Ap 0.0000000000000000
miniFE.c 25 Ap 0.0000000000000000
miniFE.c 25 Ap 0.0000000000000000
miniFE.c 25 Ap 0.0000000000000000
miniFE.c 25 Ap 0.0000000000000000
miniFE.c 25 Ap 0.0000000000000000
miniFE.c 25 Ap 0.0000000000000000
miniFE.c 25 Ap 0.0000000000000000
miniFE.c 25 Ap 0.0000000000000000
miniFE.c 25 Ap 0.0000000000000000
miniFE.c 25 Ap 0.0000000000000000
miniFE.c 33 r 198.0110999999999990
miniFE.c 33 r 229.8237000000000023
miniFE.c 33 r 210.8053999999999917
miniFE.c 33 r 202.6418999999999926
miniFE.c 33 r 157.2561000000000035
miniFE.c 33 r 225.5886000000000138
miniFE.c 33 r 142.6283999999999992
miniFE.c 33 r 185.1795999999999935
miniFE.c 48 sum 39208.3957232100001420
miniFE.c 48 sum 92027.3288048999966122
miniFE.c 48 sum 136466.2454740600078367
miniFE.c 48 sum 177529.9851096700003836
miniFE.c 48 sum 202259.4660968800017145
miniFE.c 48 sum 253149.6825468399911188
miniFE.c 48 sum 273492.5430333999684080
miniFE.c 48 sum 307784.0272895599482581
miniFE.c 75 rtrans 307784.0272895599482581
miniFE.c 76 normr 554.7828649927464539
miniFE.c 33 r 198.0110999999999990
miniFE.c 33 r 229.8237000000000023
miniFE.c 33 r 210.8053999999999917
miniFE.c 33 r 202.6418999999999926
miniFE.c 33 r 157.2561000000000035
miniFE.c 33 r 225.5886000000000138
miniFE.c 33 r 142.6283999999999992
miniFE.c 33 r 185.1795999999999935
miniFE.c 87 normr 554.7828649927464539
miniFE.c 25 Ap 13285.4973312810016068
miniFE.c 25 Ap 16752.9738962160008668
miniFE.c 25 Ap 18717.5143203662009910
miniFE.c 25 Ap 21497.0499152972006414
miniFE.c 25 Ap 23708.6069245981998392
miniFE.c 25 Ap 27330.7477216381994367
miniFE.c 25 Ap 28043.4264645949988335
miniFE.c 25 Ap 29230.0690077097970061
miniFE.c 25 Ap 2987.5023718050001662
miniFE.c 25 Ap 18256.2053009880000900
miniFE.c 25 Ap 21290.1102936259994749
miniFE.c 25 Ap 22498.6292991164009436
miniFE.c 25 Ap 24218.0061666374022025
miniFE.c 25 Ap 26395.4473404050004319
miniFE.c 25 Ap 28021.0416928490012651
miniFE.c 25 Ap 29308.7624836482027604
miniFE.c 25 Ap 1845.3076172643000064
miniFE.c 25 Ap 5152.9234129532997031
miniFE.c 25 Ap 19418.9870250392996240
miniFE.c 25 Ap 21366.8164301717988565
miniFE.c 25 Ap 24008.4327040697971825
miniFE.c 25 Ap 27657.4839652037990163
miniFE.c 25 Ap 29362.1700442997971550
miniFE.c 25 Ap 31649.3547644317950471
miniFE.c 25 Ap 2716.0172730389999742
miniFE.c 25 Ap 4086.6435322781999275
miniFE.c 25 Ap 6112.9419280231995799
miniFE.c 25 Ap 19366.0687056721981207
miniFE.c 25 Ap 19942.9016931553996983
miniFE.c 25 Ap 22443.7520980093977414
miniFE.c 25 Ap 22629.2022504265987664
miniFE.c 25 Ap 23503.4403270553993934
miniFE.c 25 Ap 2784.7112838509997346
miniFE.c 25 Ap 5297.5139884079999320
miniFE.c 25 Ap 8838.6610425799990480
miniFE.c 25 Ap 9581.9742276727993158
miniFE.c 25 Ap 20049.1383863587980159
miniFE.c 25 Ap 21061.8523085989982064
miniFE.c 25 Ap 23066.1607201429978886
miniFE.c 25 Ap 23769.7206112477979332
miniFE.c 25 Ap 3179.3454260399998930
miniFE.c 25 Ap 5397.6649115441996400
miniFE.c 25 Ap 8807.5877122702004272
miniFE.c 25 Ap 11054.0535250612010714
miniFE.c 25 Ap 11760.0087099739012046
miniFE.c 25 Ap 26753.3647406958989450
miniFE.c 25 Ap 27839.0862096834971453
miniFE.c 25 Ap 28473.5365185294976982
miniFE.c 25 Ap 989.4123599472000024
miniFE.c 25 Ap 3608.8072965641999872
miniFE.c 25 Ap 6128.3407890401995246
miniFE.c 25 Ap 6391.8224746028990921
miniFE.c 25 Ap 8601.6889808288997301
miniFE.c 25 Ap 10318.9233197042995016
miniFE.c 25 Ap 19683.6473325842962367
miniFE.c 25 Ap 20178.9207280214977800
miniFE.c 25 Ap 1268.8676034993000030
miniFE.c 25 Ap 2867.0390905766998912
miniFE.c 25 Ap 5470.7324228946999938
miniFE.c 25 Ap 6427.4105067679001877
miniFE.c 25 Ap 7024.8795832297000743
miniFE.c 25 Ap 7797.7765812907000509
miniFE.c 25 Ap 8179.2443669095000587
miniFE.c 25 Ap 20192.2487104374995397
miniFE.c 57 sum 5787878.1172925252467394
miniFE.c 57 sum 12523726.3537057451903820
miniFE.c 57 sum 19195581.2445636950433254
miniFE.c 57 sum 23958363.0489748232066631
miniFE.c 57 sum 27696296.6103892698884010
miniFE.c 57 sum 34119601.8506532162427902
miniFE.c 57 sum 36997689.0278177559375763
miniFE.c 57 sum 40736881.5671170875430107
miniFE.c 90 p_ap_dot 40736881.5671170875430107
miniFE.c 91 alpha 0.0075554145395853
miniFE.c 40 y 1.4960559439392744
miniFE.c 40 y 1.7364133245212852
miniFE.c 40 y 1.5927221841830903
miniFE.c 40 y 1.5310435575891859
miniFE.c 40 y 1.1881350243784765
miniFE.c 40 y 1.7044153884046875
miniFE.c 40 y 1.0776166871177848
miniFE.c 40 y 1.3991086422745860
miniFE.c 40 y -22.8341883739316245
miniFE.c 40 y 8.3838497937928480
miniFE.c 40 y -28.3185951556805833
miniFE.c 40 y 25.0636652226906733
miniFE.c 40 y -22.3339927081014764
miniFE.c 40 y 10.4592281944898673
miniFE.c 40 y -9.8317110616323760
miniFE.c 40 y 32.6187905062384118
miniFE.c 82 oldrtrans 307784.0272895599482581
miniFE.c 48 sum 521.4001586961941257
miniFE.c 48 sum 591.6890960610744514
miniFE.c 48 sum 1393.6319276524102406
miniFE.c 48 sum 2021.8192420475243125
miniFE.c 48 sum 2520.6264723330541528
miniFE.c 48 sum 2630.0219267574657351
miniFE.c 48 sum 2726.6844691568903727
miniFE.c 48 sum 3790.6699632467598349
miniFE.c 83 rtrans 3790.6699632467598349
miniFE.c 84 beta 0.0123160061184089
miniFE.c 40 y -20.3954824548187439
miniFE.c 40 y 11.2143598891482252
miniFE.c 40 y -25.7223145594869429
miniFE.c 40 y 27.5594041029366821
miniFE.c 40 y -20.3972256183443506
miniFE.c 40 y 13.2375787723331708
miniFE.c 40 y -8.0750988145735008
miniFE.c 40 y 34.8994635928429275
miniFE.c 87 normr 61.5684169298412272
miniFE.c 25 Ap -1368.4289806161518754
miniFE.c 25 Ap -1199.2317650706336281
miniFE.c 25 Ap -1438.9434933034935966
miniFE.c 25 Ap -1060.9252025196035447
miniFE.c 25 Ap -1347.7797492528836756
miniFE.c 25 Ap -1135.2318894527934390
miniFE.c 25 Ap -1175.5811556047112845
miniFE.c 25 Ap -951.9431942355674892
miniFE.c 25 Ap -307.7178613112005223
miniFE.c 25 Ap 437.3259687565855529
miniFE.c 25 Ap 67.1311892858862507
miniFE.c 25 Ap 231.4904044254456608
miniFE.c 25 Ap 8.4750944324596844
miniFE.c 25 Ap 136.2477259389728772
miniFE.c 25 Ap 44.2125139587647027
miniFE.c 25 Ap 286.8999636359623082
miniFE.c 25 Ap -190.0698452342187466
miniFE.c 25 Ap -28.6731141403941479
miniFE.c 25 Ap -1769.4073446474239972
miniFE.c 25 Ap -1504.5015295142784453
miniFE.c 25 Ap -1847.1377969518380269
miniFE.c 25 Ap -1633.0108263799961605
miniFE.c 25 Ap -1729.5239229058497585
miniFE.c 25 Ap -1298.4747151618360022
miniFE.c 25 Ap -279.7544311366967804
miniFE.c 25 Ap -212.8740522000363740
miniFE.c 25 Ap -460.1214411508727835
miniFE.c 25 Ap 1342.3107137622018854
miniFE.c 25 Ap 1267.4914057048456471
miniFE.c 25 Ap 1414.2417478412662604
miniFE.c 25 Ap 1403.7422378842968556
miniFE.c 25 Ap 1568.5035826910889227
miniFE.c 25 Ap -286.8300319099224680
miniFE.c 25 Ap -164.2165944823325390
miniFE.c 25 Ap -596.3046644692149130
miniFE.c 25 Ap -495.2136835663836223
miniFE.c 25 Ap -1852.8787212276629361
miniFE.c 25 Ap -1793.4524899398534217
miniFE.c 25 Ap -1906.9291080474579303
miniFE.c 25 Ap -1774.3342498395531948
miniFE.c 25 Ap -327.4780244875516928
miniFE.c 25 Ap -219.2340398177625218
miniFE.c 25 Ap -635.3102262145098393
miniFE.c 25 Ap -329.7897038638051299
miniFE.c 25 Ap -421.3570718902559520
miniFE.c 25 Ap 458.4557002015919807
miniFE.c 25 Ap 396.9861180764418123
miniFE.c 25 Ap 516.5563917731067249
miniFE.c 25 Ap -101.9111677470804693
miniFE.c 25 Ap 25.9034897970964124
miniFE.c 25 Ap -281.5280704790179698
miniFE.c 25 Ap -245.6944238040443054
miniFE.c 25 Ap -532.3297003619271663
miniFE.c 25 Ap -431.5620869656004857
miniFE.c 25 Ap -961.7585399526303718
miniFE.c 25 Ap -868.4179353041471359
miniFE.c 25 Ap -130.6955364858731627
miniFE.c 25 Ap -52.7119768240055322
miniFE.c 25 Ap -370.4126567417038700
miniFE.c 25 Ap -240.3039383084249323
miniFE.c 25 Ap -317.7998926947741438
miniFE.c 25 Ap -272.4461607476264362
miniFE.c 25 Ap -294.0434728078357125
miniFE.c 25 Ap 1969.9608112905175403
miniFE.c 57 sum 19415.3407160156275495
miniFE.c 57 sum 22632.7401604128463077
miniFE.c 57 sum 56032.5152313458020217
miniFE.c 57 sum 99259.5393036334862700
miniFE.c 57 sum 135451.0353199666133150
miniFE.c 57 sum 142288.9912464153021574
miniFE.c 57 sum 149301.5518863441830035
miniFE.c 57 sum 218052.1274993049155455
miniFE.c 90 p_ap_dot 218052.1274993049155455
miniFE.c 91 alpha 0.0173842374606450
miniFE.c 40 y 1.1414960338202862
miniFE.c 40 y 1.9313664198033706
miniFE.c 40 y 1.1455593598435627
miniFE.c 40 y 2.0101427827885114
miniFE.c 40 y 0.8335448106908265
miniFE.c 40 y 1.9345406011869211
miniFE.c 40 y 0.9372372518070660
miniFE.c 40 y 2.0058092046217029
miniFE.c 40 y -6.2853818362955991
miniFE.c 40 y 3.3963126984948593
miniFE.c 40 y -5.7456023706638284
miniFE.c 40 y -2.2035735166836723
miniFE.c 40 y 8.5114552256647578
miniFE.c 40 y 1.4792892180922035
miniFE.c 40 y 5.2650725407779788
miniFE.c 40 y -1.6274760254008527
miniFE.c 82 oldrtrans 3790.6699632467598349
miniFE.c 48 sum 39.5060248280346400
miniFE.c 48 sum 51.0409647739920729
miniFE.c 48 sum 84.0529113757698809
miniFE.c 48 sum 88.9086476191995274
miniFE.c 48 sum 161.3535176776954359
miniFE.c 48 sum 163.5418142684592908
miniFE.c 48 sum 191.2628031281135748
miniFE.c 48 sum 193.9114813413681304
miniFE.c 83 rtrans 193.9114813413681304
miniFE.c 84 beta 0.0511549365208467
miniFE.c 40 y -7.3287114465838936
miniFE.c 40 y 3.9699825667461655
miniFE.c 40 y -7.0614257391236324
miniFE.c 40 y -0.7937739492455855
miniFE.c 40 y 7.4680364439569651
miniFE.c 40 y 2.1564567198806142
miniFE.c 40 y 4.8519913735189073
miniFE.c 40 y 0.1578038193026263
miniFE.c 87 normr 13.9252102799694963
miniFE.c 25 Ap -491.7177691822269026
miniFE.c 25 Ap -431.8204587073157654
miniFE.c 25 Ap -497.6273892538913515
miniFE.c 25 Ap -508.5151816909789204
miniFE.c 25 Ap -403.4891232846700859
miniFE.c 25 Ap -368.8641916075790164
miniFE.c 25 Ap -344.6199940079656585
miniFE.c 25 Ap -343.6087771922337879
miniFE.c 25 Ap -110.5723003859068285
miniFE.c 25 Ap 153.1798037081557595
miniFE.c 25 Ap 51.5519763134606137
miniFE.c 25 Ap 46.8180545345666062
miniFE.c 25 Ap 128.4706524785789270
miniFE.c 25 Ap 149.2853463563540970
miniFE.c 25 Ap 204.5854813568122381
miniFE.c 25 Ap 205.6828336514683997
miniFE.c 25 Ap -68.2978229862534221
miniFE.c 25 Ap -11.1619529851196120
miniFE.c 25 Ap -489.0375139828888678
miniFE.c 25 Ap -496.6674080934785707
miniFE.c 25 Ap -371.2179876613295733
miniFE.c 25 Ap -336.3358122621239090
miniFE.c 25 Ap -278.3451024853083595
miniFE.c 25 Ap -276.3960406864523520
miniFE.c 25 Ap -100.5241972699535182
miniFE.c 25 Ap -76.8479517186716663
miniFE.c 25 Ap -144.7236116726323871
miniFE.c 25 Ap -196.6377853067468777
miniFE.c 25 Ap -169.2441912102310084
miniFE.c 25 Ap -145.3379492238736930
miniFE.c 25 Ap -139.0292299243090781
miniFE.c 25 Ap -138.2842336748744287
miniFE.c 25 Ap -103.0666738450023843
miniFE.c 25 Ap -59.6604327534008405
miniFE.c 25 Ap -178.2795333758326422
miniFE.c 25 Ap -181.1911851243477543
miniFE.c 25 Ap 315.8907303113472835
miniFE.c 25 Ap 325.5715109134323484
miniFE.c 25 Ap 393.7548960084265559
miniFE.c 25 Ap 394.3544460556481681
miniFE.c 25 Ap -117.6727224709296280
miniFE.c 25 Ap -79.3533947213328901
miniFE.c 25 Ap -193.5768284354176387
miniFE.c 25 Ap -202.3765191216197934
miniFE.c 25 Ap -168.8509576411530588
miniFE.c 25 Ap -25.5257924244134529
miniFE.c 25 Ap 11.4087255367507368
miniFE.c 25 Ap 11.9493827251971396
miniFE.c 25 Ap -36.6197535781409655
miniFE.c 25 Ap 8.6277654279174527
miniFE.c 25 Ap -75.7699713205438599
miniFE.c 25 Ap -76.8020624038933022
miniFE.c 25 Ap 28.1437146106429736
miniFE.c 25 Ap 44.5591785555302593
miniFE.c 25 Ap 363.1321985563093335
miniFE.c 25 Ap 363.5542538658519334
miniFE.c 25 Ap -46.9628446585307273
miniFE.c 25 Ap -19.3559749476694343
miniFE.c 25 Ap -106.5728446939610734
miniFE.c 25 Ap -110.3202737340200628
miniFE.c 25 Ap -81.9466790871094872
miniFE.c 25 Ap -74.5583672431413191
miniFE.c 25 Ap -61.5814397511567080
miniFE.c 25 Ap -51.3443619806692624
miniFE.c 57 sum 2518.2095785554183749
miniFE.c 57 sum 3334.7668424306993984
miniFE.c 57 sum 5286.5169583258766579
miniFE.c 57 sum 5396.2833806083808668
miniFE.c 57 sum 8341.3367555884215108
miniFE.c 57 sum 8367.1050822645975131
miniFE.c 57 sum 10131.0671858278146829
miniFE.c 57 sum 10122.9648494076081988
miniFE.c 90 p_ap_dot 10122.9648494076081988
miniFE.c 91 alpha 0.0191556015679256
miniFE.c 40 y 1.0011101573432295
miniFE.c 40 y 2.0074138240835708
miniFE.c 40 y 1.0102935018834158
miniFE.c 40 y 1.9949375652817642
miniFE.c 40 y 0.9765995413060141
miniFE.c 40 y 1.9758488269114298
miniFE.c 40 y 1.0301800653692061
miniFE.c 40 y 2.0088320317101611
miniFE.c 40 y 0.2966509948409524
miniFE.c 40 y -0.5436657122945894
miniFE.c 40 y -0.4510699403219940
miniFE.c 40 y 0.4453441667181424
miniFE.c 40 y 0.9573585804827518
miniFE.c 40 y 1.2503916036256741
miniFE.c 40 y -1.6990278946007562
miniFE.c 40 y -0.6439438845398050
miniFE.c 82 oldrtrans 193.9114813413681304
miniFE.c 48 sum 0.0880018127401268
miniFE.c 48 sum 0.3835742194649100
miniFE.c 48 sum 0.5870383105269972
miniFE.c 48 sum 0.7853697373568738
miniFE.c 48 sum 1.7019051889808234
miniFE.c 48 sum 3.2653843513984082
miniFE.c 48 sum 6.1520801380298860
miniFE.c 48 sum 6.5667438644660994
miniFE.c 83 rtrans 6.5667438644660994
miniFE.c 84 beta 0.0338646469979041
miniFE.c 40 y 0.0484667687528897
miniFE.c 40 y -0.4092236540838973
miniFE.c 40 y -0.6902026302793298
miniFE.c 40 y 0.4184632921308084
miniFE.c 40 y 1.2102609984248374
miniFE.c 40 y 1.3234192492106893
miniFE.c 40 y -1.5347169194996626
miniFE.c 40 y 0.6385999139042006
miniFE.c 87 normr 2.5625658751466469
miniFE.c 25 Ap 3.2518637941121975
miniFE.c 25 Ap -2.9223185480613072
miniFE.c 25 Ap -9.3544638727946321
miniFE.c 25 Ap -3.6146163109153209
miniFE.c 25 Ap 13.4057803169425220
miniFE.c 25 Ap 34.6551291499690350
miniFE.c 25 Ap 26.9865293130252581
miniFE.c 25 Ap 31.0787177931179528
miniFE.c 25 Ap 0.7312447968976612
miniFE.c 25 Ap -26.4561793277760451
miniFE.c 25 Ap -36.3895548766772521
miniFE.c 25 Ap -33.8939167996548605
miniFE.c 25 Ap -20.6613950446670742
miniFE.c 25 Ap -7.8874004217652125
miniFE.c 25 Ap -25.3791983872398603
miniFE.c 25 Ap -20.9384371687416113
miniFE.c 25 Ap 0.4516721414299236
miniFE.c 25 Ap -5.4378624114359031
miniFE.c 25 Ap -52.1466973311959947
miniFE.c 25 Ap -48.1243549361585394
miniFE.c 25 Ap -27.7941728376384063
miniFE.c 25 Ap -6.3869533223735502
miniFE.c 25 Ap -24.7297978612183478
miniFE.c 25 Ap -16.8423417626022029
miniFE.c 25 Ap 0.6647939489313243
miniFE.c 25 Ap -1.7757406268726874
miniFE.c 25 Ap -8.4100890945779057
miniFE.c 25 Ap 18.9581257830065013
miniFE.c 25 Ap 23.3974986744606284
miniFE.c 25 Ap 38.0687788950929189
miniFE.c 25 Ap 36.0732893107011137
miniFE.c 25 Ap 39.0881373850404330
miniFE.c 25 Ap 0.6816080403470768
miniFE.c 25 Ap -3.7926837961811630
miniFE.c 25 Ap -15.3868318160867936
miniFE.c 25 Ap -13.8518615926622708
miniFE.c 25 Ap 66.7046353913529231
miniFE.c 25 Ap 72.6457383488442900
miniFE.c 25 Ap 51.0788832828681620
miniFE.c 25 Ap 53.5051402025611225
miniFE.c 25 Ap 0.7782018258038984
miniFE.c 25 Ap -3.1717337369058640
miniFE.c 25 Ap -14.3362375214889166
miniFE.c 25 Ap -9.6971994958889098
miniFE.c 25 Ap -4.2640873499331402
miniFE.c 25 Ap 83.6946835335541834
miniFE.c 25 Ap 72.0120515449789877
miniFE.c 25 Ap 74.1999810610031574
miniFE.c 25 Ap 0.2421764236995392
miniFE.c 25 Ap -4.4219133435928129
miniFE.c 25 Ap -12.6711737685335457
miniFE.c 25 Ap -12.1270739868164288
miniFE.c 25 Ap 4.8803123353083446
miniFE.c 25 Ap 14.9544959575006722
miniFE.c 25 Ap -85.8122544863920638
miniFE.c 25 Ap -84.1042826164601820
miniFE.c 25 Ap 0.3105781075749487
miniFE.c 25 Ap -2.5351230790063726
miniFE.c 25 Ap -11.0599331000335219
miniFE.c 25 Ap -9.0843561809117972
miniFE.c 25 Ap -4.4861655796783726
miniFE.c 25 Ap 0.0480474297160924
miniFE.c 25 Ap -4.0566404503501667
miniFE.c 25 Ap 37.3707281124276349
miniFE.c 57 sum 1.5062850284153668
miniFE.c 57 sum 10.0747887974139001
miniFE.c 57 sum 21.6994173820253451
miniFE.c 57 sum 38.0563680354306939
miniFE.c 57 sum 102.8115524378432184
miniFE.c 57 sum 201.0092356650433771
miniFE.c 57 sum 330.0855011989061722
miniFE.c 57 sum 353.9504449540397673
miniFE.c 90 p_ap_dot 353.9504449540397673
miniFE.c 91 alpha 0.0185527210322303
miniFE.c 40 y 1.0020093477832355
miniFE.c 40 y 1.9998216117895624
miniFE.c 40 y 0.9974883650281318
miniFE.c 40 y 2.0027011980028959
miniFE.c 40 y 0.9990531759859786
miniFE.c 40 y 2.0004018550507197
miniFE.c 40 y 1.0017068904982851
miniFE.c 40 y 2.0206797977640321
miniFE.c 40 y -0.2799437864141783
miniFE.c 40 y -0.1552007286520434
miniFE.c 40 y -0.1385986720709527
miniFE.c 40 y -0.2798471418560062
miniFE.c 40 y -0.0353073594857369
miniFE.c 40 y -0.1262199455958919
miniFE.c 40 y -0.1386646016017110
miniFE.c 40 y -1.3372725779810026
miniFE.c 82 oldrtrans 6.5667438644660994
miniFE.c 48 sum 0.0783685235519071
miniFE.c 48 sum 0.1024557897260323
miniFE.c 48 sum 0.1216653816258638
miniFE.c 48 sum 0.1999798044308395
miniFE.c 48 sum 0.2012264140646945
miniFE.c 48 sum 0.2171578887309244
miniFE.c 48 sum 0.2363857604682857
miniFE.c 48 sum 2.0246837082882423
miniFE.c 83 rtrans 2.0246837082882423
miniFE.c 84 beta 0.3083238436090360
miniFE.c 40 y -0.2650003259849770
miniFE.c 40 y -0.2813741385749252
miniFE.c 40 y -0.3514045999077421
miniFE.c 40 y -0.1508249312169445
miniFE.c 40 y 0.3378449633187184
miniFE.c 40 y 0.2818217640269325
miniFE.c 40 y -0.6118544210736665
miniFE.c 40 y -1.1403769979976601
miniFE.c 87 normr 1.4229138091564937
miniFE.c 25 Ap -17.7801200218674964
miniFE.c 25 Ap -22.0253664063236094
miniFE.c 25 Ap -25.3001807220436383
miniFE.c 25 Ap -27.3689693828315441
miniFE.c 25 Ap -22.6177171472454468
miniFE.c 25 Ap -18.0926741753234097
miniFE.c 25 Ap -21.1499589775320942
miniFE.c 25 Ap -28.4575666244519745
miniFE.c 25 Ap -3.9982056683146392
miniFE.c 25 Ap -22.6917439494201290
miniFE.c 25 Ap -27.7491484091543548
miniFE.c 25 Ap -28.6486405471448684
miniFE.c 25 Ap -24.9547754777536959
miniFE.c 25 Ap -22.2345568467765133
miniFE.c 25 Ap -29.2081125440657310
miniFE.c 25 Ap -37.1381824311956592
miniFE.c 25 Ap -2.4695944829234349
miniFE.c 25 Ap -6.5191226440696006
miniFE.c 25 Ap -30.3001091646401335
miniFE.c 25 Ap -31.7498647978603685
miniFE.c 25 Ap -26.0746842919391391
miniFE.c 25 Ap -21.5160228017863275
miniFE.c 25 Ap -28.8288701311935256
miniFE.c 25 Ap -42.9138602975522829
miniFE.c 25 Ap -3.6348743213696770
miniFE.c 25 Ap -5.3129379109890333
miniFE.c 25 Ap -8.6907004211072341
miniFE.c 25 Ap -18.5549088333277865
miniFE.c 25 Ap -17.3156556692388364
miniFE.c 25 Ap -14.1914105936303052
miniFE.c 25 Ap -14.9869639031061812
miniFE.c 25 Ap -20.3707156412090775
miniFE.c 25 Ap -3.7268082344603846
miniFE.c 25 Ap -6.8032433297245731
miniFE.c 25 Ap -12.7062010518028075
miniFE.c 25 Ap -13.2594437918988568
miniFE.c 25 Ap 9.2279426512488207
miniFE.c 25 Ap 10.4930988870708752
miniFE.c 25 Ap 1.8949167382258061
miniFE.c 25 Ap -2.4377609245926282
miniFE.c 25 Ap -4.2549512341451843
miniFE.c 25 Ap -6.9708492651912231
miniFE.c 25 Ap -12.6550611378728881
miniFE.c 25 Ap -14.3270897346015005
miniFE.c 25 Ap -12.8104337603563661
miniFE.c 25 Ap 5.9203622340419333
miniFE.c 25 Ap 1.2627801476225473
miniFE.c 25 Ap -2.6443053984121661
miniFE.c 25 Ap -1.3241409088660856
miniFE.c 25 Ap -4.5310773296013238
miniFE.c 25 Ap -8.7310440234226618
miniFE.c 25 Ap -8.9271515762136637
miniFE.c 25 Ap -4.1795311739832428
miniFE.c 25 Ap -2.0342365508086302
miniFE.c 25 Ap -42.2074965005476344
miniFE.c 25 Ap -45.2574997831812595
miniFE.c 25 Ap -1.6981387839322695
miniFE.c 25 Ap -3.6547869689167189
miniFE.c 25 Ap -7.9950449211592254
miniFE.c 25 Ap -8.7070936445324953
miniFE.c 25 Ap -7.4235064372870827
miniFE.c 25 Ap -6.4579470277926685
miniFE.c 25 Ap -8.0943865526561911
miniFE.c 25 Ap -82.0731284346200312
miniFE.c 57 sum 7.5412644322189744
miniFE.c 57 sum 17.9909885220350745
miniFE.c 57 sum 33.0711164303931753
miniFE.c 57 sum 36.1435282158184705
miniFE.c 57 sum 35.3199429656696680
miniFE.c 57 sum 34.5747201536632076
miniFE.c 57 sum 62.2657214827431602
miniFE.c 57 sum 155.8600293032915545
miniFE.c 90 p_ap_dot 155.8600293032915545
miniFE.c 91 alpha 0.0129903973285438
miniFE.c 40 y 0.9985668882564970
miniFE.c 40 y 1.9961664499314973
miniFE.c 40 y 0.9929234796522522
miniFE.c 40 y 2.0007419222193374
miniFE.c 40 y 1.0034419162949362
miniFE.c 40 y 2.0040628317412605
miniFE.c 40 y 0.9937586584613121
miniFE.c 40 y 2.0058658474557105
miniFE.c 40 y 0.0897313110409608
miniFE.c 40 y 0.3272390171891342
miniFE.c 40 y 0.4188694240958737
miniFE.c 40 y -0.0152234518099177
miniFE.c 40 y -0.0036398764832803
miniFE.c 40 y -0.0918693678125045
miniFE.c 40 y 0.4492483026783000
miniFE.c 40 y -0.2711100296186797
miniFE.c 82 oldrtrans 2.0246837082882423
miniFE.c 48 sum 0.0080517081811297
miniFE.c 48 sum 0.1151370825520401
miniFE.c 48 sum 0.2905886769944490
miniFE.c 48 sum 0.2908204304794579
miniFE.c 48 sum 0.2908336791802714
miniFE.c 48 sum 0.2992736599225406
miniFE.c 48 sum 0.5010976973818740
miniFE.c 48 sum 0.5745983455417154
miniFE.c 83 rtrans 0.5745983455417154
miniFE.c 84 beta 0.2837965965694002
miniFE.c 40 y 0.0145251204366428
miniFE.c 40 y 0.2473859942989236
miniFE.c 40 y 0.3191419946232248
miniFE.c 40 y -0.0580270539671005
miniFE.c 40 y 0.0922393742746858
miniFE.c 40 y -0.0118893103424764
miniFE.c 40 y 0.2756061003816527
miniFE.c 40 y -0.5947451404564452
miniFE.c 87 normr 0.7580226550319690
miniFE.c 25 Ap 0.9745587434116217
miniFE.c 25 Ap 4.7070073016963470
miniFE.c 25 Ap 7.6811595268350334
miniFE.c 25 Ap 6.8852320213658391
miniFE.c 25 Ap 8.1824321599341978
miniFE.c 25 Ap 7.9915326373512592
miniFE.c 25 Ap 9.3686679706454825
miniFE.c 25 Ap 5.5575036416567327
miniFE.c 25 Ap 0.2191484808438700
miniFE.c 25 Ap 16.6546303558237945
miniFE.c 25 Ap 21.2477123681814071
miniFE.c 25 Ap 20.9016496952995503
miniFE.c 25 Ap 21.9101590402629967
miniFE.c 25 Ap 21.7954002542808638
miniFE.c 25 Ap 24.9365959788317184
miniFE.c 25 Ap 20.8007965571213624
miniFE.c 25 Ap 0.1353626911997272
miniFE.c 25 Ap 3.6957344995700070
miniFE.c 25 Ap 25.2933785664816426
miniFE.c 25 Ap 24.7356123690154277
miniFE.c 25 Ap 26.2850659811689695
miniFE.c 25 Ap 26.0927481827552761
miniFE.c 25 Ap 29.3867757581507654
miniFE.c 25 Ap 22.0409774216993313
miniFE.c 25 Ap 0.1992336692180065
miniFE.c 25 Ap 1.6745982201938361
miniFE.c 25 Ap 4.7422469223613319
miniFE.c 25 Ap 0.9471783666506775
miniFE.c 25 Ap 1.2855227223001437
miniFE.c 25 Ap 1.1537191356675880
miniFE.c 25 Ap 1.5120712823851254
miniFE.c 25 Ap -1.2957371785736849
miniFE.c 25 Ap 0.2042727239998866
miniFE.c 25 Ap 2.9090947051265412
miniFE.c 25 Ap 8.2700993763665025
miniFE.c 25 Ap 8.0572496433851342
miniFE.c 25 Ap 14.1968186167198098
miniFE.c 25 Ap 14.1434450415051920
miniFE.c 25 Ap 18.0164438640944269
miniFE.c 25 Ap 15.7568060516429167
miniFE.c 25 Ap 0.2332211437789113
miniFE.c 25 Ap 2.6210565654266054
miniFE.c 25 Ap 7.7833985364335563
miniFE.c 25 Ap 7.1401169991302167
miniFE.c 25 Ap 7.5541986437997561
miniFE.c 25 Ap 6.7639962003939544
miniFE.c 25 Ap 8.8619757063570859
miniFE.c 25 Ap 6.8242985645593430
miniFE.c 25 Ap 0.0725784245920358
miniFE.c 25 Ap 2.8921380298745314
miniFE.c 25 Ap 6.7065040010916368
miniFE.c 25 Ap 6.6310553106308321
miniFE.c 25 Ap 7.9272638759257381
miniFE.c 25 Ap 7.8367596040536363
miniFE.c 25 Ap 25.9325600641322644
miniFE.c 25 Ap 24.3418802855084948
miniFE.c 25 Ap 0.0930778868405945
miniFE.c 25 Ap 1.8133758473678683
miniFE.c 25 Ap 5.7551528770984035
miniFE.c 25 Ap 5.4812055305622112
miniFE.c 25 Ap 5.8316540903402476
miniFE.c 25 Ap 5.7909197080500272
miniFE.c 25 Ap 6.5280439330684796
miniFE.c 25 Ap -32.0543698727473156
miniFE.c 57 sum 0.0807234097221450
miniFE.c 57 sum 5.2265491482152404
miniFE.c 57 sum 12.2607506460218261
miniFE.c 57 sum 12.3359384572100996
miniFE.c 57 sum 13.7893363879812245
miniFE.c 57 sum 13.7082001844774624
miniFE.c 57 sum 20.4169708859234902
miniFE.c 57 sum 39.4811515981334367
miniFE.c 90 p_ap_dot 39.4811515981334367
miniFE.c 91 alpha 0.0145537382341421
miniFE.c 40 y 0.9987782830571512
miniFE.c 40 y 1.9997668409353169
miniFE.c 40 y 0.9975681887015206
miniFE.c 40 y 1.9998974116654018
miniFE.c 40 y 1.0047843440030111
miniFE.c 40 y 2.0038897978307517
miniFE.c 40 y 0.9977697575019994
miniFE.c 40 y 1.9972100823654793
miniFE.c 40 y 0.0088488578049972
miniFE.c 40 y 0.0245096690351455
miniFE.c 40 y 0.0980908082758252
miniFE.c 40 y 0.0036343679072895
miniFE.c 40 y -0.2329603071650376
miniFE.c 40 y -0.1911884227527329
miniFE.c 40 y 0.0949829488761850
miniFE.c 40 y 0.1954008787696558
miniFE.c 82 oldrtrans 0.5745983455417154
miniFE.c 48 sum 0.0000783022844531
miniFE.c 48 sum 0.0006790261606654
miniFE.c 48 sum 0.0103008328288701
miniFE.c 48 sum 0.0103140414589557
miniFE.c 48 sum 0.0645845461733843
miniFE.c 48 sum 0.1011375591680620
miniFE.c 48 sum 0.1101593197452780
miniFE.c 48 sum 0.1483408231692318
miniFE.c 83 rtrans 0.1483408231692318
miniFE.c 84 beta 0.2581643757247162
miniFE.c 40 y 0.0125987264548494
miniFE.c 40 y 0.0883759198163653
miniFE.c 40 y 0.1804819020852708
miniFE.c 40 y -0.0113461502552714
miniFE.c 40 y -0.2091473866881749
miniFE.c 40 y -0.1942578191350957
miniFE.c 40 y 0.1661346257271378
miniFE.c 40 y 0.0418588708684090
miniFE.c 87 normr 0.3851503903272483
miniFE.c 25 Ap 0.8453078978574515
miniFE.c 25 Ap 2.1786840068828535
miniFE.c 25 Ap 3.8606332950606363
miniFE.c 25 Ap 3.7050039385457088
miniFE.c 25 Ap 0.7636784891213630
miniFE.c 25 Ap -2.3554027580393879
miniFE.c 25 Ap -1.5252692346680605
miniFE.c 25 Ap -1.2570349530344311
miniFE.c 25 Ap 0.1900839153238637
miniFE.c 25 Ap 6.0614786660365985
miniFE.c 25 Ap 8.6589687863907532
miniFE.c 25 Ap 8.5913024339599620
miniFE.c 25 Ap 6.3045664753922654
miniFE.c 25 Ap 4.4295383325204316
miniFE.c 25 Ap 6.3230427771291700
miniFE.c 25 Ap 6.6141252629787406
miniFE.c 25 Ap 0.1174102153614768
miniFE.c 25 Ap 1.3893138020810116
miniFE.c 25 Ap 13.6032622871708178
miniFE.c 25 Ap 13.4942011053408546
miniFE.c 25 Ap 9.9809056572232890
miniFE.c 25 Ap 6.8386513948179122
miniFE.c 25 Ap 8.8242824734311203
miniFE.c 25 Ap 9.3412885035348872
miniFE.c 25 Ap 0.1728103054306778
miniFE.c 25 Ap 0.6998680300462341
miniFE.c 25 Ap 2.4346916572227224
miniFE.c 25 Ap 1.6926340286110366
miniFE.c 25 Ap 0.9254579897315021
miniFE.c 25 Ap -1.2280628248400640
miniFE.c 25 Ap -1.0120491020269904
miniFE.c 25 Ap -0.8144322006088474
miniFE.c 25 Ap 0.1771810556123942
miniFE.c 25 Ap 1.1434488962758038
miniFE.c 25 Ap 4.1752163742465580
miniFE.c 25 Ap 4.1335974243413940
miniFE.c 25 Ap -9.7875161593307549
miniFE.c 25 Ap -10.6595797207967600
miniFE.c 25 Ap -8.3249463112260393
miniFE.c 25 Ap -8.1659103124985997
miniFE.c 25 Ap 0.2022901914496446
miniFE.c 25 Ap 1.0553180775118733
miniFE.c 25 Ap 3.9747373762535672
miniFE.c 25 Ap 3.8489552026001563
miniFE.c 25 Ap 2.9100492902478949
miniFE.c 25 Ap -10.0009605925391369
miniFE.c 25 Ap -8.7363041153286147
miniFE.c 25 Ap -8.5928899727858781
miniFE.c 25 Ap 0.0629527116107219
miniFE.c 25 Ap 1.0702093038849616
miniFE.c 25 Ap 3.2273181686939933
miniFE.c 25 Ap 3.2125655297091309
miniFE.c 25 Ap 0.2734884146916832
miniFE.c 25 Ap -1.2052485321834385
miniFE.c 25 Ap 9.7028519507341215
miniFE.c 25 Ap 9.8148058868273207
miniFE.c 25 Ap 0.0807334328424419
miniFE.c 25 Ap 0.6952909184053040
miniFE.c 25 Ap 2.9244535729838379
miniFE.c 25 Ap 2.8708880799364946
miniFE.c 25 Ap 2.0762664660914174
miniFE.c 25 Ap 1.4107129529289963
miniFE.c 25 Ap 1.8550494791098928
miniFE.c 25 Ap 4.5705256846820763
miniFE.c 57 sum -0.0158370395174653
miniFE.c 57 sum 0.5686923643789398
miniFE.c 57 sum 2.2546258814241891
miniFE.c 57 sum 2.2638665515450285
miniFE.c 57 sum 3.9717453533341285
miniFE.c 57 sum 5.6409814195153452
miniFE.c 57 sum 7.2715605221079116
miniFE.c 57 sum 7.4628775665437654
miniFE.c 90 p_ap_dot 7.4628775665437654
miniFE.c 91 alpha 0.0198771615702563
miniFE.c 40 y 0.9990287099784737
miniFE.c 40 y 2.0015235033724266
miniFE.c 40 y 1.0011556566297768
miniFE.c 40 y 1.9996718824035773
miniFE.c 40 y 1.0006270876058134
miniFE.c 40 y 2.0000285037735179
miniFE.c 40 y 1.0010720422999917
miniFE.c 40 y 1.9980421179048791
miniFE.c 40 y 0.0338351446659222
miniFE.c 40 y -0.1069603674629971
miniFE.c 40 y -0.0875874925833156
miniFE.c 40 y 0.0198229683468110
miniFE.c 40 y -0.0706451885152806
miniFE.c 40 y -0.0203861604082325
miniFE.c 40 y -0.1001075335169846
miniFE.c 40 y 0.1045518012742238
miniFE.c 82 oldrtrans 0.1483408231692318
miniFE.c 48 sum 0.0011448170145639
miniFE.c 48 sum 0.0125853372223832
miniFE.c 48 sum 0.0202569060794156
miniFE.c 48 sum 0.0206498561534943
miniFE.c 48 sum 0.0256405988138538
miniFE.c 48 sum 0.0260561943500440
miniFE.c 48 sum 0.0360777126168982
miniFE.c 48 sum 0.0470087917665830
miniFE.c 83 rtrans 0.0470087917665830
miniFE.c 84 beta 0.3168972017430018
miniFE.c 40 y 0.0378276458249895
miniFE.c 40 y -0.0789542857717270
miniFE.c 40 y -0.0303932828472389
miniFE.c 40 y 0.0162274050803598
miniFE.c 40 y -0.1369234101086248
miniFE.c 40 y -0.0819459197088425
miniFE.c 40 y -0.0474599355114337
miniFE.c 40 y 0.1178167603205443
miniFE.c 87 normr 0.2168151096362589
miniFE.c 25 Ap 2.5380349266103819
miniFE.c 25 Ap 1.3468081923151622
miniFE.c 25 Ap 1.0635667156924968
miniFE.c 25 Ap 1.2861497552032017
miniFE.c 25 Ap -0.6394602997525332
miniFE.c 25 Ap -1.9552167649655918
miniFE.c 25 Ap -2.1923622926522190
miniFE.c 25 Ap -1.4373850700622710
miniFE.c 25 Ap 0.5707264977668205
miniFE.c 25 Ap -4.6747270147922393
miniFE.c 25 Ap -5.1121462297312155
miniFE.c 25 Ap -5.0153689716744845
miniFE.c 25 Ap -6.5124361376722462
miniFE.c 25 Ap -7.3033999523166369
miniFE.c 25 Ap -7.8443202959140059
miniFE.c 25 Ap -7.0250340906874529
miniFE.c 25 Ap 0.3525238887316379
miniFE.c 25 Ap -0.7837838234664840
miniFE.c 25 Ap -2.8406215822659839
miniFE.c 25 Ap -2.6846409248376761
miniFE.c 25 Ap -4.9847050140561748
miniFE.c 25 Ap -6.3102368080313012
miniFE.c 25 Ap -6.8774751096678255
miniFE.c 25 Ap -5.4223002740995287
miniFE.c 25 Ap 0.5188625256820103
miniFE.c 25 Ap 0.0479936929280125
miniFE.c 25 Ap -0.2441518606241458
miniFE.c 25 Ap 0.8171481804940744
miniFE.c 25 Ap 0.3148977767937066
miniFE.c 25 Ap -0.5935456750473532
miniFE.c 25 Ap -0.6552546493771911
miniFE.c 25 Ap -0.0990384250346127
miniFE.c 25 Ap 0.5319856925716157
miniFE.c 25 Ap -0.3312696758849963
miniFE.c 25 Ap -0.8418215119438274
miniFE.c 25 Ap -0.7822975726396986
miniFE.c 25 Ap -9.8960922729665040
miniFE.c 25 Ap -10.2639644693448773
miniFE.c 25 Ap -10.9309028067089802
miniFE.c 25 Ap -10.4832771121862436
miniFE.c 25 Ap 0.6073758124243616
miniFE.c 25 Ap -0.1547119556843627
miniFE.c 25 Ap -0.6463442771036160
miniFE.c 25 Ap -0.4664490493973057
miniFE.c 25 Ap -1.0811265805208150
miniFE.c 25 Ap -6.5275203675279343
miniFE.c 25 Ap -6.8887967395655547
miniFE.c 25 Ap -6.4851406134447265
miniFE.c 25 Ap 0.1890153649313080
miniFE.c 25 Ap -0.7108590012662311
miniFE.c 25 Ap -1.0741176942594592
miniFE.c 25 Ap -1.0530182866696078
miniFE.c 25 Ap -2.9771564149666752
miniFE.c 25 Ap -3.6009483408651946
miniFE.c 25 Ap -6.7170822786620086
miniFE.c 25 Ap -6.4019746376293742
miniFE.c 25 Ap 0.2424019375882197
miniFE.c 25 Ap -0.3066384281483643
miniFE.c 25 Ap -0.6820310314526956
miniFE.c 25 Ap -0.6054209977009746
miniFE.c 25 Ap -1.1256393128162570
miniFE.c 25 Ap -1.4063970964379120
miniFE.c 25 Ap -1.5333313991795654
miniFE.c 25 Ap 6.1096986833516400
miniFE.c 57 sum -0.0543728933444433
miniFE.c 57 sum 0.5002836558078182
miniFE.c 57 sum 0.6650851617211860
miniFE.c 57 sum 0.6634780250796285
miniFE.c 57 sum 2.0988840763938654
miniFE.c 57 sum 2.6303148884037606
miniFE.c 57 sum 2.9341521918514846
miniFE.c 57 sum 3.6539770972586698
miniFE.c 90 p_ap_dot 3.6539770972586698
miniFE.c 91 alpha 0.0128651030138778
miniFE.c 40 y 0.9995153665387847
miniFE.c 40 y 2.0005077483525859
miniFE.c 40 y 1.0007646439150171
miniFE.c 40 y 1.9998806496415840
miniFE.c 40 y 0.9988655538297545
miniFE.c 40 y 1.9989742610748966
miniFE.c 40 y 1.0004614653406052
miniFE.c 40 y 1.9995578426631642
miniFE.c 40 y 0.0523272516628833
miniFE.c 40 y -0.0165825802102996
miniFE.c 40 y -0.0178290409848473
miniFE.c 40 y 0.0210971078872135
miniFE.c 40 y 0.0642232514560228
miniFE.c 40 y 0.0630458416432166
miniFE.c 40 y -0.0177454703116496
miniFE.c 40 y 0.0259498983291514
