filename line variable value
miniFE.c 167 A 67.0947100000000063
miniFE.c 167 A 15.0875500000000002
miniFE.c 167 A 9.3192129999999995
miniFE.c 167 A 13.7164900000000003
miniFE.c 167 A 14.0634099999999993
miniFE.c 167 A 16.0564000000000000
miniFE.c 167 A 4.9967519999999999
miniFE.c 167 A 6.4080630000000003
miniFE.c 167 A 15.0875500000000002
miniFE.c 167 A 66.4365899999999954
miniFE.c 167 A 14.3919700000000006
miniFE.c 167 A 5.9638159999999996
miniFE.c 167 A 10.9336099999999998
miniFE.c 167 A 9.6522659999999991
miniFE.c 167 A 11.3974100000000007
miniFE.c 167 A 6.9539020000000002
miniFE.c 167 A 9.3192129999999995
miniFE.c 167 A 14.3919700000000006
miniFE.c 167 A 67.6740900000000067
miniFE.c 167 A 9.6121750000000006
miniFE.c 167 A 16.7981799999999986
miniFE.c 167 A 16.1756899999999995
miniFE.c 167 A 11.9519400000000005
miniFE.c 167 A 12.3511699999999998
miniFE.c 167 A 13.7164900000000003
miniFE.c 167 A 5.9638159999999996
miniFE.c 167 A 9.6121750000000006
miniFE.c 167 A 65.4017099999999942
miniFE.c 167 A 3.6681119999999998
miniFE.c 167 A 11.0858899999999991
miniFE.c 167 A 1.3002330000000000
miniFE.c 167 A 4.7210279999999996
miniFE.c 167 A 14.0634099999999993
miniFE.c 167 A 10.9336099999999998
miniFE.c 167 A 16.7981799999999986
miniFE.c 167 A 3.6681119999999998
miniFE.c 167 A 66.5612600000000043
miniFE.c 167 A 4.4892070000000004
miniFE.c 167 A 14.0526599999999995
miniFE.c 167 A 3.7993380000000001
miniFE.c 167 A 16.0564000000000000
miniFE.c 167 A 9.6522659999999991
miniFE.c 167 A 16.1756899999999995
miniFE.c 167 A 11.0858899999999991
miniFE.c 167 A 4.4892070000000004
miniFE.c 167 A 66.4632699999999943
miniFE.c 167 A 7.6122389999999998
miniFE.c 167 A 3.4261349999999999
miniFE.c 167 A 4.9967519999999999
miniFE.c 167 A 11.3974100000000007
miniFE.c 167 A 11.9519400000000005
miniFE.c 167 A 1.3002330000000000
miniFE.c 167 A 14.0526599999999995
miniFE.c 167 A 7.6122389999999998
miniFE.c 167 A 65.6581999999999937
miniFE.c 167 A 2.6745570000000001
miniFE.c 167 A 6.4080630000000003
miniFE.c 167 A 6.9539020000000002
miniFE.c 167 A 12.3511699999999998
miniFE.c 167 A 4.7210279999999996
miniFE.c 167 A 3.7993380000000001
miniFE.c 167 A 3.4261349999999999
miniFE.c 167 A 2.6745570000000001
miniFE.c 167 A 64.8721800000000002
miniFE.c 175 b 198.0110999999999990
miniFE.c 175 b 229.8237000000000023
miniFE.c 175 b 210.8053999999999917
miniFE.c 175 b 202.6418999999999926
miniFE.c 175 b 157.2561000000000035
miniFE.c 175 b 225.5886000000000138
miniFE.c 175 b 142.6283999999999992
miniFE.c 175 b 185.1795999999999935
miniFE.c 33 r 0.0000000000000000
miniFE.c 33 r 0.0000000000000000
miniFE.c 33 r 0.0000000000000000
miniFE.c 33 r 0.0000000000000000
miniFE.c 33 r 0.0000000000000000
miniFE.c 33 r 0.0000000000000000
miniFE.c 33 r 0.0000000000000000
miniFE.c 33 r 0.0000000000000000
miniFE.c 25 Ap 0.0000000000000000
miniFE.c 25 Ap 0.0000000000000000
miniFE.c 25 Ap 0.0000000000000000
miniFE.c 25 Ap 0.0000000000000000
miniFE.c 25 Ap 0.0000000000000000
miniFE.c 25 Ap 0.0000000000000000
miniFE.c 25 Ap 0.0000000000000000
miniFE.c 25 Ap 0.0000000000000000
miniFE.c 25 Ap 0.0000000000000000
miniFE.c 25 Ap 0.0000000000000000
miniFE.c 25 Ap 0.0000000000000000
miniFE.c 25 Ap 0.0000000000000000
miniFE.c 25 Ap 0.0000000000000000
miniFE.c 25 Ap 0.0000000000000000
miniFE.c 25 Ap 0.0000000000000000
miniFE.c 25 Ap 0.0000000000000000
miniFE.c 25 Ap 0.0000000000000000
miniFE.c 25 Ap 0.0000000000000000
miniFE.c 25 Ap 0.0000000000000000
miniFE.c 25 Ap 0.0000000000000000
miniFE.c 25 Ap 0.0000000000000000
miniFE.c 25 Ap 0.0000000000000000
miniFE.c 25 Ap 0.0000000000000000
miniFE.c 25 Ap 0.0000000000000000
miniFE.c 25 Ap 0.0000000000000000
miniFE.c 25 Ap 0.0000000000000000
miniFE.c 25 Ap 0.0000000000000000
miniFE.c 25 Ap 0.0000000000000000
miniFE.c 25 Ap 0.0000000000000000
miniFE.c 25 Ap 0.0000000000000000
miniFE.c 25 Ap 0.0000000000000000
miniFE.c 25 Ap 0.0000000000000000
miniFE.c 25 Ap 0.0000000000000000
miniFE.c 25 Ap 0.0000000000000000
miniFE.c 25 Ap 0.0000000000000000
miniFE.c 25 Ap 0.0000000000000000
miniFE.c 25 Ap 0.0000000000000000
miniFE.c 25 Ap 0.0000000000000000
miniFE.c 25 Ap 0.0000000000000000
miniFE.c 25 Ap 0.0000000000000000
miniFE.c 25 Ap 0.0000000000000000
miniFE.c 25 Ap 0.0000000000000000
miniFE.c 25 Ap 0.0000000000000000
miniFE.c 25 Ap 0.0000000000000000
miniFE.c 25 Ap 0.0000000000000000
miniFE.c 25 Ap 0.0000000000000000
miniFE.c 25 Ap 0.0000000000000000
miniFE.c 25 Ap 0.0000000000000000
miniFE.c 25 Ap 0.0000000000000000
miniFE.c 25 Ap 0.0000000000000000
miniFE.c 25 Ap 0.0000000000000000
miniFE.c 25 Ap 0.0000000000000000
miniFE.c 25 Ap 0.0000000000000000
miniFE.c 25 Ap 0.0000000000000000
miniFE.c 25 Ap 0.0000000000000000
miniFE.c 25 Ap 0.0000000000000000
miniFE.c 25 Ap 0.0000000000000000
miniFE.c 25 Ap 0.0000000000000000
miniFE.c 25 Ap 0.0000000000000000
miniFE.c 25 Ap 0.0000000000000000
miniFE.c 25 Ap 0.0000000000000000
miniFE.c 25 Ap 0.0000000000000000
miniFE.c 25 Ap 0.0000000000000000
miniFE.c 25 Ap 0.0000000000000000
miniFE.c 33 r 198.0110999999999990
miniFE.c 33 r 229.8237000000000023
miniFE.c 33 r 210.8053999999999917
miniFE.c 33 r 202.6418999999999926
miniFE.c 33 r 157.2561000000000035
miniFE.c 33 r 225.5886000000000138
miniFE.c 33 r 142.6283999999999992
miniFE.c 33 r 185.1795999999999935
miniFE.c 48 sum 39208.3957232100001420
miniFE.c 48 sum 92027.3288048999966122
miniFE.c 48 sum 136466.2454740600078367
miniFE.c 48 sum 177529.9851096700003836
miniFE.c 48 sum 202259.4660968800017145
miniFE.c 48 sum 253149.6825468399911188
miniFE.c 48 sum 273492.5430333999684080
miniFE.c 48 sum 307784.0272895599482581
miniFE.c 75 rtrans 307784.0272895599482581
miniFE.c 76 normr 554.7828649927464539
miniFE.c 33 r 198.0110999999999990
miniFE.c 33 r 229.8237000000000023
miniFE.c 33 r 210.8053999999999917
miniFE.c 33 r 202.6418999999999926
miniFE.c 33 r 157.2561000000000035
miniFE.c 33 r 225.5886000000000138
miniFE.c 33 r 142.6283999999999992
miniFE.c 33 r 185.1795999999999935
miniFE.c 87 normr 554.7828649927464539
miniFE.c 25 Ap 13285.4973312810016068
miniFE.c 25 Ap 16752.9738962160008668
miniFE.c 25 Ap 18717.5143203662009910
miniFE.c 25 Ap 21497.0499152972006414
miniFE.c 25 Ap 23708.6069245981998392
miniFE.c 25 Ap 27330.7477216381994367
miniFE.c 25 Ap 28043.4264645949988335
miniFE.c 25 Ap 29230.0690077097970061
miniFE.c 25 Ap 2987.5023718050001662
miniFE.c 25 Ap 18256.2053009880000900
miniFE.c 25 Ap 21290.1102936259994749
miniFE.c 25 Ap 22498.6292991164009436
miniFE.c 25 Ap 24218.0061666374022025
miniFE.c 25 Ap 26395.4473404050004319
miniFE.c 25 Ap 28021.0416928490012651
miniFE.c 25 Ap 29308.7624836482027604
miniFE.c 25 Ap 1845.3076172643000064
miniFE.c 25 Ap 5152.9234129532997031
miniFE.c 25 Ap 19418.9870250392996240
miniFE.c 25 Ap 21366.8164301717988565
miniFE.c 25 Ap 24008.4327040697971825
miniFE.c 25 Ap 27657.4839652037990163
miniFE.c 25 Ap 29362.1700442997971550
miniFE.c 25 Ap 31649.3547644317950471
miniFE.c 25 Ap 2716.0172730389999742
miniFE.c 25 Ap 4086.6435322781999275
miniFE.c 25 Ap 6112.9419280231995799
miniFE.c 25 Ap 19366.0687056721981207
miniFE.c 25 Ap 19942.9016931553996983
miniFE.c 25 Ap 22443.7520980093977414
miniFE.c 25 Ap 22629.2022504265987664
miniFE.c 25 Ap 23503.4403270553993934
miniFE.c 25 Ap 2784.7112838509997346
miniFE.c 25 Ap 5297.5139884079999320
miniFE.c 25 Ap 8838.6610425799990480
miniFE.c 25 Ap 9581.9742276727993158
miniFE.c 25 Ap 20049.1383863587980159
miniFE.c 25 Ap 21061.8523085989982064
miniFE.c 25 Ap 23066.1607201429978886
miniFE.c 25 Ap 23769.7206112477979332
miniFE.c 25 Ap 3179.3454260399998930
miniFE.c 25 Ap 5397.6649115441996400
miniFE.c 25 Ap 8807.5877122702004272
miniFE.c 25 Ap 11054.0535250612010714
miniFE.c 25 Ap 11760.0087099739012046
miniFE.c 25 Ap 26753.3647406958989450
miniFE.c 25 Ap 27839.0862096834971453
miniFE.c 25 Ap 28473.5365185294976982
miniFE.c 25 Ap 989.4123599472000024
miniFE.c 25 Ap 3608.8072965641999872
miniFE.c 25 Ap 6128.3407890401995246
miniFE.c 25 Ap 6391.8224746028990921
miniFE.c 25 Ap 8601.6889808288997301
miniFE.c 25 Ap 10318.9233197042995016
miniFE.c 25 Ap 19683.6473325842962367
miniFE.c 25 Ap 20178.9207280214977800
miniFE.c 25 Ap 1268.8676034993000030
miniFE.c 25 Ap 2867.0390905766998912
miniFE.c 25 Ap 5470.7324228946999938
miniFE.c 25 Ap 6427.4105067679001877
miniFE.c 25 Ap 7024.8795832297000743
miniFE.c 25 Ap 7797.7765812907000509
miniFE.c 25 Ap 8179.2443669095000587
miniFE.c 25 Ap 20192.2487104374995397
miniFE.c 57 sum 5787878.1172925252467394
miniFE.c 57 sum 12523726.3537057451903820
miniFE.c 57 sum 19195581.2445636950433254
miniFE.c 57 sum 23958363.0489748232066631
miniFE.c 57 sum 27696296.6103892698884010
miniFE.c 57 sum 34119601.8506532162427902
miniFE.c 57 sum 36997689.0278177559375763
miniFE.c 57 sum 40736881.5671170875430107
miniFE.c 90 p_ap_dot 40736881.5671170875430107
miniFE.c 91 alpha 0.0075554145395853
miniFE.c 40 y 1.4960559439392744
miniFE.c 40 y 1.7364133245212852
miniFE.c 40 y 1.5927221841830903
miniFE.c 40 y 1.5310435575891859
miniFE.c 40 y 1.1881350243784765
miniFE.c 40 y 1.7044153884046875
miniFE.c 40 y 1.0776166871177848
miniFE.c 40 y 1.3991086422745860
miniFE.c 40 y -22.8341883739316245
miniFE.c 40 y 8.3838497937928480
miniFE.c 40 y -28.3185951556805833
miniFE.c 40 y 25.0636652226906733
miniFE.c 40 y -22.3339927081014764
miniFE.c 40 y 10.4592281944898673
miniFE.c 40 y -9.8317110616323760
miniFE.c 40 y 32.6187905062384118
miniFE.c 82 oldrtrans 307784.0272895599482581
miniFE.c 48 sum 521.4001586961941257
miniFE.c 48 sum 591.6890960610744514
miniFE.c 48 sum 1393.6319276524102406
miniFE.c 48 sum 2021.8192420475243125
miniFE.c 48 sum 2520.6264723330541528
miniFE.c 48 sum 2630.0219267574657351
miniFE.c 48 sum 2726.6844691568903727
miniFE.c 48 sum 3790.6699632467598349
miniFE.c 83 rtrans 3790.6699632467598349
miniFE.c 84 beta 0.0123160061184089
miniFE.c 40 y -20.3954824548187439
miniFE.c 40 y 11.2143598891482252
miniFE.c 40 y -25.7223145594869429
miniFE.c 40 y 27.5594041029366821
miniFE.c 40 y -20.3972256183443506
miniFE.c 40 y 13.2375787723331708
miniFE.c 40 y -8.0750988145735008
miniFE.c 40 y 34.8994635928429275
miniFE.c 87 normr 61.5684169298412272
miniFE.c 25 Ap -1368.4289806161518754
miniFE.c 25 Ap -1199.2317650706336281
miniFE.c 25 Ap -1438.9434933034935966
miniFE.c 25 Ap -1060.9252025196035447
miniFE.c 25 Ap -1347.7797492528836756
miniFE.c 25 Ap -1135.2318894527934390
miniFE.c 25 Ap -1175.5811556047112845
miniFE.c 25 Ap -951.9431942355674892
miniFE.c 25 Ap -307.7178613112005223
miniFE.c 25 Ap 437.3259687565855529
miniFE.c 25 Ap 67.1311892858862507
miniFE.c 25 Ap 231.4904044254456608
miniFE.c 25 Ap 8.4750944324596844
miniFE.c 25 Ap 136.2477259389728772
miniFE.c 25 Ap 44.2125139587647027
miniFE.c 25 Ap 286.8999636359623082
miniFE.c 25 Ap -190.0698452342187466
miniFE.c 25 Ap -28.6731141403941479
miniFE.c 25 Ap -1769.4073446474239972
miniFE.c 25 Ap -1504.5015295142784453
miniFE.c 25 Ap -1847.1377969518380269
miniFE.c 25 Ap -1633.0108263799961605
miniFE.c 25 Ap -1729.5239229058497585
miniFE.c 25 Ap -1298.4747151618360022
miniFE.c 25 Ap -279.7544311366967804
miniFE.c 25 Ap -212.8740522000363740
miniFE.c 25 Ap -460.1214411508727835
miniFE.c 25 Ap 1342.3107137622018854
miniFE.c 25 Ap 1267.4914057048456471
miniFE.c 25 Ap 1414.2417478412662604
miniFE.c 25 Ap 1403.7422378842968556
miniFE.c 25 Ap 1568.5035826910889227
miniFE.c 25 Ap -286.8300319099224680
miniFE.c 25 Ap -164.2165944823325390
miniFE.c 25 Ap -596.3046644692149130
miniFE.c 25 Ap -495.2136835663836223
miniFE.c 25 Ap -1852.8787212276629361
miniFE.c 25 Ap -1793.4524899398534217
miniFE.c 25 Ap -1906.9291080474579303
miniFE.c 25 Ap -1774.3342498395531948
miniFE.c 25 Ap -327.4780244875516928
miniFE.c 25 Ap -219.2340398177625218
miniFE.c 25 Ap -635.3102262145098393
miniFE.c 25 Ap -329.7897038638051299
miniFE.c 25 Ap -421.3570718902559520
miniFE.c 25 Ap 458.4557002015919807
miniFE.c 25 Ap 396.9861180764418123
miniFE.c 25 Ap 516.5563917731067249
miniFE.c 25 Ap -101.9111677470804693
miniFE.c 25 Ap 25.9034897970964124
miniFE.c 25 Ap -281.5280704790179698
miniFE.c 25 Ap -245.6944238040443054
miniFE.c 25 Ap -532.3297003619271663
miniFE.c 25 Ap -431.5620869656004857
miniFE.c 25 Ap -961.7585399526303718
miniFE.c 25 Ap -868.4179353041471359
miniFE.c 25 Ap -130.6955364858731627
miniFE.c 25 Ap -52.7119768240055322
miniFE.c 25 Ap -370.4126567417038700
miniFE.c 25 Ap -240.3039383084249323
miniFE.c 25 Ap -317.7998926947741438
miniFE.c 25 Ap -272.4461607476264362
miniFE.c 25 Ap -294.0434728078357125
miniFE.c 25 Ap 1969.9608112905175403
miniFE.c 57 sum 19415.3407160156275495
miniFE.c 57 sum 22632.7401604128463077
miniFE.c 57 sum 56032.5152313458020217
miniFE.c 57 sum 99259.5393036334862700
miniFE.c 57 sum 135451.0353199666133150
miniFE.c 57 sum 142288.9912464153021574
miniFE.c 57 sum 149301.5518863441830035
miniFE.c 57 sum 218052.1274993049155455
miniFE.c 90 p_ap_dot 218052.1274993049155455
miniFE.c 91 alpha 0.0173842374606450
miniFE.c 40 y 1.1414960338202862
miniFE.c 40 y 1.9313664198033706
miniFE.c 40 y 1.1455593598435627
miniFE.c 40 y 2.0101427827885114
miniFE.c 40 y 0.8335448106908265
miniFE.c 40 y 1.9345406011869211
miniFE.c 40 y 0.9372372518070660
miniFE.c 40 y 2.0058092046217029
miniFE.c 40 y -6.2853818362955991
miniFE.c 40 y 3.3963126984948593
miniFE.c 40 y -5.7456023706638284
miniFE.c 40 y -2.2035735166836723
miniFE.c 40 y 8.5114552256647578
miniFE.c 40 y 1.4792892180922035
miniFE.c 40 y 5.2650725407779788
miniFE.c 40 y -1.6274760254008527
miniFE.c 82 oldrtrans 3790.6699632467598349
miniFE.c 48 sum 39.5060248280346400
miniFE.c 48 sum 51.0409647739920729
miniFE.c 48 sum 84.0529113757698809
miniFE.c 48 sum 88.9086476191995274
miniFE.c 48 sum 161.3535176776954359
miniFE.c 48 sum 163.5418142684592908
miniFE.c 48 sum 191.2628031281135748
miniFE.c 48 sum 193.9114813413681304
miniFE.c 83 rtrans 193.9114813413681304
miniFE.c 84 beta 0.0511549365208467
miniFE.c 40 y -7.3287114465838936
miniFE.c 40 y 3.9699825667461655
miniFE.c 40 y -7.0614257391236324
miniFE.c 40 y -0.7937739492455855
miniFE.c 40 y 7.4680364439569651
miniFE.c 40 y 2.1564567198806142
miniFE.c 40 y 4.8519913735189073
miniFE.c 40 y 0.1578038193026263
miniFE.c 87 normr 13.9252102799694963
miniFE.c 25 Ap -491.7177691822269026
miniFE.c 25 Ap -431.8204587073157654
miniFE.c 25 Ap -497.6273892538913515
miniFE.c 25 Ap -508.5151816909789204
miniFE.c 25 Ap -403.4891232846700859
miniFE.c 25 Ap -368.8641916075790164
miniFE.c 25 Ap -344.6199940079656585
miniFE.c 25 Ap -343.6087771922337879
miniFE.c 25 Ap -110.5723003859068285
miniFE.c 25 Ap 153.1798037081557595
miniFE.c 25 Ap 51.5519763134606137
miniFE.c 25 Ap 46.8180545345666062
miniFE.c 25 Ap 128.4706524785789270
miniFE.c 25 Ap 149.2853463563540970
miniFE.c 25 Ap 204.5854813568122381
miniFE.c 25 Ap 205.6828336514683997
miniFE.c 25 Ap -68.2978229862534221
miniFE.c 25 Ap -11.1619529851196120
miniFE.c 25 Ap -489.0375139828888678
miniFE.c 25 Ap -496.6674080934785707
miniFE.c 25 Ap -371.2179876613295733
miniFE.c 25 Ap -336.3358122621239090
miniFE.c 25 Ap -278.3451024853083595
miniFE.c 25 Ap -276.3960406864523520
miniFE.c 25 Ap -100.5241972699535182
miniFE.c 25 Ap -76.8479517186716663
miniFE.c 25 Ap -144.7236116726323871
miniFE.c 25 Ap -196.6377853067468777
miniFE.c 25 Ap -169.2441912102310084
miniFE.c 25 Ap -145.3379492238736930
miniFE.c 25 Ap -139.0292299243090781
miniFE.c 25 Ap -138.2842336748744287
miniFE.c 25 Ap -103.0666738450023843
miniFE.c 25 Ap -59.6604327534008405
miniFE.c 25 Ap -178.2795333758326422
miniFE.c 25 Ap -181.1911851243477543
miniFE.c 25 Ap 315.8907303113472835
miniFE.c 25 Ap 325.5715109134323484
miniFE.c 25 Ap 393.7548960084265559
miniFE.c 25 Ap 394.3544460556481681
miniFE.c 25 Ap -117.6727224709296280
miniFE.c 25 Ap -79.3533947213328901
miniFE.c 25 Ap -193.5768284354176387
miniFE.c 25 Ap -202.3765191216197934
miniFE.c 25 Ap -168.8509576411530588
miniFE.c 25 Ap -25.5257924244134529
miniFE.c 25 Ap 11.4087255367507368
miniFE.c 25 Ap 11.9493827251971396
miniFE.c 25 Ap -36.6197535781409655
miniFE.c 25 Ap 8.6277654279174527
miniFE.c 25 Ap -75.7699713205438599
miniFE.c 25 Ap -76.8020624038933022
miniFE.c 25 Ap 28.1437146106429736
miniFE.c 25 Ap 44.5591785555302593
miniFE.c 25 Ap 363.1321985563093335
miniFE.c 25 Ap 363.5542538658519334
miniFE.c 25 Ap -46.9628446585307273
miniFE.c 25 Ap -19.3559749476694343
miniFE.c 25 Ap -106.5728446939610734
miniFE.c 25 Ap -110.3202737340200628
miniFE.c 25 Ap -81.9466790871094872
miniFE.c 25 Ap -74.5583672431413191
miniFE.c 25 Ap -61.5814397511567080
miniFE.c 25 Ap -51.3443619806692624
miniFE.c 57 sum 2518.2095785554183749
miniFE.c 57 sum 3334.7668424306993984
miniFE.c 57 sum 5286.5169583258766579
miniFE.c 57 sum 5396.2833806083808668
miniFE.c 57 sum 8341.3367555884215108
miniFE.c 57 sum 8367.1050822645975131
miniFE.c 57 sum 10131.0671858278146829
miniFE.c 57 sum 10122.9648494076081988
miniFE.c 90 p_ap_dot 10122.9648494076081988
miniFE.c 91 alpha 0.0191556015679256
miniFE.c 40 y 1.0011101573432295
miniFE.c 40 y 2.0074138240835708
miniFE.c 40 y 1.0102935018834158
miniFE.c 40 y 1.9949375652817642
miniFE.c 40 y 0.9765995413060141
miniFE.c 40 y 1.9758488269114298
miniFE.c 40 y 1.0301800653692061
miniFE.c 40 y 2.0088320317101611
miniFE.c 40 y 0.2966509948409524
miniFE.c 40 y -0.5436657122945894
miniFE.c 40 y -0.4510699403219940
miniFE.c 40 y 0.4453441667181424
miniFE.c 40 y 0.9573585804827518
miniFE.c 40 y 1.2503916036256741
miniFE.c 40 y -1.6990278946007562
miniFE.c 40 y -0.6439438845398050
miniFE.c 82 oldrtrans 193.9114813413681304
miniFE.c 48 sum 0.0880018127401268
miniFE.c 48 sum 0.3835742194649100
miniFE.c 48 sum 0.5870383105269972
miniFE.c 48 sum 0.7853697373568738
miniFE.c 48 sum 1.7019051889808234
miniFE.c 48 sum 3.2653843513984082
miniFE.c 48 sum 6.1520801380298860
miniFE.c 48 sum 6.5667438644660994
miniFE.c 83 rtrans 6.5667438644660994
miniFE.c 84 beta 0.0338646469979041
miniFE.c 40 y 0.0484667687528897
miniFE.c 40 y -0.4092236540838973
miniFE.c 40 y -0.6902026302793298
miniFE.c 40 y 0.4184632921308084
miniFE.c 40 y 1.2102609984248374
miniFE.c 40 y 1.3234192492106893
miniFE.c 40 y -1.5347169194996626
miniFE.c 40 y -0.6385999139042006
miniFE.c 87 normr 2.5625658751466469
miniFE.c 25 Ap 3.2518637941121975
miniFE.c 25 Ap -2.9223185480613072
miniFE.c 25 Ap -9.3544638727946321
miniFE.c 25 Ap -3.6146163109153209
miniFE.c 25 Ap 13.4057803169425220
miniFE.c 25 Ap 34.6551291499690350
miniFE.c 25 Ap 26.9865293130252581
miniFE.c 25 Ap 22.8943408329325635
miniFE.c 25 Ap 0.7312447968976612
miniFE.c 25 Ap -26.4561793277760451
miniFE.c 25 Ap -4213622585586427113858316020386960267224884475478046970738960198295106468446208.0000000000000000
miniFE.c 25 Ap -4213622585586427113858316020386960267224884475478046970738960198295106468446208.0000000000000000
miniFE.c 25 Ap -4213622585586427113858316020386960267224884475478046970738960198295106468446208.0000000000000000
miniFE.c 25 Ap -4213622585586427113858316020386960267224884475478046970738960198295106468446208.0000000000000000
miniFE.c 25 Ap -4213622585586427113858316020386960267224884475478046970738960198295106468446208.0000000000000000
miniFE.c 25 Ap -4213622585586427113858316020386960267224884475478046970738960198295106468446208.0000000000000000
miniFE.c 25 Ap 0.4516721414299236
miniFE.c 25 Ap -5.4378624114359031
miniFE.c 25 Ap -52.1466973311959947
miniFE.c 25 Ap -48.1243549361585394
miniFE.c 25 Ap -27.7941728376384063
miniFE.c 25 Ap -6.3869533223735502
miniFE.c 25 Ap -24.7297978612183478
miniFE.c 25 Ap -32.6172539598344926
miniFE.c 25 Ap 0.6647939489313243
miniFE.c 25 Ap -1.7757406268726874
miniFE.c 25 Ap -8.4100890945779057
miniFE.c 25 Ap 18.9581257830065013
miniFE.c 25 Ap 23.3974986744606284
miniFE.c 25 Ap 38.0687788950929189
miniFE.c 25 Ap 36.0732893107011137
miniFE.c 25 Ap 33.0584412363617943
miniFE.c 25 Ap 0.6816080403470768
miniFE.c 25 Ap -3.7926837961811630
miniFE.c 25 Ap -15.3868318160867936
miniFE.c 25 Ap -13.8518615926622708
miniFE.c 25 Ap 66.7046353913529231
miniFE.c 25 Ap 72.6457383488442900
miniFE.c 25 Ap 51.0788832828681620
miniFE.c 25 Ap 48.6526263631752016
miniFE.c 25 Ap 0.7782018258038984
miniFE.c 25 Ap -3.1717337369058640
miniFE.c 25 Ap -14.3362375214889166
miniFE.c 25 Ap -9.6971994958889098
miniFE.c 25 Ap -4.2640873499331402
miniFE.c 25 Ap 83.6946835335541834
miniFE.c 25 Ap 72.0120515449789877
miniFE.c 25 Ap 69.8241220289548181
miniFE.c 25 Ap 0.2421764236995392
miniFE.c 25 Ap -4.4219133435928129
miniFE.c 25 Ap -12.6711737685335457
miniFE.c 25 Ap -12.1270739868164288
miniFE.c 25 Ap 4.8803123353083446
miniFE.c 25 Ap 14.9544959575006722
miniFE.c 25 Ap -85.8122544863920638
miniFE.c 25 Ap -87.5202263563239455
miniFE.c 25 Ap 0.3105781075749487
miniFE.c 25 Ap -2.5351230790063726
miniFE.c 25 Ap -11.0599331000335219
miniFE.c 25 Ap -9.0843561809117972
miniFE.c 25 Ap -4.4861655796783726
miniFE.c 25 Ap 0.0480474297160924
miniFE.c 25 Ap -4.0566404503501667
miniFE.c 25 Ap -45.4840090131279666
miniFE.c 57 sum 1.1096147228995832
miniFE.c 57 sum 1724314031404116829608129460674277841646836857899723342684094892995343707799552.0000000000000000
miniFE.c 57 sum 1724314031404116829608129460674277841646836857899723342684094892995343707799552.0000000000000000
miniFE.c 57 sum 1724314031404116829608129460674277841646836857899723342684094892995343707799552.0000000000000000
miniFE.c 57 sum 1724314031404116829608129460674277841646836857899723342684094892995343707799552.0000000000000000
miniFE.c 57 sum 1724314031404116829608129460674277841646836857899723342684094892995343707799552.0000000000000000
miniFE.c 57 sum 1724314031404116829608129460674277841646836857899723342684094892995343707799552.0000000000000000
miniFE.c 57 sum 1724314031404116829608129460674277841646836857899723342684094892995343707799552.0000000000000000
miniFE.c 90 p_ap_dot 1724314031404116829608129460674277841646836857899723342684094892995343707799552.0000000000000000
miniFE.c 91 alpha 0.0000000000000000
miniFE.c 40 y 1.0011101573432295
miniFE.c 40 y 2.0074138240835708
miniFE.c 40 y 1.0102935018834158
miniFE.c 40 y 1.9949375652817642
miniFE.c 40 y 0.9765995413060141
miniFE.c 40 y 1.9758488269114298
miniFE.c 40 y 1.0301800653692061
miniFE.c 40 y 2.0088320317101611
miniFE.c 40 y 0.2966509948409524
miniFE.c 40 y 15.5031678442031335
miniFE.c 40 y -0.4510699403219940
miniFE.c 40 y 0.4453441667181424
miniFE.c 40 y 0.9573585804827518
miniFE.c 40 y 1.2503916036256741
miniFE.c 40 y -1.6990278946007562
miniFE.c 40 y -0.6439438845398050
miniFE.c 82 oldrtrans 6.5667438644660994
miniFE.c 48 sum 0.0880018127401268
miniFE.c 48 sum 240.4362150182741402
miniFE.c 48 sum 240.6396791093362140
miniFE.c 48 sum 240.8380105361660810
miniFE.c 48 sum 241.7545459877900385
miniFE.c 48 sum 243.3180251502076317
miniFE.c 48 sum 246.2047209368391236
miniFE.c 48 sum 246.6193846632753264
miniFE.c 83 rtrans 246.6193846632753264
miniFE.c 84 beta 37.5558099650847907
miniFE.c 40 y 2.1168597517461882
miniFE.c 40 y 0.1344420582106931
miniFE.c 40 y -26.3721887604941827
miniFE.c 40 y 16.1610720433465431
miniFE.c 40 y 46.4096906454797278
miniFE.c 40 y 50.9524734311175109
miniFE.c 40 y -59.3365648735304134
miniFE.c 40 y -24.6270808948454700
miniFE.c 87 normr 15.7041199900941706
miniFE.c 25 Ap 142.0300911540824984
miniFE.c 25 Ap 144.0584924294392408
miniFE.c 25 Ap -101.7095519058120203
miniFE.c 25 Ap 119.9636311660304102
miniFE.c 25 Ap 772.6421386865764589
miniFE.c 25 Ap 1590.7554330859716174
miniFE.c 25 Ap 1294.2653338810287096
miniFE.c 25 Ap 1136.4534480007625916
miniFE.c 25 Ap 31.9382273474582021
miniFE.c 25 Ap 40.8700992475581515
miniFE.c 25 Ap -338.6776502278113412
miniFE.c 25 Ap -242.2959901985485374
miniFE.c 25 Ap 265.1294675397750780
miniFE.c 25 Ap 756.9362944548538508
miniFE.c 25 Ap 80.6531365996295335
miniFE.c 25 Ap -90.6011704891981822
miniFE.c 25 Ap 19.7274669176498492
miniFE.c 25 Ap 21.6623529861563995
miniFE.c 25 Ap -1763.0515226885156608
miniFE.c 25 Ap -1607.7084700202610748
miniFE.c 25 Ap -828.1101328131765058
miniFE.c 25 Ap -3.9187178581832995
miniFE.c 25 Ap -713.1057810327264406
miniFE.c 25 Ap -1017.2790437687149279
miniFE.c 25 Ap 29.0358856162290735
miniFE.c 25 Ap 29.8376733140589359
miniFE.c 25 Ap -223.6564201848442508
miniFE.c 25 Ap 833.3053268832137519
miniFE.c 25 Ap 1003.5412700561856809
miniFE.c 25 Ap 1568.3947857414768805
miniFE.c 25 Ap 1491.2434259862718591
miniFE.c 25 Ap 1374.9782875234413950
miniFE.c 25 Ap 29.7702666013048614
miniFE.c 25 Ap 31.2402036333778774
miniFE.c 25 Ap -411.7645701593802983
miniFE.c 25 Ap -352.4839478643163488
miniFE.c 25 Ap 2736.6035377090279326
miniFE.c 25 Ap 2965.3397381033146303
miniFE.c 25 Ap 2131.5031663676486460
miniFE.c 25 Ap 2037.9365620947883144
miniFE.c 25 Ap 33.9891469179374965
miniFE.c 25 Ap 35.2868174253745934
miniFE.c 25 Ap -391.3015325858635265
miniFE.c 25 Ap -212.1416656312485429
miniFE.c 25 Ap -3.7989575177264214
miniFE.c 25 Ap 3382.6690413024625741
miniFE.c 25 Ap 2930.9849280461444323
miniFE.c 25 Ap 2846.6092242444829026
miniFE.c 25 Ap 10.5774231982572697
miniFE.c 25 Ap 12.1097144569284048
miniFE.c 25 Ap -303.0891032771723985
miniFE.c 25 Ap -282.0759440910358080
miniFE.c 25 Ap 370.1036592550713067
miniFE.c 25 Ap 757.9660646538877700
miniFE.c 25 Ap -3137.9659791253466210
miniFE.c 25 Ap -3203.8325107222217412
miniFE.c 25 Ap 13.5649706513539350
miniFE.c 25 Ap 14.4998675488293909
miniFE.c 25 Ap -311.2275191041235303
miniFE.c 25 Ap -234.9306454774672943
miniFE.c 25 Ap -58.6045442398516343
miniFE.c 25 Ap 115.9655083190701532
miniFE.c 25 Ap -42.7335166193847442
miniFE.c 25 Ap -1640.3459413043610766
miniFE.c 57 sum 2405.7125638059937955
miniFE.c 57 sum 2393.5319559691279210
miniFE.c 57 sum 29221.4069203327017021
miniFE.c 57 sum 51442.5300830362975830
miniFE.c 57 sum 146022.5354849679279141
miniFE.c 57 sum 291064.3163520589587279
miniFE.c 57 sum 481168.7319684538524598
miniFE.c 57 sum 521565.6641604878241196
miniFE.c 90 p_ap_dot 521565.6641604878241196
miniFE.c 91 alpha 0.0004728443638257
miniFE.c 40 y 1.0021111025458520
miniFE.c 40 y 2.0074773942530570
miniFE.c 40 y 0.9978235610662697
miniFE.c 40 y 2.0025792371108411
miniFE.c 40 y 0.9985441019546218
miniFE.c 40 y 1.9999414167963105
miniFE.c 40 y 1.0021231050999815
miniFE.c 40 y 1.9971872553115548
miniFE.c 40 y -0.2407146127964496
miniFE.c 40 y 15.5460080970249592
miniFE.c 40 y 0.0299447219620029
miniFE.c 40 y -0.2048065669199790
miniFE.c 40 y -0.0062682367380174
miniFE.c 40 y -0.0956115240724726
miniFE.c 40 y -0.1841137492643303
miniFE.c 40 y 0.1316844485302642
miniFE.c 82 oldrtrans 246.6193846632753264
miniFE.c 48 sum 0.0579435248137446
miniFE.c 48 sum 241.7363112775793184
miniFE.c 48 sum 241.7372079639526987
miniFE.c 48 sum 241.7791536938062507
miniFE.c 48 sum 241.7791929845980405
miniFE.c 48 sum 241.7883345481334914
miniFE.c 48 sum 241.8222324208016687
miniFE.c 48 sum 241.8395732147863839
miniFE.c 83 rtrans 241.8395732147863839
miniFE.c 84 beta 0.9806186709328826
miniFE.c 40 y 1.8351175835122091
miniFE.c 40 y 15.6778444894650111
miniFE.c 40 y -25.8311159699449071
miniFE.c 40 y 15.6430424210770731
miniFE.c 40 y 45.5039409224385452
miniFE.c 40 y 49.8693352526929914
miniFE.c 40 y -58.3706571332684874
miniFE.c 40 y -24.0180908875296844
miniFE.c 87 normr 15.5511920190957191
miniFE.c 25 Ap 123.1266820816524614
miniFE.c 25 Ap 359.6669447086802620
miniFE.c 25 Ap 118.9412729570620968
miniFE.c 25 Ap 333.5089078953415651
miniFE.c 25 Ap 973.4494857033730568
miniFE.c 25 Ap 1774.1714802547128329
miniFE.c 25 Ap 1482.5077824827392305
miniFE.c 25 Ap 1328.5983429357231671
miniFE.c 25 Ap 27.6874282971196308
miniFE.c 25 Ap 1069.2699547274658016
miniFE.c 25 Ap 697.5093086214977802
miniFE.c 25 Ap 790.8015353009959654
miniFE.c 25 Ap 1288.3238788099793055
miniFE.c 25 Ap 1769.6759679121491899
miniFE.c 25 Ap 1104.4016565948636526
miniFE.c 25 Ap 937.3822063358892365
miniFE.c 25 Ap 17.1018516407955623
miniFE.c 25 Ap 242.7369191978413312
miniFE.c 25 Ap -1505.3603477526476127
miniFE.c 25 Ap -1354.9966864688310579
miniFE.c 25 Ap -590.6132961443423710
miniFE.c 25 Ap 216.0576114092910984
miniFE.c 25 Ap -481.5849804081059347
miniFE.c 25 Ap -778.2365040354359280
miniFE.c 25 Ap 25.1713719830693812
miniFE.c 25 Ap 118.6711517948526335
miniFE.c 25 Ap -129.6220553535525823
miniFE.c 25 Ap 893.4596685874279274
miniFE.c 25 Ap 1060.3732203323158956
miniFE.c 25 Ap 1613.2191853167923909
miniFE.c 25 Ap 1537.3237306804312539
miniFE.c 25 Ap 1423.9336510938587708
miniFE.c 25 Ap 25.8080109751414355
miniFE.c 25 Ap 197.2234482636009716
miniFE.c 25 Ap -236.6922874004081336
miniFE.c 25 Ap -179.3118557791462706
miniFE.c 25 Ap 2849.4877869839256164
miniFE.c 25 Ap 3073.3615558856618009
miniFE.c 25 Ap 2253.0985572152649183
miniFE.c 25 Ap 2161.8457118188198365
miniFE.c 25 Ap 29.4653819679054330
miniFE.c 25 Ap 180.7921072868559236
miniFE.c 25 Ap -237.0440169970221973
miniFE.c 25 Ap -63.6269694516280993
miniFE.c 25 Ap 140.6496406649694961
miniFE.c 25 Ap 3455.1287342852215261
miniFE.c 25 Ap 3010.7973415997271331
miniFE.c 25 Ap 2928.5081197767804042
miniFE.c 25 Ap 9.1696274556497972
miniFE.c 25 Ap 187.8564490183232181
miniFE.c 25 Ap -120.8754991875001394
miniFE.c 25 Ap -100.5358992112158347
miniFE.c 25 Ap 538.9155112318994725
miniFE.c 25 Ap 918.5328099465239120
miniFE.c 25 Ap -2913.9794702410445097
miniFE.c 25 Ap -2978.2172233509231773
miniFE.c 25 Ap 11.7595490875539976
miniFE.c 25 Ap 120.7817432385337213
miniFE.c 25 Ap -198.2627613959707276
miniFE.c 25 Ap -124.4115201208780803
miniFE.c 25 Ap 48.4733317754977548
miniFE.c 25 Ap 219.3324067114830314
miniFE.c 25 Ap 63.2167570810998711
miniFE.c 25 Ap -1494.8891582310857302
miniFE.c 57 sum 2438.1341805465294783
miniFE.c 57 sum 17134.2666386722048628
miniFE.c 57 sum 37236.9840264560480136
miniFE.c 57 sum 59511.6385353164369008
miniFE.c 57 sum 157884.1380893471068703
miniFE.c 57 sum 303926.8913047289825045
miniFE.c 57 sum 477767.3877173406071961
miniFE.c 57 sum 513671.7713865175610408
miniFE.c 90 p_ap_dot 513671.7713865175610408
miniFE.c 91 alpha 0.0004708056519478
miniFE.c 40 y 1.0029750862761582
miniFE.c 40 y 2.0148586120490553
miniFE.c 40 y 0.9856621256715018
miniFE.c 40 y 2.0099440698963424
miniFE.c 40 y 1.0199676145268026
miniFE.c 40 y 2.0234201816921558
miniFE.c 40 y 0.9746418698137342
miniFE.c 40 y 1.9858794023727111
miniFE.c 40 y -0.8662262218190067
miniFE.c 40 y 15.1046832562467674
miniFE.c 40 y 0.3963428666139462
miniFE.c 40 y -0.8752025778535670
miniFE.c 40 y -1.0240774165013304
miniFE.c 40 y -1.4743696986382673
miniFE.c 40 y 1.2180477522174269
miniFE.c 40 y 0.8354867132608778
miniFE.c 82 oldrtrans 241.8395732147863839
miniFE.c 48 sum 0.7503478673668309
miniFE.c 48 sum 228.9018041389082896
miniFE.c 48 sum 229.0588918068240503
miniFE.c 48 sum 229.8248713591055719
miniFE.c 48 sum 230.8736059140936163
miniFE.c 48 sum 233.0473719223563194
miniFE.c 48 sum 234.5310122490382412
miniFE.c 48 sum 235.2290502970737123
miniFE.c 83 rtrans 235.2290502970737123
miniFE.c 84 beta 0.9726656691051897
miniFE.c 40 y 0.9187296504345950
miniFE.c 40 y 30.3539843567193657
miniFE.c 40 y -24.7286968320262694
miniFE.c 40 y 14.3402477454842305
miniFE.c 40 y 43.2360437277453826
miniFE.c 40 y 47.0318206427533809
miniFE.c 40 y -55.5570865244227790
miniFE.c 40 y -22.5260857304874413
miniFE.c 87 normr 15.3371786941755914
miniFE.c 25 Ap 61.6418994643105265
miniFE.c 25 Ap 519.6091561455317560
miniFE.c 25 Ap 289.1571631554537589
miniFE.c 25 Ap 485.8550279539107351
miniFE.c 25 Ap 1093.9012376751225020
miniFE.c 25 Ap 1849.0629626434279089
miniFE.c 25 Ap 1571.4579794383453191
miniFE.c 25 Ap 1427.1094029339808458
miniFE.c 25 Ap 13.8613795374144733
miniFE.c 25 Ap 2030.4765931111926420
miniFE.c 25 Ap 1674.5819301655756135
miniFE.c 25 Ap 1760.1045291140583231
miniFE.c 25 Ap 2232.8305691761725029
miniFE.c 25 Ap 2686.7942124843189049
miniFE.c 25 Ap 2053.5873189599974467
miniFE.c 25 Ap 1896.9431263465894517
miniFE.c 25 Ap 8.5618373018155332
miniFE.c 25 Ap 445.4154695441899889
miniFE.c 25 Ap -1228.0765854490707625
miniFE.c 25 Ap -1090.2356145761209518
miniFE.c 25 Ap -363.9487695495830621
miniFE.c 25 Ap 396.8233813031963564
miniFE.c 25 Ap -267.1915834115133066
miniFE.c 25 Ap -545.4150977033378922
miniFE.c 25 Ap 12.6017460628896174
miniFE.c 25 Ap 193.6273236332422698
miniFE.c 25 Ap -44.0692378381398555
miniFE.c 25 Ap 893.8074865401734996
miniFE.c 25 Ap 1052.4021373704410962
miniFE.c 25 Ap 1573.7917275157342374
miniFE.c 25 Ap 1501.5545702328245170
miniFE.c 25 Ap 1395.2082887687929542
miniFE.c 25 Ap 12.9204717532183864
miniFE.c 25 Ap 344.7990986556888515
miniFE.c 25 Ap -70.5980018941181697
miniFE.c 25 Ap -17.9963670559345204
miniFE.c 25 Ap 2859.8491808778953782
miniFE.c 25 Ap 3070.9847593300883091
miniFE.c 25 Ap 2290.2599118117932449
miniFE.c 25 Ap 2204.6756983046943787
miniFE.c 25 Ap 14.7514907592380311
miniFE.c 25 Ap 307.7362219301322170
miniFE.c 25 Ap -92.2675121287067554
miniFE.c 25 Ap 66.7068969504794040
miniFE.c 25 Ap 260.8024471053801108
miniFE.c 25 Ap 3386.6910410762711763
miniFE.c 25 Ap 2963.7772203086856280
miniFE.c 25 Ap 2886.5998095744621423
miniFE.c 25 Ap 4.5906642182683628
miniFE.c 25 Ap 350.5474690653852576
miniFE.c 25 Ap 54.9915682508171813
miniFE.c 25 Ap 73.6372315976713736
miniFE.c 25 Ap 681.2186538488098222
miniFE.c 25 Ap 1039.2361131865820880
miniFE.c 25 Ap -2608.5421852512736223
miniFE.c 25 Ap -2668.7894855243489474
miniFE.c 25 Ap 5.8872774799528624
miniFE.c 25 Ap 216.9659100061123809
miniFE.c 25 Ap -88.4624284447054947
miniFE.c 25 Ap -20.7617173113375770
miniFE.c 25 Ap 143.5066265931471037
miniFE.c 25 Ap 304.6439934110069316
miniFE.c 25 Ap 156.0533987475063213
miniFE.c 25 Ap -1305.2628894561066772
miniFE.c 57 sum 1311.1277228894598466
miniFE.c 57 sum 58890.9097056001628516
miniFE.c 57 sum 72378.3143043159943772
miniFE.c 57 sum 92385.9468218135880306
miniFE.c 57 sum 187707.4017192129394971
miniFE.c 57 sum 323469.4462305250926875
miniFE.c 57 sum 471739.6145932711078785
miniFE.c 57 sum 501142.0783419831423089
miniFE.c 90 p_ap_dot 501142.0783419831423089
miniFE.c 91 alpha 0.0004693859495401
miniFE.c 40 y 1.0034063250654981
miniFE.c 40 y 2.0291063458186609
miniFE.c 40 y 0.9740548228281107
miniFE.c 40 y 2.0166751807009975
miniFE.c 40 y 1.0402620059663097
miniFE.c 40 y 2.0454962574831566
miniFE.c 40 y 0.9485641540017841
miniFE.c 40 y 1.9753059742326835
miniFE.c 40 y -1.5360913240128433
miniFE.c 40 y 14.2142848056629205
miniFE.c 40 y 0.6523530501429586
miniFE.c 40 y -1.5300937452835885
miniFE.c 40 y -2.0589212125781629
miniFE.c 40 y -2.8292990911977793
miniFE.c 40 y 2.4707400390030294
miniFE.c 40 y 1.4481587740277462
miniFE.c 82 oldrtrans 235.2290502970737123
miniFE.c 48 sum 2.3595765557075299
miniFE.c 48 sum 204.4054690922072837
miniFE.c 48 sum 204.8310335942381073
miniFE.c 48 sum 207.1722204635940727
miniFE.c 48 sum 211.4113770231984120
miniFE.c 48 sum 219.4163103706509901
miniFE.c 48 sum 225.5208667109836824
miniFE.c 48 sum 227.6180305457772306
miniFE.c 83 rtrans 227.6180305457772306
miniFE.c 84 beta 0.9676442185109176
miniFE.c 40 y -0.6470878893952511
miniFE.c 40 y 43.5861422772132485
miniFE.c 40 y -23.2762274706765062
miniFE.c 40 y 12.3461640776484476
miniFE.c 40 y 39.7781865318598804
miniFE.c 40 y 42.6807702398049571
miniFE.c 40 y -51.2887535336654850
miniFE.c 40 y -20.3490778487597090
miniFE.c 87 normr 15.0870152961338650
miniFE.c 25 Ap -43.4161742834864484
miniFE.c 25 Ap 614.1919266310823105
miniFE.c 25 Ap 397.2758049953966974
miniFE.c 25 Ap 566.6218411048208736
miniFE.c 25 Ap 1126.0387873588442744
miniFE.c 25 Ap 1811.3383066372484791
miniFE.c 25 Ap 1555.0611248403984064
miniFE.c 25 Ap 1424.6629519936416273
miniFE.c 25 Ap -9.7629708856453199
miniFE.c 25 Ap 2885.9516932672372604
miniFE.c 25 Ap 2550.9609257960851210
miniFE.c 25 Ap 2624.5911766609901861
miniFE.c 25 Ap 3059.5103547075987080
miniFE.c 25 Ap 3471.4765021470798274
miniFE.c 25 Ap 2886.9175497349456236
miniFE.c 25 Ap 2745.4120565842999895
miniFE.c 25 Ap -6.0303498709947858
miniFE.c 25 Ap 621.2601021983899727
miniFE.c 25 Ap -953.9374105126445329
miniFE.c 25 Ap -835.2639208195740821
miniFE.c 25 Ap -167.0627833838161678
miniFE.c 25 Ap 523.3281249764944505
miniFE.c 25 Ap -89.6719799326634757
miniFE.c 25 Ap -341.0068997859289084
miniFE.c 25 Ap -8.8757745640110670
miniFE.c 25 Ap 251.0639581271097427
miniFE.c 25 Ap 27.3287863391597909
miniFE.c 25 Ap 834.7890289579410137
miniFE.c 25 Ap 980.6998723136946410
miniFE.c 25 Ap 1453.8541963074460455
miniFE.c 25 Ap 1387.1668664341075328
miniFE.c 25 Ap 1291.0983001359331865
miniFE.c 25 Ap -9.1002622946000677
miniFE.c 25 Ap 467.4536187689615190
miniFE.c 25 Ap 76.4553599955928576
miniFE.c 25 Ap 121.7424726027840620
miniFE.c 25 Ap 2769.4286886784079798
miniFE.c 25 Ap 2961.0315012043320166
miniFE.c 25 Ap 2240.2880859719325599
miniFE.c 25 Ap 2162.9750612361813182
miniFE.c 25 Ap -10.3899019872859100
miniFE.c 25 Ap 410.3151371862221026
miniFE.c 25 Ap 33.8060972510748456
miniFE.c 25 Ap 170.6743141378369728
miniFE.c 25 Ap 349.2468275639680542
miniFE.c 25 Ap 3185.9503838200894279
miniFE.c 25 Ap 2795.5281339097332420
miniFE.c 25 Ap 2725.8094460743727723
miniFE.c 25 Ap -3.2333377055114996
miniFE.c 25 Ap 493.5357961462216281
miniFE.c 25 Ap 215.3397219903442306
miniFE.c 25 Ap 231.3926119475173095
miniFE.c 25 Ap 790.3819426963234491
miniFE.c 25 Ap 1115.2781664658059526
miniFE.c 25 Ap -2252.2490707983088214
miniFE.c 25 Ap -2306.6738394022540888
miniFE.c 25 Ap -4.1465799617818009
miniFE.c 25 Ap 298.9471819920159419
miniFE.c 25 Ap 11.4585395430203789
miniFE.c 25 Ap 69.7451258461928774
miniFE.c 25 Ap 220.8759015077763479
miniFE.c 25 Ap 367.1059822533304668
miniFE.c 25 Ap 229.9312874685907104
miniFE.c 25 Ap -1090.1577535701619581
miniFE.c 57 sum -921.8821427051734645
miniFE.c 57 sum 118740.0383651547599584
miniFE.c 57 sum 126677.3925336422253167
miniFE.c 57 sum 142617.5039874934591353
miniFE.c 57 sum 228656.7294371073367074
miniFE.c 57 sum 344996.3761224976624362
miniFE.c 57 sum 463302.8021541537600569
miniFE.c 57 sum 485486.5071489819674753
miniFE.c 90 p_ap_dot 485486.5071489819674753
miniFE.c 91 alpha 0.0004688452247261
miniFE.c 40 y 1.0031029409985770
miniFE.c 40 y 2.0495415004895667
miniFE.c 40 y 0.9631418747288445
miniFE.c 40 y 2.0224636207724886
miniFE.c 40 y 1.0589118187700381
miniFE.c 40 y 2.0655069327977231
miniFE.c 40 y 0.9245176668253686
miniFE.c 40 y 1.9657654062557119
miniFE.c 40 y -2.2040377458993201
miniFE.c 40 y 12.9271114730277770
miniFE.c 40 y 0.8122325067062596
miniFE.c 40 y -2.1354190179543684
miniFE.c 40 y -3.0730217412404945
miniFE.c 40 y -4.1072818335031762
miniFE.c 40 y 3.5522130536075065
miniFE.c 40 y 1.9592740309873018
