filename line variable value
miniFE.c 167 A 67.0947100000000063
miniFE.c 167 A 15.0875500000000002
miniFE.c 167 A 9.3192129999999995
miniFE.c 167 A 13.7164900000000003
miniFE.c 167 A 14.0634099999999993
miniFE.c 167 A 16.0564000000000000
miniFE.c 167 A 4.9967519999999999
miniFE.c 167 A 6.4080630000000003
miniFE.c 167 A 15.0875500000000002
miniFE.c 167 A 66.4365899999999954
miniFE.c 167 A 14.3919700000000006
miniFE.c 167 A 5.9638159999999996
miniFE.c 167 A 10.9336099999999998
miniFE.c 167 A 9.6522659999999991
miniFE.c 167 A 11.3974100000000007
miniFE.c 167 A 6.9539020000000002
miniFE.c 167 A 9.3192129999999995
miniFE.c 167 A 14.3919700000000006
miniFE.c 167 A 67.6740900000000067
miniFE.c 167 A 9.6121750000000006
miniFE.c 167 A 16.7981799999999986
miniFE.c 167 A 16.1756899999999995
miniFE.c 167 A 11.9519400000000005
miniFE.c 167 A 12.3511699999999998
miniFE.c 167 A 13.7164900000000003
miniFE.c 167 A 5.9638159999999996
miniFE.c 167 A 9.6121750000000006
miniFE.c 167 A 65.4017099999999942
miniFE.c 167 A 3.6681119999999998
miniFE.c 167 A 11.0858899999999991
miniFE.c 167 A 1.3002330000000000
miniFE.c 167 A 4.7210279999999996
miniFE.c 167 A 14.0634099999999993
miniFE.c 167 A 10.9336099999999998
miniFE.c 167 A 16.7981799999999986
miniFE.c 167 A 3.6681119999999998
miniFE.c 167 A 66.5612600000000043
miniFE.c 167 A 4.4892070000000004
miniFE.c 167 A 14.0526599999999995
miniFE.c 167 A 3.7993380000000001
miniFE.c 167 A 16.0564000000000000
miniFE.c 167 A 9.6522659999999991
miniFE.c 167 A 16.1756899999999995
miniFE.c 167 A 11.0858899999999991
miniFE.c 167 A 4.4892070000000004
miniFE.c 167 A 66.4632699999999943
miniFE.c 167 A 7.6122389999999998
miniFE.c 167 A 3.4261349999999999
miniFE.c 167 A 4.9967519999999999
miniFE.c 167 A 11.3974100000000007
miniFE.c 167 A 11.9519400000000005
miniFE.c 167 A 1.3002330000000000
miniFE.c 167 A 14.0526599999999995
miniFE.c 167 A 7.6122389999999998
miniFE.c 167 A 65.6581999999999937
miniFE.c 167 A 2.6745570000000001
miniFE.c 167 A 6.4080630000000003
miniFE.c 167 A 6.9539020000000002
miniFE.c 167 A 12.3511699999999998
miniFE.c 167 A 4.7210279999999996
miniFE.c 167 A 3.7993380000000001
miniFE.c 167 A 3.4261349999999999
miniFE.c 167 A 2.6745570000000001
miniFE.c 167 A 64.8721800000000002
miniFE.c 175 b 198.0110999999999990
miniFE.c 175 b 229.8237000000000023
miniFE.c 175 b 210.8053999999999917
miniFE.c 175 b 202.6418999999999926
miniFE.c 175 b 157.2561000000000035
miniFE.c 175 b 225.5886000000000138
miniFE.c 175 b 142.6283999999999992
miniFE.c 175 b 185.1795999999999935
miniFE.c 33 r 0.0000000000000000
miniFE.c 33 r 0.0000000000000000
miniFE.c 33 r 0.0000000000000000
miniFE.c 33 r 0.0000000000000000
miniFE.c 33 r 0.0000000000000000
miniFE.c 33 r 0.0000000000000000
miniFE.c 33 r 0.0000000000000000
miniFE.c 33 r 0.0000000000000000
miniFE.c 25 Ap 0.0000000000000000
miniFE.c 25 Ap 0.0000000000000000
miniFE.c 25 Ap 0.0000000000000000
miniFE.c 25 Ap 0.0000000000000000
miniFE.c 25 Ap 0.0000000000000000
miniFE.c 25 Ap 0.0000000000000000
miniFE.c 25 Ap 0.0000000000000000
miniFE.c 25 Ap 0.0000000000000000
miniFE.c 25 Ap 0.0000000000000000
miniFE.c 25 Ap 0.0000000000000000
miniFE.c 25 Ap 0.0000000000000000
miniFE.c 25 Ap 0.0000000000000000
miniFE.c 25 Ap 0.0000000000000000
miniFE.c 25 Ap 0.0000000000000000
miniFE.c 25 Ap 0.0000000000000000
miniFE.c 25 Ap 0.0000000000000000
miniFE.c 25 Ap 0.0000000000000000
miniFE.c 25 Ap 0.0000000000000000
miniFE.c 25 Ap 0.0000000000000000
miniFE.c 25 Ap 0.0000000000000000
miniFE.c 25 Ap 0.0000000000000000
miniFE.c 25 Ap 0.0000000000000000
miniFE.c 25 Ap 0.0000000000000000
miniFE.c 25 Ap 0.0000000000000000
miniFE.c 25 Ap 0.0000000000000000
miniFE.c 25 Ap 0.0000000000000000
miniFE.c 25 Ap 0.0000000000000000
miniFE.c 25 Ap 0.0000000000000000
miniFE.c 25 Ap 0.0000000000000000
miniFE.c 25 Ap 0.0000000000000000
miniFE.c 25 Ap 0.0000000000000000
miniFE.c 25 Ap 0.0000000000000000
miniFE.c 25 Ap 0.0000000000000000
miniFE.c 25 Ap 0.0000000000000000
miniFE.c 25 Ap 0.0000000000000000
miniFE.c 25 Ap 0.0000000000000000
miniFE.c 25 Ap 0.0000000000000000
miniFE.c 25 Ap 0.0000000000000000
miniFE.c 25 Ap 0.0000000000000000
miniFE.c 25 Ap 0.0000000000000000
miniFE.c 25 Ap 0.0000000000000000
miniFE.c 25 Ap 0.0000000000000000
miniFE.c 25 Ap 0.0000000000000000
miniFE.c 25 Ap 0.0000000000000000
miniFE.c 25 Ap 0.0000000000000000
miniFE.c 25 Ap 0.0000000000000000
miniFE.c 25 Ap 0.0000000000000000
miniFE.c 25 Ap 0.0000000000000000
miniFE.c 25 Ap 0.0000000000000000
miniFE.c 25 Ap 0.0000000000000000
miniFE.c 25 Ap 0.0000000000000000
miniFE.c 25 Ap 0.0000000000000000
miniFE.c 25 Ap 0.0000000000000000
miniFE.c 25 Ap 0.0000000000000000
miniFE.c 25 Ap 0.0000000000000000
miniFE.c 25 Ap 0.0000000000000000
miniFE.c 25 Ap 0.0000000000000000
miniFE.c 25 Ap 0.0000000000000000
miniFE.c 25 Ap 0.0000000000000000
miniFE.c 25 Ap 0.0000000000000000
miniFE.c 25 Ap 0.0000000000000000
miniFE.c 25 Ap 0.0000000000000000
miniFE.c 25 Ap 0.0000000000000000
miniFE.c 25 Ap 0.0000000000000000
miniFE.c 33 r 198.0110999999999990
miniFE.c 33 r 229.8237000000000023
miniFE.c 33 r 210.8053999999999917
miniFE.c 33 r 202.6418999999999926
miniFE.c 33 r 157.2561000000000035
miniFE.c 33 r 225.5886000000000138
miniFE.c 33 r 142.6283999999999992
miniFE.c 33 r 185.1795999999999935
miniFE.c 48 sum 39208.3957232100001420
miniFE.c 48 sum 92027.3288048999966122
miniFE.c 48 sum 136466.2454740600078367
miniFE.c 48 sum 177529.9851096700003836
miniFE.c 48 sum 202259.4660968800017145
miniFE.c 48 sum 253149.6825468399911188
miniFE.c 48 sum 273492.5430333999684080
miniFE.c 48 sum 307784.0272895599482581
miniFE.c 75 rtrans 307784.0272895599482581
miniFE.c 76 normr 554.7828649927464539
miniFE.c 33 r 198.0110999999999990
miniFE.c 33 r 229.8237000000000023
miniFE.c 33 r 210.8053999999999917
miniFE.c 33 r 202.6418999999999926
miniFE.c 33 r 157.2561000000000035
miniFE.c 33 r 225.5886000000000138
miniFE.c 33 r 142.6283999999999992
miniFE.c 33 r 185.1795999999999935
miniFE.c 87 normr 554.7828649927464539
miniFE.c 25 Ap 13285.4973312810016068
miniFE.c 25 Ap 16752.9738962160008668
miniFE.c 25 Ap 18717.5143203662009910
miniFE.c 25 Ap 21497.0499152972006414
miniFE.c 25 Ap 23708.6069245981998392
miniFE.c 25 Ap 27330.7477216381994367
miniFE.c 25 Ap 28043.4264645949988335
miniFE.c 25 Ap 29230.0690077097970061
miniFE.c 25 Ap 2987.5023718050001662
miniFE.c 25 Ap 18256.2053009880000900
miniFE.c 25 Ap 21290.1102936259994749
miniFE.c 25 Ap 22498.6292991164009436
miniFE.c 25 Ap 24218.0061666374022025
miniFE.c 25 Ap 26395.4473404050004319
miniFE.c 25 Ap 28021.0416928490012651
miniFE.c 25 Ap 29308.7624836482027604
miniFE.c 25 Ap 1845.3076172643000064
miniFE.c 25 Ap 5152.9234129532997031
miniFE.c 25 Ap 19418.9870250392996240
miniFE.c 25 Ap 21366.8164301717988565
miniFE.c 25 Ap 24008.4327040697971825
miniFE.c 25 Ap 27657.4839652037990163
miniFE.c 25 Ap 29362.1700442997971550
miniFE.c 25 Ap 31649.3547644317950471
miniFE.c 25 Ap 2716.0172730389999742
miniFE.c 25 Ap 4086.6435322781999275
miniFE.c 25 Ap 6112.9419280231995799
miniFE.c 25 Ap 19366.0687056721981207
miniFE.c 25 Ap 19942.9016931553996983
miniFE.c 25 Ap 22443.7520980093977414
miniFE.c 25 Ap 22629.2022504265987664
miniFE.c 25 Ap 23503.4403270553993934
miniFE.c 25 Ap 2784.7112838509997346
miniFE.c 25 Ap 5297.5139884079999320
miniFE.c 25 Ap 8838.6610425799990480
miniFE.c 25 Ap 9581.9742276727993158
miniFE.c 25 Ap 20049.1383863587980159
miniFE.c 25 Ap 21061.8523085989982064
miniFE.c 25 Ap 23066.1607201429978886
miniFE.c 25 Ap 23769.7206112477979332
miniFE.c 25 Ap 3179.3454260399998930
miniFE.c 25 Ap 5397.6649115441996400
miniFE.c 25 Ap 8807.5877122702004272
miniFE.c 25 Ap 11054.0535250612010714
miniFE.c 25 Ap 11760.0087099739012046
miniFE.c 25 Ap 26753.3647406958989450
miniFE.c 25 Ap 27839.0862096834971453
miniFE.c 25 Ap 28473.5365185294976982
miniFE.c 25 Ap 989.4123599472000024
miniFE.c 25 Ap 3608.8072965641999872
miniFE.c 25 Ap 6128.3407890401995246
miniFE.c 25 Ap 6391.8224746028990921
miniFE.c 25 Ap 8601.6889808288997301
miniFE.c 25 Ap 10318.9233197042995016
miniFE.c 25 Ap 19683.6473325842962367
miniFE.c 25 Ap 20178.9207280214977800
miniFE.c 25 Ap 1268.8676034993000030
miniFE.c 25 Ap 2867.0390905766998912
miniFE.c 25 Ap 5470.7324228946999938
miniFE.c 25 Ap 6427.4105067679001877
miniFE.c 25 Ap 7024.8795832297000743
miniFE.c 25 Ap 7797.7765812907000509
miniFE.c 25 Ap 8179.2443669095000587
miniFE.c 25 Ap 20192.2487104374995397
miniFE.c 57 sum 5787878.1172925252467394
miniFE.c 57 sum 12523726.3537057451903820
miniFE.c 57 sum 19195581.2445636950433254
miniFE.c 57 sum 23958363.0489748232066631
miniFE.c 57 sum 27696296.6103892698884010
miniFE.c 57 sum 34119601.8506532162427902
miniFE.c 57 sum 36997689.0278177559375763
miniFE.c 57 sum 40736881.5671170875430107
miniFE.c 90 p_ap_dot 40736881.5671170875430107
miniFE.c 91 alpha 0.0075554145395853
miniFE.c 40 y 1.4960559439392744
miniFE.c 40 y 1.7364133245212852
miniFE.c 40 y 1.5927221841830903
miniFE.c 40 y 1.5310435575891859
miniFE.c 40 y 1.1881350243784765
miniFE.c 40 y 1.7044153884046875
miniFE.c 40 y 1.0776166871177848
miniFE.c 40 y 1.3991086422745860
miniFE.c 40 y -22.8341883739316245
miniFE.c 40 y 8.3838497937928480
miniFE.c 40 y -28.3185951556805833
miniFE.c 40 y 25.0636652226906733
miniFE.c 40 y -22.3339927081014764
miniFE.c 40 y 10.4592281944898673
miniFE.c 40 y -9.8317110616323760
miniFE.c 40 y 32.6187905062384118
miniFE.c 82 oldrtrans 307784.0272895599482581
miniFE.c 48 sum 521.4001586961941257
miniFE.c 48 sum 591.6890960610744514
miniFE.c 48 sum 1393.6319276524102406
miniFE.c 48 sum 2021.8192420475243125
miniFE.c 48 sum 2520.6264723330541528
miniFE.c 48 sum 2630.0219267574657351
miniFE.c 48 sum 2726.6844691568903727
miniFE.c 48 sum 3790.6699632467598349
miniFE.c 83 rtrans 3790.6699632467598349
miniFE.c 84 beta 0.0123160061184089
miniFE.c 40 y -20.3954824548187439
miniFE.c 40 y 11.2143598891482252
miniFE.c 40 y -25.7223145594869429
miniFE.c 40 y 27.5594041029366821
miniFE.c 40 y -20.3972256183443506
miniFE.c 40 y 13.2375787723331708
miniFE.c 40 y -8.0750988145735008
miniFE.c 40 y 34.8994635928429275
miniFE.c 87 normr 61.5684169298412272
miniFE.c 25 Ap -1368.4289806161518754
miniFE.c 25 Ap -1199.2317650706336281
miniFE.c 25 Ap -1438.9434933034935966
miniFE.c 25 Ap -1060.9252025196035447
miniFE.c 25 Ap -1347.7797492528836756
miniFE.c 25 Ap -1135.2318894527934390
miniFE.c 25 Ap -1175.5811556047112845
miniFE.c 25 Ap -951.9431942355674892
miniFE.c 25 Ap -307.7178613112005223
miniFE.c 25 Ap 437.3259687565855529
miniFE.c 25 Ap 67.1311892858862507
miniFE.c 25 Ap 231.4904044254456608
miniFE.c 25 Ap 8.4750944324596844
miniFE.c 25 Ap 136.2477259389728772
miniFE.c 25 Ap 44.2125139587647027
miniFE.c 25 Ap 286.8999636359623082
miniFE.c 25 Ap -190.0698452342187466
miniFE.c 25 Ap -28.6731141403941479
miniFE.c 25 Ap -1769.4073446474239972
miniFE.c 25 Ap -1504.5015295142784453
miniFE.c 25 Ap -1847.1377969518380269
miniFE.c 25 Ap -1633.0108263799961605
miniFE.c 25 Ap -1729.5239229058497585
miniFE.c 25 Ap -1298.4747151618360022
miniFE.c 25 Ap -279.7544311366967804
miniFE.c 25 Ap -212.8740522000363740
miniFE.c 25 Ap -460.1214411508727835
miniFE.c 25 Ap 1342.3107137622018854
miniFE.c 25 Ap 1267.4914057048456471
miniFE.c 25 Ap 1414.2417478412662604
miniFE.c 25 Ap 1403.7422378842968556
miniFE.c 25 Ap 1568.5035826910889227
miniFE.c 25 Ap -286.8300319099224680
miniFE.c 25 Ap -164.2165944823325390
miniFE.c 25 Ap -596.3046644692149130
miniFE.c 25 Ap -495.2136835663836223
miniFE.c 25 Ap -1852.8787212276629361
miniFE.c 25 Ap -1793.4524899398534217
miniFE.c 25 Ap -1906.9291080474579303
miniFE.c 25 Ap -1774.3342498395531948
miniFE.c 25 Ap -327.4780244875516928
miniFE.c 25 Ap -219.2340398177625218
miniFE.c 25 Ap -635.3102262145098393
miniFE.c 25 Ap -329.7897038638051299
miniFE.c 25 Ap -421.3570718902559520
miniFE.c 25 Ap 458.4557002015919807
miniFE.c 25 Ap 396.9861180764418123
miniFE.c 25 Ap 516.5563917731067249
miniFE.c 25 Ap -101.9111677470804693
miniFE.c 25 Ap 25.9034897970964124
miniFE.c 25 Ap -281.5280704790179698
miniFE.c 25 Ap -245.6944238040443054
miniFE.c 25 Ap -532.3297003619271663
miniFE.c 25 Ap -431.5620869656004857
miniFE.c 25 Ap -961.7585399526303718
miniFE.c 25 Ap -868.4179353041471359
miniFE.c 25 Ap -130.6955364858731627
miniFE.c 25 Ap -52.7119768240055322
miniFE.c 25 Ap -370.4126567417038700
miniFE.c 25 Ap -240.3039383084249323
miniFE.c 25 Ap -317.7998926947741438
miniFE.c 25 Ap -272.4461607476264362
miniFE.c 25 Ap -294.0434728078357125
miniFE.c 25 Ap 1969.9608112905175403
miniFE.c 57 sum 19415.3407160156275495
miniFE.c 57 sum 22632.7401604128463077
miniFE.c 57 sum 56032.5152313458020217
miniFE.c 57 sum 99259.5393036334862700
miniFE.c 57 sum 135451.0353199666133150
miniFE.c 57 sum 142288.9912464153021574
miniFE.c 57 sum 149301.5518863441830035
miniFE.c 57 sum 218052.1274993049155455
miniFE.c 90 p_ap_dot 218052.1274993049155455
miniFE.c 91 alpha 0.0173842374606450
miniFE.c 40 y 1.1414960338202862
miniFE.c 40 y 1.9313664198033706
miniFE.c 40 y 1.1455593598435627
miniFE.c 40 y 2.0101427827885114
miniFE.c 40 y 0.8335448106908265
miniFE.c 40 y 1.9345406011869211
miniFE.c 40 y 0.9372372518070660
miniFE.c 40 y 2.0058092046217029
miniFE.c 40 y -6.2853818362955991
miniFE.c 40 y 3.3963126984948593
miniFE.c 40 y -5.7456023706638284
miniFE.c 40 y -2.2035735166836723
miniFE.c 40 y 8.5114552256647578
miniFE.c 40 y 1.4792892180922035
miniFE.c 40 y 5.2650725407779788
miniFE.c 40 y -1.6274760254008527
miniFE.c 82 oldrtrans 3790.6699632467598349
miniFE.c 48 sum 39.5060248280346400
miniFE.c 48 sum 51.0409647739920729
miniFE.c 48 sum 84.0529113757698809
miniFE.c 48 sum 88.9086476191995274
miniFE.c 48 sum 161.3535176776954359
miniFE.c 48 sum 163.5418142684592908
miniFE.c 48 sum 191.2628031281135748
miniFE.c 48 sum 193.9114813413681304
miniFE.c 83 rtrans 193.9114813413681304
miniFE.c 84 beta 0.0511549365208467
miniFE.c 40 y -7.3287114465838936
miniFE.c 40 y 3.9699825667461655
miniFE.c 40 y -7.0614257391236324
miniFE.c 40 y -0.7937739492455855
miniFE.c 40 y 7.4680364439569651
miniFE.c 40 y 2.1564567198806142
miniFE.c 40 y 4.8519913735189073
miniFE.c 40 y 0.1578038193026263
miniFE.c 87 normr 13.9252102799694963
miniFE.c 25 Ap -491.7177691822269026
miniFE.c 25 Ap -431.8204587073157654
miniFE.c 25 Ap -497.6273892538913515
miniFE.c 25 Ap -508.5151816909789204
miniFE.c 25 Ap -403.4891232846700859
miniFE.c 25 Ap -368.8641916075790164
miniFE.c 25 Ap -344.6199940079656585
miniFE.c 25 Ap -343.6087771922337879
miniFE.c 25 Ap -110.5723003859068285
miniFE.c 25 Ap 153.1798037081557595
miniFE.c 25 Ap 51.5519763134606137
miniFE.c 25 Ap 46.8180545345666062
miniFE.c 25 Ap 128.4706524785789270
miniFE.c 25 Ap 149.2853463563540970
miniFE.c 25 Ap 204.5854813568122381
miniFE.c 25 Ap 205.6828336514683997
miniFE.c 25 Ap -68.2978229862534221
miniFE.c 25 Ap -11.1619529851196120
miniFE.c 25 Ap -489.0375139828888678
miniFE.c 25 Ap -496.6674080934785707
miniFE.c 25 Ap -371.2179876613295733
miniFE.c 25 Ap -336.3358122621239090
miniFE.c 25 Ap -278.3448583446833595
miniFE.c 25 Ap -276.3957965458273520
miniFE.c 25 Ap -100.5241972699535182
miniFE.c 25 Ap -76.8479517186716663
miniFE.c 25 Ap -144.7236116726323871
miniFE.c 25 Ap -196.6377853067468777
miniFE.c 25 Ap -169.2441912102310084
miniFE.c 25 Ap -145.3379492238736930
miniFE.c 25 Ap -139.0292299243090781
miniFE.c 25 Ap -138.2842336748744287
miniFE.c 25 Ap -103.0666738450023843
miniFE.c 25 Ap -59.6604327534008405
miniFE.c 25 Ap -178.2795333758326422
miniFE.c 25 Ap -181.1911851243477543
miniFE.c 25 Ap 315.8907303113472835
miniFE.c 25 Ap 325.5715109134323484
miniFE.c 25 Ap 393.7548960084265559
miniFE.c 25 Ap 394.3544460556481681
miniFE.c 25 Ap -117.6727224709296280
miniFE.c 25 Ap -79.3533947213328901
miniFE.c 25 Ap -193.5768284354176387
miniFE.c 25 Ap -202.3765191216197934
miniFE.c 25 Ap -168.8509576411530588
miniFE.c 25 Ap -25.5257924244134529
miniFE.c 25 Ap 11.4087255367507368
miniFE.c 25 Ap 11.9493827251971396
miniFE.c 25 Ap -36.6197535781409655
miniFE.c 25 Ap 8.6277654279174527
miniFE.c 25 Ap -75.7699713205438599
miniFE.c 25 Ap -76.8020624038933022
miniFE.c 25 Ap 28.1437146106429736
miniFE.c 25 Ap 44.5591785555302593
miniFE.c 25 Ap 363.1321985563093335
miniFE.c 25 Ap 363.5542538658519334
miniFE.c 25 Ap -46.9628446585307273
miniFE.c 25 Ap -19.3559749476694343
miniFE.c 25 Ap -106.5728446939610734
miniFE.c 25 Ap -110.3202737340200628
miniFE.c 25 Ap -81.9466790871094872
miniFE.c 25 Ap -74.5583672431413191
miniFE.c 25 Ap -61.5814397511567080
miniFE.c 25 Ap -51.3443619806692624
miniFE.c 57 sum 2518.2095785554183749
miniFE.c 57 sum 3334.7668424306993984
miniFE.c 57 sum 5286.5152343449835826
miniFE.c 57 sum 5396.2816566274877914
miniFE.c 57 sum 8341.3350316075302544
miniFE.c 57 sum 8367.1033582837062568
miniFE.c 57 sum 10131.0654618469234265
miniFE.c 57 sum 10122.9631254267169425
miniFE.c 90 p_ap_dot 10122.9631254267169425
miniFE.c 91 alpha 0.0191556048302008
miniFE.c 40 y 1.0011101334349561
miniFE.c 40 y 2.0074138370347461
miniFE.c 40 y 1.0102934788471021
miniFE.c 40 y 1.9949375626922552
miniFE.c 40 y 0.9765995656688038
miniFE.c 40 y 1.9758488339463851
miniFE.c 40 y 1.0301800811977371
miniFE.c 40 y 2.0088320322249604
miniFE.c 40 y 0.2966521157873281
miniFE.c 40 y -0.5436663832885866
miniFE.c 40 y -0.4510737153033935
miniFE.c 40 y 0.4453446178393619
miniFE.c 40 y 0.9573572939900421
miniFE.c 40 y 1.2503915646434998
miniFE.c 40 y -1.6990290806147650
miniFE.c 40 y -0.6439437170403687
miniFE.c 82 oldrtrans 193.9114813413681304
miniFE.c 48 sum 0.0880024778010983
miniFE.c 48 sum 0.3835756141191907
miniFE.c 48 sum 0.5870431107567976
miniFE.c 48 sum 0.7853749393952849
miniFE.c 48 sum 1.7019079277512208
miniFE.c 48 sum 3.2653869926828403
miniFE.c 48 sum 6.1520868094574936
miniFE.c 48 sum 6.5667503201732602
miniFE.c 83 rtrans 6.5667503201732602
miniFE.c 84 beta 0.0338646802899357
miniFE.c 40 y 0.0484676457115725
miniFE.c 40 y -0.4092241929091095
miniFE.c 40 y -0.6902066403499381
miniFE.c 40 y 0.4184637168256805
miniFE.c 40 y 1.2102599605582329
miniFE.c 40 y 1.3234192820213402
miniFE.c 40 y -1.5347179439810212
miniFE.c 40 y -0.6385997411511545
miniFE.c 87 normr 2.5625671347641332
miniFE.c 25 Ap 3.2519226334007008
miniFE.c 25 Ap -2.9222678383251339
miniFE.c 25 Ap -9.3544505337606001
miniFE.c 25 Ap -3.6145971465583226
miniFE.c 25 Ap 13.4057848853559367
miniFE.c 25 Ap 34.6551342452033850
miniFE.c 25 Ap 26.9865292891803286
miniFE.c 25 Ap 22.8943419161000392
miniFE.c 25 Ap 0.7312580280556357
miniFE.c 25 Ap -26.4562018943277799
miniFE.c 25 Ap -36.3896351560448750
miniFE.c 25 Ap -33.8939945462204122
miniFE.c 25 Ap -20.6614841388613115
miniFE.c 25 Ap -7.8874891992623191
miniFE.c 25 Ap -25.3792988411710532
miniFE.c 25 Ap -29.8200588583615485
miniFE.c 25 Ap 0.4516803139946807
miniFE.c 25 Ap -5.4378619936274362
miniFE.c 25 Ap -52.1469682912667807
miniFE.c 25 Ap -48.1246218139878934
miniFE.c 25 Ap -27.7944571497377986
miniFE.c 25 Ap -6.3872371037380269
miniFE.c 25 Ap -24.7300938871225533
miniFE.c 25 Ap -32.6175478520364592
miniFE.c 25 Ap 0.6648059777263271
miniFE.c 25 Ap -1.7757318115321066
miniFE.c 25 Ap -8.4101188247377721
miniFE.c 25 Ap 18.9581238286174987
miniFE.c 25 Ap 23.3974929130606810
miniFE.c 25 Ap 38.0687734974282321
miniFE.c 25 Ap 36.0732825809719557
miniFE.c 25 Ap 33.0584353222046019
miniFE.c 25 Ap 0.6816203733765858
miniFE.c 25 Ap -3.7926773544563832
miniFE.c 25 Ap -15.3868927362499051
miniFE.c 25 Ap -13.8519209549970252
miniFE.c 25 Ap 66.7045069473092695
miniFE.c 25 Ap 72.6456100520944403
miniFE.c 25 Ap 51.0787405894301045
miniFE.c 25 Ap 48.6524843260843625
miniFE.c 25 Ap 0.7782159066032927
miniFE.c 25 Ap -3.1717248569907457
miniFE.c 25 Ap -14.3362935072328348
miniFE.c 25 Ap -9.6972507735121916
miniFE.c 25 Ap -4.2641432867544475
miniFE.c 25 Ap 83.6946297774360204
miniFE.c 25 Ap 72.0119899902638707
miniFE.c 25 Ap 69.8240610661149645
miniFE.c 25 Ap 0.2421808056445913
miniFE.c 25 Ap -4.4219151028596224
miniFE.c 25 Ap -12.6712234559236627
miniFE.c 25 Ap -12.1271231220042583
miniFE.c 25 Ap 4.8802486153339988
miniFE.c 25 Ap 14.9544324872888428
miniFE.c 25 Ap -85.8123852222058332
miniFE.c 25 Ap -87.5203566300998403
miniFE.c 25 Ap 0.3105837271814364
miniFE.c 25 Ap -2.5351212063376063
miniFE.c 25 Ap -11.0599807564285513
miniFE.c 25 Ap -9.0844018323104425
miniFE.c 25 Ap -4.4862151742830472
miniFE.c 25 Ap 0.0479979475251371
miniFE.c 25 Ap -4.0566926725749113
miniFE.c 25 Ap -45.4840500284860099
miniFE.c 57 sum 1.1096348527891406
miniFE.c 57 sum 13.3127243716042862
miniFE.c 57 sum 35.8255724910117124
miniFE.c 57 sum 49.6593282083828100
miniFE.c 57 sum 108.5414819699297198
miniFE.c 57 sum 200.9479907338617863
miniFE.c 57 sum 335.2670525176943670
miniFE.c 57 sum 364.3131550923916961
miniFE.c 90 p_ap_dot 364.3131550923916961
miniFE.c 91 alpha 0.0180250156448726
miniFE.c 40 y 1.0019837635071773
miniFE.c 40 y 2.0000375645552988
miniFE.c 40 y 0.9978524933565995
miniFE.c 40 y 2.0024803777348494
miniFE.c 40 y 0.9984145203922289
miniFE.c 40 y 1.9997034872095458
miniFE.c 40 y 1.0025167662470125
miniFE.c 40 y 1.9973212618998992
miniFE.c 40 y -0.1160187554294378
miniFE.c 40 y -0.0061593558355978
miniFE.c 40 y 0.1368580950269446
miniFE.c 40 y -0.1505341960383852
miniFE.c 40 y 0.0803955028504523
miniFE.c 40 y -0.0081882284617627
miniFE.c 40 y -0.1214732831123855
miniFE.c 40 y 0.1759069963152599
miniFE.c 82 oldrtrans 6.5667503201732602
miniFE.c 48 sum 0.0134603516113957
miniFE.c 48 sum 0.0134982892757052
miniFE.c 48 sum 0.0322284274501094
miniFE.c 48 sum 0.0548889716270324
miniFE.c 48 sum 0.0613524085056095
miniFE.c 48 sum 0.0614194555909515
miniFE.c 48 sum 0.0761752141010533
miniFE.c 48 sum 0.1071184854537101
miniFE.c 83 rtrans 0.1071184854537101
miniFE.c 84 beta 0.0163122519101478
miniFE.c 40 y -0.1152281389830988
miniFE.c 40 y -0.0128347239580581
miniFE.c 40 y 0.1255992704394996
miniFE.c 40 y -0.1437081104742680
miniFE.c 40 y 0.1001375682038437
miniFE.c 40 y 0.0133997202493164
miniFE.c 40 y -0.1465079888256280
miniFE.c 40 y 0.1654899964678470
miniFE.c 87 normr 0.3272896048665617
miniFE.c 25 Ap -7.7311985689107114
miniFE.c 25 Ap -7.9248431083641115
miniFE.c 25 Ap -6.7543567544938110
miniFE.c 25 Ap -8.7255276147330036
miniFE.c 25 Ap -7.3172519366793853
miniFE.c 25 Ap -7.1021006684682622
miniFE.c 25 Ap -7.8341647546486968
miniFE.c 25 Ap -6.7736944314129559
miniFE.c 25 Ap -1.7385103083144529
miniFE.c 25 Ap -2.5912056016791372
miniFE.c 25 Ap -0.7835846694919721
miniFE.c 25 Ap -1.6406333980681791
miniFE.c 25 Ap -0.5457682809789512
miniFE.c 25 Ap -0.4164306168069634
miniFE.c 25 Ap -2.0862422337280648
miniFE.c 25 Ap -0.9354410163103104
miniFE.c 25 Ap -1.0738355707771015
miniFE.c 25 Ap -1.2585525329397551
miniFE.c 25 Ap 7.2412637987172799
miniFE.c 25 Ap 5.8599162919192826
miniFE.c 25 Ap 7.5420451873697258
miniFE.c 25 Ap 7.7587949082093903
miniFE.c 25 Ap 6.0077402162448132
miniFE.c 25 Ap 8.0517352959185917
miniFE.c 25 Ap -1.5805256160802854
miniFE.c 25 Ap -1.6570695481769357
miniFE.c 25 Ap -0.4497873808401387
miniFE.c 25 Ap -9.8485435467261748
miniFE.c 25 Ap -9.4812277311468378
miniFE.c 25 Ap -9.3326799064321442
miniFE.c 25 Ap -9.5231744282668576
miniFE.c 25 Ap -8.7418915212222501
miniFE.c 25 Ap -1.6205005620563018
miniFE.c 25 Ap -1.7608304282713656
miniFE.c 25 Ap 0.3490087244400273
miniFE.c 25 Ap -0.1781287200879608
miniFE.c 25 Ap 6.4871539928958146
miniFE.c 25 Ap 6.5473081108370872
miniFE.c 25 Ap 4.4884811565867366
miniFE.c 25 Ap 5.1172335887868936
miniFE.c 25 Ap -1.8501490907682281
miniFE.c 25 Ap -1.9740332604479778
miniFE.c 25 Ap 0.0576216024075311
miniFE.c 25 Ap -1.5355107024180514
miniFE.c 25 Ap -1.0859724302743787
miniFE.c 25 Ap -0.1953832054195979
miniFE.c 25 Ap -1.3106370317696079
miniFE.c 25 Ap -0.7436459627212407
miniFE.c 25 Ap -0.5757664339200771
miniFE.c 25 Ap -0.7220490451068883
miniFE.c 25 Ap 0.7791058992297845
miniFE.c 25 Ap 0.5922518716234956
miniFE.c 25 Ap 1.9994510708189224
miniFE.c 25 Ap 2.1014529438898579
miniFE.c 25 Ap -7.5179978880209921
miniFE.c 25 Ap -7.0753854595379364
miniFE.c 25 Ap -0.7383891739764533
miniFE.c 25 Ap -0.8276405865778416
miniFE.c 25 Ap 0.7236573544963925
miniFE.c 25 Ap 0.0452073411202801
miniFE.c 25 Ap 0.4256638092247353
miniFE.c 25 Ap 0.4715730597611268
miniFE.c 25 Ap 0.0797290926916216
miniFE.c 25 Ap 10.8154259317531594
miniFE.c 57 sum 0.7805202033718946
miniFE.c 57 sum 0.7925263305952828
miniFE.c 57 sum 1.8038184095346261
miniFE.c 57 sum 3.0600991220204996
miniFE.c 57 sum 3.5725264495326474
miniFE.c 57 sum 3.5625618016676492
miniFE.c 57 sum 4.5991622955106441
miniFE.c 57 sum 6.3890070947547359
miniFE.c 90 p_ap_dot 6.3890070947547359
miniFE.c 91 alpha 0.0167660614341237
miniFE.c 40 y 1.0000518414500470
miniFE.c 40 y 1.9998223767849279
miniFE.c 40 y 0.9999582984408693
miniFE.c 40 y 2.0000709587260559
miniFE.c 40 y 1.0000934330125983
miniFE.c 40 y 1.9999281477424460
miniFE.c 40 y 1.0000604043057721
miniFE.c 40 y 2.0000958773474120
miniFE.c 40 y -0.0024505784563866
miniFE.c 40 y 0.0095243057118600
miniFE.c 40 y 0.0018622064042713
miniFE.c 40 y -0.0039671057431279
miniFE.c 40 y -0.0054003498719101
miniFE.c 40 y 0.0042797854344597
miniFE.c 40 y -0.0028469358276669
miniFE.c 40 y -0.0054250992927282
miniFE.c 82 oldrtrans 0.1071184854537101
miniFE.c 48 sum 0.0000060053347709
miniFE.c 48 sum 0.0000967177340639
miniFE.c 48 sum 0.0001001855467560
miniFE.c 48 sum 0.0001159234747331
miniFE.c 48 sum 0.0001450872534722
miniFE.c 48 sum 0.0001634038168372
miniFE.c 48 sum 0.0001715088604440
miniFE.c 48 sum 0.0002009405627800
miniFE.c 83 rtrans 0.0002009405627800
miniFE.c 84 beta 0.0018758719555164
miniFE.c 40 y -0.0026667316907913
miniFE.c 40 y 0.0095002294131303
miniFE.c 40 y 0.0020978145533221
miniFE.c 40 y -0.0042366837573469
miniFE.c 40 y -0.0052125046160229
miniFE.c 40 y 0.0043049215938871
miniFE.c 40 y -0.0031217660551640
miniFE.c 40 y -0.0051146612494356
miniFE.c 87 normr 0.0141753505346432
miniFE.c 25 Ap -0.1789235894414523
miniFE.c 25 Ap -0.0355884031593788
miniFE.c 25 Ap -0.0160384225024705
miniFE.c 25 Ap -0.0741508528932811
miniFE.c 25 Ap -0.1474564424353034
miniFE.c 25 Ap -0.0783348993552139
miniFE.c 25 Ap -0.0939335901348868
miniFE.c 25 Ap -0.1267086616449291
miniFE.c 25 Ap -0.0402344477213984
miniFE.c 25 Ap 0.5909283987046778
miniFE.c 25 Ap 0.6211200828216524
miniFE.c 25 Ap 0.5958532804426472
miniFE.c 25 Ap 0.5388617878478532
miniFE.c 25 Ap 0.5804140361811959
miniFE.c 25 Ap 0.5448339885264092
miniFE.c 25 Ap 0.5092671354346361
miniFE.c 25 Ap -0.0248518406403343
miniFE.c 25 Ap 0.1118751760665541
miniFE.c 25 Ap 0.2538428669513816
miniFE.c 25 Ap 0.2131191212561061
miniFE.c 25 Ap 0.1255585304653229
miniFE.c 25 Ap 0.1951936076423471
miniFE.c 25 Ap 0.1578824470569904
miniFE.c 25 Ap 0.0947103964727983
miniFE.c 25 Ap -0.0365781985694220
miniFE.c 25 Ap 0.0200794216082749
miniFE.c 25 Ap 0.0402439822123534
miniFE.c 25 Ap -0.2368423802473558
miniFE.c 25 Ap -0.2559624309794448
miniFE.c 25 Ap -0.2082385437309873
miniFE.c 25 Ap -0.2122975669741913
miniFE.c 25 Ap -0.2364440259432920
miniFE.c 25 Ap -0.0375033411275913
miniFE.c 25 Ap 0.0663684621861039
miniFE.c 25 Ap 0.1016079286594276
miniFE.c 25 Ap 0.0860672981288985
miniFE.c 25 Ap -0.2608835768694007
miniFE.c 25 Ap -0.2415578927156714
miniFE.c 25 Ap -0.2854270096884323
miniFE.c 25 Ap -0.3048593365305406
miniFE.c 25 Ap -0.0428181107200215
miniFE.c 25 Ap 0.0488806306365357
miniFE.c 25 Ap 0.0828142285285620
miniFE.c 25 Ap 0.0358468184298281
miniFE.c 25 Ap 0.0124468062200458
miniFE.c 25 Ap 0.2985659724433972
miniFE.c 25 Ap 0.2748023431294017
miniFE.c 25 Ap 0.2572788232095665
miniFE.c 25 Ap -0.0133249969094248
miniFE.c 25 Ap 0.0949530128060802
miniFE.c 25 Ap 0.1200259664785124
miniFE.c 25 Ap 0.1145172904466460
miniFE.c 25 Ap 0.0412677353292459
miniFE.c 25 Ap 0.0740378273781758
miniFE.c 25 Ap -0.1309317126249929
miniFE.c 25 Ap -0.1446111656722998
miniFE.c 25 Ap -0.0170885846786872
miniFE.c 25 Ap 0.0489750796377382
miniFE.c 25 Ap 0.0748855438142931
miniFE.c 25 Ap 0.0548840411687134
miniFE.c 25 Ap 0.0350799743058823
miniFE.c 25 Ap 0.0498292168509548
miniFE.c 25 Ap 0.0414798755957536
miniFE.c 25 Ap -0.2903193496166606
miniFE.c 57 sum 0.0003378980035063
miniFE.c 57 sum 0.0051760526227030
miniFE.c 57 sum 0.0053747374707746
miniFE.c 57 sum 0.0063764760350102
miniFE.c 57 sum 0.0079655567339133
miniFE.c 57 sum 0.0090731218955980
miniFE.c 57 sum 0.0095245641237915
miniFE.c 57 sum 0.0110094492512372
miniFE.c 90 p_ap_dot 0.0110094492512372
miniFE.c 91 alpha 0.0182516453089083
miniFE.c 40 y 1.0000031692090927
miniFE.c 40 y 1.9999957716025296
miniFE.c 40 y 0.9999965870080203
miniFE.c 40 y 1.9999936322768308
miniFE.c 40 y 0.9999982962271756
miniFE.c 40 y 2.0000067196444604
miniFE.c 40 y 1.0000034269389959
miniFE.c 40 y 2.0000025263644119
miniFE.c 40 y -0.0001379369064768
miniFE.c 40 y 0.0002293425884232
miniFE.c 40 y 0.0001335858407837
miniFE.c 40 y 0.0003483867537994
miniFE.c 40 y 0.0001638346075545
miniFE.c 40 y -0.0004159763922547
miniFE.c 40 y -0.0002075441241083
miniFE.c 40 y -0.0001262934972120
