filename line variable value
miniFE.c 167 A 67.0947100000000063
miniFE.c 167 A 15.0875500000000002
miniFE.c 167 A 9.3192129999999995
miniFE.c 167 A 13.7164900000000003
miniFE.c 167 A 14.0634099999999993
miniFE.c 167 A 16.0564000000000000
miniFE.c 167 A 4.9967519999999999
miniFE.c 167 A 6.4080630000000003
miniFE.c 167 A 15.0875500000000002
miniFE.c 167 A 66.4365899999999954
miniFE.c 167 A 14.3919700000000006
miniFE.c 167 A 5.9638159999999996
miniFE.c 167 A 10.9336099999999998
miniFE.c 167 A 9.6522659999999991
miniFE.c 167 A 11.3974100000000007
miniFE.c 167 A 6.9539020000000002
miniFE.c 167 A 9.3192129999999995
miniFE.c 167 A 14.3919700000000006
miniFE.c 167 A 67.6740900000000067
miniFE.c 167 A 9.6121750000000006
miniFE.c 167 A 16.7981799999999986
miniFE.c 167 A 16.1756899999999995
miniFE.c 167 A 11.9519400000000005
miniFE.c 167 A 12.3511699999999998
miniFE.c 167 A 13.7164900000000003
miniFE.c 167 A 5.9638159999999996
miniFE.c 167 A 9.6121750000000006
miniFE.c 167 A 65.4017099999999942
miniFE.c 167 A 3.6681119999999998
miniFE.c 167 A 11.0858899999999991
miniFE.c 167 A 1.3002330000000000
miniFE.c 167 A 4.7210279999999996
miniFE.c 167 A 14.0634099999999993
miniFE.c 167 A 10.9336099999999998
miniFE.c 167 A 16.7981799999999986
miniFE.c 167 A 3.6681119999999998
miniFE.c 167 A 66.5612600000000043
miniFE.c 167 A 4.4892070000000004
miniFE.c 167 A 14.0526599999999995
miniFE.c 167 A 3.7993380000000001
miniFE.c 167 A 16.0564000000000000
miniFE.c 167 A 9.6522659999999991
miniFE.c 167 A 16.1756899999999995
miniFE.c 167 A 11.0858899999999991
miniFE.c 167 A 4.4892070000000004
miniFE.c 167 A 66.4632699999999943
miniFE.c 167 A 7.6122389999999998
miniFE.c 167 A 3.4261349999999999
miniFE.c 167 A 4.9967519999999999
miniFE.c 167 A 11.3974100000000007
miniFE.c 167 A 11.9519400000000005
miniFE.c 167 A 1.3002330000000000
miniFE.c 167 A 14.0526599999999995
miniFE.c 167 A 7.6122389999999998
miniFE.c 167 A 65.6581999999999937
miniFE.c 167 A 2.6745570000000001
miniFE.c 167 A 6.4080630000000003
miniFE.c 167 A 6.9539020000000002
miniFE.c 167 A 12.3511699999999998
miniFE.c 167 A 4.7210279999999996
miniFE.c 167 A 3.7993380000000001
miniFE.c 167 A 3.4261349999999999
miniFE.c 167 A 2.6745570000000001
miniFE.c 167 A 64.8721800000000002
miniFE.c 175 b 198.0110999999999990
miniFE.c 175 b 229.8237000000000023
miniFE.c 175 b 210.8053999999999917
miniFE.c 175 b 202.6418999999999926
miniFE.c 175 b 157.2561000000000035
miniFE.c 175 b 225.5886000000000138
miniFE.c 175 b 142.6283999999999992
miniFE.c 175 b 185.1795999999999935
miniFE.c 33 r 0.0000000000000000
miniFE.c 33 r 0.0000000000000000
miniFE.c 33 r 0.0000000000000000
miniFE.c 33 r 0.0000000000000000
miniFE.c 33 r 0.0000000000000000
miniFE.c 33 r 0.0000000000000000
miniFE.c 33 r 0.0000000000000000
miniFE.c 33 r 0.0000000000000000
miniFE.c 25 Ap 0.0000000000000000
miniFE.c 25 Ap 0.0000000000000000
miniFE.c 25 Ap 0.0000000000000000
miniFE.c 25 Ap 0.0000000000000000
miniFE.c 25 Ap 0.0000000000000000
miniFE.c 25 Ap 0.0000000000000000
miniFE.c 25 Ap 0.0000000000000000
miniFE.c 25 Ap 0.0000000000000000
miniFE.c 25 Ap 0.0000000000000000
miniFE.c 25 Ap 0.0000000000000000
miniFE.c 25 Ap 0.0000000000000000
miniFE.c 25 Ap 0.0000000000000000
miniFE.c 25 Ap 0.0000000000000000
miniFE.c 25 Ap 0.0000000000000000
miniFE.c 25 Ap 0.0000000000000000
miniFE.c 25 Ap 0.0000000000000000
miniFE.c 25 Ap 0.0000000000000000
miniFE.c 25 Ap 0.0000000000000000
miniFE.c 25 Ap 0.0000000000000000
miniFE.c 25 Ap 0.0000000000000000
miniFE.c 25 Ap 0.0000000000000000
miniFE.c 25 Ap 0.0000000000000000
miniFE.c 25 Ap 0.0000000000000000
miniFE.c 25 Ap 0.0000000000000000
miniFE.c 25 Ap 0.0000000000000000
miniFE.c 25 Ap 0.0000000000000000
miniFE.c 25 Ap 0.0000000000000000
miniFE.c 25 Ap 0.0000000000000000
miniFE.c 25 Ap 0.0000000000000000
miniFE.c 25 Ap 0.0000000000000000
miniFE.c 25 Ap 0.0000000000000000
miniFE.c 25 Ap 0.0000000000000000
miniFE.c 25 Ap 0.0000000000000000
miniFE.c 25 Ap 0.0000000000000000
miniFE.c 25 Ap 0.0000000000000000
miniFE.c 25 Ap 0.0000000000000000
miniFE.c 25 Ap 0.0000000000000000
miniFE.c 25 Ap 0.0000000000000000
miniFE.c 25 Ap 0.0000000000000000
miniFE.c 25 Ap 0.0000000000000000
miniFE.c 25 Ap 0.0000000000000000
miniFE.c 25 Ap 0.0000000000000000
miniFE.c 25 Ap 0.0000000000000000
miniFE.c 25 Ap 0.0000000000000000
miniFE.c 25 Ap 0.0000000000000000
miniFE.c 25 Ap 0.0000000000000000
miniFE.c 25 Ap 0.0000000000000000
miniFE.c 25 Ap 0.0000000000000000
miniFE.c 25 Ap 0.0000000000000000
miniFE.c 25 Ap 0.0000000000000000
miniFE.c 25 Ap 0.0000000000000000
miniFE.c 25 Ap 0.0000000000000000
miniFE.c 25 Ap 0.0000000000000000
miniFE.c 25 Ap 0.0000000000000000
miniFE.c 25 Ap 0.0000000000000000
miniFE.c 25 Ap 0.0000000000000000
miniFE.c 25 Ap 0.0000000000000000
miniFE.c 25 Ap 0.0000000000000000
miniFE.c 25 Ap 0.0000000000000000
miniFE.c 25 Ap 0.0000000000000000
miniFE.c 25 Ap 0.0000000000000000
miniFE.c 25 Ap 0.0000000000000000
miniFE.c 25 Ap 0.0000000000000000
miniFE.c 25 Ap 0.0000000000000000
miniFE.c 33 r 198.0110999999999990
miniFE.c 33 r 229.8237000000000023
miniFE.c 33 r 210.8053999999999917
miniFE.c 33 r 202.6418999999999926
miniFE.c 33 r 157.2561000000000035
miniFE.c 33 r 225.5886000000000138
miniFE.c 33 r 142.6283999999999992
miniFE.c 33 r 185.1795999999999935
miniFE.c 48 sum 39208.3957232100001420
miniFE.c 48 sum 92027.3288048999966122
miniFE.c 48 sum 136466.2454740600078367
miniFE.c 48 sum 177529.9851096700003836
miniFE.c 48 sum 202259.4660968800017145
miniFE.c 48 sum 253149.6825468399911188
miniFE.c 48 sum 273492.5430333999684080
miniFE.c 48 sum 307784.0272895599482581
miniFE.c 75 rtrans 307784.0272895599482581
miniFE.c 76 normr 554.7828649927464539
miniFE.c 33 r 198.0110999999999990
miniFE.c 33 r 229.8237000000000023
miniFE.c 33 r 210.8053999999999917
miniFE.c 33 r 202.6418999999999926
miniFE.c 33 r 157.2561000000000035
miniFE.c 33 r 225.5886000000000138
miniFE.c 33 r 142.6283999999999992
miniFE.c 33 r 185.1795999999999935
miniFE.c 87 normr 554.7828649927464539
miniFE.c 25 Ap 13285.4973312810016068
miniFE.c 25 Ap 16752.9738962160008668
miniFE.c 25 Ap 18717.5143203662009910
miniFE.c 25 Ap 21497.0499152972006414
miniFE.c 25 Ap 23708.6069245981998392
miniFE.c 25 Ap 27330.7477216381994367
miniFE.c 25 Ap 28043.4264645949988335
miniFE.c 25 Ap 29230.0690077097970061
miniFE.c 25 Ap 2987.5023718050001662
miniFE.c 25 Ap 18256.2053009880000900
miniFE.c 25 Ap 21290.1102936259994749
miniFE.c 25 Ap 22498.6292991164009436
miniFE.c 25 Ap 24218.0061666374022025
miniFE.c 25 Ap 26395.4473404050004319
miniFE.c 25 Ap 28021.0416928490012651
miniFE.c 25 Ap 29308.7624836482027604
miniFE.c 25 Ap 1845.3076172643000064
miniFE.c 25 Ap 5152.9234129532997031
miniFE.c 25 Ap 19418.9870250392996240
miniFE.c 25 Ap 21366.8164301717988565
miniFE.c 25 Ap 24008.4327040697971825
miniFE.c 25 Ap 27657.4839652037990163
miniFE.c 25 Ap 29362.1700442997971550
miniFE.c 25 Ap 31649.3547644317950471
miniFE.c 25 Ap 2716.0172730389999742
miniFE.c 25 Ap 4086.6435322781999275
miniFE.c 25 Ap 6112.9419280231995799
miniFE.c 25 Ap 19366.0687056721981207
miniFE.c 25 Ap 19942.9016931553996983
miniFE.c 25 Ap 22443.7520980093977414
miniFE.c 25 Ap 22629.2022504265987664
miniFE.c 25 Ap 23503.4403270553993934
miniFE.c 25 Ap 2784.7112838509997346
miniFE.c 25 Ap 5297.5139884079999320
miniFE.c 25 Ap 8838.6610425799990480
miniFE.c 25 Ap 9581.9742276727993158
miniFE.c 25 Ap 20049.1383863587980159
miniFE.c 25 Ap 21061.8523085989982064
miniFE.c 25 Ap 23066.1607201429978886
miniFE.c 25 Ap 23769.7206112477979332
miniFE.c 25 Ap 3179.3454260399998930
miniFE.c 25 Ap 5397.6649115441996400
miniFE.c 25 Ap 8807.5877122702004272
miniFE.c 25 Ap 11054.0535250612010714
miniFE.c 25 Ap 11760.0087099739012046
miniFE.c 25 Ap 26753.3647406958989450
miniFE.c 25 Ap 27839.0862096834971453
miniFE.c 25 Ap 28473.5365185294976982
miniFE.c 25 Ap 989.4123599472000024
miniFE.c 25 Ap 3608.8072965641999872
miniFE.c 25 Ap 6128.3407890401995246
miniFE.c 25 Ap 6391.8224746028990921
miniFE.c 25 Ap 8601.6889808288997301
miniFE.c 25 Ap 10318.9233197042995016
miniFE.c 25 Ap 19683.6473325842962367
miniFE.c 25 Ap 20178.9207280214977800
miniFE.c 25 Ap 1268.8676034993000030
miniFE.c 25 Ap 2867.0390905766998912
miniFE.c 25 Ap 5470.7324228946999938
miniFE.c 25 Ap 6427.4105067679001877
miniFE.c 25 Ap 7024.8795832297000743
miniFE.c 25 Ap 7797.7765812907000509
miniFE.c 25 Ap 8179.2443669095000587
miniFE.c 25 Ap 20192.2487104374995397
miniFE.c 57 sum 5787878.1172925252467394
miniFE.c 57 sum 12523726.3537057451903820
miniFE.c 57 sum 19195581.2445636950433254
miniFE.c 57 sum 23958363.0489748232066631
miniFE.c 57 sum 27696296.6103892698884010
miniFE.c 57 sum 34119601.8506532162427902
miniFE.c 57 sum 36997689.0278177559375763
miniFE.c 57 sum 40736881.5671170875430107
miniFE.c 90 p_ap_dot 40736881.5671170875430107
miniFE.c 91 alpha 0.0075554145395853
miniFE.c 40 y 1.4960559439392744
miniFE.c 40 y 1.7364133245212852
miniFE.c 40 y 1.5927221841830903
miniFE.c 40 y 1.5310435575891859
miniFE.c 40 y 1.1881350243784765
miniFE.c 40 y 1.7044153884046875
miniFE.c 40 y 1.0776166871177848
miniFE.c 40 y 1.3991086422745860
miniFE.c 40 y -22.8341883739316245
miniFE.c 40 y 8.3838497937928480
miniFE.c 40 y -28.3185951556805833
miniFE.c 40 y 25.0636652226906733
miniFE.c 40 y -22.3339927081014764
miniFE.c 40 y 10.4592281944898673
miniFE.c 40 y -9.8317110616323760
miniFE.c 40 y 32.6187905062384118
miniFE.c 82 oldrtrans 307784.0272895599482581
miniFE.c 48 sum 521.4001586961941257
miniFE.c 48 sum 591.6890960610744514
miniFE.c 48 sum 1393.6319276524102406
miniFE.c 48 sum 2021.8192420475243125
miniFE.c 48 sum 2520.6264723330541528
miniFE.c 48 sum 2630.0219267574657351
miniFE.c 48 sum 2726.6844691568903727
miniFE.c 48 sum 3790.6699632467598349
miniFE.c 83 rtrans 3790.6699632467598349
miniFE.c 84 beta 0.0123160061184089
miniFE.c 40 y -20.3954824548187439
miniFE.c 40 y 11.2143598891482252
miniFE.c 40 y -25.7223145594869429
miniFE.c 40 y 27.5594041029366821
miniFE.c 40 y -20.3972256183443506
miniFE.c 40 y 13.2375787723331708
miniFE.c 40 y -8.0750988145735008
miniFE.c 40 y 34.8994635928429275
miniFE.c 87 normr 61.5684169298412272
miniFE.c 25 Ap -1368.4289806161518754
miniFE.c 25 Ap -1199.2317650706336281
miniFE.c 25 Ap -1438.9434933034935966
miniFE.c 25 Ap -1060.9252025196035447
miniFE.c 25 Ap -1347.7797492528836756
miniFE.c 25 Ap -1135.2318894527934390
miniFE.c 25 Ap -1175.5811556047112845
miniFE.c 25 Ap -951.9431942355674892
miniFE.c 25 Ap -307.7178613112005223
miniFE.c 25 Ap 437.3259687565855529
miniFE.c 25 Ap 67.1311892858862507
miniFE.c 25 Ap 231.4904044254456608
miniFE.c 25 Ap 8.4750944324596844
miniFE.c 25 Ap 136.2477259389728772
miniFE.c 25 Ap 44.2125139587647027
miniFE.c 25 Ap 286.8999636359623082
miniFE.c 25 Ap -190.0698452342187466
miniFE.c 25 Ap -28.6731141403941479
miniFE.c 25 Ap -1769.4073446474239972
miniFE.c 25 Ap -1504.5015295142784453
miniFE.c 25 Ap -1847.1377969518380269
miniFE.c 25 Ap -1633.0108263799961605
miniFE.c 25 Ap -1729.5239229058497585
miniFE.c 25 Ap -1298.4747151618360022
miniFE.c 25 Ap -279.7544311366967804
miniFE.c 25 Ap -212.8740522000363740
miniFE.c 25 Ap -460.1214411508727835
miniFE.c 25 Ap 1342.3107137622018854
miniFE.c 25 Ap 1267.4914057048456471
miniFE.c 25 Ap 1414.2417478412662604
miniFE.c 25 Ap 1403.7422378842968556
miniFE.c 25 Ap 1568.5035826910889227
miniFE.c 25 Ap -286.8300319099224680
miniFE.c 25 Ap -164.2165944823325390
miniFE.c 25 Ap -596.3046644692149130
miniFE.c 25 Ap -495.2136835663836223
miniFE.c 25 Ap -1852.8787212276629361
miniFE.c 25 Ap -1793.4524899398534217
miniFE.c 25 Ap -1906.9291080474579303
miniFE.c 25 Ap -1774.3342498395531948
miniFE.c 25 Ap -327.4780244875516928
miniFE.c 25 Ap -219.2340398177625218
miniFE.c 25 Ap -635.3102262145098393
miniFE.c 25 Ap -329.7897038638051299
miniFE.c 25 Ap -421.3570718902559520
miniFE.c 25 Ap 458.4557002015919807
miniFE.c 25 Ap 396.9861180764418123
miniFE.c 25 Ap 516.5563917731067249
miniFE.c 25 Ap -101.9111677470804693
miniFE.c 25 Ap 25.9034897970964124
miniFE.c 25 Ap -281.5280704790179698
miniFE.c 25 Ap -245.6944238040443054
miniFE.c 25 Ap -532.3297003619271663
miniFE.c 25 Ap -431.5620869656004857
miniFE.c 25 Ap -961.7585399526303718
miniFE.c 25 Ap -868.4179353041471359
miniFE.c 25 Ap -130.6955364858731627
miniFE.c 25 Ap -52.7119768240055322
miniFE.c 25 Ap -370.4126567417038700
miniFE.c 25 Ap -240.3039383084249323
miniFE.c 25 Ap -317.7998926947741438
miniFE.c 25 Ap -272.4461607476264362
miniFE.c 25 Ap -294.0434728078357125
miniFE.c 25 Ap 1969.9608112905175403
miniFE.c 57 sum 19415.3407160156275495
miniFE.c 57 sum 22632.7401604128463077
miniFE.c 57 sum 56032.5152313458020217
miniFE.c 57 sum 99259.5393036334862700
miniFE.c 57 sum 135451.0353199666133150
miniFE.c 57 sum 142288.9912464153021574
miniFE.c 57 sum 149301.5518863441830035
miniFE.c 57 sum 218052.1274993049155455
miniFE.c 90 p_ap_dot 218052.1274993049155455
miniFE.c 91 alpha 0.0173842374606450
miniFE.c 40 y 1.1414960338202862
miniFE.c 40 y 1.9313664198033706
miniFE.c 40 y 1.1455593598435627
miniFE.c 40 y 2.0101427827885114
miniFE.c 40 y 0.8335448106908265
miniFE.c 40 y 1.9345406011869211
miniFE.c 40 y 0.9372372518070660
miniFE.c 40 y 2.0058092046217029
miniFE.c 40 y -6.2853818362955991
miniFE.c 40 y 3.3963126984948593
miniFE.c 40 y -5.7456023706638284
miniFE.c 40 y -2.2035735166836723
miniFE.c 40 y 8.5114552256647578
miniFE.c 40 y 1.4792892180922035
miniFE.c 40 y 5.2650725407779788
miniFE.c 40 y -1.6274760254008527
miniFE.c 82 oldrtrans 3790.6699632467598349
miniFE.c 48 sum 39.5060248280346400
miniFE.c 48 sum 51.0409647739920729
miniFE.c 48 sum 84.0529113757698809
miniFE.c 48 sum 88.9086476191995274
miniFE.c 48 sum 161.3535176776954359
miniFE.c 48 sum 163.5418142684592908
miniFE.c 48 sum 191.2628031281135748
miniFE.c 48 sum 193.9114813413681304
miniFE.c 83 rtrans 193.9114813413681304
miniFE.c 84 beta 0.0511549365208467
miniFE.c 40 y -7.3287114465838936
miniFE.c 40 y 3.9699825667461655
miniFE.c 40 y -7.0614257391236324
miniFE.c 40 y -0.7937739492455855
miniFE.c 40 y 7.4680364439569651
miniFE.c 40 y 2.1564567198806142
miniFE.c 40 y 4.8519913735189073
miniFE.c 40 y 0.1578038193026263
miniFE.c 87 normr 13.9252102799694963
miniFE.c 25 Ap -491.7177691822269026
miniFE.c 25 Ap -431.8204587073157654
miniFE.c 25 Ap -497.6273892538913515
miniFE.c 25 Ap -508.5151816909789204
miniFE.c 25 Ap -403.4891232846700859
miniFE.c 25 Ap -368.8641916075790164
miniFE.c 25 Ap -344.6199940079656585
miniFE.c 25 Ap -343.6087771922337879
miniFE.c 25 Ap -110.5723003859068285
miniFE.c 25 Ap 153.1798037081557595
miniFE.c 25 Ap 51.5519763134606137
miniFE.c 25 Ap 46.8180545345666062
miniFE.c 25 Ap 128.4706524785789270
miniFE.c 25 Ap 149.2853463563540970
miniFE.c 25 Ap 204.5854813568122381
miniFE.c 25 Ap 205.6828336514683997
miniFE.c 25 Ap -68.2978229862534221
miniFE.c 25 Ap -11.1619529851196120
miniFE.c 25 Ap -489.0375139828888678
miniFE.c 25 Ap -496.6674080934785707
miniFE.c 25 Ap -371.2179876613295733
miniFE.c 25 Ap -336.3358122621239090
miniFE.c 25 Ap -278.3451024853083595
miniFE.c 25 Ap -276.3960406864523520
miniFE.c 25 Ap -100.5241972699535182
miniFE.c 25 Ap -76.8479517186716663
miniFE.c 25 Ap -144.7236116726323871
miniFE.c 25 Ap -196.6377853067468777
miniFE.c 25 Ap -169.2441912102310084
miniFE.c 25 Ap -145.3379492238736930
miniFE.c 25 Ap -139.0292299243090781
miniFE.c 25 Ap -138.2842336748744287
miniFE.c 25 Ap -103.0666738450023843
miniFE.c 25 Ap -59.6604327534008405
miniFE.c 25 Ap -178.2795333758326422
miniFE.c 25 Ap -181.1911851243477543
miniFE.c 25 Ap 315.8907303113472835
miniFE.c 25 Ap 325.5715109134323484
miniFE.c 25 Ap 393.7548960084265559
miniFE.c 25 Ap 394.3544460556481681
miniFE.c 25 Ap -117.6727224709296280
miniFE.c 25 Ap -79.3533947213328901
miniFE.c 25 Ap -193.5768284354176387
miniFE.c 25 Ap -202.3765191216197934
miniFE.c 25 Ap -168.8509576411530588
miniFE.c 25 Ap -25.5257924244134529
miniFE.c 25 Ap 11.4087255367507368
miniFE.c 25 Ap 11.9493827251971396
miniFE.c 25 Ap -36.6197535781409655
miniFE.c 25 Ap 8.6277654279174527
miniFE.c 25 Ap -75.7699713205438599
miniFE.c 25 Ap -76.8020624038933022
miniFE.c 25 Ap 28.1437146106429736
miniFE.c 25 Ap 44.5591785555302593
miniFE.c 25 Ap 363.1321985563093335
miniFE.c 25 Ap 363.5542538658519334
miniFE.c 25 Ap -46.9628446585307273
miniFE.c 25 Ap -19.3559749476694343
miniFE.c 25 Ap -106.5728446939610734
miniFE.c 25 Ap -110.3202737340200628
miniFE.c 25 Ap -81.9466790871094872
miniFE.c 25 Ap -74.5583672431413191
miniFE.c 25 Ap -61.5814397511567080
miniFE.c 25 Ap -51.3443619806692624
miniFE.c 57 sum 2518.2095785554183749
miniFE.c 57 sum 3334.7668424306993984
miniFE.c 57 sum 5286.5169583258766579
miniFE.c 57 sum 5396.2833806083808668
miniFE.c 57 sum 8341.3367555884215108
miniFE.c 57 sum 8367.1050822645975131
miniFE.c 57 sum 10131.0671858278146829
miniFE.c 57 sum 10122.9648494076081988
miniFE.c 90 p_ap_dot 10122.9648494076081988
miniFE.c 91 alpha 0.0191556015679256
miniFE.c 40 y 1.0011101573432295
miniFE.c 40 y 2.0074138240835708
miniFE.c 40 y 1.0102935018834158
miniFE.c 40 y 1.9949375652817642
miniFE.c 40 y 0.9765995413060141
miniFE.c 40 y 1.9758488269114298
miniFE.c 40 y 1.0301800653692061
miniFE.c 40 y 2.0088320317101611
miniFE.c 40 y 0.2966509948409524
miniFE.c 40 y -0.5436657122945894
miniFE.c 40 y -0.4510699403219940
miniFE.c 40 y 0.4453441667181424
miniFE.c 40 y 0.9573585804827518
miniFE.c 40 y 1.2503916036256741
miniFE.c 40 y -1.6990278946007562
miniFE.c 40 y -0.6439438845398050
miniFE.c 82 oldrtrans 193.9114813413681304
miniFE.c 48 sum 0.0880018127401268
miniFE.c 48 sum 0.3835742194649100
miniFE.c 48 sum 0.5870383105269972
miniFE.c 48 sum 0.7853697373568738
miniFE.c 48 sum 1.7019051889808234
miniFE.c 48 sum 3.2653843513984082
miniFE.c 48 sum 6.1520801380298860
miniFE.c 48 sum 6.5667438644660994
miniFE.c 83 rtrans 6.5667438644660994
miniFE.c 84 beta 0.0338646469979041
miniFE.c 40 y 0.0483446984403897
miniFE.c 40 y -0.4092236540838973
miniFE.c 40 y -0.6902026302793298
miniFE.c 40 y 0.4184632921308084
miniFE.c 40 y 1.2102609984248374
miniFE.c 40 y 1.3234192492106893
miniFE.c 40 y -1.5347169194996626
miniFE.c 40 y -0.6385999139042006
miniFE.c 87 normr 2.5625658751466469
miniFE.c 25 Ap 3.2436735218954005
miniFE.c 25 Ap -2.9305088202781042
miniFE.c 25 Ap -9.3626541450114278
miniFE.c 25 Ap -3.6228065831321166
miniFE.c 25 Ap 13.3975900447257246
miniFE.c 25 Ap 34.6469388777522340
miniFE.c 25 Ap 26.9783390408084571
miniFE.c 25 Ap 22.8861505607157625
miniFE.c 25 Ap 0.7294030549543019
miniFE.c 25 Ap -26.4580210697194076
miniFE.c 25 Ap -36.3913966186206181
miniFE.c 25 Ap -33.8957585415982265
miniFE.c 25 Ap -20.6632367866104403
miniFE.c 25 Ap -7.8892421637085786
miniFE.c 25 Ap -25.3810401291832264
miniFE.c 25 Ap -29.8218013476814754
miniFE.c 25 Ap 0.4505345421867595
miniFE.c 25 Ap -5.4390000106790675
miniFE.c 25 Ap -52.1478349304391600
miniFE.c 25 Ap -48.1254925354017047
miniFE.c 25 Ap -27.7953104368815715
miniFE.c 25 Ap -6.3880909216167154
miniFE.c 25 Ap -24.7309354604615130
miniFE.c 25 Ap -32.6183915590776579
miniFE.c 25 Ap 0.6631195727106212
miniFE.c 25 Ap -1.7774150030933904
miniFE.c 25 Ap -8.4117634707986078
miniFE.c 25 Ap 18.9564514067857992
miniFE.c 25 Ap 23.3958242982399263
miniFE.c 25 Ap 38.0671045188722132
miniFE.c 25 Ap 36.0716149344804080
miniFE.c 25 Ap 33.0567668601410887
miniFE.c 25 Ap 0.6798913154935611
miniFE.c 25 Ap -3.7944005210346785
miniFE.c 25 Ap -15.3885485409403096
miniFE.c 25 Ap -13.8535783175157867
miniFE.c 25 Ap 66.7029186664994143
miniFE.c 25 Ap 72.6440216239907812
miniFE.c 25 Ap 51.0771665580146532
miniFE.c 25 Ap 48.6509096383216928
miniFE.c 25 Ap 0.7762418160382735
miniFE.c 25 Ap -3.1736937466714887
miniFE.c 25 Ap -14.3381975312545418
miniFE.c 25 Ap -9.6991595056545350
miniFE.c 25 Ap -4.2660473596987654
miniFE.c 25 Ap 83.6927235237885583
miniFE.c 25 Ap 72.0100915352133626
miniFE.c 25 Ap 69.8221620191891930
miniFE.c 25 Ap 0.2415664686214142
miniFE.c 25 Ap -4.4225232986709377
miniFE.c 25 Ap -12.6717837236116715
miniFE.c 25 Ap -12.1276839418945546
miniFE.c 25 Ap 4.8797023802302188
miniFE.c 25 Ap 14.9538860024225464
miniFE.c 25 Ap -85.8128644414701824
miniFE.c 25 Ap -87.5208363114020642
miniFE.c 25 Ap 0.3097958733220191
miniFE.c 25 Ap -2.5359053132593026
miniFE.c 25 Ap -11.0607153342864528
miniFE.c 25 Ap -9.0851384151647281
miniFE.c 25 Ap -4.4869478139313035
miniFE.c 25 Ap 0.0472651954631615
miniFE.c 25 Ap -4.0574226846030976
miniFE.c 25 Ap -45.4847912473808975
miniFE.c 57 sum 1.1064240473191596
miniFE.c 57 sum 13.3102105661814640
miniFE.c 57 sum 35.8235102157379544
miniFE.c 57 sum 49.6565537032332003
miniFE.c 57 sum 108.5368521763849543
miniFE.c 57 sum 200.9408454140874198
miniFE.c 57 sum 335.2605537099566391
miniFE.c 57 sum 364.3071374844845991
miniFE.c 90 p_ap_dot 364.3071374844845991
miniFE.c 91 alpha 0.0180252956607137
miniFE.c 40 y 1.0019815848262457
miniFE.c 40 y 2.0000374467273510
miniFE.c 40 y 0.9978523954068287
miniFE.c 40 y 2.0024804898455777
miniFE.c 40 y 0.9984148536292523
miniFE.c 40 y 1.9997038501615323
miniFE.c 40 y 1.0025163391397249
miniFE.c 40 y 1.9973210794531315
miniFE.c 40 y -0.1158786355515573
miniFE.c 40 y -0.0061189258675614
miniFE.c 40 y 0.1368862115073080
miniFE.c 40 y -0.1505138295231823
miniFE.c 40 y 0.0804115500893389
miniFE.c 40 y -0.0081735104404637
miniFE.c 40 y -0.1214389436148091
miniFE.c 40 y 0.1759329257600771
miniFE.c 82 oldrtrans 6.5667438644660994
miniFE.c 48 sum 0.0134278581772906
miniFE.c 48 sum 0.0134652994310633
miniFE.c 48 sum 0.0322031343318868
miniFE.c 48 sum 0.0548575472096204
miniFE.c 48 sum 0.0613235645973906
miniFE.c 48 sum 0.0613903708703110
miniFE.c 48 sum 0.0761377878965918
miniFE.c 48 sum 0.1070901822630926
miniFE.c 83 rtrans 0.1070901822630926
miniFE.c 84 beta 0.0163079578666952
miniFE.c 40 y -0.1150902322463133
miniFE.c 40 y -0.0127925279764166
miniFE.c 40 y 0.1256304160932304
miniFE.c 40 y -0.1436895477863545
miniFE.c 40 y 0.1001484354593556
miniFE.c 40 y 0.0134087549156377
miniFE.c 40 y -0.1464670424753139
miniFE.c 40 y 0.1655186652704522
miniFE.c 87 normr 0.3272463632541889
miniFE.c 25 Ap -7.7219457563990392
miniFE.c 25 Ap -7.9149536618696237
miniFE.c 25 Ap -6.7441770550181817
miniFE.c 25 Ap -8.7150933003342352
miniFE.c 25 Ap -7.3066647916107792
miniFE.c 25 Ap -7.0913684591833341
miniFE.c 25 Ap -7.8232279466059440
miniFE.c 25 Ap -6.7625739118769737
miniFE.c 25 Ap -1.7364296335278642
miniFE.c 25 Ap -2.5863215697605844
miniFE.c 25 Ap -0.7782523902592948
miniFE.c 25 Ap -1.6351904143803200
miniFE.c 25 Ap -0.5402064789575549
miniFE.c 25 Ap -0.4107816097830123
miniFE.c 25 Ap -2.0801265443615802
miniFE.c 25 Ap -0.9291259669000518
miniFE.c 25 Ap -1.0725503885228620
miniFE.c 25 Ap -1.2566600673836106
miniFE.c 25 Ap 7.2452640180471137
miniFE.c 25 Ap 5.8640949390538122
miniFE.c 25 Ap 7.5464063846184501
miniFE.c 25 Ap 7.7633022474197819
miniFE.c 25 Ap 6.0127369437773783
miniFE.c 25 Ap 8.0570861167058290
miniFE.c 25 Ap -1.5786340197042339
miniFE.c 25 Ap -1.6549263027304348
miniFE.c 25 Ap -0.4473447579194876
miniFE.c 25 Ap -9.8448868922737827
miniFE.c 25 Ap -9.4775312143840953
miniFE.c 25 Ap -9.3288832323523767
miniFE.c 25 Ap -9.5193245143911813
miniFE.c 25 Ap -8.7379062611267493
miniFE.c 25 Ap -1.6185611230751247
miniFE.c 25 Ap -1.7584296348833532
miniFE.c 25 Ap 0.3519327081256278
miniFE.c 25 Ap -0.1751366463840723
miniFE.c 25 Ap 6.4908694048193167
miniFE.c 25 Ap 6.5510640812478815
miniFE.c 25 Ap 4.4928125321367371
miniFE.c 25 Ap 5.1216738868080469
miniFE.c 25 Ap -1.8479348050397046
miniFE.c 25 Ap -1.9714116878805195
miniFE.c 25 Ap 0.0607469774145870
miniFE.c 25 Ap -1.5321795434946819
miniFE.c 25 Ap -1.0825924859914944
miniFE.c 25 Ap -0.1914027876696388
miniFE.c 25 Ap -1.3063449206148801
miniFE.c 25 Ap -0.7392556283784992
miniFE.c 25 Ap -0.5750773481572304
miniFE.c 25 Ap -0.7208790344409209
miniFE.c 25 Ap 0.7806481608804036
miniFE.c 25 Ap 0.5938182690935085
miniFE.c 25 Ap 2.0011701821357768
miniFE.c 25 Ap 2.1032408292460358
miniFE.c 25 Ap -7.5135215390066188
miniFE.c 25 Ap -7.0708324341768742
miniFE.c 25 Ap -0.7375054589190071
miniFE.c 25 Ap -0.8264634447992666
miniFE.c 25 Ap 0.7252191815389580
miniFE.c 25 Ap 0.0468568031322407
miniFE.c 25 Ap 0.4273545596135180
miniFE.c 25 Ap 0.4732947641364064
miniFE.c 25 Ap 0.0815603104147582
miniFE.c 25 Ap 10.8191169571992845
miniFE.c 57 sum 0.7783062021007803
miniFE.c 57 sum 0.7901920720259643
miniFE.c 57 sum 1.8024071533667076
miniFE.c 57 sum 3.0579529526275655
miniFE.c 57 sum 3.5708805793244283
miniFE.c 57 sum 3.5609680817834954
miniFE.c 57 sum 4.5966119962559073
miniFE.c 57 sum 6.3873777944164498
miniFE.c 90 p_ap_dot 6.3873777944164498
miniFE.c 91 alpha 0.0167659070294395
miniFE.c 40 y 1.0000519926924074
miniFE.c 40 y 1.9998229683926267
miniFE.c 40 y 0.9999587032831175
miniFE.c 40 y 2.0000714042462895
miniFE.c 40 y 1.0000939329873078
miniFE.c 40 y 1.9999286600998285
miniFE.c 40 y 1.0000606863227068
miniFE.c 40 y 2.0000961500066929
miniFE.c 40 y -0.0024979500653148
miniFE.c 40 y 0.0094587137121230
miniFE.c 40 y 0.0018018547464302
miniFE.c 40 y -0.0040149055171738
miniFE.c 40 y -0.0054579581319929
miniFE.c 40 y 0.0042207806959201
miniFE.c 40 y -0.0028900244026542
miniFE.c 40 y -0.0054593832849585
miniFE.c 82 oldrtrans 0.1070901822630926
miniFE.c 48 sum 0.0000062397545288
miniFE.c 48 sum 0.0000957070196167
miniFE.c 48 sum 0.0000989537001439
miniFE.c 48 sum 0.0001150731664558
miniFE.c 48 sum 0.0001448624734264
miniFE.c 48 sum 0.0001626774631094
miniFE.c 48 sum 0.0001710297041574
miniFE.c 48 sum 0.0002008345700094
miniFE.c 83 rtrans 0.0002008345700094
miniFE.c 84 beta 0.0018753779829792
miniFE.c 40 y -0.0027137877529256
miniFE.c 40 y 0.0094347228868094
miniFE.c 40 y 0.0020374592627640
miniFE.c 40 y -0.0042843777314766
miniFE.c 40 y -0.0052701419611027
miniFE.c 40 y 0.0042459271796681
miniFE.c 40 y -0.0031647054693445
miniFE.c 40 y -0.0051489732243382
miniFE.c 87 normr 0.0141716114118839
miniFE.c 25 Ap -0.1820808022840916
miniFE.c 25 Ap -0.0397339489932106
miniFE.c 25 Ap -0.0207464321446901
miniFE.c 25 Ap -0.0795130564547110
miniFE.c 25 Ap -0.1536292236119016
miniFE.c 25 Ap -0.0854549184442789
miniFE.c 25 Ap -0.1012681668276368
miniFE.c 25 Ap -0.1342631116345092
miniFE.c 25 Ap -0.0409444084116519
miniFE.c 25 Ap 0.5858664077829199
miniFE.c 25 Ap 0.6151894603688411
miniFE.c 25 Ap 0.5896382199038175
miniFE.c 25 Ap 0.5320165430564859
miniFE.c 25 Ap 0.5729993616112722
miniFE.c 25 Ap 0.5369299158479108
miniFE.c 25 Ap 0.5011244606452387
miniFE.c 25 Ap -0.0252903661063046
miniFE.c 25 Ap 0.1104938826389696
miniFE.c 25 Ap 0.2483770841585928
miniFE.c 25 Ap 0.2071948956375371
miniFE.c 25 Ap 0.1186661023493818
miniFE.c 25 Ap 0.1873469041702671
miniFE.c 25 Ap 0.1495225342829902
miniFE.c 25 Ap 0.0859266906637406
miniFE.c 25 Ap -0.0372236425751258
miniFE.c 25 Ap 0.0190433087327942
miniFE.c 25 Ap 0.0386277237218526
miniFE.c 25 Ap -0.2415779062026353
miniFE.c 25 Ap -0.2609093771718595
miniFE.c 25 Ap -0.2138394955100488
miniFE.c 25 Ap -0.2179543499965709
miniFE.c 25 Ap -0.2422627967599220
miniFE.c 25 Ap -0.0381651098223707
miniFE.c 25 Ap 0.0649904706800773
miniFE.c 25 Ap 0.0992160781186539
miniFE.c 25 Ap 0.0835005007492919
miniFE.c 25 Ap -0.2672867885605715
miniFE.c 25 Ap -0.2482259425441152
miniFE.c 25 Ap -0.2926984725049534
miniFE.c 25 Ap -0.3122611621371641
miniFE.c 25 Ap -0.0435736616760738
miniFE.c 25 Ap 0.0474927932636983
miniFE.c 25 Ap 0.0804501026857969
miniFE.c 25 Ap 0.0329539624361983
miniFE.c 25 Ap 0.0092952042534225
miniFE.c 25 Ap 0.2914934087960415
miniFE.c 25 Ap 0.2674029143987842
miniFE.c 25 Ap 0.2497618370208162
miniFE.c 25 Ap -0.0135601243820063
miniFE.c 25 Ap 0.0939712805953440
miniFE.c 25 Ap 0.1183228714563433
miniFE.c 25 Ap 0.1127521821454123
miniFE.c 25 Ap 0.0386926690143035
miniFE.c 25 Ap 0.0710136814825330
miniFE.c 25 Ap -0.1367751831647799
miniFE.c 25 Ap -0.1505464055447462
miniFE.c 25 Ap -0.0173901228893754
miniFE.c 25 Ap 0.0482180154626542
miniFE.c 25 Ap 0.0733830211851268
miniFE.c 25 Ap 0.0531563539522495
miniFE.c 25 Ap 0.0331333033340377
miniFE.c 25 Ap 0.0476804230517498
miniFE.c 25 Ap 0.0392162378857763
miniFE.c 25 Ap -0.2948088799386734
miniFE.c 57 sum 0.0003643615880234
miniFE.c 57 sum 0.0050923320060131
miniFE.c 57 sum 0.0052674041378245
miniFE.c 57 sum 0.0063053494694280
miniFE.c 57 sum 0.0079510101228297
miniFE.c 57 sum 0.0090114806950802
miniFE.c 57 sum 0.0094879157280979
miniFE.c 57 sum 0.0110058787571992
miniFE.c 90 p_ap_dot 0.0110058787571992
miniFE.c 91 alpha 0.0182479358931758
miniFE.c 40 y 1.0000024716674643
miniFE.c 40 y 1.9999951326110350
miniFE.c 40 y 0.9999958827091294
miniFE.c 40 y 1.9999932231961033
miniFE.c 40 y 0.9999977637746537
miniFE.c 40 y 2.0000061395068101
miniFE.c 40 y 1.0000029369801815
miniFE.c 40 y 2.0000021918733797
miniFE.c 40 y -0.0000479254113900
miniFE.c 40 y 0.0003142266797664
miniFE.c 40 y 0.0002338700036855
miniFE.c 40 y 0.0004058904674028
miniFE.c 40 y 0.0002401635366146
miniFE.c 40 y -0.0003368572945975
miniFE.c 40 y -0.0001428632453256
miniFE.c 40 y -0.0000797297430987
