filename line variable value
miniFE.c 167 A 67.0947100000000063
miniFE.c 167 A 15.0875500000000002
miniFE.c 167 A 9.3192129999999995
miniFE.c 167 A 13.7164900000000003
miniFE.c 167 A 14.0634099999999993
miniFE.c 167 A 16.0564000000000000
miniFE.c 167 A 4.9967519999999999
miniFE.c 167 A 6.4080630000000003
miniFE.c 167 A 15.0875500000000002
miniFE.c 167 A 66.4365899999999954
miniFE.c 167 A 14.3919700000000006
miniFE.c 167 A 5.9638159999999996
miniFE.c 167 A 10.9336099999999998
miniFE.c 167 A 9.6522659999999991
miniFE.c 167 A 11.3974100000000007
miniFE.c 167 A 6.9539019999997729
miniFE.c 167 A 9.3192129999999995
miniFE.c 167 A 14.3919700000000006
miniFE.c 167 A 67.6740900000000067
miniFE.c 167 A 9.6121750000000006
miniFE.c 167 A 16.7981799999999986
miniFE.c 167 A 16.1756899999999995
miniFE.c 167 A 11.9519400000000005
miniFE.c 167 A 12.3511699999999998
miniFE.c 167 A 13.7164900000000003
miniFE.c 167 A 5.9638159999999996
miniFE.c 167 A 9.6121750000000006
miniFE.c 167 A 65.4017099999999942
miniFE.c 167 A 3.6681119999999998
miniFE.c 167 A 11.0858899999999991
miniFE.c 167 A 1.3002330000000000
miniFE.c 167 A 4.7210279999999996
miniFE.c 167 A 14.0634099999999993
miniFE.c 167 A 10.9336099999999998
miniFE.c 167 A 16.7981799999999986
miniFE.c 167 A 3.6681119999999998
miniFE.c 167 A 66.5612600000000043
miniFE.c 167 A 4.4892070000000004
miniFE.c 167 A 14.0526599999999995
miniFE.c 167 A 3.7993380000000001
miniFE.c 167 A 16.0564000000000000
miniFE.c 167 A 9.6522659999999991
miniFE.c 167 A 16.1756899999999995
miniFE.c 167 A 11.0858899999999991
miniFE.c 167 A 4.4892070000000004
miniFE.c 167 A 66.4632699999999943
miniFE.c 167 A 7.6122389999999998
miniFE.c 167 A 3.4261349999999999
miniFE.c 167 A 4.9967519999999999
miniFE.c 167 A 11.3974100000000007
miniFE.c 167 A 11.9519400000000005
miniFE.c 167 A 1.3002330000000000
miniFE.c 167 A 14.0526599999999995
miniFE.c 167 A 7.6122389999999998
miniFE.c 167 A 65.6581999999999937
miniFE.c 167 A 2.6745570000000001
miniFE.c 167 A 6.4080630000000003
miniFE.c 167 A 6.9539020000000002
miniFE.c 167 A 12.3511699999999998
miniFE.c 167 A 4.7210279999999996
miniFE.c 167 A 3.7993380000000001
miniFE.c 167 A 3.4261349999999999
miniFE.c 167 A 2.6745570000000001
miniFE.c 167 A 64.8721800000000002
miniFE.c 175 b 198.0110999999999990
miniFE.c 175 b 229.8237000000000023
miniFE.c 175 b 210.8053999999999917
miniFE.c 175 b 202.6418999999999926
miniFE.c 175 b 157.2561000000000035
miniFE.c 175 b 225.5886000000000138
miniFE.c 175 b 142.6283999999999992
miniFE.c 175 b 185.1795999999999935
miniFE.c 33 r 0.0000000000000000
miniFE.c 33 r 0.0000000000000000
miniFE.c 33 r 0.0000000000000000
miniFE.c 33 r 0.0000000000000000
miniFE.c 33 r 0.0000000000000000
miniFE.c 33 r 0.0000000000000000
miniFE.c 33 r 0.0000000000000000
miniFE.c 33 r 0.0000000000000000
miniFE.c 25 Ap 0.0000000000000000
miniFE.c 25 Ap 0.0000000000000000
miniFE.c 25 Ap 0.0000000000000000
miniFE.c 25 Ap 0.0000000000000000
miniFE.c 25 Ap 0.0000000000000000
miniFE.c 25 Ap 0.0000000000000000
miniFE.c 25 Ap 0.0000000000000000
miniFE.c 25 Ap 0.0000000000000000
miniFE.c 25 Ap 0.0000000000000000
miniFE.c 25 Ap 0.0000000000000000
miniFE.c 25 Ap 0.0000000000000000
miniFE.c 25 Ap 0.0000000000000000
miniFE.c 25 Ap 0.0000000000000000
miniFE.c 25 Ap 0.0000000000000000
miniFE.c 25 Ap 0.0000000000000000
miniFE.c 25 Ap 0.0000000000000000
miniFE.c 25 Ap 0.0000000000000000
miniFE.c 25 Ap 0.0000000000000000
miniFE.c 25 Ap 0.0000000000000000
miniFE.c 25 Ap 0.0000000000000000
miniFE.c 25 Ap 0.0000000000000000
miniFE.c 25 Ap 0.0000000000000000
miniFE.c 25 Ap 0.0000000000000000
miniFE.c 25 Ap 0.0000000000000000
miniFE.c 25 Ap 0.0000000000000000
miniFE.c 25 Ap 0.0000000000000000
miniFE.c 25 Ap 0.0000000000000000
miniFE.c 25 Ap 0.0000000000000000
miniFE.c 25 Ap 0.0000000000000000
miniFE.c 25 Ap 0.0000000000000000
miniFE.c 25 Ap 0.0000000000000000
miniFE.c 25 Ap 0.0000000000000000
miniFE.c 25 Ap 0.0000000000000000
miniFE.c 25 Ap 0.0000000000000000
miniFE.c 25 Ap 0.0000000000000000
miniFE.c 25 Ap 0.0000000000000000
miniFE.c 25 Ap 0.0000000000000000
miniFE.c 25 Ap 0.0000000000000000
miniFE.c 25 Ap 0.0000000000000000
miniFE.c 25 Ap 0.0000000000000000
miniFE.c 25 Ap 0.0000000000000000
miniFE.c 25 Ap 0.0000000000000000
miniFE.c 25 Ap 0.0000000000000000
miniFE.c 25 Ap 0.0000000000000000
miniFE.c 25 Ap 0.0000000000000000
miniFE.c 25 Ap 0.0000000000000000
miniFE.c 25 Ap 0.0000000000000000
miniFE.c 25 Ap 0.0000000000000000
miniFE.c 25 Ap 0.0000000000000000
miniFE.c 25 Ap 0.0000000000000000
miniFE.c 25 Ap 0.0000000000000000
miniFE.c 25 Ap 0.0000000000000000
miniFE.c 25 Ap 0.0000000000000000
miniFE.c 25 Ap 0.0000000000000000
miniFE.c 25 Ap 0.0000000000000000
miniFE.c 25 Ap 0.0000000000000000
miniFE.c 25 Ap 0.0000000000000000
miniFE.c 25 Ap 0.0000000000000000
miniFE.c 25 Ap 0.0000000000000000
miniFE.c 25 Ap 0.0000000000000000
miniFE.c 25 Ap 0.0000000000000000
miniFE.c 25 Ap 0.0000000000000000
miniFE.c 25 Ap 0.0000000000000000
miniFE.c 25 Ap 0.0000000000000000
miniFE.c 33 r 198.0110999999999990
miniFE.c 33 r 229.8237000000000023
miniFE.c 33 r 210.8053999999999917
miniFE.c 33 r 202.6418999999999926
miniFE.c 33 r 157.2561000000000035
miniFE.c 33 r 225.5886000000000138
miniFE.c 33 r 142.6283999999999992
miniFE.c 33 r 185.1795999999999935
miniFE.c 48 sum 39208.3957232100001420
miniFE.c 48 sum 92027.3288048999966122
miniFE.c 48 sum 136466.2454740600078367
miniFE.c 48 sum 177529.9851096700003836
miniFE.c 48 sum 202259.4660968800017145
miniFE.c 48 sum 253149.6825468399911188
miniFE.c 48 sum 273492.5430333999684080
miniFE.c 48 sum 307784.0272895599482581
miniFE.c 75 rtrans 307784.0272895599482581
miniFE.c 76 normr 554.7828649927464539
miniFE.c 33 r 198.0110999999999990
miniFE.c 33 r 229.8237000000000023
miniFE.c 33 r 210.8053999999999917
miniFE.c 33 r 202.6418999999999926
miniFE.c 33 r 157.2561000000000035
miniFE.c 33 r 225.5886000000000138
miniFE.c 33 r 142.6283999999999992
miniFE.c 33 r 185.1795999999999935
miniFE.c 87 normr 554.7828649927464539
miniFE.c 25 Ap 13285.4973312810016068
miniFE.c 25 Ap 16752.9738962160008668
miniFE.c 25 Ap 18717.5143203662009910
miniFE.c 25 Ap 21497.0499152972006414
miniFE.c 25 Ap 23708.6069245981998392
miniFE.c 25 Ap 27330.7477216381994367
miniFE.c 25 Ap 28043.4264645949988335
miniFE.c 25 Ap 29230.0690077097970061
miniFE.c 25 Ap 2987.5023718050001662
miniFE.c 25 Ap 18256.2053009880000900
miniFE.c 25 Ap 21290.1102936259994749
miniFE.c 25 Ap 22498.6292991164009436
miniFE.c 25 Ap 24218.0061666374022025
miniFE.c 25 Ap 26395.4473404050004319
miniFE.c 25 Ap 28021.0416928490012651
miniFE.c 25 Ap 29308.7624836481591046
miniFE.c 25 Ap 1845.3076172643000064
miniFE.c 25 Ap 5152.9234129532997031
miniFE.c 25 Ap 19418.9870250392996240
miniFE.c 25 Ap 21366.8164301717988565
miniFE.c 25 Ap 24008.4327040697971825
miniFE.c 25 Ap 27657.4839652037990163
miniFE.c 25 Ap 29362.1700442997971550
miniFE.c 25 Ap 31649.3547644317950471
miniFE.c 25 Ap 2716.0172730389999742
miniFE.c 25 Ap 4086.6435322781999275
miniFE.c 25 Ap 6112.9419280231995799
miniFE.c 25 Ap 19366.0687056721981207
miniFE.c 25 Ap 19942.9016931553996983
miniFE.c 25 Ap 22443.7520980093977414
miniFE.c 25 Ap 22629.2022504265987664
miniFE.c 25 Ap 23503.4403270553993934
miniFE.c 25 Ap 2784.7112838509997346
miniFE.c 25 Ap 5297.5139884079999320
miniFE.c 25 Ap 8838.6610425799990480
miniFE.c 25 Ap 9581.9742276727993158
miniFE.c 25 Ap 20049.1383863587980159
miniFE.c 25 Ap 21061.8523085989982064
miniFE.c 25 Ap 23066.1607201429978886
miniFE.c 25 Ap 23769.7206112477979332
miniFE.c 25 Ap 3179.3454260399998930
miniFE.c 25 Ap 5397.6649115441996400
miniFE.c 25 Ap 8807.5877122702004272
miniFE.c 25 Ap 11054.0535250612010714
miniFE.c 25 Ap 11760.0087099739012046
miniFE.c 25 Ap 26753.3647406958989450
miniFE.c 25 Ap 27839.0862096834971453
miniFE.c 25 Ap 28473.5365185294976982
miniFE.c 25 Ap 989.4123599472000024
miniFE.c 25 Ap 3608.8072965641999872
miniFE.c 25 Ap 6128.3407890401995246
miniFE.c 25 Ap 6391.8224746028990921
miniFE.c 25 Ap 8601.6889808288997301
miniFE.c 25 Ap 10318.9233197042995016
miniFE.c 25 Ap 19683.6473325842962367
miniFE.c 25 Ap 20178.9207280214977800
miniFE.c 25 Ap 1268.8676034993000030
miniFE.c 25 Ap 2867.0390905766998912
miniFE.c 25 Ap 5470.7324228946999938
miniFE.c 25 Ap 6427.4105067679001877
miniFE.c 25 Ap 7024.8795832297000743
miniFE.c 25 Ap 7797.7765812907000509
miniFE.c 25 Ap 8179.2443669095000587
miniFE.c 25 Ap 20192.2487104374995397
miniFE.c 57 sum 5787878.1172925252467394
miniFE.c 57 sum 12523726.3537057340145111
miniFE.c 57 sum 19195581.2445636838674545
miniFE.c 57 sum 23958363.0489748120307922
miniFE.c 57 sum 27696296.6103892549872398
miniFE.c 57 sum 34119601.8506532013416290
miniFE.c 57 sum 36997689.0278177410364151
miniFE.c 57 sum 40736881.5671170726418495
miniFE.c 90 p_ap_dot 40736881.5671170726418495
miniFE.c 91 alpha 0.0075554145395853
miniFE.c 40 y 1.4960559439392751
miniFE.c 40 y 1.7364133245212858
miniFE.c 40 y 1.5927221841830910
miniFE.c 40 y 1.5310435575891865
miniFE.c 40 y 1.1881350243784770
miniFE.c 40 y 1.7044153884046882
miniFE.c 40 y 1.0776166871177852
miniFE.c 40 y 1.3991086422745864
miniFE.c 40 y -22.8341883739317097
miniFE.c 40 y 8.3838497937931038
miniFE.c 40 y -28.3185951556806685
miniFE.c 40 y 25.0636652226905881
miniFE.c 40 y -22.3339927081015333
miniFE.c 40 y 10.4592281944897820
miniFE.c 40 y -9.8317110616324328
miniFE.c 40 y 32.6187905062383834
miniFE.c 82 oldrtrans 307784.0272895599482581
miniFE.c 48 sum 521.4001586961981047
miniFE.c 48 sum 591.6890960610827506
miniFE.c 48 sum 1393.6319276524234283
miniFE.c 48 sum 2021.8192420475329527
miniFE.c 48 sum 2520.6264723330655215
miniFE.c 48 sum 2630.0219267574757396
miniFE.c 48 sum 2726.6844691569012866
miniFE.c 48 sum 3790.6699632467684751
miniFE.c 83 rtrans 3790.6699632467684751
miniFE.c 84 beta 0.0123160061184090
miniFE.c 40 y -20.3954824548188220
miniFE.c 40 y 11.2143598891484881
miniFE.c 40 y -25.7223145594870211
miniFE.c 40 y 27.5594041029366039
miniFE.c 40 y -20.3972256183444038
miniFE.c 40 y 13.2375787723330927
miniFE.c 40 y -8.0750988145735541
miniFE.c 40 y 34.8994635928429062
miniFE.c 87 normr 61.5684169298412982
miniFE.c 25 Ap -1368.4289806161571050
miniFE.c 25 Ap -1199.2317650706347649
miniFE.c 25 Ap -1438.9434933034954156
miniFE.c 25 Ap -1060.9252025196065006
miniFE.c 25 Ap -1347.7797492528873136
miniFE.c 25 Ap -1135.2318894527982138
miniFE.c 25 Ap -1175.5811556047162867
miniFE.c 25 Ap -951.9431942355726051
miniFE.c 25 Ap -307.7178613112017160
miniFE.c 25 Ap 437.3259687566017533
miniFE.c 25 Ap 67.1311892859013142
miniFE.c 25 Ap 231.4904044254602695
miniFE.c 25 Ap 8.4750944324737247
miniFE.c 25 Ap 136.2477259389861501
miniFE.c 25 Ap 44.2125139587773788
miniFE.c 25 Ap 286.8999636359669125
miniFE.c 25 Ap -190.0698452342194571
miniFE.c 25 Ap -28.6731141403910783
miniFE.c 25 Ap -1769.4073446474262710
miniFE.c 25 Ap -1504.5015295142816285
miniFE.c 25 Ap -1847.1377969518421196
miniFE.c 25 Ap -1633.0108263800013901
miniFE.c 25 Ap -1729.5239229058556703
miniFE.c 25 Ap -1298.4747151618421412
miniFE.c 25 Ap -279.7544311366978036
miniFE.c 25 Ap -212.8740522000358339
miniFE.c 25 Ap -460.1214411508730109
miniFE.c 25 Ap 1342.3107137621968832
miniFE.c 25 Ap 1267.4914057048404175
miniFE.c 25 Ap 1414.2417478412601213
miniFE.c 25 Ap 1403.7422378842907165
miniFE.c 25 Ap 1568.5035826910825563
miniFE.c 25 Ap -286.8300319099235480
miniFE.c 25 Ap -164.2165944823307484
miniFE.c 25 Ap -596.3046644692143445
miniFE.c 25 Ap -495.2136835663833381
miniFE.c 25 Ap -1852.8787212276661194
miniFE.c 25 Ap -1793.4524899398570597
miniFE.c 25 Ap -1906.9291080474622504
miniFE.c 25 Ap -1774.3342498395577422
miniFE.c 25 Ap -327.4780244875529434
miniFE.c 25 Ap -219.2340398177612428
miniFE.c 25 Ap -635.3102262145098393
miniFE.c 25 Ap -329.7897038638059826
miniFE.c 25 Ap -421.3570718902570320
miniFE.c 25 Ap 458.4557002015857847
miniFE.c 25 Ap 396.9861180764352184
miniFE.c 25 Ap 516.5563917731000174
miniFE.c 25 Ap -101.9111677470808530
miniFE.c 25 Ap 25.9034897970990272
miniFE.c 25 Ap -281.5280704790162645
miniFE.c 25 Ap -245.6944238040426853
miniFE.c 25 Ap -532.3297003619263705
miniFE.c 25 Ap -431.5620869656003151
miniFE.c 25 Ap -961.7585399526335550
miniFE.c 25 Ap -868.4179353041504328
miniFE.c 25 Ap -130.6955364858736743
miniFE.c 25 Ap -52.7119768240042248
miniFE.c 25 Ap -370.4126567417035290
miniFE.c 25 Ap -240.3039383084249607
miniFE.c 25 Ap -317.7998926947743712
miniFE.c 25 Ap -272.4461607476269478
miniFE.c 25 Ap -294.0434728078363378
miniFE.c 25 Ap 1969.9608112905157213
miniFE.c 57 sum 19415.3407160158058105
miniFE.c 57 sum 22632.7401604131518980
miniFE.c 57 sum 56032.5152313463695464
miniFE.c 57 sum 99259.5393036337627564
miniFE.c 57 sum 135451.0353199670789763
miniFE.c 57 sum 142288.9912464156514034
miniFE.c 57 sum 149301.5518863446195610
miniFE.c 57 sum 218052.1274993052356876
miniFE.c 90 p_ap_dot 218052.1274993052356876
miniFE.c 91 alpha 0.0173842374606450
miniFE.c 40 y 1.1414960338202853
miniFE.c 40 y 1.9313664198033760
miniFE.c 40 y 1.1455593598435616
miniFE.c 40 y 2.0101427827885114
miniFE.c 40 y 0.8335448106908256
miniFE.c 40 y 1.9345406011869206
miniFE.c 40 y 0.9372372518070654
miniFE.c 40 y 2.0058092046217033
miniFE.c 40 y -6.2853818362955813
miniFE.c 40 y 3.3963126984950307
miniFE.c 40 y -5.7456023706637893
miniFE.c 40 y -2.2035735166836687
miniFE.c 40 y 8.5114552256648039
miniFE.c 40 y 1.4792892180922266
miniFE.c 40 y 5.2650725407779913
miniFE.c 40 y -1.6274760254008740
miniFE.c 82 oldrtrans 3790.6699632467684751
miniFE.c 48 sum 39.5060248280344126
miniFE.c 48 sum 51.0409647739930108
miniFE.c 48 sum 84.0529113757703641
miniFE.c 48 sum 88.9086476191999964
miniFE.c 48 sum 161.3535176776966864
miniFE.c 48 sum 163.5418142684605982
miniFE.c 48 sum 191.2628031281150243
miniFE.c 48 sum 193.9114813413696368
miniFE.c 83 rtrans 193.9114813413696368
miniFE.c 84 beta 0.0511549365208469
miniFE.c 40 y -7.3287114465838856
miniFE.c 40 y 3.9699825667463537
miniFE.c 40 y -7.0614257391236048
miniFE.c 40 y -0.7937739492455780
miniFE.c 40 y 7.4680364439570033
miniFE.c 40 y 2.1564567198806368
miniFE.c 40 y 4.8519913735189144
miniFE.c 40 y 0.1578038193026137
miniFE.c 87 normr 13.9252102799695496
miniFE.c 25 Ap -491.7177691822263341
miniFE.c 25 Ap -431.8204587073123548
miniFE.c 25 Ap -497.6273892538876567
miniFE.c 25 Ap -508.5151816909751119
miniFE.c 25 Ap -403.4891232846657658
miniFE.c 25 Ap -368.8641916075742984
miniFE.c 25 Ap -344.6199940079609405
miniFE.c 25 Ap -343.6087771922291836
miniFE.c 25 Ap -110.5723003859067006
miniFE.c 25 Ap 153.1798037081683788
miniFE.c 25 Ap 51.5519763134736309
miniFE.c 25 Ap 46.8180545345796659
miniFE.c 25 Ap 128.4706524785923989
miniFE.c 25 Ap 149.2853463563677963
miniFE.c 25 Ap 204.5854813568259942
miniFE.c 25 Ap 205.6828336514820421
miniFE.c 25 Ap -68.2978229862533510
miniFE.c 25 Ap -11.1619529851168267
miniFE.c 25 Ap -489.0375139828842634
miniFE.c 25 Ap -496.6674080934738527
miniFE.c 25 Ap -371.2179876613242300
miniFE.c 25 Ap -336.3358122621182247
miniFE.c 25 Ap -278.3451024853025615
miniFE.c 25 Ap -276.3960406864467245
miniFE.c 25 Ap -100.5241972699534045
miniFE.c 25 Ap -76.8479517186704300
miniFE.c 25 Ap -144.7236116726308524
miniFE.c 25 Ap -196.6377853067448598
miniFE.c 25 Ap -169.2441912102288484
miniFE.c 25 Ap -145.3379492238713055
miniFE.c 25 Ap -139.0292299243066907
miniFE.c 25 Ap -138.2842336748720982
miniFE.c 25 Ap -103.0666738450022848
miniFE.c 25 Ap -59.6604327533986876
miniFE.c 25 Ap -178.2795333758300274
miniFE.c 25 Ap -181.1911851243451110
miniFE.c 25 Ap 315.8907303113524563
miniFE.c 25 Ap 325.5715109134376348
miniFE.c 25 Ap 393.7548960084319560
miniFE.c 25 Ap 394.3544460556535114
miniFE.c 25 Ap -117.6727224709295001
miniFE.c 25 Ap -79.3533947213309432
miniFE.c 25 Ap -193.5768284354152229
miniFE.c 25 Ap -202.3765191216172923
miniFE.c 25 Ap -168.8509576411503872
miniFE.c 25 Ap -25.5257924244092749
miniFE.c 25 Ap 11.4087255367549716
miniFE.c 25 Ap 11.9493827252013318
miniFE.c 25 Ap -36.6197535781409229
miniFE.c 25 Ap 8.6277654279196412
miniFE.c 25 Ap -75.7699713205413445
miniFE.c 25 Ap -76.8020624038907727
miniFE.c 25 Ap 28.1437146106460432
miniFE.c 25 Ap 44.5591785555335065
miniFE.c 25 Ap 363.1321985563130283
miniFE.c 25 Ap 363.5542538658555713
miniFE.c 25 Ap -46.9628446585306776
miniFE.c 25 Ap -19.3559749476680736
miniFE.c 25 Ap -106.5728446939593681
miniFE.c 25 Ap -110.3202737340183148
miniFE.c 25 Ap -81.9466790871075972
miniFE.c 25 Ap -74.5583672431393580
miniFE.c 25 Ap -61.5814397511547327
miniFE.c 25 Ap -51.3443619806681042
miniFE.c 57 sum 2518.2095785553819951
miniFE.c 57 sum 3334.7668424307557871
miniFE.c 57 sum 5286.5169583258857529
miniFE.c 57 sum 5396.2833806083872332
miniFE.c 57 sum 8341.3367555884833564
miniFE.c 57 sum 8367.1050822646702727
miniFE.c 57 sum 10131.0671858279074513
miniFE.c 57 sum 10122.9648494077027863
miniFE.c 90 p_ap_dot 10122.9648494077027863
miniFE.c 91 alpha 0.0191556015679256
miniFE.c 40 y 1.0011101573432288
miniFE.c 40 y 2.0074138240835797
miniFE.c 40 y 1.0102935018834156
miniFE.c 40 y 1.9949375652817645
miniFE.c 40 y 0.9765995413060138
miniFE.c 40 y 1.9758488269114298
miniFE.c 40 y 1.0301800653692057
miniFE.c 40 y 2.0088320317101611
miniFE.c 40 y 0.2966509948408724
miniFE.c 40 y -0.5436657122946733
miniFE.c 40 y -0.4510699403220704
miniFE.c 40 y 0.4453441667180975
miniFE.c 40 y 0.9573585804827074
miniFE.c 40 y 1.2503916036256171
miniFE.c 40 y -1.6990278946008033
miniFE.c 40 y -0.6439438845398499
miniFE.c 82 oldrtrans 193.9114813413696368
miniFE.c 48 sum 0.0880018127400793
miniFE.c 48 sum 0.3835742194649538
miniFE.c 48 sum 0.5870383105271100
miniFE.c 48 sum 0.7853697373569466
miniFE.c 48 sum 1.7019051889808110
miniFE.c 48 sum 3.2653843513982532
miniFE.c 48 sum 6.1520801380298913
miniFE.c 48 sum 6.5667438644661624
miniFE.c 83 rtrans 6.5667438644661624
miniFE.c 84 beta 0.0338646469979042
miniFE.c 40 y 0.0484667687528096
miniFE.c 40 y -0.4092236540839745
miniFE.c 40 y -0.6902026302794058
miniFE.c 40 y 0.4184632921307637
miniFE.c 40 y 1.2102609984247947
miniFE.c 40 y 1.3234192492106331
miniFE.c 40 y -1.5347169194997090
miniFE.c 40 y -0.6385999139042458
miniFE.c 87 normr 2.5625658751466589
miniFE.c 25 Ap 3.2518637941068214
miniFE.c 25 Ap -2.9223185480678486
miniFE.c 25 Ap -9.3544638728018796
miniFE.c 25 Ap -3.6146163109231804
miniFE.c 25 Ap 13.4057803169340612
miniFE.c 25 Ap 34.6551291499596701
miniFE.c 25 Ap 26.9865293130156587
miniFE.c 25 Ap 22.8943408329226763
miniFE.c 25 Ap 0.7312447968964523
miniFE.c 25 Ap -26.4561793277823902
miniFE.c 25 Ap -36.3895548766846915
miniFE.c 25 Ap -33.8939167996625699
miniFE.c 25 Ap -20.6613950446752526
miniFE.c 25 Ap -7.8874004217739326
miniFE.c 25 Ap -25.3791983872491116
miniFE.c 25 Ap -29.8199596057475276
miniFE.c 25 Ap 0.4516721414291768
miniFE.c 25 Ap -5.4378624114377621
miniFE.c 25 Ap -52.1466973312030007
miniFE.c 25 Ap -48.1243549361659788
miniFE.c 25 Ap -27.7941728376465633
miniFE.c 25 Ap -6.3869533223826167
miniFE.c 25 Ap -24.7297978612279685
miniFE.c 25 Ap -32.6172539598446747
miniFE.c 25 Ap 0.6647939489302251
miniFE.c 25 Ap -1.7757406268742475
miniFE.c 25 Ap -8.4100890945801954
miniFE.c 25 Ap 18.9581257830012930
miniFE.c 25 Ap 23.3974986744552638
miniFE.c 25 Ap 38.0687788950869290
miniFE.c 25 Ap 36.0732893106950669
miniFE.c 25 Ap 33.0584412363555344
miniFE.c 25 Ap 0.6816080403459498
miniFE.c 25 Ap -3.7926837961831352
miniFE.c 25 Ap -15.3868318160900426
miniFE.c 25 Ap -13.8518615926656832
miniFE.c 25 Ap 66.7046353913466703
miniFE.c 25 Ap 72.6457383488377957
miniFE.c 25 Ap 51.0788832828610140
miniFE.c 25 Ap 48.6526263631678830
miniFE.c 25 Ap 0.7782018258026119
miniFE.c 25 Ap -3.1717337369078966
miniFE.c 25 Ap -14.3362375214921762
miniFE.c 25 Ap -9.6971994958926651
miniFE.c 25 Ap -4.2640873499370873
miniFE.c 25 Ap 83.6946835335465096
miniFE.c 25 Ap 72.0120515449709586
miniFE.c 25 Ap 69.8241220289466327
miniFE.c 25 Ap 0.2421764236991388
miniFE.c 25 Ap -4.4219133435940936
miniFE.c 25 Ap -12.6711737685357342
miniFE.c 25 Ap -12.1270739868186741
miniFE.c 25 Ap 4.8803123353055025
miniFE.c 25 Ap 14.9544959574974037
miniFE.c 25 Ap -85.8122544863983876
miniFE.c 25 Ap -87.5202263563303831
miniFE.c 25 Ap 0.3105781075744353
miniFE.c 25 Ap -2.5351230790074237
miniFE.c 25 Ap -11.0599331000355114
miniFE.c 25 Ap -9.0843561809139963
miniFE.c 25 Ap -4.4861655796807334
miniFE.c 25 Ap 0.0480474297135389
miniFE.c 25 Ap -4.0566404503528446
miniFE.c 25 Ap -45.4840090131335799
miniFE.c 57 sum 1.1096147228972693
miniFE.c 57 sum 13.3126475573977903
miniFE.c 57 sum 35.8251620329739495
miniFE.c 57 sum 49.6589061854506824
miniFE.c 57 sum 108.5412823437267349
miniFE.c 57 sum 200.9478694960669145
miniFE.c 57 sum 335.2666416835714926
miniFE.c 57 sum 364.3127259233785367
miniFE.c 90 p_ap_dot 364.3127259233785367
miniFE.c 91 alpha 0.0180250191585327
miniFE.c 40 y 1.0019837717785505
miniFE.c 40 y 2.0000375598785913
miniFE.c 40 y 0.9978525862493597
miniFE.c 40 y 2.0024803741395640
miniFE.c 40 y 0.9984145189894456
miniFE.c 40 y 1.9997034842332224
miniFE.c 40 y 1.0025167634922991
miniFE.c 40 y 1.9973212560273998
miniFE.c 40 y -0.1160199372945357
miniFE.c 40 y -0.0061603690944037
miniFE.c 40 y 0.1368566872028557
miniFE.c 40 y -0.1505348699184377
miniFE.c 40 y 0.0803940581736743
miniFE.c 40 y -0.0081895336738695
miniFE.c 40 y -0.1214741377688315
miniFE.c 40 y 0.1759062493287559
miniFE.c 82 oldrtrans 6.5667438644661624
miniFE.c 48 sum 0.0134606258498280
miniFE.c 48 sum 0.0134985759972073
miniFE.c 48 sum 0.0322283288293476
miniFE.c 48 sum 0.0548890758907085
miniFE.c 48 sum 0.0613522804803407
miniFE.c 48 sum 0.0614193489421361
miniFE.c 48 sum 0.0761753150888172
miniFE.c 48 sum 0.1071183236417276
miniFE.c 83 rtrans 0.1071183236417276
miniFE.c 84 beta 0.0163122433054477
miniFE.c 40 y -0.1152293355704111
miniFE.c 40 y -0.0128357249061658
miniFE.c 40 y 0.1255979339676781
miniFE.c 40 y -0.1437087948828020
miniFE.c 40 y 0.1001361300430735
miniFE.c 40 y 0.0133984031143672
miniFE.c 40 y -0.1465088135646979
miniFE.c 40 y 0.1654892521583119
miniFE.c 87 normr 0.3272893576664656
miniFE.c 25 Ap -7.7312788535894148
miniFE.c 25 Ap -7.9249384948974368
miniFE.c 25 Ap -6.7544645958927099
miniFE.c 25 Ap -8.7256448438147149
miniFE.c 25 Ap -7.3173893912056540
miniFE.c 25 Ap -7.1022592714401291
miniFE.c 25 Ap -7.8343274786371602
miniFE.c 25 Ap -6.7738619249838115
miniFE.c 25 Ap -1.7385283618853553
miniFE.c 25 Ap -2.5912901548290805
miniFE.c 25 Ap -0.7836884571042764
miniFE.c 25 Ap -1.6407412673670492
miniFE.c 25 Ap -0.5458918745668000
miniFE.c 25 Ap -0.4165669237316997
miniFE.c 25 Ap -2.0863879405421235
miniFE.c 25 Ap -0.9355918989799716
miniFE.c 25 Ap -1.0738467220291370
miniFE.c 25 Ap -1.2585780898069279
miniFE.c 25 Ap 7.2411477973357776
miniFE.c 25 Ap 5.8597937118831798
miniFE.c 25 Ap 7.5418984488501364
miniFE.c 25 Ap 7.7586268641231744
miniFE.c 25 Ap 6.0075623149267185
miniFE.c 25 Ap 8.0515482015068951
miniFE.c 25 Ap -1.5805420290581875
miniFE.c 25 Ap -1.6570919306251777
miniFE.c 25 Ap -0.4498226096894113
miniFE.c 25 Ap -9.8486235370639132
miniFE.c 25 Ap -9.4813129968193550
miniFE.c 25 Ap -9.3327797737178226
miniFE.c 25 Ap -9.5232753679054909
miniFE.c 25 Ap -8.7419959747670397
miniFE.c 25 Ap -1.6205173901542744
miniFE.c 25 Ap -1.7608582003455777
miniFE.c 25 Ap 0.3489585020715928
miniFE.c 25 Ap -0.1781814529435518
miniFE.c 25 Ap 6.4870055342472774
miniFE.c 25 Ap 6.5471537392971166
miniFE.c 25 Ap 4.4883151952690294
miniFE.c 25 Ap 5.1170647995856857
miniFE.c 25 Ap -1.8501683036527481
miniFE.c 25 Ap -1.9740621347498855
miniFE.c 25 Ap 0.0575711097517453
miniFE.c 25 Ap -1.5355687823515607
miniFE.c 25 Ap -1.0860369664092846
miniFE.c 25 Ap -0.1955352826502587
miniFE.c 25 Ap -1.3107953871111810
miniFE.c 25 Ap -0.7438068681677631
miniFE.c 25 Ap -0.5757724129701226
miniFE.c 25 Ap -0.7220664323729057
miniFE.c 25 Ap 0.7790725385327449
miniFE.c 25 Ap 0.5922176210358946
miniFE.c 25 Ap 1.9993966102469924
miniFE.c 25 Ap 2.1013884569718995
miniFE.c 25 Ap -7.5181165258217488
miniFE.c 25 Ap -7.0755060880369705
miniFE.c 25 Ap -0.7383968417833350
miniFE.c 25 Ap -0.8276552148797711
miniFE.c 25 Ap 0.7236262192037957
miniFE.c 25 Ap 0.0451729747158306
miniFE.c 25 Ap 0.4256239787614215
miniFE.c 25 Ap 0.4715287166156639
miniFE.c 25 Ap 0.0796825437345061
miniFE.c 25 Ap 10.8153310978139032
miniFE.c 57 sum 0.7805476088615902
miniFE.c 57 sum 0.7925566091013344
miniFE.c 57 sum 1.8038144284517750
miniFE.c 57 sum 3.0601161348558525
miniFE.c 57 sum 3.5725192010659987
miniFE.c 57 sum 3.5625533768070521
miniFE.c 57 sum 4.5991773791351456
miniFE.c 57 sum 6.3889984343569033
miniFE.c 90 p_ap_dot 6.3889984343569033
miniFE.c 91 alpha 0.0167660588341512
miniFE.c 40 y 1.0000518299589569
miniFE.c 40 y 1.9998223553596355
miniFE.c 40 y 0.9999583685997097
miniFE.c 40 y 2.0000709440295741
miniFE.c 40 y 1.0000934072371719
miniFE.c 40 y 1.9999281226481216
miniFE.c 40 y 1.0000603881043517
miniFE.c 40 y 2.0000958585655058
miniFE.c 40 y -0.0024489697258406
miniFE.c 40 y 0.0095258197286498
miniFE.c 40 y 0.0018639563503870
miniFE.c 40 y -0.0039660510775807
miniFE.c 40 y -0.0053989513143433
miniFE.c 40 y 0.0042811760390769
miniFE.c 40 y -0.0028457864154088
miniFE.c 40 y -0.0054242281680169
miniFE.c 82 oldrtrans 0.1071183236417276
miniFE.c 48 sum 0.0000059974527181
miniFE.c 48 sum 0.0000967386942208
miniFE.c 48 sum 0.0001002130274970
miniFE.c 48 sum 0.0001159425886469
miniFE.c 48 sum 0.0001450912639416
miniFE.c 48 sum 0.0001634197322192
miniFE.c 48 sum 0.0001715182325413
miniFE.c 48 sum 0.0002009404837600
miniFE.c 83 rtrans 0.0002009404837600
miniFE.c 84 beta 0.0018758740515028
miniFE.c 40 y -0.0026651254464090
miniFE.c 40 y 0.0095017415253661
miniFE.c 40 y 0.0020995622556393
miniFE.c 40 y -0.0042356306768741
miniFE.c 40 y -0.0052111085463776
miniFE.c 40 y 0.0043063097558107
miniFE.c 40 y -0.0031206184970913
miniFE.c 40 y -0.0051137911740905
miniFE.c 87 normr 0.0141753477474097
miniFE.c 25 Ap -0.1788158189404354
miniFE.c 25 Ap -0.0354578185893985
miniFE.c 25 Ap -0.0158915507223352
miniFE.c 25 Ap -0.0739895365453717
miniFE.c 25 Ap -0.1472754925875841
miniFE.c 25 Ap -0.0781316606243849
miniFE.c 25 Ap -0.0937246173409629
miniFE.c 25 Ap -0.1264941133533788
miniFE.c 25 Ap -0.0402102134289688
miniFE.c 25 Ap 0.5910530925777517
miniFE.c 25 Ap 0.6212699295740453
miniFE.c 25 Ap 0.5960094075732129
miniFE.c 25 Ap 0.5390331790594530
miniFE.c 25 Ap 0.5805988263009332
miniFE.c 25 Ap 0.5450318578359997
miniFE.c 25 Ap 0.5094710551629106
miniFE.c 25 Ap -0.0248368717068060
miniFE.c 25 Ap 0.1119119072740169
miniFE.c 25 Ap 0.2539978723227554
miniFE.c 25 Ap 0.2132842490212734
miniFE.c 25 Ap 0.1257471096596838
miniFE.c 25 Ap 0.1954046413136537
miniFE.c 25 Ap 0.1581071962735282
miniFE.c 25 Ap 0.0949458921378368
miniFE.c 25 Ap -0.0365561665344152
miniFE.c 25 Ap 0.0201104716024274
miniFE.c 25 Ap 0.0402918314270273
miniFE.c 25 Ap -0.2367256577689945
miniFE.c 25 Ap -0.2558405875612648
miniFE.c 25 Ap -0.2081013113024203
miniFE.c 25 Ap -0.2121588424527489
miniFE.c 25 Ap -0.2363011937717830
miniFE.c 25 Ap -0.0374807518542834
miniFE.c 25 Ap 0.0664075843048744
miniFE.c 25 Ap 0.1016764089963097
miniFE.c 25 Ap 0.0861396412828998
miniFE.c 25 Ap -0.2607183095607630
miniFE.c 25 Ap -0.2413863936608092
miniFE.c 25 Ap -0.2852393843901443
miniFE.c 25 Ap -0.3046684055219310
miniFE.c 25 Ap -0.0427923202177222
miniFE.c 25 Ap 0.0489210164483569
miniFE.c 25 Ap 0.0828828846312794
miniFE.c 25 Ap 0.0359271488668278
miniFE.c 25 Ap 0.0125334039026696
miniFE.c 25 Ap 0.2987448319067516
miniFE.c 25 Ap 0.2749899380790717
miniFE.c 25 Ap 0.2574693991548291
miniFE.c 25 Ap -0.0133169709045953
miniFE.c 25 Ap 0.0949782729740273
miniFE.c 25 Ap 0.1200721150796931
miniFE.c 25 Ap 0.1145648082978091
miniFE.c 25 Ap 0.0413348716724702
miniFE.c 25 Ap 0.0741155307417331
miniFE.c 25 Ap -0.1307786626639876
miniFE.c 25 Ap -0.1444557886451895
miniFE.c 25 Ap -0.0170782917634923
miniFE.c 25 Ap 0.0489958876332339
miniFE.c 25 Ap 0.0749279379782187
miniFE.c 25 Ap 0.0549314069550372
miniFE.c 25 Ap 0.0351326442326600
miniFE.c 25 Ap 0.0498866428078845
miniFE.c 25 Ap 0.0415403707621595
miniFE.c 25 Ap -0.2902024107658511
miniFE.c 57 sum 0.0003371226803190
miniFE.c 57 sum 0.0051779849611325
miniFE.c 57 sum 0.0053773297725931
miniFE.c 57 sum 0.0063782143579149
miniFE.c 57 sum 0.0079658744897414
miniFE.c 57 sum 0.0090746174751446
miniFE.c 57 sum 0.0095254088812027
miniFE.c 57 sum 0.0110094434080769
miniFE.c 90 p_ap_dot 0.0110094434080769
miniFE.c 91 alpha 0.0182516478183244
miniFE.c 40 y 1.0000031870279174
miniFE.c 40 y 1.9999957777996171
miniFE.c 40 y 0.9999966890705723
miniFE.c 40 y 1.9999936367901714
miniFE.c 40 y 0.9999982959192404
miniFE.c 40 y 2.0000067198971814
miniFE.c 40 y 1.0000034316745674
miniFE.c 40 y 2.0000025234499796
miniFE.c 40 y -0.0001402437178235
miniFE.c 40 y 0.0002271334561862
miniFE.c 40 y 0.0001310373652906
miniFE.c 40 y 0.0003468350901915
miniFE.c 40 y 0.0001617491246134
miniFE.c 40 y -0.0004180647582926
miniFE.c 40 y -0.0002092302357385
miniFE.c 40 y -0.0001275559706898
