filename line variable value
miniFE.c 167 A 67.0947100000000063
miniFE.c 167 A 15.0875500000000002
miniFE.c 167 A 9.3192129999999995
miniFE.c 167 A 13.7164900000000003
miniFE.c 167 A 14.0634099999999993
miniFE.c 167 A 16.0564000000000000
miniFE.c 167 A 4.9967519999999999
miniFE.c 167 A 6.4080630000000003
miniFE.c 167 A 15.0875500000000002
miniFE.c 167 A 66.4365899999999954
miniFE.c 167 A 14.3919700000000006
miniFE.c 167 A 5.9638159999999996
miniFE.c 167 A 10.9336099999999998
miniFE.c 167 A 9.6522659999999991
miniFE.c 167 A 11.3974100000000007
miniFE.c 167 A 6.9539020000000002
miniFE.c 167 A 9.3192129999999995
miniFE.c 167 A 14.3919700000000006
miniFE.c 167 A 67.6740900000000067
miniFE.c 167 A 9.6121750000000006
miniFE.c 167 A 16.7981799999999986
miniFE.c 167 A 16.1756899999999995
miniFE.c 167 A 11.9519400000000005
miniFE.c 167 A 12.3511699999999998
miniFE.c 167 A 13.7164900000000003
miniFE.c 167 A 5.9638159999999996
miniFE.c 167 A 9.6121750000000006
miniFE.c 167 A 65.4017099999999942
miniFE.c 167 A 3.6681119999999998
miniFE.c 167 A 11.0858899999999991
miniFE.c 167 A 1.3002330000000000
miniFE.c 167 A 4.7210279999999996
miniFE.c 167 A 14.0634099999999993
miniFE.c 167 A 10.9336099999999998
miniFE.c 167 A 16.7981799999999986
miniFE.c 167 A 3.6681119999999998
miniFE.c 167 A 66.5612600000000043
miniFE.c 167 A 4.4892070000000004
miniFE.c 167 A 14.0526599999999995
miniFE.c 167 A 3.7993380000000001
miniFE.c 167 A 16.0564000000000000
miniFE.c 167 A 9.6522659999999991
miniFE.c 167 A 16.1756899999999995
miniFE.c 167 A 11.0858899999999991
miniFE.c 167 A 4.4892070000000004
miniFE.c 167 A 66.4632699999999943
miniFE.c 167 A 7.6122389999999998
miniFE.c 167 A 3.4261349999999999
miniFE.c 167 A 4.9967519999999999
miniFE.c 167 A 11.3974100000000007
miniFE.c 167 A 11.9519400000000005
miniFE.c 167 A 1.3002330000000000
miniFE.c 167 A 14.0526599999999995
miniFE.c 167 A 7.6122389999999998
miniFE.c 167 A 65.6581999999999937
miniFE.c 167 A 2.6745570000000001
miniFE.c 167 A 6.4080630000000003
miniFE.c 167 A 6.9539020000000002
miniFE.c 167 A 12.3511699999999998
miniFE.c 167 A 4.7210279999999996
miniFE.c 167 A 3.7993380000000001
miniFE.c 167 A 3.4261349999999999
miniFE.c 167 A 2.6745570000000001
miniFE.c 167 A 64.8721800000000002
miniFE.c 175 b 198.0110999999999990
miniFE.c 175 b 229.8237000000000023
miniFE.c 175 b 210.8053999999999917
miniFE.c 175 b 202.6418999999999926
miniFE.c 175 b 157.2561000000000035
miniFE.c 175 b 225.5886000000000138
miniFE.c 175 b 142.6283999999999992
miniFE.c 175 b 185.1795999999999935
miniFE.c 33 r 0.0000000000000000
miniFE.c 33 r 0.0000000000000000
miniFE.c 33 r 0.0000000000000000
miniFE.c 33 r 0.0000000000000000
miniFE.c 33 r 0.0000000000000000
miniFE.c 33 r 0.0000000000000000
miniFE.c 33 r 0.0000000000000000
miniFE.c 33 r 0.0000000000000000
miniFE.c 25 Ap 0.0000000000000000
miniFE.c 25 Ap 0.0000000000000000
miniFE.c 25 Ap 0.0000000000000000
miniFE.c 25 Ap 0.0000000000000000
miniFE.c 25 Ap 0.0000000000000000
miniFE.c 25 Ap 0.0000000000000000
miniFE.c 25 Ap 0.0000000000000000
miniFE.c 25 Ap 0.0000000000000000
miniFE.c 25 Ap 0.0000000000000000
miniFE.c 25 Ap 0.0000000000000000
miniFE.c 25 Ap 0.0000000000000000
miniFE.c 25 Ap 0.0000000000000000
miniFE.c 25 Ap 0.0000000000000000
miniFE.c 25 Ap 0.0000000000000000
miniFE.c 25 Ap 0.0000000000000000
miniFE.c 25 Ap 0.0000000000000000
miniFE.c 25 Ap 0.0000000000000000
miniFE.c 25 Ap 0.0000000000000000
miniFE.c 25 Ap 0.0000000000000000
miniFE.c 25 Ap 0.0000000000000000
miniFE.c 25 Ap 0.0000000000000000
miniFE.c 25 Ap 0.0000000000000000
miniFE.c 25 Ap 0.0000000000000000
miniFE.c 25 Ap 0.0000000000000000
miniFE.c 25 Ap 0.0000000000000000
miniFE.c 25 Ap 0.0000000000000000
miniFE.c 25 Ap 0.0000000000000000
miniFE.c 25 Ap 0.0000000000000000
miniFE.c 25 Ap 0.0000000000000000
miniFE.c 25 Ap 0.0000000000000000
miniFE.c 25 Ap 0.0000000000000000
miniFE.c 25 Ap 0.0000000000000000
miniFE.c 25 Ap 0.0000000000000000
miniFE.c 25 Ap 0.0000000000000000
miniFE.c 25 Ap 0.0000000000000000
miniFE.c 25 Ap 0.0000000000000000
miniFE.c 25 Ap 0.0000000000000000
miniFE.c 25 Ap 0.0000000000000000
miniFE.c 25 Ap 0.0000000000000000
miniFE.c 25 Ap 0.0000000000000000
miniFE.c 25 Ap 0.0000000000000000
miniFE.c 25 Ap 0.0000000000000000
miniFE.c 25 Ap 0.0000000000000000
miniFE.c 25 Ap 0.0000000000000000
miniFE.c 25 Ap 0.0000000000000000
miniFE.c 25 Ap 0.0000000000000000
miniFE.c 25 Ap 0.0000000000000000
miniFE.c 25 Ap 0.0000000000000000
miniFE.c 25 Ap 0.0000000000000000
miniFE.c 25 Ap 0.0000000000000000
miniFE.c 25 Ap 0.0000000000000000
miniFE.c 25 Ap 0.0000000000000000
miniFE.c 25 Ap 0.0000000000000000
miniFE.c 25 Ap 0.0000000000000000
miniFE.c 25 Ap 0.0000000000000000
miniFE.c 25 Ap 0.0000000000000000
miniFE.c 25 Ap 0.0000000000000000
miniFE.c 25 Ap 0.0000000000000000
miniFE.c 25 Ap 0.0000000000000000
miniFE.c 25 Ap 0.0000000000000000
miniFE.c 25 Ap 0.0000000000000000
miniFE.c 25 Ap 0.0000000000000000
miniFE.c 25 Ap 0.0000000000000000
miniFE.c 25 Ap 0.0000000000000000
miniFE.c 33 r 198.0110999999999990
miniFE.c 33 r 229.8237000000000023
miniFE.c 33 r 210.8053999999999917
miniFE.c 33 r 202.6418999999999926
miniFE.c 33 r 157.2561000000000035
miniFE.c 33 r 225.5886000000000138
miniFE.c 33 r 142.6283999999999992
miniFE.c 33 r 185.1795999999999935
miniFE.c 48 sum 39208.3957232100001420
miniFE.c 48 sum 92027.3288048999966122
miniFE.c 48 sum 136466.2454740600078367
miniFE.c 48 sum 177529.9851096700003836
miniFE.c 48 sum 202259.4660968800017145
miniFE.c 48 sum 253149.6825468399911188
miniFE.c 48 sum 273492.5430333999684080
miniFE.c 48 sum 307784.0272895599482581
miniFE.c 75 rtrans 307784.0272895599482581
miniFE.c 76 normr 554.7828649927464539
miniFE.c 33 r 198.0110999999999990
miniFE.c 33 r 229.8237000000000023
miniFE.c 33 r 210.8053999999999917
miniFE.c 33 r 202.6418999999999926
miniFE.c 33 r 157.2561000000000035
miniFE.c 33 r 225.5886000000000138
miniFE.c 33 r 142.6283999999999992
miniFE.c 33 r 185.1795999999999935
miniFE.c 87 normr 554.7828649927464539
miniFE.c 25 Ap 13285.4973312810016068
miniFE.c 25 Ap 16752.9738962160008668
miniFE.c 25 Ap 18717.5143203662009910
miniFE.c 25 Ap 21497.0499152972006414
miniFE.c 25 Ap 23708.6069245981998392
miniFE.c 25 Ap 27330.7477216381994367
miniFE.c 25 Ap 28043.4264645949988335
miniFE.c 25 Ap 29230.0690077097970061
miniFE.c 25 Ap 2987.5023718050001662
miniFE.c 25 Ap 18256.2053009880000900
miniFE.c 25 Ap 21290.1102936259994749
miniFE.c 25 Ap 22498.6292991164009436
miniFE.c 25 Ap 24218.0061666374022025
miniFE.c 25 Ap 26395.4473404050004319
miniFE.c 25 Ap 28021.0416928490012651
miniFE.c 25 Ap 29308.7624836482027604
miniFE.c 25 Ap 1845.3076172643000064
miniFE.c 25 Ap 5152.9234129532997031
miniFE.c 25 Ap 19418.9870250392996240
miniFE.c 25 Ap 21366.8164301717988565
miniFE.c 25 Ap 24008.4327040697971825
miniFE.c 25 Ap 27657.4839652037990163
miniFE.c 25 Ap 29362.1700442997971550
miniFE.c 25 Ap 31649.3547644317950471
miniFE.c 25 Ap 2716.0172730389999742
miniFE.c 25 Ap 4086.6435322781999275
miniFE.c 25 Ap 6112.9419280231995799
miniFE.c 25 Ap 19366.0687056721981207
miniFE.c 25 Ap 19942.9016931553996983
miniFE.c 25 Ap 22443.7520980093977414
miniFE.c 25 Ap 22629.2022504265987664
miniFE.c 25 Ap 23503.4403270553993934
miniFE.c 25 Ap 2784.7112838509997346
miniFE.c 25 Ap 5297.5139884079999320
miniFE.c 25 Ap 8838.6610425799990480
miniFE.c 25 Ap 9581.9742276727993158
miniFE.c 25 Ap 20049.1383863587980159
miniFE.c 25 Ap 21061.8523085989982064
miniFE.c 25 Ap 23066.1607201429978886
miniFE.c 25 Ap 23769.7206112477979332
miniFE.c 25 Ap 3179.3454260399998930
miniFE.c 25 Ap 5397.6649115441996400
miniFE.c 25 Ap 8807.5877122702004272
miniFE.c 25 Ap 11054.0535250612010714
miniFE.c 25 Ap 11760.0087099739012046
miniFE.c 25 Ap 26753.3647406958989450
miniFE.c 25 Ap 27839.0862096834971453
miniFE.c 25 Ap 28473.5365185294976982
miniFE.c 25 Ap 989.4123599472000024
miniFE.c 25 Ap 3608.8072965641999872
miniFE.c 25 Ap 6128.3407890401995246
miniFE.c 25 Ap 6391.8224746028990921
miniFE.c 25 Ap 8601.6889808288997301
miniFE.c 25 Ap 10318.9233197042995016
miniFE.c 25 Ap 19683.6473325842962367
miniFE.c 25 Ap 20178.9207280214977800
miniFE.c 25 Ap 1268.8676034993000030
miniFE.c 25 Ap 2867.0390905766998912
miniFE.c 25 Ap 5470.7324228946999938
miniFE.c 25 Ap 6427.4105067679001877
miniFE.c 25 Ap 7024.8795832297000743
miniFE.c 25 Ap 7797.7765812907000509
miniFE.c 25 Ap 8179.2443669095000587
miniFE.c 25 Ap 20192.2487104374995397
miniFE.c 57 sum 5787878.1172925252467394
miniFE.c 57 sum 12523726.3537057451903820
miniFE.c 57 sum 19195581.2445636950433254
miniFE.c 57 sum 23958363.0489748232066631
miniFE.c 57 sum 27696296.6103892698884010
miniFE.c 57 sum 34119601.8506532162427902
miniFE.c 57 sum 36997689.0278177559375763
miniFE.c 57 sum 40736881.5671170875430107
miniFE.c 90 p_ap_dot 40736881.5671170875430107
miniFE.c 91 alpha 0.0075554145395853
miniFE.c 40 y 1.4960559439392744
miniFE.c 40 y 1.7364133245212852
miniFE.c 40 y 1.5927221841830903
miniFE.c 40 y 1.5310435575891859
miniFE.c 40 y 1.1881350243784765
miniFE.c 40 y 1.7044153884046875
miniFE.c 40 y 1.0776166871177848
miniFE.c 40 y 1.3991086422745860
miniFE.c 40 y -22.8341883739316245
miniFE.c 40 y 8.3838497937928480
miniFE.c 40 y -28.3185951556805833
miniFE.c 40 y 25.0636652226906733
miniFE.c 40 y -22.3339927081014764
miniFE.c 40 y 10.4592281944898673
miniFE.c 40 y -9.8317110616323760
miniFE.c 40 y 32.6187905062384118
miniFE.c 82 oldrtrans 307784.0272895599482581
miniFE.c 48 sum 521.4001586961941257
miniFE.c 48 sum 591.6890960610744514
miniFE.c 48 sum 1393.6319276524102406
miniFE.c 48 sum 2021.8192420475243125
miniFE.c 48 sum 2520.6264723330541528
miniFE.c 48 sum 2630.0219267574657351
miniFE.c 48 sum 2726.6844691568903727
miniFE.c 48 sum 3790.6699632467598349
miniFE.c 83 rtrans 3790.6699632467598349
miniFE.c 84 beta 0.0123160061184089
miniFE.c 40 y -20.3954824548187439
miniFE.c 40 y 11.2143598891482252
miniFE.c 40 y -25.7223145594869429
miniFE.c 40 y 27.5594041029366821
miniFE.c 40 y -20.3972256183443506
miniFE.c 40 y 13.2375787723331708
miniFE.c 40 y -8.0750988145735008
miniFE.c 40 y 34.8994635928429275
miniFE.c 87 normr 61.5684169298412272
miniFE.c 25 Ap -1368.4289806161518754
miniFE.c 25 Ap -1199.2317650706336281
miniFE.c 25 Ap -1438.9434933034935966
miniFE.c 25 Ap -1060.9252025196035447
miniFE.c 25 Ap -1347.7797492528836756
miniFE.c 25 Ap -1135.2318894527934390
miniFE.c 25 Ap -1175.5811556047112845
miniFE.c 25 Ap -951.9431942355674892
miniFE.c 25 Ap -307.7178613112005223
miniFE.c 25 Ap 437.3259687565855529
miniFE.c 25 Ap 67.1311892858862507
miniFE.c 25 Ap 231.4904044254456608
miniFE.c 25 Ap 8.4750944324596844
miniFE.c 25 Ap 136.2477259389728772
miniFE.c 25 Ap 44.2125139587647027
miniFE.c 25 Ap 286.8999636359623082
miniFE.c 25 Ap -190.0698452342187466
miniFE.c 25 Ap -28.6731141403941479
miniFE.c 25 Ap -1769.4073446474239972
miniFE.c 25 Ap -1504.5015295142784453
miniFE.c 25 Ap -1847.1377969518380269
miniFE.c 25 Ap -1633.0108263799961605
miniFE.c 25 Ap -1729.5239229058497585
miniFE.c 25 Ap -1298.4747151618360022
miniFE.c 25 Ap -279.7544311366967804
miniFE.c 25 Ap -212.8740522000363740
miniFE.c 25 Ap -460.1214411508727835
miniFE.c 25 Ap 1342.3107137622018854
miniFE.c 25 Ap 1267.4914057048456471
miniFE.c 25 Ap 1414.2417478412662604
miniFE.c 25 Ap 1403.7422378842968556
miniFE.c 25 Ap 1568.5035826910889227
miniFE.c 25 Ap -286.8300319099224680
miniFE.c 25 Ap -164.2165944823325390
miniFE.c 25 Ap -596.3046644692149130
miniFE.c 25 Ap -495.2136835663836223
miniFE.c 25 Ap -1852.8787212276629361
miniFE.c 25 Ap -1793.4524899398534217
miniFE.c 25 Ap -1906.9291080474579303
miniFE.c 25 Ap -1774.3342498395531948
miniFE.c 25 Ap -327.4780244875516928
miniFE.c 25 Ap -219.2340398177625218
miniFE.c 25 Ap -635.3102262145098393
miniFE.c 25 Ap -329.7897038638051299
miniFE.c 25 Ap -421.3570718902559520
miniFE.c 25 Ap 458.4557002015919807
miniFE.c 25 Ap 396.9861180764418123
miniFE.c 25 Ap 516.5563917731067249
miniFE.c 25 Ap -101.9111677470804693
miniFE.c 25 Ap 25.9034897970964124
miniFE.c 25 Ap -281.5280704790179698
miniFE.c 25 Ap -245.6944238040443054
miniFE.c 25 Ap -532.3297003619271663
miniFE.c 25 Ap -431.5620869656004857
miniFE.c 25 Ap -961.7585399526303718
miniFE.c 25 Ap -868.4179353041471359
miniFE.c 25 Ap -130.6955364858731627
miniFE.c 25 Ap -52.7119768240055322
miniFE.c 25 Ap -370.4126567417038700
miniFE.c 25 Ap -240.3039383084249323
miniFE.c 25 Ap -317.7998926947741438
miniFE.c 25 Ap -272.4461607476264362
miniFE.c 25 Ap -294.0434728078357125
miniFE.c 25 Ap 1969.9608112905175403
miniFE.c 57 sum 19415.3407160156275495
miniFE.c 57 sum 22632.7401604128463077
miniFE.c 57 sum 56032.5152313458020217
miniFE.c 57 sum 99259.5393036334862700
miniFE.c 57 sum 135451.0353199666133150
miniFE.c 57 sum 142288.9912464153021574
miniFE.c 57 sum 149301.5518863441830035
miniFE.c 57 sum 218052.1274993049155455
miniFE.c 90 p_ap_dot 218052.1274993049155455
miniFE.c 91 alpha 0.0173842374606450
miniFE.c 40 y 1.1414960338202862
miniFE.c 40 y 1.9313664198033706
miniFE.c 40 y 1.1455593598435627
miniFE.c 40 y 2.0101427827885114
miniFE.c 40 y 0.8335448106908265
miniFE.c 40 y 1.9345406011869211
miniFE.c 40 y 0.9372372518070660
miniFE.c 40 y 2.0058092046217029
miniFE.c 40 y -6.2853818362955991
miniFE.c 40 y 3.3963126984948593
miniFE.c 40 y -5.7456023706638284
miniFE.c 40 y -2.2035735166836723
miniFE.c 40 y 8.5114552256647578
miniFE.c 40 y 1.4792892180922035
miniFE.c 40 y 5.2650725407779788
miniFE.c 40 y -1.6274760254008527
miniFE.c 82 oldrtrans 3790.6699632467598349
miniFE.c 48 sum 39.5060248280346400
miniFE.c 48 sum 51.0409647739920729
miniFE.c 48 sum 84.0529113757698809
miniFE.c 48 sum 88.9086476191995274
miniFE.c 48 sum 161.3535176776954359
miniFE.c 48 sum 163.5418142684592908
miniFE.c 48 sum 191.2628031281135748
miniFE.c 48 sum 193.9114813413681304
miniFE.c 83 rtrans 193.9114813413681304
miniFE.c 84 beta 0.0511549365208467
miniFE.c 40 y -7.3287114465838936
miniFE.c 40 y 3.9699825667461655
miniFE.c 40 y -7.0614257391236324
miniFE.c 40 y -0.7937739492455855
miniFE.c 40 y 7.4680364439569651
miniFE.c 40 y 2.1564567198806142
miniFE.c 40 y 4.8519913735189073
miniFE.c 40 y 0.1578038193026263
miniFE.c 87 normr 13.9252102799694963
miniFE.c 25 Ap -491.7177691822269026
miniFE.c 25 Ap -431.8204587073157654
miniFE.c 25 Ap -497.6273892538913515
miniFE.c 25 Ap -508.5151816909789204
miniFE.c 25 Ap -403.4891232846700859
miniFE.c 25 Ap -368.8641916075790164
miniFE.c 25 Ap -344.6199940079656585
miniFE.c 25 Ap -343.6087771922337879
miniFE.c 25 Ap -110.5723003859068285
miniFE.c 25 Ap 153.1798037081557595
miniFE.c 25 Ap 51.5519763134606137
miniFE.c 25 Ap 46.8180545345666062
miniFE.c 25 Ap 128.4706524785789270
miniFE.c 25 Ap 149.2853463563540970
miniFE.c 25 Ap 204.5854813568122381
miniFE.c 25 Ap 205.6828336514683997
miniFE.c 25 Ap -68.2978229862534221
miniFE.c 25 Ap -11.1619529851196120
miniFE.c 25 Ap -489.0375139828888678
miniFE.c 25 Ap -496.6674080934785707
miniFE.c 25 Ap -371.2179876613295733
miniFE.c 25 Ap -336.3358122621239090
miniFE.c 25 Ap -278.3451024853083595
miniFE.c 25 Ap -276.3960406864523520
miniFE.c 25 Ap -100.5241972699535182
miniFE.c 25 Ap -76.8479517186716663
miniFE.c 25 Ap -144.7236116726323871
miniFE.c 25 Ap -196.6377853067468777
miniFE.c 25 Ap -169.2441912102310084
miniFE.c 25 Ap -145.3379492238736930
miniFE.c 25 Ap -139.0292299243090781
miniFE.c 25 Ap -138.2842336748744287
miniFE.c 25 Ap -103.0666738450023843
miniFE.c 25 Ap -59.6604327534008405
miniFE.c 25 Ap -178.2795333758326422
miniFE.c 25 Ap -181.1911851243477543
miniFE.c 25 Ap 315.8907303113472835
miniFE.c 25 Ap 325.5715109134323484
miniFE.c 25 Ap 393.7548960084265559
miniFE.c 25 Ap 394.3544460556481681
miniFE.c 25 Ap -117.6727224709296280
miniFE.c 25 Ap -79.3533947213328901
miniFE.c 25 Ap -193.5768284354176387
miniFE.c 25 Ap -202.3765191216197934
miniFE.c 25 Ap -168.8509576411530588
miniFE.c 25 Ap -25.5257924244134529
miniFE.c 25 Ap 11.4087255367507368
miniFE.c 25 Ap 11.9493827251971396
miniFE.c 25 Ap -36.6197535781409655
miniFE.c 25 Ap 8.6277654279174527
miniFE.c 25 Ap -75.7699713205438599
miniFE.c 25 Ap -76.8020624038933022
miniFE.c 25 Ap 28.1437146106429736
miniFE.c 25 Ap 44.5591785555302593
miniFE.c 25 Ap 363.1321985563093335
miniFE.c 25 Ap 363.5542538658519334
miniFE.c 25 Ap -46.9628446585307273
miniFE.c 25 Ap -19.3559749476694343
miniFE.c 25 Ap -106.5728446939610734
miniFE.c 25 Ap -110.3202737340200628
miniFE.c 25 Ap -81.9466790871094872
miniFE.c 25 Ap -74.5583672431413191
miniFE.c 25 Ap -61.5814397511567080
miniFE.c 25 Ap -51.3443619806692624
miniFE.c 57 sum 2518.2095785554183749
miniFE.c 57 sum 3334.7668424306993984
miniFE.c 57 sum 5286.5169583258766579
miniFE.c 57 sum 5396.2833806083808668
miniFE.c 57 sum 8341.3367555884215108
miniFE.c 57 sum 32.6840042275960840
miniFE.c 57 sum 1796.6461077908124935
miniFE.c 57 sum 1788.5437713706062368
miniFE.c 90 p_ap_dot 1788.5437713706062368
miniFE.c 91 alpha 0.1084186389202926
miniFE.c 40 y 0.3469271137420917
miniFE.c 40 y 2.3617865262272795
miniFE.c 40 y 0.3799691923710573
miniFE.c 40 y 1.9240828916009196
miniFE.c 40 y 1.6432191573517827
miniFE.c 40 y 2.1683407036468960
miniFE.c 40 y 1.4632835525769869
miniFE.c 40 y 2.0229180799269173
miniFE.c 40 y 30.9682141079524698
miniFE.c 40 y -18.9035401752663006
miniFE.c 40 y 24.2208801635191513
miniFE.c 40 y 12.7890148824819061
miniFE.c 40 y -34.2439170678545679
miniFE.c 40 y 0.1837534070886728
miniFE.c 40 y -34.1509848370402125
miniFE.c 40 y 3.9392098167741274
miniFE.c 82 oldrtrans 193.9114813413681304
miniFE.c 48 sum 959.0302850359863669
miniFE.c 48 sum 1316.3741161938933146
miniFE.c 48 sum 1903.0251520894489659
miniFE.c 48 sum 2066.5840537537924320
miniFE.c 48 sum 3239.2299099038937129
miniFE.c 48 sum 3239.2636752185103433
miniFE.c 48 sum 4405.5534405582611726
miniFE.c 48 sum 4421.0708145388307457
miniFE.c 83 rtrans 4421.0708145388307457
miniFE.c 84 beta 22.7994277799148612
miniFE.c 40 y -136.1222132382723942
miniFE.c 40 y 71.6097906427839348
miniFE.c 40 y -136.7755859988620273
miniFE.c 40 y -5.3085769469206259
miniFE.c 40 y 136.0230404939144648
miniFE.c 40 y 49.3497326525188313
miniFE.c 40 y 76.4716420722740224
miniFE.c 40 y 7.5370465983590904
miniFE.c 87 normr 66.4911333527924597
miniFE.c 25 Ap -9133.0804217800487095
miniFE.c 25 Ap -8052.6641249675139989
miniFE.c 25 Ap -9327.3049440907270764
miniFE.c 25 Ap -9400.1199866973947792
miniFE.c 25 Ap -7487.1721987848732169
miniFE.c 25 Ap -6694.7931514229694585
miniFE.c 25 Ap -6312.6833209550504762
miniFE.c 25 Ap -6264.3854515188295409
miniFE.c 25 Ap -2053.7506983430967011
miniFE.c 25 Ap 2703.7596025773755173
miniFE.c 25 Ap 735.2894721493330508
miniFE.c 25 Ap 703.6300960160566547
miniFE.c 25 Ap 2190.8529717907249506
miniFE.c 25 Ap 2667.1897183817222867
miniFE.c 25 Ap 3538.7683764526791492
miniFE.c 25 Ap 3591.1802598671015403
miniFE.c 25 Ap -1268.5518991988801645
miniFE.c 25 Ap -237.9459405616530603
miniFE.c 25 Ap -9494.1092572513825871
miniFE.c 25 Ap -9545.1362278661490564
miniFE.c 25 Ap -7260.1967095020845591
miniFE.c 25 Ap -6461.9307325320623931
miniFE.c 25 Ap -5547.9462547827679373
miniFE.c 25 Ap -5454.8549109485129520
miniFE.c 25 Ap -1867.1189766606310059
miniFE.c 25 Ap -1440.0513614685460198
miniFE.c 25 Ap -2754.7622298171577313
miniFE.c 25 Ap -3101.9522398123458515
miniFE.c 25 Ap -2603.0044927001322321
miniFE.c 25 Ap -2055.9187849849004124
miniFE.c 25 Ap -1956.4878323983414248
miniFE.c 25 Ap -1920.9052243701833049
miniFE.c 25 Ap -1914.3424948772521930
miniFE.c 25 Ap -1131.3889718074033226
miniFE.c 25 Ap -3428.9698850217673680
miniFE.c 25 Ap -3448.4423398236904177
miniFE.c 25 Ap 5605.4226244822784793
miniFE.c 25 Ap 5826.9637897540942504
miniFE.c 25 Ap 6901.5937754374563156
miniFE.c 25 Ap 6930.2295629863729118
miniFE.c 25 Ap -2185.6327046389969837
miniFE.c 25 Ap -1494.4359571505356143
miniFE.c 25 Ap -3706.8754358364681138
miniFE.c 25 Ap -3765.7257359265659034
miniFE.c 25 Ap -3155.0901503800014325
miniFE.c 25 Ap 124.8544553321735293
miniFE.c 25 Ap 706.9748715087786195
miniFE.c 25 Ap 732.7978106560476590
miniFE.c 25 Ap -680.1689412427640491
miniFE.c 25 Ap 135.9972027272079913
miniFE.c 25 Ap -1498.7363945960310048
miniFE.c 25 Ap -1505.6387815254563520
miniFE.c 25 Ap 405.8467587017555616
miniFE.c 25 Ap 781.5087182388328984
miniFE.c 25 Ap 5802.4990877486143290
miniFE.c 25 Ap 5822.6573484875816575
miniFE.c 25 Ap -872.2797181302835270
miniFE.c 25 Ap -374.3122517598470154
miniFE.c 25 Ap -2063.6507662814119612
miniFE.c 25 Ap -2088.7127066879788799
miniFE.c 25 Ap -1571.9152000639110156
miniFE.c 25 Ap -1402.8363537824734522
miniFE.c 25 Ap -1198.3085881765784961
miniFE.c 25 Ap -709.3639445794399307
miniFE.c 57 sum 852722.0122383773559704
miniFE.c 57 sum 1109885.6788079589605331
miniFE.c 57 sum 1855976.6557917119935155
miniFE.c 57 sum 1866173.9289830229245126
miniFE.c 57 sum 2808844.8254612414166331
miniFE.c 57 sum 2845008.2015054686926305
miniFE.c 57 sum 3290276.3701685070991516
miniFE.c 57 sum 3284929.8610630161128938
miniFE.c 90 p_ap_dot 3284929.8610630161128938
miniFE.c 91 alpha 0.0013458646003200
miniFE.c 40 y 0.1637250456274895
miniFE.c 40 y 2.4581636084897291
miniFE.c 40 y 0.1958877729871642
miniFE.c 40 y 1.9169382658099843
miniFE.c 40 y 1.8262877523804371
miniFE.c 40 y 2.2347587618591773
miniFE.c 40 y 1.5662040285704026
miniFE.c 40 y 2.0330619241346111
miniFE.c 40 y 39.3992287299113215
miniFE.c 40 y -23.7367825603894360
miniFE.c 40 y 31.5623762880464973
miniFE.c 40 y 15.3742932245314954
miniFE.c 40 y -43.5710677087691209
miniFE.c 40 y -0.8024932254653047
miniFE.c 40 y -41.9874932421627989
miniFE.c 40 y 4.8939176385269585
miniFE.c 82 oldrtrans 4421.0708145388307457
miniFE.c 48 sum 1552.2992245118696246
miniFE.c 48 sum 2115.7340708310775881
miniFE.c 48 sum 3111.9176677793175259
miniFE.c 48 sum 3348.2865599331926205
miniFE.c 48 sum 5246.7245012153362040
miniFE.c 48 sum 5247.3684965922539050
miniFE.c 48 sum 7010.3180853529211163
miniFE.c 48 sum 7034.2685152056064908
miniFE.c 83 rtrans 7034.2685152056064908
miniFE.c 84 beta 1.5910780013007693
miniFE.c 40 y -177.1818302418762130
miniFE.c 40 y 90.1999800090977431
miniFE.c 40 y -186.0582497097643682
miniFE.c 40 y 6.9279332260736854
miniFE.c 40 y 172.8521996911418910
miniFE.c 40 y 77.7167807680316685
miniFE.c 40 y 79.6848541823787713
miniFE.c 40 y 16.8859466759549015
miniFE.c 87 normr 83.8705461720955157
miniFE.c 25 Ap -11887.9635173479146033
miniFE.c 25 Ap -10527.0668089616519865
miniFE.c 25 Ap -12260.9832684141347272
miniFE.c 25 Ap -12165.9563415980264836
miniFE.c 25 Ap -9735.0649879396241886
miniFE.c 25 Ap -8487.2132692158011196
miniFE.c 25 Ap -8089.0478147102912772
miniFE.c 25 Ap -7980.8416045961312193
miniFE.c 25 Ap -2673.2397228658196582
miniFE.c 25 Ap 3319.3393670068030588
miniFE.c 25 Ap 641.5946189313654031
miniFE.c 25 Ap 682.9115379519552107
miniFE.c 25 Ap 2572.8100770170212854
miniFE.c 25 Ap 3322.9531176537470856
miniFE.c 25 Ap 4231.1540715605324294
miniFE.c 25 Ap 4348.5772899223484274
miniFE.c 25 Ap -1651.1952157538858046
miniFE.c 25 Ap -353.0398094623512861
miniFE.c 25 Ap -12944.3625455634191894
miniFE.c 25 Ap -12877.7700390060836071
miniFE.c 25 Ap -9974.1676751983377471
miniFE.c 25 Ap -8717.0451216966957873
miniFE.c 25 Ap -7764.6565256001558737
miniFE.c 25 Ap -7556.0953275945021232
miniFE.c 25 Ap -2430.3128026943927580
miniFE.c 25 Ap -1892.3767187164555708
miniFE.c 25 Ap -3680.8011751204103348
miniFE.c 25 Ap -3227.7024953693749012
miniFE.c 25 Ap -2593.6612674559009974
miniFE.c 25 Ap -1732.1015847073863370
miniFE.c 25 Ap -1628.4927076992694310
miniFE.c 25 Ap -1548.7736806355794670
miniFE.c 25 Ap -2491.7807232419040702
miniFE.c 25 Ap -1505.5693198146327632
miniFE.c 25 Ap -4631.0092889242023375
miniFE.c 25 Ap -4605.5968539224431879
miniFE.c 25 Ap 6899.6633512915723259
miniFE.c 25 Ap 7248.5500675328858051
miniFE.c 25 Ap 8368.3342305074329488
miniFE.c 25 Ap 8432.4896493793621630
miniFE.c 25 Ap -2844.9023390956613184
miniFE.c 25 Ap -1974.2681388531675566
miniFE.c 25 Ap -4983.8887081009061149
miniFE.c 25 Ap -4907.0864024293077819
miniFE.c 25 Ap -4131.1170976104358488
miniFE.c 25 Ap 1034.1942861060597352
miniFE.c 25 Ap 1640.7744408224766630
miniFE.c 25 Ap 1698.6279737370994098
miniFE.c 25 Ap -885.3336646247554427
miniFE.c 25 Ap 142.7124895307352972
miniFE.c 25 Ap -2081.0445475053861628
miniFE.c 25 Ap -2072.0366201030487900
miniFE.c 25 Ap 356.9965724086732735
miniFE.c 25 Ap 948.5952819255338682
miniFE.c 25 Ap 6180.5593748029950802
miniFE.c 25 Ap 6225.7218016867973347
miniFE.c 25 Ap -1135.3923306452479665
miniFE.c 25 Ap -508.1505092600231137
miniFE.c 25 Ap -2806.1875813277733869
miniFE.c 25 Ap -2773.4806145853490307
miniFE.c 25 Ap -2116.7566839152054854
miniFE.c 25 Ap -1850.4885012385252594
miniFE.c 25 Ap -1637.3668166910647415
miniFE.c 25 Ap -541.9386444581166415
miniFE.c 57 sum 1414060.1223728547338396
miniFE.c 57 sum 1806301.7069918669294566
miniFE.c 57 sum 3212175.5782842286862433
miniFE.c 57 sum 3201445.7776424852199852
miniFE.c 57 sum 4659020.1624104939401150
miniFE.c 57 sum 4791032.0602518655359745
miniFE.c 57 sum 5287127.7941993344575167
miniFE.c 57 sum 5277976.6471473751589656
miniFE.c 90 p_ap_dot 5277976.6471473751589656
miniFE.c 91 alpha 0.0013327585522773
miniFE.c 40 y -0.0724155539355182
miniFE.c 40 y 2.5783784032620969
miniFE.c 40 y -0.0520829505352723
miniFE.c 40 y 1.9261715280666400
miniFE.c 40 y 2.0566579997987526
miniFE.c 40 y 2.3383364660832324
miniFE.c 40 y 1.6724046994689385
miniFE.c 40 y 2.0555668139802887
miniFE.c 40 y 50.0357636328074165
miniFE.c 40 y -29.5323861337723486
miniFE.c 40 y 41.6328269577207237
miniFE.c 40 y 17.4384345929405775
miniFE.c 40 y -54.8095404059693934
miniFE.c 40 y -3.0663541846009084
miniFE.c 40 y -50.2848772174602061
miniFE.c 40 y 5.6161910017380876
miniFE.c 82 oldrtrans 7034.2685152056064908
miniFE.c 48 sum 2503.5776423181732753
miniFE.c 48 sum 3375.7394730724026886
miniFE.c 48 sum 5109.0317535639205744
miniFE.c 48 sum 5413.1307546161870050
miniFE.c 48 sum 8417.2164741297783621
miniFE.c 48 sum 8426.6190021151978726
miniFE.c 48 sum 10955.1878788902467932
miniFE.c 48 sum 10986.7294802582509874
miniFE.c 83 rtrans 10986.7294802582509874
miniFE.c 84 beta 1.5618865638280397
miniFE.c 40 y -226.7021563764396888
miniFE.c 40 y 111.3497506999952122
miniFE.c 40 y -248.9690533533225221
miniFE.c 40 y 28.2590804138429093
miniFE.c 40 y 215.1659878197463911
miniFE.c 40 y 118.3184414809571479
miniFE.c 40 y 74.1738258705937739
miniFE.c 40 y 31.9901242324287978
miniFE.c 87 normr 104.8176010041169093
miniFE.c 25 Ap -15210.5154384518737061
miniFE.c 25 Ap -13530.5205072781609488
miniFE.c 25 Ap -15850.7161458861373831
miniFE.c 25 Ap -15463.1007519804661570
miniFE.c 25 Ap -12437.1332472163667262
miniFE.c 25 Ap -10537.3650234215256205
miniFE.c 25 Ap -10166.7368106549838558
miniFE.c 25 Ap -9961.7420791957538313
miniFE.c 25 Ap -3420.3801194373527323
miniFE.c 25 Ap 3977.3176144204417142
miniFE.c 25 Ap 394.1624676310243558
miniFE.c 25 Ap 562.6944235483872490
miniFE.c 25 Ap 2915.2354196342448631
miniFE.c 25 Ap 4057.2764895138770953
miniFE.c 25 Ap 4902.6659942296410009
miniFE.c 25 Ap 5125.1221831097764152
miniFE.c 25 Ap -2112.6856828313493679
miniFE.c 25 Ap -510.1434112495392128
miniFE.c 25 Ap -17358.8975350970940781
miniFE.c 25 Ap -17087.2663088201625214
miniFE.c 25 Ap -13472.8693155462551658
miniFE.c 25 Ap -11558.9868848671521846
miniFE.c 25 Ap -10672.4657684913672711
miniFE.c 25 Ap -10277.3503057755187911
miniFE.c 25 Ap -3109.5578609158715153
miniFE.c 25 Ap -2445.4884360952291900
miniFE.c 25 Ap -4838.6225465117022395
miniFE.c 25 Ap -2990.4303644188685212
miniFE.c 25 Ap -2201.1774225054032286
miniFE.c 25 Ap -889.5121952760753175
miniFE.c 25 Ap -793.0689391428755926
miniFE.c 25 Ap -642.0426669181007355
miniFE.c 25 Ap -3188.2053730059856207
miniFE.c 25 Ap -1970.7506252550110730
miniFE.c 25 Ap -6152.9775979137257309
miniFE.c 25 Ap -6049.3201259387433311
miniFE.c 25 Ap 8272.3991324882299523
miniFE.c 25 Ap 8803.5551082136335026
miniFE.c 25 Ap 9845.8946640722915618
miniFE.c 25 Ap 9967.4359586932787352
miniFE.c 25 Ap -3640.0205036426664265
miniFE.c 25 Ap -2565.2430908526266649
miniFE.c 25 Ap -6592.4893174894323238
miniFE.c 25 Ap -6279.2122605204149295
miniFE.c 25 Ap -5313.2876018380948153
miniFE.c 25 Ap 2550.5429202899595111
miniFE.c 25 Ap 3115.1718103613025050
miniFE.c 25 Ap 3224.7742946483749620
miniFE.c 25 Ap -1132.7744532782876377
miniFE.c 25 Ap 136.3243088473448097
miniFE.c 25 Ap -2839.3388786883651846
miniFE.c 25 Ap -2802.5954897846331733
miniFE.c 25 Ap 221.0589806104039781
miniFE.c 25 Ap 1121.7272352709637744
miniFE.c 25 Ap 5991.8471290475827118
miniFE.c 25 Ap 6077.4065397442946050
miniFE.c 25 Ap -1452.7217002960774153
miniFE.c 25 Ap -678.4064462038792271
miniFE.c 25 Ap -3753.4655489098354337
miniFE.c 25 Ap -3620.0536390218312590
miniFE.c 25 Ap -2802.5653251907315280
miniFE.c 25 Ap -2397.1903716873725898
miniFE.c 25 Ap -2198.8082464883950706
miniFE.c 25 Ap -123.5391490599122335
miniFE.c 57 sum 2258348.4106195950880647
miniFE.c 57 sum 2829029.4880158840678632
miniFE.c 57 sum 5387771.6646252945065498
miniFE.c 57 sum 5369628.1292717372998595
miniFE.c 57 sum 7514281.3333540372550488
miniFE.c 57 sum 7895831.6020246855914593
miniFE.c 57 sum 8346616.0964484866708517
miniFE.c 57 sum 8342664.0637224912643433
miniFE.c 90 p_ap_dot 8342664.0637224912643433
miniFE.c 91 alpha 0.0013169329840372
miniFE.c 40 y -0.3709671012200184
miniFE.c 40 y 2.7250185627232435
miniFE.c 40 y -0.3799585089007885
miniFE.c 40 y 1.9633868431621904
miniFE.c 40 y 2.3400171862015302
miniFE.c 40 y 2.4941539242893840
miniFE.c 40 y 1.7700866573101577
miniFE.c 40 y 2.0976956637454229
miniFE.c 40 y 63.1547103553719538
miniFE.c 40 y -36.2818285839305261
miniFE.c 40 y 55.1674085639016454
miniFE.c 40 y 18.2839617581642564
miniFE.c 40 y -67.9359855862513484
miniFE.c 40 y -7.3131658192987565
miniFE.c 40 y -58.2884143470530560
miniFE.c 40 y 5.7788837819549785
miniFE.c 82 oldrtrans 10986.7294802582509874
miniFE.c 48 sum 3988.5174400709256588
miniFE.c 48 sum 5304.8885254646438625
miniFE.c 48 sum 8348.3314931210916257
miniFE.c 48 sum 8682.6347506951042305
miniFE.c 48 sum 13297.9328882704539865
miniFE.c 48 sum 13351.4152825710134493
miniFE.c 48 sum 16748.9545296647556825
miniFE.c 48 sum 16782.3500274300968158
miniFE.c 83 rtrans 16782.3500274300968158
miniFE.c 84 beta 1.5275109901982966
miniFE.c 40 y -283.1353250112925366
miniFE.c 40 y 133.8061393661526495
miniFE.c 40 y -325.1355566525646168
miniFE.c 40 y 61.4500176632067223
miniFE.c 40 y 260.7324255252840430
miniFE.c 40 y 173.4195538859973169
miniFE.c 40 y 55.0129198553336707
miniFE.c 40 y 54.6441501247988199
miniFE.c 87 normr 129.5467098286563896
miniFE.c 25 Ap -18996.8825223884196021
miniFE.c 25 Ap -16978.0757043946214253
miniFE.c 25 Ap -20008.0832107134374382
miniFE.c 25 Ap -19165.2046579362395278
miniFE.c 25 Ap -15498.4176574797056674
miniFE.c 25 Ap -12713.9239324645786837
miniFE.c 25 Ap -12439.0380151516001206
miniFE.c 25 Ap -12088.8748585704306606
miniFE.c 25 Ap -4271.8183728741269078
miniFE.c 25 Ap 4617.8052476778166238
miniFE.c 25 Ap -61.5359295991938779
miniFE.c 25 Ap 304.9406689409209434
miniFE.c 25 Ap 3155.6873239884221221
miniFE.c 25 Ap 4829.5789876974013168
miniFE.c 25 Ap 5456.5837905857797523
miniFE.c 25 Ap 5836.5738554269182714
miniFE.c 25 Ap -2638.5984016044621967
miniFE.c 25 Ap -712.8644580309742196
miniFE.c 25 Ap -22716.1173811367334565
miniFE.c 25 Ap -22125.4490576048992807
miniFE.c 25 Ap -17745.6188417945850233
miniFE.c 25 Ap -14940.4378981963964179
miniFE.c 25 Ap -14282.9267808606400649
miniFE.c 25 Ap -13608.0075931637293252
miniFE.c 25 Ap -3883.6228541641439733
miniFE.c 25 Ap -3085.6276593140528348
miniFE.c 25 Ap -6210.8875285809181150
miniFE.c 25 Ap -2191.9512938769948960
miniFE.c 25 Ap -1235.5555550185940774
miniFE.c 25 Ap 686.9545432106444878
miniFE.c 25 Ap 758.4841570329045908
miniFE.c 25 Ap 1016.4607198082833293
miniFE.c 25 Ap -3981.8481611170614087
miniFE.c 25 Ap -2518.8640176819012595
miniFE.c 25 Ap -7980.5496227318781166
miniFE.c 25 Ap -7755.1440755412577346
miniFE.c 25 Ap 9599.5346902778110234
miniFE.c 25 Ap 10378.0509655197074608
miniFE.c 25 Ap 11151.1288238539600570
miniFE.c 25 Ap 11358.7404199008124124
miniFE.c 25 Ap -4546.1340325113178551
miniFE.c 25 Ap -3254.6015829161415240
miniFE.c 25 Ap -8513.8935553054652701
miniFE.c 25 Ap -7832.6654189930986831
miniFE.c 25 Ap -6662.1835891980144879
miniFE.c 25 Ap 4863.8470440065730145
miniFE.c 25 Ap 5282.6185380332181012
miniFE.c 25 Ap 5469.8367733210452570
miniFE.c 25 Ap -1414.7570015208259520
miniFE.c 25 Ap 110.2864293523559809
miniFE.c 25 Ap -3775.7142356256972562
miniFE.c 25 Ap -3695.8148948094130901
miniFE.c 25 Ap -31.8307679272752466
miniFE.c 25 Ap 1288.2803235263149872
miniFE.c 25 Ap 4900.3296179717835912
miniFE.c 25 Ap 5046.4785121971153785
miniFE.c 25 Ap -1814.3490001978384498
miniFE.c 25 Ap -883.8742200472707964
miniFE.c 25 Ap -4899.6787533077276748
miniFE.c 25 Ap -4609.5714993192341353
miniFE.c 25 Ap -3618.9608871888522117
miniFE.c 25 Ap -3024.8020839356508986
miniFE.c 25 Ap -2877.6668940461290731
miniFE.c 25 Ap 667.2182487968425448
miniFE.c 57 sum 3422787.5121021820232272
miniFE.c 57 sum 4203756.9268222786486149
miniFE.c 57 sum 8628204.0505578927695751
miniFE.c 57 sum 8690665.5797440670430660
miniFE.c 57 sum 11652257.5203368887305260
miniFE.c 57 sum 12600834.1733954474329948
miniFE.c 57 sum 12878455.6913386099040508
miniFE.c 57 sum 12914915.2654918693006039
miniFE.c 90 p_ap_dot 12914915.2654918693006039
miniFE.c 91 alpha 0.0012994549079444
miniFE.c 40 y -0.7388886889183892
miniFE.c 40 y 2.8988936072356895
miniFE.c 40 y -0.8024575037402141
miniFE.c 40 y 2.0432383702079173
miniFE.c 40 y 2.6788272162106210
miniFE.c 40 y 2.7195048147200800
miniFE.c 40 y 1.8415734660165257
miniFE.c 40 y 2.1687032728155460
miniFE.c 40 y 78.8636581218675587
miniFE.c 40 y -43.8661931259452871
miniFE.c 40 y 72.8504008181835871
miniFE.c 40 y 16.9631168870766338
miniFE.c 40 y -82.6961565729584436
miniFE.c 40 y -14.4209720600458162
miniFE.c 40 y -64.8460856175638014
miniFE.c 40 y 4.9118637538858207
miniFE.c 82 oldrtrans 16782.3500274300968158
miniFE.c 48 sum 6219.4765723628070191
miniFE.c 48 sum 8143.7194717255370051
miniFE.c 48 sum 13450.9003710955403221
miniFE.c 48 sum 13738.6477056201656524
miniFE.c 48 sum 20577.3020175594247121
miniFE.c 48 sum 20785.2664527160450234
miniFE.c 48 sum 24990.2812726364609262
miniFE.c 48 sum 25014.4076781731964729
miniFE.c 83 rtrans 25014.4076781731964729
miniFE.c 84 beta 1.4905187674722624
miniFE.c 40 y -343.1548575418226505
miniFE.c 40 y 155.5743688023143250
miniFE.c 40 y -411.7702483450049726
miniFE.c 40 y 108.5555214755882787
miniFE.c 40 y 305.9304169610413737
miniFE.c 40 y 244.0641276537004956
miniFE.c 40 y 17.1517038802584949
miniFE.c 40 y 86.3599950474702354
miniFE.c 87 normr 158.1594375248381823
miniFE.c 25 Ap -23023.8756518599075207
miniFE.c 25 Ap -20676.6395838365497184
miniFE.c 25 Ap -24514.0142352265465888
miniFE.c 25 Ap -23025.0135104618530022
miniFE.c 25 Ap -18722.5886252677737502
miniFE.c 25 Ap -14803.7973660088973702
miniFE.c 25 Ap -14718.0945553418077907
miniFE.c 25 Ap -14164.6942663979298231
miniFE.c 25 Ap -5177.3660709051264348
miniFE.c 25 Ap 5158.4644837230198391
miniFE.c 25 Ap -767.7205773508412676
miniFE.c 25 Ap -120.3154214863843663
miniFE.c 25 Ap 3224.6084447030270894
miniFE.c 25 Ap 5580.3803258745001585
miniFE.c 25 Ap 5775.8653271963967200
miniFE.c 25 Ap 6376.4042694769905211
miniFE.c 25 Ap -3197.9332094169017182
miniFE.c 25 Ap -958.9115608450579202
miniFE.c 25 Ap -28825.0884066672806512
miniFE.c 25 Ap -27781.6337370276669390
miniFE.c 25 Ap -22642.5595254410436610
miniFE.c 25 Ap -18694.6538563943577174
miniFE.c 25 Ap -18489.6577207197406096
miniFE.c 25 Ap -17423.0107406892784638
miniFE.c 25 Ap -4706.8801719238354053
miniFE.c 25 Ap -3779.0632620706924172
miniFE.c 25 Ap -7737.0709489563414536
miniFE.c 25 Ap -637.3542145111450736
miniFE.c 25 Ap 484.8328191086543484
miniFE.c 25 Ap 3190.5008912235357457
miniFE.c 25 Ap 3212.8021026148758210
miniFE.c 25 Ap 3620.5100573138442996
miniFE.c 25 Ap -4825.9274551022435844
miniFE.c 25 Ap -3124.9379806215720237
miniFE.c 25 Ap -10041.9287309656683647
miniFE.c 25 Ap -9643.7349199748059618
miniFE.c 25 Ap 10719.3791052774795389
miniFE.c 25 Ap 11815.0334955893649749
miniFE.c 25 Ap 12056.0605586393176054
miniFE.c 25 Ap 12384.1713695029829978
miniFE.c 25 Ap -5509.8316546345213283
miniFE.c 25 Ap -4008.1864641724823741
miniFE.c 25 Ap -10668.8543526242956432
miniFE.c 25 Ap -9465.4197826532872568
miniFE.c 25 Ap -8092.0348133188617794
miniFE.c 25 Ap 8129.2652002434988390
miniFE.c 25 Ap 8259.8280694372533617
miniFE.c 25 Ap 8555.7090710692173161
miniFE.c 25 Ap -1714.6597207318172877
miniFE.c 25 Ap 58.4851459993681146
miniFE.c 25 Ap -4862.9681560052313216
miniFE.c 25 Ap -4721.8206846504626810
miniFE.c 25 Ap -422.6845514387150615
miniFE.c 25 Ap 1435.1899195877622333
miniFE.c 25 Ap 2561.3399232985502749
miniFE.c 25 Ap 2792.3146525727270273
miniFE.c 25 Ap -2198.9579458840248662
miniFE.c 25 Ap -1117.1090315208737138
miniFE.c 25 Ap -6202.9533697722490615
miniFE.c 25 Ap -5690.4597133313955055
miniFE.c 25 Ap -4528.1266548154662814
miniFE.c 25 Ap -3691.9300048166551278
miniFE.c 25 Ap -3646.0567951417824588
miniFE.c 25 Ap 1956.3043483768151418
miniFE.c 57 sum 4860683.6431092536076903
miniFE.c 57 sum 5852688.7125615188851953
miniFE.c 57 sum 13026966.1721728332340717
miniFE.c 57 sum 13419992.5294521488249302
miniFE.c 57 sum 17208687.2402411885559559
miniFE.c 57 sum 19296828.9111305475234985
miniFE.c 57 sum 19344721.8651919811964035
miniFE.c 57 sum 19513668.2990291491150856
miniFE.c 90 p_ap_dot 19513668.2990291491150856
miniFE.c 91 alpha 0.0012818916102729
miniFE.c 40 y -1.1787760218256347
miniFE.c 40 y 3.0983230853768742
miniFE.c 40 y -1.3303023304536534
miniFE.c 40 y 2.1823947824362708
miniFE.c 40 y 3.0709968510402619
miniFE.c 40 y 3.0323685723279263
miniFE.c 40 y 1.8635600913225137
miniFE.c 40 y 2.2794074259301049
miniFE.c 40 y 97.0212608640433416
miniFE.c 40 y -52.0400522626959727
miniFE.c 40 y 95.1848121123673252
miniFE.c 40 y 12.3220154196974576
miniFE.c 40 y -98.5713219517058405
miniFE.c 40 y -25.3884637381849636
miniFE.c 40 y -68.4255303439387887
miniFE.c 40 y 2.4040936225612413
