filename line variable value
miniFE.c 167 A 67.0947100000000063
miniFE.c 167 A 15.0875500000000002
miniFE.c 167 A 9.3192129999999995
miniFE.c 167 A 13.7164900000000003
miniFE.c 167 A 14.0634099999999993
miniFE.c 167 A 16.0564000000000000
miniFE.c 167 A 4.9967519999999999
miniFE.c 167 A 6.4080630000000003
miniFE.c 167 A 15.0875500000000002
miniFE.c 167 A 66.4365899999999954
miniFE.c 167 A 14.3919700000000006
miniFE.c 167 A 5.9638159999999996
miniFE.c 167 A 10.9336099999999998
miniFE.c 167 A 9.6522659999999991
miniFE.c 167 A 11.3974100000000007
miniFE.c 167 A 6.9539020000000002
miniFE.c 167 A 9.3192129999999995
miniFE.c 167 A 14.3919700000000006
miniFE.c 167 A 67.6740900000000067
miniFE.c 167 A 9.6121750000000006
miniFE.c 167 A 16.7981799999999986
miniFE.c 167 A 16.1756899999999995
miniFE.c 167 A 11.9519400000000005
miniFE.c 167 A 12.3511699999999998
miniFE.c 167 A 13.7164900000000003
miniFE.c 167 A 5.9638159999999996
miniFE.c 167 A 9.6121750000000006
miniFE.c 167 A 65.4017099999999942
miniFE.c 167 A 3.6681119999999998
miniFE.c 167 A 11.0858899999999991
miniFE.c 167 A 1.3002330000000000
miniFE.c 167 A 4.7210279999999996
miniFE.c 167 A 14.0634099999999993
miniFE.c 167 A 10.9336099999999998
miniFE.c 167 A 16.7981799999999986
miniFE.c 167 A 3.6681119999999998
miniFE.c 167 A 66.5612600000000043
miniFE.c 167 A 4.4892070000000004
miniFE.c 167 A 14.0526599999999995
miniFE.c 167 A 3.7993380000000001
miniFE.c 167 A 16.0564000000000000
miniFE.c 167 A 9.6522659999999991
miniFE.c 167 A 16.1756899999999995
miniFE.c 167 A 11.0858899999999991
miniFE.c 167 A 4.4892070000000004
miniFE.c 167 A 66.4632699999999943
miniFE.c 167 A 7.6122389999999998
miniFE.c 167 A 3.4261349999999999
miniFE.c 167 A 4.9967519999999999
miniFE.c 167 A 11.3974100000000007
miniFE.c 167 A 11.9519400000000005
miniFE.c 167 A 1.3002330000000000
miniFE.c 167 A 14.0526599999999995
miniFE.c 167 A 7.6122389999999998
miniFE.c 167 A 65.6581999999999937
miniFE.c 167 A 2.6745570000000001
miniFE.c 167 A 6.4080630000000003
miniFE.c 167 A 6.9539020000000002
miniFE.c 167 A 12.3511699999999998
miniFE.c 167 A 4.7210279999999996
miniFE.c 167 A 3.7993380000000001
miniFE.c 167 A 3.4261349999999999
miniFE.c 167 A 2.6745570000000001
miniFE.c 167 A 64.8721800000000002
miniFE.c 175 b 198.0110999999999990
miniFE.c 175 b 229.8237000000000023
miniFE.c 175 b 210.8053999999999917
miniFE.c 175 b 202.6418999999999926
miniFE.c 175 b 157.2561000000000035
miniFE.c 175 b 225.5886000000000138
miniFE.c 175 b 142.6283999999999992
miniFE.c 175 b 185.1795999999999935
miniFE.c 33 r 0.0000000000000000
miniFE.c 33 r 0.0000000000000000
miniFE.c 33 r 0.0000000000000000
miniFE.c 33 r 0.0000000000000000
miniFE.c 33 r 0.0000000000000000
miniFE.c 33 r 0.0000000000000000
miniFE.c 33 r 0.0000000000000000
miniFE.c 33 r 0.0000000000000000
miniFE.c 25 Ap 0.0000000000000000
miniFE.c 25 Ap 0.0000000000000000
miniFE.c 25 Ap 0.0000000000000000
miniFE.c 25 Ap 0.0000000000000000
miniFE.c 25 Ap 0.0000000000000000
miniFE.c 25 Ap 0.0000000000000000
miniFE.c 25 Ap 0.0000000000000000
miniFE.c 25 Ap 0.0000000000000000
miniFE.c 25 Ap 0.0000000000000000
miniFE.c 25 Ap 0.0000000000000000
miniFE.c 25 Ap 0.0000000000000000
miniFE.c 25 Ap 0.0000000000000000
miniFE.c 25 Ap 0.0000000000000000
miniFE.c 25 Ap 0.0000000000000000
miniFE.c 25 Ap 0.0000000000000000
miniFE.c 25 Ap 0.0000000000000000
miniFE.c 25 Ap 0.0000000000000000
miniFE.c 25 Ap 0.0000000000000000
miniFE.c 25 Ap 0.0000000000000000
miniFE.c 25 Ap 0.0000000000000000
miniFE.c 25 Ap 0.0000000000000000
miniFE.c 25 Ap 0.0000000000000000
miniFE.c 25 Ap 0.0000000000000000
miniFE.c 25 Ap 0.0000000000000000
miniFE.c 25 Ap 0.0000000000000000
miniFE.c 25 Ap 0.0000000000000000
miniFE.c 25 Ap 0.0000000000000000
miniFE.c 25 Ap 0.0000000000000000
miniFE.c 25 Ap 0.0000000000000000
miniFE.c 25 Ap 0.0000000000000000
miniFE.c 25 Ap 0.0000000000000000
miniFE.c 25 Ap 0.0000000000000000
miniFE.c 25 Ap 0.0000000000000000
miniFE.c 25 Ap 0.0000000000000000
miniFE.c 25 Ap 0.0000000000000000
miniFE.c 25 Ap 0.0000000000000000
miniFE.c 25 Ap 0.0000000000000000
miniFE.c 25 Ap 0.0000000000000000
miniFE.c 25 Ap 0.0000000000000000
miniFE.c 25 Ap 0.0000000000000000
miniFE.c 25 Ap 0.0000000000000000
miniFE.c 25 Ap 0.0000000000000000
miniFE.c 25 Ap 0.0000000000000000
miniFE.c 25 Ap 0.0000000000000000
miniFE.c 25 Ap 0.0000000000000000
miniFE.c 25 Ap 0.0000000000000000
miniFE.c 25 Ap 0.0000000000000000
miniFE.c 25 Ap 0.0000000000000000
miniFE.c 25 Ap 0.0000000000000000
miniFE.c 25 Ap 0.0000000000000000
miniFE.c 25 Ap 0.0000000000000000
miniFE.c 25 Ap 0.0000000000000000
miniFE.c 25 Ap 0.0000000000000000
miniFE.c 25 Ap 0.0000000000000000
miniFE.c 25 Ap 0.0000000000000000
miniFE.c 25 Ap 0.0000000000000000
miniFE.c 25 Ap 0.0000000000000000
miniFE.c 25 Ap 0.0000000000000000
miniFE.c 25 Ap 0.0000000000000000
miniFE.c 25 Ap 0.0000000000000000
miniFE.c 25 Ap 0.0000000000000000
miniFE.c 25 Ap 0.0000000000000000
miniFE.c 25 Ap 0.0000000000000000
miniFE.c 25 Ap 0.0000000000000000
miniFE.c 33 r 198.0110999999999990
miniFE.c 33 r 229.8237000000000023
miniFE.c 33 r 210.8053999999999917
miniFE.c 33 r 202.6418999999999926
miniFE.c 33 r 157.2561000000000035
miniFE.c 33 r 225.5886000000000138
miniFE.c 33 r 142.6283999999999992
miniFE.c 33 r 185.1795999999999935
miniFE.c 48 sum 39208.3957232100001420
miniFE.c 48 sum 92027.3288048999966122
miniFE.c 48 sum 136466.2454740600078367
miniFE.c 48 sum 177529.9851096700003836
miniFE.c 48 sum 202259.4660968800017145
miniFE.c 48 sum 253149.6825468399911188
miniFE.c 48 sum 273492.5430333999684080
miniFE.c 48 sum 307784.0272895599482581
miniFE.c 75 rtrans 307784.0272895599482581
miniFE.c 76 normr 554.7828649927464539
miniFE.c 33 r 198.0110999999999990
miniFE.c 33 r 229.8237000000000023
miniFE.c 33 r 210.8053999999999917
miniFE.c 33 r 202.6418999999999926
miniFE.c 33 r 157.2561000000000035
miniFE.c 33 r 225.5886000000000138
miniFE.c 33 r 142.6283999999999992
miniFE.c 33 r 185.1795999999999935
miniFE.c 87 normr 554.7828649927464539
miniFE.c 25 Ap 13285.4973312810016068
miniFE.c 25 Ap 16752.9738962160008668
miniFE.c 25 Ap 18717.5143203662009910
miniFE.c 25 Ap 21497.0499152972006414
miniFE.c 25 Ap 23708.6069245981998392
miniFE.c 25 Ap 27330.7477216381994367
miniFE.c 25 Ap 28043.4264645949988335
miniFE.c 25 Ap 29230.0690077097970061
miniFE.c 25 Ap 2987.5023718050001662
miniFE.c 25 Ap 18256.2053009880000900
miniFE.c 25 Ap 21290.1102936259994749
miniFE.c 25 Ap 22498.6292991164009436
miniFE.c 25 Ap 24218.0061666374022025
miniFE.c 25 Ap 26395.4473404050004319
miniFE.c 25 Ap 28021.0416928490012651
miniFE.c 25 Ap 29308.7624836482027604
miniFE.c 25 Ap 1845.3076172643000064
miniFE.c 25 Ap 5152.9234129532997031
miniFE.c 25 Ap 19418.9870250392996240
miniFE.c 25 Ap 21366.8164301717988565
miniFE.c 25 Ap 24008.4327040697971825
miniFE.c 25 Ap 27657.4839652037990163
miniFE.c 25 Ap 29362.1700442997971550
miniFE.c 25 Ap 31649.3547644317950471
miniFE.c 25 Ap 2716.0172730389999742
miniFE.c 25 Ap 4086.6435322781999275
miniFE.c 25 Ap 6112.9419280231995799
miniFE.c 25 Ap 19366.0687056721981207
miniFE.c 25 Ap 19942.9016931553996983
miniFE.c 25 Ap 22443.7520980093977414
miniFE.c 25 Ap 22629.2022504265987664
miniFE.c 25 Ap 23503.4403270553993934
miniFE.c 25 Ap 2784.7112838509997346
miniFE.c 25 Ap 5297.5139884079999320
miniFE.c 25 Ap 8838.6610425799990480
miniFE.c 25 Ap 9581.9742276727993158
miniFE.c 25 Ap 20049.1383863587980159
miniFE.c 25 Ap 21061.8523085989982064
miniFE.c 25 Ap 23066.1607201429978886
miniFE.c 25 Ap 23769.7206112477979332
miniFE.c 25 Ap 3179.3454260399998930
miniFE.c 25 Ap 5397.6649115441996400
miniFE.c 25 Ap 8807.5877122702004272
miniFE.c 25 Ap 11054.0535250612010714
miniFE.c 25 Ap 11760.0087099739012046
miniFE.c 25 Ap 26753.3647406958989450
miniFE.c 25 Ap 27839.0862096834971453
miniFE.c 25 Ap 28473.5365185294976982
miniFE.c 25 Ap 989.4123599472000024
miniFE.c 25 Ap 3608.8072965641999872
miniFE.c 25 Ap 6128.3407890401995246
miniFE.c 25 Ap 6391.8224746028990921
miniFE.c 25 Ap 8601.6889808288997301
miniFE.c 25 Ap 10318.9233197042995016
miniFE.c 25 Ap 19683.6473325842962367
miniFE.c 25 Ap 20178.9207280214977800
miniFE.c 25 Ap 1268.8676034993000030
miniFE.c 25 Ap 2867.0390905766998912
miniFE.c 25 Ap 5470.7324228946999938
miniFE.c 25 Ap 6427.4105067679001877
miniFE.c 25 Ap 7024.8795832297000743
miniFE.c 25 Ap 7797.7765812907000509
miniFE.c 25 Ap 8179.2443669095000587
miniFE.c 25 Ap 20192.2487104374995397
miniFE.c 57 sum 5787878.1172925252467394
miniFE.c 57 sum 12523726.3537057451903820
miniFE.c 57 sum 19195581.2445636950433254
miniFE.c 57 sum 23958363.0489748232066631
miniFE.c 57 sum 27696296.6103892698884010
miniFE.c 57 sum 34119601.8506532162427902
miniFE.c 57 sum 36997689.0278177559375763
miniFE.c 57 sum 40736881.5671170875430107
miniFE.c 90 p_ap_dot 40736881.5671170875430107
miniFE.c 91 alpha 0.0075554145395853
miniFE.c 40 y 1.4960559439392744
miniFE.c 40 y 1.7364133245212852
miniFE.c 40 y 1.5927221841830903
miniFE.c 40 y 1.5310435575891859
miniFE.c 40 y 1.1881350243784765
miniFE.c 40 y 1.7044153884046875
miniFE.c 40 y 1.0776166871177848
miniFE.c 40 y 1.3991086422745860
miniFE.c 40 y -22.8341883739316245
miniFE.c 40 y 8.3838497937928480
miniFE.c 40 y -28.3185951556805833
miniFE.c 40 y 25.0636652226906733
miniFE.c 40 y -22.3339927081014764
miniFE.c 40 y 10.4592281944898673
miniFE.c 40 y -9.8317110616323760
miniFE.c 40 y 32.6187905062384118
miniFE.c 82 oldrtrans 307784.0272895599482581
miniFE.c 48 sum 521.4001586961941257
miniFE.c 48 sum 591.6890960610744514
miniFE.c 48 sum 1393.6319276524102406
miniFE.c 48 sum 2021.8192420475243125
miniFE.c 48 sum 2520.6264723330541528
miniFE.c 48 sum 2630.0219267574657351
miniFE.c 48 sum 2726.6844691568903727
miniFE.c 48 sum 3790.6699632467598349
miniFE.c 83 rtrans 3790.6699632467598349
miniFE.c 84 beta 0.0123160061184089
miniFE.c 40 y -20.3954824548187439
miniFE.c 40 y 11.2143598891482252
miniFE.c 40 y -25.7223145594869429
miniFE.c 40 y 27.5594041029366821
miniFE.c 40 y -20.3972256183443506
miniFE.c 40 y 13.2375787723331708
miniFE.c 40 y -8.0750988145735008
miniFE.c 40 y 34.8994635928429275
miniFE.c 87 normr 61.5684169298412272
miniFE.c 25 Ap -1368.4289806161518754
miniFE.c 25 Ap -1199.2317650706336281
miniFE.c 25 Ap -1438.9434933034935966
miniFE.c 25 Ap -1060.9252025196035447
miniFE.c 25 Ap -1347.7797492528836756
miniFE.c 25 Ap -1135.2318894527934390
miniFE.c 25 Ap -1175.5811556047112845
miniFE.c 25 Ap -951.9431942355674892
miniFE.c 25 Ap -307.7178613112005223
miniFE.c 25 Ap 437.3259687565855529
miniFE.c 25 Ap 67.1311892858862507
miniFE.c 25 Ap 231.4904044254456608
miniFE.c 25 Ap 8.4750944324596844
miniFE.c 25 Ap 136.2477259389728772
miniFE.c 25 Ap 44.2125139587647027
miniFE.c 25 Ap 286.8999636359623082
miniFE.c 25 Ap -190.0698452342187466
miniFE.c 25 Ap -28.6731141403941479
miniFE.c 25 Ap -1769.4073446474239972
miniFE.c 25 Ap -1504.5015295142784453
miniFE.c 25 Ap -1847.1377969518380269
miniFE.c 25 Ap -1633.0108263799961605
miniFE.c 25 Ap -1729.5239229058497585
miniFE.c 25 Ap -1298.4747151618360022
miniFE.c 25 Ap -279.7544311366967804
miniFE.c 25 Ap -212.8740522000363740
miniFE.c 25 Ap -460.1214411508727835
miniFE.c 25 Ap 1342.3107137622018854
miniFE.c 25 Ap 1267.4914057048456471
miniFE.c 25 Ap 1414.2417478412662604
miniFE.c 25 Ap 1403.7422378842968556
miniFE.c 25 Ap 1568.5035826910889227
miniFE.c 25 Ap -286.8300319099224680
miniFE.c 25 Ap -164.2165944823325390
miniFE.c 25 Ap -596.3046644692149130
miniFE.c 25 Ap -495.2136835663836223
miniFE.c 25 Ap -1852.8787212276629361
miniFE.c 25 Ap -1793.4524899398534217
miniFE.c 25 Ap -1906.9291080474579303
miniFE.c 25 Ap -1774.3342498395531948
miniFE.c 25 Ap -327.4780244875516928
miniFE.c 25 Ap -219.2340398177625218
miniFE.c 25 Ap -635.3102262145098393
miniFE.c 25 Ap -329.7897038638051299
miniFE.c 25 Ap -421.3570718902559520
miniFE.c 25 Ap 458.4557002015919807
miniFE.c 25 Ap 396.9861180764418123
miniFE.c 25 Ap 516.5563917731067249
miniFE.c 25 Ap -101.9111677470804693
miniFE.c 25 Ap 25.9034897970964124
miniFE.c 25 Ap -281.5280704790179698
miniFE.c 25 Ap -245.6944238040443054
miniFE.c 25 Ap -532.3297003619271663
miniFE.c 25 Ap -431.5620869656004857
miniFE.c 25 Ap -961.7585399526303718
miniFE.c 25 Ap -868.4179353041471359
miniFE.c 25 Ap -130.6955364858731627
miniFE.c 25 Ap -52.7119768240055322
miniFE.c 25 Ap -370.4126567417038700
miniFE.c 25 Ap -240.3039383084249323
miniFE.c 25 Ap -317.7998926947741438
miniFE.c 25 Ap -272.4461607476264362
miniFE.c 25 Ap -294.0434728078357125
miniFE.c 25 Ap 1969.9608112905175403
miniFE.c 57 sum 19415.3407160156275495
miniFE.c 57 sum 22632.7401604128463077
miniFE.c 57 sum 56032.5152313458020217
miniFE.c 57 sum 99259.5393036334862700
miniFE.c 57 sum 135451.0353199666133150
miniFE.c 57 sum 142288.9912464153021574
miniFE.c 57 sum 149301.5518863441830035
miniFE.c 57 sum 218052.1274993049155455
miniFE.c 90 p_ap_dot 218052.1274993049155455
miniFE.c 91 alpha 0.0173842374606450
miniFE.c 40 y 1.1414960338202862
miniFE.c 40 y 1.9313664198033706
miniFE.c 40 y 1.1455593598435627
miniFE.c 40 y 2.0101427827885114
miniFE.c 40 y 0.8335448106908265
miniFE.c 40 y 1.9345406011869211
miniFE.c 40 y 0.9372372518070660
miniFE.c 40 y 2.0058092046217029
miniFE.c 40 y -6.2853818362955991
miniFE.c 40 y 3.3963126984948593
miniFE.c 40 y -5.7456023706638284
miniFE.c 40 y -2.2035735166836723
miniFE.c 40 y 8.5114552256647578
miniFE.c 40 y 1.4792892180922035
miniFE.c 40 y 5.2650725407779788
miniFE.c 40 y -1.6274760254008527
miniFE.c 82 oldrtrans 3790.6699632467598349
miniFE.c 48 sum 39.5060248280346400
miniFE.c 48 sum 51.0409647739920729
miniFE.c 48 sum 84.0529113757698809
miniFE.c 48 sum 88.9086476191995274
miniFE.c 48 sum 161.3535176776954359
miniFE.c 48 sum 163.5418142684592908
miniFE.c 48 sum 191.2628031281135748
miniFE.c 48 sum 193.9114813413681304
miniFE.c 83 rtrans 193.9114813413681304
miniFE.c 84 beta 0.0511549365208467
miniFE.c 40 y -7.3287114465838936
miniFE.c 40 y 3.9699825667461655
miniFE.c 40 y -7.0614257391236324
miniFE.c 40 y -0.7937739492455855
miniFE.c 40 y 7.4680364439569651
miniFE.c 40 y 2.1564567198806142
miniFE.c 40 y 4.8519913735189073
miniFE.c 40 y 0.1578038193026263
miniFE.c 87 normr 13.9252102799694963
miniFE.c 25 Ap -491.7177691822269026
miniFE.c 25 Ap -431.8204587073157654
miniFE.c 25 Ap -497.6273892538913515
miniFE.c 25 Ap -508.5151816909789204
miniFE.c 25 Ap -403.4891232846700859
miniFE.c 25 Ap -368.8641916075790164
miniFE.c 25 Ap -344.6199940079656585
miniFE.c 25 Ap -343.6087771922337879
miniFE.c 25 Ap -110.5723003859068285
miniFE.c 25 Ap 153.1798037081557595
miniFE.c 25 Ap 51.5519763134606137
miniFE.c 25 Ap 46.8180545345666062
miniFE.c 25 Ap 128.4706524785789270
miniFE.c 25 Ap 149.2853463563540970
miniFE.c 25 Ap 204.5854813568122381
miniFE.c 25 Ap 205.6828336514683997
miniFE.c 25 Ap -68.2978229862534221
miniFE.c 25 Ap -11.1619529851196120
miniFE.c 25 Ap -489.0375139828888678
miniFE.c 25 Ap -496.6674080934785707
miniFE.c 25 Ap -371.2179876613295733
miniFE.c 25 Ap -336.3358122621239090
miniFE.c 25 Ap -278.3451024853083595
miniFE.c 25 Ap -276.3960406864523520
miniFE.c 25 Ap -100.5241972699535182
miniFE.c 25 Ap -76.8479517186716663
miniFE.c 25 Ap -144.7236116726323871
miniFE.c 25 Ap -196.6377853067468777
miniFE.c 25 Ap -169.2441912102310084
miniFE.c 25 Ap -145.3379492238736930
miniFE.c 25 Ap -171.0292299243090781
miniFE.c 25 Ap -170.2842336748744287
miniFE.c 25 Ap -103.0666738450023843
miniFE.c 25 Ap -59.6604327534008405
miniFE.c 25 Ap -178.2795333758326422
miniFE.c 25 Ap -181.1911851243477543
miniFE.c 25 Ap 315.8907303113472835
miniFE.c 25 Ap 325.5715109134323484
miniFE.c 25 Ap 393.7548960084265559
miniFE.c 25 Ap 394.3544460556481681
miniFE.c 25 Ap -117.6727224709296280
miniFE.c 25 Ap -79.3533947213328901
miniFE.c 25 Ap -193.5768284354176387
miniFE.c 25 Ap -202.3765191216197934
miniFE.c 25 Ap -168.8509576411530588
miniFE.c 25 Ap -25.5257924244134529
miniFE.c 25 Ap 11.4087255367507368
miniFE.c 25 Ap 11.9493827251971396
miniFE.c 25 Ap -36.6197535781409655
miniFE.c 25 Ap 8.6277654279174527
miniFE.c 25 Ap -75.7699713205438599
miniFE.c 25 Ap -76.8020624038933022
miniFE.c 25 Ap 28.1437146106429736
miniFE.c 25 Ap 44.5591785555302593
miniFE.c 25 Ap 363.1321985563093335
miniFE.c 25 Ap 363.5542538658519334
miniFE.c 25 Ap -46.9628446585307273
miniFE.c 25 Ap -19.3559749476694343
miniFE.c 25 Ap -106.5728446939610734
miniFE.c 25 Ap -110.3202737340200628
miniFE.c 25 Ap -81.9466790871094872
miniFE.c 25 Ap -74.5583672431413191
miniFE.c 25 Ap -61.5814397511567080
miniFE.c 25 Ap -51.3443619806692624
miniFE.c 57 sum 2518.2095785554183749
miniFE.c 57 sum 3334.7668424306993984
miniFE.c 57 sum 5286.5169583258766579
miniFE.c 57 sum 5421.6841469842402148
miniFE.c 57 sum 8366.7375219642817683
miniFE.c 57 sum 8392.5058486404577707
miniFE.c 57 sum 10156.4679522036749404
miniFE.c 57 sum 10148.3656157834684564
miniFE.c 90 p_ap_dot 10148.3656157834684564
miniFE.c 91 alpha 0.0191076562160692
miniFE.c 40 y 1.0014615349921898
miniFE.c 40 y 2.0072234818725443
miniFE.c 40 y 1.0106320644250859
miniFE.c 40 y 1.9949756230530553
miniFE.c 40 y 0.9762414836710323
miniFE.c 40 y 1.9757454348352321
miniFE.c 40 y 1.0299474349355988
miniFE.c 40 y 2.0088244657505201
miniFE.c 40 y 0.2801765511175303
miniFE.c 40 y -0.5338041764643520
miniFE.c 40 y -0.4643218457444167
miniFE.c 40 y 1.0501590793926256
miniFE.c 40 y 0.9762660431550190
miniFE.c 40 y 1.2509645209849003
miniFE.c 40 y -1.6815971579802733
miniFE.c 40 y -0.6464056080408096
miniFE.c 82 oldrtrans 193.9114813413681304
miniFE.c 48 sum 0.0784988997961140
miniFE.c 48 sum 0.3634457986068991
miniFE.c 48 sum 0.5790405750424010
miniFE.c 48 sum 1.6818746670731681
miniFE.c 48 sum 2.6349700540907257
miniFE.c 48 sum 4.1998822868537067
miniFE.c 48 sum 7.0276512885810387
miniFE.c 48 sum 7.4454914986876473
miniFE.c 83 rtrans 7.4454914986876473
miniFE.c 84 beta 0.0383963417080001
miniFE.c 40 y -0.0012191578648363
miniFE.c 40 y -0.3813713692567631
miniFE.c 40 y -0.7354547613694745
miniFE.c 40 y 1.0196810635984834
miniFE.c 40 y 1.2630113223449881
miniFE.c 40 y 1.3337645700799494
miniFE.c 40 y -1.4952984392383728
miniFE.c 40 y -0.6403465186720385
miniFE.c 87 normr 2.7286427942637794
miniFE.c 25 Ap -0.0817990433854097
miniFE.c 25 Ap -5.8357586456152859
miniFE.c 25 Ap -12.6896182186815913
miniFE.c 25 Ap 1.2968268933563714
miniFE.c 25 Ap 19.0590729541360986
miniFE.c 25 Ap 40.4745303971677970
miniFE.c 25 Ap 33.0028949303065815
miniFE.c 25 Ap 28.8995140968254809
miniFE.c 25 Ap -0.0183941052436107
miniFE.c 25 Ap -25.3554074022937819
miniFE.c 25 Ap -35.9400502642804156
miniFE.c 25 Ap -29.8588600222947633
miniFE.c 25 Ap -16.0495867981903757
miniFE.c 25 Ap -3.1757363864030630
miniFE.c 25 Ap -20.2182657707628870
miniFE.c 25 Ap -24.6711727076494114
miniFE.c 25 Ap -0.0113615918230345
miniFE.c 25 Ap -5.5000468970252916
miniFE.c 25 Ap -55.2712786088716399
miniFE.c 25 Ap -45.4699257813768867
miniFE.c 25 Ap -24.2536342465877546
miniFE.c 25 Ap -2.6790720279912179
miniFE.c 25 Ap -20.5507892558618970
miniFE.c 25 Ap -28.4598179668884192
miniFE.c 25 Ap -0.0167225666614482
miniFE.c 25 Ap -2.2911512405768395
miniFE.c 25 Ap -9.3604711114434682
miniFE.c 25 Ap 57.3284141025160991
miniFE.c 25 Ap 61.9612810901456186
miniFE.c 25 Ap 76.7472483999492283
miniFE.c 25 Ap 74.8030120244030030
miniFE.c 25 Ap 71.7799181800497905
miniFE.c 25 Ap -0.0171455169079173
miniFE.c 25 Ap -4.1869113335273545
miniFE.c 25 Ap -16.5412127968688338
miniFE.c 25 Ap -12.8009084513104732
miniFE.c 25 Ap 71.2667165582380875
miniFE.c 25 Ap 77.2542618025929926
miniFE.c 25 Ap 56.2413412374454822
miniFE.c 25 Ap 53.8084483758870959
miniFE.c 25 Ap -0.0195752863409573
miniFE.c 25 Ap -3.7006731871914562
miniFE.c 25 Ap -15.5971614161280527
miniFE.c 25 Ap -4.2930893099922613
miniFE.c 25 Ap 1.3768299593581164
miniFE.c 25 Ap 90.0231846970157079
miniFE.c 25 Ap 78.6406156012062354
miniFE.c 25 Ap 76.4467019814558171
miniFE.c 25 Ap -0.0060918294994364
miniFE.c 25 Ap -4.3527376871801611
miniFE.c 25 Ap -13.1428488677824387
miniFE.c 25 Ap -11.8170258994165920
miniFE.c 25 Ap 5.9316427896479276
miniFE.c 25 Ap 16.0845774668287511
miniFE.c 25 Ap -82.0940265163721676
miniFE.c 25 Ap -83.8066697803121059
miniFE.c 25 Ap -0.0078124404048164
miniFE.c 25 Ap -2.6598315678221600
miniFE.c 25 Ap -11.7435583528059713
miniFE.c 25 Ap -6.9296155004877509
miniFE.c 25 Ap -2.1310085890721879
miniFE.c 25 Ap 2.4386488862386795
miniFE.c 25 Ap -1.5606120215153854
miniFE.c 25 Ap -43.1012866431812256
miniFE.c 57 sum -0.0352330699010919
miniFE.c 57 sum 9.3736458467852479
miniFE.c 57 sum 30.3045544782418546
miniFE.c 57 sum 103.4971777930871468
miniFE.c 57 sum 171.4578573296483341
miniFE.c 57 sum 273.4197599319747951
miniFE.c 57 sum 398.7357424522411975
miniFE.c 57 sum 426.3355013044879342
miniFE.c 90 p_ap_dot 426.3355013044879342
miniFE.c 91 alpha 0.0174639256545752
miniFE.c 40 y 1.0014402437098771
miniFE.c 40 y 2.0005632406330607
miniFE.c 40 y 0.9977881371502261
miniFE.c 40 y 2.0127832573391173
miniFE.c 40 y 0.9982986195053519
miniFE.c 40 y 1.9990382001278149
miniFE.c 40 y 1.0038336541613375
miniFE.c 40 y 1.9976415017552656
miniFE.c 40 y -0.2245224145227793
miniFE.c 40 y -0.1029486504867767
miniFE.c 40 y 0.0326982993720676
miniFE.c 40 y -0.2034000751952583
miniFE.c 40 y 0.0365593011304763
miniFE.c 40 y -0.0840949989567146
miniFE.c 40 y -0.2180037075793644
miniFE.c 40 y 0.1063120575122446
miniFE.c 82 oldrtrans 7.4454914986876473
miniFE.c 48 sum 0.0504103146231387
miniFE.c 48 sum 0.0610087392601873
miniFE.c 48 sum 0.0620779180420126
miniFE.c 48 sum 0.1034495086314493
miniFE.c 48 sum 0.1047860911305982
miniFE.c 48 sum 0.1118580599801280
miniFE.c 48 sum 0.1593836764984770
miniFE.c 48 sum 0.1706859300709638
miniFE.c 83 rtrans 0.1706859300709638
miniFE.c 84 beta 0.0229247364127740
miniFE.c 40 y -0.2245503633954763
miniFE.c 40 y -0.1116914886023667
miniFE.c 40 y 0.0158381928241528
miniFE.c 40 y -0.1800241555871660
miniFE.c 40 y 0.0655135027815843
miniFE.c 40 y -0.0535187977509349
miniFE.c 40 y -0.2522830301573364
miniFE.c 40 y 0.0916322823588507
miniFE.c 87 normr 0.4131415375763660
miniFE.c 25 Ap -15.0661415124140969
miniFE.c 25 Ap -16.7512924312767346
miniFE.c 25 Ap -16.6036929388133849
miniFE.c 25 Ap -19.0729924686831929
miniFE.c 25 Ap -18.1516492185296308
miniFE.c 25 Ap -19.0109684427377417
miniFE.c 25 Ap -20.2715641782424711
miniFE.c 25 Ap -19.6843787400531660
miniFE.c 25 Ap -3.3879148352474178
miniFE.c 25 Ap -10.8083164700125263
miniFE.c 25 Ap -10.5803736740331047
miniFE.c 25 Ap -11.6540046135103346
miniFE.c 25 Ap -10.9377055243625776
miniFE.c 25 Ap -11.4542831962548028
miniFE.c 25 Ap -14.3296563270003308
miniFE.c 25 Ap -13.6924544154405545
miniFE.c 25 Ap -2.0926326657098464
miniFE.c 25 Ap -3.7000932189304496
miniFE.c 25 Ap -2.6282579323113788
miniFE.c 25 Ap -4.3586816200424465
miniFE.c 25 Ap -3.2581740078868928
miniFE.c 25 Ap -4.1238774894787138
miniFE.c 25 Ap -7.1391491289373885
miniFE.c 25 Ap -6.0073832320352230
miniFE.c 25 Ap -3.0800428140104161
miniFE.c 25 Ap -3.7461503008010282
miniFE.c 25 Ap -3.5939108196915273
miniFE.c 25 Ap -15.3677984363982354
miniFE.c 25 Ap -15.1274875706830727
miniFE.c 25 Ap -15.7207910754821842
miniFE.c 25 Ap -16.0488177966327470
miniFE.c 25 Ap -15.6162192259127064
miniFE.c 25 Ap -3.1579438260795749
miniFE.c 25 Ap -4.3791350027772973
miniFE.c 25 Ap -4.1130821888424700
miniFE.c 25 Ap -4.7734309542416202
miniFE.c 25 Ap -0.4127696620858643
miniFE.c 25 Ap -0.6530266235809457
miniFE.c 25 Ap -4.1982742701517406
miniFE.c 25 Ap -3.8501322577590296
miniFE.c 25 Ap -3.6054704548231249
miniFE.c 25 Ap -4.6835464127491360
miniFE.c 25 Ap -4.4273527154654158
miniFE.c 25 Ap -6.4230807016476232
miniFE.c 25 Ap -6.1289770263660159
miniFE.c 25 Ap -9.6860113313617973
miniFE.c 25 Ap -11.6064500525636500
miniFE.c 25 Ap -11.2925054828441098
miniFE.c 25 Ap -1.1220224773970728
miniFE.c 25 Ap -2.3950161665085732
miniFE.c 25 Ap -2.2057190361658683
miniFE.c 25 Ap -2.4397923840574358
miniFE.c 25 Ap -1.5191534040587773
miniFE.c 25 Ap -1.9265512835315564
miniFE.c 25 Ap -18.4910009342079782
miniFE.c 25 Ap -18.2459251719991364
miniFE.c 25 Ap -1.4389328753111059
miniFE.c 25 Ap -2.2156245412860809
miniFE.c 25 Ap -2.0200043292221896
miniFE.c 25 Ap -2.8699034084255568
miniFE.c 25 Ap -2.6209954677943781
miniFE.c 25 Ap -2.8043580939267776
miniFE.c 25 Ap -3.4791034382152928
miniFE.c 25 Ap 2.4652824767788921
miniFE.c 57 sum 4.4201343992931257
miniFE.c 57 sum 5.9494650155737299
miniFE.c 57 sum 5.8543189215761737
miniFE.c 57 sum 8.6656156011851753
miniFE.c 57 sum 8.4133799508070108
miniFE.c 57 sum 9.0177412678446682
miniFE.c 57 sum 13.6208785582606282
miniFE.c 57 sum 13.8467780182671589
miniFE.c 90 p_ap_dot 13.8467780182671589
miniFE.c 91 alpha 0.0123267614925139
miniFE.c 40 y 0.9986722649372437
miniFE.c 40 y 1.9991864462923155
miniFE.c 40 y 0.9979833707756418
miniFE.c 40 y 2.0105641425103031
miniFE.c 40 y 0.9991061888286796
miniFE.c 40 y 1.9983784866725729
miniFE.c 40 y 1.0007238214199794
miniFE.c 40 y 1.9987710310449178
miniFE.c 40 y 0.0181222273341677
miniFE.c 40 y 0.0658349693394781
miniFE.c 40 y 0.1067498796674932
miniFE.c 40 y -0.0109026653826220
miniFE.c 40 y 0.0840189631865060
miniFE.c 40 y 0.0551050227832105
miniFE.c 40 y 0.0069094602261250
miniFE.c 40 y 0.0759231084093172
miniFE.c 82 oldrtrans 0.1706859300709638
miniFE.c 48 sum 0.0003284151235513
miniFE.c 48 sum 0.0046626583114813
miniFE.c 48 sum 0.0160581951205056
miniFE.c 48 sum 0.0161770632329510
miniFE.c 48 sum 0.0232362494078864
miniFE.c 48 sum 0.0262728129438246
miniFE.c 48 sum 0.0263205535844410
miniFE.c 48 sum 0.0320848719749739
miniFE.c 83 rtrans 0.0320848719749739
miniFE.c 84 beta 0.1879760795845001
miniFE.c 40 y -0.0240878696461888
miniFE.c 40 y 0.0448396411890483
miniFE.c 40 y 0.1097270810622808
miniFE.c 40 y -0.0447429003804075
miniFE.c 40 y 0.0963339345992365
miniFE.c 40 y 0.0450447689979140
miniFE.c 40 y -0.0405137147285493
miniFE.c 40 y 0.0931477856105139
miniFE.c 87 normr 0.1791225054954679
miniFE.c 25 Ap -1.6161686284288395
miniFE.c 25 Ap -0.9396483000070133
miniFE.c 25 Ap 0.0829217402806475
miniFE.c 25 Ap -0.5307938053582089
miniFE.c 25 Ap 0.8239898138240394
miniFE.c 25 Ap 1.5472466427621456
miniFE.c 25 Ap 1.3448096576648374
miniFE.c 25 Ap 1.9417065361675041
miniFE.c 25 Ap -0.3634269376803557
miniFE.c 25 Ap 2.6155659197435606
miniFE.c 25 Ap 4.1947547785794743
miniFE.c 25 Ap 3.9279163534043935
miniFE.c 25 Ap 4.9811940240779515
miniFE.c 25 Ap 5.4159781163543705
miniFE.c 25 Ap 4.9542266989700554
miniFE.c 25 Ap 5.6019672716225788
miniFE.c 25 Ap -0.2244799879490679
miniFE.c 25 Ap 0.4208507828544800
miniFE.c 25 Ap 7.8465311421005657
miniFE.c 25 Ap 7.4164545536365214
miniFE.c 25 Ap 9.0346893271427238
miniFE.c 25 Ap 9.7633195465745910
miniFE.c 25 Ap 9.2791020589618540
miniFE.c 25 Ap 10.4295861941608656
miniFE.c 25 Ap -0.3304010231232520
miniFE.c 25 Ap -0.0629856535657466
miniFE.c 25 Ap 0.9917302518440821
miniFE.c 25 Ap -1.9345319433942216
miniFE.c 25 Ap -1.5811682818835471
miniFE.c 25 Ap -1.0818069276972624
miniFE.c 25 Ap -1.1344841965399082
miniFE.c 25 Ap -0.6947308925346750
miniFE.c 25 Ap -0.3387575868609078
miniFE.c 25 Ap 0.1515015624400829
miniFE.c 25 Ap 1.9947168209988664
miniFE.c 25 Ap 1.8305948511986889
miniFE.c 25 Ap 8.2427029188814629
miniFE.c 25 Ap 8.4449182111802816
miniFE.c 25 Ap 7.8755927527629854
miniFE.c 25 Ap 8.2294926742488634
miniFE.c 25 Ap -0.3867644701870657
miniFE.c 25 Ap 0.0460396739141851
miniFE.c 25 Ap 1.8209509217825097
miniFE.c 25 Ap 1.3249360498843537
miniFE.c 25 Ap 1.7573990234247883
miniFE.c 25 Ap 4.7512216674207748
miniFE.c 25 Ap 4.4428215881292372
miniFE.c 25 Ap 4.7619584765819152
miniFE.c 25 Ap -0.1203611108303331
miniFE.c 25 Ap 0.3906946640541383
miniFE.c 25 Ap 1.7021461532856543
miniFE.c 25 Ap 1.6439699576953359
miniFE.c 25 Ap 2.9977179870806423
miniFE.c 25 Ap 3.3406095343925539
miniFE.c 25 Ap 0.6805519500025170
miniFE.c 25 Ap 0.9296810120416162
miniFE.c 25 Ap -0.1543565862285655
miniFE.c 25 Ap 0.1574538843152401
miniFE.c 25 Ap 1.5127117161192505
miniFE.c 25 Ap 1.3014792306221359
miniFE.c 25 Ap 1.6674844090345298
miniFE.c 25 Ap 1.8218138686651977
miniFE.c 25 Ap 1.7134576293419530
miniFE.c 25 Ap 7.7561575440686203
miniFE.c 57 sum -0.0467715739343556
miniFE.c 57 sum 0.2044186284779929
miniFE.c 57 sum 1.3488266782507266
miniFE.c 57 sum 1.3799109533665972
miniFE.c 57 sum 2.1726903624325828
miniFE.c 57 sum 2.3871916819878738
miniFE.c 57 sum 2.3495268506774707
miniFE.c 57 sum 3.0719957507537448
miniFE.c 90 p_ap_dot 3.0719957507537448
miniFE.c 91 alpha 0.0104443087094445
miniFE.c 40 y 0.9984206837905061
miniFE.c 40 y 1.9996547653473147
miniFE.c 40 y 0.9991293942840425
miniFE.c 40 y 2.0100968338461742
miniFE.c 40 y 1.0001123301808295
miniFE.c 40 y 1.9988489481457328
miniFE.c 40 y 1.0003006836763881
miniFE.c 40 y 1.9997438952734352
miniFE.c 40 y -0.0021575551527119
miniFE.c 40 y 0.0073262937744472
miniFE.c 40 y -0.0021799382560835
miniFE.c 40 y -0.0036466814710019
miniFE.c 40 y -0.0019323988254613
miniFE.c 40 y 0.0053696583922328
miniFE.c 40 y -0.0028004152649465
miniFE.c 40 y -0.0050845953800226
miniFE.c 82 oldrtrans 0.0320848719749739
miniFE.c 48 sum 0.0000046550442370
miniFE.c 48 sum 0.0000583296247065
miniFE.c 48 sum 0.0000630817555068
miniFE.c 48 sum 0.0000763800412578
miniFE.c 48 sum 0.0000801142064784
miniFE.c 48 sum 0.0001089474377277
miniFE.c 48 sum 0.0001167897633838
miniFE.c 48 sum 0.0001426428735624
miniFE.c 83 rtrans 0.0001426428735624
miniFE.c 84 beta 0.0044457984334068
miniFE.c 40 y -0.0022646449658491
miniFE.c 40 y 0.0075256417810000
miniFE.c 40 y -0.0016921137709946
miniFE.c 40 y -0.0038455993874192
miniFE.c 40 y -0.0015041175699361
miniFE.c 40 y 0.0055699183556769
miniFE.c 40 y -0.0029805310744181
miniFE.c 40 y -0.0046704791006800
miniFE.c 87 normr 0.0119433192020642
miniFE.c 25 Ap -0.1519456972366036
miniFE.c 25 Ap -0.0384022005836770
miniFE.c 25 Ap -0.0541713692358085
miniFE.c 25 Ap -0.1069194947773503
miniFE.c 25 Ap -0.1280725168515656
miniFE.c 25 Ap -0.0386396797654748
miniFE.c 25 Ap -0.0535326543726358
miniFE.c 25 Ap -0.0834613786899767
miniFE.c 25 Ap -0.0341679441544962
miniFE.c 25 Ap 0.4658100333366709
miniFE.c 25 Ap 0.4414571827079302
miniFE.c 25 Ap 0.4185227355516493
miniFE.c 25 Ap 0.4020773006478201
miniFE.c 25 Ap 0.4558396342150963
miniFE.c 25 Ap 0.4218692995422122
miniFE.c 25 Ap 0.3893912455830352
miniFE.c 25 Ap -0.0211047088061253
miniFE.c 25 Ap 0.0872041019367734
miniFE.c 25 Ap -0.0273081576917522
miniFE.c 25 Ap -0.0642727319835184
miniFE.c 25 Ap -0.0895391696644679
miniFE.c 25 Ap 0.0005581029822715
miniFE.c 25 Ap -0.0350650255873096
miniFE.c 25 Ap -0.0927509069412557
miniFE.c 25 Ap -0.0310629800276192
miniFE.c 25 Ap 0.0138185628361771
miniFE.c 25 Ap -0.0024463308505325
miniFE.c 25 Ap -0.2539551067627013
miniFE.c 25 Ap -0.2594723784703948
miniFE.c 25 Ap -0.1977248762703797
miniFE.c 25 Ap -0.2016002611308637
miniFE.c 25 Ap -0.2236497237385889
miniFE.c 25 Ap -0.0318486306591715
miniFE.c 25 Ap 0.0504338015739879
miniFE.c 25 Ap 0.0220093698683425
miniFE.c 25 Ap 0.0079032806081574
miniFE.c 25 Ap -0.0922126800349287
miniFE.c 25 Ap -0.0672081635631954
miniFE.c 25 Ap -0.1090925533714282
miniFE.c 25 Ap -0.1268372820968477
miniFE.c 25 Ap -0.0363620454296591
miniFE.c 25 Ap 0.0362774508612667
miniFE.c 25 Ap 0.0089063430569276
miniFE.c 25 Ap -0.0337255487360691
miniFE.c 25 Ap -0.0404778438598493
miniFE.c 25 Ap 0.3297171436914612
miniFE.c 25 Ap 0.3070286288060635
miniFE.c 25 Ap 0.2910269368924552
miniFE.c 25 Ap -0.0113158692623963
miniFE.c 25 Ap 0.0744569556287910
miniFE.c 25 Ap 0.0542329133646902
miniFE.c 25 Ap 0.0492327381363880
miniFE.c 25 Ap 0.0280958853260495
miniFE.c 25 Ap 0.0704954350599491
miniFE.c 25 Ap -0.1252008703304121
miniFE.c 25 Ap -0.1376923329024895
miniFE.c 25 Ap -0.0145119876137937
miniFE.c 25 Ap 0.0378205878183858
miniFE.c 25 Ap 0.0169210029734908
miniFE.c 25 Ap -0.0012341794112981
miniFE.c 25 Ap -0.0069488304512240
miniFE.c 25 Ap 0.0121344617743031
miniFE.c 25 Ap 0.0041628615255005
miniFE.c 25 Ap -0.2988212993800519
miniFE.c 57 sum 0.0001890103910931
miniFE.c 57 sum 0.0031194294180084
miniFE.c 57 sum 0.0032763745049159
miniFE.c 57 sum 0.0041364417455215
miniFE.c 57 sum 0.0043272199300463
miniFE.c 57 sum 0.0059482162078401
miniFE.c 57 sum 0.0063586124847651
miniFE.c 57 sum 0.0077542511183576
miniFE.c 90 p_ap_dot 0.0077542511183576
miniFE.c 91 alpha 0.0183954415952172
miniFE.c 40 y 0.9983790246463029
miniFE.c 40 y 1.9997932028511636
miniFE.c 40 y 0.9990982671039956
miniFE.c 40 y 2.0100260923472444
miniFE.c 40 y 1.0000846612739194
miniFE.c 40 y 1.9989514092535348
miniFE.c 40 y 1.0002458554910860
miniFE.c 40 y 1.9996579797479170
miniFE.c 40 y -0.0006222462355642
miniFE.c 40 y 0.0001632698586356
miniFE.c 40 y -0.0004737443645423
miniFE.c 40 y 0.0004674539598178
miniFE.c 40 y 0.0004008289894473
miniFE.c 40 y 0.0000160893719927
miniFE.c 40 y -0.0002675039969295
miniFE.c 40 y 0.0004123543801301
