filename line variable value
miniFE.c 167 A 67.0947100000000063
miniFE.c 167 A 15.0875500000000002
miniFE.c 167 A 9.3192129999999995
miniFE.c 167 A 13.7164900000000003
miniFE.c 167 A 14.0634099999999993
miniFE.c 167 A 16.0564000000000000
miniFE.c 167 A 4.9967519999999999
miniFE.c 167 A 6.4080630000000003
miniFE.c 167 A 15.0875500000000002
miniFE.c 167 A 66.4365899999999954
miniFE.c 167 A 14.3919700000000006
miniFE.c 167 A 5.9638159999999996
miniFE.c 167 A 10.9336099999999998
miniFE.c 167 A 9.6522659999999991
miniFE.c 167 A 11.3974100000000007
miniFE.c 167 A 6.9539020000000002
miniFE.c 167 A 9.3192129999999995
miniFE.c 167 A 14.3919700000000006
miniFE.c 167 A 67.6740900000000067
miniFE.c 167 A 9.6121750000000006
miniFE.c 167 A 16.7981799999999986
miniFE.c 167 A 16.1756899999999995
miniFE.c 167 A 11.9519400000000005
miniFE.c 167 A 3161.8995199999999386
miniFE.c 167 A 13.7164900000000003
miniFE.c 167 A 5.9638159999999996
miniFE.c 167 A 9.6121750000000006
miniFE.c 167 A 65.4017099999999942
miniFE.c 167 A 3.6681119999999998
miniFE.c 167 A 11.0858899999999991
miniFE.c 167 A 1.3002330000000000
miniFE.c 167 A 4.7210279999999996
miniFE.c 167 A 14.0634099999999993
miniFE.c 167 A 10.9336099999999998
miniFE.c 167 A 16.7981799999999986
miniFE.c 167 A 3.6681119999999998
miniFE.c 167 A 66.5612600000000043
miniFE.c 167 A 4.4892070000000004
miniFE.c 167 A 14.0526599999999995
miniFE.c 167 A 3.7993380000000001
miniFE.c 167 A 16.0564000000000000
miniFE.c 167 A 9.6522659999999991
miniFE.c 167 A 16.1756899999999995
miniFE.c 167 A 11.0858899999999991
miniFE.c 167 A 4.4892070000000004
miniFE.c 167 A 66.4632699999999943
miniFE.c 167 A 7.6122389999999998
miniFE.c 167 A 3.4261349999999999
miniFE.c 167 A 4.9967519999999999
miniFE.c 167 A 11.3974100000000007
miniFE.c 167 A 11.9519400000000005
miniFE.c 167 A 1.3002330000000000
miniFE.c 167 A 14.0526599999999995
miniFE.c 167 A 7.6122389999999998
miniFE.c 167 A 65.6581999999999937
miniFE.c 167 A 2.6745570000000001
miniFE.c 167 A 6.4080630000000003
miniFE.c 167 A 6.9539020000000002
miniFE.c 167 A 12.3511699999999998
miniFE.c 167 A 4.7210279999999996
miniFE.c 167 A 3.7993380000000001
miniFE.c 167 A 3.4261349999999999
miniFE.c 167 A 2.6745570000000001
miniFE.c 167 A 64.8721800000000002
miniFE.c 175 b 198.0110999999999990
miniFE.c 175 b 229.8237000000000023
miniFE.c 175 b 210.8053999999999917
miniFE.c 175 b 202.6418999999999926
miniFE.c 175 b 157.2561000000000035
miniFE.c 175 b 225.5886000000000138
miniFE.c 175 b 142.6283999999999992
miniFE.c 175 b 185.1795999999999935
miniFE.c 33 r 0.0000000000000000
miniFE.c 33 r 0.0000000000000000
miniFE.c 33 r 0.0000000000000000
miniFE.c 33 r 0.0000000000000000
miniFE.c 33 r 0.0000000000000000
miniFE.c 33 r 0.0000000000000000
miniFE.c 33 r 0.0000000000000000
miniFE.c 33 r 0.0000000000000000
miniFE.c 25 Ap 0.0000000000000000
miniFE.c 25 Ap 0.0000000000000000
miniFE.c 25 Ap 0.0000000000000000
miniFE.c 25 Ap 0.0000000000000000
miniFE.c 25 Ap 0.0000000000000000
miniFE.c 25 Ap 0.0000000000000000
miniFE.c 25 Ap 0.0000000000000000
miniFE.c 25 Ap 0.0000000000000000
miniFE.c 25 Ap 0.0000000000000000
miniFE.c 25 Ap 0.0000000000000000
miniFE.c 25 Ap 0.0000000000000000
miniFE.c 25 Ap 0.0000000000000000
miniFE.c 25 Ap 0.0000000000000000
miniFE.c 25 Ap 0.0000000000000000
miniFE.c 25 Ap 0.0000000000000000
miniFE.c 25 Ap 0.0000000000000000
miniFE.c 25 Ap 0.0000000000000000
miniFE.c 25 Ap 0.0000000000000000
miniFE.c 25 Ap 0.0000000000000000
miniFE.c 25 Ap 0.0000000000000000
miniFE.c 25 Ap 0.0000000000000000
miniFE.c 25 Ap 0.0000000000000000
miniFE.c 25 Ap 0.0000000000000000
miniFE.c 25 Ap 0.0000000000000000
miniFE.c 25 Ap 0.0000000000000000
miniFE.c 25 Ap 0.0000000000000000
miniFE.c 25 Ap 0.0000000000000000
miniFE.c 25 Ap 0.0000000000000000
miniFE.c 25 Ap 0.0000000000000000
miniFE.c 25 Ap 0.0000000000000000
miniFE.c 25 Ap 0.0000000000000000
miniFE.c 25 Ap 0.0000000000000000
miniFE.c 25 Ap 0.0000000000000000
miniFE.c 25 Ap 0.0000000000000000
miniFE.c 25 Ap 0.0000000000000000
miniFE.c 25 Ap 0.0000000000000000
miniFE.c 25 Ap 0.0000000000000000
miniFE.c 25 Ap 0.0000000000000000
miniFE.c 25 Ap 0.0000000000000000
miniFE.c 25 Ap 0.0000000000000000
miniFE.c 25 Ap 0.0000000000000000
miniFE.c 25 Ap 0.0000000000000000
miniFE.c 25 Ap 0.0000000000000000
miniFE.c 25 Ap 0.0000000000000000
miniFE.c 25 Ap 0.0000000000000000
miniFE.c 25 Ap 0.0000000000000000
miniFE.c 25 Ap 0.0000000000000000
miniFE.c 25 Ap 0.0000000000000000
miniFE.c 25 Ap 0.0000000000000000
miniFE.c 25 Ap 0.0000000000000000
miniFE.c 25 Ap 0.0000000000000000
miniFE.c 25 Ap 0.0000000000000000
miniFE.c 25 Ap 0.0000000000000000
miniFE.c 25 Ap 0.0000000000000000
miniFE.c 25 Ap 0.0000000000000000
miniFE.c 25 Ap 0.0000000000000000
miniFE.c 25 Ap 0.0000000000000000
miniFE.c 25 Ap 0.0000000000000000
miniFE.c 25 Ap 0.0000000000000000
miniFE.c 25 Ap 0.0000000000000000
miniFE.c 25 Ap 0.0000000000000000
miniFE.c 25 Ap 0.0000000000000000
miniFE.c 25 Ap 0.0000000000000000
miniFE.c 25 Ap 0.0000000000000000
miniFE.c 33 r 198.0110999999999990
miniFE.c 33 r 229.8237000000000023
miniFE.c 33 r 210.8053999999999917
miniFE.c 33 r 202.6418999999999926
miniFE.c 33 r 157.2561000000000035
miniFE.c 33 r 225.5886000000000138
miniFE.c 33 r 142.6283999999999992
miniFE.c 33 r 185.1795999999999935
miniFE.c 48 sum 39208.3957232100001420
miniFE.c 48 sum 92027.3288048999966122
miniFE.c 48 sum 136466.2454740600078367
miniFE.c 48 sum 177529.9851096700003836
miniFE.c 48 sum 202259.4660968800017145
miniFE.c 48 sum 253149.6825468399911188
miniFE.c 48 sum 273492.5430333999684080
miniFE.c 48 sum 307784.0272895599482581
miniFE.c 75 rtrans 307784.0272895599482581
miniFE.c 76 normr 554.7828649927464539
miniFE.c 33 r 198.0110999999999990
miniFE.c 33 r 229.8237000000000023
miniFE.c 33 r 210.8053999999999917
miniFE.c 33 r 202.6418999999999926
miniFE.c 33 r 157.2561000000000035
miniFE.c 33 r 225.5886000000000138
miniFE.c 33 r 142.6283999999999992
miniFE.c 33 r 185.1795999999999935
miniFE.c 87 normr 554.7828649927464539
miniFE.c 25 Ap 13285.4973312810016068
miniFE.c 25 Ap 16752.9738962160008668
miniFE.c 25 Ap 18717.5143203662009910
miniFE.c 25 Ap 21497.0499152972006414
miniFE.c 25 Ap 23708.6069245981998392
miniFE.c 25 Ap 27330.7477216381994367
miniFE.c 25 Ap 28043.4264645949988335
miniFE.c 25 Ap 29230.0690077097970061
miniFE.c 25 Ap 2987.5023718050001662
miniFE.c 25 Ap 18256.2053009880000900
miniFE.c 25 Ap 21290.1102936259994749
miniFE.c 25 Ap 22498.6292991164009436
miniFE.c 25 Ap 24218.0061666374022025
miniFE.c 25 Ap 26395.4473404050004319
miniFE.c 25 Ap 28021.0416928490012651
miniFE.c 25 Ap 29308.7624836482027604
miniFE.c 25 Ap 1845.3076172643000064
miniFE.c 25 Ap 5152.9234129532997031
miniFE.c 25 Ap 19418.9870250392996240
miniFE.c 25 Ap 21366.8164301717988565
miniFE.c 25 Ap 24008.4327040697971825
miniFE.c 25 Ap 27657.4839652037990163
miniFE.c 25 Ap 29362.1700442997971550
miniFE.c 25 Ap 614881.4583980917232111
miniFE.c 25 Ap 2716.0172730389999742
miniFE.c 25 Ap 4086.6435322781999275
miniFE.c 25 Ap 6112.9419280231995799
miniFE.c 25 Ap 19366.0687056721981207
miniFE.c 25 Ap 19942.9016931553996983
miniFE.c 25 Ap 22443.7520980093977414
miniFE.c 25 Ap 22629.2022504265987664
miniFE.c 25 Ap 23503.4403270553993934
miniFE.c 25 Ap 2784.7112838509997346
miniFE.c 25 Ap 5297.5139884079999320
miniFE.c 25 Ap 8838.6610425799990480
miniFE.c 25 Ap 9581.9742276727993158
miniFE.c 25 Ap 20049.1383863587980159
miniFE.c 25 Ap 21061.8523085989982064
miniFE.c 25 Ap 23066.1607201429978886
miniFE.c 25 Ap 23769.7206112477979332
miniFE.c 25 Ap 3179.3454260399998930
miniFE.c 25 Ap 5397.6649115441996400
miniFE.c 25 Ap 8807.5877122702004272
miniFE.c 25 Ap 11054.0535250612010714
miniFE.c 25 Ap 11760.0087099739012046
miniFE.c 25 Ap 26753.3647406958989450
miniFE.c 25 Ap 27839.0862096834971453
miniFE.c 25 Ap 28473.5365185294976982
miniFE.c 25 Ap 989.4123599472000024
miniFE.c 25 Ap 3608.8072965641999872
miniFE.c 25 Ap 6128.3407890401995246
miniFE.c 25 Ap 6391.8224746028990921
miniFE.c 25 Ap 8601.6889808288997301
miniFE.c 25 Ap 10318.9233197042995016
miniFE.c 25 Ap 19683.6473325842962367
miniFE.c 25 Ap 20178.9207280214977800
miniFE.c 25 Ap 1268.8676034993000030
miniFE.c 25 Ap 2867.0390905766998912
miniFE.c 25 Ap 5470.7324228946999938
miniFE.c 25 Ap 6427.4105067679001877
miniFE.c 25 Ap 7024.8795832297000743
miniFE.c 25 Ap 7797.7765812907000509
miniFE.c 25 Ap 8179.2443669095000587
miniFE.c 25 Ap 20192.2487104374995397
miniFE.c 57 sum 5787878.1172925252467394
miniFE.c 57 sum 12523726.3537057451903820
miniFE.c 57 sum 142144058.1438988149166107
miniFE.c 57 sum 146906839.9483099281787872
miniFE.c 57 sum 150644773.5097243785858154
miniFE.c 57 sum 157068078.7499883174896240
miniFE.c 57 sum 159946165.9271528720855713
miniFE.c 57 sum 163685358.4664522111415863
miniFE.c 90 p_ap_dot 163685358.4664522111415863
miniFE.c 91 alpha 0.0018803393912146
miniFE.c 40 y 0.3723280712277425
miniFE.c 40 y 0.4321465561446976
miniFE.c 40 y 0.3963856975007600
miniFE.c 40 y 0.3810355468805793
miniFE.c 40 y 0.2956948393387896
miniFE.c 40 y 0.4241831307889645
miniFE.c 40 y 0.2681897988259191
miniFE.c 40 y 0.3482004963293718
miniFE.c 40 y 143.0486498368808554
miniFE.c 40 y 174.7132793942422779
miniFE.c 40 y -945.3804271534418149
miniFE.c 40 y 158.4474553239748786
miniFE.c 40 y 112.5609580165040882
miniFE.c 40 y 172.0486876770202400
miniFE.c 40 y 104.6851804829034336
miniFE.c 40 y 147.2113193525612189
miniFE.c 82 oldrtrans 307784.0272895599482581
miniFE.c 48 sum 20462.9162201545514108
miniFE.c 48 sum 50987.6462168451107573
miniFE.c 48 sum 944731.7982616692315787
miniFE.c 48 sum 969837.3943603122606874
miniFE.c 48 sum 982507.3636299055069685
miniFE.c 48 sum 1012108.1145612903637812
miniFE.c 48 sum 1023067.1015740283764899
miniFE.c 48 sum 1044738.2741195501293987
miniFE.c 83 rtrans 1044738.2741195501293987
miniFE.c 84 beta 3.3943875623430952
miniFE.c 40 y 815.1750648827556915
miniFE.c 40 y 954.8239882059131105
miniFE.c 40 y -229.8251993186806885
miniFE.c 40 y 846.2926002935480483
miniFE.c 40 y 646.3491079590860409
miniFE.c 40 y 937.7838257234118373
miniFE.c 40 y 588.8212474797993536
miniFE.c 40 y 775.7826503922306074
miniFE.c 87 normr 1022.1243926839580354
miniFE.c 25 Ap 54693.9345775396795943
miniFE.c 25 Ap 69099.8892407958046533
miniFE.c 25 Ap 66958.0992555775592336
miniFE.c 25 Ap 78566.2632445780036505
miniFE.c 25 Ap 87656.1357529408996925
miniFE.c 25 Ap 102713.5679722862842027
miniFE.c 25 Ap 105655.7617182734684320
miniFE.c 25 Ap 110627.0258162938553141
miniFE.c 25 Ap 12298.9945501718211744
miniFE.c 25 Ap 75734.2443767728982493
miniFE.c 25 Ap 72426.6070029344264185
miniFE.c 25 Ap 77473.7403532466851175
miniFE.c 25 Ap 84540.6694235192262568
miniFE.c 25 Ap 93592.4083598992438056
miniFE.c 25 Ap 100303.4455341379798483
miniFE.c 25 Ap 105698.1620582658069907
miniFE.c 25 Ap 7596.7900619312194976
miniFE.c 25 Ap 21338.5882554710769909
miniFE.c 25 Ap 5785.3770325107398094
miniFE.c 25 Ap 13920.0896077373763546
miniFE.c 25 Ap 24777.5782660735349054
miniFE.c 25 Ap 39946.8787179894716246
miniFE.c 25 Ap 46984.4349385931855068
miniFE.c 25 Ap 2499931.2248381148092449
miniFE.c 25 Ap 11181.3406257136703061
miniFE.c 25 Ap 16875.7352037599048344
miniFE.c 25 Ap 14666.6151684988653869
miniFE.c 25 Ap 70015.5983880434068851
miniFE.c 25 Ap 72386.4793071374297142
miniFE.c 25 Ap 82782.6476428863388719
miniFE.c 25 Ap 83548.2524599607422715
miniFE.c 25 Ap 87210.7440743766783271
miniFE.c 25 Ap 11464.1411592227941583
miniFE.c 25 Ap 21903.8142649108485784
miniFE.c 25 Ap 18043.1691982197735342
miniFE.c 25 Ap 21147.4652408677393396
miniFE.c 25 Ap 64169.2762665005429881
miniFE.c 25 Ap 68379.1819814248592593
miniFE.c 25 Ap 76653.6867730343365110
miniFE.c 25 Ap 79601.1472764102509245
miniFE.c 25 Ap 13088.7769117834777717
miniFE.c 25 Ap 22304.9920291278103832
miniFE.c 25 Ap 18587.4108507606215426
miniFE.c 25 Ap 27969.3175254288616998
miniFE.c 25 Ap 30870.9124653225480870
miniFE.c 25 Ap 93199.0920760106091620
miniFE.c 25 Ap 97681.3401401049923152
miniFE.c 25 Ap 100339.2762310065736528
miniFE.c 25 Ap 4073.2276358030389929
miniFE.c 25 Ap 14955.7481072209957347
miniFE.c 25 Ap 12208.8911144760822935
miniFE.c 25 Ap 13309.2686810335635528
miniFE.c 25 Ap 22392.1929364858951885
miniFE.c 25 Ap 29530.8275482268545602
miniFE.c 25 Ap 68191.7707795050082495
miniFE.c 25 Ap 70266.6456975900946418
miniFE.c 25 Ap 5223.6931717977859080
miniFE.c 25 Ap 11863.4456130308608408
miniFE.c 25 Ap 9024.8355059619516396
miniFE.c 25 Ap 13020.2065681406002113
miniFE.c 25 Ap 15475.9052952756574086
miniFE.c 25 Ap 18688.8792830205384234
miniFE.c 25 Ap 20263.7152722163664293
miniFE.c 25 Ap 70590.4270093382219784
miniFE.c 57 sum 90180392.9475836306810379
miniFE.c 57 sum 191103533.5900919139385223
miniFE.c 57 sum -383443658.4413213729858398
miniFE.c 57 sum -309637851.0650820136070251
miniFE.c 57 sum -258187720.5304544270038605
miniFE.c 57 sum -164091170.1962228715419769
miniFE.c 57 sum -122716676.2203467935323715
miniFE.c 57 sum -67953847.6627230942249298
miniFE.c 90 p_ap_dot -67953847.6627230942249298
miniFE.c 91 alpha -0.0153742328073154
miniFE.c 40 y -12.1603631549981763
miniFE.c 40 y -14.2475397285423817
miniFE.c 40 y 3.9297718168138207
miniFE.c 40 y -12.6300639131407433
miniFE.c 40 y -9.6414268212248313
miniFE.c 40 y -13.9935237288176584
miniFE.c 40 y -8.7844851418223904
miniFE.c 40 y -11.5788625786769508
miniFE.c 40 y 1843.8542995174732368
miniFE.c 40 y 1799.7414301833721311
miniFE.c 40 y 37489.1442257848684676
miniFE.c 40 y 1499.2457380226437635
miniFE.c 40 y 1336.3675279734352443
miniFE.c 40 y 1714.6880801700435768
miniFE.c 40 y 1184.9809500268004285
miniFE.c 40 y 1232.4849781619318492
miniFE.c 82 oldrtrans 1044738.2741195501293987
miniFE.c 48 sum 3399798.6778490720316768
miniFE.c 48 sum 6638867.8933675624430180
miniFE.c 48 sum 1412074802.6750664710998535
miniFE.c 48 sum 1414322540.4580454826354980
miniFE.c 48 sum 1416108418.6278672218322754
miniFE.c 48 sum 1419048573.8401443958282471
miniFE.c 48 sum 1420452753.6920707225799561
miniFE.c 48 sum 1421971772.9134654998779297
miniFE.c 83 rtrans 1421971772.9134654998779297
miniFE.c 84 beta 1361.0794283494856245
miniFE.c 40 y 1111361.8656148936133832
miniFE.c 40 y 1301391.0294718635268509
miniFE.c 40 y -275321.2066831916454248
miniFE.c 40 y 1153370.6943619649391621
miniFE.c 40 y 881068.8419031263329089
miniFE.c 40 y 1278112.9615111849270761
miniFE.c 40 y 802617.4678698630305007
miniFE.c 40 y 1057134.2912974681239575
miniFE.c 87 normr 37709.0409970005130162
miniFE.c 25 Ap 74566502.0784902721643448
miniFE.c 25 Ap 94201304.3051984906196594
miniFE.c 25 Ap 91635527.3367007970809937
miniFE.c 25 Ap 107455724.9322097450494766
miniFE.c 25 Ap 119846557.2941185832023621
miniFE.c 25 Ap 140368450.2493267655372620
miniFE.c 25 Ap 144378930.6871404349803925
miniFE.c 25 Ap 151153113.8252349495887756
miniFE.c 25 Ap 16767727.7155579887330532
miniFE.c 25 Ap 103227709.9702581018209457
miniFE.c 25 Ap 99265295.4233098030090332
miniFE.c 25 Ap 106143786.0242767930030823
miniFE.c 25 Ap 115777049.1247972398996353
miniFE.c 25 Ap 128113735.4073509573936462
miniFE.c 25 Ap 137261495.7618256211280823
miniFE.c 25 Ap 144612704.0243476629257202
miniFE.c 25 Ap 10357017.9457425698637962
miniFE.c 25 Ap 29086598.6001707464456558
miniFE.c 25 Ap 10454486.4801838323473930
miniFE.c 25 Ap 21540887.4342625513672829
miniFE.c 25 Ap 36341240.4329428076744080
miniFE.c 25 Ap 57015599.4833296686410904
miniFE.c 25 Ap 66608435.3022622019052505
miniFE.c 25 Ap 3409160843.5312666893005371
miniFE.c 25 Ap 15243983.9160880316048861
miniFE.c 25 Ap 23005240.5599088035523891
miniFE.c 25 Ap 20358804.9400587975978851
miniFE.c 25 Ap 95791220.6152186542749405
miniFE.c 25 Ap 99023079.8070296198129654
miniFE.c 25 Ap 113192099.5059168487787247
miniFE.c 25 Ap 114235689.2240176796913147
miniFE.c 25 Ap 119226449.8129931837320328
miniFE.c 25 Ap 15629537.5745071507990360
miniFE.c 25 Ap 29858439.5482510104775429
miniFE.c 25 Ap 25233544.3605695553123951
miniFE.c 25 Ap 29464237.2450070120394230
miniFE.c 25 Ap 88109289.5088199079036713
miniFE.c 25 Ap 93847003.1624266505241394
miniFE.c 25 Ap 105125913.5484627634286880
miniFE.c 25 Ap 109142324.0324923098087311
miniFE.c 25 Ap 17844470.6590589769184589
miniFE.c 25 Ap 30405843.0455352440476418
miniFE.c 25 Ap 25952332.5558020099997520
miniFE.c 25 Ap 38738473.2027223706245422
miniFE.c 25 Ap 42693773.6152757778763771
miniFE.c 25 Ap 127641340.4666932523250580
miniFE.c 25 Ap 133751056.4576934725046158
miniFE.c 25 Ap 137372941.2528079152107239
miniFE.c 25 Ap 5553199.6247349511831999
miniFE.c 25 Ap 20385686.7579478621482849
miniFE.c 25 Ap 17095064.2149427570402622
miniFE.c 25 Ap 18594714.8529850989580154
miniFE.c 25 Ap 30976075.7248434871435165
miniFE.c 25 Ap 40705377.0568644255399704
miniFE.c 25 Ap 93403795.2857574522495270
miniFE.c 25 Ap 96231161.2044871300458908
miniFE.c 25 Ap 7121676.8506577722728252
miniFE.c 25 Ap 16171422.5332842227071524
miniFE.c 25 Ap 12770883.5049349870532751
miniFE.c 25 Ap 18215978.8473972640931606
miniFE.c 25 Ap 21563457.1790558025240898
miniFE.c 25 Ap 25942444.7304429262876511
miniFE.c 25 Ap 28089090.8974565416574478
miniFE.c 25 Ap 96667696.9266783297061920
miniFE.c 57 sum 167985806574313.4687500000000000
miniFE.c 57 sum 356183482339269.1875000000000000
miniFE.c 57 sum -582430794878846.7500000000000000
miniFE.c 57 sum -444918501671722.8750000000000000
miniFE.c 57 sum -348756600633799.1250000000000000
miniFE.c 57 sum -173178463857670.7812500000000000
miniFE.c 57 sum -95941652921548.7187500000000000
miniFE.c 57 sum 6249084360393.8125000000000000
miniFE.c 90 p_ap_dot 6249084360393.8125000000000000
miniFE.c 91 alpha 0.0002275488201001
miniFE.c 40 y 240.7287180698928069
miniFE.c 40 y 281.8824535166065743
miniFE.c 40 y -58.7192439124762728
miniFE.c 40 y 249.8180767269326168
miniFE.c 40 y 190.8447485807741373
miniFE.c 40 y 276.8395726176694325
miniFE.c 40 y 173.8501726636775686
miniFE.c 40 y 228.9707980933945350
miniFE.c 40 y -32550.8584058675987762
miniFE.c 40 y -31106.7087420388052124
miniFE.c 40 y -738261.3832511429209262
miniFE.c 40 y -25630.5922416451721801
miniFE.c 40 y -23498.8395286006270908
miniFE.c 40 y -29544.3626155837919214
miniFE.c 40 y -20712.3062389146871283
miniFE.c 40 y -20764.1353992957047012
miniFE.c 82 oldrtrans 1421971772.9134654998779297
miniFE.c 48 sum 1059558382.9588413238525391
miniFE.c 48 sum 2027185711.7208747863769531
miniFE.c 48 sum 547057055711.6118164062500000
miniFE.c 48 sum 547713982970.2692871093750000
miniFE.c 48 sum 548266178429.4602050781250000
miniFE.c 48 sum 549139047791.8212890625000000
miniFE.c 48 sum 549568047421.5558471679687500
miniFE.c 48 sum 549999196740.4361572265625000
miniFE.c 83 rtrans 549999196740.4361572265625000
miniFE.c 84 beta 386.7862971805323582
miniFE.c 40 y 429826989.9704272150993347
miniFE.c 40 y 503329110.7646411061286926
miniFE.c 40 y -107228731.4515188783407211
miniFE.c 40 y 446082349.5565623044967651
miniFE.c 40 y 340761856.0813214778900146
miniFE.c 40 y 494327035.3987398743629456
miniFE.c 40 y 310420726.1435603499412537
miniFE.c 40 y 408864294.0181146860122681
miniFE.c 87 normr 741619.3071518810465932
miniFE.c 25 Ap 28839117242.2387237548828125
miniFE.c 25 Ap 36433120367.3557815551757812
miniFE.c 25 Ap 35433832979.2392807006835938
miniFE.c 25 Ap 41552517066.1083679199218750
miniFE.c 25 Ap 46344790760.5409851074218750
miniFE.c 25 Ap 54281903371.7173156738281250
miniFE.c 25 Ap 55832998755.9166030883789062
miniFE.c 25 Ap 58453026910.4352035522460938
miniFE.c 25 Ap 6485036202.5283193588256836
miniFE.c 25 Ap 39924505969.4633636474609375
miniFE.c 25 Ap 38381273283.2750473022460938
miniFE.c 25 Ap 41041626336.8780670166015625
miniFE.c 25 Ap 44767383574.1473617553710938
miniFE.c 25 Ap 49538759610.8074188232421875
miniFE.c 25 Ap 53076751899.1632919311523438
miniFE.c 25 Ap 55919954131.0644454956054688
miniFE.c 25 Ap 4005649272.6832747459411621
miniFE.c 25 Ap 11249546734.9346675872802734
miniFE.c 25 Ap 3992939912.0987472534179688
miniFE.c 25 Ap 8280761520.4475965499877930
miniFE.c 25 Ap 14004940516.0357284545898438
miniFE.c 25 Ap 22001021399.2647705078125000
miniFE.c 25 Ap 25711151292.8890342712402344
miniFE.c 25 Ap 1318498966293.9045410156250000
miniFE.c 25 Ap 5895717609.6594657897949219
miniFE.c 25 Ap 8897479813.7034034729003906
miniFE.c 25 Ap 7866778481.9633998870849609
miniFE.c 25 Ap 37041326943.7803115844726562
miniFE.c 25 Ap 38291279597.2144775390625000
miniFE.c 25 Ap 43771334735.6710128784179688
miniFE.c 25 Ap 44174954007.6868362426757812
miniFE.c 25 Ap 46105213787.9465866088867188
miniFE.c 25 Ap 6044833189.0200052261352539
miniFE.c 25 Ap 11548037387.7673931121826172
miniFE.c 25 Ap 9746789855.6731185913085938
miniFE.c 25 Ap 11383069875.0697402954101562
miniFE.c 25 Ap 34064608375.7811622619628906
miniFE.c 25 Ap 36283744763.3824310302734375
miniFE.c 25 Ap 40645981684.8309936523437500
miniFE.c 25 Ap 42199395333.9371871948242188
miniFE.c 25 Ap 6901474081.7611675262451172
miniFE.c 25 Ap 11759740544.4049453735351562
miniFE.c 25 Ap 10025241825.3519268035888672
miniFE.c 25 Ap 14970461683.4775238037109375
miniFE.c 25 Ap 16500212193.1307849884033203
miniFE.c 25 Ap 49354803415.1367874145507812
miniFE.c 25 Ap 51717800173.0951156616210938
miniFE.c 25 Ap 53118624441.0808715820312500
miniFE.c 25 Ap 2147738871.7887120246887207
miniFE.c 25 Ap 7884387112.1087398529052734
miniFE.c 25 Ap 6602795747.5240736007690430
miniFE.c 25 Ap 7182806739.1350517272949219
miniFE.c 25 Ap 11971417243.6147956848144531
miniFE.c 25 Ap 15734352781.2314643859863281
miniFE.c 25 Ap 36116018902.5105743408203125
miniFE.c 25 Ap 37209549762.1267776489257812
miniFE.c 25 Ap 2754358430.8308658599853516
miniFE.c 25 Ap 6254459740.8353252410888672
miniFE.c 25 Ap 4930059449.7932691574096680
miniFE.c 25 Ap 7036026712.3555870056152344
miniFE.c 25 Ap 8330696181.1158828735351562
miniFE.c 25 Ap 10024327338.5417442321777344
miniFE.c 25 Ap 10854565264.5940856933593750
miniFE.c 25 Ap 37378483341.7101440429687500
miniFE.c 57 sum 25124688611572744192.0000000000000000
miniFE.c 57 sum 53270829398360932352.0000000000000000
miniFE.c 57 sum -88110142177473396736.0000000000000000
miniFE.c 57 sum -67543420084138573824.0000000000000000
miniFE.c 57 sum -53163475804636676096.0000000000000000
miniFE.c 57 sum -26905503660218122240.0000000000000000
miniFE.c 57 sum -15354888203583784960.0000000000000000
miniFE.c 57 sum -72161000607606784.0000000000000000
miniFE.c 90 p_ap_dot -72161000607606784.0000000000000000
miniFE.c 91 alpha -0.0000076218343996
miniFE.c 40 y -3035.3414199621752232
miniFE.c 40 y -3554.4086772281743833
miniFE.c 40 y 758.5603900899167229
miniFE.c 40 y -3150.1477201765669633
miniFE.c 40 y -2406.3856881705469277
miniFE.c 40 y -3490.8392304355156739
miniFE.c 40 y -2192.1251962053570423
miniFE.c 40 y -2887.3251428210337508
miniFE.c 40 y 412968.4328606880153529
miniFE.c 40 y 395105.9212780246161856
miniFE.c 40 y 9311119.3938815314322710
miniFE.c 40 y 325775.7122081248089671
miniFE.c 40 y 298137.9634698176523671
miniFE.c 40 y 375316.9964087489061058
miniFE.c 40 y 262892.7201315995771438
miniFE.c 40 y 264128.4747393341967836
miniFE.c 82 oldrtrans 549999196740.4361572265625000
miniFE.c 48 sum 170542926539.4125976562500000
miniFE.c 48 sum 326651615568.3691406250000000
miniFE.c 48 sum 87023595982685.1562500000000000
miniFE.c 48 sum 87129725797349.8750000000000000
miniFE.c 48 sum 87218612042611.8125000000000000
miniFE.c 48 sum 87359474890405.0937500000000000
miniFE.c 48 sum 87428587472703.2812500000000000
miniFE.c 48 sum 87498351323871.4062500000000000
miniFE.c 83 rtrans 87498351323871.4062500000000000
miniFE.c 84 beta 159.0881438417171694
miniFE.c 40 y 68380790975.9005126953125000
miniFE.c 40 y 80074089078.9700927734375000
miniFE.c 40 y -17049508733.7302169799804688
miniFE.c 40 y 70966738767.2177429199218750
miniFE.c 40 y 54211469313.9992675781250000
miniFE.c 40 y 78641945829.3607635498046875
miniFE.c 40 y 49384520024.8971557617187500
miniFE.c 40 y 65045725746.9707107543945312
miniFE.c 87 normr 9354055.3410738073289394
miniFE.c 25 Ap 4587989340098.6621093750000000
miniFE.c 25 Ap 5796111162782.0771484375000000
miniFE.c 25 Ap 5637223159347.0849609375000000
miniFE.c 25 Ap 6610637721980.2392578125000000
miniFE.c 25 Ap 7373035841645.4296875000000000
miniFE.c 25 Ap 8635742380659.9775390625000000
miniFE.c 25 Ap 8882504579863.4218750000000000
miniFE.c 25 Ap 9299321688330.7324218750000000
miniFE.c 25 Ap 1031698602888.4477539062500000
miniFE.c 25 Ap 6351548028651.4609375000000000
miniFE.c 25 Ap 6106172010440.8779296875000000
miniFE.c 25 Ap 6529404582568.6308593750000000
miniFE.c 25 Ap 7122131645574.8662109375000000
miniFE.c 25 Ap 7881204625477.4472656250000000
miniFE.c 25 Ap 8444060247854.4101562500000000
miniFE.c 25 Ap 8896381850217.7207031250000000
miniFE.c 25 Ap 637255156212.8946533203125000
miniFE.c 25 Ap 1789679044014.7597656250000000
miniFE.c 25 Ap 635869055512.5148925781250000
miniFE.c 25 Ap 1318013767722.2961425781250000
miniFE.c 25 Ap 2228667787323.3320312500000000
miniFE.c 25 Ap 3500755524055.8642578125000000
miniFE.c 25 Ap 4090996344322.2333984375000000
miniFE.c 25 Ap 209759045361720.5312500000000000
miniFE.c 25 Ap 937944435613.0296630859375000
miniFE.c 25 Ap 1415491569247.6166992187500000
miniFE.c 25 Ap 1251608707634.9733886718750000
miniFE.c 25 Ap 5892954776134.3056640625000000
miniFE.c 25 Ap 6091808517262.6181640625000000
miniFE.c 25 Ap 6963624478112.8701171875000000
miniFE.c 25 Ap 7027835860738.4023437500000000
miniFE.c 25 Ap 7334918553270.1718750000000000
miniFE.c 25 Ap 961667099618.3890380859375000
miniFE.c 25 Ap 1837165960713.1071777343750000
miniFE.c 25 Ap 1550765244092.3349609375000000
miniFE.c 25 Ap 1811079190165.2314453125000000
miniFE.c 25 Ap 5419462894156.3583984375000000
miniFE.c 25 Ap 5772502867867.1455078125000000
miniFE.c 25 Ap 6466486737040.2167968750000000
miniFE.c 25 Ap 6713617434608.2607421875000000
miniFE.c 25 Ap 1097949332225.4489746093750000
miniFE.c 25 Ap 1870845739723.3632812500000000
miniFE.c 25 Ap 1595058171794.2507324218750000
miniFE.c 25 Ap 2381787631426.3623046875000000
miniFE.c 25 Ap 2625154138951.0532226562500000
miniFE.c 25 Ap 7851955017933.2304687500000000
miniFE.c 25 Ap 8227881787263.0332031250000000
miniFE.c 25 Ap 8450737224845.1308593750000000
miniFE.c 25 Ap 341681854070.4128417968750000
miniFE.c 25 Ap 1254319077679.9575195312500000
miniFE.c 25 Ap 1050544372264.9379882812500000
miniFE.c 25 Ap 1142817667912.4538574218750000
miniFE.c 25 Ap 1904633014282.5187988281250000
miniFE.c 25 Ap 2503274301360.6660156250000000
miniFE.c 25 Ap 5745772994059.3681640625000000
miniFE.c 25 Ap 5919741495176.0087890625000000
miniFE.c 25 Ap 438188416563.4019775390625000
miniFE.c 25 Ap 995015784757.8303222656250000
miniFE.c 25 Ap 784434403971.0437011718750000
miniFE.c 25 Ap 1119470364759.7641601562500000
miniFE.c 25 Ap 1325438060160.2753906250000000
miniFE.c 25 Ap 1594875983234.3522949218750000
miniFE.c 25 Ap 1726957696958.5810546875000000
miniFE.c 25 Ap 5946615725846.6992187500000000
miniFE.c 57 sum 635894972587402011344896.0000000000000000
miniFE.c 57 sum 1348264645342268464562176.0000000000000000
miniFE.c 57 sum -2228024030531298575515648.0000000000000000
miniFE.c 57 sum -1707488781682555714797568.0000000000000000
miniFE.c 57 sum -1343533716140359401078784.0000000000000000
miniFE.c 57 sum -678951297085926147096576.0000000000000000
miniFE.c 57 sum -386607704675191923671040.0000000000000000
miniFE.c 57 sum 194230950855626981376.0000000000000000
miniFE.c 90 p_ap_dot 194230950855626981376.0000000000000000
miniFE.c 91 alpha 0.0000004504861400
miniFE.c 40 y 27769.2571584637262276
miniFE.c 40 y 32517.8586277831782354
miniFE.c 40 y -6922.0069886498758933
miniFE.c 40 y 28819.3844970598111104
miniFE.c 40 y 22015.1298680468025850
miniFE.c 40 y 31936.2673900998997851
miniFE.c 40 y 20054.9166066795296501
miniFE.c 40 y 26414.8727739006790216
miniFE.c 40 y -3776247.0993439042940736
miniFE.c 40 y -3612590.7985937041230500
miniFE.c 40 y -85182423.2859461456537247
miniFE.c 40 y -2978503.4342347341589630
miniFE.c 40 y -2726253.6402353113517165
miniFE.c 40 y -3431622.9963570628315210
miniFE.c 40 y -2403868.7759618759155273
miniFE.c 40 y -2414739.4897950580343604
miniFE.c 82 oldrtrans 87498351323871.4062500000000000
miniFE.c 48 sum 14260042155303.2519531250000000
miniFE.c 48 sum 27310854433387.1484375000000000
miniFE.c 48 sum 7283356091299487.0000000000000000
miniFE.c 48 sum 7292227574007235.0000000000000000
miniFE.c 48 sum 7299660032918131.0000000000000000
miniFE.c 48 sum 7311436069307258.0000000000000000
miniFE.c 48 sum 7317214654399302.0000000000000000
miniFE.c 48 sum 7323045621202878.0000000000000000
miniFE.c 83 rtrans 7323045621202878.0000000000000000
miniFE.c 84 beta 83.6935269111178712
miniFE.c 40 y 5723025793497.9560546875000000
miniFE.c 40 y 6701679316623.2343750000000000
miniFE.c 40 y -1427018700451.0749511718750000
miniFE.c 40 y 5939453682304.9755859375000000
miniFE.c 40 y 4537146339668.7978515625000000
miniFE.c 40 y 6581818377989.2832031250000000
miniFE.c 40 y 4133162251827.5937500000000000
miniFE.c 40 y 5443903783517.7958984375000000
miniFE.c 87 normr 85574795.4785921573638916
miniFE.c 25 Ap 383984755937265.3125000000000000
miniFE.c 25 Ap 485096677710784.1875000000000000
miniFE.c 25 Ap 471797986486297.4375000000000000
miniFE.c 25 Ap 553266443525096.8125000000000000
miniFE.c 25 Ap 617074192729858.3750000000000000
miniFE.c 25 Ap 722754501334205.5000000000000000
miniFE.c 25 Ap 743406888082349.5000000000000000
miniFE.c 25 Ap 778291766493069.8750000000000000
miniFE.c 25 Ap 86346437810690.0937500000000000
miniFE.c 25 Ap 531583158880668.1250000000000000
miniFE.c 25 Ap 511045548554337.2500000000000000
miniFE.c 25 Ap 546467357456126.5625000000000000
miniFE.c 25 Ap 596074746046992.7500000000000000
miniFE.c 25 Ap 659604207795033.8750000000000000
miniFE.c 25 Ap 706711552575636.2500000000000000
miniFE.c 25 Ap 744567925983648.2500000000000000
miniFE.c 25 Ap 53334096374101.4609375000000000
miniFE.c 25 Ap 149784464048563.5625000000000000
miniFE.c 25 Ap 53212272082554.4687500000000000
miniFE.c 25 Ap 110303340281264.3125000000000000
miniFE.c 25 Ap 186519141181361.9062500000000000
miniFE.c 25 Ap 292984594900019.3750000000000000
miniFE.c 25 Ap 342383902144127.6875000000000000
miniFE.c 25 Ap 17555460662175230.0000000000000000
miniFE.c 25 Ap 78499826066256.7812500000000000
miniFE.c 25 Ap 118467408401603.5000000000000000
miniFE.c 25 Ap 104750654924595.1875000000000000
miniFE.c 25 Ap 493201082213137.3125000000000000
miniFE.c 25 Ap 509843843147432.5000000000000000
miniFE.c 25 Ap 582809157685800.1250000000000000
miniFE.c 25 Ap 588183231639980.6250000000000000
miniFE.c 25 Ap 613884053831274.1250000000000000
miniFE.c 25 Ap 80485258174537.0937500000000000
miniFE.c 25 Ap 153758806167562.0625000000000000
miniFE.c 25 Ap 129787489174018.8281250000000000
miniFE.c 25 Ap 151574070499525.9062500000000000
miniFE.c 25 Ap 453572247672269.1250000000000000
miniFE.c 25 Ap 483119392807467.2500000000000000
miniFE.c 25 Ap 541201316657234.8125000000000000
miniFE.c 25 Ap 561884547170297.7500000000000000
miniFE.c 25 Ap 91891191350720.5781250000000000
miniFE.c 25 Ap 156577582761466.2500000000000000
miniFE.c 25 Ap 133494570638766.7968750000000000
miniFE.c 25 Ap 199338700820894.6875000000000000
miniFE.c 25 Ap 219706889928960.2500000000000000
miniFE.c 25 Ap 657156061876224.0000000000000000
miniFE.c 25 Ap 688618680762913.8750000000000000
miniFE.c 25 Ap 707270230052256.6250000000000000
miniFE.c 25 Ap 28596540579712.5000000000000000
miniFE.c 25 Ap 104978327439787.3281250000000000
miniFE.c 25 Ap 87922685553118.1093750000000000
miniFE.c 25 Ap 95645359232822.5625000000000000
miniFE.c 25 Ap 159404334114432.6875000000000000
miniFE.c 25 Ap 209506708662279.4375000000000000
miniFE.c 25 Ap 480882702425225.9375000000000000
miniFE.c 25 Ap 495442733396759.9375000000000000
miniFE.c 25 Ap 36673509835359.8906250000000000
miniFE.c 25 Ap 83276331038584.8437500000000000
miniFE.c 25 Ap 65650980476134.5390625000000000
miniFE.c 25 Ap 93691307614999.4375000000000000
miniFE.c 25 Ap 110929460114864.0156250000000000
miniFE.c 25 Ap 133479658423336.3281250000000000
miniFE.c 25 Ap 144534036456097.5937500000000000
miniFE.c 25 Ap 497691942603145.1250000000000000
miniFE.c 57 sum 4454183854506926942487314432.0000000000000000
miniFE.c 57 sum 9444039323892601026361950208.0000000000000000
miniFE.c 57 sum -15607931336064662937400246272.0000000000000000
miniFE.c 57 sum -11961795432028196648528117760.0000000000000000
miniFE.c 57 sum -9412443015518020050058477568.0000000000000000
miniFE.c 57 sum -4757318817155368945306304512.0000000000000000
miniFE.c 57 sum -2709573613537598325586395136.0000000000000000
miniFE.c 57 sum -186564174014686515167232.0000000000000000
miniFE.c 90 p_ap_dot -186564174014686515167232.0000000000000000
miniFE.c 91 alpha -0.0000000392521536
miniFE.c 40 y -196871.8305447259335779
miniFE.c 40 y -230537.4875205095158890
miniFE.c 40 y 49091.5502814089632011
miniFE.c 40 y -204316.9639484718791209
miniFE.c 40 y -156077.6353209047229029
miniFE.c 40 y -226414.2787801030499395
miniFE.c 40 y -142180.6031002520467155
miniFE.c 40 y -187270.0749106504081283
miniFE.c 40 y 26773380.8918622769415379
miniFE.c 40 y 25613303.8237759545445442
miniFE.c 40 y 603907215.7581576108932495
miniFE.c 40 y 21117767.7607991732656956
miniFE.c 40 y 19328924.9304001033306122
miniFE.c 40 y 24330256.7350837886333466
miniFE.c 40 y 17043325.5126495920121670
miniFE.c 40 y 17120741.1041425950825214
miniFE.c 82 oldrtrans 7323045621202878.0000000000000000
miniFE.c 48 sum 716813924380736.1250000000000000
miniFE.c 48 sum 1372855257149792.0000000000000000
miniFE.c 48 sum 366076780501919744.0000000000000000
miniFE.c 48 sum 366522740617118784.0000000000000000
miniFE.c 48 sum 366896347956083840.0000000000000000
miniFE.c 48 sum 367488309348878912.0000000000000000
miniFE.c 48 sum 367778784293409024.0000000000000000
miniFE.c 48 sum 368071904069364096.0000000000000000
miniFE.c 83 rtrans 368071904069364096.0000000000000000
miniFE.c 84 beta 50.2621345145880554
miniFE.c 40 y 287651519036632.1875000000000000
miniFE.c 40 y 336840732899053.3750000000000000
miniFE.c 40 y -71724401969688.7968750000000000
miniFE.c 40 y 298529641040945.8125000000000000
miniFE.c 40 y 228046678965728.8750000000000000
miniFE.c 40 y 330816264995341.8750000000000000
miniFE.c 40 y 207741574115301.6875000000000000
miniFE.c 40 y 273622241372387.4062500000000000
miniFE.c 87 normr 606689297.8035496473312378
miniFE.c 25 Ap 19299895250822316.0000000000000000
miniFE.c 25 Ap 24381996650473428.0000000000000000
miniFE.c 25 Ap 23713581671220280.0000000000000000
miniFE.c 25 Ap 27808360507262004.0000000000000000
miniFE.c 25 Ap 31015474452695424.0000000000000000
miniFE.c 25 Ap 36327192729966632.0000000000000000
miniFE.c 25 Ap 37365225855910416.0000000000000000
miniFE.c 25 Ap 39118614416825880.0000000000000000
miniFE.c 25 Ap 4339956676041140.0000000000000000
miniFE.c 25 Ap 26718506342955060.0000000000000000
miniFE.c 25 Ap 25686250901539356.0000000000000000
miniFE.c 25 Ap 27466626751253604.0000000000000000
miniFE.c 25 Ap 29960000200860088.0000000000000000
miniFE.c 25 Ap 33153126787721616.0000000000000000
miniFE.c 25 Ap 35520842681959096.0000000000000000
miniFE.c 25 Ap 37423584933483024.0000000000000000
miniFE.c 25 Ap 2680685775675930.0000000000000000
miniFE.c 25 Ap 7528487498337119.0000000000000000
miniFE.c 25 Ap 2674603864244222.0000000000000000
miniFE.c 25 Ap 5544123016616976.0000000000000000
miniFE.c 25 Ap 9374892178285504.0000000000000000
miniFE.c 25 Ap 14726073527808004.0000000000000000
miniFE.c 25 Ap 17208988357139644.0000000000000000
miniFE.c 25 Ap 882375022013815424.0000000000000000
miniFE.c 25 Ap 3945569184350775.0000000000000000
miniFE.c 25 Ap 5954425336665876.0000000000000000
miniFE.c 25 Ap 5264997833162882.0000000000000000
miniFE.c 25 Ap 24789346842926920.0000000000000000
miniFE.c 25 Ap 25625847602601256.0000000000000000
miniFE.c 25 Ap 29293240326550468.0000000000000000
miniFE.c 25 Ap 29563352776687128.0000000000000000
miniFE.c 25 Ap 30855131039628928.0000000000000000
miniFE.c 25 Ap 4045361249334963.5000000000000000
miniFE.c 25 Ap 7728246454967382.0000000000000000
miniFE.c 25 Ap 6523407040288195.0000000000000000
miniFE.c 25 Ap 7618447198946181.0000000000000000
miniFE.c 25 Ap 22797521489720592.0000000000000000
miniFE.c 25 Ap 24282624182251536.0000000000000000
miniFE.c 25 Ap 27201945891158672.0000000000000000
miniFE.c 25 Ap 28241529270449956.0000000000000000
miniFE.c 25 Ap 4618647850259781.0000000000000000
miniFE.c 25 Ap 7869924203836395.0000000000000000
miniFE.c 25 Ap 6709732512139320.0000000000000000
miniFE.c 25 Ap 10019199274458730.0000000000000000
miniFE.c 25 Ap 11042948021998432.0000000000000000
miniFE.c 25 Ap 33030078762775384.0000000000000000
miniFE.c 25 Ap 34611457275177272.0000000000000000
miniFE.c 25 Ap 35548924013121656.0000000000000000
miniFE.c 25 Ap 1437323303049330.0000000000000000
miniFE.c 25 Ap 5276435240600330.0000000000000000
miniFE.c 25 Ap 4419189491722727.5000000000000000
miniFE.c 25 Ap 4807347582482320.0000000000000000
miniFE.c 25 Ap 8012010026116860.0000000000000000
miniFE.c 25 Ap 10530262500348736.0000000000000000
miniFE.c 25 Ap 24170200321926036.0000000000000000
miniFE.c 25 Ap 24902018602944244.0000000000000000
miniFE.c 25 Ap 1843289056032438.5000000000000000
miniFE.c 25 Ap 4185646502220631.5000000000000000
miniFE.c 25 Ap 3299766220344670.5000000000000000
miniFE.c 25 Ap 4709133014528925.0000000000000000
miniFE.c 25 Ap 5575559427697219.0000000000000000
miniFE.c 25 Ap 6708980611767034.0000000000000000
miniFE.c 25 Ap 7264597293008133.0000000000000000
miniFE.c 25 Ap 25015068587321096.0000000000000000
miniFE.c 57 sum 11252528859608263706040944558080.0000000000000000
miniFE.c 57 sum 23858316636312657943320766447616.0000000000000000
miniFE.c 57 sum -39429504130619243586397447127040.0000000000000000
miniFE.c 57 sum -30218332937087473447750183419904.0000000000000000
miniFE.c 57 sum -23777945978047935487585011367936.0000000000000000
miniFE.c 57 sum -12017783711423810655368662482944.0000000000000000
miniFE.c 57 sum -6844599168199647977595752939520.0000000000000000
miniFE.c 57 sum 79966747150848373148352512.0000000000000000
miniFE.c 90 p_ap_dot 79966747150848373148352512.0000000000000000
miniFE.c 91 alpha 0.0000000046028120
miniFE.c 40 y 1127134.0355502646416426
miniFE.c 40 y 1319877.0828308034688234
miniFE.c 40 y -281042.3884096276597120
miniFE.c 40 y 1169758.8527382765896618
miniFE.c 40 y 893578.3571289561223239
miniFE.c 40 y 1296270.7983589761424810
miniFE.c 40 y 814014.8089095109608024
miniFE.c 40 y 1072161.6634802899789065
miniFE.c 40 y -153282247.3031333088874817
miniFE.c 40 y -146640422.3104691803455353
miniFE.c 40 y -3457499131.5978941917419434
miniFE.c 40 y -120902599.9133093655109406
miniFE.c 40 y -110661525.1350045204162598
miniFE.c 40 y -139294757.6029917597770691
miniFE.c 40 y -97575984.7497307956218719
miniFE.c 40 y -98018916.9838922172784805
miniFE.c 82 oldrtrans 368071904069364096.0000000000000000
miniFE.c 48 sum 23495447338298920.0000000000000000
miniFE.c 48 sum 44998860793691664.0000000000000000
miniFE.c 48 sum 11999299105793884160.0000000000000000
miniFE.c 48 sum 12013916544459681792.0000000000000000
miniFE.c 48 sum 12026162517604886528.0000000000000000
miniFE.c 48 sum 12045565547100563456.0000000000000000
miniFE.c 48 sum 12055086619900442624.0000000000000000
miniFE.c 48 sum 12064694327987138560.0000000000000000
miniFE.c 83 rtrans 12064694327987138560.0000000000000000
miniFE.c 84 beta 32.7780908963741950
miniFE.c 40 y 9428667484180594.0000000000000000
miniFE.c 40 y 11040996013926052.0000000000000000
miniFE.c 40 y -2350992424749671.0000000000000000
miniFE.c 40 y 9785231588399482.0000000000000000
miniFE.c 40 y 7474934661093401.0000000000000000
miniFE.c 40 y 10843525464721570.0000000000000000
miniFE.c 40 y 6809372101731230.0000000000000000
miniFE.c 40 y 8968814600954837.0000000000000000
miniFE.c 87 normr 3473426885.3665452003479004
miniFE.c 25 Ap 632613710537526656.0000000000000000
miniFE.c 25 Ap 799195289947436672.0000000000000000
miniFE.c 25 Ap 777285890779808000.0000000000000000
miniFE.c 25 Ap 911504922009773568.0000000000000000
miniFE.c 25 Ap 1016627992871941120.0000000000000000
miniFE.c 25 Ap 1190735975143696640.0000000000000000
miniFE.c 25 Ap 1224760718811766272.0000000000000000
miniFE.c 25 Ap 1282233447810004736.0000000000000000
miniFE.c 25 Ap 142255492100948928.0000000000000000
miniFE.c 25 Ap 875781617469788160.0000000000000000
miniFE.c 25 Ap 841946205022563584.0000000000000000
miniFE.c 25 Ap 900303525733165824.0000000000000000
miniFE.c 25 Ap 982031546093043200.0000000000000000
miniFE.c 25 Ap 1086696138256309376.0000000000000000
miniFE.c 25 Ap 1164305343942301952.0000000000000000
miniFE.c 25 Ap 1226673601733510912.0000000000000000
miniFE.c 25 Ap 87867760591253088.0000000000000000
miniFE.c 25 Ap 246769443993796416.0000000000000000
miniFE.c 25 Ap 87668171051968928.0000000000000000
miniFE.c 25 Ap 181725529495192704.0000000000000000
miniFE.c 25 Ap 307290827420478656.0000000000000000
miniFE.c 25 Ap 482692333844920704.0000000000000000
miniFE.c 25 Ap 564077540642486272.0000000000000000
miniFE.c 25 Ap 28922568122370572288.0000000000000000
miniFE.c 25 Ap 129328223260088272.0000000000000000
miniFE.c 25 Ap 195174691943876672.0000000000000000
miniFE.c 25 Ap 172576541333508512.0000000000000000
miniFE.c 25 Ap 812547419960850688.0000000000000000
miniFE.c 25 Ap 839966317490423296.0000000000000000
miniFE.c 25 Ap 960176448004525440.0000000000000000
miniFE.c 25 Ap 969030218320475776.0000000000000000
miniFE.c 25 Ap 1011372243178392320.0000000000000000
miniFE.c 25 Ap 132599216583700208.0000000000000000
miniFE.c 25 Ap 253317161011522240.0000000000000000
miniFE.c 25 Ap 213824767081940800.0000000000000000
miniFE.c 25 Ap 249718092494128000.0000000000000000
miniFE.c 25 Ap 747259161954177792.0000000000000000
miniFE.c 25 Ap 795937992375084160.0000000000000000
miniFE.c 25 Ap 891627783334198528.0000000000000000
miniFE.c 25 Ap 925703341462561024.0000000000000000
miniFE.c 25 Ap 151390456592997280.0000000000000000
miniFE.c 25 Ap 257961087024351232.0000000000000000
miniFE.c 25 Ap 219932162369252224.0000000000000000
miniFE.c 25 Ap 328410163382774144.0000000000000000
miniFE.c 25 Ap 361966692387897280.0000000000000000
miniFE.c 25 Ap 1082662853101562368.0000000000000000
miniFE.c 25 Ap 1134497420979872768.0000000000000000
miniFE.c 25 Ap 1165225790592715264.0000000000000000
miniFE.c 25 Ap 47112713108914352.0000000000000000
miniFE.c 25 Ap 172951471487995264.0000000000000000
miniFE.c 25 Ap 144852551086932672.0000000000000000
miniFE.c 25 Ap 157575632110812096.0000000000000000
miniFE.c 25 Ap 262618347425372864.0000000000000000
miniFE.c 25 Ap 345161854865419520.0000000000000000
miniFE.c 25 Ap 792252970195308928.0000000000000000
miniFE.c 25 Ap 816240576067994880.0000000000000000
miniFE.c 25 Ap 60419495244680752.0000000000000000
miniFE.c 25 Ap 137197499507913152.0000000000000000
miniFE.c 25 Ap 108159992401117760.0000000000000000
miniFE.c 25 Ap 154356344716436192.0000000000000000
miniFE.c 25 Ap 182756148021845472.0000000000000000
miniFE.c 25 Ap 219907530139919296.0000000000000000
miniFE.c 25 Ap 238119583960209280.0000000000000000
miniFE.c 25 Ap 819946139139979648.0000000000000000
miniFE.c 57 sum 12089752816494965388740803449323520.0000000000000000
miniFE.c 57 sum 25633451163622974001151093074034688.0000000000000000
miniFE.c 57 sum -42363287396376555248154531227238400.0000000000000000
miniFE.c 57 sum -32466775774796908821734353528684544.0000000000000000
miniFE.c 57 sum -25547203781808430362967433990373376.0000000000000000
miniFE.c 57 sum -12912048249365998616367500745506816.0000000000000000
miniFE.c 57 sum -7353962442387566879635949590937600.0000000000000000
miniFE.c 57 sum -17537672371021022361223692288.0000000000000000
miniFE.c 90 p_ap_dot -17537672371021022361223692288.0000000000000000
miniFE.c 91 alpha -0.0000000006879302
miniFE.c 40 y -5359131.0006717434152961
miniFE.c 40 y -6275557.4290289450436831
miniFE.c 40 y 1336276.2826180241536349
miniFE.c 40 y -5561797.3962926622480154
miniFE.c 40 y -4248654.8822594527155161
miniFE.c 40 y -6163317.7605983512476087
miniFE.c 40 y -3870357.8509800052270293
miniFE.c 40 y -5097756.6903205243870616
miniFE.c 40 y 728804855.1170680522918701
miniFE.c 40 y 697225384.5100649595260620
miniFE.c 40 y 16439208720.7720775604248047
miniFE.c 40 y 574850901.8980373144149780
miniFE.c 40 y 526157752.6385085582733154
miniFE.c 40 y 662299244.6784989833831787
miniFE.c 40 y 463940551.7681179046630859
miniFE.c 40 y 466046788.2509206533432007
