filename line variable value
miniFE.c 167 A 67.0947100000000063
miniFE.c 167 A 15.0875500000000002
miniFE.c 167 A 9.3192129999999995
miniFE.c 167 A 13.7164900000000003
miniFE.c 167 A 14.0634099999999993
miniFE.c 167 A 16.0564000000000000
miniFE.c 167 A 4.9967519999999999
miniFE.c 167 A 6.4080630000000003
miniFE.c 167 A 15.0875500000000002
miniFE.c 167 A 66.4365899999999954
miniFE.c 167 A 14.3919700000000006
miniFE.c 167 A 5.9638159999999996
miniFE.c 167 A 10.9336099999999998
miniFE.c 167 A 9.6522659999999991
miniFE.c 167 A 11.3974100000000007
miniFE.c 167 A 6.9539020000000002
miniFE.c 167 A 9.3192129999999995
miniFE.c 167 A 14.3919700000000006
miniFE.c 167 A 67.6740900000000067
miniFE.c 167 A 9.6121750000000006
miniFE.c 167 A 16.7981799999999986
miniFE.c 167 A 16.1756899999999995
miniFE.c 167 A 11.9519400000000005
miniFE.c 167 A 12.3511699999999998
miniFE.c 167 A 13.7164900000000003
miniFE.c 167 A 5.9638159999999996
miniFE.c 167 A 9.6121750000000006
miniFE.c 167 A 65.4017099999999942
miniFE.c 167 A 3.6681119999999998
miniFE.c 167 A 11.0858899999999991
miniFE.c 167 A 1.3002330000000000
miniFE.c 167 A 4.7210279999999996
miniFE.c 167 A 14.0634099999999993
miniFE.c 167 A 10.9336099999963619
miniFE.c 167 A 16.7981799999999986
miniFE.c 167 A 3.6681119999999998
miniFE.c 167 A 66.5612600000000043
miniFE.c 167 A 4.4892070000000004
miniFE.c 167 A 14.0526599999999995
miniFE.c 167 A 3.7993380000000001
miniFE.c 167 A 16.0564000000000000
miniFE.c 167 A 9.6522659999999991
miniFE.c 167 A 16.1756899999999995
miniFE.c 167 A 11.0858899999999991
miniFE.c 167 A 4.4892070000000004
miniFE.c 167 A 66.4632699999999943
miniFE.c 167 A 7.6122389999999998
miniFE.c 167 A 3.4261349999999999
miniFE.c 167 A 4.9967519999999999
miniFE.c 167 A 11.3974100000000007
miniFE.c 167 A 11.9519400000000005
miniFE.c 167 A 1.3002330000000000
miniFE.c 167 A 14.0526599999999995
miniFE.c 167 A 7.6122389999999998
miniFE.c 167 A 65.6581999999999937
miniFE.c 167 A 2.6745570000000001
miniFE.c 167 A 6.4080630000000003
miniFE.c 167 A 6.9539020000000002
miniFE.c 167 A 12.3511699999999998
miniFE.c 167 A 4.7210279999999996
miniFE.c 167 A 3.7993380000000001
miniFE.c 167 A 3.4261349999999999
miniFE.c 167 A 2.6745570000000001
miniFE.c 167 A 64.8721800000000002
miniFE.c 175 b 198.0110999999999990
miniFE.c 175 b 229.8237000000000023
miniFE.c 175 b 210.8053999999999917
miniFE.c 175 b 202.6418999999999926
miniFE.c 175 b 157.2561000000000035
miniFE.c 175 b 225.5886000000000138
miniFE.c 175 b 142.6283999999999992
miniFE.c 175 b 185.1795999999999935
miniFE.c 33 r 0.0000000000000000
miniFE.c 33 r 0.0000000000000000
miniFE.c 33 r 0.0000000000000000
miniFE.c 33 r 0.0000000000000000
miniFE.c 33 r 0.0000000000000000
miniFE.c 33 r 0.0000000000000000
miniFE.c 33 r 0.0000000000000000
miniFE.c 33 r 0.0000000000000000
miniFE.c 25 Ap 0.0000000000000000
miniFE.c 25 Ap 0.0000000000000000
miniFE.c 25 Ap 0.0000000000000000
miniFE.c 25 Ap 0.0000000000000000
miniFE.c 25 Ap 0.0000000000000000
miniFE.c 25 Ap 0.0000000000000000
miniFE.c 25 Ap 0.0000000000000000
miniFE.c 25 Ap 0.0000000000000000
miniFE.c 25 Ap 0.0000000000000000
miniFE.c 25 Ap 0.0000000000000000
miniFE.c 25 Ap 0.0000000000000000
miniFE.c 25 Ap 0.0000000000000000
miniFE.c 25 Ap 0.0000000000000000
miniFE.c 25 Ap 0.0000000000000000
miniFE.c 25 Ap 0.0000000000000000
miniFE.c 25 Ap 0.0000000000000000
miniFE.c 25 Ap 0.0000000000000000
miniFE.c 25 Ap 0.0000000000000000
miniFE.c 25 Ap 0.0000000000000000
miniFE.c 25 Ap 0.0000000000000000
miniFE.c 25 Ap 0.0000000000000000
miniFE.c 25 Ap 0.0000000000000000
miniFE.c 25 Ap 0.0000000000000000
miniFE.c 25 Ap 0.0000000000000000
miniFE.c 25 Ap 0.0000000000000000
miniFE.c 25 Ap 0.0000000000000000
miniFE.c 25 Ap 0.0000000000000000
miniFE.c 25 Ap 0.0000000000000000
miniFE.c 25 Ap 0.0000000000000000
miniFE.c 25 Ap 0.0000000000000000
miniFE.c 25 Ap 0.0000000000000000
miniFE.c 25 Ap 0.0000000000000000
miniFE.c 25 Ap 0.0000000000000000
miniFE.c 25 Ap 0.0000000000000000
miniFE.c 25 Ap 0.0000000000000000
miniFE.c 25 Ap 0.0000000000000000
miniFE.c 25 Ap 0.0000000000000000
miniFE.c 25 Ap 0.0000000000000000
miniFE.c 25 Ap 0.0000000000000000
miniFE.c 25 Ap 0.0000000000000000
miniFE.c 25 Ap 0.0000000000000000
miniFE.c 25 Ap 0.0000000000000000
miniFE.c 25 Ap 0.0000000000000000
miniFE.c 25 Ap 0.0000000000000000
miniFE.c 25 Ap 0.0000000000000000
miniFE.c 25 Ap 0.0000000000000000
miniFE.c 25 Ap 0.0000000000000000
miniFE.c 25 Ap 0.0000000000000000
miniFE.c 25 Ap 0.0000000000000000
miniFE.c 25 Ap 0.0000000000000000
miniFE.c 25 Ap 0.0000000000000000
miniFE.c 25 Ap 0.0000000000000000
miniFE.c 25 Ap 0.0000000000000000
miniFE.c 25 Ap 0.0000000000000000
miniFE.c 25 Ap 0.0000000000000000
miniFE.c 25 Ap 0.0000000000000000
miniFE.c 25 Ap 0.0000000000000000
miniFE.c 25 Ap 0.0000000000000000
miniFE.c 25 Ap 0.0000000000000000
miniFE.c 25 Ap 0.0000000000000000
miniFE.c 25 Ap 0.0000000000000000
miniFE.c 25 Ap 0.0000000000000000
miniFE.c 25 Ap 0.0000000000000000
miniFE.c 25 Ap 0.0000000000000000
miniFE.c 33 r 198.0110999999999990
miniFE.c 33 r 229.8237000000000023
miniFE.c 33 r 210.8053999999999917
miniFE.c 33 r 202.6418999999999926
miniFE.c 33 r 157.2561000000000035
miniFE.c 33 r 225.5886000000000138
miniFE.c 33 r 142.6283999999999992
miniFE.c 33 r 185.1795999999999935
miniFE.c 48 sum 39208.3957232100001420
miniFE.c 48 sum 92027.3288048999966122
miniFE.c 48 sum 136466.2454740600078367
miniFE.c 48 sum 177529.9851096700003836
miniFE.c 48 sum 202259.4660968800017145
miniFE.c 48 sum 253149.6825468399911188
miniFE.c 48 sum 273492.5430333999684080
miniFE.c 48 sum 307784.0272895599482581
miniFE.c 75 rtrans 307784.0272895599482581
miniFE.c 76 normr 554.7828649927464539
miniFE.c 33 r 198.0110999999999990
miniFE.c 33 r 229.8237000000000023
miniFE.c 33 r 210.8053999999999917
miniFE.c 33 r 202.6418999999999926
miniFE.c 33 r 157.2561000000000035
miniFE.c 33 r 225.5886000000000138
miniFE.c 33 r 142.6283999999999992
miniFE.c 33 r 185.1795999999999935
miniFE.c 87 normr 554.7828649927464539
miniFE.c 25 Ap 13285.4973312810016068
miniFE.c 25 Ap 16752.9738962160008668
miniFE.c 25 Ap 18717.5143203662009910
miniFE.c 25 Ap 21497.0499152972006414
miniFE.c 25 Ap 23708.6069245981998392
miniFE.c 25 Ap 27330.7477216381994367
miniFE.c 25 Ap 28043.4264645949988335
miniFE.c 25 Ap 29230.0690077097970061
miniFE.c 25 Ap 2987.5023718050001662
miniFE.c 25 Ap 18256.2053009880000900
miniFE.c 25 Ap 21290.1102936259994749
miniFE.c 25 Ap 22498.6292991164009436
miniFE.c 25 Ap 24218.0061666374022025
miniFE.c 25 Ap 26395.4473404050004319
miniFE.c 25 Ap 28021.0416928490012651
miniFE.c 25 Ap 29308.7624836482027604
miniFE.c 25 Ap 1845.3076172643000064
miniFE.c 25 Ap 5152.9234129532997031
miniFE.c 25 Ap 19418.9870250392996240
miniFE.c 25 Ap 21366.8164301717988565
miniFE.c 25 Ap 24008.4327040697971825
miniFE.c 25 Ap 27657.4839652037990163
miniFE.c 25 Ap 29362.1700442997971550
miniFE.c 25 Ap 31649.3547644317950471
miniFE.c 25 Ap 2716.0172730389999742
miniFE.c 25 Ap 4086.6435322781999275
miniFE.c 25 Ap 6112.9419280231995799
miniFE.c 25 Ap 19366.0687056721981207
miniFE.c 25 Ap 19942.9016931553996983
miniFE.c 25 Ap 22443.7520980093977414
miniFE.c 25 Ap 22629.2022504265987664
miniFE.c 25 Ap 23503.4403270553993934
miniFE.c 25 Ap 2784.7112838509997346
miniFE.c 25 Ap 5297.5139884071631968
miniFE.c 25 Ap 8838.6610425791623129
miniFE.c 25 Ap 9581.9742276719625806
miniFE.c 25 Ap 20049.1383863579612807
miniFE.c 25 Ap 21061.8523085981614713
miniFE.c 25 Ap 23066.1607201421611535
miniFE.c 25 Ap 23769.7206112469611980
miniFE.c 25 Ap 3179.3454260399998930
miniFE.c 25 Ap 5397.6649115441996400
miniFE.c 25 Ap 8807.5877122702004272
miniFE.c 25 Ap 11054.0535250612010714
miniFE.c 25 Ap 11760.0087099739012046
miniFE.c 25 Ap 26753.3647406958989450
miniFE.c 25 Ap 27839.0862096834971453
miniFE.c 25 Ap 28473.5365185294976982
miniFE.c 25 Ap 989.4123599472000024
miniFE.c 25 Ap 3608.8072965641999872
miniFE.c 25 Ap 6128.3407890401995246
miniFE.c 25 Ap 6391.8224746028990921
miniFE.c 25 Ap 8601.6889808288997301
miniFE.c 25 Ap 10318.9233197042995016
miniFE.c 25 Ap 19683.6473325842962367
miniFE.c 25 Ap 20178.9207280214977800
miniFE.c 25 Ap 1268.8676034993000030
miniFE.c 25 Ap 2867.0390905766998912
miniFE.c 25 Ap 5470.7324228946999938
miniFE.c 25 Ap 6427.4105067679001877
miniFE.c 25 Ap 7024.8795832297000743
miniFE.c 25 Ap 7797.7765812907000509
miniFE.c 25 Ap 8179.2443669095000587
miniFE.c 25 Ap 20192.2487104374995397
miniFE.c 57 sum 5787878.1172925252467394
miniFE.c 57 sum 12523726.3537057451903820
miniFE.c 57 sum 19195581.2445636950433254
miniFE.c 57 sum 23958363.0489748232066631
miniFE.c 57 sum 27696296.6103891357779503
miniFE.c 57 sum 34119601.8506530821323395
miniFE.c 57 sum 36997689.0278176218271255
miniFE.c 57 sum 40736881.5671169534325600
miniFE.c 90 p_ap_dot 40736881.5671169534325600
miniFE.c 91 alpha 0.0075554145395853
miniFE.c 40 y 1.4960559439392793
miniFE.c 40 y 1.7364133245212907
miniFE.c 40 y 1.5927221841830954
miniFE.c 40 y 1.5310435575891908
miniFE.c 40 y 1.1881350243784803
miniFE.c 40 y 1.7044153884046931
miniFE.c 40 y 1.0776166871177884
miniFE.c 40 y 1.3991086422745904
miniFE.c 40 y -22.8341883739323350
miniFE.c 40 y 8.3838497937921375
miniFE.c 40 y -28.3185951556813507
miniFE.c 40 y 25.0636652226900765
miniFE.c 40 y -22.3339927080957352
miniFE.c 40 y 10.4592281944891567
miniFE.c 40 y -9.8317110616328591
miniFE.c 40 y 32.6187905062379286
miniFE.c 82 oldrtrans 307784.0272895599482581
miniFE.c 48 sum 521.4001586962266401
miniFE.c 48 sum 591.6890960610951424
miniFE.c 48 sum 1393.6319276524743600
miniFE.c 48 sum 2021.8192420475584186
miniFE.c 48 sum 2520.6264723328317814
miniFE.c 48 sum 2630.0219267572288118
miniFE.c 48 sum 2726.6844691566625443
miniFE.c 48 sum 3790.6699632465001741
miniFE.c 83 rtrans 3790.6699632465001741
miniFE.c 84 beta 0.0123160061184081
miniFE.c 40 y -20.3954824548196214
miniFE.c 40 y 11.2143598891473211
miniFE.c 40 y -25.7223145594878879
miniFE.c 40 y 27.5594041029359147
miniFE.c 40 y -20.3972256183387408
miniFE.c 40 y 13.2375787723322702
miniFE.c 40 y -8.0750988145741047
miniFE.c 40 y 34.8994635928422881
miniFE.c 87 normr 61.5684169298391168
miniFE.c 25 Ap -1368.4289806162107652
miniFE.c 25 Ap -1199.2317650707061603
miniFE.c 25 Ap -1438.9434933035749964
miniFE.c 25 Ap -1060.9252025196956311
miniFE.c 25 Ap -1347.7797492528968633
miniFE.c 25 Ap -1135.2318894528209512
miniFE.c 25 Ap -1175.5811556047417525
miniFE.c 25 Ap -951.9431942356020500
miniFE.c 25 Ap -307.7178613112137668
miniFE.c 25 Ap 437.3259687565121681
miniFE.c 25 Ap 67.1311892857992802
miniFE.c 25 Ap 231.4904044253541144
miniFE.c 25 Ap 8.4750944324294721
miniFE.c 25 Ap 136.2477259389339679
miniFE.c 25 Ap 44.2125139587189153
miniFE.c 25 Ap 286.8999636359120586
miniFE.c 25 Ap -190.0698452342269320
miniFE.c 25 Ap -28.6731141404153504
miniFE.c 25 Ap -1769.4073446475090350
miniFE.c 25 Ap -1504.5015295143709864
miniFE.c 25 Ap -1847.1377969518364353
miniFE.c 25 Ap -1633.0108263800091208
miniFE.c 25 Ap -1729.5239229058699948
miniFE.c 25 Ap -1298.4747151618641965
miniFE.c 25 Ap -279.7544311367087744
miniFE.c 25 Ap -212.8740522000537680
miniFE.c 25 Ap -460.1214411508992725
miniFE.c 25 Ap 1342.3107137621254878
miniFE.c 25 Ap 1267.4914057047897131
miniFE.c 25 Ap 1414.2417478412003220
miniFE.c 25 Ap 1403.7422378842302351
miniFE.c 25 Ap 1568.5035826910193464
miniFE.c 25 Ap -286.8300319099348030
miniFE.c 25 Ap -164.2165944823955783
miniFE.c 25 Ap -596.3046644692938116
miniFE.c 25 Ap -495.2136835664653631
miniFE.c 25 Ap -1852.8787212273709883
miniFE.c 25 Ap -1793.4524899395655666
miniFE.c 25 Ap -1906.9291080471784881
miniFE.c 25 Ap -1774.3342498392762536
miniFE.c 25 Ap -327.4780244875657900
miniFE.c 25 Ap -219.2340398177853444
miniFE.c 25 Ap -635.3102262145480381
miniFE.c 25 Ap -329.7897038638518552
miniFE.c 25 Ap -421.3570718902774388
miniFE.c 25 Ap 458.4557002015106946
miniFE.c 25 Ap 396.9861180763559219
miniFE.c 25 Ap 516.5563917730186176
miniFE.c 25 Ap -101.9111677470848463
miniFE.c 25 Ap 25.9034897970817326
miniFE.c 25 Ap -281.5280704790438904
miniFE.c 25 Ap -245.6944238040712207
miniFE.c 25 Ap -532.3297003618753251
miniFE.c 25 Ap -431.5620869655555225
miniFE.c 25 Ap -961.7585399526249148
miniFE.c 25 Ap -868.4179353041433842
miniFE.c 25 Ap -130.6955364858787902
miniFE.c 25 Ap -52.7119768240174551
miniFE.c 25 Ap -370.4126567417274600
miniFE.c 25 Ap -240.3039383084521319
miniFE.c 25 Ap -317.7998926947799987
miniFE.c 25 Ap -272.4461607476353606
miniFE.c 25 Ap -294.0434728078462285
miniFE.c 25 Ap 1969.9608112904652444
miniFE.c 57 sum 19415.3407160171700525
miniFE.c 57 sum 22632.7401604135666275
miniFE.c 57 sum 56032.5152313484722981
miniFE.c 57 sum 99259.5393036330351606
miniFE.c 57 sum 135451.0353199505771045
miniFE.c 57 sum 142288.9912463976361323
miniFE.c 57 sum 149301.5518863270117436
miniFE.c 57 sum 218052.1274992846592795
miniFE.c 90 p_ap_dot 218052.1274992846592795
miniFE.c 91 alpha 0.0173842374606454
miniFE.c 40 y 1.1414960338202671
miniFE.c 40 y 1.9313664198033653
miniFE.c 40 y 1.1455593598435403
miniFE.c 40 y 2.0101427827885150
miniFE.c 40 y 0.8335448106909191
miniFE.c 40 y 1.9345406011869166
miniFE.c 40 y 0.9372372518070556
miniFE.c 40 y 2.0058092046217109
miniFE.c 40 y -6.2853818362953007
miniFE.c 40 y 3.3963126984949001
miniFE.c 40 y -5.7456023706635513
miniFE.c 40 y -2.2035735166837291
miniFE.c 40 y 8.5114552256664417
miniFE.c 40 y 1.4792892180928039
miniFE.c 40 y 5.2650725407778012
miniFE.c 40 y -1.6274760254012648
miniFE.c 82 oldrtrans 3790.6699632465001741
miniFE.c 48 sum 39.5060248280308883
miniFE.c 48 sum 51.0409647739885983
miniFE.c 48 sum 84.0529113757632160
miniFE.c 48 sum 88.9086476191931183
miniFE.c 48 sum 161.3535176777176900
miniFE.c 48 sum 163.5418142684833072
miniFE.c 48 sum 191.2628031281357153
miniFE.c 48 sum 193.9114813413916067
miniFE.c 83 rtrans 193.9114813413916067
miniFE.c 84 beta 0.0511549365208564
miniFE.c 40 y -7.3287114465838377
miniFE.c 40 y 3.9699825667462689
miniFE.c 40 y -7.0614257391236537
miniFE.c 40 y -0.7937739492454141
miniFE.c 40 y 7.4680364439587379
miniFE.c 40 y 2.1564567198812967
miniFE.c 40 y 4.8519913735186204
miniFE.c 40 y 0.1578038193025200
miniFE.c 87 normr 13.9252102799703383
miniFE.c 25 Ap -491.7177691822231509
miniFE.c 25 Ap -431.8204587073104790
miniFE.c 25 Ap -497.6273892538862356
miniFE.c 25 Ap -508.5151816909714739
miniFE.c 25 Ap -403.4891232846377420
miniFE.c 25 Ap -368.8641916075357017
miniFE.c 25 Ap -344.6199940079237649
miniFE.c 25 Ap -343.6087771921925764
miniFE.c 25 Ap -110.5723003859059759
miniFE.c 25 Ap 153.1798037081634902
miniFE.c 25 Ap 51.5519763134680318
miniFE.c 25 Ap 46.8180545345750403
miniFE.c 25 Ap 128.4706524786067234
miniFE.c 25 Ap 149.2853463563884873
miniFE.c 25 Ap 204.5854813568433599
miniFE.c 25 Ap 205.6828336514987825
miniFE.c 25 Ap -68.2978229862528963
miniFE.c 25 Ap -11.1619529851175940
miniFE.c 25 Ap -489.0375139828882993
miniFE.c 25 Ap -496.6674080934763538
miniFE.c 25 Ap -371.2179876612975704
miniFE.c 25 Ap -336.3358122620808786
miniFE.c 25 Ap -278.3451024852687397
miniFE.c 25 Ap -276.3960406864140396
miniFE.c 25 Ap -100.5241972699527508
miniFE.c 25 Ap -76.8479517186702878
miniFE.c 25 Ap -144.7236116726311934
miniFE.c 25 Ap -196.6377853067344859
miniFE.c 25 Ap -169.2441912102121080
miniFE.c 25 Ap -145.3379492238472324
miniFE.c 25 Ap -139.0292299242829870
miniFE.c 25 Ap -138.2842336748488492
miniFE.c 25 Ap -103.0666738450016027
miniFE.c 25 Ap -59.6604327534133745
miniFE.c 25 Ap -178.2795333758455456
miniFE.c 25 Ap -181.1911851243600324
miniFE.c 25 Ap 315.8907303114530123
miniFE.c 25 Ap 325.5715109135411467
miniFE.c 25 Ap 393.7548960085313183
miniFE.c 25 Ap 394.3544460557525326
miniFE.c 25 Ap -117.6727224709287327
miniFE.c 25 Ap -79.3533947213310000
miniFE.c 25 Ap -193.5768284354160755
miniFE.c 25 Ap -202.3765191216163259
miniFE.c 25 Ap -168.8509576411416333
miniFE.c 25 Ap -25.5257924243566663
miniFE.c 25 Ap 11.4087255368053420
miniFE.c 25 Ap 11.9493827252513807
miniFE.c 25 Ap -36.6197535781406813
miniFE.c 25 Ap 8.6277654279189164
miniFE.c 25 Ap -75.7699713205426519
miniFE.c 25 Ap -76.8020624038918669
miniFE.c 25 Ap 28.1437146106693206
miniFE.c 25 Ap 44.5591785555618003
miniFE.c 25 Ap 363.1321985563220665
miniFE.c 25 Ap 363.5542538658643821
miniFE.c 25 Ap -46.9628446585303720
miniFE.c 25 Ap -19.3559749476683578
miniFE.c 25 Ap -106.5728446939602492
miniFE.c 25 Ap -110.3202737340184285
miniFE.c 25 Ap -81.9466790871011312
miniFE.c 25 Ap -74.5583672431306184
miniFE.c 25 Ap -61.5814397511467746
miniFE.c 25 Ap -51.3443619806662213
miniFE.c 57 sum 2518.2095785550973233
miniFE.c 57 sum 3334.7668424305202279
miniFE.c 57 sum 5286.5169583254328245
miniFE.c 57 sum 5396.2833806078933776
miniFE.c 57 sum 8341.3367555894128600
miniFE.c 57 sum 8367.1050822657143726
miniFE.c 57 sum 10131.0671858288878866
miniFE.c 57 sum 10122.9648494086868595
miniFE.c 90 p_ap_dot 10122.9648494086868595
miniFE.c 91 alpha 0.0191556015679259
miniFE.c 40 y 1.0011101573432093
miniFE.c 40 y 2.0074138240835686
miniFE.c 40 y 1.0102935018833912
miniFE.c 40 y 1.9949375652817709
miniFE.c 40 y 0.9765995413061428
miniFE.c 40 y 1.9758488269114391
miniFE.c 40 y 1.0301800653691917
miniFE.c 40 y 2.0088320317101669
miniFE.c 40 y 0.2966509948405580
miniFE.c 40 y -0.5436657122951880
miniFE.c 40 y -0.4510699403223732
miniFE.c 40 y 0.4453441667176343
miniFE.c 40 y 0.9573585804823264
miniFE.c 40 y 1.2503916036252321
miniFE.c 40 y -1.6990278946012740
miniFE.c 40 y -0.6439438845402610
miniFE.c 82 oldrtrans 193.9114813413916067
miniFE.c 48 sum 0.0880018127398928
miniFE.c 48 sum 0.3835742194653269
miniFE.c 48 sum 0.5870383105277563
miniFE.c 48 sum 0.7853697373571804
miniFE.c 48 sum 1.7019051889803154
miniFE.c 48 sum 3.2653843513967948
miniFE.c 48 sum 6.1520801380300325
miniFE.c 48 sum 6.5667438644668330
miniFE.c 83 rtrans 6.5667438644668330
miniFE.c 84 beta 0.0338646469979038
miniFE.c 40 y 0.0484667687524996
miniFE.c 40 y -0.4092236540844936
miniFE.c 40 y -0.6902026302797076
miniFE.c 40 y 0.4184632921303064
miniFE.c 40 y 1.2102609984244697
miniFE.c 40 y 1.3234192492102697
miniFE.c 40 y -1.5347169195001915
miniFE.c 40 y -0.6385999139046601
miniFE.c 87 normr 2.5625658751467899
miniFE.c 25 Ap 3.2518637940860198
miniFE.c 25 Ap -2.9223185480964813
miniFE.c 25 Ap -9.3544638728333265
miniFE.c 25 Ap -3.6146163109609004
miniFE.c 25 Ap 13.4057803168917680
miniFE.c 25 Ap 34.6551291499115450
miniFE.c 25 Ap 26.9865293129651249
miniFE.c 25 Ap 22.8943408328694886
miniFE.c 25 Ap 0.7312447968917747
miniFE.c 25 Ap -26.4561793278215482
miniFE.c 25 Ap -36.3895548767281909
miniFE.c 25 Ap -33.8939167997087978
miniFE.c 25 Ap -20.6613950447250332
miniFE.c 25 Ap -7.8874004218272216
miniFE.c 25 Ap -25.3791983873079019
miniFE.c 25 Ap -29.8199596058093448
miniFE.c 25 Ap 0.4516721414262876
miniFE.c 25 Ap -5.4378624114481209
miniFE.c 25 Ap -52.1466973312337885
miniFE.c 25 Ap -48.1243549362011578
miniFE.c 25 Ap -27.7941728376872028
miniFE.c 25 Ap -6.3869533224291359
miniFE.c 25 Ap -24.7297978612802538
miniFE.c 25 Ap -32.6172539599020723
miniFE.c 25 Ap 0.6647939489259727
miniFE.c 25 Ap -1.7757406268815952
miniFE.c 25 Ap -8.4100890945904432
miniFE.c 25 Ap 18.9581257829611332
miniFE.c 25 Ap 23.3974986744139102
miniFE.c 25 Ap 38.0687788950415467
miniFE.c 25 Ap 36.0732893106490522
miniFE.c 25 Ap 33.0584412363075657
miniFE.c 25 Ap 0.6816080403415897
miniFE.c 25 Ap -3.7926837961916813
miniFE.c 25 Ap -15.3868318161036601
miniFE.c 25 Ap -13.8518615926809776
miniFE.c 25 Ap 66.7046353913097505
miniFE.c 25 Ap 72.6457383487992416
miniFE.c 25 Ap 51.0788832828156814
miniFE.c 25 Ap 48.6526263631209801
miniFE.c 25 Ap 0.7782018257976339
miniFE.c 25 Ap -3.1717337369178842
miniFE.c 25 Ap -14.3362375215070479
miniFE.c 25 Ap -9.6971994959126064
miniFE.c 25 Ap -4.2640873499584879
miniFE.c 25 Ap 83.6946835335009496
miniFE.c 25 Ap 72.0120515449217322
miniFE.c 25 Ap 69.8241220288959852
miniFE.c 25 Ap 0.2421764236975897
miniFE.c 25 Ap -4.4219133436015587
miniFE.c 25 Ap -12.6711737685468080
miniFE.c 25 Ap -12.1270739868303430
miniFE.c 25 Ap 4.8803123352892648
miniFE.c 25 Ap 14.9544959574783984
miniFE.c 25 Ap -85.8122544864490635
miniFE.c 25 Ap -87.5202263563821674
miniFE.c 25 Ap 0.3105781075724486
miniFE.c 25 Ap -2.5351230790130193
miniFE.c 25 Ap -11.0599331000448355
miniFE.c 25 Ap -9.0843561809254805
miniFE.c 25 Ap -4.4861655796934530
miniFE.c 25 Ap 0.0480474296995741
miniFE.c 25 Ap -4.0566404503680999
miniFE.c 25 Ap -45.4840090131757151
miniFE.c 57 sum 1.1096147228875937
miniFE.c 57 sum 13.3126475574288889
miniFE.c 57 sum 35.8251620330545109
miniFE.c 57 sum 49.6589061854960505
miniFE.c 57 sum 108.5412823436995211
miniFE.c 57 sum 200.9478694959473160
miniFE.c 57 sum 335.2666416835736527
miniFE.c 57 sum 364.3127259234264557
miniFE.c 90 p_ap_dot 364.3127259234264557
miniFE.c 91 alpha 0.0180250191585321
miniFE.c 40 y 1.0019837717785252
miniFE.c 40 y 2.0000375598785709
miniFE.c 40 y 0.9978525862493302
miniFE.c 40 y 2.0024803741395623
miniFE.c 40 y 0.9984145189895681
miniFE.c 40 y 1.9997034842332244
miniFE.c 40 y 1.0025167634922774
miniFE.c 40 y 1.9973212560273985
miniFE.c 40 y -0.1160199372938793
miniFE.c 40 y -0.0061603690938199
miniFE.c 40 y 0.1368566872035701
miniFE.c 40 y -0.1505348699180187
miniFE.c 40 y 0.0803940581741646
miniFE.c 40 y -0.0081895336733044
miniFE.c 40 y -0.1214741377684154
miniFE.c 40 y 0.1759062493290801
miniFE.c 82 oldrtrans 6.5667438644668330
miniFE.c 48 sum 0.0134606258496757
miniFE.c 48 sum 0.0134985759970478
miniFE.c 48 sum 0.0322283288293836
miniFE.c 48 sum 0.0548890758906184
miniFE.c 48 sum 0.0613522804803294
miniFE.c 48 sum 0.0614193489421156
miniFE.c 48 sum 0.0761753150886955
miniFE.c 48 sum 0.1071183236417200
miniFE.c 83 rtrans 0.1071183236417200
miniFE.c 84 beta 0.0163122433054448
miniFE.c 40 y -0.1152293355697598
miniFE.c 40 y -0.0128357249055893
miniFE.c 40 y 0.1255979339683896
miniFE.c 40 y -0.1437087948823917
miniFE.c 40 y 0.1001361300435551
miniFE.c 40 y 0.0133984031149226
miniFE.c 40 y -0.1465088135642853
miniFE.c 40 y 0.1654892521586311
miniFE.c 87 normr 0.3272893576664540
miniFE.c 25 Ap -7.7312788535457209
miniFE.c 25 Ap -7.9249384948450459
miniFE.c 25 Ap -6.7544645958336886
miniFE.c 25 Ap -8.7256448437500662
miniFE.c 25 Ap -7.3173893911342329
miniFE.c 25 Ap -7.1022592713597898
miniFE.c 25 Ap -7.8343274785547594
miniFE.c 25 Ap -6.7738619248993652
miniFE.c 25 Ap -1.7385283618755298
miniFE.c 25 Ap -2.5912901547809577
miniFE.c 25 Ap -0.7836884570459142
miniFE.c 25 Ap -1.6407412673062398
miniFE.c 25 Ap -0.5458918745007255
miniFE.c 25 Ap -0.4165669236602639
miniFE.c 25 Ap -2.0863879404659853
miniFE.c 25 Ap -0.9355918989015761
miniFE.c 25 Ap -1.0738467220230681
miniFE.c 25 Ap -1.2585780897925627
miniFE.c 25 Ap 7.2411477973982894
miniFE.c 25 Ap 5.8597937119496359
miniFE.c 25 Ap 7.5418984489246821
miniFE.c 25 Ap 7.7586268642067049
miniFE.c 25 Ap 6.0075623150151802
miniFE.c 25 Ap 8.0515482015992994
miniFE.c 25 Ap -1.5805420290492549
miniFE.c 25 Ap -1.6570919306128071
miniFE.c 25 Ap -0.4498226096702023
miniFE.c 25 Ap -9.8486235370178665
miniFE.c 25 Ap -9.4813129967715408
miniFE.c 25 Ap -9.3327797736638516
miniFE.c 25 Ap -9.5232753678509834
miniFE.c 25 Ap -8.7419959747110259
miniFE.c 25 Ap -1.6205173901451160
miniFE.c 25 Ap -1.7608582003300701
miniFE.c 25 Ap 0.3489585020990518
miniFE.c 25 Ap -0.1781814529145878
miniFE.c 25 Ap 6.4870055343082944
miniFE.c 25 Ap 6.5471537393606267
miniFE.c 25 Ap 4.4883151953383376
miniFE.c 25 Ap 5.1170647996562071
miniFE.c 25 Ap -1.8501683036422916
miniFE.c 25 Ap -1.9740621347338647
miniFE.c 25 Ap 0.0575711097792746
miniFE.c 25 Ap -1.5355687823194826
miniFE.c 25 Ap -1.0860369663750447
miniFE.c 25 Ap -0.1955352825791026
miniFE.c 25 Ap -1.3107953870368843
miniFE.c 25 Ap -0.7438068680923726
miniFE.c 25 Ap -0.5757724129668685
miniFE.c 25 Ap -0.7220664323630817
miniFE.c 25 Ap 0.7790725385510724
miniFE.c 25 Ap 0.5922176210547556
miniFE.c 25 Ap 1.9993966102726204
miniFE.c 25 Ap 2.1013884570017556
miniFE.c 25 Ap -7.5181165257648033
miniFE.c 25 Ap -7.0755060879791714
miniFE.c 25 Ap -0.7383968417791619
miniFE.c 25 Ap -0.8276552148715894
miniFE.c 25 Ap 0.7236262192207645
miniFE.c 25 Ap 0.0451729747347367
miniFE.c 25 Ap 0.4256239787821572
miniFE.c 25 Ap 0.4715287166383026
miniFE.c 25 Ap 0.0796825437582483
miniFE.c 25 Ap 10.8153310978583548
miniFE.c 57 sum 0.7805476088474482
miniFE.c 57 sum 0.7925566090856468
miniFE.c 57 sum 1.8038144284534214
miniFE.c 57 sum 3.0601161348458623
miniFE.c 57 sum 3.5725192010655347
miniFE.c 57 sum 3.5625533768071849
miniFE.c 57 sum 4.5991773791238906
miniFE.c 57 sum 6.3889984343564565
miniFE.c 90 p_ap_dot 6.3889984343564565
miniFE.c 91 alpha 0.0167660588341512
miniFE.c 40 y 1.0000518299589425
miniFE.c 40 y 1.9998223553596248
miniFE.c 40 y 0.9999583685996920
miniFE.c 40 y 2.0000709440295790
miniFE.c 40 y 1.0000934072373027
miniFE.c 40 y 1.9999281226481329
miniFE.c 40 y 1.0000603881043368
miniFE.c 40 y 2.0000958585655098
miniFE.c 40 y -0.0024489697266001
miniFE.c 40 y 0.0095258197279191
miniFE.c 40 y 0.0018639563495523
miniFE.c 40 y -0.0039660510781010
miniFE.c 40 y -0.0053989513150353
miniFE.c 40 y 0.0042811760383780
miniFE.c 40 y -0.0028457864159619
miniFE.c 40 y -0.0054242281684378
miniFE.c 82 oldrtrans 0.1071183236417200
miniFE.c 48 sum 0.0000059974527218
miniFE.c 48 sum 0.0000967386942106
miniFE.c 48 sum 0.0001002130274837
miniFE.c 48 sum 0.0001159425886378
miniFE.c 48 sum 0.0001450912639399
miniFE.c 48 sum 0.0001634197322115
miniFE.c 48 sum 0.0001715182325367
miniFE.c 48 sum 0.0002009404837600
miniFE.c 83 rtrans 0.0002009404837600
miniFE.c 84 beta 0.0018758740515031
miniFE.c 40 y -0.0026651254471674
miniFE.c 40 y 0.0095017415246365
miniFE.c 40 y 0.0020995622548060
miniFE.c 40 y -0.0042356306773937
miniFE.c 40 y -0.0052111085470687
miniFE.c 40 y 0.0043063097551129
miniFE.c 40 y -0.0031206184976437
miniFE.c 40 y -0.0051137911745108
miniFE.c 87 normr 0.0141753477474103
miniFE.c 25 Ap -0.1788158189913163
miniFE.c 25 Ap -0.0354578186512867
miniFE.c 25 Ap -0.0158915507919893
miniFE.c 25 Ap -0.0739895366221526
miniFE.c 25 Ap -0.1472754926740838
miniFE.c 25 Ap -0.0781316607220898
miniFE.c 25 Ap -0.0937246174414277
miniFE.c 25 Ap -0.1264941134565367
miniFE.c 25 Ap -0.0402102134404103
miniFE.c 25 Ap 0.5910530925178403
miniFE.c 25 Ap 0.6212699295021407
miniFE.c 25 Ap 0.5960094074982095
miniFE.c 25 Ap 0.5390331789768938
miniFE.c 25 Ap 0.5805988262116379
miniFE.c 25 Ap 0.5450318577404092
miniFE.c 25 Ap 0.5094710550643964
miniFE.c 25 Ap -0.0248368717138731
miniFE.c 25 Ap 0.1119119072564498
miniFE.c 25 Ap 0.2539978722487941
miniFE.c 25 Ap 0.2132842489423178
miniFE.c 25 Ap 0.1257471095691195
miniFE.c 25 Ap 0.1954046412118010
miniFE.c 25 Ap 0.1581071961650739
miniFE.c 25 Ap 0.0949458920241917
miniFE.c 25 Ap -0.0365561665448170
miniFE.c 25 Ap 0.0201104715876746
miniFE.c 25 Ap 0.0402918314042645
miniFE.c 25 Ap -0.2367256578257387
miniFE.c 25 Ap -0.2558405876205440
miniFE.c 25 Ap -0.2081013113694359
miniFE.c 25 Ap -0.2121588425204826
miniFE.c 25 Ap -0.2363011938415008
miniFE.c 25 Ap -0.0374807518649483
miniFE.c 25 Ap 0.0664075842861981
miniFE.c 25 Ap 0.1016764089636352
miniFE.c 25 Ap 0.0861396412483194
miniFE.c 25 Ap -0.2607183096413418
miniFE.c 25 Ap -0.2413863937445209
miniFE.c 25 Ap -0.2852393844816179
miniFE.c 25 Ap -0.3046684056150013
miniFE.c 25 Ap -0.0427923202298985
miniFE.c 25 Ap 0.0489210164291387
miniFE.c 25 Ap 0.0828828845985816
miniFE.c 25 Ap 0.0359271488283701
miniFE.c 25 Ap 0.0125334038611095
miniFE.c 25 Ap 0.2987448318188090
miniFE.c 25 Ap 0.2749899379869246
miniFE.c 25 Ap 0.2574693990612421
miniFE.c 25 Ap -0.0133169709083845
miniFE.c 25 Ap 0.0949782729619228
miniFE.c 25 Ap 0.1200721150576289
miniFE.c 25 Ap 0.1145648082750693
miniFE.c 25 Ap 0.0413348716400190
miniFE.c 25 Ap 0.0741155307039696
miniFE.c 25 Ap -0.1307786627380168
miniFE.c 25 Ap -0.1444557887203428
miniFE.c 25 Ap -0.0170782917683518
miniFE.c 25 Ap 0.0489958876233011
miniFE.c 25 Ap 0.0749279379579933
miniFE.c 25 Ap 0.0549314069323589
miniFE.c 25 Ap 0.0351326442073561
miniFE.c 25 Ap 0.0498866427801897
miniFE.c 25 Ap 0.0415403707329873
miniFE.c 25 Ap -0.2902024108222868
miniFE.c 57 sum 0.0003371226806899
miniFE.c 57 sum 0.0051779849601956
miniFE.c 57 sum 0.0053773297713385
miniFE.c 57 sum 0.0063782143570783
miniFE.c 57 sum 0.0079658744896004
miniFE.c 57 sum 0.0090746174744209
miniFE.c 57 sum 0.0095254088807933
miniFE.c 57 sum 0.0110094434080781
miniFE.c 90 p_ap_dot 0.0110094434080781
miniFE.c 91 alpha 0.0182516478183241
miniFE.c 40 y 1.0000031870278892
miniFE.c 40 y 1.9999957777995931
miniFE.c 40 y 0.9999966890705394
miniFE.c 40 y 1.9999936367901667
miniFE.c 40 y 0.9999982959193585
miniFE.c 40 y 2.0000067198971800
miniFE.c 40 y 1.0000034316745425
miniFE.c 40 y 2.0000025234499761
miniFE.c 40 y -0.0001402437167003
miniFE.c 40 y 0.0002271334572538
miniFE.c 40 y 0.0001310373665301
miniFE.c 40 y 0.0003468350909436
miniFE.c 40 y 0.0001617491256200
miniFE.c 40 y -0.0004180647572833
miniFE.c 40 y -0.0002092302349200
miniFE.c 40 y -0.0001275559700808
