filename line variable value
miniFE.c 167 A 67.0947100000000063
miniFE.c 167 A 15.0874279296875002
miniFE.c 167 A 9.3192129999999995
miniFE.c 167 A 13.7164900000000003
miniFE.c 167 A 14.0634099999999993
miniFE.c 167 A 16.0564000000000000
miniFE.c 167 A 4.9967519999999999
miniFE.c 167 A 6.4080630000000003
miniFE.c 167 A 15.0875500000000002
miniFE.c 167 A 66.4365899999999954
miniFE.c 167 A 14.3919700000000006
miniFE.c 167 A 5.9638159999999996
miniFE.c 167 A 10.9336099999999998
miniFE.c 167 A 9.6522659999999991
miniFE.c 167 A 11.3974100000000007
miniFE.c 167 A 6.9539020000000002
miniFE.c 167 A 9.3192129999999995
miniFE.c 167 A 14.3919700000000006
miniFE.c 167 A 67.6740900000000067
miniFE.c 167 A 9.6121750000000006
miniFE.c 167 A 16.7981799999999986
miniFE.c 167 A 16.1756899999999995
miniFE.c 167 A 11.9519400000000005
miniFE.c 167 A 12.3511699999999998
miniFE.c 167 A 13.7164900000000003
miniFE.c 167 A 5.9638159999999996
miniFE.c 167 A 9.6121750000000006
miniFE.c 167 A 65.4017099999999942
miniFE.c 167 A 3.6681119999999998
miniFE.c 167 A 11.0858899999999991
miniFE.c 167 A 1.3002330000000000
miniFE.c 167 A 4.7210279999999996
miniFE.c 167 A 14.0634099999999993
miniFE.c 167 A 10.9336099999999998
miniFE.c 167 A 16.7981799999999986
miniFE.c 167 A 3.6681119999999998
miniFE.c 167 A 66.5612600000000043
miniFE.c 167 A 4.4892070000000004
miniFE.c 167 A 14.0526599999999995
miniFE.c 167 A 3.7993380000000001
miniFE.c 167 A 16.0564000000000000
miniFE.c 167 A 9.6522659999999991
miniFE.c 167 A 16.1756899999999995
miniFE.c 167 A 11.0858899999999991
miniFE.c 167 A 4.4892070000000004
miniFE.c 167 A 66.4632699999999943
miniFE.c 167 A 7.6122389999999998
miniFE.c 167 A 3.4261349999999999
miniFE.c 167 A 4.9967519999999999
miniFE.c 167 A 11.3974100000000007
miniFE.c 167 A 11.9519400000000005
miniFE.c 167 A 1.3002330000000000
miniFE.c 167 A 14.0526599999999995
miniFE.c 167 A 7.6122389999999998
miniFE.c 167 A 65.6581999999999937
miniFE.c 167 A 2.6745570000000001
miniFE.c 167 A 6.4080630000000003
miniFE.c 167 A 6.9539020000000002
miniFE.c 167 A 12.3511699999999998
miniFE.c 167 A 4.7210279999999996
miniFE.c 167 A 3.7993380000000001
miniFE.c 167 A 3.4261349999999999
miniFE.c 167 A 2.6745570000000001
miniFE.c 167 A 64.8721800000000002
miniFE.c 175 b 198.0110999999999990
miniFE.c 175 b 229.8237000000000023
miniFE.c 175 b 210.8053999999999917
miniFE.c 175 b 202.6418999999999926
miniFE.c 175 b 157.2561000000000035
miniFE.c 175 b 225.5886000000000138
miniFE.c 175 b 142.6283999999999992
miniFE.c 175 b 185.1795999999999935
miniFE.c 33 r 0.0000000000000000
miniFE.c 33 r 0.0000000000000000
miniFE.c 33 r 0.0000000000000000
miniFE.c 33 r 0.0000000000000000
miniFE.c 33 r 0.0000000000000000
miniFE.c 33 r 0.0000000000000000
miniFE.c 33 r 0.0000000000000000
miniFE.c 33 r 0.0000000000000000
miniFE.c 25 Ap 0.0000000000000000
miniFE.c 25 Ap 0.0000000000000000
miniFE.c 25 Ap 0.0000000000000000
miniFE.c 25 Ap 0.0000000000000000
miniFE.c 25 Ap 0.0000000000000000
miniFE.c 25 Ap 0.0000000000000000
miniFE.c 25 Ap 0.0000000000000000
miniFE.c 25 Ap 0.0000000000000000
miniFE.c 25 Ap 0.0000000000000000
miniFE.c 25 Ap 0.0000000000000000
miniFE.c 25 Ap 0.0000000000000000
miniFE.c 25 Ap 0.0000000000000000
miniFE.c 25 Ap 0.0000000000000000
miniFE.c 25 Ap 0.0000000000000000
miniFE.c 25 Ap 0.0000000000000000
miniFE.c 25 Ap 0.0000000000000000
miniFE.c 25 Ap 0.0000000000000000
miniFE.c 25 Ap 0.0000000000000000
miniFE.c 25 Ap 0.0000000000000000
miniFE.c 25 Ap 0.0000000000000000
miniFE.c 25 Ap 0.0000000000000000
miniFE.c 25 Ap 0.0000000000000000
miniFE.c 25 Ap 0.0000000000000000
miniFE.c 25 Ap 0.0000000000000000
miniFE.c 25 Ap 0.0000000000000000
miniFE.c 25 Ap 0.0000000000000000
miniFE.c 25 Ap 0.0000000000000000
miniFE.c 25 Ap 0.0000000000000000
miniFE.c 25 Ap 0.0000000000000000
miniFE.c 25 Ap 0.0000000000000000
miniFE.c 25 Ap 0.0000000000000000
miniFE.c 25 Ap 0.0000000000000000
miniFE.c 25 Ap 0.0000000000000000
miniFE.c 25 Ap 0.0000000000000000
miniFE.c 25 Ap 0.0000000000000000
miniFE.c 25 Ap 0.0000000000000000
miniFE.c 25 Ap 0.0000000000000000
miniFE.c 25 Ap 0.0000000000000000
miniFE.c 25 Ap 0.0000000000000000
miniFE.c 25 Ap 0.0000000000000000
miniFE.c 25 Ap 0.0000000000000000
miniFE.c 25 Ap 0.0000000000000000
miniFE.c 25 Ap 0.0000000000000000
miniFE.c 25 Ap 0.0000000000000000
miniFE.c 25 Ap 0.0000000000000000
miniFE.c 25 Ap 0.0000000000000000
miniFE.c 25 Ap 0.0000000000000000
miniFE.c 25 Ap 0.0000000000000000
miniFE.c 25 Ap 0.0000000000000000
miniFE.c 25 Ap 0.0000000000000000
miniFE.c 25 Ap 0.0000000000000000
miniFE.c 25 Ap 0.0000000000000000
miniFE.c 25 Ap 0.0000000000000000
miniFE.c 25 Ap 0.0000000000000000
miniFE.c 25 Ap 0.0000000000000000
miniFE.c 25 Ap 0.0000000000000000
miniFE.c 25 Ap 0.0000000000000000
miniFE.c 25 Ap 0.0000000000000000
miniFE.c 25 Ap 0.0000000000000000
miniFE.c 25 Ap 0.0000000000000000
miniFE.c 25 Ap 0.0000000000000000
miniFE.c 25 Ap 0.0000000000000000
miniFE.c 25 Ap 0.0000000000000000
miniFE.c 25 Ap 0.0000000000000000
miniFE.c 33 r 198.0110999999999990
miniFE.c 33 r 229.8237000000000023
miniFE.c 33 r 210.8053999999999917
miniFE.c 33 r 202.6418999999999926
miniFE.c 33 r 157.2561000000000035
miniFE.c 33 r 225.5886000000000138
miniFE.c 33 r 142.6283999999999992
miniFE.c 33 r 185.1795999999999935
miniFE.c 48 sum 39208.3957232100001420
miniFE.c 48 sum 92027.3288048999966122
miniFE.c 48 sum 136466.2454740600078367
miniFE.c 48 sum 177529.9851096700003836
miniFE.c 48 sum 202259.4660968800017145
miniFE.c 48 sum 253149.6825468399911188
miniFE.c 48 sum 273492.5430333999684080
miniFE.c 48 sum 307784.0272895599482581
miniFE.c 75 rtrans 307784.0272895599482581
miniFE.c 76 normr 554.7828649927464539
miniFE.c 33 r 198.0110999999999990
miniFE.c 33 r 229.8237000000000023
miniFE.c 33 r 210.8053999999999917
miniFE.c 33 r 202.6418999999999926
miniFE.c 33 r 157.2561000000000035
miniFE.c 33 r 225.5886000000000138
miniFE.c 33 r 142.6283999999999992
miniFE.c 33 r 185.1795999999999935
miniFE.c 87 normr 554.7828649927464539
miniFE.c 25 Ap 13285.4973312810016068
miniFE.c 25 Ap 16752.9458415651242831
miniFE.c 25 Ap 18717.4862657153244072
miniFE.c 25 Ap 21497.0218606463240576
miniFE.c 25 Ap 23708.5788699473232555
miniFE.c 25 Ap 27330.7196669873228529
miniFE.c 25 Ap 28043.3984099441222497
miniFE.c 25 Ap 29230.0409530589240603
miniFE.c 25 Ap 2987.5023718050001662
miniFE.c 25 Ap 18256.2053009880000900
miniFE.c 25 Ap 21290.1102936259994749
miniFE.c 25 Ap 22498.6292991164009436
miniFE.c 25 Ap 24218.0061666374022025
miniFE.c 25 Ap 26395.4473404050004319
miniFE.c 25 Ap 28021.0416928490012651
miniFE.c 25 Ap 29308.7624836482027604
miniFE.c 25 Ap 1845.3076172643000064
miniFE.c 25 Ap 5152.9234129532997031
miniFE.c 25 Ap 19418.9870250392996240
miniFE.c 25 Ap 21366.8164301717988565
miniFE.c 25 Ap 24008.4327040697971825
miniFE.c 25 Ap 27657.4839652037990163
miniFE.c 25 Ap 29362.1700442997971550
miniFE.c 25 Ap 31649.3547644317950471
miniFE.c 25 Ap 2716.0172730389999742
miniFE.c 25 Ap 4086.6435322781999275
miniFE.c 25 Ap 6112.9419280231995799
miniFE.c 25 Ap 19366.0687056721981207
miniFE.c 25 Ap 19942.9016931553996983
miniFE.c 25 Ap 22443.7520980093977414
miniFE.c 25 Ap 22629.2022504265987664
miniFE.c 25 Ap 23503.4403270553993934
miniFE.c 25 Ap 2784.7112838509997346
miniFE.c 25 Ap 5297.5139884079999320
miniFE.c 25 Ap 8838.6610425799990480
miniFE.c 25 Ap 9581.9742276727993158
miniFE.c 25 Ap 20049.1383863587980159
miniFE.c 25 Ap 21061.8523085989982064
miniFE.c 25 Ap 23066.1607201429978886
miniFE.c 25 Ap 23769.7206112477979332
miniFE.c 25 Ap 3179.3454260399998930
miniFE.c 25 Ap 5397.6649115441996400
miniFE.c 25 Ap 8807.5877122702004272
miniFE.c 25 Ap 11054.0535250612010714
miniFE.c 25 Ap 11760.0087099739012046
miniFE.c 25 Ap 26753.3647406958989450
miniFE.c 25 Ap 27839.0862096834971453
miniFE.c 25 Ap 28473.5365185294976982
miniFE.c 25 Ap 989.4123599472000024
miniFE.c 25 Ap 3608.8072965641999872
miniFE.c 25 Ap 6128.3407890401995246
miniFE.c 25 Ap 6391.8224746028990921
miniFE.c 25 Ap 8601.6889808288997301
miniFE.c 25 Ap 10318.9233197042995016
miniFE.c 25 Ap 19683.6473325842962367
miniFE.c 25 Ap 20178.9207280214977800
miniFE.c 25 Ap 1268.8676034993000030
miniFE.c 25 Ap 2867.0390905766998912
miniFE.c 25 Ap 5470.7324228946999938
miniFE.c 25 Ap 6427.4105067679001877
miniFE.c 25 Ap 7024.8795832297000743
miniFE.c 25 Ap 7797.7765812907000509
miniFE.c 25 Ap 8179.2443669095000587
miniFE.c 25 Ap 20192.2487104374995397
miniFE.c 57 sum 5787872.5621602460741997
miniFE.c 57 sum 12523720.7985734660178423
miniFE.c 57 sum 19195575.6894314140081406
miniFE.c 57 sum 23958357.4938425421714783
miniFE.c 57 sum 27696291.0552569851279259
miniFE.c 57 sum 34119596.2955209314823151
miniFE.c 57 sum 36997683.4726854711771011
miniFE.c 57 sum 40736876.0119848027825356
miniFE.c 90 p_ap_dot 40736876.0119848027825356
miniFE.c 91 alpha 0.0075554155698883
miniFE.c 40 y 1.4960561479507128
miniFE.c 40 y 1.7364135613093421
miniFE.c 40 y 1.5927224013765351
miniFE.c 40 y 1.5310437663717518
miniFE.c 40 y 1.1881351863999146
miniFE.c 40 y 1.7044156208293082
miniFE.c 40 y 1.0776168340682590
miniFE.c 40 y 1.3991088330656909
miniFE.c 40 y -22.8340065252145905
miniFE.c 40 y 8.3838195968857292
miniFE.c 40 y -28.3186277641070490
miniFE.c 40 y 25.0636410070246143
miniFE.c 40 y -22.3340171981168965
miniFE.c 40 y 10.4591988581186115
miniFE.c 40 y -9.8317318520357730
miniFE.c 40 y 32.6187697021031795
miniFE.c 82 oldrtrans 307784.0272895599482581
miniFE.c 48 sum 521.3918539935425542
miniFE.c 48 sum 591.6802850266677751
miniFE.c 48 sum 1393.6249634687223988
miniFE.c 48 sum 2021.8110639977280698
miniFE.c 48 sum 2520.6193882035095157
miniFE.c 48 sum 2630.0142289571790570
miniFE.c 48 sum 2726.6771801675140523
miniFE.c 48 sum 3790.6613170463583629
miniFE.c 83 rtrans 3790.6613170463583629
miniFE.c 84 beta 0.0123159780266315
miniFE.c 40 y -20.3953061685854671
miniFE.c 40 y 11.2143232360848693
miniFE.c 40 y -25.7223530898117936
miniFE.c 40 y 27.5593741946994655
miniFE.c 40 y -20.3972545259631381
miniFE.c 40 y 13.2375430987771665
miniFE.c 40 y -8.0751236116621712
miniFE.c 40 y 34.8994375866835824
miniFE.c 87 normr 61.5683467136024234
miniFE.c 25 Ap -1368.4171527424532542
miniFE.c 25 Ap -1199.2218591378027668
miniFE.c 25 Ap -1438.9339464429669988
miniFE.c 25 Ap -1060.9160658951136611
miniFE.c 25 Ap -1347.7710191680889693
miniFE.c 25 Ap -1135.2237321568832158
miniFE.c 25 Ap -1175.5731222137033001
miniFE.c 25 Ap -951.9353274936669322
miniFE.c 25 Ap -307.7152015838416901
miniFE.c 25 Ap 437.3261933794019569
miniFE.c 25 Ap 67.1308593814233063
miniFE.c 25 Ap 231.4898961537590765
miniFE.c 25 Ap 8.4742700961432433
miniFE.c 25 Ap 136.2465572720047362
miniFE.c 25 Ap 44.2110626692101789
miniFE.c 25 Ap 286.8983315021243357
miniFE.c 25 Ap -190.0682023852618556
miniFE.c 25 Ap -28.6719988012254987
miniFE.c 25 Ap -1769.4088368129271203
miniFE.c 25 Ap -1504.5033091629918545
miniFE.c 25 Ap -1847.1400621959353430
miniFE.c 25 Ap -1633.0136686684766119
miniFE.c 25 Ap -1729.5270615676461148
miniFE.c 25 Ap -1298.4781750301274315
miniFE.c 25 Ap -279.7520131083408614
miniFE.c 25 Ap -212.8718527638061460
miniFE.c 25 Ap -460.1196120748678595
miniFE.c 25 Ap 1342.3105867883500650
miniFE.c 25 Ap 1267.4911726946104409
miniFE.c 25 Ap 1414.2411193579132487
miniFE.c 25 Ap 1403.7415771589508040
miniFE.c 25 Ap 1568.5027991899364679
miniFE.c 25 Ap -286.8275527243465035
miniFE.c 25 Ap -164.2145160470566339
miniFE.c 25 Ap -596.3032332732711893
miniFE.c 25 Ap -495.2123620772037498
miniFE.c 25 Ap -1852.8793238660130100
miniFE.c 25 Ap -1793.4532527241808566
miniFE.c 25 Ap -1906.9302192968414147
miniFE.c 25 Ap -1774.3354598951261778
miniFE.c 25 Ap -327.4751939652757073
miniFE.c 25 Ap -219.2315630806037632
miniFE.c 25 Ap -635.3083727319415175
miniFE.c 25 Ap -329.7881819406646855
miniFE.c 25 Ap -421.3556797394001023
miniFE.c 25 Ap 458.4547213712633038
miniFE.c 25 Ap 396.9849504847476851
miniFE.c 25 Ap 516.5551350807998006
miniFE.c 25 Ap -101.9102868884917683
miniFE.c 25 Ap 25.9039529056942825
miniFE.c 25 Ap -281.5280678825508858
miniFE.c 25 Ap -245.6944600952542146
miniFE.c 25 Ap -532.3301428820752790
miniFE.c 25 Ap -431.5628010413828974
miniFE.c 25 Ap -961.7608821606199854
miniFE.c 25 Ap -868.4203470670922798
miniFE.c 25 Ap -130.6944068325842920
miniFE.c 25 Ap -52.7111020525272380
miniFE.c 25 Ap -370.4122578648179456
miniFE.c 25 Ap -240.3036806291643188
miniFE.c 25 Ap -317.7997448453280640
miniFE.c 25 Ap -272.4461351205991377
miniFE.c 25 Ap -294.0435135020354664
miniFE.c 25 Ap 1969.9590835200676793
miniFE.c 57 sum 19415.0124569260115095
miniFE.c 57 sum 22632.3830822842646739
miniFE.c 57 sum 56032.2971798236394534
miniFE.c 57 sum 99259.2527481326542329
miniFE.c 57 sum 135450.8247380554093979
miniFE.c 57 sum 142288.7456015821662731
miniFE.c 57 sum 149301.3472510314895771
miniFE.c 57 sum 218051.8113346604804974
miniFE.c 90 p_ap_dot 218051.8113346604804974
miniFE.c 91 alpha 0.0173842230149079
miniFE.c 40 y 1.1414995970586965
miniFE.c 40 y 1.9313658574067050
miniFE.c 40 y 1.1455592787950417
miniFE.c 40 y 2.0101420735237050
miniFE.c 40 y 0.8335447648287320
miniFE.c 40 y 1.9345400222279054
miniFE.c 40 y 0.9372370843301754
miniFE.c 40 y 2.0058084391674571
miniFE.c 40 y -6.2853504962953046
miniFE.c 40 y 3.3963150194478251
miniFE.c 40 y -5.7455935893927084
miniFE.c 40 y -2.2035614536005319
miniFE.c 40 y 8.5114261399591342
miniFE.c 40 y 1.4792891903781165
miniFE.c 40 y 5.2650811320622708
miniFE.c 40 y -1.6274383360532383
miniFE.c 82 oldrtrans 3790.6613170463583629
miniFE.c 48 sum 39.5056308612796343
miniFE.c 48 sum 51.0405865726065144
miniFE.c 48 sum 84.0524322670771085
miniFE.c 48 sum 88.9081153468711989
miniFE.c 48 sum 161.3524902828508516
miniFE.c 48 sum 163.5407867916204054
miniFE.c 48 sum 191.2618661188185172
miniFE.c 48 sum 193.9104216564742558
miniFE.c 83 rtrans 193.9104216564742558
miniFE.c 84 beta 0.0511547736497776
miniFE.c 40 y -7.3286677668672064
miniFE.c 40 y 3.9699811862251879
miniFE.c 40 y -7.0614147394416875
miniFE.c 40 y -0.7937679047411592
miniFE.c 40 y 7.4680092016065887
miniFE.c 40 y 2.1564527112752376
miniFE.c 40 y 4.8520000115137183
miniFE.c 40 y 0.1578344941981005
miniFE.c 87 normr 13.9251722307652006
miniFE.c 25 Ap -491.7148385043028611
miniFE.c 25 Ap -431.8180334749150688
miniFE.c 25 Ap -497.6248615131116821
miniFE.c 25 Ap -508.5125710408147484
miniFE.c 25 Ap -403.4868957548486605
miniFE.c 25 Ap -368.8620284415289348
miniFE.c 25 Ap -344.6177876799977184
miniFE.c 25 Ap -343.6063742976031676
miniFE.c 25 Ap -110.5716413659973227
miniFE.c 25 Ap 153.1803710109591066
miniFE.c 25 Ap 51.5527019233565227
miniFE.c 25 Ap 46.8188161927747188
miniFE.c 25 Ap 128.4711162795525183
miniFE.c 25 Ap 149.2857714652023162
miniFE.c 25 Ap 204.5860049164288910
miniFE.c 25 Ap 205.6835705213020447
miniFE.c 25 Ap -68.2974159256698385
miniFE.c 25 Ap -11.1615657929525156
miniFE.c 25 Ap -489.0363823972558635
miniFE.c 25 Ap -496.6662184070112289
miniFE.c 25 Ap -371.2172555967674725
miniFE.c 25 Ap -336.3351450395197162
miniFE.c 25 Ap -278.3443320219084285
miniFE.c 25 Ap -276.3948913522036719
miniFE.c 25 Ap -100.5235981375563767
miniFE.c 25 Ap -76.8473608194476299
miniFE.c 25 Ap -144.7229150425405351
miniFE.c 25 Ap -196.6366933557294487
miniFE.c 25 Ap -169.2431991872059029
miniFE.c 25 Ap -145.3370016398068572
miniFE.c 25 Ap -139.0282711088363499
miniFE.c 25 Ap -138.2831300423612788
miniFE.c 25 Ap -103.0660595592379281
miniFE.c 25 Ap -59.6598335617143505
miniFE.c 25 Ap -178.2787494095089187
miniFE.c 25 Ap -181.1903789861048324
miniFE.c 25 Ap 315.8897231644237991
miniFE.c 25 Ap 325.5704857710495617
miniFE.c 25 Ap 393.7539922528479224
miniFE.c 25 Ap 394.3536588443655546
miniFE.c 25 Ap -117.6720211319266127
miniFE.c 25 Ap -79.3527067074855665
miniFE.c 25 Ap -193.5759624941250649
miniFE.c 25 Ap -202.3755861716160211
miniFE.c 25 Ap -168.8501469876993042
miniFE.c 25 Ap -25.5252481959811632
miniFE.c 25 Ap 11.4093355196640118
miniFE.c 25 Ap 11.9500978044434198
miniFE.c 25 Ap -36.6195353214292467
miniFE.c 25 Ap 8.6279679502655782
miniFE.c 25 Ap -75.7696373306571047
miniFE.c 25 Ap -76.8017205547424169
miniFE.c 25 Ap 28.1436736323064167
miniFE.c 25 Ap 44.5591070627315204
miniFE.c 25 Ap 363.1326942187014879
miniFE.c 25 Ap 363.5548315700004878
miniFE.c 25 Ap -46.9625647561543715
miniFE.c 25 Ap -19.3557046453006656
miniFE.c 25 Ap -106.5724385326506507
miniFE.c 25 Ap -110.3198390364349990
miniFE.c 25 Ap -81.9463478924214286
miniFE.c 25 Ap -74.5580497824764450
miniFE.c 25 Ap -61.5810991876823479
miniFE.c 25 Ap -51.3420314698542199
miniFE.c 57 sum 2518.1769598049527303
miniFE.c 57 sum 3334.7368650901435103
miniFE.c 57 sum 5286.4758247909785496
miniFE.c 57 sum 5396.2405351857532878
miniFE.c 57 sum 8341.2772881227010657
miniFE.c 57 sum 8367.0471089330967516
miniFE.c 57 sum 10131.0151558966063021
miniFE.c 57 sum 10122.9116123284584319
miniFE.c 90 p_ap_dot 10122.9116123284584319
miniFE.c 91 alpha 0.0191555976267061
miniFE.c 40 y 1.0011145861767778
miniFE.c 40 y 2.0074132195956280
miniFE.c 40 y 1.0102936593710052
miniFE.c 40 y 1.9949369749314898
miniFE.c 40 y 0.9765989441672461
miniFE.c 40 y 1.9758481626661133
miniFE.c 40 y 1.0301800442355054
miniFE.c 40 y 2.0088318532299305
miniFE.c 40 y 0.2966349517209377
miniFE.c 40 y -0.5436766958824575
miniFE.c 40 y -0.4510842645727555
miniFE.c 40 y 0.4453345440524097
miniFE.c 40 y 0.9573461285171536
miniFE.c 40 y 1.2503779252364147
miniFE.c 40 y -1.6990289367375526
miniFE.c 40 y -0.6439510398790308
miniFE.c 82 oldrtrans 193.9104216564742558
miniFE.c 48 sum 0.0879922945824830
miniFE.c 48 sum 0.3835766442281492
miniFE.c 48 sum 0.5870536579732929
miniFE.c 48 sum 0.7853765140996605
miniFE.c 48 sum 1.7018881238864427
miniFE.c 48 sum 3.2653330798049636
miniFE.c 48 sum 6.1520324076765025
miniFE.c 48 sum 6.5667053494377878
miniFE.c 83 rtrans 6.5667053494377878
miniFE.c 84 beta 0.0338646334392030
miniFE.c 40 y 0.0484523041982775
miniFE.c 40 y -0.4092347382504093
miniFE.c 40 y -0.6902164862861333
miniFE.c 40 y 0.4184538849225461
miniFE.c 40 y 1.2102475226501557
miniFE.c 40 y 1.3234054058327260
miniFE.c 40 y -1.5347177349006320
miniFE.c 40 y -0.6386060325889501
miniFE.c 87 normr 2.5625583602013413
miniFE.c 25 Ap 3.2508932990152104
miniFE.c 25 Ap -2.9234063206623686
miniFE.c 25 Ap -9.3556807724744235
miniFE.c 25 Ap -3.6159622444731685
miniFE.c 25 Ap 13.4042448680402568
miniFE.c 25 Ap 34.6533714262528392
miniFE.c 25 Ap 26.9847675149526367
miniFE.c 25 Ap 22.8925398259425918
miniFE.c 25 Ap 0.7310265622067214
miniFE.c 25 Ap -26.4571339566930348
miniFE.c 25 Ap -36.3907089208284731
miniFE.c 25 Ap -33.8951269466652363
miniFE.c 25 Ap -20.6627525305422672
miniFE.c 25 Ap -7.8888915276068445
miniFE.c 25 Ap -25.3806987865406590
miniFE.c 25 Ap -29.8215025537730227
miniFE.c 25 Ap 0.4515373431645420
miniFE.c 25 Ap -5.4381567326932014
miniFE.c 25 Ap -52.1479293451047567
miniFE.c 25 Ap -48.1256773737993839
miniFE.c 25 Ap -27.7957216437679939
miniFE.c 25 Ap -6.3887260546936275
miniFE.c 25 Ap -24.7315803391618871
miniFE.c 25 Ap -32.6191120106935486
miniFE.c 25 Ap 0.6645955460126310
miniFE.c 25 Ap -1.7760051337209717
miniFE.c 25 Ap -8.4104867877883862
miniFE.c 25 Ap 18.9571128422893480
miniFE.c 25 Ap 23.3964363030926563
miniFE.c 25 Ap 38.0675630575596102
miniFE.c 25 Ap 36.0720724129565582
miniFE.c 25 Ap 33.0571954521352112
miniFE.c 25 Ap 0.6814046193850974
miniFE.c 25 Ap -3.7930084070969601
miniFE.c 25 Ap -15.3873891826989571
miniFE.c 25 Ap -13.8524534659679475
miniFE.c 25 Ap 66.7031465535049506
miniFE.c 25 Ap 72.6441873652070598
miniFE.c 25 Ap 51.0773208406783468
miniFE.c 25 Ap 48.6510406740339079
miniFE.c 25 Ap 0.7779695771292225
miniFE.c 25 Ap -3.1720729729041022
miniFE.c 25 Ap -14.3368008879578461
miniFE.c 25 Ap -9.6978671496338418
miniFE.c 25 Ap -4.2648154992201039
miniFE.c 25 Ap 83.6930353080999367
miniFE.c 25 Ap 72.0103971124976852
miniFE.c 25 Ap 69.8224466330335360
miniFE.c 25 Ap 0.2421041479073514
miniFE.c 25 Ap -4.4221119501752462
miniFE.c 25 Ap -12.6715379812779343
miniFE.c 25 Ap -12.1274504311234370
miniFE.c 25 Ap 4.8797465205214987
miniFE.c 25 Ap 14.9538247636122037
miniFE.c 25 Ap -85.8129792180404678
miniFE.c 25 Ap -87.5209674527434771
miniFE.c 25 Ap 0.3104854177977266
miniFE.c 25 Ap -2.5352928469912714
miniFE.c 25 Ap -11.0602740059139730
miniFE.c 25 Ap -9.0847414984858545
miniFE.c 25 Ap -4.4866020962752575
miniFE.c 25 Ap 0.0475634838374495
miniFE.c 25 Ap -4.0571265770651799
miniFE.c 25 Ap -45.4848920722614167
miniFE.c 57 sum 1.1091963035177526
miniFE.c 57 sum 13.3131910953449673
miniFE.c 57 sum 35.8274399731396755
miniFE.c 57 sum 49.6603518347295818
miniFE.c 57 sum 108.5401532848310779
miniFE.c 57 sum 200.9435566074546955
miniFE.c 57 sum 335.2635375328410987
miniFE.c 57 sum 364.3104640018445366
miniFE.c 90 p_ap_dot 364.3104640018445366
miniFE.c 91 alpha 0.0180250253514665
miniFE.c 40 y 1.0019879401882887
miniFE.c 40 y 2.0000367530639638
miniFE.c 40 y 0.9978524897076976
miniFE.c 40 y 2.0024796168156382
miniFE.c 40 y 0.9984136864445647
miniFE.c 40 y 1.9997025786565161
miniFE.c 40 y 1.0025167181565762
miniFE.c 40 y 1.9973209633029152
miniFE.c 40 y -0.1160036590011350
miniFE.c 40 y -0.0061433563318745
miniFE.c 40 y 0.1368760563623225
miniFE.c 40 y -0.1505222420207121
miniFE.c 40 y 0.0804098869924624
miniFE.c 40 y -0.0081734454254345
miniFE.c 40 y -0.1214612796169732
miniFE.c 40 y 0.1759152928322009
miniFE.c 82 oldrtrans 6.5667053494377878
miniFE.c 48 sum 0.0134568489016516
miniFE.c 48 sum 0.0134945897286720
miniFE.c 48 sum 0.0322296445339737
miniFE.c 48 sum 0.0548865898769155
miniFE.c 48 sum 0.0613523398030561
miniFE.c 48 sum 0.0614191450131786
miniFE.c 48 sum 0.0761719874593712
miniFE.c 48 sum 0.1071181777116102
miniFE.c 83 rtrans 0.1071181777116102
miniFE.c 84 beta 0.0163123167572581
miniFE.c 40 y -0.1152132896674337
miniFE.c 40 y -0.0128189230102887
miniFE.c 40 y 0.1256170264069414
miniFE.c 40 y -0.1436962897015503
miniFE.c 40 y 0.1001518279366186
miniFE.c 40 y 0.0134143627527766
miniFE.c 40 y -0.1464960814416539
miniFE.c 40 y 0.1654981489455140
miniFE.c 87 normr 0.3272891347289276
miniFE.c 25 Ap -7.7302022583824606
miniFE.c 25 Ap -7.9236068354364049
miniFE.c 25 Ap -6.7529550099234932
miniFE.c 25 Ap -8.7239637306519100
miniFE.c 25 Ap -7.3154875121297884
miniFE.c 25 Ap -7.1001011380261065
miniFE.c 25 Ap -7.8321057259618536
miniFE.c 25 Ap -6.7715831611356165
miniFE.c 25 Ap -1.7382862685218892
miniFE.c 25 Ap -2.5899318007980070
miniFE.c 25 Ap -0.7820553252600986
miniFE.c 25 Ap -1.6390335569228394
miniFE.c 25 Ap -0.5440125294767468
miniFE.c 25 Ap -0.4145335319664553
miniFE.c 25 Ap -2.0842094355503757
miniFE.c 25 Ap -0.9333515266018677
miniFE.c 25 Ap -1.0736971868415137
miniFE.c 25 Ap -1.2581867422378987
miniFE.c 25 Ap 7.2428312083578303
miniFE.c 25 Ap 5.8615973248958309
miniFE.c 25 Ap 7.5439657579041786
miniFE.c 25 Ap 7.7609523313406390
miniFE.c 25 Ap 6.0100399557148787
miniFE.c 25 Ap 8.0541357280262424
miniFE.c 25 Ap -1.5803219355904576
miniFE.c 25 Ap -1.6567716337419858
miniFE.c 25 Ap -0.4493187929388438
miniFE.c 25 Ap -9.8473018600756212
miniFE.c 25 Ap -9.4799337381993745
miniFE.c 25 Ap -9.3312235883019969
miniFE.c 25 Ap -9.5217026277631227
miniFE.c 25 Ap -8.7403812326431805
miniFE.c 25 Ap -1.6202917300418835
miniFE.c 25 Ap -1.7604488348564065
miniFE.c 25 Ap 0.3496885857921481
miniFE.c 25 Ap -0.1774054988175849
miniFE.c 25 Ap 6.4888263599469509
miniFE.c 25 Ap 6.5490462111172549
miniFE.c 25 Ap 4.4903865872853830
miniFE.c 25 Ap 5.1191699935037347
miniFE.c 25 Ap -1.8499106642161822
miniFE.c 25 Ap -1.9736423189450099
miniFE.c 25 Ap 0.0582997589354877
miniFE.c 25 Ap -1.5347015021040316
miniFE.c 25 Ap -1.0850992150681678
miniFE.c 25 Ap -0.1935368015524364
miniFE.c 25 Ap -1.3086999860497701
miniFE.c 25 Ap -0.7416809855123314
miniFE.c 25 Ap -0.5756922355723286
miniFE.c 25 Ap -0.7217947568790235
miniFE.c 25 Ap 0.7795724057151556
miniFE.c 25 Ap 0.5927337478676398
miniFE.c 25 Ap 2.0001333342394427
miniFE.c 25 Ap 2.1022466695462758
miniFE.c 25 Ap -7.5164223449661218
miniFE.c 25 Ap -7.0737881122168549
miniFE.c 25 Ap -0.7382940186261642
miniFE.c 25 Ap -0.8274355529852570
miniFE.c 25 Ap 0.7240816950613652
miniFE.c 25 Ap 0.0456874878842347
miniFE.c 25 Ap 0.4261981335332914
miniFE.c 25 Ap 0.4721575512632755
miniFE.c 25 Ap 0.0803454311709300
miniFE.c 25 Ap 10.8165711392311259
miniFE.c 57 sum 0.7801763722510341
miniFE.c 57 sum 0.7921409336120789
miniFE.c 57 sum 1.8038775140446415
miniFE.c 57 sum 3.0598378677525293
miniFE.c 57 sum 3.5725321001202164
miniFE.c 57 sum 3.5625829223337173
miniFE.c 57 sum 4.5988651617220411
miniFE.c 57 sum 6.3889876632022622
miniFE.c 90 p_ap_dot 6.3889876632022622
miniFE.c 91 alpha 0.0167660642590630
miniFE.c 40 y 1.0000562667702264
miniFE.c 40 y 1.9998218301770414
miniFE.c 40 y 0.9999585928444688
miniFE.c 40 y 2.0000703955887129
miniFE.c 40 y 1.0000928384274128
miniFE.c 40 y 1.9999274847244235
miniFE.c 40 y 1.0000605554414244
miniFE.c 40 y 2.0000957159028916
miniFE.c 40 y -0.0024708605859460
miniFE.c 40 y 0.0095052753394270
miniFE.c 40 y 0.0018398991950190
miniFE.c 40 y -0.0039804486255079
miniFE.c 40 y -0.0054184460716885
miniFE.c 40 y 0.0042616256373904
miniFE.c 40 y -0.0028616935725491
miniFE.c 40 y -0.0054360339508749
miniFE.c 82 oldrtrans 0.1071181777116102
miniFE.c 48 sum 0.0000061051520352
miniFE.c 48 sum 0.0000964554113135
miniFE.c 48 sum 0.0000998406403613
miniFE.c 48 sum 0.0001156846116216
miniFE.c 48 sum 0.0001450441694534
miniFE.c 48 sum 0.0001632056225267
miniFE.c 48 sum 0.0001713949126299
miniFE.c 48 sum 0.0002009453777449
miniFE.c 83 rtrans 0.0002009453777449
miniFE.c 84 beta 0.0018759222947755
miniFE.c 40 y -0.0026869917646876
miniFE.c 40 y 0.0094812280359570
miniFE.c 40 y 0.0020755469754592
miniFE.c 40 y -0.0042500116990355
miniFE.c 40 y -0.0052305690247997
miniFE.c 40 y 0.0042867899395486
miniFE.c 40 y -0.0031365088378228
miniFE.c 40 y -0.0051255722835240
miniFE.c 87 normr 0.0141755203694586
miniFE.c 25 Ap -0.1802829332241019
miniFE.c 25 Ap -0.0372355885466676
miniFE.c 25 Ap -0.0178931241908579
miniFE.c 25 Ap -0.0761883671605617
miniFE.c 25 Ap -0.1497480038896200
miniFE.c 25 Ap -0.0809175899042523
miniFE.c 25 Ap -0.0965899467126610
miniFE.c 25 Ap -0.1294349368165364
miniFE.c 25 Ap -0.0405401225993122
miniFE.c 25 Ap 0.5893603371220703
miniFE.c 25 Ap 0.6192315469264693
miniFE.c 25 Ap 0.5938852591555741
miniFE.c 25 Ap 0.5366962573603339
miniFE.c 25 Ap 0.5780734941429806
miniFE.c 25 Ap 0.5423254169496908
miniFE.c 25 Ap 0.5066826895961489
miniFE.c 25 Ap -0.0250406485843695
miniFE.c 25 Ap 0.1114129008722830
miniFE.c 25 Ap 0.2518736536887343
miniFE.c 25 Ap 0.2110217974855575
miniFE.c 25 Ap 0.1231577575045477
miniFE.c 25 Ap 0.1924995426618042
miniFE.c 25 Ap 0.1550121772226766
miniFE.c 25 Ap 0.0917053626015838
miniFE.c 25 Ap -0.0368560956704196
miniFE.c 25 Ap 0.0196882037900695
miniFE.c 25 Ap 0.0396387245389037
miniFE.c 25 Ap -0.2383193080980249
miniFE.c 25 Ap -0.2575056211047210
miniFE.c 25 Ap -0.2099827393817789
miniFE.c 25 Ap -0.2140609316775077
miniFE.c 25 Ap -0.2382589019440483
miniFE.c 25 Ap -0.0377882668534251
miniFE.c 25 Ap 0.0658757828127951
miniFE.c 25 Ap 0.1007411945050137
miniFE.c 25 Ap 0.0851516755916411
miniFE.c 25 Ap -0.2630015892159981
miniFE.c 25 Ap -0.2437573018118471
miniFE.c 25 Ap -0.2878335940967658
miniFE.c 25 Ap -0.3073073756453052
miniFE.c 25 Ap -0.0431434145705298
miniFE.c 25 Ap 0.0483719204391850
miniFE.c 25 Ap 0.0819453248946501
miniFE.c 25 Ap 0.0348301627004292
miniFE.c 25 Ap 0.0113490556203152
miniFE.c 25 Ap 0.2962631328058156
miniFE.c 25 Ap 0.2723872779066963
miniFE.c 25 Ap 0.2548263753110849
miniFE.c 25 Ap -0.0134262314741862
miniFE.c 25 Ap 0.0946352117551108
miniFE.c 25 Ap 0.1194420246729802
miniFE.c 25 Ap 0.1139160192115081
miniFE.c 25 Ap 0.0404126110994664
miniFE.c 25 Ap 0.0730446806621057
miniFE.c 25 Ap -0.1328928439134299
miniFE.c 25 Ap -0.1466014791433349
miniFE.c 25 Ap -0.0172184125085992
miniFE.c 25 Ap 0.0487131180930984
miniFE.c 25 Ap 0.0743485516299804
miniFE.c 25 Ap 0.0542841273985061
miniFE.c 25 Ap 0.0344114277409617
miniFE.c 25 Ap 0.0490985487904969
miniFE.c 25 Ap 0.0407097771227361
miniFE.c 25 Ap -0.2917972706570421
miniFE.c 57 sum 0.0003477906092889
miniFE.c 57 sum 0.0051517647312220
miniFE.c 57 sum 0.0053421035192031
miniFE.c 57 sum 0.0063547066398647
miniFE.c 57 sum 0.0079620990800075
miniFE.c 57 sum 0.0090544862220227
miniFE.c 57 sum 0.0095143030569936
miniFE.c 57 sum 0.0110099310598813
miniFE.c 90 p_ap_dot 0.0110099310598813
miniFE.c 91 alpha 0.0182512839228532
miniFE.c 40 y 1.0000072257206307
miniFE.c 40 y 1.9999948747618630
miniFE.c 40 y 0.9999964742416131
miniFE.c 40 y 1.9999928274185184
miniFE.c 40 y 0.9999973738270631
miniFE.c 40 y 2.0000057241447280
miniFE.c 40 y 1.0000033101280987
miniFE.c 40 y 2.0000021676278781
miniFE.c 40 y -0.0001085068045708
miniFE.c 40 y 0.0002576657128128
miniFE.c 40 y 0.0001661585849293
miniFE.c 40 y 0.0003680822410202
miniFE.c 40 y 0.0001903080928009
miniFE.c 40 y -0.0003892828894437
miniFE.c 40 y -0.0001860283531939
miniFE.c 40 y -0.0001103591161996
