filename line variable value
miniFE.c 167 A 67.0947100000000063
miniFE.c 167 A 15.0875500000000002
miniFE.c 167 A 9.3192129999999995
miniFE.c 167 A 13.7164900000000003
miniFE.c 167 A 14.0634099999999993
miniFE.c 167 A 16.0564000000000000
miniFE.c 167 A 4.9967519999999999
miniFE.c 167 A 6.4080630000000003
miniFE.c 167 A 15.0875500000000002
miniFE.c 167 A 66.4365899999999954
miniFE.c 167 A 14.3919700000000006
miniFE.c 167 A 5.9638159999999996
miniFE.c 167 A 10.9336099999999998
miniFE.c 167 A 9.6522659999999991
miniFE.c 167 A 11.3974100000000007
miniFE.c 167 A 6.9539020000000002
miniFE.c 167 A 9.3192129999999995
miniFE.c 167 A 14.3919700000000006
miniFE.c 167 A 67.6740900000000067
miniFE.c 167 A 9.6121750000000006
miniFE.c 167 A 16.7981799999999986
miniFE.c 167 A 16.1756899999999995
miniFE.c 167 A 11.9519400000000005
miniFE.c 167 A 12.3511699999999998
miniFE.c 167 A 13.7164900000000003
miniFE.c 167 A 5.9638159999999996
miniFE.c 167 A 9.6121750000000006
miniFE.c 167 A 65.4017099999999942
miniFE.c 167 A 3.6681119999999998
miniFE.c 167 A 11.0858899999999991
miniFE.c 167 A 1.3002330000000000
miniFE.c 167 A 4.7210279999999996
miniFE.c 167 A 14.0634099999999993
miniFE.c 167 A 10.9336099999999998
miniFE.c 167 A 16.7981799999999986
miniFE.c 167 A 3.6681119999999998
miniFE.c 167 A 66.5612600000000043
miniFE.c 167 A 4.4892070000000004
miniFE.c 167 A 14.0526599999999995
miniFE.c 167 A 3.7993380000000001
miniFE.c 167 A 16.0564000000000000
miniFE.c 167 A 9.6522659999999991
miniFE.c 167 A 16.1756899999999995
miniFE.c 167 A 11.0858899999999991
miniFE.c 167 A 4.4892070000000004
miniFE.c 167 A 66.4632699999999943
miniFE.c 167 A 7.6122389999999998
miniFE.c 167 A 3.4261349999999999
miniFE.c 167 A 4.9967519999999999
miniFE.c 167 A 11.3974100000000007
miniFE.c 167 A 11.9519400000000005
miniFE.c 167 A 1.3002330000000000
miniFE.c 167 A 14.0526599999999995
miniFE.c 167 A 7.6122389999999998
miniFE.c 167 A 65.6581999999999937
miniFE.c 167 A 2.6745570000000001
miniFE.c 167 A 6.4080630000000003
miniFE.c 167 A 6.9539020000000002
miniFE.c 167 A 12.3511699999999998
miniFE.c 167 A 4.7210279999999996
miniFE.c 167 A 3.7993380000000001
miniFE.c 167 A 3.4261349999999999
miniFE.c 167 A 2.6745570000000001
miniFE.c 167 A 64.8721800000000002
miniFE.c 175 b 198.0110999999999990
miniFE.c 175 b 229.8237000000000023
miniFE.c 175 b 210.8053999999999917
miniFE.c 175 b 202.6418999999999926
miniFE.c 175 b 157.2561000000000035
miniFE.c 175 b 225.5886000000000138
miniFE.c 175 b 142.6283999999999992
miniFE.c 175 b 185.1795999999999935
miniFE.c 33 r 0.0000000000000000
miniFE.c 33 r 0.0000000000000000
miniFE.c 33 r 0.0000000000000000
miniFE.c 33 r 0.0000000000000000
miniFE.c 33 r 0.0000000000000000
miniFE.c 33 r 0.0000000000000000
miniFE.c 33 r 0.0000000000000000
miniFE.c 33 r 0.0000000000000000
miniFE.c 25 Ap 0.0000000000000000
miniFE.c 25 Ap 0.0000000000000000
miniFE.c 25 Ap 0.0000000000000000
miniFE.c 25 Ap 0.0000000000000000
miniFE.c 25 Ap 0.0000000000000000
miniFE.c 25 Ap 0.0000000000000000
miniFE.c 25 Ap 0.0000000000000000
miniFE.c 25 Ap 0.0000000000000000
miniFE.c 25 Ap 0.0000000000000000
miniFE.c 25 Ap 0.0000000000000000
miniFE.c 25 Ap 0.0000000000000000
miniFE.c 25 Ap 0.0000000000000000
miniFE.c 25 Ap 0.0000000000000000
miniFE.c 25 Ap 0.0000000000000000
miniFE.c 25 Ap 0.0000000000000000
miniFE.c 25 Ap 0.0000000000000000
miniFE.c 25 Ap 0.0000000000000000
miniFE.c 25 Ap 0.0000000000000000
miniFE.c 25 Ap 0.0000000000000000
miniFE.c 25 Ap 0.0000000000000000
miniFE.c 25 Ap 0.0000000000000000
miniFE.c 25 Ap 0.0000000000000000
miniFE.c 25 Ap 0.0000000000000000
miniFE.c 25 Ap 0.0000000000000000
miniFE.c 25 Ap 0.0000000000000000
miniFE.c 25 Ap 0.0000000000000000
miniFE.c 25 Ap 0.0000000000000000
miniFE.c 25 Ap 0.0000000000000000
miniFE.c 25 Ap 0.0000000000000000
miniFE.c 25 Ap 0.0000000000000000
miniFE.c 25 Ap 0.0000000000000000
miniFE.c 25 Ap 0.0000000000000000
miniFE.c 25 Ap 0.0000000000000000
miniFE.c 25 Ap 0.0000000000000000
miniFE.c 25 Ap 0.0000000000000000
miniFE.c 25 Ap 0.0000000000000000
miniFE.c 25 Ap 0.0000000000000000
miniFE.c 25 Ap 0.0000000000000000
miniFE.c 25 Ap 0.0000000000000000
miniFE.c 25 Ap 0.0000000000000000
miniFE.c 25 Ap 0.0000000000000000
miniFE.c 25 Ap 0.0000000000000000
miniFE.c 25 Ap 0.0000000000000000
miniFE.c 25 Ap 0.0000000000000000
miniFE.c 25 Ap 0.0000000000000000
miniFE.c 25 Ap 0.0000000000000000
miniFE.c 25 Ap 0.0000000000000000
miniFE.c 25 Ap 0.0000000000000000
miniFE.c 25 Ap 0.0000000000000000
miniFE.c 25 Ap 0.0000000000000000
miniFE.c 25 Ap 0.0000000000000000
miniFE.c 25 Ap 0.0000000000000000
miniFE.c 25 Ap 0.0000000000000000
miniFE.c 25 Ap 0.0000000000000000
miniFE.c 25 Ap 0.0000000000000000
miniFE.c 25 Ap 0.0000000000000000
miniFE.c 25 Ap 0.0000000000000000
miniFE.c 25 Ap 0.0000000000000000
miniFE.c 25 Ap 0.0000000000000000
miniFE.c 25 Ap 0.0000000000000000
miniFE.c 25 Ap 0.0000000000000000
miniFE.c 25 Ap 0.0000000000000000
miniFE.c 25 Ap 0.0000000000000000
miniFE.c 25 Ap 0.0000000000000000
miniFE.c 33 r 198.0110999999999990
miniFE.c 33 r 229.8237000000000023
miniFE.c 33 r 210.8053999999999917
miniFE.c 33 r 202.6418999999999926
miniFE.c 33 r 157.2561000000000035
miniFE.c 33 r 225.5886000000000138
miniFE.c 33 r 142.6283999999999992
miniFE.c 33 r 185.1795999999999935
miniFE.c 48 sum 39208.3957232100001420
miniFE.c 48 sum 92027.3288048999966122
miniFE.c 48 sum 136466.2454740600078367
miniFE.c 48 sum 177529.9851096700003836
miniFE.c 48 sum 202259.4660968800017145
miniFE.c 48 sum 253149.6825468399911188
miniFE.c 48 sum 273492.5430333999684080
miniFE.c 48 sum 307784.0272895599482581
miniFE.c 75 rtrans 307784.0272895599482581
miniFE.c 76 normr 554.7828649927464539
miniFE.c 33 r 198.0110999999999990
miniFE.c 33 r 229.8237000000000023
miniFE.c 33 r 210.8053999999999917
miniFE.c 33 r 202.6418999999999926
miniFE.c 33 r 157.2561000000000035
miniFE.c 33 r 225.5886000000000138
miniFE.c 33 r 142.6283999999999992
miniFE.c 33 r 185.1795999999999935
miniFE.c 87 normr 554.7828649927464539
miniFE.c 25 Ap 13285.4973312810016068
miniFE.c 25 Ap 16752.9738962160008668
miniFE.c 25 Ap 18717.5143203662009910
miniFE.c 25 Ap 21497.0499152972006414
miniFE.c 25 Ap 23708.6069245981998392
miniFE.c 25 Ap 27330.7477216381994367
miniFE.c 25 Ap 28043.4264645949988335
miniFE.c 25 Ap 29230.0690077097970061
miniFE.c 25 Ap 2987.5023718050001662
miniFE.c 25 Ap 18256.2053009880000900
miniFE.c 25 Ap 21290.1102936259994749
miniFE.c 25 Ap 22498.6292991164009436
miniFE.c 25 Ap 24218.0061666374022025
miniFE.c 25 Ap 26395.4473404050004319
miniFE.c 25 Ap 28021.0416928490012651
miniFE.c 25 Ap 29308.7624836482027604
miniFE.c 25 Ap 1845.3076172643000064
miniFE.c 25 Ap 5152.9234129532997031
miniFE.c 25 Ap 19418.9870250392996240
miniFE.c 25 Ap 21366.8164301717988565
miniFE.c 25 Ap 24008.4327040697971825
miniFE.c 25 Ap 27657.4839652037990163
miniFE.c 25 Ap 29362.1700442997971550
miniFE.c 25 Ap 31649.3547644317950471
miniFE.c 25 Ap 2716.0172730389999742
miniFE.c 25 Ap 4086.6435322781999275
miniFE.c 25 Ap 6112.9419280231995799
miniFE.c 25 Ap 19366.0687056721981207
miniFE.c 25 Ap 19942.9016931553996983
miniFE.c 25 Ap 22443.7520980093977414
miniFE.c 25 Ap 22629.2021893914425164
miniFE.c 25 Ap 23503.4402660202431434
miniFE.c 25 Ap 2784.7112838509997346
miniFE.c 25 Ap 5297.5139884079999320
miniFE.c 25 Ap 8838.6610425799990480
miniFE.c 25 Ap 9581.9742276727993158
miniFE.c 25 Ap 20049.1383863587980159
miniFE.c 25 Ap 21061.8523085989982064
miniFE.c 25 Ap 23066.1607201429978886
miniFE.c 25 Ap 23769.7206112477979332
miniFE.c 25 Ap 3179.3454260399998930
miniFE.c 25 Ap 5397.6649115441996400
miniFE.c 25 Ap 8807.5877122702004272
miniFE.c 25 Ap 11054.0535250612010714
miniFE.c 25 Ap 11760.0087099739012046
miniFE.c 25 Ap 26753.3647406958989450
miniFE.c 25 Ap 27839.0862096834971453
miniFE.c 25 Ap 28473.5365185294976982
miniFE.c 25 Ap 989.4123599472000024
miniFE.c 25 Ap 3608.8072965641999872
miniFE.c 25 Ap 6128.3407890401995246
miniFE.c 25 Ap 6391.8224746028990921
miniFE.c 25 Ap 8601.6889808288997301
miniFE.c 25 Ap 10318.9233197042995016
miniFE.c 25 Ap 19683.6473325842962367
miniFE.c 25 Ap 20178.9207280214977800
miniFE.c 25 Ap 1268.8676034993000030
miniFE.c 25 Ap 2867.0390905766998912
miniFE.c 25 Ap 5470.7324228946999938
miniFE.c 25 Ap 6427.4105067679001877
miniFE.c 25 Ap 7024.8795832297000743
miniFE.c 25 Ap 7797.7765812907000509
miniFE.c 25 Ap 8179.2443669095000587
miniFE.c 25 Ap 20192.2487104374995397
miniFE.c 57 sum 5787878.1172925252467394
miniFE.c 57 sum 12523726.3537057451903820
miniFE.c 57 sum 19195581.2445636950433254
miniFE.c 57 sum 23958363.0366065427660942
miniFE.c 57 sum 27696296.5980209857225418
miniFE.c 57 sum 34119601.8382849320769310
miniFE.c 57 sum 36997689.0154494717717171
miniFE.c 57 sum 40736881.5547488033771515
miniFE.c 90 p_ap_dot 40736881.5547488033771515
miniFE.c 91 alpha 0.0075554145418792
miniFE.c 40 y 1.4960559443934980
miniFE.c 40 y 1.7364133250484843
miniFE.c 40 y 1.5927221846666630
miniFE.c 40 y 1.5310435580540320
miniFE.c 40 y 1.1881350247392108
miniFE.c 40 y 1.7044153889221718
miniFE.c 40 y 1.0776166874449644
miniFE.c 40 y 1.3991086426993748
miniFE.c 40 y -22.8341884409833256
miniFE.c 40 y 8.3838497265606122
miniFE.c 40 y -28.3185952282819642
miniFE.c 40 y 25.0636656299213598
miniFE.c 40 y -22.3339927626275312
miniFE.c 40 y 10.4592281291735958
miniFE.c 40 y -9.8317111079213930
miniFE.c 40 y 32.6187904599188414
miniFE.c 82 oldrtrans 307784.0272895599482581
miniFE.c 48 sum 521.4001617583364805
miniFE.c 48 sum 591.6890979958869821
miniFE.c 48 sum 1393.6319336991609816
miniFE.c 48 sum 2021.8192685076624002
miniFE.c 48 sum 2520.6265012287612990
miniFE.c 48 sum 2630.0219542868576355
miniFE.c 48 sum 2726.6844975964827427
miniFE.c 48 sum 3790.6699886645751576
miniFE.c 83 rtrans 3790.6699886645751576
miniFE.c 84 beta 0.0123160062009922
miniFE.c 40 y -20.3954825055180393
miniFE.c 40 y 11.2143598408955860
miniFE.c 40 y -25.7223146146793198
miniFE.c 40 y 27.5594045269022025
miniFE.c 40 y -20.3972256598836807
miniFE.c 40 y 13.2375787256467472
miniFE.c 40 y -8.0750988490837958
miniFE.c 40 y 34.8994635618160984
miniFE.c 87 normr 61.5684171362604999
miniFE.c 25 Ap -1368.4289840178064424
miniFE.c 25 Ap -1199.2317692003023240
miniFE.c 25 Ap -1438.9434979475117871
miniFE.c 25 Ap -1060.9252013483030623
miniFE.c 25 Ap -1347.7797486657677837
miniFE.c 25 Ap -1135.2318896152933121
miniFE.c 25 Ap -1175.5811559396504435
miniFE.c 25 Ap -951.9431947693284428
miniFE.c 25 Ap -307.7178620761287107
miniFE.c 25 Ap 437.3259647859164829
miniFE.c 25 Ap 67.1311845208901445
miniFE.c 25 Ap 231.4904021889019248
miniFE.c 25 Ap 8.4750917417411245
miniFE.c 25 Ap 136.2477227976245331
miniFE.c 25 Ap 44.2125104240883786
miniFE.c 25 Ap 286.8999598855284603
miniFE.c 25 Ap -190.0698457066962703
miniFE.c 25 Ap -28.6731153073222060
miniFE.c 25 Ap -1769.4073495494460531
miniFE.c 25 Ap -1504.5015303410698380
miniFE.c 25 Ap -1847.1377984764146731
miniFE.c 25 Ap -1633.0108286597578626
miniFE.c 25 Ap -1729.5239255980764028
miniFE.c 25 Ap -1298.4747182372802854
miniFE.c 25 Ap -279.7544318321131414
miniFE.c 25 Ap -212.8740531832225997
miniFE.c 25 Ap -460.1214426645777849
miniFE.c 25 Ap 1342.3107399765672199
miniFE.c 25 Ap 1267.4914317668399235
miniFE.c 25 Ap 1414.2417733856998439
miniFE.c 25 Ap 1403.7422633838591537
miniFE.c 25 Ap 1568.5036080441727790
miniFE.c 25 Ap -286.8300326229274333
miniFE.c 25 Ap -164.2165957229130413
miniFE.c 25 Ap -596.3046666369268678
miniFE.c 25 Ap -495.2136841789425716
miniFE.c 25 Ap -1852.8787246051319926
miniFE.c 25 Ap -1793.4524935269075741
miniFE.c 25 Ap -1906.9291121194735297
miniFE.c 25 Ap -1774.3342540294502214
miniFE.c 25 Ap -327.4780253015998710
miniFE.c 25 Ap -219.2340410975580198
miniFE.c 25 Ap -635.3102283870800875
miniFE.c 25 Ap -329.7897013363402721
miniFE.c 25 Ap -421.3570695492697382
miniFE.c 25 Ap 458.4556994396459118
miniFE.c 25 Ap 396.9861170517951336
miniFE.c 25 Ap 516.5563906421579077
miniFE.c 25 Ap -101.9111680004122746
miniFE.c 25 Ap 25.9034889938094892
miniFE.c 25 Ap -281.5280719419608317
miniFE.c 25 Ap -245.6944247157331915
miniFE.c 25 Ap -532.3297018573541663
miniFE.c 25 Ap -431.5620888164156668
miniFE.c 25 Ap -961.7585440693293322
miniFE.c 25 Ap -868.4179395038291887
miniFE.c 25 Ap -130.6955368107574600
miniFE.c 25 Ap -52.7119774844339588
miniFE.c 25 Ap -370.4126580838227483
miniFE.c 25 Ap -240.3039376489907113
miniFE.c 25 Ap -317.7998921931618383
miniFE.c 25 Ap -272.4461604059681008
miniFE.c 25 Ap -294.0434725584771058
miniFE.c 25 Ap 1969.9608095270980357
miniFE.c 57 sum 19415.3407751647901023
miniFE.c 57 sum 22632.7401636596150638
miniFE.c 57 sum 56032.5153853660158347
miniFE.c 57 sum 99259.5408213610353414
miniFE.c 57 sum 135451.0369968611048535
miniFE.c 57 sum 142288.9928842225926928
miniFE.c 57 sum 149301.5535880336828995
miniFE.c 57 sum 218052.1290783303848002
miniFE.c 90 p_ap_dot 218052.1290783303848002
miniFE.c 91 alpha 0.0173842374513246
miniFE.c 40 y 1.1414960335832358
miniFE.c 40 y 1.9313664193872118
miniFE.c 40 y 1.1455593596074010
miniFE.c 40 y 2.0101427903668099
miniFE.c 40 y 0.8335448105195420
miniFE.c 40 y 1.9345406007694177
miniFE.c 40 y 0.9372372516095737
miniFE.c 40 y 2.0058092041818361
miniFE.c 40 y -6.2853819029407845
miniFE.c 40 y 3.3963126991350849
miniFE.c 40 y -5.7456024019032874
miniFE.c 40 y -2.2035735355778989
miniFE.c 40 y 8.5114552274393205
miniFE.c 40 y 1.4792891772511378
miniFE.c 40 y 5.2650725594032082
miniFE.c 40 y -1.6274760227038456
miniFE.c 82 oldrtrans 3790.6699886645751576
miniFE.c 48 sum 39.5060256658155140
miniFE.c 48 sum 51.0409656161217598
miniFE.c 48 sum 84.0529125768785832
miniFE.c 48 sum 88.9086489035778698
miniFE.c 48 sum 161.3535189922820052
miniFE.c 48 sum 163.5418154622143447
miniFE.c 48 sum 191.2628045179949936
miniFE.c 48 sum 193.9114827224709074
miniFE.c 83 rtrans 193.9114827224709074
miniFE.c 84 beta 0.0511549365421769
miniFE.c 40 y -7.3287115162576395
miniFE.c 40 y 3.9699825651572360
miniFE.c 40 y -7.0614257737351185
miniFE.c 40 y -0.7937739458640329
miniFE.c 40 y 7.4680364431715081
miniFE.c 40 y 2.1564566769336686
miniFE.c 40 y 4.8519913902065204
miniFE.c 40 y 0.1578038211568731
miniFE.c 87 normr 13.9252103295595102
miniFE.c 25 Ap -491.7177738569666303
miniFE.c 25 Ap -431.8204634060285798
miniFE.c 25 Ap -497.6273942751559503
miniFE.c 25 Ap -508.5151866658604831
miniFE.c 25 Ap -403.4891282705978597
miniFE.c 25 Ap -368.8641972830801024
miniFE.c 25 Ap -344.6199996000829060
miniFE.c 25 Ap -343.6087827724689419
miniFE.c 25 Ap -110.5723014371129551
miniFE.c 25 Ap 153.1798025513866151
miniFE.c 25 Ap 51.5519746585639922
miniFE.c 25 Ap 46.8180528998369425
miniFE.c 25 Ap 128.4706508352613810
miniFE.c 25 Ap 149.2853442985012009
miniFE.c 25 Ap 204.5854794891548920
miniFE.c 25 Ap 205.6828317967053010
miniFE.c 25 Ap -68.2978236355579043
miniFE.c 25 Ap -11.1619536572919174
miniFE.c 25 Ap -489.0375169973619904
miniFE.c 25 Ap -496.6674110754476033
miniFE.c 25 Ap -371.2179906564928160
miniFE.c 25 Ap -336.3358159519836477
miniFE.c 25 Ap -278.3451059757187522
miniFE.c 25 Ap -276.3960441539605881
miniFE.c 25 Ap -100.5241982256327589
miniFE.c 25 Ap -76.8479526838269891
miniFE.c 25 Ap -144.7236129704793370
miniFE.c 25 Ap -196.6377863834345021
miniFE.c 25 Ap -169.2441922897997699
miniFE.c 25 Ap -145.3379507795475831
miniFE.c 25 Ap -139.0292314582851816
miniFE.c 25 Ap -138.2842352000965889
miniFE.c 25 Ap -103.0666748248528393
miniFE.c 25 Ap -59.6604337506240299
miniFE.c 25 Ap -178.2795349544658166
miniFE.c 25 Ap -181.1911866905770125
miniFE.c 25 Ap 315.8907286928370013
miniFE.c 25 Ap 325.5715091021243666
miniFE.c 25 Ap 393.7548944316239385
miniFE.c 25 Ap 394.3544444858904399
miniFE.c 25 Ap -117.6727235896391619
miniFE.c 25 Ap -79.3533958553791905
miniFE.c 25 Ap -193.5768301293285845
miniFE.c 25 Ap -202.3765207780432149
miniFE.c 25 Ap -168.8509593011025913
miniFE.c 25 Ap -25.5257969387574235
miniFE.c 25 Ap 11.4087211494368646
miniFE.c 25 Ap 11.9493783442361678
miniFE.c 25 Ap -36.6197539262833942
miniFE.c 25 Ap 8.6277650616653432
miniFE.c 25 Ap -75.7699721004703690
miniFE.c 25 Ap -76.8020631794230013
miniFE.c 25 Ap 28.1437138240755189
miniFE.c 25 Ap 44.5591774420403937
miniFE.c 25 Ap 363.1321985384981303
miniFE.c 25 Ap 363.5542538529999774
miniFE.c 25 Ap -46.9628451050044831
miniFE.c 25 Ap -19.3559754051924493
miniFE.c 25 Ap -106.5728455789764411
miniFE.c 25 Ap -110.3202746030710273
miniFE.c 25 Ap -81.9466799591446744
miniFE.c 25 Ap -74.5583682623185382
miniFE.c 25 Ap -61.5814407257019596
miniFE.c 25 Ap -51.3443628349254766
miniFE.c 57 sum 2518.2096433918627554
miniFE.c 57 sum 3334.7668995769508911
miniFE.c 57 sum 5286.5170495241582103
miniFE.c 57 sum 5396.2834725497286854
miniFE.c 57 sum 8341.3368354970134533
miniFE.c 57 sum 8367.1051522126472264
miniFE.c 57 sum 10131.0672617803593312
miniFE.c 57 sum 10122.9649251301434560
miniFE.c 90 p_ap_dot 10122.9649251301434560
miniFE.c 91 alpha 0.0191556015610691
miniFE.c 40 y 1.0011101558217859
miniFE.c 40 y 2.0074138236097547
miniFE.c 40 y 1.0102935010326668
miniFE.c 40 y 1.9949375729302807
miniFE.c 40 y 0.9765995410684792
miniFE.c 40 y 1.9758488256564661
miniFE.c 40 y 1.0301800654581077
miniFE.c 40 y 2.0088320313047312
miniFE.c 40 y 0.2966510327325818
miniFE.c 40 y -0.5436656747150002
miniFE.c 40 y -0.4510699070343511
miniFE.c 40 y 0.4453441760923207
miniFE.c 40 y 0.9573586150308522
miniFE.c 40 y 1.2503916467864820
miniFE.c 40 y -1.6990278732366368
miniFE.c 40 y -0.6439438658310479
miniFE.c 82 oldrtrans 193.9114827224709074
miniFE.c 48 sum 0.0880018352213073
miniFE.c 48 sum 0.3835742010846236
miniFE.c 48 sum 0.5870382621166018
miniFE.c 48 sum 0.7853696972959497
miniFE.c 48 sum 1.7019052150697411
miniFE.c 48 sum 3.2653844854231515
miniFE.c 48 sum 6.1520801994581609
miniFE.c 48 sum 6.5667439017995957
miniFE.c 83 rtrans 6.5667439017995957
miniFE.c 84 beta 0.0338646469492372
miniFE.c 40 y 0.0484668046417076
miniFE.c 40 y -0.4092236167513231
miniFE.c 40 y -0.6902025978201354
miniFE.c 40 y 0.4184633016581322
miniFE.c 40 y 1.2102610325828929
miniFE.c 40 y 1.3234192908121660
miniFE.c 40 y -1.5347168978065542
miniFE.c 40 y -0.6385998951403298
miniFE.c 87 normr 2.5625658824310440
miniFE.c 25 Ap 3.2518662020620241
miniFE.c 25 Ap -2.9223155768544014
miniFE.c 25 Ap -9.3544605990935779
miniFE.c 25 Ap -3.6146129065328241
miniFE.c 25 Ap 13.4057842017037565
miniFE.c 25 Ap 34.6551337027002191
miniFE.c 25 Ap 26.9865339741515236
miniFE.c 25 Ap 22.8943456142988957
miniFE.c 25 Ap 0.7312453383719952
miniFE.c 25 Ap -26.4561763060527895
miniFE.c 25 Ap -36.3895513878022427
miniFE.c 25 Ap -33.8939132539606476
miniFE.c 25 Ap -20.6613911255020071
miniFE.c 25 Ap -7.8873961010516265
miniFE.c 25 Ap -25.3791938192810278
miniFE.c 25 Ap -29.8199549072971593
miniFE.c 25 Ap 0.4516724758854616
miniFE.c 25 Ap -5.4378615396910792
miniFE.c 25 Ap -52.1466942628047292
miniFE.c 25 Ap -48.1243517761889734
miniFE.c 25 Ap -27.7941691038756744
miniFE.c 25 Ap -6.3869489156782286
miniFE.c 25 Ap -24.7297931952482948
miniFE.c 25 Ap -32.6172490621086837
miniFE.c 25 Ap 0.6647944411999356
miniFE.c 25 Ap -1.7757399119594732
miniFE.c 25 Ap -8.4100880676612331
miniFE.c 25 Ap 18.9581274330264478
miniFE.c 25 Ap 23.3975004497761461
miniFE.c 25 Ap 38.0687811315978308
miniFE.c 25 Ap 36.0732915754121208
miniFE.c 25 Ap 33.0584435896575570
miniFE.c 25 Ap 0.6816085450662367
miniFE.c 25 Ap -3.7926828832821973
miniFE.c 25 Ap -15.3868303579324373
miniFE.c 25 Ap -13.8518600995606231
miniFE.c 25 Ap 66.7046391580577875
miniFE.c 25 Ap 72.6457423023068003
miniFE.c 25 Ap 51.0788875411765488
miniFE.c 25 Ap 48.6526306927738759
miniFE.c 25 Ap 0.7782024020491135
miniFE.c 25 Ap -3.1717328003167129
miniFE.c 25 Ap -14.3362360598498988
miniFE.c 25 Ap -9.6971979286310273
miniFE.c 25 Ap -4.2640856293326763
miniFE.c 25 Ap 83.6946880191248397
miniFE.c 25 Ap 72.0120561956827743
miniFE.c 25 Ap 69.8241267439461666
miniFE.c 25 Ap 0.2421766030270616
miniFE.c 25 Ap -4.4219127387706365
miniFE.c 25 Ap -12.6711727757610255
miniFE.c 25 Ap -12.1270729816561680
miniFE.c 25 Ap 4.8803138204801453
miniFE.c 25 Ap 14.9544977593528561
miniFE.c 25 Ap -85.8122512602094218
miniFE.c 25 Ap -87.5202230799562528
miniFE.c 25 Ap 0.3105783375527546
miniFE.c 25 Ap -2.5351225894215048
miniFE.c 25 Ap -11.0599322095396264
miniFE.c 25 Ap -9.0843552454391379
miniFE.c 25 Ap -4.4861645144277151
miniFE.c 25 Ap 0.0480486374990257
miniFE.c 25 Ap -4.0566391845477785
miniFE.c 25 Ap -45.4840065300723779
miniFE.c 57 sum 1.1096157762879593
miniFE.c 57 sum 13.3126455748134696
miniFE.c 57 sum 35.8251556112272596
miniFE.c 57 sum 49.6589010634344774
miniFE.c 57 sum 108.5412841235451253
miniFE.c 57 sum 200.9478804205971585
miniFE.c 57 sum 335.2666456812052047
miniFE.c 57 sum 364.3127274818714909
miniFE.c 90 p_ap_dot 364.3127274818714909
miniFE.c 91 alpha 0.0180250191838998
miniFE.c 40 y 1.0019837709052350
miniFE.c 40 y 2.0000375600673075
miniFE.c 40 y 0.9978525859661814
miniFE.c 40 y 2.0024803819704267
miniFE.c 40 y 0.9984145193983123
miniFE.c 40 y 1.9997034837616985
miniFE.c 40 y 1.0025167639332893
miniFE.c 40 y 1.9973212559439903
miniFE.c 40 y -0.1160199861679882
miniFE.c 40 y -0.0061604154479418
miniFE.c 40 y 0.1368566330361958
miniFE.c 40 y -0.1505349038011263
miniFE.c 40 y 0.0803940134464106
miniFE.c 40 y -0.0081895772721992
miniFE.c 40 y -0.1214741732412350
miniFE.c 40 y 0.1759062244341307
miniFE.c 82 oldrtrans 6.5667439017995957
miniFE.c 48 sum 0.0134606371904202
miniFE.c 48 sum 0.0134985879089114
miniFE.c 48 sum 0.0322283259149154
miniFE.c 48 sum 0.0548890831773297
miniFE.c 48 sum 0.0613522805753514
miniFE.c 48 sum 0.0614193497512487
miniFE.c 48 sum 0.0761753245158903
miniFE.c 48 sum 0.1071183243105610
miniFE.c 83 rtrans 0.1071183243105610
miniFE.c 84 beta 0.0163122433145604
miniFE.c 40 y -0.1152293838579934
miniFE.c 40 y -0.0128357706544538
miniFE.c 40 y 0.1255978803242120
miniFE.c 40 y -0.1437088286062646
miniFE.c 40 y 0.1001360858840339
miniFE.c 40 y 0.0133983602067119
miniFE.c 40 y -0.1465088486972229
miniFE.c 40 y 0.1654892275639489
miniFE.c 87 normr 0.3272893586882425
miniFE.c 25 Ap -7.7312820934307496
miniFE.c 25 Ap -7.9249424249683535
miniFE.c 25 Ap -6.7544690258785129
miniFE.c 25 Ap -8.7256497363680552
miniFE.c 25 Ap -7.3173949047856732
miniFE.c 25 Ap -7.1022654739626239
miniFE.c 25 Ap -7.8343338567081702
miniFE.c 25 Ap -6.7738684606570487
miniFE.c 25 Ap -1.7385290904266684
miniFE.c 25 Ap -2.5912939227306460
miniFE.c 25 Ap -0.7836929970409963
miniFE.c 25 Ap -1.6407460084242946
miniFE.c 25 Ap -0.5458970984417624
miniFE.c 25 Ap -0.4165725617627639
miniFE.c 25 Ap -2.0863939789929793
miniFE.c 25 Ap -0.9355981084575800
miniFE.c 25 Ap -1.0738471720314022
miniFE.c 25 Ap -1.2585791982171814
miniFE.c 25 Ap 7.2411430586527716
miniFE.c 25 Ap 5.8597886490443507
miniFE.c 25 Ap 7.5418926442198115
miniFE.c 25 Ap 7.7586203654319199
miniFE.c 25 Ap 6.0075553963336334
miniFE.c 25 Ap 8.0515409791446508
miniFE.c 25 Ap -1.5805426913943279
miniFE.c 25 Ap -1.6570928657956898
miniFE.c 25 Ap -0.4498240604903072
miniFE.c 25 Ap -9.8486271934369274
miniFE.c 25 Ap -9.4813168151726721
miniFE.c 25 Ap -9.3327840677406861
miniFE.c 25 Ap -9.5232797076088218
miniFE.c 25 Ap -8.7420004305810473
miniFE.c 25 Ap -1.6205180692423429
miniFE.c 25 Ap -1.7608593796275853
miniFE.c 25 Ap 0.3489564216769860
miniFE.c 25 Ap -0.1781836570395963
miniFE.c 25 Ap 6.4870003908699179
miniFE.c 25 Ap 6.5471484032984106
miniFE.c 25 Ap 4.4883093655648940
miniFE.c 25 Ap 5.1170588764392519
miniFE.c 25 Ap -1.8501690789774852
miniFE.c 25 Ap -1.9740633516492672
miniFE.c 25 Ap 0.0575690251322860
miniFE.c 25 Ap -1.5355712408256164
miniFE.c 25 Ap -1.0860396231224101
miniFE.c 25 Ap -0.1955407911464593
miniFE.c 25 Ap -1.3108011630445586
miniFE.c 25 Ap -0.7438127283647487
miniFE.c 25 Ap -0.5757726542511963
miniFE.c 25 Ap -0.7220671950659744
miniFE.c 25 Ap 0.7790711346961882
miniFE.c 25 Ap 0.5922161733509790
miniFE.c 25 Ap 1.9993945420101074
miniFE.c 25 Ap 2.1013860621116880
miniFE.c 25 Ap -7.5181212274203126
miniFE.c 25 Ap -7.0755108554145600
miniFE.c 25 Ap -0.7383971512132048
miniFE.c 25 Ap -0.8276558424387523
miniFE.c 25 Ap 0.7236249290852452
miniFE.c 25 Ap 0.0451715253878693
miniFE.c 25 Ap 0.4256223616583431
miniFE.c 25 Ap 0.4715269525051660
miniFE.c 25 Ap 0.0796806856600676
miniFE.c 25 Ap 10.8153276442495194
miniFE.c 57 sum 0.7805486890566059
miniFE.c 57 sum 0.7925578118015082
miniFE.c 57 sum 1.8038142921256068
miniFE.c 57 sum 3.0601169336798697
miniFE.c 57 sum 3.5725191808046488
miniFE.c 57 sum 3.5625533099436808
miniFE.c 57 sum 4.5991782593151704
miniFE.c 57 sum 6.3889984770130468
miniFE.c 90 p_ap_dot 6.3889984770130468
miniFE.c 91 alpha 0.0167660588268978
miniFE.c 40 y 1.0000518282768847
miniFE.c 40 y 1.9998223547814264
miniFE.c 40 y 0.9999583674162308
miniFE.c 40 y 2.0000709512960695
miniFE.c 40 y 1.0000934069049392
miniFE.c 40 y 1.9999281214571081
miniFE.c 40 y 1.0000603879573706
miniFE.c 40 y 2.0000958580685455
miniFE.c 40 y -0.0024489090709446
miniFE.c 40 y 0.0095258774767923
miniFE.c 40 y 0.0018640233326784
miniFE.c 40 y -0.0039660103172388
miniFE.c 40 y -0.0053988966966693
miniFE.c 40 y 0.0042812306877596
miniFE.c 40 y -0.0028457420090007
miniFE.c 40 y -0.0054241950815305
miniFE.c 82 oldrtrans 0.1071183243105610
miniFE.c 48 sum 0.0000059971556378
miniFE.c 48 sum 0.0000967394973406
miniFE.c 48 sum 0.0001002140803254
miniFE.c 48 sum 0.0001159433181618
miniFE.c 48 sum 0.0001450914037031
miniFE.c 48 sum 0.0001634203399049
miniFE.c 48 sum 0.0001715185874867
miniFE.c 48 sum 0.0002009404797692
miniFE.c 83 rtrans 0.0002009404797692
miniFE.c 84 beta 0.0018758740025345
miniFE.c 40 y -0.0026650648764519
miniFE.c 40 y 0.0095017991883191
miniFE.c 40 y 0.0020996291311521
miniFE.c 40 y -0.0042355899727560
miniFE.c 40 y -0.0052110540164439
miniFE.c 40 y 0.0043063643233479
miniFE.c 40 y -0.0031205741494131
miniFE.c 40 y -0.0051137581418437
miniFE.c 87 normr 0.0141753476066458
miniFE.c 25 Ap -0.1788117550167271
miniFE.c 25 Ap -0.0354528846730030
miniFE.c 25 Ap -0.0158859935787920
miniFE.c 25 Ap -0.0739834210841998
miniFE.c 25 Ap -0.1472686102495971
miniFE.c 25 Ap -0.0781239021281935
miniFE.c 25 Ap -0.0937166372504215
miniFE.c 25 Ap -0.1264859215901192
miniFE.c 25 Ap -0.0402092995767121
miniFE.c 25 Ap 0.5910578373599777
miniFE.c 25 Ap 0.6212756368266442
miniFE.c 25 Ap 0.5960153575776825
miniFE.c 25 Ap 0.5390397252729513
miniFE.c 25 Ap 0.5806058992148154
miniFE.c 25 Ap 0.5450394361985536
miniFE.c 25 Ap 0.5094788632284700
miniFE.c 25 Ap -0.0248363072424741
miniFE.c 25 Ap 0.1119133016218390
miniFE.c 25 Ap 0.2540037924100453
miniFE.c 25 Ap 0.2132905603636696
miniFE.c 25 Ap 0.1257543370057220
miniFE.c 25 Ap 0.1954127513272577
miniFE.c 25 Ap 0.1581158363279218
miniFE.c 25 Ap 0.0949549401791256
miniFE.c 25 Ap -0.0365553357272039
miniFE.c 25 Ap 0.0201116463008806
miniFE.c 25 Ap 0.0402936489446122
miniFE.c 25 Ap -0.2367211781324828
miniFE.c 25 Ap -0.2558359079028488
miniFE.c 25 Ap -0.2080960267142894
miniFE.c 25 Ap -0.2121535002023031
miniFE.c 25 Ap -0.2362956955751754
miniFE.c 25 Ap -0.0374799000341426
miniFE.c 25 Ap 0.0664090665892551
miniFE.c 25 Ap 0.1016790146675911
miniFE.c 25 Ap 0.0861423962614451
miniFE.c 25 Ap -0.2607119250011216
miniFE.c 25 Ap -0.2413797641361978
miniFE.c 25 Ap -0.2852321316626887
miniFE.c 25 Ap -0.3046610272938050
miniFE.c 25 Ap -0.0427913476822625
miniFE.c 25 Ap 0.0489225455619777
miniFE.c 25 Ap 0.0828854955024627
miniFE.c 25 Ap 0.0359302109793869
miniFE.c 25 Ap 0.0125367108113888
miniFE.c 25 Ap 0.2987517655524289
miniFE.c 25 Ap 0.2749972093098750
miniFE.c 25 Ap 0.2574767835585692
miniFE.c 25 Ap -0.0133166682515409
miniFE.c 25 Ap 0.0949792328353993
miniFE.c 25 Ap 0.1200738742331809
miniFE.c 25 Ap 0.1145666203761345
miniFE.c 25 Ap 0.0413374500414139
miniFE.c 25 Ap 0.0741185244918116
miniFE.c 25 Ap -0.1307727571251805
miniFE.c 25 Ap -0.1444497947597557
miniFE.c 25 Ap -0.0170779036273911
miniFE.c 25 Ap 0.0489966767518596
miniFE.c 25 Ap 0.0749295530876710
miniFE.c 25 Ap 0.0549332142297707
miniFE.c 25 Ap 0.0351346586850428
miniFE.c 25 Ap 0.0498888442160164
miniFE.c 25 Ap 0.0415426907806847
miniFE.c 25 Ap -0.2901979478734682
miniFE.c 57 sum 0.0003370931869955
miniFE.c 57 sum 0.0051780590360855
miniFE.c 57 sum 0.0053774291946324
miniFE.c 57 sum 0.0063782808734160
miniFE.c 57 sum 0.0079658859433493
miniFE.c 57 sum 0.0090746747781563
miniFE.c 57 sum 0.0095254410735716
miniFE.c 57 sum 0.0110094431922559
miniFE.c 90 p_ap_dot 0.0110094431922559
miniFE.c 91 alpha 0.0182516478136317
miniFE.c 40 y 1.0000031864513592
miniFE.c 40 y 1.9999957782738076
miniFE.c 40 y 0.9999966891076718
miniFE.c 40 y 1.9999936447996038
miniFE.c 40 y 0.9999982965822932
miniFE.c 40 y 2.0000067197020952
miniFE.c 40 y 1.0000034323370193
miniFE.c 40 y 2.0000025235559367
miniFE.c 40 y -0.0001403325766992
miniFE.c 40 y 0.0002270486966569
miniFE.c 40 y 0.0001309392063646
miniFE.c 40 y 0.0003467754982764
miniFE.c 40 y 0.0001616690760364
miniFE.c 40 y -0.0004181448859381
miniFE.c 40 y -0.0002092952282942
miniFE.c 40 y -0.0001276043407053
