filename line variable value
miniFE.c 167 A 67.0947100000000063
miniFE.c 167 A 15.0875500000000002
miniFE.c 167 A 9.3192129999999995
miniFE.c 167 A 13.7164900000000003
miniFE.c 167 A 14.0634099999999993
miniFE.c 167 A 16.0564000000000000
miniFE.c 167 A 4.9967519999999999
miniFE.c 167 A 6.4080630000000003
miniFE.c 167 A 15.0875500000000002
miniFE.c 167 A 66.4365899999999954
miniFE.c 167 A 14.3919700000000006
miniFE.c 167 A 5.9638159999999996
miniFE.c 167 A 10.9336099999999998
miniFE.c 167 A 9.6522659999999991
miniFE.c 167 A 11.3974100000000007
miniFE.c 167 A 6.9539020000000002
miniFE.c 167 A 9.3192129999999995
miniFE.c 167 A 14.3919700000000006
miniFE.c 167 A 67.6740900000000067
miniFE.c 167 A 9.6121750000000006
miniFE.c 167 A 16.7981799999999986
miniFE.c 167 A 16.1756899999999995
miniFE.c 167 A 11.9519400000000005
miniFE.c 167 A 12.3511699999999998
miniFE.c 167 A 13.7164900000000003
miniFE.c 167 A 5.9638159999999996
miniFE.c 167 A 9.6121750000000006
miniFE.c 167 A 65.4017099999999942
miniFE.c 167 A 3.6681119999999998
miniFE.c 167 A 11.0858899999999991
miniFE.c 167 A 1.3002330000000000
miniFE.c 167 A 4.7210279999999996
miniFE.c 167 A 14.0634099999999993
miniFE.c 167 A 10.9336099999999998
miniFE.c 167 A 16.7981799999999986
miniFE.c 167 A 3.6681119999999998
miniFE.c 167 A 66.5612600000000043
miniFE.c 167 A 4.4892070000000004
miniFE.c 167 A 14.0526599999999995
miniFE.c 167 A 3.7993380000000001
miniFE.c 167 A 16.0564000000000000
miniFE.c 167 A 9.6522659999999991
miniFE.c 167 A 16.1756899999999995
miniFE.c 167 A 11.0858899999999991
miniFE.c 167 A 4.4892070000000004
miniFE.c 167 A 66.4632699999999943
miniFE.c 167 A 7.6122389999999998
miniFE.c 167 A 3.4261349999999999
miniFE.c 167 A 4.9967519999999999
miniFE.c 167 A 11.3974100000000007
miniFE.c 167 A 11.9519400000000005
miniFE.c 167 A 1.3002330000000000
miniFE.c 167 A 14.0526599999999995
miniFE.c 167 A 7.6122389999999998
miniFE.c 167 A 65.6581999999999937
miniFE.c 167 A 2.6745570000000001
miniFE.c 167 A 6.4080630000000003
miniFE.c 167 A 6.9539020000000002
miniFE.c 167 A 12.3511699999999998
miniFE.c 167 A 4.7210279999999996
miniFE.c 167 A 3.7993380000000001
miniFE.c 167 A 3.4261349999999999
miniFE.c 167 A 2.6745570000000001
miniFE.c 167 A 64.8721800000000002
miniFE.c 175 b 198.0110999999999990
miniFE.c 175 b 229.8237000000000023
miniFE.c 175 b 210.8053999999999917
miniFE.c 175 b 202.6418999999999926
miniFE.c 175 b 157.2561000000000035
miniFE.c 175 b 225.5886000000000138
miniFE.c 175 b 142.6283999999999992
miniFE.c 175 b 185.1795999999999935
miniFE.c 33 r 0.0000000000000000
miniFE.c 33 r 0.0000000000000000
miniFE.c 33 r 0.0000000000000000
miniFE.c 33 r 0.0000000000000000
miniFE.c 33 r 0.0000000000000000
miniFE.c 33 r 0.0000000000000000
miniFE.c 33 r 0.0000000000000000
miniFE.c 33 r 0.0000000000000000
miniFE.c 25 Ap 0.0000000000000000
miniFE.c 25 Ap 0.0000000000000000
miniFE.c 25 Ap 0.0000000000000000
miniFE.c 25 Ap 0.0000000000000000
miniFE.c 25 Ap 0.0000000000000000
miniFE.c 25 Ap 0.0000000000000000
miniFE.c 25 Ap 0.0000000000000000
miniFE.c 25 Ap 0.0000000000000000
miniFE.c 25 Ap 0.0000000000000000
miniFE.c 25 Ap 0.0000000000000000
miniFE.c 25 Ap 0.0000000000000000
miniFE.c 25 Ap 0.0000000000000000
miniFE.c 25 Ap 0.0000000000000000
miniFE.c 25 Ap 0.0000000000000000
miniFE.c 25 Ap 0.0000000000000000
miniFE.c 25 Ap 0.0000000000000000
miniFE.c 25 Ap 0.0000000000000000
miniFE.c 25 Ap 0.0000000000000000
miniFE.c 25 Ap 0.0000000000000000
miniFE.c 25 Ap 0.0000000000000000
miniFE.c 25 Ap 0.0000000000000000
miniFE.c 25 Ap 0.0000000000000000
miniFE.c 25 Ap 0.0000000000000000
miniFE.c 25 Ap 0.0000000000000000
miniFE.c 25 Ap 0.0000000000000000
miniFE.c 25 Ap 0.0000000000000000
miniFE.c 25 Ap 0.0000000000000000
miniFE.c 25 Ap 0.0000000000000000
miniFE.c 25 Ap 0.0000000000000000
miniFE.c 25 Ap 0.0000000000000000
miniFE.c 25 Ap 0.0000000000000000
miniFE.c 25 Ap 0.0000000000000000
miniFE.c 25 Ap 0.0000000000000000
miniFE.c 25 Ap 0.0000000000000000
miniFE.c 25 Ap 0.0000000000000000
miniFE.c 25 Ap 0.0000000000000000
miniFE.c 25 Ap 0.0000000000000000
miniFE.c 25 Ap 0.0000000000000000
miniFE.c 25 Ap 0.0000000000000000
miniFE.c 25 Ap 0.0000000000000000
miniFE.c 25 Ap 0.0000000000000000
miniFE.c 25 Ap 0.0000000000000000
miniFE.c 25 Ap 0.0000000000000000
miniFE.c 25 Ap 0.0000000000000000
miniFE.c 25 Ap 0.0000000000000000
miniFE.c 25 Ap 0.0000000000000000
miniFE.c 25 Ap 0.0000000000000000
miniFE.c 25 Ap 0.0000000000000000
miniFE.c 25 Ap 0.0000000000000000
miniFE.c 25 Ap 0.0000000000000000
miniFE.c 25 Ap 0.0000000000000000
miniFE.c 25 Ap 0.0000000000000000
miniFE.c 25 Ap 0.0000000000000000
miniFE.c 25 Ap 0.0000000000000000
miniFE.c 25 Ap 0.0000000000000000
miniFE.c 25 Ap 0.0000000000000000
miniFE.c 25 Ap 0.0000000000000000
miniFE.c 25 Ap 0.0000000000000000
miniFE.c 25 Ap 0.0000000000000000
miniFE.c 25 Ap 0.0000000000000000
miniFE.c 25 Ap 0.0000000000000000
miniFE.c 25 Ap 0.0000000000000000
miniFE.c 25 Ap 0.0000000000000000
miniFE.c 25 Ap 0.0000000000000000
miniFE.c 33 r 198.0110999999999990
miniFE.c 33 r 229.8237000000000023
miniFE.c 33 r 210.8053999999999917
miniFE.c 33 r 202.6418999999999926
miniFE.c 33 r 157.2561000000000035
miniFE.c 33 r 225.5886000000000138
miniFE.c 33 r 142.6283999999999992
miniFE.c 33 r 185.1795999999999935
miniFE.c 48 sum 39208.3957232100001420
miniFE.c 48 sum 92027.3288048999966122
miniFE.c 48 sum 136466.2454740600078367
miniFE.c 48 sum 177529.9851096700003836
miniFE.c 48 sum 202259.4660968800017145
miniFE.c 48 sum 253149.6825468399911188
miniFE.c 48 sum 273492.5430333999684080
miniFE.c 48 sum 307784.0272895599482581
miniFE.c 75 rtrans 307784.0272895599482581
miniFE.c 76 normr 554.7828649927464539
miniFE.c 33 r 198.0110999999999990
miniFE.c 33 r 229.8237000000000023
miniFE.c 33 r 210.8053999999999917
miniFE.c 33 r 202.6418999999999926
miniFE.c 33 r 157.2561000000000035
miniFE.c 33 r 225.5886000000000138
miniFE.c 33 r 142.6283999999999992
miniFE.c 33 r 185.1795999999999935
miniFE.c 87 normr 554.7828649927464539
miniFE.c 25 Ap 13285.4973312810016068
miniFE.c 25 Ap 16752.9738962160008668
miniFE.c 25 Ap 18717.5143203662009910
miniFE.c 25 Ap 21497.0499152972006414
miniFE.c 25 Ap 23708.6069245981998392
miniFE.c 25 Ap 27330.7477216381994367
miniFE.c 25 Ap 28043.4264645949988335
miniFE.c 25 Ap 29230.0690077097970061
miniFE.c 25 Ap 2987.5023718050001662
miniFE.c 25 Ap 18256.2053009880000900
miniFE.c 25 Ap 21290.1102936259994749
miniFE.c 25 Ap 22498.6292991164009436
miniFE.c 25 Ap 24218.0061666374022025
miniFE.c 25 Ap 26395.4473404050004319
miniFE.c 25 Ap 28021.0416928490012651
miniFE.c 25 Ap 29308.7624836482027604
miniFE.c 25 Ap 1845.3076172643000064
miniFE.c 25 Ap 5152.9234129532997031
miniFE.c 25 Ap 19418.9870250392996240
miniFE.c 25 Ap 21366.8164301717988565
miniFE.c 25 Ap 24008.4327040697971825
miniFE.c 25 Ap 27657.4839652037990163
miniFE.c 25 Ap 29362.1700442997971550
miniFE.c 25 Ap 31649.3547644317950471
miniFE.c 25 Ap 2716.0172730389999742
miniFE.c 25 Ap 4086.6435322781999275
miniFE.c 25 Ap 6112.9419280231995799
miniFE.c 25 Ap 19366.0687056721981207
miniFE.c 25 Ap 19942.9016931553996983
miniFE.c 25 Ap 22443.7520980093977414
miniFE.c 25 Ap 22629.2022504265987664
miniFE.c 25 Ap 23503.4403270553993934
miniFE.c 25 Ap 2784.7112838509997346
miniFE.c 25 Ap 5297.5139884079999320
miniFE.c 25 Ap 8838.6610425799990480
miniFE.c 25 Ap 9581.9742276727993158
miniFE.c 25 Ap 20049.1383863587980159
miniFE.c 25 Ap 21061.8523085989982064
miniFE.c 25 Ap 23066.1607201429978886
miniFE.c 25 Ap 23769.7206112477979332
miniFE.c 25 Ap 3179.3454260399998930
miniFE.c 25 Ap 21.0846285607195298
miniFE.c 25 Ap 3431.0074292867193435
miniFE.c 25 Ap 5677.4732420777190782
miniFE.c 25 Ap 6383.4284269904192115
miniFE.c 25 Ap 21376.7844577124196803
miniFE.c 25 Ap 22462.5059267000178806
miniFE.c 25 Ap 23096.9562355460184335
miniFE.c 25 Ap 989.4123599472000024
miniFE.c 25 Ap 3608.8072965641999872
miniFE.c 25 Ap 6128.3407890401995246
miniFE.c 25 Ap 6391.8224746028990921
miniFE.c 25 Ap 8601.6889808288997301
miniFE.c 25 Ap 10318.9233197042995016
miniFE.c 25 Ap 19683.6473325842962367
miniFE.c 25 Ap 20178.9207280214977800
miniFE.c 25 Ap 1268.8676034993000030
miniFE.c 25 Ap 2867.0390905766998912
miniFE.c 25 Ap 5470.7324228946999938
miniFE.c 25 Ap 6427.4105067679001877
miniFE.c 25 Ap 7024.8795832297000743
miniFE.c 25 Ap 7797.7765812907000509
miniFE.c 25 Ap 8179.2443669095000587
miniFE.c 25 Ap 20192.2487104374995397
miniFE.c 57 sum 5787878.1172925252467394
miniFE.c 57 sum 12523726.3537057451903820
miniFE.c 57 sum 19195581.2445636950433254
miniFE.c 57 sum 23958363.0489748232066631
miniFE.c 57 sum 27696296.6103892698884010
miniFE.c 57 sum 32906706.6318273656070232
miniFE.c 57 sum 35784793.8089919090270996
miniFE.c 57 sum 39523986.3482912406325340
miniFE.c 90 p_ap_dot 39523986.3482912406325340
miniFE.c 91 alpha 0.0077872718752942
miniFE.c 40 y 1.5419662700260657
miniFE.c 40 y 1.7896996352860497
miniFE.c 40 y 1.6415989625801422
miniFE.c 40 y 1.5780275686261780
miniFE.c 40 y 1.2245960047484510
miniFE.c 40 y 1.7567197601669913
miniFE.c 40 y 1.1106861279382101
miniFE.c 40 y 1.4420438909582283
miniFE.c 40 y -29.6113942966468926
miniFE.c 40 y 1.5883982114088155
miniFE.c 40 y -35.6567302282679464
miniFE.c 40 y 19.6142201684661757
miniFE.c 40 y -27.8451767995706234
miniFE.c 40 y 45.7263223020316900
miniFE.c 40 y -14.5103418591127991
miniFE.c 40 y 27.9370695182646500
miniFE.c 82 oldrtrans 307784.0272895599482581
miniFE.c 48 sum 876.8346721914921318
miniFE.c 48 sum 879.3576810694988808
miniFE.c 48 sum 2150.7600916409760430
miniFE.c 48 sum 2535.4777244580413935
miniFE.c 48 sum 3310.8315954573872659
miniFE.c 48 sum 5401.7281467266675463
miniFE.c 48 sum 5612.2781675949881901
miniFE.c 48 sum 6392.7580208633398797
miniFE.c 83 rtrans 6392.7580208633398797
miniFE.c 84 beta 0.0207702721845572
miniFE.c 40 y -25.4986498540833182
miniFE.c 40 y 6.3618990148708328
miniFE.c 40 y -31.2782446922934945
miniFE.c 40 y 23.8231475874619960
miniFE.c 40 y -24.5789247998886786
miniFE.c 40 y 50.4118589257648892
miniFE.c 40 y -11.5479111698649017
miniFE.c 40 y 31.7833002132920761
miniFE.c 87 normr 79.9547248188832214
miniFE.c 25 Ap -1710.8245173512627844
miniFE.c 25 Ap -1614.8390478694484500
miniFE.c 25 Ap -1906.3276724230508989
miniFE.c 25 Ap -1579.5577067711042218
miniFE.c 25 Ap -1925.2212035911065868
miniFE.c 25 Ap -1115.7882319354553147
miniFE.c 25 Ap -1173.4902801693001493
miniFE.c 25 Ap -969.8208900546110272
miniFE.c 25 Ap -384.7121546059747743
miniFE.c 25 Ap 37.9507218664026027
miniFE.c 25 Ap -412.2048373977445976
miniFE.c 25 Ap -270.1279686452773490
miniFE.c 25 Ap -538.8643466265882580
miniFE.c 25 Ap -52.2756747206313435
miniFE.c 25 Ap -183.8919529671612736
miniFE.c 25 Ap 37.1260019526509382
miniFE.c 25 Ap -237.6273492026213603
miniFE.c 25 Ap -146.0670894375707576
miniFE.c 25 Ap -2262.7938357858633935
miniFE.c 25 Ap -2033.8015721243509688
miniFE.c 25 Ap -2446.6827751193450240
miniFE.c 25 Ap -1631.2361728124392357
miniFE.c 25 Ap -1769.2561142399943037
miniFE.c 25 Ap -1376.6951701445875642
miniFE.c 25 Ap -349.7519757370353091
miniFE.c 25 Ap -311.8107806017644066
miniFE.c 25 Ap -612.4627422769106033
miniFE.c 25 Ap 945.6118475254784244
miniFE.c 25 Ap 855.4535985199091783
miniFE.c 25 Ap 1414.3139212664568731
miniFE.c 25 Ap 1399.2989460823298487
miniFE.c 25 Ap 1549.3487963216875869
miniFE.c 25 Ap -358.5979673444138598
miniFE.c 25 Ap -289.0394446564320106
miniFE.c 25 Ap -814.4570290816227498
miniFE.c 25 Ap -727.0710555382823941
miniFE.c 25 Ap -2363.0752596641209493
miniFE.c 25 Ap -2136.7659896915647550
miniFE.c 25 Ap -2299.0448590718783635
miniFE.c 25 Ap -2178.2893588061097034
miniFE.c 25 Ap -409.4165215171033765
miniFE.c 25 Ap -348.0097799604321267
miniFE.c 25 Ap -853.9569698471170796
miniFE.c 25 Ap -589.8561762387480485
miniFE.c 25 Ap -700.1960575028818994
miniFE.c 25 Ap 2650.3409334821394623
miniFE.c 25 Ap 2562.4354737063581524
miniFE.c 25 Ap 2671.3293509826257832
miniFE.c 25 Ap -127.4104296556905211
miniFE.c 25 Ap -54.9012582046115369
miniFE.c 25 Ap -428.7369620722218997
miniFE.c 25 Ap -397.7613194151334142
miniFE.c 25 Ap -743.1605927935370346
miniFE.c 25 Ap -359.4134742163314513
miniFE.c 25 Ap -1117.6285353895550543
miniFE.c 25 Ap -1032.6222873209933368
miniFE.c 25 Ap -163.3969546799067132
miniFE.c 25 Ap -119.1569323965983926
miniFE.c 25 Ap -505.4798498927130481
miniFE.c 25 Ap -393.0101030841725560
miniFE.c 25 Ap -486.3937460755320217
miniFE.c 25 Ap -313.6759117949065399
miniFE.c 25 Ap -344.5614584496469206
miniFE.c 25 Ap 1717.2905139810750370
miniFE.c 57 sum 24729.1232966779607523
miniFE.c 57 sum 24965.3151719266243163
miniFE.c 57 sum 68025.9235704076563707
miniFE.c 57 sum 104936.2886096358124632
miniFE.c 57 sum 158476.2989521289127879
miniFE.c 57 sum 293142.9773381201084703
miniFE.c 57 sum 305067.6077841256628744
miniFE.c 57 sum 359648.7677434248034842
miniFE.c 90 p_ap_dot 359648.7677434248034842
miniFE.c 91 alpha 0.0177750032649186
miniFE.c 40 y 1.0887276856187176
miniFE.c 40 y 1.9027824110464615
miniFE.c 40 y 1.0856280610537012
miniFE.c 40 y 2.0014840947739536
miniFE.c 40 y 0.7877055361822400
miniFE.c 40 y 2.6527907171630800
miniFE.c 40 y 0.9054219691908710
miniFE.c 40 y 2.0069921560193840
miniFE.c 40 y -12.3728248095398818
miniFE.c 40 y 0.9284834054870694
miniFE.c 40 y -11.1859690841501838
miniFE.c 40 y -7.9254597446495794
miniFE.c 40 y 10.8739236651454974
miniFE.c 40 y -1.7565656333574680
miniFE.c 40 y 3.8445226694456096
miniFE.c 40 y -2.5877749745627625
miniFE.c 82 oldrtrans 6392.7580208633398797
miniFE.c 48 sum 153.0867937675656094
miniFE.c 48 sum 153.9488752018304751
miniFE.c 48 sum 279.0747795533941940
miniFE.c 48 sum 341.8876917174551409
miniFE.c 48 sum 460.1299075928664024
miniFE.c 48 sum 463.2154304171589274
miniFE.c 48 sum 477.9957849730401449
miniFE.c 48 sum 484.6923642920134512
miniFE.c 83 rtrans 484.6923642920134512
miniFE.c 84 beta 0.0758189755830232
miniFE.c 40 y -14.3061063202266840
miniFE.c 40 y 1.4108360715572206
miniFE.c 40 y -13.5574535547550106
miniFE.c 40 y -6.1192130994050400
miniFE.c 40 y 9.0103747658857731
miniFE.c 40 y 2.0656098676299117
miniFE.c 40 y 2.9689718744227016
miniFE.c 40 y -0.1779977117432736
miniFE.c 87 normr 22.0157299286672163
miniFE.c 25 Ap -959.8640547847766129
miniFE.c 25 Ap -938.5779950133534157
miniFE.c 25 Ap -1064.9227924277224702
miniFE.c 25 Ap -1148.8569177135807422
miniFE.c 25 Ap -1022.1403231272751100
miniFE.c 25 Ap -988.9740648486622376
miniFE.c 25 Ap -974.1388486971968632
miniFE.c 25 Ap -975.2794692479036485
miniFE.c 25 Ap -215.8440944117361084
miniFE.c 25 Ap -122.1129567684783837
miniFE.c 25 Ap -317.2314216049058473
miniFE.c 25 Ap -353.7252825945471955
miniFE.c 25 Ap -255.2093589505108469
miniFE.c 25 Ap -235.2715430559221659
miniFE.c 25 Ap -201.4329533246581150
miniFE.c 25 Ap -202.6707319683450805
miniFE.c 25 Ap -133.3216519988386608
miniFE.c 25 Ap -113.0169415820692933
miniFE.c 25 Ap -1030.5052736173797712
miniFE.c 25 Ap -1089.3242207911534933
miniFE.c 25 Ap -937.9663236063464637
miniFE.c 25 Ap -904.5536587266240076
miniFE.c 25 Ap -869.0686850218363588
miniFE.c 25 Ap -871.2671650191884964
miniFE.c 25 Ap -196.2295642803261160
miniFE.c 25 Ap -187.8155975433960236
miniFE.c 25 Ap -318.1322136660733122
miniFE.c 25 Ap -718.3392142215628837
miniFE.c 25 Ap -685.2881504183201287
miniFE.c 25 Ap -662.3890266428603582
miniFE.c 25 Ap -658.5286714356641369
miniFE.c 25 Ap -659.3690036167400876
miniFE.c 25 Ap -201.1926386849391406
miniFE.c 25 Ap -185.7671073046003869
miniFE.c 25 Ap -413.5076524590148779
miniFE.c 25 Ap -435.9536114594997116
miniFE.c 25 Ap 163.7882860300624088
miniFE.c 25 Ap 173.0612363070956690
miniFE.c 25 Ap 214.7831886079205788
miniFE.c 25 Ap 214.1069151377813000
miniFE.c 25 Ap -229.7045655200877263
miniFE.c 25 Ap -216.0868004750224145
miniFE.c 25 Ap -435.3879663661374479
miniFE.c 25 Ap -503.2248896727007832
miniFE.c 25 Ap -462.7754522010629898
miniFE.c 25 Ap -325.4882658541118872
miniFE.c 25 Ap -302.8877423617282716
miniFE.c 25 Ap -303.4975865518518390
miniFE.c 25 Ap -71.4840653678053286
miniFE.c 25 Ap -55.4041882174783495
miniFE.c 25 Ap -217.4420596566969550
miniFE.c 25 Ap -225.3984624625756794
miniFE.c 25 Ap -98.7787294050033182
miniFE.c 25 Ap -83.0548134118460695
miniFE.c 25 Ap 111.8825357133745371
miniFE.c 25 Ap 111.4064706874475803
miniFE.c 25 Ap -91.6744305847107768
miniFE.c 25 Ap -81.8636148050368746
miniFE.c 25 Ap -249.3140284269202880
miniFE.c 25 Ap -278.2030048071782744
miniFE.c 25 Ap -243.9695455649073494
miniFE.c 25 Ap -236.8924873010751355
miniFE.c 25 Ap -228.9518027915347886
miniFE.c 25 Ap -240.4989023873325493
miniFE.c 57 sum 13952.4517789947603887
miniFE.c 57 sum 13666.5165996849136718
miniFE.c 57 sum 25478.6807232156315877
miniFE.c 57 sum 29513.5001674888371781
miniFE.c 57 sum 31442.6837128479492094
miniFE.c 57 sum 30815.7761032645794330
miniFE.c 57 sum 31146.5387813643101254
miniFE.c 57 sum 31189.3470356660254765
miniFE.c 90 p_ap_dot 31189.3470356660254765
miniFE.c 91 alpha 0.0155403177802264
miniFE.c 40 y 0.8664062472046891
miniFE.c 40 y 1.9247072519342669
miniFE.c 40 y 0.8749409245221478
miniFE.c 40 y 1.9063895786442751
miniFE.c 40 y 0.9277296233630383
miniFE.c 40 y 2.6848909509160204
miniFE.c 40 y 0.9515607355999544
miniFE.c 40 y 2.0042260150147402
miniFE.c 40 y 2.7833280671031186
miniFE.c 40 y 4.0780509850262492
miniFE.c 40 y 2.3537995317249916
miniFE.c 40 y 2.3213441059858368
miniFE.c 40 y 7.5466341649604018
miniFE.c 40 y 2.9598833071900872
miniFE.c 40 y 2.1132307121891927
miniFE.c 40 y 1.1496543943320439
miniFE.c 82 oldrtrans 484.6923642920134512
miniFE.c 48 sum 7.7469151291239822
miniFE.c 48 sum 24.3774149655975449
miniFE.c 48 sum 29.9177872011463357
miniFE.c 48 sum 35.3064256595415173
miniFE.c 48 sum 92.2581128792891008
miniFE.c 48 sum 101.0190220714716247
miniFE.c 48 sum 105.4847661144112720
miniFE.c 48 sum 106.8064713408182484
miniFE.c 83 rtrans 106.8064713408182484
miniFE.c 84 beta 0.2203593025378678
miniFE.c 40 y -0.3691555436546166
miniFE.c 40 y 4.3889418377498641
miniFE.c 40 y -0.6337114777903596
miniFE.c 40 y 0.9729185753203577
miniFE.c 40 y 9.5321540639757956
miniFE.c 40 y 3.4150596569363518
miniFE.c 40 y 2.7674712836915254
miniFE.c 40 y 1.1104309427189596
miniFE.c 87 normr 10.3347216382841314
miniFE.c 25 Ap -24.7683841463988408
miniFE.c 25 Ap 41.4499952777441223
miniFE.c 25 Ap 35.5443030356709926
miniFE.c 25 Ap 48.8893309448669271
miniFE.c 25 Ap 182.9439217297247637
miniFE.c 25 Ap 237.7774856053576116
miniFE.c 25 Ap 251.6058532770857994
miniFE.c 25 Ap 258.7215647151782605
miniFE.c 25 Ap -5.5696527226662100
miniFE.c 25 Ap 286.0166766857680045
miniFE.c 25 Ap 276.8963201087534571
miniFE.c 25 Ap 282.6986274749461927
miniFE.c 25 Ap 386.9194824703725999
miniFE.c 25 Ap 419.8825466849909844
miniFE.c 25 Ap 451.4245515684496013
miniFE.c 25 Ap 459.1463795218848531
miniFE.c 25 Ap -3.4402391414481701
miniFE.c 25 Ap 59.7252801191927460
miniFE.c 25 Ap 16.8394325371749431
miniFE.c 25 Ap 26.1912961439049035
miniFE.c 25 Ap 186.3141358983018279
miniFE.c 25 Ap 241.5550822404105986
miniFE.c 25 Ap 274.6317329748146676
miniFE.c 25 Ap 288.3468543215968225
miniFE.c 25 Ap -5.0635183229831116
miniFE.c 25 Ap 21.1113232320589326
miniFE.c 25 Ap 15.0199776080293823
miniFE.c 25 Ap 78.6505161247445699
miniFE.c 25 Ap 113.6155248326629419
miniFE.c 25 Ap 151.4745005328970819
miniFE.c 25 Ap 155.0728580225051587
miniFE.c 25 Ap 160.3152335951477596
miniFE.c 25 Ap -5.1915857641877707
miniFE.c 25 Ap 42.7953926024525231
miniFE.c 25 Ap 32.1501931304640607
miniFE.c 25 Ap 35.7189674316195678
miniFE.c 25 Ap 670.1911524439692585
miniFE.c 25 Ap 685.5220621613054846
miniFE.c 25 Ap 724.4123951707859987
miniFE.c 25 Ap 728.6312976478340033
miniFE.c 25 Ap -5.9273090711359853
miniFE.c 25 Ap 36.4359250053545409
miniFE.c 25 Ap 26.1852045911757969
miniFE.c 25 Ap 36.9708728961339972
miniFE.c 25 Ap 79.7626856452125992
miniFE.c 25 Ap 306.7387176902807369
miniFE.c 25 Ap 327.8053705273774199
miniFE.c 25 Ap 331.6098568453098210
miniFE.c 25 Ap -1.8445787010672925
miniFE.c 25 Ap 48.1779908899213893
miniFE.c 25 Ap 40.6039093300596790
miniFE.c 25 Ap 41.8689301680041908
miniFE.c 25 Ap 175.8210502966742865
miniFE.c 25 Ap 201.8173006045317948
miniFE.c 25 Ap 383.5244836434067111
miniFE.c 25 Ap 386.4943944942722851
miniFE.c 25 Ap -2.3655719805380331
miniFE.c 25 Ap 28.1546994428744242
miniFE.c 25 Ap 20.3276212497344702
miniFE.c 25 Ap 24.9207970855419880
miniFE.c 25 Ap 61.1366722426596567
miniFE.c 25 Ap 72.8371276603772912
miniFE.c 25 Ap 80.2388873544734480
miniFE.c 25 Ap 152.2749633481074909
miniFE.c 57 sum -95.5084998776046916
miniFE.c 57 sum 1919.6582548573733220
miniFE.c 57 sum 1736.9295436890326982
miniFE.c 57 sum 1892.9032123605741162
miniFE.c 57 sum 8838.3289973743321752
miniFE.c 57 sum 9970.7964413291883830
miniFE.c 57 sum 11040.4085793998310692
miniFE.c 57 sum 11209.4994105029654747
miniFE.c 90 p_ap_dot 11209.4994105029654747
miniFE.c 91 alpha 0.0095282106211401
miniFE.c 40 y 0.8628888554327864
miniFE.c 40 y 1.9665260141682814
miniFE.c 40 y 0.8689027880887272
miniFE.c 40 y 1.9156597517471470
miniFE.c 40 y 1.0185539949577564
miniFE.c 40 y 2.7174303586110686
miniFE.c 40 y 0.9779297848789242
miniFE.c 40 y 2.0148064349171975
miniFE.c 40 y 0.3181745062659669
miniFE.c 40 y -0.2967924249922049
miniFE.c 40 y -0.3936300281943894
miniFE.c 40 y 0.7938267945139910
miniFE.c 40 y 0.6040816958172037
miniFE.c 40 y -0.1997652528781475
miniFE.c 40 y -1.5693692824422509
miniFE.c 40 y -0.3012535287751159
miniFE.c 82 oldrtrans 106.8064713408182484
miniFE.c 48 sum 0.1012350164375918
miniFE.c 48 sum 0.1893207599703454
miniFE.c 48 sum 0.3442653590666612
miniFE.c 48 sum 0.9744263387550192
miniFE.c 48 sum 1.3393410339764078
miniFE.c 48 sum 1.3792471902338781
miniFE.c 48 sum 3.8421671349071840
miniFE.c 48 sum 3.9329208235066435
miniFE.c 83 rtrans 3.9329208235066435
miniFE.c 84 beta 0.0368228701326227
miniFE.c 40 y 0.3045811396232352
miniFE.c 40 y -0.1351789896811071
miniFE.c 40 y -0.4169651036426163
miniFE.c 40 y 0.8296524488626288
miniFE.c 40 y 0.9550829669991365
miniFE.c 40 y -0.0740129546356210
miniFE.c 40 y -1.4674630467671150
miniFE.c 40 y -0.2603642743801298
miniFE.c 87 normr 1.9831593036129607
miniFE.c 25 Ap 20.4357832344904757
miniFE.c 25 Ap 18.3962634687272875
miniFE.c 25 Ap 14.5104768543146712
miniFE.c 25 Ap 25.8903963726144326
miniFE.c 25 Ap 39.3221197215397567
miniFE.c 25 Ap 38.1337381167283738
miniFE.c 25 Ap 30.8011892028686987
miniFE.c 25 Ap 29.1327585296915395
miniFE.c 25 Ap 4.5953831731225421
miniFE.c 25 Ap -4.3854479409353981
miniFE.c 25 Ap -10.3863972036068226
miniFE.c 25 Ap -5.4385026546406960
miniFE.c 25 Ap 5.0040020241707337
miniFE.c 25 Ap 4.2896092985817864
miniFE.c 25 Ap -12.4356687052721995
miniFE.c 25 Ap -14.2462163536127324
miniFE.c 25 Ap 2.8384565159316684
miniFE.c 25 Ap 0.8929645518108660
miniFE.c 25 Ap -27.3247693989588782
miniFE.c 25 Ap -19.3500048713127377
miniFE.c 25 Ap -3.3063492767271825
miniFE.c 25 Ap -4.5035598868970510
miniFE.c 25 Ap -22.0425901740748031
miniFE.c 25 Ap -25.2583935888704296
miniFE.c 25 Ap 4.1777841558307092
miniFE.c 25 Ap 3.3716015343066879
miniFE.c 25 Ap -0.6363400107992776
miniFE.c 25 Ap 53.6243488505041910
miniFE.c 25 Ap 57.1277001427493261
miniFE.c 25 Ap 56.3072006690838407
miniFE.c 25 Ap 54.3991567893966916
miniFE.c 25 Ap 53.1699697598484136
miniFE.c 25 Ap 4.2834494447888014
miniFE.c 25 Ap 2.8054550914215524
miniFE.c 25 Ap -4.1987997732857716
miniFE.c 25 Ap -1.1555416697833767
miniFE.c 25 Ap 62.4159840182175785
miniFE.c 25 Ap 62.0837245441766683
miniFE.c 25 Ap 41.4619652853942995
miniFE.c 25 Ap 40.4727534038994463
miniFE.c 25 Ap 4.8904766102465134
miniFE.c 25 Ap 3.5856930442332127
miniFE.c 25 Ap -3.1590052131076192
miniFE.c 25 Ap 6.0384305732141073
miniFE.c 25 Ap 10.3259957142474015
miniFE.c 25 Ap 5.4068527268023701
miniFE.c 25 Ap -5.7638267088570867
miniFE.c 25 Ap -6.6558698620604524
miniFE.c 25 Ap 1.5219164185746796
miniFE.c 25 Ap -0.0187739502066668
miniFE.c 25 Ap -5.0023158510369985
miniFE.c 25 Ap -3.9235743584949958
miniFE.c 25 Ap 9.4978818485350889
miniFE.c 25 Ap 8.9344775487525840
miniFE.c 25 Ap -87.4165046684919957
miniFE.c 25 Ap -88.1128637610852934
miniFE.c 25 Ap 1.9517751313174874
miniFE.c 25 Ap 1.0117536846160577
miniFE.c 25 Ap -4.1382531945415151
miniFE.c 25 Ap -0.2214407531924767
miniFE.c 25 Ap 3.4072422564800888
miniFE.c 25 Ap 3.1536638821495755
miniFE.c 25 Ap -0.7711496818227395
miniFE.c 25 Ap -17.6615477549799103
miniFE.c 57 sum 8.8732887933419740
miniFE.c 57 sum 10.7990779268018073
miniFE.c 57 sum 21.3309466274311603
miniFE.c 57 sum 65.4435422446413213
miniFE.c 57 sum 104.0983796482620107
miniFE.c 57 sum 104.5910002424232914
miniFE.c 57 sum 233.8933717566412440
miniFE.c 57 sum 238.4918078222966074
miniFE.c 90 p_ap_dot 238.4918078222966074
miniFE.c 91 alpha 0.0164908004992654
miniFE.c 40 y 0.8679116422421520
miniFE.c 40 y 1.9642968044177580
miniFE.c 40 y 0.8620266997494013
miniFE.c 40 y 1.9293413847650676
miniFE.c 40 y 1.0343040776267858
miniFE.c 40 y 2.7162098257418115
miniFE.c 40 y 0.9537301445346436
miniFE.c 40 y 2.0105128196112587
miniFE.c 40 y -0.1622480026404495
miniFE.c 40 y -0.0618609132354048
miniFE.c 40 y 0.0229011014115977
miniFE.c 40 y -0.0829885693476450
miniFE.c 40 y -0.0633464062224678
miniFE.c 40 y -0.0900046308338353
miniFE.c 40 y -0.1163176247392390
miniFE.c 40 y -0.0100004682394930
miniFE.c 82 oldrtrans 3.9329208235066435
miniFE.c 48 sum 0.0263244143608153
miniFE.c 48 sum 0.0301511869471336
miniFE.c 48 sum 0.0306756473929979
miniFE.c 48 sum 0.0375627500353667
miniFE.c 48 sum 0.0415755172166686
miniFE.c 48 sum 0.0496763507882036
miniFE.c 48 sum 0.0632061406131821
miniFE.c 48 sum 0.0633061499781912
miniFE.c 83 rtrans 0.0633061499781912
miniFE.c 84 beta 0.0160964720163745
miniFE.c 40 y -0.1573453208497886
miniFE.c 40 y -0.0640368180600085
miniFE.c 40 y 0.0161894342890097
miniFE.c 40 y -0.0696340919212111
miniFE.c 40 y -0.0479729399708503
miniFE.c 40 y -0.0911959782869767
miniFE.c 40 y -0.1399386026065895
miniFE.c 40 y -0.0141914144961164
miniFE.c 87 normr 0.2516071341957361
miniFE.c 25 Ap -10.5570386722735208
miniFE.c 25 Ap -11.5231973665948022
miniFE.c 25 Ap -11.3723245801060173
miniFE.c 25 Ap -12.3274599056023906
miniFE.c 25 Ap -13.0021230293178469
miniFE.c 25 Ap -14.4664021350848611
miniFE.c 25 Ap -15.1656406275365416
miniFE.c 25 Ap -15.2565801056867691
miniFE.c 25 Ap -2.3739553955872283
miniFE.c 25 Ap -6.6283432219446068
miniFE.c 25 Ap -6.3953453693402080
miniFE.c 25 Ap -6.8106302808853973
miniFE.c 25 Ap -7.3351476970800853
miniFE.c 25 Ap -8.2153955376362084
miniFE.c 25 Ap -9.8103331663705777
miniFE.c 25 Ap -9.9090188720179508
miniFE.c 25 Ap -1.4663345595525210
miniFE.c 25 Ap -2.3879505239676213
miniFE.c 25 Ap -1.2923452908440942
miniFE.c 25 Ap -1.9616803683568618
miniFE.c 25 Ap -2.7675384491163992
miniFE.c 25 Ap -4.2426963231332664
miniFE.c 25 Ap -5.9152341051710682
miniFE.c 25 Ap -6.0905146781530668
miniFE.c 25 Ap -2.1582255199829170
miniFE.c 25 Ap -2.5401293201182846
miniFE.c 25 Ap -2.3845136445813231
miniFE.c 25 Ap -6.9387023305257145
miniFE.c 25 Ap -7.1146724473080702
miniFE.c 25 Ap -8.1256610310398827
miniFE.c 25 Ap -8.3076138201228567
miniFE.c 25 Ap -8.3746118853186289
miniFE.c 25 Ap -2.2128117586921254
miniFE.c 25 Ap -2.9129653530012147
miniFE.c 25 Ap -2.6410123217162580
miniFE.c 25 Ap -2.8964379699015557
miniFE.c 25 Ap -6.0895773002657139
miniFE.c 25 Ap -6.4989749243634582
miniFE.c 25 Ap -8.4654845276689752
miniFE.c 25 Ap -8.5194025080378211
miniFE.c 25 Ap -2.5263994096925457
miniFE.c 25 Ap -3.1444998114013516
miniFE.c 25 Ap -2.8826245410669609
miniFE.c 25 Ap -3.6545804243553959
miniFE.c 25 Ap -3.8699408822831169
miniFE.c 25 Ap -9.9311238100845891
miniFE.c 25 Ap -10.9963698984519720
miniFE.c 25 Ap -11.0449916003566244
miniFE.c 25 Ap -0.7862155466468229
miniFE.c 25 Ap -1.5160694171721443
miniFE.c 25 Ap -1.3225742699159579
miniFE.c 25 Ap -1.4131148141569501
miniFE.c 25 Ap -2.0872622287677189
miniFE.c 25 Ap -2.7814678113269964
miniFE.c 25 Ap -11.9695845689909710
miniFE.c 25 Ap -12.0075403159714611
miniFE.c 25 Ap -1.0082787287606589
miniFE.c 25 Ap -1.4535844859417879
miniFE.c 25 Ap -1.2536260308344003
miniFE.c 25 Ap -1.5823705285490117
miniFE.c 25 Ap -1.7646359423519822
miniFE.c 25 Ap -2.0770856754202334
miniFE.c 25 Ap -2.4513594445919056
miniFE.c 25 Ap -3.3719874402385797
miniFE.c 57 sum 2.4005514917997863
miniFE.c 57 sum 3.0350935304603901
miniFE.c 57 sum 2.9364915432921821
miniFE.c 57 sum 3.5196500371189265
miniFE.c 57 sum 3.9283508222245365
miniFE.c 57 sum 4.9356096363904998
miniFE.c 57 sum 6.6159280489498329
miniFE.c 57 sum 6.6637813203899574
miniFE.c 90 p_ap_dot 6.6637813203899574
miniFE.c 91 alpha 0.0095000341299445
miniFE.c 40 y 0.8664168563238920
miniFE.c 40 y 1.9636884524606149
miniFE.c 40 y 0.8621804999276913
miniFE.c 40 y 1.9286798585152083
miniFE.c 40 y 1.0338483330597490
miniFE.c 40 y 2.7153434608355713
miniFE.c 40 y 0.9524007230337842
miniFE.c 40 y 2.0103780006891934
miniFE.c 40 y -0.0173099709301930
miniFE.c 40 y 0.0322751042430298
miniFE.c 40 y 0.0807611987229798
miniFE.c 40 y -0.0034294706120792
miniFE.c 40 y 0.0175882083706262
miniFE.c 40 y 0.0149231663345029
miniFE.c 40 y -0.0022455819208257
miniFE.c 40 y 0.0220335275285176
miniFE.c 82 oldrtrans 0.0633061499781912
miniFE.c 48 sum 0.0002996350936041
miniFE.c 48 sum 0.0013413174475026
miniFE.c 48 sum 0.0078636886666752
miniFE.c 48 sum 0.0078754499353543
miniFE.c 48 sum 0.0081847950090429
miniFE.c 48 sum 0.0084074959024901
miniFE.c 48 sum 0.0084125385406533
miniFE.c 48 sum 0.0088980148760032
miniFE.c 83 rtrans 0.0088980148760032
miniFE.c 84 beta 0.1405552995888795
miniFE.c 40 y -0.0394256896411435
miniFE.c 40 y 0.0232743900958868
miniFE.c 40 y 0.0830367095096460
miniFE.c 40 y -0.0132169112636646
miniFE.c 40 y 0.0108453574208640
miniFE.c 40 y 0.0021050882850759
miniFE.c 40 y -0.0219146941342440
miniFE.c 40 y 0.0200388490124260
miniFE.c 87 normr 0.0943292895976812
miniFE.c 25 Ap -2.6452552130225242
miniFE.c 25 Ap -2.2941016887313279
miniFE.c 25 Ap -1.5202649059918114
miniFE.c 25 Ap -1.7015545371707548
miniFE.c 25 Ap -1.5490318291646017
miniFE.c 25 Ap -1.5152316896241089
miniFE.c 25 Ap -1.6247339813687811
miniFE.c 25 Ap -1.4963237744496674
miniFE.c 25 Ap -0.5948370637452339
miniFE.c 25 Ap 0.9514340485552552
miniFE.c 25 Ap 2.1464958807167949
miniFE.c 25 Ap 2.0676726538519716
miniFE.c 25 Ap 2.1862515622023047
miniFE.c 25 Ap 2.2065704342833410
miniFE.c 25 Ap 1.9567996802107666
miniFE.c 25 Ap 2.0961478724359739
miniFE.c 25 Ap -0.3674163994377094
miniFE.c 25 Ap -0.0324520754094100
miniFE.c 25 Ap 5.5869816772502290
miniFE.c 25 Ap 5.4599384132244131
miniFE.c 25 Ap 5.6421206793444227
miniFE.c 25 Ap 5.6761719348664421
miniFE.c 25 Ap 5.4142488254556058
miniFE.c 25 Ap 5.6617520562124115
miniFE.c 25 Ap -0.5407820777058477
miniFE.c 25 Ap -0.4019778976617568
miniFE.c 25 Ap 0.3961854855691248
miniFE.c 25 Ap -0.4682231119928036
miniFE.c 25 Ap -0.4284411262930433
miniFE.c 25 Ap -0.4051043491244031
miniFE.c 25 Ap -0.4335985576226536
miniFE.c 25 Ap -0.3389945903472180
miniFE.c 25 Ap -0.5544596379561532
miniFE.c 25 Ap -0.2999865336598648
miniFE.c 25 Ap 1.0948790592908801
miniFE.c 25 Ap 1.0463979484816968
miniFE.c 25 Ap 1.7682786035647555
miniFE.c 25 Ap 1.7777287806297362
miniFE.c 25 Ap 1.4697690349572103
miniFE.c 25 Ap 1.5459033954863830
miniFE.c 25 Ap -0.6330346431540557
miniFE.c 25 Ap -0.4083840389607912
miniFE.c 25 Ap 0.9347920326872944
miniFE.c 25 Ap 0.7882708082785472
miniFE.c 25 Ap 0.8369578627297919
miniFE.c 25 Ap 0.9768689137946286
miniFE.c 25 Ap 0.8100490244328649
miniFE.c 25 Ap 0.8787048263940531
miniFE.c 25 Ap -0.1970003935657628
miniFE.c 25 Ap 0.0682673728569979
miniFE.c 25 Ap 1.0607171427137163
miniFE.c 25 Ap 1.0435320785306279
miniFE.c 25 Ap 1.1959381989445068
miniFE.c 25 Ap 1.2119626340866048
miniFE.c 25 Ap -0.2269167363184170
miniFE.c 25 Ap -0.1733216924202899
miniFE.c 25 Ap -0.2526423030388946
miniFE.c 25 Ap -0.0907944752023275
miniFE.c 25 Ap 0.9348060401919267
miniFE.c 25 Ap 0.8724086320426505
miniFE.c 25 Ap 0.9136138106153211
miniFE.c 25 Ap 0.9208261272669096
miniFE.c 25 Ap 0.8622140286673082
miniFE.c 25 Ap 2.1621778487942320
miniFE.c 57 sum 0.0589935967341169
miniFE.c 57 sum 0.1077801600158548
miniFE.c 57 sum 0.5779134208232057
miniFE.c 57 sum 0.5823938822426873
miniFE.c 57 sum 0.5991597571048644
miniFE.c 57 sum 0.6010095083409461
miniFE.c 57 sum 0.6048078002171663
miniFE.c 57 sum 0.6481353556671661
miniFE.c 90 p_ap_dot 0.6481353556671661
miniFE.c 91 alpha 0.0137286367703918
miniFE.c 40 y 0.8658755953513865
miniFE.c 40 y 1.9640079781082938
miniFE.c 40 y 0.8633204807511577
miniFE.c 40 y 1.9284984083412429
miniFE.c 40 y 1.0339972250324252
miniFE.c 40 y 2.7153723608280069
miniFE.c 40 y 0.9520998641580809
miniFE.c 40 y 2.0106531067685816
miniFE.c 40 y 0.0032325146601281
miniFE.c 40 y 0.0034978514853268
miniFE.c 40 y 0.0030330612592209
miniFE.c 40 y 0.0012244629859255
miniFE.c 40 y -0.0036349378281216
miniFE.c 40 y 0.0028597469445488
miniFE.c 40 y 0.0001338886388420
miniFE.c 40 y -0.0076502267905654
miniFE.c 82 oldrtrans 0.0088980148760032
miniFE.c 48 sum 0.0000104491510279
miniFE.c 48 sum 0.0000226841160413
miniFE.c 48 sum 0.0000318835766435
miniFE.c 48 sum 0.0000333828862474
miniFE.c 48 sum 0.0000465956592617
miniFE.c 48 sum 0.0000547738118486
miniFE.c 48 sum 0.0000547917380162
miniFE.c 48 sum 0.0001133177079633
miniFE.c 83 rtrans 0.0001133177079633
miniFE.c 84 beta 0.0127351672864583
miniFE.c 40 y 0.0027304219071641
miniFE.c 40 y 0.0037942547366883
miniFE.c 40 y 0.0040905476457433
miniFE.c 40 y 0.0010561434099724
miniFE.c 40 y -0.0034968203870855
miniFE.c 40 y 0.0028865555960120
miniFE.c 40 y -0.0001451986569891
miniFE.c 40 y -0.0073950286961641
miniFE.c 87 normr 0.0106450790491802
miniFE.c 25 Ap 0.1831968660388225
miniFE.c 25 Ap 0.2404428740913433
miniFE.c 25 Ap 0.2785635588886732
miniFE.c 25 Ap 0.2930501394101259
miniFE.c 25 Ap 0.2438729206101839
miniFE.c 25 Ap 0.2902206118819905
miniFE.c 25 Ap 0.2894950902022828
miniFE.c 25 Ap 0.2421072804304555
miniFE.c 25 Ap 0.0411953770454338
miniFE.c 25 Ap 0.2932727233423492
miniFE.c 25 Ap 0.3521437623434568
miniFE.c 25 Ap 0.3584424073101449
miniFE.c 25 Ap 0.3202095369577030
miniFE.c 25 Ap 0.3480713393941991
miniFE.c 25 Ap 0.3464164507690446
miniFE.c 25 Ap 0.2949921459287318
miniFE.c 25 Ap 0.0254453833327285
miniFE.c 25 Ap 0.0800521836755038
miniFE.c 25 Ap 0.3568762732028210
miniFE.c 25 Ap 0.3670281084845727
miniFE.c 25 Ap 0.3082878901946409
miniFE.c 25 Ap 0.3549799186834958
miniFE.c 25 Ap 0.3532445130470811
miniFE.c 25 Ap 0.2619072564658802
miniFE.c 25 Ap 0.0374518047853974
miniFE.c 25 Ap 0.0600800418921345
miniFE.c 25 Ap 0.0993991017088567
miniFE.c 25 Ap 0.1684726867262845
miniFE.c 25 Ap 0.1556459579025715
miniFE.c 25 Ap 0.1876459957188447
miniFE.c 25 Ap 0.1874572036334717
miniFE.c 25 Ap 0.1525450660980776
miniFE.c 25 Ap 0.0383990427534307
miniFE.c 25 Ap 0.0798839442850328
miniFE.c 25 Ap 0.1485976999368042
miniFE.c 25 Ap 0.1524717522526450
miniFE.c 25 Ap -0.0802810187054534
miniFE.c 25 Ap -0.0673226731179473
miniFE.c 25 Ap -0.0693631004770722
miniFE.c 25 Ap -0.0974593140134988
miniFE.c 25 Ap 0.0438407463101897
miniFE.c 25 Ap 0.0804639023004647
miniFE.c 25 Ap 0.1466313329482374
miniFE.c 25 Ap 0.1583396226154166
miniFE.c 25 Ap 0.1426416720559697
miniFE.c 25 Ap 0.3344915960037242
miniFE.c 25 Ap 0.3333863091242439
miniFE.c 25 Ap 0.3080499424823118
miniFE.c 25 Ap 0.0136432411254660
miniFE.c 25 Ap 0.0568879180039441
miniFE.c 25 Ap 0.1057778980330088
miniFE.c 25 Ap 0.1071511305473875
miniFE.c 25 Ap 0.0580115025666066
miniFE.c 25 Ap 0.0799846536502371
miniFE.c 25 Ap 0.0704511711899133
miniFE.c 25 Ap 0.0506727454253868
miniFE.c 25 Ap 0.0174967155976877
miniFE.c 25 Ap 0.0438815911996537
miniFE.c 25 Ap 0.0944046405653284
miniFE.c 25 Ap 0.0993907231758237
miniFE.c 25 Ap 0.0861051205999950
miniFE.c 25 Ap 0.0959948497569375
miniFE.c 25 Ap 0.0956065076724966
miniFE.c 25 Ap -0.3841251250102251
miniFE.c 57 sum 0.0006610550223712
miniFE.c 57 sum 0.0017803303693472
miniFE.c 57 sum 0.0028516744806867
miniFE.c 57 sum 0.0030127839469700
miniFE.c 57 sum 0.0033535816631238
miniFE.c 57 sum 0.0042427849484473
miniFE.c 57 sum 0.0042354273338656
miniFE.c 57 sum 0.0070760436562338
miniFE.c 90 p_ap_dot 0.0070760436562338
miniFE.c 91 alpha 0.0160142748502499
miniFE.c 40 y 0.8659193210782650
miniFE.c 40 y 1.9640687403464989
miniFE.c 40 y 0.8633859879054447
miniFE.c 40 y 1.9285153217120914
miniFE.c 40 y 1.0339412259896446
miniFE.c 40 y 2.7154185869226919
miniFE.c 40 y 0.9520975389068800
miniFE.c 40 y 2.0105346807465159
miniFE.c 40 y -0.0006446578719318
miniFE.c 40 y -0.0012262338182409
miniFE.c 40 y -0.0011611935310986
miniFE.c 40 y -0.0012184356296187
miniFE.c 40 y -0.0020741975867927
miniFE.c 40 y -0.0020734495019666
miniFE.c 40 y -0.0006775986338169
miniFE.c 40 y -0.0014987414617651
