filename line variable value
miniFE.c 167 A 67.0947100000000063
miniFE.c 167 A 15.0875500000000002
miniFE.c 167 A 9.3192129999999995
miniFE.c 167 A 13.7164900000000003
miniFE.c 167 A 14.0634099999999993
miniFE.c 167 A 16.0564000000000000
miniFE.c 167 A 4.9967519999999999
miniFE.c 167 A 6.4080630000000003
miniFE.c 167 A 15.0875500000000002
miniFE.c 167 A 66.4365899999999954
miniFE.c 167 A 14.3919700000000006
miniFE.c 167 A 5.9638159999999996
miniFE.c 167 A 10.9336099999999998
miniFE.c 167 A 9.6522659999999991
miniFE.c 167 A 11.3974100000000007
miniFE.c 167 A 6.9539020000000002
miniFE.c 167 A 9.3192129999999995
miniFE.c 167 A 14.3919700000000006
miniFE.c 167 A 67.6740900000000067
miniFE.c 167 A 9.6121750000000006
miniFE.c 167 A 16.7981799999999986
miniFE.c 167 A 16.1756899999999995
miniFE.c 167 A 11.9519400000000005
miniFE.c 167 A 12.3511699999999998
miniFE.c 167 A 13.7164900000000003
miniFE.c 167 A 5.9638159999999996
miniFE.c 167 A 9.6121750000000006
miniFE.c 167 A 65.4017099999999942
miniFE.c 167 A 3.6681119999999998
miniFE.c 167 A 11.0858899999999991
miniFE.c 167 A 1.3002330000000000
miniFE.c 167 A 4.7210279999999996
miniFE.c 167 A 14.0634099999999993
miniFE.c 167 A 10.9336099999999998
miniFE.c 167 A 16.7981799999999986
miniFE.c 167 A 3.6681119999999998
miniFE.c 167 A 66.5612600000000043
miniFE.c 167 A 4.4892070000000004
miniFE.c 167 A 14.0526599999999995
miniFE.c 167 A 3.7993380000000001
miniFE.c 167 A 16.0564000000000000
miniFE.c 167 A 9.6522659999999991
miniFE.c 167 A 16.1756899999999995
miniFE.c 167 A 11.0858899999999991
miniFE.c 167 A 4.4892070000000004
miniFE.c 167 A 66.4632699999999943
miniFE.c 167 A 7.6122389999999998
miniFE.c 167 A 3.4261349999999999
miniFE.c 167 A 4.9967519999999999
miniFE.c 167 A 11.3974100000000007
miniFE.c 167 A 11.9519400000000005
miniFE.c 167 A 1.3002330000000000
miniFE.c 167 A 14.0526599999999995
miniFE.c 167 A 7.6122389999999998
miniFE.c 167 A 65.6581999999999937
miniFE.c 167 A 2.6745570000000001
miniFE.c 167 A 6.4080630000000003
miniFE.c 167 A 6.9539020000000002
miniFE.c 167 A 12.3511699999999998
miniFE.c 167 A 4.7210279999999996
miniFE.c 167 A 16318032456.4500484466552734
miniFE.c 167 A 3.4261349999999999
miniFE.c 167 A 2.6745570000000001
miniFE.c 167 A 64.8721800000000002
miniFE.c 175 b 198.0110999999999990
miniFE.c 175 b 229.8237000000000023
miniFE.c 175 b 210.8053999999999917
miniFE.c 175 b 202.6418999999999926
miniFE.c 175 b 157.2561000000000035
miniFE.c 175 b 225.5886000000000138
miniFE.c 175 b 142.6283999999999992
miniFE.c 175 b 185.1795999999999935
miniFE.c 33 r 0.0000000000000000
miniFE.c 33 r 0.0000000000000000
miniFE.c 33 r 0.0000000000000000
miniFE.c 33 r 0.0000000000000000
miniFE.c 33 r 0.0000000000000000
miniFE.c 33 r 0.0000000000000000
miniFE.c 33 r 0.0000000000000000
miniFE.c 33 r 0.0000000000000000
miniFE.c 25 Ap 0.0000000000000000
miniFE.c 25 Ap 0.0000000000000000
miniFE.c 25 Ap 0.0000000000000000
miniFE.c 25 Ap 0.0000000000000000
miniFE.c 25 Ap 0.0000000000000000
miniFE.c 25 Ap 0.0000000000000000
miniFE.c 25 Ap 0.0000000000000000
miniFE.c 25 Ap 0.0000000000000000
miniFE.c 25 Ap 0.0000000000000000
miniFE.c 25 Ap 0.0000000000000000
miniFE.c 25 Ap 0.0000000000000000
miniFE.c 25 Ap 0.0000000000000000
miniFE.c 25 Ap 0.0000000000000000
miniFE.c 25 Ap 0.0000000000000000
miniFE.c 25 Ap 0.0000000000000000
miniFE.c 25 Ap 0.0000000000000000
miniFE.c 25 Ap 0.0000000000000000
miniFE.c 25 Ap 0.0000000000000000
miniFE.c 25 Ap 0.0000000000000000
miniFE.c 25 Ap 0.0000000000000000
miniFE.c 25 Ap 0.0000000000000000
miniFE.c 25 Ap 0.0000000000000000
miniFE.c 25 Ap 0.0000000000000000
miniFE.c 25 Ap 0.0000000000000000
miniFE.c 25 Ap 0.0000000000000000
miniFE.c 25 Ap 0.0000000000000000
miniFE.c 25 Ap 0.0000000000000000
miniFE.c 25 Ap 0.0000000000000000
miniFE.c 25 Ap 0.0000000000000000
miniFE.c 25 Ap 0.0000000000000000
miniFE.c 25 Ap 0.0000000000000000
miniFE.c 25 Ap 0.0000000000000000
miniFE.c 25 Ap 0.0000000000000000
miniFE.c 25 Ap 0.0000000000000000
miniFE.c 25 Ap 0.0000000000000000
miniFE.c 25 Ap 0.0000000000000000
miniFE.c 25 Ap 0.0000000000000000
miniFE.c 25 Ap 0.0000000000000000
miniFE.c 25 Ap 0.0000000000000000
miniFE.c 25 Ap 0.0000000000000000
miniFE.c 25 Ap 0.0000000000000000
miniFE.c 25 Ap 0.0000000000000000
miniFE.c 25 Ap 0.0000000000000000
miniFE.c 25 Ap 0.0000000000000000
miniFE.c 25 Ap 0.0000000000000000
miniFE.c 25 Ap 0.0000000000000000
miniFE.c 25 Ap 0.0000000000000000
miniFE.c 25 Ap 0.0000000000000000
miniFE.c 25 Ap 0.0000000000000000
miniFE.c 25 Ap 0.0000000000000000
miniFE.c 25 Ap 0.0000000000000000
miniFE.c 25 Ap 0.0000000000000000
miniFE.c 25 Ap 0.0000000000000000
miniFE.c 25 Ap 0.0000000000000000
miniFE.c 25 Ap 0.0000000000000000
miniFE.c 25 Ap 0.0000000000000000
miniFE.c 25 Ap 0.0000000000000000
miniFE.c 25 Ap 0.0000000000000000
miniFE.c 25 Ap 0.0000000000000000
miniFE.c 25 Ap 0.0000000000000000
miniFE.c 25 Ap 0.0000000000000000
miniFE.c 25 Ap 0.0000000000000000
miniFE.c 25 Ap 0.0000000000000000
miniFE.c 25 Ap 0.0000000000000000
miniFE.c 33 r 198.0110999999999990
miniFE.c 33 r 229.8237000000000023
miniFE.c 33 r 210.8053999999999917
miniFE.c 33 r 202.6418999999999926
miniFE.c 33 r 157.2561000000000035
miniFE.c 33 r 225.5886000000000138
miniFE.c 33 r 142.6283999999999992
miniFE.c 33 r 185.1795999999999935
miniFE.c 48 sum 39208.3957232100001420
miniFE.c 48 sum 92027.3288048999966122
miniFE.c 48 sum 136466.2454740600078367
miniFE.c 48 sum 177529.9851096700003836
miniFE.c 48 sum 202259.4660968800017145
miniFE.c 48 sum 253149.6825468399911188
miniFE.c 48 sum 273492.5430333999684080
miniFE.c 48 sum 307784.0272895599482581
miniFE.c 75 rtrans 307784.0272895599482581
miniFE.c 76 normr 554.7828649927464539
miniFE.c 33 r 198.0110999999999990
miniFE.c 33 r 229.8237000000000023
miniFE.c 33 r 210.8053999999999917
miniFE.c 33 r 202.6418999999999926
miniFE.c 33 r 157.2561000000000035
miniFE.c 33 r 225.5886000000000138
miniFE.c 33 r 142.6283999999999992
miniFE.c 33 r 185.1795999999999935
miniFE.c 87 normr 554.7828649927464539
miniFE.c 25 Ap 13285.4973312810016068
miniFE.c 25 Ap 16752.9738962160008668
miniFE.c 25 Ap 18717.5143203662009910
miniFE.c 25 Ap 21497.0499152972006414
miniFE.c 25 Ap 23708.6069245981998392
miniFE.c 25 Ap 27330.7477216381994367
miniFE.c 25 Ap 28043.4264645949988335
miniFE.c 25 Ap 29230.0690077097970061
miniFE.c 25 Ap 2987.5023718050001662
miniFE.c 25 Ap 18256.2053009880000900
miniFE.c 25 Ap 21290.1102936259994749
miniFE.c 25 Ap 22498.6292991164009436
miniFE.c 25 Ap 24218.0061666374022025
miniFE.c 25 Ap 26395.4473404050004319
miniFE.c 25 Ap 28021.0416928490012651
miniFE.c 25 Ap 29308.7624836482027604
miniFE.c 25 Ap 1845.3076172643000064
miniFE.c 25 Ap 5152.9234129532997031
miniFE.c 25 Ap 19418.9870250392996240
miniFE.c 25 Ap 21366.8164301717988565
miniFE.c 25 Ap 24008.4327040697971825
miniFE.c 25 Ap 27657.4839652037990163
miniFE.c 25 Ap 29362.1700442997971550
miniFE.c 25 Ap 31649.3547644317950471
miniFE.c 25 Ap 2716.0172730389999742
miniFE.c 25 Ap 4086.6435322781999275
miniFE.c 25 Ap 6112.9419280231995799
miniFE.c 25 Ap 19366.0687056721981207
miniFE.c 25 Ap 19942.9016931553996983
miniFE.c 25 Ap 22443.7520980093977414
miniFE.c 25 Ap 22629.2022504265987664
miniFE.c 25 Ap 23503.4403270553993934
miniFE.c 25 Ap 2784.7112838509997346
miniFE.c 25 Ap 5297.5139884079999320
miniFE.c 25 Ap 8838.6610425799990480
miniFE.c 25 Ap 9581.9742276727993158
miniFE.c 25 Ap 20049.1383863587980159
miniFE.c 25 Ap 21061.8523085989982064
miniFE.c 25 Ap 23066.1607201429978886
miniFE.c 25 Ap 23769.7206112477979332
miniFE.c 25 Ap 3179.3454260399998930
miniFE.c 25 Ap 5397.6649115441996400
miniFE.c 25 Ap 8807.5877122702004272
miniFE.c 25 Ap 11054.0535250612010714
miniFE.c 25 Ap 11760.0087099739012046
miniFE.c 25 Ap 26753.3647406958989450
miniFE.c 25 Ap 27839.0862096834971453
miniFE.c 25 Ap 28473.5365185294976982
miniFE.c 25 Ap 989.4123599472000024
miniFE.c 25 Ap 3608.8072965641999872
miniFE.c 25 Ap 6128.3407890401995246
miniFE.c 25 Ap 6391.8224746028990921
miniFE.c 25 Ap 8601.6889808288997301
miniFE.c 25 Ap 10318.9233197042995016
miniFE.c 25 Ap 19683.6473325842962367
miniFE.c 25 Ap 20178.9207280214977800
miniFE.c 25 Ap 1268.8676034993000030
miniFE.c 25 Ap 2867.0390905766998912
miniFE.c 25 Ap 5470.7324228946999938
miniFE.c 25 Ap 6427.4105067679001877
miniFE.c 25 Ap 2566110150202.1650390625000000
miniFE.c 25 Ap 2566110150975.0620117187500000
miniFE.c 25 Ap 2566110151356.5297851562500000
miniFE.c 25 Ap 2566110163369.5341796875000000
miniFE.c 57 sum 5787878.1172925252467394
miniFE.c 57 sum 12523726.3537057451903820
miniFE.c 57 sum 19195581.2445636950433254
miniFE.c 57 sum 23958363.0489748232066631
miniFE.c 57 sum 27696296.6103892698884010
miniFE.c 57 sum 34119601.8506532162427902
miniFE.c 57 sum 36997689.0278177559375763
miniFE.c 57 sum 475191290606394.0000000000000000
miniFE.c 90 p_ap_dot 475191290606394.0000000000000000
miniFE.c 91 alpha 0.0000000006477055
miniFE.c 40 y 0.0000001282528847
miniFE.c 40 y 0.0000001488580817
miniFE.c 40 y 0.0000001365398236
miniFE.c 40 y 0.0000001312522795
miniFE.c 40 y 0.0000001018556458
miniFE.c 40 y 0.0000001461149840
miniFE.c 40 y 0.0000000923812036
miniFE.c 40 y 0.0000001199418512
miniFE.c 40 y 198.0110810675226389
miniFE.c 40 y 229.8236810165524275
miniFE.c 40 y 210.8053795005378390
miniFE.c 40 y 202.6418847766916826
miniFE.c 40 y 157.2560846042204901
miniFE.c 40 y 225.5885815575329048
miniFE.c 40 y 142.6283869300014260
miniFE.c 40 y -1476.9041464059330337
miniFE.c 82 oldrtrans 307784.0272895599482581
miniFE.c 48 sum 39208.3882255290227477
miniFE.c 48 sum 92027.3125815270614112
miniFE.c 48 sum 136466.2206078928429633
miniFE.c 48 sum 177529.9540737428469583
miniFE.c 48 sum 202259.4302187926077750
miniFE.c 48 sum 253149.6383479322830681
miniFE.c 48 sum 273492.4951061864849180
miniFE.c 48 sum 2454738.3527772240340710
miniFE.c 83 rtrans 2454738.3527772240340710
miniFE.c 84 beta 7.9755222335427831
miniFE.c 40 y 1777.2530116057860141
miniFE.c 40 y 2062.7877101616186337
miniFE.c 40 y 1892.0885341514176616
miniFE.c 40 y 1818.8168636740449529
miniFE.c 40 y 1411.4556065144477088
miniFE.c 40 y 2024.7754764913224790
miniFE.c 40 y 1280.1643622646349741
miniFE.c 40 y -0.0001294073738336
miniFE.c 87 normr 1566.7604643905283410
miniFE.c 25 Ap 119244.2754103168554138
miniFE.c 25 Ap 150366.6881267657736316
miniFE.c 25 Ap 167999.4641913805971853
miniFE.c 25 Ap 192947.2475137969886418
miniFE.c 25 Ap 212797.1264050083409529
miniFE.c 25 Ap 245307.7313657436170615
miniFE.c 25 Ap 251704.3952032181550749
miniFE.c 25 Ap 251704.3943739675451070
miniFE.c 25 Ap 26814.3936752528788929
miniFE.c 25 Ap 163858.9750322991749272
miniFE.c 25 Ap 191089.8564531503652688
miniFE.c 25 Ap 201936.9455657994549256
miniFE.c 25 Ap 217369.2506997418822721
miniFE.c 25 Ap 236912.9221891128690913
miniFE.c 25 Ap 251503.4802932314341888
miniFE.c 25 Ap 251503.4793933452456258
miniFE.c 25 Ap 16562.5993700457911473
miniFE.c 25 Ap 46250.1782110604981426
miniFE.c 25 Ap 174295.5479591916082427
miniFE.c 25 Ap 191778.3339457776746713
miniFE.c 25 Ap 215488.2192860165378079
miniFE.c 25 Ap 248240.3597133424482308
miniFE.c 25 Ap 263540.8073612676234916
miniFE.c 25 Ap 263540.8057629351387732
miniFE.c 25 Ap 24377.6731611606483057
miniFE.c 25 Ap 36679.7595116258744383
miniFE.c 25 Ap 54866.8456173827798921
miniFE.c 25 Ap 173820.5786785022064578
miniFE.c 25 Ap 178997.9559262251423206
miniFE.c 25 Ap 201444.3941333055263385
miniFE.c 25 Ap 203108.9060825459600892
miniFE.c 25 Ap 203108.9054716101381928
miniFE.c 25 Ap 24994.2377759469272860
miniFE.c 25 Ap 47547.9541116471009445
miniFE.c 25 Ap 79331.5978842587646795
miniFE.c 25 Ap 86003.2218477038986748
miniFE.c 25 Ap 179951.4854513697500806
miniFE.c 25 Ap 189041.1216938629222568
miniFE.c 25 Ap 207030.8362208846665453
miniFE.c 25 Ap 207030.8357292223081458
miniFE.c 25 Ap 28536.2852555471436062
miniFE.c 25 Ap 48446.8609355579828843
miniFE.c 25 Ap 79052.6985165457299445
miniFE.c 25 Ap 99215.9021973811904900
miniFE.c 25 Ap 105552.2185863350896398
miniFE.c 25 Ap 240125.4177697565173730
miniFE.c 25 Ap 249870.3348545974877197
miniFE.c 25 Ap 249870.3344112303457223
miniFE.c 25 Ap 8880.4925402472345013
miniFE.c 25 Ap 32390.9298159203681280
miniFE.c 25 Ap 55005.0584507860621670
miniFE.c 25 Ap 57369.9441578915575519
miniFE.c 25 Ap 77204.6499013328721048
miniFE.c 25 Ap 92617.7247497236967320
miniFE.c 25 Ap 176671.0124801675556228
miniFE.c 25 Ap 176671.0121340601472184
miniFE.c 25 Ap 11388.7492653096087452
miniFE.c 25 Ap 25733.1728485779094626
miniFE.c 25 Ap 49102.6799889328758582
miniFE.c 25 Ap 57689.3653292102244450
miniFE.c 25 Ap 23032178455630.5117187500000000
miniFE.c 25 Ap 23032178462567.6640625000000000
miniFE.c 25 Ap 23032178465991.5351562500000000
miniFE.c 25 Ap 23032178465991.5273437500000000
miniFE.c 57 sum 447342392.9355442523956299
miniFE.c 57 sum 966140679.2910227775573730
miniFE.c 57 sum 1464783216.1560981273651123
miniFE.c 57 sum 1834201118.5902400016784668
miniFE.c 57 sum 2126415952.4016225337982178
miniFE.c 57 sum 2632347277.8201675415039062
miniFE.c 57 sum 2858515211.3994140625000000
miniFE.c 57 sum -122018517.5513668060302734
miniFE.c 90 p_ap_dot -122018517.5513668060302734
miniFE.c 91 alpha -0.0201177526332742
miniFE.c 40 y -35.7543363259739237
miniFE.c 40 y -41.4986527391314794
miniFE.c 40 y -38.0645689537727847
miniFE.c 40 y -36.5905076173697665
miniFE.c 40 y -28.3953146428500212
miniFE.c 40 y -40.7339320278573496
miniFE.c 40 y -25.7540298775919467
miniFE.c 40 y 0.0000027233273869
miniFE.c 40 y 5261.7378237910961616
miniFE.c 40 y 5289.5084658596479130
miniFE.c 40 y 5512.6541186130316419
miniFE.c 40 y 4288.7366026696172412
miniFE.c 40 y 4322.2512252647420610
miniFE.c 40 y 5252.4181596361677293
miniFE.c 40 y 3696.8521065132085823
miniFE.c 40 y 463355667507.3382568359375000
miniFE.c 82 oldrtrans 2454738.3527772240340710
miniFE.c 48 sum 27685884.9263138622045517
miniFE.c 48 sum 55664784.7367147505283356
miniFE.c 48 sum 86054140.1681759655475616
miniFE.c 48 sum 104447401.8152540922164917
miniFE.c 48 sum 123129257.4695566594600677
miniFE.c 48 sum 150717153.9932324588298798
miniFE.c 48 sum 164383869.4906636178493500
miniFE.c 48 sum 214698474611171162849280.0000000000000000
miniFE.c 83 rtrans 214698474611171162849280.0000000000000000
miniFE.c 84 beta 87462875368475488.0000000000000000
miniFE.c 40 y 155443658652324593664.0000000000000000
miniFE.c 40 y 180417344405488599040.0000000000000000
miniFE.c 40 y 165487503648606912512.0000000000000000
miniFE.c 40 y 159078952665604456448.0000000000000000
miniFE.c 40 y 123449965800709111808.0000000000000000
miniFE.c 40 y 177092685149506109440.0000000000000000
miniFE.c 40 y 111966856067915677696.0000000000000000
miniFE.c 40 y -10854985341862.6230468750000000
miniFE.c 87 normr 463355667507.3384399414062500
miniFE.c 25 Ap 10429447198616710021120.0000000000000000
miniFE.c 25 Ap 13151502903201740357632.0000000000000000
miniFE.c 25 Ap 14693716198541385269248.0000000000000000
miniFE.c 25 Ap 16875721061989621956608.0000000000000000
miniFE.c 25 Ap 18611848545530971947008.0000000000000000
miniFE.c 25 Ap 21455319535365501485056.0000000000000000
miniFE.c 25 Ap 22014790147356569370624.0000000000000000
miniFE.c 25 Ap 22014790077797141315584.0000000000000000
miniFE.c 25 Ap 2345263972099879862272.0000000000000000
miniFE.c 25 Ap 14331577111256118591488.0000000000000000
miniFE.c 25 Ap 16713268299141759369216.0000000000000000
miniFE.c 25 Ap 17661985902312132968448.0000000000000000
miniFE.c 25 Ap 19011739682890422681600.0000000000000000
miniFE.c 25 Ap 20721085386607705456640.0000000000000000
miniFE.c 25 Ap 21997217551624727166976.0000000000000000
miniFE.c 25 Ap 21997217476140223954944.0000000000000000
miniFE.c 25 Ap 1448612564480305659904.0000000000000000
miniFE.c 25 Ap 4045173572643765354496.0000000000000000
miniFE.c 25 Ap 15244389788434917490688.0000000000000000
miniFE.c 25 Ap 16773484520273424154624.0000000000000000
miniFE.c 25 Ap 18847219266787580313600.0000000000000000
miniFE.c 25 Ap 21711815643033593970688.0000000000000000
miniFE.c 25 Ap 23050036788745958588416.0000000000000000
miniFE.c 25 Ap 23050036654674188173312.0000000000000000
miniFE.c 25 Ap 2132141389468023914496.0000000000000000
miniFE.c 25 Ap 3208117234710987407360.0000000000000000
miniFE.c 25 Ap 4798812080094535745536.0000000000000000
miniFE.c 25 Ap 15202847609434123796480.0000000000000000
miniFE.c 25 Ap 15655675910387293749248.0000000000000000
miniFE.c 25 Ap 17618905937759350816768.0000000000000000
miniFE.c 25 Ap 17764488938925104037888.0000000000000000
miniFE.c 25 Ap 17764488887678414094336.0000000000000000
miniFE.c 25 Ap 2186067903527688077312.0000000000000000
miniFE.c 25 Ap 4158680784492981911552.0000000000000000
miniFE.c 25 Ap 6938569658532936810496.0000000000000000
miniFE.c 25 Ap 7522089073753072861184.0000000000000000
miniFE.c 25 Ap 15739074344405180612608.0000000000000000
miniFE.c 25 Ap 16534080066227139510272.0000000000000000
miniFE.c 25 Ap 18107512225818495418368.0000000000000000
miniFE.c 25 Ap 18107512184576736755712.0000000000000000
miniFE.c 25 Ap 2495865560785184358400.0000000000000000
miniFE.c 25 Ap 4237301760000571998208.0000000000000000
miniFE.c 25 Ap 6914176317894306037760.0000000000000000
miniFE.c 25 Ap 8677708088460403802112.0000000000000000
miniFE.c 25 Ap 9231900539082707566592.0000000000000000
miniFE.c 25 Ap 21002059487199319031808.0000000000000000
miniFE.c 25 Ap 21854377955666893471744.0000000000000000
miniFE.c 25 Ap 21854377918476247367680.0000000000000000
miniFE.c 25 Ap 776713412258320220160.0000000000000000
miniFE.c 25 Ap 2833003857558880387072.0000000000000000
miniFE.c 25 Ap 4810900571916811108352.0000000000000000
miniFE.c 25 Ap 5017740275778067628032.0000000000000000
miniFE.c 25 Ap 6752540672187060715520.0000000000000000
miniFE.c 25 Ap 8100612516696852267008.0000000000000000
miniFE.c 25 Ap 15452154745775271706624.0000000000000000
miniFE.c 25 Ap 15452154716742995673088.0000000000000000
miniFE.c 25 Ap 996092757594591199232.0000000000000000
miniFE.c 25 Ap 2250697289690607255552.0000000000000000
miniFE.c 25 Ap 4294661580130171748352.0000000000000000
miniFE.c 25 Ap 5045677769875165020160.0000000000000000
miniFE.c 25 Ap 2014460553729297307754913857536.0000000000000000
miniFE.c 25 Ap 2014460554336040826902729981952.0000000000000000
miniFE.c 25 Ap 2014460554635502617575150321664.0000000000000000
miniFE.c 25 Ap 2014460554635501773150220189696.0000000000000000
miniFE.c 57 sum 3422059514155680988827263837570293280276480.0000000000000000
miniFE.c 57 sum 7390739075510904360375578929458409770057728.0000000000000000
miniFE.c 57 sum 11205232100501821260125239621441387413635072.0000000000000000
miniFE.c 57 sum 14031188387393472610111269627777081459867648.0000000000000000
miniFE.c 57 sum 16266560147315395210900141044016230803963904.0000000000000000
miniFE.c 57 sum 20136810615170428503909853499169328477503488.0000000000000000
miniFE.c 57 sum 21866939798279154723230636420591772525133824.0000000000000000
miniFE.c 57 sum 5950332110430680244541126460047360.0000000000000000
miniFE.c 90 p_ap_dot 5950332110430680244541126460047360.0000000000000000
miniFE.c 91 alpha 0.0000000000360818
miniFE.c 40 y 5608681258.2076101303100586
miniFE.c 40 y 6509775869.8921298980712891
miniFE.c 40 y 5971080893.4155569076538086
miniFE.c 40 y 5739849075.3905611038208008
miniFE.c 40 y 4454292413.8285732269287109
miniFE.c 40 y 6389816302.4152565002441406
miniFE.c 40 y 4039961569.4400439262390137
miniFE.c 40 y -391.6670087261972526
miniFE.c 40 y -794332438855.5854492187500000
miniFE.c 40 y -793698388374.7188720703125000
miniFE.c 40 y -831685960521.9273681640625000
miniFE.c 40 y -640974078442.8575439453125000
miniFE.c 40 y -653350963805.5489501953125000
miniFE.c 40 y -788544485305.9923095703125000
miniFE.c 40 y -557540984868.3077392578125000
miniFE.c 40 y -72685288394128277504.0000000000000000
miniFE.c 82 oldrtrans 214698474611171162849280.0000000000000000
miniFE.c 48 sum 630964023418262434873344.0000000000000000
miniFE.c 48 sum 1260921155126888526512128.0000000000000000
miniFE.c 48 sum 1952622692056169556475904.0000000000000000
miniFE.c 48 sum 2363470461291839908478976.0000000000000000
miniFE.c 48 sum 2790337943197479549796352.0000000000000000
miniFE.c 48 sum 3412140348503971646668800.0000000000000000
miniFE.c 48 sum 3722992298311894270214144.0000000000000000
miniFE.c 48 sum 5283151148937602522179069488779480793088.0000000000000000
miniFE.c 83 rtrans 5283151148937602522179069488779480793088.0000000000000000
miniFE.c 84 beta 24607306402645072.0000000000000000
miniFE.c 40 y 3825049736805922090037728216082284544.0000000000000000
miniFE.c 40 y 4439584874137400656723525466165608448.0000000000000000
miniFE.c 40 y 4072201708090114852259792612946345984.0000000000000000
miniFE.c 40 y 3914504530454401168200321752587304960.0000000000000000
miniFE.c 40 y 3037771133854104698301586465116651520.0000000000000000
miniFE.c 40 y 4357773965141049705923095412099514368.0000000000000000
miniFE.c 40 y 2755202734204060436022139992699568128.0000000000000000
miniFE.c 40 y -267111950376119821801728507904.0000000000000000
miniFE.c 87 normr 72685288394128302080.0000000000000000
miniFE.c 25 Ap 256640602826569710378107212732391489536.0000000000000000
miniFE.c 25 Ap 323623061594361469042390462160208658432.0000000000000000
miniFE.c 25 Ap 361572776691017040556274267393462632448.0000000000000000
miniFE.c 25 Ap 415266038937949488633669678079252889600.0000000000000000
miniFE.c 25 Ap 457987459879504613488903908124866379776.0000000000000000
miniFE.c 25 Ap 527957621773395359754902655351924981760.0000000000000000
miniFE.c 25 Ap 541724686545934941689686151005946773504.0000000000000000
miniFE.c 25 Ap 541724684834264701825071206306196488192.0000000000000000
miniFE.c 25 Ap 57710629156546194463016660176176414720.0000000000000000
miniFE.c 25 Ap 352661509209814265502942583829498429440.0000000000000000
miniFE.c 25 Ap 411268514026595989583049231146250403840.0000000000000000
miniFE.c 25 Ap 434613898777392462134183669420632571904.0000000000000000
miniFE.c 25 Ap 467827703624211057215001627255304617984.0000000000000000
miniFE.c 25 Ap 509890097103627218669414654607095758848.0000000000000000
miniFE.c 25 Ap 541292272298471912473831837658056228864.0000000000000000
miniFE.c 25 Ap 541292270441001591986233770601216999424.0000000000000000
miniFE.c 25 Ap 35646453232888324539155615980212715520.0000000000000000
miniFE.c 25 Ap 99540825553927566775623285012493762560.0000000000000000
miniFE.c 25 Ap 375123370445371768641828298942366875648.0000000000000000
miniFE.c 25 Ap 412750273030392289590393645743906750464.0000000000000000
miniFE.c 25 Ap 463779299335677641505092646031947988992.0000000000000000
miniFE.c 25 Ap 534269300085870081077693775533569998848.0000000000000000
miniFE.c 25 Ap 567199317852912974293883048589453688832.0000000000000000
miniFE.c 25 Ap 567199314553767861865303243565867991040.0000000000000000
miniFE.c 25 Ap 52466256464401067968678721467319320576.0000000000000000
miniFE.c 25 Ap 78943123770139686028223561105741447168.0000000000000000
miniFE.c 25 Ap 118085839223600782846845866894916845568.0000000000000000
miniFE.c 25 Ap 374101129318065692630694719455412355072.0000000000000000
miniFE.c 25 Ap 385244014067409574563592674422479126528.0000000000000000
miniFE.c 25 Ap 433553816889827098261092271670161309696.0000000000000000
miniFE.c 25 Ap 437136222406529438603967229266543771648.0000000000000000
miniFE.c 25 Ap 437136221145486449116432761267167428608.0000000000000000
miniFE.c 25 Ap 53793242719093768777508820993779433472.0000000000000000
miniFE.c 25 Ap 102333932294811193830970019291382939648.0000000000000000
miniFE.c 25 Ap 170739509583616388915421082426070269952.0000000000000000
miniFE.c 25 Ap 185098350625830532982637393347499524096.0000000000000000
miniFE.c 25 Ap 387296224886788427004845207990877290496.0000000000000000
miniFE.c 25 Ap 406859174275517372559391384036446306304.0000000000000000
miniFE.c 25 Ap 445577101530357382898530577365617082368.0000000000000000
miniFE.c 25 Ap 445577100515508812029511400564923039744.0000000000000000
miniFE.c 25 Ap 61416528594050606574732926590967087104.0000000000000000
miniFE.c 25 Ap 104268582728801306069966121977084116992.0000000000000000
miniFE.c 25 Ap 170139255176337495783178231751246872576.0000000000000000
miniFE.c 25 Ap 213535021805456646011563864465623482368.0000000000000000
miniFE.c 25 Ap 227172205243952418747607876775350108160.0000000000000000
miniFE.c 25 Ap 516804112888092598434254805676100419584.0000000000000000
miniFE.c 25 Ap 537777374594307363226327198604392923136.0000000000000000
miniFE.c 25 Ap 537777373679145757632638180749442285568.0000000000000000
miniFE.c 25 Ap 19112824922484464044889998921606103040.0000000000000000
miniFE.c 25 Ap 69712593962826826992269104437996290048.0000000000000000
miniFE.c 25 Ap 118383304445817394561631126294810853376.0000000000000000
miniFE.c 25 Ap 123473072414963716658198880081026220032.0000000000000000
miniFE.c 25 Ap 166161837316829939591611545322208100352.0000000000000000
miniFE.c 25 Ap 199334254247461266175445942129234280448.0000000000000000
miniFE.c 25 Ap 380235906410378240073216269422174404608.0000000000000000
miniFE.c 25 Ap 380235905695972140568415912862429478912.0000000000000000
miniFE.c 25 Ap 24511159691585767536232495739358412800.0000000000000000
miniFE.c 25 Ap 55383597827019586162290461623699111936.0000000000000000
miniFE.c 25 Ap 105680053397930976335620301791101452288.0000000000000000
miniFE.c 25 Ap 124160538892333061586061373637335711744.0000000000000000
miniFE.c 25 Ap 49570448081658879741802154747293654176698990592.0000000000000000
miniFE.c 25 Ap 49570448096589197522856627857275340714238017536.0000000000000000
miniFE.c 25 Ap 49570448103958141732826541800692584209719492608.0000000000000000
miniFE.c 25 Ap 49570448103958121450416938149022160262468206592.0000000000000000
miniFE.c 57 sum 2072123863146575273798095355994750962207995798327453198512348017812528168960.0000000000000000
miniFE.c 57 sum 4475236839483937025882508806466622152846029985045089351759061449963135303680.0000000000000000
miniFE.c 57 sum 6784986857037332456315747825597390314948626164000467746443234185260314918912.0000000000000000
miniFE.c 57 sum 8496158575137056264122007001762005062481723552247134500268373152152430837760.0000000000000000
miniFE.c 57 sum 9849719828989477419142974532517537353466381285955252904371591071608560680960.0000000000000000
miniFE.c 57 sum 12193232067050389039592338941830028220351911971731600530619963348179899908096.0000000000000000
miniFE.c 57 sum 13240859074066488751270409682379016968082756059503856451049574169519622979584.0000000000000000
miniFE.c 57 sum 4820814132776970826625886277023487807566608981348378505904128.0000000000000000
miniFE.c 90 p_ap_dot 4820814132776970826625886277023487807566608981348378505904128.0000000000000000
miniFE.c 91 alpha 0.0000000000000000
miniFE.c 40 y 4191894230636680.5000000000000000
miniFE.c 40 y 4865366858172883.0000000000000000
miniFE.c 40 y 4462749511954361.5000000000000000
miniFE.c 40 y 4289928258740844.0000000000000000
miniFE.c 40 y 3329111035463583.0000000000000000
miniFE.c 40 y 4775709807671020.0000000000000000
miniFE.c 40 y 3019442684525389.5000000000000000
miniFE.c 40 y -292729538.3747787475585938
miniFE.c 40 y -593679229605648256.0000000000000000
miniFE.c 40 y -593205344159683328.0000000000000000
miniFE.c 40 y -621597024326394240.0000000000000000
miniFE.c 40 y -479060124575592960.0000000000000000
miniFE.c 40 y -488310533319883776.0000000000000000
miniFE.c 40 y -589353348376326400.0000000000000000
miniFE.c 40 y -416702738275722176.0000000000000000
miniFE.c 40 y -54324542088326886698516480.0000000000000000
miniFE.c 82 oldrtrans 5283151148937602522179069488779480793088.0000000000000000
miniFE.c 48 sum 352455027665156016013171489742258176.0000000000000000
miniFE.c 48 sum 704347608004764440954416025948913664.0000000000000000
miniFE.c 48 sum 1090730468656192362950174563241033728.0000000000000000
miniFE.c 48 sum 1320229071614575046087973407717064704.0000000000000000
miniFE.c 48 sum 1558676248565724446952351370940776448.0000000000000000
miniFE.c 48 sum 1906013617808112062401932812754092032.0000000000000000
miniFE.c 48 sum 2079654789894597018296081684981874688.0000000000000000
miniFE.c 48 sum 2951155873106401256502029502509382879481995475288064.0000000000000000
miniFE.c 83 rtrans 2951155873106401256502029502509382879481995475288064.0000000000000000
miniFE.c 84 beta 558597660735.0811767578125000
miniFE.c 40 y 2136663835175126134853897147412821101763538976768.0000000000000000
miniFE.c 40 y 2479941725328001871216296668732611350235369701376.0000000000000000
miniFE.c 40 y 2274722348180540024376302707642464646921086566400.0000000000000000
miniFE.c 40 y 2186633073648705768502879863181958181830847889408.0000000000000000
miniFE.c 40 y 1696891849219457907874850155161224817462728458240.0000000000000000
miniFE.c 40 y 2434242342940029450410079552620754994742362636288.0000000000000000
miniFE.c 40 y 1539049802177287678620902062822499616734842978304.0000000000000000
miniFE.c 40 y -149208110634485685338880346867360587579392.0000000000000000
miniFE.c 87 normr 54324542088326903878385664.0000000000000000
miniFE.c 25 Ap 143358840388562896319461899629340763510811893170176.0000000000000000
miniFE.c 25 Ap 180775085166535385507391854332227784037490986319872.0000000000000000
miniFE.c 25 Ap 201973707245089979856541048203708153103030157312000.0000000000000000
miniFE.c 25 Ap 231966637933461717379741191400133841751780202905600.0000000000000000
miniFE.c 25 Ap 255830723734693130383494303465706077418262955556864.0000000000000000
miniFE.c 25 Ap 294915892489875401611138779872572694818475785322496.0000000000000000
miniFE.c 25 Ap 302606142667004367529769088789256847759443836796928.0000000000000000
miniFE.c 25 Ap 302606141710869402513746542755581968386827497766912.0000000000000000
miniFE.c 25 Ap 32237022446396476565185463168369795020645176705024.0000000000000000
miniFE.c 25 Ap 196995894075905539225050673454150874108691612696576.0000000000000000
miniFE.c 25 Ap 229733629869249419521946488111208479018759074349056.0000000000000000
miniFE.c 25 Ap 242774307180004738562326872617728792368440781307904.0000000000000000
miniFE.c 25 Ap 261327460871549083595562494448641084863749992480768.0000000000000000
miniFE.c 25 Ap 284823415474069477232543344164517356085292690309120.0000000000000000
miniFE.c 25 Ap 302364597079902916404230712222607480022011152957440.0000000000000000
miniFE.c 25 Ap 302364596042324324397972166396791099331310216282112.0000000000000000
miniFE.c 25 Ap 19912025389393891090706134852277992947512149803008.0000000000000000
miniFE.c 25 Ap 55603272302062737655532762898869805936709250056192.0000000000000000
miniFE.c 25 Ap 209543037217843964957329547238398732980829722509312.0000000000000000
miniFE.c 25 Ap 230561336982543194723721524212358221515179620827136.0000000000000000
miniFE.c 25 Ap 259066031706264485087832272275449525121111780491264.0000000000000000
miniFE.c 25 Ap 298441581230536098723650364753027157626660325425152.0000000000000000
miniFE.c 25 Ap 316836212123170924185734103118073857272532103593984.0000000000000000
miniFE.c 25 Ap 316836210280276186324819945125182681349363070926848.0000000000000000
miniFE.c 25 Ap 29307528128541265540540478904264690233320321056768.0000000000000000
miniFE.c 25 Ap 44097444269120008318879364085442986080309071577088.0000000000000000
miniFE.c 25 Ap 65962473556242295635009934513800587961925164335104.0000000000000000
miniFE.c 25 Ap 208972015715423584083186527195744941118212613865472.0000000000000000
miniFE.c 25 Ap 215196405070247683167048189100708673591682447441920.0000000000000000
miniFE.c 25 Ap 242182147917423100908112592067744526578364081766400.0000000000000000
miniFE.c 25 Ap 244183271258857483474527182200859952745641056141312.0000000000000000
miniFE.c 25 Ap 244183270554441830167033353865903332383905537851392.0000000000000000
miniFE.c 25 Ap 30048779546240221507828971179504299084845106069504.0000000000000000
miniFE.c 25 Ap 57163495193703715099932444272802564831340000182272.0000000000000000
miniFE.c 25 Ap 95374690648463099188820956246276856854746922745856.0000000000000000
miniFE.c 25 Ap 103395505665510807988902488297370093292734598086656.0000000000000000
miniFE.c 25 Ap 216342765233287927295655870745510000794153028419584.0000000000000000
miniFE.c 25 Ap 227270582998910723576084223465820848197324798689280.0000000000000000
miniFE.c 25 Ap 248898326591975416203379306571498170995525013209088.0000000000000000
miniFE.c 25 Ap 248898326025083352874787605592010558849219295182848.0000000000000000
miniFE.c 25 Ap 34307129203105894259429841586354574556335827845120.0000000000000000
miniFE.c 25 Ap 58244186400470703099293178631633606665106110808064.0000000000000000
miniFE.c 25 Ap 95039389940711187552099752984686975926070161702912.0000000000000000
miniFE.c 25 Ap 119280163665542636202096940037618435647689963077632.0000000000000000
miniFE.c 25 Ap 126897862433301570801923379496941839697400781864960.0000000000000000
miniFE.c 25 Ap 288685568517557353898306546298339012821778725601280.0000000000000000
miniFE.c 25 Ap 300401183444633607851414135545463138059135886557184.0000000000000000
miniFE.c 25 Ap 300401182933426477566491232443324432649448306245632.0000000000000000
miniFE.c 25 Ap 10676379291738981164838401841824728479338298605568.0000000000000000
miniFE.c 25 Ap 38941291911409600892307144772903588242214476578816.0000000000000000
miniFE.c 25 Ap 66128636933522531526524909344325821541259721834496.0000000000000000
miniFE.c 25 Ap 68971769414772014175553288215513916325274952138752.0000000000000000
miniFE.c 25 Ap 92817613628624319373425504735967721990535772110848.0000000000000000
miniFE.c 25 Ap 111347648127003792247888130826442015198327689183232.0000000000000000
miniFE.c 25 Ap 212398887848320580177819070644405347246188821217280.0000000000000000
miniFE.c 25 Ap 212398887449254974370161775239806143552200890122240.0000000000000000
miniFE.c 25 Ap 13691876465623824132669017897668306713764410949632.0000000000000000
miniFE.c 25 Ap 30937148189265666783677416136756845416219316060160.0000000000000000
miniFE.c 25 Ap 59032630614442707333428239640547415282055745896448.0000000000000000
miniFE.c 25 Ap 69355786580864310409720002277548679350644323123200.0000000000000000
miniFE.c 25 Ap 27689936340004443092699500490547173114534678178581643788288.0000000000000000
miniFE.c 25 Ap 27689936348344486932418582198330271801998848738768952754176.0000000000000000
miniFE.c 25 Ap 27689936352460764056349664250450720064693851467633194434560.0000000000000000
miniFE.c 25 Ap 27689936352460752905977064985139149296834715143452441444352.0000000000000000
miniFE.c 57 sum 646567599295493921864704065626647826547682476738809783323256909869446239334337256819256131420422144.0000000000000000
miniFE.c 57 sum 1396414177282799853165943126996273674067731918269919563588755154446815088112255208912917612418039808.0000000000000000
miniFE.c 57 sum 2117128585520173108753527593464738129816532444488854332535040112370442123747485720841581918114807808.0000000000000000
miniFE.c 57 sum 2651067800946225820886124897301215252592136675501274026111443687733795908485694773577865234061721600.0000000000000000
miniFE.c 57 sum 3073421341662557052836987022201753837560204182283816300267785195400978420624450964936408212220936192.0000000000000000
miniFE.c 57 sum 3804670621028377799342583137274871962957480914583711012703377196196402723574711083961630811125448704.0000000000000000
miniFE.c 57 sum 4131563086739829866581474705926187251016384684548272379780271562700428221036903308710072633983500288.0000000000000000
miniFE.c 57 sum -971334446112864535459730953411759453321203419526069760625906204869452142602604249088.0000000000000000
miniFE.c 90 p_ap_dot -971334446112864535459730953411759453321203419526069760625906204869452142602604249088.0000000000000000
miniFE.c 91 alpha -0.0000000000000000
miniFE.c 40 y -2299822449715080.5000000000000000
miniFE.c 40 y -2669313515772134.0000000000000000
miniFE.c 40 y -2448423302295199.5000000000000000
miniFE.c 40 y -2353607408558306.0000000000000000
miniFE.c 40 y -1826468864838339.0000000000000000
miniFE.c 40 y -2620124465148568.0000000000000000
miniFE.c 40 y -1656573780117717.5000000000000000
miniFE.c 40 y 160601848.9514224529266357
miniFE.c 40 y 325713566482150912.0000000000000000
miniFE.c 40 y 325453576051271424.0000000000000000
miniFE.c 40 y 341030262828173824.0000000000000000
miniFE.c 40 y 262829443837115648.0000000000000000
miniFE.c 40 y 267904547484454016.0000000000000000
miniFE.c 40 y 323340233993634432.0000000000000000
miniFE.c 40 y 228617961145144896.0000000000000000
miniFE.c 40 y 29804378305186908828860416.0000000000000000
miniFE.c 82 oldrtrans 2951155873106401256502029502509382879481995475288064.0000000000000000
miniFE.c 48 sum 106089327390522550208498373738102784.0000000000000000
miniFE.c 48 sum 212009357555083256977588508256370688.0000000000000000
miniFE.c 48 sum 328310997719736568535169075620347904.0000000000000000
miniFE.c 48 sum 397390314267464094686881930738139136.0000000000000000
miniFE.c 48 sum 469163160830314150250503998093131776.0000000000000000
miniFE.c 48 sum 573712067749372418029149206068854784.0000000000000000
miniFE.c 48 sum 625978239907535389933447326652694528.0000000000000000
miniFE.c 48 sum 888300966158696672509437705783331053567798438526976.0000000000000000
miniFE.c 83 rtrans 888300966158696672509437705783331053567798438526976.0000000000000000
miniFE.c 84 beta 0.3010010329355008
miniFE.c 40 y 643138021423641665644761532406120377609982312448.0000000000000000
miniFE.c 40 y 746465020943576624632648457749655021805363003392.0000000000000000
miniFE.c 40 y 684693776443810540102730740878339895928628969472.0000000000000000
miniFE.c 40 y 658178813819189551641009456339300778584691441664.0000000000000000
miniFE.c 40 y 510766199394889024356516481800398201684353875968.0000000000000000
miniFE.c 40 y 732709459640282515309399311650145018792567111680.0000000000000000
miniFE.c 40 y 463255580194541829721104639698924602816301367296.0000000000000000
miniFE.c 40 y -44911795423334654031679434537935961063424.0000000000000000
miniFE.c 87 normr 29804378305186917418795008.0000000000000000
miniFE.c 25 Ap 43151159037393031010374558897960569414664583118848.0000000000000000
miniFE.c 25 Ap 54413487364130295075156860696234639438745742344192.0000000000000000
miniFE.c 25 Ap 60794294506584549736771930183291985794890991665152.0000000000000000
miniFE.c 25 Ap 69822197624547324521278298417875693365560021614592.0000000000000000
miniFE.c 25 Ap 77005312100779394849479981983771458890672824647680.0000000000000000
miniFE.c 25 Ap 88769988268547632004136804336007849136545062715392.0000000000000000
miniFE.c 25 Ap 91084761515395865652621771470241484261861988761600.0000000000000000
miniFE.c 25 Ap 91084761227598253067937618502268325703131034812416.0000000000000000
miniFE.c 25 Ap 9703377055130265428041357955637046531415039016960.0000000000000000
miniFE.c 25 Ap 59295967600900074796950054429580201288395938332672.0000000000000000
miniFE.c 25 Ap 69150059890666104919009424800342528347584237404160.0000000000000000
miniFE.c 25 Ap 73075317231382003578511049705696132767357952065536.0000000000000000
miniFE.c 25 Ap 78659835656747954606918025481227765283007097733120.0000000000000000
miniFE.c 25 Ap 85732142261912222886593201036062096880288105758720.0000000000000000
miniFE.c 25 Ap 91012056044177299960685657171915220426466313371648.0000000000000000
miniFE.c 25 Ap 91012055731865078141332964058600631267742692933632.0000000000000000
miniFE.c 25 Ap 5993540210045479641775450515745535292801028194304.0000000000000000
miniFE.c 25 Ap 16736642397514806490752347958317550197359668887552.0000000000000000
miniFE.c 25 Ap 63072670647013129662147841083113689511237804621824.0000000000000000
miniFE.c 25 Ap 69399200586735600056381134370491029471089049731072.0000000000000000
miniFE.c 25 Ap 77979143142086833862945428450840617012829943234560.0000000000000000
miniFE.c 25 Ap 89831224221295553654678411502817323197984749387776.0000000000000000
miniFE.c 25 Ap 95368027120445914134324548802614164034307154247680.0000000000000000
miniFE.c 25 Ap 95368026565732694625237798115502542857966924595200.0000000000000000
miniFE.c 25 Ap 8821596239477167428521300351614385672302610087936.0000000000000000
miniFE.c 25 Ap 13273376274820805639484250425584042061877219426304.0000000000000000
miniFE.c 25 Ap 19854772675409589127716083895566906748937573498880.0000000000000000
miniFE.c 25 Ap 62900792584956214754957539751428118463711897714688.0000000000000000
miniFE.c 25 Ap 64774340210150994522666835943829324789110643097600.0000000000000000
miniFE.c 25 Ap 72897076681682601392629679162083678346249066512384.0000000000000000
miniFE.c 25 Ap 73499416874485695523041097501109989016701239296000.0000000000000000
miniFE.c 25 Ap 73499416662455854463622768199702790323694519451648.0000000000000000
miniFE.c 25 Ap 9044713681869455933727465911229603007629466009600.0000000000000000
miniFE.c 25 Ap 17206271099508355187019960754511420597005260423168.0000000000000000
miniFE.c 25 Ap 28707880401091245218966511611584395788466853511168.0000000000000000
miniFE.c 25 Ap 31122154006207178086466701692699486824658074861568.0000000000000000
miniFE.c 25 Ap 65119395803342229573643776152162873125919763988480.0000000000000000
miniFE.c 25 Ap 68408680238525605660036882657862217296060792963072.0000000000000000
miniFE.c 25 Ap 74918653400102237229043398580043070510228884684800.0000000000000000
miniFE.c 25 Ap 74918653229467141722202899905019431861524046544896.0000000000000000
miniFE.c 25 Ap 10326481327186559488998881969356150444509787848704.0000000000000000
miniFE.c 25 Ap 17531560269029531898601634213383598857075967393792.0000000000000000
miniFE.c 25 Ap 28606954541713912702271080361738659358745449988096.0000000000000000
miniFE.c 25 Ap 35903452472043929108946503329793406538298549075968.0000000000000000
miniFE.c 25 Ap 38196387669730861839206614588750512619549544677376.0000000000000000
miniFE.c 25 Ap 86894654317357056685034813228225642929886253285376.0000000000000000
miniFE.c 25 Ap 90421066511881577129183582378386502242655581241344.0000000000000000
miniFE.c 25 Ap 90421066358007703957598209562056387611328159678464.0000000000000000
miniFE.c 25 Ap 3213601194824624498356299798929526633580095078400.0000000000000000
miniFE.c 25 Ap 11721369089177155782239872005780372387314542837760.0000000000000000
miniFE.c 25 Ap 19904788023606993375549351083926641777542531383296.0000000000000000
miniFE.c 25 Ap 20760573837235559633734253156722107914895990194176.0000000000000000
miniFE.c 25 Ap 27938197576824138224464954361692810765091515400192.0000000000000000
miniFE.c 25 Ap 33515757101166820639096265999913268879726762524672.0000000000000000
miniFE.c 25 Ap 63932284636696082866912110013154455312896771489792.0000000000000000
miniFE.c 25 Ap 63932284516576926573506685893346071939115514855424.0000000000000000
miniFE.c 25 Ap 4121268958978045594475171807592913432086384214016.0000000000000000
miniFE.c 25 Ap 9312113561047625136999055012452354309371769913344.0000000000000000
miniFE.c 25 Ap 17768882791847124691804154078644687660920992694272.0000000000000000
miniFE.c 25 Ap 20876163400894306390678719114257331700808298790912.0000000000000000
miniFE.c 25 Ap 8334699440259599680764531510628582457956343231322894893056.0000000000000000
miniFE.c 25 Ap 8334699442769961116645325961736545960330960313508851351552.0000000000000000
miniFE.c 25 Ap 8334699444008964037740764128365289893893854508851834912768.0000000000000000
miniFE.c 25 Ap 8334699444008961250147614312037397201929070427806646665216.0000000000000000
miniFE.c 57 sum 58580073117762373688558447943104455404635877640556675063476001905553697048508366423951552379092992.0000000000000000
miniFE.c 57 sum 126517389205767001173080052134362568411079606756809657115526334542839180508989238052413079159832576.0000000000000000
miniFE.c 57 sum 191815283467052149845583620359446280249742405646451104679665845808732519954289026539170460495511552.0000000000000000
miniFE.c 57 sum 240191042342349733895486642817898834583840172957695765123671239248369427089024458895000332408979456.0000000000000000
miniFE.c 57 sum 278456958116148315255815117823783143890957049467929333771540476924457712044885112463342012374974464.0000000000000000
miniFE.c 57 sum 344709328787422273319848503973295065752326275770296824758118583817489267841043757585294827859214336.0000000000000000
miniFE.c 57 sum 374326316344311620994364490892826103207695071681122103965893027108758090561696967789555196354363392.0000000000000000
miniFE.c 57 sum 60708402882054033466233184588234965832575213720379360039119137804340758912662765568.0000000000000000
miniFE.c 90 p_ap_dot 60708402882054033466233184588234965832575213720379360039119137804340758912662765568.0000000000000000
miniFE.c 91 alpha 0.0000000000000000
miniFE.c 40 y 7110738505313686.0000000000000000
miniFE.c 40 y 8253154673616936.0000000000000000
miniFE.c 40 y 7570192149004662.0000000000000000
miniFE.c 40 y 7277034289538518.0000000000000000
miniFE.c 40 y 5647193542080416.0000000000000000
miniFE.c 40 y 8101068813096636.0000000000000000
miniFE.c 40 y 5121901026157666.0000000000000000
miniFE.c 40 y -496559093.7269639968872070
miniFE.c 40 y -1007062088281905920.0000000000000000
miniFE.c 40 y -1006258233198181888.0000000000000000
miniFE.c 40 y -1054419232088967168.0000000000000000
miniFE.c 40 y -812632926013176576.0000000000000000
miniFE.c 40 y -828324456865072512.0000000000000000
miniFE.c 40 y -999724066725459840.0000000000000000
miniFE.c 40 y -706855670324675072.0000000000000000
miniFE.c 40 y -92151087779790937699385344.0000000000000000
miniFE.c 82 oldrtrans 888300966158696672509437705783331053567798438526976.0000000000000000
miniFE.c 48 sum 1014174049654713218963503539223003136.0000000000000000
miniFE.c 48 sum 2026729681533839975632153555628982272.0000000000000000
miniFE.c 48 sum 3138529598532927384366679744824999936.0000000000000000
miniFE.c 48 sum 3798901870973664104855784886489841664.0000000000000000
miniFE.c 48 sum 4485023276814481526864100248193597440.0000000000000000
miniFE.c 48 sum 5484471486404573164019758426683867136.0000000000000000
miniFE.c 48 sum 5984116425074719276627123914112237568.0000000000000000
miniFE.c 48 sum 8491822978998741609849058158484994583083011939500032.0000000000000000
miniFE.c 83 rtrans 8491822978998741609849058158484994583083011939500032.0000000000000000
miniFE.c 84 beta 9.5596237114546394
miniFE.c 40 y 6148157479339466822145993116237430973076271529984.0000000000000000
miniFE.c 40 y 7135924713983699090374227480578529562275426074624.0000000000000000
miniFE.c 40 y 6545414860377673578004443142204520368262061490176.0000000000000000
miniFE.c 40 y 6291941794963012710523045231309110609848842584064.0000000000000000
miniFE.c 40 y 4882732670744949406633134544576178355349672165376.0000000000000000
miniFE.c 40 y 7004426723984360223629103776553663769401630916608.0000000000000000
miniFE.c 40 y 4428549028891418123668266199005543896818189860864.0000000000000000
miniFE.c 40 y -429339864452909963793979047535009370996736.0000000000000000
miniFE.c 87 normr 92151087779790972059123712.0000000000000000
miniFE.c 25 Ap 412508843110612597778337134058983742512621684785152.0000000000000000
miniFE.c 25 Ap 520172464029077400416320756743519228986512331767808.0000000000000000
miniFE.c 25 Ap 581170579286302178683521165140776632145850149109760.0000000000000000
miniFE.c 25 Ap 667473935997494414055062340857632748575943362084864.0000000000000000
miniFE.c 25 Ap 736141807466575627018503386564382428765686006284288.0000000000000000
miniFE.c 25 Ap 848607684717558033512011295964214029878246026248192.0000000000000000
miniFE.c 25 Ap 870736045934769361717686856563575413880688685875200.0000000000000000
miniFE.c 25 Ap 870736043183532425274570617254854995633018807255040.0000000000000000
miniFE.c 25 Ap 92760633377408174824082035812348021965360359014400.0000000000000000
miniFE.c 25 Ap 566847137871210451990408577365570877794093352615936.0000000000000000
miniFE.c 25 Ap 661048552179320132106228793223450963509572723015680.0000000000000000
miniFE.c 25 Ap 698572535327189278262293102633069637932262254182400.0000000000000000
miniFE.c 25 Ap 751958430083372968141582164288263161511166060003328.0000000000000000
miniFE.c 25 Ap 819567020000778525656202576475094491247248880435200.0000000000000000
miniFE.c 25 Ap 870041008988155951165162245229549651344034256388096.0000000000000000
miniFE.c 25 Ap 870041006002568642157689047376102964454225552080896.0000000000000000
miniFE.c 25 Ap 57295989107507587919443179341021370178192954884096.0000000000000000
miniFE.c 25 Ap 159996003513419577993712177139405235696580255809536.0000000000000000
miniFE.c 25 Ap 602950997861955749306306248919964426333124118446080.0000000000000000
miniFE.c 25 Ap 663430243484954353937273093256465313663974960529408.0000000000000000
miniFE.c 25 Ap 745451265780008695468945777140360420851483527872512.0000000000000000
miniFE.c 25 Ap 858752701094895321502614825555505462743682171011072.0000000000000000
miniFE.c 25 Ap 911682453375263844722205984849784765000466137350144.0000000000000000
miniFE.c 25 Ap 911682448072414263010449537597458237697441203748864.0000000000000000
miniFE.c 25 Ap 84331140583785003363992772785932569806231633395712.0000000000000000
miniFE.c 25 Ap 126888482567836408389040178836921792572092036677632.0000000000000000
miniFE.c 25 Ap 189804155653387185651437690454980666453905012424704.0000000000000000
miniFE.c 25 Ap 601307908264437607806317369252737369173708215681024.0000000000000000
miniFE.c 25 Ap 619218318566789232174636704606620182074860574343168.0000000000000000
miniFE.c 25 Ap 696868622741940214832954645769333263997493393227776.0000000000000000
miniFE.c 25 Ap 702626768331422777850125431675248806318511407235072.0000000000000000
miniFE.c 25 Ap 702626766304497296278661904929867136022911976996864.0000000000000000
miniFE.c 25 Ap 86464059376517444192482807763700040220034088304640.0000000000000000
miniFE.c 25 Ap 164485477188576764724502292726079823787760088514560.0000000000000000
miniFE.c 25 Ap 274436534187875784215976583770851333495865586221056.0000000000000000
miniFE.c 25 Ap 297516081389281139099081350033806753652140698238976.0000000000000000
miniFE.c 25 Ap 622516920197230148764770147157964851193248303022080.0000000000000000
miniFE.c 25 Ap 653961241677527788992856518387854073677331541524480.0000000000000000
miniFE.c 25 Ap 716194135473869070803588729581452014779442451709952.0000000000000000
miniFE.c 25 Ap 716194133842661825101022265565108507804309341077504.0000000000000000
miniFE.c 25 Ap 98717275751266210913171316782234618203260244197376.0000000000000000
miniFE.c 25 Ap 167595119246610790029089616460826345277766278053888.0000000000000000
miniFE.c 25 Ap 273471720949473302779410106831786698955682406727680.0000000000000000
miniFE.c 25 Ap 343223495574835819107148053732116234207317043707904.0000000000000000
miniFE.c 25 Ap 365143093259472735418547272901321071417134059356160.0000000000000000
miniFE.c 25 Ap 830680197810860665959925938476071375418627526230016.0000000000000000
miniFE.c 25 Ap 864391371442000005533654259061503959381002116136960.0000000000000000
miniFE.c 25 Ap 864391369971023634738733376814687253120009199681536.0000000000000000
miniFE.c 25 Ap 30720818181204439368238880322192956501196820971520.0000000000000000
miniFE.c 25 Ap 112051877875609402480069717192971655023858859114496.0000000000000000
miniFE.c 25 Ap 190282283561951720505285490499211216050115242360832.0000000000000000
miniFE.c 25 Ap 198463273917841855219704861456946863269578677420032.0000000000000000
miniFE.c 25 Ap 267078656010712572838343919558110385412040720121856.0000000000000000
miniFE.c 25 Ap 320398026291668559763300547211751425159705191776256.0000000000000000
miniFE.c 25 Ap 611168584140427078774038464430206124363954666864640.0000000000000000
miniFE.c 25 Ap 611168582992133099314866920802612942201322989420544.0000000000000000
miniFE.c 25 Ap 39397780461528504525119875893965451004783573860352.0000000000000000
miniFE.c 25 Ap 89020301601949176387004018089644602642103349018624.0000000000000000
miniFE.c 25 Ap 169863833263000096758993927500198088406242382839808.0000000000000000
miniFE.c 25 Ap 199568266651390727855231808416341562782333796352000.0000000000000000
miniFE.c 25 Ap 79676590396953377136558285320834456793910415362437914034176.0000000000000000
miniFE.c 25 Ap 79676590420951487804012070516230312423585725283542264446976.0000000000000000
miniFE.c 25 Ap 79676590432795893044973452875097475416132132019140841963520.0000000000000000
miniFE.c 25 Ap 79676590432795870744228254344474333880413859370779335983104.0000000000000000
miniFE.c 57 sum 5353422316429287556806132753087586446424576319741293794215083774142391606659332217624059727390441472.0000000000000000
miniFE.c 57 sum 11561969433342256863977979599034685875248980411715183479023508716419747152939875539172810245097390080.0000000000000000
miniFE.c 57 sum 17529309276900932276953872977785771681524009842778375294405008312765213534645714220847377880786665472.0000000000000000
miniFE.c 57 sum 21950195994071908870091625629762441834176912556993120223311885980131209564757472390251256566364766208.0000000000000000
miniFE.c 57 sum 25447180489981355242218617056836102621742004449086441270296836706926732220028201485668699710871830528.0000000000000000
miniFE.c 57 sum 31501746501787846567262700508856109482717890952067369514290709378483053361964002125782199756858064896.0000000000000000
miniFE.c 57 sum 34208336536486603114620343281053675742861339330899476076605340624986626520743194090185908906736222208.0000000000000000
miniFE.c 57 sum 0.0000000000000000
miniFE.c 90 p_ap_dot 0.0000000000000000
miniFE.c 91 alpha inf
miniFE.c 40 y inf
miniFE.c 40 y inf
miniFE.c 40 y inf
miniFE.c 40 y inf
miniFE.c 40 y inf
miniFE.c 40 y inf
miniFE.c 40 y inf
miniFE.c 40 y -inf
miniFE.c 40 y -inf
miniFE.c 40 y -inf
miniFE.c 40 y -inf
miniFE.c 40 y -inf
miniFE.c 40 y -inf
miniFE.c 40 y -inf
miniFE.c 40 y -inf
miniFE.c 40 y -inf
miniFE.c 82 oldrtrans 8491822978998741609849058158484994583083011939500032.0000000000000000
miniFE.c 48 sum inf
miniFE.c 48 sum inf
miniFE.c 48 sum inf
miniFE.c 48 sum inf
miniFE.c 48 sum inf
miniFE.c 48 sum inf
miniFE.c 48 sum inf
miniFE.c 48 sum inf
miniFE.c 83 rtrans inf
miniFE.c 84 beta inf
miniFE.c 40 y -nan
miniFE.c 40 y -nan
miniFE.c 40 y -nan
miniFE.c 40 y -nan
miniFE.c 40 y -nan
miniFE.c 40 y -nan
miniFE.c 40 y -nan
miniFE.c 40 y -inf
miniFE.c 87 normr inf
miniFE.c 25 Ap -nan
miniFE.c 25 Ap -nan
miniFE.c 25 Ap -nan
miniFE.c 25 Ap -nan
miniFE.c 25 Ap -nan
miniFE.c 25 Ap -nan
miniFE.c 25 Ap -nan
miniFE.c 25 Ap -nan
miniFE.c 25 Ap -nan
miniFE.c 25 Ap -nan
miniFE.c 25 Ap -nan
miniFE.c 25 Ap -nan
miniFE.c 25 Ap -nan
miniFE.c 25 Ap -nan
miniFE.c 25 Ap -nan
miniFE.c 25 Ap -nan
miniFE.c 25 Ap -nan
miniFE.c 25 Ap -nan
miniFE.c 25 Ap -nan
miniFE.c 25 Ap -nan
miniFE.c 25 Ap -nan
miniFE.c 25 Ap -nan
miniFE.c 25 Ap -nan
miniFE.c 25 Ap -nan
miniFE.c 25 Ap -nan
miniFE.c 25 Ap -nan
miniFE.c 25 Ap -nan
miniFE.c 25 Ap -nan
miniFE.c 25 Ap -nan
miniFE.c 25 Ap -nan
miniFE.c 25 Ap -nan
miniFE.c 25 Ap -nan
miniFE.c 25 Ap -nan
miniFE.c 25 Ap -nan
miniFE.c 25 Ap -nan
miniFE.c 25 Ap -nan
miniFE.c 25 Ap -nan
miniFE.c 25 Ap -nan
miniFE.c 25 Ap -nan
miniFE.c 25 Ap -nan
miniFE.c 25 Ap -nan
miniFE.c 25 Ap -nan
miniFE.c 25 Ap -nan
miniFE.c 25 Ap -nan
miniFE.c 25 Ap -nan
miniFE.c 25 Ap -nan
miniFE.c 25 Ap -nan
miniFE.c 25 Ap -nan
miniFE.c 25 Ap -nan
miniFE.c 25 Ap -nan
miniFE.c 25 Ap -nan
miniFE.c 25 Ap -nan
miniFE.c 25 Ap -nan
miniFE.c 25 Ap -nan
miniFE.c 25 Ap -nan
miniFE.c 25 Ap -nan
miniFE.c 25 Ap -nan
miniFE.c 25 Ap -nan
miniFE.c 25 Ap -nan
miniFE.c 25 Ap -nan
miniFE.c 25 Ap -nan
miniFE.c 25 Ap -nan
miniFE.c 25 Ap -nan
miniFE.c 25 Ap -nan
miniFE.c 57 sum -nan
miniFE.c 57 sum -nan
miniFE.c 57 sum -nan
miniFE.c 57 sum -nan
miniFE.c 57 sum -nan
miniFE.c 57 sum -nan
miniFE.c 57 sum -nan
miniFE.c 57 sum -nan
miniFE.c 90 p_ap_dot -nan
miniFE.c 91 alpha -nan
miniFE.c 40 y -nan
miniFE.c 40 y -nan
miniFE.c 40 y -nan
miniFE.c 40 y -nan
miniFE.c 40 y -nan
miniFE.c 40 y -nan
miniFE.c 40 y -nan
miniFE.c 40 y -nan
miniFE.c 40 y -nan
miniFE.c 40 y -nan
miniFE.c 40 y -nan
miniFE.c 40 y -nan
miniFE.c 40 y -nan
miniFE.c 40 y -nan
miniFE.c 40 y -nan
miniFE.c 40 y -nan
