filename line variable value
miniFE.c 167 A 67.0947100000000063
miniFE.c 167 A 64800533826.7648010253906250
miniFE.c 167 A 9.3192129999999995
miniFE.c 167 A 13.7164900000000003
miniFE.c 167 A 14.0634099999999993
miniFE.c 167 A 16.0564000000000000
miniFE.c 167 A 4.9967519999999999
miniFE.c 167 A 6.4080630000000003
miniFE.c 167 A 15.0875500000000002
miniFE.c 167 A 66.4365899999999954
miniFE.c 167 A 14.3919700000000006
miniFE.c 167 A 5.9638159999999996
miniFE.c 167 A 10.9336099999999998
miniFE.c 167 A 9.6522659999999991
miniFE.c 167 A 11.3974100000000007
miniFE.c 167 A 6.9539020000000002
miniFE.c 167 A 9.3192129999999995
miniFE.c 167 A 14.3919700000000006
miniFE.c 167 A 67.6740900000000067
miniFE.c 167 A 9.6121750000000006
miniFE.c 167 A 16.7981799999999986
miniFE.c 167 A 16.1756899999999995
miniFE.c 167 A 11.9519400000000005
miniFE.c 167 A 12.3511699999999998
miniFE.c 167 A 13.7164900000000003
miniFE.c 167 A 5.9638159999999996
miniFE.c 167 A 9.6121750000000006
miniFE.c 167 A 65.4017099999999942
miniFE.c 167 A 3.6681119999999998
miniFE.c 167 A 11.0858899999999991
miniFE.c 167 A 1.3002330000000000
miniFE.c 167 A 4.7210279999999996
miniFE.c 167 A 14.0634099999999993
miniFE.c 167 A 10.9336099999999998
miniFE.c 167 A 16.7981799999999986
miniFE.c 167 A 3.6681119999999998
miniFE.c 167 A 66.5612600000000043
miniFE.c 167 A 4.4892070000000004
miniFE.c 167 A 14.0526599999999995
miniFE.c 167 A 3.7993380000000001
miniFE.c 167 A 16.0564000000000000
miniFE.c 167 A 9.6522659999999991
miniFE.c 167 A 16.1756899999999995
miniFE.c 167 A 11.0858899999999991
miniFE.c 167 A 4.4892070000000004
miniFE.c 167 A 66.4632699999999943
miniFE.c 167 A 7.6122389999999998
miniFE.c 167 A 3.4261349999999999
miniFE.c 167 A 4.9967519999999999
miniFE.c 167 A 11.3974100000000007
miniFE.c 167 A 11.9519400000000005
miniFE.c 167 A 1.3002330000000000
miniFE.c 167 A 14.0526599999999995
miniFE.c 167 A 7.6122389999999998
miniFE.c 167 A 65.6581999999999937
miniFE.c 167 A 2.6745570000000001
miniFE.c 167 A 6.4080630000000003
miniFE.c 167 A 6.9539020000000002
miniFE.c 167 A 12.3511699999999998
miniFE.c 167 A 4.7210279999999996
miniFE.c 167 A 3.7993380000000001
miniFE.c 167 A 3.4261349999999999
miniFE.c 167 A 2.6745570000000001
miniFE.c 167 A 64.8721800000000002
miniFE.c 175 b 198.0110999999999990
miniFE.c 175 b 229.8237000000000023
miniFE.c 175 b 210.8053999999999917
miniFE.c 175 b 202.6418999999999926
miniFE.c 175 b 157.2561000000000035
miniFE.c 175 b 225.5886000000000138
miniFE.c 175 b 142.6283999999999992
miniFE.c 175 b 185.1795999999999935
miniFE.c 33 r 0.0000000000000000
miniFE.c 33 r 0.0000000000000000
miniFE.c 33 r 0.0000000000000000
miniFE.c 33 r 0.0000000000000000
miniFE.c 33 r 0.0000000000000000
miniFE.c 33 r 0.0000000000000000
miniFE.c 33 r 0.0000000000000000
miniFE.c 33 r 0.0000000000000000
miniFE.c 25 Ap 0.0000000000000000
miniFE.c 25 Ap 0.0000000000000000
miniFE.c 25 Ap 0.0000000000000000
miniFE.c 25 Ap 0.0000000000000000
miniFE.c 25 Ap 0.0000000000000000
miniFE.c 25 Ap 0.0000000000000000
miniFE.c 25 Ap 0.0000000000000000
miniFE.c 25 Ap 0.0000000000000000
miniFE.c 25 Ap 0.0000000000000000
miniFE.c 25 Ap 0.0000000000000000
miniFE.c 25 Ap 0.0000000000000000
miniFE.c 25 Ap 0.0000000000000000
miniFE.c 25 Ap 0.0000000000000000
miniFE.c 25 Ap 0.0000000000000000
miniFE.c 25 Ap 0.0000000000000000
miniFE.c 25 Ap 0.0000000000000000
miniFE.c 25 Ap 0.0000000000000000
miniFE.c 25 Ap 0.0000000000000000
miniFE.c 25 Ap 0.0000000000000000
miniFE.c 25 Ap 0.0000000000000000
miniFE.c 25 Ap 0.0000000000000000
miniFE.c 25 Ap 0.0000000000000000
miniFE.c 25 Ap 0.0000000000000000
miniFE.c 25 Ap 0.0000000000000000
miniFE.c 25 Ap 0.0000000000000000
miniFE.c 25 Ap 0.0000000000000000
miniFE.c 25 Ap 0.0000000000000000
miniFE.c 25 Ap 0.0000000000000000
miniFE.c 25 Ap 0.0000000000000000
miniFE.c 25 Ap 0.0000000000000000
miniFE.c 25 Ap 0.0000000000000000
miniFE.c 25 Ap 0.0000000000000000
miniFE.c 25 Ap 0.0000000000000000
miniFE.c 25 Ap 0.0000000000000000
miniFE.c 25 Ap 0.0000000000000000
miniFE.c 25 Ap 0.0000000000000000
miniFE.c 25 Ap 0.0000000000000000
miniFE.c 25 Ap 0.0000000000000000
miniFE.c 25 Ap 0.0000000000000000
miniFE.c 25 Ap 0.0000000000000000
miniFE.c 25 Ap 0.0000000000000000
miniFE.c 25 Ap 0.0000000000000000
miniFE.c 25 Ap 0.0000000000000000
miniFE.c 25 Ap 0.0000000000000000
miniFE.c 25 Ap 0.0000000000000000
miniFE.c 25 Ap 0.0000000000000000
miniFE.c 25 Ap 0.0000000000000000
miniFE.c 25 Ap 0.0000000000000000
miniFE.c 25 Ap 0.0000000000000000
miniFE.c 25 Ap 0.0000000000000000
miniFE.c 25 Ap 0.0000000000000000
miniFE.c 25 Ap 0.0000000000000000
miniFE.c 25 Ap 0.0000000000000000
miniFE.c 25 Ap 0.0000000000000000
miniFE.c 25 Ap 0.0000000000000000
miniFE.c 25 Ap 0.0000000000000000
miniFE.c 25 Ap 0.0000000000000000
miniFE.c 25 Ap 0.0000000000000000
miniFE.c 25 Ap 0.0000000000000000
miniFE.c 25 Ap 0.0000000000000000
miniFE.c 25 Ap 0.0000000000000000
miniFE.c 25 Ap 0.0000000000000000
miniFE.c 25 Ap 0.0000000000000000
miniFE.c 25 Ap 0.0000000000000000
miniFE.c 33 r 198.0110999999999990
miniFE.c 33 r 229.8237000000000023
miniFE.c 33 r 210.8053999999999917
miniFE.c 33 r 202.6418999999999926
miniFE.c 33 r 157.2561000000000035
miniFE.c 33 r 225.5886000000000138
miniFE.c 33 r 142.6283999999999992
miniFE.c 33 r 185.1795999999999935
miniFE.c 48 sum 39208.3957232100001420
miniFE.c 48 sum 92027.3288048999966122
miniFE.c 48 sum 136466.2454740600078367
miniFE.c 48 sum 177529.9851096700003836
miniFE.c 48 sum 202259.4660968800017145
miniFE.c 48 sum 253149.6825468399911188
miniFE.c 48 sum 273492.5430333999684080
miniFE.c 48 sum 307784.0272895599482581
miniFE.c 75 rtrans 307784.0272895599482581
miniFE.c 76 normr 554.7828649927464539
miniFE.c 33 r 198.0110999999999990
miniFE.c 33 r 229.8237000000000023
miniFE.c 33 r 210.8053999999999917
miniFE.c 33 r 202.6418999999999926
miniFE.c 33 r 157.2561000000000035
miniFE.c 33 r 225.5886000000000138
miniFE.c 33 r 142.6283999999999992
miniFE.c 33 r 185.1795999999999935
miniFE.c 87 normr 554.7828649927464539
miniFE.c 25 Ap 13285.4973312810016068
miniFE.c 25 Ap 14892698459327.7441406250000000
miniFE.c 25 Ap 14892698461292.2851562500000000
miniFE.c 25 Ap 14892698464071.8203125000000000
miniFE.c 25 Ap 14892698466283.3769531250000000
miniFE.c 25 Ap 14892698469905.5175781250000000
miniFE.c 25 Ap 14892698470618.1972656250000000
miniFE.c 25 Ap 14892698471804.8398437500000000
miniFE.c 25 Ap 2987.5023718050001662
miniFE.c 25 Ap 18256.2053009880000900
miniFE.c 25 Ap 21290.1102936259994749
miniFE.c 25 Ap 22498.6292991164009436
miniFE.c 25 Ap 24218.0061666374022025
miniFE.c 25 Ap 26395.4473404050004319
miniFE.c 25 Ap 28021.0416928490012651
miniFE.c 25 Ap 29308.7624836482027604
miniFE.c 25 Ap 1845.3076172643000064
miniFE.c 25 Ap 5152.9234129532997031
miniFE.c 25 Ap 19418.9870250392996240
miniFE.c 25 Ap 21366.8164301717988565
miniFE.c 25 Ap 24008.4327040697971825
miniFE.c 25 Ap 27657.4839652037990163
miniFE.c 25 Ap 29362.1700442997971550
miniFE.c 25 Ap 31649.3547644317950471
miniFE.c 25 Ap 2716.0172730389999742
miniFE.c 25 Ap 4086.6435322781999275
miniFE.c 25 Ap 6112.9419280231995799
miniFE.c 25 Ap 19366.0687056721981207
miniFE.c 25 Ap 19942.9016931553996983
miniFE.c 25 Ap 22443.7520980093977414
miniFE.c 25 Ap 22629.2022504265987664
miniFE.c 25 Ap 23503.4403270553993934
miniFE.c 25 Ap 2784.7112838509997346
miniFE.c 25 Ap 5297.5139884079999320
miniFE.c 25 Ap 8838.6610425799990480
miniFE.c 25 Ap 9581.9742276727993158
miniFE.c 25 Ap 20049.1383863587980159
miniFE.c 25 Ap 21061.8523085989982064
miniFE.c 25 Ap 23066.1607201429978886
miniFE.c 25 Ap 23769.7206112477979332
miniFE.c 25 Ap 3179.3454260399998930
miniFE.c 25 Ap 5397.6649115441996400
miniFE.c 25 Ap 8807.5877122702004272
miniFE.c 25 Ap 11054.0535250612010714
miniFE.c 25 Ap 11760.0087099739012046
miniFE.c 25 Ap 26753.3647406958989450
miniFE.c 25 Ap 27839.0862096834971453
miniFE.c 25 Ap 28473.5365185294976982
miniFE.c 25 Ap 989.4123599472000024
miniFE.c 25 Ap 3608.8072965641999872
miniFE.c 25 Ap 6128.3407890401995246
miniFE.c 25 Ap 6391.8224746028990921
miniFE.c 25 Ap 8601.6889808288997301
miniFE.c 25 Ap 10318.9233197042995016
miniFE.c 25 Ap 19683.6473325842962367
miniFE.c 25 Ap 20178.9207280214977800
miniFE.c 25 Ap 1268.8676034993000030
miniFE.c 25 Ap 2867.0390905766998912
miniFE.c 25 Ap 5470.7324228946999938
miniFE.c 25 Ap 6427.4105067679001877
miniFE.c 25 Ap 7024.8795832297000743
miniFE.c 25 Ap 7797.7765812907000509
miniFE.c 25 Ap 8179.2443669095000587
miniFE.c 25 Ap 20192.2487104374995397
miniFE.c 57 sum 2948919606370395.5000000000000000
miniFE.c 57 sum 2948919613106243.5000000000000000
miniFE.c 57 sum 2948919619778098.5000000000000000
miniFE.c 57 sum 2948919624540880.5000000000000000
miniFE.c 57 sum 2948919628278814.0000000000000000
miniFE.c 57 sum 2948919634702119.0000000000000000
miniFE.c 57 sum 2948919637580206.0000000000000000
miniFE.c 57 sum 2948919641319398.5000000000000000
miniFE.c 90 p_ap_dot 2948919641319398.5000000000000000
miniFE.c 91 alpha 0.0000000001043718
miniFE.c 40 y 0.0000000206667733
miniFE.c 40 y 0.0000000239871114
miniFE.c 40 y 0.0000000220021374
miniFE.c 40 y 0.0000000211500982
miniFE.c 40 y 0.0000000164131010
miniFE.c 40 y 0.0000000235450864
miniFE.c 40 y 0.0000000148863817
miniFE.c 40 y 0.0000000193275267
miniFE.c 40 y -1356.3665265162401283
miniFE.c 40 y 229.8236969409919368
miniFE.c 40 y 210.8053966967001145
miniFE.c 40 y 202.6418975469038060
miniFE.c 40 y 157.2560975191116768
miniFE.c 40 y 225.5885970281659922
miniFE.c 40 y 142.6283978938898827
miniFE.c 40 y 185.1795978924988049
miniFE.c 82 oldrtrans 307784.0272895599482581
miniFE.c 48 sum 1839730.1542537303175777
miniFE.c 48 sum 1892549.0859293551184237
miniFE.c 48 sum 1936988.0012058082502335
miniFE.c 48 sum 1978051.7398472181521356
miniFE.c 48 sum 2002781.2200541584752500
miniFE.c 48 sum 2053671.4351632946636528
miniFE.c 48 sum 2074014.2950490724761039
miniFE.c 48 sum 2108305.7785247000865638
miniFE.c 83 rtrans 2108305.7785247000865638
miniFE.c 84 beta 6.8499518870133844
miniFE.c 40 y -0.0000184216441994
miniFE.c 40 y 1804.1049844363899410
miniFE.c 40 y 1654.8122442193114239
miniFE.c 40 y 1590.7291628398811554
miniFE.c 40 y 1234.4528164584771730
miniFE.c 40 y 1770.8596532868737086
miniFE.c 40 y 1119.6260756155897980
miniFE.c 40 y 1453.6509483488825936
miniFE.c 87 normr 1452.0006124395058578
miniFE.c 25 Ap -0.0012359948752824
miniFE.c 25 Ap 116906966071005.2656250000000000
miniFE.c 25 Ap 116906966086426.8125000000000000
miniFE.c 25 Ap 116906966108246.0312500000000000
miniFE.c 25 Ap 116906966125606.6406250000000000
miniFE.c 25 Ap 116906966154040.2656250000000000
miniFE.c 25 Ap 116906966159634.7656250000000000
miniFE.c 25 Ap 116906966168949.8593750000000000
miniFE.c 25 Ap -0.0002779374779408
miniFE.c 25 Ap 119858.5828900193300797
miniFE.c 25 Ap 143674.5910644563264214
miniFE.c 25 Ap 153161.4070974674250465
miniFE.c 25 Ap 166658.4327560259844176
miniFE.c 25 Ap 183751.2411782186536584
miniFE.c 25 Ap 196512.0786087005399168
miniFE.c 25 Ap 206620.6248457257170230
miniFE.c 25 Ap -0.0001716752261045
miniFE.c 25 Ap 25964.6246411837637424
miniFE.c 25 Ap 137952.5373895834200084
miniFE.c 25 Ap 153242.9044804038421717
miniFE.c 25 Ap 173979.4650927803013474
miniFE.c 25 Ap 202624.3418778562627267
miniFE.c 25 Ap 216006.0455560492700897
miniFE.c 25 Ap 233960.3355397675477434
miniFE.c 25 Ap -0.0002526802984447
miniFE.c 25 Ap 10759.3499191811933997
miniFE.c 25 Ap 26665.6948027599537454
miniFE.c 25 Ap 130702.1021993566391757
miniFE.c 25 Ap 135230.2133888417738490
miniFE.c 25 Ap 154861.7687106181983836
miniFE.c 25 Ap 156317.5434817940695211
miniFE.c 25 Ap 163180.2703111757000443
miniFE.c 25 Ap -0.0002590711352504
miniFE.c 25 Ap 19725.3800398124221829
miniFE.c 25 Ap 47523.2139844123739749
miniFE.c 25 Ap 53358.1867153752973536
miniFE.c 25 Ap 135524.9215894002700225
miniFE.c 25 Ap 143474.6771409532811958
miniFE.c 25 Ap 159208.4017087134416215
miniFE.c 25 Ap 164731.3129955113981850
miniFE.c 25 Ap -0.0002957852879234
miniFE.c 25 Ap 17413.7009059206066013
miniFE.c 25 Ap 44181.4307766164783970
miniFE.c 25 Ap 61816.0792956514924299
miniFE.c 25 Ap 67357.7935204665991478
miniFE.c 25 Ap 185054.9167889784439467
miniFE.c 25 Ap 193577.7780671963701025
miniFE.c 25 Ap 198558.1824591176700778
miniFE.c 25 Ap -0.0000920483874967
miniFE.c 25 Ap 20562.1240986167686060
miniFE.c 25 Ap 40340.3407527913223021
miniFE.c 25 Ap 42408.6593043781103916
miniFE.c 25 Ap 59756.0050201114936499
miniFE.c 25 Ap 73236.2119363883102778
miniFE.c 25 Ap 146748.8447343718144111
miniFE.c 25 Ap 150636.7170538349600974
miniFE.c 25 Ap -0.0001180470565934
miniFE.c 25 Ap 12545.5691414351240383
miniFE.c 25 Ap 32984.4364878693595529
miniFE.c 25 Ap 40494.3134060529991984
miniFE.c 25 Ap 45184.4169008307144395
miniFE.c 25 Ap 51251.6211390447351732
miniFE.c 25 Ap 54246.1248969649386709
miniFE.c 25 Ap 148547.6308754243655130
miniFE.c 57 sum -2153618535.1964735984802246
miniFE.c 57 sum -1780853236.0249385833740234
miniFE.c 57 sum -1393692808.1120727062225342
miniFE.c 57 sum -1134117193.3279907703399658
miniFE.c 57 sum -930764160.0417788028717041
miniFE.c 57 sum -579145485.8949539661407471
miniFE.c 57 sum -410488689.5363527536392212
miniFE.c 57 sum -194552285.0393123626708984
miniFE.c 90 p_ap_dot -194552285.0393123626708984
miniFE.c 91 alpha -0.0108367053005761
miniFE.c 40 y 0.0000002202967027
miniFE.c 40 y -19.5505540236503954
miniFE.c 40 y -17.9327125963874323
miniFE.c 40 y -17.2382631295777564
miniFE.c 40 y -13.3774013630135205
miniFE.c 40 y -19.1902841678050535
miniFE.c 40 y -12.1330578134002476
miniFE.c 40 y -15.7527869178322195
miniFE.c 40 y 1266886338600.9580078125000000
miniFE.c 40 y 2468.9105174150045059
miniFE.c 40 y 2746.1646049650516943
miniFE.c 40 y 1970.9783977774550294
miniFE.c 40 y 1942.4007902284233751
miniFE.c 40 y 2377.3051053556341685
miniFE.c 40 y 1775.0341080525586221
miniFE.c 40 y 1794.9464967882254314
miniFE.c 82 oldrtrans 2108305.7785247000865638
miniFE.c 48 sum 1605000994933741260374016.0000000000000000
miniFE.c 48 sum 1605000994933741260374016.0000000000000000
miniFE.c 48 sum 1605000994933741260374016.0000000000000000
miniFE.c 48 sum 1605000994933741260374016.0000000000000000
miniFE.c 48 sum 1605000994933741260374016.0000000000000000
miniFE.c 48 sum 1605000994933741260374016.0000000000000000
miniFE.c 48 sum 1605000994933741260374016.0000000000000000
miniFE.c 48 sum 1605000994933741260374016.0000000000000000
miniFE.c 83 rtrans 1605000994933741260374016.0000000000000000
miniFE.c 84 beta 761275243507064064.0000000000000000
miniFE.c 40 y -12757055335102.8945312500000000
miniFE.c 40 y 1373420461339120762880.0000000000000000
miniFE.c 40 y 1259767594176527466496.0000000000000000
miniFE.c 40 y 1210982730794718724096.0000000000000000
miniFE.c 40 y 939758368447408242688.0000000000000000
miniFE.c 40 y 1348111613772799934464.0000000000000000
miniFE.c 40 y 852343613351116668928.0000000000000000
miniFE.c 40 y 1106628479678570168320.0000000000000000
miniFE.c 87 normr 1266886338600.9580078125000000
miniFE.c 25 Ap -855930928162681.6250000000000000
miniFE.c 25 Ap 88998379063376622282541042237440.0000000000000000
miniFE.c 25 Ap 88998379075116659834365979656192.0000000000000000
miniFE.c 25 Ap 88998379091727088181612975751168.0000000000000000
miniFE.c 25 Ap 88998379104943297604898904866816.0000000000000000
miniFE.c 25 Ap 88998379126589110623516305129472.0000000000000000
miniFE.c 25 Ap 88998379130848056704729526304768.0000000000000000
miniFE.c 25 Ap 88998379137939406663588599824384.0000000000000000
miniFE.c 25 Ap -192472710221131.6875000000000000
miniFE.c 25 Ap 91245371895125286846464.0000000000000000
miniFE.c 25 Ap 109375909317486038745088.0000000000000000
miniFE.c 25 Ap 116597987503123273351168.0000000000000000
miniFE.c 25 Ap 126872938997963540135936.0000000000000000
miniFE.c 25 Ap 139885270891787867652096.0000000000000000
miniFE.c 25 Ap 149599780514032022192128.0000000000000000
miniFE.c 25 Ap 157295166512125775446016.0000000000000000
miniFE.c 25 Ap -118885715920610.2500000000000000
miniFE.c 25 Ap 19766225958093071581184.0000000000000000
miniFE.c 25 Ap 105019851505478880198656.0000000000000000
miniFE.c 25 Ap 116660029435855599828992.0000000000000000
miniFE.c 25 Ap 132446259665541479268352.0000000000000000
miniFE.c 25 Ap 154252895215330019770368.0000000000000000
miniFE.c 25 Ap 164440054941485751074816.0000000000000000
miniFE.c 25 Ap 178108211420837319802880.0000000000000000
miniFE.c 25 Ap -174982021933385.5000000000000000
miniFE.c 25 Ap 8190826747079607451648.0000000000000000
miniFE.c 25 Ap 20299933321633369948160.0000000000000000
miniFE.c 25 Ap 99500274696077638107136.0000000000000000
miniFE.c 25 Ap 102947413644479993741312.0000000000000000
miniFE.c 25 Ap 117892430702487736942592.0000000000000000
miniFE.c 25 Ap 119000675995906098593792.0000000000000000
miniFE.c 25 Ap 124225100034066054381568.0000000000000000
miniFE.c 25 Ap -179407699570239.3750000000000000
miniFE.c 25 Ap 15016443510894322778112.0000000000000000
miniFE.c 25 Ap 36178246316038582960128.0000000000000000
miniFE.c 25 Ap 40620266602659460415488.0000000000000000
miniFE.c 25 Ap 103171767702063190900736.0000000000000000
miniFE.c 25 Ap 109223719795393336180736.0000000000000000
miniFE.c 25 Ap 121201414796988037201920.0000000000000000
miniFE.c 25 Ap 125405870431713051541504.0000000000000000
miniFE.c 25 Ap -204832383282546.1250000000000000
miniFE.c 25 Ap 13256619417855525388288.0000000000000000
miniFE.c 25 Ap 33634229493300836958208.0000000000000000
miniFE.c 25 Ap 47059050838790701580288.0000000000000000
miniFE.c 25 Ap 51277820684733383704576.0000000000000000
miniFE.c 25 Ap 140877726861050698006528.0000000000000000
miniFE.c 25 Ap 147365970156002983542784.0000000000000000
miniFE.c 25 Ap 151157428722226524323840.0000000000000000
miniFE.c 25 Ap -63743841759786.0546875000000000
miniFE.c 25 Ap 15653436036527268298752.0000000000000000
miniFE.c 25 Ap 30710102736069474648064.0000000000000000
miniFE.c 25 Ap 32284662445078883598336.0000000000000000
miniFE.c 25 Ap 45490767279025037508608.0000000000000000
miniFE.c 25 Ap 55752915081739282415616.0000000000000000
miniFE.c 25 Ap 111716262515869558505472.0000000000000000
miniFE.c 25 Ap 114676003462593233551360.0000000000000000
miniFE.c 25 Ap -81748014281825.4687500000000000
miniFE.c 25 Ap 9550631211199021187072.0000000000000000
miniFE.c 25 Ap 25110234927364321574912.0000000000000000
miniFE.c 25 Ap 30827318306962648596480.0000000000000000
miniFE.c 25 Ap 34397777987022889156608.0000000000000000
miniFE.c 25 Ap 39016590370876363374592.0000000000000000
miniFE.c 25 Ap 41296231948369885396992.0000000000000000
miniFE.c 25 Ap 113085633875204433248256.0000000000000000
miniFE.c 57 sum -1135357247397159984706636094929774597308940288.0000000000000000
miniFE.c 57 sum -919324847239662429147380093022419566079246336.0000000000000000
miniFE.c 57 sum -694949894234949910725318430185393145516130304.0000000000000000
miniFE.c 57 sum -544515443362449504057875961817213429780316160.0000000000000000
miniFE.c 57 sum -426664227171815757364927476316493154648850432.0000000000000000
miniFE.c 57 sum -222887142003347968667276959560751176872886272.0000000000000000
miniFE.c 57 sum -125143782847376084307090997148156222414782464.0000000000000000
miniFE.c 57 sum 241428810503217145375302738100879360.0000000000000000
miniFE.c 90 p_ap_dot 241428810503217145375302738100879360.0000000000000000
miniFE.c 91 alpha 0.0000000000066479
miniFE.c 40 y -84.8079664121367500
miniFE.c 40 y 9130398304.9786262512207031
miniFE.c 40 y 8374842395.5482959747314453
miniFE.c 40 y 8050524208.6067819595336914
miniFE.c 40 y 6247444577.8939485549926758
miniFE.c 40 y 8962146946.1083850860595703
miniFE.c 40 y 5666317709.4452991485595703
miniFE.c 40 y 7356784815.3701362609863281
miniFE.c 40 y -591654684709291294720.0000000000000000
miniFE.c 40 y -1045686708342.5410156250000000
miniFE.c 40 y -1184050301525.6354980468750000
miniFE.c 40 y -825839336485.9482421875000000
miniFE.c 40 y -833689011369.2445068359375000
miniFE.c 40 y -1004883478534.2110595703125000
miniFE.c 40 y -762357644227.7601318359375000
miniFE.c 40 y -751784984032.1583251953125000
miniFE.c 82 oldrtrans 1605000994933741260374016.0000000000000000
miniFE.c 48 sum 350055265938450876314259990495321967820800.0000000000000000
miniFE.c 48 sum 350055265938450876314259990495321967820800.0000000000000000
miniFE.c 48 sum 350055265938450876314259990495321967820800.0000000000000000
miniFE.c 48 sum 350055265938450876314259990495321967820800.0000000000000000
miniFE.c 48 sum 350055265938450876314259990495321967820800.0000000000000000
miniFE.c 48 sum 350055265938450876314259990495321967820800.0000000000000000
miniFE.c 48 sum 350055265938450876314259990495321967820800.0000000000000000
miniFE.c 48 sum 350055265938450876314259990495321967820800.0000000000000000
miniFE.c 83 rtrans 350055265938450876314259990495321967820800.0000000000000000
miniFE.c 84 beta 218102834230892224.0000000000000000
miniFE.c 40 y -2782349925617920369531763556352.0000000000000000
miniFE.c 40 y 299546895208761775569455637421575110656.0000000000000000
miniFE.c 40 y 274758882762133070783085005290233397248.0000000000000000
miniFE.c 40 y 264118765790993728966535037298466095104.0000000000000000
miniFE.c 40 y 204963963650578813372734696785386143744.0000000000000000
miniFE.c 40 y 294026963823429601970928361822622842880.0000000000000000
miniFE.c 40 y 185898557810478309194368579711663079424.0000000000000000
miniFE.c 40 y 241358807858519483687158622350848557056.0000000000000000
miniFE.c 87 normr 591654684709291294720.0000000000000000
miniFE.c 25 Ap -186680961377855964930936223563776.0000000000000000
miniFE.c 25 Ap 19410798715677737964926023337226641054382558281728.0000000000000000
miniFE.c 25 Ap 19410798718238275026189176036201612809918650253312.0000000000000000
miniFE.c 25 Ap 19410798721861057371068242306248982034982918684672.0000000000000000
miniFE.c 25 Ap 19410798724743550587490134794572430011156796538880.0000000000000000
miniFE.c 25 Ap 19410798729464566025511619525985541575807065915392.0000000000000000
miniFE.c 25 Ap 19410798730393454952761353851660576042863718039552.0000000000000000
miniFE.c 25 Ap 19410798731940097398755269294440026310689331085312.0000000000000000
miniFE.c 25 Ap -41978843620256655163166304501760.0000000000000000
miniFE.c 25 Ap 19900874220778624586252318980087658577920.0000000000000000
miniFE.c 25 Ap 23855195818724760588040106310327202742272.0000000000000000
miniFE.c 25 Ap 25430351540049340296486501930011191148544.0000000000000000
miniFE.c 25 Ap 27671347582658945330555629516775351123968.0000000000000000
miniFE.c 25 Ap 30509374048655066649567690697836167430144.0000000000000000
miniFE.c 25 Ap 32628136130429790272212776470819675045888.0000000000000000
miniFE.c 25 Ap 34306521627114766214601539003106075869184.0000000000000000
miniFE.c 25 Ap -25929311597367554022391945363456.0000000000000000
miniFE.c 25 Ap 4311069903508331424787648729961050669056.0000000000000000
miniFE.c 25 Ap 22905127263852377050923926453763298033664.0000000000000000
miniFE.c 25 Ap 25443883061419423731419851140877437108224.0000000000000000
miniFE.c 25 Ap 28886904616335304418131024115309603717120.0000000000000000
miniFE.c 25 Ap 33642993634784314135304743072800178176000.0000000000000000
miniFE.c 25 Ap 35864842043821682071623499314391678976000.0000000000000000
miniFE.c 25 Ap 38845905710679591081311379790191237529600.0000000000000000
miniFE.c 25 Ap -38164074931238949830604854657024.0000000000000000
miniFE.c 25 Ap 1786442528232261495897236462523807432704.0000000000000000
miniFE.c 25 Ap 4427472992146368036001955239541493202944.0000000000000000
miniFE.c 25 Ap 21701291917966859925509344795726180253696.0000000000000000
miniFE.c 25 Ap 22453122692601109663953711035817679388672.0000000000000000
miniFE.c 25 Ap 25712673270581627324749268940939876892672.0000000000000000
miniFE.c 25 Ap 25954384710099219505226735045986335326208.0000000000000000
miniFE.c 25 Ap 27093846400045910556302452767386102661120.0000000000000000
miniFE.c 25 Ap -39129327767434315813476064296960.0000000000000000
miniFE.c 25 Ap 3275128889794141578807903396107542069248.0000000000000000
miniFE.c 25 Ap 7890578059031349688624640639573931589632.0000000000000000
miniFE.c 25 Ap 8859395273254483908606557507606798139392.0000000000000000
miniFE.c 25 Ap 22502054948431210174496221892461792854016.0000000000000000
miniFE.c 25 Ap 23822002852616097283041317893360903520256.0000000000000000
miniFE.c 25 Ap 26434372080017093862812228365999031713792.0000000000000000
miniFE.c 25 Ap 27351375770348665102887944601379639656448.0000000000000000
miniFE.c 25 Ap -44674523345691576596354830434304.0000000000000000
miniFE.c 25 Ap 2891306267354570947830399683792692314112.0000000000000000
miniFE.c 25 Ap 7335720779661179236776043644255110955008.0000000000000000
miniFE.c 25 Ap 10263712364155898537551717050358494658560.0000000000000000
miniFE.c 25 Ap 11183838024523821964481853832570085572608.0000000000000000
miniFE.c 25 Ap 30725831508400654877073590943591612547072.0000000000000000
miniFE.c 25 Ap 32140935760209332648551148850634312122368.0000000000000000
miniFE.c 25 Ap 32967863619371682078425182433801345695744.0000000000000000
miniFE.c 25 Ap -13902712555531194619037130686464.0000000000000000
miniFE.c 25 Ap 3414058765018580995594491886073049776128.0000000000000000
miniFE.c 25 Ap 6697960446258629799733419050948167204864.0000000000000000
miniFE.c 25 Ap 7041376381459350490515464462723230728192.0000000000000000
miniFE.c 25 Ap 9921665274893293222125672948941337919488.0000000000000000
miniFE.c 25 Ap 12159868795961593491782619289286090948608.0000000000000000
miniFE.c 25 Ap 24365633484393536979269652100634648772608.0000000000000000
miniFE.c 25 Ap 25011161373463196668589301512987069120512.0000000000000000
miniFE.c 25 Ap -17829473611404948632662880288768.0000000000000000
miniFE.c 25 Ap 2083019735856525296277144747801506217984.0000000000000000
miniFE.c 25 Ap 5476613405861699792821930493838312341504.0000000000000000
miniFE.c 25 Ap 6723525494486423394127538966685787619328.0000000000000000
miniFE.c 25 Ap 7502252870214686002442015599632102457344.0000000000000000
miniFE.c 25 Ap 8509628941913871516411854562024031780864.0000000000000000
miniFE.c 25 Ap 9006825230995790535440232806314240114688.0000000000000000
miniFE.c 25 Ap 24664297258979078966286919366698468376576.0000000000000000
miniFE.c 57 sum -54007634407997950050201066233599415451320809205884560825660778330881965439320064.0000000000000000
miniFE.c 57 sum -43731222369183486565544012404884096150336816536997799633348254452675391824855040.0000000000000000
miniFE.c 57 sum -33057964716233994896804432610489887157593412550824067806960463492076798824415232.0000000000000000
miniFE.c 57 sum -25901971444523111507679907781163263357486079888081836402596926161648771535994880.0000000000000000
miniFE.c 57 sum -20295925055336046845732327120228728767129952236292097060851520437721223862943744.0000000000000000
miniFE.c 57 sum -10602484211587288444007741810685059967830913920559899703979327784885143811915776.0000000000000000
miniFE.c 57 sum -5952945383095338470637970417091048969035221911733752963773611110423200624803840.0000000000000000
miniFE.c 57 sum 1645504557321206042154969182557350504982735865633579863348609024.0000000000000000
miniFE.c 90 p_ap_dot 1645504557321206042154969182557350504982735865633579863348609024.0000000000000000
miniFE.c 91 alpha 0.0000000000000000
miniFE.c 40 y -591901358.3793941736221313
miniFE.c 40 y 63723909253800928.0000000000000000
miniFE.c 40 y 58450647934800440.0000000000000000
miniFE.c 40 y 56187129737270216.0000000000000000
miniFE.c 40 y 43602872301067328.0000000000000000
miniFE.c 40 y 62549630326820328.0000000000000000
miniFE.c 40 y 39547005887246744.0000000000000000
miniFE.c 40 y 51345305244652704.0000000000000000
miniFE.c 40 y -4129343340634179712474677248.0000000000000000
miniFE.c 40 y -7298175030177629184.0000000000000000
miniFE.c 40 y -8263857879961920512.0000000000000000
miniFE.c 40 y -5763791369393721344.0000000000000000
miniFE.c 40 y -5818576708470342656.0000000000000000
miniFE.c 40 y -7013396510447544320.0000000000000000
miniFE.c 40 y -5320732757333284864.0000000000000000
miniFE.c 40 y -5246942850950241280.0000000000000000
miniFE.c 82 oldrtrans 350055265938450876314259990495321967820800.0000000000000000
miniFE.c 48 sum 17051476424839847119155256689921632389668101139820707840.0000000000000000
miniFE.c 48 sum 17051476424839847119155256689921632389668101139820707840.0000000000000000
miniFE.c 48 sum 17051476424839847119155256689921632389668101139820707840.0000000000000000
miniFE.c 48 sum 17051476424839847119155256689921632389668101139820707840.0000000000000000
miniFE.c 48 sum 17051476424839847119155256689921632389668101139820707840.0000000000000000
miniFE.c 48 sum 17051476424839847119155256689921632389668101139820707840.0000000000000000
miniFE.c 48 sum 17051476424839847119155256689921632389668101139820707840.0000000000000000
miniFE.c 48 sum 17051476424839847119155256689921632389668101139820707840.0000000000000000
miniFE.c 83 rtrans 17051476424839847119155256689921632389668101139820707840.0000000000000000
miniFE.c 84 beta 48710812503069.0312500000000000
miniFE.c 40 y -135530525544702586999117270521364159647449088.0000000000000000
miniFE.c 40 y 14591172648390461004439041491492822373673063807975424.0000000000000000
miniFE.c 40 y 13383728421778988502773326228778326746412265420881920.0000000000000000
miniFE.c 40 y 12865439678987097783535580238176100926182615481843712.0000000000000000
miniFE.c 40 y 9983961203269201419391952084798262771415886566785024.0000000000000000
miniFE.c 40 y 14322292305649739895889304370157799770299200167739392.0000000000000000
miniFE.c 40 y 9055269794097147365725137405279226873280373643542528.0000000000000000
miniFE.c 40 y 11756783635560607379854480578515336928232169277489152.0000000000000000
miniFE.c 87 normr 4129343340634179712474677248.0000000000000000
miniFE.c 25 Ap -9093381307569412861088380417896082414145372160.0000000000000000
miniFE.c 25 Ap 945515776774191362330667776707688572240995041801689260781207552.0000000000000000
miniFE.c 25 Ap 945515776898917190874419696287244464089231261446768742939754496.0000000000000000
miniFE.c 25 Ap 945515777075385840698530236420018838294350675584369403858255872.0000000000000000
miniFE.c 25 Ap 945515777215794312561661409763359370240048970171866870169206784.0000000000000000
miniFE.c 25 Ap 945515777445758854880108988499737546758894760284066000932962304.0000000000000000
miniFE.c 25 Ap 945515777491005849445645744670134976416166345360348930514092032.0000000000000000
miniFE.c 25 Ap 945515777566344066597597793749157624015441660599082769205690368.0000000000000000
miniFE.c 25 Ap -2044823580681977577130661235618243167406522368.0000000000000000
miniFE.c 25 Ap 969387752815507586643800287726550031332191796323155968.0000000000000000
miniFE.c 25 Ap 1162005970749898207564565190859602736816069257832955904.0000000000000000
miniFE.c 25 Ap 1238733085754476368071465773673588025154114251084791808.0000000000000000
miniFE.c 25 Ap 1347893823806152489474736839654525779891961552709877760.0000000000000000
miniFE.c 25 Ap 1486136398870037107427632417845771104223865344198967296.0000000000000000
miniFE.c 25 Ap 1589343021373977924816813728237128348470074868034961408.0000000000000000
miniFE.c 25 Ap 1671098542610870178853960526482783126671915884514115584.0000000000000000
miniFE.c 25 Ap -1263037835553024367028435964264118868603043840.0000000000000000
miniFE.c 25 Ap 209995717757418225413968525000704937646425358630649856.0000000000000000
miniFE.c 25 Ap 1115727359508447428928314423197052102730905746235457536.0000000000000000
miniFE.c 25 Ap 1239392217154815301630262848877360231192311354022166528.0000000000000000
miniFE.c 25 Ap 1407104594560347882137938090897809672907306862890713088.0000000000000000
miniFE.c 25 Ap 1638777554985923401669711072667811543511928809407381504.0000000000000000
miniFE.c 25 Ap 1747005596248784965961895016119967662051361405567762432.0000000000000000
miniFE.c 25 Ap 1892215629584812147680004550714421393288001430510108672.0000000000000000
miniFE.c 25 Ap -1859003098328657659834703316729510919980187648.0000000000000000
miniFE.c 25 Ap 87019067040230304567371680242088846317957034958389248.0000000000000000
miniFE.c 25 Ap 215665806782843746706624645443864706202766861488095232.0000000000000000
miniFE.c 25 Ap 1057087561690450918111865926694771599691803902708023296.0000000000000000
miniFE.c 25 Ap 1093709849587697170421679035248067747679209649447370752.0000000000000000
miniFE.c 25 Ap 1252485206635976481441697155384924121751500263797030912.0000000000000000
miniFE.c 25 Ap 1264259167246164713542452258116151921372783441837293568.0000000000000000
miniFE.c 25 Ap 1319763271979588117948196543483980589191069796831068160.0000000000000000
miniFE.c 25 Ap -1906021348250625730615756880211443394189197312.0000000000000000
miniFE.c 25 Ap 159534189274147088895789973498875516790013279887949824.0000000000000000
miniFE.c 25 Ap 384356468374306416231457922286936512142738820993908736.0000000000000000
miniFE.c 25 Ap 431548342046075159145505830575789379523582802824003584.0000000000000000
miniFE.c 25 Ap 1096093379526789309066339514416701869299217039890579456.0000000000000000
miniFE.c 25 Ap 1160389114401358310947949638857319510889225084188229632.0000000000000000
miniFE.c 25 Ap 1287639742026075519093623518931152061855052411086831616.0000000000000000
miniFE.c 25 Ap 1332307736850439129050501342866437978905766381769195520.0000000000000000
miniFE.c 25 Ap -2176132330355962518960420010837353139904970752.0000000000000000
miniFE.c 25 Ap 140837877478056868330300671201546902253711332672012288.0000000000000000
miniFE.c 25 Ap 357328919472943016086323471694892183148431267619405824.0000000000000000
miniFE.c 25 Ap 499953768555829265835815102094060452154787558900891648.0000000000000000
miniFE.c 25 Ap 544773837077273811739853986102556825355175726808039424.0000000000000000
miniFE.c 25 Ap 1496680217606594837004675363507365499285858286030553088.0000000000000000
miniFE.c 25 Ap 1565611095488743058477786688298632823825356838043385856.0000000000000000
miniFE.c 25 Ap 1605891423389964522919483949012937171037252944379510784.0000000000000000
miniFE.c 25 Ap -677212424576543689786584136142897791337758720.0000000000000000
miniFE.c 25 Ap 166301576377279517497854686311507682124086434364129280.0000000000000000
miniFE.c 25 Ap 326263095450676672584344668374853897436093280103170048.0000000000000000
miniFE.c 25 Ap 342991164680805101223435271629668498623024298943578112.0000000000000000
miniFE.c 25 Ap 483292376923538097617616404879930656222512507632222208.0000000000000000
miniFE.c 25 Ap 592317088982004938580683765493907474480594811208335360.0000000000000000
miniFE.c 25 Ap 1186869804176794202745527074239408765241207982672314368.0000000000000000
miniFE.c 25 Ap 1218313992146768228596072024675626349326673198838710272.0000000000000000
miniFE.c 25 Ap -868488146113563571576355658922175381200961536.0000000000000000
miniFE.c 25 Ap 101465583793499596963481955754228204027198629535023104.0000000000000000
miniFE.c 25 Ap 266770288764723559965690374062564064120193239226515456.0000000000000000
miniFE.c 25 Ap 327508389721532640609482433806704796397647431813038080.0000000000000000
miniFE.c 25 Ap 365440832911639063339665457590822871957633770557800448.0000000000000000
miniFE.c 25 Ap 414510939860256352773223438101791212198537308365914112.0000000000000000
miniFE.c 25 Ap 438729775074947477699009899387898990939614257614946304.0000000000000000
miniFE.c 25 Ap 1201417959302089559355687113847684926413697227903991808.0000000000000000
miniFE.c 57 sum -128146250244374717486173201392169574027870384734922849855226990395518628107271090698160985247952359718387712.0000000000000000
miniFE.c 57 sum -103762962896665820706221002495506311691060367588545218174305315849293010717603503970498146757081551039627264.0000000000000000
miniFE.c 57 sum -78438062794857140886108077124855465806845197844895218123178762122230344148605676682395114749199441400430592.0000000000000000
miniFE.c 57 sum -61458728028661109377834227111319982172084802872104645546594979040076442583484992299154540850015044578050048.0000000000000000
miniFE.c 57 sum -48157019273130929611348125132310592307545762876475760453152008014527317859652697167964867861067297426767872.0000000000000000
miniFE.c 57 sum -25156972896203931039493753935026294819026686759000230256392377986594409566917006778646300204485850037223424.0000000000000000
miniFE.c 57 sum -14124811003391390656040615675361595035917131558747499366052152915022072756019468775625444217144956063580160.0000000000000000
miniFE.c 57 sum 36666647574020749552832022391368806898926431085986852511450528088378863395740060711301152768.0000000000000000
miniFE.c 90 p_ap_dot 36666647574020749552832022391368806898926431085986852511450528088378863395740060711301152768.0000000000000000
miniFE.c 91 alpha 0.0000000000000000
miniFE.c 40 y -654928542.8665041923522949
miniFE.c 40 y 70509395598646912.0000000000000000
miniFE.c 40 y 64674623802780192.0000000000000000
miniFE.c 40 y 62170080344864904.0000000000000000
miniFE.c 40 y 48245818693708928.0000000000000000
miniFE.c 40 y 69210076420410984.0000000000000000
miniFE.c 40 y 43758073154929328.0000000000000000
miniFE.c 40 y 56812685882301808.0000000000000000
miniFE.c 40 y -4569046478422805518336655360.0000000000000000
miniFE.c 40 y -8075303545823622144.0000000000000000
miniFE.c 40 y -9143814798124232704.0000000000000000
miniFE.c 40 y -6377534752207754240.0000000000000000
miniFE.c 40 y -6438153775604048896.0000000000000000
miniFE.c 40 y -7760201074227405824.0000000000000000
miniFE.c 40 y -5887298115488964608.0000000000000000
miniFE.c 40 y -5805650869403872256.0000000000000000
miniFE.c 82 oldrtrans 17051476424839847119155256689921632389668101139820707840.0000000000000000
miniFE.c 48 sum 20876185721987839811202920924803775314409620309591195648.0000000000000000
miniFE.c 48 sum 20876185721987839811202920924803775314409620309591195648.0000000000000000
miniFE.c 48 sum 20876185721987839811202920924803775314409620309591195648.0000000000000000
miniFE.c 48 sum 20876185721987839811202920924803775314409620309591195648.0000000000000000
miniFE.c 48 sum 20876185721987839811202920924803775314409620309591195648.0000000000000000
miniFE.c 48 sum 20876185721987839811202920924803775314409620309591195648.0000000000000000
miniFE.c 48 sum 20876185721987839811202920924803775314409620309591195648.0000000000000000
miniFE.c 48 sum 20876185721987839811202920924803775314409620309591195648.0000000000000000
miniFE.c 83 rtrans 20876185721987839811202920924803775314409620309591195648.0000000000000000
miniFE.c 84 beta 1.2243037026152366
miniFE.c 40 y -165930524241768287736875739396452775492583424.0000000000000000
miniFE.c 40 y 17864026698922608818541708042667402950869667920478208.0000000000000000
miniFE.c 40 y 16385748261580793238845999232431579290335331460579328.0000000000000000
miniFE.c 40 y 15751205434756884867673027761581771702144948492042240.0000000000000000
miniFE.c 40 y 12223400667929356445537130654992022605120964168515584.0000000000000000
miniFE.c 40 y 17534835499744688853054210633804397390209741708328960.0000000000000000
miniFE.c 40 y 11086400337093048815562572622834547900308124044623872.0000000000000000
miniFE.c 40 y 14393873735863073213172403282149133654580047963488256.0000000000000000
miniFE.c 87 normr 4569046478422805518336655360.0000000000000000
miniFE.c 25 Ap -11133060404149413666685776003092806287239413760.0000000000000000
miniFE.c 25 Ap 1157598466385763997271301297682204662798596458779490322133024768.0000000000000000
miniFE.c 25 Ap 1157598466538466255532250693647745040635895947057578579012354048.0000000000000000
miniFE.c 25 Ap 1157598466754517484951012742965688913007886812358030688958545920.0000000000000000
miniFE.c 25 Ap 1157598466926420220972396876019130200334996468806848759621222400.0000000000000000
miniFE.c 25 Ap 1157598467207966636703392009624859678418522572744029459573637120.0000000000000000
miniFE.c 25 Ap 1157598467263362664013963888384993046475384206179558098716327936.0000000000000000
miniFE.c 25 Ap 1157598467355599493847554502455745799952941543833063657436086272.0000000000000000
miniFE.c 25 Ap -2503485081023891014628976039973412188335374336.0000000000000000
miniFE.c 25 Ap 1186825015041889581167486139233330998482524163029336064.0000000000000000
miniFE.c 25 Ap 1422648212450112539178277883917786867748601020276539392.0000000000000000
miniFE.c 25 Ap 1516585503441202661462236507916321116046827416195170304.0000000000000000
miniFE.c 25 Ap 1650231399218081597044853922904404287927235510230056960.0000000000000000
miniFE.c 25 Ap 1819482295727860229402805792149770381476699985932189696.0000000000000000
miniFE.c 25 Ap 1945838545793847900051298910525371652884778586050920448.0000000000000000
miniFE.c 25 Ap 2045932133153413425386620034231338939020546363300511744.0000000000000000
miniFE.c 25 Ap -1546341898610702079607112244606841526528507904.0000000000000000
miniFE.c 25 Ap 257098534783751352382302451756023871080666953934700544.0000000000000000
miniFE.c 25 Ap 1365989137355313529436985450309566499991408242025562112.0000000000000000
miniFE.c 25 Ap 1517392480455147843659169197366097061020786313704505344.0000000000000000
miniFE.c 25 Ap 1722723365087145248467570625587719895680246723385491456.0000000000000000
miniFE.c 25 Ap 2006361428332010324858027977059695371455630775639080960.0000000000000000
miniFE.c 25 Ap 2138865419976926374785781091352757702411911332097949696.0000000000000000
miniFE.c 25 Ap 2316646601447106265761138017983362280678059625280438272.0000000000000000
miniFE.c 25 Ap -2275984376456972264166592554281719086706589696.0000000000000000
miniFE.c 25 Ap 106537765975477445647840163237731858605506415732719616.0000000000000000
miniFE.c 25 Ap 264040445771737813834157003716053161701715099898609664.0000000000000000
miniFE.c 25 Ap 1294196215766131431354900625196046797480486251446403072.0000000000000000
miniFE.c 25 Ap 1339033018436971199548179628584216430644826898572509184.0000000000000000
miniFE.c 25 Ap 1533422275955235699806656669256006235573289446556041216.0000000000000000
miniFE.c 25 Ap 1547837179524735293629652529669513547889820226486796288.0000000000000000
miniFE.c 25 Ap 1615791060460209609255894875992081471728382804695711744.0000000000000000
miniFE.c 25 Ap -2333548993926926349373958632334781706837950464.0000000000000000
miniFE.c 25 Ap 195318298622058245507836101321366860714089371435794432.0000000000000000
miniFE.c 25 Ap 470569047354779502533054275308898398608427044602642432.0000000000000000
miniFE.c 25 Ap 528346233024476461925685886885290688264597473979269120.0000000000000000
miniFE.c 25 Ap 1341951182966696101893316166291291533064376487308689408.0000000000000000
miniFE.c 25 Ap 1420668689235998525963922643166173801035820990126358528.0000000000000000
miniFE.c 25 Ap 1576462103797052623231723678638287334285845228746178560.0000000000000000
miniFE.c 25 Ap 1631149295248919155489607757975153769015350531614310400.0000000000000000
miniFE.c 25 Ap -2664246869435528357592404716073453280835928064.0000000000000000
miniFE.c 25 Ap 172428334864856036288714377887288926754046917159682048.0000000000000000
miniFE.c 25 Ap 437479119162225820409715618420464887563822985224650752.0000000000000000
miniFE.c 25 Ap 612095249979342837551695032558971706113238347259314176.0000000000000000
miniFE.c 25 Ap 666968625821616012684204449986776350172260908943802368.0000000000000000
miniFE.c 25 Ap 1832391132046732221558768456813226306027773740292505600.0000000000000000
miniFE.c 25 Ap 1916783461062365212123170107559670890090584482550644736.0000000000000000
miniFE.c 25 Ap 1966098815654386347714278948264959191033314285262471168.0000000000000000
miniFE.c 25 Ap -829113678866104207486669871578187455667372032.0000000000000000
miniFE.c 25 Ap 203603635709453876812847900358723357227830024737914880.0000000000000000
miniFE.c 25 Ap 399445115786971814172690430682938682591949079745396736.0000000000000000
miniFE.c 25 Ap 419925352883022047740958946755740294774638238205214720.0000000000000000
miniFE.c 25 Ap 591696646513206157958306907528902306142275640609472512.0000000000000000
miniFE.c 25 Ap 725176005162947171865042608802142499423798567922302976.0000000000000000
miniFE.c 25 Ap 1453089095775869946612601899725319936949008550477168640.0000000000000000
miniFE.c 25 Ap 1491586331533238753995970665076633305427703886304509952.0000000000000000
miniFE.c 25 Ap -1063293252964278459813210050707498842634321920.0000000000000000
miniFE.c 25 Ap 124224689926398084594990277555995291862315418272137216.0000000000000000
miniFE.c 25 Ap 326607852282386931986270142292046848518077508160061440.0000000000000000
miniFE.c 25 Ap 400969734173626352619629392128187505076582360016748544.0000000000000000
miniFE.c 25 Ap 447410564820515710360371594123409006792994998781476864.0000000000000000
miniFE.c 25 Ap 507487278445433489732441667106294137477186226961252352.0000000000000000
miniFE.c 25 Ap 537138488071808028009099372295864867485940959307366400.0000000000000000
miniFE.c 25 Ap 1470900455961989719131306052460947981151891682033139712.0000000000000000
miniFE.c 57 sum -192080920549782119418101268399459618413490628689431784530031019516375706995811108696326241471781264917790720.0000000000000000
miniFE.c 57 sum -155532334298945871509137285986184544679628758852323018051569607980258744847169772568327062585882033640177664.0000000000000000
miniFE.c 57 sum -117572346276586899451850070727062638180647228107984984016790551073054398217937655832906949510791181237223424.0000000000000000
miniFE.c 57 sum -92121689343634455932356180278623186813102195370693999052807286196256407720077022896307295550986972469133312.0000000000000000
miniFE.c 57 sum -72183497958596316104645896647319747812897037753629521926695338321158966627931183838863993140196453904285696.0000000000000000
miniFE.c 57 sum -37708278649853794171833748197292616022157287105027942188186021603739754487337445063230782565959396233314304.0000000000000000
miniFE.c 57 sum -21171955441140313812340914640913875290284196053119782613499238595206900412999924908532723790030197705670656.0000000000000000
miniFE.c 57 sum -12222215858006916517610674130456268966308810361995617503816842696126287798580020237100384256.0000000000000000
miniFE.c 90 p_ap_dot -12222215858006916517610674130456268966308810361995617503816842696126287798580020237100384256.0000000000000000
miniFE.c 91 alpha -0.0000000000000000
miniFE.c 40 y -371510504.6595733761787415
miniFE.c 40 y 39996701056032928.0000000000000000
miniFE.c 40 y 36686906364587128.0000000000000000
miniFE.c 40 y 35266195335686984.0000000000000000
miniFE.c 40 y 27367609254232096.0000000000000000
miniFE.c 40 y 39259657711567360.0000000000000000
miniFE.c 40 y 24821919914447744.0000000000000000
miniFE.c 40 y 32227194604804328.0000000000000000
miniFE.c 40 y -2591807581911876617627500544.0000000000000000
miniFE.c 40 y -4580744156389114368.0000000000000000
miniFE.c 40 y -5186860898284644352.0000000000000000
miniFE.c 40 y -3617678875174042624.0000000000000000
miniFE.c 40 y -3652065228035317248.0000000000000000
miniFE.c 40 y -4402001178216530432.0000000000000000
miniFE.c 40 y -3339590429810419200.0000000000000000
miniFE.c 40 y -3293275744143527936.0000000000000000
miniFE.c 82 oldrtrans 20876185721987839811202920924803775314409620309591195648.0000000000000000
miniFE.c 48 sum 6717466541655888671517997832961003950571687319577821184.0000000000000000
miniFE.c 48 sum 6717466541655888671517997832961003950571687319577821184.0000000000000000
miniFE.c 48 sum 6717466541655888671517997832961003950571687319577821184.0000000000000000
miniFE.c 48 sum 6717466541655888671517997832961003950571687319577821184.0000000000000000
miniFE.c 48 sum 6717466541655888671517997832961003950571687319577821184.0000000000000000
miniFE.c 48 sum 6717466541655888671517997832961003950571687319577821184.0000000000000000
miniFE.c 48 sum 6717466541655888671517997832961003950571687319577821184.0000000000000000
miniFE.c 48 sum 6717466541655888671517997832961003950571687319577821184.0000000000000000
miniFE.c 83 rtrans 6717466541655888671517997832961003950571687319577821184.0000000000000000
miniFE.c 84 beta 0.3217765271450291
miniFE.c 40 y -53392547837870257265848673243328706844295168.0000000000000000
miniFE.c 40 y 5748224472005394830200398261665101602442881326383104.0000000000000000
miniFE.c 40 y 5272549170284164855513260930456942674207657045262336.0000000000000000
miniFE.c 40 y 5068368183143978638403923370843322923247928491376640.0000000000000000
miniFE.c 40 y 3933203416828536884538783789599562795994334801952768.0000000000000000
miniFE.c 40 y 5642298471167216276648286454811253089648038863962112.0000000000000000
miniFE.c 40 y 3567343399009281147425282004956194379013131910250496.0000000000000000
miniFE.c 40 y 4631610702890065599625553069598531317622709776547840.0000000000000000
miniFE.c 87 normr 2591807581911876617627500544.0000000000000000
miniFE.c 25 Ap -3582357513343032506276611441804681365044592640.0000000000000000
miniFE.c 25 Ap 372488014342022804234821438144826711299373075241070169375637504.0000000000000000
miniFE.c 25 Ap 372488014391158808985369560389847952431351667048813171205734400.0000000000000000
miniFE.c 25 Ap 372488014460679016478738117905082700037338571505518563683205120.0000000000000000
miniFE.c 25 Ap 372488014515993291041471799283229049473870137859635199099273216.0000000000000000
miniFE.c 25 Ap 372488014606588306473225810288244738502474821075934774598565888.0000000000000000
miniFE.c 25 Ap 372488014624413419849079834548683592834396922157479627363188736.0000000000000000
miniFE.c 25 Ap 372488014654093092708807978513685891900537951498364298719133696.0000000000000000
miniFE.c 25 Ap -805562735131259452559929113593920091976630272.0000000000000000
miniFE.c 25 Ap 381892431669026119990075248621180291591406942741856256.0000000000000000
miniFE.c 25 Ap 457774801151280735250177475254654145308358366682152960.0000000000000000
miniFE.c 25 Ap 488001616415805713530423900701186129080070902047047680.0000000000000000
miniFE.c 25 Ap 531005728626076359015201123475712652348780477421715456.0000000000000000
miniFE.c 25 Ap 585466694321175640638295238964574879514723919058698240.0000000000000000
miniFE.c 25 Ap 626125169650478026178182850288277514939610214759923712.0000000000000000
miniFE.c 25 Ap 658332936580526695143586551293129997339672482777399296.0000000000000000
miniFE.c 25 Ap -497576525913802368843839199910235610602799104.0000000000000000
miniFE.c 25 Ap 82728273656790959068583942827714200546636438274310144.0000000000000000
miniFE.c 25 Ap 439543240736026918317957022304166628566315681506656256.0000000000000000
miniFE.c 25 Ap 488261282676838937277787238522470110751765617598005248.0000000000000000
miniFE.c 25 Ap 554331941649339760002839090571742676382628789335621632.0000000000000000
miniFE.c 25 Ap 645600012606414632694139634810357836699258467983032320.0000000000000000
miniFE.c 25 Ap 688236686870769621189906350627646296257694703416246272.0000000000000000
miniFE.c 25 Ap 745442498035984303927960764920960041870857062441811968.0000000000000000
miniFE.c 25 Ap -732358348492669039279216574008731049094283264.0000000000000000
miniFE.c 25 Ap 34281352345378975841202571856654325823387293158735872.0000000000000000
miniFE.c 25 Ap 84962017666255175298136705709239593567960147075006464.0000000000000000
miniFE.c 25 Ap 416441963753464553369870917606755995517148075063771136.0000000000000000
miniFE.c 25 Ap 430869394405174282134636007830986979393615190137241600.0000000000000000
miniFE.c 25 Ap 493419294603702244810134416462092971146975176871116800.0000000000000000
miniFE.c 25 Ap 498057672213426289876180059438354328396436183416045568.0000000000000000
miniFE.c 25 Ap 519923636026869962409790137070587135155623224705810432.0000000000000000
miniFE.c 25 Ap -750881291188582853126079852467519540042924032.0000000000000000
miniFE.c 25 Ap 62848843818481618680501882395902501651840645388566528.0000000000000000
miniFE.c 25 Ap 151418073839765677649469725598472686451905732691361792.0000000000000000
miniFE.c 25 Ap 170009415992774300439709776175228399542636520216199168.0000000000000000
miniFE.c 25 Ap 431808391253186928577264322035315031287116094014226432.0000000000000000
miniFE.c 25 Ap 457137837046040133818757434986377792201112061051142144.0000000000000000
miniFE.c 25 Ap 507268500935561917838788499407052048067772811011162112.0000000000000000
miniFE.c 25 Ap 524865555480258846301993135770037063542632145819271168.0000000000000000
miniFE.c 25 Ap -857292105103980053474380261289421373796515840.0000000000000000
miniFE.c 25 Ap 55483390774213515672462722139008924883774134743465984.0000000000000000
miniFE.c 25 Ap 140770511662487375434487875355657942963430462622531584.0000000000000000
miniFE.c 25 Ap 196957883820321375886317106954117552684692077153353728.0000000000000000
miniFE.c 25 Ap 214614848131571956391624377583917196268961778829885440.0000000000000000
miniFE.c 25 Ap 589620454841345826580210089515184715140172182305374208.0000000000000000
miniFE.c 25 Ap 616775925389676829443043483941521185697638618950008832.0000000000000000
miniFE.c 25 Ap 632644448925223054166975547458322762278401370222493696.0000000000000000
miniFE.c 25 Ap -266789320193973872275191657937955113777758208.0000000000000000
miniFE.c 25 Ap 65514870812689691060224730885214238023688321465581568.0000000000000000
miniFE.c 25 Ap 128532062142975817728404762197625839028687690432249856.0000000000000000
miniFE.c 25 Ap 135122121710849667007703708806566223153879610267009024.0000000000000000
miniFE.c 25 Ap 190394092038379356332755472054834366204823111785775104.0000000000000000
miniFE.c 25 Ap 233344616510238808712160321512260954366038635899256832.0000000000000000
miniFE.c 25 Ap 467569962871069912356204223869773670170751484628566016.0000000000000000
miniFE.c 25 Ap 479957469697759473119755090404105006914718518288056320.0000000000000000
miniFE.c 25 Ap -342142810275586416330709315980972250219151360.0000000000000000
miniFE.c 25 Ap 39972589310184446355757196233052200899873428631191552.0000000000000000
miniFE.c 25 Ap 105094740445723118769788347272673263499805276550201344.0000000000000000
miniFE.c 25 Ap 129022648552654964143478220479020716409018193744494592.0000000000000000
miniFE.c 25 Ap 143966217755941470556436463069651876224560205104414720.0000000000000000
miniFE.c 25 Ap 163297494028453952652178177893538615627921416167358464.0000000000000000
miniFE.c 25 Ap 172838557287678021121074323078034793144694865383129088.0000000000000000
miniFE.c 25 Ap 473301240495488899997224812602898912967666775866998784.0000000000000000
miniFE.c 57 sum -19888084141451983795319084589979259959048318813723751704703174798783618793967730099858402831489392420323328.0000000000000000
miniFE.c 57 sum -16103838644672624832314357144843851664313633882164472484696495156332207407740255981192661744031262612389888.0000000000000000
miniFE.c 57 sum -12173456420158441367293183491580637701566466365655269035065337403124323796539043786178634671833690612432896.0000000000000000
miniFE.c 57 sum -9538292005655322596049876476483725796060720175293998529277354243979141305850745488305424851190740401782784.0000000000000000
miniFE.c 57 sum -7473889009464760676947446032563083623844304679990869848105680849456382743122325500241878113875971914334208.0000000000000000
miniFE.c 57 sum -3904320202501548359484540319519436581222902511897698395934458437459046090708657898378648052881537479213056.0000000000000000
miniFE.c 57 sum -2192147091170049071914954534368206095989998373377008917810097815200726291440650831930168237689025134067712.0000000000000000
miniFE.c 57 sum 2291665473376296847052001399460550431182901942874178281965658005523678962233753794456322048.0000000000000000
miniFE.c 90 p_ap_dot 2291665473376296847052001399460550431182901942874178281965658005523678962233753794456322048.0000000000000000
miniFE.c 91 alpha 0.0000000000000000
miniFE.c 40 y -528017925.9396258592605591
miniFE.c 40 y 56846239530658016.0000000000000000
miniFE.c 40 y 52142117019062808.0000000000000000
miniFE.c 40 y 50122898500526432.0000000000000000
miniFE.c 40 y 38896849739382912.0000000000000000
miniFE.c 40 y 55798699573668304.0000000000000000
miniFE.c 40 y 35278729690499632.0000000000000000
miniFE.c 40 y 45803648189367520.0000000000000000
miniFE.c 40 y -3683666670716953425258479616.0000000000000000
miniFE.c 40 y -6510488932023564288.0000000000000000
miniFE.c 40 y -7371946416856258560.0000000000000000
miniFE.c 40 y -5141710052412573696.0000000000000000
miniFE.c 40 y -5190582454378907648.0000000000000000
miniFE.c 40 y -6256446326424988672.0000000000000000
miniFE.c 40 y -4746470396179365888.0000000000000000
miniFE.c 40 y -4680644574406745088.0000000000000000
miniFE.c 82 oldrtrans 6717466541655888671517997832961003950571687319577821184.0000000000000000
miniFE.c 48 sum 13569400140950924156689347133928792329256946771634946048.0000000000000000
miniFE.c 48 sum 13569400140950924156689347133928792329256946771634946048.0000000000000000
miniFE.c 48 sum 13569400140950924156689347133928792329256946771634946048.0000000000000000
miniFE.c 48 sum 13569400140950924156689347133928792329256946771634946048.0000000000000000
miniFE.c 48 sum 13569400140950924156689347133928792329256946771634946048.0000000000000000
miniFE.c 48 sum 13569400140950924156689347133928792329256946771634946048.0000000000000000
miniFE.c 48 sum 13569400140950924156689347133928792329256946771634946048.0000000000000000
miniFE.c 48 sum 13569400140950924156689347133928792329256946771634946048.0000000000000000
miniFE.c 83 rtrans 13569400140950924156689347133928792329256946771634946048.0000000000000000
miniFE.c 84 beta 2.0200175254770976
miniFE.c 40 y -107853882362372239898779015969665662802984960.0000000000000000
miniFE.c 40 y 11611514173827233896326206211049511209363821742260224.0000000000000000
miniFE.c 40 y 10650641727913742507810412338875753649920912002121728.0000000000000000
miniFE.c 40 y 10238192555521352012382090279564992405446018109276160.0000000000000000
miniFE.c 40 y 7945139833260046201877068721031980183691722282237952.0000000000000000
miniFE.c 40 y 11397541795730410420364268360209600463101501384949760.0000000000000000
miniFE.c 40 y 7206096185393786346594966574053696386720551357382656.0000000000000000
miniFE.c 40 y 9355934791025230796277209773483531812786865138827264.0000000000000000
miniFE.c 87 normr 3683666670716953425258479616.0000000000000000
miniFE.c 25 Ap -7236424959477480576857066195356925458020040704.0000000000000000
miniFE.c 25 Ap 752432317001050581843329254121417535292297001177458687067815936.0000000000000000
miniFE.c 25 Ap 752432317100306181946349196275411097448672243265173133329432576.0000000000000000
miniFE.c 25 Ap 752432317240738220523382330428307663812298087916362551552638976.0000000000000000
miniFE.c 25 Ap 752432317352473948482980185326572041676445849779673919781863424.0000000000000000
miniFE.c 25 Ap 752432317535477428846858858313797029420149989136599897578930176.0000000000000000
miniFE.c 25 Ap 752432317571484536029632646691013600374083098659551836136013824.0000000000000000
miniFE.c 25 Ap 752432317631437982164663946657267996390864326388811315426623488.0000000000000000
miniFE.c 25 Ap -1627250842836409294952914680348418935963516928.0000000000000000
miniFE.c 25 Ap 771429404818497713015797887708901930738757228459720704.0000000000000000
miniFE.c 25 Ap 924713121047380408172916312592600395304776818755633152.0000000000000000
miniFE.c 25 Ap 985771817621079462153561794085461320184839580898295808.0000000000000000
miniFE.c 25 Ap 1072640877953409819045317374733693259764221835351162880.0000000000000000
miniFE.c 25 Ap 1182652983111917488778324719780552705481187678253744128.0000000000000000
miniFE.c 25 Ap 1264783815836286467865022563582251446320489735303200768.0000000000000000
miniFE.c 25 Ap 1329844069491466491617640460721050111021699238310445056.0000000000000000
miniFE.c 25 Ap -1005113302611890076294757060809689352856666112.0000000000000000
miniFE.c 25 Ap 167112562639183040154260879380197890770720676389060608.0000000000000000
miniFE.c 25 Ap 887885049491773240161223639265005826941575157853978624.0000000000000000
miniFE.c 25 Ap 986296348019141762670891802107561314353209649198530560.0000000000000000
miniFE.c 25 Ap 1119760237063413996964463205591088877104381143447240704.0000000000000000
miniFE.c 25 Ap 1304123339913192495343695542368627913955433631474253824.0000000000000000
miniFE.c 25 Ap 1390250169155247962656916829995753314896375067027963904.0000000000000000
miniFE.c 25 Ap 1505806910268115017544345345986338804990147274983079936.0000000000000000
miniFE.c 25 Ap -1479376698884655128010760322329919856301834240.0000000000000000
miniFE.c 25 Ap 69248932534720939183186339320420058070589685295480832.0000000000000000
miniFE.c 25 Ap 171624764685730220601102913156598323684512546309537792.0000000000000000
miniFE.c 25 Ap 841220065126096479318819246087677383289105464686542848.0000000000000000
miniFE.c 25 Ap 870363727890155643169892226581687502569729684347551744.0000000000000000
miniFE.c 25 Ap 996715622508025491244911377556201685444346528455983104.0000000000000000
miniFE.c 25 Ap 1006085226569448578157816281945182040414603061200158720.0000000000000000
miniFE.c 25 Ap 1050254856684052757178465144114294015057920507645001728.0000000000000000
miniFE.c 25 Ap -1516793367753809221102413068984309947796815872.0000000000000000
miniFE.c 25 Ap 126955765969305815531003950228179102917352768569081856.0000000000000000
miniFE.c 25 Ap 305867162830311862329916854574397887208507299913007104.0000000000000000
miniFE.c 25 Ap 343421999801530377072046031151901350904874941481484288.0000000000000000
miniFE.c 25 Ap 872260517979509023051544411598225100174314741199536128.0000000000000000
miniFE.c 25 Ap 923426442391694500184792447326904051813731381821833216.0000000000000000
miniFE.c 25 Ap 1024691262012330366132802931029436655865920417244905472.0000000000000000
miniFE.c 25 Ap 1060237620589394622875766186127358057966511598031863808.0000000000000000
miniFE.c 25 Ap -1731745076763193625461378521960152858420576256.0000000000000000
miniFE.c 25 Ap 112077421736805613893831993470258712008922875467661312.0000000000000000
miniFE.c 25 Ap 284358900628602662559268555384634232192318024749940736.0000000000000000
miniFE.c 25 Ap 397858377097931288714110994418020013019965902420967424.0000000000000000
miniFE.c 25 Ap 433525754453381156387746842872798587842250677008990208.0000000000000000
miniFE.c 25 Ap 1191043652159296285332166494365981926534532966620594176.0000000000000000
miniFE.c 25 Ap 1245898178579502055074168043923882555330350186871390208.0000000000000000
miniFE.c 25 Ap 1277952874224751242532339777705633698863701597362323456.0000000000000000
miniFE.c 25 Ap -538919102401948181482358043917356246757277696.0000000000000000
miniFE.c 25 Ap 132341187221001164283281285985806406597330636644548608.0000000000000000
miniFE.c 25 Ap 259637018114522560995869981816993484596824753546723328.0000000000000000
miniFE.c 25 Ap 272949053935565749539246513459770055842796189836640256.0000000000000000
miniFE.c 25 Ap 384599402664825837415956709623298595049459702887874560.0000000000000000
miniFE.c 25 Ap 471360214826414932232365868310467759728811096758288384.0000000000000000
miniFE.c 25 Ap 944499519386237155394427617250262265961894960363995136.0000000000000000
miniFE.c 25 Ap 969522500273117228790423148478375076932958966629007360.0000000000000000
miniFE.c 25 Ap -691134472972670159571447703304506180087316480.0000000000000000
miniFE.c 25 Ap 80745330945271087893278373818021407689100116369604608.0000000000000000
miniFE.c 25 Ap 212293217535827491806999780261413232372601763301163008.0000000000000000
miniFE.c 25 Ap 260628011259835355324593588483608963334740880664821760.0000000000000000
miniFE.c 25 Ap 290814282943653917176673607610621779135551292236103680.0000000000000000
miniFE.c 25 Ap 329863799803968703116349620252419771931403815577714688.0000000000000000
miniFE.c 25 Ap 349136914799286935228400931739270610922160843992858624.0000000000000000
miniFE.c 25 Ap 956076800630938115680831082364448165782803241330802688.0000000000000000
miniFE.c 57 sum -81152746671468222383753165208765329916233137537607475546575196939420625010334952982419233250318697415835648.0000000000000000
miniFE.c 57 sum -65711243409587969211750608323445335603813778358866579880143631284308468756547449821004200990241435324252160.0000000000000000
miniFE.c 57 sum -49673433496905518759466980711924104233651302720615979929230039053170560322811744751221919921847550773035008.0000000000000000
miniFE.c 57 sum -38920722041802703298600864100965932673308780595339390151189795516445887048331844731856228067178331487862784.0000000000000000
miniFE.c 57 sum -30496985889737053012340271906069460810708622107247090700035334490358125050826610108480134467615688453259264.0000000000000000
miniFE.c 57 sum -15931464592786641914348293413181114667295913877623295436937993878265787419872828603857452870512722864766976.0000000000000000
miniFE.c 57 sum -8944992201915085824151295132931813613937328929421448442759575248328210086146163270728845881624515336732672.0000000000000000
miniFE.c 57 sum 1018517988167243043134222844204689080525734196832968125318070224677190649881668353091698688.0000000000000000
miniFE.c 90 p_ap_dot 1018517988167243043134222844204689080525734196832968125318070224677190649881668353091698688.0000000000000000
miniFE.c 91 alpha 0.0000000000000000
miniFE.c 40 y -1964921842.7409129142761230
miniFE.c 40 y 211542851566451520.0000000000000000
miniFE.c 40 y 194037322644277088.0000000000000000
miniFE.c 40 y 186523171367540480.0000000000000000
miniFE.c 40 y 144747490401421856.0000000000000000
miniFE.c 40 y 207644623795168768.0000000000000000
miniFE.c 40 y 131283320409355216.0000000000000000
miniFE.c 40 y 170449873731747648.0000000000000000
miniFE.c 40 y -13708089720226759592042823680.0000000000000000
miniFE.c 40 y -24227590165033103360.0000000000000000
miniFE.c 40 y -27433346154336305152.0000000000000000
miniFE.c 40 y -19133930676780060672.0000000000000000
miniFE.c 40 y -19315800354708086784.0000000000000000
miniFE.c 40 y -23282217214220578816.0000000000000000
miniFE.c 40 y -17663118805633779712.0000000000000000
miniFE.c 40 y -17418160086122086400.0000000000000000
