filename line variable value
miniFE.c 167 A 67.0947100000000063
miniFE.c 167 A 15.0875500000000002
miniFE.c 167 A 9.3192129999999995
miniFE.c 167 A 13.7164900000000003
miniFE.c 167 A 14.0634099999999993
miniFE.c 167 A 16.0564000000000000
miniFE.c 167 A 4.9967519999999999
miniFE.c 167 A 6.4080630000000003
miniFE.c 167 A 15.0875500000000002
miniFE.c 167 A 66.4365899999999954
miniFE.c 167 A 14.3919700000000006
miniFE.c 167 A 5.9638159999999996
miniFE.c 167 A 10.9336099999999998
miniFE.c 167 A 9.6522659999999991
miniFE.c 167 A 11.3974100000000007
miniFE.c 167 A 6.9539020000000002
miniFE.c 167 A 9.3192129999999995
miniFE.c 167 A 14.3919700000000006
miniFE.c 167 A 67.6740900000000067
miniFE.c 167 A 9.6121750000000006
miniFE.c 167 A 16.7981799999999986
miniFE.c 167 A 16.1756899999999995
miniFE.c 167 A 11.9519400000000005
miniFE.c 167 A 12.3511699999999998
miniFE.c 167 A 13.7164900000000003
miniFE.c 167 A 5.9638159999999996
miniFE.c 167 A 9.6121750000000006
miniFE.c 167 A 65.4017099999999942
miniFE.c 167 A 3.6681119999999998
miniFE.c 167 A 11.0858899999999991
miniFE.c 167 A 1.3002330000000000
miniFE.c 167 A 4.7210279999999996
miniFE.c 167 A 14.0634099999999993
miniFE.c 167 A 10.9336099999999998
miniFE.c 167 A 16.7981799999999986
miniFE.c 167 A 3.6681119999999998
miniFE.c 167 A 66.5612600000000043
miniFE.c 167 A 4.4892070000000004
miniFE.c 167 A 14.0526599999999995
miniFE.c 167 A 3.7993380000000001
miniFE.c 167 A 16.0564000000000000
miniFE.c 167 A 9.6522659999999991
miniFE.c 167 A 16.1756899999999995
miniFE.c 167 A 11.0858899999999991
miniFE.c 167 A 4.4892070000000004
miniFE.c 167 A 66.4632699999999943
miniFE.c 167 A 7.6122389999999998
miniFE.c 167 A 3.4261349999999999
miniFE.c 167 A 4.9967519999999999
miniFE.c 167 A 11.3974100000000007
miniFE.c 167 A 11.9519400000000005
miniFE.c 167 A 1.3002330000000000
miniFE.c 167 A 14.0526599999999995
miniFE.c 167 A 7.6122389999999998
miniFE.c 167 A 65.6581999999999937
miniFE.c 167 A 2.6745570000000001
miniFE.c 167 A 6.4080630000000003
miniFE.c 167 A 6.9539020000000002
miniFE.c 167 A 12.3511699999999998
miniFE.c 167 A 4.7210279999999996
miniFE.c 167 A 3.7993380000000001
miniFE.c 167 A 3.4261349999999999
miniFE.c 167 A 2.6745569999927241
miniFE.c 167 A 64.8721800000000002
miniFE.c 175 b 198.0110999999999990
miniFE.c 175 b 229.8237000000000023
miniFE.c 175 b 210.8053999999999917
miniFE.c 175 b 202.6418999999999926
miniFE.c 175 b 157.2561000000000035
miniFE.c 175 b 225.5886000000000138
miniFE.c 175 b 142.6283999999999992
miniFE.c 175 b 185.1795999999999935
miniFE.c 33 r 0.0000000000000000
miniFE.c 33 r 0.0000000000000000
miniFE.c 33 r 0.0000000000000000
miniFE.c 33 r 0.0000000000000000
miniFE.c 33 r 0.0000000000000000
miniFE.c 33 r 0.0000000000000000
miniFE.c 33 r 0.0000000000000000
miniFE.c 33 r 0.0000000000000000
miniFE.c 25 Ap 0.0000000000000000
miniFE.c 25 Ap 0.0000000000000000
miniFE.c 25 Ap 0.0000000000000000
miniFE.c 25 Ap 0.0000000000000000
miniFE.c 25 Ap 0.0000000000000000
miniFE.c 25 Ap 0.0000000000000000
miniFE.c 25 Ap 0.0000000000000000
miniFE.c 25 Ap 0.0000000000000000
miniFE.c 25 Ap 0.0000000000000000
miniFE.c 25 Ap 0.0000000000000000
miniFE.c 25 Ap 0.0000000000000000
miniFE.c 25 Ap 0.0000000000000000
miniFE.c 25 Ap 0.0000000000000000
miniFE.c 25 Ap 0.0000000000000000
miniFE.c 25 Ap 0.0000000000000000
miniFE.c 25 Ap 0.0000000000000000
miniFE.c 25 Ap 0.0000000000000000
miniFE.c 25 Ap 0.0000000000000000
miniFE.c 25 Ap 0.0000000000000000
miniFE.c 25 Ap 0.0000000000000000
miniFE.c 25 Ap 0.0000000000000000
miniFE.c 25 Ap 0.0000000000000000
miniFE.c 25 Ap 0.0000000000000000
miniFE.c 25 Ap 0.0000000000000000
miniFE.c 25 Ap 0.0000000000000000
miniFE.c 25 Ap 0.0000000000000000
miniFE.c 25 Ap 0.0000000000000000
miniFE.c 25 Ap 0.0000000000000000
miniFE.c 25 Ap 0.0000000000000000
miniFE.c 25 Ap 0.0000000000000000
miniFE.c 25 Ap 0.0000000000000000
miniFE.c 25 Ap 0.0000000000000000
miniFE.c 25 Ap 0.0000000000000000
miniFE.c 25 Ap 0.0000000000000000
miniFE.c 25 Ap 0.0000000000000000
miniFE.c 25 Ap 0.0000000000000000
miniFE.c 25 Ap 0.0000000000000000
miniFE.c 25 Ap 0.0000000000000000
miniFE.c 25 Ap 0.0000000000000000
miniFE.c 25 Ap 0.0000000000000000
miniFE.c 25 Ap 0.0000000000000000
miniFE.c 25 Ap 0.0000000000000000
miniFE.c 25 Ap 0.0000000000000000
miniFE.c 25 Ap 0.0000000000000000
miniFE.c 25 Ap 0.0000000000000000
miniFE.c 25 Ap 0.0000000000000000
miniFE.c 25 Ap 0.0000000000000000
miniFE.c 25 Ap 0.0000000000000000
miniFE.c 25 Ap 0.0000000000000000
miniFE.c 25 Ap 0.0000000000000000
miniFE.c 25 Ap 0.0000000000000000
miniFE.c 25 Ap 0.0000000000000000
miniFE.c 25 Ap 0.0000000000000000
miniFE.c 25 Ap 0.0000000000000000
miniFE.c 25 Ap 0.0000000000000000
miniFE.c 25 Ap 0.0000000000000000
miniFE.c 25 Ap 0.0000000000000000
miniFE.c 25 Ap 0.0000000000000000
miniFE.c 25 Ap 0.0000000000000000
miniFE.c 25 Ap 0.0000000000000000
miniFE.c 25 Ap 0.0000000000000000
miniFE.c 25 Ap 0.0000000000000000
miniFE.c 25 Ap 0.0000000000000000
miniFE.c 25 Ap 0.0000000000000000
miniFE.c 33 r 198.0110999999999990
miniFE.c 33 r 229.8237000000000023
miniFE.c 33 r 210.8053999999999917
miniFE.c 33 r 202.6418999999999926
miniFE.c 33 r 157.2561000000000035
miniFE.c 33 r 225.5886000000000138
miniFE.c 33 r 142.6283999999999992
miniFE.c 33 r 185.1795999999999935
miniFE.c 48 sum 39208.3957232100001420
miniFE.c 48 sum 92027.3288048999966122
miniFE.c 48 sum 136466.2454740600078367
miniFE.c 48 sum 177529.9851096700003836
miniFE.c 48 sum 202259.4660968800017145
miniFE.c 48 sum 253149.6825468399911188
miniFE.c 48 sum 273492.5430333999684080
miniFE.c 48 sum 307784.0272895599482581
miniFE.c 75 rtrans 307784.0272895599482581
miniFE.c 76 normr 554.7828649927464539
miniFE.c 33 r 198.0110999999999990
miniFE.c 33 r 229.8237000000000023
miniFE.c 33 r 210.8053999999999917
miniFE.c 33 r 202.6418999999999926
miniFE.c 33 r 157.2561000000000035
miniFE.c 33 r 225.5886000000000138
miniFE.c 33 r 142.6283999999999992
miniFE.c 33 r 185.1795999999999935
miniFE.c 87 normr 554.7828649927464539
miniFE.c 25 Ap 13285.4973312810016068
miniFE.c 25 Ap 16752.9738962160008668
miniFE.c 25 Ap 18717.5143203662009910
miniFE.c 25 Ap 21497.0499152972006414
miniFE.c 25 Ap 23708.6069245981998392
miniFE.c 25 Ap 27330.7477216381994367
miniFE.c 25 Ap 28043.4264645949988335
miniFE.c 25 Ap 29230.0690077097970061
miniFE.c 25 Ap 2987.5023718050001662
miniFE.c 25 Ap 18256.2053009880000900
miniFE.c 25 Ap 21290.1102936259994749
miniFE.c 25 Ap 22498.6292991164009436
miniFE.c 25 Ap 24218.0061666374022025
miniFE.c 25 Ap 26395.4473404050004319
miniFE.c 25 Ap 28021.0416928490012651
miniFE.c 25 Ap 29308.7624836482027604
miniFE.c 25 Ap 1845.3076172643000064
miniFE.c 25 Ap 5152.9234129532997031
miniFE.c 25 Ap 19418.9870250392996240
miniFE.c 25 Ap 21366.8164301717988565
miniFE.c 25 Ap 24008.4327040697971825
miniFE.c 25 Ap 27657.4839652037990163
miniFE.c 25 Ap 29362.1700442997971550
miniFE.c 25 Ap 31649.3547644317950471
miniFE.c 25 Ap 2716.0172730389999742
miniFE.c 25 Ap 4086.6435322781999275
miniFE.c 25 Ap 6112.9419280231995799
miniFE.c 25 Ap 19366.0687056721981207
miniFE.c 25 Ap 19942.9016931553996983
miniFE.c 25 Ap 22443.7520980093977414
miniFE.c 25 Ap 22629.2022504265987664
miniFE.c 25 Ap 23503.4403270553993934
miniFE.c 25 Ap 2784.7112838509997346
miniFE.c 25 Ap 5297.5139884079999320
miniFE.c 25 Ap 8838.6610425799990480
miniFE.c 25 Ap 9581.9742276727993158
miniFE.c 25 Ap 20049.1383863587980159
miniFE.c 25 Ap 21061.8523085989982064
miniFE.c 25 Ap 23066.1607201429978886
miniFE.c 25 Ap 23769.7206112477979332
miniFE.c 25 Ap 3179.3454260399998930
miniFE.c 25 Ap 5397.6649115441996400
miniFE.c 25 Ap 8807.5877122702004272
miniFE.c 25 Ap 11054.0535250612010714
miniFE.c 25 Ap 11760.0087099739012046
miniFE.c 25 Ap 26753.3647406958989450
miniFE.c 25 Ap 27839.0862096834971453
miniFE.c 25 Ap 28473.5365185294976982
miniFE.c 25 Ap 989.4123599472000024
miniFE.c 25 Ap 3608.8072965641999872
miniFE.c 25 Ap 6128.3407890401995246
miniFE.c 25 Ap 6391.8224746028990921
miniFE.c 25 Ap 8601.6889808288997301
miniFE.c 25 Ap 10318.9233197042995016
miniFE.c 25 Ap 19683.6473325842962367
miniFE.c 25 Ap 20178.9207280214977800
miniFE.c 25 Ap 1268.8676034993000030
miniFE.c 25 Ap 2867.0390905766998912
miniFE.c 25 Ap 5470.7324228946999938
miniFE.c 25 Ap 6427.4105067679001877
miniFE.c 25 Ap 7024.8795832297000743
miniFE.c 25 Ap 7797.7765812907000509
miniFE.c 25 Ap 8179.2443669084623252
miniFE.c 25 Ap 20192.2487104364627157
miniFE.c 57 sum 5787878.1172925252467394
miniFE.c 57 sum 12523726.3537057451903820
miniFE.c 57 sum 19195581.2445636950433254
miniFE.c 57 sum 23958363.0489748232066631
miniFE.c 57 sum 27696296.6103892698884010
miniFE.c 57 sum 34119601.8506532162427902
miniFE.c 57 sum 36997689.0278177559375763
miniFE.c 57 sum 40736881.5671168938279152
miniFE.c 90 p_ap_dot 40736881.5671168938279152
miniFE.c 91 alpha 0.0075554145395853
miniFE.c 40 y 1.4960559439392815
miniFE.c 40 y 1.7364133245212934
miniFE.c 40 y 1.5927221841830979
miniFE.c 40 y 1.5310435575891932
miniFE.c 40 y 1.1881350243784821
miniFE.c 40 y 1.7044153884046955
miniFE.c 40 y 1.0776166871177899
miniFE.c 40 y 1.3991086422745924
miniFE.c 40 y -22.8341883739326761
miniFE.c 40 y 8.3838497937917964
miniFE.c 40 y -28.3185951556817201
miniFE.c 40 y 25.0636652226898207
miniFE.c 40 y -22.3339927081023291
miniFE.c 40 y 10.4592281944888441
miniFE.c 40 y -9.8317110616330865
miniFE.c 40 y 32.6187905062455457
miniFE.c 82 oldrtrans 307784.0272895599482581
miniFE.c 48 sum 521.4001586962422152
miniFE.c 48 sum 591.6890960611049195
miniFE.c 48 sum 1393.6319276525050554
miniFE.c 48 sum 2021.8192420475761537
miniFE.c 48 sum 2520.6264723331441928
miniFE.c 48 sum 2630.0219267575344020
miniFE.c 48 sum 2726.6844691569726820
miniFE.c 48 sum 3790.6699632473073507
miniFE.c 83 rtrans 3790.6699632473073507
miniFE.c 84 beta 0.0123160061184107
miniFE.c 40 y -20.3954824548194438
miniFE.c 40 y 11.2143598891475822
miniFE.c 40 y -25.7223145594877032
miniFE.c 40 y 27.5594041029361918
miniFE.c 40 y -20.3972256183449225
miniFE.c 40 y 13.2375787723325491
miniFE.c 40 y -8.0750988145739573
miniFE.c 40 y 34.8994635928503953
miniFE.c 87 normr 61.5684169298456752
miniFE.c 25 Ap -1368.4289806161987144
miniFE.c 25 Ap -1199.2317650706900167
miniFE.c 25 Ap -1438.9434933035570339
miniFE.c 25 Ap -1060.9252025196738032
miniFE.c 25 Ap -1347.7797492529618921
miniFE.c 25 Ap -1135.2318894528816600
miniFE.c 25 Ap -1175.5811556048017792
miniFE.c 25 Ap -951.9431942356101217
miniFE.c 25 Ap -307.7178613112110952
miniFE.c 25 Ap 437.3259687565322338
miniFE.c 25 Ap 67.1311892858219608
miniFE.c 25 Ap 231.4904044253784434
miniFE.c 25 Ap 8.4750944323862143
miniFE.c 25 Ap 136.2477259388934101
miniFE.c 25 Ap 44.2125139586800344
miniFE.c 25 Ap 286.8999636359295664
miniFE.c 25 Ap -190.0698452342252551
miniFE.c 25 Ap -28.6731141404099219
miniFE.c 25 Ap -1769.4073446474912998
miniFE.c 25 Ap -1504.5015295143505227
miniFE.c 25 Ap -1847.1377969519198814
miniFE.c 25 Ap -1633.0108263800880195
miniFE.c 25 Ap -1729.5239229059470745
miniFE.c 25 Ap -1298.4747151618410044
miniFE.c 25 Ap -279.7544311367063301
miniFE.c 25 Ap -212.8740522000497606
miniFE.c 25 Ap -460.1214411508934745
miniFE.c 25 Ap 1342.3107137621491347
miniFE.c 25 Ap 1267.4914057047906226
miniFE.c 25 Ap 1414.2417478412044147
miniFE.c 25 Ap 1403.7422378842345552
miniFE.c 25 Ap 1568.5035826910618653
miniFE.c 25 Ap -286.8300319099323019
miniFE.c 25 Ap -164.2165944823494215
miniFE.c 25 Ap -596.3046644692444715
miniFE.c 25 Ap -495.2136835664149999
miniFE.c 25 Ap -1852.8787212277322851
miniFE.c 25 Ap -1793.4524899399254991
miniFE.c 25 Ap -1906.9291080475363742
miniFE.c 25 Ap -1774.3342498396032170
miniFE.c 25 Ap -327.4780244875628910
miniFE.c 25 Ap -219.2340398177799443
miniFE.c 25 Ap -635.3102262145396253
miniFE.c 25 Ap -329.7897038638403728
miniFE.c 25 Ap -421.3570718902937529
miniFE.c 25 Ap 458.4557002015129115
miniFE.c 25 Ap 396.9861180763592756
miniFE.c 25 Ap 516.5563917730497678
miniFE.c 25 Ap -101.9111677470839652
miniFE.c 25 Ap 25.9034897970855837
miniFE.c 25 Ap -281.5280704790379218
miniFE.c 25 Ap -245.6944238040648827
miniFE.c 25 Ap -532.3297003619558154
miniFE.c 25 Ap -431.5620869656338527
miniFE.c 25 Ap -961.7585399526935817
miniFE.c 25 Ap -868.4179353041904506
miniFE.c 25 Ap -130.6955364858776534
miniFE.c 25 Ap -52.7119768240144992
miniFE.c 25 Ap -370.4126567417222304
miniFE.c 25 Ap -240.3039383084455949
miniFE.c 25 Ap -317.7998926947969380
miniFE.c 25 Ap -272.4461607476513336
miniFE.c 25 Ap -294.0434728078030844
miniFE.c 25 Ap 1969.9608112910345881
miniFE.c 57 sum 19415.3407160171627766
miniFE.c 57 sum 22632.7401604138322000
miniFE.c 57 sum 56032.5152313479047734
miniFE.c 57 sum 99259.5393036340683466
miniFE.c 57 sum 135451.0353199692326598
miniFE.c 57 sum 142288.9912464168446604
miniFE.c 57 sum 149301.5518863464822061
miniFE.c 57 sum 218052.1274993399856612
miniFE.c 90 p_ap_dot 218052.1274993399856612
miniFE.c 91 alpha 0.0173842374606447
miniFE.c 40 y 1.1414960338202871
miniFE.c 40 y 1.9313664198033644
miniFE.c 40 y 1.1455593598435643
miniFE.c 40 y 2.0101427827885026
miniFE.c 40 y 0.8335448106908279
miniFE.c 40 y 1.9345406011869146
miniFE.c 40 y 0.9372372518070655
miniFE.c 40 y 2.0058092046218290
miniFE.c 40 y -6.2853818362961782
miniFE.c 40 y 3.3963126984944587
miniFE.c 40 y -5.7456023706652459
miniFE.c 40 y -2.2035735166836083
miniFE.c 40 y 8.5114552256642675
miniFE.c 40 y 1.4792892180923172
miniFE.c 40 y 5.2650725407777728
miniFE.c 40 y -1.6274760254021459
miniFE.c 82 oldrtrans 3790.6699632473073507
miniFE.c 48 sum 39.5060248280419160
miniFE.c 48 sum 51.0409647739966275
miniFE.c 48 sum 84.0529113757907282
miniFE.c 48 sum 88.9086476192200905
miniFE.c 48 sum 161.3535176777076572
miniFE.c 48 sum 163.5418142684718248
miniFE.c 48 sum 191.2628031281239487
miniFE.c 48 sum 193.9114813413827108
miniFE.c 83 rtrans 193.9114813413827108
miniFE.c 84 beta 0.0511549365208431
miniFE.c 40 y -7.3287114465844363
miniFE.c 40 y 3.9699825667456925
miniFE.c 40 y -7.0614257391249984
miniFE.c 40 y -0.7937739492456442
miniFE.c 40 y 7.4680364439565174
miniFE.c 40 y 2.1564567198806492
miniFE.c 40 y 4.8519913735187066
miniFE.c 40 y 0.1578038193015916
miniFE.c 87 normr 13.9252102799700204
miniFE.c 25 Ap -491.7177691822632823
miniFE.c 25 Ap -431.8204587073593075
miniFE.c 25 Ap -497.6273892539476265
miniFE.c 25 Ap -508.5151816910359912
miniFE.c 25 Ap -403.4891232847334663
miniFE.c 25 Ap -368.8641916076418283
miniFE.c 25 Ap -344.6199940080294937
miniFE.c 25 Ap -343.6087771923042737
miniFE.c 25 Ap -110.5723003859150140
miniFE.c 25 Ap 153.1798037081161965
miniFE.c 25 Ap 51.5519763134013829
miniFE.c 25 Ap 46.8180545345070200
miniFE.c 25 Ap 128.4706524785144381
miniFE.c 25 Ap 149.2853463562899492
miniFE.c 25 Ap 204.5854813567457882
miniFE.c 25 Ap 205.6828336513947590
miniFE.c 25 Ap -68.2978229862584811
miniFE.c 25 Ap -11.1619529851314780
miniFE.c 25 Ap -489.0375139829932323
miniFE.c 25 Ap -496.6674080935835036
miniFE.c 25 Ap -371.2179876614420095
miniFE.c 25 Ap -336.3358122622357769
miniFE.c 25 Ap -278.3451024854226148
miniFE.c 25 Ap -276.3960406865793971
miniFE.c 25 Ap -100.5241972699609505
miniFE.c 25 Ap -76.8479517186819265
miniFE.c 25 Ap -144.7236116726557498
miniFE.c 25 Ap -196.6377853067740773
miniFE.c 25 Ap -169.2441912102598565
miniFE.c 25 Ap -145.3379492239021715
miniFE.c 25 Ap -139.0292299243378125
miniFE.c 25 Ap -138.2842336749080516
miniFE.c 25 Ap -103.0666738450100155
miniFE.c 25 Ap -59.6604327534136445
miniFE.c 25 Ap -178.2795333758683967
miniFE.c 25 Ap -181.1911851243837361
miniFE.c 25 Ap 315.8907303112814589
miniFE.c 25 Ap 325.5715109133666942
miniFE.c 25 Ap 393.7548960083580596
miniFE.c 25 Ap 394.3544460555757496
miniFE.c 25 Ap -117.6727224709383393
miniFE.c 25 Ap -79.3533947213461630
miniFE.c 25 Ap -193.5768284354530238
miniFE.c 25 Ap -202.3765191216558037
miniFE.c 25 Ap -168.8509576411910871
miniFE.c 25 Ap -25.5257924244491505
miniFE.c 25 Ap 11.4087255367135114
miniFE.c 25 Ap 11.9493827251563705
miniFE.c 25 Ap -36.6197535781436727
miniFE.c 25 Ap 8.6277654279093525
miniFE.c 25 Ap -75.7699713205682883
miniFE.c 25 Ap -76.8020624039178017
miniFE.c 25 Ap 28.1437146106121929
miniFE.c 25 Ap 44.5591785554997415
miniFE.c 25 Ap 363.1321985562656209
miniFE.c 25 Ap 363.5542538658054355
miniFE.c 25 Ap -46.9628446585342019
miniFE.c 25 Ap -19.3559749476761951
miniFE.c 25 Ap -106.5728446939847061
miniFE.c 25 Ap -110.3202737340439654
miniFE.c 25 Ap -81.9466790871350952
miniFE.c 25 Ap -74.5583672431668134
miniFE.c 25 Ap -61.5814397512180420
miniFE.c 25 Ap -51.3443619807977143
miniFE.c 57 sum 2518.2095785561214143
miniFE.c 57 sum 3334.7668424310127193
miniFE.c 57 sum 5286.5169583274646357
miniFE.c 57 sum 5396.2833806100043148
miniFE.c 57 sum 8341.3367555893291865
miniFE.c 57 sum 8367.1050822654178774
miniFE.c 57 sum 10131.0671858283349138
miniFE.c 57 sum 10122.9648494081611716
miniFE.c 90 p_ap_dot 10122.9648494081611716
miniFE.c 91 alpha 0.0191556015679260
miniFE.c 40 y 1.0011101573432171
miniFE.c 40 y 2.0074138240835571
miniFE.c 40 y 1.0102935018833885
miniFE.c 40 y 1.9949375652817538
miniFE.c 40 y 0.9765995413060098
miniFE.c 40 y 1.9758488269114249
miniFE.c 40 y 1.0301800653692039
miniFE.c 40 y 2.0088320317102673
miniFE.c 40 y 0.2966509948418601
miniFE.c 40 y -0.5436657122936603
miniFE.c 40 y -0.4510699403208687
miniFE.c 40 y 0.4453441667189053
miniFE.c 40 y 0.9573585804834934
miniFE.c 40 y 1.2503916036265639
miniFE.c 40 y -1.6990278946002153
miniFE.c 40 y -0.6439438845386173
miniFE.c 82 oldrtrans 193.9114813413827108
miniFE.c 48 sum 0.0880018127406653
miniFE.c 48 sum 0.3835742194644384
miniFE.c 48 sum 0.5870383105255104
miniFE.c 48 sum 0.7853697373560665
miniFE.c 48 sum 1.7019051889814361
miniFE.c 48 sum 3.2653843514012459
miniFE.c 48 sum 6.1520801380308860
miniFE.c 48 sum 6.5667438644655700
miniFE.c 83 rtrans 6.5667438644655700
miniFE.c 84 beta 0.0338646469978988
miniFE.c 40 y 0.0484667687538177
miniFE.c 40 y -0.4092236540830052
miniFE.c 40 y -0.6902026302782135
miniFE.c 40 y 0.4184632921315735
miniFE.c 40 y 1.2102609984255246
miniFE.c 40 y 1.3234192492115688
miniFE.c 40 y -1.5347169194991541
miniFE.c 40 y -0.6385999139030487
miniFE.c 87 normr 2.5625658751465434
miniFE.c 25 Ap 3.2518637941744601
miniFE.c 25 Ap -2.9223185479855842
miniFE.c 25 Ap -9.3544638727085054
miniFE.c 25 Ap -3.6146163108186986
miniFE.c 25 Ap 13.4057803170488068
miniFE.c 25 Ap 34.6551291500894436
miniFE.c 25 Ap 26.9865293131482069
miniFE.c 25 Ap 22.8943408330628948
miniFE.c 25 Ap 0.7312447969116622
miniFE.c 25 Ap -26.4561793277027775
miniFE.c 25 Ap -36.3895548765879155
miniFE.c 25 Ap -33.8939167995609623
miniFE.c 25 Ap -20.6613950445656620
miniFE.c 25 Ap -7.8874004216553111
miniFE.c 25 Ap -25.3791983871241662
miniFE.c 25 Ap -29.8199596056144038
miniFE.c 25 Ap 0.4516721414385717
miniFE.c 25 Ap -5.4378624114144163
miniFE.c 25 Ap -52.1466973310989630
miniFE.c 25 Ap -48.1243549360541536
miniFE.c 25 Ap -27.7941728375224777
miniFE.c 25 Ap -6.3869533222433965
miniFE.c 25 Ap -24.7297978610821190
miniFE.c 25 Ap -32.6172539596840352
miniFE.c 25 Ap 0.6647939489440529
miniFE.c 25 Ap -1.7757406268546385
miniFE.c 25 Ap -8.4100890945491251
miniFE.c 25 Ap 18.9581257830853254
miniFE.c 25 Ap 23.3974986745419713
miniFE.c 25 Ap 38.0687788951840105
miniFE.c 25 Ap 36.0732893107928660
miniFE.c 25 Ap 33.0584412364589824
miniFE.c 25 Ap 0.6816080403601273
miniFE.c 25 Ap -3.7926837961583582
miniFE.c 25 Ap -15.3868318160452375
miniFE.c 25 Ap -13.8518615926179081
miniFE.c 25 Ap 66.7046353914430341
miniFE.c 25 Ap 72.6457383489383517
miniFE.c 25 Ap 51.0788832829693717
miniFE.c 25 Ap 48.6526263632807883
miniFE.c 25 Ap 0.7782018258187985
miniFE.c 25 Ap -3.1717337368823530
miniFE.c 25 Ap -14.3362375214473481
miniFE.c 25 Ap -9.6971994958388592
miniFE.c 25 Ap -4.2640873498800049
miniFE.c 25 Ap 83.6946835336657813
miniFE.c 25 Ap 72.0120515450944652
miniFE.c 25 Ap 69.8241220290742461
miniFE.c 25 Ap 0.2421764237041761
miniFE.c 25 Ap -4.4219133435780078
miniFE.c 25 Ap -12.6711737685053976
miniFE.c 25 Ap -12.1270739867872859
miniFE.c 25 Ap 4.8803123353471474
miniFE.c 25 Ap 14.9544959575461700
miniFE.c 25 Ap -85.8122544863131793
miniFE.c 25 Ap -87.5202263562419773
miniFE.c 25 Ap 0.3105781075808953
miniFE.c 25 Ap -2.5351230789942223
miniFE.c 25 Ap -11.0599331000075836
miniFE.c 25 Ap -9.0843561808822457
miniFE.c 25 Ap -4.4861655796462099
miniFE.c 25 Ap 0.0480474297512687
miniFE.c 25 Ap -4.0566404503024636
miniFE.c 25 Ap -45.4840090130055472
miniFE.c 57 sum 1.1096147229271454
miniFE.c 57 sum 13.3126475573442811
miniFE.c 57 sum 35.8251620327706775
miniFE.c 57 sum 49.6589061853174698
miniFE.c 57 sum 108.5412823437656726
miniFE.c 57 sum 200.9478694963400756
miniFE.c 57 sum 335.2666416836604526
miniFE.c 57 sum 364.3127259233312998
miniFE.c 90 p_ap_dot 364.3127259233312998
miniFE.c 91 alpha 0.0180250191585334
miniFE.c 40 y 1.0019837717785569
miniFE.c 40 y 2.0000375598785860
miniFE.c 40 y 0.9978525862493536
miniFE.c 40 y 2.0024803741395685
miniFE.c 40 y 0.9984145189894557
miniFE.c 40 y 1.9997034842332353
miniFE.c 40 y 1.0025167634923062
miniFE.c 40 y 1.9973212560275271
miniFE.c 40 y -0.1160199372960918
miniFE.c 40 y -0.0061603690957690
miniFE.c 40 y 0.1368566872011850
miniFE.c 40 y -0.1505348699195180
miniFE.c 40 y 0.0803940581723906
miniFE.c 40 y -0.0081895336752726
miniFE.c 40 y -0.1214741377697750
miniFE.c 40 y 0.1759062493277129
miniFE.c 82 oldrtrans 6.5667438644655700
miniFE.c 48 sum 0.0134606258501891
miniFE.c 48 sum 0.0134985759975852
miniFE.c 48 sum 0.0322283288292682
miniFE.c 48 sum 0.0548890758909544
miniFE.c 48 sum 0.0613522804803801
miniFE.c 48 sum 0.0614193489421986
miniFE.c 48 sum 0.0761753150891089
miniFE.c 48 sum 0.1071183236416524
miniFE.c 83 rtrans 0.1071183236416524
miniFE.c 84 beta 0.0163122433054377
miniFE.c 40 y -0.1152293355719512
miniFE.c 40 y -0.0128357249075112
miniFE.c 40 y 0.1255979339660338
miniFE.c 40 y -0.1437087948838734
miniFE.c 40 y 0.1001361300417897
miniFE.c 40 y 0.0133984031129661
miniFE.c 40 y -0.1465088135656170
miniFE.c 40 y 0.1654892521572948
miniFE.c 87 normr 0.3272893576663506
miniFE.c 25 Ap -7.7312788536927499
miniFE.c 25 Ap -7.9249384950210713
miniFE.c 25 Ap -6.7544645960316672
miniFE.c 25 Ap -8.7256448439683680
miniFE.c 25 Ap -7.3173893913773620
miniFE.c 25 Ap -7.1022592716343329
miniFE.c 25 Ap -7.8343274788359567
miniFE.c 25 Ap -6.7738619251891254
miniFE.c 25 Ap -1.7385283619085921
miniFE.c 25 Ap -2.5912901549417042
miniFE.c 25 Ap -0.7836884572405647
miniFE.c 25 Ap -1.6407412675097266
miniFE.c 25 Ap -0.5458918747235142
miniFE.c 25 Ap -0.4165669239019373
miniFE.c 25 Ap -2.0863879407228363
miniFE.c 25 Ap -0.9355918991677192
miniFE.c 25 Ap -1.0738467220434897
miniFE.c 25 Ap -1.2585780898406442
miniFE.c 25 Ap 7.2411477971907852
miniFE.c 25 Ap 5.8597937117278898
miniFE.c 25 Ap 7.5418984486732805
miniFE.c 25 Ap 7.7586268639236557
miniFE.c 25 Ap 6.0075623147162158
miniFE.c 25 Ap 8.0515482012838309
miniFE.c 25 Ap -1.5805420290793126
miniFE.c 25 Ap -1.6570919306543268
miniFE.c 25 Ap -0.4498226097343658
miniFE.c 25 Ap -9.8486235371789341
miniFE.c 25 Ap -9.4813129969390850
miniFE.c 25 Ap -9.3327797738530851
miniFE.c 25 Ap -9.5232753680419471
miniFE.c 25 Ap -8.7419959749082974
miniFE.c 25 Ap -1.6205173901759340
miniFE.c 25 Ap -1.7608582003819480
miniFE.c 25 Ap 0.3489585020076016
miniFE.c 25 Ap -0.1781814530114729
miniFE.c 25 Ap 6.4870055340939032
miniFE.c 25 Ap 6.5471537391374524
miniFE.c 25 Ap 4.4883151950964493
miniFE.c 25 Ap 5.1170647994092420
miniFE.c 25 Ap -1.8501683036774770
miniFE.c 25 Ap -1.9740621347876008
miniFE.c 25 Ap 0.0575711096874325
miniFE.c 25 Ap -1.5355687824277502
miniFE.c 25 Ap -1.0860369664912375
miniFE.c 25 Ap -0.1955352828253304
miniFE.c 25 Ap -1.3107953872932492
miniFE.c 25 Ap -0.7438068683533158
miniFE.c 25 Ap -0.5757724129778182
miniFE.c 25 Ap -0.7220664323959359
miniFE.c 25 Ap 0.7790725384900622
miniFE.c 25 Ap 0.5922176209918188
miniFE.c 25 Ap 1.9993966101848755
miniFE.c 25 Ap 2.1013884568991177
miniFE.c 25 Ap -7.5181165259548752
miniFE.c 25 Ap -7.0755060881728173
miniFE.c 25 Ap -0.7383968417932042
miniFE.c 25 Ap -0.8276552148989964
miniFE.c 25 Ap 0.7236262191642613
miniFE.c 25 Ap 0.0451729746712385
miniFE.c 25 Ap 0.4256239787119517
miniFE.c 25 Ap 0.4715287165613939
miniFE.c 25 Ap 0.0796825436788440
miniFE.c 25 Ap 10.8153310976922636
miniFE.c 57 sum 0.7805476088956810
miniFE.c 57 sum 0.7925566091390939
miniFE.c 57 sum 1.8038144284482787
miniFE.c 57 sum 3.0601161348820218
miniFE.c 57 sum 3.5725192010679301
miniFE.c 57 sum 3.5625533768075393
miniFE.c 57 sum 4.5991773791620387
miniFE.c 57 sum 6.3889984343526667
miniFE.c 90 p_ap_dot 6.3889984343526667
miniFE.c 91 alpha 0.0167660588341505
miniFE.c 40 y 1.0000518299589376
miniFE.c 40 y 1.9998223553596077
miniFE.c 40 y 0.9999583685996759
miniFE.c 40 y 2.0000709440295608
miniFE.c 40 y 1.0000934072371606
miniFE.c 40 y 1.9999281226481109
miniFE.c 40 y 1.0000603881043435
miniFE.c 40 y 2.0000958585656159
miniFE.c 40 y -0.0024489697239588
miniFE.c 40 y 0.0095258197304316
miniFE.c 40 y 0.0018639563524615
miniFE.c 40 y -0.0039660510762985
miniFE.c 40 y -0.0053989513126653
miniFE.c 40 y 0.0042811760407843
miniFE.c 40 y -0.0028457864140794
miniFE.c 40 y -0.0054242281670133
miniFE.c 82 oldrtrans 0.1071183236416524
miniFE.c 48 sum 0.0000059974527089
miniFE.c 48 sum 0.0000967386942455
miniFE.c 48 sum 0.0001002130275294
miniFE.c 48 sum 0.0001159425886692
miniFE.c 48 sum 0.0001450912639458
miniFE.c 48 sum 0.0001634197322380
miniFE.c 48 sum 0.0001715182325525
miniFE.c 48 sum 0.0002009404837603
miniFE.c 83 rtrans 0.0002009404837603
miniFE.c 84 beta 0.0018758740515073
miniFE.c 40 y -0.0026651254445307
miniFE.c 40 y 0.0095017415271453
miniFE.c 40 y 0.0020995622577113
miniFE.c 40 y -0.0042356306755945
miniFE.c 40 y -0.0052111085447016
miniFE.c 40 y 0.0043063097575155
miniFE.c 40 y -0.0031206184957642
miniFE.c 40 y -0.0051137911730881
miniFE.c 87 normr 0.0141753477474217
miniFE.c 25 Ap -0.1788158188144079
miniFE.c 25 Ap -0.0354578184365267
miniFE.c 25 Ap -0.0158915505501538
miniFE.c 25 Ap -0.0739895363556394
miniFE.c 25 Ap -0.1472754923742812
miniFE.c 25 Ap -0.0781316603837085
miniFE.c 25 Ap -0.0937246170936553
miniFE.c 25 Ap -0.1264941130996477
miniFE.c 25 Ap -0.0402102134006291
miniFE.c 25 Ap 0.5910530927242980
miniFE.c 25 Ap 0.6212699297504118
miniFE.c 25 Ap 0.5960094077572103
miniFE.c 25 Ap 0.5390331792617756
miniFE.c 25 Ap 0.5805988265197112
miniFE.c 25 Ap 0.5450318580699032
miniFE.c 25 Ap 0.5094710554037836
miniFE.c 25 Ap -0.0248368716893012
miniFE.c 25 Ap 0.1119119073171283
miniFE.c 25 Ap 0.2539978725060886
miniFE.c 25 Ap 0.2132842492169058
miniFE.c 25 Ap 0.1257471098834705
miniFE.c 25 Ap 0.1954046415650171
miniFE.c 25 Ap 0.1581071965407530
miniFE.c 25 Ap 0.0949458924174427
miniFE.c 25 Ap -0.0365561665086508
miniFE.c 25 Ap 0.0201104716388028
miniFE.c 25 Ap 0.0402918314833193
miniFE.c 25 Ap -0.2367256576290182
miniFE.c 25 Ap -0.2558405874151407
miniFE.c 25 Ap -0.2081013111373966
miniFE.c 25 Ap -0.2121588422859996
miniFE.c 25 Ap -0.2363011936003013
miniFE.c 25 Ap -0.0374807518278674
miniFE.c 25 Ap 0.0664075843507439
miniFE.c 25 Ap 0.1016764090769853
miniFE.c 25 Ap 0.0861396413682689
miniFE.c 25 Ap -0.2607183093638351
miniFE.c 25 Ap -0.2413863934562279
miniFE.c 25 Ap -0.2852393841669139
miniFE.c 25 Ap -0.3046684052948920
miniFE.c 25 Ap -0.0427923201875626
miniFE.c 25 Ap 0.0489210164956902
miniFE.c 25 Ap 0.0828828847121289
miniFE.c 25 Ap 0.0359271489618622
miniFE.c 25 Ap 0.0125334040052280
miniFE.c 25 Ap 0.2987448321226184
miniFE.c 25 Ap 0.2749899383050407
miniFE.c 25 Ap 0.2574693993842326
miniFE.c 25 Ap -0.0133169708952096
miniFE.c 25 Ap 0.0949782730036916
miniFE.c 25 Ap 0.1200721151341221
miniFE.c 25 Ap 0.1145648083539018
miniFE.c 25 Ap 0.0413348717521156
miniFE.c 25 Ap 0.0741155308343560
miniFE.c 25 Ap -0.1307786624842298
miniFE.c 25 Ap -0.1444557884627508
miniFE.c 25 Ap -0.0170782917514557
miniFE.c 25 Ap 0.0489958876576432
miniFE.c 25 Ap 0.0749279380282197
miniFE.c 25 Ap 0.0549314070110790
miniFE.c 25 Ap 0.0351326442950696
miniFE.c 25 Ap 0.0498866428761351
miniFE.c 25 Ap 0.0415403708339822
miniFE.c 25 Ap -0.2902024106289992
miniFE.c 57 sum 0.0003371226794052
miniFE.c 57 sum 0.0051779849634139
miniFE.c 57 sum 0.0053773297756583
miniFE.c 57 sum 0.0063782143599513
miniFE.c 57 sum 0.0079658744900841
miniFE.c 57 sum 0.0090746174769141
miniFE.c 57 sum 0.0095254088822112
miniFE.c 57 sum 0.0110094434080946
miniFE.c 90 p_ap_dot 0.0110094434080946
miniFE.c 91 alpha 0.0182516478183258
miniFE.c 40 y 1.0000031870279324
miniFE.c 40 y 1.9999957777996220
miniFE.c 40 y 0.9999966890705763
miniFE.c 40 y 1.9999936367901814
miniFE.c 40 y 0.9999982959192596
miniFE.c 40 y 2.0000067198972018
miniFE.c 40 y 1.0000034316745834
miniFE.c 40 y 2.0000025234501084
miniFE.c 40 y -0.0001402437205726
miniFE.c 40 y 0.0002271334535710
miniFE.c 40 y 0.0001310373622617
miniFE.c 40 y 0.0003468350883442
miniFE.c 40 y 0.0001617491221480
miniFE.c 40 y -0.0004180647607726
miniFE.c 40 y -0.0002092302377387
miniFE.c 40 y -0.0001275559721836
