filename line variable value
miniFE.c 167 A 67.0947100000000063
miniFE.c 167 A 15.0875500000000002
miniFE.c 167 A 9.3192129999999995
miniFE.c 167 A 13.7164900000000003
miniFE.c 167 A 14.0634099999999993
miniFE.c 167 A 16.0564000000000000
miniFE.c 167 A 4.9967519999999999
miniFE.c 167 A 6.4080630000000003
miniFE.c 167 A 15.0875500000000002
miniFE.c 167 A 66.4365899999999954
miniFE.c 167 A 14.3919700000000006
miniFE.c 167 A 5.9638159999999996
miniFE.c 167 A 10.9336099999999998
miniFE.c 167 A 9.6522659999999991
miniFE.c 167 A 11.3974100000000007
miniFE.c 167 A 6.9539020000000002
miniFE.c 167 A 9.3192129999999995
miniFE.c 167 A 14.3919700000000006
miniFE.c 167 A 67.6740900000000067
miniFE.c 167 A 9.6121750000000006
miniFE.c 167 A 16.7981799999999986
miniFE.c 167 A 16.1756899999999995
miniFE.c 167 A 11.9519400000000005
miniFE.c 167 A 12.3511699999999998
miniFE.c 167 A 13.7164900000000003
miniFE.c 167 A 5.9638159999999996
miniFE.c 167 A 9.6121750000000006
miniFE.c 167 A 65.4017099999999942
miniFE.c 167 A 3.6681119999999998
miniFE.c 167 A 11.0858899999999991
miniFE.c 167 A 1.3002330000000000
miniFE.c 167 A 4.7210279999999996
miniFE.c 167 A 14.0634099999999993
miniFE.c 167 A 10.9336099999999998
miniFE.c 167 A 16.7981799999999986
miniFE.c 167 A 3.6681119999999998
miniFE.c 167 A 66.5612600000000043
miniFE.c 167 A 4.4892070000000004
miniFE.c 167 A 14.0526599999999995
miniFE.c 167 A 3.7993380000000001
miniFE.c 167 A 16.0564000000000000
miniFE.c 167 A 9.6522659999999991
miniFE.c 167 A 16.1756899999999995
miniFE.c 167 A 11.0858899999999991
miniFE.c 167 A 4.4892070000000004
miniFE.c 167 A 66.4632699999999943
miniFE.c 167 A 7.6122389999999998
miniFE.c 167 A 3.4261349999999999
miniFE.c 167 A 4.9967519999999999
miniFE.c 167 A 11.3974100000000007
miniFE.c 167 A 11.9519400000000005
miniFE.c 167 A 1.3002330000000000
miniFE.c 167 A 14.0526599999999995
miniFE.c 167 A 7.6122389999999998
miniFE.c 167 A 65.6581999999999937
miniFE.c 167 A 2.6745570000000001
miniFE.c 167 A 6.4080630000000003
miniFE.c 167 A 6.9539020000000002
miniFE.c 167 A 12.3511699999999998
miniFE.c 167 A 4.7210279999999996
miniFE.c 167 A 3.7993380000000001
miniFE.c 167 A 3.4261349999999999
miniFE.c 167 A 2.6745570000000001
miniFE.c 167 A 64.8721800000000002
miniFE.c 175 b 198.0110999999999990
miniFE.c 175 b 229.8237000000000023
miniFE.c 175 b 210.8053999999999917
miniFE.c 175 b 202.6418999999999926
miniFE.c 175 b 157.2561000000000035
miniFE.c 175 b 225.5886000000000138
miniFE.c 175 b 142.6283999999999992
miniFE.c 175 b 185.1795999999999935
miniFE.c 33 r 0.0000000000000000
miniFE.c 33 r 0.0000000000000000
miniFE.c 33 r 0.0000000000000000
miniFE.c 33 r 0.0000000000000000
miniFE.c 33 r 0.0000000000000000
miniFE.c 33 r 0.0000000000000000
miniFE.c 33 r 0.0000000000000000
miniFE.c 33 r 0.0000000000000000
miniFE.c 25 Ap 0.0000000000000000
miniFE.c 25 Ap 0.0000000000000000
miniFE.c 25 Ap 0.0000000000000000
miniFE.c 25 Ap 0.0000000000000000
miniFE.c 25 Ap 0.0000000000000000
miniFE.c 25 Ap 0.0000000000000000
miniFE.c 25 Ap 0.0000000000000000
miniFE.c 25 Ap 0.0000000000000000
miniFE.c 25 Ap 0.0000000000000000
miniFE.c 25 Ap 0.0000000000000000
miniFE.c 25 Ap 0.0000000000000000
miniFE.c 25 Ap 0.0000000000000000
miniFE.c 25 Ap 0.0000000000000000
miniFE.c 25 Ap 0.0000000000000000
miniFE.c 25 Ap 0.0000000000000000
miniFE.c 25 Ap 0.0000000000000000
miniFE.c 25 Ap 0.0000000000000000
miniFE.c 25 Ap 0.0000000000000000
miniFE.c 25 Ap 0.0000000000000000
miniFE.c 25 Ap 0.0000000000000000
miniFE.c 25 Ap 0.0000000000000000
miniFE.c 25 Ap 0.0000000000000000
miniFE.c 25 Ap 0.0000000000000000
miniFE.c 25 Ap 0.0000000000000000
miniFE.c 25 Ap 0.0000000000000000
miniFE.c 25 Ap 0.0000000000000000
miniFE.c 25 Ap 0.0000000000000000
miniFE.c 25 Ap 0.0000000000000000
miniFE.c 25 Ap 0.0000000000000000
miniFE.c 25 Ap 0.0000000000000000
miniFE.c 25 Ap 0.0000000000000000
miniFE.c 25 Ap 0.0000000000000000
miniFE.c 25 Ap 0.0000000000000000
miniFE.c 25 Ap 0.0000000000000000
miniFE.c 25 Ap 0.0000000000000000
miniFE.c 25 Ap 0.0000000000000000
miniFE.c 25 Ap 0.0000000000000000
miniFE.c 25 Ap 0.0000000000000000
miniFE.c 25 Ap 0.0000000000000000
miniFE.c 25 Ap 0.0000000000000000
miniFE.c 25 Ap 0.0000000000000000
miniFE.c 25 Ap 0.0000000000000000
miniFE.c 25 Ap 0.0000000000000000
miniFE.c 25 Ap 0.0000000000000000
miniFE.c 25 Ap 0.0000000000000000
miniFE.c 25 Ap 0.0000000000000000
miniFE.c 25 Ap 0.0000000000000000
miniFE.c 25 Ap 0.0000000000000000
miniFE.c 25 Ap 0.0000000000000000
miniFE.c 25 Ap 0.0000000000000000
miniFE.c 25 Ap 0.0000000000000000
miniFE.c 25 Ap 0.0000000000000000
miniFE.c 25 Ap 0.0000000000000000
miniFE.c 25 Ap 0.0000000000000000
miniFE.c 25 Ap 0.0000000000000000
miniFE.c 25 Ap 0.0000000000000000
miniFE.c 25 Ap 0.0000000000000000
miniFE.c 25 Ap 0.0000000000000000
miniFE.c 25 Ap 0.0000000000000000
miniFE.c 25 Ap 0.0000000000000000
miniFE.c 25 Ap 0.0000000000000000
miniFE.c 25 Ap 0.0000000000000000
miniFE.c 25 Ap 0.0000000000000000
miniFE.c 25 Ap 0.0000000000000000
miniFE.c 33 r 198.0110999999999990
miniFE.c 33 r 229.8237000000000023
miniFE.c 33 r 210.8053999999999917
miniFE.c 33 r 202.6418999999999926
miniFE.c 33 r 157.2561000000000035
miniFE.c 33 r 225.5886000000000138
miniFE.c 33 r 142.6283999999999992
miniFE.c 33 r 185.1795999999999935
miniFE.c 48 sum 39208.3957232100001420
miniFE.c 48 sum 92027.3288048999966122
miniFE.c 48 sum 136466.2454740600078367
miniFE.c 48 sum 177529.9851096700003836
miniFE.c 48 sum 202259.4660968800017145
miniFE.c 48 sum 253149.6825468399911188
miniFE.c 48 sum 273492.5430333999684080
miniFE.c 48 sum 307784.0272895599482581
miniFE.c 75 rtrans 307784.0272895599482581
miniFE.c 76 normr 554.7828649927464539
miniFE.c 33 r 198.0110999999999990
miniFE.c 33 r 229.8237000000000023
miniFE.c 33 r 210.8053999999999917
miniFE.c 33 r 202.6418999999999926
miniFE.c 33 r 157.2561000000000035
miniFE.c 33 r 225.5886000000000138
miniFE.c 33 r 142.6283999999999992
miniFE.c 33 r 185.1795999999999935
miniFE.c 87 normr 554.7828649927464539
miniFE.c 25 Ap 13285.4973312810016068
miniFE.c 25 Ap 16752.9738962160008668
miniFE.c 25 Ap 18717.5143203662009910
miniFE.c 25 Ap 21497.0499152972006414
miniFE.c 25 Ap 23708.6069245981998392
miniFE.c 25 Ap 27330.7477216381994367
miniFE.c 25 Ap 28043.4264645949988335
miniFE.c 25 Ap 29230.0690077097970061
miniFE.c 25 Ap 2987.5023718050001662
miniFE.c 25 Ap 18256.2053009880000900
miniFE.c 25 Ap 21290.1102936259994749
miniFE.c 25 Ap 22498.6292991164009436
miniFE.c 25 Ap 24218.0061666374022025
miniFE.c 25 Ap 26395.4473404050004319
miniFE.c 25 Ap 28021.0416928490012651
miniFE.c 25 Ap 29308.7624836482027604
miniFE.c 25 Ap 1845.3076172643000064
miniFE.c 25 Ap 5152.9234129532997031
miniFE.c 25 Ap 19418.9870250392996240
miniFE.c 25 Ap 21366.8164301717988565
miniFE.c 25 Ap 24008.4327040697971825
miniFE.c 25 Ap 27657.4839652037990163
miniFE.c 25 Ap 29362.1700442997971550
miniFE.c 25 Ap 31649.3547644317950471
miniFE.c 25 Ap 2716.0172730389999742
miniFE.c 25 Ap 4086.6435322781999275
miniFE.c 25 Ap 6112.9419280231995799
miniFE.c 25 Ap 19366.0687056721981207
miniFE.c 25 Ap 19942.9016931553996983
miniFE.c 25 Ap 22443.7520980093977414
miniFE.c 25 Ap 22629.2022504265987664
miniFE.c 25 Ap 23503.4403270553993934
miniFE.c 25 Ap 2784.7112838509997346
miniFE.c 25 Ap 5297.5139884079999320
miniFE.c 25 Ap 8838.6610425799990480
miniFE.c 25 Ap 9581.9742276727993158
miniFE.c 25 Ap 20049.1383863587980159
miniFE.c 25 Ap 21061.8523085989982064
miniFE.c 25 Ap 23066.1607201429978886
miniFE.c 25 Ap 23769.7206112477979332
miniFE.c 25 Ap 3179.3454260399998930
miniFE.c 25 Ap 5397.6649115441996400
miniFE.c 25 Ap 8807.5877122702004272
miniFE.c 25 Ap 11054.0535250612010714
miniFE.c 25 Ap 11760.0087099739012046
miniFE.c 25 Ap 26753.3647406958989450
miniFE.c 25 Ap 27839.0862096834971453
miniFE.c 25 Ap 28473.5365185294976982
miniFE.c 25 Ap 989.4123599472000024
miniFE.c 25 Ap 3608.8072965641999872
miniFE.c 25 Ap 6128.3407890401995246
miniFE.c 25 Ap 6391.8224746028990921
miniFE.c 25 Ap 8601.6889808288997301
miniFE.c 25 Ap 10318.9233197042995016
miniFE.c 25 Ap 19683.6473325842962367
miniFE.c 25 Ap 20178.9207280214977800
miniFE.c 25 Ap 1268.8676034993000030
miniFE.c 25 Ap 2867.0390905766998912
miniFE.c 25 Ap 5470.7324228946999938
miniFE.c 25 Ap 6427.4105067679001877
miniFE.c 25 Ap 7024.8795832297000743
miniFE.c 25 Ap 7797.7765812907000509
miniFE.c 25 Ap 8179.2443669095000587
miniFE.c 25 Ap 20192.2487104374995397
miniFE.c 57 sum 5787878.1172925252467394
miniFE.c 57 sum 12523726.3537057451903820
miniFE.c 57 sum 19195581.2445636950433254
miniFE.c 57 sum 23958363.0489748232066631
miniFE.c 57 sum 27696296.6103892698884010
miniFE.c 57 sum 34119601.8506532162427902
miniFE.c 57 sum 36997689.0278177559375763
miniFE.c 57 sum 40736881.5671170875430107
miniFE.c 90 p_ap_dot 40736881.5671170875430107
miniFE.c 91 alpha 0.0075554145395853
miniFE.c 40 y 1.4960559439392744
miniFE.c 40 y 1.7364133245212852
miniFE.c 40 y 1.5927221841830903
miniFE.c 40 y 1.5310435575891859
miniFE.c 40 y 1.1881350243784765
miniFE.c 40 y 1.7044153884046875
miniFE.c 40 y 1.0776166871177848
miniFE.c 40 y 1.3991086422745860
miniFE.c 40 y -22.8341883739316245
miniFE.c 40 y 8.3838497937928480
miniFE.c 40 y -28.3185951556805833
miniFE.c 40 y 25.0636652226906733
miniFE.c 40 y -22.3339927081014764
miniFE.c 40 y 10.4592281944898673
miniFE.c 40 y -9.8317110616323760
miniFE.c 40 y 32.6187905062384118
miniFE.c 82 oldrtrans 307784.0272895599482581
miniFE.c 48 sum 521.4001586961941257
miniFE.c 48 sum 591.6890960610744514
miniFE.c 48 sum 1393.6319276524102406
miniFE.c 48 sum 2021.8192420475243125
miniFE.c 48 sum 2520.6264723330541528
miniFE.c 48 sum 2630.0219267574657351
miniFE.c 48 sum 2726.6844691568903727
miniFE.c 48 sum 3790.6699632467598349
miniFE.c 83 rtrans 3790.6699632467598349
miniFE.c 84 beta 0.0123160061184089
miniFE.c 40 y -20.3954824548187439
miniFE.c 40 y 11.2143598891482252
miniFE.c 40 y -25.7223145594869429
miniFE.c 40 y 27.5594041029366821
miniFE.c 40 y -20.3972256183443506
miniFE.c 40 y 13.2375787723331708
miniFE.c 40 y -8.0750988145735008
miniFE.c 40 y 34.8994635928429275
miniFE.c 87 normr 61.5684169298412272
miniFE.c 25 Ap -1368.4289806161518754
miniFE.c 25 Ap -1199.2317650706336281
miniFE.c 25 Ap -1438.9434933034935966
miniFE.c 25 Ap -1060.9252025196035447
miniFE.c 25 Ap -1347.7797492528836756
miniFE.c 25 Ap -1135.2318894527934390
miniFE.c 25 Ap -1175.5811556047112845
miniFE.c 25 Ap -951.9431942355674892
miniFE.c 25 Ap -307.7178613112005223
miniFE.c 25 Ap 437.3259687565855529
miniFE.c 25 Ap 67.1311892858862507
miniFE.c 25 Ap 231.4904044254456608
miniFE.c 25 Ap 8.4750944324596844
miniFE.c 25 Ap 136.2477259389728772
miniFE.c 25 Ap 44.2125139587647027
miniFE.c 25 Ap 286.8999636359623082
miniFE.c 25 Ap -190.0698452342187466
miniFE.c 25 Ap -28.6731141403941479
miniFE.c 25 Ap -1769.4073446474239972
miniFE.c 25 Ap -1504.5015295142784453
miniFE.c 25 Ap -1847.1377969518380269
miniFE.c 25 Ap -1633.0108263799961605
miniFE.c 25 Ap -1729.5239229058497585
miniFE.c 25 Ap -1298.4747151618360022
miniFE.c 25 Ap -279.7544311366967804
miniFE.c 25 Ap -212.8740522000363740
miniFE.c 25 Ap -460.1214411508727835
miniFE.c 25 Ap 1342.3107137622018854
miniFE.c 25 Ap 1267.4914057048456471
miniFE.c 25 Ap 1414.2417478412662604
miniFE.c 25 Ap 1403.7422378842968556
miniFE.c 25 Ap 1568.5035826910889227
miniFE.c 25 Ap -286.8300319099224680
miniFE.c 25 Ap -164.2165944823325390
miniFE.c 25 Ap -596.3046644692149130
miniFE.c 25 Ap -495.2136835663836223
miniFE.c 25 Ap -1852.8787212276629361
miniFE.c 25 Ap -1793.4524899398534217
miniFE.c 25 Ap -1906.9291080474579303
miniFE.c 25 Ap -1774.3342498395531948
miniFE.c 25 Ap -327.4780244875516928
miniFE.c 25 Ap -219.2340398177625218
miniFE.c 25 Ap -635.3102262145098393
miniFE.c 25 Ap -329.7897038638051299
miniFE.c 25 Ap -421.3570718902559520
miniFE.c 25 Ap 458.4557002015919807
miniFE.c 25 Ap 396.9861180764418123
miniFE.c 25 Ap 516.5563917731067249
miniFE.c 25 Ap -101.9111677470804693
miniFE.c 25 Ap 25.9034897970964124
miniFE.c 25 Ap -281.5280704790179698
miniFE.c 25 Ap -245.6944238040443054
miniFE.c 25 Ap -532.3297003619271663
miniFE.c 25 Ap -431.5620869656004857
miniFE.c 25 Ap -961.7585399526303718
miniFE.c 25 Ap -868.4179353041471359
miniFE.c 25 Ap -130.6955364858731627
miniFE.c 25 Ap -52.7119768240055322
miniFE.c 25 Ap -370.4126567417038700
miniFE.c 25 Ap -240.3039383084249323
miniFE.c 25 Ap -317.7998926947741438
miniFE.c 25 Ap -272.4461607476264362
miniFE.c 25 Ap -294.0434728078357125
miniFE.c 25 Ap 1969.9608112905175403
miniFE.c 57 sum 19415.3407160156275495
miniFE.c 57 sum 22632.7401604128463077
miniFE.c 57 sum 56032.5152313458020217
miniFE.c 57 sum 99259.5393036334862700
miniFE.c 57 sum 135451.0353199666133150
miniFE.c 57 sum 142288.9912464153021574
miniFE.c 57 sum 149301.5518863441830035
miniFE.c 57 sum 218052.1274993049155455
miniFE.c 90 p_ap_dot 218052.1274993049155455
miniFE.c 91 alpha 0.0173842374606450
miniFE.c 40 y 1.1414960338202862
miniFE.c 40 y 1.9313664198033706
miniFE.c 40 y 1.1455593598435627
miniFE.c 40 y 2.0101427827885114
miniFE.c 40 y 0.8335448106908265
miniFE.c 40 y 1.9345406011869211
miniFE.c 40 y 0.9372372518070660
miniFE.c 40 y 2.0058092046217029
miniFE.c 40 y -6.2853818362955991
miniFE.c 40 y 3.3963126984948593
miniFE.c 40 y -5.7456023706638284
miniFE.c 40 y -2.2035735166836723
miniFE.c 40 y 8.5114552256647578
miniFE.c 40 y 1.4792892180922035
miniFE.c 40 y 5.2650725407634269
miniFE.c 40 y -1.6274760254008527
miniFE.c 82 oldrtrans 3790.6699632467598349
miniFE.c 48 sum 39.5060248280346400
miniFE.c 48 sum 51.0409647739920729
miniFE.c 48 sum 84.0529113757698809
miniFE.c 48 sum 88.9086476191995274
miniFE.c 48 sum 161.3535176776954359
miniFE.c 48 sum 163.5418142684592908
miniFE.c 48 sum 191.2628031279603533
miniFE.c 48 sum 193.9114813412149090
miniFE.c 83 rtrans 193.9114813412149090
miniFE.c 84 beta 0.0511549365208062
miniFE.c 40 y -7.3287114465830694
miniFE.c 40 y 3.9699825667457125
miniFE.c 40 y -7.0614257391225932
miniFE.c 40 y -0.7937739492466993
miniFE.c 40 y 7.4680364439577893
miniFE.c 40 y 2.1564567198800790
miniFE.c 40 y 4.8519913735046813
miniFE.c 40 y 0.1578038193012157
miniFE.c 87 normr 13.9252102799639950
miniFE.c 25 Ap -491.7177691821715939
miniFE.c 25 Ap -431.8204587072673348
miniFE.c 25 Ap -497.6273892538332007
miniFE.c 25 Ap -508.5151816909360605
miniFE.c 25 Ap -403.4891232846156299
miniFE.c 25 Ap -368.8641916075331437
miniFE.c 25 Ap -344.6199940079908970
miniFE.c 25 Ap -343.6087771922680645
miniFE.c 25 Ap -110.5723003858943940
miniFE.c 25 Ap 153.1798037081381381
miniFE.c 25 Ap 51.5519763134579421
miniFE.c 25 Ap 46.8180545345572909
miniFE.c 25 Ap 128.4706524785786144
miniFE.c 25 Ap 149.2853463563486116
miniFE.c 25 Ap 204.5854813566446069
miniFE.c 25 Ap 205.6828336512909630
miniFE.c 25 Ap -68.2978229862457482
miniFE.c 25 Ap -11.1619529851184538
miniFE.c 25 Ap -489.0375139828173587
miniFE.c 25 Ap -496.6674080934177482
miniFE.c 25 Ap -371.2179876612548810
miniFE.c 25 Ap -336.3358122620578570
miniFE.c 25 Ap -278.3451024854123261
miniFE.c 25 Ap -276.3960406865737127
miniFE.c 25 Ap -100.5241972699422064
miniFE.c 25 Ap -76.8479517186630687
miniFE.c 25 Ap -144.7236116726137993
miniFE.c 25 Ap -196.6377853068011348
miniFE.c 25 Ap -169.2441912102822528
miniFE.c 25 Ap -145.3379492239308775
miniFE.c 25 Ap -139.0292299243847651
miniFE.c 25 Ap -138.2842336749567949
miniFE.c 25 Ap -103.0666738449908024
miniFE.c 25 Ap -59.6604327533942111
miniFE.c 25 Ap -178.2795333758085690
miniFE.c 25 Ap -181.1911851243277738
miniFE.c 25 Ap 315.8907303114220895
miniFE.c 25 Ap 325.5715109135047669
miniFE.c 25 Ap 393.7548960082990561
miniFE.c 25 Ap 394.3544460555153250
miniFE.c 25 Ap -117.6727224709163977
miniFE.c 25 Ap -79.3533947213240367
miniFE.c 25 Ap -193.5768284353919739
miniFE.c 25 Ap -202.3765191216064636
miniFE.c 25 Ap -168.8509576411360626
miniFE.c 25 Ap -25.5257924244320122
miniFE.c 25 Ap 11.4087255366238907
miniFE.c 25 Ap 11.9493827250654618
miniFE.c 25 Ap -36.6197535781368444
miniFE.c 25 Ap 8.6277654279164082
miniFE.c 25 Ap -75.7699713205324770
miniFE.c 25 Ap -76.8020624038833546
miniFE.c 25 Ap 28.1437146106645031
miniFE.c 25 Ap 44.5591785555477173
miniFE.c 25 Ap 363.1321985553927334
miniFE.c 25 Ap 363.5542538649315247
miniFE.c 25 Ap -46.9628446585254480
miniFE.c 25 Ap -19.3559749476673026
miniFE.c 25 Ap -106.5728446939461094
miniFE.c 25 Ap -110.3202737340103567
miniFE.c 25 Ap -81.9466790870966548
miniFE.c 25 Ap -74.5583672431303199
miniFE.c 25 Ap -61.5814397511837583
miniFE.c 25 Ap -51.3443619807878235
miniFE.c 57 sum 2518.2095785553865426
miniFE.c 57 sum 3334.7668424298699392
miniFE.c 57 sum 5286.5169583256174519
miniFE.c 57 sum 5396.2833806083417585
miniFE.c 57 sum 8341.3367555877157429
miniFE.c 57 sum 8367.1050822636025259
miniFE.c 57 sum 10131.0671858171808708
miniFE.c 57 sum 10122.9648493970289564
miniFE.c 90 p_ap_dot 10122.9648493970289564
miniFE.c 91 alpha 0.0191556015679305
miniFE.c 40 y 1.0011101573432095
miniFE.c 40 y 2.0074138240835815
miniFE.c 40 y 1.0102935018834014
miniFE.c 40 y 1.9949375652817389
miniFE.c 40 y 0.9765995413060664
miniFE.c 40 y 1.9758488269114300
miniFE.c 40 y 1.0301800653689575
miniFE.c 40 y 2.0088320317101345
miniFE.c 40 y 0.2966509948432874
miniFE.c 40 y -0.5436657122921948
miniFE.c 40 y -0.4510699403183187
miniFE.c 40 y 0.4453441667203957
miniFE.c 40 y 0.9573585804833709
miniFE.c 40 y 1.2503916036281382
miniFE.c 40 y -1.6990278945994532
miniFE.c 40 y -0.6439438845372830
miniFE.c 82 oldrtrans 193.9114813412149090
miniFE.c 48 sum 0.0880018127415121
miniFE.c 48 sum 0.3835742194636917
miniFE.c 48 sum 0.5870383105224634
miniFE.c 48 sum 0.7853697373543469
miniFE.c 48 sum 1.7019051889794818
miniFE.c 48 sum 3.2653843514032288
miniFE.c 48 sum 6.1520801380302794
miniFE.c 48 sum 6.5667438644632448
miniFE.c 83 rtrans 6.5667438644632448
miniFE.c 84 beta 0.0338646469979161
miniFE.c 40 y 0.0484667687551644
miniFE.c 40 y -0.4092236540814703
miniFE.c 40 y -0.6902026302757044
miniFE.c 40 y 0.4184632921330144
miniFE.c 40 y 1.2102609984255743
miniFE.c 40 y 1.3234192492131611
miniFE.c 40 y -1.5347169194987829
miniFE.c 40 y -0.6385999139017244
miniFE.c 87 normr 2.5625658751460896
miniFE.c 25 Ap 3.2518637942648185
miniFE.c 25 Ap -2.9223185478720684
miniFE.c 25 Ap -9.3544638725716069
miniFE.c 25 Ap -3.6146163106620355
miniFE.c 25 Ap 13.4057803172061689
miniFE.c 25 Ap 34.6551291502723728
miniFE.c 25 Ap 26.9865293133329907
miniFE.c 25 Ap 22.8943408332561660
miniFE.c 25 Ap 0.7312447969319811
miniFE.c 25 Ap -26.4561793275804824
miniFE.c 25 Ap -36.3895548764295143
miniFE.c 25 Ap -33.8939167993939705
miniFE.c 25 Ap -20.6613950443981267
miniFE.c 25 Ap -7.8874004214724067
miniFE.c 25 Ap -25.3791983869370306
miniFE.c 25 Ap -29.8199596054180596
miniFE.c 25 Ap 0.4516721414511221
miniFE.c 25 Ap -5.4378624113797756
miniFE.c 25 Ap -52.1466973308945256
miniFE.c 25 Ap -48.1243549358358678
miniFE.c 25 Ap -27.7941728373033570
miniFE.c 25 Ap -6.3869533219985186
miniFE.c 25 Ap -24.7297978608328037
miniFE.c 25 Ap -32.6172539594183633
miniFE.c 25 Ap 0.6647939489625253
miniFE.c 25 Ap -1.7757406268270119
miniFE.c 25 Ap -8.4100890944973816
miniFE.c 25 Ap 18.9581257832313099
miniFE.c 25 Ap 23.3974986746881406
miniFE.c 25 Ap 38.0687788953478332
miniFE.c 25 Ap 36.0732893109571719
miniFE.c 25 Ap 33.0584412366295410
miniFE.c 25 Ap 0.6816080403790669
miniFE.c 25 Ap -3.7926837961226374
miniFE.c 25 Ap -15.3868318159673692
miniFE.c 25 Ap -13.8518615925347532
miniFE.c 25 Ap 66.7046353915295072
miniFE.c 25 Ap 72.6457383490319728
miniFE.c 25 Ap 51.0788832830682082
miniFE.c 25 Ap 48.6526263633846554
miniFE.c 25 Ap 0.7782018258404221
miniFE.c 25 Ap -3.1717337368459142
miniFE.c 25 Ap -14.3362375213703217
miniFE.c 25 Ap -9.6971994957458598
miniFE.c 25 Ap -4.2640873497867817
miniFE.c 25 Ap 83.6946835338648327
miniFE.c 25 Ap 72.0120515452963446
miniFE.c 25 Ap 69.8241220292806588
miniFE.c 25 Ap 0.2421764237109053
miniFE.c 25 Ap -4.4219133435537854
miniFE.c 25 Ap -12.6711737684511867
miniFE.c 25 Ap -12.1270739867312010
miniFE.c 25 Ap 4.8803123354039286
miniFE.c 25 Ap 14.9544959576150731
miniFE.c 25 Ap -85.8122544862198993
miniFE.c 25 Ap -87.5202263561451588
miniFE.c 25 Ap 0.3105781075895252
miniFE.c 25 Ap -2.5351230789749191
miniFE.c 25 Ap -11.0599330999572913
miniFE.c 25 Ap -9.0843561808251501
miniFE.c 25 Ap -4.4861655795889250
miniFE.c 25 Ap 0.0480474298140088
miniFE.c 25 Ap -4.0566404502498976
miniFE.c 25 Ap -45.4840090128670624
miniFE.c 57 sum 1.1096147229673450
miniFE.c 57 sum 13.3126475572583622
miniFE.c 57 sum 35.8251620324195486
miniFE.c 57 sum 49.6589061850853426
miniFE.c 57 sum 108.5412823436616776
miniFE.c 57 sum 200.9478694966204273
miniFE.c 57 sum 335.2666416837597012
miniFE.c 57 sum 364.3127259232818460
miniFE.c 90 p_ap_dot 364.3127259232818460
miniFE.c 91 alpha 0.0180250191585295
miniFE.c 40 y 1.0019837717785733
miniFE.c 40 y 2.0000375598786397
miniFE.c 40 y 0.9978525862494144
miniFE.c 40 y 2.0024803741395778
miniFE.c 40 y 0.9984145189895084
miniFE.c 40 y 1.9997034842332639
miniFE.c 40 y 1.0025167634920726
miniFE.c 40 y 1.9973212560274207
miniFE.c 40 y -0.1160199372980582
miniFE.c 40 y -0.0061603690979599
miniFE.c 40 y 0.1368566871988179
miniFE.c 40 y -0.1505348699209719
miniFE.c 40 y 0.0803940581705873
miniFE.c 40 y -0.0081895336771443
miniFE.c 40 y -0.1214741377711024
miniFE.c 40 y 0.1759062493263721
miniFE.c 82 oldrtrans 6.5667438644632448
miniFE.c 48 sum 0.0134606258506453
miniFE.c 48 sum 0.0134985759980684
miniFE.c 48 sum 0.0322283288291035
miniFE.c 48 sum 0.0548890758912275
miniFE.c 48 sum 0.0613522804803632
miniFE.c 48 sum 0.0614193489422123
miniFE.c 48 sum 0.0761753150894451
miniFE.c 48 sum 0.1071183236415169
miniFE.c 83 rtrans 0.1071183236415169
miniFE.c 84 beta 0.0163122433054228
miniFE.c 40 y -0.1152293355738962
miniFE.c 40 y -0.0128357249096710
miniFE.c 40 y 0.1255979339637179
miniFE.c 40 y -0.1437087948853099
miniFE.c 40 y 0.1001361300399692
miniFE.c 40 y 0.0133984031111008
miniFE.c 40 y -0.1465088135669155
miniFE.c 40 y 0.1654892521559851
miniFE.c 87 normr 0.3272893576661436
miniFE.c 25 Ap -7.7312788538232526
miniFE.c 25 Ap -7.9249384951841595
miniFE.c 25 Ap -6.7544645962163381
miniFE.c 25 Ap -8.7256448441727432
miniFE.c 25 Ap -7.3173893916073398
miniFE.c 25 Ap -7.1022592718942610
miniFE.c 25 Ap -7.8343274791023729
miniFE.c 25 Ap -6.7738619254639350
miniFE.c 25 Ap -1.7385283619379381
miniFE.c 25 Ap -2.5912901551145398
miniFE.c 25 Ap -0.7836884574467309
miniFE.c 25 Ap -1.6407412677244602
miniFE.c 25 Ap -0.5458918749581525
miniFE.c 25 Ap -0.4165669241545799
miniFE.c 25 Ap -2.0863879409902788
miniFE.c 25 Ap -0.9355918994442696
miniFE.c 25 Ap -1.0738467220616161
miniFE.c 25 Ap -1.2585780898898544
miniFE.c 25 Ap 7.2411477969848468
miniFE.c 25 Ap 5.8597937115081429
miniFE.c 25 Ap 7.5418984484229528
miniFE.c 25 Ap 7.7586268636431548
miniFE.c 25 Ap 6.0075623144201948
miniFE.c 25 Ap 8.0515482009716344
miniFE.c 25 Ap -1.5805420291059920
miniFE.c 25 Ap -1.6570919306938867
miniFE.c 25 Ap -0.4498226097961868
miniFE.c 25 Ap -9.8486235373347064
miniFE.c 25 Ap -9.4813129971015346
miniFE.c 25 Ap -9.3327797740362133
miniFE.c 25 Ap -9.5232753682267646
miniFE.c 25 Ap -8.7419959750992984
miniFE.c 25 Ap -1.6205173902032881
miniFE.c 25 Ap -1.7608582004329165
miniFE.c 25 Ap 0.3489585019177295
miniFE.c 25 Ap -0.1781814531066144
miniFE.c 25 Ap 6.4870055338775874
miniFE.c 25 Ap 6.5471537389127628
miniFE.c 25 Ap 4.4883151948535112
miniFE.c 25 Ap 5.1170647991613274
miniFE.c 25 Ap -1.8501683037087076
miniFE.c 25 Ap -1.9740621348396783
miniFE.c 25 Ap 0.0575711095978935
miniFE.c 25 Ap -1.5355687825332147
miniFE.c 25 Ap -1.0860369666048746
miniFE.c 25 Ap -0.1955352830629414
miniFE.c 25 Ap -1.3107953875407450
miniFE.c 25 Ap -0.7438068686052989
miniFE.c 25 Ap -0.5757724129875371
miniFE.c 25 Ap -0.7220664324302709
miniFE.c 25 Ap 0.7790725384280474
miniFE.c 25 Ap 0.5922176209279362
miniFE.c 25 Ap 1.9993966100954099
miniFE.c 25 Ap 2.1013884567954531
miniFE.c 25 Ap -7.5181165261437997
miniFE.c 25 Ap -7.0755060883652448
miniFE.c 25 Ap -0.7383968418056683
miniFE.c 25 Ap -0.8276552149264796
miniFE.c 25 Ap 0.7236262191081736
miniFE.c 25 Ap 0.0451729746083688
miniFE.c 25 Ap 0.4256239786421653
miniFE.c 25 Ap 0.4715287164852167
miniFE.c 25 Ap 0.0796825435981278
miniFE.c 25 Ap 10.8153310975265828
miniFE.c 57 sum 0.7805476089405227
miniFE.c 57 sum 0.7925566091895059
miniFE.c 57 sum 1.8038144284408326
miniFE.c 57 sum 3.0601161349145825
miniFE.c 57 sum 3.5725192010663500
miniFE.c 57 sum 3.5625533768039706
miniFE.c 57 sum 4.5991773791958499
miniFE.c 57 sum 6.3889984343448933
miniFE.c 90 p_ap_dot 6.3889984343448933
miniFE.c 91 alpha 0.0167660588341497
miniFE.c 40 y 1.0000518299589214
miniFE.c 40 y 1.9998223553596253
miniFE.c 40 y 0.9999583685996978
miniFE.c 40 y 2.0000709440295461
miniFE.c 40 y 1.0000934072371825
miniFE.c 40 y 1.9999281226481083
miniFE.c 40 y 1.0000603881040884
miniFE.c 40 y 2.0000958585654875
miniFE.c 40 y -0.0024489697213232
miniFE.c 40 y 0.0095258197328766
miniFE.c 40 y 0.0018639563553353
miniFE.c 40 y -0.0039660510745571
miniFE.c 40 y -0.0053989513103080
miniFE.c 40 y 0.0042811760431368
miniFE.c 40 y -0.0028457864121862
miniFE.c 40 y -0.0054242281655675
miniFE.c 82 oldrtrans 0.1071183236415169
miniFE.c 48 sum 0.0000059974526960
miniFE.c 48 sum 0.0000967386942792
miniFE.c 48 sum 0.0001002130275738
miniFE.c 48 sum 0.0001159425886998
miniFE.c 48 sum 0.0001450912639509
miniFE.c 48 sum 0.0001634197322632
miniFE.c 48 sum 0.0001715182325670
miniFE.c 48 sum 0.0002009404837591
miniFE.c 83 rtrans 0.0002009404837591
miniFE.c 84 beta 0.0018758740514984
miniFE.c 40 y -0.0026651254418977
miniFE.c 40 y 0.0095017415295864
miniFE.c 40 y 0.0020995622605796
miniFE.c 40 y -0.0042356306738545
miniFE.c 40 y -0.0052111085423485
miniFE.c 40 y 0.0043063097598645
miniFE.c 40 y -0.0031206184938722
miniFE.c 40 y -0.0051137911716462
miniFE.c 87 normr 0.0141753477473794
miniFE.c 25 Ap -0.1788158186377450
miniFE.c 25 Ap -0.0354578182230343
miniFE.c 25 Ap -0.0158915503099314
miniFE.c 25 Ap -0.0739895360915501
miniFE.c 25 Ap -0.1472754920770997
miniFE.c 25 Ap -0.0781316600488117
miniFE.c 25 Ap -0.0937246167493046
miniFE.c 25 Ap -0.1264941127460575
miniFE.c 25 Ap -0.0402102133609030
miniFE.c 25 Ap 0.5910530929261990
miniFE.c 25 Ap 0.6212699299935930
miniFE.c 25 Ap 0.5960094080107686
miniFE.c 25 Ap 0.5390331795410614
miniFE.c 25 Ap 0.5805988268216695
miniFE.c 25 Ap 0.5450318583934255
miniFE.c 25 Ap 0.5094710557373323
miniFE.c 25 Ap -0.0248368716647634
miniFE.c 25 Ap 0.1119119073767977
miniFE.c 25 Ap 0.2539978727598660
miniFE.c 25 Ap 0.2132842494874084
miniFE.c 25 Ap 0.1257471101935003
miniFE.c 25 Ap 0.1954046419130426
miniFE.c 25 Ap 0.1581071969113916
miniFE.c 25 Ap 0.0949458928058897
miniFE.c 25 Ap -0.0365561664725348
miniFE.c 25 Ap 0.0201104716894769
miniFE.c 25 Ap 0.0402918315615637
miniFE.c 25 Ap -0.2367256574369740
miniFE.c 25 Ap -0.2558405872144651
miniFE.c 25 Ap -0.2081013109106811
miniFE.c 25 Ap -0.2121588420568240
miniFE.c 25 Ap -0.2363011933643187
miniFE.c 25 Ap -0.0374807517908379
miniFE.c 25 Ap 0.0664075844144629
miniFE.c 25 Ap 0.1016764091888861
miniFE.c 25 Ap 0.0861396414865523
miniFE.c 25 Ap -0.2607183090889287
miniFE.c 25 Ap -0.2413863931707767
miniFE.c 25 Ap -0.2852393838548749
miniFE.c 25 Ap -0.3046684049773750
miniFE.c 25 Ap -0.0427923201452855
miniFE.c 25 Ap 0.0489210165615289
miniFE.c 25 Ap 0.0828828848243640
miniFE.c 25 Ap 0.0359271490933869
miniFE.c 25 Ap 0.0125334041473162
miniFE.c 25 Ap 0.2987448324208242
miniFE.c 25 Ap 0.2749899386176489
miniFE.c 25 Ap 0.2574693997017807
miniFE.c 25 Ap -0.0133169708820530
miniFE.c 25 Ap 0.0949782730446699
miniFE.c 25 Ap 0.1200721152093818
miniFE.c 25 Ap 0.1145648084314240
miniFE.c 25 Ap 0.0413348718627046
miniFE.c 25 Ap 0.0741155309628256
miniFE.c 25 Ap -0.1307786622315343
miniFE.c 25 Ap -0.1444557882061990
miniFE.c 25 Ap -0.0170782917345830
miniFE.c 25 Ap 0.0489958876914907
miniFE.c 25 Ap 0.0749279380974938
miniFE.c 25 Ap 0.0549314070885677
miniFE.c 25 Ap 0.0351326443814984
miniFE.c 25 Ap 0.0498866429706117
miniFE.c 25 Ap 0.0415403709334963
miniFE.c 25 Ap -0.2902024104359495
miniFE.c 57 sum 0.0003371226781298
miniFE.c 57 sum 0.0051779849665514
miniFE.c 57 sum 0.0053773297798837
miniFE.c 57 sum 0.0063782143627660
miniFE.c 57 sum 0.0079658744905273
miniFE.c 57 sum 0.0090746174793296
miniFE.c 57 sum 0.0095254088835527
miniFE.c 57 sum 0.0110094434080305
miniFE.c 90 p_ap_dot 0.0110094434080305
miniFE.c 91 alpha 0.0182516478183232
miniFE.c 40 y 1.0000031870279642
miniFE.c 40 y 1.9999957777996840
miniFE.c 40 y 0.9999966890706505
miniFE.c 40 y 1.9999936367901985
miniFE.c 40 y 0.9999982959193245
miniFE.c 40 y 2.0000067198972418
miniFE.c 40 y 1.0000034316743629
miniFE.c 40 y 2.0000025234500063
miniFE.c 40 y -0.0001402437243909
miniFE.c 40 y 0.0002271334499295
miniFE.c 40 y 0.0001310373580459
miniFE.c 40 y 0.0003468350857780
miniFE.c 40 y 0.0001617491187094
miniFE.c 40 y -0.0004180647642152
miniFE.c 40 y -0.0002092302405284
miniFE.c 40 y -0.0001275559742621
