filename line variable value
miniFE.c 167 A 67.0947100000000063
miniFE.c 167 A 15.0875500000000002
miniFE.c 167 A 9.3192129999999995
miniFE.c 167 A 13.7164900000000003
miniFE.c 167 A 14.0634099999999993
miniFE.c 167 A 16.0564000000000000
miniFE.c 167 A 4.9967519999999999
miniFE.c 167 A 6.4080630000000003
miniFE.c 167 A 15.0875500000000002
miniFE.c 167 A 66.4365899999999954
miniFE.c 167 A 14.3919700000000006
miniFE.c 167 A 5.9638159999999996
miniFE.c 167 A 10.9336099999999998
miniFE.c 167 A 9.6522659999999991
miniFE.c 167 A 11.3974100000000007
miniFE.c 167 A 6.9539020000000002
miniFE.c 167 A 9.3192129999999995
miniFE.c 167 A 14.3919700000000006
miniFE.c 167 A 67.6740900000000067
miniFE.c 167 A 9.6121750000000006
miniFE.c 167 A 16.7981799999999986
miniFE.c 167 A 16.1756899999999995
miniFE.c 167 A 11.9519400000000005
miniFE.c 167 A 12.3511699999999998
miniFE.c 167 A 13.7164900000000003
miniFE.c 167 A 5.9638159999999996
miniFE.c 167 A 9.6121750000000006
miniFE.c 167 A 65.4017099999999942
miniFE.c 167 A 3.6681119999999998
miniFE.c 167 A 11.0858899999999991
miniFE.c 167 A 1.3002330000000000
miniFE.c 167 A 4.7210279999999996
miniFE.c 167 A 14.0634099999999993
miniFE.c 167 A 10.9336099999999998
miniFE.c 167 A 16.7981799999999986
miniFE.c 167 A 3.6681119999999998
miniFE.c 167 A 66.5612600000000043
miniFE.c 167 A 4.4892070000000004
miniFE.c 167 A 14.0526599999999995
miniFE.c 167 A 3.7993380000000001
miniFE.c 167 A 16.0564000000000000
miniFE.c 167 A 9.6522659999999991
miniFE.c 167 A 16.1756899999999995
miniFE.c 167 A 11.0858899999999991
miniFE.c 167 A 4.4892070000000004
miniFE.c 167 A 66.4632699999999943
miniFE.c 167 A 7.6122389999999998
miniFE.c 167 A 3.4261349999999999
miniFE.c 167 A 4.9967519999999999
miniFE.c 167 A 11.3974100000000007
miniFE.c 167 A 11.9519400000000005
miniFE.c 167 A 1.3002330000000000
miniFE.c 167 A 14.0526599999999995
miniFE.c 167 A 7.6122389999999998
miniFE.c 167 A 65.6581999999999937
miniFE.c 167 A 2.6745570000000001
miniFE.c 167 A 6.4080630000000003
miniFE.c 167 A 6.9539020000000002
miniFE.c 167 A 12.3511699999999998
miniFE.c 167 A 4.7210279999999996
miniFE.c 167 A 3.7993380000000001
miniFE.c 167 A 3.4261349999999999
miniFE.c 167 A 2.6745570000000001
miniFE.c 167 A 64.8721800000000002
miniFE.c 175 b 198.0110999999999990
miniFE.c 175 b 229.8237000000000023
miniFE.c 175 b 210.8053999999999917
miniFE.c 175 b 202.6418999999999926
miniFE.c 175 b 157.2561000000000035
miniFE.c 175 b 225.5886000000000138
miniFE.c 175 b 142.6283999999999992
miniFE.c 175 b 185.1795999999999935
miniFE.c 33 r 0.0000000000000000
miniFE.c 33 r 0.0000000000000000
miniFE.c 33 r 0.0000000000000000
miniFE.c 33 r 0.0000000000000000
miniFE.c 33 r 0.0000000000000000
miniFE.c 33 r 0.0000000000000000
miniFE.c 33 r 0.0000000000000000
miniFE.c 33 r 0.0000000000000000
miniFE.c 25 Ap 0.0000000000000000
miniFE.c 25 Ap 0.0000000000000000
miniFE.c 25 Ap 0.0000000000000000
miniFE.c 25 Ap 0.0000000000000000
miniFE.c 25 Ap 0.0000000000000000
miniFE.c 25 Ap 0.0000000000000000
miniFE.c 25 Ap 0.0000000000000000
miniFE.c 25 Ap 0.0000000000000000
miniFE.c 25 Ap 0.0000000000000000
miniFE.c 25 Ap 0.0000000000000000
miniFE.c 25 Ap 0.0000000000000000
miniFE.c 25 Ap 0.0000000000000000
miniFE.c 25 Ap 0.0000000000000000
miniFE.c 25 Ap 0.0000000000000000
miniFE.c 25 Ap 0.0000000000000000
miniFE.c 25 Ap 0.0000000000000000
miniFE.c 25 Ap 0.0000000000000000
miniFE.c 25 Ap 0.0000000000000000
miniFE.c 25 Ap 0.0000000000000000
miniFE.c 25 Ap 0.0000000000000000
miniFE.c 25 Ap 0.0000000000000000
miniFE.c 25 Ap 0.0000000000000000
miniFE.c 25 Ap 0.0000000000000000
miniFE.c 25 Ap 0.0000000000000000
miniFE.c 25 Ap 0.0000000000000000
miniFE.c 25 Ap 0.0000000000000000
miniFE.c 25 Ap 0.0000000000000000
miniFE.c 25 Ap 0.0000000000000000
miniFE.c 25 Ap 0.0000000000000000
miniFE.c 25 Ap 0.0000000000000000
miniFE.c 25 Ap 0.0000000000000000
miniFE.c 25 Ap 0.0000000000000000
miniFE.c 25 Ap 0.0000000000000000
miniFE.c 25 Ap 0.0000000000000000
miniFE.c 25 Ap 0.0000000000000000
miniFE.c 25 Ap 0.0000000000000000
miniFE.c 25 Ap 0.0000000000000000
miniFE.c 25 Ap 0.0000000000000000
miniFE.c 25 Ap 0.0000000000000000
miniFE.c 25 Ap 0.0000000000000000
miniFE.c 25 Ap 0.0000000000000000
miniFE.c 25 Ap 0.0000000000000000
miniFE.c 25 Ap 0.0000000000000000
miniFE.c 25 Ap 0.0000000000000000
miniFE.c 25 Ap 0.0000000000000000
miniFE.c 25 Ap 0.0000000000000000
miniFE.c 25 Ap 0.0000000000000000
miniFE.c 25 Ap 0.0000000000000000
miniFE.c 25 Ap 0.0000000000000000
miniFE.c 25 Ap 0.0000000000000000
miniFE.c 25 Ap 0.0000000000000000
miniFE.c 25 Ap 0.0000000000000000
miniFE.c 25 Ap 0.0000000000000000
miniFE.c 25 Ap 0.0000000000000000
miniFE.c 25 Ap 0.0000000000000000
miniFE.c 25 Ap 0.0000000000000000
miniFE.c 25 Ap 0.0000000000000000
miniFE.c 25 Ap 0.0000000000000000
miniFE.c 25 Ap 0.0000000000000000
miniFE.c 25 Ap 0.0000000000000000
miniFE.c 25 Ap 0.0000000000000000
miniFE.c 25 Ap 0.0000000000000000
miniFE.c 25 Ap 0.0000000000000000
miniFE.c 25 Ap 0.0000000000000000
miniFE.c 33 r 198.0110999999999990
miniFE.c 33 r 229.8237000000000023
miniFE.c 33 r 210.8053999999999917
miniFE.c 33 r 202.6418999999999926
miniFE.c 33 r 157.2561000000000035
miniFE.c 33 r 225.5886000000000138
miniFE.c 33 r 142.6283999999999992
miniFE.c 33 r 185.1795999999999935
miniFE.c 48 sum 39208.3957232100001420
miniFE.c 48 sum 92027.3288048999966122
miniFE.c 48 sum 136466.2454740600078367
miniFE.c 48 sum 177529.9851096700003836
miniFE.c 48 sum 202259.4660968800017145
miniFE.c 48 sum 253149.6825468399911188
miniFE.c 48 sum 273492.5430333999684080
miniFE.c 48 sum 307784.0272895599482581
miniFE.c 75 rtrans 307784.0272895599482581
miniFE.c 76 normr 554.7828649927464539
miniFE.c 33 r 198.0110999999999990
miniFE.c 33 r 229.8237000000000023
miniFE.c 33 r 210.8053999999999917
miniFE.c 33 r 202.6418999999999926
miniFE.c 33 r 157.2561000000000035
miniFE.c 33 r 225.5886000000000138
miniFE.c 33 r 142.6283999999999992
miniFE.c 33 r 185.1795999999999935
miniFE.c 87 normr 554.7828649927464539
miniFE.c 25 Ap 13285.4973312810016068
miniFE.c 25 Ap 16752.9738962160008668
miniFE.c 25 Ap 18717.5143203662009910
miniFE.c 25 Ap 21497.0499152972006414
miniFE.c 25 Ap 23708.6069245981998392
miniFE.c 25 Ap 27330.7477216381994367
miniFE.c 25 Ap 28043.4264645949988335
miniFE.c 25 Ap 29230.0690077097970061
miniFE.c 25 Ap 2987.5023718050001662
miniFE.c 25 Ap 18256.2053009880000900
miniFE.c 25 Ap 21290.1102936259994749
miniFE.c 25 Ap 22498.6292991164009436
miniFE.c 25 Ap 24218.0061666374022025
miniFE.c 25 Ap 26395.4473404050004319
miniFE.c 25 Ap 28021.0416928490012651
miniFE.c 25 Ap 29308.7624836482027604
miniFE.c 25 Ap 1845.3076172643000064
miniFE.c 25 Ap 5152.9234129532997031
miniFE.c 25 Ap 19418.9870250392996240
miniFE.c 25 Ap 21366.8164301717988565
miniFE.c 25 Ap 24008.4327040697971825
miniFE.c 25 Ap 27657.4839652037990163
miniFE.c 25 Ap 29362.1700442997971550
miniFE.c 25 Ap 31649.3547644317950471
miniFE.c 25 Ap 2716.0172730389999742
miniFE.c 25 Ap 4086.6435322781999275
miniFE.c 25 Ap 6112.9419280231995799
miniFE.c 25 Ap 19366.0687056721981207
miniFE.c 25 Ap 19942.9016931553996983
miniFE.c 25 Ap 22443.7520980093977414
miniFE.c 25 Ap 22629.2022504265987664
miniFE.c 25 Ap 23503.4403270553993934
miniFE.c 25 Ap 2784.7112838509997346
miniFE.c 25 Ap 5297.5139884079999320
miniFE.c 25 Ap 8838.6610425799990480
miniFE.c 25 Ap 9581.9742276727993158
miniFE.c 25 Ap 20049.1383863587980159
miniFE.c 25 Ap 21061.8523085989982064
miniFE.c 25 Ap 23066.1607201429978886
miniFE.c 25 Ap 23769.7206112477979332
miniFE.c 25 Ap 3179.3454260399998930
miniFE.c 25 Ap 5397.6649115441996400
miniFE.c 25 Ap 8807.5877122702004272
miniFE.c 25 Ap 11054.0535250612010714
miniFE.c 25 Ap 11760.0087099739012046
miniFE.c 25 Ap 26753.3647406958989450
miniFE.c 25 Ap 27839.0862096834971453
miniFE.c 25 Ap 28473.5365185294976982
miniFE.c 25 Ap 989.4123599472000024
miniFE.c 25 Ap 3608.8072965641999872
miniFE.c 25 Ap 6128.3407890401995246
miniFE.c 25 Ap 6391.8224746028990921
miniFE.c 25 Ap 8601.6889808288997301
miniFE.c 25 Ap 10318.9233197042995016
miniFE.c 25 Ap 19683.6473325842962367
miniFE.c 25 Ap 20178.9207280214977800
miniFE.c 25 Ap 1268.8676034993000030
miniFE.c 25 Ap 2867.0390905766998912
miniFE.c 25 Ap 5470.7324228946999938
miniFE.c 25 Ap 6427.4105067679001877
miniFE.c 25 Ap 7024.8795832297000743
miniFE.c 25 Ap 7797.7765812907000509
miniFE.c 25 Ap 8179.2443669095000587
miniFE.c 25 Ap 20192.2487104374995397
miniFE.c 57 sum 5787878.1172925252467394
miniFE.c 57 sum 12523726.3537057451903820
miniFE.c 57 sum 19195581.2445636950433254
miniFE.c 57 sum 23958363.0489748232066631
miniFE.c 57 sum 27696296.6103892698884010
miniFE.c 57 sum 34119601.8506532162427902
miniFE.c 57 sum 36997689.0278177559375763
miniFE.c 57 sum 40736881.5671170875430107
miniFE.c 90 p_ap_dot 40736881.5671170875430107
miniFE.c 91 alpha 0.0075554145395853
miniFE.c 40 y 1.4960559439392744
miniFE.c 40 y 1.7364133245212852
miniFE.c 40 y 1.5927221841830903
miniFE.c 40 y 1.5310435575891859
miniFE.c 40 y 1.1881350243784765
miniFE.c 40 y 1.7044153884046875
miniFE.c 40 y 1.0776166871177848
miniFE.c 40 y 1.3991086422745860
miniFE.c 40 y -22.8341883739316245
miniFE.c 40 y 8.3838497937928480
miniFE.c 40 y -28.3185951559134139
miniFE.c 40 y 25.0636652226906733
miniFE.c 40 y -22.3339927081014764
miniFE.c 40 y 10.4592281944898673
miniFE.c 40 y -9.8317110616323760
miniFE.c 40 y 32.6187905062384118
miniFE.c 82 oldrtrans 307784.0272895599482581
miniFE.c 48 sum 521.4001586961941257
miniFE.c 48 sum 591.6890960610744514
miniFE.c 48 sum 1393.6319276655972317
miniFE.c 48 sum 2021.8192420607110762
miniFE.c 48 sum 2520.6264723462409165
miniFE.c 48 sum 2630.0219267706524988
miniFE.c 48 sum 2726.6844691700771364
miniFE.c 48 sum 3790.6699632599465986
miniFE.c 83 rtrans 3790.6699632599465986
miniFE.c 84 beta 0.0123160061184518
miniFE.c 40 y -20.3954824548102600
miniFE.c 40 y 11.2143598891580716
miniFE.c 40 y -25.7223145597107425
miniFE.c 40 y 27.5594041029453649
miniFE.c 40 y -20.3972256183376146
miniFE.c 40 y 13.2375787723428360
miniFE.c 40 y -8.0750988145673901
miniFE.c 40 y 34.8994635928508643
miniFE.c 87 normr 61.5684169299483202
miniFE.c 25 Ap -1368.4289806155825318
miniFE.c 25 Ap -1199.2317650699155820
miniFE.c 25 Ap -1438.9434933048612493
miniFE.c 25 Ap -1060.9252025208520536
miniFE.c 25 Ap -1347.7797492540373696
miniFE.c 25 Ap -1135.2318894537918368
miniFE.c 25 Ap -1175.5811556056789868
miniFE.c 25 Ap -951.9431942364842598
miniFE.c 25 Ap -307.7178613110725678
miniFE.c 25 Ap 437.3259687573676615
miniFE.c 25 Ap 67.1311892834474406
miniFE.c 25 Ap 231.4904044230586351
miniFE.c 25 Ap 8.4750944301462994
miniFE.c 25 Ap 136.2477259367527722
miniFE.c 25 Ap 44.2125139566142451
miniFE.c 25 Ap 286.8999636338670598
miniFE.c 25 Ap -190.0698452341396774
miniFE.c 25 Ap -28.6731141401733680
miniFE.c 25 Ap -1769.4073446623485779
miniFE.c 25 Ap -1504.5015295291195798
miniFE.c 25 Ap -1847.1377969665661567
miniFE.c 25 Ap -1633.0108263945678573
miniFE.c 25 Ap -1729.5239229203484683
miniFE.c 25 Ap -1298.4747151762367139
miniFE.c 25 Ap -279.7544311365803651
miniFE.c 25 Ap -212.8740521998612394
miniFE.c 25 Ap -460.1214411528488881
miniFE.c 25 Ap 1342.3107137607939876
miniFE.c 25 Ap 1267.4914057034623056
miniFE.c 25 Ap 1414.2417478399900119
miniFE.c 25 Ap 1403.7422378830285652
miniFE.c 25 Ap 1568.5035826898581490
miniFE.c 25 Ap -286.8300319098031537
miniFE.c 25 Ap -164.2165944821055632
miniFE.c 25 Ap -596.3046644727473904
miniFE.c 25 Ap -495.2136835698842674
miniFE.c 25 Ap -1852.8787212307152004
miniFE.c 25 Ap -1793.4524899428622575
miniFE.c 25 Ap -1906.9291080503808189
miniFE.c 25 Ap -1774.3342498424460700
miniFE.c 25 Ap -327.4780244874154391
miniFE.c 25 Ap -219.2340398175312259
miniFE.c 25 Ap -635.3102262178986166
miniFE.c 25 Ap -329.7897038670976713
miniFE.c 25 Ap -421.3570718935181958
miniFE.c 25 Ap 458.4557001989721812
miniFE.c 25 Ap 396.9861180738685107
miniFE.c 25 Ap 516.5563917705605945
miniFE.c 25 Ap -101.9111677470380783
miniFE.c 25 Ap 25.9034897972510265
miniFE.c 25 Ap -281.5280704815381796
miniFE.c 25 Ap -245.6944238065532318
miniFE.c 25 Ap -532.3297003643415337
miniFE.c 25 Ap -431.5620869679412976
miniFE.c 25 Ap -961.7585399545698692
miniFE.c 25 Ap -868.4179353060653739
miniFE.c 25 Ap -130.6955364858187920
miniFE.c 25 Ap -52.7119768238826936
miniFE.c 25 Ap -370.4126567443452132
miniFE.c 25 Ap -240.3039383110252629
miniFE.c 25 Ap -317.7998926973488665
miniFE.c 25 Ap -272.4461607501680191
miniFE.c 25 Ap -294.0434728103609245
miniFE.c 25 Ap 1969.9608112885071023
miniFE.c 57 sum 19415.3407160262504476
miniFE.c 57 sum 22632.7401604027982103
miniFE.c 57 sum 56032.5152319967746735
miniFE.c 57 sum 99259.5393042641517241
miniFE.c 57 sum 135451.0353206443542149
miniFE.c 57 sum 142288.9912470643466804
miniFE.c 57 sum 149301.5518870034138672
miniFE.c 57 sum 218052.1274999096058309
miniFE.c 90 p_ap_dot 218052.1274999096058309
miniFE.c 91 alpha 0.0173842374606573
miniFE.c 40 y 1.1414960338201836
miniFE.c 40 y 1.9313664198036793
miniFE.c 40 y 1.1455593598393565
miniFE.c 40 y 2.0101427827890008
miniFE.c 40 y 0.8335448106906933
miniFE.c 40 y 1.9345406011872515
miniFE.c 40 y 0.9372372518070732
miniFE.c 40 y 2.0058092046222691
miniFE.c 40 y -6.2853818362679839
miniFE.c 40 y 3.3963126985277636
miniFE.c 40 y -5.7456023706303831
miniFE.c 40 y -2.2035735166815194
miniFE.c 40 y 8.5114552257368139
miniFE.c 40 y 1.4792892181301287
miniFE.c 40 y 5.2650725408219792
miniFE.c 40 y -1.6274760253900666
miniFE.c 82 oldrtrans 3790.6699632599465986
miniFE.c 48 sum 39.5060248276874901
miniFE.c 48 sum 51.0409647738684313
miniFE.c 48 sum 84.0529113752619139
miniFE.c 48 sum 88.9086476186820676
miniFE.c 48 sum 161.3535176784045859
miniFE.c 48 sum 163.5418142692806214
miniFE.c 48 sum 191.2628031293982360
miniFE.c 48 sum 193.9114813426176909
miniFE.c 83 rtrans 193.9114813426176909
miniFE.c 84 beta 0.0511549365209983
miniFE.c 40 y -7.3287114465589385
miniFE.c 40 y 3.9699825667812747
miniFE.c 40 y -7.0614257391055375
miniFE.c 40 y -0.7937739492388078
miniFE.c 40 y 7.4680364440262714
miniFE.c 40 y 2.1564567199210418
miniFE.c 40 y 4.8519913735619955
miniFE.c 40 y 0.1578038193191122
miniFE.c 87 normr 13.9252102800143636
miniFE.c 25 Ap -491.7177691805525228
miniFE.c 25 Ap -431.8204587051117187
miniFE.c 25 Ap -497.6273892515186503
miniFE.c 25 Ap -508.5151816885132803
miniFE.c 25 Ap -403.4891232812298085
miniFE.c 25 Ap -368.8641916034895871
miniFE.c 25 Ap -344.6199940036609632
miniFE.c 25 Ap -343.6087771878234776
miniFE.c 25 Ap -110.5723003855303119
miniFE.c 25 Ap 153.1798037108648600
miniFE.c 25 Ap 51.5519763164301281
miniFE.c 25 Ap 46.8180545375765362
miniFE.c 25 Ap 128.4706524823466225
miniFE.c 25 Ap 149.2853463605120226
miniFE.c 25 Ap 204.5854813614612340
miniFE.c 25 Ap 205.6828336562320487
miniFE.c 25 Ap -68.2978229860208614
miniFE.c 25 Ap -11.1619529843817560
miniFE.c 25 Ap -489.0375139809264624
miniFE.c 25 Ap -496.6674080914510228
miniFE.c 25 Ap -371.2179876581378153
miniFE.c 25 Ap -336.3358122582782244
miniFE.c 25 Ap -278.3451024809476735
miniFE.c 25 Ap -276.3960406818880529
miniFE.c 25 Ap -100.5241972696112214
miniFE.c 25 Ap -76.8479517181199867
miniFE.c 25 Ap -144.7236116719067809
miniFE.c 25 Ap -196.6377853055780065
miniFE.c 25 Ap -169.2441912088079050
miniFE.c 25 Ap -145.3379492220024360
miniFE.c 25 Ap -139.0292299223818020
miniFE.c 25 Ap -138.2842336728693340
miniFE.c 25 Ap -103.0666738446514330
miniFE.c 25 Ap -59.6604327526660185
miniFE.c 25 Ap -178.2795333747938571
miniFE.c 25 Ap -181.1911851232841286
miniFE.c 25 Ap 315.8907303170240084
miniFE.c 25 Ap 325.5715109192905743
miniFE.c 25 Ap 393.7548960148902779
miniFE.c 25 Ap 394.3544460621745316
miniFE.c 25 Ap -117.6727224705289387
miniFE.c 25 Ap -79.3533947205933146
miniFE.c 25 Ap -193.5768284343853622
miniFE.c 25 Ap -202.3765191205123699
miniFE.c 25 Ap -168.8509576397345313
miniFE.c 25 Ap -25.5257924203079654
miniFE.c 25 Ap 11.4087255411842250
miniFE.c 25 Ap 11.9493827296871125
miniFE.c 25 Ap -36.6197535780162653
miniFE.c 25 Ap 8.6277654284423022
miniFE.c 25 Ap -75.7699713198027354
miniFE.c 25 Ap -76.8020624031433528
miniFE.c 25 Ap 28.1437146123668640
miniFE.c 25 Ap 44.5591785575618928
miniFE.c 25 Ap 363.1321985611700711
miniFE.c 25 Ap 363.5542538707567246
miniFE.c 25 Ap -46.9628446583708126
miniFE.c 25 Ap -19.3559749472653735
miniFE.c 25 Ap -106.5728446933335078
miniFE.c 25 Ap -110.3202737333604944
miniFE.c 25 Ap -81.9466790861866059
miniFE.c 25 Ap -74.5583672420799246
miniFE.c 25 Ap -61.5814397499800776
miniFE.c 25 Ap -51.3443619784231515
miniFE.c 57 sum 2518.2095785145215814
miniFE.c 57 sum 3334.7668424159355709
miniFE.c 57 sum 5286.5169582738808458
miniFE.c 57 sum 5396.2833805538566594
miniFE.c 57 sum 8341.3367556099692592
miniFE.c 57 sum 8367.1050822963115934
miniFE.c 57 sum 10131.0671858989917382
miniFE.c 57 sum 10122.9648494782941270
miniFE.c 90 p_ap_dot 10122.9648494782941270
miniFE.c 91 alpha 0.0191556015679153
miniFE.c 40 y 1.0011101573436805
miniFE.c 40 y 2.0074138240845110
miniFE.c 40 y 1.0102935018796291
miniFE.c 40 y 1.9949375652823915
miniFE.c 40 y 0.9765995413071314
miniFE.c 40 y 1.9758488269125125
miniFE.c 40 y 1.0301800653699889
miniFE.c 40 y 2.0088320317110413
miniFE.c 40 y 0.2966509947805402
miniFE.c 40 y -0.5436657123508133
miniFE.c 40 y -0.4510699403788321
miniFE.c 40 y 0.4453441666804596
miniFE.c 40 y 0.9573585804338611
miniFE.c 40 y 1.2503916035777145
miniFE.c 40 y -1.6990278946469592
miniFE.c 40 y -0.6439438845725743
miniFE.c 82 oldrtrans 193.9114813426176909
miniFE.c 48 sum 0.0880018127042841
miniFE.c 48 sum 0.3835742194902014
miniFE.c 48 sum 0.5870383106035646
miniFE.c 48 sum 0.7853697373998776
miniFE.c 48 sum 1.7019051889302155
miniFE.c 48 sum 3.2653843512278637
miniFE.c 48 sum 6.1520801380163430
miniFE.c 48 sum 6.5667438644947600
miniFE.c 83 rtrans 6.5667438644947600
miniFE.c 84 beta 0.0338646469978337
miniFE.c 40 y 0.0484667686938388
miniFE.c 40 y -0.4092236541392117
miniFE.c 40 y -0.6902026303350579
miniFE.c 40 y 0.4184632920934110
miniFE.c 40 y 1.2102609983777679
miniFE.c 40 y 1.3234192491639469
miniFE.c 40 y -1.5347169195447481
miniFE.c 40 y -0.6385999139364227
miniFE.c 87 normr 2.5625658751522389
miniFE.c 25 Ap 3.2518637901501903
miniFE.c 25 Ap -2.9223185528578743
miniFE.c 25 Ap -9.3544638781105398
miniFE.c 25 Ap -3.6146163167441880
miniFE.c 25 Ap 13.4057803104516946
miniFE.c 25 Ap 34.6551291427276951
miniFE.c 25 Ap 26.9865293055586370
miniFE.c 25 Ap 22.8943408252594622
miniFE.c 25 Ap 0.7312447960067270
miniFE.c 25 Ap -26.4561793323418826
miniFE.c 25 Ap -36.3895548820451253
miniFE.c 25 Ap -33.8939168052457660
miniFE.c 25 Ap -20.6613950507726187
miniFE.c 25 Ap -7.8874004283219268
miniFE.c 25 Ap -25.3791983943104356
miniFE.c 25 Ap -29.8199596130327542
miniFE.c 25 Ap 0.4516721408796152
miniFE.c 25 Ap -5.4378624127822963
miniFE.c 25 Ap -52.1466973363137356
miniFE.c 25 Ap -48.1243549416357510
miniFE.c 25 Ap -27.7941728439062992
miniFE.c 25 Ap -6.3869533293975351
miniFE.c 25 Ap -24.7297978687811906
miniFE.c 25 Ap -32.6172539677953139
miniFE.c 25 Ap 0.6647939481213524
miniFE.c 25 Ap -1.7757406280125445
miniFE.c 25 Ap -8.4100890962534294
miniFE.c 25 Ap 18.9581257788851296
miniFE.c 25 Ap 23.3974986701665983
miniFE.c 25 Ap 38.0687788902807043
miniFE.c 25 Ap 36.0732893058302793
miniFE.c 25 Ap 33.0584412313388398
miniFE.c 25 Ap 0.6816080395166189
miniFE.c 25 Ap -3.7926837976164078
miniFE.c 25 Ap -15.3868318184581696
miniFE.c 25 Ap -13.8518615951708242
miniFE.c 25 Ap 66.7046353857113559
miniFE.c 25 Ap 72.6457383429928854
miniFE.c 25 Ap 51.0788832763831877
miniFE.c 25 Ap 48.6526263565678079
miniFE.c 25 Ap 0.7782018248557526
miniFE.c 25 Ap -3.1717337383879198
miniFE.c 25 Ap -14.3362375238724127
miniFE.c 25 Ap -9.6971994986869881
miniFE.c 25 Ap -4.2640873529425232
miniFE.c 25 Ap 83.6946835274381442
miniFE.c 25 Ap 72.0120515385197564
miniFE.c 25 Ap 69.8241220223851968
miniFE.c 25 Ap 0.2421764234044762
miniFE.c 25 Ap -4.4219133445183170
miniFE.c 25 Ap -12.6711737701251081
miniFE.c 25 Ap -12.1270739884566154
miniFE.c 25 Ap 4.8803123330067066
miniFE.c 25 Ap 14.9544959548432210
miniFE.c 25 Ap -85.8122544920097425
miniFE.c 25 Ap -87.5202263620277989
miniFE.c 25 Ap 0.3105781071965465
miniFE.c 25 Ap -2.5351230797694266
miniFE.c 25 Ap -11.0599331014848836
miniFE.c 25 Ap -9.0843561825397110
miniFE.c 25 Ap -4.4861655814851193
miniFE.c 25 Ap 0.0480474277492000
miniFE.c 25 Ap -4.0566404524376427
miniFE.c 25 Ap -45.4840090173057590
miniFE.c 57 sum 1.1096147211757599
miniFE.c 57 sum 13.3126475603047378
miniFE.c 57 sum 35.8251620431836670
miniFE.c 57 sum 49.6589061923262776
miniFE.c 57 sum 108.5412823403265463
miniFE.c 57 sum 200.9478694807233694
miniFE.c 57 sum 335.2666416809137218
miniFE.c 57 sum 364.3127259248486780
miniFE.c 90 p_ap_dot 364.3127259248486780
miniFE.c 91 alpha 0.0180250191585384
miniFE.c 40 y 1.0019837717779394
miniFE.c 40 y 2.0000375598785247
miniFE.c 40 y 0.9978525862445661
miniFE.c 40 y 2.0024803741395205
miniFE.c 40 y 0.9984145189897226
miniFE.c 40 y 1.9997034842334711
miniFE.c 40 y 1.0025167634922616
miniFE.c 40 y 1.9973212560276963
miniFE.c 40 y -0.1160199372168702
miniFE.c 40 y -0.0061603690190555
miniFE.c 40 y 0.1368566872895922
miniFE.c 40 y -0.1505348698658400
miniFE.c 40 y 0.0803940582435143
miniFE.c 40 y -0.0081895336039042
miniFE.c 40 y -0.1214741377117876
miniFE.c 40 y 0.1759062493714969
miniFE.c 82 oldrtrans 6.5667438644947600
miniFE.c 48 sum 0.0134606258318065
miniFE.c 48 sum 0.0134985759782574
miniFE.c 48 sum 0.0322283288341387
miniFE.c 48 sum 0.0548890758796640
miniFE.c 48 sum 0.0613522804805256
miniFE.c 48 sum 0.0614193489411751
miniFE.c 48 sum 0.0761753150739974
miniFE.c 48 sum 0.1071183236419447
miniFE.c 83 rtrans 0.1071183236419447
miniFE.c 84 beta 0.0163122433054097
miniFE.c 40 y -0.1152293354937093
miniFE.c 40 y -0.0128357248317031
miniFE.c 40 y 0.1255979340535330
miniFE.c 40 y -0.1437087948308295
miniFE.c 40 y 0.1001361301121005
miniFE.c 40 y 0.0133984031835207
miniFE.c 40 y -0.1465088135083304
miniFE.c 40 y 0.1654892522005523
miniFE.c 87 normr 0.3272893576667972
miniFE.c 25 Ap -7.7312788484431332
miniFE.c 25 Ap -7.9249384886276957
miniFE.c 25 Ap -6.7544645888228683
miniFE.c 25 Ap -8.7256448360319929
miniFE.c 25 Ap -7.3173893824521778
miniFE.c 25 Ap -7.1022592615762958
miniFE.c 25 Ap -7.8343274684916731
miniFE.c 25 Ap -6.7738619145676449
miniFE.c 25 Ap -1.7385283607281137
miniFE.c 25 Ap -2.5912901487247928
miniFE.c 25 Ap -0.7836884497643668
miniFE.c 25 Ap -1.6407412597171853
miniFE.c 25 Ap -0.5458918661622223
miniFE.c 25 Ap -0.4165669146596336
miniFE.c 25 Ap -2.0863879308276134
miniFE.c 25 Ap -0.9355918889716883
miniFE.c 25 Ap -1.0738467213143370
miniFE.c 25 Ap -1.2585780880204633
miniFE.c 25 Ap 7.2411478049323961
miniFE.c 25 Ap 5.8597937199793666
miniFE.c 25 Ap 7.5418984581058508
miniFE.c 25 Ap 7.7586268744974944
miniFE.c 25 Ap 6.0075623259747397
miniFE.c 25 Ap 8.0515482130766358
miniFE.c 25 Ap -1.5805420280061087
miniFE.c 25 Ap -1.6570919291290169
miniFE.c 25 Ap -0.4498226073679981
miniFE.c 25 Ap -9.8486235313434101
miniFE.c 25 Ap -9.4813129908456535
miniFE.c 25 Ap -9.3327797669774935
miniFE.c 25 Ap -9.5232753610918710
miniFE.c 25 Ap -8.7419959677540025
miniFE.c 25 Ap -1.6205173890755862
miniFE.c 25 Ap -1.7608581984527436
miniFE.c 25 Ap 0.3489585054066338
miniFE.c 25 Ap -0.1781814494178701
miniFE.c 25 Ap 6.4870055423674797
miniFE.c 25 Ap 6.5471537477277630
miniFE.c 25 Ap 4.4883152044917889
miniFE.c 25 Ap 5.1170648089689310
miniFE.c 25 Ap -1.8501683024211939
miniFE.c 25 Ap -1.9740621327995975
miniFE.c 25 Ap 0.0575711130907961
miniFE.c 25 Ap -1.5355687784363488
miniFE.c 25 Ap -1.0860369621841963
miniFE.c 25 Ap -0.1955352738289999
miniFE.c 25 Ap -1.3107953778608394
miniFE.c 25 Ap -0.7438068587727001
miniFE.c 25 Ap -0.5757724125868630
miniFE.c 25 Ap -0.7220664311409644
miniFE.c 25 Ap 0.7790725407908192
miniFE.c 25 Ap 0.5922176233615453
miniFE.c 25 Ap 1.9993966135426553
miniFE.c 25 Ap 2.1013884607939759
miniFE.c 25 Ap -7.5181165182986831
miniFE.c 25 Ap -7.0755060804009302
miniFE.c 25 Ap -0.7383968412918254
miniFE.c 25 Ap -0.8276552138704554
miniFE.c 25 Ap 0.7236262212735203
miniFE.c 25 Ap 0.0451729770309188
miniFE.c 25 Ap 0.4256239813387664
miniFE.c 25 Ap 0.4715287194299382
miniFE.c 25 Ap 0.0796825466995386
miniFE.c 25 Ap 10.8153311035191635
miniFE.c 57 sum 0.7805476071417752
miniFE.c 57 sum 0.7925566071833892
miniFE.c 57 sum 1.8038144286782303
miniFE.c 57 sum 3.0601161336201295
miniFE.c 57 sum 3.5725192011230931
miniFE.c 57 sum 3.5625533769385882
miniFE.c 57 sum 4.5991773777491058
miniFE.c 57 sum 6.3889984343718664
miniFE.c 90 p_ap_dot 6.3889984343718664
miniFE.c 91 alpha 0.0167660588341459
miniFE.c 40 y 1.0000518299596324
miniFE.c 40 y 1.9998223553608174
miniFE.c 40 y 0.9999583685963548
miniFE.c 40 y 2.0000709440304028
miniFE.c 40 y 1.0000934072386056
miniFE.c 40 y 1.9999281226495296
miniFE.c 40 y 1.0000603881052601
miniFE.c 40 y 2.0000958585665094
miniFE.c 40 y -0.0024489698228490
miniFE.c 40 y 0.0095258196361935
miniFE.c 40 y 0.0018639562431871
miniFE.c 40 y -0.0039660511426103
miniFE.c 40 y -0.0053989514017963
miniFE.c 40 y 0.0042811759515202
miniFE.c 40 y -0.0028457864864287
miniFE.c 40 y -0.0054242282208734
miniFE.c 82 oldrtrans 0.1071183236419447
miniFE.c 48 sum 0.0000059974531932
miniFE.c 48 sum 0.0000967386929345
miniFE.c 48 sum 0.0001002130258110
miniFE.c 48 sum 0.0001159425874768
miniFE.c 48 sum 0.0001450912637158
miniFE.c 48 sum 0.0001634197312437
miniFE.c 48 sum 0.0001715182319700
miniFE.c 48 sum 0.0002009404837621
miniFE.c 83 rtrans 0.0002009404837621
miniFE.c 84 beta 0.0018758740515189
miniFE.c 40 y -0.0026651255432754
miniFE.c 40 y 0.0095017414330493
miniFE.c 40 y 0.0020995621486025
miniFE.c 40 y -0.0042356307418085
miniFE.c 40 y -0.0052111086336995
miniFE.c 40 y 0.0043063096683839
miniFE.c 40 y -0.0031206185680077
miniFE.c 40 y -0.0051137912268651
miniFE.c 87 normr 0.0141753477474848
miniFE.c 25 Ap -0.1788158254396538
miniFE.c 25 Ap -0.0354578264814507
miniFE.c 25 Ap -0.0158915596118860
miniFE.c 25 Ap -0.0739895463255942
miniFE.c 25 Ap -0.1472755035958497
miniFE.c 25 Ap -0.0781316730364103
miniFE.c 25 Ap -0.0937246301073401
miniFE.c 25 Ap -0.1264941264579390
miniFE.c 25 Ap -0.0402102148904444
miniFE.c 25 Ap 0.5910530849830650
miniFE.c 25 Ap 0.6212699204388882
miniFE.c 25 Ap 0.5960093980507990
miniFE.c 25 Ap 0.5390331685822961
miniFE.c 25 Ap 0.5805988149799094
miniFE.c 25 Ap 0.5450318457067123
miniFE.c 25 Ap 0.5094710426666326
miniFE.c 25 Ap -0.0248368726095239
miniFE.c 25 Ap 0.1119119050426787
miniFE.c 25 Ap 0.2539978628478002
miniFE.c 25 Ap 0.2132842389221575
miniFE.c 25 Ap 0.1257470980937197
miniFE.c 25 Ap 0.1954046283335006
miniFE.c 25 Ap 0.1581071824457862
miniFE.c 25 Ap 0.0949458776582667
miniFE.c 25 Ap -0.0365561678630813
miniFE.c 25 Ap 0.0201104697232011
miniFE.c 25 Ap 0.0402918285189447
miniFE.c 25 Ap -0.2367256649238967
miniFE.c 25 Ap -0.2558405950364734
miniFE.c 25 Ap -0.2081013197468329
miniFE.c 25 Ap -0.2121588509893693
miniFE.c 25 Ap -0.2363012025575538
miniFE.c 25 Ap -0.0374807532165543
miniFE.c 25 Ap 0.0664075819332479
miniFE.c 25 Ap 0.1016764048266601
miniFE.c 25 Ap 0.0861396368750636
miniFE.c 25 Ap -0.2607183197808517
miniFE.c 25 Ap -0.2413864042733750
miniFE.c 25 Ap -0.2852393959992747
miniFE.c 25 Ap -0.3046684173315699
miniFE.c 25 Ap -0.0427923217730467
miniFE.c 25 Ap 0.0489210140019664
miniFE.c 25 Ap 0.0828828804534950
miniFE.c 25 Ap 0.0359271439691880
miniFE.c 25 Ap 0.0125333986130239
miniFE.c 25 Ap 0.2987448208064342
miniFE.c 25 Ap 0.2749899264389215
miniFE.c 25 Ap 0.2574693873338660
miniFE.c 25 Ap -0.0133169713886123
miniFE.c 25 Ap 0.0949782714378382
miniFE.c 25 Ap 0.1200721122642068
miniFE.c 25 Ap 0.1145648053978930
miniFE.c 25 Ap 0.0413348675454498
miniFE.c 25 Ap 0.0741155259491989
miniFE.c 25 Ap -0.1307786721127671
miniFE.c 25 Ap -0.1444557982351178
miniFE.c 25 Ap -0.0170782923842178
miniFE.c 25 Ap 0.0489958863705466
miniFE.c 25 Ap 0.0749279353935018
miniFE.c 25 Ap 0.0549314040637633
miniFE.c 25 Ap 0.0351326410096209
miniFE.c 25 Ap 0.0498866392853094
miniFE.c 25 Ap 0.0415403670499143
miniFE.c 25 Ap -0.2902024179016994
miniFE.c 57 sum 0.0003371227274974
miniFE.c 57 sum 0.0051779848425417
miniFE.c 57 sum 0.0053773296134389
miniFE.c 57 sum 0.0063782142513180
miniFE.c 57 sum 0.0079658744712901
miniFE.c 57 sum 0.0090746173832788
miniFE.c 57 sum 0.0095254088295077
miniFE.c 57 sum 0.0110094434081884
miniFE.c 90 p_ap_dot 0.0110094434081884
miniFE.c 91 alpha 0.0182516478183331
miniFE.c 40 y 1.0000031870268249
miniFE.c 40 y 1.9999957777991144
miniFE.c 40 y 0.9999966890652637
miniFE.c 40 y 1.9999936367898148
miniFE.c 40 y 0.9999982959190803
miniFE.c 40 y 2.0000067198969935
miniFE.c 40 y 1.0000034316741815
miniFE.c 40 y 2.0000025234500201
miniFE.c 40 y -0.0001402435756510
miniFE.c 40 y 0.0002271335918032
miniFE.c 40 y 0.0001310375223659
miniFE.c 40 y 0.0003468351855188
miniFE.c 40 y 0.0001617492527085
miniFE.c 40 y -0.0004180646300996
miniFE.c 40 y -0.0002092301317251
miniFE.c 40 y -0.0001275558933028
