filename line variable value
miniFE.c 167 A 67.0947100000000063
miniFE.c 167 A 15.0875500000000002
miniFE.c 167 A 9.3192129999999995
miniFE.c 167 A 13.7164900000000003
miniFE.c 167 A 14.0634099999999993
miniFE.c 167 A 16.0564000000000000
miniFE.c 167 A 4.9967519999999999
miniFE.c 167 A 6.4080630000000003
miniFE.c 167 A 15.0875500000000002
miniFE.c 167 A 66.4365899999417877
miniFE.c 167 A 14.3919700000000006
miniFE.c 167 A 5.9638159999999996
miniFE.c 167 A 10.9336099999999998
miniFE.c 167 A 9.6522659999999991
miniFE.c 167 A 11.3974100000000007
miniFE.c 167 A 6.9539020000000002
miniFE.c 167 A 9.3192129999999995
miniFE.c 167 A 14.3919700000000006
miniFE.c 167 A 67.6740900000000067
miniFE.c 167 A 9.6121750000000006
miniFE.c 167 A 16.7981799999999986
miniFE.c 167 A 16.1756899999999995
miniFE.c 167 A 11.9519400000000005
miniFE.c 167 A 12.3511699999999998
miniFE.c 167 A 13.7164900000000003
miniFE.c 167 A 5.9638159999999996
miniFE.c 167 A 9.6121750000000006
miniFE.c 167 A 65.4017099999999942
miniFE.c 167 A 3.6681119999999998
miniFE.c 167 A 11.0858899999999991
miniFE.c 167 A 1.3002330000000000
miniFE.c 167 A 4.7210279999999996
miniFE.c 167 A 14.0634099999999993
miniFE.c 167 A 10.9336099999999998
miniFE.c 167 A 16.7981799999999986
miniFE.c 167 A 3.6681119999999998
miniFE.c 167 A 66.5612600000000043
miniFE.c 167 A 4.4892070000000004
miniFE.c 167 A 14.0526599999999995
miniFE.c 167 A 3.7993380000000001
miniFE.c 167 A 16.0564000000000000
miniFE.c 167 A 9.6522659999999991
miniFE.c 167 A 16.1756899999999995
miniFE.c 167 A 11.0858899999999991
miniFE.c 167 A 4.4892070000000004
miniFE.c 167 A 66.4632699999999943
miniFE.c 167 A 7.6122389999999998
miniFE.c 167 A 3.4261349999999999
miniFE.c 167 A 4.9967519999999999
miniFE.c 167 A 11.3974100000000007
miniFE.c 167 A 11.9519400000000005
miniFE.c 167 A 1.3002330000000000
miniFE.c 167 A 14.0526599999999995
miniFE.c 167 A 7.6122389999999998
miniFE.c 167 A 65.6581999999999937
miniFE.c 167 A 2.6745570000000001
miniFE.c 167 A 6.4080630000000003
miniFE.c 167 A 6.9539020000000002
miniFE.c 167 A 12.3511699999999998
miniFE.c 167 A 4.7210279999999996
miniFE.c 167 A 3.7993380000000001
miniFE.c 167 A 3.4261349999999999
miniFE.c 167 A 2.6745570000000001
miniFE.c 167 A 64.8721800000000002
miniFE.c 175 b 198.0110999999999990
miniFE.c 175 b 229.8237000000000023
miniFE.c 175 b 210.8053999999999917
miniFE.c 175 b 202.6418999999999926
miniFE.c 175 b 157.2561000000000035
miniFE.c 175 b 225.5886000000000138
miniFE.c 175 b 142.6283999999999992
miniFE.c 175 b 185.1795999999999935
miniFE.c 33 r 0.0000000000000000
miniFE.c 33 r 0.0000000000000000
miniFE.c 33 r 0.0000000000000000
miniFE.c 33 r 0.0000000000000000
miniFE.c 33 r 0.0000000000000000
miniFE.c 33 r 0.0000000000000000
miniFE.c 33 r 0.0000000000000000
miniFE.c 33 r 0.0000000000000000
miniFE.c 25 Ap 0.0000000000000000
miniFE.c 25 Ap 0.0000000000000000
miniFE.c 25 Ap 0.0000000000000000
miniFE.c 25 Ap 0.0000000000000000
miniFE.c 25 Ap 0.0000000000000000
miniFE.c 25 Ap 0.0000000000000000
miniFE.c 25 Ap 0.0000000000000000
miniFE.c 25 Ap 0.0000000000000000
miniFE.c 25 Ap 0.0000000000000000
miniFE.c 25 Ap 0.0000000000000000
miniFE.c 25 Ap 0.0000000000000000
miniFE.c 25 Ap 0.0000000000000000
miniFE.c 25 Ap 0.0000000000000000
miniFE.c 25 Ap 0.0000000000000000
miniFE.c 25 Ap 0.0000000000000000
miniFE.c 25 Ap 0.0000000000000000
miniFE.c 25 Ap 0.0000000000000000
miniFE.c 25 Ap 0.0000000000000000
miniFE.c 25 Ap 0.0000000000000000
miniFE.c 25 Ap 0.0000000000000000
miniFE.c 25 Ap 0.0000000000000000
miniFE.c 25 Ap 0.0000000000000000
miniFE.c 25 Ap 0.0000000000000000
miniFE.c 25 Ap 0.0000000000000000
miniFE.c 25 Ap 0.0000000000000000
miniFE.c 25 Ap 0.0000000000000000
miniFE.c 25 Ap 0.0000000000000000
miniFE.c 25 Ap 0.0000000000000000
miniFE.c 25 Ap 0.0000000000000000
miniFE.c 25 Ap 0.0000000000000000
miniFE.c 25 Ap 0.0000000000000000
miniFE.c 25 Ap 0.0000000000000000
miniFE.c 25 Ap 0.0000000000000000
miniFE.c 25 Ap 0.0000000000000000
miniFE.c 25 Ap 0.0000000000000000
miniFE.c 25 Ap 0.0000000000000000
miniFE.c 25 Ap 0.0000000000000000
miniFE.c 25 Ap 0.0000000000000000
miniFE.c 25 Ap 0.0000000000000000
miniFE.c 25 Ap 0.0000000000000000
miniFE.c 25 Ap 0.0000000000000000
miniFE.c 25 Ap 0.0000000000000000
miniFE.c 25 Ap 0.0000000000000000
miniFE.c 25 Ap 0.0000000000000000
miniFE.c 25 Ap 0.0000000000000000
miniFE.c 25 Ap 0.0000000000000000
miniFE.c 25 Ap 0.0000000000000000
miniFE.c 25 Ap 0.0000000000000000
miniFE.c 25 Ap 0.0000000000000000
miniFE.c 25 Ap 0.0000000000000000
miniFE.c 25 Ap 0.0000000000000000
miniFE.c 25 Ap 0.0000000000000000
miniFE.c 25 Ap 0.0000000000000000
miniFE.c 25 Ap 0.0000000000000000
miniFE.c 25 Ap 0.0000000000000000
miniFE.c 25 Ap 0.0000000000000000
miniFE.c 25 Ap 0.0000000000000000
miniFE.c 25 Ap 0.0000000000000000
miniFE.c 25 Ap 0.0000000000000000
miniFE.c 25 Ap 0.0000000000000000
miniFE.c 25 Ap 0.0000000000000000
miniFE.c 25 Ap 0.0000000000000000
miniFE.c 25 Ap 0.0000000000000000
miniFE.c 25 Ap 0.0000000000000000
miniFE.c 33 r 198.0110999999999990
miniFE.c 33 r 229.8237000000000023
miniFE.c 33 r 210.8053999999999917
miniFE.c 33 r 202.6418999999999926
miniFE.c 33 r 157.2561000000000035
miniFE.c 33 r 225.5886000000000138
miniFE.c 33 r 142.6283999999999992
miniFE.c 33 r 185.1795999999999935
miniFE.c 48 sum 39208.3957232100001420
miniFE.c 48 sum 92027.3288048999966122
miniFE.c 48 sum 136466.2454740600078367
miniFE.c 48 sum 177529.9851096700003836
miniFE.c 48 sum 202259.4660968800017145
miniFE.c 48 sum 253149.6825468399911188
miniFE.c 48 sum 273492.5430333999684080
miniFE.c 48 sum 307784.0272895599482581
miniFE.c 75 rtrans 307784.0272895599482581
miniFE.c 76 normr 554.7828649927464539
miniFE.c 33 r 198.0110999999999990
miniFE.c 33 r 229.8237000000000023
miniFE.c 33 r 210.8053999999999917
miniFE.c 33 r 202.6418999999999926
miniFE.c 33 r 157.2561000000000035
miniFE.c 33 r 225.5886000000000138
miniFE.c 33 r 142.6283999999999992
miniFE.c 33 r 185.1795999999999935
miniFE.c 87 normr 554.7828649927464539
miniFE.c 25 Ap 13285.4973312810016068
miniFE.c 25 Ap 16752.9738962160008668
miniFE.c 25 Ap 18717.5143203662009910
miniFE.c 25 Ap 21497.0499152972006414
miniFE.c 25 Ap 23708.6069245981998392
miniFE.c 25 Ap 27330.7477216381994367
miniFE.c 25 Ap 28043.4264645949988335
miniFE.c 25 Ap 29230.0690077097970061
miniFE.c 25 Ap 2987.5023718050001662
miniFE.c 25 Ap 18256.2053009746232419
miniFE.c 25 Ap 21290.1102936126226268
miniFE.c 25 Ap 22498.6292991030240955
miniFE.c 25 Ap 24218.0061666240253544
miniFE.c 25 Ap 26395.4473403916272218
miniFE.c 25 Ap 28021.0416928356280550
miniFE.c 25 Ap 29308.7624836348295503
miniFE.c 25 Ap 1845.3076172643000064
miniFE.c 25 Ap 5152.9234129532997031
miniFE.c 25 Ap 19418.9870250392996240
miniFE.c 25 Ap 21366.8164301717988565
miniFE.c 25 Ap 24008.4327040697971825
miniFE.c 25 Ap 27657.4839652037990163
miniFE.c 25 Ap 29362.1700442997971550
miniFE.c 25 Ap 31649.3547644317950471
miniFE.c 25 Ap 2716.0172730389999742
miniFE.c 25 Ap 4086.6435322781999275
miniFE.c 25 Ap 6112.9419280231995799
miniFE.c 25 Ap 19366.0687056721981207
miniFE.c 25 Ap 19942.9016931553996983
miniFE.c 25 Ap 22443.7520980093977414
miniFE.c 25 Ap 22629.2022504265987664
miniFE.c 25 Ap 23503.4403270553993934
miniFE.c 25 Ap 2784.7112838509997346
miniFE.c 25 Ap 5297.5139884079999320
miniFE.c 25 Ap 8838.6610425799990480
miniFE.c 25 Ap 9581.9742276727993158
miniFE.c 25 Ap 20049.1383863587980159
miniFE.c 25 Ap 21061.8523085989982064
miniFE.c 25 Ap 23066.1607201429978886
miniFE.c 25 Ap 23769.7206112477979332
miniFE.c 25 Ap 3179.3454260399998930
miniFE.c 25 Ap 5397.6649115441996400
miniFE.c 25 Ap 8807.5877122702004272
miniFE.c 25 Ap 11054.0535250612010714
miniFE.c 25 Ap 11760.0087099739012046
miniFE.c 25 Ap 26753.3647406958989450
miniFE.c 25 Ap 27839.0862096834971453
miniFE.c 25 Ap 28473.5365185294976982
miniFE.c 25 Ap 989.4123599472000024
miniFE.c 25 Ap 3608.8072965641999872
miniFE.c 25 Ap 6128.3407890401995246
miniFE.c 25 Ap 6391.8224746028990921
miniFE.c 25 Ap 8601.6889808288997301
miniFE.c 25 Ap 10318.9233197042995016
miniFE.c 25 Ap 19683.6473325842962367
miniFE.c 25 Ap 20178.9207280214977800
miniFE.c 25 Ap 1268.8676034993000030
miniFE.c 25 Ap 2867.0390905766998912
miniFE.c 25 Ap 5470.7324228946999938
miniFE.c 25 Ap 6427.4105067679001877
miniFE.c 25 Ap 7024.8795832297000743
miniFE.c 25 Ap 7797.7765812907000509
miniFE.c 25 Ap 8179.2443669095000587
miniFE.c 25 Ap 20192.2487104374995397
miniFE.c 57 sum 5787878.1172925252467394
miniFE.c 57 sum 12523726.3537026718258858
miniFE.c 57 sum 19195581.2445606216788292
miniFE.c 57 sum 23958363.0489717498421669
miniFE.c 57 sum 27696296.6103861927986145
miniFE.c 57 sum 34119601.8506501391530037
miniFE.c 57 sum 36997689.0278146788477898
miniFE.c 57 sum 40736881.5671140104532242
miniFE.c 90 p_ap_dot 40736881.5671140104532242
miniFE.c 91 alpha 0.0075554145395858
miniFE.c 40 y 1.4960559439393875
miniFE.c 40 y 1.7364133245214164
miniFE.c 40 y 1.5927221841832107
miniFE.c 40 y 1.5310435575893016
miniFE.c 40 y 1.1881350243785662
miniFE.c 40 y 1.7044153884048163
miniFE.c 40 y 1.0776166871178663
miniFE.c 40 y 1.3991086422746917
miniFE.c 40 y -22.8341883739483080
miniFE.c 40 y 8.3838497938771468
miniFE.c 40 y -28.3185951556986595
miniFE.c 40 y 25.0636652226772583
miniFE.c 40 y -22.3339927081150336
miniFE.c 40 y 10.4592281944736101
miniFE.c 40 y -9.8317110616438868
miniFE.c 40 y 32.6187905062269010
miniFE.c 82 oldrtrans 307784.0272895599482581
miniFE.c 48 sum 521.4001586969560549
miniFE.c 48 sum 591.6890960632499628
miniFE.c 48 sum 1393.6319276556096156
miniFE.c 48 sum 2021.8192420500511162
miniFE.c 48 sum 2520.6264723361864526
miniFE.c 48 sum 2630.0219267602583386
miniFE.c 48 sum 2726.6844691599089856
miniFE.c 48 sum 3790.6699632490272052
miniFE.c 83 rtrans 3790.6699632490272052
miniFE.c 84 beta 0.0123160061184163
miniFE.c 40 y -20.3954824548339673
miniFE.c 40 y 11.2143598892342169
miniFE.c 40 y -25.7223145595034666
miniFE.c 40 y 27.5594041029247592
miniFE.c 40 y -20.3972256183567495
miniFE.c 40 y 13.2375787723185763
miniFE.c 40 y -8.0750988145839599
miniFE.c 40 y 34.8994635928327810
miniFE.c 87 normr 61.5684169298596373
miniFE.c 25 Ap -1368.4289806171732380
miniFE.c 25 Ap -1199.2317650703575964
miniFE.c 25 Ap -1438.9434933033714969
miniFE.c 25 Ap -1060.9252025196451541
miniFE.c 25 Ap -1347.7797492530996806
miniFE.c 25 Ap -1135.2318894532436389
miniFE.c 25 Ap -1175.5811556052135529
miniFE.c 25 Ap -951.9431942361347865
miniFE.c 25 Ap -307.7178613114302266
miniFE.c 25 Ap 437.3259687614160498
miniFE.c 25 Ap 67.1311892904789147
miniFE.c 25 Ap 231.4904044299672421
miniFE.c 25 Ap 8.4750944368456942
miniFE.c 25 Ap 136.2477259432180290
miniFE.c 25 Ap 44.2125139628906538
miniFE.c 25 Ap 286.8999636400177451
miniFE.c 25 Ap -190.0698452343605993
miniFE.c 25 Ap -28.6731141392984341
miniFE.c 25 Ap -1769.4073446474465072
miniFE.c 25 Ap -1504.5015295144157790
miniFE.c 25 Ap -1847.1377969521836349
miniFE.c 25 Ap -1633.0108263805777824
miniFE.c 25 Ap -1729.5239229065564359
miniFE.c 25 Ap -1298.4747151626679624
miniFE.c 25 Ap -279.7544311369055663
miniFE.c 25 Ap -212.8740521997323185
miniFE.c 25 Ap -460.1214411507276054
miniFE.c 25 Ap 1342.3107137615675128
miniFE.c 25 Ap 1267.4914057041657998
miniFE.c 25 Ap 1414.2417478404245230
miniFE.c 25 Ap 1403.7422378834414758
miniFE.c 25 Ap 1568.5035826901855671
miniFE.c 25 Ap -286.8300319101365403
miniFE.c 25 Ap -164.2165944816064211
miniFE.c 25 Ap -596.3046644687663047
miniFE.c 25 Ap -495.2136835659787835
miniFE.c 25 Ap -1852.8787212280831227
miniFE.c 25 Ap -1793.4524899403390918
miniFE.c 25 Ap -1906.9291080480904839
miniFE.c 25 Ap -1774.3342498402244019
miniFE.c 25 Ap -327.4780244877961195
miniFE.c 25 Ap -219.2340398171769493
miniFE.c 25 Ap -635.3102262141915162
miniFE.c 25 Ap -329.7897038636189677
miniFE.c 25 Ap -421.3570718901254395
miniFE.c 25 Ap 458.4557002007525170
miniFE.c 25 Ap 396.9861180755227110
miniFE.c 25 Ap 516.5563917721528924
miniFE.c 25 Ap -101.9111677471565258
miniFE.c 25 Ap 25.9034897980004359
miniFE.c 25 Ap -281.5280704783114061
miniFE.c 25 Ap -245.6944238033532315
miniFE.c 25 Ap -532.3297003614104597
miniFE.c 25 Ap -431.5620869651949079
miniFE.c 25 Ap -961.7585399529114056
miniFE.c 25 Ap -868.4179353044553409
miniFE.c 25 Ap -130.6955364859707345
miniFE.c 25 Ap -52.7119768235051254
miniFE.c 25 Ap -370.4126567414075453
miniFE.c 25 Ap -240.3039383081848825
miniFE.c 25 Ap -317.7998926945811604
miniFE.c 25 Ap -272.4461607474834750
miniFE.c 25 Ap -294.0434728077207183
miniFE.c 25 Ap 1969.9608112899741172
miniFE.c 57 sum 19415.3407160416900297
miniFE.c 57 sum 22632.7401605090599332
miniFE.c 57 sum 56032.5152314848673996
miniFE.c 57 sum 99259.5393037289613858
miniFE.c 57 sum 135451.0353200977842789
miniFE.c 57 sum 142288.9912465263041668
miniFE.c 57 sum 149301.5518864667683374
miniFE.c 57 sum 218052.1274993885308504
miniFE.c 90 p_ap_dot 218052.1274993885308504
miniFE.c 91 alpha 0.0173842374606487
miniFE.c 40 y 1.1414960338200584
miniFE.c 40 y 1.9313664198050386
miniFE.c 40 y 1.1455593598432998
miniFE.c 40 y 2.0101427827885230
miniFE.c 40 y 0.8335448106906245
miniFE.c 40 y 1.9345406011868456
miniFE.c 40 y 0.9372372518069355
miniFE.c 40 y 2.0058092046217624
miniFE.c 40 y -6.2853818362988640
miniFE.c 40 y 3.3963126985075860
miniFE.c 40 y -5.7456023706625921
miniFE.c 40 y -2.2035735166872392
miniFE.c 40 y 8.5114552256694900
miniFE.c 40 y 1.4792892180905994
miniFE.c 40 y 5.2650725407750674
miniFE.c 40 y -1.6274760254102674
miniFE.c 82 oldrtrans 3790.6699632490272052
miniFE.c 48 sum 39.5060248280756809
miniFE.c 48 sum 51.0409647741195585
miniFE.c 48 sum 84.0529113758831556
miniFE.c 48 sum 88.9086476193285193
miniFE.c 48 sum 161.3535176779049891
miniFE.c 48 sum 163.5418142686640977
miniFE.c 48 sum 191.2628031282877146
miniFE.c 48 sum 193.9114813415729088
miniFE.c 83 rtrans 193.9114813415729088
miniFE.c 84 beta 0.0511549365208701
miniFE.c 40 y -7.3287114465884153
miniFE.c 40 y 3.9699825667635542
miniFE.c 40 y -7.0614257391238446
miniFE.c 40 y -0.7937739492491167
miniFE.c 40 y 7.4680364439605853
miniFE.c 40 y 2.1564567198785736
miniFE.c 40 y 4.8519913735152720
miniFE.c 40 y 0.1578038192935101
miniFE.c 87 normr 13.9252102799768487
miniFE.c 25 Ap -491.7177691825302759
miniFE.c 25 Ap -431.8204587073568064
miniFE.c 25 Ap -497.6273892539343251
miniFE.c 25 Ap -508.5151816910703246
miniFE.c 25 Ap -403.4891232847106153
miniFE.c 25 Ap -368.8641916076522875
miniFE.c 25 Ap -344.6199940080571196
miniFE.c 25 Ap -343.6087771923836840
miniFE.c 25 Ap -110.5723003859750406
miniFE.c 25 Ap 153.1798037090117077
miniFE.c 25 Ap 51.5519763143135066
miniFE.c 25 Ap 46.8180545353984385
miniFE.c 25 Ap 128.4706524794503366
miniFE.c 25 Ap 149.2853463572058104
miniFE.c 25 Ap 204.5854813576225126
miniFE.c 25 Ap 205.6828336522152938
miniFE.c 25 Ap -68.2978229862955573
miniFE.c 25 Ap -11.1619529849114869
miniFE.c 25 Ap -489.0375139826950885
miniFE.c 25 Ap -496.6674080933187270
miniFE.c 25 Ap -371.2179876611089071
miniFE.c 25 Ap -336.3358122619362689
miniFE.c 25 Ap -278.3451024851641478
miniFE.c 25 Ap -276.3960406864207471
miniFE.c 25 Ap -100.5241972700155344
miniFE.c 25 Ap -76.8479517186299859
miniFE.c 25 Ap -144.7236116725927104
miniFE.c 25 Ap -196.6377853069381558
miniFE.c 25 Ap -169.2441912104090136
miniFE.c 25 Ap -145.3379492240743502
miniFE.c 25 Ap -139.0292299245144818
miniFE.c 25 Ap -138.2842336751228913
miniFE.c 25 Ap -103.0666738450659778
miniFE.c 25 Ap -59.6604327532743142
miniFE.c 25 Ap -178.2795333757096898
miniFE.c 25 Ap -181.1911851242377622
miniFE.c 25 Ap 315.8907303116982348
miniFE.c 25 Ap 325.5715109137741479
miniFE.c 25 Ap 393.7548960087172532
miniFE.c 25 Ap 394.3544460559041909
miniFE.c 25 Ap -117.6727224710022313
miniFE.c 25 Ap -79.3533947212376489
miniFE.c 25 Ap -193.5768284353258082
miniFE.c 25 Ap -202.3765191215670995
miniFE.c 25 Ap -168.8509576410841362
miniFE.c 25 Ap -25.5257924244801586
miniFE.c 25 Ap 11.4087255366563625
miniFE.c 25 Ap 11.9493827250715334
miniFE.c 25 Ap -36.6197535781635537
miniFE.c 25 Ap 8.6277654280930491
miniFE.c 25 Ap -75.7699713203707859
miniFE.c 25 Ap -76.8020624037248183
miniFE.c 25 Ap 28.1437146108623324
miniFE.c 25 Ap 44.5591785557340856
miniFE.c 25 Ap 363.1321985562744885
miniFE.c 25 Ap 363.5542538657927025
miniFE.c 25 Ap -46.9628446585597032
miniFE.c 25 Ap -19.3559749475774900
miniFE.c 25 Ap -106.5728446938717440
miniFE.c 25 Ap -110.3202737339474027
miniFE.c 25 Ap -81.9466790870230852
miniFE.c 25 Ap -74.5583672430619089
miniFE.c 25 Ap -61.5814397510870251
miniFE.c 25 Ap -51.3443619811909713
miniFE.c 57 sum 2518.2095785580709162
miniFE.c 57 sum 3334.7668424398934803
miniFE.c 57 sum 5286.5169583349061213
miniFE.c 57 sum 5396.2833806180960892
miniFE.c 57 sum 8341.3367556014782167
miniFE.c 57 sum 8367.1050822773595428
miniFE.c 57 sum 10131.0671858389669069
miniFE.c 57 sum 10122.9648494191460486
miniFE.c 90 p_ap_dot 10122.9648494191460486
miniFE.c 91 alpha 0.0191556015679240
miniFE.c 40 y 1.0011101573429269
miniFE.c 40 y 2.0074138240855657
miniFE.c 40 y 1.0102935018831602
miniFE.c 40 y 1.9949375652817094
miniFE.c 40 y 0.9765995413058695
miniFE.c 40 y 1.9758488269113119
miniFE.c 40 y 1.0301800653689983
miniFE.c 40 y 2.0088320317100457
miniFE.c 40 y 0.2966509948400082
miniFE.c 40 y -0.5436657122958399
miniFE.c 40 y -0.4510699403218057
miniFE.c 40 y 0.4453441667191131
miniFE.c 40 y 0.9573585804832119
miniFE.c 40 y 1.2503916036264953
miniFE.c 40 y -1.6990278946019499
miniFE.c 40 y -0.6439438845393083
miniFE.c 82 oldrtrans 193.9114813415729088
miniFE.c 48 sum 0.0880018127395666
miniFE.c 48 sum 0.3835742194657096
miniFE.c 48 sum 0.5870383105276269
miniFE.c 48 sum 0.7853697373583681
miniFE.c 48 sum 1.7019051889831986
miniFE.c 48 sum 3.2653843514028371
miniFE.c 48 sum 6.1520801380383716
miniFE.c 48 sum 6.5667438644739455
miniFE.c 83 rtrans 6.5667438644739455
miniFE.c 84 beta 0.0338646469979088
miniFE.c 40 y 0.0484667687517580
miniFE.c 40 y -0.4092236540845403
miniFE.c 40 y -0.6902026302791819
miniFE.c 40 y 0.4184632921316558
miniFE.c 40 y 1.2102609984254553
miniFE.c 40 y 1.3234192492114514
miniFE.c 40 y -1.5347169195009567
miniFE.c 40 y -0.6385999139040118
miniFE.c 87 normr 2.5625658751481777
miniFE.c 25 Ap 3.2518637940362640
miniFE.c 25 Ap -2.9223185481469414
miniFE.c 25 Ap -9.3544638728788865
miniFE.c 25 Ap -3.6146163109879508
miniFE.c 25 Ap 13.4057803168785803
miniFE.c 25 Ap 34.6551291499173288
miniFE.c 25 Ap 26.9865293129670860
miniFE.c 25 Ap 22.8943408328756028
miniFE.c 25 Ap 0.7312447968805862
miniFE.c 25 Ap -26.4561793278120199
miniFE.c 25 Ap -36.3895548767111023
miniFE.c 25 Ap -33.8939167996836588
miniFE.c 25 Ap -20.6613950446891153
miniFE.c 25 Ap -7.8874004217798976
miniFE.c 25 Ap -25.3791983872692981
miniFE.c 25 Ap -29.8199596057662326
miniFE.c 25 Ap 0.4516721414193767
miniFE.c 25 Ap -5.4378624114557041
miniFE.c 25 Ap -52.1466973312057931
miniFE.c 25 Ap -48.1243549361601950
miniFE.c 25 Ap -27.7941728376296808
miniFE.c 25 Ap -6.3869533223525004
miniFE.c 25 Ap -24.7297978612127665
miniFE.c 25 Ap -32.6172539598265772
miniFE.c 25 Ap 0.6647939489158009
miniFE.c 25 Ap -1.7757406268920453
miniFE.c 25 Ap -8.4100890945958415
miniFE.c 25 Ap 18.9581257830439966
miniFE.c 25 Ap 23.3974986745003903
miniFE.c 25 Ap 38.0687788951411221
miniFE.c 25 Ap 36.0732893107476329
miniFE.c 25 Ap 33.0584412364092017
miniFE.c 25 Ap 0.6816080403311607
miniFE.c 25 Ap -3.7926837962041096
miniFE.c 25 Ap -15.3868318161072573
miniFE.c 25 Ap -13.8518615926796258
miniFE.c 25 Ap 66.7046353913766978
miniFE.c 25 Ap 72.6457383488714896
miniFE.c 25 Ap 51.0788832828771717
miniFE.c 25 Ap 48.6526263631849289
miniFE.c 25 Ap 0.7782018257857268
miniFE.c 25 Ap -3.1717337369302419
miniFE.c 25 Ap -14.3362375215109026
miniFE.c 25 Ap -9.6971994959015007
miniFE.c 25 Ap -4.2640873499429572
miniFE.c 25 Ap 83.6946835335950112
miniFE.c 25 Ap 72.0120515450099674
miniFE.c 25 Ap 69.8241220289864515
miniFE.c 25 Ap 0.2421764236938842
miniFE.c 25 Ap -4.4219133436057962
miniFE.c 25 Ap -12.6711737685447616
miniFE.c 25 Ap -12.1270739868265416
miniFE.c 25 Ap 4.8803123353069182
miniFE.c 25 Ap 14.9544959575050473
miniFE.c 25 Ap -85.8122544864726535
miniFE.c 25 Ap -87.5202263564040237
miniFE.c 25 Ap 0.3105781075676965
miniFE.c 25 Ap -2.5351230790180961
miniFE.c 25 Ap -11.0599331000434198
miniFE.c 25 Ap -9.0843561809176929
miniFE.c 25 Ap -4.4861655796819200
miniFE.c 25 Ap 0.0480474297151563
miniFE.c 25 Ap -4.0566404503545641
miniFE.c 25 Ap -45.4840090131201222
miniFE.c 57 sum 1.1096147228709121
miniFE.c 57 sum 13.3126475573959571
miniFE.c 57 sum 35.8251620329523206
miniFE.c 57 sum 49.6589061854810012
miniFE.c 57 sum 108.5412823438098258
miniFE.c 57 sum 200.9478694962598411
miniFE.c 57 sum 335.2666416839866770
miniFE.c 57 sum 364.3127259237745079
miniFE.c 90 p_ap_dot 364.3127259237745079
miniFE.c 91 alpha 0.0180250191585344
miniFE.c 40 y 1.0019837717782296
miniFE.c 40 y 2.0000375598805662
miniFE.c 40 y 0.9978525862491071
miniFE.c 40 y 2.0024803741395258
miniFE.c 40 y 0.9984145189893153
miniFE.c 40 y 1.9997034842331216
miniFE.c 40 y 1.0025167634920666
miniFE.c 40 y 1.9973212560272875
miniFE.c 40 y -0.1160199372945920
miniFE.c 40 y -0.0061603690951803
miniFE.c 40 y 0.1368566872028519
miniFE.c 40 y -0.1505348699184480
miniFE.c 40 y 0.0803940581737853
miniFE.c 40 y -0.0081895336738329
miniFE.c 40 y -0.1214741377684958
miniFE.c 40 y 0.1759062493291355
miniFE.c 82 oldrtrans 6.5667438644739455
miniFE.c 48 sum 0.0134606258498411
miniFE.c 48 sum 0.0134985759972299
miniFE.c 48 sum 0.0322283288293692
miniFE.c 48 sum 0.0548890758907332
miniFE.c 48 sum 0.0613522804803832
miniFE.c 48 sum 0.0614193489421780
miniFE.c 48 sum 0.0761753150887775
miniFE.c 48 sum 0.1071183236418215
miniFE.c 83 rtrans 0.1071183236418215
miniFE.c 84 beta 0.0163122433054426
miniFE.c 40 y -0.1152293355704847
miniFE.c 40 y -0.0128357249069496
miniFE.c 40 y 0.1255979339676815
miniFE.c 40 y -0.1437087948827999
miniFE.c 40 y 0.1001361300431892
miniFE.c 40 y 0.0133984031144105
miniFE.c 40 y -0.1465088135643748
miniFE.c 40 y 0.1654892521586985
miniFE.c 87 normr 0.3272893576666090
miniFE.c 25 Ap -7.7312788535943584
miniFE.c 25 Ap -7.9249384949142057
miniFE.c 25 Ap -6.7544645959094467
miniFE.c 25 Ap -8.7256448438314234
miniFE.c 25 Ap -7.3173893912207353
miniFE.c 25 Ap -7.1022592714545150
miniFE.c 25 Ap -7.8343274786499322
miniFE.c 25 Ap -6.7738619249941063
miniFE.c 25 Ap -1.7385283618864669
miniFE.c 25 Ap -2.5912901548815155
miniFE.c 25 Ap -0.7836884571566629
miniFE.c 25 Ap -1.6407412674194233
miniFE.c 25 Ap -0.5458918746179089
miniFE.c 25 Ap -0.4165669237823904
miniFE.c 25 Ap -2.0863879405891317
miniFE.c 25 Ap -0.9355918990242538
miniFE.c 25 Ap -1.0738467220298236
miniFE.c 25 Ap -1.2585780898188945
miniFE.c 25 Ap 7.2411477973240386
miniFE.c 25 Ap 5.8597937118714611
miniFE.c 25 Ap 7.5418984488403620
miniFE.c 25 Ap 7.7586268641141007
miniFE.c 25 Ap 6.0075623149215067
miniFE.c 25 Ap 8.0515482015064599
miniFE.c 25 Ap -1.5805420290591981
miniFE.c 25 Ap -1.6570919306308622
miniFE.c 25 Ap -0.4498226096950637
miniFE.c 25 Ap -9.8486235370694271
miniFE.c 25 Ap -9.4813129968244443
miniFE.c 25 Ap -9.3327797737224323
miniFE.c 25 Ap -9.5232753679096795
miniFE.c 25 Ap -8.7419959747694040
miniFE.c 25 Ap -1.6205173901553105
miniFE.c 25 Ap -1.7608582003551834
miniFE.c 25 Ap 0.3489585020620436
miniFE.c 25 Ap -0.1781814529530934
miniFE.c 25 Ap 6.4870055342454380
miniFE.c 25 Ap 6.5471537392954717
miniFE.c 25 Ap 4.4883151952719249
miniFE.c 25 Ap 5.1170647995900502
miniFE.c 25 Ap -1.8501683036539311
miniFE.c 25 Ap -1.9740621347586336
miniFE.c 25 Ap 0.0575711097430518
miniFE.c 25 Ap -1.5355687823602309
miniFE.c 25 Ap -1.0860369664174354
miniFE.c 25 Ap -0.1955352826555301
miniFE.c 25 Ap -1.3107953871139930
miniFE.c 25 Ap -0.7438068681692506
miniFE.c 25 Ap -0.5757724129704908
miniFE.c 25 Ap -0.7220664323822068
miniFE.c 25 Ap 0.7790725385234840
miniFE.c 25 Ap 0.5922176210266364
miniFE.c 25 Ap 1.9993966102393603
miniFE.c 25 Ap 2.1013884569645973
miniFE.c 25 Ap -7.5181165258078355
miniFE.c 25 Ap -7.0755060880220233
miniFE.c 25 Ap -0.7383968417838072
miniFE.c 25 Ap -0.8276552148856935
miniFE.c 25 Ap 0.7236262191979146
miniFE.c 25 Ap 0.0451729747099595
miniFE.c 25 Ap 0.4256239787559901
miniFE.c 25 Ap 0.4715287166103809
miniFE.c 25 Ap 0.0796825437300873
miniFE.c 25 Ap 10.8153310978345640
miniFE.c 57 sum 0.7805476088632756
miniFE.c 57 sum 0.7925566091043215
miniFE.c 57 sum 1.8038144284547342
miniFE.c 57 sum 3.0601161348591330
miniFE.c 57 sum 3.5725192010703086
miniFE.c 57 sum 3.5625533768113100
miniFE.c 57 sum 4.5991773791349271
miniFE.c 57 sum 6.3889984343642849
miniFE.c 90 p_ap_dot 6.3889984343642849
miniFE.c 91 alpha 0.0167660588341465
miniFE.c 40 y 1.0000518299586352
miniFE.c 40 y 1.9998223553615975
miniFE.c 40 y 0.9999583685994565
miniFE.c 40 y 2.0000709440295363
miniFE.c 40 y 1.0000934072370431
miniFE.c 40 y 1.9999281226480214
miniFE.c 40 y 1.0000603881041252
miniFE.c 40 y 2.0000958585653992
miniFE.c 40 y -0.0024489697257559
miniFE.c 40 y 0.0095258197286112
miniFE.c 40 y 0.0018639563504281
miniFE.c 40 y -0.0039660510775922
miniFE.c 40 y -0.0053989513142816
miniFE.c 40 y 0.0042811760391350
miniFE.c 40 y -0.0028457864153568
miniFE.c 40 y -0.0054242281679332
miniFE.c 82 oldrtrans 0.1071183236418215
miniFE.c 48 sum 0.0000059974527177
miniFE.c 48 sum 0.0000967386942197
miniFE.c 48 sum 0.0001002130274960
miniFE.c 48 sum 0.0001159425886460
miniFE.c 48 sum 0.0001450912639400
miniFE.c 48 sum 0.0001634197322181
miniFE.c 48 sum 0.0001715182325399
miniFE.c 48 sum 0.0002009404837577
miniFE.c 83 rtrans 0.0002009404837577
miniFE.c 84 beta 0.0018758740514799
miniFE.c 40 y -0.0026651254463219
miniFE.c 40 y 0.0095017415253264
miniFE.c 40 y 0.0020995622556776
miniFE.c 40 y -0.0042356306768823
miniFE.c 40 y -0.0052111085463179
miniFE.c 40 y 0.0043063097558686
miniFE.c 40 y -0.0031206184970353
miniFE.c 40 y -0.0051137911740099
miniFE.c 87 normr 0.0141753477473294
miniFE.c 25 Ap -0.1788158189345868
miniFE.c 25 Ap -0.0354578185841490
miniFE.c 25 Ap -0.0158915507167291
miniFE.c 25 Ap -0.0739895365398787
miniFE.c 25 Ap -0.1472754925812519
miniFE.c 25 Ap -0.0781316606171234
miniFE.c 25 Ap -0.0937246173334215
miniFE.c 25 Ap -0.1264941133453207
miniFE.c 25 Ap -0.0402102134276536
miniFE.c 25 Ap 0.5910530925758756
miniFE.c 25 Ap 0.6212699295727198
miniFE.c 25 Ap 0.5960094075718382
miniFE.c 25 Ap 0.5390331790587309
miniFE.c 25 Ap 0.5805988263007696
miniFE.c 25 Ap 0.5450318578364747
miniFE.c 25 Ap 0.5094710551639452
miniFE.c 25 Ap -0.0248368717059936
miniFE.c 25 Ap 0.1119119072742577
miniFE.c 25 Ap 0.2539978723255857
miniFE.c 25 Ap 0.2132842490240243
miniFE.c 25 Ap 0.1257471096634372
miniFE.c 25 Ap 0.1954046413183433
miniFE.c 25 Ap 0.1581071962788873
miniFE.c 25 Ap 0.0949458921441920
miniFE.c 25 Ap -0.0365561665332195
miniFE.c 25 Ap 0.0201104716033862
miniFE.c 25 Ap 0.0402918314283539
miniFE.c 25 Ap -0.2367256577682074
miniFE.c 25 Ap -0.2558405875602588
miniFE.c 25 Ap -0.2081013113007728
miniFE.c 25 Ap -0.2121588424510285
miniFE.c 25 Ap -0.2363011937696819
miniFE.c 25 Ap -0.0374807518530575
miniFE.c 25 Ap 0.0664075843056661
miniFE.c 25 Ap 0.1016764089977442
miniFE.c 25 Ap 0.0861396412843040
miniFE.c 25 Ap -0.2607183095553864
miniFE.c 25 Ap -0.2413863936551729
miniFE.c 25 Ap -0.2852393843837208
miniFE.c 25 Ap -0.3046684055152011
miniFE.c 25 Ap -0.0427923202163226
miniFE.c 25 Ap 0.0489210164493733
miniFE.c 25 Ap 0.0828828846329146
miniFE.c 25 Ap 0.0359271488683717
miniFE.c 25 Ap 0.0125334039044813
miniFE.c 25 Ap 0.2987448319124097
miniFE.c 25 Ap 0.2749899380851563
miniFE.c 25 Ap 0.2574693991611900
miniFE.c 25 Ap -0.0133169709041597
miniFE.c 25 Ap 0.0949782729740102
miniFE.c 25 Ap 0.1200721150801334
miniFE.c 25 Ap 0.1145648082982387
miniFE.c 25 Ap 0.0413348716737384
miniFE.c 25 Ap 0.0741155307434418
miniFE.c 25 Ap -0.1307786626586008
miniFE.c 25 Ap -0.1444557886395871
miniFE.c 25 Ap -0.0170782917629337
miniFE.c 25 Ap 0.0489958876335164
miniFE.c 25 Ap 0.0749279379789737
miniFE.c 25 Ap 0.0549314069557533
miniFE.c 25 Ap 0.0351326442336028
miniFE.c 25 Ap 0.0498866428090257
miniFE.c 25 Ap 0.0415403707634504
miniFE.c 25 Ap -0.2902024107593285
miniFE.c 57 sum 0.0003371226802865
miniFE.c 57 sum 0.0051779849610896
miniFE.c 57 sum 0.0053773297725672
miniFE.c 57 sum 0.0063782143578820
miniFE.c 57 sum 0.0079658744896553
miniFE.c 57 sum 0.0090746174751008
miniFE.c 57 sum 0.0095254088811333
miniFE.c 57 sum 0.0110094434079507
miniFE.c 90 p_ap_dot 0.0110094434079507
miniFE.c 91 alpha 0.0182516478183267
miniFE.c 40 y 1.0000031870275972
miniFE.c 40 y 1.9999957778015784
miniFE.c 40 y 0.9999966890703198
miniFE.c 40 y 1.9999936367901334
miniFE.c 40 y 0.9999982959191126
miniFE.c 40 y 2.0000067198970823
miniFE.c 40 y 1.0000034316743420
miniFE.c 40 y 2.0000025234498748
miniFE.c 40 y -0.0001402437178856
miniFE.c 40 y 0.0002271334561276
miniFE.c 40 y 0.0001310373652155
miniFE.c 40 y 0.0003468350901422
miniFE.c 40 y 0.0001617491245530
miniFE.c 40 y -0.0004180647583512
miniFE.c 40 y -0.0002092302357884
miniFE.c 40 y -0.0001275559707245
