filename line variable value
miniFE.c 167 A 67.0947100000000063
miniFE.c 167 A 15.0875500000000002
miniFE.c 167 A 9.3192129999999995
miniFE.c 167 A 13.7164900000000003
miniFE.c 167 A 14.0634099999999993
miniFE.c 167 A 16.0564000000000000
miniFE.c 167 A 4.9967519999999999
miniFE.c 167 A 6.4080630000000003
miniFE.c 167 A 15.0875500000000002
miniFE.c 167 A 66.4365899999999954
miniFE.c 167 A 14.3919700000000006
miniFE.c 167 A 5.9638159999999996
miniFE.c 167 A 10.9336099999999998
miniFE.c 167 A 9.6522659999999991
miniFE.c 167 A 11.3974100000000007
miniFE.c 167 A 6.9539020000000002
miniFE.c 167 A 9.3192129999999995
miniFE.c 167 A 14.3919700000000006
miniFE.c 167 A 67.6740900000000067
miniFE.c 167 A 9.6121750000000006
miniFE.c 167 A 16.7981799999999986
miniFE.c 167 A 16.1756899999999995
miniFE.c 167 A 11.4519400000000005
miniFE.c 167 A 12.3511699999999998
miniFE.c 167 A 13.7164900000000003
miniFE.c 167 A 5.9638159999999996
miniFE.c 167 A 9.6121750000000006
miniFE.c 167 A 65.4017099999999942
miniFE.c 167 A 3.6681119999999998
miniFE.c 167 A 11.0858899999999991
miniFE.c 167 A 1.3002330000000000
miniFE.c 167 A 4.7210279999999996
miniFE.c 167 A 14.0634099999999993
miniFE.c 167 A 10.9336099999999998
miniFE.c 167 A 16.7981799999999986
miniFE.c 167 A 3.6681119999999998
miniFE.c 167 A 66.5612600000000043
miniFE.c 167 A 4.4892070000000004
miniFE.c 167 A 14.0526599999999995
miniFE.c 167 A 3.7993380000000001
miniFE.c 167 A 16.0564000000000000
miniFE.c 167 A 9.6522659999999991
miniFE.c 167 A 16.1756899999999995
miniFE.c 167 A 11.0858899999999991
miniFE.c 167 A 4.4892070000000004
miniFE.c 167 A 66.4632699999999943
miniFE.c 167 A 7.6122389999999998
miniFE.c 167 A 3.4261349999999999
miniFE.c 167 A 4.9967519999999999
miniFE.c 167 A 11.3974100000000007
miniFE.c 167 A 11.9519400000000005
miniFE.c 167 A 1.3002330000000000
miniFE.c 167 A 14.0526599999999995
miniFE.c 167 A 7.6122389999999998
miniFE.c 167 A 65.6581999999999937
miniFE.c 167 A 2.6745570000000001
miniFE.c 167 A 6.4080630000000003
miniFE.c 167 A 6.9539020000000002
miniFE.c 167 A 12.3511699999999998
miniFE.c 167 A 4.7210279999999996
miniFE.c 167 A 3.7993380000000001
miniFE.c 167 A 3.4261349999999999
miniFE.c 167 A 2.6745570000000001
miniFE.c 167 A 64.8721800000000002
miniFE.c 175 b 198.0110999999999990
miniFE.c 175 b 229.8237000000000023
miniFE.c 175 b 210.8053999999999917
miniFE.c 175 b 202.6418999999999926
miniFE.c 175 b 157.2561000000000035
miniFE.c 175 b 225.5886000000000138
miniFE.c 175 b 142.6283999999999992
miniFE.c 175 b 185.1795999999999935
miniFE.c 33 r 0.0000000000000000
miniFE.c 33 r 0.0000000000000000
miniFE.c 33 r 0.0000000000000000
miniFE.c 33 r 0.0000000000000000
miniFE.c 33 r 0.0000000000000000
miniFE.c 33 r 0.0000000000000000
miniFE.c 33 r 0.0000000000000000
miniFE.c 33 r 0.0000000000000000
miniFE.c 25 Ap 0.0000000000000000
miniFE.c 25 Ap 0.0000000000000000
miniFE.c 25 Ap 0.0000000000000000
miniFE.c 25 Ap 0.0000000000000000
miniFE.c 25 Ap 0.0000000000000000
miniFE.c 25 Ap 0.0000000000000000
miniFE.c 25 Ap 0.0000000000000000
miniFE.c 25 Ap 0.0000000000000000
miniFE.c 25 Ap 0.0000000000000000
miniFE.c 25 Ap 0.0000000000000000
miniFE.c 25 Ap 0.0000000000000000
miniFE.c 25 Ap 0.0000000000000000
miniFE.c 25 Ap 0.0000000000000000
miniFE.c 25 Ap 0.0000000000000000
miniFE.c 25 Ap 0.0000000000000000
miniFE.c 25 Ap 0.0000000000000000
miniFE.c 25 Ap 0.0000000000000000
miniFE.c 25 Ap 0.0000000000000000
miniFE.c 25 Ap 0.0000000000000000
miniFE.c 25 Ap 0.0000000000000000
miniFE.c 25 Ap 0.0000000000000000
miniFE.c 25 Ap 0.0000000000000000
miniFE.c 25 Ap 0.0000000000000000
miniFE.c 25 Ap 0.0000000000000000
miniFE.c 25 Ap 0.0000000000000000
miniFE.c 25 Ap 0.0000000000000000
miniFE.c 25 Ap 0.0000000000000000
miniFE.c 25 Ap 0.0000000000000000
miniFE.c 25 Ap 0.0000000000000000
miniFE.c 25 Ap 0.0000000000000000
miniFE.c 25 Ap 0.0000000000000000
miniFE.c 25 Ap 0.0000000000000000
miniFE.c 25 Ap 0.0000000000000000
miniFE.c 25 Ap 0.0000000000000000
miniFE.c 25 Ap 0.0000000000000000
miniFE.c 25 Ap 0.0000000000000000
miniFE.c 25 Ap 0.0000000000000000
miniFE.c 25 Ap 0.0000000000000000
miniFE.c 25 Ap 0.0000000000000000
miniFE.c 25 Ap 0.0000000000000000
miniFE.c 25 Ap 0.0000000000000000
miniFE.c 25 Ap 0.0000000000000000
miniFE.c 25 Ap 0.0000000000000000
miniFE.c 25 Ap 0.0000000000000000
miniFE.c 25 Ap 0.0000000000000000
miniFE.c 25 Ap 0.0000000000000000
miniFE.c 25 Ap 0.0000000000000000
miniFE.c 25 Ap 0.0000000000000000
miniFE.c 25 Ap 0.0000000000000000
miniFE.c 25 Ap 0.0000000000000000
miniFE.c 25 Ap 0.0000000000000000
miniFE.c 25 Ap 0.0000000000000000
miniFE.c 25 Ap 0.0000000000000000
miniFE.c 25 Ap 0.0000000000000000
miniFE.c 25 Ap 0.0000000000000000
miniFE.c 25 Ap 0.0000000000000000
miniFE.c 25 Ap 0.0000000000000000
miniFE.c 25 Ap 0.0000000000000000
miniFE.c 25 Ap 0.0000000000000000
miniFE.c 25 Ap 0.0000000000000000
miniFE.c 25 Ap 0.0000000000000000
miniFE.c 25 Ap 0.0000000000000000
miniFE.c 25 Ap 0.0000000000000000
miniFE.c 25 Ap 0.0000000000000000
miniFE.c 33 r 198.0110999999999990
miniFE.c 33 r 229.8237000000000023
miniFE.c 33 r 210.8053999999999917
miniFE.c 33 r 202.6418999999999926
miniFE.c 33 r 157.2561000000000035
miniFE.c 33 r 225.5886000000000138
miniFE.c 33 r 142.6283999999999992
miniFE.c 33 r 185.1795999999999935
miniFE.c 48 sum 39208.3957232100001420
miniFE.c 48 sum 92027.3288048999966122
miniFE.c 48 sum 136466.2454740600078367
miniFE.c 48 sum 177529.9851096700003836
miniFE.c 48 sum 202259.4660968800017145
miniFE.c 48 sum 253149.6825468399911188
miniFE.c 48 sum 273492.5430333999684080
miniFE.c 48 sum 307784.0272895599482581
miniFE.c 75 rtrans 307784.0272895599482581
miniFE.c 76 normr 554.7828649927464539
miniFE.c 33 r 198.0110999999999990
miniFE.c 33 r 229.8237000000000023
miniFE.c 33 r 210.8053999999999917
miniFE.c 33 r 202.6418999999999926
miniFE.c 33 r 157.2561000000000035
miniFE.c 33 r 225.5886000000000138
miniFE.c 33 r 142.6283999999999992
miniFE.c 33 r 185.1795999999999935
miniFE.c 87 normr 554.7828649927464539
miniFE.c 25 Ap 13285.4973312810016068
miniFE.c 25 Ap 16752.9738962160008668
miniFE.c 25 Ap 18717.5143203662009910
miniFE.c 25 Ap 21497.0499152972006414
miniFE.c 25 Ap 23708.6069245981998392
miniFE.c 25 Ap 27330.7477216381994367
miniFE.c 25 Ap 28043.4264645949988335
miniFE.c 25 Ap 29230.0690077097970061
miniFE.c 25 Ap 2987.5023718050001662
miniFE.c 25 Ap 18256.2053009880000900
miniFE.c 25 Ap 21290.1102936259994749
miniFE.c 25 Ap 22498.6292991164009436
miniFE.c 25 Ap 24218.0061666374022025
miniFE.c 25 Ap 26395.4473404050004319
miniFE.c 25 Ap 28021.0416928490012651
miniFE.c 25 Ap 29308.7624836482027604
miniFE.c 25 Ap 1845.3076172643000064
miniFE.c 25 Ap 5152.9234129532997031
miniFE.c 25 Ap 19418.9870250392996240
miniFE.c 25 Ap 21366.8164301717988565
miniFE.c 25 Ap 24008.4327040697971825
miniFE.c 25 Ap 27657.4839652037990163
miniFE.c 25 Ap 29290.8558442998000828
miniFE.c 25 Ap 31578.0405644318016130
miniFE.c 25 Ap 2716.0172730389999742
miniFE.c 25 Ap 4086.6435322781999275
miniFE.c 25 Ap 6112.9419280231995799
miniFE.c 25 Ap 19366.0687056721981207
miniFE.c 25 Ap 19942.9016931553996983
miniFE.c 25 Ap 22443.7520980093977414
miniFE.c 25 Ap 22629.2022504265987664
miniFE.c 25 Ap 23503.4403270553993934
miniFE.c 25 Ap 2784.7112838509997346
miniFE.c 25 Ap 5297.5139884079999320
miniFE.c 25 Ap 8838.6610425799990480
miniFE.c 25 Ap 9581.9742276727993158
miniFE.c 25 Ap 20049.1383863587980159
miniFE.c 25 Ap 21061.8523085989982064
miniFE.c 25 Ap 23066.1607201429978886
miniFE.c 25 Ap 23769.7206112477979332
miniFE.c 25 Ap 3179.3454260399998930
miniFE.c 25 Ap 5397.6649115441996400
miniFE.c 25 Ap 8807.5877122702004272
miniFE.c 25 Ap 11054.0535250612010714
miniFE.c 25 Ap 11760.0087099739012046
miniFE.c 25 Ap 26753.3647406958989450
miniFE.c 25 Ap 27839.0862096834971453
miniFE.c 25 Ap 28473.5365185294976982
miniFE.c 25 Ap 989.4123599472000024
miniFE.c 25 Ap 3608.8072965641999872
miniFE.c 25 Ap 6128.3407890401995246
miniFE.c 25 Ap 6391.8224746028990921
miniFE.c 25 Ap 8601.6889808288997301
miniFE.c 25 Ap 10318.9233197042995016
miniFE.c 25 Ap 19683.6473325842962367
miniFE.c 25 Ap 20178.9207280214977800
miniFE.c 25 Ap 1268.8676034993000030
miniFE.c 25 Ap 2867.0390905766998912
miniFE.c 25 Ap 5470.7324228946999938
miniFE.c 25 Ap 6427.4105067679001877
miniFE.c 25 Ap 7024.8795832297000743
miniFE.c 25 Ap 7797.7765812907000509
miniFE.c 25 Ap 8179.2443669095000587
miniFE.c 25 Ap 20192.2487104374995397
miniFE.c 57 sum 5787878.1172925252467394
miniFE.c 57 sum 12523726.3537057451903820
miniFE.c 57 sum 19180547.8261070176959038
miniFE.c 57 sum 23943329.6305181458592415
miniFE.c 57 sum 27681263.1919325888156891
miniFE.c 57 sum 34104568.4321965351700783
miniFE.c 57 sum 36982655.6093610748648643
miniFE.c 57 sum 40721848.1486604064702988
miniFE.c 90 p_ap_dot 40721848.1486604064702988
miniFE.c 91 alpha 0.0075582037967912
miniFE.c 40 y 1.4966082478268028
miniFE.c 40 y 1.7370543619326027
miniFE.c 40 y 1.5933101746640883
miniFE.c 40 y 1.5316087779689833
miniFE.c 40 y 1.1885736520885772
miniFE.c 40 y 1.7050446130328123
miniFE.c 40 y 1.0780145144102544
miniFE.c 40 y 1.3996251558082764
miniFE.c 40 y -22.9157185545410869
miniFE.c 40 y 8.3021001168385737
miniFE.c 40 y -27.8678660893151005
miniFE.c 40 y 24.9981080823943955
miniFE.c 40 y -22.4002925725992270
miniFE.c 40 y 10.3798081775773881
miniFE.c 40 y -9.8879952616807998
miniFE.c 40 y 32.5624691310189860
miniFE.c 82 oldrtrans 307784.0272895599482581
miniFE.c 48 sum 525.1301568709386629
miniFE.c 48 sum 594.0550232209496926
miniFE.c 48 sum 1370.6729835929481851
miniFE.c 48 sum 1995.5783912920201146
miniFE.c 48 sum 2497.3514986300642704
miniFE.c 48 sum 2605.0919164333668050
miniFE.c 48 sum 2702.8643667283886316
miniFE.c 48 sum 3763.1787626369532518
miniFE.c 83 rtrans 3763.1787626369532518
miniFE.c 84 beta 0.0122266863416424
miniFE.c 40 y -20.4946989426775019
miniFE.c 40 y 11.1120824106142937
miniFE.c 40 y -25.2904145843906392
miniFE.c 40 y 27.4757470333688616
miniFE.c 40 y -20.4775715625892758
miniFE.c 40 y 13.1380092320276187
miniFE.c 40 y -8.1441225514704918
miniFE.c 40 y 34.8266020170897903
miniFE.c 87 normr 61.3447533423760163
miniFE.c 25 Ap -1375.0858820962537266
miniFE.c 25 Ap -1207.4317831219900654
miniFE.c 25 Ap -1443.1185434922329023
miniFE.c 25 Ap -1066.2477340664991061
miniFE.c 25 Ap -1354.2322187555328128
miniFE.c 25 Ap -1143.2830873224045263
miniFE.c 25 Ap -1183.9772479697098788
miniFE.c 25 Ap -960.8061881682714329
miniFE.c 25 Ap -309.2147950325939405
miniFE.c 25 Ap 429.0340681275994825
miniFE.c 25 Ap 65.0551801414869146
miniFE.c 25 Ap 228.9154799110446561
miniFE.c 25 Ap 5.0216986986029326
miniFE.c 25 Ap 131.8332585165892112
miniFE.c 25 Ap 39.0113547072339060
miniFE.c 25 Ap 281.1921321270786507
miniFE.c 25 Ap -190.9944648176864348
miniFE.c 25 Ap -31.0697081265978454
miniFE.c 25 Ap -1742.5755008479627577
miniFE.c 25 Ap -1478.4738121074904029
miniFE.c 25 Ap -1822.4597451787462887
miniFE.c 25 Ap -1609.9433806243293930
miniFE.c 25 Ap -1703.2093834364163740
miniFE.c 25 Ap -1273.0601014009976097
miniFE.c 25 Ap -281.1153331002465166
miniFE.c 25 Ap -214.8449182265064223
miniFE.c 25 Ap -457.9408090342215019
miniFE.c 25 Ap 1339.0200304755289835
miniFE.c 25 Ap 1263.9060044959364859
miniFE.c 25 Ap 1409.5525296611790509
miniFE.c 25 Ap 1398.9632727637128937
miniFE.c 25 Ap 1563.3806360312503330
miniFE.c 25 Ap -288.2253540574401995
miniFE.c 25 Ap -166.7301786919236406
miniFE.c 25 Ap -591.5631151551426683
miniFE.c 25 Ap -490.7789977530779311
miniFE.c 25 Ap -1853.7919626991890709
miniFE.c 25 Ap -1794.8127196887060109
miniFE.c 25 Ap -1909.2593049028532732
miniFE.c 25 Ap -1776.9412724484473074
miniFE.c 25 Ap -329.0710841032070562
miniFE.c 25 Ap -221.8143088620366825
miniFE.c 25 Ap -630.9042151506184837
miniFE.c 25 Ap -326.3111058708649921
miniFE.c 25 Ap -418.2391634726417351
miniFE.c 25 Ap 454.9558913781024785
miniFE.c 25 Ap 392.9608840710192794
miniFE.c 25 Ap 512.2815241728411593
miniFE.c 25 Ap -102.4069279312216878
miniFE.c 25 Ap 24.2420312563377820
miniFE.c 25 Ap -278.0274864314241086
miniFE.c 25 Ap -242.3026134389858157
miniFE.c 25 Ap -530.0669642337215919
miniFE.c 25 Ap -430.0572979753209211
miniFE.c 25 Ap -964.7857252842807156
miniFE.c 25 Ap -871.6399930732591201
miniFE.c 25 Ap -131.3313219907108191
miniFE.c 25 Ap -54.0589898913752620
miniFE.c 25 Ap -366.4251997936634098
miniFE.c 25 Ap -236.7114287282120983
miniFE.c 25 Ap -314.5126445136769462
miniFE.c 25 Ap -269.5000512535040116
miniFE.c 25 Ap -291.2819712323972681
miniFE.c 25 Ap 1967.9956236086150057
miniFE.c 57 sum 19691.4335687702732685
miniFE.c 57 sum 22816.0637141827137384
miniFE.c 57 sum 55012.2814694603293901
miniFE.c 57 sum 97967.3323419222724624
miniFE.c 57 sum 134354.7744110038038343
miniFE.c 57 sum 141085.1338049837795552
miniFE.c 57 sum 148183.8767293352866545
miniFE.c 57 sum 216722.4770841269637458
miniFE.c 90 p_ap_dot 216722.4770841269637458
miniFE.c 91 alpha 0.0173640446218053
miniFE.c 40 y 1.1407373808756851
miniFE.c 40 y 1.9300050567516869
miniFE.c 40 y 1.1541662873167742
miniFE.c 40 y 2.0086988754738342
miniFE.c 40 y 0.8330001857295661
miniFE.c 40 y 1.9331735915794297
miniFE.c 40 y 0.9365996070210701
miniFE.c 40 y 2.0043558272588773
miniFE.c 40 y -6.2322370302805794
miniFE.c 40 y 3.4194673872834134
miniFE.c 40 y -5.7623936823482182
miniFE.c 40 y -2.1485030425185592
miniFE.c 40 y 8.4545949725230720
miniFE.c 40 y 1.4845289329137525
miniFE.c 40 y 5.2472004721933185
miniFE.c 40 y -1.6098946928385161
miniFE.c 82 oldrtrans 3763.1787626369532518
miniFE.c 48 sum 38.8407784016004953
miniFE.c 48 sum 50.5335356142953458
miniFE.c 48 sum 83.7387165646620133
miniFE.c 48 sum 88.3547818883735232
miniFE.c 48 sum 159.8349580377859240
miniFE.c 48 sum 162.0387841904439767
miniFE.c 48 sum 189.5718969858297669
miniFE.c 48 sum 192.1636579078593741
miniFE.c 83 rtrans 192.1636579078593741
miniFE.c 84 beta 0.0510641853679057
miniFE.c 40 y -7.2787821361488838
miniFE.c 40 y 3.9868968233224660
miniFE.c 40 y -7.0538281007167276
miniFE.c 40 y -0.7454764028849266
miniFE.c 40 y 7.4089244623664587
miniFE.c 40 y 2.1554106717032671
miniFE.c 40 y 4.8313274885660880
miniFE.c 40 y 0.1684973682964355
miniFE.c 87 normr 13.8623106987204476
miniFE.c 25 Ap -488.3677765780899449
miniFE.c 25 Ap -428.2152714113710772
miniFE.c 25 Ap -493.9513979473356926
miniFE.c 25 Ap -504.1767175727427457
miniFE.c 25 Ap -399.9819751994537000
miniFE.c 25 Ap -365.3738392903173917
miniFE.c 25 Ap -341.2328939991697894
miniFE.c 25 Ap -340.1531522477920362
miniFE.c 25 Ap -109.8189894182530963
miniFE.c 25 Ap 155.0568402051240184
miniFE.c 25 Ap 53.5383577944518976
miniFE.c 25 Ap 49.0924736953043279
miniFE.c 25 Ap 130.0987642862788505
miniFE.c 25 Ap 150.9033614287974672
miniFE.c 25 Ap 205.9679816602554752
miniFE.c 25 Ap 207.1396958466467879
miniFE.c 25 Ap -67.8325211073664462
miniFE.c 25 Ap -10.4532216330142163
miniFE.c 25 Ap -487.8146193654471290
miniFE.c 25 Ap -494.9802690083475341
miniFE.c 25 Ap -370.5238222831125654
miniFE.c 25 Ap -335.6585674349487363
miniFE.c 25 Ap -280.3304949155391910
miniFE.c 25 Ap -278.2493552751573134
miniFE.c 25 Ap -99.8393423826648103
miniFE.c 25 Ap -76.0622233173851185
miniFE.c 25 Ap -143.8648534413919151
miniFE.c 25 Ap -192.6202849547150322
miniFE.c 25 Ap -165.4435202272150889
miniFE.c 25 Ap -141.5488746158865752
miniFE.c 25 Ap -135.2670231814458361
miniFE.c 25 Ap -134.4715423877920557
miniFE.c 25 Ap -102.3644974813375654
miniFE.c 25 Ap -58.7733225048908210
miniFE.c 25 Ap -177.2647966297885205
miniFE.c 25 Ap -179.9992875689275422
miniFE.c 25 Ap 313.1480598910065964
miniFE.c 25 Ap 322.8241445662915794
miniFE.c 25 Ap 390.7171471117646888
miniFE.c 25 Ap 391.3573255660333530
miniFE.c 25 Ap -116.8710374908609424
miniFE.c 25 Ap -78.3884488375975081
miniFE.c 25 Ap -192.4889855080800771
miniFE.c 25 Ap -200.7532549080580679
miniFE.c 25 Ap -167.4930593491313289
miniFE.c 25 Ap -24.2374179148357314
miniFE.c 25 Ap 12.5398016153990994
miniFE.c 25 Ap 13.1170963463274077
miniFE.c 25 Ap -36.3702691963662090
miniFE.c 25 Ap 9.0700285267375023
miniFE.c 25 Ap -75.2369017033427809
miniFE.c 25 Ap -76.2061947230950523
miniFE.c 25 Ap 27.9089017122235816
miniFE.c 25 Ap 44.3164028883793861
miniFE.c 25 Ap 361.5326693981492667
miniFE.c 25 Ap 361.9833252140080617
miniFE.c 25 Ap -46.6428944917166248
miniFE.c 25 Ap -18.9184046982208827
miniFE.c 25 Ap -106.0414347209503063
miniFE.c 25 Ap -109.5608496923093185
miniFE.c 25 Ap -81.4118414433108626
miniFE.c 25 Ap -74.0271135016147923
miniFE.c 25 Ap -61.1054527477779459
miniFE.c 25 Ap -50.1746611421252879
miniFE.c 57 sum 2475.9006881359600811
miniFE.c 57 sum 3301.7452834909381636
miniFE.c 57 sum 5264.4684047371547422
miniFE.c 57 sum 5364.7137664467936702
miniFE.c 57 sum 8264.2506293592923612
miniFE.c 57 sum 8292.5233588059272734
miniFE.c 57 sum 10041.3833483149228414
miniFE.c 57 sum 10032.9290499573089619
miniFE.c 90 p_ap_dot 10032.9290499573089619
miniFE.c 91 alpha 0.0191532958073372
miniFE.c 40 y 1.0013247135048635
miniFE.c 40 y 2.0063672709621154
miniFE.c 40 y 1.0190622311296389
miniFE.c 40 y 1.9944205454119894
miniFE.c 40 y 0.9749055075714880
miniFE.c 40 y 1.9744568097608539
miniFE.c 40 y 1.0291354515516962
miniFE.c 40 y 2.0075831071966168
miniFE.c 40 y 0.2828169145196036
miniFE.c 40 y -0.5479404807092791
miniFE.c 40 y -0.4330014725622560
miniFE.c 40 y 0.4270701865037112
miniFE.c 40 y 0.9588123495884480
miniFE.c 40 y 1.2332933064592011
miniFE.c 40 y -1.6859732329541366
miniFE.c 40 y -0.6488845659504807
miniFE.c 82 oldrtrans 192.1636579078593741
miniFE.c 48 sum 0.0799854071383887
miniFE.c 48 sum 0.3802241775383047
miniFE.c 48 sum 0.5677144527793868
miniFE.c 48 sum 0.7501033969797015
miniFE.c 48 sum 1.6694245187030217
miniFE.c 48 sum 3.1904368984600904
miniFE.c 48 sum 6.0329426406979136
miniFE.c 48 sum 6.4539938206266569
miniFE.c 83 rtrans 6.4539938206266569
miniFE.c 84 beta 0.0335859230142324
miniFE.c 40 y 0.0383522980575371
miniFE.c 40 y -0.4140368709354831
miniFE.c 40 y -0.6699108001085572
miniFE.c 40 y 0.4020326734274912
miniFE.c 40 y 1.2076479161997511
miniFE.c 40 y 1.3056847633430819
miniFE.c 40 y -1.5237086398666111
miniFE.c 40 y -0.6432254263107758
miniFE.c 87 normr 2.5404711808297802
miniFE.c 25 Ap 2.5732363160040128
miniFE.c 25 Ap -3.6735656760786348
miniFE.c 25 Ap -9.9166071132907021
miniFE.c 25 Ap -4.4021299685492536
miniFE.c 25 Ap 12.5815178126134875
miniFE.c 25 Ap 33.5461146467553490
miniFE.c 25 Ap 25.9325204530845816
miniFE.c 25 Ap 21.8106913980832715
miniFE.c 25 Ap 0.5786422145579934
miniFE.c 25 Ap -26.9285556246656093
miniFE.c 25 Ap -36.5698917625039641
miniFE.c 25 Ap -34.1722428721943174
miniFE.c 25 Ap -20.9682915391535545
miniFE.c 25 Ap -8.3654748912190797
miniFE.c 25 Ap -25.7318069803211920
miniFE.c 25 Ap -30.2047335587945476
miniFE.c 25 Ap 0.3574132346376742
miniFE.c 25 Ap -5.6013929907596705
miniFE.c 25 Ap -50.9369967692781813
miniFE.c 25 Ap -47.0725883565752881
miniFE.c 25 Ap -26.7863012836269547
miniFE.c 25 Ap -5.6659493140658981
miniFE.c 25 Ap -23.1153692352999371
miniFE.c 25 Ap -31.0599558239868010
miniFE.c 25 Ap 0.5260589127832266
miniFE.c 25 Ap -1.9431808026917419
miniFE.c 25 Ap -8.3824806477252132
miniFE.c 25 Ap 17.9111436703042664
miniFE.c 25 Ap 22.3409314834915662
miniFE.c 25 Ap 36.8156091445890041
miniFE.c 25 Ap 34.8344328886493173
miniFE.c 25 Ap 31.7977476407242072
miniFE.c 25 Ap 0.5393640920253473
miniFE.c 25 Ap -3.9875535804035600
miniFE.c 25 Ap -15.2408357845711215
miniFE.c 25 Ap -13.7661349107796607
miniFE.c 25 Ap 66.6164320278501947
miniFE.c 25 Ap 72.4779212072432983
miniFE.c 25 Ap 51.0657617521353728
miniFE.c 25 Ap 48.6219309473866446
miniFE.c 25 Ap 0.6157998385310381
miniFE.c 25 Ap -3.3805941735459131
miniFE.c 25 Ap -14.2168636037539002
miniFE.c 25 Ap -9.7599736097308103
miniFE.c 25 Ap -4.3385921307914739
miniFE.c 25 Ap 82.4414868301658856
miniFE.c 25 Ap 70.8426524971363136
miniFE.c 25 Ap 68.6388753511630370
miniFE.c 25 Ap 0.1916369220235944
miniFE.c 25 Ap -4.5273110511451904
miniFE.c 25 Ap -12.5340447393946590
miniFE.c 25 Ap -12.0113085903260117
miniFE.c 25 Ap 4.9593569757375828
miniFE.c 25 Ap 14.8985414529635616
miniFE.c 25 Ap -85.1454251651263547
miniFE.c 25 Ap -86.8657682316438269
miniFE.c 25 Ap 0.2457639421474752
miniFE.c 25 Ap -2.6334078827245224
miniFE.c 25 Ap -10.9075900597013309
miniFE.c 25 Ap -9.0095825515352885
miniFE.c 25 Ap -4.4213199328967585
miniFE.c 25 Ap 0.0521323337596913
miniFE.c 25 Ap -4.0231132749560325
miniFE.c 25 Ap -45.7505489111654171
miniFE.c 57 sum 0.8364901373402495
miniFE.c 57 sum 13.3423635074635207
miniFE.c 57 sum 34.1497633648469616
miniFE.c 57 sum 46.9334968578200176
miniFE.c 57 sum 105.6516704480396811
miniFE.c 57 sum 195.2724041670582835
miniFE.c 57 sum 327.6305257302645941
miniFE.c 57 sum 357.0584420576009848
miniFE.c 90 p_ap_dot 357.0584420576009848
miniFE.c 91 alpha 0.0180754550527767
miniFE.c 40 y 1.0020179487445733
miniFE.c 40 y 1.9988833661113288
miniFE.c 40 y 1.0069532885729069
miniFE.c 40 y 2.0016874689302759
miniFE.c 40 y 0.9967342932003360
miniFE.c 40 y 1.9980576560137573
miniFE.c 40 y 1.0015937245182596
miniFE.c 40 y 1.9959565149145333
miniFE.c 40 y -0.1114212575164350
miniFE.c 40 y -0.0019761768861909
miniFE.c 40 y 0.1284213628754488
miniFE.c 40 y -0.1476885717557370
miniFE.c 40 y 0.0799488221697461
miniFE.c 40 y -0.0073855998238921
miniFE.c 40 y -0.1158349436581365
miniFE.c 40 y 0.1780774245331539
miniFE.c 82 oldrtrans 6.4539938206266569
miniFE.c 48 sum 0.0124146966265437
miniFE.c 48 sum 0.0124186019016292
miniFE.c 48 sum 0.0289106483444169
miniFE.c 48 sum 0.0507225625716664
miniFE.c 48 sum 0.0571143767379961
miniFE.c 48 sum 0.0571689238227548
miniFE.c 48 sum 0.0705866579950384
miniFE.c 48 sum 0.1022982271233996
miniFE.c 83 rtrans 0.1022982271233996
miniFE.c 84 beta 0.0158503757466360
miniFE.c 40 y -0.1108133591814761
miniFE.c 40 y -0.0085388168634797
miniFE.c 40 y 0.1178030249769986
miniFE.c 40 y -0.1413162028194867
miniFE.c 40 y 0.0990904954111542
miniFE.c 40 y 0.0133099942817533
miniFE.c 40 y -0.1399862981284180
miniFE.c 40 y 0.1678820598363379
miniFE.c 87 normr 0.3198409403491047
miniFE.c 25 Ap -7.4349901984069744
miniFE.c 25 Ap -7.5638200247755680
miniFE.c 25 Ap -6.4659885429705977
miniFE.c 25 Ap -8.4043508257820587
miniFE.c 25 Ap -7.0108005617118794
miniFE.c 25 Ap -6.7970899695263354
miniFE.c 25 Ap -7.4965667846721047
miniFE.c 25 Ap -6.4207679686710817
miniFE.c 25 Ap -1.6719020973184791
miniFE.c 25 Ap -2.2391919723625691
miniFE.c 25 Ap -0.5437743709843545
miniFE.c 25 Ap -1.3865582024184542
miniFE.c 25 Ap -0.3031413708861050
miniFE.c 25 Ap -0.1746697656201432
miniFE.c 25 Ap -1.7701509997719560
miniFE.c 25 Ap -0.6027156081119258
miniFE.c 25 Ap -1.0326932974576810
miniFE.c 25 Ap -1.1555836935923756
miniFE.c 25 Ap 6.8166288209732766
miniFE.c 25 Ap 5.4582727491368770
miniFE.c 25 Ap 7.1228127273426178
miniFE.c 25 Ap 7.3381110687460316
miniFE.c 25 Ap 5.7349963817572762
miniFE.c 25 Ap 7.8085362427460581
miniFE.c 25 Ap -1.5199703330791245
miniFE.c 25 Ap -1.5708942657106149
miniFE.c 25 Ap -0.4385509741023332
miniFE.c 25 Ap -9.6808722892035810
miniFE.c 25 Ap -9.3173972538999816
miniFE.c 25 Ap -9.1698441213918347
miniFE.c 25 Ap -9.3518589257662423
miniFE.c 25 Ap -8.5592830205812156
miniFE.c 25 Ap -1.5584137036463621
miniFE.c 25 Ap -1.6517737970930728
miniFE.c 25 Ap 0.3271026210150454
miniFE.c 25 Ap -0.1912610383415475
miniFE.c 25 Ap 6.4043271902490915
miniFE.c 25 Ap 6.4640785097486981
miniFE.c 25 Ap 4.4968986574914034
miniFE.c 25 Ap 5.1347393469458762
miniFE.c 25 Ap -1.7792636203614522
miniFE.c 25 Ap -1.8616825520530444
miniFE.c 25 Ap 0.0438626610371420
miniFE.c 25 Ap -1.5227532186373771
miniFE.c 25 Ap -1.0779154730041560
miniFE.c 25 Ap -0.1932897293575304
miniFE.c 25 Ap -1.2588988874363010
miniFE.c 25 Ap -0.6837122863589292
miniFE.c 25 Ap -0.5537068741167588
miniFE.c 25 Ap -0.6510272708247515
miniFE.c 25 Ap 0.7569474155188372
miniFE.c 25 Ap 0.5732034251782475
miniFE.c 25 Ap 1.9656884664227570
miniFE.c 25 Ap 2.0670073239840963
miniFE.c 25 Ap -7.1242410357911972
miniFE.c 25 Ap -6.6752308974815007
miniFE.c 25 Ap -0.7100989868765271
miniFE.c 25 Ap -0.7694770825411126
miniFE.c 25 Ap 0.6855281054640432
miniFE.c 25 Ap 0.0183703550995677
miniFE.c 25 Ap 0.3948486397539914
miniFE.c 25 Ap 0.4404504770125062
miniFE.c 25 Ap 0.0660491434490589
miniFE.c 25 Ap 10.9569243479227438
miniFE.c 57 sum 0.7115068671332649
miniFE.c 57 sum 0.7166533453316936
miniFE.c 57 sum 1.6365225353697062
miniFE.c 57 sum 2.8460879106955499
miniFE.c 57 sum 3.3548917763915629
miniFE.c 57 sum 3.3457915697697609
miniFE.c 57 sum 4.2802324322606333
miniFE.c 57 sum 6.1197034612608272
miniFE.c 90 p_ap_dot 6.1197034612608272
miniFE.c 91 alpha 0.0167162065565712
miniFE.c 40 y 1.0001655697432683
miniFE.c 40 y 1.9987406294848902
miniFE.c 40 y 1.0089225082714113
miniFE.c 40 y 1.9993251980941551
miniFE.c 40 y 0.9983907103894218
miniFE.c 40 y 1.9982801486274377
miniFE.c 40 y 0.9992536846436552
miniFE.c 40 y 1.9987628661039001
miniFE.c 40 y -0.0040903739003133
miniFE.c 40 y 0.0080989417138775
miniFE.c 40 y -0.0021077418627665
miniFE.c 40 y -0.0046098288075490
miniFE.c 40 y -0.0058845413679546
miniFE.c 40 y 0.0040434759801493
miniFE.c 40 y -0.0042504051630298
miniFE.c 40 y -0.0050807860914466
miniFE.c 82 oldrtrans 0.1022982271233996
miniFE.c 48 sum 0.0000167311586444
miniFE.c 48 sum 0.0000823240155291
miniFE.c 48 sum 0.0000867665912892
miniFE.c 48 sum 0.0001080171129241
miniFE.c 48 sum 0.0001426449400353
miniFE.c 48 sum 0.0001589946380373
miniFE.c 48 sum 0.0001770605820872
miniFE.c 48 sum 0.0002028749693943
miniFE.c 83 rtrans 0.0002028749693943
miniFE.c 84 beta 0.0019831718994461
miniFE.c 40 y -0.0043101358403252
miniFE.c 40 y 0.0080820077722193
miniFE.c 40 y -0.0018741182139624
miniFE.c 40 y -0.0048900831299170
miniFE.c 40 y -0.0056880278819530
miniFE.c 40 y 0.0040698719867907
miniFE.c 40 y -0.0045280220557855
miniFE.c 40 y -0.0047478471079581
miniFE.c 87 normr 0.0142434184588629
miniFE.c 25 Ap -0.2891873142672258
miniFE.c 25 Ap -0.1672496179034786
miniFE.c 25 Ap -0.1847149247265734
miniFE.c 25 Ap -0.2517897010772484
miniFE.c 25 Ap -0.3317827692725849
miniFE.c 25 Ap -0.2664352767038791
miniFE.c 25 Ap -0.2890606799671694
miniFE.c 25 Ap -0.3194851833493327
miniFE.c 25 Ap -0.0650293899976985
miniFE.c 25 Ap 0.4719116467420481
miniFE.c 25 Ap 0.4449393936302480
miniFE.c 25 Ap 0.4157758376187191
miniFE.c 25 Ap 0.3535851590883191
miniFE.c 25 Ap 0.3928686460907712
miniFE.c 25 Ap 0.3412609222319408
miniFE.c 25 Ap 0.3082448587322169
miniFE.c 25 Ap -0.0401670739549245
miniFE.c 25 Ap 0.0761489394426224
miniFE.c 25 Ap -0.0506803052397062
miniFE.c 25 Ap -0.0976846400490159
miniFE.c 25 Ap -0.1932331562550810
miniFE.c 25 Ap -0.1274001686570709
miniFE.c 25 Ap -0.1792548055586032
miniFE.c 25 Ap -0.2378962723230019
miniFE.c 25 Ap -0.0591199351524622
miniFE.c 25 Ap -0.0109203278883765
miniFE.c 25 Ap -0.0289346801316702
miniFE.c 25 Ap -0.3487544788703927
miniFE.c 25 Ap -0.3696188022005191
miniFE.c 25 Ap -0.3245006490408762
miniFE.c 25 Ap -0.3303881327425363
miniFE.c 25 Ap -0.3528028518789255
miniFE.c 25 Ap -0.0606152074781878
miniFE.c 25 Ap 0.0277503135202267
miniFE.c 25 Ap -0.0037314615791916
miniFE.c 25 Ap -0.0216688341890377
miniFE.c 25 Ap -0.4002711369269598
miniFE.c 25 Ap -0.3820006391147552
miniFE.c 25 Ap -0.4456313935372100
miniFE.c 25 Ap -0.4636700694726653
miniFE.c 25 Ap -0.0692052651065976
miniFE.c 25 Ap 0.0088044237249305
miniFE.c 25 Ap -0.0215107315274785
miniFE.c 25 Ap -0.0757216551965938
miniFE.c 25 Ap -0.1012563897804524
miniFE.c 25 Ap 0.1692406109430528
miniFE.c 25 Ap 0.1347722248571421
miniFE.c 25 Ap 0.1185054597059182
miniFE.c 25 Ap -0.0215366798804166
miniFE.c 25 Ap 0.0705772763227533
miniFE.c 25 Ap 0.0481779278765679
miniFE.c 25 Ap 0.0418196804183065
miniFE.c 25 Ap -0.0381122414772989
miniFE.c 25 Ap -0.0071314032144435
miniFE.c 25 Ap -0.3044331809576197
miniFE.c 25 Ap -0.3171315686751388
miniFE.c 25 Ap -0.0276196220033618
miniFE.c 25 Ap 0.0285818680078895
miniFE.c 25 Ap 0.0054343153471439
miniFE.c 25 Ap -0.0176519040315218
miniFE.c 25 Ap -0.0392626445084853
miniFE.c 25 Ap -0.0253187136490222
miniFE.c 25 Ap -0.0374291667344778
miniFE.c 25 Ap -0.3454323589344142
miniFE.c 57 sum 0.0013770245392068
miniFE.c 57 sum 0.0038682618832272
miniFE.c 57 sum 0.0043141076202215
miniFE.c 57 sum 0.0060393428943813
miniFE.c 57 sum 0.0086767111775689
miniFE.c 57 sum 0.0091590132283077
miniFE.c 57 sum 0.0105949919658546
miniFE.c 57 sum 0.0122350519922165
miniFE.c 90 p_ap_dot 0.0122350519922165
miniFE.c 91 alpha 0.0165814554383044
miniFE.c 40 y 1.0000941014178990
miniFE.c 40 y 1.9988746409366172
miniFE.c 40 y 1.0088914326637604
miniFE.c 40 y 1.9992441133986467
miniFE.c 40 y 0.9982963946085655
miniFE.c 40 y 1.9983476330284262
miniFE.c 40 y 0.9991786034477135
miniFE.c 40 y 1.9986841398886517
miniFE.c 40 y 0.0012071554305922
miniFE.c 40 y 0.0029877933247228
miniFE.c 40 y 0.0018369245756961
miniFE.c 40 y 0.0012401559593882
miniFE.c 40 y 0.0018037832270819
miniFE.c 40 y 0.0020784829808399
miniFE.c 40 y 0.0010080978110366
miniFE.c 40 y 0.0006469851751727
