filename line variable value
miniFE.c 167 A 67.0947100000000063
miniFE.c 167 A 15.0875500000000002
miniFE.c 167 A 9.3192129999999995
miniFE.c 167 A 13.7164900000000003
miniFE.c 167 A 14.0634099999999993
miniFE.c 167 A 16.0564000000000000
miniFE.c 167 A 4.9967519999999999
miniFE.c 167 A 6.4080630000000003
miniFE.c 167 A 15.0875500000000002
miniFE.c 167 A 66.4365899999999954
miniFE.c 167 A 14.3919700000000006
miniFE.c 167 A 5.9638159999999996
miniFE.c 167 A 10.9336099999999998
miniFE.c 167 A 9.6522659999999991
miniFE.c 167 A 11.3974100000000007
miniFE.c 167 A 6.9539020000000002
miniFE.c 167 A 9.3192129999999995
miniFE.c 167 A 14.3919700000000006
miniFE.c 167 A 67.6740900000000067
miniFE.c 167 A 9.6121750000000006
miniFE.c 167 A 16.7981799999999986
miniFE.c 167 A 16.1756899999999995
miniFE.c 167 A 11.9519400000000005
miniFE.c 167 A 12.3511699999999998
miniFE.c 167 A 13.7164900000000003
miniFE.c 167 A 5.9638159999999996
miniFE.c 167 A 9.6121750000000006
miniFE.c 167 A 65.4017099999999942
miniFE.c 167 A 3.6681119999999998
miniFE.c 167 A 11.0858899999999991
miniFE.c 167 A 1.3002330000000000
miniFE.c 167 A 4.7210279999999996
miniFE.c 167 A 14.0634099999999993
miniFE.c 167 A 10.9336099999999998
miniFE.c 167 A 16.7981799999999986
miniFE.c 167 A 3.6681119999999998
miniFE.c 167 A 66.5612600000000043
miniFE.c 167 A 4.4892070000000004
miniFE.c 167 A 14.0526599999999995
miniFE.c 167 A 3.7993380000000001
miniFE.c 167 A 16.0564000000000000
miniFE.c 167 A 9.6522659999999991
miniFE.c 167 A 16.1756899999999995
miniFE.c 167 A 11.0858899999999991
miniFE.c 167 A 4.4892070000000004
miniFE.c 167 A 66.4632699999999943
miniFE.c 167 A 7.6122389999999998
miniFE.c 167 A 3.4261349999999999
miniFE.c 167 A 4.9967519999999999
miniFE.c 167 A 11.3974100000000007
miniFE.c 167 A 11.9519400000000005
miniFE.c 167 A 1.3002330000000000
miniFE.c 167 A 14.0526599999999995
miniFE.c 167 A 7.6122389999999998
miniFE.c 167 A 65.6581999999999937
miniFE.c 167 A 2.6745570000000001
miniFE.c 167 A 6.4080630000000003
miniFE.c 167 A 6.9539020000000002
miniFE.c 167 A 12.3511699999999998
miniFE.c 167 A 4.7210279999999996
miniFE.c 167 A 3.7993380000000001
miniFE.c 167 A 3.4261349999999999
miniFE.c 167 A 2.6745570000000001
miniFE.c 167 A 64.8721800000000002
miniFE.c 175 b 198.0110999999999990
miniFE.c 175 b 229.8237000000000023
miniFE.c 175 b 210.8053999999999917
miniFE.c 175 b 202.6418999999999926
miniFE.c 175 b 157.2561000000000035
miniFE.c 175 b 225.5886000000000138
miniFE.c 175 b 142.6283999999999992
miniFE.c 175 b 185.1795999999999935
miniFE.c 33 r 0.0000000000000000
miniFE.c 33 r 0.0000000000000000
miniFE.c 33 r 0.0000000000000000
miniFE.c 33 r 0.0000000000000000
miniFE.c 33 r 0.0000000000000000
miniFE.c 33 r 0.0000000000000000
miniFE.c 33 r 0.0000000000000000
miniFE.c 33 r 0.0000000000000000
miniFE.c 25 Ap 0.0000000000000000
miniFE.c 25 Ap 0.0000000000000000
miniFE.c 25 Ap 0.0000000000000000
miniFE.c 25 Ap 0.0000000000000000
miniFE.c 25 Ap 0.0000000000000000
miniFE.c 25 Ap 0.0000000000000000
miniFE.c 25 Ap 0.0000000000000000
miniFE.c 25 Ap 0.0000000000000000
miniFE.c 25 Ap 0.0000000000000000
miniFE.c 25 Ap 0.0000000000000000
miniFE.c 25 Ap 0.0000000000000000
miniFE.c 25 Ap 0.0000000000000000
miniFE.c 25 Ap 0.0000000000000000
miniFE.c 25 Ap 0.0000000000000000
miniFE.c 25 Ap 0.0000000000000000
miniFE.c 25 Ap 0.0000000000000000
miniFE.c 25 Ap 0.0000000000000000
miniFE.c 25 Ap 0.0000000000000000
miniFE.c 25 Ap 0.0000000000000000
miniFE.c 25 Ap 0.0000000000000000
miniFE.c 25 Ap 0.0000000000000000
miniFE.c 25 Ap 0.0000000000000000
miniFE.c 25 Ap 0.0000000000000000
miniFE.c 25 Ap 0.0000000000000000
miniFE.c 25 Ap 0.0000000000000000
miniFE.c 25 Ap 0.0000000000000000
miniFE.c 25 Ap 0.0000000000000000
miniFE.c 25 Ap 0.0000000000000000
miniFE.c 25 Ap 0.0000000000000000
miniFE.c 25 Ap 0.0000000000000000
miniFE.c 25 Ap 0.0000000000000000
miniFE.c 25 Ap 0.0000000000000000
miniFE.c 25 Ap 0.0000000000000000
miniFE.c 25 Ap 0.0000000000000000
miniFE.c 25 Ap 0.0000000000000000
miniFE.c 25 Ap 0.0000000000000000
miniFE.c 25 Ap 0.0000000000000000
miniFE.c 25 Ap 0.0000000000000000
miniFE.c 25 Ap 0.0000000000000000
miniFE.c 25 Ap 0.0000000000000000
miniFE.c 25 Ap 0.0000000000000000
miniFE.c 25 Ap 0.0000000000000000
miniFE.c 25 Ap 0.0000000000000000
miniFE.c 25 Ap 0.0000000000000000
miniFE.c 25 Ap 0.0000000000000000
miniFE.c 25 Ap 0.0000000000000000
miniFE.c 25 Ap 0.0000000000000000
miniFE.c 25 Ap 0.0000000000000000
miniFE.c 25 Ap 0.0000000000000000
miniFE.c 25 Ap 0.0000000000000000
miniFE.c 25 Ap 0.0000000000000000
miniFE.c 25 Ap 0.0000000000000000
miniFE.c 25 Ap 0.0000000000000000
miniFE.c 25 Ap 0.0000000000000000
miniFE.c 25 Ap 0.0000000000000000
miniFE.c 25 Ap 0.0000000000000000
miniFE.c 25 Ap 0.0000000000000000
miniFE.c 25 Ap 0.0000000000000000
miniFE.c 25 Ap 0.0000000000000000
miniFE.c 25 Ap 0.0000000000000000
miniFE.c 25 Ap 0.0000000000000000
miniFE.c 25 Ap 0.0000000000000000
miniFE.c 25 Ap 0.0000000000000000
miniFE.c 25 Ap 0.0000000000000000
miniFE.c 33 r 198.0110999999999990
miniFE.c 33 r 229.8237000000000023
miniFE.c 33 r 210.8053999999999917
miniFE.c 33 r 202.6418999999999926
miniFE.c 33 r 157.2561000000000035
miniFE.c 33 r 225.5886000000000138
miniFE.c 33 r 142.6283999999999992
miniFE.c 33 r 185.1795999999999935
miniFE.c 48 sum 39208.3957232100001420
miniFE.c 48 sum 92027.3288048999966122
miniFE.c 48 sum 136466.2454740600078367
miniFE.c 48 sum 177529.9851096700003836
miniFE.c 48 sum 202259.4660968800017145
miniFE.c 48 sum 253149.6825468399911188
miniFE.c 48 sum 273492.5430333999684080
miniFE.c 48 sum 307784.0272895599482581
miniFE.c 75 rtrans 307784.0272895599482581
miniFE.c 76 normr 554.7828649927464539
miniFE.c 33 r 198.0110999999999990
miniFE.c 33 r 229.8237000000000023
miniFE.c 33 r 210.8053999999999917
miniFE.c 33 r 202.6418999999999926
miniFE.c 33 r 157.2561000000000035
miniFE.c 33 r 225.5886000000000138
miniFE.c 33 r 142.6283999999999992
miniFE.c 33 r 185.1795999999999935
miniFE.c 87 normr 554.7828649927464539
miniFE.c 25 Ap 13285.4973312810016068
miniFE.c 25 Ap 16752.9738962160008668
miniFE.c 25 Ap 18717.5143203662009910
miniFE.c 25 Ap 21497.0499152972006414
miniFE.c 25 Ap 23708.6069245981998392
miniFE.c 25 Ap 27330.7477216381994367
miniFE.c 25 Ap 28043.4264645949988335
miniFE.c 25 Ap 29230.0690077097970061
miniFE.c 25 Ap 2987.5023718050001662
miniFE.c 25 Ap 18256.2053009880000900
miniFE.c 25 Ap 21290.1102936259994749
miniFE.c 25 Ap 22498.6292991164009436
miniFE.c 25 Ap 24218.0061666374022025
miniFE.c 25 Ap 26395.4473404050004319
miniFE.c 25 Ap 28021.0416928490012651
miniFE.c 25 Ap 29308.7624836482027604
miniFE.c 25 Ap 1845.3076172643000064
miniFE.c 25 Ap 5152.9234129532997031
miniFE.c 25 Ap 19418.9870250392996240
miniFE.c 25 Ap 21366.8164301717988565
miniFE.c 25 Ap 24008.4327040697971825
miniFE.c 25 Ap 27657.4839652037990163
miniFE.c 25 Ap 29362.1700442997971550
miniFE.c 25 Ap 31649.3547644317950471
miniFE.c 25 Ap 2716.0172730389999742
miniFE.c 25 Ap 4086.6435322781999275
miniFE.c 25 Ap 6112.9419280231995799
miniFE.c 25 Ap 19366.0687056721981207
miniFE.c 25 Ap 19942.9016931553996983
miniFE.c 25 Ap 22443.7520980093977414
miniFE.c 25 Ap 22629.2022504265987664
miniFE.c 25 Ap 23503.4403270553993934
miniFE.c 25 Ap 2784.7112838509997346
miniFE.c 25 Ap 5297.5139884079999320
miniFE.c 25 Ap 8838.6610425799990480
miniFE.c 25 Ap 9581.9742276727993158
miniFE.c 25 Ap 20049.1383863587980159
miniFE.c 25 Ap 21061.8523085989982064
miniFE.c 25 Ap 23066.1607201429978886
miniFE.c 25 Ap 23769.7206112477979332
miniFE.c 25 Ap 3179.3454260399998930
miniFE.c 25 Ap 5397.6649115441996400
miniFE.c 25 Ap 8807.5877122702004272
miniFE.c 25 Ap 11054.0535250612010714
miniFE.c 25 Ap 11760.0087099739012046
miniFE.c 25 Ap 26753.3647406958989450
miniFE.c 25 Ap 27839.0862096834971453
miniFE.c 25 Ap 28473.5365185294976982
miniFE.c 25 Ap 989.4123599472000024
miniFE.c 25 Ap 3608.8072965641999872
miniFE.c 25 Ap 6128.3407890401995246
miniFE.c 25 Ap 6391.8224746028990921
miniFE.c 25 Ap 8601.6889808288997301
miniFE.c 25 Ap 10318.9233197042995016
miniFE.c 25 Ap 19683.6473325842962367
miniFE.c 25 Ap 20178.9207280214977800
miniFE.c 25 Ap 1268.8676034993000030
miniFE.c 25 Ap 2867.0390905766998912
miniFE.c 25 Ap 5470.7324228946999938
miniFE.c 25 Ap 6427.4105067679001877
miniFE.c 25 Ap 7024.8795832297000743
miniFE.c 25 Ap 7797.7765812907000509
miniFE.c 25 Ap 8179.2443669095000587
miniFE.c 25 Ap 20192.2487104374995397
miniFE.c 57 sum 5787878.1172925252467394
miniFE.c 57 sum 12523726.3537057451903820
miniFE.c 57 sum 19195581.2445636950433254
miniFE.c 57 sum 23958363.0489748232066631
miniFE.c 57 sum 27696296.6103892698884010
miniFE.c 57 sum 34119601.8506532162427902
miniFE.c 57 sum 36997689.0278177559375763
miniFE.c 57 sum 40736881.5671170875430107
miniFE.c 90 p_ap_dot 40736881.5671170875430107
miniFE.c 91 alpha 0.0075554145395853
miniFE.c 40 y 1.4960559439392744
miniFE.c 40 y 1.7364133245212852
miniFE.c 40 y 1.5927221841830903
miniFE.c 40 y 1.5310435575891859
miniFE.c 40 y 1.1881350243784765
miniFE.c 40 y 1.7044153884046875
miniFE.c 40 y 1.0776166871177848
miniFE.c 40 y 1.3991086422745860
miniFE.c 40 y -22.8341883739316245
miniFE.c 40 y 8.3838497937928480
miniFE.c 40 y -28.3185951556805833
miniFE.c 40 y 25.0636652226906733
miniFE.c 40 y -22.3339927081014764
miniFE.c 40 y 10.4592281944898673
miniFE.c 40 y -9.8317110616323760
miniFE.c 40 y 32.6187905062384118
miniFE.c 82 oldrtrans 307784.0272895599482581
miniFE.c 48 sum 521.4001586961941257
miniFE.c 48 sum 591.6890960610744514
miniFE.c 48 sum 1393.6319276524102406
miniFE.c 48 sum 2021.8192420475243125
miniFE.c 48 sum 2520.6264723330541528
miniFE.c 48 sum 2630.0219267574657351
miniFE.c 48 sum 2726.6844691568903727
miniFE.c 48 sum 3790.6699632467598349
miniFE.c 83 rtrans 3790.6699632467598349
miniFE.c 84 beta 0.0123160061184089
miniFE.c 40 y -20.3954824548187439
miniFE.c 40 y 11.2143598891482252
miniFE.c 40 y -25.7223145594869429
miniFE.c 40 y 27.5594041029366821
miniFE.c 40 y -20.3972256183443506
miniFE.c 40 y 13.2375787723331708
miniFE.c 40 y -8.0750988145735008
miniFE.c 40 y 34.8994635928429275
miniFE.c 87 normr 61.5684169298412272
miniFE.c 25 Ap -1368.4289806161518754
miniFE.c 25 Ap -1199.2317650706336281
miniFE.c 25 Ap -1438.9434933034935966
miniFE.c 25 Ap -1060.9252025196035447
miniFE.c 25 Ap -1347.7797492528836756
miniFE.c 25 Ap -1135.2318894527934390
miniFE.c 25 Ap -1175.5811556047112845
miniFE.c 25 Ap -951.9431942355674892
miniFE.c 25 Ap -307.7178613112005223
miniFE.c 25 Ap 437.3259687565855529
miniFE.c 25 Ap 67.1311892858862507
miniFE.c 25 Ap 231.4904044254456608
miniFE.c 25 Ap 8.4750944324596844
miniFE.c 25 Ap 136.2477259389728772
miniFE.c 25 Ap 44.2125139587647027
miniFE.c 25 Ap 286.8999636359623082
miniFE.c 25 Ap -190.0698452342187466
miniFE.c 25 Ap -28.6731141403941479
miniFE.c 25 Ap -1769.4073446474239972
miniFE.c 25 Ap -1504.5015295142784453
miniFE.c 25 Ap -1847.1377969518380269
miniFE.c 25 Ap -1633.0108263799961605
miniFE.c 25 Ap -1729.5239229058497585
miniFE.c 25 Ap -1298.4747151618360022
miniFE.c 25 Ap -279.7544311366967804
miniFE.c 25 Ap -212.8740522000363740
miniFE.c 25 Ap -460.1214411508727835
miniFE.c 25 Ap 1342.3107137622018854
miniFE.c 25 Ap 1267.4914057048456471
miniFE.c 25 Ap 1414.2417478412662604
miniFE.c 25 Ap 1403.7422378842968556
miniFE.c 25 Ap 1568.5035826910889227
miniFE.c 25 Ap -286.8300319099224680
miniFE.c 25 Ap -164.2165944823325390
miniFE.c 25 Ap -596.3046644692149130
miniFE.c 25 Ap -495.2136835663836223
miniFE.c 25 Ap -1852.8787212276629361
miniFE.c 25 Ap -1793.4524899398534217
miniFE.c 25 Ap -1906.9291080474579303
miniFE.c 25 Ap -1774.3342498395531948
miniFE.c 25 Ap -327.4780244875516928
miniFE.c 25 Ap -219.2340398177625218
miniFE.c 25 Ap -635.3102262145098393
miniFE.c 25 Ap -329.7897038638051299
miniFE.c 25 Ap -421.3570718902559520
miniFE.c 25 Ap 458.4557002015919807
miniFE.c 25 Ap 396.9861180764418123
miniFE.c 25 Ap 516.5563917731067249
miniFE.c 25 Ap -101.9111677470804693
miniFE.c 25 Ap 25.9034897970964124
miniFE.c 25 Ap -281.5280704790179698
miniFE.c 25 Ap -245.6944238040443054
miniFE.c 25 Ap -532.3297003619271663
miniFE.c 25 Ap -431.5620869656004857
miniFE.c 25 Ap -961.7585399526303718
miniFE.c 25 Ap -868.4179353041471359
miniFE.c 25 Ap -130.6955364858731627
miniFE.c 25 Ap -52.7119768240055322
miniFE.c 25 Ap -370.4126567417038700
miniFE.c 25 Ap -240.3039383084249323
miniFE.c 25 Ap -317.7998926947741438
miniFE.c 25 Ap -272.4461607476264362
miniFE.c 25 Ap -294.0434728078357125
miniFE.c 25 Ap 1969.9608112905175403
miniFE.c 57 sum 19415.3407160156275495
miniFE.c 57 sum 22632.7401604128463077
miniFE.c 57 sum 56032.5152313458020217
miniFE.c 57 sum 99259.5393036334862700
miniFE.c 57 sum 135451.0353199666133150
miniFE.c 57 sum 142288.9912464153021574
miniFE.c 57 sum 149301.5518863441830035
miniFE.c 57 sum 218052.1274993049155455
miniFE.c 90 p_ap_dot 218052.1274993049155455
miniFE.c 91 alpha 0.0173842374606450
miniFE.c 40 y 1.1414960338202862
miniFE.c 40 y 1.9313664198033706
miniFE.c 40 y 1.1455593598435627
miniFE.c 40 y 2.0101427827885114
miniFE.c 40 y 0.8335448106908265
miniFE.c 40 y 1.9345406011869211
miniFE.c 40 y 0.9372372518070660
miniFE.c 40 y 2.0058092046217029
miniFE.c 40 y -6.2853818362955991
miniFE.c 40 y 3.3963126984948593
miniFE.c 40 y -5.7456023706638284
miniFE.c 40 y -2.2035735166836723
miniFE.c 40 y 8.5114552256647578
miniFE.c 40 y 1.4792892180922035
miniFE.c 40 y 5.2650725407779788
miniFE.c 40 y -1.6274760254008527
miniFE.c 82 oldrtrans 3790.6699632467598349
miniFE.c 48 sum 39.5060248280346400
miniFE.c 48 sum 51.0409647739920729
miniFE.c 48 sum 84.0529113757698809
miniFE.c 48 sum 88.9086476191995274
miniFE.c 48 sum 161.3535176776954359
miniFE.c 48 sum 163.5418142684592908
miniFE.c 48 sum 191.2628031281135748
miniFE.c 48 sum 193.9114813413681304
miniFE.c 83 rtrans 193.9114813413681304
miniFE.c 84 beta 0.0511549365208467
miniFE.c 40 y -7.3287114465838936
miniFE.c 40 y 3.9699825667461655
miniFE.c 40 y -7.0614257391236324
miniFE.c 40 y -0.7937749029199019
miniFE.c 40 y 7.4680364439569651
miniFE.c 40 y 2.1564567198806142
miniFE.c 40 y 4.8519913735189073
miniFE.c 40 y 0.1578038193026263
miniFE.c 87 normr 13.9252102799694963
miniFE.c 25 Ap -491.7177691822269026
miniFE.c 25 Ap -431.8204587073157654
miniFE.c 25 Ap -497.6273892538913515
miniFE.c 25 Ap -508.5151947720431735
miniFE.c 25 Ap -403.4891363657343391
miniFE.c 25 Ap -368.8642046886432695
miniFE.c 25 Ap -344.6200070890299116
miniFE.c 25 Ap -343.6087902732980410
miniFE.c 25 Ap -110.5723003859068285
miniFE.c 25 Ap 153.1798037081557595
miniFE.c 25 Ap 51.5519763134606137
miniFE.c 25 Ap 46.8180488470284573
miniFE.c 25 Ap 128.4706467910407639
miniFE.c 25 Ap 149.2853406688159339
miniFE.c 25 Ap 204.5854756692740750
miniFE.c 25 Ap 205.6828279639302366
miniFE.c 25 Ap -68.2978229862534221
miniFE.c 25 Ap -11.1619529851196120
miniFE.c 25 Ap -489.0375139828888678
miniFE.c 25 Ap -496.6674172603629813
miniFE.c 25 Ap -371.2179968282139839
miniFE.c 25 Ap -336.3358214290083197
miniFE.c 25 Ap -278.3451116521927702
miniFE.c 25 Ap -276.3960498533367627
miniFE.c 25 Ap -100.5241972699535182
miniFE.c 25 Ap -76.8479517186716663
miniFE.c 25 Ap -144.7236116726323871
miniFE.c 25 Ap -196.6378476786779572
miniFE.c 25 Ap -169.2442535821620879
miniFE.c 25 Ap -145.3380115958048009
miniFE.c 25 Ap -139.0292922962401860
miniFE.c 25 Ap -138.2842960468055367
miniFE.c 25 Ap -103.0666738450023843
miniFE.c 25 Ap -59.6604327534008405
miniFE.c 25 Ap -178.2795333758326422
miniFE.c 25 Ap -181.1911886225319677
miniFE.c 25 Ap 315.8907268131630417
miniFE.c 25 Ap 325.5715074152481066
miniFE.c 25 Ap 393.7548925102423141
miniFE.c 25 Ap 394.3544425574639263
miniFE.c 25 Ap -117.6727224709296280
miniFE.c 25 Ap -79.3533947213328901
miniFE.c 25 Ap -193.5768284354176387
miniFE.c 25 Ap -202.3765296939483562
miniFE.c 25 Ap -168.8509682134816217
miniFE.c 25 Ap -25.5258029967420157
miniFE.c 25 Ap 11.4087149644221739
miniFE.c 25 Ap 11.9493721528685768
miniFE.c 25 Ap -36.6197535781409655
miniFE.c 25 Ap 8.6277654279174527
miniFE.c 25 Ap -75.7699713205438599
miniFE.c 25 Ap -76.8020636438921116
miniFE.c 25 Ap 28.1437133706441642
miniFE.c 25 Ap 44.5591773155314499
miniFE.c 25 Ap 363.1321973163105099
miniFE.c 25 Ap 363.5542526258531097
miniFE.c 25 Ap -46.9628446585307273
miniFE.c 25 Ap -19.3559749476694343
miniFE.c 25 Ap -106.5728446939610734
miniFE.c 25 Ap -110.3202782363432135
miniFE.c 25 Ap -81.9466835894326380
miniFE.c 25 Ap -74.5583717454644699
miniFE.c 25 Ap -61.5814442534798587
miniFE.c 25 Ap -51.3443664829924131
miniFE.c 57 sum 2518.2096744227637828
miniFE.c 57 sum 3334.7669157186173834
miniFE.c 57 sum 5286.5170963450682393
miniFE.c 57 sum 5396.2837000149684172
miniFE.c 57 sum 8341.3370488704422314
miniFE.c 57 sum 8367.1053527478507021
miniFE.c 57 sum 10131.0674502946039865
miniFE.c 57 sum 10122.9651131639147934
miniFE.c 90 p_ap_dot 10122.9651131639147934
miniFE.c 91 alpha 0.0191556010688218
miniFE.c 40 y 1.0011101610010176
miniFE.c 40 y 2.0074138221021371
miniFE.c 40 y 1.0102935054078006
miniFE.c 40 y 1.9949375474097351
miniFE.c 40 y 0.9765995375786884
miniFE.c 40 y 1.9758488258351341
miniFE.c 40 y 1.0301800629475588
miniFE.c 40 y 2.0088320316314006
miniFE.c 40 y 0.2966510739201427
miniFE.c 40 y -0.5436655006892859
miniFE.c 40 y -0.4510699026751368
miniFE.c 40 y 0.4453452924717811
miniFE.c 40 y 0.9573588443163903
miniFE.c 40 y 1.2503918121089652
miniFE.c 40 y -1.6990276893965115
miniFE.c 40 y -0.6439438239212668
miniFE.c 82 oldrtrans 193.9114813413681304
miniFE.c 48 sum 0.0880018596579740
miniFE.c 48 sum 0.3835740362977059
miniFE.c 48 sum 0.5870380933970633
miniFE.c 48 sum 0.7853705229238395
miniFE.c 48 sum 1.7019064797146539
miniFE.c 48 sum 3.2653861635037957
miniFE.c 48 sum 6.1520812528398441
miniFE.c 48 sum 6.5667449012061878
miniFE.c 83 rtrans 6.5667449012061878
miniFE.c 84 beta 0.0338646523443647
miniFE.c 40 y 0.0484668086494132
miniFE.c 40 y -0.4092234212532385
miniFE.c 40 y -0.6902026303861070
miniFE.c 40 y 0.4184643813447168
miniFE.c 40 y 1.2102613021860384
miniFE.c 40 y 1.3234194692233912
miniFE.c 40 y -1.5347166883544372
miniFE.c 40 y -0.6385998524419705
miniFE.c 87 normr 2.5625660774321877
miniFE.c 25 Ap 3.2518664709578720
miniFE.c 25 Ap -2.9223123583714261
miniFE.c 25 Ap -9.3544576840998293
miniFE.c 25 Ap -3.6145951820288342
miniFE.c 25 Ap 13.4058057177473184
miniFE.c 25 Ap 34.6551580833857784
miniFE.c 25 Ap 26.9865594014173666
miniFE.c 25 Ap 22.8943713151785175
miniFE.c 25 Ap 0.7312453988384544
miniFE.c 25 Ap -26.4561632573602346
miniFE.c 25 Ap -36.3895388077981750
miniFE.c 25 Ap -33.8938942349044510
miniFE.c 25 Ap -20.6613691587101584
miniFE.c 25 Ap -7.8873724121871742
miniFE.c 25 Ap -25.3791677432049241
miniFE.c 25 Ap -29.8199285343008498
miniFE.c 25 Ap 0.4516725132341241
miniFE.c 25 Ap -5.4378586887398468
miniFE.c 25 Ap -52.1466936157259866
miniFE.c 25 Ap -48.1243407509738361
miniFE.c 25 Ap -27.7941535498183718
miniFE.c 25 Ap -6.3869304756962570
miniFE.c 25 Ap -24.7297722519071890
miniFE.c 25 Ap -32.6172275913928829
miniFE.c 25 Ap 0.6647944961715899
miniFE.c 25 Ap -1.7757386910732136
miniFE.c 25 Ap -8.4100871598047924
miniFE.c 25 Ap 18.9581989542317828
miniFE.c 25 Ap 23.3975729599160154
miniFE.c 25 Ap 38.0688556195849159
miniFE.c 25 Ap 36.0733663357357628
miniFE.c 25 Ap 33.0585185515613489
miniFE.c 25 Ap 0.6816086014282443
miniFE.c 25 Ap -3.7926806894203762
miniFE.c 25 Ap -15.3868287111196693
miniFE.c 25 Ap -13.8518544923365372
miniFE.c 25 Ap 66.7046627104069358
miniFE.c 25 Ap 72.6457666555808714
miniFE.c 25 Ap 51.0789148378100037
miniFE.c 25 Ap 48.6526581516328349
miniFE.c 25 Ap 0.7782024663984384
miniFE.c 25 Ap -3.1717308489678722
miniFE.c 25 Ap -14.3362346352781191
miniFE.c 25 Ap -9.6971845347725356
miniFE.c 25 Ap -4.2640710251698559
miniFE.c 25 Ap 83.6947144810810784
miniFE.c 25 Ap 72.0120842520385906
miniFE.c 25 Ap 69.8241549465923157
miniFE.c 25 Ap 0.2421766230525728
miniFE.c 25 Ap -4.4219104905732998
miniFE.c 25 Ap -12.6711709167902278
miniFE.c 25 Ap -12.1270697188412431
miniFE.c 25 Ap 4.8803208719364104
miniFE.c 25 Ap 14.9545061689180088
miniFE.c 25 Ap -85.8122290983952780
miniFE.c 25 Ap -87.5202008039429131
miniFE.c 25 Ap 0.3105783632343848
miniFE.c 25 Ap -2.5351212042653528
miniFE.c 25 Ap -11.0599312266113259
miniFE.c 25 Ap -9.0843491652802406
miniFE.c 25 Ap -4.4861574099553412
miniFE.c 25 Ap 0.0480563532323419
miniFE.c 25 Ap -4.0566309086228367
miniFE.c 25 Ap -45.4839954842117820
miniFE.c 57 sum 1.1096171136813719
miniFE.c 57 sum 13.3126302900150346
miniFE.c 57 sum 35.8251265694967032
miniFE.c 57 sum 49.6589390833486704
miniFE.c 57 sum 108.5413684927560070
miniFE.c 57 sum 200.9480145711470414
miniFE.c 57 sum 335.2667273130896319
miniFE.c 57 sum 364.3128001177785222
miniFE.c 90 p_ap_dot 364.3128001177785222
miniFE.c 91 alpha 0.0180250183333751
miniFE.c 40 y 1.0019837761154835
miniFE.c 40 y 2.0000375624316011
miniFE.c 40 y 0.9978525903413473
miniFE.c 40 y 2.0024803755553382
miniFE.c 40 y 0.9984145197387663
miniFE.c 40 y 1.9997034860306313
miniFE.c 40 y 1.0025167665034334
miniFE.c 40 y 1.9973212575834434
miniFE.c 40 y -0.1160203887670478
miniFE.c 40 y -0.0061607421585768
miniFE.c 40 y 0.1368562226435892
miniFE.c 40 y -0.1505351104943341
miniFE.c 40 y 0.0803937891657753
miniFE.c 40 y -0.0081898609157873
miniFE.c 40 y -0.1214744653647675
miniFE.c 40 y 0.1759060285568024
miniFE.c 82 oldrtrans 6.5667449012061878
miniFE.c 48 sum 0.0134607306096569
miniFE.c 48 sum 0.0134986853536014
miniFE.c 48 sum 0.0322283110298730
miniFE.c 48 sum 0.0548891305214144
miniFE.c 48 sum 0.0613522918578456
miniFE.c 48 sum 0.0614193656796655
miniFE.c 48 sum 0.0761754114153216
miniFE.c 48 sum 0.1071183422979482
miniFE.c 83 rtrans 0.1071183422979482
miniFE.c 84 beta 0.0163122435711295
miniFE.c 40 y -0.1152297863792433
miniFE.c 40 y -0.0128360942810705
miniFE.c 40 y 0.1255974692232968
miniFE.c 40 y -0.1437090175799970
miniFE.c 40 y 0.1001358663117464
miniFE.c 40 y 0.0133980798129596
miniFE.c 40 y -0.1465091377978823
miniFE.c 40 y 0.1654890322192816
miniFE.c 87 normr 0.3272893861675752
miniFE.c 25 Ap -7.7313091004772794
miniFE.c 25 Ap -7.9249743147476446
miniFE.c 25 Ap -6.7545047467947974
miniFE.c 25 Ap -8.7256880493406506
miniFE.c 25 Ap -7.3174363056933736
miniFE.c 25 Ap -7.1023113769845692
miniFE.c 25 Ap -7.8343812042944130
miniFE.c 25 Ap -6.7739170600242264
miniFE.c 25 Ap -1.7385351634861521
miniFE.c 25 Ap -2.5913214964389795
miniFE.c 25 Ap -0.7837264873013692
miniFE.c 25 Ap -1.6407806256892368
miniFE.c 25 Ap -0.5459341164244635
miniFE.c 25 Ap -0.4166122861805475
miniFE.c 25 Ap -2.0864369984095097
miniFE.c 25 Ap -0.9356424862817831
miniFE.c 25 Ap -1.0738509232126670
miniFE.c 25 Ap -1.2585876070230055
miniFE.c 25 Ap 7.2411068289666103
miniFE.c 25 Ap 5.8597506029096023
miniFE.c 25 Ap 7.5418509096702540
miniFE.c 25 Ap 7.7585740953199460
miniFE.c 25 Ap 6.0075056709079240
miniFE.c 25 Ap 8.0514888409837475
miniFE.c 25 Ap -1.5805482125730268
miniFE.c 25 Ap -1.6571003170239837
miniFE.c 25 Ap -0.4498354632925412
miniFE.c 25 Ap -9.8486509554444090
miniFE.c 25 Ap -9.4813413825958968
miniFE.c 25 Ap -9.3328117435782065
miniFE.c 25 Ap -9.5233077593445596
miniFE.c 25 Ap -8.7420294045444287
miniFE.c 25 Ap -1.6205237300637139
miniFE.c 25 Ap -1.7608685788561693
miniFE.c 25 Ap 0.3489403167012297
miniFE.c 25 Ap -0.1782004551921684
miniFE.c 25 Ap 6.4869689777092230
miniFE.c 25 Ap 6.5471157313921200
miniFE.c 25 Ap 4.4882726310253309
miniFE.c 25 Ap 5.1170213997192722
miniFE.c 25 Ap -1.8501755420196819
miniFE.c 25 Ap -1.9740729384216533
miniFE.c 25 Ap 0.0575527885189357
miniFE.c 25 Ap -1.5355895723809776
miniFE.c 25 Ap -1.0860589403832215
miniFE.c 25 Ap -0.1955787442929401
miniFE.c 25 Ap -1.3108413168943542
miniFE.c 25 Ap -0.7438535514917459
miniFE.c 25 Ap -0.5757746655500566
miniFE.c 25 Ap -0.7220728948700726
miniFE.c 25 Ap 0.7790605214386169
miniFE.c 25 Ap 0.5922053143835246
miniFE.c 25 Ap 1.9993805974679504
miniFE.c 25 Ap 2.1013699831452741
miniFE.c 25 Ap -7.5181562882156427
miniFE.c 25 Ap -7.0755464386703375
miniFE.c 25 Ap -0.7383997305947330
miniFE.c 25 Ap -0.8276606722880578
miniFE.c 25 Ap 0.7236150216586484
miniFE.c 25 Ap 0.0451607258109902
miniFE.c 25 Ap 0.4256107278521280
miniFE.c 25 Ap 0.4715143580321022
miniFE.c 25 Ap 0.0796673179708114
miniFE.c 25 Ap 10.8153016041258443
miniFE.c 57 sum 0.7805570157773034
miniFE.c 57 sum 0.7925670109445916
miniFE.c 57 sum 1.8038136328517651
miniFE.c 57 sum 3.0601220902342918
miniFE.c 57 sum 3.5725194610309261
miniFE.c 57 sum 3.5625532517788860
miniFE.c 57 sum 4.5991854599573543
miniFE.c 57 sum 6.3889992555837836
miniFE.c 90 p_ap_dot 6.3889992555837836
miniFE.c 91 alpha 0.0167660595991352
miniFE.c 40 y 1.0000518266494536
miniFE.c 40 y 1.9998223517098646
miniFE.c 40 y 0.9999583649958457
miniFE.c 40 y 2.0000709416016589
miniFE.c 40 y 1.0000934036413600
miniFE.c 40 y 1.9999281190352893
miniFE.c 40 y 1.0000603855672960
miniFE.c 40 y 2.0000958565606353
miniFE.c 40 y -0.0024484916190829
miniFE.c 40 y 0.0095262955299067
miniFE.c 40 y 0.0018644808738837
miniFE.c 40 y -0.0039657244803498
miniFE.c 40 y -0.0053984965919682
miniFE.c 40 y 0.0042816320615517
miniFE.c 40 y -0.0028454320775718
miniFE.c 40 y -0.0054239627205941
miniFE.c 82 oldrtrans 0.1071183422979482
miniFE.c 48 sum 0.0000059951112087
miniFE.c 48 sum 0.0000967454177318
miniFE.c 48 sum 0.0001002217066609
miniFE.c 48 sum 0.0001159486773150
miniFE.c 48 sum 0.0001450924427685
miniFE.c 48 sum 0.0001634248158790
miniFE.c 48 sum 0.0001715212995870
miniFE.c 48 sum 0.0002009406711814
miniFE.c 83 rtrans 0.0002009406711814
miniFE.c 84 beta 0.0018758754744591
miniFE.c 40 y -0.0026646483492789
miniFE.c 40 y 0.0095022166154570
miniFE.c 40 y 0.0021000860860538
miniFE.c 40 y -0.0042353047018867
miniFE.c 40 y -0.0052106541762403
miniFE.c 40 y 0.0043067651908776
miniFE.c 40 y -0.0031202649759510
miniFE.c 40 y -0.0051135259037620
miniFE.c 87 normr 0.0141753543582314
miniFE.c 25 Ap -0.1787838082468484
miniFE.c 25 Ap -0.0354186399503108
miniFE.c 25 Ap -0.0158474903960391
miniFE.c 25 Ap -0.0739410049864212
miniFE.c 25 Ap -0.1472205710351009
miniFE.c 25 Ap -0.0780694264242931
miniFE.c 25 Ap -0.0936606166834060
miniFE.c 25 Ap -0.1264284128268446
miniFE.c 25 Ap -0.0402030152021633
miniFE.c 25 Ap 0.5910918541701380
miniFE.c 25 Ap 0.6213162301180417
miniFE.c 25 Ap 0.5960576521720545
miniFE.c 25 Ap 0.5390863915641717
miniFE.c 25 Ap 0.5806564347860635
miniFE.c 25 Ap 0.5450934955465104
miniFE.c 25 Ap 0.5095345375372883
miniFE.c 25 Ap -0.0248324255370287
miniFE.c 25 Ap 0.1119231909261293
miniFE.c 25 Ap 0.2540446057214818
miniFE.c 25 Ap 0.2133341157486239
miniFE.c 25 Ap 0.1258046089783874
miniFE.c 25 Ap 0.1954695076088150
miniFE.c 25 Ap 0.1581762878321478
miniFE.c 25 Ap 0.0950182600953800
miniFE.c 25 Ap -0.0365496224364009
miniFE.c 25 Ap 0.0201198490503271
miniFE.c 25 Ap 0.0403062440245413
miniFE.c 25 Ap -0.2366899258498900
miniFE.c 25 Ap -0.2558031889616072
miniFE.c 25 Ap -0.2080588637997086
miniFE.c 25 Ap -0.2121159352901842
miniFE.c 25 Ap -0.2362570342605698
miniFE.c 25 Ap -0.0374740422417328
miniFE.c 25 Ap 0.0664194883671935
miniFE.c 25 Ap 0.1016971124562207
miniFE.c 25 Ap 0.0861615404555736
miniFE.c 25 Ap -0.2606661669392435
miniFE.c 25 Ap -0.2413322064969992
miniFE.c 25 Ap -0.2851802293139462
miniFE.c 25 Ap -0.3046082425940934
miniFE.c 25 Ap -0.0427846597553622
miniFE.c 25 Ap 0.0489332626066480
miniFE.c 25 Ap 0.0829036041079676
miniFE.c 25 Ap 0.0359514820663687
miniFE.c 25 Ap 0.0125597768638115
miniFE.c 25 Ap 0.2988014745717140
miniFE.c 25 Ap 0.2750492718314461
miniFE.c 25 Ap 0.2575296417591606
miniFE.c 25 Ap -0.0133145869685562
miniFE.c 25 Ap 0.0949860717066191
miniFE.c 25 Ap 0.1200861746019689
miniFE.c 25 Ap 0.1145792916635206
miniFE.c 25 Ap 0.0413557401472355
miniFE.c 25 Ap 0.0741398660970767
miniFE.c 25 Ap -0.1307311157469061
miniFE.c 25 Ap -0.1444075322474940
miniFE.c 25 Ap -0.0170752344950254
miniFE.c 25 Ap 0.0490022486316340
miniFE.c 25 Ap 0.0749407688951191
miniFE.c 25 Ap 0.0549457768089802
miniFE.c 25 Ap 0.0351487403923317
miniFE.c 25 Ap 0.0499042993495793
miniFE.c 25 Ap 0.0415589728162949
miniFE.c 25 Ap -0.2901666000472146
miniFE.c 57 sum 0.0003368872615410
miniFE.c 57 sum 0.0051785948102770
miniFE.c 57 sum 0.0053781413362243
miniFE.c 57 sum 0.0063787618642820
miniFE.c 57 sum 0.0079659700756721
miniFE.c 57 sum 0.0090750897724196
miniFE.c 57 sum 0.0095256795375550
miniFE.c 57 sum 0.0110094539633030
miniFE.c 90 p_ap_dot 0.0110094539633030
miniFE.c 91 alpha 0.0182516473433844
miniFE.c 40 y 1.0000031924274884
miniFE.c 40 y 1.9999957828165102
miniFE.c 40 y 0.9999966950264790
miniFE.c 40 y 1.9999936403138483
miniFE.c 40 y 0.9999983006189069
miniFE.c 40 y 2.0000067245947442
miniFE.c 40 y 1.0000034355913370
miniFE.c 40 y 2.0000025262891588
miniFE.c 40 y -0.0001409648139836
miniFE.c 40 y 0.0002264508415016
miniFE.c 40 y 0.0001302410994408
miniFE.c 40 y 0.0003463555913680
miniFE.c 40 y 0.0001611056297472
miniFE.c 40 y -0.0004187081403046
miniFE.c 40 y -0.0002097567252621
miniFE.c 40 y -0.0001279442657035
