filename line variable value
miniFE.c 167 A 67.0947100000000063
miniFE.c 167 A 15.0875500000000002
miniFE.c 167 A 9.3192129999999995
miniFE.c 167 A 13.7164900000000003
miniFE.c 167 A 14.0634099999999993
miniFE.c 167 A 16.0564000000000000
miniFE.c 167 A 4.9967519999999999
miniFE.c 167 A 6.4080630000000003
miniFE.c 167 A 15.0875500000000002
miniFE.c 167 A 66.4365899999999954
miniFE.c 167 A 14.3919700000000006
miniFE.c 167 A 5.9638159999999996
miniFE.c 167 A 10.9336099999999998
miniFE.c 167 A 9.6522659999999991
miniFE.c 167 A 11.3974100000000007
miniFE.c 167 A 6.9539020000000002
miniFE.c 167 A 9.3192129999999995
miniFE.c 167 A 14.3919700000000006
miniFE.c 167 A 67.6740900000000067
miniFE.c 167 A 9.6121750000000006
miniFE.c 167 A 16.7981799999999986
miniFE.c 167 A 16.1756899999999995
miniFE.c 167 A 11.9519400000000005
miniFE.c 167 A 12.3511699999999998
miniFE.c 167 A 13.7164900000000003
miniFE.c 167 A 5.9638159999999996
miniFE.c 167 A 9.6121750000000006
miniFE.c 167 A 65.4017099999999942
miniFE.c 167 A 3.6681119999999998
miniFE.c 167 A 11.0858899999999991
miniFE.c 167 A 1.3002330000000000
miniFE.c 167 A 4.7210279999999996
miniFE.c 167 A 14.0634099999999993
miniFE.c 167 A 10.9336099999999998
miniFE.c 167 A 16.7981799999999986
miniFE.c 167 A 3.6681119999999998
miniFE.c 167 A 66.5612600000000043
miniFE.c 167 A 4.4892070000000004
miniFE.c 167 A 14.0526294824218745
miniFE.c 167 A 3.7993380000000001
miniFE.c 167 A 16.0564000000000000
miniFE.c 167 A 9.6522659999999991
miniFE.c 167 A 16.1756899999999995
miniFE.c 167 A 11.0858899999999991
miniFE.c 167 A 4.4892070000000004
miniFE.c 167 A 66.4632699999999943
miniFE.c 167 A 7.6122389999999998
miniFE.c 167 A 3.4261349999999999
miniFE.c 167 A 4.9967519999999999
miniFE.c 167 A 11.3974100000000007
miniFE.c 167 A 11.9519400000000005
miniFE.c 167 A 1.3002330000000000
miniFE.c 167 A 14.0526599999999995
miniFE.c 167 A 7.6122389999999998
miniFE.c 167 A 65.6581999999999937
miniFE.c 167 A 2.6745570000000001
miniFE.c 167 A 6.4080630000000003
miniFE.c 167 A 6.9539020000000002
miniFE.c 167 A 12.3511699999999998
miniFE.c 167 A 4.7210279999999996
miniFE.c 167 A 3.7993380000000001
miniFE.c 167 A 3.4261349999999999
miniFE.c 167 A 2.6745570000000001
miniFE.c 167 A 64.8721800000000002
miniFE.c 175 b 198.0110999999999990
miniFE.c 175 b 229.8237000000000023
miniFE.c 175 b 210.8053999999999917
miniFE.c 175 b 202.6418999999999926
miniFE.c 175 b 157.2561000000000035
miniFE.c 175 b 225.5886000000000138
miniFE.c 175 b 142.6283999999999992
miniFE.c 175 b 185.1795999999999935
miniFE.c 33 r 0.0000000000000000
miniFE.c 33 r 0.0000000000000000
miniFE.c 33 r 0.0000000000000000
miniFE.c 33 r 0.0000000000000000
miniFE.c 33 r 0.0000000000000000
miniFE.c 33 r 0.0000000000000000
miniFE.c 33 r 0.0000000000000000
miniFE.c 33 r 0.0000000000000000
miniFE.c 25 Ap 0.0000000000000000
miniFE.c 25 Ap 0.0000000000000000
miniFE.c 25 Ap 0.0000000000000000
miniFE.c 25 Ap 0.0000000000000000
miniFE.c 25 Ap 0.0000000000000000
miniFE.c 25 Ap 0.0000000000000000
miniFE.c 25 Ap 0.0000000000000000
miniFE.c 25 Ap 0.0000000000000000
miniFE.c 25 Ap 0.0000000000000000
miniFE.c 25 Ap 0.0000000000000000
miniFE.c 25 Ap 0.0000000000000000
miniFE.c 25 Ap 0.0000000000000000
miniFE.c 25 Ap 0.0000000000000000
miniFE.c 25 Ap 0.0000000000000000
miniFE.c 25 Ap 0.0000000000000000
miniFE.c 25 Ap 0.0000000000000000
miniFE.c 25 Ap 0.0000000000000000
miniFE.c 25 Ap 0.0000000000000000
miniFE.c 25 Ap 0.0000000000000000
miniFE.c 25 Ap 0.0000000000000000
miniFE.c 25 Ap 0.0000000000000000
miniFE.c 25 Ap 0.0000000000000000
miniFE.c 25 Ap 0.0000000000000000
miniFE.c 25 Ap 0.0000000000000000
miniFE.c 25 Ap 0.0000000000000000
miniFE.c 25 Ap 0.0000000000000000
miniFE.c 25 Ap 0.0000000000000000
miniFE.c 25 Ap 0.0000000000000000
miniFE.c 25 Ap 0.0000000000000000
miniFE.c 25 Ap 0.0000000000000000
miniFE.c 25 Ap 0.0000000000000000
miniFE.c 25 Ap 0.0000000000000000
miniFE.c 25 Ap 0.0000000000000000
miniFE.c 25 Ap 0.0000000000000000
miniFE.c 25 Ap 0.0000000000000000
miniFE.c 25 Ap 0.0000000000000000
miniFE.c 25 Ap 0.0000000000000000
miniFE.c 25 Ap 0.0000000000000000
miniFE.c 25 Ap 0.0000000000000000
miniFE.c 25 Ap 0.0000000000000000
miniFE.c 25 Ap 0.0000000000000000
miniFE.c 25 Ap 0.0000000000000000
miniFE.c 25 Ap 0.0000000000000000
miniFE.c 25 Ap 0.0000000000000000
miniFE.c 25 Ap 0.0000000000000000
miniFE.c 25 Ap 0.0000000000000000
miniFE.c 25 Ap 0.0000000000000000
miniFE.c 25 Ap 0.0000000000000000
miniFE.c 25 Ap 0.0000000000000000
miniFE.c 25 Ap 0.0000000000000000
miniFE.c 25 Ap 0.0000000000000000
miniFE.c 25 Ap 0.0000000000000000
miniFE.c 25 Ap 0.0000000000000000
miniFE.c 25 Ap 0.0000000000000000
miniFE.c 25 Ap 0.0000000000000000
miniFE.c 25 Ap 0.0000000000000000
miniFE.c 25 Ap 0.0000000000000000
miniFE.c 25 Ap 0.0000000000000000
miniFE.c 25 Ap 0.0000000000000000
miniFE.c 25 Ap 0.0000000000000000
miniFE.c 25 Ap 0.0000000000000000
miniFE.c 25 Ap 0.0000000000000000
miniFE.c 25 Ap 0.0000000000000000
miniFE.c 25 Ap 0.0000000000000000
miniFE.c 33 r 198.0110999999999990
miniFE.c 33 r 229.8237000000000023
miniFE.c 33 r 210.8053999999999917
miniFE.c 33 r 202.6418999999999926
miniFE.c 33 r 157.2561000000000035
miniFE.c 33 r 225.5886000000000138
miniFE.c 33 r 142.6283999999999992
miniFE.c 33 r 185.1795999999999935
miniFE.c 48 sum 39208.3957232100001420
miniFE.c 48 sum 92027.3288048999966122
miniFE.c 48 sum 136466.2454740600078367
miniFE.c 48 sum 177529.9851096700003836
miniFE.c 48 sum 202259.4660968800017145
miniFE.c 48 sum 253149.6825468399911188
miniFE.c 48 sum 273492.5430333999684080
miniFE.c 48 sum 307784.0272895599482581
miniFE.c 75 rtrans 307784.0272895599482581
miniFE.c 76 normr 554.7828649927464539
miniFE.c 33 r 198.0110999999999990
miniFE.c 33 r 229.8237000000000023
miniFE.c 33 r 210.8053999999999917
miniFE.c 33 r 202.6418999999999926
miniFE.c 33 r 157.2561000000000035
miniFE.c 33 r 225.5886000000000138
miniFE.c 33 r 142.6283999999999992
miniFE.c 33 r 185.1795999999999935
miniFE.c 87 normr 554.7828649927464539
miniFE.c 25 Ap 13285.4973312810016068
miniFE.c 25 Ap 16752.9738962160008668
miniFE.c 25 Ap 18717.5143203662009910
miniFE.c 25 Ap 21497.0499152972006414
miniFE.c 25 Ap 23708.6069245981998392
miniFE.c 25 Ap 27330.7477216381994367
miniFE.c 25 Ap 28043.4264645949988335
miniFE.c 25 Ap 29230.0690077097970061
miniFE.c 25 Ap 2987.5023718050001662
miniFE.c 25 Ap 18256.2053009880000900
miniFE.c 25 Ap 21290.1102936259994749
miniFE.c 25 Ap 22498.6292991164009436
miniFE.c 25 Ap 24218.0061666374022025
miniFE.c 25 Ap 26395.4473404050004319
miniFE.c 25 Ap 28021.0416928490012651
miniFE.c 25 Ap 29308.7624836482027604
miniFE.c 25 Ap 1845.3076172643000064
miniFE.c 25 Ap 5152.9234129532997031
miniFE.c 25 Ap 19418.9870250392996240
miniFE.c 25 Ap 21366.8164301717988565
miniFE.c 25 Ap 24008.4327040697971825
miniFE.c 25 Ap 27657.4839652037990163
miniFE.c 25 Ap 29362.1700442997971550
miniFE.c 25 Ap 31649.3547644317950471
miniFE.c 25 Ap 2716.0172730389999742
miniFE.c 25 Ap 4086.6435322781999275
miniFE.c 25 Ap 6112.9419280231995799
miniFE.c 25 Ap 19366.0687056721981207
miniFE.c 25 Ap 19942.9016931553996983
miniFE.c 25 Ap 22443.7520980093977414
miniFE.c 25 Ap 22629.2022504265987664
miniFE.c 25 Ap 23503.4403270553993934
miniFE.c 25 Ap 2784.7112838509997346
miniFE.c 25 Ap 5297.5139884079999320
miniFE.c 25 Ap 8838.6610425799990480
miniFE.c 25 Ap 9581.9742276727993158
miniFE.c 25 Ap 20049.1383863587980159
miniFE.c 25 Ap 21061.8523085989982064
miniFE.c 25 Ap 23066.1563674696590169
miniFE.c 25 Ap 23769.7162585744590615
miniFE.c 25 Ap 3179.3454260399998930
miniFE.c 25 Ap 5397.6649115441996400
miniFE.c 25 Ap 8807.5877122702004272
miniFE.c 25 Ap 11054.0535250612010714
miniFE.c 25 Ap 11760.0087099739012046
miniFE.c 25 Ap 26753.3647406958989450
miniFE.c 25 Ap 27839.0862096834971453
miniFE.c 25 Ap 28473.5365185294976982
miniFE.c 25 Ap 989.4123599472000024
miniFE.c 25 Ap 3608.8072965641999872
miniFE.c 25 Ap 6128.3407890401995246
miniFE.c 25 Ap 6391.8224746028990921
miniFE.c 25 Ap 8601.6889808288997301
miniFE.c 25 Ap 10318.9233197042995016
miniFE.c 25 Ap 19683.6473325842962367
miniFE.c 25 Ap 20178.9207280214977800
miniFE.c 25 Ap 1268.8676034993000030
miniFE.c 25 Ap 2867.0390905766998912
miniFE.c 25 Ap 5470.7324228946999938
miniFE.c 25 Ap 6427.4105067679001877
miniFE.c 25 Ap 7024.8795832297000743
miniFE.c 25 Ap 7797.7765812907000509
miniFE.c 25 Ap 8179.2443669095000587
miniFE.c 25 Ap 20192.2487104374995397
miniFE.c 57 sum 5787878.1172925252467394
miniFE.c 57 sum 12523726.3537057451903820
miniFE.c 57 sum 19195581.2445636950433254
miniFE.c 57 sum 23958363.0489748232066631
miniFE.c 57 sum 27696295.9259048327803612
miniFE.c 57 sum 34119601.1661687791347504
miniFE.c 57 sum 36997688.3433333188295364
miniFE.c 57 sum 40736880.8826326504349709
miniFE.c 90 p_ap_dot 40736880.8826326504349709
miniFE.c 91 alpha 0.0075554146665357
miniFE.c 40 y 1.4960559690768644
miniFE.c 40 y 1.7364133536974977
miniFE.c 40 y 1.5927222109449219
miniFE.c 40 y 1.5310435833146578
miniFE.c 40 y 1.1881350443422027
miniFE.c 40 y 1.7044154170432526
miniFE.c 40 y 1.0776167052245185
miniFE.c 40 y 1.3991086657832119
miniFE.c 40 y -22.8341920847008168
miniFE.c 40 y 8.3838460730334816
miniFE.c 40 y -28.3185991735791163
miniFE.c 40 y 25.0636622389193064
miniFE.c 40 y -22.3339628394252259
miniFE.c 40 y 10.4592245797627754
miniFE.c 40 y -9.8317136233546023
miniFE.c 40 y 32.6187879428242127
miniFE.c 82 oldrtrans 307784.0272895599482581
miniFE.c 48 sum 521.4003281610134763
miniFE.c 48 sum 591.6892031373324699
miniFE.c 48 sum 1393.6322622911684448
miniFE.c 48 sum 2021.8194271177981136
miniFE.c 48 sum 2520.6253232306248719
miniFE.c 48 sum 2630.0207020405387084
miniFE.c 48 sum 2726.6832948121950722
miniFE.c 48 sum 3790.6686216711295856
miniFE.c 83 rtrans 3790.6686216711295856
miniFE.c 84 beta 0.0123160017595874
miniFE.c 40 y -20.3954870286829717
miniFE.c 40 y 11.2143551666283781
miniFE.c 40 y -25.7223194962485806
miniFE.c 40 y 27.5594002358854482
miniFE.c 40 y -20.3971964351193655
miniFE.c 40 y 13.2375741743056423
miniFE.c 40 y -8.0751019979874599
miniFE.c 40 y 34.8994602222639116
miniFE.c 87 normr 61.5684060348416793
miniFE.c 25 Ap -1368.4292874982456851
miniFE.c 25 Ap -1199.2321432039816500
miniFE.c 25 Ap -1438.9439174435749464
miniFE.c 25 Ap -1060.9256797020545946
miniFE.c 25 Ap -1347.7798160196766730
miniFE.c 25 Ap -1135.2320300473554653
miniFE.c 25 Ap -1175.5813121060032245
miniFE.c 25 Ap -951.9433723357420831
miniFE.c 25 Ap -307.7179303196057845
miniFE.c 25 Ap 437.3255860000654138
miniFE.c 25 Ap 67.1307354796406912
miniFE.c 25 Ap 231.4899275568180883
miniFE.c 25 Ap 8.4749366418326417
miniFE.c 25 Ap 136.2475237669610522
miniFE.c 25 Ap 44.2122755040787894
miniFE.c 25 Ap 286.8997017426002571
miniFE.c 25 Ap -190.0698878590337131
miniFE.c 25 Ap -28.6732247315731001
miniFE.c 25 Ap -1769.4077893294543173
miniFE.c 25 Ap -1504.5020113670821047
miniFE.c 25 Ap -1847.1377885795754992
miniFE.c 25 Ap -1633.0108923840014086
miniFE.c 25 Ap -1729.5240269578275729
miniFE.c 25 Ap -1298.4748608444083402
miniFE.c 25 Ap -279.7544938740596763
miniFE.c 25 Ap -212.8741431016387082
miniFE.c 25 Ap -460.1215795054919226
miniFE.c 25 Ap 1342.3103224958194915
miniFE.c 25 Ap 1267.4911214858009316
miniFE.c 25 Ap 1414.2414126489941282
miniFE.c 25 Ap 1403.7418985528449866
miniFE.c 25 Ap 1568.5032274470390803
miniFE.c 25 Ap -286.8300962340503588
miniFE.c 25 Ap -164.2167104406506724
miniFE.c 25 Ap -596.3048633561436418
miniFE.c 25 Ap -495.2138966380894090
miniFE.c 25 Ap -1852.8769918271427741
miniFE.c 25 Ap -1793.4507811808307451
miniFE.c 25 Ap -1906.9271975913131882
miniFE.c 25 Ap -1774.3323521893773886
miniFE.c 25 Ap -327.4780979273452886
miniFE.c 25 Ap -219.2341588405738548
miniFE.c 25 Ap -635.3104250928470265
miniFE.c 25 Ap -329.7899456118469175
miniFE.c 25 Ap -421.3571826287598014
miniFE.c 25 Ap 458.4552838631431086
miniFE.c 25 Ap 396.9856775050850501
miniFE.c 25 Ap 516.5559396536912118
miniFE.c 25 Ap -101.9111906015456981
miniFE.c 25 Ap 25.9034131181362568
miniFE.c 25 Ap -281.5282061618570424
miniFE.c 25 Ap -245.6945645149509971
miniFE.c 25 Ap -532.3294309708954870
miniFE.c 25 Ap -431.5618525758532655
miniFE.c 25 Ap -961.7585145801133422
miniFE.c 25 Ap -868.4179189464358615
miniFE.c 25 Ap -130.6955657954833043
miniFE.c 25 Ap -52.7120389735558916
miniFE.c 25 Ap -370.4127798660364306
miniFE.c 25 Ap -240.3040796892146318
miniFE.c 25 Ap -317.7999231986281643
miniFE.c 25 Ap -272.4462070049435169
miniFE.c 25 Ap -294.0435275793748815
miniFE.c 25 Ap 1969.9605378621695309
miniFE.c 57 sum 19415.3487025143513165
miniFE.c 57 sum 22632.7438550556216796
miniFE.c 57 sum 56032.5290835424093530
miniFE.c 57 sum 99259.5373000334220706
miniFE.c 57 sum 135450.9428288275375962
miniFE.c 57 sum 142288.8903951714164577
miniFE.c 57 sum 149301.4536675438866951
miniFE.c 57 sum 218052.0130980942922179
miniFE.c 90 p_ap_dot 218052.0130980942922179
miniFE.c 91 alpha 0.0173842404287542
miniFE.c 40 y 1.1414959189087022
miniFE.c 40 y 1.9313664001676072
miniFE.c 40 y 1.1455592244369051
miniFE.c 40 y 2.0101428230875555
miniFE.c 40 y 0.8335452774415597
miniFE.c 40 y 1.9345405891828491
miniFE.c 40 y 0.9372371906047912
miniFE.c 40 y 2.0058092731207910
miniFE.c 40 y -6.2853796254572032
miniFE.c 40 y 3.3963126790022500
miniFE.c 40 y -5.7456000019667748
miniFE.c 40 y -2.2035749802969455
miniFE.c 40 y 8.5114573715518738
miniFE.c 40 y 1.4792919299219651
miniFE.c 40 y 5.2650722722486112
miniFE.c 40 y -1.6274796825296747
miniFE.c 82 oldrtrans 3790.6686216711295856
miniFE.c 48 sum 39.5059970361125323
miniFE.c 48 sum 51.0409368496639715
miniFE.c 48 sum 84.0528562322645740
miniFE.c 48 sum 88.9085989260552623
miniFE.c 48 sum 161.3535055137999734
miniFE.c 48 sum 163.5418101277322194
miniFE.c 48 sum 191.2627961597333694
miniFE.c 48 sum 193.9114862767802663
miniFE.c 83 rtrans 193.9114862767802663
miniFE.c 84 beta 0.0511549559273513
miniFE.c 40 y -7.3287098655263465
miniFE.c 40 y 3.9699825233047896
miniFE.c 40 y -7.0614241221466205
miniFE.c 40 y -0.7937750758459894
miniFE.c 40 y 7.4680396868718146
miniFE.c 40 y 2.1564594533936146
miniFE.c 40 y 4.8519907854326956
miniFE.c 40 y 0.1578006670285867
miniFE.c 87 normr 13.9252104571808992
miniFE.c 25 Ap -491.7176631016292845
miniFE.c 25 Ap -431.8203532821420936
miniFE.c 25 Ap -497.6272687597644335
miniFE.c 25 Ap -508.5150766498551889
miniFE.c 25 Ap -403.4889726371052348
miniFE.c 25 Ap -368.8639970696360137
miniFE.c 25 Ap -344.6198024085435918
miniFE.c 25 Ap -343.6086057927823845
miniFE.c 25 Ap -110.5722765316220375
miniFE.c 25 Ap 153.1798246763436850
miniFE.c 25 Ap 51.5520205531331897
miniFE.c 25 Ap 46.8180920554016637
miniFE.c 25 Ap 128.4707254561802188
miniFE.c 25 Ap 149.2854457185499939
miniFE.c 25 Ap 204.5855740163484597
miniFE.c 25 Ap 205.6829043903998695
miniFE.c 25 Ap -68.2978082520413778
miniFE.c 25 Ap -11.1619388761145402
miniFE.c 25 Ap -489.0373904464360066
miniFE.c 25 Ap -496.6672953861059341
miniFE.c 25 Ap -371.2178204788895641
miniFE.c 25 Ap -336.3356008632250109
miniFE.c 25 Ap -278.3448981151805697
miniFE.c 25 Ap -276.3958752505971006
miniFE.c 25 Ap -100.5241755833934718
miniFE.c 25 Ap -76.8479302911879927
miniFE.c 25 Ap -144.7235747024826935
miniFE.c 25 Ap -196.6378220181900929
miniFE.c 25 Ap -169.2442160262993411
miniFE.c 25 Ap -145.3379437365176159
miniFE.c 25 Ap -139.0292252016021166
miniFE.c 25 Ap -138.2842438341414777
miniFE.c 25 Ap -103.0666516099418715
miniFE.c 25 Ap -59.6604109933113946
miniFE.c 25 Ap -178.2794844534722927
miniFE.c 25 Ap -181.1911403344838902
miniFE.c 25 Ap 315.8909909537095473
miniFE.c 25 Ap 325.5717838271003188
miniFE.c 25 Ap 393.7550125869111071
miniFE.c 25 Ap 394.3545506575781587
miniFE.c 25 Ap -117.6726970848372247
miniFE.c 25 Ap -79.3533697545481971
miniFE.c 25 Ap -193.5767773129140608
miniFE.c 25 Ap -202.3764804884843613
miniFE.c 25 Ap -168.8509044499016056
miniFE.c 25 Ap -25.5255575549493869
miniFE.c 25 Ap 11.4089559295620120
miniFE.c 25 Ap 11.9496023178919994
miniFE.c 25 Ap -36.6197456779885044
miniFE.c 25 Ap 8.6277728329507397
miniFE.c 25 Ap -75.7699445894983370
miniFE.c 25 Ap -76.8020371376907889
miniFE.c 25 Ap 28.1437854484252767
miniFE.c 25 Ap 44.5592702014668305
miniFE.c 25 Ap 363.1322515895637935
miniFE.c 25 Ap 363.5542984681697476
miniFE.c 25 Ap -46.9628345270143583
miniFE.c 25 Ap -19.3559651182401353
miniFE.c 25 Ap -106.5728148929738097
miniFE.c 25 Ap -110.3202492517448547
miniFE.c 25 Ap -81.9466422839046658
miniFE.c 25 Ap -74.5583210745519409
miniFE.c 25 Ap -61.5813951554374270
miniFE.c 25 Ap -51.3445218798388794
miniFE.c 57 sum 2518.2077791533174604
miniFE.c 57 sum 3334.7653149257748737
miniFE.c 57 sum 5286.5138156821694793
miniFE.c 57 sum 5396.2804018199203711
miniFE.c 57 sum 8341.3358368292156229
miniFE.c 57 sum 8367.1046697119272721
miniFE.c 57 sum 10131.0667758839354065
miniFE.c 57 sum 10122.9645760830335348
miniFE.c 90 p_ap_dot 10122.9645760830335348
miniFE.c 91 alpha 0.0191556025726815
miniFE.c 40 y 1.0011100653541891
miniFE.c 40 y 2.0074138076045251
miniFE.c 40 y 1.0102933903559177
miniFE.c 40 y 1.9949375832025495
miniFE.c 40 y 0.9766000776802893
miniFE.c 40 y 1.9758488694361593
miniFE.c 40 y 1.0301799977768529
miniFE.c 40 y 2.0088320399840947
miniFE.c 40 y 0.2966502676625371
miniFE.c 40 y -0.5436672934951052
miniFE.c 40 y -0.4510704629378708
miniFE.c 40 y 0.4453430366536564
miniFE.c 40 y 0.9573583264268963
miniFE.c 40 y 1.2503900970188317
miniFE.c 40 y -1.6990293827976943
miniFE.c 40 y -0.6439444271151293
miniFE.c 82 oldrtrans 193.9114862767802663
miniFE.c 48 sum 0.0880013813042549
miniFE.c 48 sum 0.3835755073205478
miniFE.c 48 sum 0.5870400698555329
miniFE.c 48 sum 0.7853704901514329
miniFE.c 48 sum 1.7019054553303405
miniFE.c 48 sum 3.2653808500531039
miniFE.c 48 sum 6.1520816936630176
miniFE.c 48 sum 6.5667461188756500
miniFE.c 83 rtrans 6.5667461188756500
miniFE.c 84 beta 0.0338646577619573
miniFE.c 40 y 0.0484660162298070
miniFE.c 40 y -0.4092251940224367
miniFE.c 40 y -0.6902031741463961
miniFE.c 40 y 0.4184621153701602
miniFE.c 40 y 1.2102609345755253
miniFE.c 40 y 1.3234178583855440
miniFE.c 40 y -1.5347183753848455
miniFE.c 40 y -0.6386005615315976
miniFE.c 87 normr 2.5625663150200912
miniFE.c 25 Ap 3.2518133037941950
miniFE.c 25 Ap -2.9223922722790205
miniFE.c 25 Ap -9.3545426654253792
miniFE.c 25 Ap -3.6147112445717307
miniFE.c 25 Ap 13.4056844853470594
miniFE.c 25 Ap 34.6550109867287119
miniFE.c 25 Ap 26.9864038750877349
miniFE.c 25 Ap 22.8942112449578801
miniFE.c 25 Ap 0.7312334431680247
miniFE.c 25 Ap -26.4562929897710504
miniFE.c 25 Ap -36.3896763659907592
miniFE.c 25 Ap -33.8940453069523500
miniFE.c 25 Ap -20.6615242500680409
miniFE.c 25 Ap -7.8875430517804404
miniFE.c 25 Ap -25.3793576105754326
miniFE.c 25 Ap -29.8201233326111321
miniFE.c 25 Ap 0.4516651285070284
miniFE.c 25 Ap -5.4378915871080604
miniFE.c 25 Ap -52.1467633125769510
miniFE.c 25 Ap -48.1244322287687822
miniFE.c 25 Ap -27.7942512028008863
miniFE.c 25 Ap -6.3870541850924276
miniFE.c 25 Ap -24.7299161245895789
miniFE.c 25 Ap -32.6173802221617990
miniFE.c 25 Ap 0.6647836269559856
miniFE.c 25 Ap -1.7757601327581267
miniFE.c 25 Ap -8.4101138282087629
miniFE.c 25 Ap 18.9580240872169981
miniFE.c 25 Ap 23.3973967444646966
miniFE.c 25 Ap 38.0686615465624101
miniFE.c 25 Ap 36.0731700691806481
miniFE.c 25 Ap 33.0583189373742528
miniFE.c 25 Ap 0.6815974573064302
miniFE.c 25 Ap -3.7927112163092245
miniFE.c 25 Ap -15.3868683721917314
miniFE.c 25 Ap -13.8519024652570621
miniFE.c 25 Ap 66.7045902688674630
miniFE.c 25 Ap 72.6456869826568550
miniFE.c 25 Ap 51.0788582935091711
miniFE.c 25 Ap 48.6525989132608316
miniFE.c 25 Ap 0.7781897429922733
miniFE.c 25 Ap -3.1717606836138956
miniFE.c 25 Ap -14.3362732656220118
miniFE.c 25 Ap -9.6972482854611073
miniFE.c 25 Ap -4.2641364261381165
miniFE.c 25 Ap 83.6945420185620463
miniFE.c 25 Ap 72.0118989474408835
miniFE.c 25 Ap 69.8239672125578181
miniFE.c 25 Ap 0.2421726635283206
miniFE.c 25 Ap -4.4219346550749403
miniFE.c 25 Ap -12.6712015802822187
miniFE.c 25 Ap -12.1271033286281291
miniFE.c 25 Ap 4.8802820962439721
miniFE.c 25 Ap 14.9544551311428879
miniFE.c 25 Ap -85.8123909035503516
miniFE.c 25 Ap -87.5203645055986215
miniFE.c 25 Ap 0.3105732853596258
miniFE.c 25 Ap -2.5351386098033850
miniFE.c 25 Ap -11.0599553482251274
miniFE.c 25 Ap -9.0843839846233703
miniFE.c 25 Ap -4.4861936259750630
miniFE.c 25 Ap 0.0480146182646930
miniFE.c 25 Ap -4.0566771556494734
miniFE.c 25 Ap -45.4840877314283532
miniFE.c 57 sum 1.1095912137667587
miniFE.c 57 sum 13.3127369703275420
miniFE.c 57 sum 35.8253563320034942
miniFE.c 57 sum 49.6590104051185506
miniFE.c 57 sum 108.5413502354097943
miniFE.c 57 sum 200.9476353878355042
miniFE.c 57 sum 335.2667470149573319
miniFE.c 57 sum 364.3129109809999022
miniFE.c 90 p_ap_dot 364.3129109809999022
miniFE.c 91 alpha 0.0180250161905959
miniFE.c 40 y 1.0019836660814250
miniFE.c 40 y 2.0000375168566711
miniFE.c 40 y 0.9978524669671283
miniFE.c 40 y 2.0024803696072477
miniFE.c 40 y 0.9984150506208589
miniFE.c 40 y 1.9997034977604826
miniFE.c 40 y 1.0025166742125360
miniFE.c 40 y 1.9973212545231640
miniFE.c 40 y -0.1160182606987517
miniFE.c 40 y -0.0061590876192227
miniFE.c 40 y 0.1368583436614185
miniFE.c 40 y -0.1505336974263980
miniFE.c 40 y 0.0803944433008008
miniFE.c 40 y -0.0081880424791609
miniFE.c 40 y -0.1214733955774234
miniFE.c 40 y 0.1759069906583516
miniFE.c 82 oldrtrans 6.5667461188756500
miniFE.c 48 sum 0.0134602368155635
miniFE.c 48 sum 0.0134981711758648
miniFE.c 48 sum 0.0322283774056117
miniFE.c 48 sum 0.0548887714664740
miniFE.c 48 sum 0.0613520379801197
miniFE.c 48 sum 0.0614190820197602
miniFE.c 48 sum 0.0761748678528694
miniFE.c 48 sum 0.1071181372153468
miniFE.c 83 rtrans 0.1071181372153468
miniFE.c 84 beta 0.0163122093158807
miniFE.c 40 y -0.1152276728973042
miniFE.c 40 y -0.0128344546414486
miniFE.c 40 y 0.1255996050142572
miniFE.c 40 y -0.1437076558097137
miniFE.c 40 y 0.1001364729924302
miniFE.c 40 y 0.0133998266391986
miniFE.c 40 y -0.1465080429576294
miniFE.c 40 y 0.1654900046294092
miniFE.c 87 normr 0.3272890728627322
miniFE.c 25 Ap -7.7311672970194838
miniFE.c 25 Ap -7.9248077731450710
miniFE.c 25 Ap -6.7543183013013408
miniFE.c 25 Ap -8.7254829251387207
miniFE.c 25 Ap -7.3172226494922477
miniFE.c 25 Ap -7.1020696730426192
miniFE.c 25 Ap -7.8341340297072399
miniFE.c 25 Ap -6.7736636541716937
miniFE.c 25 Ap -1.7385032762217214
miniFE.c 25 Ap -2.5911806771092367
miniFE.c 25 Ap -0.7835549297321978
miniFE.c 25 Ap -1.6406009467726614
miniFE.c 25 Ap -0.5457478042978969
miniFE.c 25 Ap -0.4164091132224658
miniFE.c 25 Ap -2.0862213471081805
miniFE.c 25 Ap -0.9354200729357225
miniFE.c 25 Ap -1.0738312272243047
miniFE.c 25 Ap -1.2585443133903931
miniFE.c 25 Ap 7.2412946603088990
miniFE.c 25 Ap 5.8599515238261635
miniFE.c 25 Ap 7.5420620217181442
miniFE.c 25 Ap 7.7588134634875630
miniFE.c 25 Ap 6.0077581245405538
miniFE.c 25 Ap 8.0517533050191741
miniFE.c 25 Ap -1.5805192230191436
miniFE.c 25 Ap -1.6570615489610887
miniFE.c 25 Ap -0.4497761656331711
miniFE.c 25 Ap -9.8485025956798822
miniFE.c 25 Ap -9.4811907974586731
miniFE.c 25 Ap -9.3326417933174479
miniFE.c 25 Ap -9.5231363855363753
miniFE.c 25 Ap -8.7418534399608046
miniFE.c 25 Ap -1.6204940073006764
miniFE.c 25 Ap -1.7608209289129648
miniFE.c 25 Ap 0.3490238440454296
miniFE.c 25 Ap -0.1781119327220509
miniFE.c 25 Ap 6.4870978816100733
miniFE.c 25 Ap 6.5472524771575502
miniFE.c 25 Ap 4.4884292332792368
miniFE.c 25 Ap 5.1171816964879273
miniFE.c 25 Ap -1.8501416071082746
miniFE.c 25 Ap -1.9740231772724708
miniFE.c 25 Ap 0.0576370975605989
miniFE.c 25 Ap -1.5354901669037484
miniFE.c 25 Ap -1.0859568113908198
miniFE.c 25 Ap -0.1953605155165691
miniFE.c 25 Ap -1.3106147539323110
miniFE.c 25 Ap -0.7436236569213300
miniFE.c 25 Ap -0.5757641050049503
miniFE.c 25 Ap -0.7220436466799426
miniFE.c 25 Ap 0.7791152964741584
miniFE.c 25 Ap 0.5922618600377270
miniFE.c 25 Ap 1.9994456685995308
miniFE.c 25 Ap 2.1014483515356774
miniFE.c 25 Ap -7.5180060345849435
miniFE.c 25 Ap -7.0753935842733249
miniFE.c 25 Ap -0.7383861872693176
miniFE.c 25 Ap -0.8276357270693960
miniFE.c 25 Ap 0.7236663463945469
miniFE.c 25 Ap 0.0452184795025258
miniFE.c 25 Ap 0.4256707865286395
miniFE.c 25 Ap 0.4715804015711302
miniFE.c 25 Ap 0.0797362897225018
miniFE.c 25 Ap 10.8154336582423696
miniFE.c 57 sum 0.7805134998592540
miniFE.c 57 sum 0.7925191063560481
miniFE.c 57 sum 1.8038161411386961
miniFE.c 57 sum 3.0600874064275452
miniFE.c 57 sum 3.5725039331752666
miniFE.c 57 sum 3.5625395050877140
miniFE.c 57 sum 4.5991415722745659
miniFE.c 57 sum 6.3889877384461640
miniFE.c 90 p_ap_dot 6.3889877384461640
miniFE.c 91 alpha 0.0167660577231595
miniFE.c 40 y 1.0000517522663235
miniFE.c 40 y 1.9998223336493073
miniFE.c 40 y 0.9999582771948033
miniFE.c 40 y 2.0000709587546823
miniFE.c 40 y 1.0000939445072436
miniFE.c 40 y 1.9999281600273957
miniFE.c 40 y 1.0000603119074012
miniFE.c 40 y 2.0000958694933866
miniFE.c 40 y -0.0024506248756413
miniFE.c 40 y 0.0095242193190197
miniFE.c 40 y 0.0018621829768265
miniFE.c 40 y -0.0039672780446144
miniFE.c 40 y -0.0054005204024112
miniFE.c 40 y 0.0042795946770891
miniFE.c 40 y -0.0028469383294243
miniFE.c 40 y -0.0054251943567424
miniFE.c 82 oldrtrans 0.1071181372153468
miniFE.c 48 sum 0.0000060055622811
miniFE.c 48 sum 0.0000967163159179
miniFE.c 48 sum 0.0001001840413571
miniFE.c 48 sum 0.0001159233364404
miniFE.c 48 sum 0.0001450889570572
miniFE.c 48 sum 0.0001634038876574
miniFE.c 48 sum 0.0001715089455089
miniFE.c 48 sum 0.0002009416793174
miniFE.c 83 rtrans 0.0002009416793174
miniFE.c 84 beta 0.0018758884773491
miniFE.c 40 y -0.0026667791395011
miniFE.c 40 y 0.0095001433134448
miniFE.c 40 y 0.0020977938286323
miniFE.c 40 y -0.0042368575802547
miniFE.c 40 y -0.0052126755465623
miniFE.c 40 y 0.0043047312574800
miniFE.c 40 y -0.0031217710790474
miniFE.c 40 y -0.0051147535639417
miniFE.c 87 normr 0.0141753899176484
miniFE.c 25 Ap -0.1789267729988774
miniFE.c 25 Ap -0.0355928857501135
miniFE.c 25 Ap -0.0160430982310035
miniFE.c 25 Ap -0.0741579128619917
miniFE.c 25 Ap -0.1474659062702716
miniFE.c 25 Ap -0.0783474193076697
miniFE.c 25 Ap -0.0939461351904421
miniFE.c 25 Ap -0.1267217982576549
miniFE.c 25 Ap -0.0402351636061802
miniFE.c 25 Ap 0.5909219626503927
miniFE.c 25 Ap 0.6211133484982541
miniFE.c 25 Ap 0.5958455094714096
miniFE.c 25 Ap 0.5388521479887604
miniFE.c 25 Ap 0.5804025591444718
miniFE.c 25 Ap 0.5448224542304257
miniFE.c 25 Ap 0.5092549591926245
miniFE.c 25 Ap -0.0248522828249677
miniFE.c 25 Ap 0.1118734947378303
miniFE.c 25 Ap 0.2538397830981379
miniFE.c 25 Ap 0.2131143665866529
miniFE.c 25 Ap 0.1255509044739007
miniFE.c 25 Ap 0.1951829028282075
miniFE.c 25 Ap 0.1578716821976972
miniFE.c 25 Ap 0.0946984914213476
miniFE.c 25 Ap -0.0365788493991758
miniFE.c 25 Ap 0.0200782572958393
miniFE.c 25 Ap 0.0402426186905731
miniFE.c 25 Ap -0.2368551120845486
miniFE.c 25 Ap -0.2559757898090004
miniFE.c 25 Ap -0.2082540126090154
miniFE.c 25 Ap -0.2123130423844384
miniFE.c 25 Ap -0.2364599371729069
miniFE.c 25 Ap -0.0375040084182515
miniFE.c 25 Ap 0.0663668535150616
miniFE.c 25 Ap 0.1016059718513163
miniFE.c 25 Ap 0.0860647037188930
miniFE.c 25 Ap -0.2608975486314836
miniFE.c 25 Ap -0.2415727189372855
miniFE.c 25 Ap -0.2854418112400795
miniFE.c 25 Ap -0.3048744888161986
miniFE.c 25 Ap -0.0428188725754858
miniFE.c 25 Ap 0.0488790377240046
miniFE.c 25 Ap 0.0828123003798740
miniFE.c 25 Ap 0.0358429632995039
miniFE.c 25 Ap 0.0124421837471475
miniFE.c 25 Ap 0.2985486995904806
miniFE.c 25 Ap 0.2747850320334836
miniFE.c 25 Ap 0.2572611958316883
miniFE.c 25 Ap -0.0133252339988605
miniFE.c 25 Ap 0.0949517944032283
miniFE.c 25 Ap 0.1200245003754119
miniFE.c 25 Ap 0.1145155983332646
miniFE.c 25 Ap 0.0412636411871102
miniFE.c 25 Ap 0.0740322843498185
miniFE.c 25 Ap -0.1309375855124940
miniFE.c 25 Ap -0.1446172854602092
miniFE.c 25 Ap -0.0170888887330090
miniFE.c 25 Ap 0.0489741768546414
miniFE.c 25 Ap 0.0748843850570299
miniFE.c 25 Ap 0.0548820617886351
miniFE.c 25 Ap 0.0350773455029101
miniFE.c 25 Ap 0.0498259359297564
miniFE.c 25 Ap 0.0414765812378925
miniFE.c 25 Ap -0.2903286326177738
miniFE.c 57 sum 0.0003379390481136
miniFE.c 57 sum 0.0051759341435260
miniFE.c 57 sum 0.0053745920544105
miniFE.c 57 sum 0.0063764391316481
miniFE.c 57 sum 0.0079656509242710
miniFE.c 57 sum 0.0090730912353043
miniFE.c 57 sum 0.0095245532945843
miniFE.c 57 sum 0.0110095127029804
miniFE.c 90 p_ap_dot 0.0110095127029804
miniFE.c 91 alpha 0.0182516415338682
miniFE.c 40 y 1.0000030791694192
miniFE.c 40 y 1.9999957268595847
miniFE.c 40 y 0.9999965653757755
miniFE.c 40 y 1.9999936291488976
miniFE.c 40 y 0.9999988046217354
miniFE.c 40 y 2.0000067284392067
miniFE.c 40 y 1.0000033344607155
miniFE.c 40 y 2.0000025168448032
miniFE.c 40 y -0.0001377440393154
miniFE.c 40 y 0.0002294803544913
miniFE.c 40 y 0.0001337800576059
miniFE.c 40 y 0.0003485039657864
miniFE.c 40 y 0.0001639394802834
miniFE.c 40 y -0.0004158444498052
miniFE.c 40 y -0.0002074354756034
miniFE.c 40 y -0.0001262202271847
