filename line variable value
miniFE.c 167 A 67.0947100000000063
miniFE.c 167 A 15.0875500000000002
miniFE.c 167 A 9.3192129999999995
miniFE.c 167 A 13.7164900000000003
miniFE.c 167 A 14.0634099999999993
miniFE.c 167 A 16.0564000000000000
miniFE.c 167 A 4.9967519999999999
miniFE.c 167 A 6.4080630000000003
miniFE.c 167 A 15.0875500000000002
miniFE.c 167 A 66.4365899999999954
miniFE.c 167 A 14.3919700000000006
miniFE.c 167 A 5.9638159999999996
miniFE.c 167 A 10.9336099999999998
miniFE.c 167 A 9.6522659999999991
miniFE.c 167 A 11.3974100000000007
miniFE.c 167 A 6.9539020000000002
miniFE.c 167 A 9.3192129999999995
miniFE.c 167 A 14.3919700000000006
miniFE.c 167 A 67.6740900000000067
miniFE.c 167 A 9.6121750000000006
miniFE.c 167 A 16.7981799999999986
miniFE.c 167 A 16.1756899999999995
miniFE.c 167 A 11.9519400000000005
miniFE.c 167 A 12.3511699999999998
miniFE.c 167 A 13.7164900000000003
miniFE.c 167 A 5.9638159999999996
miniFE.c 167 A 9.6121750000000006
miniFE.c 167 A 65.4017099999999942
miniFE.c 167 A 3.6681119999999998
miniFE.c 167 A 11.0858899999999991
miniFE.c 167 A 1.3002330000000000
miniFE.c 167 A 4.7210279999999996
miniFE.c 167 A 14.0634099999999993
miniFE.c 167 A 10.9336099999999998
miniFE.c 167 A 16.7981799999999986
miniFE.c 167 A 3.6681119999999998
miniFE.c 167 A 66.5612600000000043
miniFE.c 167 A 4.4892070000000004
miniFE.c 167 A 14.0214099999999995
miniFE.c 167 A 3.7993380000000001
miniFE.c 167 A 16.0564000000000000
miniFE.c 167 A 9.6522659999999991
miniFE.c 167 A 16.1756899999999995
miniFE.c 167 A 11.0858899999999991
miniFE.c 167 A 4.4892070000000004
miniFE.c 167 A 66.4632699999999943
miniFE.c 167 A 7.6122389999999998
miniFE.c 167 A 3.4261349999999999
miniFE.c 167 A 4.9967519999999999
miniFE.c 167 A 11.3974100000000007
miniFE.c 167 A 11.9519400000000005
miniFE.c 167 A 1.3002330000000000
miniFE.c 167 A 14.0526599999999995
miniFE.c 167 A 7.6122389999999998
miniFE.c 167 A 65.6581999999999937
miniFE.c 167 A 2.6745570000000001
miniFE.c 167 A 6.4080630000000003
miniFE.c 167 A 6.9539020000000002
miniFE.c 167 A 12.3511699999999998
miniFE.c 167 A 4.7210279999999996
miniFE.c 167 A 3.7993380000000001
miniFE.c 167 A 3.4261349999999999
miniFE.c 167 A 2.6745570000000001
miniFE.c 167 A 64.8721800000000002
miniFE.c 175 b 198.0110999999999990
miniFE.c 175 b 229.8237000000000023
miniFE.c 175 b 210.8053999999999917
miniFE.c 175 b 202.6418999999999926
miniFE.c 175 b 157.2561000000000035
miniFE.c 175 b 225.5886000000000138
miniFE.c 175 b 142.6283999999999992
miniFE.c 175 b 185.1795999999999935
miniFE.c 33 r 0.0000000000000000
miniFE.c 33 r 0.0000000000000000
miniFE.c 33 r 0.0000000000000000
miniFE.c 33 r 0.0000000000000000
miniFE.c 33 r 0.0000000000000000
miniFE.c 33 r 0.0000000000000000
miniFE.c 33 r 0.0000000000000000
miniFE.c 33 r 0.0000000000000000
miniFE.c 25 Ap 0.0000000000000000
miniFE.c 25 Ap 0.0000000000000000
miniFE.c 25 Ap 0.0000000000000000
miniFE.c 25 Ap 0.0000000000000000
miniFE.c 25 Ap 0.0000000000000000
miniFE.c 25 Ap 0.0000000000000000
miniFE.c 25 Ap 0.0000000000000000
miniFE.c 25 Ap 0.0000000000000000
miniFE.c 25 Ap 0.0000000000000000
miniFE.c 25 Ap 0.0000000000000000
miniFE.c 25 Ap 0.0000000000000000
miniFE.c 25 Ap 0.0000000000000000
miniFE.c 25 Ap 0.0000000000000000
miniFE.c 25 Ap 0.0000000000000000
miniFE.c 25 Ap 0.0000000000000000
miniFE.c 25 Ap 0.0000000000000000
miniFE.c 25 Ap 0.0000000000000000
miniFE.c 25 Ap 0.0000000000000000
miniFE.c 25 Ap 0.0000000000000000
miniFE.c 25 Ap 0.0000000000000000
miniFE.c 25 Ap 0.0000000000000000
miniFE.c 25 Ap 0.0000000000000000
miniFE.c 25 Ap 0.0000000000000000
miniFE.c 25 Ap 0.0000000000000000
miniFE.c 25 Ap 0.0000000000000000
miniFE.c 25 Ap 0.0000000000000000
miniFE.c 25 Ap 0.0000000000000000
miniFE.c 25 Ap 0.0000000000000000
miniFE.c 25 Ap 0.0000000000000000
miniFE.c 25 Ap 0.0000000000000000
miniFE.c 25 Ap 0.0000000000000000
miniFE.c 25 Ap 0.0000000000000000
miniFE.c 25 Ap 0.0000000000000000
miniFE.c 25 Ap 0.0000000000000000
miniFE.c 25 Ap 0.0000000000000000
miniFE.c 25 Ap 0.0000000000000000
miniFE.c 25 Ap 0.0000000000000000
miniFE.c 25 Ap 0.0000000000000000
miniFE.c 25 Ap 0.0000000000000000
miniFE.c 25 Ap 0.0000000000000000
miniFE.c 25 Ap 0.0000000000000000
miniFE.c 25 Ap 0.0000000000000000
miniFE.c 25 Ap 0.0000000000000000
miniFE.c 25 Ap 0.0000000000000000
miniFE.c 25 Ap 0.0000000000000000
miniFE.c 25 Ap 0.0000000000000000
miniFE.c 25 Ap 0.0000000000000000
miniFE.c 25 Ap 0.0000000000000000
miniFE.c 25 Ap 0.0000000000000000
miniFE.c 25 Ap 0.0000000000000000
miniFE.c 25 Ap 0.0000000000000000
miniFE.c 25 Ap 0.0000000000000000
miniFE.c 25 Ap 0.0000000000000000
miniFE.c 25 Ap 0.0000000000000000
miniFE.c 25 Ap 0.0000000000000000
miniFE.c 25 Ap 0.0000000000000000
miniFE.c 25 Ap 0.0000000000000000
miniFE.c 25 Ap 0.0000000000000000
miniFE.c 25 Ap 0.0000000000000000
miniFE.c 25 Ap 0.0000000000000000
miniFE.c 25 Ap 0.0000000000000000
miniFE.c 25 Ap 0.0000000000000000
miniFE.c 25 Ap 0.0000000000000000
miniFE.c 25 Ap 0.0000000000000000
miniFE.c 33 r 198.0110999999999990
miniFE.c 33 r 229.8237000000000023
miniFE.c 33 r 210.8053999999999917
miniFE.c 33 r 202.6418999999999926
miniFE.c 33 r 157.2561000000000035
miniFE.c 33 r 225.5886000000000138
miniFE.c 33 r 142.6283999999999992
miniFE.c 33 r 185.1795999999999935
miniFE.c 48 sum 39208.3957232100001420
miniFE.c 48 sum 92027.3288048999966122
miniFE.c 48 sum 136466.2454740600078367
miniFE.c 48 sum 177529.9851096700003836
miniFE.c 48 sum 202259.4660968800017145
miniFE.c 48 sum 253149.6825468399911188
miniFE.c 48 sum 273492.5430333999684080
miniFE.c 48 sum 307784.0272895599482581
miniFE.c 75 rtrans 307784.0272895599482581
miniFE.c 76 normr 554.7828649927464539
miniFE.c 33 r 198.0110999999999990
miniFE.c 33 r 229.8237000000000023
miniFE.c 33 r 210.8053999999999917
miniFE.c 33 r 202.6418999999999926
miniFE.c 33 r 157.2561000000000035
miniFE.c 33 r 225.5886000000000138
miniFE.c 33 r 142.6283999999999992
miniFE.c 33 r 185.1795999999999935
miniFE.c 87 normr 554.7828649927464539
miniFE.c 25 Ap 13285.4973312810016068
miniFE.c 25 Ap 16752.9738962160008668
miniFE.c 25 Ap 18717.5143203662009910
miniFE.c 25 Ap 21497.0499152972006414
miniFE.c 25 Ap 23708.6069245981998392
miniFE.c 25 Ap 27330.7477216381994367
miniFE.c 25 Ap 28043.4264645949988335
miniFE.c 25 Ap 29230.0690077097970061
miniFE.c 25 Ap 2987.5023718050001662
miniFE.c 25 Ap 18256.2053009880000900
miniFE.c 25 Ap 21290.1102936259994749
miniFE.c 25 Ap 22498.6292991164009436
miniFE.c 25 Ap 24218.0061666374022025
miniFE.c 25 Ap 26395.4473404050004319
miniFE.c 25 Ap 28021.0416928490012651
miniFE.c 25 Ap 29308.7624836482027604
miniFE.c 25 Ap 1845.3076172643000064
miniFE.c 25 Ap 5152.9234129532997031
miniFE.c 25 Ap 19418.9870250392996240
miniFE.c 25 Ap 21366.8164301717988565
miniFE.c 25 Ap 24008.4327040697971825
miniFE.c 25 Ap 27657.4839652037990163
miniFE.c 25 Ap 29362.1700442997971550
miniFE.c 25 Ap 31649.3547644317950471
miniFE.c 25 Ap 2716.0172730389999742
miniFE.c 25 Ap 4086.6435322781999275
miniFE.c 25 Ap 6112.9419280231995799
miniFE.c 25 Ap 19366.0687056721981207
miniFE.c 25 Ap 19942.9016931553996983
miniFE.c 25 Ap 22443.7520980093977414
miniFE.c 25 Ap 22629.2022504265987664
miniFE.c 25 Ap 23503.4403270553993934
miniFE.c 25 Ap 2784.7112838509997346
miniFE.c 25 Ap 5297.5139884079999320
miniFE.c 25 Ap 8838.6610425799990480
miniFE.c 25 Ap 9581.9742276727993158
miniFE.c 25 Ap 20049.1383863587980159
miniFE.c 25 Ap 21061.8523085989982064
miniFE.c 25 Ap 23061.7035826429964800
miniFE.c 25 Ap 23765.2634737477965245
miniFE.c 25 Ap 3179.3454260399998930
miniFE.c 25 Ap 5397.6649115441996400
miniFE.c 25 Ap 8807.5877122702004272
miniFE.c 25 Ap 11054.0535250612010714
miniFE.c 25 Ap 11760.0087099739012046
miniFE.c 25 Ap 26753.3647406958989450
miniFE.c 25 Ap 27839.0862096834971453
miniFE.c 25 Ap 28473.5365185294976982
miniFE.c 25 Ap 989.4123599472000024
miniFE.c 25 Ap 3608.8072965641999872
miniFE.c 25 Ap 6128.3407890401995246
miniFE.c 25 Ap 6391.8224746028990921
miniFE.c 25 Ap 8601.6889808288997301
miniFE.c 25 Ap 10318.9233197042995016
miniFE.c 25 Ap 19683.6473325842962367
miniFE.c 25 Ap 20178.9207280214977800
miniFE.c 25 Ap 1268.8676034993000030
miniFE.c 25 Ap 2867.0390905766998912
miniFE.c 25 Ap 5470.7324228946999938
miniFE.c 25 Ap 6427.4105067679001877
miniFE.c 25 Ap 7024.8795832297000743
miniFE.c 25 Ap 7797.7765812907000509
miniFE.c 25 Ap 8179.2443669095000587
miniFE.c 25 Ap 20192.2487104374995397
miniFE.c 57 sum 5787878.1172925252467394
miniFE.c 57 sum 12523726.3537057451903820
miniFE.c 57 sum 19195581.2445636950433254
miniFE.c 57 sum 23958363.0489748232066631
miniFE.c 57 sum 27695595.6983288526535034
miniFE.c 57 sum 34118900.9385927990078926
miniFE.c 57 sum 36996988.1157573387026787
miniFE.c 57 sum 40736180.6550566703081131
miniFE.c 90 p_ap_dot 40736180.6550566703081131
miniFE.c 91 alpha 0.0075555445390375
miniFE.c 40 y 1.4960816852738155
miniFE.c 40 y 1.7364432014764009
miniFE.c 40 y 1.5927495887696232
miniFE.c 40 y 1.5310699009251905
miniFE.c 40 y 1.1881554675853407
miniFE.c 40 y 1.7044447147991231
miniFE.c 40 y 1.0776352287316613
miniFE.c 40 y 1.3991327155211553
miniFE.c 40 y -22.8379882668920970
miniFE.c 40 y 8.3800396707236189
miniFE.c 40 y -28.3227095544642680
miniFE.c 40 y 25.0606097883219832
miniFE.c 40 y -22.3034066578633769
miniFE.c 40 y 10.4555266503386122
miniFE.c 40 y -9.8343343102741585
miniFE.c 40 y 32.6161655249662203
miniFE.c 82 oldrtrans 307784.0272895599482581
miniFE.c 48 sum 521.5737080787010882
miniFE.c 48 sum 591.7987729616027082
miniFE.c 48 sum 1393.9746494681442073
miniFE.c 48 sum 2022.0088124306837472
miniFE.c 48 sum 2519.4507609767083522
miniFE.c 48 sum 2628.7687985126494823
miniFE.c 48 sum 2725.4829298388849566
miniFE.c 48 sum 3789.2971833908800363
miniFE.c 83 rtrans 3789.2971833908800363
miniFE.c 84 beta 0.0123115459134140
miniFE.c 40 y -20.4001655178764878
miniFE.c 40 y 11.2095247052643003
miniFE.c 40 y -25.7273691935686664
miniFE.c 40 y 27.5554448441534277
miniFE.c 40 y -20.3673409625489548
miniFE.c 40 y 13.2328710567813950
miniFE.c 40 y -8.0783582151173832
miniFE.c 40 y 34.8960126725938551
miniFE.c 87 normr 61.5572675107568443
miniFE.c 25 Ap -1368.7431893739228599
miniFE.c 25 Ap -1199.6189249070125697
miniFE.c 25 Ap -1439.3777583515172864
miniFE.c 25 Ap -1061.4137747011352531
miniFE.c 25 Ap -1347.8480412672558941
miniFE.c 25 Ap -1135.3757704311510679
miniFE.c 25 Ap -1175.7413229992553170
miniFE.c 25 Ap -952.1254753444754897
miniFE.c 25 Ap -307.7885172592373806
miniFE.c 25 Ap 436.9340796792777724
miniFE.c 25 Ap 66.6665540665132994
miniFE.c 25 Ap 231.0021569151930123
miniFE.c 25 Ap 8.3135940936581392
miniFE.c 25 Ap 136.0407854774132375
miniFE.c 25 Ap 43.9684247728522166
miniFE.c 25 Ap 286.6318770888279914
miniFE.c 25 Ap -190.1134876963462830
miniFE.c 25 Ap -28.7863444239236230
miniFE.c 25 Ap -1769.8626426927171451
miniFE.c 25 Ap -1504.9948846478666837
miniFE.c 25 Ap -1847.1291442581373303
miniFE.c 25 Ap -1633.0783242336690364
miniFE.c 25 Ap -1729.6303769192591062
miniFE.c 25 Ap -1298.6237920778980879
miniFE.c 25 Ap -279.8186663242976806
miniFE.c 25 Ap -212.9671235346471576
miniFE.c 25 Ap -460.2630985128380416
miniFE.c 25 Ap 1341.9101141054795789
miniFE.c 25 Ap 1267.2004263126623300
miniFE.c 25 Ap 1413.8985792323246642
miniFE.c 25 Ap 1403.3948312952079505
miniFE.c 25 Ap 1568.1398842108783356
miniFE.c 25 Ap -286.8958917457593429
miniFE.c 25 Ap -164.3353203330345309
miniFE.c 25 Ap -596.5082989730558438
miniFE.c 25 Ap -495.4318410748785482
miniFE.c 25 Ap -1851.1077183917498132
miniFE.c 25 Ap -1791.7026210135493329
miniFE.c 25 Ap -1904.9725936745783201
miniFE.c 25 Ap -1772.3908466791108367
miniFE.c 25 Ap -327.5532176212320223
miniFE.c 25 Ap -219.3559034324493950
miniFE.c 25 Ap -635.5138520231661232
miniFE.c 25 Ap -330.0372215798141156
miniFE.c 25 Ap -421.4704312002756410
miniFE.c 25 Ap 458.0294507217715250
miniFE.c 25 Ap 396.5350572606845958
miniFE.c 25 Ap 516.0935076387019080
miniFE.c 25 Ap -101.9345678517803719
miniFE.c 25 Ap 25.8249811192460186
miniFE.c 25 Ap -281.6669918401350969
miniFE.c 25 Ap -245.8384931240869378
miniFE.c 25 Ap -532.0538107748600396
miniFE.c 25 Ap -431.3220336344575117
miniFE.c 25 Ap -961.7324929942776635
miniFE.c 25 Ap -868.4011180287030811
miniFE.c 25 Ap -130.7255458489801754
miniFE.c 25 Ap -52.7756095819933506
miniFE.c 25 Ap -370.5387201445228698
miniFE.c 25 Ap -240.4486934828189248
miniFE.c 25 Ap -317.8311059607877382
miniFE.c 25 Ap -272.4935032826620045
miniFE.c 25 Ap -294.0995327954117329
miniFE.c 25 Ap 1969.6808825833779792
miniFE.c 57 sum 19423.5172908141285006
miniFE.c 57 sum 22636.5243983576256142
miniFE.c 57 sum 56046.6981406978593441
miniFE.c 57 sum 99257.4902279878588160
miniFE.c 57 sum 135356.3789212021511048
miniFE.c 57 sum 142185.7777610271295998
miniFE.c 57 sum 149201.0330668714304920
miniFE.c 57 sum 217935.0421064668335021
miniFE.c 90 p_ap_dot 217935.0421064668335021
miniFE.c 91 alpha 0.0173872780933491
miniFE.c 40 y 1.1413783342641464
miniFE.c 40 y 1.9313463248210980
miniFE.c 40 y 1.1454206659907826
miniFE.c 40 y 2.0101840834164282
miniFE.c 40 y 0.8340228462474419
miniFE.c 40 y 1.9345283238368114
miniFE.c 40 y 0.9371745679077242
miniFE.c 40 y 2.0058793922085782
miniFE.c 40 y -6.2831178473155163
miniFE.c 40 y 3.3962915133615139
miniFE.c 40 y -5.7431765429663173
miniFE.c 40 y -2.2050744677247849
miniFE.c 40 y 8.5136458834527566
miniFE.c 40 y 1.4820653108525246
miniFE.c 40 y 5.2647974254661598
miniFE.c 40 y -1.6312237356642285
miniFE.c 82 oldrtrans 3789.2971833908800363
miniFE.c 48 sum 39.4775698832547661
miniFE.c 48 sum 51.0123659269862060
miniFE.c 48 sum 83.9964427306647394
miniFE.c 48 sum 88.8587961388764853
miniFE.c 48 sum 161.3409623677085563
miniFE.c 48 sum 163.5374799533409487
miniFE.c 48 sum 191.2555718845360389
miniFE.c 48 sum 193.9164627603304041
miniFE.c 83 rtrans 193.9164627603304041
miniFE.c 84 beta 0.0511747834427710
miniFE.c 40 y -7.3270918998895294
miniFE.c 40 y 3.9699365126498058
miniFE.c 40 y -7.0597690899994117
miniFE.c 40 y -0.7949305451560125
miniFE.c 40 y 7.4713516203892345
miniFE.c 40 y 2.1592546215094246
miniFE.c 40 y 4.8513891932343975
miniFE.c 40 y 0.1545721558719546
miniFE.c 87 normr 13.9253891421507650
miniFE.c 25 Ap -491.6091061664370727
miniFE.c 25 Ap -431.7124905350074755
miniFE.c 25 Ap -497.5039824155281849
miniFE.c 25 Ap -508.4076392888551936
miniFE.c 25 Ap -403.3349581971570501
miniFE.c 25 Ap -368.6651022923531400
miniFE.c 25 Ap -344.4239136382807942
miniFE.c 25 Ap -343.4334055254074656
miniFE.c 25 Ap -110.5478653941782738
miniFE.c 25 Ap 153.2011790227666950
miniFE.c 25 Ap 51.5971940725678593
miniFE.c 25 Ap 46.8563745684777118
miniFE.c 25 Ap 128.5452193586816350
miniFE.c 25 Ap 149.3869193272199141
miniFE.c 25 Ap 204.6801910320815807
miniFE.c 25 Ap 205.7550706559438822
miniFE.c 25 Ap -68.2827300856451984
miniFE.c 25 Ap -11.1475228936845667
miniFE.c 25 Ap -488.9109716695229508
miniFE.c 25 Ap -496.5519831824079233
miniFE.c 25 Ap -371.0468738198179040
miniFE.c 25 Ap -336.1194404312141160
miniFE.c 25 Ap -278.1359278770281662
miniFE.c 25 Ap -276.2267809025871657
miniFE.c 25 Ap -100.5019827739157279
miniFE.c 25 Ap -76.8260118807906167
miniFE.c 25 Ap -144.6857478334557072
miniFE.c 25 Ap -196.6755648178911429
miniFE.c 25 Ap -169.2698102829219522
miniFE.c 25 Ap -145.3325510668768459
miniFE.c 25 Ap -139.0246147419900922
miniFE.c 25 Ap -138.2948752660982166
miniFE.c 25 Ap -103.0438974958254050
miniFE.c 25 Ap -59.6381599417523631
miniFE.c 25 Ap -178.2294318739986636
miniFE.c 25 Ap -181.1453261458519819
miniFE.c 25 Ap 316.1572516102971804
miniFE.c 25 Ap 325.8505925719596235
miniFE.c 25 Ap 393.8739095198683344
miniFE.c 25 Ap 394.4611813854145907
miniFE.c 25 Ap -117.6467183813862363
miniFE.c 25 Ap -79.3278351581779475
miniFE.c 25 Ap -193.5244714295905339
miniFE.c 25 Ap -202.3369840108301219
miniFE.c 25 Ap -168.7965400171174224
miniFE.c 25 Ap -25.2854171089887529
miniFE.c 25 Ap 11.6445169119286618
miniFE.c 25 Ap 12.1741019851870202
miniFE.c 25 Ap -36.6116611049568021
miniFE.c 25 Ap 8.6353330036832219
miniFE.c 25 Ap -75.7426035738443488
miniFE.c 25 Ap -76.7761985013641919
miniFE.c 25 Ap 28.2161655604147796
miniFE.c 25 Ap 44.6529278011990556
miniFE.c 25 Ap 363.1864097284217223
miniFE.c 25 Ap 363.5998217699141719
miniFE.c 25 Ap -46.9524665012817977
miniFE.c 25 Ap -19.3459170460932874
miniFE.c 25 Ap -106.5423252374213234
miniFE.c 25 Ap -110.2952145991581290
miniFE.c 25 Ap -81.9090244764517337
miniFE.c 25 Ap -74.5111266437865396
miniFE.c 25 Ap -61.5358097172971270
miniFE.c 25 Ap -51.5083769985836284
miniFE.c 57 sum 2516.3681237766891172
miniFE.c 57 sum 3333.2026914365615085
miniFE.c 57 sum 5283.2999810826859175
miniFE.c 57 sum 5393.2348016702480891
miniFE.c 57 sum 8340.3929883948167117
miniFE.c 57 sum 8366.6799743690589821
miniFE.c 57 sum 10130.6442203655733465
miniFE.c 57 sum 10122.6824594874360628
miniFE.c 90 p_ap_dot 10122.6824594874360628
miniFE.c 91 alpha 0.0191566280515480
miniFE.c 40 y 1.0010159600384521
miniFE.c 40 y 2.0073969219821901
miniFE.c 40 y 1.0101792954038480
miniFE.c 40 y 1.9949558946360602
miniFE.c 40 y 0.9771487502815693
miniFE.c 40 y 1.9758923614896535
miniFE.c 40 y 1.0301108262158154
miniFE.c 40 y 2.0088404735057432
miniFE.c 40 y 0.2959081628111813
miniFE.c 40 y -0.5452818449143915
miniFE.c 40 y -0.4516028433389989
miniFE.c 40 y 0.4441890191830908
miniFE.c 40 y 0.9570997508781405
miniFE.c 40 y 1.2488505672606842
miniFE.c 40 y -1.7005491197892493
miniFE.c 40 y -0.6444969159634490
miniFE.c 82 oldrtrans 193.9164627603304041
miniFE.c 48 sum 0.0875616408182886
miniFE.c 48 sum 0.3848939312115310
miniFE.c 48 sum 0.5888390593233994
miniFE.c 48 sum 0.7861429440862356
miniFE.c 48 sum 1.7021828772172340
miniFE.c 48 sum 3.2618106165645671
miniFE.c 48 sum 6.1536779253805580
miniFE.c 48 sum 6.5690542000669554
miniFE.c 83 rtrans 6.5690542000669554
miniFE.c 84 beta 0.0338756911432833
miniFE.c 40 y 0.0476978606320706
miniFE.c 40 y -0.4107975017534233
miniFE.c 40 y -0.6907574005747174
miniFE.c 40 y 0.4172601975550239
miniFE.c 40 y 1.2101969507933155
miniFE.c 40 y 1.3219968099186445
miniFE.c 40 y -1.5362049578633783
miniFE.c 40 y -0.6392606773517793
miniFE.c 87 normr 2.5630166211062613
miniFE.c 25 Ap 3.2002741267291919
miniFE.c 25 Ap -2.9976537208506704
miniFE.c 25 Ap -9.4349690681327836
miniFE.c 25 Ap -3.7116237409712731
miniFE.c 25 Ap 13.3078721587849458
miniFE.c 25 Ap 34.5343817375626685
miniFE.c 25 Ap 26.8583465419489187
miniFE.c 25 Ap 22.7619238480560426
miniFE.c 25 Ap 0.7196438571793964
miniFE.c 25 Ap -26.5723413398370703
miniFE.c 25 Ap -36.5137011261863833
miniFE.c 25 Ap -34.0252380838445703
miniFE.c 25 Ap -20.7934166006812688
miniFE.c 25 Ap -8.0331517401950752
miniFE.c 25 Ap -25.5419094889967226
miniFE.c 25 Ap -29.9872655917546140
miniFE.c 25 Ap 0.4445065228745803
miniFE.c 25 Ap -5.4676787984356361
miniFE.c 25 Ap -52.2140572930951166
miniFE.c 25 Ap -48.2032792536616554
miniFE.c 25 Ap -27.8741730387844022
miniFE.c 25 Ap -6.4899624605514852
miniFE.c 25 Ap -24.8505919446371131
miniFE.c 25 Ap -32.7462092449240885
miniFE.c 25 Ap 0.6542472283811896
miniFE.c 25 Ap -1.7956734853359042
miniFE.c 25 Ap -8.4353545022051879
miniFE.c 25 Ap 18.8541759328311898
miniFE.c 25 Ap 23.2933138903995598
miniFE.c 25 Ap 37.9488251055085613
miniFE.c 25 Ap 35.9514007245309841
miniFE.c 25 Ap 32.9334331674542682
miniFE.c 25 Ap 0.6707945701916675
miniFE.c 25 Ap -3.8207051029545789
miniFE.c 25 Ap -15.4241722541407835
miniFE.c 25 Ap -13.8936151163668296
miniFE.c 25 Ap 66.6586187765942526
miniFE.c 25 Ap 72.5933361096587078
miniFE.c 25 Ap 51.0535765514235607
miniFE.c 25 Ap 48.6248091680552079
miniFE.c 25 Ap 0.7658559294527779
miniFE.c 25 Ap -3.1992708296067298
miniFE.c 25 Ap -14.3727484065091797
miniFE.c 25 Ap -9.7470477550359149
miniFE.c 25 Ap -4.3142231321559068
miniFE.c 25 Ap 83.5500077846056399
miniFE.c 25 Ap 71.8560484923646783
miniFE.c 25 Ap 69.6658551115660458
miniFE.c 25 Ap 0.2383343805090199
miniFE.c 25 Ap -4.4436931739504653
miniFE.c 25 Ap -12.6995841801754530
miniFE.c 25 Ap -12.1570487017278914
miniFE.c 25 Ap 4.8494375808073009
miniFE.c 25 Ap 14.9127932551455942
miniFE.c 25 Ap -85.9516591092396709
miniFE.c 25 Ap -87.6613982286756084
miniFE.c 25 Ap 0.3056508958955281
miniFE.c 25 Ap -2.5509946731426063
miniFE.c 25 Ap -11.0826567563990377
miniFE.c 25 Ap -9.1127596804562394
miniFE.c 25 Ap -4.5148124178230660
miniFE.c 25 Ap 0.0145271225275492
miniFE.c 25 Ap -4.0941406009606540
miniFE.c 25 Ap -45.5643743290472045
miniFE.c 57 sum 1.0856950714223805
miniFE.c 57 sum 13.4043888609315669
miniFE.c 57 sum 36.0240752376311093
miniFE.c 57 sum 49.7658860672482533
miniFE.c 57 sum 108.6114818553355121
miniFE.c 57 sum 200.7095200730803413
miniFE.c 57 sum 335.3753946452077912
miniFE.c 57 sum 364.5029074419045401
miniFE.c 90 p_ap_dot 364.5029074419045401
miniFE.c 91 alpha 0.0180219528183433
miniFE.c 40 y 1.0018755686322991
miniFE.c 40 y 1.9999935487876965
miniFE.c 40 y 0.9977304981217689
miniFE.c 40 y 2.0024757382293692
miniFE.c 40 y 0.9989588626296694
miniFE.c 40 y 1.9997173256240077
miniFE.c 40 y 1.0024254129458965
miniFE.c 40 y 1.9973197477398874
miniFE.c 40 y -0.1143061548332077
miniFE.c 40 y -0.0048527592686607
miniFE.c 40 y 0.1385477946526199
miniFE.c 40 y -0.1493357595068320
miniFE.c 40 y 0.0807857342505033
miniFE.c 40 y -0.0066641866094987
miniFE.c 40 y -0.1207195369220555
miniFE.c 40 y 0.1766620883919718
miniFE.c 82 oldrtrans 6.5690542000669554
miniFE.c 48 sum 0.0130658970327532
miniFE.c 48 sum 0.0130894463052728
miniFE.c 48 sum 0.0322849377083773
miniFE.c 48 sum 0.0545861067758597
miniFE.c 48 sum 0.0611124416342526
miniFE.c 48 sum 0.0611568530174189
miniFE.c 48 sum 0.0757300596120944
miniFE.c 48 sum 0.1069395530871073
miniFE.c 83 rtrans 0.1069395530871073
miniFE.c 84 beta 0.0162792922436258
miniFE.c 40 y -0.1135296674205825
miniFE.c 40 y -0.0115402518526560
miniFE.c 40 y 0.1273027530592168
miniFE.c 40 y -0.1425430588092007
miniFE.c 40 y 0.1004868840848125
miniFE.c 40 y 0.0148569858043078
miniFE.c 40 y -0.1457278663772202
miniFE.c 40 y 0.1662553770055041
miniFE.c 87 normr 0.3270161358207073
miniFE.c 25 Ap -7.6172401119804292
miniFE.c 25 Ap -7.7913542388199701
miniFE.c 25 Ap -6.6049927675747266
miniFE.c 25 Ap -8.5601832083005398
miniFE.c 25 Ap -7.1469949577933471
miniFE.c 25 Ap -6.9084452509250589
miniFE.c 25 Ap -7.6366112587011665
miniFE.c 25 Ap -6.5712363287611453
miniFE.c 25 Ap -1.7128845336914089
miniFE.c 25 Ap -2.4795795145230581
miniFE.c 25 Ap -0.6474421115774014
miniFE.c 25 Ap -1.4975426863926535
miniFE.c 25 Ap -0.3988582856941072
miniFE.c 25 Ap -0.2554547067527039
miniFE.c 25 Ap -1.9163749482790977
miniFE.c 25 Ap -0.7602513496097689
miniFE.c 25 Ap -1.0580071525115684
miniFE.c 25 Ap -1.2240941109674386
miniFE.c 25 Ap 7.3910038568097765
miniFE.c 25 Ap 6.0208550305004476
miniFE.c 25 Ap 7.7088517969962620
miniFE.c 25 Ap 7.9491737937011466
miniFE.c 25 Ap 6.2074430784325934
miniFE.c 25 Ap 8.2608915032416661
miniFE.c 25 Ap -1.5572285478777452
miniFE.c 25 Ap -1.6260524865206449
miniFE.c 25 Ap -0.4023961461336674
miniFE.c 25 Ap -9.7249559408859589
miniFE.c 25 Ap -9.3563587955318486
miniFE.c 25 Ap -9.1916558851737307
miniFE.c 25 Ap -9.3811360660569836
miniFE.c 25 Ap -8.5962397760634435
miniFE.c 25 Ap -1.5966142600992934
miniFE.c 25 Ap -1.7227908731580119
miniFE.c 25 Ap 0.4156636872262625
miniFE.c 25 Ap -0.1072002173084724
miniFE.c 25 Ap 6.5813334008505926
miniFE.c 25 Ap 6.6480294855221924
miniFE.c 25 Ap 4.6047193226219729
miniFE.c 25 Ap 5.2363796941833112
miniFE.c 25 Ap -1.8228777519718402
miniFE.c 25 Ap -1.9342673325606690
miniFE.c 25 Ap 0.1249425370717741
miniFE.c 25 Ap -1.4552741331505561
miniFE.c 25 Ap -1.0041677097088273
miniFE.c 25 Ap -0.0167238508109476
miniFE.c 25 Ap -1.1260391986344120
miniFE.c 25 Ap -0.5564258325376593
miniFE.c 25 Ap -0.5672795927431302
miniFE.c 25 Ap -0.6988085746111107
miniFE.c 25 Ap 0.8227062917874651
miniFE.c 25 Ap 0.6373671028028016
miniFE.c 25 Ap 2.0494751193060825
miniFE.c 25 Ap 2.1625700460680810
miniFE.c 25 Ap -7.4056593501007200
miniFE.c 25 Ap -6.9609998677430100
miniFE.c 25 Ap -0.7275052612001399
miniFE.c 25 Ap -0.8077550416388284
miniFE.c 25 Ap 0.7645829028635787
miniFE.c 25 Ap 0.0916331310196954
miniFE.c 25 Ap 0.4734167682247186
miniFE.c 25 Ap 0.5243188072833609
miniFE.c 25 Ap 0.1345613221691018
miniFE.c 25 Ap 10.9199100652380228
miniFE.c 57 sum 0.7460302749463020
miniFE.c 57 sum 0.7548037669921204
miniFE.c 57 sum 1.8064379980782765
miniFE.c 57 sum 3.0317723100156786
miniFE.c 57 sum 3.5579597893691428
miniFE.c 57 sum 3.5496929786739808
miniFE.c 57 sum 4.5641046372522815
miniFE.c 57 sum 6.3795984020146275
miniFE.c 90 p_ap_dot 6.3795984020146275
miniFE.c 91 alpha 0.0167627405909025
miniFE.c 40 y 0.9999725002679565
miniFE.c 40 y 1.9998001025395369
miniFE.c 40 y 0.9998644411478084
miniFE.c 40 y 2.0000863259115169
miniFE.c 40 y 1.0006432982003712
miniFE.c 40 y 1.9999663694230081
miniFE.c 40 y 0.9999826145249494
miniFE.c 40 y 2.0001066434964732
miniFE.c 40 y -0.0041542248926701
miniFE.c 40 y 0.0078911368887314
miniFE.c 40 y 0.0000726133341893
miniFE.c 40 y -0.0052392220834827
miniFE.c 40 y -0.0069903401985609
miniFE.c 40 y 0.0026630352794070
miniFE.c 40 y -0.0040341018857729
miniFE.c 40 y -0.0063855313075983
miniFE.c 82 oldrtrans 0.1069395530871073
miniFE.c 48 sum 0.0000172575844589
miniFE.c 48 sum 0.0000795276258556
miniFE.c 48 sum 0.0000795328985519
miniFE.c 48 sum 0.0001069823465919
miniFE.c 48 sum 0.0001558472026835
miniFE.c 48 sum 0.0001629389595829
miniFE.c 48 sum 0.0001792129376077
miniFE.c 48 sum 0.0002199879476880
miniFE.c 83 rtrans 0.0002199879476880
miniFE.c 84 beta 0.0020571242476471
miniFE.c 40 y -0.0043877695243483
miniFE.c 40 y 0.0078673971568213
miniFE.c 40 y 0.0003344909142997
miniFE.c 40 y -0.0055324508660929
miniFE.c 40 y -0.0067836261927395
miniFE.c 40 y 0.0026935979451520
miniFE.c 40 y -0.0043338822132553
miniFE.c 40 y -0.0060435233402585
miniFE.c 87 normr 0.0148319906852731
miniFE.c 25 Ap -0.2943961237829893
miniFE.c 25 Ap -0.1756963758095896
miniFE.c 25 Ap -0.1725791837326664
miniFE.c 25 Ap -0.2484649907129213
miniFE.c 25 Ap -0.3438659071481562
miniFE.c 25 Ap -0.3006164211016180
miniFE.c 25 Ap -0.3222717557184659
miniFE.c 25 Ap -0.3609990340248130
miniFE.c 25 Ap -0.0662006920870817
miniFE.c 25 Ap 0.4564823471878228
miniFE.c 25 Ap 0.4612963303916960
miniFE.c 25 Ap 0.4283018113972771
miniFE.c 25 Ap 0.3541322882200784
miniFE.c 25 Ap 0.3801316120837387
miniFE.c 25 Ap 0.3307365796075604
miniFE.c 25 Ap 0.2887105105646899
miniFE.c 25 Ap -0.0408905587923108
miniFE.c 25 Ap 0.0723367850667471
miniFE.c 25 Ap 0.0949731533052443
miniFE.c 25 Ap 0.0417942674014576
miniFE.c 25 Ap -0.0721583064368956
miniFE.c 25 Ap -0.0285875010914802
miniFE.c 25 Ap -0.0803858012713750
miniFE.c 25 Ap -0.1550303854458759
miniFE.c 25 Ap -0.0601847968030286
miniFE.c 25 Ap -0.0132650877608231
miniFE.c 25 Ap -0.0100499025566648
miniFE.c 25 Ap -0.3718816496901231
miniFE.c 25 Ap -0.3967647503312252
miniFE.c 25 Ap -0.3669038198070443
miniFE.c 25 Ap -0.3725388764788319
miniFE.c 25 Ap -0.4010705193868460
miniFE.c 25 Ap -0.0617070018064156
miniFE.c 25 Ap 0.0243120504213777
miniFE.c 25 Ap 0.0299308890081479
miniFE.c 25 Ap 0.0096372395968221
miniFE.c 25 Ap -0.4418894671609233
miniFE.c 25 Ap -0.4297973484103614
miniFE.c 25 Ap -0.4905644878141217
miniFE.c 25 Ap -0.5135258756946528
miniFE.c 25 Ap -0.0704517825907466
miniFE.c 25 Ap 0.0054864274945366
miniFE.c 25 Ap 0.0108970488320645
miniFE.c 25 Ap -0.0504350928998464
miniFE.c 25 Ap -0.0808881950896760
miniFE.c 25 Ap 0.0981371324104051
miniFE.c 25 Ap 0.0651465852052566
miniFE.c 25 Ap 0.0444406583658800
miniFE.c 25 Ap -0.0219245961463266
miniFE.c 25 Ap 0.0677433548828004
miniFE.c 25 Ap 0.0717411702210551
miniFE.c 25 Ap 0.0645476950340825
miniFE.c 25 Ap -0.0307802974195805
miniFE.c 25 Ap -0.0102759860911747
miniFE.c 25 Ap -0.2948308912255352
miniFE.c 25 Ap -0.3109946388798870
miniFE.c 25 Ap -0.0281171035415041
miniFE.c 25 Ap 0.0265920052821100
miniFE.c 25 Ap 0.0307233594280805
miniFE.c 25 Ap 0.0046045039806316
miniFE.c 25 Ap -0.0211687847912390
miniFE.c 25 Ap -0.0119401545954257
miniFE.c 25 Ap -0.0235313696060633
miniFE.c 25 Ap -0.4155879035695156
miniFE.c 57 sum 0.0015839805598133
miniFE.c 57 sum 0.0038553808097743
miniFE.c 57 sum 0.0038035245544023
miniFE.c 57 sum 0.0060224274967484
miniFE.c 57 sum 0.0095059950777602
miniFE.c 57 sum 0.0096257003438157
miniFE.c 57 sum 0.0109735144776750
miniFE.c 57 sum 0.0134851296728265
miniFE.c 90 p_ap_dot 0.0134851296728265
miniFE.c 91 alpha 0.0163133728058486
miniFE.c 40 y 0.9999009209479196
miniFE.c 40 y 1.9999284463223679
miniFE.c 40 y 0.9998698978227936
miniFE.c 40 y 1.9999960729780084
miniFE.c 40 y 1.0005326343773135
miniFE.c 40 y 2.0000103110904766
miniFE.c 40 y 0.9999119142887080
miniFE.c 40 y 2.0000080532471625
miniFE.c 40 y 0.0017348869319278
miniFE.c 40 y 0.0031812946969227
miniFE.c 40 y 0.0026016818082023
miniFE.c 40 y 0.0013035908207102
miniFE.c 40 y 0.0013869988570958
miniFE.c 40 y 0.0019380582517470
miniFE.c 40 y 0.0010392695988950
miniFE.c 40 y 0.0003941090969323
