filename line variable value
miniFE.c 167 A 67.0947100000000063
miniFE.c 167 A 15.0875500000000002
miniFE.c 167 A 9.3192129999999995
miniFE.c 167 A 13.7164900000000003
miniFE.c 167 A 14.0634099999999993
miniFE.c 167 A 16.0564000000000000
miniFE.c 167 A 4.9967519999999999
miniFE.c 167 A 6.4080630000000003
miniFE.c 167 A 15.0875500000000002
miniFE.c 167 A 66.4365899999999954
miniFE.c 167 A 14.3919700000000006
miniFE.c 167 A 5.9638159999999996
miniFE.c 167 A 10.9336099999999998
miniFE.c 167 A 9.6522659999999991
miniFE.c 167 A 11.3974100000000007
miniFE.c 167 A 6.9539020000000002
miniFE.c 167 A 9.3192129999999995
miniFE.c 167 A 14.3919700000000006
miniFE.c 167 A 67.6740900000000067
miniFE.c 167 A 9.6121750000000006
miniFE.c 167 A 16.7981799999999986
miniFE.c 167 A 16.1756899999999995
miniFE.c 167 A 11.9519400000000005
miniFE.c 167 A 12.3511699999999998
miniFE.c 167 A 13.7164900000000003
miniFE.c 167 A 5.9638159999999996
miniFE.c 167 A 9.6121750000000006
miniFE.c 167 A 65.4017099999999942
miniFE.c 167 A 3.6681119999999998
miniFE.c 167 A 11.0858899999999991
miniFE.c 167 A 1.3002330000000000
miniFE.c 167 A 4.7210279999999996
miniFE.c 167 A 14.0634099999999993
miniFE.c 167 A 10.9336099999999998
miniFE.c 167 A 16.7981799999999986
miniFE.c 167 A 3.6681119999999998
miniFE.c 167 A 66.5612600000000043
miniFE.c 167 A 4.4892070000000004
miniFE.c 167 A 14.0526599999999995
miniFE.c 167 A 3.7993380000000001
miniFE.c 167 A 16.0564000000000000
miniFE.c 167 A 9.6522659999999991
miniFE.c 167 A 16.1756899999999995
miniFE.c 167 A 11.0858899999999991
miniFE.c 167 A 4.4892070000000004
miniFE.c 167 A 66.4632699999999943
miniFE.c 167 A 7.6122389999999998
miniFE.c 167 A 3.4261349999999999
miniFE.c 167 A 4.9967519999999999
miniFE.c 167 A 11.3974100000000007
miniFE.c 167 A 11.9519400000000005
miniFE.c 167 A 1.3002330000000000
miniFE.c 167 A 14.0526599999999995
miniFE.c 167 A 7.6122389999999998
miniFE.c 167 A 65.6581999999999937
miniFE.c 167 A 2.6745570000000001
miniFE.c 167 A 6.4080630000000003
miniFE.c 167 A 6.9539020000000002
miniFE.c 167 A 12.3511699999999998
miniFE.c 167 A 4.7210279999999996
miniFE.c 167 A 3.7993380000000001
miniFE.c 167 A 3.4261349999999999
miniFE.c 167 A 2.6745570000000001
miniFE.c 167 A 64.8721800000000002
miniFE.c 175 b 198.0110999999999990
miniFE.c 175 b 229.8237000000000023
miniFE.c 175 b 210.8053999999999917
miniFE.c 175 b 202.6418999999999926
miniFE.c 175 b 157.2561000000000035
miniFE.c 175 b 225.5886000000000138
miniFE.c 175 b 142.6283999999999992
miniFE.c 175 b 185.1795999999999935
miniFE.c 33 r 0.0000000000000000
miniFE.c 33 r 0.0000000000000000
miniFE.c 33 r 0.0000000000000000
miniFE.c 33 r 0.0000000000000000
miniFE.c 33 r 0.0000000000000000
miniFE.c 33 r 0.0000000000000000
miniFE.c 33 r 0.0000000000000000
miniFE.c 33 r 0.0000000000000000
miniFE.c 25 Ap 0.0000000000000000
miniFE.c 25 Ap 0.0000000000000000
miniFE.c 25 Ap 0.0000000000000000
miniFE.c 25 Ap 0.0000000000000000
miniFE.c 25 Ap 0.0000000000000000
miniFE.c 25 Ap 0.0000000000000000
miniFE.c 25 Ap 0.0000000000000000
miniFE.c 25 Ap 0.0000000000000000
miniFE.c 25 Ap 0.0000000000000000
miniFE.c 25 Ap 0.0000000000000000
miniFE.c 25 Ap 0.0000000000000000
miniFE.c 25 Ap 0.0000000000000000
miniFE.c 25 Ap 0.0000000000000000
miniFE.c 25 Ap 0.0000000000000000
miniFE.c 25 Ap 0.0000000000000000
miniFE.c 25 Ap 0.0000000000000000
miniFE.c 25 Ap 0.0000000000000000
miniFE.c 25 Ap 0.0000000000000000
miniFE.c 25 Ap 0.0000000000000000
miniFE.c 25 Ap 0.0000000000000000
miniFE.c 25 Ap 0.0000000000000000
miniFE.c 25 Ap 0.0000000000000000
miniFE.c 25 Ap 0.0000000000000000
miniFE.c 25 Ap 0.0000000000000000
miniFE.c 25 Ap 0.0000000000000000
miniFE.c 25 Ap 0.0000000000000000
miniFE.c 25 Ap 0.0000000000000000
miniFE.c 25 Ap 0.0000000000000000
miniFE.c 25 Ap 0.0000000000000000
miniFE.c 25 Ap 0.0000000000000000
miniFE.c 25 Ap 0.0000000000000000
miniFE.c 25 Ap 0.0000000000000000
miniFE.c 25 Ap 0.0000000000000000
miniFE.c 25 Ap 0.0000000000000000
miniFE.c 25 Ap 0.0000000000000000
miniFE.c 25 Ap 0.0000000000000000
miniFE.c 25 Ap 0.0000000000000000
miniFE.c 25 Ap 0.0000000000000000
miniFE.c 25 Ap 0.0000000000000000
miniFE.c 25 Ap 0.0000000000000000
miniFE.c 25 Ap 0.0000000000000000
miniFE.c 25 Ap 0.0000000000000000
miniFE.c 25 Ap 0.0000000000000000
miniFE.c 25 Ap 0.0000000000000000
miniFE.c 25 Ap 0.0000000000000000
miniFE.c 25 Ap 0.0000000000000000
miniFE.c 25 Ap 0.0000000000000000
miniFE.c 25 Ap 0.0000000000000000
miniFE.c 25 Ap 0.0000000000000000
miniFE.c 25 Ap 0.0000000000000000
miniFE.c 25 Ap 0.0000000000000000
miniFE.c 25 Ap 0.0000000000000000
miniFE.c 25 Ap 0.0000000000000000
miniFE.c 25 Ap 0.0000000000000000
miniFE.c 25 Ap 0.0000000000000000
miniFE.c 25 Ap 0.0000000000000000
miniFE.c 25 Ap 0.0000000000000000
miniFE.c 25 Ap 0.0000000000000000
miniFE.c 25 Ap 0.0000000000000000
miniFE.c 25 Ap 0.0000000000000000
miniFE.c 25 Ap 0.0000000000000000
miniFE.c 25 Ap 0.0000000000000000
miniFE.c 25 Ap 0.0000000000000000
miniFE.c 25 Ap 0.0000000000000000
miniFE.c 33 r 198.0110999999999990
miniFE.c 33 r 229.8237000000000023
miniFE.c 33 r 210.8053999999999917
miniFE.c 33 r 202.6418999999999926
miniFE.c 33 r 157.2561000000000035
miniFE.c 33 r 225.5886000000000138
miniFE.c 33 r 142.6283999999999992
miniFE.c 33 r 185.1795999999999935
miniFE.c 48 sum 39208.3957232100001420
miniFE.c 48 sum 92027.3288048999966122
miniFE.c 48 sum 136466.2454740600078367
miniFE.c 48 sum 177529.9851096700003836
miniFE.c 48 sum 202259.4660968800017145
miniFE.c 48 sum 253149.6825468399911188
miniFE.c 48 sum 273492.5430333999684080
miniFE.c 48 sum 307784.0272895599482581
miniFE.c 75 rtrans 307784.0272895599482581
miniFE.c 76 normr 554.7828649927464539
miniFE.c 33 r 198.0110999999999990
miniFE.c 33 r 229.8237000000000023
miniFE.c 33 r 210.8053999999999917
miniFE.c 33 r 202.6418999999999926
miniFE.c 33 r 157.2561000000000035
miniFE.c 33 r 225.5886000000000138
miniFE.c 33 r 142.6283999999999992
miniFE.c 33 r 185.1795999999999935
miniFE.c 87 normr 554.7828649927464539
miniFE.c 25 Ap 13285.4973312810016068
miniFE.c 25 Ap 16752.9738962160008668
miniFE.c 25 Ap 18717.5143203662009910
miniFE.c 25 Ap 21497.0499152972006414
miniFE.c 25 Ap 23708.6069245981998392
miniFE.c 25 Ap 27330.7477216381994367
miniFE.c 25 Ap 28043.4264645949988335
miniFE.c 25 Ap 29230.0690077097970061
miniFE.c 25 Ap 2987.5023718050001662
miniFE.c 25 Ap 18256.2053009880000900
miniFE.c 25 Ap 21290.1102936259994749
miniFE.c 25 Ap 22498.6292991164009436
miniFE.c 25 Ap 24218.0061666374022025
miniFE.c 25 Ap 26395.4473404050004319
miniFE.c 25 Ap 28021.0416928490012651
miniFE.c 25 Ap 29308.7624836482027604
miniFE.c 25 Ap 1845.3076172643000064
miniFE.c 25 Ap 5152.9234129532997031
miniFE.c 25 Ap 19418.9870250392996240
miniFE.c 25 Ap 21366.8164301717988565
miniFE.c 25 Ap 24008.4327040697971825
miniFE.c 25 Ap 27657.4839652037990163
miniFE.c 25 Ap 29362.1700442997971550
miniFE.c 25 Ap 31649.3547644317950471
miniFE.c 25 Ap 2716.0172730389999742
miniFE.c 25 Ap 4086.6435322781999275
miniFE.c 25 Ap 6112.9419280231995799
miniFE.c 25 Ap 19366.0687056721981207
miniFE.c 25 Ap 19942.9016931553996983
miniFE.c 25 Ap 22443.7520980093977414
miniFE.c 25 Ap 22629.2022504265987664
miniFE.c 25 Ap 23503.4403270553993934
miniFE.c 25 Ap 2784.7112838509997346
miniFE.c 25 Ap 5297.5139884079999320
miniFE.c 25 Ap 8838.6610425799990480
miniFE.c 25 Ap 9581.9742276727993158
miniFE.c 25 Ap 20049.1383863587980159
miniFE.c 25 Ap 21061.8523085989982064
miniFE.c 25 Ap 23066.1607201429978886
miniFE.c 25 Ap 23769.7206112477979332
miniFE.c 25 Ap 3179.3454260399998930
miniFE.c 25 Ap 5397.6649115441996400
miniFE.c 25 Ap 8807.5877122702004272
miniFE.c 25 Ap 11054.0535250612010714
miniFE.c 25 Ap 11760.0087099739012046
miniFE.c 25 Ap 26753.3647406958989450
miniFE.c 25 Ap 27839.0862096834971453
miniFE.c 25 Ap 28473.5365185294976982
miniFE.c 25 Ap 989.4123599472000024
miniFE.c 25 Ap 3608.8072965641999872
miniFE.c 25 Ap 6128.3407890401995246
miniFE.c 25 Ap 6391.8224746028990921
miniFE.c 25 Ap 8601.6889808288997301
miniFE.c 25 Ap 10318.9233197042995016
miniFE.c 25 Ap 19683.6473325842962367
miniFE.c 25 Ap 20178.9207280214977800
miniFE.c 25 Ap 1268.8676034993000030
miniFE.c 25 Ap 2867.0390905766998912
miniFE.c 25 Ap 5470.7324228946999938
miniFE.c 25 Ap 6427.4105067679001877
miniFE.c 25 Ap 7024.8795832297000743
miniFE.c 25 Ap 7797.7765812907000509
miniFE.c 25 Ap 8179.2443669095000587
miniFE.c 25 Ap 20192.2487104374995397
miniFE.c 57 sum 5787878.1172925252467394
miniFE.c 57 sum 12523726.3537057451903820
miniFE.c 57 sum 19195581.2445636950433254
miniFE.c 57 sum 23958363.0489748232066631
miniFE.c 57 sum 27696296.6103892698884010
miniFE.c 57 sum 34119601.8506532162427902
miniFE.c 57 sum 36997689.0278177559375763
miniFE.c 57 sum 40736881.5671170875430107
miniFE.c 90 p_ap_dot 40736881.5671170875430107
miniFE.c 91 alpha 0.0075554145395853
miniFE.c 40 y 1.4960559439392744
miniFE.c 40 y 1.7364133245212852
miniFE.c 40 y 1.5927221841830903
miniFE.c 40 y 1.5310435575891859
miniFE.c 40 y 1.1881350243784765
miniFE.c 40 y 1.7044153884046875
miniFE.c 40 y 1.0776166871177848
miniFE.c 40 y 1.3991086422745860
miniFE.c 40 y -22.8341883739316245
miniFE.c 40 y 8.3838497937928480
miniFE.c 40 y -28.3185951556805833
miniFE.c 40 y 25.0636652226906733
miniFE.c 40 y -22.3339927081014764
miniFE.c 40 y 10.4592281944898673
miniFE.c 40 y -9.8317110616323760
miniFE.c 40 y 32.6187905062384118
miniFE.c 82 oldrtrans 307784.0272895599482581
miniFE.c 48 sum 521.4001586961941257
miniFE.c 48 sum 591.6890960610744514
miniFE.c 48 sum 1393.6319276524102406
miniFE.c 48 sum 2021.8192420475243125
miniFE.c 48 sum 2520.6264723330541528
miniFE.c 48 sum 2630.0219267574657351
miniFE.c 48 sum 2726.6844691568903727
miniFE.c 48 sum 3790.6699632467598349
miniFE.c 83 rtrans 3790.6699632467598349
miniFE.c 84 beta 0.0123160061184089
miniFE.c 40 y -20.3954824548187439
miniFE.c 40 y 11.2143598891482252
miniFE.c 40 y -25.7223145594869429
miniFE.c 40 y 27.5594041029366821
miniFE.c 40 y -20.3972256183443506
miniFE.c 40 y 13.2375787723331708
miniFE.c 40 y -8.0750988145735008
miniFE.c 40 y 34.8994635928429275
miniFE.c 87 normr 61.5684169298412272
miniFE.c 25 Ap -1368.4289806161518754
miniFE.c 25 Ap -1199.2317650706336281
miniFE.c 25 Ap -1438.9434933034935966
miniFE.c 25 Ap -1060.9252025196035447
miniFE.c 25 Ap -1347.7797492528836756
miniFE.c 25 Ap -1135.2318894527934390
miniFE.c 25 Ap -1175.5811556047112845
miniFE.c 25 Ap -951.9431942355674892
miniFE.c 25 Ap -307.7178613112005223
miniFE.c 25 Ap 437.3259687565855529
miniFE.c 25 Ap 67.1311892858862507
miniFE.c 25 Ap 231.4904044254456608
miniFE.c 25 Ap 8.4750944324596844
miniFE.c 25 Ap 136.2477259389728772
miniFE.c 25 Ap 44.2125139587647027
miniFE.c 25 Ap 286.8999636359623082
miniFE.c 25 Ap -190.0698452342187466
miniFE.c 25 Ap -28.6731141403941479
miniFE.c 25 Ap -1769.4073446474239972
miniFE.c 25 Ap -1504.5015295142784453
miniFE.c 25 Ap -1847.1377969518380269
miniFE.c 25 Ap -1633.0108263799961605
miniFE.c 25 Ap -1729.5239229058497585
miniFE.c 25 Ap -1298.4747151618360022
miniFE.c 25 Ap -279.7544311366967804
miniFE.c 25 Ap -212.8740522000363740
miniFE.c 25 Ap -460.1214411508727835
miniFE.c 25 Ap 1342.3107137622018854
miniFE.c 25 Ap 1267.4914057048456471
miniFE.c 25 Ap 1414.2417478412662604
miniFE.c 25 Ap 1403.7422378842968556
miniFE.c 25 Ap 1568.5035826910889227
miniFE.c 25 Ap -286.8300319099224680
miniFE.c 25 Ap -164.2165944823325390
miniFE.c 25 Ap -596.3046644692149130
miniFE.c 25 Ap -495.2136835663836223
miniFE.c 25 Ap -1852.8787212276629361
miniFE.c 25 Ap -1793.4524899398534217
miniFE.c 25 Ap -1906.9291080474579303
miniFE.c 25 Ap -1774.3342498395531948
miniFE.c 25 Ap -327.4780244875516928
miniFE.c 25 Ap -219.2340398177625218
miniFE.c 25 Ap -635.3102262145098393
miniFE.c 25 Ap -329.7897038638051299
miniFE.c 25 Ap -421.3570718902559520
miniFE.c 25 Ap 458.4557002015919807
miniFE.c 25 Ap 396.9861180764418123
miniFE.c 25 Ap 516.5563917731067249
miniFE.c 25 Ap -101.9111677470804693
miniFE.c 25 Ap 25.9034897970964124
miniFE.c 25 Ap -281.5280704790179698
miniFE.c 25 Ap -245.6944238040443054
miniFE.c 25 Ap -532.3297003619271663
miniFE.c 25 Ap -431.5620869656004857
miniFE.c 25 Ap -961.7585399526303718
miniFE.c 25 Ap -868.4179353041471359
miniFE.c 25 Ap -130.6955364858731627
miniFE.c 25 Ap -52.7119768240055322
miniFE.c 25 Ap -370.4126567417038700
miniFE.c 25 Ap -240.3039383084249323
miniFE.c 25 Ap -317.7998926947741438
miniFE.c 25 Ap -272.4461607476264362
miniFE.c 25 Ap -294.0434728078357125
miniFE.c 25 Ap 1969.9608112905175403
miniFE.c 57 sum 19415.3407160156275495
miniFE.c 57 sum 22632.7401604128463077
miniFE.c 57 sum 56032.5152313458020217
miniFE.c 57 sum 99259.5393036334862700
miniFE.c 57 sum 135451.0353199666133150
miniFE.c 57 sum 142288.9912464153021574
miniFE.c 57 sum 149301.5518863441830035
miniFE.c 57 sum 218052.1274993049155455
miniFE.c 90 p_ap_dot 218052.1274993049155455
miniFE.c 91 alpha 0.0173842374606450
miniFE.c 40 y 1.1414960338202862
miniFE.c 40 y 1.9313664198033706
miniFE.c 40 y 1.1455593598435627
miniFE.c 40 y 2.0101427827885114
miniFE.c 40 y 0.8335448106908265
miniFE.c 40 y 1.9345406011869211
miniFE.c 40 y 0.9372372518070660
miniFE.c 40 y 2.0058092046217029
miniFE.c 40 y -6.2853818362955991
miniFE.c 40 y 3.3963126984948593
miniFE.c 40 y -5.7456023706638284
miniFE.c 40 y -2.2035735166836723
miniFE.c 40 y 8.5114552256647578
miniFE.c 40 y 1.4792892180922035
miniFE.c 40 y 5.2650725407779788
miniFE.c 40 y -1.6274760254008527
miniFE.c 82 oldrtrans 3790.6699632467598349
miniFE.c 48 sum 39.5060248280346400
miniFE.c 48 sum 51.0409647739920729
miniFE.c 48 sum 84.0529113757698809
miniFE.c 48 sum 88.9086476191995274
miniFE.c 48 sum 161.3535176776954359
miniFE.c 48 sum 163.5418142684592908
miniFE.c 48 sum 191.2628031281135748
miniFE.c 48 sum 193.9114813413681304
miniFE.c 83 rtrans 193.9114813413681304
miniFE.c 84 beta 0.0511549365208467
miniFE.c 40 y -7.3287114465838936
miniFE.c 40 y 3.9699825667461655
miniFE.c 40 y -7.0614257391236324
miniFE.c 40 y -0.7937739492455855
miniFE.c 40 y 7.4680364439569651
miniFE.c 40 y 2.1564567198806142
miniFE.c 40 y 4.8519913735189073
miniFE.c 40 y 0.1578038193026263
miniFE.c 87 normr 13.9252102799694963
miniFE.c 25 Ap -491.7177691822269026
miniFE.c 25 Ap -431.8204587073157654
miniFE.c 25 Ap -497.6273892538913515
miniFE.c 25 Ap -508.5151816909789204
miniFE.c 25 Ap -403.4891232846700859
miniFE.c 25 Ap -368.8641916075790164
miniFE.c 25 Ap -344.6199940079656585
miniFE.c 25 Ap -343.6087771922337879
miniFE.c 25 Ap -110.5723003859068285
miniFE.c 25 Ap 153.1798037081557595
miniFE.c 25 Ap 51.5519763134606137
miniFE.c 25 Ap 46.8180545345666062
miniFE.c 25 Ap 128.4706524785789270
miniFE.c 25 Ap 149.2853463563540970
miniFE.c 25 Ap 204.5854813568122381
miniFE.c 25 Ap 205.6828336514683997
miniFE.c 25 Ap -68.2978229862534221
miniFE.c 25 Ap -11.1619529851196120
miniFE.c 25 Ap -489.0375139828888678
miniFE.c 25 Ap -496.6674080934785707
miniFE.c 25 Ap -371.2179876613295733
miniFE.c 25 Ap -336.3358122621239090
miniFE.c 25 Ap -278.3451024853083595
miniFE.c 25 Ap -276.3960406864523520
miniFE.c 25 Ap -100.5241972699535182
miniFE.c 25 Ap -76.8479517186716663
miniFE.c 25 Ap -144.7236116726323871
miniFE.c 25 Ap -196.6377853067468777
miniFE.c 25 Ap -169.2441912102310084
miniFE.c 25 Ap -145.3379492238736930
miniFE.c 25 Ap -139.0292299243090781
miniFE.c 25 Ap -138.2842336748744287
miniFE.c 25 Ap -103.0666738450023843
miniFE.c 25 Ap -59.6604327534008405
miniFE.c 25 Ap -178.2795333758326422
miniFE.c 25 Ap -181.1911851243477543
miniFE.c 25 Ap 315.8907303113472835
miniFE.c 25 Ap 325.5715109134323484
miniFE.c 25 Ap 393.7548960084265559
miniFE.c 25 Ap 394.3544460556481681
miniFE.c 25 Ap -117.6727224709296280
miniFE.c 25 Ap -79.3533947213328901
miniFE.c 25 Ap -193.5768284354176387
miniFE.c 25 Ap -202.3765191216197934
miniFE.c 25 Ap -168.8509576411530588
miniFE.c 25 Ap -25.5257924244134529
miniFE.c 25 Ap 11.4087255367507368
miniFE.c 25 Ap 11.9493827251971396
miniFE.c 25 Ap -36.6197535781409655
miniFE.c 25 Ap 8.6277654279174527
miniFE.c 25 Ap -75.7699713205438599
miniFE.c 25 Ap -76.8020624038933022
miniFE.c 25 Ap 28.1437146106429736
miniFE.c 25 Ap 44.5591785555302593
miniFE.c 25 Ap 363.1321985563093335
miniFE.c 25 Ap 363.5542538658519334
miniFE.c 25 Ap -46.9628446585307273
miniFE.c 25 Ap -19.3559749476694343
miniFE.c 25 Ap -106.5728446939610734
miniFE.c 25 Ap -110.3202737340200628
miniFE.c 25 Ap -81.9466790871094872
miniFE.c 25 Ap -74.5583672431413191
miniFE.c 25 Ap -61.5814397511567080
miniFE.c 25 Ap -51.3443619806692624
miniFE.c 57 sum 2518.2095785554183749
miniFE.c 57 sum 3334.7668424306993984
miniFE.c 57 sum 5286.5169583258766579
miniFE.c 57 sum 5396.2833806083808668
miniFE.c 57 sum 8341.3367555884215108
miniFE.c 57 sum 8367.1050822645975131
miniFE.c 57 sum 10131.0671858278146829
miniFE.c 57 sum 10122.9648494076081988
miniFE.c 90 p_ap_dot 10122.9648494076081988
miniFE.c 91 alpha 0.0191556015679256
miniFE.c 40 y 1.0011101573432295
miniFE.c 40 y 2.0074138240835708
miniFE.c 40 y 1.0102935018834158
miniFE.c 40 y 1.9949375652817642
miniFE.c 40 y 0.9765995413060141
miniFE.c 40 y 1.9758488269114298
miniFE.c 40 y 1.0301800653692061
miniFE.c 40 y 2.0088320317101611
miniFE.c 40 y 0.2966509948409524
miniFE.c 40 y -0.5436657122945894
miniFE.c 40 y -0.4510699403219940
miniFE.c 40 y 0.4453441667181424
miniFE.c 40 y 0.9573585804827518
miniFE.c 40 y 1.2503916036256741
miniFE.c 40 y -1.6990278946007562
miniFE.c 40 y -0.6439438845398050
miniFE.c 82 oldrtrans 193.9114813413681304
miniFE.c 48 sum 0.0880018127401268
miniFE.c 48 sum 0.3835742194649100
miniFE.c 48 sum 0.5870383105269972
miniFE.c 48 sum 0.7853697373568738
miniFE.c 48 sum 1.7019051889808234
miniFE.c 48 sum 3.2653843513984082
miniFE.c 48 sum 6.1520801380298860
miniFE.c 48 sum 6.5667438644660994
miniFE.c 83 rtrans 6.5667438644660994
miniFE.c 84 beta 0.0338646469979041
miniFE.c 40 y 0.0562792687528897
miniFE.c 40 y -0.4092236540838973
miniFE.c 40 y -0.6902026302793298
miniFE.c 40 y 0.4184632921308084
miniFE.c 40 y 1.2102609984248374
miniFE.c 40 y 1.3234192492106893
miniFE.c 40 y -1.5347169194996626
miniFE.c 40 y -0.6385999139042006
miniFE.c 87 normr 2.5625658751466469
miniFE.c 25 Ap 3.7760412159871977
miniFE.c 25 Ap -2.3981411261863070
miniFE.c 25 Ap -8.8302864509196315
miniFE.c 25 Ap -3.0904388890403203
miniFE.c 25 Ap 13.9299577388175209
miniFE.c 25 Ap 35.1793065718440374
miniFE.c 25 Ap 27.5107067349002605
miniFE.c 25 Ap 23.4185182548075659
miniFE.c 25 Ap 0.8491162812726613
miniFE.c 25 Ap -26.3383078434010471
miniFE.c 25 Ap -36.2716833923022506
miniFE.c 25 Ap -33.7760453152798590
miniFE.c 25 Ap -20.5435235602920727
miniFE.c 25 Ap -7.7695289373902110
miniFE.c 25 Ap -25.2613269028648588
miniFE.c 25 Ap -29.7020881213631078
miniFE.c 25 Ap 0.5244784929924236
miniFE.c 25 Ap -5.3650560598734032
miniFE.c 25 Ap -52.0738909796334966
miniFE.c 25 Ap -48.0515485845960413
miniFE.c 25 Ap -27.7213664860759081
miniFE.c 25 Ap -6.3141469708110520
miniFE.c 25 Ap -24.6569915096558496
miniFE.c 25 Ap -32.5444476082719945
miniFE.c 25 Ap 0.7719540270563243
miniFE.c 25 Ap -1.6685805487476872
miniFE.c 25 Ap -8.3029290164529055
miniFE.c 25 Ap 19.0652858611314997
miniFE.c 25 Ap 23.5046587525856268
miniFE.c 25 Ap 38.1759389732179102
miniFE.c 25 Ap 36.1804493888261050
miniFE.c 25 Ap 33.1656013144867856
miniFE.c 25 Ap 0.7914784309720767
miniFE.c 25 Ap -3.6828134055561628
miniFE.c 25 Ap -15.2769614254617938
miniFE.c 25 Ap -13.7419912020372710
miniFE.c 25 Ap 66.8145057819779282
miniFE.c 25 Ap 72.7556087394692952
miniFE.c 25 Ap 51.1887536734931672
miniFE.c 25 Ap 48.7624967538002068
miniFE.c 25 Ap 0.9036424508038985
miniFE.c 25 Ap -3.0462931119058636
miniFE.c 25 Ap -14.2107968964889153
miniFE.c 25 Ap -9.5717588708889085
miniFE.c 25 Ap -4.1386467249331389
miniFE.c 25 Ap 83.8201241585541794
miniFE.c 25 Ap 72.1374921699789837
miniFE.c 25 Ap 69.9495626539548141
miniFE.c 25 Ap 0.2812135486995392
miniFE.c 25 Ap -4.3828762185928127
miniFE.c 25 Ap -12.6321366435335456
miniFE.c 25 Ap -12.0880368618164287
miniFE.c 25 Ap 4.9193494603083447
miniFE.c 25 Ap 14.9935330825006723
miniFE.c 25 Ap -85.7732173613920565
miniFE.c 25 Ap -87.4811892313239383
miniFE.c 25 Ap 0.3606410997624487
miniFE.c 25 Ap -2.4850600868188728
miniFE.c 25 Ap -11.0098701078460230
miniFE.c 25 Ap -9.0342931887242983
miniFE.c 25 Ap -4.4361025874908737
miniFE.c 25 Ap 0.0981104219035913
miniFE.c 25 Ap -4.0065774581626679
miniFE.c 25 Ap -45.4339460209404677
miniFE.c 57 sum 1.3179770826567689
miniFE.c 57 sum 13.4727741176028992
miniFE.c 57 sum 35.9350374578200729
miniFE.c 57 sum 49.8136241693780804
miniFE.c 57 sum 108.8289721763202067
miniFE.c 57 sum 201.4015698664331637
miniFE.c 57 sum 335.6604311176977262
miniFE.c 57 sum 364.6745451349984251
miniFE.c 90 p_ap_dot 364.6745451349984251
miniFE.c 91 alpha 0.0180071352719043
miniFE.c 40 y 1.0021235857486666
miniFE.c 40 y 2.0000448783880191
miniFE.c 40 y 0.9978649297549518
miniFE.c 40 y 2.0024728903894902
miniFE.c 40 y 0.9983928748189601
miniFE.c 40 y 1.9996798163534089
miniFE.c 40 y 1.0025442101956954
miniFE.c 40 y 1.9973326766758617
miniFE.c 40 y -0.1250494312409284
miniFE.c 40 y -0.0088161936351810
miniFE.c 40 y 0.1349623301095633
miniFE.c 40 y -0.1518733025258694
miniFE.c 40 y 0.0792857052412755
miniFE.c 40 y -0.0091996332946376
miniFE.c 40 y -0.1237422863652453
miniFE.c 40 y 0.1741913273956696
miniFE.c 82 oldrtrans 6.5667438644660994
miniFE.c 48 sum 0.0156373602536797
miniFE.c 48 sum 0.0157150855238927
miniFE.c 48 sum 0.0339299160724954
miniFE.c 48 sum 0.0569954160926097
miniFE.c 48 sum 0.0632816391482161
miniFE.c 48 sum 0.0633662724009719
miniFE.c 48 sum 0.0786784258358703
miniFE.c 48 sum 0.1090210443757356
miniFE.c 83 rtrans 0.1090210443757356
miniFE.c 84 beta 0.0166019943256306
miniFE.c 40 y -0.1241150831404423
miniFE.c 40 y -0.0156101224181957
miniFE.c 40 y 0.1235035899581305
miniFE.c 40 y -0.1449259773244290
miniFE.c 40 y 0.0993784514696567
miniFE.c 40 y 0.0127717655711886
miniFE.c 40 y -0.1492216479542280
miniFE.c 40 y 0.1635892952486838
miniFE.c 87 normr 0.3301833496343139
miniFE.c 25 Ap -8.3274655099338677
miniFE.c 25 Ap -8.5629840124245167
miniFE.c 25 Ap -7.4120277513400374
miniFE.c 25 Ap -9.3999034700507949
miniFE.c 25 Ap -8.0023035618679099
miniFE.c 25 Ap -7.7972349851506779
miniFE.c 25 Ap -8.5428585530092622
miniFE.c 25 Ap -7.4945680429300952
miniFE.c 25 Ap -1.8725925226355806
miniFE.c 25 Ap -2.9096758255830579
miniFE.c 25 Ap -1.1322158640133420
miniFE.c 25 Ap -1.9965277263964087
miniFE.c 25 Ap -0.9099624956232557
miniFE.c 25 Ap -0.7866860170405017
miniFE.c 25 Ap -2.4874263196504991
miniFE.c 25 Ap -1.3498423922420859
miniFE.c 25 Ap -1.1566548962984908
miniFE.c 25 Ap -1.3813153098374911
miniFE.c 25 Ap 6.9766777523121313
miniFE.c 25 Ap 5.5836238962236875
miniFE.c 25 Ap 7.2530010121322448
miniFE.c 25 Ap 7.4595931327644642
miniFE.c 25 Ap 5.6761049497144089
miniFE.c 25 Ap 7.6966241455110955
miniFE.c 25 Ap -1.7024232967450459
miniFE.c 25 Ap -1.7955191945846403
miniFE.c 25 Ap -0.6083810747788470
miniFE.c 25 Ap -10.0867878152177290
miniFE.c 25 Ap -9.7222565248404642
miniFE.c 25 Ap -9.5806701366124809
miniFE.c 25 Ap -9.7746930475969513
miniFE.c 25 Ap -9.0023834042276487
miniFE.c 25 Ap -1.7454813013881278
miniFE.c 25 Ap -1.9161562919609367
miniFE.c 25 Ap 0.1584792428019322
miniFE.c 25 Ap -0.3731254737335338
miniFE.c 25 Ap 6.2416294729356681
miniFE.c 25 Ap 6.2989645723402070
miniFE.c 25 Ap 4.2020034889997460
miniFE.c 25 Ap 4.8235345148312900
miniFE.c 25 Ap -1.9928414209361982
miniFE.c 25 Ap -2.1435144748091863
miniFE.c 25 Ap -0.1457586897593539
miniFE.c 25 Ap -1.7523921325204683
miniFE.c 25 Ap -1.3062616925337251
miniFE.c 25 Ap -0.4574083889991148
miniFE.c 25 Ap -1.5933192372005589
miniFE.c 25 Ap -1.0328402271237094
miniFE.c 25 Ap -0.6201722899121714
miniFE.c 25 Ap -0.7980872552625395
miniFE.c 25 Ap 0.6780202417016392
miniFE.c 25 Ap 0.4895827034271649
miniFE.c 25 Ap 1.8861142932567507
miniFE.c 25 Ap 1.9833360252366097
miniFE.c 25 Ap -7.8142887804716787
miniFE.c 25 Ap -7.3767598857392445
miniFE.c 25 Ap -0.7953372720141924
miniFE.c 25 Ap -0.9038885335183284
miniFE.c 25 Ap 0.6215253016648346
miniFE.c 25 Ap -0.0626742952111599
miniFE.c 25 Ap 0.3148980318386627
miniFE.c 25 Ap 0.3586558248739068
miniFE.c 25 Ap -0.0404459782136093
miniFE.c 25 Ap 10.5719482292321540
miniFE.c 57 sum 0.9301889357499709
miniFE.c 57 sum 0.9512601407381400
miniFE.c 57 sum 1.9018208532671892
miniFE.c 57 sum 3.2065000663741015
miniFE.c 57 sum 3.6858554570684769
miniFE.c 57 sum 3.6726642638151596
miniFE.c 57 sum 4.7734365305278121
miniFE.c 57 sum 6.5028940907534718
miniFE.c 90 p_ap_dot 6.5028940907534718
miniFE.c 91 alpha 0.0167650038358696
miniFE.c 40 y 1.0000427959037277
miniFE.c 40 y 1.9997831746257997
miniFE.c 40 y 0.9999354679143435
miniFE.c 40 y 2.0000432058237290
miniFE.c 40 y 1.0000589549390517
miniFE.c 40 y 1.9998939350522007
miniFE.c 40 y 1.0000425086953479
miniFE.c 40 y 2.0000752518382132
miniFE.c 40 y 0.0005970307469802
miniFE.c 40 y 0.0138139192485769
miniFE.c 40 y 0.0059283967868233
miniFE.c 40 y -0.0009483102220242
miniFE.c 40 y -0.0015808694023204
miniFE.c 40 y 0.0081159370749318
miniFE.c 40 y -0.0000708785845380
miniFE.c 40 y -0.0030474252200222
miniFE.c 82 oldrtrans 0.1090210443757356
miniFE.c 48 sum 0.0000003564457128
miniFE.c 48 sum 0.0001911808107190
miniFE.c 48 sum 0.0002263266991811
miniFE.c 48 sum 0.0002272259914583
miniFE.c 48 sum 0.0002297251395254
miniFE.c 48 sum 0.0002955935741297
miniFE.c 48 sum 0.0002955985979034
miniFE.c 48 sum 0.0003048853983751
miniFE.c 83 rtrans 0.0003048853983751
miniFE.c 84 beta 0.0027965738185767
miniFE.c 40 y 0.0002499337549792
miniFE.c 40 y 0.0137702643889174
miniFE.c 40 y 0.0062737836930004
miniFE.c 40 y -0.0013536064158413
miniFE.c 40 y -0.0013029502268096
miniFE.c 40 y 0.0081516542601452
miniFE.c 40 y -0.0004881879383717
miniFE.c 40 y -0.0025899356799303
miniFE.c 87 normr 0.0174609678533315
miniFE.c 25 Ap 0.0167692328095399
miniFE.c 25 Ap 0.2245287852905506
miniFE.c 25 Ap 0.2829955118415481
miniFE.c 25 Ap 0.2644287829747251
miniFE.c 25 Ap 0.2461048597255081
miniFE.c 25 Ap 0.3769910811881036
miniFE.c 25 Ap 0.3745517271306691
miniFE.c 25 Ap 0.3579552561277279
miniFE.c 25 Ap 0.0037708880249363
miniFE.c 25 Ap 0.9186202974230421
miniFE.c 25 Ap 1.0089124041191933
miniFE.c 25 Ap 1.0008397445186963
miniFE.c 25 Ap 0.9865937948893481
miniFE.c 25 Ap 1.0652757301483029
miniFE.c 25 Ap 1.0597116520576262
miniFE.c 25 Ap 1.0417014931530875
miniFE.c 25 Ap 0.0023291858985409
miniFE.c 25 Ap 0.2005104178759085
miniFE.c 25 Ap 0.6250830201565513
miniFE.c 25 Ap 0.6120719184063619
miniFE.c 25 Ap 0.5901847259653726
miniFE.c 25 Ap 0.7220433582646609
miniFE.c 25 Ap 0.7162085653165191
miniFE.c 25 Ap 0.6842198294446344
miniFE.c 25 Ap 0.0034282138508345
miniFE.c 25 Ap 0.0855515369376903
miniFE.c 25 Ap 0.1458562437069566
miniFE.c 25 Ap 0.0573280694439645
miniFE.c 25 Ap 0.0525487020816013
miniFE.c 25 Ap 0.1429170445276025
miniFE.c 25 Ap 0.1422822864599297
miniFE.c 25 Ap 0.1300551275967797
miniFE.c 25 Ap 0.0035149208691119
miniFE.c 25 Ap 0.1540736212944231
miniFE.c 25 Ap 0.2594617690505088
miniFE.c 25 Ap 0.2544965891132844
miniFE.c 25 Ap 0.1677705802995487
miniFE.c 25 Ap 0.2043650436657724
miniFE.c 25 Ap 0.1975047045517345
miniFE.c 25 Ap 0.1876646635054194
miniFE.c 25 Ap 0.0040130363434479
miniFE.c 25 Ap 0.1369272911156061
miniFE.c 25 Ap 0.2384100712606360
miniFE.c 25 Ap 0.2234041394313251
miniFE.c 25 Ap 0.2175549261524797
miniFE.c 25 Ap 0.7593405241911610
miniFE.c 25 Ap 0.7556243209273587
miniFE.c 25 Ap 0.7467508516466006
miniFE.c 25 Ap 0.0012488569900598
miniFE.c 25 Ap 0.1581942060389508
miniFE.c 25 Ap 0.2331780923106703
miniFE.c 25 Ap 0.2314180885797817
miniFE.c 25 Ap 0.2131081720455029
miniFE.c 25 Ap 0.2751605125190964
miniFE.c 25 Ap 0.2431069712239019
miniFE.c 25 Ap 0.2361800406215945
miniFE.c 25 Ap 0.0016015912477332
miniFE.c 25 Ap 0.0973586603223547
miniFE.c 25 Ap 0.1748472292578307
miniFE.c 25 Ap 0.1684568154676643
miniFE.c 25 Ap 0.1635064671588378
miniFE.c 25 Ap 0.1914351351274204
miniFE.c 25 Ap 0.1901294486595329
miniFE.c 25 Ap 0.0221146750426722
miniFE.c 57 sum 0.0000894651012785
miniFE.c 57 sum 0.0144339700763266
miniFE.c 57 sum 0.0187266172847239
miniFE.c 57 sum 0.0185505738295958
miniFE.c 57 sum 0.0183060561137173
miniFE.c 57 sum 0.0243933108748093
miniFE.c 57 sum 0.0242780106276937
miniFE.c 57 sum 0.0242207350417507
miniFE.c 90 p_ap_dot 0.0242207350417507
miniFE.c 91 alpha 0.0125877847162576
miniFE.c 40 y 1.0000459420160286
miniFE.c 40 y 1.9999565117494134
miniFE.c 40 y 1.0000144409528273
miniFE.c 40 y 2.0000261669175758
miniFE.c 40 y 1.0000425536821007
miniFE.c 40 y 1.9999965463211087
miniFE.c 40 y 1.0000363634906786
miniFE.c 40 y 2.0000426502854451
miniFE.c 40 y -0.0039088329552085
miniFE.c 40 y 0.0007012051141617
miniFE.c 40 y -0.0026844151248203
miniFE.c 40 y -0.0025854161694578
miniFE.c 40 y -0.0039431517853755
miniFE.c 40 y -0.0012840018822776
miniFE.c 40 y -0.0030438620901596
miniFE.c 40 y -0.0033257999885293
