filename line variable value
miniFE.c 167 A 67.0947100000000063
miniFE.c 167 A 15.0875500000000002
miniFE.c 167 A 9.3192129999999995
miniFE.c 167 A 13.7164900000000003
miniFE.c 167 A 14.0634099999999993
miniFE.c 167 A 16.0564000000000000
miniFE.c 167 A 4.9967519999999999
miniFE.c 167 A 6.4080630000000003
miniFE.c 167 A 15.0875500000000002
miniFE.c 167 A 66.4365899999999954
miniFE.c 167 A 14.3919700000000006
miniFE.c 167 A 5.9638159999999996
miniFE.c 167 A 10.9336099999999998
miniFE.c 167 A 9.6522659999999991
miniFE.c 167 A 11.3974100000000007
miniFE.c 167 A 6.9539020000000002
miniFE.c 167 A 9.3192129999999995
miniFE.c 167 A 14.3919700000000006
miniFE.c 167 A 67.6740900000000067
miniFE.c 167 A 9.6121750000000006
miniFE.c 167 A 16.7981799999999986
miniFE.c 167 A 16.1756899999999995
miniFE.c 167 A 11.9519400000000005
miniFE.c 167 A 12.3511699999999998
miniFE.c 167 A 13.7164900000000003
miniFE.c 167 A 5.9638159999999996
miniFE.c 167 A 177313332216709120000.0000000000000000
miniFE.c 167 A 65.4017099999999942
miniFE.c 167 A 3.6681119999999998
miniFE.c 167 A 11.0858899999999991
miniFE.c 167 A 1.3002330000000000
miniFE.c 167 A 4.7210279999999996
miniFE.c 167 A 14.0634099999999993
miniFE.c 167 A 10.9336099999999998
miniFE.c 167 A 16.7981799999999986
miniFE.c 167 A 3.6681119999999998
miniFE.c 167 A 66.5612600000000043
miniFE.c 167 A 4.4892070000000004
miniFE.c 167 A 14.0526599999999995
miniFE.c 167 A 3.7993380000000001
miniFE.c 167 A 16.0564000000000000
miniFE.c 167 A 9.6522659999999991
miniFE.c 167 A 16.1756899999999995
miniFE.c 167 A 11.0858899999999991
miniFE.c 167 A 4.4892070000000004
miniFE.c 167 A 66.4632699999999943
miniFE.c 167 A 7.6122389999999998
miniFE.c 167 A 3.4261349999999999
miniFE.c 167 A 4.9967519999999999
miniFE.c 167 A 11.3974100000000007
miniFE.c 167 A 11.9519400000000005
miniFE.c 167 A 1.3002330000000000
miniFE.c 167 A 14.0526599999999995
miniFE.c 167 A 7.6122389999999998
miniFE.c 167 A 65.6581999999999937
miniFE.c 167 A 2.6745570000000001
miniFE.c 167 A 6.4080630000000003
miniFE.c 167 A 6.9539020000000002
miniFE.c 167 A 12.3511699999999998
miniFE.c 167 A 4.7210279999999996
miniFE.c 167 A 3.7993380000000001
miniFE.c 167 A 3.4261349999999999
miniFE.c 167 A 2.6745570000000001
miniFE.c 167 A 64.8721800000000002
miniFE.c 175 b 198.0110999999999990
miniFE.c 175 b 229.8237000000000023
miniFE.c 175 b 210.8053999999999917
miniFE.c 175 b 202.6418999999999926
miniFE.c 175 b 157.2561000000000035
miniFE.c 175 b 225.5886000000000138
miniFE.c 175 b 142.6283999999999992
miniFE.c 175 b 185.1795999999999935
miniFE.c 33 r 0.0000000000000000
miniFE.c 33 r 0.0000000000000000
miniFE.c 33 r 0.0000000000000000
miniFE.c 33 r 0.0000000000000000
miniFE.c 33 r 0.0000000000000000
miniFE.c 33 r 0.0000000000000000
miniFE.c 33 r 0.0000000000000000
miniFE.c 33 r 0.0000000000000000
miniFE.c 25 Ap 0.0000000000000000
miniFE.c 25 Ap 0.0000000000000000
miniFE.c 25 Ap 0.0000000000000000
miniFE.c 25 Ap 0.0000000000000000
miniFE.c 25 Ap 0.0000000000000000
miniFE.c 25 Ap 0.0000000000000000
miniFE.c 25 Ap 0.0000000000000000
miniFE.c 25 Ap 0.0000000000000000
miniFE.c 25 Ap 0.0000000000000000
miniFE.c 25 Ap 0.0000000000000000
miniFE.c 25 Ap 0.0000000000000000
miniFE.c 25 Ap 0.0000000000000000
miniFE.c 25 Ap 0.0000000000000000
miniFE.c 25 Ap 0.0000000000000000
miniFE.c 25 Ap 0.0000000000000000
miniFE.c 25 Ap 0.0000000000000000
miniFE.c 25 Ap 0.0000000000000000
miniFE.c 25 Ap 0.0000000000000000
miniFE.c 25 Ap 0.0000000000000000
miniFE.c 25 Ap 0.0000000000000000
miniFE.c 25 Ap 0.0000000000000000
miniFE.c 25 Ap 0.0000000000000000
miniFE.c 25 Ap 0.0000000000000000
miniFE.c 25 Ap 0.0000000000000000
miniFE.c 25 Ap 0.0000000000000000
miniFE.c 25 Ap 0.0000000000000000
miniFE.c 25 Ap 0.0000000000000000
miniFE.c 25 Ap 0.0000000000000000
miniFE.c 25 Ap 0.0000000000000000
miniFE.c 25 Ap 0.0000000000000000
miniFE.c 25 Ap 0.0000000000000000
miniFE.c 25 Ap 0.0000000000000000
miniFE.c 25 Ap 0.0000000000000000
miniFE.c 25 Ap 0.0000000000000000
miniFE.c 25 Ap 0.0000000000000000
miniFE.c 25 Ap 0.0000000000000000
miniFE.c 25 Ap 0.0000000000000000
miniFE.c 25 Ap 0.0000000000000000
miniFE.c 25 Ap 0.0000000000000000
miniFE.c 25 Ap 0.0000000000000000
miniFE.c 25 Ap 0.0000000000000000
miniFE.c 25 Ap 0.0000000000000000
miniFE.c 25 Ap 0.0000000000000000
miniFE.c 25 Ap 0.0000000000000000
miniFE.c 25 Ap 0.0000000000000000
miniFE.c 25 Ap 0.0000000000000000
miniFE.c 25 Ap 0.0000000000000000
miniFE.c 25 Ap 0.0000000000000000
miniFE.c 25 Ap 0.0000000000000000
miniFE.c 25 Ap 0.0000000000000000
miniFE.c 25 Ap 0.0000000000000000
miniFE.c 25 Ap 0.0000000000000000
miniFE.c 25 Ap 0.0000000000000000
miniFE.c 25 Ap 0.0000000000000000
miniFE.c 25 Ap 0.0000000000000000
miniFE.c 25 Ap 0.0000000000000000
miniFE.c 25 Ap 0.0000000000000000
miniFE.c 25 Ap 0.0000000000000000
miniFE.c 25 Ap 0.0000000000000000
miniFE.c 25 Ap 0.0000000000000000
miniFE.c 25 Ap 0.0000000000000000
miniFE.c 25 Ap 0.0000000000000000
miniFE.c 25 Ap 0.0000000000000000
miniFE.c 25 Ap 0.0000000000000000
miniFE.c 33 r 198.0110999999999990
miniFE.c 33 r 229.8237000000000023
miniFE.c 33 r 210.8053999999999917
miniFE.c 33 r 202.6418999999999926
miniFE.c 33 r 157.2561000000000035
miniFE.c 33 r 225.5886000000000138
miniFE.c 33 r 142.6283999999999992
miniFE.c 33 r 185.1795999999999935
miniFE.c 48 sum 39208.3957232100001420
miniFE.c 48 sum 92027.3288048999966122
miniFE.c 48 sum 136466.2454740600078367
miniFE.c 48 sum 177529.9851096700003836
miniFE.c 48 sum 202259.4660968800017145
miniFE.c 48 sum 253149.6825468399911188
miniFE.c 48 sum 273492.5430333999684080
miniFE.c 48 sum 307784.0272895599482581
miniFE.c 75 rtrans 307784.0272895599482581
miniFE.c 76 normr 554.7828649927464539
miniFE.c 33 r 198.0110999999999990
miniFE.c 33 r 229.8237000000000023
miniFE.c 33 r 210.8053999999999917
miniFE.c 33 r 202.6418999999999926
miniFE.c 33 r 157.2561000000000035
miniFE.c 33 r 225.5886000000000138
miniFE.c 33 r 142.6283999999999992
miniFE.c 33 r 185.1795999999999935
miniFE.c 87 normr 554.7828649927464539
miniFE.c 25 Ap 13285.4973312810016068
miniFE.c 25 Ap 16752.9738962160008668
miniFE.c 25 Ap 18717.5143203662009910
miniFE.c 25 Ap 21497.0499152972006414
miniFE.c 25 Ap 23708.6069245981998392
miniFE.c 25 Ap 27330.7477216381994367
miniFE.c 25 Ap 28043.4264645949988335
miniFE.c 25 Ap 29230.0690077097970061
miniFE.c 25 Ap 2987.5023718050001662
miniFE.c 25 Ap 18256.2053009880000900
miniFE.c 25 Ap 21290.1102936259994749
miniFE.c 25 Ap 22498.6292991164009436
miniFE.c 25 Ap 24218.0061666374022025
miniFE.c 25 Ap 26395.4473404050004319
miniFE.c 25 Ap 28021.0416928490012651
miniFE.c 25 Ap 29308.7624836482027604
miniFE.c 25 Ap 1845.3076172643000064
miniFE.c 25 Ap 5152.9234129532997031
miniFE.c 25 Ap 19418.9870250392996240
miniFE.c 25 Ap 21366.8164301717988565
miniFE.c 25 Ap 24008.4327040697971825
miniFE.c 25 Ap 27657.4839652037990163
miniFE.c 25 Ap 29362.1700442997971550
miniFE.c 25 Ap 31649.3547644317950471
miniFE.c 25 Ap 2716.0172730389999742
miniFE.c 25 Ap 4086.6435322781999275
miniFE.c 25 Ap 37378607923276252446720.0000000000000000
miniFE.c 25 Ap 37378607923276252446720.0000000000000000
miniFE.c 25 Ap 37378607923276252446720.0000000000000000
miniFE.c 25 Ap 37378607923276252446720.0000000000000000
miniFE.c 25 Ap 37378607923276252446720.0000000000000000
miniFE.c 25 Ap 37378607923276252446720.0000000000000000
miniFE.c 25 Ap 2784.7112838509997346
miniFE.c 25 Ap 5297.5139884079999320
miniFE.c 25 Ap 8838.6610425799990480
miniFE.c 25 Ap 9581.9742276727993158
miniFE.c 25 Ap 20049.1383863587980159
miniFE.c 25 Ap 21061.8523085989982064
miniFE.c 25 Ap 23066.1607201429978886
miniFE.c 25 Ap 23769.7206112477979332
miniFE.c 25 Ap 3179.3454260399998930
miniFE.c 25 Ap 5397.6649115441996400
miniFE.c 25 Ap 8807.5877122702004272
miniFE.c 25 Ap 11054.0535250612010714
miniFE.c 25 Ap 11760.0087099739012046
miniFE.c 25 Ap 26753.3647406958989450
miniFE.c 25 Ap 27839.0862096834971453
miniFE.c 25 Ap 28473.5365185294976982
miniFE.c 25 Ap 989.4123599472000024
miniFE.c 25 Ap 3608.8072965641999872
miniFE.c 25 Ap 6128.3407890401995246
miniFE.c 25 Ap 6391.8224746028990921
miniFE.c 25 Ap 8601.6889808288997301
miniFE.c 25 Ap 10318.9233197042995016
miniFE.c 25 Ap 19683.6473325842962367
miniFE.c 25 Ap 20178.9207280214977800
miniFE.c 25 Ap 1268.8676034993000030
miniFE.c 25 Ap 2867.0390905766998912
miniFE.c 25 Ap 5470.7324228946999938
miniFE.c 25 Ap 6427.4105067679001877
miniFE.c 25 Ap 7024.8795832297000743
miniFE.c 25 Ap 7797.7765812907000509
miniFE.c 25 Ap 8179.2443669095000587
miniFE.c 25 Ap 20192.2487104374995397
miniFE.c 57 sum 5787878.1172925252467394
miniFE.c 57 sum 12523726.3537057451903820
miniFE.c 57 sum 19195581.2445636950433254
miniFE.c 57 sum 7574472128927753379512320.0000000000000000
miniFE.c 57 sum 7574472128927753379512320.0000000000000000
miniFE.c 57 sum 7574472128927753379512320.0000000000000000
miniFE.c 57 sum 7574472128927753379512320.0000000000000000
miniFE.c 57 sum 7574472128927753379512320.0000000000000000
miniFE.c 90 p_ap_dot 7574472128927753379512320.0000000000000000
miniFE.c 91 alpha 0.0000000000000000
miniFE.c 40 y 0.0000000000000000
miniFE.c 40 y 0.0000000000000000
miniFE.c 40 y 0.0000000000000000
miniFE.c 40 y 0.0000000000000000
miniFE.c 40 y 0.0000000000000000
miniFE.c 40 y 0.0000000000000000
miniFE.c 40 y 0.0000000000000000
miniFE.c 40 y 0.0000000000000000
miniFE.c 40 y 198.0110999999999990
miniFE.c 40 y 229.8237000000000023
miniFE.c 40 y 210.8053999999999917
miniFE.c 40 y -1316.2148975801644610
miniFE.c 40 y 157.2561000000000035
miniFE.c 40 y 225.5886000000000138
miniFE.c 40 y 142.6283999999999992
miniFE.c 40 y 185.1795999999999935
miniFE.c 82 oldrtrans 307784.0272895599482581
miniFE.c 48 sum 39208.3957232100001420
miniFE.c 48 sum 92027.3288048999966122
miniFE.c 48 sum 136466.2454740600078367
miniFE.c 48 sum 1868887.9020860227756202
miniFE.c 48 sum 1893617.3830732328351587
miniFE.c 48 sum 1944507.5995231927372515
miniFE.c 48 sum 1964850.4600097527727485
miniFE.c 48 sum 1999141.9442659127525985
miniFE.c 83 rtrans 1999141.9442659127525985
miniFE.c 84 beta 6.4952751507963775
miniFE.c 40 y 1484.1476774118564208
miniFE.c 40 y 1722.5918676740814135
miniFE.c 40 y 1580.0444762736906341
miniFE.c 40 y 0.0000000000000000
miniFE.c 40 y 1178.6777386411501993
miniFE.c 40 y 1690.8486278829439016
miniFE.c 40 y 1069.0391023178460728
miniFE.c 40 y 1387.9720543144128442
miniFE.c 87 normr 1413.9101613136219839
miniFE.c 25 Ap 99578.4580131220718613
miniFE.c 25 Ap 125568.1489462481549708
miniFE.c 25 Ap 140292.9199701161123812
miniFE.c 25 Ap 140292.9199701161123812
miniFE.c 25 Ap 156869.1482664994546212
miniFE.c 25 Ap 184018.0901752391655464
miniFE.c 25 Ap 189359.8134478240681347
miniFE.c 25 Ap 198254.0258141102385707
miniFE.c 25 Ap 22392.1522903352561116
miniFE.c 25 Ap 136835.2819403324392624
miniFE.c 25 Ap 159575.2346415290958248
miniFE.c 25 Ap 159575.2346415290958248
miniFE.c 25 Ap 172462.4373515133629553
miniFE.c 25 Ap 188782.9580735745548736
miniFE.c 25 Ap 200967.2350287229928654
miniFE.c 25 Ap 210619.0566731641010847
miniFE.c 25 Ap 13831.0883292563776195
miniFE.c 25 Ap 38622.5788110657304060
miniFE.c 25 Ap 145550.6509024143451825
miniFE.c 25 Ap 145550.6509024143451825
miniFE.c 25 Ap 165350.2917181013326626
miniFE.c 25 Ap 192700.9349596611864399
miniFE.c 25 Ap 205478.0261682179407217
miniFE.c 25 Ap 222621.1049663044977933
miniFE.c 25 Ap 20357.2967757429541962
miniFE.c 25 Ap 30630.5177176475226588
miniFE.c 25 Ap 280162951138693089329152.0000000000000000
miniFE.c 25 Ap 280162951138693089329152.0000000000000000
miniFE.c 25 Ap 280162951138693089329152.0000000000000000
miniFE.c 25 Ap 280162951138693089329152.0000000000000000
miniFE.c 25 Ap 280162951138693089329152.0000000000000000
miniFE.c 25 Ap 280162951138693089329152.0000000000000000
miniFE.c 25 Ap 20872.1772879906748130
miniFE.c 25 Ap 39706.3249583106880891
miniFE.c 25 Ap 66248.1964787618780974
miniFE.c 25 Ap 66248.1964787618780974
miniFE.c 25 Ap 144702.4718966675281990
miniFE.c 25 Ap 152293.0413929000496864
miniFE.c 25 Ap 167315.8844244779611472
miniFE.c 25 Ap 172589.2593933727766853
miniFE.c 25 Ap 23830.0687675957306055
miniFE.c 25 Ap 40456.9836838227638509
miniFE.c 25 Ap 66015.2933182383421808
miniFE.c 25 Ap 66015.2933182383421808
miniFE.c 25 Ap 71306.6216732903703814
miniFE.c 25 Ap 183685.9505574039940257
miniFE.c 25 Ap 191823.7317045928793959
miniFE.c 25 Ap 196579.1113389013917185
miniFE.c 25 Ap 7415.9178754030481286
miniFE.c 25 Ap 27049.0036539503016684
miniFE.c 25 Ap 45933.6004317048791563
miniFE.c 25 Ap 45933.6004317048791563
miniFE.c 25 Ap 62497.1579423978255363
miniFE.c 25 Ap 75368.3018106648523826
miniFE.c 25 Ap 145559.4849984704633243
miniFE.c 25 Ap 149271.6953721414611209
miniFE.c 25 Ap 9510.5118181588532025
miniFE.c 25 Ap 21489.2468519613830722
miniFE.c 25 Ap 41004.6447859787003836
miniFE.c 25 Ap 41004.6447859787003836
miniFE.c 25 Ap 45482.8399081520910840
miniFE.c 25 Ap 51275.9155718438196345
miniFE.c 25 Ap 54135.1215862217286485
miniFE.c 25 Ap 144175.8945286760863382
miniFE.c 57 sum 294238251.9495619535446167
miniFE.c 57 sum 657048926.1519408226013184
miniFE.c 57 sum 1008800173.3558957576751709
miniFE.c 57 sum 1008800173.3558957576751709
miniFE.c 57 sum 1212227291.3314273357391357
miniFE.c 57 sum 1544612812.0092573165893555
miniFE.c 57 sum 1704190091.2313544750213623
miniFE.c 57 sum 1904302203.7429392337799072
miniFE.c 90 p_ap_dot 1904302203.7429392337799072
miniFE.c 91 alpha 0.0010498028833536
miniFE.c 40 y 1.5580625110694846
miniFE.c 40 y 1.8083819095256777
miniFE.c 40 y 1.6587352470190164
miniFE.c 40 y 0.0000000000000000
miniFE.c 40 y 1.2373792885701558
miniFE.c 40 y 1.7750577648659576
miniFE.c 40 y 1.1222803320309966
miniFE.c 40 y 1.4570970646334611
miniFE.c 40 y -10.1165479361078496
miniFE.c 40 y 8.7152070153014449
miniFE.c 40 y -22.9028778889862679
miniFE.c 40 y -294115873914247905280.0000000000000000
miniFE.c 40 y -23.9286021470215360
miniFE.c 40 y 19.2192821093370583
miniFE.c 40 y -14.0774562047512291
miniFE.c 40 y 33.8233302137143141
miniFE.c 82 oldrtrans 1999141.9442659127525985
miniFE.c 48 sum 102.3445421435679918
miniFE.c 48 sum 178.2993754631275181
miniFE.c 48 sum 702.8411910609436291
miniFE.c 48 sum 86504147288341768530709322990338778857472.0000000000000000
miniFE.c 48 sum 86504147288341768530709322990338778857472.0000000000000000
miniFE.c 48 sum 86504147288341768530709322990338778857472.0000000000000000
miniFE.c 48 sum 86504147288341768530709322990338778857472.0000000000000000
miniFE.c 48 sum 86504147288341768530709322990338778857472.0000000000000000
miniFE.c 83 rtrans 86504147288341768530709322990338778857472.0000000000000000
miniFE.c 84 beta 43270637953677769805425430105161728.0000000000000000
miniFE.c 40 y 64220016819080181479569455329340030976.0000000000000000
miniFE.c 40 y 74537649048074785895806430858465771520.0000000000000000
miniFE.c 40 y 68369532483547274233113436153528188928.0000000000000000
miniFE.c 40 y -294115873914247905280.0000000000000000
miniFE.c 40 y 51002137692800838703989014102554968064.0000000000000000
miniFE.c 40 y 73164098811595692114893571162896334848.0000000000000000
miniFE.c 40 y 46258003954720205127618074435139928064.0000000000000000
miniFE.c 40 y 60058436252061339589412180612578541568.0000000000000000
miniFE.c 87 normr 294115873914247905280.0000000000000000
miniFE.c 25 Ap 4308823404671307638292566551150693711872.0000000000000000
miniFE.c 25 Ap 5433413911566588722067827712537361645568.0000000000000000
miniFE.c 25 Ap 6070564147491184215951153233333904736256.0000000000000000
miniFE.c 25 Ap 6070564147491184215951153233333904736256.0000000000000000
miniFE.c 25 Ap 6787828120741496775990158794974998560768.0000000000000000
miniFE.c 25 Ap 7962580156900002160413758820794186596352.0000000000000000
miniFE.c 25 Ap 8193719930676757832653738023017882058752.0000000000000000
miniFE.c 25 Ap 8578578173861450295702514553612977307648.0000000000000000
miniFE.c 25 Ap 968922714758713178019815223064954667008.0000000000000000
miniFE.c 25 Ap 5920949944129547392447877156308563001344.0000000000000000
miniFE.c 25 Ap 6904922204546785156095425933215491162112.0000000000000000
miniFE.c 25 Ap 6904922204546785156095425933215491162112.0000000000000000
miniFE.c 25 Ap 7462559687246169362070522169983911329792.0000000000000000
miniFE.c 25 Ap 8168759030625974326762986354150756843520.0000000000000000
miniFE.c 25 Ap 8695980467479542595157686010396637396992.0000000000000000
miniFE.c 25 Ap 9113620947449624699100864939814142607360.0000000000000000
miniFE.c 25 Ap 598480015600590640433677086075455012864.0000000000000000
miniFE.c 25 Ap 1671223624571011566109247049087821283328.0000000000000000
miniFE.c 25 Ap 6298069519120513740549677242865873321984.0000000000000000
miniFE.c 25 Ap 6298069519120513740549677242865873321984.0000000000000000
miniFE.c 25 Ap 7154812608468967136523949990929064001536.0000000000000000
miniFE.c 25 Ap 8338292389974707902334545897574449020928.0000000000000000
miniFE.c 25 Ap 8891165277761285995351972022610575753216.0000000000000000
miniFE.c 25 Ap 9632957233844658896370713714583817682944.0000000000000000
miniFE.c 25 Ap 880873218498745147229278410719755239424.0000000000000000
miniFE.c 25 Ap 1325402042494038309458957646043610611712.0000000000000000
miniFE.c 25 Ap 12122829626756303855892621186860165203521015285411313876992.0000000000000000
miniFE.c 25 Ap 12122829626756303855892621186860165203521015285411313876992.0000000000000000
miniFE.c 25 Ap 12122829626756303855892621186860165203521015285411313876992.0000000000000000
miniFE.c 25 Ap 12122829626756303855892621186860165203521015285411313876992.0000000000000000
miniFE.c 25 Ap 12122829626756303855892621186860165203521015285411313876992.0000000000000000
miniFE.c 25 Ap 12122829626756303855892621186860165203521015285411313876992.0000000000000000
miniFE.c 25 Ap 903152426733620315304290116157080338432.0000000000000000
miniFE.c 25 Ap 1718118011742141377476526126317061537792.0000000000000000
miniFE.c 25 Ap 2866601724916615203847397223652711727104.0000000000000000
miniFE.c 25 Ap 2866601724916615203847397223652711727104.0000000000000000
miniFE.c 25 Ap 6261368272442933010592946202365906649088.0000000000000000
miniFE.c 25 Ap 6589817056976639818961641168136466071552.0000000000000000
miniFE.c 25 Ap 7239865058830977847111278546731212472320.0000000000000000
miniFE.c 25 Ap 7468047357904012544516429075554276212736.0000000000000000
miniFE.c 25 Ap 1031142278053878979825817916114869420032.0000000000000000
miniFE.c 25 Ap 1750599493680543412420773424083125665792.0000000000000000
miniFE.c 25 Ap 2856523856579334034706826016116302675968.0000000000000000
miniFE.c 25 Ap 2856523856579334034706826016116302675968.0000000000000000
miniFE.c 25 Ap 3085483010124819638610480187769154961408.0000000000000000
miniFE.c 25 Ap 7948208263746582910125692066334307778560.0000000000000000
miniFE.c 25 Ap 8300335245512857714949466297179083636736.0000000000000000
miniFE.c 25 Ap 8506103556001314170319518936087190831104.0000000000000000
miniFE.c 25 Ap 320891497480772519922413115587019407360.0000000000000000
miniFE.c 25 Ap 1170427644117790621485598417359416066048.0000000000000000
miniFE.c 25 Ap 1987576194189198862288836945681645043712.0000000000000000
miniFE.c 25 Ap 1987576194189198862288836945681645043712.0000000000000000
miniFE.c 25 Ap 2704291894459313368715137362692648468480.0000000000000000
miniFE.c 25 Ap 3261234500832795832978275567545564004352.0000000000000000
miniFE.c 25 Ap 6298451776092604862670321267062956097536.0000000000000000
miniFE.c 25 Ap 6459081487179609068666251846107948646400.0000000000000000
miniFE.c 25 Ap 411525913637725400811977184956418883584.0000000000000000
miniFE.c 25 Ap 929853420428430659263612619736834113536.0000000000000000
miniFE.c 25 Ap 1774297138953245411310116570083811655680.0000000000000000
miniFE.c 25 Ap 1774297138953245411310116570083811655680.0000000000000000
miniFE.c 25 Ap 1968071498770735810058047522336166379520.0000000000000000
miniFE.c 25 Ap 2218741578452602203553385735304165457920.0000000000000000
miniFE.c 25 Ap 2342461246735726928814138782808172134400.0000000000000000
miniFE.c 25 Ap 6238582933797975653749067976931304013824.0000000000000000
miniFE.c 57 sum 550916434609176512392311230604470159756636846644560720831876717343703625105408.0000000000000000
miniFE.c 57 sum 1230224314347359448684313296059687157200138025812826502324654553562878637506560.0000000000000000
miniFE.c 57 sum 1888825096859323453593059540543459198074857475960413343170666483863205984600064.0000000000000000
miniFE.c 57 sum -1676691533127642648210144154822574814093277570169617933823697325935032354734080.0000000000000000
miniFE.c 57 sum -1295805153483464819397577893143507229052458158099186515304201922562046107320320.0000000000000000
miniFE.c 57 sum -673463752410519141740098007360158332741161426546924369913618604660425219899392.0000000000000000
miniFE.c 57 sum -374679535432704724376580671100367229690691121394114404149430815842577204379648.0000000000000000
miniFE.c 57 sum -1182706400574616842798884099963095675456341403424135526781812736.0000000000000000
miniFE.c 90 p_ap_dot -1182706400574616842798884099963095675456341403424135526781812736.0000000000000000
miniFE.c 91 alpha -0.0000000000000000
miniFE.c 40 y -4697106391813267.0000000000000000
miniFE.c 40 y -5451746746824673.0000000000000000
miniFE.c 40 y -5000605480040021.0000000000000000
miniFE.c 40 y 0.0215118839845260
miniFE.c 40 y -3730339523701583.0000000000000000
miniFE.c 40 y -5351284119830690.0000000000000000
miniFE.c 40 y -3383349566231891.0000000000000000
miniFE.c 40 y -4392724866401047.0000000000000000
miniFE.c 40 y 627444469325374976.0000000000000000
miniFE.c 40 y 666577950694502272.0000000000000000
miniFE.c 40 y 704562646294923264.0000000000000000
miniFE.c 40 y 886674020767032508212305473344372736.0000000000000000
miniFE.c 40 y 546219305391915904.0000000000000000
miniFE.c 40 y 622143614425973376.0000000000000000
miniFE.c 40 y 472422687526612224.0000000000000000
miniFE.c 40 y 456295236682240384.0000000000000000
miniFE.c 82 oldrtrans 86504147288341768530709322990338778857472.0000000000000000
miniFE.c 48 sum 393686562087001453173265210141573120.0000000000000000
miniFE.c 48 sum 838012726439083785158798085705433088.0000000000000000
miniFE.c 48 sum 1334421248993189073578099687787855872.0000000000000000
miniFE.c 48 sum 786190819103175996592316975076637932869424754048452485614869619626999808.0000000000000000
miniFE.c 48 sum 786190819103175996592316975076637932869424754048452485614869619626999808.0000000000000000
miniFE.c 48 sum 786190819103175996592316975076637932869424754048452485614869619626999808.0000000000000000
miniFE.c 48 sum 786190819103175996592316975076637932869424754048452485614869619626999808.0000000000000000
miniFE.c 48 sum 786190819103175996592316975076637932869424754048452485614869619626999808.0000000000000000
miniFE.c 83 rtrans 786190819103175996592316975076637932869424754048452485614869619626999808.0000000000000000
miniFE.c 84 beta 9088475451732839291999402065920.0000000000000000
miniFE.c 40 y 583662046370080283089042540980529246266448356416209900541453197639680.0000000000000000
miniFE.c 40 y 677433593603305337012040118093367824516431144813422641949279342559232.0000000000000000
miniFE.c 40 y 621374817623170360998134325993127571758641060811751313631936021266432.0000000000000000
miniFE.c 40 y -2673064900034591908895058126346989810774805730820096.0000000000000000
miniFE.c 40 y 463531676406918550487393288410111836684729406964627480019399316865024.0000000000000000
miniFE.c 40 y 664950115997343277704530999323931760856663371916136715134231098949632.0000000000000000
miniFE.c 40 y 420414733388635191912659385589690553363009168184880278252033339817984.0000000000000000
miniFE.c 40 y 545839623546321125744749802747889756169774983838530883609882999652352.0000000000000000
miniFE.c 87 normr 886674020767032508212305473344372736.0000000000000000
miniFE.c 25 Ap 39160635739207095105932320148274819936079458000852191784012729209061376.0000000000000000
miniFE.c 25 Ap 49381448954376646721849049761397071034711596489625208809182709415936000.0000000000000000
miniFE.c 25 Ap 55172173232643127767067403489052152481455292655091809365058564632084480.0000000000000000
miniFE.c 25 Ap 55172173232643127767067403489052152481455292655091809365058564632084480.0000000000000000
miniFE.c 25 Ap 61691009245940954833060731446456129629770409061243118870464913137991680.0000000000000000
miniFE.c 25 Ap 72367714288440693282523726919532918102392630870231664173763484159311872.0000000000000000
miniFE.c 25 Ap 74468422448329826526072996907059725355107542765736449500936824657281024.0000000000000000
miniFE.c 25 Ap 77966197143910937128916477755010825610287048495074367299875686563446784.0000000000000000
miniFE.c 25 Ap 8806030307710904971447129719786764493258716581181528255071109423038464.0000000000000000
miniFE.c 25 Ap 53812408218160323667977640384202801788299355783857502832131950256324608.0000000000000000
miniFE.c 25 Ap 62755215952148462054709922860256661868582929861877073554517694416420864.0000000000000000
miniFE.c 25 Ap 62755215952148462054709922860256661868582929861877073554517694416420864.0000000000000000
miniFE.c 25 Ap 67823290524627907899421721068991714297861558766097012306082313743106048.0000000000000000
miniFE.c 25 Ap 74241565920965124450266850469419345609453430069171885672224965024284672.0000000000000000
miniFE.c 25 Ap 79033205007436090012495693067640037907956375788250529066166785574699008.0000000000000000
miniFE.c 25 Ap 82828920257294104833401440698444760168751741898653277287225177587843072.0000000000000000
miniFE.c 25 Ap 5439270930138654872490601660203093595625352189699382845836712673804288.0000000000000000
miniFE.c 25 Ap 15188874886269618090592271106962633011543406546423052793087950871068672.0000000000000000
miniFE.c 25 Ap 57239850217833638696980289233879844198664839922817901631064922879164416.0000000000000000
miniFE.c 25 Ap 57239850217833638696980289233879844198664839922817901631064922879164416.0000000000000000
miniFE.c 25 Ap 65026338753818814853492385222854384074743048161229856275675768581783552.0000000000000000
miniFE.c 25 Ap 75782365695655881977216984663106238326278821957432573186337904571449344.0000000000000000
miniFE.c 25 Ap 80807137364232848356463620640053274482442381865340288118934856649408512.0000000000000000
miniFE.c 25 Ap 87548895347389460089271091078698622348793761113466386844463294440275968.0000000000000000
miniFE.c 25 Ap 8005794622414742523264623858405197306230917674075974929634308860674048.0000000000000000
miniFE.c 25 Ap 12045883926883632639712255386353854612212748111975885733888345073778688.0000000000000000
miniFE.c 25 Ap 110178039468314240115525960970761766440738805179667580865145864510363446797579419926921216.0000000000000000
miniFE.c 25 Ap 110178039468314240115525960970761766440738805179667580865145864510363446797579419926921216.0000000000000000
miniFE.c 25 Ap 110178039468314240115525960970761766440738805179667580865145864510363446797579419926921216.0000000000000000
miniFE.c 25 Ap 110178039468314240115525960970761766440738805179667580865145864510363446797579419926921216.0000000000000000
miniFE.c 25 Ap 110178039468314240115525960970761766440738805179667580865145864510363446797579419926921216.0000000000000000
miniFE.c 25 Ap 110178039468314240115525960970761766440738805179667580865145864510363446797579419926921216.0000000000000000
miniFE.c 25 Ap 8208278659541451008338852010771270365215570808000323079897478439370752.0000000000000000
miniFE.c 25 Ap 15615073372898485818773676475763552928135640154665186645750302090723328.0000000000000000
miniFE.c 25 Ap 26053039406799670663851755755099360646629740094783599996237062185418752.0000000000000000
miniFE.c 25 Ap 26053039406799670663851755755099360646629740094783599996237062185418752.0000000000000000
miniFE.c 25 Ap 56906291838356444904759607803295359143750943343384321913427403816828928.0000000000000000
miniFE.c 25 Ap 59891390553742536592247390410952598653182493477858325227810309883822080.0000000000000000
miniFE.c 25 Ap 65799335861043675849294233560886409389625286081019020023831244606275584.0000000000000000
miniFE.c 25 Ap 67873165084688910341611703772692935049963065456350436175236014748467200.0000000000000000
miniFE.c 25 Ap 9371511281336556541897715096236405059463620132275981007300416898072576.0000000000000000
miniFE.c 25 Ap 15910280524131557686871919913153186266648448252949906416437524332281856.0000000000000000
miniFE.c 25 Ap 25961446947810498000739972661137897247803043816958012202507450921779200.0000000000000000
miniFE.c 25 Ap 25961446947810498000739972661137897247803043816958012202507450921779200.0000000000000000
miniFE.c 25 Ap 28042336594258169367404569356486663183448672459196388176122801276583936.0000000000000000
miniFE.c 25 Ap 72237095690320910847223473498918872912082694122695521399531381771468800.0000000000000000
miniFE.c 25 Ap 75437393119996476133562937025212658127435681509025743875213057081737216.0000000000000000
miniFE.c 25 Ap 77307513358615355443833401567042678212415315659761080664245332177059840.0000000000000000
miniFE.c 25 Ap 2916414497523791343753250194051725264800704910478883935381512622440448.0000000000000000
miniFE.c 25 Ap 10637402911594041071167975526297196161604321012926878875063788750503936.0000000000000000
miniFE.c 25 Ap 18064037449337116970334255956080984844120297640515654767488776605270016.0000000000000000
miniFE.c 25 Ap 18064037449337116970334255956080984844120297640515654767488776605270016.0000000000000000
miniFE.c 25 Ap 24577890497113564574431717888926045268480358995602405790169758498291712.0000000000000000
miniFE.c 25 Ap 29639649703163063580047688317842398165992755714896523617854069049131008.0000000000000000
miniFE.c 25 Ap 57243324350940747703988022382045069866722328341420038308918609565450240.0000000000000000
miniFE.c 25 Ap 58703203536973921782807908878937518875073494335374528852233712799055872.0000000000000000
miniFE.c 25 Ap 3740143163848395844896832236357984971845314568705586559974416024862720.0000000000000000
miniFE.c 25 Ap 8450949985273608102078818063739620661612902502755708836096058006175744.0000000000000000
miniFE.c 25 Ap 16125655991456381031919441104264143724753194764222402914812063383552000.0000000000000000
miniFE.c 25 Ap 16125655991456381031919441104264143724753194764222402914812063383552000.0000000000000000
miniFE.c 25 Ap 17886769503832891717665369682773255644900623800358422526705875552305152.0000000000000000
miniFE.c 25 Ap 20164978369505450774158681347270143681280912948059163718534488341348352.0000000000000000
miniFE.c 25 Ap 21289401537593159238209287834764085162738431291930642327381830669434880.0000000000000000
miniFE.c 25 Ap 56699207847422340104471942671703484325521322353370726415581389730611200.0000000000000000
miniFE.c 57 sum 45505910172708168643122113416385819054696252130268951282369951230846673525892767614075611245676256688212535132918745533029778743185207459840.0000000000000000
miniFE.c 57 sum 101617003276888525829816851226926921211243682577165692162836567542476216918860143018024372865959737865019007754568044806174985974993588846592.0000000000000000
miniFE.c 57 sum 156017682156482679507496294819879942797141227123456967654893115339060168993423260965267823409938153777230888740974243076530185000896658669568.0000000000000000
miniFE.c 57 sum -138495367900894063350335997563888794388182998700941648247319710362176364941428441829146558506796519654671595263936520121463661087246019198976.0000000000000000
miniFE.c 57 sum -107034005906144674579568498053084532843433802713260231811142801238841066769292598477334261298270815427375884832556137085083452442243521052672.0000000000000000
miniFE.c 57 sum -55628365930867228353125788906086519488964342069037903803038727694961252630767171120522588649859407080640635052654497164945670923916064849920.0000000000000000
miniFE.c 57 sum -30948674266811549487138598676030827030525791389141437173070911597978492165162970390129420869577666975706479233791824033393290061170467667968.0000000000000000
miniFE.c 57 sum 79326716254829831874229836963932524779408561955713746314157855432928694948357361499022705252765834181710945443002802996510720.0000000000000000
miniFE.c 90 p_ap_dot 79326716254829831874229836963932524779408561955713746314157855432928694948357361499022705252765834181710945443002802996510720.0000000000000000
miniFE.c 91 alpha 0.0000000000000000
miniFE.c 40 y 1087448471658607.0000000000000000
miniFE.c 40 y 1262158693709223.0000000000000000
miniFE.c 40 y 1157712926433829.0000000000000000
miniFE.c 40 y -0.0049803141360056
miniFE.c 40 y 863627875427150.0000000000000000
miniFE.c 40 y 1238900133849087.0000000000000000
miniFE.c 40 y 783294651638784.5000000000000000
miniFE.c 40 y 1016979719835667.0000000000000000
miniFE.c 40 y -145262523839730304.0000000000000000
miniFE.c 40 y -154322494160970752.0000000000000000
miniFE.c 40 y -163116503862153984.0000000000000000
miniFE.c 40 y -205277936736339845213486272772833280.0000000000000000
miniFE.c 40 y -126457716579326208.0000000000000000
miniFE.c 40 y -144035298804145408.0000000000000000
miniFE.c 40 y -109372725817552384.0000000000000000
miniFE.c 40 y -105638986295912256.0000000000000000
miniFE.c 82 oldrtrans 786190819103175996592316975076637932869424754048452485614869619626999808.0000000000000000
miniFE.c 48 sum 21101200832288213155361875717783552.0000000000000000
miniFE.c 48 sum 44916633036351061193194069609676800.0000000000000000
miniFE.c 48 sum 71523626868563155782921638815727616.0000000000000000
miniFE.c 48 sum 42139031310728744836118053223424008513562691171843412099362175372492800.0000000000000000
miniFE.c 48 sum 42139031310728744836118053223424008513562691171843412099362175372492800.0000000000000000
miniFE.c 48 sum 42139031310728744836118053223424008513562691171843412099362175372492800.0000000000000000
miniFE.c 48 sum 42139031310728744836118053223424008513562691171843412099362175372492800.0000000000000000
miniFE.c 48 sum 42139031310728744836118053223424008513562691171843412099362175372492800.0000000000000000
miniFE.c 83 rtrans 42139031310728744836118053223424008513562691171843412099362175372492800.0000000000000000
miniFE.c 84 beta 0.0535989867686290
miniFE.c 40 y 31283694300740869775357134731094980662575941020658205449343849201664.0000000000000000
miniFE.c 40 y 36309754220168373425009605878128693825422387932593663195588277043200.0000000000000000
miniFE.c 40 y 33305060628143577372973680703978801140245093635113812962685703159808.0000000000000000
miniFE.c 40 y -143273570208640951905715514089842418994012288450560.0000000000000000
miniFE.c 40 y 24844828190574856479498839093332081779742715199279879268387726032896.0000000000000000
miniFE.c 40 y 35640652469139938253950283915298430842239205785288468435500137447424.0000000000000000
miniFE.c 40 y 22533803732234154425401194384025413545924579591552071626745903579136.0000000000000000
miniFE.c 40 y 29256450760252713235793850237096266203175690232120405107038371184640.0000000000000000
miniFE.c 87 normr 205277936736339845213486272772833280.0000000000000000
miniFE.c 25 Ap 2098970396836861739331243748389163620440942018672788303993246943543296.0000000000000000
miniFE.c 25 Ap 2646795629121362904694745175534935622577252949592780899950794345807872.0000000000000000
miniFE.c 25 Ap 2957172583092946603201995480660615895018325879842446154020788432273408.0000000000000000
miniFE.c 25 Ap 2957172583092946603201995480660615895018325879842446154020788432273408.0000000000000000
miniFE.c 25 Ap 3306575588316559034155546874082137714486998911997976377298771989495808.0000000000000000
miniFE.c 25 Ap 3878836160622057600385696392635320669609207497349913769149126145998848.0000000000000000
miniFE.c 25 Ap 3991431989488706299441929462747406724417776628324030709162168603901952.0000000000000000
miniFE.c 25 Ap 4178909169116803557687898354273487788672226328558303406474289834098688.0000000000000000
miniFE.c 25 Ap 471994301947142899966429028005237479319856830724408216268508850290688.0000000000000000
miniFE.c 25 Ap 2884290556073238955824802291020390919998268410916819256549514860822528.0000000000000000
miniFE.c 25 Ap 3363615989481662440268114067605133839107767176206838805359661596803072.0000000000000000
miniFE.c 25 Ap 3363615989481662440268114067605133839107767176206838805359661596803072.0000000000000000
miniFE.c 25 Ap 3635259651434413915000914103615271715337954151209799201960353201127424.0000000000000000
miniFE.c 25 Ap 3979272709480109014676446433932017123195133931658781166138622098800640.0000000000000000
miniFE.c 25 Ap 4236099709475911960154969828123487482466236642723196103723941093179392.0000000000000000
miniFE.c 25 Ap 4439546200930534944632086746917393352180802825689809231690843346173952.0000000000000000
miniFE.c 25 Ap 291539410615490202152090561088929969566091518850380703438989097435136.0000000000000000
miniFE.c 25 Ap 814108304059526942376777934246953542469745092652625392993944576458752.0000000000000000
miniFE.c 25 Ap 3067997974463972054010858664845007268054462190807902460200753895047168.0000000000000000
miniFE.c 25 Ap 3067997974463972054010858664845007268054462190807902460200753895047168.0000000000000000
miniFE.c 25 Ap 3485345870478322565643273749534844455823448597006507043787191854563328.0000000000000000
miniFE.c 25 Ap 4061858016216864620179667260938186435983849436261064856992952853987328.0000000000000000
miniFE.c 25 Ap 4331180686396303422483560313728944138811434440383022603937946307395584.0000000000000000
miniFE.c 25 Ap 4692532083332813874417674989005568977715027630077432852295990867132416.0000000000000000
miniFE.c 25 Ap 429102480039169147662190641740915099294730783278652179542558350770176.0000000000000000
miniFE.c 25 Ap 645647173213476808322111016274590771775314104291348635664474185924608.0000000000000000
miniFE.c 25 Ap 5905431279655661283101121434220986395512367911748964784929405692084813539956845447217152.0000000000000000
miniFE.c 25 Ap 5905431279655661283101121434220986395512367911748964784929405692084813539956845447217152.0000000000000000
miniFE.c 25 Ap 5905431279655661283101121434220986395512367911748964784929405692084813539956845447217152.0000000000000000
miniFE.c 25 Ap 5905431279655661283101121434220986395512367911748964784929405692084813539956845447217152.0000000000000000
miniFE.c 25 Ap 5905431279655661283101121434220986395512367911748964784929405692084813539956845447217152.0000000000000000
miniFE.c 25 Ap 5905431279655661283101121434220986395512367911748964784929405692084813539956845447217152.0000000000000000
miniFE.c 25 Ap 439955419265982155925630336903907132232293203264533105809442947989504.0000000000000000
miniFE.c 25 Ap 836952111105157231490075294447264542256741814907637909295700721532928.0000000000000000
miniFE.c 25 Ap 1396416514447625982449156680824800222810573677926406960213128277655552.0000000000000000
miniFE.c 25 Ap 1396416514447625982449156680824800222810573677926406960213128277655552.0000000000000000
miniFE.c 25 Ap 3050119583295808576510327797829367069377247564227403625673064343142400.0000000000000000
miniFE.c 25 Ap 3210117849844839062786894339488350567475417849175877224529434584809472.0000000000000000
miniFE.c 25 Ap 3526777732200656857739529401547799776279191202600559334983765894103040.0000000000000000
miniFE.c 25 Ap 3637932877319213953464558459781315141353686725901086108834446958395392.0000000000000000
miniFE.c 25 Ap 502303509170415676213180262330834506056817067102752609858117542346752.0000000000000000
miniFE.c 25 Ap 852774915298103412055171178715304742942020877521065324734618517110784.0000000000000000
miniFE.c 25 Ap 1391507251450159173136983922948958642572451804177803627478872051679232.0000000000000000
miniFE.c 25 Ap 1391507251450159173136983922948958642572451804177803627478872051679232.0000000000000000
miniFE.c 25 Ap 1503040828077085206531264827880945499628174133236334875573154134097920.0000000000000000
miniFE.c 25 Ap 3871835136109699117464303220158094119476608308623673289323885407240192.0000000000000000
miniFE.c 25 Ap 4043367835698557304658481897198494429022216393037571181610446075461632.0000000000000000
miniFE.c 25 Ap 4143604385624035494062113463354215631312137981732573290121895430062080.0000000000000000
miniFE.c 25 Ap 156316862064615539577103910892434587900794590101059823378490749616128.0000000000000000
miniFE.c 25 Ap 570154017911104829694890235303619455966973861780389972264634122502144.0000000000000000
miniFE.c 25 Ap 968214104235039132590788300882677993022785978574913267043675599273984.0000000000000000
miniFE.c 25 Ap 968214104235039132590788300882677993022785978574913267043675599273984.0000000000000000
miniFE.c 25 Ap 1317350027555602898923436351020853364371425611687257994772551059898368.0000000000000000
miniFE.c 25 Ap 1588655192266636203848433513137860436203898747003939273352489402892288.0000000000000000
miniFE.c 25 Ap 3068184184478412605437998996526130397544622518939099894146517646180352.0000000000000000
miniFE.c 25 Ap 3146432229654401771695647538771860519689828424878384976574502953549824.0000000000000000
miniFE.c 25 Ap 200467883951888439109415495181558320869032106919471131068485855084544.0000000000000000
miniFE.c 25 Ap 452962356443025760718905649000718044234188771303256744609105697570816.0000000000000000
miniFE.c 25 Ap 864318822121533958641304334049904901057073697491318430132935923335168.0000000000000000
miniFE.c 25 Ap 864318822121533958641304334049904901057073697491318430132935923335168.0000000000000000
miniFE.c 25 Ap 958712721969456238867683003353518309096899612156177462115339738284032.0000000000000000
miniFE.c 25 Ap 1080822408816812963553369750310251988901245117643853692816317831184384.0000000000000000
miniFE.c 25 Ap 1141090351325486019962757983829275248519375740426594431661101725777920.0000000000000000
miniFE.c 25 Ap 3039020091205736745550346268459081725428433211034280065959514618200064.0000000000000000
miniFE.c 57 sum 130731716957213117795959976702229326261213872693046355429660290612922296379234348598709876938467710681617699639633326183896794363596898304.0000000000000000
miniFE.c 57 sum 291930548362083093189636563812619711912268891657412765221061829000512064418313264574052074095351488841787530403127800655062799656406745088.0000000000000000
miniFE.c 57 sum 448215613896991318500938760387752616536502140589297967741645378036674409593798474976814808674043238379638173264497952182366109218721759232.0000000000000000
miniFE.c 57 sum -397876609161058400514089193809756777227747239602633558734906160403326883832112745442346263077058067858421278772711347064777237382819741696.0000000000000000
miniFE.c 57 sum -307492791855218885094622779062424945920880253193518901194413322542104484119160078118874035934127120236807574856112503430133067659132010496.0000000000000000
miniFE.c 57 sum -159812027977588532562981465323410248726282500206769276884686401893121812905556980574345023431100621859737623154666386744736240286029578240.0000000000000000
miniFE.c 57 sum -88910941657780343285762825557190681772932643779497587398372631236662364169943441741681146713279506751035984876538551242361736883297320960.0000000000000000
miniFE.c 57 sum -991583953185372898427872962049156559742607024446421828926973192911608686854467018737783815659572927271386818037535037456384.0000000000000000
miniFE.c 90 p_ap_dot -991583953185372898427872962049156559742607024446421828926973192911608686854467018737783815659572927271386818037535037456384.0000000000000000
miniFE.c 91 alpha -0.0000000000000000
miniFE.c 40 y -242004843332404.5000000000000000
miniFE.c 40 y -280885508502167.2500000000000000
miniFE.c 40 y -257641757460186.2500000000000000
miniFE.c 40 y 0.0011083377039391
miniFE.c 40 y -192194972118053.5000000000000000
miniFE.c 40 y -275709461745207.7500000000000000
miniFE.c 40 y -174317316538070.5000000000000000
miniFE.c 40 y -226322464176793.0000000000000000
miniFE.c 40 y 32327264454457728.0000000000000000
miniFE.c 40 y 34343504078983744.0000000000000000
miniFE.c 40 y 36300555834045152.0000000000000000
miniFE.c 40 y 45683318533435022755001869268942848.0000000000000000
miniFE.c 40 y 28142372431014208.0000000000000000
miniFE.c 40 y 32054153212674368.0000000000000000
miniFE.c 40 y 24340214792839024.0000000000000000
miniFE.c 40 y 23509294458195200.0000000000000000
miniFE.c 82 oldrtrans 42139031310728744836118053223424008513562691171843412099362175372492800.0000000000000000
miniFE.c 48 sum 1045052027108446068553322055335936.0000000000000000
miniFE.c 48 sum 2224528299531618994951007982583808.0000000000000000
miniFE.c 48 sum 3542258653392248938767846566002688.0000000000000000
miniFE.c 48 sum 2086965592227287740098730148444452606254793913832536698091239607631872.0000000000000000
miniFE.c 48 sum 2086965592227287740098730148444452606254793913832536698091239607631872.0000000000000000
miniFE.c 48 sum 2086965592227287740098730148444452606254793913832536698091239607631872.0000000000000000
miniFE.c 48 sum 2086965592227287740098730148444452606254793913832536698091239607631872.0000000000000000
miniFE.c 48 sum 2086965592227287740098730148444452606254793913832536698091239607631872.0000000000000000
miniFE.c 83 rtrans 2086965592227287740098730148444452606254793913832536698091239607631872.0000000000000000
miniFE.c 84 beta 0.0495257135086525
miniFE.c 40 y 1549347281430756179915443374886961994078332113348668578107924414464.0000000000000000
miniFE.c 40 y 1798266485077643688087828449818613139707729571452552294371279503360.0000000000000000
miniFE.c 40 y 1649456891057739705096589374079564598193906261829781064948838825984.0000000000000000
miniFE.c 40 y -7095725791514910923505231701907441871014194053120.0000000000000000
miniFE.c 40 y 1230457843138102734117284776990425570607771008082410259824248881152.0000000000000000
miniFE.c 40 y 1765128743448071721575735636865418841493491655317192688615158710272.0000000000000000
miniFE.c 40 y 1116002707902832348175649920389025867397806611384161717291805835264.0000000000000000
miniFE.c 40 y 1448946598632273520296504135706219266821681506669792472317290348544.0000000000000000
miniFE.c 87 normr 45683318533435022755001869268942848.0000000000000000
miniFE.c 25 Ap 103953006536884980569082894730478253658001651154129384257396276199424.0000000000000000
miniFE.c 25 Ap 131084442043818188981849613457709454558882343823677957926871644504064.0000000000000000
miniFE.c 25 Ap 146456082145903057390841927493439486977241560748372445679038660345856.0000000000000000
miniFE.c 25 Ap 146456082145903057390841927493439486977241560748372445679038660345856.0000000000000000
miniFE.c 25 Ap 163760515281669875640231440192884413708263550938527794579478685941760.0000000000000000
miniFE.c 25 Ap 192102128437969492699448683318379189576948550445968008776877535657984.0000000000000000
miniFE.c 25 Ap 197678517200688393322350990444578106632076193018689368398807951212544.0000000000000000
miniFE.c 25 Ap 206963458288359728543267359770426507102860506711736678828456013725696.0000000000000000
miniFE.c 25 Ap 23375854575950605088348019186858377714266785817831419877875005784064.0000000000000000
miniFE.c 25 Ap 142846547755795124304342326154375919477470174403592269926715166294016.0000000000000000
miniFE.c 25 Ap 166585481848191379279088650776918286605525626162265906164363964710912.0000000000000000
miniFE.c 25 Ap 166585481848191379279088650776918286605525626162265906164363964710912.0000000000000000
miniFE.c 25 Ap 180038828026504574702990404558418607039561805774310150873863640055808.0000000000000000
miniFE.c 25 Ap 197076320182511127708571900023723118378154896243979984676017647124480.0000000000000000
miniFE.c 25 Ap 209795860605589947000556481663761405349878700689193620449049102516224.0000000000000000
miniFE.c 25 Ap 219871693255712124084531102078649642809825717051825517038618651131904.0000000000000000
miniFE.c 25 Ap 14438697326624160257841869302916468384383207808546532052723411451904.0000000000000000
miniFE.c 25 Ap 40319294631867054462674476685265063898224880101766378260593123524608.0000000000000000
miniFE.c 25 Ap 151944788728428725783907559618827842305997801932165314038611648184320.0000000000000000
miniFE.c 25 Ap 151944788728428725783907559618827842305997801932165314038611648184320.0000000000000000
miniFE.c 25 Ap 172614241059874331591435358970120645389938553410720718708637068951552.0000000000000000
miniFE.c 25 Ap 201166416423979876723235749360350894564611533820629824890773312634880.0000000000000000
miniFE.c 25 Ap 214504813828672057739347395675582554637700563444591763111139325509632.0000000000000000
miniFE.c 25 Ap 232400999589301045388001190717317032219605406429986558462523686780928.0000000000000000
miniFE.c 25 Ap 21251606492272154554121058043060416795428204190917214488851065602048.0000000000000000
miniFE.c 25 Ap 31976136928241966871383326107644937998114941403484389537944963121152.0000000000000000
miniFE.c 25 Ap 292470697701261157377373489060857403383044046220195939684835341598347476427549022617600.0000000000000000
miniFE.c 25 Ap 292470697701261157377373489060857403383044046220195939684835341598347476427549022617600.0000000000000000
miniFE.c 25 Ap 292470697701261157377373489060857403383044046220195939684835341598347476427549022617600.0000000000000000
miniFE.c 25 Ap 292470697701261157377373489060857403383044046220195939684835341598347476427549022617600.0000000000000000
miniFE.c 25 Ap 292470697701261157377373489060857403383044046220195939684835341598347476427549022617600.0000000000000000
miniFE.c 25 Ap 292470697701261157377373489060857403383044046220195939684835341598347476427549022617600.0000000000000000
miniFE.c 25 Ap 21789106051146110533908505291557014778226516427074211775317373091840.0000000000000000
miniFE.c 25 Ap 41450650475055887166553724670242754491587563782764086007427057582080.0000000000000000
miniFE.c 25 Ap 69158524233284195514608696784156672336212485633768390074496995819520.0000000000000000
miniFE.c 25 Ap 69158524233284195514608696784156672336212485633768390074496995819520.0000000000000000
miniFE.c 25 Ap 151059348649438674213001123733092365263093282410588140312422288195584.0000000000000000
miniFE.c 25 Ap 158983376960426973325133792500812320168276220853387265295940883316736.0000000000000000
miniFE.c 25 Ap 174666183573664784861112753244187979672890398413224883946396743368704.0000000000000000
miniFE.c 25 Ap 180171221445819130791678637620570786750868380744299950067396233920512.0000000000000000
miniFE.c 25 Ap 24876939689564793180512106213926467695790534050075153578156181422080.0000000000000000
miniFE.c 25 Ap 42234286142419235511312686110738120075355285759217449202852827234304.0000000000000000
miniFE.c 25 Ap 68915389480533007014229669930069548706355155278252505661226207936512.0000000000000000
miniFE.c 25 Ap 68915389480533007014229669930069548706355155278252505661226207936512.0000000000000000
miniFE.c 25 Ap 74439169443153484571046879140210574980368825584043372629767762214912.0000000000000000
miniFE.c 25 Ap 191755397703703381809381763339427489468666138996397802521974682943488.0000000000000000
miniFE.c 25 Ap 200250677040906927957805045493523176668057699815167130139470986215424.0000000000000000
miniFE.c 25 Ap 205214963695611911092756206919204596177445221143118105610462527750144.0000000000000000
miniFE.c 25 Ap 7741704127183693841036026488801185701731990576534746675535759278080.0000000000000000
miniFE.c 25 Ap 28237284546872481456082569303440427247548143156406616764113626333184.0000000000000000
miniFE.c 25 Ap 47951494341381127033734327048767724105701649739222003780681442787328.0000000000000000
miniFE.c 25 Ap 47951494341381127033734327048767724105701649739222003780681442787328.0000000000000000
miniFE.c 25 Ap 65242700055334212756964023195206659000788179556271460193249938898944.0000000000000000
miniFE.c 25 Ap 78679281916230616785515584004384142366531067582884555302643890651136.0000000000000000
miniFE.c 25 Ap 151954010912256358615382345360561470608426120527376869210444739379200.0000000000000000
miniFE.c 25 Ap 155829301180254485210581134852328926255253299210800412074444765265920.0000000000000000
miniFE.c 25 Ap 9928314988287016324967904033455333482831143096420756496561616191488.0000000000000000
miniFE.c 25 Ap 22433283895401413353818704004538323107908887366767216479901193338880.0000000000000000
miniFE.c 25 Ap 42806006364527038590137069448728580846730518452027438338896614653952.0000000000000000
miniFE.c 25 Ap 42806006364527038590137069448728580846730518452027438338896614653952.0000000000000000
miniFE.c 25 Ap 47480931605359671495845680198020249217542090683037306280061301686272.0000000000000000
miniFE.c 25 Ap 53528500972793131972278623191946256449958648144493935212513395212288.0000000000000000
miniFE.c 25 Ap 56513313827233604306364582307645005284850473405961470839902884069376.0000000000000000
miniFE.c 25 Ap 150509638384094211809164430776491951010274649828483570614052646289408.0000000000000000
miniFE.c 57 sum 320658271454577840776171886856859073628731591296630522760091092089733170275159504595729341164366173251916852270252873876252991848185856.0000000000000000
miniFE.c 57 sum 716046168453597104203172773198016740420601981276483699786482101199753979719732619530264225522291498715491575371895381651523132905750528.0000000000000000
miniFE.c 57 sum 1099381598714876588830153656479856751704648865094984492030474413018488343881125140144798310078194867897653339826740073539652048480370688.0000000000000000
miniFE.c 57 sum -975910274226323133170888658723171252195886867147271941079494232403372653985190828809074089330259313127426592008442008346133572012212224.0000000000000000
miniFE.c 57 sum -754217181690543037145045588239219685929357018552236377724175219583183904940397208911549197891005443295091185104831424234271419041579008.0000000000000000
miniFE.c 57 sum -391986350685765984034258451109434629613222194191957876913859445311534789929840448080871799474159952387385524701050815554386560123142144.0000000000000000
miniFE.c 57 sum -218080428597995939534912284810863280647688282635716376749064004323986521231295216820155466632130776589286888322751738690309961235300352.0000000000000000
miniFE.c 57 sum 10853519018834037665897535269825159284292044660485330077366365107959909536289535646177728125505579322754030519697954308096.0000000000000000
miniFE.c 90 p_ap_dot 10853519018834037665897535269825159284292044660485330077366365107959909536289535646177728125505579322754030519697954308096.0000000000000000
miniFE.c 91 alpha 0.0000000000000000
miniFE.c 40 y 55910925843096.9375000000000000
miniFE.c 40 y 64893613780673.0625000000000000
miniFE.c 40 y 59523557450691.3125000000000000
miniFE.c 40 y -0.0002560617643876
miniFE.c 40 y 44403238734972.3125000000000000
miniFE.c 40 y 63697780001464.8125000000000000
miniFE.c 40 y 40272923565999.9375000000000000
miniFE.c 40 y 52287790347381.1875000000000000
miniFE.c 40 y -7468640960795760.0000000000000000
miniFE.c 40 y -7934457357593560.0000000000000000
miniFE.c 40 y -8386599447155320.0000000000000000
miniFE.c 40 y -10554320316974573159381108506230784.0000000000000000
miniFE.c 40 y -6501795899505888.0000000000000000
miniFE.c 40 y -7405543453423384.0000000000000000
miniFE.c 40 y -5623374828156600.0000000000000000
miniFE.c 40 y -5431405425511260.0000000000000000
miniFE.c 82 oldrtrans 2086965592227287740098730148444452606254793913832536698091239607631872.0000000000000000
miniFE.c 48 sum 55780597801276209576961655177216.0000000000000000
miniFE.c 48 sum 118736211360746776300602494287872.0000000000000000
miniFE.c 48 sum 189071261647772694880400128868352.0000000000000000
miniFE.c 48 sum 111393677353302248569587651836973393050572501292158969824642737373184.0000000000000000
miniFE.c 48 sum 111393677353302248569587651836973393050572501292158969824642737373184.0000000000000000
miniFE.c 48 sum 111393677353302248569587651836973393050572501292158969824642737373184.0000000000000000
miniFE.c 48 sum 111393677353302248569587651836973393050572501292158969824642737373184.0000000000000000
miniFE.c 48 sum 111393677353302248569587651836973393050572501292158969824642737373184.0000000000000000
miniFE.c 83 rtrans 111393677353302248569587651836973393050572501292158969824642737373184.0000000000000000
miniFE.c 84 beta 0.0533759050787314
miniFE.c 40 y 82697813427638647401412794809008014124646780305656191009538703360.0000000000000000
miniFE.c 40 y 95984101213768339439567793965570767770652747121674279232303267840.0000000000000000
miniFE.c 40 y 88041254448557376814172270335298996057077057215227641864212447232.0000000000000000
miniFE.c 40 y -378740786312616903019158800153314336368144416768.0000000000000000
miniFE.c 40 y 65676801038719990766337136293000153292650284844601003009309147136.0000000000000000
miniFE.c 40 y 94215344262024777317345506538499448455682525126107915334532988928.0000000000000000
miniFE.c 40 y 59567654604628827987874002900465128697428560408176610358308372480.0000000000000000
miniFE.c 40 y 77338836112747010111050229246460786183687176483902132474607566848.0000000000000000
miniFE.c 87 normr 10554320316974573159381108506230784.0000000000000000
miniFE.c 25 Ap 5548585809561521240723529279577382437510927722264926385284547870720.0000000000000000
miniFE.c 25 Ap 6996750735829312130144797741089855047451988595452601927684407164928.0000000000000000
miniFE.c 25 Ap 7817225938822615554342487245422620714383504474403175868459930091520.0000000000000000
miniFE.c 25 Ap 7817225938822615554342487245422620714383504474403175868459930091520.0000000000000000
miniFE.c 25 Ap 8740865719318560681377658652995182528880354588324510545849146671104.0000000000000000
miniFE.c 25 Ap 10253624972927335762502724581067123540080749614067287850502133383168.0000000000000000
miniFE.c 25 Ap 10551269770208324422965212601067244355993750322173647062840010342400.0000000000000000
miniFE.c 25 Ap 11046861904365482073766885082435043918524649885665851819489511866368.0000000000000000
miniFE.c 25 Ap 1247707394980169545311557829664393852036994106679808121659293958144.0000000000000000
miniFE.c 25 Ap 7624563773837798246120698381689909687767879594690265791051585290240.0000000000000000
miniFE.c 25 Ap 8891650866623802625370475457242082340937741005519903941739862294528.0000000000000000
miniFE.c 25 Ap 8891650866623802625370475457242082340937741005519903941739862294528.0000000000000000
miniFE.c 25 Ap 9609735395228761545567286672540833566966794490794394995164627075072.0000000000000000
miniFE.c 25 Ap 10519126959327397843841807493000839244021483093618035912846818148352.0000000000000000
miniFE.c 25 Ap 11198043941594741088636475240116305229265715599476788293241369788416.0000000000000000
miniFE.c 25 Ap 11735850628716844165559425324310554484119407244324304815444541308928.0000000000000000
miniFE.c 25 Ap 770678537966424584461660869538345971832328824442081894277681512448.0000000000000000
miniFE.c 25 Ap 2152078843111942203290283745407050205813759375955964851720319664128.0000000000000000
miniFE.c 25 Ap 8110190620376514824393752533055422192750133241540212149411360276480.0000000000000000
miniFE.c 25 Ap 8110190620376514824393752533055422192750133241540212149411360276480.0000000000000000
miniFE.c 25 Ap 9213441346049119610653295168912722544095041423710933127094488530944.0000000000000000
miniFE.c 25 Ap 10737439548074911099439906812618577031260440848462902002533160452096.0000000000000000
miniFE.c 25 Ap 11449388581850159276377995902218306947735876669992955198118786236416.0000000000000000
miniFE.c 25 Ap 12404613694280836499570525678082825183182284623830173083218686771200.0000000000000000
miniFE.c 25 Ap 1134323730902071170603318664717473589630589259698950938039242719232.0000000000000000
miniFE.c 25 Ap 1706755249466361966808405013005435822134540370149562748035257073664.0000000000000000
miniFE.c 25 Ap 15610888198812874070606418408802608761144956122213300904467277200566497308841057714176.0000000000000000
miniFE.c 25 Ap 15610888198812874070606418408802608761144956122213300904467277200566497308841057714176.0000000000000000
miniFE.c 25 Ap 15610888198812874070606418408802608761144956122213300904467277200566497308841057714176.0000000000000000
miniFE.c 25 Ap 15610888198812874070606418408802608761144956122213300904467277200566497308841057714176.0000000000000000
miniFE.c 25 Ap 15610888198812874070606418408802608761144956122213300904467277200566497308841057714176.0000000000000000
miniFE.c 25 Ap 15610888198812874070606418408802608761144956122213300904467277200566497308841057714176.0000000000000000
miniFE.c 25 Ap 1163013256336387628135832942444736331529044612778277033951528747008.0000000000000000
miniFE.c 25 Ap 2212465985208257358699474191660685689151843462550276923584153649152.0000000000000000
miniFE.c 25 Ap 3691398824860925038246082651341292777813244022742304095406435336192.0000000000000000
miniFE.c 25 Ap 3691398824860925038246082651341292777813244022742304095406435336192.0000000000000000
miniFE.c 25 Ap 8062929454767436303486719117064199179462973007643503982256242819072.0000000000000000
miniFE.c 25 Ap 8485881637735927252398069257478005449550183136559087435855180070912.0000000000000000
miniFE.c 25 Ap 9322965634892211353443489524447634411809520729578457262663091093504.0000000000000000
miniFE.c 25 Ap 9616802013811143415063673648449692355755011259512556495528530018304.0000000000000000
miniFE.c 25 Ap 1327829171519537135600500745692757746590935191925037061259296505856.0000000000000000
miniFE.c 25 Ap 2254293248205751705465844006737390576538854179961399203171286384640.0000000000000000
miniFE.c 25 Ap 3678421287376736417861936604273991785126389752040202677976840536064.0000000000000000
miniFE.c 25 Ap 3678421287376736417861936604273991785126389752040202677976840536064.0000000000000000
miniFE.c 25 Ap 3973258042337365681359816956247336537551340019897414775581163126784.0000000000000000
miniFE.c 25 Ap 10235117906167268532708340788501305103832947137416079155721247129600.0000000000000000
miniFE.c 25 Ap 10688561129687153494456259296232088856892568438930587660529828888576.0000000000000000
miniFE.c 25 Ap 10953534422952299387533182634754673949974027361186183090528193609728.0000000000000000
miniFE.c 25 Ap 413220464640180250757653067025765771581307828095105243833413140480.0000000000000000
miniFE.c 25 Ap 1507190619654995589553392501760399336069596796299282943082040918016.0000000000000000
miniFE.c 25 Ap 2559454410348886433355609012523377704959844989465940175960353538048.0000000000000000
miniFE.c 25 Ap 2559454410348886433355609012523377704959844989465940175960353538048.0000000000000000
miniFE.c 25 Ap 3482388165233665096167078985235162658561621508868347271617445888000.0000000000000000
miniFE.c 25 Ap 4199577883223476563912992242623727053275574493972709952189525655552.0000000000000000
miniFE.c 25 Ap 8110682862785115998042547544581148384199759817468798661872425369600.0000000000000000
miniFE.c 25 Ap 8317529988282316084769400879364645290470217491480287403089191763968.0000000000000000
miniFE.c 25 Ap 529932798406554463688591973840559691549900833744806452058356973568.0000000000000000
miniFE.c 25 Ap 1197396831805180571021940090861086729041736086202636689357219561472.0000000000000000
miniFE.c 25 Ap 2284809332512569176836024541013886166485727905910511782915892838400.0000000000000000
miniFE.c 25 Ap 2284809332512569176836024541013886166485727905910511782915892838400.0000000000000000
miniFE.c 25 Ap 2534337698417417408341973415864902078143788134159101644643768467456.0000000000000000
miniFE.c 25 Ap 2857132186930589506293283212187599301866739673396114117654644523008.0000000000000000
miniFE.c 25 Ap 3016449274526981654918974314619308028799158699765728275568873439232.0000000000000000
miniFE.c 25 Ap 8033588171823605882491523751597375861183073603791427886178707177472.0000000000000000
miniFE.c 57 sum 913551324728105592881881826733862964443526881408813528698490923354421730954446635671591736400464398239143079191454276825331087179776.0000000000000000
miniFE.c 57 sum 2040006399304529989741244618166987518271639409696368568018226148432043320514849570775478929156409389093930687696140762258400742473728.0000000000000000
miniFE.c 57 sum 3132124149898768639466909588327722571920545485428274805973270553177158460530028506437656368029332813037662229326849634311875107749888.0000000000000000
miniFE.c 57 sum -2780355921557970838925451607495124211866534993535791531219940847526778470242542192603397412450365498681318789719561623688213855993856.0000000000000000
miniFE.c 57 sum -2148755129068134555718570213867547061071269798355725160141808663209858099604026621490931166877759288592369478834705235035177797812224.0000000000000000
miniFE.c 57 sum -1116764112523744757237151218617922677041024020657851107796380037866508002270354762320572686174909713902115155954636347043288828608512.0000000000000000
miniFE.c 57 sum -621308359018101287977734510391299314059741077734608618308441134930116319393605643394385856935089129135843620845842548689596695183360.0000000000000000
miniFE.c 57 sum -132548348844671028070106690896883116840288242905845762590978059011882608039316616496797591681432856215673496559392129024.0000000000000000
miniFE.c 90 p_ap_dot -132548348844671028070106690896883116840288242905845762590978059011882608039316616496797591681432856215673496559392129024.0000000000000000
miniFE.c 91 alpha -0.0000000000000000
miniFE.c 40 y -13588344627463.3203125000000000
miniFE.c 40 y -15771457454449.1406250000000000
miniFE.c 40 y -14466342667305.3437500000000000
miniFE.c 40 y 0.0000622321209665
miniFE.c 40 y -10791567147351.8203125000000000
miniFE.c 40 y -15480827291131.6093750000000000
miniFE.c 40 y -9787753579792.6953125000000000
miniFE.c 40 y -12707793769015.1406250000000000
miniFE.c 40 y 1815145532715490.0000000000000000
miniFE.c 40 y 1928355493691476.0000000000000000
miniFE.c 40 y 2038242111394414.0000000000000000
miniFE.c 40 y 2565075423328892305899456129138688.0000000000000000
miniFE.c 40 y 1580167776649964.0000000000000000
miniFE.c 40 y 1799810593034760.0000000000000000
miniFE.c 40 y 1366680196798061.0000000000000000
miniFE.c 40 y 1320024800527366.0000000000000000
miniFE.c 82 oldrtrans 111393677353302248569587651836973393050572501292158969824642737373184.0000000000000000
miniFE.c 48 sum 3294753304937000025083481161728.0000000000000000
miniFE.c 48 sum 7013308214987095916499414548480.0000000000000000
miniFE.c 48 sum 11167739119648654798215383613440.0000000000000000
miniFE.c 48 sum 6579611927365896127460662525980489410216236036922624621196211126272.0000000000000000
miniFE.c 48 sum 6579611927365896127460662525980489410216236036922624621196211126272.0000000000000000
miniFE.c 48 sum 6579611927365896127460662525980489410216236036922624621196211126272.0000000000000000
miniFE.c 48 sum 6579611927365896127460662525980489410216236036922624621196211126272.0000000000000000
miniFE.c 48 sum 6579611927365896127460662525980489410216236036922624621196211126272.0000000000000000
miniFE.c 83 rtrans 6579611927365896127460662525980489410216236036922624621196211126272.0000000000000000
miniFE.c 84 beta 0.0590662960743960
miniFE.c 40 y 4884653532622068917829379126878133678738006334576887640138711040.0000000000000000
miniFE.c 40 y 5669425340727237194063042402611353736642755648746967138798927872.0000000000000000
miniFE.c 40 y 5200270802019727970013501633038802268373033891389730485314781184.0000000000000000
miniFE.c 40 y -22370815419788029292109628872738499080595963904.0000000000000000
miniFE.c 40 y 3879285375372236451045113921832619523397121892288214523980021760.0000000000000000
miniFE.c 40 y 5564951418931905610273819321702831360059323486821012463067070464.0000000000000000
miniFE.c 40 y 3518440723334367338625558064957689248063102802588810480965386240.0000000000000000
miniFE.c 40 y 4568118591884707784388021106378884652791283916102702407360708608.0000000000000000
miniFE.c 87 normr 2565075423328892305899456129138688.0000000000000000
miniFE.c 25 Ap 327734412221753262412210810079756724083517290006195742797450969088.0000000000000000
miniFE.c 25 Ap 413272150521242517846176217037134698366016828416332072748132073472.0000000000000000
miniFE.c 25 Ap 461734581782945208030336118841376303405582362027059535426770436096.0000000000000000
miniFE.c 25 Ap 461734581782945208030336118841376303405582362027059535426770436096.0000000000000000
miniFE.c 25 Ap 516290562523808823408124242804987014339719882761604056907127980032.0000000000000000
miniFE.c 25 Ap 605643648486747096603521231870407546315052286548362166787714842624.0000000000000000
miniFE.c 25 Ap 623224424207949517381791641917067883519879196147462184701475684352.0000000000000000
miniFE.c 25 Ap 652497215936218006100454398987063468703535861576711322493735927808.0000000000000000
miniFE.c 25 Ap 73697454406112094907192847956049838541362460622083532371483688960.0000000000000000
miniFE.c 25 Ap 450354741303617875751232439573866334465035744414048646270088642560.0000000000000000
miniFE.c 25 Ap 525196882678161795263486305437863616719678505854341888482509586432.0000000000000000
miniFE.c 25 Ap 525196882678161795263486305437863616719678505854341888482509586432.0000000000000000
miniFE.c 25 Ap 567611476051185475734853336356695723204362396097192172994114355200.0000000000000000
miniFE.c 25 Ap 621325867423793623116579554355353807927239593738683036343954571264.0000000000000000
miniFE.c 25 Ap 661426978908331987930491399931657076681068902635306769415506231296.0000000000000000
miniFE.c 25 Ap 693193227920676228343200883951266805998313327696762614564889034752.0000000000000000
miniFE.c 25 Ap 45521126701707508443828132042553737830044869668570208509991321600.0000000000000000
miniFE.c 25 Ap 127115326122693693031345524184490430726886671975426398178305376256.0000000000000000
miniFE.c 25 Ap 479038920402948955131551816723564562123736395561618201601701314560.0000000000000000
miniFE.c 25 Ap 479038920402948955131551816723564562123736395561618201601701314560.0000000000000000
miniFE.c 25 Ap 544203854409819345456157369570102189575711483366675018771972751360.0000000000000000
miniFE.c 25 Ap 634220783427521985306421667056702084419646841277167292852507508736.0000000000000000
miniFE.c 25 Ap 676272975846370919804781626826222035538537420949218412050065129472.0000000000000000
miniFE.c 25 Ap 732694585154899586839416071917350610692416961964616719661350780928.0000000000000000
miniFE.c 25 Ap 67000301333675285965194878605189560553996660159844725730454798336.0000000000000000
miniFE.c 25 Ap 100811710891509825111326127192963763464765489518962103167213371392.0000000000000000
miniFE.c 25 Ap 922077344335376429321712713038317944406793999317021298786774920379772579170490515456.0000000000000000
miniFE.c 25 Ap 922077344335376429321712713038317944406793999317021298786774920379772579170490515456.0000000000000000
miniFE.c 25 Ap 922077344335376429321712713038317944406793999317021298786774920379772579170490515456.0000000000000000
miniFE.c 25 Ap 922077344335376429321712713038317944406793999317021298786774920379772579170490515456.0000000000000000
miniFE.c 25 Ap 922077344335376429321712713038317944406793999317021298786774920379772579170490515456.0000000000000000
miniFE.c 25 Ap 922077344335376429321712713038317944406793999317021298786774920379772579170490515456.0000000000000000
miniFE.c 25 Ap 68694885337212529796453959645199631440678348023721214621050208256.0000000000000000
miniFE.c 25 Ap 130682170936841246609930690624167362731709343374352671233554776064.0000000000000000
miniFE.c 25 Ap 218037255917913006007902020595442747764595470281980891332123557888.0000000000000000
miniFE.c 25 Ap 218037255917913006007902020595442747764595470281980891332123557888.0000000000000000
miniFE.c 25 Ap 476247378402262002787917265916349708288741828374461404532902461440.0000000000000000
miniFE.c 25 Ap 501229597266791046270297144229526733385365801324221950191158165504.0000000000000000
miniFE.c 25 Ap 550673048481963024153752185260946306538075931375756220917404925952.0000000000000000
miniFE.c 25 Ap 568028875036617125508035100897993702565614168715019086214924861440.0000000000000000
miniFE.c 25 Ap 78429950981192981627072706665026694140603847502791788437652373504.0000000000000000
miniFE.c 25 Ap 133152752437032895781416112917468591700422850005513149623037853696.0000000000000000
miniFE.c 25 Ap 217270720846555395257419310559598854100198188348886711212384976896.0000000000000000
miniFE.c 25 Ap 217270720846555395257419310559598854100198188348886711212384976896.0000000000000000
miniFE.c 25 Ap 234685635908674086450915877826894067128506404748132529980223520768.0000000000000000
miniFE.c 25 Ap 604550504602028390147230216732628633740392120402036317648098164736.0000000000000000
miniFE.c 25 Ap 631333716295382499305687507965356436616206116691111307923595198464.0000000000000000
miniFE.c 25 Ap 646984707287189367622491440207819756206814366751766626545549967360.0000000000000000
miniFE.c 25 Ap 24407402308436388359101645663584494994875302236176826189230374912.0000000000000000
miniFE.c 25 Ap 89024167381094412016603111510813802242827424997305826287871328256.0000000000000000
miniFE.c 25 Ap 151177491990586067504618519506954158303993325072536225746469781504.0000000000000000
miniFE.c 25 Ap 151177491990586067504618519506954158303993325072536225746469781504.0000000000000000
miniFE.c 25 Ap 205691770413664467053263855199849789209170517189561911100691185664.0000000000000000
miniFE.c 25 Ap 248053510637963263256833610606219907933308762350521489751514546176.0000000000000000
miniFE.c 25 Ap 479067995338795840590280842575330576297656614282292872565516926976.0000000000000000
miniFE.c 25 Ap 491285688895551190689238064793542464806991664538264126075227340800.0000000000000000
miniFE.c 25 Ap 31301167570214774631587695194487150313101505737650332915304759296.0000000000000000
miniFE.c 25 Ap 70725795785948591153282190125743946907469103205488065437503586304.0000000000000000
miniFE.c 25 Ap 134955224507730598506917810584507655190471382879930733100665929728.0000000000000000
miniFE.c 25 Ap 134955224507730598506917810584507655190471382879930733100665929728.0000000000000000
miniFE.c 25 Ap 149693940847226595340772326769281824785154147014046155091889618944.0000000000000000
miniFE.c 25 Ap 168760215676928864558694824853852142910979520639602981926606995456.0000000000000000
miniFE.c 25 Ap 178170485942607867800434965357807131784814045583473130592916209664.0000000000000000
miniFE.c 25 Ap 474514297496699156784126005386227528955298074490797688514938929152.0000000000000000
miniFE.c 57 sum 3187222830848912408129904297496474099106247955629161327629132131114392679230681877488259839169795494906400407974681330960467755008.0000000000000000
miniFE.c 57 sum 7117230083242906229124058336806838005618754368562504444204403555260672600803232838697900677794659317795593163006840173426475270144.0000000000000000
miniFE.c 57 sum 10927440341221888665339050867431336766941370207866968709952045780332852949160646757515992636283276579317103132822012426473913188352.0000000000000000
miniFE.c 57 sum -9700181731673147449194474399296505708099990770485889234706387188462743525930641341586497157343429036449032945470016183255741497344.0000000000000000
miniFE.c 57 sum -7496635623954455319588316374764179419154479428465429715239221137080523937147681660279790820696859904759520837902510745744584998912.0000000000000000
miniFE.c 57 sum -3896197159109367334963345392357023233655849633507692420770761620906954155252199267205324407059167845895863234135706526901111619584.0000000000000000
miniFE.c 57 sum -2167637584507881360624145968104170166066005144126307063940666965642330768246811698174055260570521410183296276108323384446664310784.0000000000000000
miniFE.c 57 sum 1901454627149442953861309614832711738077949605263008313030598502797076745176080233958640020753313468072363602313478144.0000000000000000
miniFE.c 90 p_ap_dot 1901454627149442953861309614832711738077949605263008313030598502797076745176080233958640020753313468072363602313478144.0000000000000000
miniFE.c 91 alpha 0.0000000000000000
miniFE.c 40 y 3314043778444.2910156250000000
miniFE.c 40 y 3846480339355.3007812500000000
miniFE.c 40 y 3528177583643.8085937500000000
miniFE.c 40 y -0.0000151777114109
miniFE.c 40 y 2631941339789.8007812500000000
miniFE.c 40 y 3775598925100.3671875000000000
miniFE.c 40 y 2387122548430.1875000000000000
miniFE.c 40 y 3099287369621.0800781250000000
miniFE.c 40 y -442693493915968.5000000000000000
miniFE.c 40 y -470304124725853.0000000000000000
miniFE.c 40 y -497104229648040.5000000000000000
miniFE.c 40 y -625592924007954290014510984986624.0000000000000000
miniFE.c 40 y -385385073213237.2500000000000000
miniFE.c 40 y -438953475331072.7500000000000000
miniFE.c 40 y -333317863764278.7500000000000000
miniFE.c 40 y -321939139572242.2500000000000000
