filename line variable value
miniFE.c 167 A 67.0947100000000063
miniFE.c 167 A 15.0875500000000002
miniFE.c 167 A 9.3192129999999995
miniFE.c 167 A 13.7164900000000003
miniFE.c 167 A 14.0634099999999993
miniFE.c 167 A 16.0564000000000000
miniFE.c 167 A 4.9967519999999999
miniFE.c 167 A 6.4080630000000003
miniFE.c 167 A 15.0875500000000002
miniFE.c 167 A 66.4365899999999954
miniFE.c 167 A 14.3919700000000006
miniFE.c 167 A 5.9638159999999996
miniFE.c 167 A 10.9336099999999998
miniFE.c 167 A 9.6522659999999991
miniFE.c 167 A 11.3974100000000007
miniFE.c 167 A 6.9539020000000002
miniFE.c 167 A 9.3192129999999995
miniFE.c 167 A 14.3919700000000006
miniFE.c 167 A 67.6740900000000067
miniFE.c 167 A 9.6121750000000006
miniFE.c 167 A 16.7981799999999986
miniFE.c 167 A 16.1756899999999995
miniFE.c 167 A 11.9519400000000005
miniFE.c 167 A 12.3511699999999998
miniFE.c 167 A 13.7164900000000003
miniFE.c 167 A 5.9638159999999996
miniFE.c 167 A 9.6121750000000006
miniFE.c 167 A 65.4017099999999942
miniFE.c 167 A 3.6681119999999998
miniFE.c 167 A 11.0858899999999991
miniFE.c 167 A 1.3002330000000000
miniFE.c 167 A 4.7210279999999996
miniFE.c 167 A 14.0634099999999993
miniFE.c 167 A 10.9336099999999998
miniFE.c 167 A 16.7981799999999986
miniFE.c 167 A 3.6681119999999998
miniFE.c 167 A 66.5612600000000043
miniFE.c 167 A 4.4892070000000004
miniFE.c 167 A 14.0526599999999995
miniFE.c 167 A 3.7993380000000001
miniFE.c 167 A 16.0564000000000000
miniFE.c 167 A 9.6522659999999991
miniFE.c 167 A 16.1756899999999995
miniFE.c 167 A 11.0858899999999991
miniFE.c 167 A 4.4892070000000004
miniFE.c 167 A 66.4632699999999943
miniFE.c 167 A 7.6122389999999998
miniFE.c 167 A 3.4261349999999999
miniFE.c 167 A 4.9967519999999999
miniFE.c 167 A 11.3974100000000007
miniFE.c 167 A 11.9519400000000005
miniFE.c 167 A 1.3002330000000000
miniFE.c 167 A 14.0526599999999995
miniFE.c 167 A 7.6122389999999998
miniFE.c 167 A 65.6581999999999937
miniFE.c 167 A 2.6745570000000001
miniFE.c 167 A 6.4080630000000003
miniFE.c 167 A 6.9539020000000002
miniFE.c 167 A 12.3511699999999998
miniFE.c 167 A 4.7210279999999996
miniFE.c 167 A 3.7993380000000001
miniFE.c 167 A 3.4261349999999999
miniFE.c 167 A 2.6745570000000001
miniFE.c 167 A 64.8721800000000002
miniFE.c 175 b 198.0110999999999990
miniFE.c 175 b 229.8237000000000023
miniFE.c 175 b 210.8053999999999917
miniFE.c 175 b 202.6418999999999926
miniFE.c 175 b 157.2561000000000035
miniFE.c 175 b 225.5886000000000138
miniFE.c 175 b 142.6283999999999992
miniFE.c 175 b 185.1795999999999935
miniFE.c 33 r 0.0000000000000000
miniFE.c 33 r 0.0000000000000000
miniFE.c 33 r 0.0000000000000000
miniFE.c 33 r 0.0000000000000000
miniFE.c 33 r 0.0000000000000000
miniFE.c 33 r 0.0000000000000000
miniFE.c 33 r 0.0000000000000000
miniFE.c 33 r 0.0000000000000000
miniFE.c 25 Ap 0.0000000000000000
miniFE.c 25 Ap 0.0000000000000000
miniFE.c 25 Ap 0.0000000000000000
miniFE.c 25 Ap 0.0000000000000000
miniFE.c 25 Ap 0.0000000000000000
miniFE.c 25 Ap 0.0000000000000000
miniFE.c 25 Ap 0.0000000000000000
miniFE.c 25 Ap 0.0000000000000000
miniFE.c 25 Ap 0.0000000000000000
miniFE.c 25 Ap 0.0000000000000000
miniFE.c 25 Ap 0.0000000000000000
miniFE.c 25 Ap 0.0000000000000000
miniFE.c 25 Ap 0.0000000000000000
miniFE.c 25 Ap 0.0000000000000000
miniFE.c 25 Ap 0.0000000000000000
miniFE.c 25 Ap 0.0000000000000000
miniFE.c 25 Ap 0.0000000000000000
miniFE.c 25 Ap 0.0000000000000000
miniFE.c 25 Ap 0.0000000000000000
miniFE.c 25 Ap 0.0000000000000000
miniFE.c 25 Ap 0.0000000000000000
miniFE.c 25 Ap 0.0000000000000000
miniFE.c 25 Ap 0.0000000000000000
miniFE.c 25 Ap 0.0000000000000000
miniFE.c 25 Ap 0.0000000000000000
miniFE.c 25 Ap 0.0000000000000000
miniFE.c 25 Ap 0.0000000000000000
miniFE.c 25 Ap 0.0000000000000000
miniFE.c 25 Ap 0.0000000000000000
miniFE.c 25 Ap 0.0000000000000000
miniFE.c 25 Ap 0.0000000000000000
miniFE.c 25 Ap 0.0000000000000000
miniFE.c 25 Ap 0.0000000000000000
miniFE.c 25 Ap 0.0000000000000000
miniFE.c 25 Ap 0.0000000000000000
miniFE.c 25 Ap 0.0000000000000000
miniFE.c 25 Ap 0.0000000000000000
miniFE.c 25 Ap 0.0000000000000000
miniFE.c 25 Ap 0.0000000000000000
miniFE.c 25 Ap 0.0000000000000000
miniFE.c 25 Ap 0.0000000000000000
miniFE.c 25 Ap 0.0000000000000000
miniFE.c 25 Ap 0.0000000000000000
miniFE.c 25 Ap 0.0000000000000000
miniFE.c 25 Ap 0.0000000000000000
miniFE.c 25 Ap 0.0000000000000000
miniFE.c 25 Ap 0.0000000000000000
miniFE.c 25 Ap 0.0000000000000000
miniFE.c 25 Ap 0.0000000000000000
miniFE.c 25 Ap 0.0000000000000000
miniFE.c 25 Ap 0.0000000000000000
miniFE.c 25 Ap 0.0000000000000000
miniFE.c 25 Ap 0.0000000000000000
miniFE.c 25 Ap 0.0000000000000000
miniFE.c 25 Ap 0.0000000000000000
miniFE.c 25 Ap 0.0000000000000000
miniFE.c 25 Ap 0.0000000000000000
miniFE.c 25 Ap 0.0000000000000000
miniFE.c 25 Ap 0.0000000000000000
miniFE.c 25 Ap 0.0000000000000000
miniFE.c 25 Ap 0.0000000000000000
miniFE.c 25 Ap 0.0000000000000000
miniFE.c 25 Ap 0.0000000000000000
miniFE.c 25 Ap 0.0000000000000000
miniFE.c 33 r 198.0110999999999990
miniFE.c 33 r 229.8237000000000023
miniFE.c 33 r 210.8053999999999917
miniFE.c 33 r 202.6418999999999926
miniFE.c 33 r 157.2561000000000035
miniFE.c 33 r 225.5886000000000138
miniFE.c 33 r 142.6283999999999992
miniFE.c 33 r 185.1795999999999935
miniFE.c 48 sum 39208.3957232100001420
miniFE.c 48 sum 92027.3288048999966122
miniFE.c 48 sum 136466.2454740600078367
miniFE.c 48 sum 177529.9851096700003836
miniFE.c 48 sum 202259.4660968800017145
miniFE.c 48 sum 253149.6825468399911188
miniFE.c 48 sum 273492.5430333999684080
miniFE.c 48 sum 307784.0272895599482581
miniFE.c 75 rtrans 307784.0272895599482581
miniFE.c 76 normr 554.7828649927464539
miniFE.c 33 r 198.0110999999999990
miniFE.c 33 r 229.8237000000000023
miniFE.c 33 r 210.8053999999999917
miniFE.c 33 r 202.6418999999999926
miniFE.c 33 r 157.2561000000000035
miniFE.c 33 r 225.5886000000000138
miniFE.c 33 r 142.6283999999999992
miniFE.c 33 r 185.1795999999999935
miniFE.c 87 normr 554.7828649927464539
miniFE.c 25 Ap 13285.4973312810016068
miniFE.c 25 Ap 16752.9738962160008668
miniFE.c 25 Ap 18717.5143203662009910
miniFE.c 25 Ap 21497.0499152972006414
miniFE.c 25 Ap 23708.6069245981998392
miniFE.c 25 Ap 27330.7477216381994367
miniFE.c 25 Ap 28043.4264645949988335
miniFE.c 25 Ap 29230.0690077097970061
miniFE.c 25 Ap 2987.5023718050001662
miniFE.c 25 Ap 18256.2053009880000900
miniFE.c 25 Ap 21290.1102936259994749
miniFE.c 25 Ap 22498.6292991164009436
miniFE.c 25 Ap 24218.0061666374022025
miniFE.c 25 Ap 26395.4473404050004319
miniFE.c 25 Ap 28021.0416928490012651
miniFE.c 25 Ap 29308.7624836482027604
miniFE.c 25 Ap 1845.3076172643000064
miniFE.c 25 Ap 5152.9234129532997031
miniFE.c 25 Ap 19418.9870250392996240
miniFE.c 25 Ap 21366.8164301717988565
miniFE.c 25 Ap 24008.4327040697971825
miniFE.c 25 Ap 27657.4839652037990163
miniFE.c 25 Ap 29362.1700442997971550
miniFE.c 25 Ap 31649.3547644317950471
miniFE.c 25 Ap 2716.0172730389999742
miniFE.c 25 Ap 4086.6435322781999275
miniFE.c 25 Ap 6112.9419280231995799
miniFE.c 25 Ap 19366.0687056721981207
miniFE.c 25 Ap 19942.9016931553996983
miniFE.c 25 Ap 22443.7520980093977414
miniFE.c 25 Ap 22629.2022504265987664
miniFE.c 25 Ap 23503.4403270553993934
miniFE.c 25 Ap 2784.7112838509997346
miniFE.c 25 Ap 5297.5139884079999320
miniFE.c 25 Ap 8838.6610425799990480
miniFE.c 25 Ap 9581.9742276727993158
miniFE.c 25 Ap 20049.1383863587980159
miniFE.c 25 Ap 21061.8523085989982064
miniFE.c 25 Ap 23066.1607201429978886
miniFE.c 25 Ap 23769.7206112477979332
miniFE.c 25 Ap 3179.3454260399998930
miniFE.c 25 Ap 5397.6649115441996400
miniFE.c 25 Ap 8807.5877122702004272
miniFE.c 25 Ap 11054.0535250612010714
miniFE.c 25 Ap 11760.0087099739012046
miniFE.c 25 Ap 26753.3647406958989450
miniFE.c 25 Ap 27839.0862096834971453
miniFE.c 25 Ap 28473.5365185294976982
miniFE.c 25 Ap 989.4123599472000024
miniFE.c 25 Ap 3608.8072965641999872
miniFE.c 25 Ap 6128.3407890401995246
miniFE.c 25 Ap 6391.8224746028990921
miniFE.c 25 Ap 8601.6889808288997301
miniFE.c 25 Ap 10318.9233197042995016
miniFE.c 25 Ap 19683.6473325842962367
miniFE.c 25 Ap 20178.9207280214977800
miniFE.c 25 Ap 1268.8676034993000030
miniFE.c 25 Ap 2867.0390905766998912
miniFE.c 25 Ap 5470.7324228946999938
miniFE.c 25 Ap 6427.4105067679001877
miniFE.c 25 Ap 7024.8795832297000743
miniFE.c 25 Ap 7797.7765812907000509
miniFE.c 25 Ap 8179.2443669095000587
miniFE.c 25 Ap 20192.2487104374995397
miniFE.c 57 sum 5787878.1172925252467394
miniFE.c 57 sum 12523726.3537057451903820
miniFE.c 57 sum 19195581.2445636950433254
miniFE.c 57 sum 23958363.0489748232066631
miniFE.c 57 sum 27696296.6103892698884010
miniFE.c 57 sum 34119601.8506532162427902
miniFE.c 57 sum 36997689.0278177559375763
miniFE.c 57 sum 40736881.5671170875430107
miniFE.c 90 p_ap_dot 40736881.5671170875430107
miniFE.c 91 alpha 0.0075554145395853
miniFE.c 40 y 1.4960559439392744
miniFE.c 40 y 1.7364133245212852
miniFE.c 40 y 1.5927221841830903
miniFE.c 40 y 1.5310435575891859
miniFE.c 40 y 1.1881350243784765
miniFE.c 40 y 1.7044153884046875
miniFE.c 40 y 1.0776166871177848
miniFE.c 40 y 1.3991086422745860
miniFE.c 40 y -22.8341883739316245
miniFE.c 40 y 8.3838497937928480
miniFE.c 40 y -28.3185951556805833
miniFE.c 40 y 25.0636652226906733
miniFE.c 40 y -22.3339927081014764
miniFE.c 40 y 10.4592281944898673
miniFE.c 40 y -9.8317110616323760
miniFE.c 40 y 32.6187905062384118
miniFE.c 82 oldrtrans 307784.0272895599482581
miniFE.c 48 sum 521.4001586961941257
miniFE.c 48 sum 591.6890960610744514
miniFE.c 48 sum 1393.6319276524102406
miniFE.c 48 sum 2021.8192420475243125
miniFE.c 48 sum 2520.6264723330541528
miniFE.c 48 sum 2630.0219267574657351
miniFE.c 48 sum 2726.6844691568903727
miniFE.c 48 sum 3790.6699632467598349
miniFE.c 83 rtrans 3790.6699632467598349
miniFE.c 84 beta 0.0123160061184089
miniFE.c 40 y -20.3954824548187439
miniFE.c 40 y 11.2143598891482252
miniFE.c 40 y -25.7223145594869429
miniFE.c 40 y 27.5594041029366821
miniFE.c 40 y -20.3972256183443506
miniFE.c 40 y 13.2375787723331708
miniFE.c 40 y -8.0750988145735008
miniFE.c 40 y 34.8994635928429275
miniFE.c 87 normr 61.5684169298412272
miniFE.c 25 Ap -1368.4289806161518754
miniFE.c 25 Ap -1199.2317650706336281
miniFE.c 25 Ap -1438.9434933034935966
miniFE.c 25 Ap -1060.9252025196035447
miniFE.c 25 Ap -1347.7797492528836756
miniFE.c 25 Ap -1135.2318894527934390
miniFE.c 25 Ap -1175.5811556047112845
miniFE.c 25 Ap -951.9431942355674892
miniFE.c 25 Ap -307.7178613112005223
miniFE.c 25 Ap 437.3259687565855529
miniFE.c 25 Ap 67.1311892858862507
miniFE.c 25 Ap 231.4904044254456608
miniFE.c 25 Ap 8.4750944324596844
miniFE.c 25 Ap 136.2477259389728772
miniFE.c 25 Ap 44.2125139587647027
miniFE.c 25 Ap 286.8999636359623082
miniFE.c 25 Ap -190.0698452342187466
miniFE.c 25 Ap -28.6731141403941479
miniFE.c 25 Ap -1769.4073446474239972
miniFE.c 25 Ap -1504.5015295142784453
miniFE.c 25 Ap -1847.1377969518380269
miniFE.c 25 Ap -1633.0108263799961605
miniFE.c 25 Ap -1729.5239229058497585
miniFE.c 25 Ap -1298.4747151618360022
miniFE.c 25 Ap -279.7544311366967804
miniFE.c 25 Ap -212.8740522000363740
miniFE.c 25 Ap -460.1214411508727835
miniFE.c 25 Ap 1342.3107137622018854
miniFE.c 25 Ap 1267.4914057048456471
miniFE.c 25 Ap 1414.2417478412662604
miniFE.c 25 Ap 1403.7422378842968556
miniFE.c 25 Ap 1568.5035826910889227
miniFE.c 25 Ap -286.8300319099224680
miniFE.c 25 Ap -164.2165944823325390
miniFE.c 25 Ap -596.3046644692149130
miniFE.c 25 Ap -495.2136835663836223
miniFE.c 25 Ap -1852.8787212276629361
miniFE.c 25 Ap -1793.4524899398534217
miniFE.c 25 Ap -1906.9291080474579303
miniFE.c 25 Ap -1774.3342498395531948
miniFE.c 25 Ap -327.4780244875516928
miniFE.c 25 Ap -219.2340398177625218
miniFE.c 25 Ap -635.3102262145098393
miniFE.c 25 Ap -329.7897038638051299
miniFE.c 25 Ap -421.3570718902559520
miniFE.c 25 Ap 458.4557002015919807
miniFE.c 25 Ap 396.9861180764418123
miniFE.c 25 Ap 516.5563917731067249
miniFE.c 25 Ap -101.9111677470804693
miniFE.c 25 Ap 25.9034897970964124
miniFE.c 25 Ap -281.5280704790179698
miniFE.c 25 Ap -245.6944238040443054
miniFE.c 25 Ap -532.3297003619271663
miniFE.c 25 Ap -431.5620869656004857
miniFE.c 25 Ap -961.7585399526303718
miniFE.c 25 Ap -868.4179353041471359
miniFE.c 25 Ap -130.6955364858731627
miniFE.c 25 Ap -52.7119768240055322
miniFE.c 25 Ap -370.4126567417038700
miniFE.c 25 Ap -240.3039383084249323
miniFE.c 25 Ap -317.7998926947741438
miniFE.c 25 Ap -272.4461607476264362
miniFE.c 25 Ap -294.0434728078357125
miniFE.c 25 Ap 1969.9608112905175403
miniFE.c 57 sum 19415.3407160156275495
miniFE.c 57 sum 22632.7401604128463077
miniFE.c 57 sum 56032.5152313458020217
miniFE.c 57 sum 99259.5393036334862700
miniFE.c 57 sum 135451.0353199666133150
miniFE.c 57 sum 142288.9912464153021574
miniFE.c 57 sum 149301.5518863441830035
miniFE.c 57 sum 218052.1274993049155455
miniFE.c 90 p_ap_dot 218052.1274993049155455
miniFE.c 91 alpha 0.0173842374606450
miniFE.c 40 y 1.1414960338202862
miniFE.c 40 y 1.9313664198033706
miniFE.c 40 y 1.1455593598435627
miniFE.c 40 y 2.0101427827885114
miniFE.c 40 y 0.8335448106908265
miniFE.c 40 y 1.9345406011869211
miniFE.c 40 y 0.9372372518070660
miniFE.c 40 y 2.0058092046217029
miniFE.c 40 y -6.2853818362955991
miniFE.c 40 y 3.3963126984948593
miniFE.c 40 y -5.7456023706638284
miniFE.c 40 y -2.2035735166836723
miniFE.c 40 y 8.5114552256647578
miniFE.c 40 y 1.4792892180922035
miniFE.c 40 y 5.2650725407779788
miniFE.c 40 y -1.6274760254008527
miniFE.c 82 oldrtrans 3790.6699632467598349
miniFE.c 48 sum 39.5060248280346400
miniFE.c 48 sum 51.0409647739920729
miniFE.c 48 sum 84.0529113757698809
miniFE.c 48 sum 88.9086476191995274
miniFE.c 48 sum 161.3535176776954359
miniFE.c 48 sum 163.5418142684592908
miniFE.c 48 sum 191.2628031281135748
miniFE.c 48 sum 193.9114813413681304
miniFE.c 83 rtrans 193.9114813413681304
miniFE.c 84 beta 0.0511549365208467
miniFE.c 40 y -7.3287114465838936
miniFE.c 40 y 3.9699825667461655
miniFE.c 40 y -7.0614257391236324
miniFE.c 40 y -0.7937739492455855
miniFE.c 40 y 7.4680364439569651
miniFE.c 40 y 2.1564567198806142
miniFE.c 40 y 4.8519913735189073
miniFE.c 40 y 0.1578038193026263
miniFE.c 87 normr 13.9252102799694963
miniFE.c 25 Ap -491.7177691822269026
miniFE.c 25 Ap -431.8204587073157654
miniFE.c 25 Ap -497.6273892538913515
miniFE.c 25 Ap -508.5151816909789204
miniFE.c 25 Ap -403.4891232846700859
miniFE.c 25 Ap -368.8641916075790164
miniFE.c 25 Ap -344.6199940079656585
miniFE.c 25 Ap -343.6087771922337879
miniFE.c 25 Ap -110.5723003859068285
miniFE.c 25 Ap 153.1798037081557595
miniFE.c 25 Ap 51.5519763134606137
miniFE.c 25 Ap 46.8180545345666062
miniFE.c 25 Ap 128.4706524785789270
miniFE.c 25 Ap 149.2853463563540970
miniFE.c 25 Ap 204.5854813568122381
miniFE.c 25 Ap 205.6828336514683997
miniFE.c 25 Ap -68.2978229862534221
miniFE.c 25 Ap -11.1619529851196120
miniFE.c 25 Ap -489.0375139828888678
miniFE.c 25 Ap -496.6674080934785707
miniFE.c 25 Ap -371.2179876613295733
miniFE.c 25 Ap -336.3358122621239090
miniFE.c 25 Ap -278.3451024853083595
miniFE.c 25 Ap -276.3960406864523520
miniFE.c 25 Ap -100.5241972699535182
miniFE.c 25 Ap -76.8479517186716663
miniFE.c 25 Ap -144.7236116726323871
miniFE.c 25 Ap -196.6377853067468777
miniFE.c 25 Ap -169.2441912102310084
miniFE.c 25 Ap -145.3379492238736930
miniFE.c 25 Ap -139.0292299243090781
miniFE.c 25 Ap -138.2842336748744287
miniFE.c 25 Ap -103.0666738450023843
miniFE.c 25 Ap -59.6604327534008405
miniFE.c 25 Ap -178.2795333758326422
miniFE.c 25 Ap -181.1911851243477543
miniFE.c 25 Ap 315.8907303113472835
miniFE.c 25 Ap 325.5715109134323484
miniFE.c 25 Ap 393.7548960084265559
miniFE.c 25 Ap 394.3544460556481681
miniFE.c 25 Ap -117.6727224709296280
miniFE.c 25 Ap -79.3533947213328901
miniFE.c 25 Ap -193.5768284354176387
miniFE.c 25 Ap -202.3765191216197934
miniFE.c 25 Ap -168.8509576411530588
miniFE.c 25 Ap -25.5257924244134529
miniFE.c 25 Ap 11.4087255367507368
miniFE.c 25 Ap 11.9493827251971396
miniFE.c 25 Ap -36.6197535781409655
miniFE.c 25 Ap 8.6277654279174527
miniFE.c 25 Ap -75.7699713205438599
miniFE.c 25 Ap -76.8020624038933022
miniFE.c 25 Ap 28.1437146106429736
miniFE.c 25 Ap 44.5591785555302593
miniFE.c 25 Ap 363.1321985563093335
miniFE.c 25 Ap 363.5542538658519334
miniFE.c 25 Ap -201703881935.5177612304687500
miniFE.c 25 Ap -201703881907.9108886718750000
miniFE.c 25 Ap -201703881995.1277465820312500
miniFE.c 25 Ap -201703881998.8751831054687500
miniFE.c 25 Ap -201703881970.5015869140625000
miniFE.c 25 Ap -201703881963.1132812500000000
miniFE.c 25 Ap -201703881950.1363525390625000
miniFE.c 25 Ap -201703881939.8992614746093750
miniFE.c 57 sum 2518.2095785554183749
miniFE.c 57 sum 3334.7668424306993984
miniFE.c 57 sum 5286.5169583258766579
miniFE.c 57 sum 5396.2833806083808668
miniFE.c 57 sum 8341.3367555884215108
miniFE.c 57 sum 8367.1050822645975131
miniFE.c 57 sum 10131.0671858278146829
miniFE.c 57 sum -31829632807.2149505615234375
miniFE.c 90 p_ap_dot -31829632807.2149505615234375
miniFE.c 91 alpha -0.0000000060921683
miniFE.c 40 y 1.1414960784680301
miniFE.c 40 y 1.9313663956175686
miniFE.c 40 y 1.1455594028629570
miniFE.c 40 y 2.0101427876243161
miniFE.c 40 y 0.8335447651942913
miniFE.c 40 y 1.9345405880494237
miniFE.c 40 y 0.9372372222479177
miniFE.c 40 y 2.0058092036603354
miniFE.c 40 y -6.2853839296181135
miniFE.c 40 y 3.3963139515493070
miniFE.c 40 y -5.7456040545150371
miniFE.c 40 y -2.2035743591345032
miniFE.c 40 y 8.5114576281384302
miniFE.c 40 y 1.4792892908898547
miniFE.c 40 y 5.2650747556116952
miniFE.c 40 y -1230.4414801380862627
miniFE.c 82 oldrtrans 193.9114813413681304
miniFE.c 48 sum 39.5060511427016365
miniFE.c 48 sum 51.0409996001901050
miniFE.c 48 sum 84.0529655514497449
miniFE.c 48 sum 88.9087055076847861
miniFE.c 48 sum 161.3536164632806731
miniFE.c 48 sum 163.5419132694220821
miniFE.c 48 sum 191.2629254516016317
miniFE.c 48 sum 1514177.4989698561839759
miniFE.c 83 rtrans 1514177.4989698561839759
miniFE.c 84 beta 7808.6015768413863043
miniFE.c 40 y -57233.2731419401243329
miniFE.c 40 y 31003.4084446784727334
miniFE.c 40 y -55145.6057653236639453
miniFE.c 40 y -6200.4680860938278784
miniFE.c 40 y 58323.4326098194360384
miniFE.c 40 y 16840.3906325408570410
miniFE.c 40 y 37892.5325648361540516
miniFE.c 40 y 1.7856720999948266
miniFE.c 87 normr 1230.5191989440295401
miniFE.c 25 Ap -3840049.8638092619366944
miniFE.c 25 Ap -3372284.3887297534383833
miniFE.c 25 Ap -3886198.0348708326928318
miniFE.c 25 Ap -3971246.6933690579608083
miniFE.c 25 Ap -3151020.3479697974398732
miniFE.c 25 Ap -2880624.2998174685053527
miniFE.c 25 Ap -2691284.7119390582665801
miniFE.c 25 Ap -2691273.2692397441715002
miniFE.c 25 Ap -863509.8701926787616685
miniFE.c 25 Ap 1196250.8652489623054862
miniFE.c 25 Ap 402596.9614425970939919
miniFE.c 25 Ap 365618.5106632613460533
miniFE.c 25 Ap 1003304.1766803092323244
miniFE.c 25 Ap 1165852.1066095018759370
miniFE.c 25 Ap 1597728.8361892912071198
miniFE.c 25 Ap 1597741.2535780787002295
miniFE.c 25 Ap -533369.0630969192134216
miniFE.c 25 Ap -87168.9388633599737659
miniFE.c 25 Ap -3819097.6265303925611079
miniFE.c 25 Ap -3878697.6108558415435255
miniFE.c 25 Ap -2898970.0916582248173654
miniFE.c 25 Ap -2626565.1533073401078582
miniFE.c 25 Ap -2173675.8776443721726537
miniFE.c 25 Ap -2173653.8225047010928392
miniFE.c 25 Ap -785039.6187186903553084
miniFE.c 25 Ap -600140.9953817818313837
miniFE.c 25 Ap -1130210.2084790817461908
miniFE.c 25 Ap -1535731.4241100451909006
miniFE.c 25 Ap -1321794.5410727751441300
miniFE.c 25 Ap -1135103.8229633967857808
miniFE.c 25 Ap -1085834.7016690222080797
miniFE.c 25 Ap -1085826.2714610393159091
miniFE.c 25 Ap -804894.9858370921574533
miniFE.c 25 Ap -465915.8092322711599991
miniFE.c 25 Ap -1392261.6210872158408165
miniFE.c 25 Ap -1415005.6324794336687773
miniFE.c 25 Ap 2467075.5295552369207144
miniFE.c 25 Ap 2542675.5290655735880136
miniFE.c 25 Ap 3075166.4057381441816688
miniFE.c 25 Ap 3075173.1901100091636181
miniFE.c 25 Ap -918960.3268762474181131
miniFE.c 25 Ap -619707.1816615646239370
miniFE.c 25 Ap -1511725.4053836530074477
miniFE.c 25 Ap -1580463.1125345996115357
miniFE.c 25 Ap -1318637.1505985700059682
miniFE.c 25 Ap -199369.7210825362708420
miniFE.c 25 Ap 89077.2931162795284763
miniFE.c 25 Ap 89083.4110699598386418
miniFE.c 25 Ap -285980.4720385355758481
miniFE.c 25 Ap 67378.0854029273032211
miniFE.c 25 Ap -591718.8859678751323372
miniFE.c 25 Ap -599780.9391888611717150
miniFE.c 25 Ap 219818.4293098440393806
miniFE.c 25 Ap 348011.5076581062166952
miniFE.c 25 Ap 2835966.9893066310323775
miniFE.c 25 Ap 2835971.7651884458027780
miniFE.c 25 Ap -366754.4199897602666169
miniFE.c 25 Ap -151159.7559994937328156
miniFE.c 25 Ap -832272.5075599864358082
miniFE.c 25 Ap -861545.0910075418651104
miniFE.c 25 Ap -639954.6572026156354696
miniFE.c 25 Ap -582257.2054427952971309
miniFE.c 25 Ap -480911.4672237847698852
miniFE.c 25 Ap -480795.6267818929045461
miniFE.c 57 sum 154030378118.0004577636718750
miniFE.c 57 sum 203565802791.5942382812500000
miniFE.c 57 sum 323433259557.7272949218750000
miniFE.c 57 sum 330165890700.9637451171875000
miniFE.c 57 sum 509520547017.8682861328125000
miniFE.c 57 sum 511020746459.1656494140625000
miniFE.c 57 sum 618482898924.5246582031250000
miniFE.c 57 sum 618482040381.1881103515625000
miniFE.c 90 p_ap_dot 618482040381.1881103515625000
miniFE.c 91 alpha 0.0000024482157930
miniFE.c 40 y 1.0013766752748352
miniFE.c 40 y 2.0072694298097513
miniFE.c 40 y 1.0105510599117988
miniFE.c 40 y 1.9949627037317306
miniFE.c 40 y 0.9763331140136752
miniFE.c 40 y 1.9757694983568923
miniFE.c 40 y 1.0300063189112501
miniFE.c 40 y 2.0058135753709720
miniFE.c 40 y 0.3034337915080894
miniFE.c 40 y -0.5153014186443956
miniFE.c 40 y -0.4240304376677067
miniFE.c 40 y 0.4547626671489344
miniFE.c 40 y 0.9827700577926830
miniFE.c 40 y 1.2611938770109328
miniFE.c 40 y -1.6779961085245576
miniFE.c 40 y -1229.2643886913765527
miniFE.c 82 oldrtrans 1514177.4989698561839759
miniFE.c 48 sum 0.0920720658289746
miniFE.c 48 sum 0.3576076178859013
miniFE.c 48 sum 0.5374094299545682
miniFE.c 48 sum 0.7442185133869808
miniFE.c 48 sum 1.7100554998808142
miniFE.c 48 sum 3.3006654952906818
miniFE.c 48 sum 6.1163364355142402
miniFE.c 48 sum 1511097.0536412191577256
miniFE.c 83 rtrans 1511097.0536412191577256
miniFE.c 84 beta 0.9979655982665621
miniFE.c 40 y -57116.5342380583242630
miniFE.c 40 y 30939.8197553774916742
miniFE.c 40 y -55033.8414798008670914
miniFE.c 40 y -6187.3990804042023228
miniFE.c 40 y 58205.7620874757631100
miniFE.c 40 y 16807.3917065232526511
miniFE.c 40 y 37813.7659347933731624
miniFE.c 40 y -1227.4823493657972904
miniFE.c 87 normr 1229.2668764923339495
miniFE.c 25 Ap -3832217.3009075946174562
miniFE.c 25 Ap -3365411.2233573487028480
miniFE.c 25 Ap -3878283.3143158480525017
miniFE.c 25 Ap -3963152.7119282213971019
miniFE.c 25 Ap -3144581.2153295939788222
miniFE.c 25 Ap -2874715.0111329741775990
miniFE.c 25 Ap -2685769.0005707633681595
miniFE.c 25 Ap -2693634.7847968875430524
miniFE.c 25 Ap -861748.5661434169160202
miniFE.c 25 Ap 1193787.5536184976808727
miniFE.c 25 Ap 401742.1580564479809254
miniFE.c 25 Ap 364841.6484223481384106
miniFE.c 25 Ap 1001240.7508395940531045
miniFE.c 25 Ap 1163470.1663571503013372
miniFE.c 25 Ap 1594449.1603600236121565
miniFE.c 25 Ap 1585913.3683958041947335
miniFE.c 25 Ap -532281.1483862581662834
miniFE.c 25 Ap -86996.1906614579493180
miniFE.c 25 Ap -3811361.3320112354122102
miniFE.c 25 Ap -3870835.6947669195942581
miniFE.c 25 Ap -2893084.8261843258515000
miniFE.c 25 Ap -2621213.6682310346513987
miniFE.c 25 Ap -2169265.8066043402068317
miniFE.c 25 Ap -2184426.6497733565047383
miniFE.c 25 Ap -783438.3707109846873209
miniFE.c 25 Ap -598918.9786167483543977
miniFE.c 25 Ap -1127913.8938428531400859
miniFE.c 25 Ap -1532580.3741537155583501
miniFE.c 25 Ap -1319075.1197715005837381
miniFE.c 25 Ap -1132750.2241260714363307
miniFE.c 25 Ap -1083583.5178033772390336
miniFE.c 25 Ap -1089378.4963442389853299
miniFE.c 25 Ap -803253.2387688517337665
miniFE.c 25 Ap -464969.3160932588507421
miniFE.c 25 Ap -1389437.6913624200969934
miniFE.c 25 Ap -1412133.7641780397389084
miniFE.c 25 Ap 2462115.0996245779097080
miniFE.c 25 Ap 2537566.9601252442225814
miniFE.c 25 Ap 3068950.9561264775693417
miniFE.c 25 Ap 3064287.3357922029681504
miniFE.c 25 Ap -917085.9203399596735835
miniFE.c 25 Ap -618446.5500690012704581
miniFE.c 25 Ap -1508656.9093554012943059
miniFE.c 25 Ap -1577249.7349468634929508
miniFE.c 25 Ap -1315952.0203434326685965
miniFE.c 25 Ap -198877.8073570169508457
miniFE.c 25 Ap 88969.6164286886341870
miniFE.c 25 Ap 84764.0961896442458965
miniFE.c 25 Ap -285397.1566870863898657
miniFE.c 25 Ap 67236.6543910506297834
miniFE.c 25 Ap -590524.5169450405519456
miniFE.c 25 Ap -598569.5774135517422110
miniFE.c 25 Ap 219376.2072426354279742
miniFE.c 25 Ap 347318.0898793083033524
miniFE.c 25 Ap 2830101.8963791583664715
miniFE.c 25 Ap 2826818.9248692854307592
miniFE.c 25 Ap -366006.3497391347773373
miniFE.c 25 Ap -150853.8752625757188071
miniFE.c 25 Ap -830586.2071326477453113
miniFE.c 25 Ap -859797.0914384102215990
miniFE.c 25 Ap -638653.7277205041609704
miniFE.c 25 Ap -581069.3347360751358792
miniFE.c 25 Ap -479934.2623588119749911
miniFE.c 25 Ap -559563.7182736928807572
miniFE.c 57 sum 153851083410.6763000488281250
miniFE.c 57 sum 202918957176.4860534667968750
miniFE.c 57 sum 323136347144.3654785156250000
miniFE.c 57 sum 329876766650.8579101562500000
miniFE.c 57 sum 508235946285.6437988281250000
miniFE.c 57 sum 509660609652.9525756835937500
miniFE.c 57 sum 616553278818.0040283203125000
miniFE.c 57 sum 617240133405.5305175781250000
miniFE.c 90 p_ap_dot 617240133405.5305175781250000
miniFE.c 91 alpha 0.0000024481510062
miniFE.c 40 y 0.8615467745113629
miniFE.c 40 y 2.0830147806743948
miniFE.c 40 y 0.8758199055199839
miniFE.c 40 y 1.9798150164475041
miniFE.c 40 y 1.1188296090326402
miniFE.c 40 y 2.0169165312742008
miniFE.c 40 y 1.1225801280313441
miniFE.c 40 y 2.0028085132223241
miniFE.c 40 y 6.8978585001454906
miniFE.c 40 y -4.3978568271706688
miniFE.c 40 y 4.9237758628652166
miniFE.c 40 y 3.1217257290669225
miniFE.c 40 y -6.5190680665009539
miniFE.c 40 y 1.0536785696377187
miniFE.c 40 y -8.5984757036852155
miniFE.c 40 y -1227.8944922114721976
miniFE.c 82 oldrtrans 1511097.0536412191577256
miniFE.c 48 sum 47.5804518880293941
miniFE.c 48 sum 66.9215965603210634
miniFE.c 48 sum 91.1651653080551796
miniFE.c 48 sum 100.9103368355735881
miniFE.c 48 sum 143.4085852912460837
miniFE.c 48 sum 144.5188238193598806
miniFE.c 48 sum 218.4526082462248269
miniFE.c 48 sum 1507943.3366115153767169
miniFE.c 83 rtrans 1507943.3366115153767169
miniFE.c 84 beta 0.9979129619622350
miniFE.c 40 y -56990.4320000180450734
miniFE.c 40 y 30870.8493178392564005
miniFE.c 40 y -54914.0599834053282393
miniFE.c 40 y -6171.3640174394995483
miniFE.c 40 y 58077.7653799155959859
miniFE.c 40 y 16773.3677192857612681
miniFE.c 40 y 37726.2486912326276070
miniFE.c 40 y -2452.8150392234579158
miniFE.c 87 normr 1227.9834431341146228
miniFE.c 25 Ap -3823756.5078159309923649
miniFE.c 25 Ap -3357991.0251905652694404
miniFE.c 25 Ap -3869746.8468706961721182
miniFE.c 25 Ap -3954396.2997022648341954
miniFE.c 25 Ap -3137624.8732807058840990
miniFE.c 25 Ap -2868304.9718327661976218
miniFE.c 25 Ap -2679796.2632323522120714
miniFE.c 25 Ap -2695514.0565310437232256
miniFE.c 25 Ap -859845.9923218722688034
miniFE.c 25 Ap 1191107.9667591941542923
miniFE.c 25 Ap 400786.4628998241387308
miniFE.c 25 Ap 363981.5834307941840962
miniFE.c 25 Ap 998981.2197662931866944
miniFE.c 25 Ap 1160882.2267086526844651
miniFE.c 25 Ap 1590863.7508045942522585
miniFE.c 25 Ap 1573807.1153977082576603
miniFE.c 25 Ap -531105.9747701841406524
miniFE.c 25 Ap -86813.6375133210676722
miniFE.c 25 Ap -3803072.6750956918112934
miniFE.c 25 Ap -3862392.9060200233943760
miniFE.c 25 Ap -2886792.1491704331710935
miniFE.c 25 Ap -2615471.3526872596703470
miniFE.c 25 Ap -2164569.4919045688584447
miniFE.c 25 Ap -2194864.6274325745180249
miniFE.c 25 Ap -781708.6906239275122061
miniFE.c 25 Ap -597600.6255286086816341
miniFE.c 25 Ap -1125444.1800495977513492
miniFE.c 25 Ap -1529061.9398226109333336
miniFE.c 25 Ap -1316026.1916993579361588
miniFE.c 25 Ap -1130078.4822338051162660
miniFE.c 25 Ap -1081025.5687192576006055
miniFE.c 25 Ap -1092605.3771982525940984
miniFE.c 25 Ap -801479.8112933736993000
miniFE.c 25 Ap -463949.9844833532115445
miniFE.c 25 Ap -1386406.2486153929494321
miniFE.c 25 Ap -1409043.5030241310596466
miniFE.c 25 Ap 2456685.7386474297381938
miniFE.c 25 Ap 2531984.8584264214150608
miniFE.c 25 Ap 3062139.0043597584590316
miniFE.c 25 Ap 3052819.9309742650948465
miniFE.c 25 Ap -915061.1723650897620246
miniFE.c 25 Ap -617087.5231033867457882
miniFE.c 25 Ap -1505360.3340363563038409
miniFE.c 25 Ap -1573775.3966836486943066
miniFE.c 25 Ap -1313052.2857957738451660
miniFE.c 25 Ap -198239.4182596001774073
miniFE.c 25 Ap 88941.8033514997805469
miniFE.c 25 Ap 80538.1278970899147680
miniFE.c 25 Ap -284767.0550769541878253
miniFE.c 25 Ap 67080.6716466801590286
miniFE.c 25 Ap -589248.8784313814248890
miniFE.c 25 Ap -597273.0895818688441068
miniFE.c 25 Ap 218874.0008618558058515
miniFE.c 25 Ap 346556.8847759439377114
miniFE.c 25 Ap 2823594.4665946341119707
miniFE.c 25 Ap 2817034.2729617739096284
miniFE.c 25 Ap -365198.2786533316248097
miniFE.c 25 Ap -150525.4178403105761390
miniFE.c 25 Ap -828778.3080855469452217
miniFE.c 25 Ap -857913.4904100713320076
miniFE.c 25 Ap -637256.4294470736058429
miniFE.c 25 Ap -579788.6072361584519967
miniFE.c 25 Ap -478887.6047152813989669
miniFE.c 25 Ap -638007.0634464926552027
miniFE.c 57 sum 153618510543.8252563476562500
miniFE.c 57 sum 202203272858.6111755371093750
miniFE.c 57 sum 322732200664.8981933593750000
miniFE.c 57 sum 329475066175.0004272460937500
miniFE.c 57 sum 506776025873.2539062500000000
miniFE.c 57 sum 508126921507.8946533203125000
miniFE.c 57 sum 614403057061.3762207031250000
miniFE.c 57 sum 615967970381.7285156250000000
miniFE.c 90 p_ap_dot 615967970381.7285156250000000
miniFE.c 91 alpha 0.0000024480872531
miniFE.c 40 y 0.7220292243832596
miniFE.c 40 y 2.1585893133818748
miniFE.c 40 y 0.7413854952584509
miniFE.c 40 y 1.9647069788621492
miniFE.c 40 y 1.2610090461479446
miniFE.c 40 y 2.0579791989794014
miniFE.c 40 y 1.2149372765597615
miniFE.c 40 y 1.9968038079905808
miniFE.c 40 y 13.4967121025003216
miniFE.c 40 y -8.2506739652193151
miniFE.c 40 y 10.2969959795705641
miniFE.c 40 y 5.7965190256582559
miniFE.c 40 y -13.9926376255392171
miniFE.c 40 y 0.8565142053440372
miniFE.c 40 y -15.4948213988784893
miniFE.c 40 y -1226.3325952520588089
miniFE.c 82 oldrtrans 1507943.3366115153767169
miniFE.c 48 sum 182.1612375777786497
miniFE.c 48 sum 250.2348584581264674
miniFE.c 48 sum 356.2629846614188409
miniFE.c 48 sum 389.8626174762370056
miniFE.c 48 sum 585.6565251958927547
miniFE.c 48 sum 586.3901417798489319
miniFE.c 48 sum 826.4796319629916752
miniFE.c 48 sum 1504718.1138096128124744
miniFE.c 83 rtrans 1504718.1138096128124744
miniFE.c 84 beta 0.9978611777222678
miniFE.c 40 y -56855.0428823363181436
miniFE.c 40 y 30796.5713836205286498
miniFE.c 40 y -54786.3115725725219818
miniFE.c 40 y -6152.3680475693463450
miniFE.c 40 y 57939.5547238545914297
miniFE.c 40 y 16738.3489809405036794
miniFE.c 40 y 37630.0641286776808556
miniFE.c 40 y -3673.9014990264686276
miniFE.c 87 normr 1226.6695210241480254
miniFE.c 25 Ap -3814672.6142279198393226
miniFE.c 25 Ap -3350027.8036489756777883
miniFE.c 25 Ap -3860593.1106781437993050
miniFE.c 25 Ap -3944982.0054789483547211
miniFE.c 25 Ap -3130154.2921799444593489
miniFE.c 25 Ap -2861396.6656023710966110
miniFE.c 25 Ap -2673368.5674072727560997
miniFE.c 25 Ap -2696911.1596688288263977
miniFE.c 25 Ap -857803.3022393933497369
miniFE.c 25 Ap 1188215.8841799362562597
miniFE.c 25 Ap 399732.9316168196965009
miniFE.c 25 Ap 363041.3406168368528597
miniFE.c 25 Ap 996529.8355411207303405
miniFE.c 25 Ap 1158092.8323059873655438
miniFE.c 25 Ap 1586978.1015068197157234
miniFE.c 25 Ap 1561430.1505249366164207
miniFE.c 25 Ap -529844.2547446261160076
miniFE.c 25 Ap -86620.9232887009857222
miniFE.c 25 Ap -3794234.7034190157428384
miniFE.c 25 Ap -3853372.3417566604912281
miniFE.c 25 Ap -2880093.2723855008371174
miniFE.c 25 Ap -2609338.9281579912640154
miniFE.c 25 Ap -2159586.6594958831556141
miniFE.c 25 Ap -2204963.6414736136794090
miniFE.c 25 Ap -779851.6271451372886077
miniFE.c 25 Ap -596186.5419823590200394
miniFE.c 25 Ap -1122802.1564224513713270
miniFE.c 25 Ap -1525177.5472828480415046
miniFE.c 25 Ap -1312648.7713256203569472
miniFE.c 25 Ap -1127089.2757413019426167
miniFE.c 25 Ap -1078161.4245690789539367
miniFE.c 25 Ap -1095506.0164152248762548
miniFE.c 25 Ap -799575.7786218773107976
miniFE.c 25 Ap -462858.0777762100915425
miniFE.c 25 Ap -1383168.4011083662044257
miniFE.c 25 Ap -1405735.9761720718815923
miniFE.c 25 Ap 2450793.7900866419076920
miniFE.c 25 Ap 2525935.7035003229975700
miniFE.c 25 Ap 3054738.2004788266494870
miniFE.c 25 Ap 3040779.8069053185172379
miniFE.c 25 Ap -912887.3105359448818490
miniFE.c 25 Ap -615630.6116532515734434
miniFE.c 25 Ap -1501837.0038945972919464
miniFE.c 25 Ap -1570041.4793094657361507
miniFE.c 25 Ap -1309938.8246662546880543
miniFE.c 25 Ap -197453.4169917812105268
miniFE.c 25 Ap 88995.6247410400537774
miniFE.c 25 Ap 76408.3422286730055930
miniFE.c 25 Ap -284090.5492323997314088
miniFE.c 25 Ap 66910.6014209907152690
miniFE.c 25 Ap -587892.1073157016653568
miniFE.c 25 Ap -595891.6192792969522998
miniFE.c 25 Ap 218313.2438064254820347
miniFE.c 25 Ap 345729.5567147510591894
miniFE.c 25 Ap 2816451.8332882961258292
miniFE.c 25 Ap 2806625.7743167644366622
miniFE.c 25 Ap -364330.6966577127459459
miniFE.c 25 Ap -150174.3573200111859478
miniFE.c 25 Ap -826849.4052258217707276
miniFE.c 25 Ap -855894.9070447019767016
miniFE.c 25 Ap -635762.9550792817026377
miniFE.c 25 Ap -578415.1117934670764953
miniFE.c 25 Ap -477771.3603676632628776
miniFE.c 25 Ap -716105.3597147781401873
miniFE.c 57 sum 153332999632.8226318359375000
miniFE.c 57 sum 201419694724.0011901855468750
miniFE.c 57 sum 322221519791.9686889648437500
miniFE.c 57 sum 328961476003.2816772460937500
miniFE.c 57 sum 505142904028.6643676757812500
miniFE.c 57 sum 506421853525.9430541992187500
miniFE.c 57 sum 612035361398.6826171875000000
miniFE.c 57 sum 614666261953.1995849609375000
miniFE.c 90 p_ap_dot 614666261953.1995849609375000
miniFE.c 91 alpha 0.0000024480245736
miniFE.c 40 y 0.5828466822755758
miniFE.c 40 y 2.2339800769108691
miniFE.c 40 y 0.6072672582331953
miniFE.c 40 y 1.9496458306960149
miniFE.c 40 y 1.4028464998939993
miniFE.c 40 y 2.0989550886058366
miniFE.c 40 y 1.3070565982520099
miniFE.c 40 y 1.9878100068400657
miniFE.c 40 y 20.0988168941213026
miniFE.c 40 y -12.0730933436270291
miniFE.c 40 y 15.6948011577398709
miniFE.c 40 y 8.4783446743432176
miniFE.c 40 y -21.4365413156775055
miniFE.c 40 y 0.6694647059420313
miniFE.c 40 y -22.3655102632380505
miniFE.c 40 y -1224.5795517342073708
miniFE.c 82 oldrtrans 1504718.1138096128124744
miniFE.c 48 sum 403.9624405434158803
miniFE.c 48 sum 549.7220234273471533
miniFE.c 48 sum 796.0488068083399185
miniFE.c 48 sum 867.9311352253039331
miniFE.c 48 sum 1327.4564388040525955
miniFE.c 48 sum 1327.9046217965546930
miniFE.c 48 sum 1828.1206711315612665
miniFE.c 48 sum 1501423.1991966839414090
miniFE.c 83 rtrans 1501423.1991966839414090
miniFE.c 84 beta 0.9978102778303194
miniFE.c 40 y -56710.4473175846069353
miniFE.c 40 y 30717.0623551680364471
miniFE.c 40 y -54650.6499703692898038
miniFE.c 40 y -6130.4177261852064476
miniFE.c 40 y 57791.2466550586686935
miniFE.c 40 y 16702.3661117990268394
miniFE.c 40 y 37525.2992327453757753
miniFE.c 40 y -4890.4362271990348745
miniFE.c 87 normr 1225.3257522784233515
miniFE.c 25 Ap -3804971.0167436175979674
miniFE.c 25 Ap -3341525.8026069020852447
miniFE.c 25 Ap -3850826.8502692170441151
miniFE.c 25 Ap -3934914.6637062593363225
miniFE.c 25 Ap -3122172.6675850409083068
miniFE.c 25 Ap -2853992.7963475510478020
miniFE.c 25 Ap -2666488.1823557321913540
miniFE.c 25 Ap -2697826.4057971057482064
miniFE.c 25 Ap -855621.7094264236511663
miniFE.c 25 Ap 1185115.1682683094404638
miniFE.c 25 Ap 398584.6534142537275329
miniFE.c 25 Ap 362023.9700921467738226
miniFE.c 25 Ap 993890.9224323628004640
miniFE.c 25 Ap 1155106.6029728327412158
miniFE.c 25 Ap 1582797.8237011171877384
miniFE.c 25 Ap 1548790.2094399253837764
miniFE.c 25 Ap -528496.7378778496058658
miniFE.c 25 Ap -86417.6979741418617778
miniFE.c 25 Ap -3784850.7026274106465280
miniFE.c 25 Ap -3843777.3506346051581204
miniFE.c 25 Ap -2872989.5868985317647457
miniFE.c 25 Ap -2602817.2904075654223561
miniFE.c 25 Ap -2154317.1654957467690110
miniFE.c 25 Ap -2214719.7747120405547321
miniFE.c 25 Ap -777868.2835271761287004
miniFE.c 25 Ap -594677.3755804273532704
miniFE.c 25 Ap -1119988.9869593619368970
miniFE.c 25 Ap -1520928.7892661863006651
miniFE.c 25 Ap -1308944.0239158058539033
miniFE.c 25 Ap -1123783.4304606742225587
miniFE.c 25 Ap -1074991.7980633839033544
miniFE.c 25 Ap -1098079.6844242049846798
miniFE.c 25 Ap -797542.2719105924479663
miniFE.c 25 Ap -461693.8917735036811791
miniFE.c 25 Ap -1379725.3470927616581321
miniFE.c 25 Ap -1402212.4059191942214966
miniFE.c 25 Ap 2444445.7884122962132096
miniFE.c 25 Ap 2519426.1672779470682144
miniFE.c 25 Ap 3046756.4387939786538482
miniFE.c 25 Ap 3028176.0185994049534202
miniFE.c 25 Ap -910565.6263100655050948
miniFE.c 25 Ap -614076.3697193971602246
miniFE.c 25 Ap -1498088.3419385999441147
miniFE.c 25 Ap -1566049.4785051392391324
miniFE.c 25 Ap -1306612.6094825232867151
miniFE.c 25 Ap -196518.7409551744349301
miniFE.c 25 Ap 89132.8053509999881499
miniFE.c 25 Ap 72377.5106277254235465
miniFE.c 25 Ap -283368.0410550354863517
miniFE.c 25 Ap 66726.9126023802673444
miniFE.c 25 Ap -586454.3768044753232971
miniFE.c 25 Ap -594425.3482358462642878
miniFE.c 25 Ap 217695.3919838304864243
miniFE.c 25 Ap 344837.7946923454292119
miniFE.c 25 Ap 2808681.3967757876962423
miniFE.c 25 Ap 2795601.6463312790729105
miniFE.c 25 Ap -363404.1191692631691694
miniFE.c 25 Ap -149800.6778235354286153
miniFE.c 25 Ap -824800.1462180614471436
miniFE.c 25 Ap -853742.0199550781399012
miniFE.c 25 Ap -634173.5404711408773437
miniFE.c 25 Ap -576948.9793526923749596
miniFE.c 25 Ap -476585.4276126585900784
miniFE.c 25 Ap -793838.6868220353499055
miniFE.c 57 sum 152994942257.9454040527343750
miniFE.c 57 sum 200569227696.3853454589843750
miniFE.c 57 sum 321605102886.6281738281250000
miniFE.c 57 sum 328336790048.7861938476562500
miniFE.c 57 sum 503338857254.5979003906250000
miniFE.c 57 sum 504547732935.3627929687500000
miniFE.c 57 sum 609453521249.4996337890625000
miniFE.c 57 sum 613335738722.0861816406250000
miniFE.c 90 p_ap_dot 613335738722.0861816406250000
miniFE.c 91 alpha 0.0000024479630069
miniFE.c 40 y 0.4440216051378089
miniFE.c 40 y 2.3091743092367274
miniFE.c 40 y 0.4734844888031065
miniFE.c 40 y 1.9346387948855162
miniFE.c 40 y 1.5443173338277767
miniFE.c 40 y 2.1398418629750937
miniFE.c 40 y 1.3989171425963380
miniFE.c 40 y 1.9758383998683160
miniFE.c 40 y 26.7029961345300784
miniFE.c 40 y -15.8644744817730849
miniFE.c 40 y 21.1163532368679974
miniFE.c 40 y 11.1664031204337419
miniFE.c 40 y -28.8494041875675329
miniFE.c 40 y 0.4922872373943986
miniFE.c 40 y -29.2090396754644885
miniFE.c 40 y -1222.6362639954270435
