filename line variable value
miniFE.c 167 A 67.0947100000000063
miniFE.c 167 A 15.0875500000000002
miniFE.c 167 A 9.3192129999999995
miniFE.c 167 A 13.7164900000000003
miniFE.c 167 A 14.0634099999999993
miniFE.c 167 A 16.0564000000000000
miniFE.c 167 A 4.9967519999999999
miniFE.c 167 A 6.4080630000000003
miniFE.c 167 A 15.0875500000000002
miniFE.c 167 A 66.4365899999999954
miniFE.c 167 A 14.3919700000000006
miniFE.c 167 A 5.9638159999999996
miniFE.c 167 A 10.9336099999999998
miniFE.c 167 A 9.6522659999999991
miniFE.c 167 A 11.3974100000000007
miniFE.c 167 A 6.9539020000000002
miniFE.c 167 A 9.3192129999999995
miniFE.c 167 A 14.3919700000000006
miniFE.c 167 A 67.6740900000000067
miniFE.c 167 A 9.6121750000000006
miniFE.c 167 A 16.7981799999999986
miniFE.c 167 A 16.1756899999999995
miniFE.c 167 A 11.9519400000000005
miniFE.c 167 A 12.3511699999999998
miniFE.c 167 A 13.7164900000000003
miniFE.c 167 A 5.9638159999999996
miniFE.c 167 A 9.6121750000000006
miniFE.c 167 A 65.4017099999999942
miniFE.c 167 A 3.6681119999999998
miniFE.c 167 A 11.0858899999999991
miniFE.c 167 A 1.3002330000000000
miniFE.c 167 A 4.7210279999999996
miniFE.c 167 A 14.0634099999999993
miniFE.c 167 A 10.9336099999999998
miniFE.c 167 A 16.7981799999999986
miniFE.c 167 A 3.6681119999999998
miniFE.c 167 A 66.5612600000000043
miniFE.c 167 A 4.4892070000000004
miniFE.c 167 A 14.0526599999999995
miniFE.c 167 A 3.7993380000000001
miniFE.c 167 A 16.0564000000000000
miniFE.c 167 A 9.6522659999999991
miniFE.c 167 A 16.1756899999999995
miniFE.c 167 A 11.0858899999999991
miniFE.c 167 A 4.4892070000000004
miniFE.c 167 A 66.4632699999999943
miniFE.c 167 A 7.6122389999999998
miniFE.c 167 A 3.4261349999999999
miniFE.c 167 A 4.9967519999999999
miniFE.c 167 A 11.3974100000000007
miniFE.c 167 A 11.9519400000000005
miniFE.c 167 A 1.3002330000000000
miniFE.c 167 A 14.0526599999999995
miniFE.c 167 A 7.6122389999999998
miniFE.c 167 A 65.6581999999999937
miniFE.c 167 A 2.6745570000000001
miniFE.c 167 A 6.4080630000000003
miniFE.c 167 A 6.9539020000000002
miniFE.c 167 A 12.3511699999999998
miniFE.c 167 A 4.7210279999999996
miniFE.c 167 A 3.7993380000000001
miniFE.c 167 A 3.4261349999999999
miniFE.c 167 A 2.6745570000000001
miniFE.c 167 A 64.8721800000000002
miniFE.c 175 b 198.0110999999999990
miniFE.c 175 b 229.8237000000000023
miniFE.c 175 b 210.8053999999997643
miniFE.c 175 b 202.6418999999999926
miniFE.c 175 b 157.2561000000000035
miniFE.c 175 b 225.5886000000000138
miniFE.c 175 b 142.6283999999999992
miniFE.c 175 b 185.1795999999999935
miniFE.c 33 r 0.0000000000000000
miniFE.c 33 r 0.0000000000000000
miniFE.c 33 r 0.0000000000000000
miniFE.c 33 r 0.0000000000000000
miniFE.c 33 r 0.0000000000000000
miniFE.c 33 r 0.0000000000000000
miniFE.c 33 r 0.0000000000000000
miniFE.c 33 r 0.0000000000000000
miniFE.c 25 Ap 0.0000000000000000
miniFE.c 25 Ap 0.0000000000000000
miniFE.c 25 Ap 0.0000000000000000
miniFE.c 25 Ap 0.0000000000000000
miniFE.c 25 Ap 0.0000000000000000
miniFE.c 25 Ap 0.0000000000000000
miniFE.c 25 Ap 0.0000000000000000
miniFE.c 25 Ap 0.0000000000000000
miniFE.c 25 Ap 0.0000000000000000
miniFE.c 25 Ap 0.0000000000000000
miniFE.c 25 Ap 0.0000000000000000
miniFE.c 25 Ap 0.0000000000000000
miniFE.c 25 Ap 0.0000000000000000
miniFE.c 25 Ap 0.0000000000000000
miniFE.c 25 Ap 0.0000000000000000
miniFE.c 25 Ap 0.0000000000000000
miniFE.c 25 Ap 0.0000000000000000
miniFE.c 25 Ap 0.0000000000000000
miniFE.c 25 Ap 0.0000000000000000
miniFE.c 25 Ap 0.0000000000000000
miniFE.c 25 Ap 0.0000000000000000
miniFE.c 25 Ap 0.0000000000000000
miniFE.c 25 Ap 0.0000000000000000
miniFE.c 25 Ap 0.0000000000000000
miniFE.c 25 Ap 0.0000000000000000
miniFE.c 25 Ap 0.0000000000000000
miniFE.c 25 Ap 0.0000000000000000
miniFE.c 25 Ap 0.0000000000000000
miniFE.c 25 Ap 0.0000000000000000
miniFE.c 25 Ap 0.0000000000000000
miniFE.c 25 Ap 0.0000000000000000
miniFE.c 25 Ap 0.0000000000000000
miniFE.c 25 Ap 0.0000000000000000
miniFE.c 25 Ap 0.0000000000000000
miniFE.c 25 Ap 0.0000000000000000
miniFE.c 25 Ap 0.0000000000000000
miniFE.c 25 Ap 0.0000000000000000
miniFE.c 25 Ap 0.0000000000000000
miniFE.c 25 Ap 0.0000000000000000
miniFE.c 25 Ap 0.0000000000000000
miniFE.c 25 Ap 0.0000000000000000
miniFE.c 25 Ap 0.0000000000000000
miniFE.c 25 Ap 0.0000000000000000
miniFE.c 25 Ap 0.0000000000000000
miniFE.c 25 Ap 0.0000000000000000
miniFE.c 25 Ap 0.0000000000000000
miniFE.c 25 Ap 0.0000000000000000
miniFE.c 25 Ap 0.0000000000000000
miniFE.c 25 Ap 0.0000000000000000
miniFE.c 25 Ap 0.0000000000000000
miniFE.c 25 Ap 0.0000000000000000
miniFE.c 25 Ap 0.0000000000000000
miniFE.c 25 Ap 0.0000000000000000
miniFE.c 25 Ap 0.0000000000000000
miniFE.c 25 Ap 0.0000000000000000
miniFE.c 25 Ap 0.0000000000000000
miniFE.c 25 Ap 0.0000000000000000
miniFE.c 25 Ap 0.0000000000000000
miniFE.c 25 Ap 0.0000000000000000
miniFE.c 25 Ap 0.0000000000000000
miniFE.c 25 Ap 0.0000000000000000
miniFE.c 25 Ap 0.0000000000000000
miniFE.c 25 Ap 0.0000000000000000
miniFE.c 25 Ap 0.0000000000000000
miniFE.c 33 r 198.0110999999999990
miniFE.c 33 r 229.8237000000000023
miniFE.c 33 r 210.8053999999997643
miniFE.c 33 r 202.6418999999999926
miniFE.c 33 r 157.2561000000000035
miniFE.c 33 r 225.5886000000000138
miniFE.c 33 r 142.6283999999999992
miniFE.c 33 r 185.1795999999999935
miniFE.c 48 sum 39208.3957232100001420
miniFE.c 48 sum 92027.3288048999966122
miniFE.c 48 sum 136466.2454740598914213
miniFE.c 48 sum 177529.9851096698839683
miniFE.c 48 sum 202259.4660968798852991
miniFE.c 48 sum 253149.6825468398747034
miniFE.c 48 sum 273492.5430333998519927
miniFE.c 48 sum 307784.0272895598318428
miniFE.c 75 rtrans 307784.0272895598318428
miniFE.c 76 normr 554.7828649927463402
miniFE.c 33 r 198.0110999999999990
miniFE.c 33 r 229.8237000000000023
miniFE.c 33 r 210.8053999999997643
miniFE.c 33 r 202.6418999999999926
miniFE.c 33 r 157.2561000000000035
miniFE.c 33 r 225.5886000000000138
miniFE.c 33 r 142.6283999999999992
miniFE.c 33 r 185.1795999999999935
miniFE.c 87 normr 554.7828649927463402
miniFE.c 25 Ap 13285.4973312810016068
miniFE.c 25 Ap 16752.9738962160008668
miniFE.c 25 Ap 18717.5143203661973530
miniFE.c 25 Ap 21497.0499152971970034
miniFE.c 25 Ap 23708.6069245981962013
miniFE.c 25 Ap 27330.7477216381957987
miniFE.c 25 Ap 28043.4264645949951955
miniFE.c 25 Ap 29230.0690077097970061
miniFE.c 25 Ap 2987.5023718050001662
miniFE.c 25 Ap 18256.2053009880000900
miniFE.c 25 Ap 21290.1102936259958369
miniFE.c 25 Ap 22498.6292991163973056
miniFE.c 25 Ap 24218.0061666373985645
miniFE.c 25 Ap 26395.4473404050004319
miniFE.c 25 Ap 28021.0416928490012651
miniFE.c 25 Ap 29308.7624836482027604
miniFE.c 25 Ap 1845.3076172643000064
miniFE.c 25 Ap 5152.9234129532997031
miniFE.c 25 Ap 19418.9870250392850721
miniFE.c 25 Ap 21366.8164301717843045
miniFE.c 25 Ap 24008.4327040697826305
miniFE.c 25 Ap 27657.4839652037844644
miniFE.c 25 Ap 29362.1700442997826030
miniFE.c 25 Ap 31649.3547644317804952
miniFE.c 25 Ap 2716.0172730389999742
miniFE.c 25 Ap 4086.6435322781999275
miniFE.c 25 Ap 6112.9419280231977609
miniFE.c 25 Ap 19366.0687056721944828
miniFE.c 25 Ap 19942.9016931553960603
miniFE.c 25 Ap 22443.7520980093977414
miniFE.c 25 Ap 22629.2022504265987664
miniFE.c 25 Ap 23503.4403270553993934
miniFE.c 25 Ap 2784.7112838509997346
miniFE.c 25 Ap 5297.5139884079999320
miniFE.c 25 Ap 8838.6610425799954101
miniFE.c 25 Ap 9581.9742276727956778
miniFE.c 25 Ap 20049.1383863587980159
miniFE.c 25 Ap 21061.8523085989982064
miniFE.c 25 Ap 23066.1607201429978886
miniFE.c 25 Ap 23769.7206112477979332
miniFE.c 25 Ap 3179.3454260399998930
miniFE.c 25 Ap 5397.6649115441996400
miniFE.c 25 Ap 8807.5877122701967892
miniFE.c 25 Ap 11054.0535250611974334
miniFE.c 25 Ap 11760.0087099738975667
miniFE.c 25 Ap 26753.3647406958989450
miniFE.c 25 Ap 27839.0862096834971453
miniFE.c 25 Ap 28473.5365185294976982
miniFE.c 25 Ap 989.4123599472000024
miniFE.c 25 Ap 3608.8072965641999872
miniFE.c 25 Ap 6128.3407890401977056
miniFE.c 25 Ap 6391.8224746028972731
miniFE.c 25 Ap 8601.6889808288979111
miniFE.c 25 Ap 10318.9233197042976826
miniFE.c 25 Ap 19683.6473325842962367
miniFE.c 25 Ap 20178.9207280214977800
miniFE.c 25 Ap 1268.8676034993000030
miniFE.c 25 Ap 2867.0390905766998912
miniFE.c 25 Ap 5470.7324228946963558
miniFE.c 25 Ap 6427.4105067678965497
miniFE.c 25 Ap 7024.8795832296964363
miniFE.c 25 Ap 7797.7765812906964129
miniFE.c 25 Ap 8179.2443669094964207
miniFE.c 25 Ap 20192.2487104374959017
miniFE.c 57 sum 5787878.1172925252467394
miniFE.c 57 sum 12523726.3537057451903820
miniFE.c 57 sum 19195581.2445636838674545
miniFE.c 57 sum 23958363.0489748120307922
miniFE.c 57 sum 27696296.6103892549872398
miniFE.c 57 sum 34119601.8506532013416290
miniFE.c 57 sum 36997689.0278177410364151
miniFE.c 57 sum 40736881.5671170726418495
miniFE.c 90 p_ap_dot 40736881.5671170726418495
miniFE.c 91 alpha 0.0075554145395853
miniFE.c 40 y 1.4960559439392744
miniFE.c 40 y 1.7364133245212852
miniFE.c 40 y 1.5927221841830885
miniFE.c 40 y 1.5310435575891859
miniFE.c 40 y 1.1881350243784765
miniFE.c 40 y 1.7044153884046875
miniFE.c 40 y 1.0776166871177848
miniFE.c 40 y 1.3991086422745860
miniFE.c 40 y -22.8341883739316245
miniFE.c 40 y 8.3838497937928480
miniFE.c 40 y -28.3185951556806970
miniFE.c 40 y 25.0636652226906733
miniFE.c 40 y -22.3339927081014764
miniFE.c 40 y 10.4592281944898673
miniFE.c 40 y -9.8317110616323760
miniFE.c 40 y 32.6187905062384402
miniFE.c 82 oldrtrans 307784.0272895598318428
miniFE.c 48 sum 521.4001586961941257
miniFE.c 48 sum 591.6890960610744514
miniFE.c 48 sum 1393.6319276524168345
miniFE.c 48 sum 2021.8192420475306790
miniFE.c 48 sum 2520.6264723330605193
miniFE.c 48 sum 2630.0219267574721016
miniFE.c 48 sum 2726.6844691568967392
miniFE.c 48 sum 3790.6699632467680203
miniFE.c 83 rtrans 3790.6699632467680203
miniFE.c 84 beta 0.0123160061184090
miniFE.c 40 y -20.3954824548187368
miniFE.c 40 y 11.2143598891482323
miniFE.c 40 y -25.7223145594870530
miniFE.c 40 y 27.5594041029366892
miniFE.c 40 y -20.3972256183443470
miniFE.c 40 y 13.2375787723331779
miniFE.c 40 y -8.0750988145734954
miniFE.c 40 y 34.8994635928429631
miniFE.c 87 normr 61.5684169298412911
miniFE.c 25 Ap -1368.4289806161514207
miniFE.c 25 Ap -1199.2317650706329459
miniFE.c 25 Ap -1438.9434933034940514
miniFE.c 25 Ap -1060.9252025196039995
miniFE.c 25 Ap -1347.7797492528841303
miniFE.c 25 Ap -1135.2318894527936664
miniFE.c 25 Ap -1175.5811556047115118
miniFE.c 25 Ap -951.9431942355674892
miniFE.c 25 Ap -307.7178613112004086
miniFE.c 25 Ap 437.3259687565861213
miniFE.c 25 Ap 67.1311892858852275
miniFE.c 25 Ap 231.4904044254446944
miniFE.c 25 Ap 8.4750944324587749
miniFE.c 25 Ap 136.2477259389720530
miniFE.c 25 Ap 44.2125139587639495
miniFE.c 25 Ap 286.8999636359617966
miniFE.c 25 Ap -190.0698452342186613
miniFE.c 25 Ap -28.6731141403939773
miniFE.c 25 Ap -1769.4073446474312732
miniFE.c 25 Ap -1504.5015295142857212
miniFE.c 25 Ap -1847.1377969518453028
miniFE.c 25 Ap -1633.0108263800032091
miniFE.c 25 Ap -1729.5239229058568071
miniFE.c 25 Ap -1298.4747151618425960
miniFE.c 25 Ap -279.7544311366966667
miniFE.c 25 Ap -212.8740522000362034
miniFE.c 25 Ap -460.1214411508736930
miniFE.c 25 Ap 1342.3107137622014307
miniFE.c 25 Ap 1267.4914057048451923
miniFE.c 25 Ap 1414.2417478412658056
miniFE.c 25 Ap 1403.7422378842964008
miniFE.c 25 Ap 1568.5035826910886954
miniFE.c 25 Ap -286.8300319099223543
miniFE.c 25 Ap -164.2165944823323684
miniFE.c 25 Ap -596.3046644692165046
miniFE.c 25 Ap -495.2136835663852139
miniFE.c 25 Ap -1852.8787212276643004
miniFE.c 25 Ap -1793.4524899398547859
miniFE.c 25 Ap -1906.9291080474590672
miniFE.c 25 Ap -1774.3342498395543316
miniFE.c 25 Ap -327.4780244875515791
miniFE.c 25 Ap -219.2340398177623229
miniFE.c 25 Ap -635.3102262145114310
miniFE.c 25 Ap -329.7897038638066647
miniFE.c 25 Ap -421.3570718902574299
miniFE.c 25 Ap 458.4557002015910712
miniFE.c 25 Ap 396.9861180764409596
miniFE.c 25 Ap 516.5563917731060428
miniFE.c 25 Ap -101.9111677470804267
miniFE.c 25 Ap 25.9034897970965403
miniFE.c 25 Ap -281.5280704790191635
miniFE.c 25 Ap -245.6944238040454707
miniFE.c 25 Ap -532.3297003619283032
miniFE.c 25 Ap -431.5620869656015657
miniFE.c 25 Ap -961.7585399526309402
miniFE.c 25 Ap -868.4179353041477043
miniFE.c 25 Ap -130.6955364858731343
miniFE.c 25 Ap -52.7119768240054611
miniFE.c 25 Ap -370.4126567417051774
miniFE.c 25 Ap -240.3039383084262113
miniFE.c 25 Ap -317.7998926947753944
miniFE.c 25 Ap -272.4461607476276868
miniFE.c 25 Ap -294.0434728078369062
miniFE.c 25 Ap 1969.9608112905186772
miniFE.c 57 sum 19415.3407160156202735
miniFE.c 57 sum 22632.7401604128353938
miniFE.c 57 sum 56032.5152313461003359
miniFE.c 57 sum 99259.5393036337918602
miniFE.c 57 sum 135451.0353199669625610
miniFE.c 57 sum 142288.9912464156514034
miniFE.c 57 sum 149301.5518863445322495
miniFE.c 57 sum 218052.1274993053812068
miniFE.c 90 p_ap_dot 218052.1274993053812068
miniFE.c 91 alpha 0.0173842374606450
miniFE.c 40 y 1.1414960338202864
miniFE.c 40 y 1.9313664198033709
miniFE.c 40 y 1.1455593598435589
miniFE.c 40 y 2.0101427827885119
miniFE.c 40 y 0.8335448106908265
miniFE.c 40 y 1.9345406011869213
miniFE.c 40 y 0.9372372518070661
miniFE.c 40 y 2.0058092046217038
miniFE.c 40 y -6.2853818362955991
miniFE.c 40 y 3.3963126984948682
miniFE.c 40 y -5.7456023706638284
miniFE.c 40 y -2.2035735166836687
miniFE.c 40 y 8.5114552256647755
miniFE.c 40 y 1.4792892180922141
miniFE.c 40 y 5.2650725407779877
miniFE.c 40 y -1.6274760254008385
miniFE.c 82 oldrtrans 3790.6699632467680203
miniFE.c 48 sum 39.5060248280346400
miniFE.c 48 sum 51.0409647739921297
miniFE.c 48 sum 84.0529113757699378
miniFE.c 48 sum 88.9086476191995700
miniFE.c 48 sum 161.3535176776957769
miniFE.c 48 sum 163.5418142684596603
miniFE.c 48 sum 191.2628031281140295
miniFE.c 48 sum 193.9114813413685283
miniFE.c 83 rtrans 193.9114813413685283
miniFE.c 84 beta 0.0511549365208466
miniFE.c 40 y -7.3287114465838936
miniFE.c 40 y 3.9699825667461748
miniFE.c 40 y -7.0614257391236386
miniFE.c 40 y -0.7937739492455818
miniFE.c 40 y 7.4680364439569837
miniFE.c 40 y 2.1564567198806248
miniFE.c 40 y 4.8519913735189162
miniFE.c 40 y 0.1578038193026421
miniFE.c 87 normr 13.9252102799695106
miniFE.c 25 Ap -491.7177691822269026
miniFE.c 25 Ap -431.8204587073156517
miniFE.c 25 Ap -497.6273892538912378
miniFE.c 25 Ap -508.5151816909787499
miniFE.c 25 Ap -403.4891232846696880
miniFE.c 25 Ap -368.8641916075784479
miniFE.c 25 Ap -344.6199940079650332
miniFE.c 25 Ap -343.6087771922331058
miniFE.c 25 Ap -110.5723003859068285
miniFE.c 25 Ap 153.1798037081563848
miniFE.c 25 Ap 51.5519763134611537
miniFE.c 25 Ap 46.8180545345671675
miniFE.c 25 Ap 128.4706524785796660
miniFE.c 25 Ap 149.2853463563549496
miniFE.c 25 Ap 204.5854813568131760
miniFE.c 25 Ap 205.6828336514694513
miniFE.c 25 Ap -68.2978229862534221
miniFE.c 25 Ap -11.1619529851194770
miniFE.c 25 Ap -489.0375139828891520
miniFE.c 25 Ap -496.6674080934787980
miniFE.c 25 Ap -371.2179876613295164
miniFE.c 25 Ap -336.3358122621236816
miniFE.c 25 Ap -278.3451024853080185
miniFE.c 25 Ap -276.3960406864517836
miniFE.c 25 Ap -100.5241972699535182
miniFE.c 25 Ap -76.8479517186716237
miniFE.c 25 Ap -144.7236116726323871
miniFE.c 25 Ap -196.6377853067466503
miniFE.c 25 Ap -169.2441912102307242
miniFE.c 25 Ap -145.3379492238732951
miniFE.c 25 Ap -139.0292299243086802
miniFE.c 25 Ap -138.2842336748739740
miniFE.c 25 Ap -103.0666738450023843
miniFE.c 25 Ap -59.6604327534007410
miniFE.c 25 Ap -178.2795333758326706
miniFE.c 25 Ap -181.1911851243477827
miniFE.c 25 Ap 315.8907303113484772
miniFE.c 25 Ap 325.5715109134335989
miniFE.c 25 Ap 393.7548960084279202
miniFE.c 25 Ap 394.3544460556495892
miniFE.c 25 Ap -117.6727224709296280
miniFE.c 25 Ap -79.3533947213327906
miniFE.c 25 Ap -193.5768284354176387
miniFE.c 25 Ap -202.3765191216197366
miniFE.c 25 Ap -168.8509576411529451
miniFE.c 25 Ap -25.5257924244126286
miniFE.c 25 Ap 11.4087255367516320
miniFE.c 25 Ap 11.9493827251980900
miniFE.c 25 Ap -36.6197535781409655
miniFE.c 25 Ap 8.6277654279175593
miniFE.c 25 Ap -75.7699713205438172
miniFE.c 25 Ap -76.8020624038932453
miniFE.c 25 Ap 28.1437146106433005
miniFE.c 25 Ap 44.5591785555306643
miniFE.c 25 Ap 363.1321985563102999
miniFE.c 25 Ap 363.5542538658528997
miniFE.c 25 Ap -46.9628446585307273
miniFE.c 25 Ap -19.3559749476693668
miniFE.c 25 Ap -106.5728446939610734
miniFE.c 25 Ap -110.3202737340200486
miniFE.c 25 Ap -81.9466790871094020
miniFE.c 25 Ap -74.5583672431411912
miniFE.c 25 Ap -61.5814397511565588
miniFE.c 25 Ap -51.3443619806680829
miniFE.c 57 sum 2518.2095785554133727
miniFE.c 57 sum 3334.7668424307003079
miniFE.c 57 sum 5286.5169583258757484
miniFE.c 57 sum 5396.2833806083790478
miniFE.c 57 sum 8341.3367555884397007
miniFE.c 57 sum 8367.1050822646193410
miniFE.c 57 sum 10131.0671858278437867
miniFE.c 57 sum 10122.9648494076373026
miniFE.c 90 p_ap_dot 10122.9648494076373026
miniFE.c 91 alpha 0.0191556015679256
miniFE.c 40 y 1.0011101573432297
miniFE.c 40 y 2.0074138240835713
miniFE.c 40 y 1.0102935018834120
miniFE.c 40 y 1.9949375652817647
miniFE.c 40 y 0.9765995413060143
miniFE.c 40 y 1.9758488269114303
miniFE.c 40 y 1.0301800653692064
miniFE.c 40 y 2.0088320317101620
miniFE.c 40 y 0.2966509948409346
miniFE.c 40 y -0.5436657122945978
miniFE.c 40 y -0.4510699403220082
miniFE.c 40 y 0.4453441667181353
miniFE.c 40 y 0.9573585804827482
miniFE.c 40 y 1.2503916036256668
miniFE.c 40 y -1.6990278946007606
miniFE.c 40 y -0.6439438845398141
miniFE.c 82 oldrtrans 193.9114813413685283
miniFE.c 48 sum 0.0880018127401162
miniFE.c 48 sum 0.3835742194649086
miniFE.c 48 sum 0.5870383105270086
miniFE.c 48 sum 0.7853697373568789
miniFE.c 48 sum 1.7019051889808217
miniFE.c 48 sum 3.2653843513983882
miniFE.c 48 sum 6.1520801380298815
miniFE.c 48 sum 6.5667438644661074
miniFE.c 83 rtrans 6.5667438644661074
miniFE.c 84 beta 0.0338646469979041
miniFE.c 40 y 0.0484667687528721
miniFE.c 40 y -0.4092236540839055
miniFE.c 40 y -0.6902026302793440
miniFE.c 40 y 0.4184632921308014
miniFE.c 40 y 1.2102609984248343
miniFE.c 40 y 1.3234192492106822
miniFE.c 40 y -1.5347169194996668
miniFE.c 40 y -0.6385999139042091
miniFE.c 87 normr 2.5625658751466482
miniFE.c 25 Ap 3.2518637941110189
miniFE.c 25 Ap -2.9223185480626093
miniFE.c 25 Ap -9.3544638727960656
miniFE.c 25 Ap -3.6146163109168494
miniFE.c 25 Ap 13.4057803169409464
miniFE.c 25 Ap 34.6551291499673439
miniFE.c 25 Ap 26.9865293130235457
miniFE.c 25 Ap 22.8943408329307978
miniFE.c 25 Ap 0.7312447968973962
miniFE.c 25 Ap -26.4561793277768551
miniFE.c 25 Ap -36.3895548766782682
miniFE.c 25 Ap -33.8939167996559192
miniFE.c 25 Ap -20.6613950446681685
miniFE.c 25 Ap -7.8874004217663742
miniFE.c 25 Ap -25.3791983872410754
miniFE.c 25 Ap -29.8199596057393848
miniFE.c 25 Ap 0.4516721414297599
miniFE.c 25 Ap -5.4378624114361855
miniFE.c 25 Ap -52.1466973311972453
miniFE.c 25 Ap -48.1243549361598610
miniFE.c 25 Ap -27.7941728376397812
miniFE.c 25 Ap -6.3869533223750423
miniFE.c 25 Ap -24.7297978612198897
miniFE.c 25 Ap -32.6172539598361411
miniFE.c 25 Ap 0.6647939489310832
miniFE.c 25 Ap -1.7757406268729776
miniFE.c 25 Ap -8.4100890945783320
miniFE.c 25 Ap 18.9581257830056202
miniFE.c 25 Ap 23.3974986744597366
miniFE.c 25 Ap 38.0687788950919455
miniFE.c 25 Ap 36.0732893107001331
miniFE.c 25 Ap 33.0584412363607711
miniFE.c 25 Ap 0.6816080403468296
miniFE.c 25 Ap -3.7926837961815005
miniFE.c 25 Ap -15.3868318160873692
miniFE.c 25 Ap -13.8518615926628712
miniFE.c 25 Ap 66.7046353913521131
miniFE.c 25 Ap 72.6457383488434516
miniFE.c 25 Ap 51.0788832828672668
miniFE.c 25 Ap 48.6526263631742779
miniFE.c 25 Ap 0.7782018258036163
miniFE.c 25 Ap -3.1717337369062255
miniFE.c 25 Ap -14.3362375214895081
miniFE.c 25 Ap -9.6971994958895777
miniFE.c 25 Ap -4.2640873499338223
miniFE.c 25 Ap 83.6946835335530324
miniFE.c 25 Ap 72.0120515449778082
miniFE.c 25 Ap 69.8241220289536102
miniFE.c 25 Ap 0.2421764236994514
miniFE.c 25 Ap -4.4219133435929940
miniFE.c 25 Ap -12.6711737685338974
miniFE.c 25 Ap -12.1270739868167894
miniFE.c 25 Ap 4.8803123353079414
miniFE.c 25 Ap 14.9544959575002157
miniFE.c 25 Ap -85.8122544863928027
miniFE.c 25 Ap -87.5202263563246987
miniFE.c 25 Ap 0.3105781075748362
miniFE.c 25 Ap -2.5351230790065427
miniFE.c 25 Ap -11.0599331000338683
miniFE.c 25 Ap -9.0843561809121756
miniFE.c 25 Ap -4.4861655796787625
miniFE.c 25 Ap 0.0480474297156785
miniFE.c 25 Ap -4.0566404503505922
miniFE.c 25 Ap -45.4840090131289472
miniFE.c 57 sum 1.1096147228990954
miniFE.c 57 sum 13.3126475573942251
miniFE.c 57 sum 35.8251620329624814
miniFE.c 57 sum 49.6589061854426461
miniFE.c 57 sum 108.5412823437283691
miniFE.c 57 sum 200.9478694960812106
miniFE.c 57 sum 335.2666416835734253
miniFE.c 57 sum 364.3127259233758650
miniFE.c 90 p_ap_dot 364.3127259233758650
miniFE.c 91 alpha 0.0180250191585327
miniFE.c 40 y 1.0019837717785525
miniFE.c 40 y 2.0000375598785842
miniFE.c 40 y 0.9978525862493572
miniFE.c 40 y 2.0024803741395649
miniFE.c 40 y 0.9984145189894469
miniFE.c 40 y 1.9997034842332237
miniFE.c 40 y 1.0025167634923007
miniFE.c 40 y 1.9973212560274014
miniFE.c 40 y -0.1160199372946196
miniFE.c 40 y -0.0061603690944754
miniFE.c 40 y 0.1368566872027634
miniFE.c 40 y -0.1505348699184937
miniFE.c 40 y 0.0803940581736008
miniFE.c 40 y -0.0081895336739444
miniFE.c 40 y -0.1214741377688930
miniFE.c 40 y 0.1759062493287074
miniFE.c 82 oldrtrans 6.5667438644661074
miniFE.c 48 sum 0.0134606258498475
miniFE.c 48 sum 0.0134985759972276
miniFE.c 48 sum 0.0322283288293427
miniFE.c 48 sum 0.0548890758907205
miniFE.c 48 sum 0.0613522804803408
miniFE.c 48 sum 0.0614193489421375
miniFE.c 48 sum 0.0761753150888335
miniFE.c 48 sum 0.1071183236417268
miniFE.c 83 rtrans 0.1071183236417268
miniFE.c 84 beta 0.0163122433054477
miniFE.c 40 y -0.1152293355704938
miniFE.c 40 y -0.0128357249062364
miniFE.c 40 y 0.1255979339675868
miniFE.c 40 y -0.1437087948828575
miniFE.c 40 y 0.1001361300430007
miniFE.c 40 y 0.0133984031142932
miniFE.c 40 y -0.1465088135647588
miniFE.c 40 y 0.1654892521582640
miniFE.c 87 normr 0.3272893576664643
miniFE.c 25 Ap -7.7312788535949704
miniFE.c 25 Ap -7.9249384949040573
miniFE.c 25 Ap -6.7544645959001803
miniFE.c 25 Ap -8.7256448438229466
miniFE.c 25 Ap -7.3173893912149097
miniFE.c 25 Ap -7.1022592714505732
miniFE.c 25 Ap -7.8343274786479089
miniFE.c 25 Ap -6.7738619249948675
miniFE.c 25 Ap -1.7385283618866045
miniFE.c 25 Ap -2.5912901548350202
miniFE.c 25 Ap -0.7836884571115295
miniFE.c 25 Ap -1.6407412673746329
miniFE.c 25 Ap -0.5458918745751800
miniFE.c 25 Ap -0.4165669237407940
miniFE.c 25 Ap -2.0863879405519112
miniFE.c 25 Ap -0.9355918989900551
miniFE.c 25 Ap -1.0738467220299086
miniFE.c 25 Ap -1.2585780898087155
miniFE.c 25 Ap 7.2411477973278142
miniFE.c 25 Ap 5.8597937118746835
miniFE.c 25 Ap 7.5418984488404170
miniFE.c 25 Ap 7.7586268641122578
miniFE.c 25 Ap 6.0075623149150754
miniFE.c 25 Ap 8.0515482014946613
miniFE.c 25 Ap -1.5805420290593233
miniFE.c 25 Ap -1.6570919306267344
miniFE.c 25 Ap -0.4498226096918454
miniFE.c 25 Ap -9.8486235370699724
miniFE.c 25 Ap -9.4813129968256806
miniFE.c 25 Ap -9.3327797737249689
miniFE.c 25 Ap -9.5232753679127153
miniFE.c 25 Ap -8.7419959747744915
miniFE.c 25 Ap -1.6205173901554388
miniFE.c 25 Ap -1.7608582003475142
miniFE.c 25 Ap 0.3489585020681234
miniFE.c 25 Ap -0.1781814529472246
miniFE.c 25 Ap 6.4870055342387563
miniFE.c 25 Ap 6.5471537392882633
miniFE.c 25 Ap 4.4883151952593208
miniFE.c 25 Ap 5.1170647995757950
miniFE.c 25 Ap -1.8501683036540775
miniFE.c 25 Ap -1.9740621347518961
miniFE.c 25 Ap 0.0575711097482585
miniFE.c 25 Ap -1.5355687823556623
miniFE.c 25 Ap -1.0860369664137133
miniFE.c 25 Ap -0.1955352826596061
miniFE.c 25 Ap -1.3107953871209919
miniFE.c 25 Ap -0.7438068681777382
miniFE.c 25 Ap -0.5757724129705363
miniFE.c 25 Ap -0.7220664323741239
miniFE.c 25 Ap 0.7790725385304360
miniFE.c 25 Ap 0.5922176210335136
miniFE.c 25 Ap 1.9993966102435876
miniFE.c 25 Ap 2.1013884569679315
miniFE.c 25 Ap -7.5181165258297096
miniFE.c 25 Ap -7.0755060880450600
miniFE.c 25 Ap -0.7383968417838656
miniFE.c 25 Ap -0.8276552148807926
miniFE.c 25 Ap 0.7236262192016468
miniFE.c 25 Ap 0.0451729747134200
miniFE.c 25 Ap 0.4256239787587342
miniFE.c 25 Ap 0.4715287166127230
miniFE.c 25 Ap 0.0796825437314025
miniFE.c 25 Ap 10.8153310978076913
miniFE.c 57 sum 0.7805476088634250
miniFE.c 57 sum 0.7925566091033647
miniFE.c 57 sum 1.8038144284515336
miniFE.c 57 sum 3.0601161348571670
miniFE.c 57 sum 3.5725192010659503
miniFE.c 57 sum 3.5625533768069251
miniFE.c 57 sum 4.5991773791366342
miniFE.c 57 sum 6.3889984343568447
miniFE.c 90 p_ap_dot 6.3889984343568447
miniFE.c 91 alpha 0.0167660588341512
miniFE.c 40 y 1.0000518299589574
miniFE.c 40 y 1.9998223553596273
miniFE.c 40 y 0.9999583685997057
miniFE.c 40 y 2.0000709440295741
miniFE.c 40 y 1.0000934072371721
miniFE.c 40 y 1.9999281226481216
miniFE.c 40 y 1.0000603881043522
miniFE.c 40 y 2.0000958585655066
miniFE.c 40 y -0.0024489697257389
miniFE.c 40 y 0.0095258197287472
miniFE.c 40 y 0.0018639563504996
miniFE.c 40 y -0.0039660510775116
miniFE.c 40 y -0.0053989513142512
miniFE.c 40 y 0.0042811760391693
miniFE.c 40 y -0.0028457864153345
miniFE.c 40 y -0.0054242281679616
miniFE.c 82 oldrtrans 0.1071183236417268
miniFE.c 48 sum 0.0000059974527176
miniFE.c 48 sum 0.0000967386942222
miniFE.c 48 sum 0.0001002130274987
miniFE.c 48 sum 0.0001159425886482
miniFE.c 48 sum 0.0001450912639418
miniFE.c 48 sum 0.0001634197322202
miniFE.c 48 sum 0.0001715182325419
miniFE.c 48 sum 0.0002009404837600
miniFE.c 83 rtrans 0.0002009404837600
miniFE.c 84 beta 0.0018758740515028
miniFE.c 40 y -0.0026651254463075
miniFE.c 40 y 0.0095017415254633
miniFE.c 40 y 0.0020995622557518
miniFE.c 40 y -0.0042356306768050
miniFE.c 40 y -0.0052111085462856
miniFE.c 40 y 0.0043063097559030
miniFE.c 40 y -0.0031206184970171
miniFE.c 40 y -0.0051137911740353
miniFE.c 87 normr 0.0141753477474097
miniFE.c 25 Ap -0.1788158189336190
miniFE.c 25 Ap -0.0354578185811150
miniFE.c 25 Ap -0.0158915507130039
miniFE.c 25 Ap -0.0739895365350935
miniFE.c 25 Ap -0.1472754925760115
miniFE.c 25 Ap -0.0781316606113303
miniFE.c 25 Ap -0.0937246173275374
miniFE.c 25 Ap -0.1264941133395995
miniFE.c 25 Ap -0.0402102134274360
miniFE.c 25 Ap 0.5910530925857447
miniFE.c 25 Ap 0.6212699295836563
miniFE.c 25 Ap 0.5960094075832356
miniFE.c 25 Ap 0.5390331790704822
miniFE.c 25 Ap 0.5805988263128532
miniFE.c 25 Ap 0.5450318578487657
miniFE.c 25 Ap 0.5094710551760593
miniFE.c 25 Ap -0.0248368717058592
miniFE.c 25 Ap 0.1119119072763631
miniFE.c 25 Ap 0.2539978723327107
miniFE.c 25 Ap 0.2132842490318922
miniFE.c 25 Ap 0.1257471096718488
miniFE.c 25 Ap 0.1954046413273117
miniFE.c 25 Ap 0.1581071962880733
miniFE.c 25 Ap 0.0949458921530637
miniFE.c 25 Ap -0.0365561665330217
miniFE.c 25 Ap 0.0201104716044008
miniFE.c 25 Ap 0.0402918314300815
miniFE.c 25 Ap -0.2367256577614255
miniFE.c 25 Ap -0.2558405875533582
miniFE.c 25 Ap -0.2081013112934905
miniFE.c 25 Ap -0.2121588424437225
miniFE.c 25 Ap -0.2363011937624960
miniFE.c 25 Ap -0.0374807518528547
miniFE.c 25 Ap 0.0664075843073663
miniFE.c 25 Ap 0.1016764090006904
miniFE.c 25 Ap 0.0861396412875337
miniFE.c 25 Ap -0.2607183095500027
miniFE.c 25 Ap -0.2413863936496346
miniFE.c 25 Ap -0.2852393843779267
miniFE.c 25 Ap -0.3046684055095036
miniFE.c 25 Ap -0.0427923202160910
miniFE.c 25 Ap 0.0489210164509267
miniFE.c 25 Ap 0.0828828846356679
miniFE.c 25 Ap 0.0359271488719817
miniFE.c 25 Ap 0.0125334039082366
miniFE.c 25 Ap 0.2987448319184529
miniFE.c 25 Ap 0.2749899380913381
miniFE.c 25 Ap 0.2574693991672847
miniFE.c 25 Ap -0.0133169709040877
miniFE.c 25 Ap 0.0949782729756432
miniFE.c 25 Ap 0.1200721150826529
miniFE.c 25 Ap 0.1145648083008586
miniFE.c 25 Ap 0.0413348716768132
miniFE.c 25 Ap 0.0741155307467786
miniFE.c 25 Ap -0.1307786626540685
miniFE.c 25 Ap -0.1444557886351228
miniFE.c 25 Ap -0.0170782917628413
miniFE.c 25 Ap 0.0489958876345611
miniFE.c 25 Ap 0.0749279379809346
miniFE.c 25 Ap 0.0549314069580790
miniFE.c 25 Ap 0.0351326442360515
miniFE.c 25 Ap 0.0498866428115923
miniFE.c 25 Ap 0.0415403707660658
miniFE.c 25 Ap -0.2902024107583636
miniFE.c 57 sum 0.0003371226802695
miniFE.c 57 sum 0.0051779849612574
miniFE.c 57 sum 0.0053773297727607
miniFE.c 57 sum 0.0063782143580268
miniFE.c 57 sum 0.0079658744897605
miniFE.c 57 sum 0.0090746174752411
miniFE.c 57 sum 0.0095254088812571
miniFE.c 57 sum 0.0110094434080769
miniFE.c 90 p_ap_dot 0.0110094434080769
miniFE.c 91 alpha 0.0182516478183245
miniFE.c 40 y 1.0000031870279198
miniFE.c 40 y 1.9999957777996107
miniFE.c 40 y 0.9999966890705703
miniFE.c 40 y 1.9999936367901725
miniFE.c 40 y 0.9999982959192423
miniFE.c 40 y 2.0000067198971831
miniFE.c 40 y 1.0000034316745692
miniFE.c 40 y 2.0000025234499819
miniFE.c 40 y -0.0001402437179733
miniFE.c 40 y 0.0002271334560436
miniFE.c 40 y 0.0001310373651253
miniFE.c 40 y 0.0003468350900912
miniFE.c 40 y 0.0001617491244788
miniFE.c 40 y -0.0004180647584275
miniFE.c 40 y -0.0002092302358479
miniFE.c 40 y -0.0001275559707712
