filename line variable value
miniFE.c 167 A 67.0986162500000063
miniFE.c 167 A 15.0875500000000002
miniFE.c 167 A 9.3192129999999995
miniFE.c 167 A 13.7164900000000003
miniFE.c 167 A 14.0634099999999993
miniFE.c 167 A 16.0564000000000000
miniFE.c 167 A 4.9967519999999999
miniFE.c 167 A 6.4080630000000003
miniFE.c 167 A 15.0875500000000002
miniFE.c 167 A 66.4365899999999954
miniFE.c 167 A 14.3919700000000006
miniFE.c 167 A 5.9638159999999996
miniFE.c 167 A 10.9336099999999998
miniFE.c 167 A 9.6522659999999991
miniFE.c 167 A 11.3974100000000007
miniFE.c 167 A 6.9539020000000002
miniFE.c 167 A 9.3192129999999995
miniFE.c 167 A 14.3919700000000006
miniFE.c 167 A 67.6740900000000067
miniFE.c 167 A 9.6121750000000006
miniFE.c 167 A 16.7981799999999986
miniFE.c 167 A 16.1756899999999995
miniFE.c 167 A 11.9519400000000005
miniFE.c 167 A 12.3511699999999998
miniFE.c 167 A 13.7164900000000003
miniFE.c 167 A 5.9638159999999996
miniFE.c 167 A 9.6121750000000006
miniFE.c 167 A 65.4017099999999942
miniFE.c 167 A 3.6681119999999998
miniFE.c 167 A 11.0858899999999991
miniFE.c 167 A 1.3002330000000000
miniFE.c 167 A 4.7210279999999996
miniFE.c 167 A 14.0634099999999993
miniFE.c 167 A 10.9336099999999998
miniFE.c 167 A 16.7981799999999986
miniFE.c 167 A 3.6681119999999998
miniFE.c 167 A 66.5612600000000043
miniFE.c 167 A 4.4892070000000004
miniFE.c 167 A 14.0526599999999995
miniFE.c 167 A 3.7993380000000001
miniFE.c 167 A 16.0564000000000000
miniFE.c 167 A 9.6522659999999991
miniFE.c 167 A 16.1756899999999995
miniFE.c 167 A 11.0858899999999991
miniFE.c 167 A 4.4892070000000004
miniFE.c 167 A 66.4632699999999943
miniFE.c 167 A 7.6122389999999998
miniFE.c 167 A 3.4261349999999999
miniFE.c 167 A 4.9967519999999999
miniFE.c 167 A 11.3974100000000007
miniFE.c 167 A 11.9519400000000005
miniFE.c 167 A 1.3002330000000000
miniFE.c 167 A 14.0526599999999995
miniFE.c 167 A 7.6122389999999998
miniFE.c 167 A 65.6581999999999937
miniFE.c 167 A 2.6745570000000001
miniFE.c 167 A 6.4080630000000003
miniFE.c 167 A 6.9539020000000002
miniFE.c 167 A 12.3511699999999998
miniFE.c 167 A 4.7210279999999996
miniFE.c 167 A 3.7993380000000001
miniFE.c 167 A 3.4261349999999999
miniFE.c 167 A 2.6745570000000001
miniFE.c 167 A 64.8721800000000002
miniFE.c 175 b 198.0110999999999990
miniFE.c 175 b 229.8237000000000023
miniFE.c 175 b 210.8053999999999917
miniFE.c 175 b 202.6418999999999926
miniFE.c 175 b 157.2561000000000035
miniFE.c 175 b 225.5886000000000138
miniFE.c 175 b 142.6283999999999992
miniFE.c 175 b 185.1795999999999935
miniFE.c 33 r 0.0000000000000000
miniFE.c 33 r 0.0000000000000000
miniFE.c 33 r 0.0000000000000000
miniFE.c 33 r 0.0000000000000000
miniFE.c 33 r 0.0000000000000000
miniFE.c 33 r 0.0000000000000000
miniFE.c 33 r 0.0000000000000000
miniFE.c 33 r 0.0000000000000000
miniFE.c 25 Ap 0.0000000000000000
miniFE.c 25 Ap 0.0000000000000000
miniFE.c 25 Ap 0.0000000000000000
miniFE.c 25 Ap 0.0000000000000000
miniFE.c 25 Ap 0.0000000000000000
miniFE.c 25 Ap 0.0000000000000000
miniFE.c 25 Ap 0.0000000000000000
miniFE.c 25 Ap 0.0000000000000000
miniFE.c 25 Ap 0.0000000000000000
miniFE.c 25 Ap 0.0000000000000000
miniFE.c 25 Ap 0.0000000000000000
miniFE.c 25 Ap 0.0000000000000000
miniFE.c 25 Ap 0.0000000000000000
miniFE.c 25 Ap 0.0000000000000000
miniFE.c 25 Ap 0.0000000000000000
miniFE.c 25 Ap 0.0000000000000000
miniFE.c 25 Ap 0.0000000000000000
miniFE.c 25 Ap 0.0000000000000000
miniFE.c 25 Ap 0.0000000000000000
miniFE.c 25 Ap 0.0000000000000000
miniFE.c 25 Ap 0.0000000000000000
miniFE.c 25 Ap 0.0000000000000000
miniFE.c 25 Ap 0.0000000000000000
miniFE.c 25 Ap 0.0000000000000000
miniFE.c 25 Ap 0.0000000000000000
miniFE.c 25 Ap 0.0000000000000000
miniFE.c 25 Ap 0.0000000000000000
miniFE.c 25 Ap 0.0000000000000000
miniFE.c 25 Ap 0.0000000000000000
miniFE.c 25 Ap 0.0000000000000000
miniFE.c 25 Ap 0.0000000000000000
miniFE.c 25 Ap 0.0000000000000000
miniFE.c 25 Ap 0.0000000000000000
miniFE.c 25 Ap 0.0000000000000000
miniFE.c 25 Ap 0.0000000000000000
miniFE.c 25 Ap 0.0000000000000000
miniFE.c 25 Ap 0.0000000000000000
miniFE.c 25 Ap 0.0000000000000000
miniFE.c 25 Ap 0.0000000000000000
miniFE.c 25 Ap 0.0000000000000000
miniFE.c 25 Ap 0.0000000000000000
miniFE.c 25 Ap 0.0000000000000000
miniFE.c 25 Ap 0.0000000000000000
miniFE.c 25 Ap 0.0000000000000000
miniFE.c 25 Ap 0.0000000000000000
miniFE.c 25 Ap 0.0000000000000000
miniFE.c 25 Ap 0.0000000000000000
miniFE.c 25 Ap 0.0000000000000000
miniFE.c 25 Ap 0.0000000000000000
miniFE.c 25 Ap 0.0000000000000000
miniFE.c 25 Ap 0.0000000000000000
miniFE.c 25 Ap 0.0000000000000000
miniFE.c 25 Ap 0.0000000000000000
miniFE.c 25 Ap 0.0000000000000000
miniFE.c 25 Ap 0.0000000000000000
miniFE.c 25 Ap 0.0000000000000000
miniFE.c 25 Ap 0.0000000000000000
miniFE.c 25 Ap 0.0000000000000000
miniFE.c 25 Ap 0.0000000000000000
miniFE.c 25 Ap 0.0000000000000000
miniFE.c 25 Ap 0.0000000000000000
miniFE.c 25 Ap 0.0000000000000000
miniFE.c 25 Ap 0.0000000000000000
miniFE.c 25 Ap 0.0000000000000000
miniFE.c 33 r 198.0110999999999990
miniFE.c 33 r 229.8237000000000023
miniFE.c 33 r 210.8053999999999917
miniFE.c 33 r 202.6418999999999926
miniFE.c 33 r 157.2561000000000035
miniFE.c 33 r 225.5886000000000138
miniFE.c 33 r 142.6283999999999992
miniFE.c 33 r 185.1795999999999935
miniFE.c 48 sum 39208.3957232100001420
miniFE.c 48 sum 92027.3288048999966122
miniFE.c 48 sum 136466.2454740600078367
miniFE.c 48 sum 177529.9851096700003836
miniFE.c 48 sum 202259.4660968800017145
miniFE.c 48 sum 253149.6825468399911188
miniFE.c 48 sum 273492.5430333999684080
miniFE.c 48 sum 307784.0272895599482581
miniFE.c 75 rtrans 307784.0272895599482581
miniFE.c 76 normr 554.7828649927464539
miniFE.c 33 r 198.0110999999999990
miniFE.c 33 r 229.8237000000000023
miniFE.c 33 r 210.8053999999999917
miniFE.c 33 r 202.6418999999999926
miniFE.c 33 r 157.2561000000000035
miniFE.c 33 r 225.5886000000000138
miniFE.c 33 r 142.6283999999999992
miniFE.c 33 r 185.1795999999999935
miniFE.c 87 normr 554.7828649927464539
miniFE.c 25 Ap 13286.2708121403757104
miniFE.c 25 Ap 16753.7473770753749704
miniFE.c 25 Ap 18718.2878012255750946
miniFE.c 25 Ap 21497.8233961565747450
miniFE.c 25 Ap 23709.3804054575739428
miniFE.c 25 Ap 27331.5212024975735403
miniFE.c 25 Ap 28044.1999454543729371
miniFE.c 25 Ap 29230.8424885691711097
miniFE.c 25 Ap 2987.5023718050001662
miniFE.c 25 Ap 18256.2053009880000900
miniFE.c 25 Ap 21290.1102936259994749
miniFE.c 25 Ap 22498.6292991164009436
miniFE.c 25 Ap 24218.0061666374022025
miniFE.c 25 Ap 26395.4473404050004319
miniFE.c 25 Ap 28021.0416928490012651
miniFE.c 25 Ap 29308.7624836482027604
miniFE.c 25 Ap 1845.3076172643000064
miniFE.c 25 Ap 5152.9234129532997031
miniFE.c 25 Ap 19418.9870250392996240
miniFE.c 25 Ap 21366.8164301717988565
miniFE.c 25 Ap 24008.4327040697971825
miniFE.c 25 Ap 27657.4839652037990163
miniFE.c 25 Ap 29362.1700442997971550
miniFE.c 25 Ap 31649.3547644317950471
miniFE.c 25 Ap 2716.0172730389999742
miniFE.c 25 Ap 4086.6435322781999275
miniFE.c 25 Ap 6112.9419280231995799
miniFE.c 25 Ap 19366.0687056721981207
miniFE.c 25 Ap 19942.9016931553996983
miniFE.c 25 Ap 22443.7520980093977414
miniFE.c 25 Ap 22629.2022504265987664
miniFE.c 25 Ap 23503.4403270553993934
miniFE.c 25 Ap 2784.7112838509997346
miniFE.c 25 Ap 5297.5139884079999320
miniFE.c 25 Ap 8838.6610425799990480
miniFE.c 25 Ap 9581.9742276727993158
miniFE.c 25 Ap 20049.1383863587980159
miniFE.c 25 Ap 21061.8523085989982064
miniFE.c 25 Ap 23066.1607201429978886
miniFE.c 25 Ap 23769.7206112477979332
miniFE.c 25 Ap 3179.3454260399998930
miniFE.c 25 Ap 5397.6649115441996400
miniFE.c 25 Ap 8807.5877122702004272
miniFE.c 25 Ap 11054.0535250612010714
miniFE.c 25 Ap 11760.0087099739012046
miniFE.c 25 Ap 26753.3647406958989450
miniFE.c 25 Ap 27839.0862096834971453
miniFE.c 25 Ap 28473.5365185294976982
miniFE.c 25 Ap 989.4123599472000024
miniFE.c 25 Ap 3608.8072965641999872
miniFE.c 25 Ap 6128.3407890401995246
miniFE.c 25 Ap 6391.8224746028990921
miniFE.c 25 Ap 8601.6889808288997301
miniFE.c 25 Ap 10318.9233197042995016
miniFE.c 25 Ap 19683.6473325842962367
miniFE.c 25 Ap 20178.9207280214977800
miniFE.c 25 Ap 1268.8676034993000030
miniFE.c 25 Ap 2867.0390905766998912
miniFE.c 25 Ap 5470.7324228946999938
miniFE.c 25 Ap 6427.4105067679001877
miniFE.c 25 Ap 7024.8795832297000743
miniFE.c 25 Ap 7797.7765812907000509
miniFE.c 25 Ap 8179.2443669095000587
miniFE.c 25 Ap 20192.2487104374995397
miniFE.c 57 sum 5788031.2750883186236024
miniFE.c 57 sum 12523879.5115015394985676
miniFE.c 57 sum 19195734.4023594893515110
miniFE.c 57 sum 23958516.2067706175148487
miniFE.c 57 sum 27696449.7681850641965866
miniFE.c 57 sum 34119755.0084490105509758
miniFE.c 57 sum 36997842.1856135502457619
miniFE.c 57 sum 40737034.7249128818511963
miniFE.c 90 p_ap_dot 40737034.7249128818511963
miniFE.c 91 alpha 0.0075553861337220
miniFE.c 40 y 1.4960503192630479
miniFE.c 40 y 1.7364067961806937
miniFE.c 40 y 1.5927161960737277
miniFE.c 40 y 1.5310378013710879
miniFE.c 40 y 1.1881305573832064
miniFE.c 40 y 1.7044089803657676
miniFE.c 40 y 1.0776126356349605
miniFE.c 40 y 1.3991033820881935
miniFE.c 40 y -22.8392020151485156
miniFE.c 40 y 8.3846823344916857
miniFE.c 40 y -28.3176961284375182
miniFE.c 40 y 25.0643328582022491
miniFE.c 40 y -22.3333175086685571
miniFE.c 40 y 10.4600370098741564
miniFE.c 40 y -9.8311378619698360
miniFE.c 40 y 32.6193640844937818
miniFE.c 82 oldrtrans 307784.0272895599482581
miniFE.c 48 sum 521.6291486887639621
miniFE.c 48 sum 591.9320465391009520
miniFE.c 48 sum 1393.8239605616261088
miniFE.c 48 sum 2022.0447421883829975
miniFE.c 48 sum 2520.8218131313847152
miniFE.c 48 sum 2630.2341873793216109
miniFE.c 48 sum 2726.8854590403784641
miniFE.c 48 sum 3790.9083723171415841
miniFE.c 83 rtrans 3790.9083723171415841
miniFE.c 84 beta 0.0123167807169886
miniFE.c 40 y -20.4003427169188178
miniFE.c 40 y 11.2153704509586554
miniFE.c 40 y -25.7212522426804533
miniFE.c 40 y 27.5602287045761791
miniFE.c 40 y -20.3964286085597273
miniFE.c 40 y 13.2385623283266085
miniFE.c 40 y -8.0744151351549007
miniFE.c 40 y 34.9001806109534414
miniFE.c 87 normr 61.5703530306359497
miniFE.c 25 Ap -1368.8347673310181563
miniFE.c 25 Ap -1199.6223048836568523
miniFE.c 25 Ap -1439.3241331599235764
miniFE.c 25 Ap -1061.2945317358914963
miniFE.c 25 Ap -1348.1378697937964262
miniFE.c 25 Ap -1135.5742176252531408
miniFE.c 25 Ap -1175.9200676006687445
miniFE.c 25 Ap -952.2775115343006291
miniFE.c 25 Ap -307.7911907586484972
miniFE.c 25 Ap 437.3197775898067334
miniFE.c 25 Ap 67.1402869507169271
miniFE.c 25 Ap 231.5044198627276160
miniFE.c 25 Ap 8.4978240638928924
miniFE.c 25 Ap 136.2799491144806439
miniFE.c 25 Ap 44.2525293089148164
miniFE.c 25 Ap 286.9449650597852042
miniFE.c 25 Ap -190.1151390519651443
miniFE.c 25 Ap -28.7038639828816997
miniFE.c 25 Ap -1769.3662031667408883
miniFE.c 25 Ap -1504.4524618183313578
miniFE.c 25 Ap -1847.0753409420672142
miniFE.c 25 Ap -1632.9324606733778182
miniFE.c 25 Ap -1729.4373859038410046
miniFE.c 25 Ap -1298.3793221472510595
miniFE.c 25 Ap -279.8210968731897879
miniFE.c 25 Ap -212.9346911318353364
miniFE.c 25 Ap -460.1718689076222972
miniFE.c 25 Ap 1342.3142163627444461
miniFE.c 25 Ap 1267.4978318265432335
miniFE.c 25 Ap 1414.2590775565158765
miniFE.c 25 Ap 1403.7604565420879226
miniFE.c 25 Ap 1568.5251864114561613
miniFE.c 25 Ap -286.8983837685432832
miniFE.c 25 Ap -164.2738972522372194
miniFE.c 25 Ap -596.3441222501870698
miniFE.c 25 Ap -495.2501166161867445
miniFE.c 25 Ap -1852.8621043019691115
miniFE.c 25 Ap -1793.4314576277090509
miniFE.c 25 Ap -1906.8984682208949835
miniFE.c 25 Ap -1774.3008858188363774
miniFE.c 25 Ap -327.5560627999353187
miniFE.c 25 Ap -219.3023239187424451
miniFE.c 25 Ap -635.3613266081462143
miniFE.c 25 Ap -329.8316628143722369
miniFE.c 25 Ap -421.3954528989188475
miniFE.c 25 Ap 458.4826895404811467
miniFE.c 25 Ap 397.0183117464647466
miniFE.c 25 Ap 516.5910420439737436
miniFE.c 25 Ap -101.9354532714495321
miniFE.c 25 Ap 25.8907220600111572
miniFE.c 25 Ap -281.5281414693710644
miniFE.c 25 Ap -245.6934226201338731
miniFE.c 25 Ap -532.3174990704967513
miniFE.c 25 Ap -431.5423986108781378
miniFE.c 25 Ap -961.6939624379056113
miniFE.c 25 Ap -868.3514400836157847
miniFE.c 25 Ap -130.7266813516069703
miniFE.c 25 Ap -52.7360943419446784
miniFE.c 25 Ap -370.4236534041722280
miniFE.c 25 Ap -240.3110420034643653
miniFE.c 25 Ap -317.8039682802524339
miniFE.c 25 Ap -272.4468665374911325
miniFE.c 25 Ap -294.0423500581256349
miniFE.c 25 Ap 1970.0084485681559272
miniFE.c 57 sum 19426.7875969143460679
miniFE.c 57 sum 22644.9816790972254239
miniFE.c 57 sum 56040.9237307271323516
miniFE.c 57 sum 99269.8365971148450626
miniFE.c 57 sum 135459.2379448230203707
miniFE.c 57 sum 142298.1606531773577444
miniFE.c 57 sum 149309.5906636220461223
miniFE.c 57 sum 218063.2413237548898906
miniFE.c 90 p_ap_dot 218063.2413237548898906
miniFE.c 91 alpha 0.0173844447569632
miniFE.c 40 y 1.1414016882776572
miniFE.c 40 y 1.9313797842142615
miniFE.c 40 y 1.1455665073809347
miniFE.c 40 y 2.0101570747750626
miniFE.c 40 y 0.8335499709983569
miniFE.c 40 y 1.9345540358241751
miniFE.c 40 y 0.9372434117730729
miniFE.c 40 y 2.0058236439273500
miniFE.c 40 y -6.2843862225821248
miniFE.c 40 y 3.3963034411211277
miniFE.c 40 y -5.7460925289853648
miniFE.c 40 y -2.2036065948730439
miniFE.c 40 y 8.5119182230797925
miniFE.c 40 y 1.4793885775186641
miniFE.c 40 y 5.2646697777931823
miniFE.c 40 y -1.6281389603900109
miniFE.c 82 oldrtrans 3790.9083723171415841
miniFE.c 48 sum 39.4935101945800255
miniFE.c 48 sum 51.0283872587512377
miniFE.c 48 sum 84.0459666104126626
miniFE.c 48 sum 88.9018486353806310
miniFE.c 48 sum 161.3546004717784967
miniFE.c 48 sum 163.5431910350712030
miniFE.c 48 sum 191.2599389042801192
miniFE.c 48 sum 193.9107753786199737
miniFE.c 83 rtrans 193.9107753786199737
miniFE.c 84 beta 0.0511515331772830
miniFE.c 40 y -7.3278950298945400
miniFE.c 40 y 3.9699868348388581
miniFE.c 40 y -7.0617740164380978
miniFE.c 40 y -0.7938586419174096
miniFE.c 40 y 7.4686096284109666
miniFE.c 40 y 2.1565613376755910
miniFE.c 40 y 4.8516510641201505
miniFE.c 40 y 0.1570587860243411
miniFE.c 87 normr 13.9251849315770304
miniFE.c 25 Ap -491.6916165311760665
miniFE.c 25 Ap -431.7942416612030456
miniFE.c 25 Ap -497.6044178782551626
miniFE.c 25 Ap -508.4933720015288827
miniFE.c 25 Ap -403.4592526672378199
miniFE.c 25 Ap -368.8326412049834744
miniFE.c 25 Ap -344.5901440470389616
miniFE.c 25 Ap -343.5837014514914927
miniFE.c 25 Ap -110.5599826582853638
miniFE.c 25 Ap 153.1924049933015226
miniFE.c 25 Ap 51.5595652019449062
miniFE.c 25 Ap 46.8251383315395913
miniFE.c 25 Ap 128.4840032508300283
miniFE.c 25 Ap 149.2997069273906448
miniFE.c 25 Ap 204.5959632821042931
miniFE.c 25 Ap 205.6881346883565413
miniFE.c 25 Ap -68.2902146252285860
miniFE.c 25 Ap -11.1542831978327825
miniFE.c 25 Ap -489.0534135459261620
miniFE.c 25 Ap -496.6841217372986534
miniFE.c 25 Ap -371.2250728495181420
miniFE.c 25 Ap -336.3412051852924378
miniFE.c 25 Ap -278.3545627659922275
miniFE.c 25 Ap -276.4147029998119933
miniFE.c 25 Ap -100.5129988985981555
miniFE.c 25 Ap -76.8367278931968229
miniFE.c 25 Ap -144.7157355496527202
miniFE.c 25 Ap -196.6354482293289720
miniFE.c 25 Ap -169.2397516280391585
miniFE.c 25 Ap -145.3323498603147073
miniFE.c 25 Ap -139.0240730422605679
miniFE.c 25 Ap -138.2825941157936427
miniFE.c 25 Ap -103.0551922423691735
miniFE.c 25 Ap -59.6489044851066907
miniFE.c 25 Ap -178.2738555325568086
miniFE.c 25 Ap -181.1858179432777547
miniFE.c 25 Ap 315.9342493718880291
miniFE.c 25 Ap 325.6154996249106830
miniFE.c 25 Ap 393.7941024676293864
miniFE.c 25 Ap 394.3908218816055182
miniFE.c 25 Ap -117.6596137579986987
miniFE.c 25 Ap -79.3402448116359835
miniFE.c 25 Ap -193.5693121515935502
miniFE.c 25 Ap -202.3699417314393543
miniFE.c 25 Ap -168.8418071073094495
miniFE.c 25 Ap -25.5096886498154731
miniFE.c 25 Ap 11.4222387948714328
miniFE.c 25 Ap 11.9603433987269394
miniFE.c 25 Ap -36.6156741464155999
miniFE.c 25 Ap 8.6318935048451522
miniFE.c 25 Ap -75.7700058331820117
miniFE.c 25 Ap -76.8022070367382099
miniFE.c 25 Ap 28.1516247440474388
miniFE.c 25 Ap 44.5678850645937388
miniFE.c 25 Ap 363.1185609628073507
miniFE.c 25 Ap 363.5386236383802725
miniFE.c 25 Ap -46.9576130089510997
miniFE.c 25 Ap -19.3507136181914952
miniFE.c 25 Ap -106.5718849968012307
miniFE.c 25 Ap -110.3197138733352887
miniFE.c 25 Ap -81.9439415049476167
miniFE.c 25 Ap -74.5552712262904578
miniFE.c 25 Ap -61.5792539111904631
miniFE.c 25 Ap -51.3905080736379247
miniFE.c 57 sum 2517.7452982191539377
miniFE.c 57 sum 3334.3244850144910743
miniFE.c 57 sum 5286.3026524200176937
miniFE.c 57 sum 5396.0794847855977423
miniFE.c 57 sum 8341.6305744474702806
miniFE.c 57 sum 8367.4237886064875056
miniFE.c 57 sum 10131.1863388304100226
miniFE.c 57 sum 10123.1150080191910092
miniFE.c 90 p_ap_dot 10123.1150080191910092
miniFE.c 91 alpha 0.0191552476905587
miniFE.c 40 y 1.0010340439296130
miniFE.c 40 y 2.0074258653638570
miniFE.c 40 y 1.0102964769613112
miniFE.c 40 y 1.9949505158578440
miniFE.c 40 y 0.9766130383346607
miniFE.c 40 y 1.9758635024072337
miniFE.c 40 y 1.0301779896144572
miniFE.c 40 y 2.0088321438756247
miniFE.c 40 y 0.2970446811601759
miniFE.c 40 y -0.5437037258433461
miniFE.c 40 y -0.4513004277117405
miniFE.c 40 y 0.4452307467079817
miniFE.c 40 y 0.9572643430546108
miniFE.c 40 y 1.2502852372519107
miniFE.c 40 y -1.6990026030847991
miniFE.c 40 y -0.6437410492958185
miniFE.c 82 oldrtrans 193.9107753786199737
miniFE.c 48 sum 0.0882355426055506
miniFE.c 48 sum 0.3838492841014871
miniFE.c 48 sum 0.5875213601542870
miniFE.c 48 sum 0.7857517779684340
miniFE.c 48 sum 1.7021068004522095
miniFE.c 48 sum 3.2653199749422761
miniFE.c 48 sum 6.1519298202311994
miniFE.c 48 sum 6.5663323587796807
miniFE.c 83 rtrans 6.5663323587796807
miniFE.c 84 beta 0.0338626481481424
miniFE.c 40 y 0.0489027500963357
miniFE.c 40 y -0.4092694585024405
miniFE.c 40 y -0.6904307965320781
miniFE.c 40 y 0.4183485908373703
miniFE.c 40 y 1.2101712430573199
miniFE.c 40 y 1.3233121150395064
miniFE.c 40 y -1.5347128501629379
miniFE.c 40 y -0.6384226228861019
miniFE.c 87 normr 2.5624855821603525
miniFE.c 25 Ap 3.2813068622836825
miniFE.c 25 Ap -2.8935665563448127
miniFE.c 25 Ap -9.3278382109869096
miniFE.c 25 Ap -3.5895639482520281
miniFE.c 25 Ap 13.4295704130727138
miniFE.c 25 Ap 34.6771990569930466
miniFE.c 25 Ap 27.0086195535156861
miniFE.c 25 Ap 22.9175671654363029
miniFE.c 25 Ap 0.7378226872159703
miniFE.c 25 Ap -26.4526445268326782
miniFE.c 25 Ap -36.3893038375984474
miniFE.c 25 Ap -33.8943498179850877
miniFE.c 25 Ap -20.6628094131811437
miniFE.c 25 Ap -7.8898488777972293
miniFE.c 25 Ap -25.3816004633727985
miniFE.c 25 Ap -29.8211288175057092
miniFE.c 25 Ap 0.4557351444335233
miniFE.c 25 Ap -5.4344586242498449
miniFE.c 25 Ap -52.1587344875333869
miniFE.c 25 Ap -48.1374946214011885
miniFE.c 25 Ap -27.8088202497005810
miniFE.c 25 Ap -6.4033337035771893
miniFE.c 25 Ap -24.7461296059536124
miniFE.c 25 Ap -32.6313959530657485
miniFE.c 25 Ap 0.6707740826688883
miniFE.c 25 Ap -1.7700336622593018
miniFE.c 25 Ap -8.4065753039150302
miniFE.c 25 Ap 18.9541379129393164
miniFE.c 25 Ap 23.3931815716527893
miniFE.c 25 Ap 38.0632741146481024
miniFE.c 25 Ap 36.0677898213421955
miniFE.c 25 Ap 33.0537787428634715
miniFE.c 25 Ap 0.6877394247323090
miniFE.c 25 Ap -3.7870532194445592
miniFE.c 25 Ap -15.3850340171337816
miniFE.c 25 Ap -13.8504845309001343
miniFE.c 25 Ap 66.7000382227613358
miniFE.c 25 Ap 72.6406602327814994
miniFE.c 25 Ap 51.0738623518107886
miniFE.c 25 Ap 48.6482790206199525
miniFE.c 25 Ap 0.7852021166468052
miniFE.c 25 Ap -3.1651755624947113
miniFE.c 25 Ap -14.3333700936506805
miniFE.c 25 Ap -9.6956036339725848
miniFE.c 25 Ap -4.2628944184409621
miniFE.c 25 Ap 83.6887559777008079
miniFE.c 25 Ap 72.0061549658893369
miniFE.c 25 Ap 69.8188328728274570
miniFE.c 25 Ap 0.2443549143493658
miniFE.c 25 Ap -4.4202569046809348
miniFE.c 25 Ap -12.6722443589845408
miniFE.c 25 Ap -12.1282937156742943
miniFE.c 25 Ap 4.8778313047875823
miniFE.c 25 Ap 14.9511993960637994
miniFE.c 25 Ap -85.8152838625044012
miniFE.c 25 Ap -87.5227815575027819
miniFE.c 25 Ap 0.3133719034905755
miniFE.c 25 Ap -2.5326478025284627
miniFE.c 25 Ap -11.0602759437315683
miniFE.c 25 Ap -9.0852405326278003
miniFE.c 25 Ap -4.4873909423728886
miniFE.c 25 Ap 0.0464550108879909
miniFE.c 25 Ap -4.0582219855052459
miniFE.c 25 Ap -45.4740892934445711
miniFE.c 57 sum 1.1207320599073209
miniFE.c 57 sum 13.3256093029794034
miniFE.c 57 sum 35.8553300028082162
miniFE.c 57 sum 49.6833317617353742
miniFE.c 57 sum 108.5560800567183577
miniFE.c 57 sum 200.9481874552494673
miniFE.c 57 sum 335.2705249935527831
miniFE.c 57 sum 364.3022123536304662
miniFE.c 90 p_ap_dot 364.3022123536304662
miniFE.c 91 alpha 0.0180244097787847
miniFE.c 40 y 1.0019154871366589
miniFE.c 40 y 2.0000490249338676
miniFE.c 40 y 0.9978518693607243
miniFE.c 40 y 2.0024910022894740
miniFE.c 40 y 0.9984256607220271
miniFE.c 40 y 1.9997154222339362
miniFE.c 40 y 1.0025156963103539
miniFE.c 40 y 1.9973249529086790
miniFE.c 40 y -0.1160309405624695
miniFE.c 40 y -0.0061954799706978
miniFE.c 40 y 0.1368612246000935
miniFE.c 40 y -0.1505441060906728
miniFE.c 40 y 0.0804078269543016
miniFE.c 40 y -0.0081580167244157
miniFE.c 40 y -0.1214561233133080
miniFE.c 40 y 0.1759025704462728
miniFE.c 82 oldrtrans 6.5663323587796807
miniFE.c 48 sum 0.0134631791678113
miniFE.c 48 sum 0.0135015631398787
miniFE.c 48 sum 0.0322325579389159
miniFE.c 48 sum 0.0548960858175557
miniFE.c 48 sum 0.0613615044530686
miniFE.c 48 sum 0.0614280576899444
miniFE.c 48 sum 0.0761796475802419
miniFE.c 48 sum 0.1071213618698479
miniFE.c 83 rtrans 0.1071213618698479
miniFE.c 84 beta 0.0163137282758188
miniFE.c 40 y -0.1152331543854577
miniFE.c 40 y -0.0128721907082981
miniFE.c 40 y 0.1255977241922121
miniFE.c 40 y -0.1437192808551803
miniFE.c 40 y 0.1001502317807486
miniFE.c 40 y 0.0134301375444378
miniFE.c 40 y -0.1464930117322736
miniFE.c 40 y 0.1654875172513734
miniFE.c 87 normr 0.3272939991351015
miniFE.c 25 Ap -7.7319852053868283
miniFE.c 25 Ap -7.9261950263078118
miniFE.c 25 Ap -6.7557230822453347
miniFE.c 25 Ap -8.7270471609026057
miniFE.c 25 Ap -7.3185933897749091
miniFE.c 25 Ap -7.1029537293063978
miniFE.c 25 Ap -7.8349429786656595
miniFE.c 25 Ap -6.7744885424052717
miniFE.c 25 Ap -1.7385859784483118
miniFE.c 25 Ap -2.5937704349373227
miniFE.c 25 Ap -0.7861717562947319
miniFE.c 25 Ap -1.6432871029673497
miniFE.c 25 Ap -0.5482835272670394
miniFE.c 25 Ap -0.4186522672715389
miniFE.c 25 Ap -2.0882931841190713
miniFE.c 25 Ap -0.9375092069297113
miniFE.c 25 Ap -1.0738823103799640
miniFE.c 25 Ap -1.2591384928880691
miniFE.c 25 Ap 7.2405731978908703
miniFE.c 25 Ap 5.8591183194367282
miniFE.c 25 Ap 7.5414599399314630
miniFE.c 25 Ap 7.7587016815076497
miniFE.c 25 Ap 6.0078259948642199
miniFE.c 25 Ap 8.0517904533138651
miniFE.c 25 Ap -1.5805944097965861
miniFE.c 25 Ap -1.6573617866977857
miniFE.c 25 Ap -0.4500944821605093
miniFE.c 25 Ap -9.8495812100595597
miniFE.c 25 Ap -9.4822189430618149
miniFE.c 25 Ap -9.3333339155593080
miniFE.c 25 Ap -9.5238089636829972
miniFE.c 25 Ap -8.7425377610887800
miniFE.c 25 Ap -1.6205710957159889
miniFE.c 25 Ap -1.7613106087661441
miniFE.c 25 Ap 0.3485025698049893
miniFE.c 25 Ap -0.1786758489312676
miniFE.c 25 Ap 6.4874497676874006
miniFE.c 25 Ap 6.5477404351628534
miniFE.c 25 Ap 4.4891239489132024
miniFE.c 25 Ap 5.1178669617320010
miniFE.c 25 Ap -1.8502296200746624
miniFE.c 25 Ap -1.9744754287938842
miniFE.c 25 Ap 0.0571544224448390
miniFE.c 25 Ap -1.5361017159947952
miniFE.c 25 Ap -1.0865065944330363
miniFE.c 25 Ap -0.1938957366799298
miniFE.c 25 Ap -1.3090355538158001
miniFE.c 25 Ap -0.7420529788977659
miniFE.c 25 Ap -0.5757914946418443
miniFE.c 25 Ap -0.7225011297425082
miniFE.c 25 Ap 0.7786353339393594
miniFE.c 25 Ap 0.5917667822351858
miniFE.c 25 Ap 1.9991439383712397
miniFE.c 25 Ap 2.1013773551623736
miniFE.c 25 Ap -7.5170901077575891
miniFE.c 25 Ap -7.0744843100803081
miniFE.c 25 Ap -0.7384213129907390
miniFE.c 25 Ap -0.8279332657015546
miniFE.c 25 Ap 0.7233455774095698
miniFE.c 25 Ap 0.0448428283523999
miniFE.c 25 Ap 0.4253474096658056
miniFE.c 25 Ap 0.4713608739616180
miniFE.c 25 Ap 0.0795569639819836
miniFE.c 25 Ap 10.8150929708661838
miniFE.c 57 sum 0.7806456840895006
miniFE.c 57 sum 0.7927134813918852
miniFE.c 57 sum 1.8040000380006864
miniFE.c 57 sum 3.0604712778736234
miniFE.c 57 sum 3.5730268403141188
miniFE.c 57 sum 3.5630609667422619
miniFE.c 57 sum 4.5994234797786415
miniFE.c 57 sum 6.3891863643700662
miniFE.c 90 p_ap_dot 6.3891863643700662
miniFE.c 91 alpha 0.0167660412078791
miniFE.c 40 y 0.9999834833217184
miniFE.c 40 y 1.9998332092540165
miniFE.c 40 y 0.9999576459801468
miniFE.c 40 y 2.0000813989042894
miniFE.c 40 y 1.0001047836350418
miniFE.c 40 y 1.9999405924734337
miniFE.c 40 y 1.0000595884389842
miniFE.c 40 y 2.0000995234423051
miniFE.c 40 y -0.0024495864981979
miniFE.c 40 y 0.0095228380254518
miniFE.c 40 y 0.0018645740626256
miniFE.c 40 y -0.0039663577268191
miniFE.c 40 y -0.0053985414225402
miniFE.c 40 y 0.0042832740982137
miniFE.c 40 y -0.0028450278460073
miniFE.c 40 y -0.0054237239703134
miniFE.c 82 oldrtrans 0.1071213618698479
miniFE.c 48 sum 0.0000060004740122
miniFE.c 48 sum 0.0000966849180711
miniFE.c 48 sum 0.0001001615545062
miniFE.c 48 sum 0.0001158935481233
miniFE.c 48 sum 0.0001450377976141
miniFE.c 48 sum 0.0001633842346146
miniFE.c 48 sum 0.0001714784180591
miniFE.c 48 sum 0.0002008951997653
miniFE.c 83 rtrans 0.0002008951997653
miniFE.c 84 beta 0.0018753981116238
miniFE.c 40 y -0.0026656945383288
miniFE.c 40 y 0.0094986975433050
miniFE.c 40 y 0.0021001197974000
miniFE.c 40 y -0.0042358885947389
miniFE.c 40 y -0.0052107198669799
miniFE.c 40 y 0.0043084609528033
miniFE.c 40 y -0.0031197605635761
miniFE.c 40 y -0.0051133689929629
miniFE.c 87 normr 0.0141737503775563
miniFE.c 25 Ap -0.1788644148670449
miniFE.c 25 Ap -0.0355523407475536
miniFE.c 25 Ap -0.0159808770300666
miniFE.c 25 Ap -0.0740824005809163
miniFE.c 25 Ap -0.1473628904654002
miniFE.c 25 Ap -0.0781845180228087
miniFE.c 25 Ap -0.0937731878583788
miniFE.c 25 Ap -0.1265399785075315
miniFE.c 25 Ap -0.0402187996317627
miniFE.c 25 Ap 0.5908422745867987
miniFE.c 25 Ap 0.6210671357073849
miniFE.c 25 Ap 0.5958050755318638
miniFE.c 25 Ap 0.5388330966870536
miniFE.c 25 Ap 0.5804195078541249
miniFE.c 25 Ap 0.5448623176092167
miniFE.c 25 Ap 0.5093044507423141
miniFE.c 25 Ap -0.0248421751956227
miniFE.c 25 Ap 0.1118627948866965
miniFE.c 25 Ap 0.2539864910667226
miniFE.c 25 Ap 0.2132703886135885
miniFE.c 25 Ap 0.1257397783584840
miniFE.c 25 Ap 0.1954321071081354
miniFE.c 25 Ap 0.1581449160379073
miniFE.c 25 Ap 0.0949888263330941
miniFE.c 25 Ap -0.0365639724780416
miniFE.c 25 Ap 0.0200845119098815
miniFE.c 25 Ap 0.0402712309234543
miniFE.c 25 Ap -0.2367631265419645
miniFE.c 25 Ap -0.2558766306146719
miniFE.c 25 Ap -0.2081135064225988
miniFE.c 25 Ap -0.2121699220594591
miniFE.c 25 Ap -0.2363102802495687
miniFE.c 25 Ap -0.0374887552272786
miniFE.c 25 Ap 0.0663662992191764
miniFE.c 25 Ap 0.1016444895974643
miniFE.c 25 Ap 0.0861067758124395
miniFE.c 25 Ap -0.2607253040407755
miniFE.c 25 Ap -0.2413837309722241
miniFE.c 25 Ap -0.2852246654535678
miniFE.c 25 Ap -0.3046520825765534
miniFE.c 25 Ap -0.0428014577852225
miniFE.c 25 Ap 0.0488824975563038
miniFE.c 25 Ap 0.0828533843619083
miniFE.c 25 Ap 0.0358947893483786
miniFE.c 25 Ap 0.0125027892464933
miniFE.c 25 Ap 0.2988571928371189
miniFE.c 25 Ap 0.2751088298044027
miniFE.c 25 Ap 0.2575897373296978
miniFE.c 25 Ap -0.0133198145157835
miniFE.c 25 Ap 0.0949407358512563
miniFE.c 25 Ap 0.1200412416625927
miniFE.c 25 Ap 0.1145335995273896
miniFE.c 25 Ap 0.0413091248814757
miniFE.c 25 Ap 0.0741061593763825
miniFE.c 25 Ap -0.1307317036590118
miniFE.c 25 Ap -0.1444077004927236
miniFE.c 25 Ap -0.0170819385403669
miniFE.c 25 Ap 0.0489710733034169
miniFE.c 25 Ap 0.0749100099414692
miniFE.c 25 Ap 0.0549122612808264
miniFE.c 25 Ap 0.0351149752828547
miniFE.c 25 Ap 0.0498763441493875
miniFE.c 25 Ap 0.0415323666957510
miniFE.c 25 Ap -0.2901830270221553
miniFE.c 57 sum 0.0003373169295878
miniFE.c 57 sum 0.0051750458646481
miniFE.c 57 sum 0.0053745337793620
miniFE.c 57 sum 0.0063755178002907
miniFE.c 57 sum 0.0079629744594892
miniFE.c 57 sum 0.0090727897846170
miniFE.c 57 sum 0.0095233072336909
miniFE.c 57 sum 0.0110071201263501
miniFE.c 90 p_ap_dot 0.0110071201263501
miniFE.c 91 alpha 0.0182513861445331
miniFE.c 40 y 0.9999348307013559
miniFE.c 40 y 2.0000065736507495
miniFE.c 40 y 0.9999959760775189
miniFE.c 40 y 2.0000040880658814
miniFE.c 40 y 1.0000096807746586
miniFE.c 40 y 2.0000192278579720
miniFE.c 40 y 1.0000026484842599
miniFE.c 40 y 2.0000061973703152
miniFE.c 40 y -0.0001400564877360
miniFE.c 40 y 0.0002273258298245
miniFE.c 40 y 0.0001308963138043
miniFE.c 40 y 0.0003466324479386
miniFE.c 40 y 0.0001617813763007
miniFE.c 40 y -0.0004180956646595
miniFE.c 40 y -0.0002093871420706
miniFE.c 40 y -0.0001274814915426
