filename line variable value
miniFE.c 167 A 67.0947100000000063
miniFE.c 167 A 15.0875500000000002
miniFE.c 167 A 9.3192129999999995
miniFE.c 167 A 13.7164900000000003
miniFE.c 167 A 14.0634099999999993
miniFE.c 167 A 16.0564000000000000
miniFE.c 167 A 4.9967519999999999
miniFE.c 167 A 6.4080630000000003
miniFE.c 167 A 15.0875500000000002
miniFE.c 167 A 66.4365899999999954
miniFE.c 167 A 14.3919700000000006
miniFE.c 167 A 5.9638159999999996
miniFE.c 167 A 10.9336099999999998
miniFE.c 167 A 9.6522659999999991
miniFE.c 167 A 11.3974100000000007
miniFE.c 167 A 6.9539020000000002
miniFE.c 167 A 9.3192129999999995
miniFE.c 167 A 14.3919700000000006
miniFE.c 167 A 67.6740900000000067
miniFE.c 167 A 9.6121750000000006
miniFE.c 167 A 16.7981799999999986
miniFE.c 167 A 16.1756899999999995
miniFE.c 167 A 11.9519400000000005
miniFE.c 167 A 12.3511699999999998
miniFE.c 167 A 13.7164900000000003
miniFE.c 167 A 5.9638159999999996
miniFE.c 167 A 9.6121750000000006
miniFE.c 167 A 65.4017099999999942
miniFE.c 167 A 3.6681119999999998
miniFE.c 167 A 11.0858899999999991
miniFE.c 167 A 1.3002330000000000
miniFE.c 167 A 4.7210279999999996
miniFE.c 167 A 14.0634099999999993
miniFE.c 167 A 10.9336099999999998
miniFE.c 167 A 16.7981799999999986
miniFE.c 167 A 3.6681119999999998
miniFE.c 167 A 66.5612600000000043
miniFE.c 167 A 4.4892070000000004
miniFE.c 167 A 14.0526599999999995
miniFE.c 167 A 3.7993380000000001
miniFE.c 167 A 16.0564000000000000
miniFE.c 167 A 9.6522659999999991
miniFE.c 167 A 16.1756899999999995
miniFE.c 167 A 11.0858899999999991
miniFE.c 167 A 4.4892070000000004
miniFE.c 167 A 66.4632699999999943
miniFE.c 167 A 7.6122389999999998
miniFE.c 167 A 3.4261349999999999
miniFE.c 167 A 4.9967519999999999
miniFE.c 167 A 11.3974100000000007
miniFE.c 167 A 11.9519400000000005
miniFE.c 167 A 1.3002330000000000
miniFE.c 167 A 14.0526599999999995
miniFE.c 167 A 7.6122389999999998
miniFE.c 167 A 65.6581999999999937
miniFE.c 167 A 2.6745570000000001
miniFE.c 167 A 6.4080630000000003
miniFE.c 167 A 6.9539020000000002
miniFE.c 167 A 12.3511699999999998
miniFE.c 167 A 4.7210279999999996
miniFE.c 167 A 3.7993380000000001
miniFE.c 167 A 3.4261349999999999
miniFE.c 167 A 2.6745570000000001
miniFE.c 167 A 64.8721800000000002
miniFE.c 175 b 198.0110999999999990
miniFE.c 175 b 229.8237000000000023
miniFE.c 175 b 210.8053999999999917
miniFE.c 175 b 202.6418999999999926
miniFE.c 175 b 157.2561000000000035
miniFE.c 175 b 225.5886000000000138
miniFE.c 175 b 142.6283999999999992
miniFE.c 175 b 185.1795999999999935
miniFE.c 33 r 0.0000000000000000
miniFE.c 33 r 0.0000000000000000
miniFE.c 33 r 0.0000000000000000
miniFE.c 33 r 0.0000000000000000
miniFE.c 33 r 0.0000000000000000
miniFE.c 33 r 0.0000000000000000
miniFE.c 33 r 0.0000000000000000
miniFE.c 33 r 0.0000000000000000
miniFE.c 25 Ap 0.0000000000000000
miniFE.c 25 Ap 0.0000000000000000
miniFE.c 25 Ap 0.0000000000000000
miniFE.c 25 Ap 0.0000000000000000
miniFE.c 25 Ap 0.0000000000000000
miniFE.c 25 Ap 0.0000000000000000
miniFE.c 25 Ap 0.0000000000000000
miniFE.c 25 Ap 0.0000000000000000
miniFE.c 25 Ap 0.0000000000000000
miniFE.c 25 Ap 0.0000000000000000
miniFE.c 25 Ap 0.0000000000000000
miniFE.c 25 Ap 0.0000000000000000
miniFE.c 25 Ap 0.0000000000000000
miniFE.c 25 Ap 0.0000000000000000
miniFE.c 25 Ap 0.0000000000000000
miniFE.c 25 Ap 0.0000000000000000
miniFE.c 25 Ap 0.0000000000000000
miniFE.c 25 Ap 0.0000000000000000
miniFE.c 25 Ap 0.0000000000000000
miniFE.c 25 Ap 0.0000000000000000
miniFE.c 25 Ap 0.0000000000000000
miniFE.c 25 Ap 0.0000000000000000
miniFE.c 25 Ap 0.0000000000000000
miniFE.c 25 Ap 0.0000000000000000
miniFE.c 25 Ap 0.0000000000000000
miniFE.c 25 Ap 0.0000000000000000
miniFE.c 25 Ap 0.0000000000000000
miniFE.c 25 Ap 0.0000000000000000
miniFE.c 25 Ap 0.0000000000000000
miniFE.c 25 Ap 0.0000000000000000
miniFE.c 25 Ap 0.0000000000000000
miniFE.c 25 Ap 0.0000000000000000
miniFE.c 25 Ap 0.0000000000000000
miniFE.c 25 Ap 0.0000000000000000
miniFE.c 25 Ap 0.0000000000000000
miniFE.c 25 Ap 0.0000000000000000
miniFE.c 25 Ap 0.0000000000000000
miniFE.c 25 Ap 0.0000000000000000
miniFE.c 25 Ap 0.0000000000000000
miniFE.c 25 Ap 0.0000000000000000
miniFE.c 25 Ap 0.0000000000000000
miniFE.c 25 Ap 0.0000000000000000
miniFE.c 25 Ap 0.0000000000000000
miniFE.c 25 Ap 0.0000000000000000
miniFE.c 25 Ap 0.0000000000000000
miniFE.c 25 Ap 0.0000000000000000
miniFE.c 25 Ap 0.0000000000000000
miniFE.c 25 Ap 0.0000000000000000
miniFE.c 25 Ap 0.0000000000000000
miniFE.c 25 Ap 0.0000000000000000
miniFE.c 25 Ap 0.0000000000000000
miniFE.c 25 Ap 0.0000000000000000
miniFE.c 25 Ap 0.0000000000000000
miniFE.c 25 Ap 0.0000000000000000
miniFE.c 25 Ap 0.0000000000000000
miniFE.c 25 Ap 0.0000000000000000
miniFE.c 25 Ap 0.0000000000000000
miniFE.c 25 Ap 0.0000000000000000
miniFE.c 25 Ap 0.0000000000000000
miniFE.c 25 Ap 0.0000000000000000
miniFE.c 25 Ap 0.0000000000000000
miniFE.c 25 Ap 0.0000000000000000
miniFE.c 25 Ap 0.0000000000000000
miniFE.c 25 Ap 0.0000000000000000
miniFE.c 33 r 198.0110999999999990
miniFE.c 33 r 4239498975973001920512.0000000000000000
miniFE.c 33 r 210.8053999999999917
miniFE.c 33 r 202.6418999999999926
miniFE.c 33 r 157.2561000000000035
miniFE.c 33 r 225.5886000000000138
miniFE.c 33 r 142.6283999999999992
miniFE.c 33 r 185.1795999999999935
miniFE.c 48 sum 39208.3957232100001420
miniFE.c 48 sum 17973351567276132827328514519672707352625152.0000000000000000
miniFE.c 48 sum 17973351567276132827328514519672707352625152.0000000000000000
miniFE.c 48 sum 17973351567276132827328514519672707352625152.0000000000000000
miniFE.c 48 sum 17973351567276132827328514519672707352625152.0000000000000000
miniFE.c 48 sum 17973351567276132827328514519672707352625152.0000000000000000
miniFE.c 48 sum 17973351567276132827328514519672707352625152.0000000000000000
miniFE.c 48 sum 17973351567276132827328514519672707352625152.0000000000000000
miniFE.c 75 rtrans 17973351567276132827328514519672707352625152.0000000000000000
miniFE.c 76 normr 4239498975973001920512.0000000000000000
miniFE.c 33 r 198.0110999999999990
miniFE.c 33 r 4239498975973001920512.0000000000000000
miniFE.c 33 r 210.8053999999999917
miniFE.c 33 r 202.6418999999999926
miniFE.c 33 r 157.2561000000000035
miniFE.c 33 r 225.5886000000000138
miniFE.c 33 r 142.6283999999999992
miniFE.c 33 r 185.1795999999999935
miniFE.c 87 normr 4239498975973001920512.0000000000000000
miniFE.c 25 Ap 13285.4973312810016068
miniFE.c 25 Ap 63963652774941467607040.0000000000000000
miniFE.c 25 Ap 63963652774941467607040.0000000000000000
miniFE.c 25 Ap 63963652774941467607040.0000000000000000
miniFE.c 25 Ap 63963652774941467607040.0000000000000000
miniFE.c 25 Ap 63963652774941467607040.0000000000000000
miniFE.c 25 Ap 63963652774941467607040.0000000000000000
miniFE.c 25 Ap 63963652774941467607040.0000000000000000
miniFE.c 25 Ap 2987.5023718050001662
miniFE.c 25 Ap 281657855272138150248448.0000000000000000
miniFE.c 25 Ap 281657855272138150248448.0000000000000000
miniFE.c 25 Ap 281657855272138150248448.0000000000000000
miniFE.c 25 Ap 281657855272138150248448.0000000000000000
miniFE.c 25 Ap 281657855272138150248448.0000000000000000
miniFE.c 25 Ap 281657855272138150248448.0000000000000000
miniFE.c 25 Ap 281657855272138150248448.0000000000000000
miniFE.c 25 Ap 1845.3076172643000064
miniFE.c 25 Ap 61014742077234166628352.0000000000000000
miniFE.c 25 Ap 61014742077234166628352.0000000000000000
miniFE.c 25 Ap 61014742077234166628352.0000000000000000
miniFE.c 25 Ap 61014742077234166628352.0000000000000000
miniFE.c 25 Ap 61014742077234166628352.0000000000000000
miniFE.c 25 Ap 61014742077234166628352.0000000000000000
miniFE.c 25 Ap 61014742077234166628352.0000000000000000
miniFE.c 25 Ap 2716.0172730389999742
miniFE.c 25 Ap 25283591824891403304960.0000000000000000
miniFE.c 25 Ap 25283591824891403304960.0000000000000000
miniFE.c 25 Ap 25283591824891403304960.0000000000000000
miniFE.c 25 Ap 25283591824891403304960.0000000000000000
miniFE.c 25 Ap 25283591824891403304960.0000000000000000
miniFE.c 25 Ap 25283591824891403304960.0000000000000000
miniFE.c 25 Ap 25283591824891403304960.0000000000000000
miniFE.c 25 Ap 2784.7112838509997346
miniFE.c 25 Ap 46353028398688176701440.0000000000000000
miniFE.c 25 Ap 46353028398688176701440.0000000000000000
miniFE.c 25 Ap 46353028398688176701440.0000000000000000
miniFE.c 25 Ap 46353028398688176701440.0000000000000000
miniFE.c 25 Ap 46353028398688176701440.0000000000000000
miniFE.c 25 Ap 46353028398688176701440.0000000000000000
miniFE.c 25 Ap 46353028398688176701440.0000000000000000
miniFE.c 25 Ap 3179.3454260399998930
miniFE.c 25 Ap 40920771822819018276864.0000000000000000
miniFE.c 25 Ap 40920771822819018276864.0000000000000000
miniFE.c 25 Ap 40920771822819018276864.0000000000000000
miniFE.c 25 Ap 40920771822819018276864.0000000000000000
miniFE.c 25 Ap 40920771822819018276864.0000000000000000
miniFE.c 25 Ap 40920771822819018276864.0000000000000000
miniFE.c 25 Ap 40920771822819018276864.0000000000000000
miniFE.c 25 Ap 989.4123599472000024
miniFE.c 25 Ap 48319308023744451051520.0000000000000000
miniFE.c 25 Ap 48319308023744451051520.0000000000000000
miniFE.c 25 Ap 48319308023744451051520.0000000000000000
miniFE.c 25 Ap 48319308023744451051520.0000000000000000
miniFE.c 25 Ap 48319308023744451051520.0000000000000000
miniFE.c 25 Ap 48319308023744451051520.0000000000000000
miniFE.c 25 Ap 48319308023744451051520.0000000000000000
miniFE.c 25 Ap 1268.8676034993000030
miniFE.c 25 Ap 29481060408016611835904.0000000000000000
miniFE.c 25 Ap 29481060408016611835904.0000000000000000
miniFE.c 25 Ap 29481060408016611835904.0000000000000000
miniFE.c 25 Ap 29481060408016611835904.0000000000000000
miniFE.c 25 Ap 29481060408016611835904.0000000000000000
miniFE.c 25 Ap 29481060408016611835904.0000000000000000
miniFE.c 25 Ap 29481060408016611835904.0000000000000000
miniFE.c 57 sum 12665513245984213314830336.0000000000000000
miniFE.c 57 sum 1194088189000981628729682942754170672573841408.0000000000000000
miniFE.c 57 sum 1194088189000981628729682942754170672573841408.0000000000000000
miniFE.c 57 sum 1194088189000981628729682942754170672573841408.0000000000000000
miniFE.c 57 sum 1194088189000981628729682942754170672573841408.0000000000000000
miniFE.c 57 sum 1194088189000981628729682942754170672573841408.0000000000000000
miniFE.c 57 sum 1194088189000981628729682942754170672573841408.0000000000000000
miniFE.c 57 sum 1194088189000981628729682942754170672573841408.0000000000000000
miniFE.c 90 p_ap_dot 1194088189000981628729682942754170672573841408.0000000000000000
miniFE.c 91 alpha 0.0150519465252506
miniFE.c 40 y 2.9804524886060531
miniFE.c 40 y 63812711880200388608.0000000000000000
miniFE.c 40 y 3.1730316080340670
miniFE.c 40 y 3.0501550425751836
miniFE.c 40 y 2.3670104079694640
miniFE.c 40 y 3.3955475439061522
miniFE.c 40 y 2.1468350497820556
miniFE.c 40 y 2.7873134367672998
miniFE.c 40 y -962777481128117403648.0000000000000000
miniFE.c 40 y 0.0000000000000000
miniFE.c 40 y -918390634998487711744.0000000000000000
miniFE.c 40 y -380567272114529173504.0000000000000000
miniFE.c 40 y -697703304740477861888.0000000000000000
miniFE.c 40 y -615937269249054212096.0000000000000000
miniFE.c 40 y -727299640510514724864.0000000000000000
miniFE.c 40 y -443747344769149304832.0000000000000000
miniFE.c 82 oldrtrans 17973351567276132827328514519672707352625152.0000000000000000
miniFE.c 48 sum 926940478167402471245166997457226749181952.0000000000000000
miniFE.c 48 sum 926940478167402471245166997457226749181952.0000000000000000
miniFE.c 48 sum 1770381836620328051474308292736523037573120.0000000000000000
miniFE.c 48 sum 1915213285225022273598905218925093067948032.0000000000000000
miniFE.c 48 sum 2402003186670806238192789952797952320733184.0000000000000000
miniFE.c 48 sum 2781381906320788030532331104121195363041280.0000000000000000
miniFE.c 48 sum 3310346673407512240128690282628273483546624.0000000000000000
miniFE.c 48 sum 3507258379397182482885262804242928704159744.0000000000000000
miniFE.c 83 rtrans 3507258379397182482885262804242928704159744.0000000000000000
miniFE.c 84 beta 0.1951365813031113
miniFE.c 40 y -962777481128117403648.0000000000000000
miniFE.c 40 y 827281336609412874240.0000000000000000
miniFE.c 40 y -918390634998487711744.0000000000000000
miniFE.c 40 y -380567272114529173504.0000000000000000
miniFE.c 40 y -697703304740477861888.0000000000000000
miniFE.c 40 y -615937269249054212096.0000000000000000
miniFE.c 40 y -727299640510514724864.0000000000000000
miniFE.c 40 y -443747344769149304832.0000000000000000
miniFE.c 87 normr 1872767572176852484096.0000000000000000
miniFE.c 25 Ap -64597275890821516754944.0000000000000000
miniFE.c 25 Ap -52115627360660171522048.0000000000000000
miniFE.c 25 Ap -60674305305416336146432.0000000000000000
miniFE.c 25 Ap -65894352487702557884416.0000000000000000
miniFE.c 25 Ap -75706440120622833991680.0000000000000000
miniFE.c 25 Ap -85596175290593349468160.0000000000000000
miniFE.c 25 Ap -89230311223913546252288.0000000000000000
miniFE.c 25 Ap -92073872165276982706176.0000000000000000
miniFE.c 25 Ap -14525953385394528583680.0000000000000000
miniFE.c 25 Ap 40435797589577024143360.0000000000000000
miniFE.c 25 Ap 27218347122397838049280.0000000000000000
miniFE.c 25 Ap 24948713935884855017472.0000000000000000
miniFE.c 25 Ap 17320298106141318053888.0000000000000000
miniFE.c 25 Ap 11375107744035827089408.0000000000000000
miniFE.c 25 Ap 3085775548284880814080.0000000000000000
miniFE.c 25 Ap 3670016.0000000000000000
miniFE.c 25 Ap -8972328418236406169600.0000000000000000
miniFE.c 25 Ap 2933879759806166728704.0000000000000000
miniFE.c 25 Ap -59217370728238648655872.0000000000000000
miniFE.c 25 Ap -62875449947076121591808.0000000000000000
miniFE.c 25 Ap -74595595646701521600512.0000000000000000
miniFE.c 25 Ap -84558805973520764370944.0000000000000000
miniFE.c 25 Ap -93251447638924002852864.0000000000000000
miniFE.c 25 Ap -98732246531216370565120.0000000000000000
miniFE.c 25 Ap -13205927692119010443264.0000000000000000
miniFE.c 25 Ap -8272174020346408599552.0000000000000000
miniFE.c 25 Ap -17099905522312998289408.0000000000000000
miniFE.c 25 Ap -41989655888638517444608.0000000000000000
miniFE.c 25 Ap -44548909753196722782208.0000000000000000
miniFE.c 25 Ap -51377122566992117628928.0000000000000000
miniFE.c 25 Ap -52322781560472028053504.0000000000000000
miniFE.c 25 Ap -54417725200052835581952.0000000000000000
miniFE.c 25 Ap -13539934455871976767488.0000000000000000
miniFE.c 25 Ap -4494762961105934352384.0000000000000000
miniFE.c 25 Ap -19922054158124826230784.0000000000000000
miniFE.c 25 Ap -21318017535775397117952.0000000000000000
miniFE.c 25 Ap -67758028605465571622912.0000000000000000
miniFE.c 25 Ap -70523098506139313111040.0000000000000000
miniFE.c 25 Ap -80743593072355803398144.0000000000000000
miniFE.c 25 Ap -82429539221736330887168.0000000000000000
miniFE.c 25 Ap -15458740347985505288192.0000000000000000
miniFE.c 25 Ap -7473600830195915292672.0000000000000000
miniFE.c 25 Ap -22329203040834600042496.0000000000000000
miniFE.c 25 Ap -26548129957096336654336.0000000000000000
miniFE.c 25 Ap -29680264516660424081408.0000000000000000
miniFE.c 25 Ap -70617469545823009243136.0000000000000000
miniFE.c 25 Ap -76153848234003126026240.0000000000000000
miniFE.c 25 Ap -77674186543073773748224.0000000000000000
miniFE.c 25 Ap -4810760304381882531840.0000000000000000
miniFE.c 25 Ap 4618104274303606325248.0000000000000000
miniFE.c 25 Ap -6358445491760219029504.0000000000000000
miniFE.c 25 Ap -6853271617683509477376.0000000000000000
miniFE.c 25 Ap -16657858940077833453568.0000000000000000
miniFE.c 25 Ap -21346520642608984752128.0000000000000000
miniFE.c 25 Ap -69099705899176461074432.0000000000000000
miniFE.c 25 Ap -70286533466360203182080.0000000000000000
miniFE.c 25 Ap -6169538754050287206400.0000000000000000
miniFE.c 25 Ap -416705412839417839616.0000000000000000
miniFE.c 25 Ap -11759904272113689690112.0000000000000000
miniFE.c 25 Ap -13556573019650001993728.0000000000000000
miniFE.c 25 Ap -16207383698076080275456.0000000000000000
miniFE.c 25 Ap -18317667934054687703040.0000000000000000
miniFE.c 25 Ap -20262872278679569825792.0000000000000000
miniFE.c 25 Ap -49049729903065879805952.0000000000000000
miniFE.c 57 sum 88646650720997656732588868967057632348078080.0000000000000000
miniFE.c 57 sum 88646650720997656732588868967057632348078080.0000000000000000
miniFE.c 57 sum 179321421307628694285215934850734207625330688.0000000000000000
miniFE.c 57 sum 200031026541690872214867214150655030700539904.0000000000000000
miniFE.c 57 sum 257542388464931158244325503002982369814642688.0000000000000000
miniFE.c 57 sum 305384814815413665330922987418735321337036800.0000000000000000
miniFE.c 57 sum 356504185338227724520789629391002091665752064.0000000000000000
miniFE.c 57 sum 378269872744357121477460994245779993697189888.0000000000000000
miniFE.c 90 p_ap_dot 378269872744357121477460994245779993697189888.0000000000000000
miniFE.c 91 alpha 0.0092718416984994
miniFE.c 40 y -8926720395899873280.0000000000000000
miniFE.c 40 y 71483133473365835776.0000000000000000
miniFE.c 40 y -8515172585090296832.0000000000000000
miniFE.c 40 y -3528559502675649536.0000000000000000
miniFE.c 40 y -6468994594073578496.0000000000000000
miniFE.c 40 y -5710872856683216896.0000000000000000
miniFE.c 40 y -6743407134188994560.0000000000000000
miniFE.c 40 y -4114355134828976640.0000000000000000
miniFE.c 40 y -109083113843801456640.0000000000000000
miniFE.c 40 y -34027.8073829598797602
miniFE.c 40 y -2960874623835570176.0000000000000000
miniFE.c 40 y 123985261532800876544.0000000000000000
miniFE.c 40 y 66570334203706736640.0000000000000000
miniFE.c 40 y 104245492438036119552.0000000000000000
miniFE.c 40 y -75614028674144403456.0000000000000000
miniFE.c 40 y 11033986246228574208.0000000000000000
miniFE.c 82 oldrtrans 3507258379397182482885262804242928704159744.0000000000000000
miniFE.c 48 sum 11899125725859749922215559937166365687808.0000000000000000
miniFE.c 48 sum 11899125725859749922215559937166365687808.0000000000000000
miniFE.c 48 sum 11907892504397822969857272428127267586048.0000000000000000
miniFE.c 48 sum 27280237581754855782599618180930766635008.0000000000000000
miniFE.c 48 sum 31711846977748060419987311416724443627520.0000000000000000
miniFE.c 48 sum 42578969671396707499482894370914242134016.0000000000000000
miniFE.c 48 sum 48296451003731037638084428086935633788928.0000000000000000
miniFE.c 48 sum 48418199856212997787307122203238684688384.0000000000000000
miniFE.c 83 rtrans 48418199856212997787307122203238684688384.0000000000000000
miniFE.c 84 beta 0.0138051419709018
miniFE.c 40 y -122374393657162334208.0000000000000000
miniFE.c 40 y 11420736301770293248.0000000000000000
miniFE.c 40 y -15639387724736329728.0000000000000000
miniFE.c 40 y 118731476311780999168.0000000000000000
miniFE.c 40 y 56938441028197089280.0000000000000000
miniFE.c 40 y 95742390990883373056.0000000000000000
miniFE.c 40 y -85654503466777886720.0000000000000000
miniFE.c 40 y 4907991152479769600.0000000000000000
miniFE.c 87 normr 220041359421843701760.0000000000000000
miniFE.c 25 Ap -8210674453853146972160.0000000000000000
miniFE.c 25 Ap -8038363523863372890112.0000000000000000
miniFE.c 25 Ap -8184110309259775836160.0000000000000000
miniFE.c 25 Ap -6555531201743995011072.0000000000000000
miniFE.c 25 Ap -5754782560803637690368.0000000000000000
miniFE.c 25 Ap -4217504434097617895424.0000000000000000
miniFE.c 25 Ap -4645498745604247388160.0000000000000000
miniFE.c 25 Ap -4614048029095714357248.0000000000000000
miniFE.c 25 Ap -1846329783022119550976.0000000000000000
miniFE.c 25 Ap -1087575007843290316800.0000000000000000
miniFE.c 25 Ap -1312656606796063965184.0000000000000000
miniFE.c 25 Ap -604563928664243568640.0000000000000000
miniFE.c 25 Ap 17978779546062422016.0000000000000000
miniFE.c 25 Ap 942109804866072215552.0000000000000000
miniFE.c 25 Ap -34129689491216793600.0000000000000000
miniFE.c 25 Ap -5419008.0000000000000000
miniFE.c 25 Ap -1140433040236944687104.0000000000000000
miniFE.c 25 Ap -976066146003955744768.0000000000000000
miniFE.c 25 Ap -2034447478432657309696.0000000000000000
miniFE.c 25 Ap -893179750115463659520.0000000000000000
miniFE.c 25 Ap 63282431195576008704.0000000000000000
miniFE.c 25 Ap 1611981667722898178048.0000000000000000
miniFE.c 25 Ap 588244181558176907264.0000000000000000
miniFE.c 25 Ap 648863614640950476800.0000000000000000
miniFE.c 25 Ap -1678547146854530547712.0000000000000000
miniFE.c 25 Ap -1610435976966252003328.0000000000000000
miniFE.c 25 Ap -1760764508669269508096.0000000000000000
miniFE.c 25 Ap 6004477072945700667392.0000000000000000
miniFE.c 25 Ap 6213333651742522343424.0000000000000000
miniFE.c 25 Ap 7274723266604445990912.0000000000000000
miniFE.c 25 Ap 7163352454598326484992.0000000000000000
miniFE.c 25 Ap 7186523218252935462912.0000000000000000
miniFE.c 25 Ap -1721001271502073233408.0000000000000000
miniFE.c 25 Ap -1596131394865674584064.0000000000000000
miniFE.c 25 Ap -1858844644955585773568.0000000000000000
miniFE.c 25 Ap -1423324291918626029568.0000000000000000
miniFE.c 25 Ap 2366570085353868230656.0000000000000000
miniFE.c 25 Ap 2796377497186878881792.0000000000000000
miniFE.c 25 Ap 1592703882499427926016.0000000000000000
miniFE.c 25 Ap 1611350999788708167680.0000000000000000
miniFE.c 25 Ap -1964892214316861227008.0000000000000000
miniFE.c 25 Ap -1854656229616318152704.0000000000000000
miniFE.c 25 Ap -2107634117241458393088.0000000000000000
miniFE.c 25 Ap -791390031311448571904.0000000000000000
miniFE.c 25 Ap -535781583278578991104.0000000000000000
miniFE.c 25 Ap 5827570799594069557248.0000000000000000
miniFE.c 25 Ap 5175548247778627944448.0000000000000000
miniFE.c 25 Ap 5192363688045828898816.0000000000000000
miniFE.c 25 Ap -611474496255213174784.0000000000000000
miniFE.c 25 Ap -481307682122053386240.0000000000000000
miniFE.c 25 Ap -668228705844838531072.0000000000000000
miniFE.c 25 Ap -513850122205542612992.0000000000000000
miniFE.c 25 Ap 286286430493761470464.0000000000000000
miniFE.c 25 Ap 1015100393147812544512.0000000000000000
miniFE.c 25 Ap -4608820126374582812672.0000000000000000
miniFE.c 25 Ap -4595693424281780224000.0000000000000000
miniFE.c 25 Ap -784182824141896679424.0000000000000000
miniFE.c 25 Ap -704764143131543601152.0000000000000000
miniFE.c 25 Ap -897928879615675203584.0000000000000000
miniFE.c 25 Ap -337394255466420436992.0000000000000000
miniFE.c 25 Ap -121065872807232143360.0000000000000000
miniFE.c 25 Ap 206960483950318059520.0000000000000000
miniFE.c 25 Ap -22127367878277005312.0000000000000000
miniFE.c 25 Ap 296264717603798056960.0000000000000000
miniFE.c 57 sum 564641329865612921556386757600272141254656.0000000000000000
miniFE.c 57 sum 564641329865612844185134302264004960059392.0000000000000000
miniFE.c 57 sum 554493500215769086285552674808191103533056.0000000000000000
miniFE.c 57 sum 1407760011467831562378298918462277053054976.0000000000000000
miniFE.c 57 sum 1499507825345027407264662886781476151492608.0000000000000000
miniFE.c 57 sum 1996637139732776296081372353227898285457408.0000000000000000
miniFE.c 57 sum 2390278978075168336345246423432527035236352.0000000000000000
miniFE.c 57 sum 2391733042687959824291865665798744724996096.0000000000000000
miniFE.c 90 p_ap_dot 2391733042687959824291865665798744724996096.0000000000000000
miniFE.c 91 alpha 0.0202439816618488
miniFE.c 40 y -11404065376975339520.0000000000000000
miniFE.c 40 y 71714334649623683072.0000000000000000
miniFE.c 40 y -8831776063392403456.0000000000000000
miniFE.c 40 y -1124961673535714304.0000000000000000
miniFE.c 40 y -5316333838044494848.0000000000000000
miniFE.c 40 y -3772665649202211840.0000000000000000
miniFE.c 40 y -8477395331625213952.0000000000000000
miniFE.c 40 y -4014997851941659648.0000000000000000
miniFE.c 40 y -15676410155898011648.0000000000000000
miniFE.c 40 y 75674.4911944523046259
miniFE.c 40 y -16096457739667927040.0000000000000000
miniFE.c 40 y -21498582709962489856.0000000000000000
miniFE.c 40 y 33950174113182326784.0000000000000000
miniFE.c 40 y -868622844413476864.0000000000000000
miniFE.c 40 y 17421104730495270912.0000000000000000
miniFE.c 40 y 5036408736004459520.0000000000000000
miniFE.c 82 oldrtrans 48418199856212997787307122203238684688384.0000000000000000
miniFE.c 48 sum 245749835375942331010547373058763522048.0000000000000000
miniFE.c 48 sum 245749835375942331010547373058763522048.0000000000000000
miniFE.c 48 sum 504845787140857888203096864476610166784.0000000000000000
miniFE.c 48 sum 967034845677956022710900358515164971008.0000000000000000
miniFE.c 48 sum 2119649167993351552443689086803096109056.0000000000000000
miniFE.c 48 sum 2120403673639188652282539466090294018048.0000000000000000
miniFE.c 48 sum 2423898563670073378375304738247156957184.0000000000000000
miniFE.c 48 sum 2449263976626175430548081941410582888448.0000000000000000
miniFE.c 83 rtrans 2449263976626175430548081941410582888448.0000000000000000
miniFE.c 84 beta 0.0505856059064510
miniFE.c 40 y -21866793006480130048.0000000000000000
miniFE.c 40 y 577724865722926848.0000000000000000
miniFE.c 40 y -16887585643729627136.0000000000000000
miniFE.c 40 y -15492479040563609600.0000000000000000
miniFE.c 40 y 36830439651962408960.0000000000000000
miniFE.c 40 y 3974564014792698880.0000000000000000
miniFE.c 40 y 13088219774012100608.0000000000000000
miniFE.c 40 y 5284682442236149760.0000000000000000
miniFE.c 87 normr 49490039165736935424.0000000000000000
miniFE.c 25 Ap -1467146135399812562944.0000000000000000
miniFE.c 25 Ap -1458429682601974562816.0000000000000000
miniFE.c 25 Ap -1615808690271633014784.0000000000000000
miniFE.c 25 Ap -1828311124106733420544.0000000000000000
miniFE.c 25 Ap -1310349550800928768000.0000000000000000
miniFE.c 25 Ap -1246532361153811316736.0000000000000000
miniFE.c 25 Ap -1181133772821576810496.0000000000000000
miniFE.c 25 Ap -1147269194796733693952.0000000000000000
miniFE.c 25 Ap -329916332824919277568.0000000000000000
miniFE.c 25 Ap -291534262788080140288.0000000000000000
miniFE.c 25 Ap -534579888745067642880.0000000000000000
miniFE.c 25 Ap -626974183126845489152.0000000000000000
miniFE.c 25 Ap -224284519843752771584.0000000000000000
miniFE.c 25 Ap -185920970738945720320.0000000000000000
miniFE.c 25 Ap -36749163804422471680.0000000000000000
miniFE.c 25 Ap 8376320.0000000000000000
miniFE.c 25 Ap -203781301654298689536.0000000000000000
miniFE.c 25 Ap -195466702718560305152.0000000000000000
miniFE.c 25 Ap -1338318693455027240960.0000000000000000
miniFE.c 25 Ap -1487235113176756649984.0000000000000000
miniFE.c 25 Ap -868550758423954849792.0000000000000000
miniFE.c 25 Ap -804259443035512766464.0000000000000000
miniFE.c 25 Ap -647829825589706620928.0000000000000000
miniFE.c 25 Ap -582557814349632765952.0000000000000000
miniFE.c 25 Ap -299935647605454667776.0000000000000000
miniFE.c 25 Ap -296490202807658414080.0000000000000000
miniFE.c 25 Ap -458816631342675263488.0000000000000000
miniFE.c 25 Ap -1472051252734694785024.0000000000000000
miniFE.c 25 Ap -1336953075082055647232.0000000000000000
miniFE.c 25 Ap -1292891495616105414656.0000000000000000
miniFE.c 25 Ap -1275873760354682273792.0000000000000000
miniFE.c 25 Ap -1250924626573776912384.0000000000000000
miniFE.c 25 Ap -307521675435262738432.0000000000000000
miniFE.c 25 Ap -301205057066145873920.0000000000000000
miniFE.c 25 Ap -584885760474931986432.0000000000000000
miniFE.c 25 Ap -641713908753371889664.0000000000000000
miniFE.c 25 Ap 1809766560835207954432.0000000000000000
miniFE.c 25 Ap 1827609201432363532288.0000000000000000
miniFE.c 25 Ap 2011533503921832329216.0000000000000000
miniFE.c 25 Ap 2031611798742553067520.0000000000000000
miniFE.c 25 Ap -351101975229247586304.0000000000000000
miniFE.c 25 Ap -345525621150475616256.0000000000000000
miniFE.c 25 Ap -618693971371896471552.0000000000000000
miniFE.c 25 Ap -790441889842890145792.0000000000000000
miniFE.c 25 Ap -625102422344222900224.0000000000000000
miniFE.c 25 Ap -360939901096771780608.0000000000000000
miniFE.c 25 Ap -261309244092465676288.0000000000000000
miniFE.c 25 Ap -243203208613234933760.0000000000000000
miniFE.c 25 Ap -109262941688715591680.0000000000000000
miniFE.c 25 Ap -102678374526876450816.0000000000000000
miniFE.c 25 Ap -304517784885594292224.0000000000000000
miniFE.c 25 Ap -324661617385943465984.0000000000000000
miniFE.c 25 Ap 192904028693602566144.0000000000000000
miniFE.c 25 Ap 223159359895004119040.0000000000000000
miniFE.c 25 Ap 1082508311461045338112.0000000000000000
miniFE.c 25 Ap 1096642495879705133056.0000000000000000
miniFE.c 25 Ap -140123787193484083200.0000000000000000
miniFE.c 25 Ap -136106345094283689984.0000000000000000
miniFE.c 25 Ap -344687786269547757568.0000000000000000
miniFE.c 25 Ap -417828213609461710848.0000000000000000
miniFE.c 25 Ap -277896924683054153728.0000000000000000
miniFE.c 25 Ap -264279531802232356864.0000000000000000
miniFE.c 25 Ap -229274341988109877248.0000000000000000
miniFE.c 25 Ap 113554528647473233920.0000000000000000
miniFE.c 57 sum 25087098005331305469283017088270690418688.0000000000000000
miniFE.c 57 sum 25087098005331310304986295546787389243392.0000000000000000
miniFE.c 57 sum 34925092987584676404877228830691053010944.0000000000000000
miniFE.c 57 sum 54305016546103775176073459529391353626624.0000000000000000
miniFE.c 57 sum 129130172295906163065933441353721644580864.0000000000000000
miniFE.c 57 sum 128163545574669881633498071424936980774912.0000000000000000
miniFE.c 57 sum 142516643574264625019580543782967866032128.0000000000000000
miniFE.c 57 sum 143116743198044337472959345298264421302272.0000000000000000
miniFE.c 90 p_ap_dot 143116743198044337472959345298264421302272.0000000000000000
miniFE.c 91 alpha 0.0171137486914225
miniFE.c 40 y -11778288177175595008.0000000000000000
miniFE.c 40 y 71724221687788453888.0000000000000000
miniFE.c 40 y -9120785960104066048.0000000000000000
miniFE.c 40 y -1390096066443049728.0000000000000000
miniFE.c 40 y -4686026949646209024.0000000000000000
miniFE.c 40 y -3704645959495078400.0000000000000000
miniFE.c 40 y -8253406827594664960.0000000000000000
miniFE.c 40 y -3924557124711257600.0000000000000000
miniFE.c 40 y 3957666525263888384.0000000000000000
miniFE.c 40 y -67675.7442444834741764
miniFE.c 40 y -6126709706663970816.0000000000000000
miniFE.c 40 y -90573018867388416.0000000000000000
miniFE.c 40 y -818319649026469888.0000000000000000
miniFE.c 40 y 3293495748741015552.0000000000000000
miniFE.c 40 y -1346559348324290560.0000000000000000
miniFE.c 40 y 3093065069958670336.0000000000000000
miniFE.c 82 oldrtrans 2449263976626175430548081941410582888448.0000000000000000
miniFE.c 48 sum 15663124325194340018079354911052529664.0000000000000000
miniFE.c 48 sum 15663124325194340018079354911052529664.0000000000000000
miniFE.c 48 sum 53199696154924858229240610349098467328.0000000000000000
miniFE.c 48 sum 53207899626671609367544636416311951360.0000000000000000
miniFE.c 48 sum 53877546674654412955752488997585158144.0000000000000000
miniFE.c 48 sum 64724660921629553545037488856110202880.0000000000000000
miniFE.c 48 sum 66537883000189093933985476708950605824.0000000000000000
miniFE.c 48 sum 76104934527187530221258001322117955584.0000000000000000
miniFE.c 83 rtrans 76104934527187530221258001322117955584.0000000000000000
miniFE.c 84 beta 0.0310725733336514
miniFE.c 40 y 3278208995998258688.0000000000000000
miniFE.c 40 y 17951398256781888.0000000000000000
miniFE.c 40 y -6651450450007078912.0000000000000000
miniFE.c 40 y -571964209975358720.0000000000000000
miniFE.c 40 y 326096887969755136.0000000000000000
miniFE.c 40 y 3416995680559953920.0000000000000000
miniFE.c 40 y -939874679589352960.0000000000000000
miniFE.c 40 y 3257273752690113024.0000000000000000
miniFE.c 87 normr 8723814218974835712.0000000000000000
miniFE.c 25 Ap 219950481905894359040.0000000000000000
miniFE.c 25 Ap 220221324524663472128.0000000000000000
miniFE.c 25 Ap 158235041022101651456.0000000000000000
miniFE.c 25 Ap 150389699655616757760.0000000000000000
miniFE.c 25 Ap 154975733890859499520.0000000000000000
miniFE.c 25 Ap 209840383336202338304.0000000000000000
miniFE.c 25 Ap 205144062651214888960.0000000000000000
miniFE.c 25 Ap 226016878066699567104.0000000000000000
miniFE.c 25 Ap 49460142137573531648.0000000000000000
miniFE.c 25 Ap 50652771823486066688.0000000000000000
miniFE.c 25 Ap -45074703509502320640.0000000000000000
miniFE.c 25 Ap -48485792816380723200.0000000000000000
miniFE.c 25 Ap -44920376621105725440.0000000000000000
miniFE.c 25 Ap -11938625391490023424.0000000000000000
miniFE.c 25 Ap -22650762463388512256.0000000000000000
miniFE.c 25 Ap -9228288.0000000000000000
miniFE.c 25 Ap 30550327892223918080.0000000000000000
miniFE.c 25 Ap 30808683877393575936.0000000000000000
miniFE.c 25 Ap -419322172506926022656.0000000000000000
miniFE.c 25 Ap -424819992586945888256.0000000000000000
miniFE.c 25 Ap -419342158365390077952.0000000000000000
miniFE.c 25 Ap -364069895505313267712.0000000000000000
miniFE.c 25 Ap -375303221283284451328.0000000000000000
miniFE.c 25 Ap -335072079427270934528.0000000000000000
miniFE.c 25 Ap 44965520911520153600.0000000000000000
miniFE.c 25 Ap 45072579747666321408.0000000000000000
miniFE.c 25 Ap -18862325981630472192.0000000000000000
miniFE.c 25 Ap -56269763372817989632.0000000000000000
miniFE.c 25 Ap -55073603464893472768.0000000000000000
miniFE.c 25 Ap -17193165219730685952.0000000000000000
miniFE.c 25 Ap -18415221293997189120.0000000000000000
miniFE.c 25 Ap -3037540703882092544.0000000000000000
miniFE.c 25 Ap 46102797176411865088.0000000000000000
miniFE.c 25 Ap 46299070763906195456.0000000000000000
miniFE.c 25 Ap -65433191156393713664.0000000000000000
miniFE.c 25 Ap -67531219938574843904.0000000000000000
miniFE.c 25 Ap -45825800193229094912.0000000000000000
miniFE.c 25 Ap -30486199265089585152.0000000000000000
miniFE.c 25 Ap -43693938579967705088.0000000000000000
miniFE.c 25 Ap -31318454634969554944.0000000000000000
miniFE.c 25 Ap 52636234923346444288.0000000000000000
miniFE.c 25 Ap 52809506594392842240.0000000000000000
miniFE.c 25 Ap -54782293935282167808.0000000000000000
miniFE.c 25 Ap -61123026251005894656.0000000000000000
miniFE.c 25 Ap -59659109818853851136.0000000000000000
miniFE.c 25 Ap 167445596687036088320.0000000000000000
miniFE.c 25 Ap 160291045995953520640.0000000000000000
miniFE.c 25 Ap 171450905604626448384.0000000000000000
miniFE.c 25 Ap 16380397357172291584.0000000000000000
miniFE.c 25 Ap 16584996803178119168.0000000000000000
miniFE.c 25 Ap -62912739888279486464.0000000000000000
miniFE.c 25 Ap -63656426628908376064.0000000000000000
miniFE.c 25 Ap -59073897935211315200.0000000000000000
miniFE.c 25 Ap -33062910152821293056.0000000000000000
miniFE.c 25 Ap -94773389840234938368.0000000000000000
miniFE.c 25 Ap -86061625524061323264.0000000000000000
miniFE.c 25 Ap 21006969773523591168.0000000000000000
miniFE.c 25 Ap 21131802037764222976.0000000000000000
miniFE.c 25 Ap -61021393216849707008.0000000000000000
miniFE.c 25 Ap -63721652267141251072.0000000000000000
miniFE.c 25 Ap -62482699968996016128.0000000000000000
miniFE.c 25 Ap -50775611472980738048.0000000000000000
miniFE.c 25 Ap -53289359876399202304.0000000000000000
miniFE.c 25 Ap 158017089317389303808.0000000000000000
miniFE.c 57 sum 740930562925696049249324458657542307840.0000000000000000
miniFE.c 57 sum 740930562925695898133597006828895469568.0000000000000000
miniFE.c 57 sum 2969645896417024743700197636502802399232.0000000000000000
miniFE.c 57 sum 2971383260985988660992811740522744905728.0000000000000000
miniFE.c 57 sum 2961170410393503411854708399661631143936.0000000000000000
miniFE.c 57 sum 3547017414272604114972203360411235385344.0000000000000000
miniFE.c 57 sum 3627904556986970190488589283192828067840.0000000000000000
miniFE.c 57 sum 4142609474496991491887941603877149736960.0000000000000000
miniFE.c 90 p_ap_dot 4142609474496991491887941603877149736960.0000000000000000
miniFE.c 91 alpha 0.0183712548807001
miniFE.c 40 y -11718063364157906944.0000000000000000
miniFE.c 40 y 71724551477501296640.0000000000000000
miniFE.c 40 y -9242981451647494144.0000000000000000
miniFE.c 40 y -1400603766727145216.0000000000000000
miniFE.c 40 y -4680036140601513984.0000000000000000
miniFE.c 40 y -3641871460921260032.0000000000000000
miniFE.c 40 y -8270673504889317376.0000000000000000
miniFE.c 40 y -3864716918384372736.0000000000000000
miniFE.c 40 y -194547149039576576.0000000000000000
miniFE.c 40 y 101859.4867160231224261
miniFE.c 40 y 28984867900627968.0000000000000000
miniFE.c 40 y -34769584385869160.0000000000000000
miniFE.c 40 y -242960336457799296.0000000000000000
miniFE.c 40 y 143727462351561728.0000000000000000
miniFE.c 40 y 234500709625609472.0000000000000000
miniFE.c 40 y 190092846602550784.0000000000000000
miniFE.c 82 oldrtrans 76104934527187530221258001322117955584.0000000000000000
miniFE.c 48 sum 37848593199427219170645381075697664.0000000000000000
miniFE.c 48 sum 37848593199427219170645381075697664.0000000000000000
miniFE.c 48 sum 38688715766644071018555619464445952.0000000000000000
miniFE.c 48 sum 39897639765010145162903720233533440.0000000000000000
miniFE.c 48 sum 98927364856697193295606543120596992.0000000000000000
miniFE.c 48 sum 119584948290716777280450827934236672.0000000000000000
miniFE.c 48 sum 174575531105631178885896996351115264.0000000000000000
miniFE.c 48 sum 210710821435092090831847329032568832.0000000000000000
miniFE.c 83 rtrans 210710821435092090831847329032568832.0000000000000000
miniFE.c 84 beta 0.0027686880324405
miniFE.c 40 y -185470811024517408.0000000000000000
miniFE.c 40 y 49701821620984.7890625000000000
miniFE.c 40 y 10569076641322376.0000000000000000
miniFE.c 40 y -36353174849012224.0000000000000000
miniFE.c 40 y -242057475906661344.0000000000000000
miniFE.c 40 y 153188057399228960.0000000000000000
miniFE.c 40 y 231898489848236576.0000000000000000
miniFE.c 40 y 199111221460006464.0000000000000000
miniFE.c 87 normr 459032484073940096.0000000000000000
miniFE.c 25 Ap -12444110279154798592.0000000000000000
miniFE.c 25 Ap -12443360400436000768.0000000000000000
miniFE.c 25 Ap -12344864924002193408.0000000000000000
miniFE.c 25 Ap -12843502883286921216.0000000000000000
miniFE.c 25 Ap -16247656410527420416.0000000000000000
miniFE.c 25 Ap -13788007685702440960.0000000000000000
miniFE.c 25 Ap -12629268442756284416.0000000000000000
miniFE.c 25 Ap -11353351191633610752.0000000000000000
miniFE.c 25 Ap -2798300134872957440.0000000000000000
miniFE.c 25 Ap -2794998115327670784.0000000000000000
miniFE.c 25 Ap -2642888281378058240.0000000000000000
miniFE.c 25 Ap -2859691927193394688.0000000000000000
miniFE.c 25 Ap -5506253966341226496.0000000000000000
miniFE.c 25 Ap -4027642088300600320.0000000000000000
miniFE.c 25 Ap -1384599921119410176.0000000000000000
miniFE.c 25 Ap 13771776.0000000000000000
miniFE.c 25 Ap -1728441993220225792.0000000000000000
miniFE.c 25 Ap -1727726686094511104.0000000000000000
miniFE.c 25 Ap -1012474042252762880.0000000000000000
miniFE.c 25 Ap -1361907120707066880.0000000000000000
miniFE.c 25 Ap -5428032171332827136.0000000000000000
miniFE.c 25 Ap -2950109643140693504.0000000000000000
miniFE.c 25 Ap -178472806383960576.0000000000000000
miniFE.c 25 Ap 2280783738776227328.0000000000000000
miniFE.c 25 Ap -2544008524709682688.0000000000000000
miniFE.c 25 Ap -2543712112190670336.0000000000000000
miniFE.c 25 Ap -2442120297925867520.0000000000000000
miniFE.c 25 Ap -4819680096980258816.0000000000000000
miniFE.c 25 Ap -5707574029043193856.0000000000000000
miniFE.c 25 Ap -4009348075401655296.0000000000000000
miniFE.c 25 Ap -3707826006250812928.0000000000000000
miniFE.c 25 Ap -2767816354623921664.0000000000000000
miniFE.c 25 Ap -2608352058470308352.0000000000000000
miniFE.c 25 Ap -2607808638136414720.0000000000000000
miniFE.c 25 Ap -2430267386281686016.0000000000000000
miniFE.c 25 Ap -2563614903183446016.0000000000000000
miniFE.c 25 Ap -18675265491950469120.0000000000000000
miniFE.c 25 Ap -17987572592357447680.0000000000000000
miniFE.c 25 Ap -14728781960006727680.0000000000000000
miniFE.c 25 Ap -13972291130087309312.0000000000000000
miniFE.c 25 Ap -2977993530134061056.0000000000000000
miniFE.c 25 Ap -2977513794931090944.0000000000000000
miniFE.c 25 Ap -2806551687594819072.0000000000000000
miniFE.c 25 Ap -3209558985121735168.0000000000000000
miniFE.c 25 Ap -4296205100364250624.0000000000000000
miniFE.c 25 Ap 5885174119336200192.0000000000000000
miniFE.c 25 Ap 7650440847800050688.0000000000000000
miniFE.c 25 Ap 8332622772536930304.0000000000000000
miniFE.c 25 Ap -926751645928379392.0000000000000000
miniFE.c 25 Ap -926185173889618176.0000000000000000
miniFE.c 25 Ap -799864204017131648.0000000000000000
miniFE.c 25 Ap -847131801610587392.0000000000000000
miniFE.c 25 Ap -4248683210985091072.0000000000000000
miniFE.c 25 Ap -3082579106116442112.0000000000000000
miniFE.c 25 Ap 12143458320037042176.0000000000000000
miniFE.c 25 Ap 12675992631171452928.0000000000000000
miniFE.c 25 Ap -1188508641706202112.0000000000000000
miniFE.c 25 Ap -1188163020109428224.0000000000000000
miniFE.c 25 Ap -1057622557769426560.0000000000000000
miniFE.c 25 Ap -1229246914120508928.0000000000000000
miniFE.c 25 Ap -2148905080516771840.0000000000000000
miniFE.c 25 Ap -1624062115479264512.0000000000000000
miniFE.c 25 Ap -1003836386166234368.0000000000000000
miniFE.c 25 Ap 11912942612407166976.0000000000000000
miniFE.c 57 sum 2105715253358456902018955101484351488.0000000000000000
miniFE.c 57 sum 2105715253358457492314765460190003200.0000000000000000
miniFE.c 57 sum 2129821031495865224633059164114911232.0000000000000000
miniFE.c 57 sum 2230439943385464162028099269881233408.0000000000000000
miniFE.c 57 sum 5612537466967430511432654489273761792.0000000000000000
miniFE.c 57 sum 6888995762532939632804668854331506688.0000000000000000
miniFE.c 57 sum 9828539311028973611647476078611529728.0000000000000000
miniFE.c 57 sum 12200539865768324800851612109027409920.0000000000000000
miniFE.c 90 p_ap_dot 12200539865768324800851612109027409920.0000000000000000
miniFE.c 91 alpha 0.0172706145591388
miniFE.c 40 y -11721266559047081984.0000000000000000
miniFE.c 40 y 71724552335882297344.0000000000000000
miniFE.c 40 y -9242798917198575616.0000000000000000
miniFE.c 40 y -1401231608397963520.0000000000000000
miniFE.c 40 y -4684216621969055744.0000000000000000
miniFE.c 40 y -3639225809026854912.0000000000000000
miniFE.c 40 y -8266668475454302208.0000000000000000
miniFE.c 40 y -3861278145224137728.0000000000000000
miniFE.c 40 y 1532203345667008.0000000000000000
miniFE.c 40 y -135987.5483747755351942
miniFE.c 40 y -10405668944527824.0000000000000000
miniFE.c 40 y 13032305045321296.0000000000000000
miniFE.c 40 y -1650281841987136.0000000000000000
miniFE.c 40 y -182053819626304.0000000000000000
miniFE.c 40 y 15578526738163296.0000000000000000
miniFE.c 40 y -15650993521473760.0000000000000000
miniFE.c 82 oldrtrans 210710821435092090831847329032568832.0000000000000000
miniFE.c 48 sum 2347647092473172931183846096896.0000000000000000
miniFE.c 48 sum 2347647092473172931183846096896.0000000000000000
miniFE.c 48 sum 110625593275583975662104581505024.0000000000000000
miniFE.c 48 sum 280466568069890875007594890526720.0000000000000000
miniFE.c 48 sum 283189998227883337812387207053312.0000000000000000
miniFE.c 48 sum 283223141821123861408223340789760.0000000000000000
miniFE.c 48 sum 525913637152792653700137119383552.0000000000000000
miniFE.c 48 sum 770867235362006279213282406432768.0000000000000000
miniFE.c 83 rtrans 770867235362006279213282406432768.0000000000000000
miniFE.c 84 beta 0.0036584131280579
miniFE.c 40 y 853674495743366.3750000000000000
miniFE.c 40 y 181829660719.0546875000000000
miniFE.c 40 y -10367002895791760.0000000000000000
miniFE.c 40 y 12899310113207086.0000000000000000
miniFE.c 40 y -2535828089588626.5000000000000000
miniFE.c 40 y 378371380624723.3750000000000000
miniFE.c 40 y 16426907217800888.0000000000000000
miniFE.c 40 y -14922562414940828.0000000000000000
miniFE.c 87 normr 27764495950079956.0000000000000000
miniFE.c 25 Ap 57277042726297408.0000000000000000
miniFE.c 25 Ap 57279786090394992.0000000000000000
miniFE.c 25 Ap -39332522067105216.0000000000000000
miniFE.c 25 Ap 137600736107598656.0000000000000000
miniFE.c 25 Ap 101938345994197072.0000000000000000
miniFE.c 25 Ap 108013628230059872.0000000000000000
miniFE.c 25 Ap 190094809724420896.0000000000000000
miniFE.c 25 Ap 94470089648047920.0000000000000000
miniFE.c 25 Ap 12879856638252828.0000000000000000
miniFE.c 25 Ap 12891936780871858.0000000000000000
miniFE.c 25 Ap -136309657885276272.0000000000000000
miniFE.c 25 Ap -59380545843170048.0000000000000000
miniFE.c 25 Ap -87106301201777152.0000000000000000
miniFE.c 25 Ap -83454159989200080.0000000000000000
miniFE.c 25 Ap 103770036604035952.0000000000000000
miniFE.c 25 Ap -18345904.0000000000000000
miniFE.c 25 Ap 7955574458500024.0000000000000000
miniFE.c 25 Ap 7958191345522203.0000000000000000
miniFE.c 25 Ap -693619295654550144.0000000000000000
miniFE.c 25 Ap -569628869467133824.0000000000000000
miniFE.c 25 Ap -612226166165099648.0000000000000000
miniFE.c 25 Ap -606105748007242112.0000000000000000
miniFE.c 25 Ap -409772338554518912.0000000000000000
miniFE.c 25 Ap -594083443777063680.0000000000000000
miniFE.c 25 Ap 11709417684118928.0000000000000000
miniFE.c 25 Ap 11710502082758798.0000000000000000
miniFE.c 25 Ap -87938943977098368.0000000000000000
miniFE.c 25 Ap 755697995246938624.0000000000000000
miniFE.c 25 Ap 746396293801581568.0000000000000000
miniFE.c 25 Ap 750590877306335360.0000000000000000
miniFE.c 25 Ap 771949684158858240.0000000000000000
miniFE.c 25 Ap 701499849166174976.0000000000000000
miniFE.c 25 Ap 12005574440182216.0000000000000000
miniFE.c 25 Ap 12007562494778950.0000000000000000
miniFE.c 25 Ap -162139218209252256.0000000000000000
miniFE.c 25 Ap -114823103991275984.0000000000000000
miniFE.c 25 Ap -283611016777687872.0000000000000000
miniFE.c 25 Ap -281912429327187712.0000000000000000
miniFE.c 25 Ap -51070687343885888.0000000000000000
miniFE.c 25 Ap -107766545784342336.0000000000000000
miniFE.c 25 Ap 13706939173453788.0000000000000000
miniFE.c 25 Ap 13708694241705738.0000000000000000
miniFE.c 25 Ap -153984730829724096.0000000000000000
miniFE.c 25 Ap -10984397838822800.0000000000000000
miniFE.c 25 Ap -22368255049400688.0000000000000000
miniFE.c 25 Ap 2779544181333068.0000000000000000
miniFE.c 25 Ap 127825087954058480.0000000000000000
miniFE.c 25 Ap 76698374574545184.0000000000000000
miniFE.c 25 Ap 4265599743954657.5000000000000000
miniFE.c 25 Ap 4267672131148033.5000000000000000
miniFE.c 25 Ap -119638124459181344.0000000000000000
miniFE.c 25 Ap -102866015772755760.0000000000000000
miniFE.c 25 Ap -138501145734194272.0000000000000000
miniFE.c 25 Ap -135620892354118912.0000000000000000
miniFE.c 25 Ap 942940267133695232.0000000000000000
miniFE.c 25 Ap 903029023368878336.0000000000000000
miniFE.c 25 Ap 5470399950216724.0000000000000000
miniFE.c 25 Ap 5471664375858058.0000000000000000
miniFE.c 25 Ap -122572950780558240.0000000000000000
miniFE.c 25 Ap -61674946555424424.0000000000000000
miniFE.c 25 Ap -71309414577665896.0000000000000000
miniFE.c 25 Ap -70013063147509208.0000000000000000
miniFE.c 25 Ap -26078363459789320.0000000000000000
miniFE.c 25 Ap -994137518503065344.0000000000000000
miniFE.c 57 sum 80646706143127927232574580064256.0000000000000000
miniFE.c 57 sum 80646706143124594568850325897216.0000000000000000
miniFE.c 57 sum 6239511488121885773603102768758784.0000000000000000
miniFE.c 57 sum 15288375586884372026323835769847808.0000000000000000
miniFE.c 57 sum 15561653020802245688468365824229376.0000000000000000
miniFE.c 57 sum 15590673490681688923153705100902400.0000000000000000
miniFE.c 57 sum 30424647472543602088417914632798208.0000000000000000
miniFE.c 57 sum 45259726641439989693744724511293440.0000000000000000
miniFE.c 90 p_ap_dot 45259726641439989693744724511293440.0000000000000000
miniFE.c 91 alpha 0.0170320789046966
miniFE.c 40 y -11721252019195711488.0000000000000000
miniFE.c 40 y 71724552338979233792.0000000000000000
miniFE.c 40 y -9242975488809902080.0000000000000000
miniFE.c 40 y -1401011906330299136.0000000000000000
miniFE.c 40 y -4684259812393166848.0000000000000000
miniFE.c 40 y -3639219364575644672.0000000000000000
miniFE.c 40 y -8266388691074408448.0000000000000000
miniFE.c 40 y -3861532307484649472.0000000000000000
miniFE.c 40 y -76818675352308.7500000000000000
miniFE.c 40 y 176481.3361312140186783
miniFE.c 40 y -287192854142970.0000000000000000
miniFE.c 40 y 1084304262690218.0000000000000000
miniFE.c 40 y 185206469098385.0000000000000000
miniFE.c 40 y -1488386587241935.5000000000000000
miniFE.c 40 y 198065158913420.0000000000000000
miniFE.c 40 y 1281235135789758.0000000000000000
miniFE.c 82 oldrtrans 770867235362006279213282406432768.0000000000000000
miniFE.c 48 sum 5901108882883408145781096448.0000000000000000
miniFE.c 48 sum 5901108882883408145781096448.0000000000000000
miniFE.c 48 sum 88380844353668648486469369856.0000000000000000
miniFE.c 48 sum 1264096578441845944378420363264.0000000000000000
miniFE.c 48 sum 1298398014637736923366273581056.0000000000000000
miniFE.c 48 sum 3513692647719432618467989127168.0000000000000000
miniFE.c 48 sum 3552922454894831035952746463232.0000000000000000
miniFE.c 48 sum 5194485928077031257752159125504.0000000000000000
miniFE.c 83 rtrans 5194485928077031257752159125504.0000000000000000
miniFE.c 84 beta 0.0067384961894737
miniFE.c 40 y -71066193015691.1718750000000000
miniFE.c 40 y 1225434957.2247829437255859
miniFE.c 40 y -357050863652525.9375000000000000
miniFE.c 40 y 1171226214734904.0000000000000000
miniFE.c 40 y 168118801179531.5937500000000000
miniFE.c 40 y -1485836933135390.0000000000000000
miniFE.c 40 y 308757810605409.8750000000000000
miniFE.c 40 y 1180679505819495.2500000000000000
miniFE.c 87 normr 2279141489262356.5000000000000000
miniFE.c 25 Ap -4768165611191825.0000000000000000
miniFE.c 25 Ap -4768147122380636.0000000000000000
miniFE.c 25 Ap -8095580172592483.0000000000000000
miniFE.c 25 Ap 7969532489556681.0000000000000000
miniFE.c 25 Ap 10333856119252918.0000000000000000
miniFE.c 25 Ap -13523336013942158.0000000000000000
miniFE.c 25 Ap -11980549806283956.0000000000000000
miniFE.c 25 Ap -4414681150183763.0000000000000000
miniFE.c 25 Ap -1072214740433891.3750000000000000
miniFE.c 25 Ap -1072133326714066.6250000000000000
miniFE.c 25 Ap -6210798644875311.0000000000000000
miniFE.c 25 Ap 774178994180145.0000000000000000
miniFE.c 25 Ap 2612324399944683.5000000000000000
miniFE.c 25 Ap -11729368911302312.0000000000000000
miniFE.c 25 Ap -8210329553130107.0000000000000000
miniFE.c 25 Ap 23747093.0000000000000000
miniFE.c 25 Ap -662280989812338.3750000000000000
miniFE.c 25 Ap -662263353389197.0000000000000000
miniFE.c 25 Ap -24825355634787968.0000000000000000
miniFE.c 25 Ap -13567324294168492.0000000000000000
miniFE.c 25 Ap -10743234410570508.0000000000000000
miniFE.c 25 Ap -34777672031519304.0000000000000000
miniFE.c 25 Ap -31087417204632080.0000000000000000
miniFE.c 25 Ap -16504643912739506.0000000000000000
miniFE.c 25 Ap -974778725837797.8750000000000000
miniFE.c 25 Ap -974771417569193.0000000000000000
miniFE.c 25 Ap -4406806802898411.5000000000000000
miniFE.c 25 Ap 72193390437591488.0000000000000000
miniFE.c 25 Ap 72810069029623744.0000000000000000
miniFE.c 25 Ap 56338244230947456.0000000000000000
miniFE.c 25 Ap 56739701325304360.0000000000000000
miniFE.c 25 Ap 62313722331304360.0000000000000000
miniFE.c 25 Ap -999433009518801.3750000000000000
miniFE.c 25 Ap -999419611090898.7500000000000000
miniFE.c 25 Ap -6997224287881487.0000000000000000
miniFE.c 25 Ap -2701035354897809.0000000000000000
miniFE.c 25 Ap 8489163881301301.0000000000000000
miniFE.c 25 Ap 1818934320211376.0000000000000000
miniFE.c 25 Ap 6157802854993595.0000000000000000
miniFE.c 25 Ap 10643603367274824.0000000000000000
miniFE.c 25 Ap -1141067221537143.7500000000000000
miniFE.c 25 Ap -1141055393312971.0000000000000000
miniFE.c 25 Ap -6916599477988498.0000000000000000
miniFE.c 25 Ap 6067485503679026.0000000000000000
miniFE.c 25 Ap 6822205602765788.0000000000000000
miniFE.c 25 Ap -91931375660183568.0000000000000000
miniFE.c 25 Ap -89581037412738448.0000000000000000
miniFE.c 25 Ap -85535870034067568.0000000000000000
miniFE.c 25 Ap -355100142083540.8750000000000000
miniFE.c 25 Ap -355086175298905.0625000000000000
miniFE.c 25 Ap -4622536674622076.0000000000000000
miniFE.c 25 Ap -3099669699758667.5000000000000000
miniFE.c 25 Ap -737153347175111.0000000000000000
miniFE.c 25 Ap -12047699197228720.0000000000000000
miniFE.c 25 Ap 8224782883063400.0000000000000000
miniFE.c 25 Ap 11382577520109472.0000000000000000
miniFE.c 25 Ap -455396642014709.0625000000000000
miniFE.c 25 Ap -455388120460109.1250000000000000
miniFE.c 25 Ap -4865384036079278.0000000000000000
miniFE.c 25 Ap 664007718018216.0000000000000000
miniFE.c 25 Ap 1302747867854055.2500000000000000
miniFE.c 25 Ap -3787930053053764.0000000000000000
miniFE.c 25 Ap -2962139689394391.0000000000000000
miniFE.c 25 Ap 73631113734438960.0000000000000000
miniFE.c 57 sum 313734582721692820290452586496.0000000000000000
miniFE.c 57 sum 313734582721721917766170050560.0000000000000000
miniFE.c 57 sum 6206731946042767285715260669952.0000000000000000
miniFE.c 57 sum 79190197078178222287651384328192.0000000000000000
miniFE.c 57 sum 80979586916514894396872787492864.0000000000000000
miniFE.c 57 sum 208071941721001153327253831024640.0000000000000000
miniFE.c 57 sum 211586401435156525161481259450368.0000000000000000
miniFE.c 57 sum 298521148412072952664165760106496.0000000000000000
miniFE.c 90 p_ap_dot 298521148412072952664165760106496.0000000000000000
miniFE.c 91 alpha 0.0174007300846460
miniFE.c 40 y -11721253255799353344.0000000000000000
miniFE.c 40 y 71724552339000557568.0000000000000000
miniFE.c 40 y -9242981701755607040.0000000000000000
miniFE.c 40 y -1400991526139068416.0000000000000000
miniFE.c 40 y -4684256887003285504.0000000000000000
miniFE.c 40 y -3639245219223068160.0000000000000000
miniFE.c 40 y -8266383318463084544.0000000000000000
miniFE.c 40 y -3861511762799252480.0000000000000000
miniFE.c 40 y -248186.5468750000000000
miniFE.c 40 y -236735.4194567723607179
miniFE.c 40 y -274194.2500000000000000
miniFE.c 40 y -166387.0000000000000000
miniFE.c 40 y -223593.4687500000000000
miniFE.c 40 y -223765.7500000000000000
miniFE.c 40 y -181564.1250000000000000
miniFE.c 40 y -135085.2500000000000000
