filename line variable value
miniFE.c 167 A 67.0947100000000063
miniFE.c 167 A 15.0875500000000002
miniFE.c 167 A 9.3192129999999995
miniFE.c 167 A 13.7164900000000003
miniFE.c 167 A 14.0634099999999993
miniFE.c 167 A 16.0564000000000000
miniFE.c 167 A 4.9967519999999999
miniFE.c 167 A 6.4080630000000003
miniFE.c 167 A 15.0875500000000002
miniFE.c 167 A 66.4365899999999954
miniFE.c 167 A 14.3919700000000006
miniFE.c 167 A 5.9638159999999996
miniFE.c 167 A 10.9336099999999998
miniFE.c 167 A 9.6522659999999991
miniFE.c 167 A 11.3974100000000007
miniFE.c 167 A 6.9539020000000002
miniFE.c 167 A 9.3192129999999995
miniFE.c 167 A 14.3919700000000006
miniFE.c 167 A 67.6740900000000067
miniFE.c 167 A 9.6121750000000006
miniFE.c 167 A 16.7981799999999986
miniFE.c 167 A 16.1756899999999995
miniFE.c 167 A 11.9519400000000005
miniFE.c 167 A 12.3511699999999998
miniFE.c 167 A 13.7164900000000003
miniFE.c 167 A 5.9638159999999996
miniFE.c 167 A 9.6121750000000006
miniFE.c 167 A 65.4017099999999942
miniFE.c 167 A 3.6681119999999998
miniFE.c 167 A 11.0858899999999991
miniFE.c 167 A 1.3002330000000000
miniFE.c 167 A 4.7210279999999996
miniFE.c 167 A 14.0634099999999993
miniFE.c 167 A 10.9336099999999998
miniFE.c 167 A 16.7981799999999986
miniFE.c 167 A 3.6681119999999998
miniFE.c 167 A 66.5612600000000043
miniFE.c 167 A 4.4892070000000004
miniFE.c 167 A 14.0526599999999995
miniFE.c 167 A 3.7993380000000001
miniFE.c 167 A 16.0564000000000000
miniFE.c 167 A 9.6522659999999991
miniFE.c 167 A 16.1756899999999995
miniFE.c 167 A 11.0858899999999991
miniFE.c 167 A 4.4892070000000004
miniFE.c 167 A 66.4632699999999943
miniFE.c 167 A 7.6122389999999998
miniFE.c 167 A 3.4261349999999999
miniFE.c 167 A 4.9967519999999999
miniFE.c 167 A 11.3974100000000007
miniFE.c 167 A 11.9519400000000005
miniFE.c 167 A 1.3002330000000000
miniFE.c 167 A 14.0526599999999995
miniFE.c 167 A 7.6122389999999998
miniFE.c 167 A 65.6581999999999937
miniFE.c 167 A 2.6745570000000001
miniFE.c 167 A 6.4080630000000003
miniFE.c 167 A 6.9539020000000002
miniFE.c 167 A 12.3511699999999998
miniFE.c 167 A 4.7210279999999996
miniFE.c 167 A 3.7993380000000001
miniFE.c 167 A 3.4261349999999999
miniFE.c 167 A 2.6745570000000001
miniFE.c 167 A 64.8721800000000002
miniFE.c 175 b 198.0110999999999990
miniFE.c 175 b 229.8237000000000023
miniFE.c 175 b 210.8053999999999917
miniFE.c 175 b 202.6418999999999926
miniFE.c 175 b 157.2561000000000035
miniFE.c 175 b 225.5886000000000138
miniFE.c 175 b 142.6283999999999992
miniFE.c 175 b 185.1795999999999935
miniFE.c 33 r 0.0000000000000000
miniFE.c 33 r 0.0000000000000000
miniFE.c 33 r 0.0000000000000000
miniFE.c 33 r 0.0000000000000000
miniFE.c 33 r 0.0000000000000000
miniFE.c 33 r 0.0000000000000000
miniFE.c 33 r 0.0000000000000000
miniFE.c 33 r 0.0000000000000000
miniFE.c 25 Ap 0.0000000000000000
miniFE.c 25 Ap 0.0000000000000000
miniFE.c 25 Ap 0.0000000000000000
miniFE.c 25 Ap 0.0000000000000000
miniFE.c 25 Ap 0.0000000000000000
miniFE.c 25 Ap 0.0000000000000000
miniFE.c 25 Ap 0.0000000000000000
miniFE.c 25 Ap 0.0000000000000000
miniFE.c 25 Ap 0.0000000000000000
miniFE.c 25 Ap 0.0000000000000000
miniFE.c 25 Ap 0.0000000000000000
miniFE.c 25 Ap 0.0000000000000000
miniFE.c 25 Ap 0.0000000000000000
miniFE.c 25 Ap 0.0000000000000000
miniFE.c 25 Ap 0.0000000000000000
miniFE.c 25 Ap 0.0000000000000000
miniFE.c 25 Ap 0.0000000000000000
miniFE.c 25 Ap 0.0000000000000000
miniFE.c 25 Ap 0.0000000000000000
miniFE.c 25 Ap 0.0000000000000000
miniFE.c 25 Ap 0.0000000000000000
miniFE.c 25 Ap 0.0000000000000000
miniFE.c 25 Ap 0.0000000000000000
miniFE.c 25 Ap 0.0000000000000000
miniFE.c 25 Ap 0.0000000000000000
miniFE.c 25 Ap 0.0000000000000000
miniFE.c 25 Ap 0.0000000000000000
miniFE.c 25 Ap 0.0000000000000000
miniFE.c 25 Ap 0.0000000000000000
miniFE.c 25 Ap 0.0000000000000000
miniFE.c 25 Ap 0.0000000000000000
miniFE.c 25 Ap 0.0000000000000000
miniFE.c 25 Ap 0.0000000000000000
miniFE.c 25 Ap 0.0000000000000000
miniFE.c 25 Ap 0.0000000000000000
miniFE.c 25 Ap 0.0000000000000000
miniFE.c 25 Ap 0.0000000000000000
miniFE.c 25 Ap 0.0000000000000000
miniFE.c 25 Ap 0.0000000000000000
miniFE.c 25 Ap 0.0000000000000000
miniFE.c 25 Ap 0.0000000000000000
miniFE.c 25 Ap 0.0000000000000000
miniFE.c 25 Ap 0.0000000000000000
miniFE.c 25 Ap 0.0000000000000000
miniFE.c 25 Ap 0.0000000000000000
miniFE.c 25 Ap 0.0000000000000000
miniFE.c 25 Ap 0.0000000000000000
miniFE.c 25 Ap 0.0000000000000000
miniFE.c 25 Ap 0.0000000000000000
miniFE.c 25 Ap 0.0000000000000000
miniFE.c 25 Ap 0.0000000000000000
miniFE.c 25 Ap 0.0000000000000000
miniFE.c 25 Ap 0.0000000000000000
miniFE.c 25 Ap 0.0000000000000000
miniFE.c 25 Ap 0.0000000000000000
miniFE.c 25 Ap 0.0000000000000000
miniFE.c 25 Ap 0.0000000000000000
miniFE.c 25 Ap 0.0000000000000000
miniFE.c 25 Ap 0.0000000000000000
miniFE.c 25 Ap 0.0000000000000000
miniFE.c 25 Ap 0.0000000000000000
miniFE.c 25 Ap 0.0000000000000000
miniFE.c 25 Ap 0.0000000000000000
miniFE.c 25 Ap 0.0000000000000000
miniFE.c 33 r 198.0110999999999990
miniFE.c 33 r 229.8237000000000023
miniFE.c 33 r 210.8053999999999917
miniFE.c 33 r 202.6418999999999926
miniFE.c 33 r 157.2561000000000035
miniFE.c 33 r 225.5886000000000138
miniFE.c 33 r 142.6283999999999992
miniFE.c 33 r 185.1795999999999935
miniFE.c 48 sum 39208.3957232100001420
miniFE.c 48 sum 92027.3288048999966122
miniFE.c 48 sum 136466.2454740600078367
miniFE.c 48 sum 177529.9851096700003836
miniFE.c 48 sum 202259.4660968800017145
miniFE.c 48 sum 253149.6825468399911188
miniFE.c 48 sum 273492.5430333999684080
miniFE.c 48 sum 307784.0272895599482581
miniFE.c 75 rtrans 307784.0272895599482581
miniFE.c 76 normr 554.7828649927464539
miniFE.c 33 r 198.0110999999999990
miniFE.c 33 r 229.8237000000000023
miniFE.c 33 r 210.8053999999999917
miniFE.c 33 r 202.6418999999999926
miniFE.c 33 r 157.2561000000000035
miniFE.c 33 r 225.5886000000000138
miniFE.c 33 r 142.6283999999999992
miniFE.c 33 r 185.1795999999999935
miniFE.c 87 normr 554.7828649927464539
miniFE.c 25 Ap 13285.4973312810016068
miniFE.c 25 Ap 16752.9738962160008668
miniFE.c 25 Ap 18717.5143203662009910
miniFE.c 25 Ap 21497.0499152972006414
miniFE.c 25 Ap 23708.6069245981998392
miniFE.c 25 Ap 27330.7477216381994367
miniFE.c 25 Ap 28043.4264645949988335
miniFE.c 25 Ap 29230.0690077097970061
miniFE.c 25 Ap 2987.5023718050001662
miniFE.c 25 Ap 18256.2053009880000900
miniFE.c 25 Ap 21290.1102936259994749
miniFE.c 25 Ap 22498.6292991164009436
miniFE.c 25 Ap 24218.0061666374022025
miniFE.c 25 Ap 26395.4473404050004319
miniFE.c 25 Ap 28021.0416928490012651
miniFE.c 25 Ap 29308.7624836482027604
miniFE.c 25 Ap 1845.3076172643000064
miniFE.c 25 Ap 5152.9234129532997031
miniFE.c 25 Ap 19418.9870250392996240
miniFE.c 25 Ap 21366.8164301717988565
miniFE.c 25 Ap 24008.4327040697971825
miniFE.c 25 Ap 27657.4839652037990163
miniFE.c 25 Ap 29362.1700442997971550
miniFE.c 25 Ap 31649.3547644317950471
miniFE.c 25 Ap 2716.0172730389999742
miniFE.c 25 Ap 4086.6435322781999275
miniFE.c 25 Ap 6112.9419280231995799
miniFE.c 25 Ap 19366.0687056721981207
miniFE.c 25 Ap 19942.9016931553996983
miniFE.c 25 Ap 22443.7520980093977414
miniFE.c 25 Ap 22629.2022504265987664
miniFE.c 25 Ap 23503.4403270553993934
miniFE.c 25 Ap 2784.7112838509997346
miniFE.c 25 Ap 5297.5139884079999320
miniFE.c 25 Ap 8838.6610425799990480
miniFE.c 25 Ap 9581.9742276727993158
miniFE.c 25 Ap 20049.1383863587980159
miniFE.c 25 Ap 21061.8523085989982064
miniFE.c 25 Ap 23066.1607201429978886
miniFE.c 25 Ap 23769.7206112477979332
miniFE.c 25 Ap 3179.3454260399998930
miniFE.c 25 Ap 5397.6649115441996400
miniFE.c 25 Ap 8807.5877122702004272
miniFE.c 25 Ap 11054.0535250612010714
miniFE.c 25 Ap 11760.0087099739012046
miniFE.c 25 Ap 26753.3647406958989450
miniFE.c 25 Ap 27839.0862096834971453
miniFE.c 25 Ap 28473.5365185294976982
miniFE.c 25 Ap 989.4123599472000024
miniFE.c 25 Ap 3608.8072965641999872
miniFE.c 25 Ap 6128.3407890401995246
miniFE.c 25 Ap 6391.8224746028990921
miniFE.c 25 Ap 8601.6889808288997301
miniFE.c 25 Ap 10318.9233197042995016
miniFE.c 25 Ap 19683.6473325842962367
miniFE.c 25 Ap 20178.9207280214977800
miniFE.c 25 Ap 1268.8676034993000030
miniFE.c 25 Ap 2867.0390905766998912
miniFE.c 25 Ap 5470.7324228946999938
miniFE.c 25 Ap 6427.4105067679001877
miniFE.c 25 Ap 7024.8795832297000743
miniFE.c 25 Ap 7797.7765812907000509
miniFE.c 25 Ap 8179.2443669095000587
miniFE.c 25 Ap 20192.2487104374995397
miniFE.c 57 sum 5787878.1172925252467394
miniFE.c 57 sum 12523726.3537057451903820
miniFE.c 57 sum 19195581.2445636950433254
miniFE.c 57 sum 23958363.0489748232066631
miniFE.c 57 sum 27696296.6103892698884010
miniFE.c 57 sum 34119601.8506532162427902
miniFE.c 57 sum 36997689.0278177559375763
miniFE.c 57 sum 40736881.5671170875430107
miniFE.c 90 p_ap_dot 40736881.5671170875430107
miniFE.c 91 alpha 0.0075554145395853
miniFE.c 40 y 1.4960559439392744
miniFE.c 40 y 1.7364133245212852
miniFE.c 40 y 1.5927221841830903
miniFE.c 40 y 1.5310435575891859
miniFE.c 40 y 1.1881350243784765
miniFE.c 40 y 1.7044153884046875
miniFE.c 40 y 1.0776166871177848
miniFE.c 40 y 1.3991086422745860
miniFE.c 40 y -22.8341878970944663
miniFE.c 40 y 8.3838497937928480
miniFE.c 40 y -28.3185951556805833
miniFE.c 40 y 25.0636652226906733
miniFE.c 40 y -22.3339927081014764
miniFE.c 40 y 10.4592281944898673
miniFE.c 40 y -9.8317110616323760
miniFE.c 40 y 32.6187905062384118
miniFE.c 82 oldrtrans 307784.0272895599482581
miniFE.c 48 sum 521.4001369198153952
miniFE.c 48 sum 591.6890742846958346
miniFE.c 48 sum 1393.6319058760316238
miniFE.c 48 sum 2021.8192202711456957
miniFE.c 48 sum 2520.6264505566755361
miniFE.c 48 sum 2630.0219049810871184
miniFE.c 48 sum 2726.6844473805117559
miniFE.c 48 sum 3790.6699414703807633
miniFE.c 83 rtrans 3790.6699414703807633
miniFE.c 84 beta 0.0123160060476568
miniFE.c 40 y -20.3954819919912929
miniFE.c 40 y 11.2143598728877070
miniFE.c 40 y -25.7223145744018780
miniFE.c 40 y 27.5594040885993330
miniFE.c 40 y -20.3972256294705545
miniFE.c 40 y 13.2375787563722938
miniFE.c 40 y -8.0750988246647655
miniFE.c 40 y 34.8994635797410737
miniFE.c 87 normr 61.5684167529942314
miniFE.c 25 Ap -1368.4289495628781879
miniFE.c 25 Ap -1199.2317342626911341
miniFE.c 25 Ap -1438.9434626345464494
miniFE.c 25 Ap -1060.9251720473146179
miniFE.c 25 Ap -1347.7797189370671731
miniFE.c 25 Ap -1135.2318593932511703
miniFE.c 25 Ap -1175.5811255955925390
miniFE.c 25 Ap -951.9431643104062459
miniFE.c 25 Ap -307.7178543282682313
miniFE.c 25 Ap 437.3259746592244710
miniFE.c 25 Ap 67.1311949738698672
miniFE.c 25 Ap 231.4904100279239856
miniFE.c 25 Ap 8.4750999132884317
miniFE.c 25 Ap 136.2477312657429991
miniFE.c 25 Ap 44.2125191705205509
miniFE.c 25 Ap 286.8999687566091552
miniFE.c 25 Ap -190.0698409210311297
miniFE.c 25 Ap -28.6731100612274190
miniFE.c 25 Ap -1769.4073415776119873
miniFE.c 25 Ap -1504.5015265822796664
miniFE.c 25 Ap -1847.1377942067392723
miniFE.c 25 Ap -1633.0108238930754396
miniFE.c 25 Ap -1729.5239205395391764
miniFE.c 25 Ap -1298.4747129573486291
miniFE.c 25 Ap -279.7544247883286630
miniFE.c 25 Ap -212.8740459486430154
miniFE.c 25 Ap -460.1214350428443822
miniFE.c 25 Ap 1342.3107189325432955
miniFE.c 25 Ap 1267.4914108343748467
miniFE.c 25 Ap 1414.2417527938548574
miniFE.c 25 Ap 1403.7422428237646272
miniFE.c 25 Ap 1568.5035875687024145
miniFE.c 25 Ap -286.8300254009902801
miniFE.c 25 Ap -164.2165881511864995
miniFE.c 25 Ap -596.3046583886125518
miniFE.c 25 Ap -495.2136775383722807
miniFE.c 25 Ap -1852.8787159402254474
miniFE.c 25 Ap -1793.4524847240677445
miniFE.c 25 Ap -1906.9291029734813492
miniFE.c 25 Ap -1774.3342448153550777
miniFE.c 25 Ap -327.4780170562090120
miniFE.c 25 Ap -219.2340325433706880
miniFE.c 25 Ap -635.3102191813773061
miniFE.c 25 Ap -329.7896969896148676
miniFE.c 25 Ap -421.3570650660134902
miniFE.c 25 Ap 458.4557059650224460
miniFE.c 25 Ap 396.9861237630551614
miniFE.c 25 Ap 516.5563974148312809
miniFE.c 25 Ap -101.9111654344464739
miniFE.c 25 Ap 25.9034919244026156
miniFE.c 25 Ap -281.5280685299741776
miniFE.c 25 Ap -245.6944218736423977
miniFE.c 25 Ap -532.3296985878780561
miniFE.c 25 Ap -431.5620853130493515
miniFE.c 25 Ap -961.7585389626534607
miniFE.c 25 Ap -868.4179343492119187
miniFE.c 25 Ap -130.6955335200457000
miniFE.c 25 Ap -52.7119739712521209
miniFE.c 25 Ap -370.4126540731673458
miniFE.c 25 Ap -240.3039357075754197
miniFE.c 25 Ap -317.7998901361968365
miniFE.c 25 Ap -272.4461582437332368
miniFE.c 25 Ap -294.0434703309321662
miniFE.c 25 Ap 1969.9608129174750957
miniFE.c 57 sum 19415.3396650920985849
miniFE.c 57 sum 22632.7391622489521978
miniFE.c 57 sum 56032.5141958440581220
miniFE.c 57 sum 99259.5383800676790997
miniFE.c 57 sum 135451.0343136627343483
miniFE.c 57 sum 142288.9903065495018382
miniFE.c 57 sum 149301.5509475306316745
miniFE.c 57 sum 218052.1265914611867629
miniFE.c 90 p_ap_dot 218052.1265914611867629
miniFE.c 91 alpha 0.0173842374331552
miniFE.c 40 y 1.1414960424268561
miniFE.c 40 y 1.9313664192124136
miniFE.c 40 y 1.1455593602913789
miniFE.c 40 y 2.0101427817816653
miniFE.c 40 y 0.8335448110581214
miniFE.c 40 y 1.9345406005455552
miniFE.c 40 y 0.9372372518536198
miniFE.c 40 y 2.0058092034345583
miniFE.c 40 y -6.2853819058532672
miniFE.c 40 y 3.3963126173631393
miniFE.c 40 y -5.7456024446819605
miniFE.c 40 y -2.2035735583594267
miniFE.c 40 y 8.5114550895468248
miniFE.c 40 y 1.4792891342151506
miniFE.c 40 y 5.2650725003045302
miniFE.c 40 y -1.6274759995304535
miniFE.c 82 oldrtrans 3790.6699414703807633
miniFE.c 48 sum 39.5060257024276495
miniFE.c 48 sum 51.0409650972877103
miniFE.c 48 sum 84.0529125496230307
miniFE.c 48 sum 88.9086489767238533
miniFE.c 48 sum 161.3535167180963867
miniFE.c 48 sum 163.5418130607033902
miniFE.c 48 sum 191.2628014941663821
miniFE.c 48 sum 193.9114796232140350
miniFE.c 83 rtrans 193.9114796232140350
miniFE.c 84 beta 0.0511549363614593
miniFE.c 40 y -7.3287114892148715
miniFE.c 40 y 3.9699824829952126
miniFE.c 40 y -7.0614258098049261
miniFE.c 40 y -0.7937739960473862
miniFE.c 40 y 7.4680363105209313
miniFE.c 40 y 2.1564566330771813
miniFE.c 40 y 4.8519913338163096
miniFE.c 40 y 0.1578038389402681
miniFE.c 87 normr 13.9252102182772823
miniFE.c 25 Ap -491.7177720425399912
miniFE.c 25 Ap -431.8204628312255409
miniFE.c 25 Ap -497.6273940364951613
miniFE.c 25 Ap -508.5151871155391632
miniFE.c 25 Ap -403.4891305857960333
miniFE.c 25 Ap -368.8642003024555720
miniFE.c 25 Ap -344.6200029012262576
miniFE.c 25 Ap -343.6087859596551652
miniFE.c 25 Ap -110.5723010291038406
miniFE.c 25 Ap 153.1797975008310289
miniFE.c 25 Ap 51.5519690888928181
miniFE.c 25 Ap 46.8180470308814805
miniFE.c 25 Ap 128.4706435159562261
miniFE.c 25 Ap 149.2853365558815710
miniFE.c 25 Ap 204.5854711038329299
miniFE.c 25 Ap 205.6828235350473335
miniFE.c 25 Ap -68.2978233835405888
miniFE.c 25 Ap -11.1619545877479780
miniFE.c 25 Ap -489.0375203688094530
miniFE.c 25 Ap -496.6674149292662150
miniFE.c 25 Ap -371.2179967385997088
miniFE.c 25 Ap -336.3358227434994774
miniFE.c 25 Ap -278.3451134412069905
miniFE.c 25 Ap -276.3960513998031274
miniFE.c 25 Ap -100.5241978547009012
miniFE.c 25 Ap -76.8479528028943264
miniFE.c 25 Ap -144.7236134362560165
miniFE.c 25 Ap -196.6377901312883125
miniFE.c 25 Ap -169.2441965242307447
miniFE.c 25 Ap -145.3379555001667427
miniFE.c 25 Ap -139.0292362522247629
miniFE.c 25 Ap -138.2842399100802595
miniFE.c 25 Ap -103.0666744445393164
miniFE.c 25 Ap -59.6604342686380278
miniFE.c 25 Ap -178.2795360783869114
miniFE.c 25 Ap -181.1911879985762823
miniFE.c 25 Ap 315.8907185554481885
miniFE.c 25 Ap 325.5714987678546777
miniFE.c 25 Ap 393.7548833049218047
miniFE.c 25 Ap 394.3544334267534168
miniFE.c 25 Ap -117.6727231554296651
miniFE.c 25 Ap -79.3533962142194014
miniFE.c 25 Ap -193.5768310716228484
miniFE.c 25 Ap -202.3765222766646161
miniFE.c 25 Ap -168.8509613952198833
miniFE.c 25 Ap -25.5258019477202538
miniFE.c 25 Ap 11.4087157112182780
miniFE.c 25 Ap 11.9493729669458926
miniFE.c 25 Ap -36.6197537911573860
miniFE.c 25 Ap 8.6277642603570825
miniFE.c 25 Ap -75.7699733328828131
miniFE.c 25 Ap -76.8020644770854943
miniFE.c 25 Ap 28.1437106623195774
miniFE.c 25 Ap 44.5591739464383849
miniFE.c 25 Ap 363.1321913404163411
miniFE.c 25 Ap 363.5542467024808957
miniFE.c 25 Ap -46.9628449317127163
miniFE.c 25 Ap -19.3559758032473397
miniFE.c 25 Ap -106.5728464225356333
miniFE.c 25 Ap -110.3202756835472371
miniFE.c 25 Ap -81.9466815436052656
miniFE.c 25 Ap -74.5583699970373743
miniFE.c 25 Ap -61.5814426112396234
miniFE.c 25 Ap -51.3443635668155451
miniFE.c 57 sum 2518.2096574576985404
miniFE.c 57 sum 3334.7668639448320391
miniFE.c 57 sum 5286.5170750275710816
miniFE.c 57 sum 5396.2835087313706026
miniFE.c 57 sum 8341.3367367772734724
miniFE.c 57 sum 8367.1050413729572028
miniFE.c 57 sum 10131.0670957455113239
miniFE.c 57 sum 10122.9647580667224247
miniFE.c 90 p_ap_dot 10122.9647580667224247
miniFE.c 91 alpha 0.0191556015710408
miniFE.c 40 y 1.0011101651103467
miniFE.c 40 y 2.0074138219006814
miniFE.c 40 y 1.0102935009552914
miniFE.c 40 y 1.9949375633759285
miniFE.c 40 y 0.9765995391405262
miniFE.c 40 y 1.9758488246140100
miniFE.c 40 y 1.0301800646703481
miniFE.c 40 y 2.0088320308996788
miniFE.c 40 y 0.2966510942989418
miniFE.c 40 y -0.5436656002809310
miniFE.c 40 y -0.4510698082584046
miniFE.c 40 y 0.4453442449122962
miniFE.c 40 y 0.9573586850503837
miniFE.c 40 y 1.2503917066365688
miniFE.c 40 y -1.6990277989880846
miniFE.c 40 y -0.6439438281258691
miniFE.c 82 oldrtrans 193.9114796232140350
miniFE.c 48 sum 0.0880018717487596
miniFE.c 48 sum 0.3835741566775847
miniFE.c 48 sum 0.5870381285998586
miniFE.c 48 sum 0.7853696250763619
miniFE.c 48 sum 1.7019052769177616
miniFE.c 48 sum 3.2653846969432729
miniFE.c 48 sum 6.1520801586775686
miniFE.c 48 sum 6.5667438124589674
miniFE.c 83 rtrans 6.5667438124589674
miniFE.c 84 beta 0.0338646470297617
miniFE.c 40 y 0.0484668665337211
miniFE.c 40 y -0.4092235447799613
miniFE.c 40 y -0.6902025008342975
miniFE.c 40 y 0.4184633687147480
miniFE.c 40 y 1.2102610987116187
miniFE.c 40 y 1.3234193493507158
miniFE.c 40 y -1.5347168250769327
miniFE.c 40 y -0.6385998568202156
miniFE.c 87 normr 2.5625658649991747
miniFE.c 25 Ap 3.2518703546887222
miniFE.c 25 Ap -2.9223103383561835
miniFE.c 25 Ap -9.3544544567636798
miniFE.c 25 Ap -3.6146058444215257
miniFE.c 25 Ap 13.4057921938104379
miniFE.c 25 Ap 34.6551426347252729
miniFE.c 25 Ap 26.9865432695884593
miniFE.c 25 Ap 22.8943551552935389
miniFE.c 25 Ap 0.7312462721708437
miniFE.c 25 Ap -26.4561705907220848
miniFE.c 25 Ap -36.3895442766542700
miniFE.c 25 Ap -33.8939057428993564
miniFE.c 25 Ap -20.6613828914150162
miniFE.c 25 Ap -7.8873873019349805
miniFE.c 25 Ap -25.3791841912350691
miniFE.c 25 Ap -29.8199450127768806
miniFE.c 25 Ap 0.4516730526703185
miniFE.c 25 Ap -5.4378599270965413
miniFE.c 25 Ap -52.1466860867818625
miniFE.c 25 Ap -48.1243429556061812
miniFE.c 25 Ap -27.7941591724506445
miniFE.c 25 Ap -6.3869380373517650
miniFE.c 25 Ap -24.7297814476617610
miniFE.c 25 Ap -32.6172368412238995
miniFE.c 25 Ap 0.6647952901411200
miniFE.c 25 Ap -1.7757386337943297
miniFE.c 25 Ap -8.4100858572512429
miniFE.c 25 Ap 18.9581340290537739
miniFE.c 25 Ap 23.3975072883710453
miniFE.c 25 Ap 38.0687886191446552
miniFE.c 25 Ap 36.0732991575244029
miniFE.c 25 Ap 33.0584513526801729
miniFE.c 25 Ap 0.6816094154789986
miniFE.c 25 Ap -3.7926812259626344
miniFE.c 25 Ap -15.3868270714273123
miniFE.c 25 Ap -13.8518565670843206
miniFE.c 25 Ap 66.7046470921453931
miniFE.c 25 Ap 72.6457504991860787
miniFE.c 25 Ap 51.0788967601004700
miniFE.c 25 Ap 48.6526400572888633
miniFE.c 25 Ap 0.7782033958120393
miniFE.c 25 Ap -3.1717311118670581
miniFE.c 25 Ap -14.3362328025873964
miniFE.c 25 Ap -9.6971939279862589
miniFE.c 25 Ap -4.2640813318223687
miniFE.c 25 Ap 83.6946962072985770
miniFE.c 25 Ap 72.0120649374917718
miniFE.c 25 Ap 69.8241356170450445
miniFE.c 25 Ap 0.2421769122861039
miniFE.c 25 Ap -4.4219116092244750
miniFE.c 25 Ap -12.6711704870459485
miniFE.c 25 Ap -12.1270706057518662
miniFE.c 25 Ap 4.8803171256689470
miniFE.c 25 Ap 14.9545015101510899
miniFE.c 25 Ap -85.8122427341151592
miniFE.c 25 Ap -87.5202144513726665
miniFE.c 25 Ap 0.3105787341606764
miniFE.c 25 Ap -2.5351216923317863
miniFE.c 25 Ap -11.0599301145613360
miniFE.c 25 Ap -9.0843528338846866
miniFE.c 25 Ap -4.4861618516278829
miniFE.c 25 Ap 0.0480515008598319
miniFE.c 25 Ap -4.0566361266674544
miniFE.c 25 Ap -45.4840009862827088
miniFE.c 57 sum 1.1096176556872215
miniFE.c 57 sum 13.3126412589593066
miniFE.c 57 sum 35.8251396970766223
miniFE.c 57 sum 49.6588906146117850
miniFE.c 57 sum 108.5412882255671150
miniFE.c 57 sum 200.9479003528530257
miniFE.c 57 sum 335.2666460057159838
miniFE.c 57 sum 364.3127225231666557
miniFE.c 90 p_ap_dot 364.3127225231666557
miniFE.c 91 alpha 0.0180250191840099
miniFE.c 40 y 1.0019837813094059
miniFE.c 40 y 2.0000375596554743
miniFE.c 40 y 0.9978525876369015
miniFE.c 40 y 2.0024803736248171
miniFE.c 40 y 0.9984145186624641
miniFE.c 40 y 1.9997034837745467
miniFE.c 40 y 1.0025167644563135
miniFE.c 40 y 1.9973212562295883
miniFE.c 40 y -0.1160200965807611
miniFE.c 40 y -0.0061605193595063
miniFE.c 40 y 0.1368565115340519
miniFE.c 40 y -0.1505349749134232
miniFE.c 40 y 0.0803939146650217
miniFE.c 40 y -0.0081896773675796
miniFE.c 40 y -0.1214742545134286
miniFE.c 40 y 0.1759061622174035
miniFE.c 82 oldrtrans 6.5667438124589674
miniFE.c 48 sum 0.0134606628106091
miniFE.c 48 sum 0.0134986148093880
miniFE.c 48 sum 0.0322283195586581
miniFE.c 48 sum 0.0548890982308430
miniFE.c 48 sum 0.0613522797460098
miniFE.c 48 sum 0.0614193505613948
miniFE.c 48 sum 0.0761753450709881
miniFE.c 48 sum 0.1071183229770435
miniFE.c 83 rtrans 0.1071183229770435
miniFE.c 84 beta 0.0163122433334174
miniFE.c 40 y -0.1152294932602548
miniFE.c 40 y -0.0128358733997207
miniFE.c 40 y 0.1255977603911096
miniFE.c 40 y -0.1437088986168266
miniFE.c 40 y 0.1001359882041746
miniFE.c 40 y 0.0133982610911822
miniFE.c 40 y -0.1465089288119733
miniFE.c 40 y 0.1654891659602667
miniFE.c 87 normr 0.3272893566510276
miniFE.c 25 Ap -7.7312894337437479
miniFE.c 25 Ap -7.9249513154557034
miniFE.c 25 Ap -6.7544790340479892
miniFE.c 25 Ap -8.7256607048367059
miniFE.c 25 Ap -7.3174072469662343
miniFE.c 25 Ap -7.1022794075817766
miniFE.c 25 Ap -7.8343481906408616
miniFE.c 25 Ap -6.7738831893500171
miniFE.c 25 Ap -1.7385307410387565
miniFE.c 25 Ap -2.5913023993879061
miniFE.c 25 Ap -0.7837031997718682
miniFE.c 25 Ap -1.6407566286852768
miniFE.c 25 Ap -0.5459087866962309
miniFE.c 25 Ap -0.4165852067066902
miniFE.c 25 Ap -2.0864075370375632
miniFE.c 25 Ap -0.9356120948881328
miniFE.c 25 Ap -1.0738481915743785
miniFE.c 25 Ap -1.2585816964669567
miniFE.c 25 Ap 7.2411324440394313
miniFE.c 25 Ap 5.8597773614772350
miniFE.c 25 Ap 7.5418797158088378
miniFE.c 25 Ap 7.7586058337588621
miniFE.c 25 Ap 6.0075399071338857
miniFE.c 25 Ap 8.0515247290673528
miniFE.c 25 Ap -1.5805441920093517
miniFE.c 25 Ap -1.6570949791645804
miniFE.c 25 Ap -0.4498273266771662
miniFE.c 25 Ap -9.8486350384342636
miniFE.c 25 Ap -9.4813250184706721
miniFE.c 25 Ap -9.3327933698225465
miniFE.c 25 Ap -9.5232891138585245
miniFE.c 25 Ap -8.7420101276634590
miniFE.c 25 Ap -1.6205196078111992
miniFE.c 25 Ap -1.7608620415731193
miniFE.c 25 Ap 0.3489517450736102
miniFE.c 25 Ap -0.1781885904495550
miniFE.c 25 Ap 6.4869889557654474
miniFE.c 25 Ap 6.5471365232438101
miniFE.c 25 Ap 4.4882963596849450
miniFE.c 25 Ap 5.1170456365060923
miniFE.c 25 Ap -1.8501708355839543
miniFE.c 25 Ap -1.9740660999803827
miniFE.c 25 Ap 0.0575643368004850
miniFE.c 25 Ap -1.5355767052868072
miniFE.c 25 Ap -1.0860455260887090
miniFE.c 25 Ap -0.1955532816549733
miniFE.c 25 Ap -1.3108142634057001
miniFE.c 25 Ap -0.7438260397884219
miniFE.c 25 Ap -0.5757732009071644
miniFE.c 25 Ap -0.7220689127518751
miniFE.c 25 Ap 0.7790679835770435
miniFE.c 25 Ap 0.5922129312017912
miniFE.c 25 Ap 1.9993899271990681
miniFE.c 25 Ap 2.1013806928095478
miniFE.c 25 Ap -7.5181318569127580
miniFE.c 25 Ap -7.0755216496695654
miniFE.c 25 Ap -0.7383978522697878
miniFE.c 25 Ap -0.8276572579758523
miniFE.c 25 Ap 0.7236220322340090
miniFE.c 25 Ap 0.0451682980148091
miniFE.c 25 Ap 0.4256187631664817
miniFE.c 25 Ap 0.4715230144301191
miniFE.c 25 Ap 0.0796765333135542
miniFE.c 25 Ap 10.8153194955378460
miniFE.c 57 sum 0.7805511273129607
miniFE.c 57 sum 0.7925605257141922
miniFE.c 57 sum 1.8038139994186873
miniFE.c 57 sum 3.0601186465623469
miniFE.c 57 sum 3.5725190680597443
miniFE.c 57 sum 3.5625530925722391
miniFE.c 57 sum 4.5991801902512535
miniFE.c 57 sum 6.3889983931616232
miniFE.c 90 p_ap_dot 6.3889983931616232
miniFE.c 91 alpha 0.0167660588382204
miniFE.c 40 y 1.0000518368455062
miniFE.c 40 y 1.9998223526468146
miniFE.c 40 y 0.9999583670775676
miniFE.c 40 y 2.0000709417750318
miniFE.c 40 y 1.0000934045325187
miniFE.c 40 y 1.9999281198083312
miniFE.c 40 y 1.0000603871355274
miniFE.c 40 y 2.0000958573231662
miniFE.c 40 y -0.0024487724648864
miniFE.c 40 y 0.0095260080731388
miniFE.c 40 y 0.0018641741891219
miniFE.c 40 y -0.0039659187486987
miniFE.c 40 y -0.0053987735544986
miniFE.c 40 y 0.0042813537809136
miniFE.c 40 y -0.0028456422239662
miniFE.c 40 y -0.0054241207989365
miniFE.c 82 oldrtrans 0.1071183229770435
miniFE.c 48 sum 0.0000059964865848
miniFE.c 48 sum 0.0000967413163943
miniFE.c 48 sum 0.0001002164618017
miniFE.c 48 sum 0.0001159449733230
miniFE.c 48 sum 0.0001450917292157
miniFE.c 48 sum 0.0001634217194131
miniFE.c 48 sum 0.0001715193990799
miniFE.c 48 sum 0.0002009404855213
miniFE.c 83 rtrans 0.0002009404855213
miniFE.c 84 beta 0.0018758740795857
miniFE.c 40 y -0.0026649284844971
miniFE.c 40 y 0.0095019295909394
miniFE.c 40 y 0.0020997797722936
miniFE.c 40 y -0.0042354985466198
miniFE.c 40 y -0.0052109310497927
miniFE.c 40 y 0.0043064872316061
miniFE.c 40 y -0.0031204745259525
miniFE.c 40 y -0.0051136839620593
miniFE.c 87 normr 0.0141753478095365
miniFE.c 25 Ap -0.1788026038380757
miniFE.c 25 Ap -0.0354417660382982
miniFE.c 25 Ap -0.0158734710872031
miniFE.c 25 Ap -0.0739696445469287
miniFE.c 25 Ap -0.1472531043818934
miniFE.c 25 Ap -0.0781064227963339
miniFE.c 25 Ap -0.0936986601248361
miniFE.c 25 Ap -0.1264674691158020
miniFE.c 25 Ap -0.0402072417562750
miniFE.c 25 Ap 0.5910685586858326
miniFE.c 25 Ap 0.6212885261752883
miniFE.c 25 Ap 0.5960287921749801
miniFE.c 25 Ap 0.5390545043396565
miniFE.c 25 Ap 0.5806218646247218
miniFE.c 25 Ap 0.5450565370578855
miniFE.c 25 Ap 0.5094964799267531
miniFE.c 25 Ap -0.0248350361767961
miniFE.c 25 Ap 0.1119164494381158
miniFE.c 25 Ap 0.2540171347284895
miniFE.c 25 Ap 0.2133047814861338
miniFE.c 25 Ap 0.1257706237441277
miniFE.c 25 Ap 0.1954310261915455
miniFE.c 25 Ap 0.1581353018858327
miniFE.c 25 Ap 0.0949753219441642
miniFE.c 25 Ap -0.0365534649083203
miniFE.c 25 Ap 0.0201142948169975
miniFE.c 25 Ap 0.0402977454497433
miniFE.c 25 Ap -0.2367111022017095
miniFE.c 25 Ap -0.2558253809166265
miniFE.c 25 Ap -0.2080841371806373
miniFE.c 25 Ap -0.2121414811349401
miniFE.c 25 Ap -0.2362833263029732
miniFE.c 25 Ap -0.0374779818981620
miniFE.c 25 Ap 0.0664124104966287
miniFE.c 25 Ap 0.1016848890719749
miniFE.c 25 Ap 0.0861486060271361
miniFE.c 25 Ap -0.2606975304201865
miniFE.c 25 Ap -0.2413648177946500
miniFE.c 25 Ap -0.2852157853465216
miniFE.c 25 Ap -0.3046443991435642
miniFE.c 25 Ap -0.0427891577184800
miniFE.c 25 Ap 0.0489259942065381
miniFE.c 25 Ap 0.0828913808714293
miniFE.c 25 Ap 0.0359371098884418
miniFE.c 25 Ap 0.0125441617431952
miniFE.c 25 Ap 0.2987673853689810
miniFE.c 25 Ap 0.2750135874840189
miniFE.c 25 Ap 0.2574934158826687
miniFE.c 25 Ap -0.0133159867347681
miniFE.c 25 Ap 0.0949814006043004
miniFE.c 25 Ap 0.1200778424559666
miniFE.c 25 Ap 0.1145707074741995
miniFE.c 25 Ap 0.0413432651480201
miniFE.c 25 Ap 0.0741252752054537
miniFE.c 25 Ap -0.1307594653144405
miniFE.c 25 Ap -0.1444363045509541
miniFE.c 25 Ap -0.0170770296191523
miniFE.c 25 Ap 0.0489984575671403
miniFE.c 25 Ap 0.0749331944972993
miniFE.c 25 Ap 0.0549372872647477
miniFE.c 25 Ap 0.0351391989118906
miniFE.c 25 Ap 0.0498938055431492
miniFE.c 25 Ap 0.0415479185564413
miniFE.c 25 Ap -0.2901879078933860
miniFE.c 57 sum 0.0003370267608090
miniFE.c 57 sum 0.0051782264399044
miniFE.c 57 sum 0.0053776536997899
miniFE.c 57 sum 0.0063784313849366
miniFE.c 57 sum 0.0079659123435792
miniFE.c 57 sum 0.0090748044513006
miniFE.c 57 sum 0.0095255142602745
miniFE.c 57 sum 0.0110094435108525
miniFE.c 90 p_ap_dot 0.0110094435108525
miniFE.c 91 alpha 0.0182516478079255
miniFE.c 40 y 1.0000031975093739
miniFE.c 40 y 1.9999957785192042
miniFE.c 40 y 0.9999966915184457
miniFE.c 40 y 1.9999936369472679
miniFE.c 40 y 0.9999982964542465
miniFE.c 40 y 2.0000067202965717
miniFE.c 40 y 1.0000034333334862
miniFE.c 40 y 2.0000025241644899
miniFE.c 40 y -0.0001405327594251
miniFE.c 40 y 0.0002268577621379
miniFE.c 40 y 0.0001307180625526
miniFE.c 40 y 0.0003466413058683
miniFE.c 40 y 0.0001614887253268
miniFE.c 40 y -0.0004183253586366
miniFE.c 40 y -0.0002094416626240
miniFE.c 40 y -0.0001277133059477
