filename line variable value
miniFE.c 167 A 67.0947100000000063
miniFE.c 167 A 15.0875500000000002
miniFE.c 167 A 9.3192129999999995
miniFE.c 167 A 13.7164900000000003
miniFE.c 167 A 14.0634099999999993
miniFE.c 167 A 16.0564000000000000
miniFE.c 167 A 4.9967519999999999
miniFE.c 167 A 6.4080630000000003
miniFE.c 167 A 15.0875500000000002
miniFE.c 167 A 66.4365899999999954
miniFE.c 167 A 14.3919700000000006
miniFE.c 167 A 5.9638159999999996
miniFE.c 167 A 10.9336099999999998
miniFE.c 167 A 9.6522659999999991
miniFE.c 167 A 11.3974100000000007
miniFE.c 167 A 6.9539020000000002
miniFE.c 167 A 9.3192129999999995
miniFE.c 167 A 14.3919700000000006
miniFE.c 167 A 67.6740900000000067
miniFE.c 167 A 9.6121750000000006
miniFE.c 167 A 16.7981799999999986
miniFE.c 167 A 16.1756899999999995
miniFE.c 167 A 11.9519400000000005
miniFE.c 167 A 12.3511699999999998
miniFE.c 167 A 13.7164900000000003
miniFE.c 167 A 5.9638159999999996
miniFE.c 167 A 9.6121750000000006
miniFE.c 167 A 65.4017099999999942
miniFE.c 167 A 3.6681119999999998
miniFE.c 167 A 11.0858899999999991
miniFE.c 167 A 1.3002330000000000
miniFE.c 167 A 4.7210279999999996
miniFE.c 167 A 14.0634099999999993
miniFE.c 167 A 10.9336099999999998
miniFE.c 167 A 16.7981799999999986
miniFE.c 167 A 3.6681119999999998
miniFE.c 167 A 66.5612600000000043
miniFE.c 167 A 4.4892070000000004
miniFE.c 167 A 14.0526599999999995
miniFE.c 167 A 3.7993380000000001
miniFE.c 167 A 16.0564000000000000
miniFE.c 167 A 9.6522659999999991
miniFE.c 167 A 16.1756899999999995
miniFE.c 167 A 11.0858899999999991
miniFE.c 167 A 4.4892070000000004
miniFE.c 167 A 66.4632699999999943
miniFE.c 167 A 7.6122389999999998
miniFE.c 167 A 3.4261349999999999
miniFE.c 167 A 4.9967519999999999
miniFE.c 167 A 11.3974100000000007
miniFE.c 167 A 11.9519400000000005
miniFE.c 167 A 1.3002330000000000
miniFE.c 167 A 14.0526599999999995
miniFE.c 167 A 7.6122389999999998
miniFE.c 167 A 65.6581999999999937
miniFE.c 167 A 2.6745570000000001
miniFE.c 167 A 6.4080630000000003
miniFE.c 167 A 6.9539020000000002
miniFE.c 167 A 12.3511699999999998
miniFE.c 167 A 4.7210279999999996
miniFE.c 167 A 3.7993380000000001
miniFE.c 167 A 3.4261349999999999
miniFE.c 167 A 2.6745570000000001
miniFE.c 167 A 64.8721800000000002
miniFE.c 175 b 198.0110999999999990
miniFE.c 175 b 229.8237000000000023
miniFE.c 175 b 210.8053999999999917
miniFE.c 175 b 202.6418999999999926
miniFE.c 175 b 157.2561000000000035
miniFE.c 175 b 225.5886000000000138
miniFE.c 175 b 142.6283999999999992
miniFE.c 175 b 185.1795999999999935
miniFE.c 33 r 0.0000000000000000
miniFE.c 33 r 0.0000000000000000
miniFE.c 33 r 0.0000000000000000
miniFE.c 33 r 0.0000000000000000
miniFE.c 33 r 0.0000000000000000
miniFE.c 33 r 0.0000000000000000
miniFE.c 33 r 0.0000000000000000
miniFE.c 33 r 0.0000000000000000
miniFE.c 25 Ap 0.0000000000000000
miniFE.c 25 Ap 0.0000000000000000
miniFE.c 25 Ap 0.0000000000000000
miniFE.c 25 Ap 0.0000000000000000
miniFE.c 25 Ap 0.0000000000000000
miniFE.c 25 Ap 0.0000000000000000
miniFE.c 25 Ap 0.0000000000000000
miniFE.c 25 Ap 0.0000000000000000
miniFE.c 25 Ap 0.0000000000000000
miniFE.c 25 Ap 0.0000000000000000
miniFE.c 25 Ap 0.0000000000000000
miniFE.c 25 Ap 0.0000000000000000
miniFE.c 25 Ap 0.0000000000000000
miniFE.c 25 Ap 0.0000000000000000
miniFE.c 25 Ap 0.0000000000000000
miniFE.c 25 Ap 0.0000000000000000
miniFE.c 25 Ap 0.0000000000000000
miniFE.c 25 Ap 0.0000000000000000
miniFE.c 25 Ap 0.0000000000000000
miniFE.c 25 Ap 0.0000000000000000
miniFE.c 25 Ap 0.0000000000000000
miniFE.c 25 Ap 0.0000000000000000
miniFE.c 25 Ap 0.0000000000000000
miniFE.c 25 Ap 0.0000000000000000
miniFE.c 25 Ap 0.0000000000000000
miniFE.c 25 Ap 0.0000000000000000
miniFE.c 25 Ap 0.0000000000000000
miniFE.c 25 Ap 0.0000000000000000
miniFE.c 25 Ap 0.0000000000000000
miniFE.c 25 Ap 0.0000000000000000
miniFE.c 25 Ap 0.0000000000000000
miniFE.c 25 Ap 0.0000000000000000
miniFE.c 25 Ap 0.0000000000000000
miniFE.c 25 Ap 0.0000000000000000
miniFE.c 25 Ap 0.0000000000000000
miniFE.c 25 Ap 0.0000000000000000
miniFE.c 25 Ap 0.0000000000000000
miniFE.c 25 Ap 0.0000000000000000
miniFE.c 25 Ap 0.0000000000000000
miniFE.c 25 Ap 0.0000000000000000
miniFE.c 25 Ap 0.0000000000000000
miniFE.c 25 Ap 0.0000000000000000
miniFE.c 25 Ap 0.0000000000000000
miniFE.c 25 Ap 0.0000000000000000
miniFE.c 25 Ap 0.0000000000000000
miniFE.c 25 Ap 0.0000000000000000
miniFE.c 25 Ap 0.0000000000000000
miniFE.c 25 Ap 0.0000000000000000
miniFE.c 25 Ap 0.0000000000000000
miniFE.c 25 Ap 0.0000000000000000
miniFE.c 25 Ap 0.0000000000000000
miniFE.c 25 Ap 0.0000000000000000
miniFE.c 25 Ap 0.0000000000000000
miniFE.c 25 Ap 0.0000000000000000
miniFE.c 25 Ap 0.0000000000000000
miniFE.c 25 Ap 0.0000000000000000
miniFE.c 25 Ap 0.0000000000000000
miniFE.c 25 Ap 0.0000000000000000
miniFE.c 25 Ap 0.0000000000000000
miniFE.c 25 Ap 0.0000000000000000
miniFE.c 25 Ap 0.0000000000000000
miniFE.c 25 Ap 0.0000000000000000
miniFE.c 25 Ap 0.0000000000000000
miniFE.c 25 Ap 0.0000000000000000
miniFE.c 33 r 198.0110999999999990
miniFE.c 33 r 229.8237000000000023
miniFE.c 33 r 210.8053999999999917
miniFE.c 33 r 202.6418999999999926
miniFE.c 33 r 157.2561000000000035
miniFE.c 33 r 225.5886000000000138
miniFE.c 33 r 142.6283999999999992
miniFE.c 33 r 185.1795999999999935
miniFE.c 48 sum 39208.3957232100001420
miniFE.c 48 sum 92027.3288048999966122
miniFE.c 48 sum 136466.2454740600078367
miniFE.c 48 sum 177529.9851096700003836
miniFE.c 48 sum 202259.4660968800017145
miniFE.c 48 sum 253149.6825468399911188
miniFE.c 48 sum 273492.5430333999684080
miniFE.c 48 sum 307784.0272895599482581
miniFE.c 75 rtrans 307784.0272895599482581
miniFE.c 76 normr 554.7828649927464539
miniFE.c 33 r 198.0110999999999990
miniFE.c 33 r 229.8237000000000023
miniFE.c 33 r 210.8053999999999917
miniFE.c 33 r 202.6418999999999926
miniFE.c 33 r 157.2561000000000035
miniFE.c 33 r 225.5886000000000138
miniFE.c 33 r 142.6283999999999992
miniFE.c 33 r 185.1795999999999935
miniFE.c 87 normr 554.7828649927464539
miniFE.c 25 Ap 13285.4973312810016068
miniFE.c 25 Ap 16752.9738962160008668
miniFE.c 25 Ap 18717.5143203662009910
miniFE.c 25 Ap 21497.0499152972006414
miniFE.c 25 Ap 23708.6069245981998392
miniFE.c 25 Ap 27330.7477216381994367
miniFE.c 25 Ap 28043.4264645949988335
miniFE.c 25 Ap 29230.0690077097970061
miniFE.c 25 Ap 2987.5023718050001662
miniFE.c 25 Ap 18256.2053009880000900
miniFE.c 25 Ap 21290.1102936259994749
miniFE.c 25 Ap 22498.6292991164009436
miniFE.c 25 Ap 24218.0061666374022025
miniFE.c 25 Ap 26395.4473404050004319
miniFE.c 25 Ap 28021.0416928490012651
miniFE.c 25 Ap 29308.7624836482027604
miniFE.c 25 Ap 1845.3076172643000064
miniFE.c 25 Ap 5152.9234129532997031
miniFE.c 25 Ap 19418.9870250392996240
miniFE.c 25 Ap 21366.8164301717988565
miniFE.c 25 Ap 24008.4327040697971825
miniFE.c 25 Ap 27657.4839652037990163
miniFE.c 25 Ap 29362.1700442997971550
miniFE.c 25 Ap 31649.3547644317950471
miniFE.c 25 Ap 2716.0172730389999742
miniFE.c 25 Ap 4086.6435322781999275
miniFE.c 25 Ap 6112.9419280231995799
miniFE.c 25 Ap 19366.0687056721981207
miniFE.c 25 Ap 19942.9016931553996983
miniFE.c 25 Ap 22443.7520980093977414
miniFE.c 25 Ap 22629.2022504265987664
miniFE.c 25 Ap 23503.4403270553993934
miniFE.c 25 Ap 2784.7112838509997346
miniFE.c 25 Ap 5297.5139884079999320
miniFE.c 25 Ap 8838.6610425799990480
miniFE.c 25 Ap 9581.9742276727993158
miniFE.c 25 Ap 20049.1383863587980159
miniFE.c 25 Ap 21061.8523085989982064
miniFE.c 25 Ap 23066.1607201429978886
miniFE.c 25 Ap 23769.7206112477979332
miniFE.c 25 Ap 3179.3454260399998930
miniFE.c 25 Ap 5397.6649115441996400
miniFE.c 25 Ap 8807.5877122702004272
miniFE.c 25 Ap 11054.0535250612010714
miniFE.c 25 Ap 11760.0087099739012046
miniFE.c 25 Ap 26753.3647406958989450
miniFE.c 25 Ap 27839.0862096834971453
miniFE.c 25 Ap 28473.5365185294976982
miniFE.c 25 Ap 989.4123599472000024
miniFE.c 25 Ap 3608.8072965641999872
miniFE.c 25 Ap 6128.3407890401995246
miniFE.c 25 Ap 6391.8224746028990921
miniFE.c 25 Ap 8601.6889808288997301
miniFE.c 25 Ap 10318.9233197042995016
miniFE.c 25 Ap 19683.6473325842962367
miniFE.c 25 Ap 20178.9207280214977800
miniFE.c 25 Ap 1268.8676034993000030
miniFE.c 25 Ap 2867.0390905766998912
miniFE.c 25 Ap 5470.7324228946999938
miniFE.c 25 Ap 6427.4105067679001877
miniFE.c 25 Ap 7024.8795832297000743
miniFE.c 25 Ap 7797.7765812907000509
miniFE.c 25 Ap 8179.2443669095000587
miniFE.c 25 Ap 20192.2487104374995397
miniFE.c 57 sum 5787878.1172925252467394
miniFE.c 57 sum 12523726.3537057451903820
miniFE.c 57 sum 19195581.2445636950433254
miniFE.c 57 sum 23958363.0489748232066631
miniFE.c 57 sum 27696296.6103892698884010
miniFE.c 57 sum 34119601.8506532162427902
miniFE.c 57 sum 36997689.0278177559375763
miniFE.c 57 sum 40736881.5671170875430107
miniFE.c 90 p_ap_dot 40736881.5671170875430107
miniFE.c 91 alpha 0.0075554145395853
miniFE.c 40 y 1.4960559439392744
miniFE.c 40 y 1.7364133245212852
miniFE.c 40 y 1.5927221841830903
miniFE.c 40 y 1.5310435575891859
miniFE.c 40 y 1.1881350243784765
miniFE.c 40 y 1.7044153884046875
miniFE.c 40 y 1.0776166871177848
miniFE.c 40 y 1.3991086422745860
miniFE.c 40 y -22.8341883739316245
miniFE.c 40 y 8.3838497937928480
miniFE.c 40 y -28.3185951556805833
miniFE.c 40 y 25.0636652226906733
miniFE.c 40 y -22.3339927081014764
miniFE.c 40 y 10.4592281944898673
miniFE.c 40 y -9.8317110616323760
miniFE.c 40 y 32.6187905062384118
miniFE.c 82 oldrtrans 307784.0272895599482581
miniFE.c 48 sum 521.4001586961941257
miniFE.c 48 sum 591.6890960610744514
miniFE.c 48 sum 1393.6319276524102406
miniFE.c 48 sum 2021.8192420475243125
miniFE.c 48 sum 2520.6264723330541528
miniFE.c 48 sum 2630.0219267574657351
miniFE.c 48 sum 2726.6844691568903727
miniFE.c 48 sum 3790.6699632467598349
miniFE.c 83 rtrans 3790.6699632467598349
miniFE.c 84 beta 0.0123160061184089
miniFE.c 40 y -20.3954824548187439
miniFE.c 40 y 11.2143598891482252
miniFE.c 40 y -25.7223145594869429
miniFE.c 40 y 27.5594041029366821
miniFE.c 40 y -20.3972256183443506
miniFE.c 40 y 13.2375787723331708
miniFE.c 40 y -8.0750988145735008
miniFE.c 40 y 34.8994635928429275
miniFE.c 87 normr 61.5684169298412272
miniFE.c 25 Ap -1368.4289806161518754
miniFE.c 25 Ap -1199.2317650706336281
miniFE.c 25 Ap -1438.9434933034935966
miniFE.c 25 Ap -1060.9252025196035447
miniFE.c 25 Ap -1347.7797492528836756
miniFE.c 25 Ap -1135.2318894527934390
miniFE.c 25 Ap -1175.5811556047112845
miniFE.c 25 Ap -951.9431942355674892
miniFE.c 25 Ap -307.7178613112005223
miniFE.c 25 Ap 437.3259687565855529
miniFE.c 25 Ap 67.1311892858862507
miniFE.c 25 Ap 231.4904044254456608
miniFE.c 25 Ap 8.4750944324596844
miniFE.c 25 Ap 136.2477259389728772
miniFE.c 25 Ap 44.2125139587647027
miniFE.c 25 Ap 286.8999636359623082
miniFE.c 25 Ap -190.0698452342187466
miniFE.c 25 Ap -28.6731141403941479
miniFE.c 25 Ap -1769.4073446474239972
miniFE.c 25 Ap -1504.5015295142784453
miniFE.c 25 Ap -1847.1377969518380269
miniFE.c 25 Ap -1633.0108263799961605
miniFE.c 25 Ap -1729.5239229058497585
miniFE.c 25 Ap -1298.4747151618360022
miniFE.c 25 Ap -279.7544311366967804
miniFE.c 25 Ap -212.8740522000363740
miniFE.c 25 Ap -460.1214411508727835
miniFE.c 25 Ap 1342.3107137622018854
miniFE.c 25 Ap 1267.4914057048456471
miniFE.c 25 Ap 1414.2417478412662604
miniFE.c 25 Ap 1403.7422378842968556
miniFE.c 25 Ap 1568.5035826910889227
miniFE.c 25 Ap -286.8300319099224680
miniFE.c 25 Ap -164.2165944823325390
miniFE.c 25 Ap -596.3046644692149130
miniFE.c 25 Ap -495.2136835663836223
miniFE.c 25 Ap -1852.8787212276629361
miniFE.c 25 Ap -1793.4524899398534217
miniFE.c 25 Ap -1906.9291080474579303
miniFE.c 25 Ap -1774.3342498395531948
miniFE.c 25 Ap -327.4780244875516928
miniFE.c 25 Ap -219.2340398177625218
miniFE.c 25 Ap -635.3102262145098393
miniFE.c 25 Ap -329.7897038638051299
miniFE.c 25 Ap -421.3570718902559520
miniFE.c 25 Ap 458.4557002015919807
miniFE.c 25 Ap 396.9861180764418123
miniFE.c 25 Ap 516.5563917731067249
miniFE.c 25 Ap -101.9111677470804693
miniFE.c 25 Ap 25.9034897970964124
miniFE.c 25 Ap -281.5280704790179698
miniFE.c 25 Ap -245.6944238040443054
miniFE.c 25 Ap -532.3297003619271663
miniFE.c 25 Ap -431.5620869656004857
miniFE.c 25 Ap -961.7585399526303718
miniFE.c 25 Ap -868.4179353041471359
miniFE.c 25 Ap -130.6955364858731627
miniFE.c 25 Ap -52.7119768240055322
miniFE.c 25 Ap -370.4126567417038700
miniFE.c 25 Ap -240.3039383084249323
miniFE.c 25 Ap -317.7998926947741438
miniFE.c 25 Ap -272.4461607476264362
miniFE.c 25 Ap -294.0434728078357125
miniFE.c 25 Ap 1969.9608112905175403
miniFE.c 57 sum 19415.3407160156275495
miniFE.c 57 sum 22632.7401604128463077
miniFE.c 57 sum 56032.5152313458020217
miniFE.c 57 sum 99259.5393036334862700
miniFE.c 57 sum 135451.0353199666133150
miniFE.c 57 sum 142288.9912464153021574
miniFE.c 57 sum 149301.5518863441830035
miniFE.c 57 sum 218052.1274993049155455
miniFE.c 90 p_ap_dot 218052.1274993049155455
miniFE.c 91 alpha 0.0173842374606450
miniFE.c 40 y 1.1414960338202862
miniFE.c 40 y 1.9313664198033706
miniFE.c 40 y 1.1455593598435627
miniFE.c 40 y 2.0101427827885114
miniFE.c 40 y 0.8335448106908265
miniFE.c 40 y 1.9345406011869211
miniFE.c 40 y 0.9372372518070660
miniFE.c 40 y 2.0058092046217029
miniFE.c 40 y -6.2853818362955991
miniFE.c 40 y 3.3963126984948593
miniFE.c 40 y -5.7456023706638284
miniFE.c 40 y -2.2035735166836723
miniFE.c 40 y 8.5114552256647578
miniFE.c 40 y 1.4792892180922035
miniFE.c 40 y 5.2650725407779788
miniFE.c 40 y -1.6274760254008527
miniFE.c 82 oldrtrans 3790.6699632467598349
miniFE.c 48 sum 39.5060248280346400
miniFE.c 48 sum 51.0409647739920729
miniFE.c 48 sum 84.0529113757698809
miniFE.c 48 sum 88.9086476191995274
miniFE.c 48 sum 161.3535176776954359
miniFE.c 48 sum 163.5418142684592908
miniFE.c 48 sum 191.2628031281135748
miniFE.c 48 sum 193.9114813413681304
miniFE.c 83 rtrans 193.9114813413681304
miniFE.c 84 beta 0.0511549365208467
miniFE.c 40 y -7.3287114465838936
miniFE.c 40 y 3.9699825667461655
miniFE.c 40 y -7.0614257391236324
miniFE.c 40 y -0.7937739492455855
miniFE.c 40 y 7.4680364439569651
miniFE.c 40 y 2.1564567198806142
miniFE.c 40 y 4.8519913735189073
miniFE.c 40 y 0.1578038193026263
miniFE.c 87 normr 13.9252102799694963
miniFE.c 25 Ap -491.7177691822269026
miniFE.c 25 Ap -431.8204587073157654
miniFE.c 25 Ap -497.6273892538913515
miniFE.c 25 Ap -508.5151816909789204
miniFE.c 25 Ap -403.4891232846700859
miniFE.c 25 Ap -368.8641916075790164
miniFE.c 25 Ap -344.6199940079656585
miniFE.c 25 Ap -343.6087771922337879
miniFE.c 25 Ap -110.5723003859068285
miniFE.c 25 Ap 153.1798037081557595
miniFE.c 25 Ap 51.5519763134606137
miniFE.c 25 Ap 46.8180545345666062
miniFE.c 25 Ap 128.4706524785789270
miniFE.c 25 Ap 149.2853463563540970
miniFE.c 25 Ap 204.5854813568122381
miniFE.c 25 Ap 205.6828336514683997
miniFE.c 25 Ap -68.2978229862534221
miniFE.c 25 Ap -11.1619529851196120
miniFE.c 25 Ap -489.0375139828888678
miniFE.c 25 Ap -496.6674080934785707
miniFE.c 25 Ap -371.2179876613295733
miniFE.c 25 Ap -336.3358122621239090
miniFE.c 25 Ap -278.3451024853083595
miniFE.c 25 Ap -276.3960406864523520
miniFE.c 25 Ap -100.5241972699535182
miniFE.c 25 Ap -76.8479517186716663
miniFE.c 25 Ap -144.7236116726323871
miniFE.c 25 Ap -196.6377853067468777
miniFE.c 25 Ap -169.2441912102310084
miniFE.c 25 Ap -145.3379492238736930
miniFE.c 25 Ap -139.0292299243090781
miniFE.c 25 Ap -138.2842336748744287
miniFE.c 25 Ap -103.0666738450023843
miniFE.c 25 Ap -59.6604327534008405
miniFE.c 25 Ap -178.2795333758326422
miniFE.c 25 Ap -181.1911851243477543
miniFE.c 25 Ap 315.8907303113472835
miniFE.c 25 Ap 325.5715109134323484
miniFE.c 25 Ap 393.7548960084265559
miniFE.c 25 Ap 394.3544460556481681
miniFE.c 25 Ap -117.6727224709296280
miniFE.c 25 Ap -79.3533947213328901
miniFE.c 25 Ap -193.5768284354176387
miniFE.c 25 Ap -202.3765191216197934
miniFE.c 25 Ap -168.8509576411530588
miniFE.c 25 Ap -25.5257924244134529
miniFE.c 25 Ap 11.4087255367507368
miniFE.c 25 Ap 11.9493827251971396
miniFE.c 25 Ap -36.6197535781409655
miniFE.c 25 Ap 8.6277654279174527
miniFE.c 25 Ap -75.7699713205438599
miniFE.c 25 Ap -76.8020624038933022
miniFE.c 25 Ap 28.1437146106429736
miniFE.c 25 Ap 44.5591785555302593
miniFE.c 25 Ap 363.1321985563093335
miniFE.c 25 Ap 363.5542538658519334
miniFE.c 25 Ap -46.9628446585307273
miniFE.c 25 Ap -19.3559749476694343
miniFE.c 25 Ap -106.5728446939610734
miniFE.c 25 Ap -110.3202737340200628
miniFE.c 25 Ap -81.9466790871094872
miniFE.c 25 Ap -74.5583672431413191
miniFE.c 25 Ap -61.5814397511567080
miniFE.c 25 Ap -51.3443619806692624
miniFE.c 57 sum 2518.2095785554183749
miniFE.c 57 sum 3334.7668424306993984
miniFE.c 57 sum 5286.5169583258766579
miniFE.c 57 sum 5396.2833806083808668
miniFE.c 57 sum 8341.3367555884215108
miniFE.c 57 sum 8367.1050822645975131
miniFE.c 57 sum 10131.0671858278146829
miniFE.c 57 sum 10122.9648494076081988
miniFE.c 90 p_ap_dot 10122.9648494076081988
miniFE.c 91 alpha 0.0191556015679256
miniFE.c 40 y 1.0011101573432295
miniFE.c 40 y 2.0074138240835708
miniFE.c 40 y 1.0102935018834158
miniFE.c 40 y 1.9949375652817642
miniFE.c 40 y 0.9765995413060141
miniFE.c 40 y 1.9758488269114298
miniFE.c 40 y 1.0301800653692061
miniFE.c 40 y 2.0088320317101611
miniFE.c 40 y 0.2966357360518899
miniFE.c 40 y -0.5436657122945894
miniFE.c 40 y -0.4510699403219940
miniFE.c 40 y 0.4453441667181424
miniFE.c 40 y 0.9573585804827518
miniFE.c 40 y 1.2503916036256741
miniFE.c 40 y -1.6990278946007562
miniFE.c 40 y -0.6439438845398050
miniFE.c 82 oldrtrans 193.9114813413681304
miniFE.c 48 sum 0.0879927599030465
miniFE.c 48 sum 0.3835651666278297
miniFE.c 48 sum 0.5870292576899169
miniFE.c 48 sum 0.7853606845197935
miniFE.c 48 sum 1.7018961361437430
miniFE.c 48 sum 3.2653752985613282
miniFE.c 48 sum 6.1520710851928069
miniFE.c 48 sum 6.5667348116290203
miniFE.c 83 rtrans 6.5667348116290203
miniFE.c 84 beta 0.0338646003124937
miniFE.c 40 y 0.0484518521077284
miniFE.c 40 y -0.4092238394241625
miniFE.c 40 y -0.6902023006137715
miniFE.c 40 y 0.4184633291884709
miniFE.c 40 y 1.2102606497764916
miniFE.c 40 y 1.3234191485356224
miniFE.c 40 y -1.5347171460168709
miniFE.c 40 y -0.6385999212713366
miniFE.c 87 normr 2.5625641087842115
miniFE.c 25 Ap 3.2508629661309278
miniFE.c 25 Ap -2.9233221723730942
miniFE.c 25 Ap -9.3554644248828609
miniFE.c 25 Ap -3.6156163547024915
miniFE.c 25 Ap 13.4047753699707179
miniFE.c 25 Ap 34.6541225865180849
miniFE.c 25 Ap 26.9855216177239932
miniFE.c 25 Ap 22.8933330904222281
miniFE.c 25 Ap 0.7310197412679580
miniFE.c 25 Ap -26.4564166967809591
miniFE.c 25 Ap -36.3897875011453422
miniFE.c 25 Ap -33.8941492031178697
miniFE.c 25 Ap -20.6616312601151222
miniFE.c 25 Ap -7.8876376089557851
miniFE.c 25 Ap -25.3794381561399298
miniFE.c 25 Ap -29.8201994258685197
miniFE.c 25 Ap 0.4515331300364201
miniFE.c 25 Ap -5.4380040902409430
miniFE.c 25 Ap -52.1468167001843810
miniFE.c 25 Ap -48.1244739489421889
miniFE.c 25 Ap -27.7942977070797248
miniFE.c 25 Ap -6.3870798203035442
miniFE.c 25 Ap -24.7299270664684236
miniFE.c 25 Ap -32.6173832560773178
miniFE.c 25 Ap 0.6645893449171359
miniFE.c 25 Ap -1.7759463362221148
miniFE.c 25 Ap -8.4102916351242953
miniFE.c 25 Ap 18.9579256660946101
miniFE.c 25 Ap 23.3972972786675548
miniFE.c 25 Ap 38.0685763832271249
miniFE.c 25 Ap 36.0730865043101687
miniFE.c 25 Ap 33.0582383951903935
miniFE.c 25 Ap 0.6813982614503490
miniFE.c 25 Ap -3.7928956015160677
miniFE.c 25 Ap -15.3870380836403129
miniFE.c 25 Ap -13.8520677242841330
miniFE.c 25 Ap 66.7044060532578840
miniFE.c 25 Ap 72.6455085587980420
miniFE.c 25 Ap 51.0786503096526019
miniFE.c 25 Ap 48.6523933619694020
miniFE.c 25 Ap 0.7779623181825307
miniFE.c 25 Ap -3.1719750334807721
miniFE.c 25 Ap -14.3364734854959490
miniFE.c 25 Ap -9.6974350490787717
miniFE.c 25 Ap -4.2643244682775965
miniFE.c 25 Ap 83.6944397240155666
miniFE.c 25 Ap 72.0118060111372529
miniFE.c 25 Ap 69.8238764698722889
miniFE.c 25 Ap 0.2421018889229962
miniFE.c 25 Ap -4.4219899907683473
miniFE.c 25 Ap -12.6712464755661074
miniFE.c 25 Ap -12.1271466456653947
miniFE.c 25 Ap 4.8802347770227179
miniFE.c 25 Ap 14.9544176328523744
miniFE.c 25 Ap -85.8123476837525345
miniFE.c 25 Ap -87.5203195733882353
miniFE.c 25 Ap 0.3104825207730066
miniFE.c 25 Ap -2.5352199546463559
miniFE.c 25 Ap -11.0600259039181523
miniFE.c 25 Ap -9.0844488098461635
miniFE.c 25 Ap -4.4862595332456472
miniFE.c 25 Ap 0.0479531312224468
miniFE.c 25 Ap -4.0567353546769978
miniFE.c 25 Ap -45.4841043953769741
miniFE.c 57 sum 1.1092243891501032
miniFE.c 57 sum 13.3123608905982245
miniFE.c 57 sum 35.8249538539438959
miniFE.c 57 sum 49.6586143499013986
miniFE.c 57 sum 108.5406915533399541
miniFE.c 57 sum 200.9469466985548252
miniFE.c 57 sum 335.2658817727096903
miniFE.c 57 sum 364.3120272586946840
miniFE.c 90 p_ap_dot 364.3120272586946840
miniFE.c 91 alpha 0.0180250288771445
miniFE.c 40 y 1.0019835033766225
miniFE.c 40 y 2.0000375525607343
miniFE.c 40 y 0.9978525854837811
miniFE.c 40 y 2.0024803788744125
miniFE.c 40 y 0.9984145244671070
miniFE.c 40 y 1.9997034952803503
miniFE.c 40 y 1.0025167444940033
miniFE.c 40 y 1.9973212496883030
miniFE.c 40 y -0.1160172539970581
miniFE.c 40 y -0.0061557565211019
miniFE.c 40 y 0.1368593347656887
miniFE.c 40 y -0.1505315349826910
miniFE.c 40 y 0.0803977851910607
miniFE.c 40 y -0.0081857860579431
miniFE.c 40 y -0.1214716069535196
miniFE.c 40 y 0.1759084106379193
miniFE.c 82 oldrtrans 6.5667348116290203
miniFE.c 48 sum 0.0134600032250179
miniFE.c 48 sum 0.0134978965633650
miniFE.c 48 sum 0.0322283740758718
miniFE.c 48 sum 0.0548881171001170
miniFE.c 48 sum 0.0613519209637449
miniFE.c 48 sum 0.0614189280571313
miniFE.c 48 sum 0.0761742793530017
miniFE.c 48 sum 0.1071180482861605
miniFE.c 83 rtrans 0.1071180482861605
miniFE.c 84 beta 0.0163122238614639
miniFE.c 40 y -0.1152268965389743
miniFE.c 40 y -0.0128311073992366
miniFE.c 40 y 0.1256006003283794
miniFE.c 40 y -0.1437054674791552
miniFE.c 40 y 0.1001398278409355
miniFE.c 40 y 0.0134021233555179
miniFE.c 40 y -0.1465062566033737
miniFE.c 40 y 0.1654914257642280
miniFE.c 87 normr 0.3272889370054547
miniFE.c 25 Ap -7.7311152074824872
miniFE.c 25 Ap -7.9247051819238390
miniFE.c 25 Ap -6.7542064345358011
miniFE.c 25 Ap -8.7253410421589592
miniFE.c 25 Ap -7.3170335859024682
miniFE.c 25 Ap -7.1018437324569303
miniFE.c 25 Ap -7.8338991631523509
miniFE.c 25 Ap -6.7734196808953548
miniFE.c 25 Ap -1.7384915628766022
miniFE.c 25 Ap -2.5909465844056494
miniFE.c 25 Ap -0.7833065124976222
miniFE.c 25 Ap -1.6403394787372876
miniFE.c 25 Ap -0.5454496556573563
miniFE.c 25 Ap -0.4160887960650846
miniFE.c 25 Ap -2.0858806701389425
miniFE.c 25 Ap -0.9350695135342255
miniFE.c 25 Ap -1.0738239921756645
miniFE.c 25 Ap -1.2584889049322554
miniFE.c 25 Ap 7.2414174257445261
miniFE.c 25 Ap 5.8600953238780775
miniFE.c 25 Ap 7.5422621771191238
miniFE.c 25 Ap 7.7590507698597415
miniFE.c 25 Ap 6.0080167813116150
miniFE.c 25 Ap 8.0520295144679750
miniFE.c 25 Ap -1.5805085741078762
miniFE.c 25 Ap -1.6570309377131618
miniFE.c 25 Ap -0.4497359872517210
miniFE.c 25 Ap -9.8483192967378610
miniFE.c 25 Ap -9.4809951925565912
miniFE.c 25 Ap -9.3324207272708879
miniFE.c 25 Ap -9.5229129968130621
miniFE.c 25 Ap -8.7416233420202207
miniFE.c 25 Ap -1.6204830890551769
miniFE.c 25 Ap -1.7607734132265440
miniFE.c 25 Ap 0.3490880791976330
miniFE.c 25 Ap -0.1780396705282660
miniFE.c 25 Ap 6.4873934467474843
miniFE.c 25 Ap 6.5475583527299390
miniFE.c 25 Ap 4.4887557408099736
miniFE.c 25 Ap 5.1175136033901847
miniFE.c 25 Ap -1.8501291415883874
miniFE.c 25 Ap -1.9739784032803871
miniFE.c 25 Ap 0.0576979714453767
miniFE.c 25 Ap -1.5354050334271152
miniFE.c 25 Ap -1.0858566173047923
miniFE.c 25 Ap -0.1951076741536978
miniFE.c 25 Ap -1.3103483144139068
miniFE.c 25 Ap -0.7433523484031833
miniFE.c 25 Ap -0.5757602257349130
miniFE.c 25 Ap -0.7220016175180461
miniFE.c 25 Ap 0.7791692215707253
miniFE.c 25 Ap 0.5923186304739009
miniFE.c 25 Ap 1.9995495835811021
miniFE.c 25 Ap 2.1015697496707868
miniFE.c 25 Ap -7.5177673476448437
miniFE.c 25 Ap -7.0751510964271471
miniFE.c 25 Ap -0.7383812123162296
miniFE.c 25 Ap -0.8276074757219957
miniFE.c 25 Ap 0.7237068910358747
miniFE.c 25 Ap 0.0452693553136936
miniFE.c 25 Ap 0.4257344085432180
miniFE.c 25 Ap 0.4716518924458754
miniFE.c 25 Ap 0.0798125583035260
miniFE.c 25 Ap 10.8156021189371661
miniFE.c 57 sum 0.7804801287855816
miniFE.c 57 sum 0.7924781061394911
miniFE.c 57 sum 1.8038178470184985
miniFE.c 57 sum 3.0600369159102092
miniFE.c 57 sum 3.5725038471273480
miniFE.c 57 sum 3.5625413472574348
miniFE.c 57 sum 4.5990952492982311
miniFE.c 57 sum 6.3889846644597483
miniFE.c 90 p_ap_dot 6.3889846644597483
miniFE.c 91 alpha 0.0167660518708129
miniFE.c 40 y 1.0000516032523372
miniFE.c 40 y 1.9998224255485189
miniFE.c 40 y 0.9999584116638920
miniFE.c 40 y 2.0000710055525377
miniFE.c 40 y 1.0000934740150225
miniFE.c 40 y 1.9999281959757080
miniFE.c 40 y 1.0000604129963926
miniFE.c 40 y 2.0000958875168409
miniFE.c 40 y -0.0024537482843814
miniFE.c 40 y 0.0095216674456287
miniFE.c 40 y 0.0018585902608019
miniFE.c 40 y -0.0039690245952709
miniFE.c 40 y -0.0054027133329700
miniFE.c 40 y 0.0042772979736753
miniFE.c 40 y -0.0028492566769830
miniFE.c 40 y -0.0054265355022555
miniFE.c 82 oldrtrans 0.1071180482861605
miniFE.c 48 sum 0.0000060208806431
miniFE.c 48 sum 0.0000966830315883
miniFE.c 48 sum 0.0001001373893458
miniFE.c 48 sum 0.0001158905455837
miniFE.c 48 sum 0.0001450798569419
miniFE.c 48 sum 0.0001633751348975
miniFE.c 48 sum 0.0001714933985089
miniFE.c 48 sum 0.0002009406860661
miniFE.c 83 rtrans 0.0002009406860661
miniFE.c 84 beta 0.0018758807622156
miniFE.c 40 y -0.0026699002028887
miniFE.c 40 y 0.0094975978181006
miniFE.c 40 y 0.0020942020106807
miniFE.c 40 y -0.0042385989171402
miniFE.c 40 y -0.0052148629563916
miniFE.c 40 y 0.0043024387590508
miniFE.c 40 y -0.0031240849452895
miniFE.c 40 y -0.0051160933203527
miniFE.c 87 normr 0.0141753548832505
miniFE.c 25 Ap -0.1791361798417594
miniFE.c 25 Ap -0.0358406978812759
miniFE.c 25 Ap -0.0163243832787144
miniFE.c 25 Ap -0.0744630829396792
miniFE.c 25 Ap -0.1478018387892260
miniFE.c 25 Ap -0.0787201610984033
miniFE.c 25 Ap -0.0943304387969485
miniFE.c 25 Ap -0.1271146871076481
miniFE.c 25 Ap -0.0402822528060936
miniFE.c 25 Ap 0.5907057594199500
miniFE.c 25 Ap 0.6208454519316059
miniFE.c 25 Ap 0.5955672278919824
miniFE.c 25 Ap 0.5385499501233498
miniFE.c 25 Ap 0.5800782334744178
miniFE.c 25 Ap 0.5444717564781257
miniFE.c 25 Ap 0.5088949449055381
miniFE.c 25 Ap -0.0248813686794631
miniFE.c 25 Ap 0.1118077741907061
miniFE.c 25 Ap 0.2535309895396908
miniFE.c 25 Ap 0.2127888349933284
miniFE.c 25 Ap 0.1251886283765306
miniFE.c 25 Ap 0.1947835439869205
miniFE.c 25 Ap 0.1574446681659171
miniFE.c 25 Ap 0.0942549298303759
miniFE.c 25 Ap -0.0366216594339210
miniFE.c 25 Ap 0.0200202663952324
miniFE.c 25 Ap 0.0401501026072469
miniFE.c 25 Ap -0.2370615145778724
miniFE.c 25 Ap -0.2561902159665678
miniFE.c 25 Ap -0.2084938531519945
miniFE.c 25 Ap -0.2125558914926630
miniFE.c 25 Ap -0.2367091113086613
miniFE.c 25 Ap -0.0375479012123072
miniFE.c 25 Ap 0.0662951292676557
miniFE.c 25 Ap 0.1014739115994315
miniFE.c 25 Ap 0.0859262560482824
miniFE.c 25 Ap -0.2611815930564661
miniFE.c 25 Ap -0.2418670548622641
miniFE.c 25 Ap -0.2857687584095360
miniFE.c 25 Ap -0.3052065261730984
miniFE.c 25 Ap -0.0428689856176623
miniFE.c 25 Ap 0.0488043548836642
miniFE.c 25 Ap 0.0826795174058114
miniFE.c 25 Ap 0.0356908760562757
miniFE.c 25 Ap 0.0122802767684019
miniFE.c 25 Ap 0.2982344256696581
miniFE.c 25 Ap 0.2744531444098124
miniFE.c 25 Ap 0.2569247180216857
miniFE.c 25 Ap -0.0133408291785846
miniFE.c 25 Ap 0.0949071871694133
miniFE.c 25 Ap 0.1199369639489480
miniFE.c 25 Ap 0.1144257977631180
miniFE.c 25 Ap 0.0411431016903524
miniFE.c 25 Ap 0.0738942938071102
miniFE.c 25 Ap -0.1312275003476969
miniFE.c 25 Ap -0.1449107835502996
miniFE.c 25 Ap -0.0171088887038237
miniFE.c 25 Ap 0.0489364757586617
miniFE.c 25 Ap 0.0748023208069205
miniFE.c 25 Ap 0.0547917766383318
miniFE.c 25 Ap 0.0349787496433209
miniFE.c 25 Ap 0.0497194856610613
miniFE.c 25 Ap 0.0413639424020427
miniFE.c 25 Ap -0.2905281843726782
miniFE.c 57 sum 0.0003393835288988
miniFE.c 57 sum 0.0051726630472761
miniFE.c 57 sum 0.0053700519108434
miniFE.c 57 sum 0.0063733668937136
miniFE.c 57 sum 0.0079649771011026
miniFE.c 57 sum 0.0090703799660773
miniFE.c 57 sum 0.0095230935633769
miniFE.c 57 sum 0.0110094628668202
miniFE.c 90 p_ap_dot 0.0110094628668202
miniFE.c 91 alpha 0.0182516339349924
miniFE.c 40 y 1.0000028732111912
miniFE.c 40 y 1.9999957722271566
miniFE.c 40 y 0.9999966342723768
miniFE.c 40 y 1.9999936441967048
miniFE.c 40 y 0.9999982942453213
miniFE.c 40 y 2.0000067225129659
miniFE.c 40 y 1.0000033933415893
miniFE.c 40 y 2.0000025104543804
miniFE.c 40 y -0.0001336975475315
miniFE.c 40 y 0.0002335031998447
miniFE.c 40 y 0.0001382837849695
miniFE.c 40 y 0.0003513034534122
miniFE.c 40 y 0.0001678044573121
miniFE.c 40 y -0.0004119979285076
miniFE.c 40 y -0.0002043981023900
miniFE.c 40 y -0.0001239214332874
