filename line variable value
miniFE.c 167 A 67.0947100000000063
miniFE.c 167 A 15.0875500000000002
miniFE.c 167 A 9.3192129999999995
miniFE.c 167 A 13.7164900000000003
miniFE.c 167 A 14.0634099999999993
miniFE.c 167 A 16.0564000000000000
miniFE.c 167 A 4.9967519999999999
miniFE.c 167 A 6.4080630000000003
miniFE.c 167 A 15.0875500000000002
miniFE.c 167 A 66.4365899999999954
miniFE.c 167 A 14.3919700000000006
miniFE.c 167 A 5.9638159999999996
miniFE.c 167 A 10.9336099999999998
miniFE.c 167 A 9.6522659999999991
miniFE.c 167 A 11.3974100000000007
miniFE.c 167 A 6.9539020000000002
miniFE.c 167 A 9.3192129999999995
miniFE.c 167 A 14.3919700000000006
miniFE.c 167 A 67.6740900000000067
miniFE.c 167 A 9.6121750000000006
miniFE.c 167 A 16.7981799999999986
miniFE.c 167 A 16.1756899999999995
miniFE.c 167 A 11.9519400000000005
miniFE.c 167 A 12.3511699999999998
miniFE.c 167 A 13.7164900000000003
miniFE.c 167 A 5.9638159999999996
miniFE.c 167 A 9.6121750000000006
miniFE.c 167 A 65.4017099999999942
miniFE.c 167 A 3.6681119999999998
miniFE.c 167 A 11.0858899999999991
miniFE.c 167 A 1.3002330000000000
miniFE.c 167 A 4.7210279999999996
miniFE.c 167 A 14.0634099999999993
miniFE.c 167 A 10.9336099999999998
miniFE.c 167 A 16.7981799999999986
miniFE.c 167 A 3.6681119999999998
miniFE.c 167 A 66.5612600000000043
miniFE.c 167 A 4.4892070000000004
miniFE.c 167 A 14.0526599999999995
miniFE.c 167 A 3.7993380000000001
miniFE.c 167 A 16.0564000000000000
miniFE.c 167 A 9.6522659999999991
miniFE.c 167 A 16.1756899999999995
miniFE.c 167 A 11.0858899999999991
miniFE.c 167 A 4.4892070000000004
miniFE.c 167 A 66.4632699999999943
miniFE.c 167 A 7.6122389999999998
miniFE.c 167 A 3.4261349999999999
miniFE.c 167 A 4.9967519999999999
miniFE.c 167 A 11.3974100000000007
miniFE.c 167 A 11.9519400000000005
miniFE.c 167 A 1.3002330000000000
miniFE.c 167 A 14.0526599999999995
miniFE.c 167 A 7.6122389999999998
miniFE.c 167 A 65.6581999999999937
miniFE.c 167 A 2.6745570000000001
miniFE.c 167 A 6.4080630000000003
miniFE.c 167 A 6.9539020000000002
miniFE.c 167 A 12.3511699999999998
miniFE.c 167 A 4.7210279999999996
miniFE.c 167 A 3.7993380000000001
miniFE.c 167 A 3.4261349999999999
miniFE.c 167 A 2.6745570000000001
miniFE.c 167 A 64.8721800000000002
miniFE.c 175 b 198.0110999999999990
miniFE.c 175 b 229.8237000000000023
miniFE.c 175 b 210.8053999999999917
miniFE.c 175 b 202.6418999999999926
miniFE.c 175 b 157.2561000000000035
miniFE.c 175 b 225.5886000000000138
miniFE.c 175 b 142.6283999999999992
miniFE.c 175 b 185.1795999999999935
miniFE.c 33 r 0.0000000000000000
miniFE.c 33 r 0.0000000000000000
miniFE.c 33 r 0.0000000000000000
miniFE.c 33 r 0.0000000000000000
miniFE.c 33 r 0.0000000000000000
miniFE.c 33 r 0.0000000000000000
miniFE.c 33 r 0.0000000000000000
miniFE.c 33 r 0.0000000000000000
miniFE.c 25 Ap 0.0000000000000000
miniFE.c 25 Ap 0.0000000000000000
miniFE.c 25 Ap 0.0000000000000000
miniFE.c 25 Ap 0.0000000000000000
miniFE.c 25 Ap 0.0000000000000000
miniFE.c 25 Ap 0.0000000000000000
miniFE.c 25 Ap 0.0000000000000000
miniFE.c 25 Ap 0.0000000000000000
miniFE.c 25 Ap 0.0000000000000000
miniFE.c 25 Ap 0.0000000000000000
miniFE.c 25 Ap 0.0000000000000000
miniFE.c 25 Ap 0.0000000000000000
miniFE.c 25 Ap 0.0000000000000000
miniFE.c 25 Ap 0.0000000000000000
miniFE.c 25 Ap 0.0000000000000000
miniFE.c 25 Ap 0.0000000000000000
miniFE.c 25 Ap 0.0000000000000000
miniFE.c 25 Ap 0.0000000000000000
miniFE.c 25 Ap 0.0000000000000000
miniFE.c 25 Ap 0.0000000000000000
miniFE.c 25 Ap 0.0000000000000000
miniFE.c 25 Ap 0.0000000000000000
miniFE.c 25 Ap 0.0000000000000000
miniFE.c 25 Ap 0.0000000000000000
miniFE.c 25 Ap 0.0000000000000000
miniFE.c 25 Ap 0.0000000000000000
miniFE.c 25 Ap 0.0000000000000000
miniFE.c 25 Ap 0.0000000000000000
miniFE.c 25 Ap 0.0000000000000000
miniFE.c 25 Ap 0.0000000000000000
miniFE.c 25 Ap 0.0000000000000000
miniFE.c 25 Ap 0.0000000000000000
miniFE.c 25 Ap 0.0000000000000000
miniFE.c 25 Ap 0.0000000000000000
miniFE.c 25 Ap 0.0000000000000000
miniFE.c 25 Ap 0.0000000000000000
miniFE.c 25 Ap 0.0000000000000000
miniFE.c 25 Ap 0.0000000000000000
miniFE.c 25 Ap 0.0000000000000000
miniFE.c 25 Ap 0.0000000000000000
miniFE.c 25 Ap 0.0000000000000000
miniFE.c 25 Ap 0.0000000000000000
miniFE.c 25 Ap 0.0000000000000000
miniFE.c 25 Ap 0.0000000000000000
miniFE.c 25 Ap 0.0000000000000000
miniFE.c 25 Ap 0.0000000000000000
miniFE.c 25 Ap 0.0000000000000000
miniFE.c 25 Ap 0.0000000000000000
miniFE.c 25 Ap 0.0000000000000000
miniFE.c 25 Ap 0.0000000000000000
miniFE.c 25 Ap 0.0000000000000000
miniFE.c 25 Ap 0.0000000000000000
miniFE.c 25 Ap 0.0000000000000000
miniFE.c 25 Ap 0.0000000000000000
miniFE.c 25 Ap 0.0000000000000000
miniFE.c 25 Ap 0.0000000000000000
miniFE.c 25 Ap 0.0000000000000000
miniFE.c 25 Ap 0.0000000000000000
miniFE.c 25 Ap 0.0000000000000000
miniFE.c 25 Ap 0.0000000000000000
miniFE.c 25 Ap 0.0000000000000000
miniFE.c 25 Ap 0.0000000000000000
miniFE.c 25 Ap 0.0000000000000000
miniFE.c 25 Ap 0.0000000000000000
miniFE.c 33 r 198.0110999999999990
miniFE.c 33 r 229.8237000000000023
miniFE.c 33 r 210.8053999999999917
miniFE.c 33 r 202.6418999999999926
miniFE.c 33 r 157.2561000000000035
miniFE.c 33 r 225.5886000000000138
miniFE.c 33 r 142.6283999999999992
miniFE.c 33 r 185.1795999999999935
miniFE.c 48 sum 39208.3957232100001420
miniFE.c 48 sum 92027.3288048999966122
miniFE.c 48 sum 136466.2454740600078367
miniFE.c 48 sum 177529.9851096700003836
miniFE.c 48 sum 202259.4660968800017145
miniFE.c 48 sum 253149.6825468399911188
miniFE.c 48 sum 273492.5430333999684080
miniFE.c 48 sum 307784.0272895599482581
miniFE.c 75 rtrans 307784.0272895599482581
miniFE.c 76 normr 554.7828649927464539
miniFE.c 33 r 198.0110999999999990
miniFE.c 33 r 229.8237000000000023
miniFE.c 33 r 210.8053999999999917
miniFE.c 33 r 202.6418999999999926
miniFE.c 33 r 157.2561000000000035
miniFE.c 33 r 225.5886000000000138
miniFE.c 33 r 142.6283999999999992
miniFE.c 33 r 185.1795999999999935
miniFE.c 87 normr 554.7828649927464539
miniFE.c 25 Ap 13285.4973312810016068
miniFE.c 25 Ap 16752.9738962160008668
miniFE.c 25 Ap 18717.5143203662009910
miniFE.c 25 Ap 21497.0499152972006414
miniFE.c 25 Ap 23708.6069245981998392
miniFE.c 25 Ap 27330.7477216381994367
miniFE.c 25 Ap 28043.4264645949988335
miniFE.c 25 Ap 29230.0690077097970061
miniFE.c 25 Ap 2987.5023718050001662
miniFE.c 25 Ap 18256.2053009880000900
miniFE.c 25 Ap 21290.1102936259994749
miniFE.c 25 Ap 22498.6292991164009436
miniFE.c 25 Ap 24218.0061666374022025
miniFE.c 25 Ap 26395.4473404050004319
miniFE.c 25 Ap 28021.0416928490012651
miniFE.c 25 Ap 29308.7624836482027604
miniFE.c 25 Ap 1845.3076172643000064
miniFE.c 25 Ap 5152.9234129532997031
miniFE.c 25 Ap 19418.9870250392996240
miniFE.c 25 Ap 21366.8164301717988565
miniFE.c 25 Ap 24008.4327040697971825
miniFE.c 25 Ap 27657.4839652037990163
miniFE.c 25 Ap 29362.1700442997971550
miniFE.c 25 Ap 31649.3547644317950471
miniFE.c 25 Ap 2716.0172730389999742
miniFE.c 25 Ap 4086.6435322781999275
miniFE.c 25 Ap 6112.9419280231995799
miniFE.c 25 Ap 19366.0687056721981207
miniFE.c 25 Ap 19942.9016931553996983
miniFE.c 25 Ap 0.0000000000000000
miniFE.c 25 Ap 185.4501524172000018
miniFE.c 25 Ap 1059.6882290459998330
miniFE.c 25 Ap 2784.7112838509997346
miniFE.c 25 Ap 5297.5139884079999320
miniFE.c 25 Ap 8838.6610425799990480
miniFE.c 25 Ap 9581.9742276727993158
miniFE.c 25 Ap 20049.1383863587980159
miniFE.c 25 Ap 21061.8523085989982064
miniFE.c 25 Ap 23066.1607201429978886
miniFE.c 25 Ap 23769.7206112477979332
miniFE.c 25 Ap 3179.3454260399998930
miniFE.c 25 Ap 5397.6649115441996400
miniFE.c 25 Ap 8807.5877122702004272
miniFE.c 25 Ap 11054.0535250612010714
miniFE.c 25 Ap 11760.0087099739012046
miniFE.c 25 Ap 26753.3647406958989450
miniFE.c 25 Ap 27839.0862096834971453
miniFE.c 25 Ap 28473.5365185294976982
miniFE.c 25 Ap 989.4123599472000024
miniFE.c 25 Ap 3608.8072965641999872
miniFE.c 25 Ap 6128.3407890401995246
miniFE.c 25 Ap 6391.8224746028990921
miniFE.c 25 Ap 8601.6889808288997301
miniFE.c 25 Ap 10318.9233197042995016
miniFE.c 25 Ap 19683.6473325842962367
miniFE.c 25 Ap 20178.9207280214977800
miniFE.c 25 Ap 1268.8676034993000030
miniFE.c 25 Ap 2867.0390905766998912
miniFE.c 25 Ap 5470.7324228946999938
miniFE.c 25 Ap 6427.4105067679001877
miniFE.c 25 Ap 7024.8795832297000743
miniFE.c 25 Ap 7797.7765812907000509
miniFE.c 25 Ap 8179.2443669095000587
miniFE.c 25 Ap 20192.2487104374995397
miniFE.c 57 sum 5787878.1172925252467394
miniFE.c 57 sum 12523726.3537057451903820
miniFE.c 57 sum 19195581.2445636950433254
miniFE.c 57 sum 19410318.4807052128016949
miniFE.c 57 sum 23148252.0421196594834328
miniFE.c 57 sum 29571557.2823836021125317
miniFE.c 57 sum 32449644.4595481455326080
miniFE.c 57 sum 36188836.9988474771380424
miniFE.c 90 p_ap_dot 36188836.9988474771380424
miniFE.c 91 alpha 0.0085049438670649
miniFE.c 40 y 1.6840732905557787
miniFE.c 40 y 1.9546376678211683
miniFE.c 40 y 1.7928880938741674
miniFE.c 40 y 1.7234579846153828
miniFE.c 40 y 1.3374543032535480
miniFE.c 40 y 1.9186183800497616
miniFE.c 40 y 1.2130465358492823
miniFE.c 40 y 1.5749421033255351
miniFE.c 40 y -50.5889961410058504
miniFE.c 40 y -19.4456797365662055
miniFE.c 40 y -58.3705857003161270
miniFE.c 40 y 193.6293110953743337
miniFE.c 40 y -44.9040395344785850
miniFE.c 40 y -16.5772297869164902
miniFE.c 40 y -28.9921880897756523
miniFE.c 40 y 13.4456581679150133
miniFE.c 82 oldrtrans 307784.0272895599482581
miniFE.c 48 sum 2559.2465305547048047
miniFE.c 48 sum 2937.3809909718065683
miniFE.c 48 sum 6344.5062659697559866
miniFE.c 48 sum 43836.8163812390121166
miniFE.c 48 sum 45853.1891477530298289
miniFE.c 48 sum 46127.9936951612617122
miniFE.c 48 sum 46968.5406653941900004
miniFE.c 48 sum 47149.3263889626105083
miniFE.c 83 rtrans 47149.3263889626105083
miniFE.c 84 beta 0.1531896466628693
miniFE.c 40 y -20.2557456966797709
miniFE.c 40 y 15.7609316611870725
miniFE.c 40 y -26.0773809596912969
miniFE.c 40 y 224.6719521554668404
miniFE.c 40 y -20.8140331398977452
miniFE.c 40 y 17.9806081382548726
miniFE.c 40 y -7.1429938896852647
miniFE.c 40 y 41.8132556610864867
miniFE.c 87 normr 217.1389564057141115
miniFE.c 25 Ap -1359.0533833524773399
miniFE.c 25 Ap -1121.2595388677343635
miniFE.c 25 Ap -1364.2802065132418647
miniFE.c 25 Ap 1717.4303785076976965
miniFE.c 25 Ap 1424.7140967077284586
miniFE.c 25 Ap 1713.4179332188039098
miniFE.c 25 Ap 1677.7261642145313090
miniFE.c 25 Ap 1945.6681407258802210
miniFE.c 25 Ap -305.6095759859408645
miniFE.c 25 Ap 741.4929788063634533
miniFE.c 25 Ap 366.1880943559150978
miniFE.c 25 Ap 1706.0902773719226388
miniFE.c 25 Ap 1478.5177564932052974
miniFE.c 25 Ap 1652.0713690854061042
miniFE.c 25 Ap 1570.6597390971683126
miniFE.c 25 Ap 1861.4250212653089420
miniFE.c 25 Ap -188.7676086211921813
miniFE.c 25 Ap 38.0632470186623380
miniFE.c 25 Ap -1726.6997790117729892
miniFE.c 25 Ap 432.8863426982015881
miniFE.c 25 Ap 83.2484674882340983
miniFE.c 25 Ap 374.0972107441220373
miniFE.c 25 Ap 288.7245763542371151
miniFE.c 25 Ap 805.1672052777786348
miniFE.c 25 Ap -277.8377332910511086
miniFE.c 25 Ap -183.8424368751570910
miniFE.c 25 Ap -434.5027862013778304
miniFE.c 25 Ap 14259.4270738043378515
miniFE.c 25 Ap 14183.0788690754816344
miniFE.c 25 Ap 14382.4099130292797781
miniFE.c 25 Ap 14373.1223566551125259
miniFE.c 25 Ap 14570.5239074022611021
miniFE.c 25 Ap -284.8648565881432546
miniFE.c 25 Ap -112.5409765680716703
miniFE.c 25 Ap -550.5935158575388186
miniFE.c 25 Ap 273.5283679073548910
miniFE.c 25 Ap -1111.8799035659953915
miniFE.c 25 Ap -1031.1612316474845557
miniFE.c 25 Ap -1131.5392961613090392
miniFE.c 25 Ap -972.6766050244279995
miniFE.c 25 Ap -325.2343552041690486
miniFE.c 25 Ap -173.1056504025695517
miniFE.c 25 Ap -594.9252808184385231
miniFE.c 25 Ap 1895.7632668623293739
miniFE.c 25 Ap 1802.3247635924683436
miniFE.c 25 Ap 2997.3747770494992437
miniFE.c 25 Ap 2943.0006003856751704
miniFE.c 25 Ap 3086.2584590700716944
miniFE.c 25 Ap -101.2129378213760305
miniFE.c 25 Ap 78.4208623031541237
miniFE.c 25 Ap -233.2544302842186994
miniFE.c 25 Ap 58.8714560827403943
miniFE.c 25 Ap -233.6210748609750567
miniFE.c 25 Ap -96.7483883472339414
miniFE.c 25 Ap -565.7445097549669981
miniFE.c 25 Ap -453.9125741338185094
miniFE.c 25 Ap -129.8000945363028791
miniFE.c 25 Ap -20.2001203357107642
miniFE.c 25 Ap -342.2862857236211198
miniFE.c 25 Ap 718.3962912169979518
miniFE.c 25 Ap 639.3167441753250841
miniFE.c 25 Ap 700.9207350390848887
miniFE.c 25 Ap 681.8163907304699478
miniFE.c 25 Ap 3394.3334383624915063
miniFE.c 57 sum -39410.9590686751762405
miniFE.c 57 sum -10073.1665160889497201
miniFE.c 57 sum -31069.8184643675485859
miniFE.c 57 sum 3242518.2317395987920463
miniFE.c 57 sum 3262763.5548309804871678
miniFE.c 57 sum 3318256.3587968936190009
miniFE.c 57 sum 3321498.6535403826273978
miniFE.c 57 sum 3463426.7853976082988083
miniFE.c 90 p_ap_dot 3463426.7853976082988083
miniFE.c 91 alpha 0.0136134901386546
miniFE.c 40 y 1.4083218962629329
miniFE.c 40 y 2.1691989555667481
miniFE.c 40 y 1.4378839253374702
miniFE.c 40 y 4.7820273897161130
miniFE.c 40 y 1.0541026683579195
miniFE.c 40 y 2.1633972116269073
miniFE.c 40 y 1.1158054589715818
miniFE.c 40 y 2.1441664469327804
miniFE.c 40 y -77.0763301878720881
miniFE.c 40 y -44.7861709074064578
miniFE.c 40 y -69.3317215093332635
miniFE.c 40 y -4.7263724330777279
miniFE.c 40 y -31.6625161638784789
miniFE.c 40 y -58.5919788848063163
miniFE.c 40 y -22.8128537379935779
miniFE.c 40 y -32.7630666225383962
miniFE.c 82 oldrtrans 47149.3263889626105083
miniFE.c 48 sum 5940.7606752298825086
miniFE.c 48 sum 7946.5617797773029451
miniFE.c 48 sum 12753.4493872250477580
miniFE.c 48 sum 12775.7879836012052692
miniFE.c 48 sum 13778.3029134290718503
miniFE.c 48 sum 17211.3229030666625476
miniFE.c 48 sum 17731.7491987377507030
miniFE.c 48 sum 18805.1677332506405946
miniFE.c 83 rtrans 18805.1677332506405946
miniFE.c 84 beta 0.3988427656021152
miniFE.c 40 y -85.1551878208689885
miniFE.c 40 y -38.5000373351926655
miniFE.c 40 y -79.7324962509564870
miniFE.c 40 y 84.8824103178347826
miniFE.c 40 y -39.9640427047293727
miniFE.c 40 y -51.4205434077368437
miniFE.c 40 y -25.6617851756346589
miniFE.c 40 y -16.0861520958423618
miniFE.c 87 normr 137.1319354973546751
miniFE.c 25 Ap -5713.4626318367372733
miniFE.c 25 Ap -6294.3338701333232166
miniFE.c 25 Ap -7037.3779857176878068
miniFE.c 25 Ap -5873.0892534172098749
miniFE.c 25 Ap -6435.1199712313282362
miniFE.c 25 Ap -7260.7487844033139481
miniFE.c 25 Ap -7388.9743608032367774
miniFE.c 25 Ap -7492.0554368609764424
miniFE.c 25 Ap -1284.7831540067518290
miniFE.c 25 Ap -3842.5943494296393510
miniFE.c 25 Ap -4990.1020434985175598
miniFE.c 25 Ap -4483.8789667264491072
miniFE.c 25 Ap -4920.8302236833051211
miniFE.c 25 Ap -5417.1549865193273945
miniFE.c 25 Ap -5709.6328734979579167
miniFE.c 25 Ap -5821.4943987295400802
miniFE.c 25 Ap -793.5793333576839359
miniFE.c 25 Ap -1347.6707156846568978
miniFE.c 25 Ap -6743.4948428965490166
miniFE.c 25 Ap -5927.5902604997154413
miniFE.c 25 Ap -6598.9134433814460863
miniFE.c 25 Ap -7430.6762131765408412
miniFE.c 25 Ap -7737.3843298886158664
miniFE.c 25 Ap -7936.0671290702211991
miniFE.c 25 Ap -1168.0302821930713435
miniFE.c 25 Ap -1397.6374208532906778
miniFE.c 25 Ap -2164.0401280043283805
miniFE.c 25 Ap 3387.4146557037097409
miniFE.c 25 Ap 3240.8220710899795449
miniFE.c 25 Ap 2670.7795831315838768
miniFE.c 25 Ap 2637.4132832073128156
miniFE.c 25 Ap 2561.4701087505823125
miniFE.c 25 Ap -1197.5723199518870388
miniFE.c 25 Ap -1618.5167131603229791
miniFE.c 25 Ap -2957.8775370332150487
miniFE.c 25 Ap -2646.5193491574414111
miniFE.c 25 Ap -5306.5763862780368072
miniFE.c 25 Ap -5537.4138496878531441
miniFE.c 25 Ap -5898.0301917540873546
miniFE.c 25 Ap -5959.1469206856008896
miniFE.c 25 Ap -1367.2857577270008278
miniFE.c 25 Ap -1738.8983590962116068
miniFE.c 25 Ap -3028.6265013778456705
miniFE.c 25 Ap -2087.6294376594642017
miniFE.c 25 Ap -2267.0362979178344176
miniFE.c 25 Ap -5684.6137579729675053
miniFE.c 25 Ap -5879.9573998965552164
miniFE.c 25 Ap -5935.0707286074439253
miniFE.c 25 Ap -425.4993550543027254
miniFE.c 25 Ap -864.3000655788009681
miniFE.c 25 Ap -1817.2580768204579726
miniFE.c 25 Ap -1706.8911658056686065
miniFE.c 25 Ap -2268.4922701607110866
miniFE.c 25 Ap -2659.9177360902785949
miniFE.c 25 Ap -4344.8243595091335010
miniFE.c 25 Ap -4387.8476902001330018
miniFE.c 25 Ap -545.6798083329612155
miniFE.c 25 Ap -813.4052949582321617
miniFE.c 25 Ap -1798.1949106781585215
miniFE.c 25 Ap -1397.4626748601717736
miniFE.c 25 Ap -1549.2995809418728186
miniFE.c 25 Ap -1725.4733044301392511
miniFE.c 25 Ap -1794.1072116041291338
miniFE.c 25 Ap -2837.6509658729919465
miniFE.c 57 sum 637987.3878902591532096
miniFE.c 57 sum 862115.1395879613701254
miniFE.c 57 sum 1494877.5822038918267936
miniFE.c 57 sum 1712301.3389917276799679
miniFE.c 57 sum 1950452.9410137636587024
miniFE.c 57 sum 2255637.5030421111732721
miniFE.c 57 sum 2368237.5078514316119254
miniFE.c 57 sum 2413884.3928833785466850
miniFE.c 90 p_ap_dot 2413884.3928833785466850
miniFE.c 91 alpha 0.0077904177137447
miniFE.c 40 y 0.7449274126459747
miniFE.c 40 y 1.8692675827308294
miniFE.c 40 y 0.8167344741829327
miniFE.c 40 y 5.4432968226415221
miniFE.c 40 y 0.7427660821581445
miniFE.c 40 y 1.7628096994128939
miniFE.c 40 y 0.9158894331730054
miniFE.c 40 y 2.0188486026993377
miniFE.c 40 y -18.7100888001927501
miniFE.c 40 y 0.5657021769219384
miniFE.c 40 y -7.5064435695572485
miniFE.c 40 y -24.6812945415159319
miniFE.c 40 y 14.7617275658380507
miniFE.c 40 y -12.3552987483349810
miniFE.c 40 y 11.3703126329554820
miniFE.c 40 y -10.6565802725765693
miniFE.c 82 oldrtrans 18805.1677332506405946
miniFE.c 48 sum 350.0674229110981628
miniFE.c 48 sum 350.3874418640724002
miniFE.c 48 sum 406.7341369270197902
miniFE.c 48 sum 1015.9004371720839117
miniFE.c 48 sum 1233.8090379001068868
miniFE.c 48 sum 1386.4624450607147992
miniFE.c 48 sum 1515.7464544318618209
miniFE.c 48 sum 1629.3091575377300160
miniFE.c 83 rtrans 1629.3091575377300160
miniFE.c 84 beta 0.0866415647363167
miniFE.c 40 y -26.0880675184077830
miniFE.c 40 y -2.7700013002057680
miniFE.c 40 y -14.4145918050726252
miniFE.c 40 y -17.3269496929886486
miniFE.c 40 y 11.2991803727113140
miniFE.c 40 y -16.8104550887729971
miniFE.c 40 y 9.1469354114112775
miniFE.c 40 y -12.0503096607467324
miniFE.c 87 normr 40.3647018759922247
miniFE.c 25 Ap -1750.3713246079901182
miniFE.c 25 Ap -1792.1638577249095761
miniFE.c 25 Ap -1926.4965090644359407
miniFE.c 25 Ap -2164.1614412588178311
miniFE.c 25 Ap -2005.2564350134257438
miniFE.c 25 Ap -2275.1718261008004447
miniFE.c 25 Ap -2229.4668582899603280
miniFE.c 25 Ap -2306.6860017655340016
miniFE.c 25 Ap -393.6050230873533451
miniFE.c 25 Ap -577.6344637685908765
miniFE.c 25 Ap -785.0888365894419394
miniFE.c 25 Ap -888.4235763996827018
miniFE.c 25 Ap -764.8827448848026052
miniFE.c 25 Ap -927.1417289826931665
miniFE.c 25 Ap -822.8903558553201947
miniFE.c 25 Ap -906.6870283058062796
miniFE.c 25 Ap -243.1202579624235511
miniFE.c 25 Ap -282.9860335749459637
miniFE.c 25 Ap -1258.4804167046931980
miniFE.c 25 Ap -1425.0300893698963591
miniFE.c 25 Ap -1235.2244236166245628
miniFE.c 25 Ap -1507.1451338915389897
miniFE.c 25 Ap -1397.8215106704760728
miniFE.c 25 Ap -1546.6569338430012976
miniFE.c 25 Ap -357.8367172355651746
miniFE.c 25 Ap -374.3564953097531429
miniFE.c 25 Ap -512.9120742936770512
miniFE.c 25 Ap -1646.1242132991096696
miniFE.c 25 Ap -1604.6775541838028403
miniFE.c 25 Ap -1791.0364101478805878
miniFE.c 25 Ap -1779.1432628770951396
miniFE.c 25 Ap -1836.0331121941510446
miniFE.c 25 Ap -366.8871896190511848
miniFE.c 25 Ap -397.1733035349939769
miniFE.c 25 Ap -639.3122113031288336
miniFE.c 25 Ap -702.8694033953768212
miniFE.c 25 Ap 49.2182791795579533
miniFE.c 25 Ap -26.2473334781474108
miniFE.c 25 Ap 102.2914399003753800
miniFE.c 25 Ap 56.5082404945332115
miniFE.c 25 Ap -418.8804473025627431
miniFE.c 25 Ap -445.6172366724946414
miniFE.c 25 Ap -678.7832051878898483
miniFE.c 25 Ap -870.8678635198957636
miniFE.c 25 Ap -820.1435038964575597
miniFE.c 25 Ap -1937.4213192844511013
miniFE.c 25 Ap -1867.7926608152251902
miniFE.c 25 Ap -1909.0786485047476617
miniFE.c 25 Ap -130.3556035487391114
miniFE.c 25 Ap -161.9264440677173411
miniFE.c 25 Ap -334.2087804464370606
miniFE.c 25 Ap -356.7378522266007508
miniFE.c 25 Ap -197.9543121702153883
miniFE.c 25 Ap -325.9195140047216341
miniFE.c 25 Ap 274.6518006248022061
miniFE.c 25 Ap 242.4225605694844035
miniFE.c 25 Ap -167.1739802062107287
miniFE.c 25 Ap -186.4362977877142100
miniFE.c 25 Ap -364.4733716527730394
miniFE.c 25 Ap -446.2743863079638231
miniFE.c 25 Ap -403.3449809490675761
miniFE.c 25 Ap -460.9398694946408455
miniFE.c 25 Ap -436.4758693615029301
miniFE.c 25 Ap -1218.2057267292038887
miniFE.c 57 sum 60176.9801578253463958
miniFE.c 57 sum 62688.5044051121367374
miniFE.c 57 sum 84982.9327689442143310
miniFE.c 57 sum 116795.7861385936557781
miniFE.c 57 sum 117434.2829404859367060
miniFE.c 57 sum 149526.7638221104571130
miniFE.c 57 sum 151744.1873259084823076
miniFE.c 57 sum 166423.9435634904075414
miniFE.c 90 p_ap_dot 166423.9435634904075414
miniFE.c 91 alpha 0.0097901126643844
miniFE.c 40 y 0.4895222924446941
miniFE.c 40 y 1.8421489579213235
miniFE.c 40 y 0.6756139964001588
miniFE.c 40 y 5.2736640330170417
miniFE.c 40 y 0.8533863310221897
miniFE.c 40 y 1.5982334501542315
miniFE.c 40 y 1.0054389613845696
miniFE.c 40 y 1.9008747134799069
miniFE.c 40 y 3.8726270384503287
miniFE.c 40 y 9.4422703353717115
miniFE.c 40 y 7.6355020659171355
miniFE.c 40 y -6.7063235175947824
miniFE.c 40 y 14.2085055249304393
miniFE.c 40 y 6.3347963056972922
miniFE.c 40 y 8.9969684525916662
miniFE.c 40 y 1.2697910405006692
miniFE.c 82 oldrtrans 1629.3091575377300160
miniFE.c 48 sum 14.9972401789365648
miniFE.c 48 sum 104.1537092651771701
miniFE.c 48 sum 162.4546010638020164
miniFE.c 48 sum 207.4293761864468593
miniFE.c 48 sum 409.3110054384256955
miniFE.c 48 sum 449.4406496731017455
miniFE.c 48 sum 530.3860910100314641
miniFE.c 48 sum 531.9984602965672593
miniFE.c 83 rtrans 531.9984602965672593
miniFE.c 84 beta 0.3265178114511688
miniFE.c 40 y -4.6455916726505055
miniFE.c 40 y 8.5378155731116330
miniFE.c 40 y 2.9288810967628693
miniFE.c 40 y -12.3638812104739380
miniFE.c 40 y 17.8978891714201396
miniFE.c 40 y 0.8458833006129698
miniFE.c 40 y 11.9836057846108730
miniFE.c 40 y -2.6648496972352307
miniFE.c 87 normr 23.0650918120125255
miniFE.c 25 Ap -311.6946260549006524
miniFE.c 25 Ap -182.8799067048002200
miniFE.c 25 Ap -155.5850399123934267
miniFE.c 25 Ap -325.1740928970471032
miniFE.c 25 Ap -73.4687393448054138
miniFE.c 25 Ap -59.8868987168433264
miniFE.c 25 Ap -0.0077925453773773
miniFE.c 25 Ap -17.0843172907916632
miniFE.c 25 Ap -70.0905966406981378
miniFE.c 25 Ap 497.1327560857343428
miniFE.c 25 Ap 539.2851249639126081
miniFE.c 25 Ap 465.5492123787887522
miniFE.c 25 Ap 661.2377524023197566
miniFE.c 25 Ap 669.4024430247941382
miniFE.c 25 Ap 805.9845114303759601
miniFE.c 25 Ap 787.4534077910725500
miniFE.c 25 Ap -43.2932583084563305
miniFE.c 25 Ap 79.5827272852991001
miniFE.c 25 Ap 277.7920902269282237
miniFE.c 25 Ap 158.9483003526408993
miniFE.c 25 Ap 459.6002642742072339
miniFE.c 25 Ap 473.2830103210994253
miniFE.c 25 Ap 616.5103476424214932
miniFE.c 25 Ap 583.5963360074206321
miniFE.c 25 Ap -63.7212117219939316
miniFE.c 25 Ap -12.8032506020216061
miniFE.c 25 Ap 15.3496670542550291
miniFE.c 25 Ap -793.2693063476102679
miniFE.c 25 Ap -727.6178443032540599
miniFE.c 25 Ap -718.2404750798217492
miniFE.c 25 Ap -702.6589953796798227
miniFE.c 25 Ap -715.2398254161188333
miniFE.c 25 Ap -65.3328603850698499
miniFE.c 25 Ap 28.0162853432592271
miniFE.c 25 Ap 77.2161572052793161
miniFE.c 25 Ap 31.8640561705653411
miniFE.c 25 Ap 1223.1701107606459118
miniFE.c 25 Ap 1226.9674559949407922
miniFE.c 25 Ap 1395.3689936601106183
miniFE.c 25 Ap 1385.2443289411162368
miniFE.c 25 Ap -74.5914781327455785
miniFE.c 25 Ap 7.8177888378703386
miniFE.c 25 Ap 55.1944615059665153
miniFE.c 25 Ap -81.8701655664143999
miniFE.c 25 Ap -1.5228362128509048
miniFE.c 25 Ap 54.6973339842800641
miniFE.c 25 Ap 145.9194052985205303
miniFE.c 25 Ap 136.7892704810834914
miniFE.c 25 Ap -23.2128694814997587
miniFE.c 25 Ap 74.0961151096385038
miniFE.c 25 Ap 109.1019262452825132
miniFE.c 25 Ap 93.0259998873443550
miniFE.c 25 Ap 344.5389511309932686
miniFE.c 25 Ap 350.9780169813680573
miniFE.c 25 Ap 1137.8000023085055545
miniFE.c 25 Ap 1130.6727098968171958
miniFE.c 25 Ap -29.7692441106198196
miniFE.c 25 Ap 29.6018886788723101
miniFE.c 25 Ap 65.7769970147769527
miniFE.c 25 Ap 7.4067676314556010
miniFE.c 25 Ap 75.4068980802206568
miniFE.c 25 Ap 78.3050084623662741
miniFE.c 25 Ap 110.3558451988377840
miniFE.c 25 Ap -62.5187640331515979
miniFE.c 57 sum 79.3667621390207927
miniFE.c 57 sum 6802.4987302774652562
miniFE.c 57 sum 8511.7830069496721990
miniFE.c 57 sum 17354.9232453946824535
miniFE.c 57 sum 42147.8727201210422209
miniFE.c 57 sum 42263.5804797240198241
miniFE.c 57 sum 55813.1165065451714327
miniFE.c 57 sum 55979.7196159504383104
miniFE.c 90 p_ap_dot 55979.7196159504383104
miniFE.c 91 alpha 0.0095034141640285
miniFE.c 40 y 0.4453733107425345
miniFE.c 40 y 1.9232873553686956
miniFE.c 40 y 0.7034483664998904
miniFE.c 40 y 5.1561649491990575
miniFE.c 40 y 1.0234773844800762
miniFE.c 40 y 1.6062722294943919
miniFE.c 40 y 1.1193241303341743
miniFE.c 40 y 1.8755495431221945
miniFE.c 40 y 4.0349863813743951
miniFE.c 40 y 1.9587744662575259
miniFE.c 40 y 2.0893443802290808
miniFE.c 40 y 0.0908967699420300
miniFE.c 40 y 1.0439549486312867
miniFE.c 40 y 5.0348312151202386
miniFE.c 40 y -1.7482825935222284
miniFE.c 40 y 1.8639327481308774
miniFE.c 82 oldrtrans 531.9984602965672593
miniFE.c 48 sum 16.2811150978768353
miniFE.c 48 sum 20.1179125075392911
miniFE.c 48 sum 24.4832724467341336
miniFE.c 48 sum 24.4915346695200284
miniFE.c 48 sum 25.5813766042917798
miniFE.c 48 sum 50.9309019690409173
miniFE.c 48 sum 53.9873939958537292
miniFE.c 48 sum 57.4616392854084523
miniFE.c 83 rtrans 57.4616392854084523
miniFE.c 84 beta 0.1080109127634993
miniFE.c 40 y 3.5332117844849029
miniFE.c 40 y 2.8809517193157319
miniFE.c 40 y 2.4056955008661971
miniFE.c 40 y -1.2445373249007381
miniFE.c 40 y 2.9771222945763256
miniFE.c 40 y 5.1261958425108469
miniFE.c 40 y -0.4539223945284583
miniFE.c 40 y 1.5760998999549654
miniFE.c 87 normr 7.5803455914231543
miniFE.c 25 Ap 237.0598200485970892
miniFE.c 25 Ap 280.5263231613591870
miniFE.c 25 Ap 302.9455119470729869
miniFE.c 25 Ap 285.8748281754452591
miniFE.c 25 Ap 327.7433196242129156
miniFE.c 25 Ap 410.0515705499041132
miniFE.c 25 Ap 407.7834329171992636
miniFE.c 25 Ap 417.8831803704043750
miniFE.c 25 Ap 53.3075094590051961
miniFE.c 25 Ap 244.7081176449795237
miniFE.c 25 Ap 279.3308151225808160
miniFE.c 25 Ap 271.9086235117405863
miniFE.c 25 Ap 304.4593176029432584
miniFE.c 25 Ap 353.9387234429520390
miniFE.c 25 Ap 348.7651838043294674
miniFE.c 25 Ap 359.7252280508261038
miniFE.c 25 Ap 32.9267531937249061
miniFE.c 25 Ap 74.3893239095653485
miniFE.c 25 Ap 237.1925777477794668
miniFE.c 25 Ap 225.2298671868017266
miniFE.c 25 Ap 275.2401033731078428
miniFE.c 25 Ap 358.1598582008521134
miniFE.c 25 Ap 352.7346049767916725
miniFE.c 25 Ap 372.2012827781184114
miniFE.c 25 Ap 48.4632641097693266
miniFE.c 25 Ap 65.6447300686519952
miniFE.c 25 Ap 88.7686962196905398
miniFE.c 25 Ap 7.3738270123566991
miniFE.c 25 Ap 18.2942450265596541
miniFE.c 25 Ap 75.1226882550922284
miniFE.c 25 Ap 74.5324833782873100
miniFE.c 25 Ap 81.9732951367718954
miniFE.c 25 Ap 49.6890059420428258
miniFE.c 25 Ap 81.1882084698705029
miniFE.c 25 Ap 121.5995145186110449
miniFE.c 25 Ap 117.0344122226947547
miniFE.c 25 Ap 315.1954233237861445
miniFE.c 25 Ap 338.2079775833567510
miniFE.c 25 Ap 331.8291605066624470
miniFE.c 25 Ap 337.8172967483575349
miniFE.c 25 Ap 56.7306616964033950
miniFE.c 25 Ap 84.5383740243961768
miniFE.c 25 Ap 123.4521586808025120
miniFE.c 25 Ap 109.6553547960586741
miniFE.c 25 Ap 123.0202730407267779
miniFE.c 25 Ap 463.7240113944026234
miniFE.c 25 Ap 460.2686456397997290
miniFE.c 25 Ap 465.6685766705319338
miniFE.c 25 Ap 17.6545830505485064
miniFE.c 25 Ap 50.4899709857948267
miniFE.c 25 Ap 79.2426992704175603
miniFE.c 25 Ap 77.6245107708498949
miniFE.c 25 Ap 119.4609981549508433
miniFE.c 25 Ap 158.4828260689497768
miniFE.c 25 Ap 128.6790987045213512
miniFE.c 25 Ap 132.8944677246452102
miniFE.c 25 Ap 22.6410437073216819
miniFE.c 25 Ap 42.6748996301747923
miniFE.c 25 Ap 72.3880537296083446
miniFE.c 25 Ap 66.5125581717068570
miniFE.c 25 Ap 77.8236520361378865
miniFE.c 25 Ap 95.3866910290187917
miniFE.c 25 Ap 94.1726497112759375
miniFE.c 25 Ap 196.4176861191364480
miniFE.c 57 sum 1476.4697774227429363
miniFE.c 57 sum 2512.8207916570140696
miniFE.c 57 sum 3408.2237430529607991
miniFE.c 57 sum 3306.2049176101440935
miniFE.c 57 sum 4311.9283232531861358
miniFE.c 57 sum 6699.0366449696102791
miniFE.c 57 sum 6638.7128699604545545
miniFE.c 57 sum 6948.2867654022111310
miniFE.c 90 p_ap_dot 6948.2867654022111310
miniFE.c 91 alpha 0.0082699003690419
miniFE.c 40 y 0.4745926201829493
miniFE.c 40 y 1.9471125390554564
miniFE.c 40 y 0.7233432286103061
miniFE.c 40 y 5.1458727495165748
miniFE.c 40 y 1.0480978892426758
miniFE.c 40 y 1.6486653583841533
miniFE.c 40 y 1.1155702373561471
miniFE.c 40 y 1.8885837322664789
miniFE.c 40 y 0.5791341138127999
miniFE.c 40 y -1.0161173299536701
miniFE.c 40 y -0.9887231455755363
miniFE.c 40 y -0.5870142137611376
miniFE.c 40 y -1.7497604384166805
miniFE.c 40 y 1.1837984810614066
miniFE.c 40 y -2.8473066012018942
miniFE.c 40 y 0.2395780532078817
miniFE.c 82 oldrtrans 57.4616392854084523
miniFE.c 48 sum 0.3353963217817371
miniFE.c 48 sum 1.3678907500139128
miniFE.c 48 sum 2.3454642086106960
miniFE.c 48 sum 2.6900498957683028
miniFE.c 48 sum 5.7517114876164364
miniFE.c 48 sum 7.1530903313797296
miniFE.c 48 sum 15.2602452126276127
miniFE.c 48 sum 15.3176428562064917
miniFE.c 83 rtrans 15.3176428562064917
miniFE.c 84 beta 0.2665716301639898
miniFE.c 40 y 1.5209881389175599
miniFE.c 40 y -0.2481373337119261
miniFE.c 40 y -0.3474329742314581
miniFE.c 40 y -0.9187725572598584
miniFE.c 40 y -0.9561440951539114
miniFE.c 40 y 2.5502968633393905
miniFE.c 40 y -2.9683094338792868
miniFE.c 40 y 0.6597215728401782
miniFE.c 87 normr 3.9137760355194691
miniFE.c 25 Ap 102.0502580941134028
miniFE.c 25 Ap 98.3064736648680366
miniFE.c 25 Ap 95.0686717747815635
miniFE.c 25 Ap 82.4663371808522925
miniFE.c 25 Ap 69.0196907516238269
miniFE.c 25 Ap 109.9682773081464120
miniFE.c 25 Ap 95.1363712077912140
miniFE.c 25 Ap 99.3639086090101671
miniFE.c 25 Ap 22.9479845953256323
miniFE.c 25 Ap 6.4625862918132171
miniFE.c 25 Ap 1.4623413496632987
miniFE.c 25 Ap -4.0170491276839604
miniFE.c 25 Ap -14.4711557678997167
miniFE.c 25 Ap 10.1449879360177277
miniFE.c 25 Ap -23.6860516887723946
miniFE.c 25 Ap -19.0984125239559326
miniFE.c 25 Ap 14.1744124370463300
miniFE.c 25 Ap 10.6032273743843000
miniFE.c 25 Ap -12.9089829927230824
miniFE.c 25 Ap -21.7403855983023604
miniFE.c 25 Ap -37.8018662146348916
miniFE.c 25 Ap 3.4509452547154567
miniFE.c 25 Ap -32.0261110004437484
miniFE.c 25 Ap -23.8777777016273234
miniFE.c 25 Ap 20.8626185975813208
miniFE.c 25 Ap 19.3827731965927974
miniFE.c 25 Ap 16.0431866475095326
miniFE.c 25 Ap -44.0461096983581228
miniFE.c 25 Ap -47.5533533275213287
miniFE.c 25 Ap -19.2810428331958157
miniFE.c 25 Ap -23.1405367133369815
miniFE.c 25 Ap -20.0259726957544615
miniFE.c 25 Ap 21.3902798027346002
miniFE.c 25 Ap 18.6772429694885460
miniFE.c 25 Ap 12.8410013304131514
miniFE.c 25 Ap 9.4708406878575779
miniFE.c 25 Ap -54.1713150271466617
miniFE.c 25 Ap -42.7225044961654277
miniFE.c 25 Ap -84.4351477452635208
miniFE.c 25 Ap -81.9286425041520658
miniFE.c 25 Ap 24.4215939537159095
miniFE.c 25 Ap 22.0265064041976331
miniFE.c 25 Ap 16.4065383172515773
miniFE.c 25 Ap 6.2211268124500858
miniFE.c 25 Ap 1.9287980474764801
miniFE.c 25 Ap 171.4298670557554658
miniFE.c 25 Ap 148.8343862191116500
miniFE.c 25 Ap 151.0946813900744417
miniFE.c 25 Ap 7.6000005251125948
miniFE.c 25 Ap 4.7718775964909508
miniFE.c 25 Ap 0.6193795344550166
miniFE.c 25 Ap -0.5752388639886408
miniFE.c 25 Ap -14.0116067441942054
miniFE.c 25 Ap 5.4018625004955734
miniFE.c 25 Ap -189.4919919710373790
miniFE.c 25 Ap -187.7275290203466795
miniFE.c 25 Ap 9.7465878164364756
miniFE.c 25 Ap 8.0210651152624450
miniFE.c 25 Ap 3.7298613869240862
miniFE.c 25 Ap -0.6076895815313081
miniFE.c 25 Ap -4.2404041757251800
miniFE.c 25 Ap 4.4972571681521227
miniFE.c 25 Ap -3.4416556063957611
miniFE.c 25 Ap 39.3559210167753903
miniFE.c 57 sum 151.1313264307928819
miniFE.c 57 sum 155.8703555926177557
miniFE.c 57 sum 164.1662829175317313
miniFE.c 57 sum 182.5655970628261571
miniFE.c 57 sum 260.9011848171469410
miniFE.c 57 sum 646.2374768335183717
miniFE.c 57 sum 1203.4708722234609013
miniFE.c 57 sum 1229.4348223372217035
miniFE.c 90 p_ap_dot 1229.4348223372217035
miniFE.c 91 alpha 0.0124590930547150
miniFE.c 40 y 0.4935427529408410
miniFE.c 40 y 1.9440209729243907
miniFE.c 40 y 0.7190145288540799
miniFE.c 40 y 5.1344256767295553
miniFE.c 40 y 1.0361852009874368
miniFE.c 40 y 1.6804397443216466
miniFE.c 40 y 1.0785877939042565
miniFE.c 40 y 1.8968032647326976
miniFE.c 40 y -0.6588500698270583
miniFE.c 40 y -0.7781684311203680
miniFE.c 40 y -0.6912276912511618
miniFE.c 40 y -0.3375087564335503
miniFE.c 40 y -0.7290038576109685
miniFE.c 40 y -0.6987042144500510
miniFE.c 40 y -0.5083918482056777
miniFE.c 40 y -0.2507610289941380
miniFE.c 82 oldrtrans 15.3176428562064917
miniFE.c 48 sum 0.4340834145111196
miniFE.c 48 sum 1.0396295217034546
miniFE.c 48 sum 1.5174252428558659
miniFE.c 48 sum 1.6313374035251875
miniFE.c 48 sum 2.1627840279368606
miniFE.c 48 sum 2.6509716072271234
miniFE.c 48 sum 2.9094338785491081
miniFE.c 48 sum 2.9723149722113069
miniFE.c 83 rtrans 2.9723149722113069
miniFE.c 84 beta 0.1940451935140247
miniFE.c 40 y -0.3637096320782641
miniFE.c 40 y -0.8263182880585529
miniFE.c 40 y -0.7586453899690583
miniFE.c 40 y -0.5157921551024148
miniFE.c 40 y -0.9145390235824014
miniFE.c 40 y -0.2038313660851487
miniFE.c 40 y -1.0843780267122891
miniFE.c 40 y -0.1227452287269889
miniFE.c 87 normr 1.7240403046945587
miniFE.c 25 Ap -24.4029922884978276
miniFE.c 25 Ap -36.8701107754956467
miniFE.c 25 Ap -43.9400887560853661
miniFE.c 25 Ap -51.0149466936260865
miniFE.c 25 Ap -63.8764839432650646
miniFE.c 25 Ap -67.1492818896746400
miniFE.c 25 Ap -72.5676499634053300
miniFE.c 25 Ap -73.3542091220372896
miniFE.c 25 Ap -5.4874872594624131
miniFE.c 25 Ap -60.3852565727103823
miniFE.c 25 Ap -71.3036582657833691
miniFE.c 25 Ap -74.3797477730576304
miniFE.c 25 Ap -84.3789607866884097
miniFE.c 25 Ap -86.3463953512856506
miniFE.c 25 Ap -98.7054963167165624
miniFE.c 25 Ap -99.5590546082516283
miniFE.c 25 Ap -3.3894875314889754
miniFE.c 25 Ap -15.2818355436790263
miniFE.c 25 Ap -66.6224719425301828
miniFE.c 25 Ap -71.5803564010017368
miniFE.c 25 Ap -86.9429475361631603
miniFE.c 25 Ap -90.2400605262330373
miniFE.c 25 Ap -103.2004816388167114
miniFE.c 25 Ap -104.7165288255126399
miniFE.c 25 Ap -4.9888195313051886
miniFE.c 25 Ap -9.9168297587213949
miniFE.c 25 Ap -17.2090620100472265
miniFE.c 25 Ap -50.9427509583303788
miniFE.c 25 Ap -54.2973825252012716
miniFE.c 25 Ap -56.5570346281709604
miniFE.c 25 Ap -57.9669787229771600
miniFE.c 25 Ap -58.5464623846636769
miniFE.c 25 Ap -5.1149976768657792
miniFE.c 25 Ap -14.1496395743656542
miniFE.c 25 Ap -26.8935013912360894
miniFE.c 25 Ap -28.7854847848731197
miniFE.c 25 Ap -89.6583545136874704
miniFE.c 25 Ap -90.5733957091364772
miniFE.c 25 Ap -105.8117914299951963
miniFE.c 25 Ap -106.2781420418163378
miniFE.c 25 Ap -5.8398673365014391
miniFE.c 25 Ap -13.8157112535072137
miniFE.c 25 Ap -26.0873239015758074
miniFE.c 25 Ap -31.8053389959041155
miniFE.c 25 Ap -35.9108939823433957
miniFE.c 25 Ap -49.4581931009294777
miniFE.c 25 Ap -57.7127378066118055
miniFE.c 25 Ap -58.1332795308363472
miniFE.c 25 Ap -1.8173668315063300
miniFE.c 25 Ap -11.2352551510077614
miniFE.c 25 Ap -20.3025393331945487
miniFE.c 25 Ap -20.9731893143998285
miniFE.c 25 Ap -33.8248952695352969
miniFE.c 25 Ap -35.3765083438719401
miniFE.c 25 Ap -106.5748176973527563
miniFE.c 25 Ap -106.9031068080611249
miniFE.c 25 Ap -2.3306742360643371
miniFE.c 25 Ap -8.0768106320312842
miniFE.c 25 Ap -17.4469688132554168
miniFE.c 25 Ap -19.8820380196742583
miniFE.c 25 Ap -23.3566808844537732
miniFE.c 25 Ap -24.0550346618959132
miniFE.c 25 Ap -26.9552655038854532
miniFE.c 25 Ap -34.9180160760038518
miniFE.c 57 sum 26.6796324111682246
miniFE.c 57 sum 108.9470999757866991
miniFE.c 57 sum 188.3898118228238729
miniFE.c 57 sum 218.5876178298320269
miniFE.c 57 sum 315.7831260809065270
miniFE.c 57 sum 327.6325118626867265
miniFE.c 57 sum 443.5558918726251250
miniFE.c 57 sum 447.8419117425668787
miniFE.c 90 p_ap_dot 447.8419117425668787
miniFE.c 91 alpha 0.0066369736602944
miniFE.c 40 y 0.4911288216927422
miniFE.c 40 y 1.9385367202115265
miniFE.c 40 y 0.7139794193833515
miniFE.c 40 y 5.1310023777819538
miniFE.c 40 y 1.0301154295766091
miniFE.c 40 y 1.6790869209137975
miniFE.c 40 y 1.0713908055031651
miniFE.c 40 y 1.8959886078827097
miniFE.c 40 y -0.1720001160123694
miniFE.c 40 y -0.1173976080415899
miniFE.c 40 y 0.0037731523612251
miniFE.c 40 y 0.0510625723168796
miniFE.c 40 y -0.0236386282144063
miniFE.c 40 y -0.3128751694173585
miniFE.c 40 y 0.2011212558830632
miniFE.c 40 y -0.0190110760279640
