filename line variable value
miniFE.c 167 A 67.0947100000000063
miniFE.c 167 A 15.0875500000000002
miniFE.c 167 A 9.3192129999999995
miniFE.c 167 A 13.7164900000000003
miniFE.c 167 A 14.0634099999999993
miniFE.c 167 A 16.0564000000000000
miniFE.c 167 A 4.9967519999999999
miniFE.c 167 A 6.4080630000000003
miniFE.c 167 A 15.0875500000000002
miniFE.c 167 A 66.4365899999999954
miniFE.c 167 A 14.3919700000000006
miniFE.c 167 A 5.9638159999999996
miniFE.c 167 A 10.9336099999999998
miniFE.c 167 A 9.6522659999999991
miniFE.c 167 A 11.3974100000000007
miniFE.c 167 A 6.9539020000000002
miniFE.c 167 A 9.3192129999999995
miniFE.c 167 A 14.3919700000000006
miniFE.c 167 A 67.6740938146972724
miniFE.c 167 A 9.6121750000000006
miniFE.c 167 A 16.7981799999999986
miniFE.c 167 A 16.1756899999999995
miniFE.c 167 A 11.9519400000000005
miniFE.c 167 A 12.3511699999999998
miniFE.c 167 A 13.7164900000000003
miniFE.c 167 A 5.9638159999999996
miniFE.c 167 A 9.6121750000000006
miniFE.c 167 A 65.4017099999999942
miniFE.c 167 A 3.6681119999999998
miniFE.c 167 A 11.0858899999999991
miniFE.c 167 A 1.3002330000000000
miniFE.c 167 A 4.7210279999999996
miniFE.c 167 A 14.0634099999999993
miniFE.c 167 A 10.9336099999999998
miniFE.c 167 A 16.7981799999999986
miniFE.c 167 A 3.6681119999999998
miniFE.c 167 A 66.5612600000000043
miniFE.c 167 A 4.4892070000000004
miniFE.c 167 A 14.0526599999999995
miniFE.c 167 A 3.7993380000000001
miniFE.c 167 A 16.0564000000000000
miniFE.c 167 A 9.6522659999999991
miniFE.c 167 A 16.1756899999999995
miniFE.c 167 A 11.0858899999999991
miniFE.c 167 A 4.4892070000000004
miniFE.c 167 A 66.4632699999999943
miniFE.c 167 A 7.6122389999999998
miniFE.c 167 A 3.4261349999999999
miniFE.c 167 A 4.9967519999999999
miniFE.c 167 A 11.3974100000000007
miniFE.c 167 A 11.9519400000000005
miniFE.c 167 A 1.3002330000000000
miniFE.c 167 A 14.0526599999999995
miniFE.c 167 A 7.6122389999999998
miniFE.c 167 A 65.6581999999999937
miniFE.c 167 A 2.6745570000000001
miniFE.c 167 A 6.4080630000000003
miniFE.c 167 A 6.9539020000000002
miniFE.c 167 A 12.3511699999999998
miniFE.c 167 A 4.7210279999999996
miniFE.c 167 A 3.7993380000000001
miniFE.c 167 A 3.4261349999999999
miniFE.c 167 A 2.6745570000000001
miniFE.c 167 A 64.8721800000000002
miniFE.c 175 b 198.0110999999999990
miniFE.c 175 b 229.8237000000000023
miniFE.c 175 b 210.8053999999999917
miniFE.c 175 b 202.6418999999999926
miniFE.c 175 b 157.2561000000000035
miniFE.c 175 b 225.5886000000000138
miniFE.c 175 b 142.6283999999999992
miniFE.c 175 b 185.1795999999999935
miniFE.c 33 r 0.0000000000000000
miniFE.c 33 r 0.0000000000000000
miniFE.c 33 r 0.0000000000000000
miniFE.c 33 r 0.0000000000000000
miniFE.c 33 r 0.0000000000000000
miniFE.c 33 r 0.0000000000000000
miniFE.c 33 r 0.0000000000000000
miniFE.c 33 r 0.0000000000000000
miniFE.c 25 Ap 0.0000000000000000
miniFE.c 25 Ap 0.0000000000000000
miniFE.c 25 Ap 0.0000000000000000
miniFE.c 25 Ap 0.0000000000000000
miniFE.c 25 Ap 0.0000000000000000
miniFE.c 25 Ap 0.0000000000000000
miniFE.c 25 Ap 0.0000000000000000
miniFE.c 25 Ap 0.0000000000000000
miniFE.c 25 Ap 0.0000000000000000
miniFE.c 25 Ap 0.0000000000000000
miniFE.c 25 Ap 0.0000000000000000
miniFE.c 25 Ap 0.0000000000000000
miniFE.c 25 Ap 0.0000000000000000
miniFE.c 25 Ap 0.0000000000000000
miniFE.c 25 Ap 0.0000000000000000
miniFE.c 25 Ap 0.0000000000000000
miniFE.c 25 Ap 0.0000000000000000
miniFE.c 25 Ap 0.0000000000000000
miniFE.c 25 Ap 0.0000000000000000
miniFE.c 25 Ap 0.0000000000000000
miniFE.c 25 Ap 0.0000000000000000
miniFE.c 25 Ap 0.0000000000000000
miniFE.c 25 Ap 0.0000000000000000
miniFE.c 25 Ap 0.0000000000000000
miniFE.c 25 Ap 0.0000000000000000
miniFE.c 25 Ap 0.0000000000000000
miniFE.c 25 Ap 0.0000000000000000
miniFE.c 25 Ap 0.0000000000000000
miniFE.c 25 Ap 0.0000000000000000
miniFE.c 25 Ap 0.0000000000000000
miniFE.c 25 Ap 0.0000000000000000
miniFE.c 25 Ap 0.0000000000000000
miniFE.c 25 Ap 0.0000000000000000
miniFE.c 25 Ap 0.0000000000000000
miniFE.c 25 Ap 0.0000000000000000
miniFE.c 25 Ap 0.0000000000000000
miniFE.c 25 Ap 0.0000000000000000
miniFE.c 25 Ap 0.0000000000000000
miniFE.c 25 Ap 0.0000000000000000
miniFE.c 25 Ap 0.0000000000000000
miniFE.c 25 Ap 0.0000000000000000
miniFE.c 25 Ap 0.0000000000000000
miniFE.c 25 Ap 0.0000000000000000
miniFE.c 25 Ap 0.0000000000000000
miniFE.c 25 Ap 0.0000000000000000
miniFE.c 25 Ap 0.0000000000000000
miniFE.c 25 Ap 0.0000000000000000
miniFE.c 25 Ap 0.0000000000000000
miniFE.c 25 Ap 0.0000000000000000
miniFE.c 25 Ap 0.0000000000000000
miniFE.c 25 Ap 0.0000000000000000
miniFE.c 25 Ap 0.0000000000000000
miniFE.c 25 Ap 0.0000000000000000
miniFE.c 25 Ap 0.0000000000000000
miniFE.c 25 Ap 0.0000000000000000
miniFE.c 25 Ap 0.0000000000000000
miniFE.c 25 Ap 0.0000000000000000
miniFE.c 25 Ap 0.0000000000000000
miniFE.c 25 Ap 0.0000000000000000
miniFE.c 25 Ap 0.0000000000000000
miniFE.c 25 Ap 0.0000000000000000
miniFE.c 25 Ap 0.0000000000000000
miniFE.c 25 Ap 0.0000000000000000
miniFE.c 25 Ap 0.0000000000000000
miniFE.c 33 r 198.0110999999999990
miniFE.c 33 r 229.8237000000000023
miniFE.c 33 r 210.8053999999999917
miniFE.c 33 r 202.6418999999999926
miniFE.c 33 r 157.2561000000000035
miniFE.c 33 r 225.5886000000000138
miniFE.c 33 r 142.6283999999999992
miniFE.c 33 r 185.1795999999999935
miniFE.c 48 sum 39208.3957232100001420
miniFE.c 48 sum 92027.3288048999966122
miniFE.c 48 sum 136466.2454740600078367
miniFE.c 48 sum 177529.9851096700003836
miniFE.c 48 sum 202259.4660968800017145
miniFE.c 48 sum 253149.6825468399911188
miniFE.c 48 sum 273492.5430333999684080
miniFE.c 48 sum 307784.0272895599482581
miniFE.c 75 rtrans 307784.0272895599482581
miniFE.c 76 normr 554.7828649927464539
miniFE.c 33 r 198.0110999999999990
miniFE.c 33 r 229.8237000000000023
miniFE.c 33 r 210.8053999999999917
miniFE.c 33 r 202.6418999999999926
miniFE.c 33 r 157.2561000000000035
miniFE.c 33 r 225.5886000000000138
miniFE.c 33 r 142.6283999999999992
miniFE.c 33 r 185.1795999999999935
miniFE.c 87 normr 554.7828649927464539
miniFE.c 25 Ap 13285.4973312810016068
miniFE.c 25 Ap 16752.9738962160008668
miniFE.c 25 Ap 18717.5143203662009910
miniFE.c 25 Ap 21497.0499152972006414
miniFE.c 25 Ap 23708.6069245981998392
miniFE.c 25 Ap 27330.7477216381994367
miniFE.c 25 Ap 28043.4264645949988335
miniFE.c 25 Ap 29230.0690077097970061
miniFE.c 25 Ap 2987.5023718050001662
miniFE.c 25 Ap 18256.2053009880000900
miniFE.c 25 Ap 21290.1102936259994749
miniFE.c 25 Ap 22498.6292991164009436
miniFE.c 25 Ap 24218.0061666374022025
miniFE.c 25 Ap 26395.4473404050004319
miniFE.c 25 Ap 28021.0416928490012651
miniFE.c 25 Ap 29308.7624836482027604
miniFE.c 25 Ap 1845.3076172643000064
miniFE.c 25 Ap 5152.9234129532997031
miniFE.c 25 Ap 19418.9878291980858194
miniFE.c 25 Ap 21366.8172343305850518
miniFE.c 25 Ap 24008.4335082285833778
miniFE.c 25 Ap 27657.4847693625852116
miniFE.c 25 Ap 29362.1708484585833503
miniFE.c 25 Ap 31649.3555685905812425
miniFE.c 25 Ap 2716.0172730389999742
miniFE.c 25 Ap 4086.6435322781999275
miniFE.c 25 Ap 6112.9419280231995799
miniFE.c 25 Ap 19366.0687056721981207
miniFE.c 25 Ap 19942.9016931553996983
miniFE.c 25 Ap 22443.7520980093977414
miniFE.c 25 Ap 22629.2022504265987664
miniFE.c 25 Ap 23503.4403270553993934
miniFE.c 25 Ap 2784.7112838509997346
miniFE.c 25 Ap 5297.5139884079999320
miniFE.c 25 Ap 8838.6610425799990480
miniFE.c 25 Ap 9581.9742276727993158
miniFE.c 25 Ap 20049.1383863587980159
miniFE.c 25 Ap 21061.8523085989982064
miniFE.c 25 Ap 23066.1607201429978886
miniFE.c 25 Ap 23769.7206112477979332
miniFE.c 25 Ap 3179.3454260399998930
miniFE.c 25 Ap 5397.6649115441996400
miniFE.c 25 Ap 8807.5877122702004272
miniFE.c 25 Ap 11054.0535250612010714
miniFE.c 25 Ap 11760.0087099739012046
miniFE.c 25 Ap 26753.3647406958989450
miniFE.c 25 Ap 27839.0862096834971453
miniFE.c 25 Ap 28473.5365185294976982
miniFE.c 25 Ap 989.4123599472000024
miniFE.c 25 Ap 3608.8072965641999872
miniFE.c 25 Ap 6128.3407890401995246
miniFE.c 25 Ap 6391.8224746028990921
miniFE.c 25 Ap 8601.6889808288997301
miniFE.c 25 Ap 10318.9233197042995016
miniFE.c 25 Ap 19683.6473325842962367
miniFE.c 25 Ap 20178.9207280214977800
miniFE.c 25 Ap 1268.8676034993000030
miniFE.c 25 Ap 2867.0390905766998912
miniFE.c 25 Ap 5470.7324228946999938
miniFE.c 25 Ap 6427.4105067679001877
miniFE.c 25 Ap 7024.8795832297000743
miniFE.c 25 Ap 7797.7765812907000509
miniFE.c 25 Ap 8179.2443669095000587
miniFE.c 25 Ap 20192.2487104374995397
miniFE.c 57 sum 5787878.1172925252467394
miniFE.c 57 sum 12523726.3537057451903820
miniFE.c 57 sum 19195581.4140847101807594
miniFE.c 57 sum 23958363.2184958383440971
miniFE.c 57 sum 27696296.7799102813005447
miniFE.c 57 sum 34119602.0201742276549339
miniFE.c 57 sum 36997689.1973387673497200
miniFE.c 57 sum 40736881.7366380989551544
miniFE.c 90 p_ap_dot 40736881.7366380989551544
miniFE.c 91 alpha 0.0075554145081444
miniFE.c 40 y 1.4960559377136404
miniFE.c 40 y 1.7364133172954364
miniFE.c 40 y 1.5927221775551930
miniFE.c 40 y 1.5310435512179557
miniFE.c 40 y 1.1881350194342137
miniFE.c 40 y 1.7044153813119940
miniFE.c 40 y 1.0776166826334290
miniFE.c 40 y 1.3991086364523850
miniFE.c 40 y -22.8341874549138879
miniFE.c 40 y 8.3838507152847512
miniFE.c 40 y -28.3186002363514717
miniFE.c 40 y 25.0636659616584154
miniFE.c 40 y -22.3339919607616366
miniFE.c 40 y 10.4592290897215889
miniFE.c 40 y -9.8317104271902735
miniFE.c 40 y 32.6187911410995639
miniFE.c 82 oldrtrans 307784.0272895599482581
miniFE.c 48 sum 521.4001167261467344
miniFE.c 48 sum 591.6890695423273883
miniFE.c 48 sum 1393.6321888886129727
miniFE.c 48 sum 2021.8195403262075160
miniFE.c 48 sum 2520.6267372295728819
miniFE.c 48 sum 2630.0222103808509928
miniFE.c 48 sum 2726.6847403049728200
miniFE.c 48 sum 3790.6702758116480254
miniFE.c 83 rtrans 3790.6702758116480254
miniFE.c 84 beta 0.0123160071339421
miniFE.c 40 y -20.3954813347141659
miniFE.c 40 y 11.2143610440337191
miniFE.c 40 y -25.7223194260779557
miniFE.c 40 y 27.5594050476939962
miniFE.c 40 y -20.3972247113057250
miniFE.c 40 y 13.2375798966575982
miniFE.c 40 y -8.0750980352875281
miniFE.c 40 y 34.8994644157601073
miniFE.c 87 normr 61.5684194681952803
miniFE.c 25 Ap -1368.4289054630601186
miniFE.c 25 Ap -1199.2316724931492899
miniFE.c 25 Ap -1438.9434460788074830
miniFE.c 25 Ap -1060.9251423361633897
miniFE.c 25 Ap -1347.7796763133874265
miniFE.c 25 Ap -1135.2317984606943355
miniFE.c 25 Ap -1175.5810607187133883
miniFE.c 25 Ap -951.9430940762644013
miniFE.c 25 Ap -307.7178444115667162
miniFE.c 25 Ap 437.3260623828733742
miniFE.c 25 Ap 67.1312128723421893
miniFE.c 25 Ap 231.4904336462603851
miniFE.c 25 Ap 8.4751335704810060
miniFE.c 25 Ap 136.2477759292726489
miniFE.c 25 Ap 44.2125728309062112
miniFE.c 25 Ap 286.9000282305892711
miniFE.c 25 Ap -190.0698347957255976
miniFE.c 25 Ap -28.6730870808236205
miniFE.c 25 Ap -1769.4077450528334339
miniFE.c 25 Ap -1504.5019208385153888
miniFE.c 25 Ap -1847.1381730394768965
miniFE.c 25 Ap -1633.0111842809114933
miniFE.c 25 Ap -1729.5242714927858287
miniFE.c 25 Ap -1298.4750535847820174
miniFE.c 25 Ap -279.7544157727934930
miniFE.c 25 Ap -212.8740299486084950
miniFE.c 25 Ap -460.1214656779693541
miniFE.c 25 Ap 1342.3107510238494342
miniFE.c 25 Ap 1267.4914462936123982
miniFE.c 25 Ap 1414.2418008941699554
miniFE.c 25 Ap 1403.7422919504540459
miniFE.c 25 Ap 1568.5036406422611890
miniFE.c 25 Ap -286.8300161574325102
miniFE.c 25 Ap -164.2165661027750048
miniFE.c 25 Ap -596.3047178395291894
miniFE.c 25 Ap -495.2137334712222696
miniFE.c 25 Ap -1852.8787107588675553
miniFE.c 25 Ap -1793.4524744237330651
miniFE.c 25 Ap -1906.9290815802967245
miniFE.c 25 Ap -1774.3342202458516113
miniFE.c 25 Ap -327.4780065027045453
miniFE.c 25 Ap -219.2340106856534021
miniFE.c 25 Ap -635.3102758028683184
miniFE.c 25 Ap -329.7897429786879684
miniFE.c 25 Ap -421.3571069332546131
miniFE.c 25 Ap 458.4557398848713774
miniFE.c 25 Ap 396.9861636918323029
miniFE.c 25 Ap 516.5564402079226056
miniFE.c 25 Ap -101.9111621501956790
miniFE.c 25 Ap 25.9035085566846845
miniFE.c 25 Ap -281.5281098846334658
miniFE.c 25 Ap -245.6944619812551593
miniFE.c 25 Ap -532.3297257928326189
miniFE.c 25 Ap -431.5621038378797039
miniFE.c 25 Ap -961.7585056583952792
miniFE.c 25 Ap -868.4178988089731774
miniFE.c 25 Ap -130.6955293081724676
miniFE.c 25 Ap -52.7119616153442934
miniFE.c 25 Ap -370.4127016411355839
miniFE.c 25 Ap -240.3039787476309073
miniFE.c 25 Ap -317.7999296878338100
miniFE.c 25 Ap -272.4461938885988275
miniFE.c 25 Ap -294.0435038645633199
miniFE.c 25 Ap 1969.9608336182213861
miniFE.c 57 sum 19415.3376069425030437
miniFE.c 57 sum 22632.7381070637966332
miniFE.c 57 sum 56032.5282021652528783
miniFE.c 57 sum 99259.5553534079954261
miniFE.c 57 sum 135451.0491567220597062
miniFE.c 57 sum 142289.0063051074685063
miniFE.c 57 sum 149301.5659735883236863
miniFE.c 57 sum 218052.1439868885790929
miniFE.c 90 p_ap_dot 218052.1439868885790929
miniFE.c 91 alpha 0.0173842375796111
miniFE.c 40 y 1.1414960446404447
miniFE.c 40 y 1.9313664339884546
miniFE.c 40 y 1.1455592655536069
miniFE.c 40 y 2.0101427961198026
miniFE.c 40 y 0.8335448190881598
miniFE.c 40 y 1.9345406152145739
miniFE.c 40 y 0.9372372599093395
miniFE.c 40 y 2.0058092172571436
miniFE.c 40 y -6.2853825452219887
miniFE.c 40 y 3.3963124629270443
miniFE.c 40 y -5.7456014136353133
miniFE.c 40 y -2.2035739717516698
miniFE.c 40 y 8.5114556696263257
miniFE.c 40 y 1.4792892098688650
miniFE.c 40 y 5.2650726440916227
miniFE.c 40 y -1.6274760130484083
miniFE.c 82 oldrtrans 3790.6702758116480254
miniFE.c 48 sum 39.5060337397812447
miniFE.c 48 sum 51.0409720856148112
miniFE.c 48 sum 84.0529076899829306
miniFE.c 48 sum 88.9086459389643551
miniFE.c 48 sum 161.3535235549784943
miniFE.c 48 sum 163.5418201214129397
miniFE.c 48 sum 191.2628100689748862
miniFE.c 48 sum 193.9114882420228412
miniFE.c 83 rtrans 193.9114882420228412
miniFE.c 84 beta 0.0511549341232279
miniFE.c 40 y -7.3287120493108153
miniFE.c 40 y 3.9699823633686817
miniFE.c 40 y -7.0614249693729558
miniFE.c 40 y -0.7937744220615301
miniFE.c 40 y 7.4680369832228060
miniFE.c 40 y 2.1564567374333499
miniFE.c 40 y 4.8519915360578825
miniFE.c 40 y 0.1578037900757348
miniFE.c 87 normr 13.9252105277450955
miniFE.c 25 Ap -491.7178096220148973
miniFE.c 25 Ap -431.8205022155717643
miniFE.c 25 Ap -497.6274255886768287
miniFE.c 25 Ap -508.5152245111395928
miniFE.c 25 Ap -403.4891585209141454
miniFE.c 25 Ap -368.8642265619893124
miniFE.c 25 Ap -344.6200281502090093
miniFE.c 25 Ap -343.6088115217649488
miniFE.c 25 Ap -110.5723094795793884
miniFE.c 25 Ap 153.1797811027767295
miniFE.c 25 Ap 51.5519647863102222
miniFE.c 25 Ap 46.8180401876289167
miniFE.c 25 Ap 128.4706440277636261
miniFE.c 25 Ap 149.2853380749624819
miniFE.c 25 Ap 204.5854749279439488
miniFE.c 25 Ap 205.6828270193591948
miniFE.c 25 Ap -68.2978286031939916
miniFE.c 25 Ap -11.1619615290628218
miniFE.c 25 Ap -489.0374973718540446
miniFE.c 25 Ap -496.6673960272333375
miniFE.c 25 Ap -371.2179665363996719
miniFE.c 25 Ap -336.3357908532664169
miniFE.c 25 Ap -278.3450791337947976
miniFE.c 25 Ap -276.3960176959250816
miniFE.c 25 Ap -100.5242055372513050
miniFE.c 25 Ap -76.8479611988753533
miniFE.c 25 Ap -144.7236137538578475
miniFE.c 25 Ap -196.6378183109436577
miniFE.c 25 Ap -169.2442222363402777
miniFE.c 25 Ap -145.3379800553952919
miniFE.c 25 Ap -139.0292605444921321
miniFE.c 25 Ap -138.2842644330384587
miniFE.c 25 Ap -103.0666823213982042
miniFE.c 25 Ap -59.6604434534467529
miniFE.c 25 Ap -178.2795311454681553
miniFE.c 25 Ap -181.1911846283251180
miniFE.c 25 Ap 315.8907667015837433
miniFE.c 25 Ap 325.5715473824666901
miniFE.c 25 Ap 393.7549347615658348
miniFE.c 25 Ap 394.3544846977446241
miniFE.c 25 Ap -117.6727321485541751
miniFE.c 25 Ap -79.3534063620110146
miniFE.c 25 Ap -193.5768276248474535
miniFE.c 25 Ap -202.3765235526351489
miniFE.c 25 Ap -168.8509596512924418
miniFE.c 25 Ap -25.5257932679406281
miniFE.c 25 Ap 11.4087259305090924
miniFE.c 25 Ap 11.9493830188202192
miniFE.c 25 Ap -36.6197565898179107
miniFE.c 25 Ap 8.6277600982639413
miniFE.c 25 Ap -75.7699674501834579
miniFE.c 25 Ap -76.8020591483037833
miniFE.c 25 Ap 28.1437254443520146
miniFE.c 25 Ap 44.5591895228549220
miniFE.c 25 Ap 363.1322201956505751
miniFE.c 25 Ap 363.5542754270241517
miniFE.c 25 Ap -46.9628485208428117
miniFE.c 25 Ap -19.3559802242486079
miniFE.c 25 Ap -106.5728404632187818
miniFE.c 25 Ap -110.3202717354550799
miniFE.c 25 Ap -81.9466750396913142
miniFE.c 25 Ap -74.5583631355850969
miniFE.c 25 Ap -61.5814352088807340
miniFE.c 25 Ap -51.3443593344054534
miniFE.c 57 sum 2518.2100372489276197
miniFE.c 57 sum 3334.7672329635952337
miniFE.c 57 sum 5286.5169737568503479
miniFE.c 57 sum 5396.2834858373889801
miniFE.c 57 sum 8341.3373620599177229
miniFE.c 57 sum 8367.1056895790243289
miniFE.c 57 sum 10131.0679568486011703
miniFE.c 57 sum 10122.9656223466208758
miniFE.c 90 p_ap_dot 10122.9656223466208758
miniFE.c 91 alpha 0.0191556007869828
miniFE.c 40 y 1.0011101623410961
miniFE.c 40 y 2.0074138312725078
miniFE.c 40 y 1.0102934278530662
miniFE.c 40 y 1.9949375701758740
miniFE.c 40 y 0.9765995542011993
miniFE.c 40 y 1.9758488395912466
miniFE.c 40 y 1.0301800727958839
miniFE.c 40 y 2.0088320436625073
miniFE.c 40 y 0.2966506751785589
miniFE.c 40 y -0.5436656601938412
miniFE.c 40 y -0.4510696395403366
miniFE.c 40 y 0.4453441928491801
miniFE.c 40 y 0.9573585922000092
miniFE.c 40 y 1.2503915991095935
miniFE.c 40 y -1.6990279203892458
miniFE.c 40 y -0.6439439629751431
miniFE.c 82 oldrtrans 193.9114882420228412
miniFE.c 48 sum 0.0880016230838949
miniFE.c 48 sum 0.3835739731579001
miniFE.c 48 sum 0.5870377928729493
miniFE.c 48 sum 0.7853692429774370
miniFE.c 48 sum 1.7019047170366206
miniFE.c 48 sum 3.2653838681604670
miniFE.c 48 sum 6.1520797424226723
miniFE.c 48 sum 6.5667435698748049
miniFE.c 83 rtrans 6.5667435698748049
miniFE.c 84 beta 0.0338646442735708
miniFE.c 40 y 0.0484664486452163
miniFE.c 40 y -0.4092236196860111
miniFE.c 40 y -0.6902022841926622
miniFE.c 40 y 0.4184633044126072
miniFE.c 40 y 1.2102610080587202
miniFE.c 40 y 1.3234192394141189
miniFE.c 40 y -1.5347169530022693
miniFE.c 40 y -0.6385999937592072
miniFE.c 87 normr 2.5625658176668957
miniFE.c 25 Ap 3.2518423165806820
miniFE.c 25 Ap -2.9223395066129947
miniFE.c 25 Ap -9.3544816060909461
miniFE.c 25 Ap -3.6146338757484635
miniFE.c 25 Ap 13.4057628875946229
miniFE.c 25 Ap 34.6551115633234801
miniFE.c 25 Ap 26.9865115589754865
miniFE.c 25 Ap 22.8943225671668813
miniFE.c 25 Ap 0.7312399672571335
miniFE.c 25 Ap -26.4561818721383091
miniFE.c 25 Ap -36.3895524401705757
miniFE.c 25 Ap -33.8939142899018009
miniFE.c 25 Ap -20.6613924295808999
miniFE.c 25 Ap -7.8873979012381419
miniFE.c 25 Ap -25.3791962485557363
miniFE.c 25 Ap -29.8199580223578735
miniFE.c 25 Ap 0.4516691582783323
miniFE.c 25 Ap -5.4378648995341488
miniFE.c 25 Ap -52.1466790311067143
miniFE.c 25 Ap -48.1243365180144593
miniFE.c 25 Ap -27.7941542576626297
miniFE.c 25 Ap -6.3869349008640626
miniFE.c 25 Ap -24.7297798401300071
miniFE.c 25 Ap -32.6172369250489140
miniFE.c 25 Ap 0.6647895581776232
miniFE.c 25 Ap -1.7757448124837243
miniFE.c 25 Ap -8.4100899535433271
miniFE.c 25 Ap 18.9581257272917263
miniFE.c 25 Ap 23.3974986540840142
miniFE.c 25 Ap 38.0687787661126009
miniFE.c 25 Ap 36.0732891381596019
miniFE.c 25 Ap 33.0584406868225571
miniFE.c 25 Ap 0.6816035385416216
miniFE.c 25 Ap -3.7926879218935459
miniFE.c 25 Ap -15.3868301281730382
miniFE.c 25 Ap -13.8518598596975018
miniFE.c 25 Ap 66.7046377655610740
miniFE.c 25 Ap 72.6457406790736115
miniFE.c 25 Ap 51.0788851422967412
miniFE.c 25 Ap 48.6526279192076245
miniFE.c 25 Ap 0.7781966860270513
miniFE.c 25 Ap -3.1717385446651640
miniFE.c 25 Ap -14.3362367310575678
miniFE.c 25 Ap -9.6971985693028913
miniFE.c 25 Ap -4.2640863800986279
miniFE.c 25 Ap 83.6946838522765830
miniFE.c 25 Ap 72.0120516086715412
miniFE.c 25 Ap 69.8241218190533459
miniFE.c 25 Ap 0.2421748242008819
miniFE.c 25 Ap -4.4219145510446571
miniFE.c 25 Ap -12.6711708395783056
miniFE.c 25 Ap -12.1270710418919876
miniFE.c 25 Ap 4.8803154156144650
miniFE.c 25 Ap 14.9544989632329575
miniFE.c 25 Ap -85.8122536803806213
miniFE.c 25 Ap -87.5202257638892718
miniFE.c 25 Ap 0.3105760563048108
miniFE.c 25 Ap -2.5351248910769812
miniFE.c 25 Ap -11.0599306375288631
miniFE.c 25 Ap -9.0843536604244211
miniFE.c 25 Ap -4.4861630225886193
miniFE.c 25 Ap 0.0480499532414731
miniFE.c 25 Ap -4.0566380164294173
miniFE.c 25 Ap -45.4840117595755800
miniFE.c 57 sum 1.1096065089686107
miniFE.c 57 sum 13.3126376697628039
miniFE.c 57 sum 35.8251290994848119
miniFE.c 57 sum 49.6588734280207618
miniFE.c 57 sum 108.5412519382268215
miniFE.c 57 sum 200.9478381287571835
miniFE.c 57 sum 335.2666123391840074
miniFE.c 57 sum 364.3127019649926979
miniFE.c 90 p_ap_dot 364.3127019649926979
miniFE.c 91 alpha 0.0180250195352942
miniFE.c 40 y 1.0019837710247324
miniFE.c 40 y 2.0000375675333637
miniFE.c 40 y 0.9978525181971888
miniFE.c 40 y 2.0024803794127148
miniFE.c 40 y 0.9984145325142625
miniFE.c 40 y 1.9997034972350702
miniFE.c 40 y 1.0025167697368709
miniFE.c 40 y 1.9973212662997588
miniFE.c 40 y -0.1160199363419508
miniFE.c 40 y -0.0061603342991877
miniFE.c 40 y 0.1368566932209891
miniFE.c 40 y -0.1505348463371609
miniFE.c 40 y 0.0803940235128920
miniFE.c 40 y -0.0081895607136047
miniFE.c 40 y -0.1214741412617835
miniFE.c 40 y 0.1759062375347575
miniFE.c 82 oldrtrans 6.5667435698748049
miniFE.c 48 sum 0.0134606256287903
miniFE.c 48 sum 0.0134985753474681
miniFE.c 48 sum 0.0322283298268520
miniFE.c 48 sum 0.0548890697886046
miniFE.c 48 sum 0.0613522688051961
miniFE.c 48 sum 0.0614193377098779
miniFE.c 48 sum 0.0761753047051656
miniFE.c 48 sum 0.1071183091088002
miniFE.c 83 rtrans 0.1071183091088002
miniFE.c 84 beta 0.0163122418241226
miniFE.c 40 y -0.1152293399112937
miniFE.c 40 y -0.0128356889436487
miniFE.c 40 y 0.1255979466536766
miniFE.c 40 y -0.1437087717210610
miniFE.c 40 y 0.1001360937466523
miniFE.c 40 y 0.0133983739544149
miniFE.c 40 y -0.1465088153307371
miniFE.c 40 y 0.1654892400076741
miniFE.c 87 normr 0.3272893354645094
miniFE.c 25 Ap -7.7312791448396743
miniFE.c 25 Ap -7.9249382435614217
miniFE.c 25 Ap -6.7544642263331722
miniFE.c 25 Ap -8.7256441565573883
miniFE.c 25 Ap -7.3173892143997810
miniFE.c 25 Ap -7.1022595628381140
miniFE.c 25 Ap -7.8343277788596053
miniFE.c 25 Ap -6.7738623030683085
miniFE.c 25 Ap -1.7385284273786386
miniFE.c 25 Ap -2.5912878310953618
miniFE.c 25 Ap -0.7836859507940472
miniFE.c 25 Ap -1.6407386229244580
miniFE.c 25 Ap -0.5458896269751228
miniFE.c 25 Ap -0.4165649575996384
miniFE.c 25 Ap -2.0863859945383352
miniFE.c 25 Ap -0.9355900374704900
miniFE.c 25 Ap -1.0738467624827466
miniFE.c 25 Ap -1.2585776126890706
miniFE.c 25 Ap 7.2411496120851853
miniFE.c 25 Ap 5.8597957492672954
miniFE.c 25 Ap 7.5418998765204357
miniFE.c 25 Ap 7.7586278201111254
miniFE.c 25 Ap 6.0075632498070757
miniFE.c 25 Ap 8.0515489863126604
miniFE.c 25 Ap -1.5805420885998602
miniFE.c 25 Ap -1.6570917756930155
miniFE.c 25 Ap -0.4498223328172113
miniFE.c 25 Ap -9.8486217453742420
miniFE.c 25 Ap -9.4813113382690215
miniFE.c 25 Ap -9.3327784384315127
miniFE.c 25 Ap -9.5232740349154437
miniFE.c 25 Ap -8.7419946991404931
miniFE.c 25 Ap -1.6205174512018863
miniFE.c 25 Ap -1.7608578681930533
miniFE.c 25 Ap 0.3489590473258042
miniFE.c 25 Ap -0.1781808227294802
miniFE.c 25 Ap 6.4870037485258196
miniFE.c 25 Ap 6.5471518226705969
miniFE.c 25 Ap 4.4883132538249608
miniFE.c 25 Ap 5.1170628119772372
miniFE.c 25 Ap -1.8501683733516954
miniFE.c 25 Ap -1.9740618573290518
miniFE.c 25 Ap 0.0575715923773588
miniFE.c 25 Ap -1.5355680429574337
miniFE.c 25 Ap -1.0860363899573058
miniFE.c 25 Ap -0.1955366442640611
miniFE.c 25 Ap -1.3107967621684962
miniFE.c 25 Ap -0.7438082848548035
miniFE.c 25 Ap -0.5757724346604364
miniFE.c 25 Ap -0.7220660441836677
miniFE.c 25 Ap 0.7790730783442761
miniFE.c 25 Ap 0.5922181909630858
miniFE.c 25 Ap 1.9993966701129171
miniFE.c 25 Ap 2.1013882948652984
miniFE.c 25 Ap -7.5181168038833039
miniFE.c 25 Ap -7.0755063985960991
miniFE.c 25 Ap -0.7383968695999842
miniFE.c 25 Ap -0.8276549926166009
miniFE.c 25 Ap 0.7236265981538902
miniFE.c 25 Ap 0.0451734630131532
miniFE.c 25 Ap 0.4256243291563717
miniFE.c 25 Ap 0.4715289671046810
miniFE.c 25 Ap 0.0796827895001507
miniFE.c 25 Ap 10.8153305553411894
miniFE.c 57 sum 0.7805476818325566
miniFE.c 57 sum 0.7925566245323045
miniFE.c 57 sum 1.8038146445946661
miniFE.c 57 sum 3.0601159652001724
miniFE.c 57 sum 3.5725186466478336
miniFE.c 57 sum 3.5625528250969571
miniFE.c 57 sum 4.5991768854203219
miniFE.c 57 sum 6.3889977194555119
miniFE.c 90 p_ap_dot 6.3889977194555119
miniFE.c 91 alpha 0.0167660584355208
miniFE.c 40 y 1.0000518291782932
miniFE.c 40 y 1.9998223636224743
miniFE.c 40 y 0.9999583007101658
miniFE.c 40 y 2.0000709497483427
miniFE.c 40 y 1.0000934201135236
miniFE.c 40 y 1.9999281351557310
miniFE.c 40 y 1.0000603943777169
miniFE.c 40 y 2.0000958685681773
miniFE.c 40 y -0.0024489651345362
miniFE.c 40 y 0.0095258229407336
miniFE.c 40 y 0.0018639524200129
miniFE.c 40 y -0.0039660523683584
miniFE.c 40 y -0.0053989506109486
miniFE.c 40 y 0.0042811724550955
miniFE.c 40 y -0.0028457875220200
miniFE.c 40 y -0.0054242265555663
miniFE.c 82 oldrtrans 0.1071183091088002
miniFE.c 48 sum 0.0000059974302302
miniFE.c 48 sum 0.0000967387329284
miniFE.c 48 sum 0.0001002130515525
miniFE.c 48 sum 0.0001159426229410
miniFE.c 48 sum 0.0001450912906405
miniFE.c 48 sum 0.0001634197282307
miniFE.c 48 sum 0.0001715182348512
miniFE.c 48 sum 0.0002009404685773
miniFE.c 83 rtrans 0.0002009404685773
miniFE.c 84 beta 0.0018758741642686
miniFE.c 40 y -0.0026651208762415
miniFE.c 40 y 0.0095017448034636
miniFE.c 40 y 0.0020995583632257
miniFE.c 40 y -0.0042356319404087
miniFE.c 40 y -0.0052111078997785
miniFE.c 40 y 0.0043063061186398
miniFE.c 40 y -0.0031206196235366
miniFE.c 40 y -0.0051137895657715
miniFE.c 87 normr 0.0141753472118795
miniFE.c 25 Ap -0.1788155123063691
miniFE.c 25 Ap -0.0354574624968715
miniFE.c 25 Ap -0.0158912309040395
miniFE.c 25 Ap -0.0739892340583363
miniFE.c 25 Ap -0.1472751810071602
miniFE.c 25 Ap -0.0781314074438327
miniFE.c 25 Ap -0.0937243697889783
miniFE.c 25 Ap -0.1264938554951845
miniFE.c 25 Ap -0.0402101444763374
miniFE.c 25 Ap 0.5910533793160057
miniFE.c 25 Ap 0.6212701602927996
miniFE.c 25 Ap 0.5960096307564791
miniFE.c 25 Ap 0.5390334093123819
miniFE.c 25 Ap 0.5805990214469204
miniFE.c 25 Ap 0.5450320401434284
miniFE.c 25 Ap 0.5094712486544311
miniFE.c 25 Ap -0.0248368291164411
miniFE.c 25 Ap 0.1119119970426632
miniFE.c 25 Ap 0.2539977066850340
miniFE.c 25 Ap 0.2132840712382359
miniFE.c 25 Ap 0.1257469427383348
miniFE.c 25 Ap 0.1954044155585548
miniFE.c 25 Ap 0.1581069570552230
miniFE.c 25 Ap 0.0949456727841534
miniFE.c 25 Ap -0.0365561038477577
miniFE.c 25 Ap 0.0201105538390555
miniFE.c 25 Ap 0.0402918762490948
miniFE.c 25 Ap -0.2367256955842532
miniFE.c 25 Ap -0.2558406230047255
miniFE.c 25 Ap -0.2081013870671581
miniFE.c 25 Ap -0.2121589196821280
miniFE.c 25 Ap -0.2363012634082429
miniFE.c 25 Ap -0.0374806875821434
miniFE.c 25 Ap 0.0664076844184544
miniFE.c 25 Ap 0.1016764437244258
miniFE.c 25 Ap 0.0861396713762293
miniFE.c 25 Ap -0.2607182364289812
miniFE.c 25 Ap -0.2413863368570407
miniFE.c 25 Ap -0.2852393434159282
miniFE.c 25 Ap -0.3046683584371673
miniFE.c 25 Ap -0.0427922468372840
miniFE.c 25 Ap 0.0489211214698646
miniFE.c 25 Ap 0.0828829266903116
miniFE.c 25 Ap 0.0359271769184540
miniFE.c 25 Ap 0.0125334348570131
miniFE.c 25 Ap 0.2987446211228197
miniFE.c 25 Ap 0.2749897187203693
miniFE.c 25 Ap 0.2574691853064448
miniFE.c 25 Ap -0.0133169480686014
miniFE.c 25 Ap 0.0949783331718428
miniFE.c 25 Ap 0.1200721287556151
miniFE.c 25 Ap 0.1145648203308416
miniFE.c 25 Ap 0.0413348927919403
miniFE.c 25 Ap 0.0741155241741886
miniFE.c 25 Ap -0.1307787431919006
miniFE.c 25 Ap -0.1444558648715616
miniFE.c 25 Ap -0.0170782624775707
miniFE.c 25 Ap 0.0489959397147246
miniFE.c 25 Ap 0.0749279419838474
miniFE.c 25 Ap 0.0549314049954835
miniFE.c 25 Ap 0.0351326447297549
miniFE.c 25 Ap 0.0498866308435407
miniFE.c 25 Ap 0.0415403557850736
miniFE.c 25 Ap -0.2902023214077751
miniFE.c 57 sum 0.0003371214149965
miniFE.c 57 sum 0.0051779872044129
miniFE.c 57 sum 0.0053773311857589
miniFE.c 57 sum 0.0063782163646098
miniFE.c 57 sum 0.0079658760540743
miniFE.c 57 sum 0.0090746171821206
miniFE.c 57 sum 0.0095254089887738
miniFE.c 57 sum 0.0110094425919515
miniFE.c 90 p_ap_dot 0.0110094425919515
miniFE.c 91 alpha 0.0182516477922541
miniFE.c 40 y 1.0000031863307361
miniFE.c 40 y 1.9999957861220390
miniFE.c 40 y 0.9999966211099307
miniFE.c 40 y 1.9999936424859888
miniFE.c 40 y 0.9999983088075295
miniFE.c 40 y 2.0000067323382940
miniFE.c 40 y 1.0000034379274545
miniFE.c 40 y 2.0000025334821392
miniFE.c 40 y -0.0001402438361538
miniFE.c 40 y 0.0002271331500130
miniFE.c 40 y 0.0001310374409579
miniFE.c 40 y 0.0003468350642335
miniFE.c 40 y 0.0001617489606908
miniFE.c 40 y -0.0004180644324764
miniFE.c 40 y -0.0002092299548588
miniFE.c 40 y -0.0001275559967371
