filename line variable value
miniFE.c 167 A 67.0947100000000063
miniFE.c 167 A 15.0875500000000002
miniFE.c 167 A 9.3192129999999995
miniFE.c 167 A 13.7164900000000003
miniFE.c 167 A 14.0634099999999993
miniFE.c 167 A 16.0564000000000000
miniFE.c 167 A 4.9967519999999999
miniFE.c 167 A 6.4080630000000003
miniFE.c 167 A 15.0875500000000002
miniFE.c 167 A 66.4365899999999954
miniFE.c 167 A 14.3919700000000006
miniFE.c 167 A 5.9638159999999996
miniFE.c 167 A 10.9336099999999998
miniFE.c 167 A 9.6522659999999991
miniFE.c 167 A 11.3974100000000007
miniFE.c 167 A 6.9539020000000002
miniFE.c 167 A 9.3192129999999995
miniFE.c 167 A 14.3919700000000006
miniFE.c 167 A 67.6740900000000067
miniFE.c 167 A 9.6121750000000006
miniFE.c 167 A 16.7981799999999986
miniFE.c 167 A 16.1756899999999995
miniFE.c 167 A 11.9519400000000005
miniFE.c 167 A 12.3511699999999998
miniFE.c 167 A 13.7164900000000003
miniFE.c 167 A 5.9638159999999996
miniFE.c 167 A 9.6121750000000006
miniFE.c 167 A 65.4017099999999942
miniFE.c 167 A 3.6681119999999998
miniFE.c 167 A 11.0858899999999991
miniFE.c 167 A 1.3002330000000000
miniFE.c 167 A 4.7210279999999996
miniFE.c 167 A 14.0634099999999993
miniFE.c 167 A 10.9336099999999998
miniFE.c 167 A 16.7981799999999986
miniFE.c 167 A 3.6681119999999998
miniFE.c 167 A 66.5612600000000043
miniFE.c 167 A 4.4892070000000004
miniFE.c 167 A 14.0526599999999995
miniFE.c 167 A 3.7993380000000001
miniFE.c 167 A 16.0564000000000000
miniFE.c 167 A 9.6522659999999991
miniFE.c 167 A 16.1756899999999995
miniFE.c 167 A 11.0858899999999991
miniFE.c 167 A 4.4892070000000004
miniFE.c 167 A 66.4632699999999943
miniFE.c 167 A 7.6122389999999998
miniFE.c 167 A 3.4261349999999999
miniFE.c 167 A 4.9967519999999999
miniFE.c 167 A 11.3974100000000007
miniFE.c 167 A 11.9519400000000005
miniFE.c 167 A 1.3002330000000000
miniFE.c 167 A 14.0526599999999995
miniFE.c 167 A 7.6122389999999998
miniFE.c 167 A 65.6581999999999937
miniFE.c 167 A 2.6745570000000001
miniFE.c 167 A 6.4080630000000003
miniFE.c 167 A 6.9539020000000002
miniFE.c 167 A 12.3511699999999998
miniFE.c 167 A 4.7210279999999996
miniFE.c 167 A 3.7993380000000001
miniFE.c 167 A 3.4261349999999999
miniFE.c 167 A 2.6745570000000001
miniFE.c 167 A 64.8721800000000002
miniFE.c 175 b 198.0110999999999990
miniFE.c 175 b 229.8237000000000023
miniFE.c 175 b 210.8053999999999917
miniFE.c 175 b 202.6418999999999926
miniFE.c 175 b 157.2561000000000035
miniFE.c 175 b 225.5886000000000138
miniFE.c 175 b 142.6283999999999992
miniFE.c 175 b 185.1795999999999935
miniFE.c 33 r 0.0000000000000000
miniFE.c 33 r 0.0000000000000000
miniFE.c 33 r 0.0000000000000000
miniFE.c 33 r 0.0000000000000000
miniFE.c 33 r 0.0000000000000000
miniFE.c 33 r 0.0000000000000000
miniFE.c 33 r 0.0000000000000000
miniFE.c 33 r 0.0000000000000000
miniFE.c 25 Ap 0.0000000000000000
miniFE.c 25 Ap 0.0000000000000000
miniFE.c 25 Ap 0.0000000000000000
miniFE.c 25 Ap 0.0000000000000000
miniFE.c 25 Ap 0.0000000000000000
miniFE.c 25 Ap 0.0000000000000000
miniFE.c 25 Ap 0.0000000000000000
miniFE.c 25 Ap 0.0000000000000000
miniFE.c 25 Ap 0.0000000000000000
miniFE.c 25 Ap 0.0000000000000000
miniFE.c 25 Ap 0.0000000000000000
miniFE.c 25 Ap 0.0000000000000000
miniFE.c 25 Ap 0.0000000000000000
miniFE.c 25 Ap 0.0000000000000000
miniFE.c 25 Ap 0.0000000000000000
miniFE.c 25 Ap 0.0000000000000000
miniFE.c 25 Ap 0.0000000000000000
miniFE.c 25 Ap 0.0000000000000000
miniFE.c 25 Ap 0.0000000000000000
miniFE.c 25 Ap 0.0000000000000000
miniFE.c 25 Ap 0.0000000000000000
miniFE.c 25 Ap 0.0000000000000000
miniFE.c 25 Ap 0.0000000000000000
miniFE.c 25 Ap 0.0000000000000000
miniFE.c 25 Ap 0.0000000000000000
miniFE.c 25 Ap 0.0000000000000000
miniFE.c 25 Ap 0.0000000000000000
miniFE.c 25 Ap 0.0000000000000000
miniFE.c 25 Ap 0.0000000000000000
miniFE.c 25 Ap 0.0000000000000000
miniFE.c 25 Ap 0.0000000000000000
miniFE.c 25 Ap 0.0000000000000000
miniFE.c 25 Ap 0.0000000000000000
miniFE.c 25 Ap 0.0000000000000000
miniFE.c 25 Ap 0.0000000000000000
miniFE.c 25 Ap 0.0000000000000000
miniFE.c 25 Ap 0.0000000000000000
miniFE.c 25 Ap 0.0000000000000000
miniFE.c 25 Ap 0.0000000000000000
miniFE.c 25 Ap 0.0000000000000000
miniFE.c 25 Ap 0.0000000000000000
miniFE.c 25 Ap 0.0000000000000000
miniFE.c 25 Ap 0.0000000000000000
miniFE.c 25 Ap 0.0000000000000000
miniFE.c 25 Ap 0.0000000000000000
miniFE.c 25 Ap 0.0000000000000000
miniFE.c 25 Ap 0.0000000000000000
miniFE.c 25 Ap 0.0000000000000000
miniFE.c 25 Ap 0.0000000000000000
miniFE.c 25 Ap 0.0000000000000000
miniFE.c 25 Ap 0.0000000000000000
miniFE.c 25 Ap 0.0000000000000000
miniFE.c 25 Ap 0.0000000000000000
miniFE.c 25 Ap 0.0000000000000000
miniFE.c 25 Ap 0.0000000000000000
miniFE.c 25 Ap 0.0000000000000000
miniFE.c 25 Ap 0.0000000000000000
miniFE.c 25 Ap 0.0000000000000000
miniFE.c 25 Ap 0.0000000000000000
miniFE.c 25 Ap 0.0000000000000000
miniFE.c 25 Ap 0.0000000000000000
miniFE.c 25 Ap 0.0000000000000000
miniFE.c 25 Ap 0.0000000000000000
miniFE.c 25 Ap 0.0000000000000000
miniFE.c 33 r 198.0110999999999990
miniFE.c 33 r 229.8237000000000023
miniFE.c 33 r 210.8053999999999917
miniFE.c 33 r 202.6418999999999926
miniFE.c 33 r 157.2561000000000035
miniFE.c 33 r 225.5886000000000138
miniFE.c 33 r 142.6283999999999992
miniFE.c 33 r 185.1795999999999935
miniFE.c 48 sum 39208.3957232100001420
miniFE.c 48 sum 92027.3288048999966122
miniFE.c 48 sum 136466.2454740600078367
miniFE.c 48 sum 177529.9851096700003836
miniFE.c 48 sum 202259.4660968800017145
miniFE.c 48 sum 253149.6825468399911188
miniFE.c 48 sum 273492.5430333999684080
miniFE.c 48 sum 307784.0272895599482581
miniFE.c 75 rtrans 307784.0272895599482581
miniFE.c 76 normr 554.7828649927464539
miniFE.c 33 r 198.0110999999999990
miniFE.c 33 r 229.8237000000000023
miniFE.c 33 r 210.8053999999999917
miniFE.c 33 r 202.6418999999999926
miniFE.c 33 r 157.2561000000000035
miniFE.c 33 r 225.5886000000000138
miniFE.c 33 r 142.6283999999999992
miniFE.c 33 r 185.1795999999999935
miniFE.c 87 normr 554.7828649927464539
miniFE.c 25 Ap 13285.4973312810016068
miniFE.c 25 Ap 16752.9738962160008668
miniFE.c 25 Ap 18717.5143203662009910
miniFE.c 25 Ap 21497.0499152972006414
miniFE.c 25 Ap 23708.6069245981998392
miniFE.c 25 Ap 27330.7477216381994367
miniFE.c 25 Ap 28043.4264645949988335
miniFE.c 25 Ap 29230.0690077097970061
miniFE.c 25 Ap 2987.5023718050001662
miniFE.c 25 Ap 18256.2053009880000900
miniFE.c 25 Ap 21290.1102936259994749
miniFE.c 25 Ap 22498.6292991164009436
miniFE.c 25 Ap 24218.0061666374022025
miniFE.c 25 Ap 26395.4473404050004319
miniFE.c 25 Ap 28021.0416928490012651
miniFE.c 25 Ap 29308.7624836482027604
miniFE.c 25 Ap 1845.3076172643000064
miniFE.c 25 Ap 5152.9234129532997031
miniFE.c 25 Ap 19418.9870250392996240
miniFE.c 25 Ap 21366.8164301717988565
miniFE.c 25 Ap 24008.4327040697971825
miniFE.c 25 Ap 27657.4839652037990163
miniFE.c 25 Ap 29362.1700442997971550
miniFE.c 25 Ap 31649.3547644317950471
miniFE.c 25 Ap 2716.0172730389999742
miniFE.c 25 Ap 4086.6435322781999275
miniFE.c 25 Ap 6112.9419280231995799
miniFE.c 25 Ap 19366.0687056721981207
miniFE.c 25 Ap 19942.9016931553996983
miniFE.c 25 Ap 22443.7520980093977414
miniFE.c 25 Ap 22629.2022504265987664
miniFE.c 25 Ap 23503.4403270553993934
miniFE.c 25 Ap 2784.7112838509997346
miniFE.c 25 Ap 5297.5139884079999320
miniFE.c 25 Ap 8838.6610425799990480
miniFE.c 25 Ap 9581.9742276727993158
miniFE.c 25 Ap 20049.1383863587980159
miniFE.c 25 Ap 21061.8523085989982064
miniFE.c 25 Ap 23066.1607201429978886
miniFE.c 25 Ap 23769.7206112477979332
miniFE.c 25 Ap 3179.3454260399998930
miniFE.c 25 Ap 5397.6649115441996400
miniFE.c 25 Ap 8807.5877122702004272
miniFE.c 25 Ap 11054.0535250612010714
miniFE.c 25 Ap 11760.0087099739012046
miniFE.c 25 Ap 26753.3647406958989450
miniFE.c 25 Ap 27839.0862096834971453
miniFE.c 25 Ap 28473.5365185294976982
miniFE.c 25 Ap 989.4123599472000024
miniFE.c 25 Ap 3608.8072965641999872
miniFE.c 25 Ap 6128.3407890401995246
miniFE.c 25 Ap 6391.8224746028990921
miniFE.c 25 Ap 8601.6889808288997301
miniFE.c 25 Ap 10318.9233197042995016
miniFE.c 25 Ap 19683.6473325842962367
miniFE.c 25 Ap 20178.9207280214977800
miniFE.c 25 Ap 1268.8676034993000030
miniFE.c 25 Ap 2867.0390905766998912
miniFE.c 25 Ap 5470.7324228946999938
miniFE.c 25 Ap 6427.4105067679001877
miniFE.c 25 Ap 7024.8795832297000743
miniFE.c 25 Ap 7797.7765812907000509
miniFE.c 25 Ap 8179.2443669095000587
miniFE.c 25 Ap 20192.2487104374995397
miniFE.c 57 sum 5787878.1172925252467394
miniFE.c 57 sum 12523726.3537057451903820
miniFE.c 57 sum 19195581.2445636950433254
miniFE.c 57 sum 23958363.0489748232066631
miniFE.c 57 sum 27696296.6103892698884010
miniFE.c 57 sum 34119601.8506532162427902
miniFE.c 57 sum 36997689.0278177559375763
miniFE.c 57 sum 40736881.5671170875430107
miniFE.c 90 p_ap_dot 40736881.5671170875430107
miniFE.c 91 alpha 0.0075554145395853
miniFE.c 40 y 1.4960559439392744
miniFE.c 40 y 1.7364133245212852
miniFE.c 40 y 1.5927221841830903
miniFE.c 40 y 1.5310435575891859
miniFE.c 40 y 1.1881350243784765
miniFE.c 40 y 1.7044153884046875
miniFE.c 40 y 1.0776166871177848
miniFE.c 40 y 1.3991086422745860
miniFE.c 40 y -22.8341883739316245
miniFE.c 40 y 8.3838497937928480
miniFE.c 40 y -28.3185951556805833
miniFE.c 40 y 25.0636652226906733
miniFE.c 40 y -22.3339927081014764
miniFE.c 40 y 10.4592281944898673
miniFE.c 40 y -9.8317110616323760
miniFE.c 40 y 32.6187905062384118
miniFE.c 82 oldrtrans 307784.0272895599482581
miniFE.c 48 sum 521.4001586961941257
miniFE.c 48 sum 591.6890960610744514
miniFE.c 48 sum 1393.6319276524102406
miniFE.c 48 sum 2021.8192420475243125
miniFE.c 48 sum 2520.6264723330541528
miniFE.c 48 sum 2630.0219267574657351
miniFE.c 48 sum 2726.6844691568903727
miniFE.c 48 sum 3790.6699632467598349
miniFE.c 83 rtrans 3790.6699632467598349
miniFE.c 84 beta 0.0123160061184089
miniFE.c 40 y -20.3954824548187439
miniFE.c 40 y 11.2143598891482252
miniFE.c 40 y -25.7223145594869429
miniFE.c 40 y 27.5594041029366821
miniFE.c 40 y -20.3972256183443506
miniFE.c 40 y 13.2375787723331708
miniFE.c 40 y -8.0750988145735008
miniFE.c 40 y 34.8994635928429275
miniFE.c 87 normr 61.5684169298412272
miniFE.c 25 Ap -1368.4289806161518754
miniFE.c 25 Ap -1199.2317650706336281
miniFE.c 25 Ap -1438.9434933034935966
miniFE.c 25 Ap -1060.9252025196035447
miniFE.c 25 Ap -1347.7797492528836756
miniFE.c 25 Ap -1135.2318894527934390
miniFE.c 25 Ap -1175.5811556047112845
miniFE.c 25 Ap -951.9431942355674892
miniFE.c 25 Ap -307.7178613112005223
miniFE.c 25 Ap 437.3259687565855529
miniFE.c 25 Ap 67.1311892858862507
miniFE.c 25 Ap 231.4904044254456608
miniFE.c 25 Ap 8.4750944324596844
miniFE.c 25 Ap 136.2477259389728772
miniFE.c 25 Ap 44.2125139587647027
miniFE.c 25 Ap 286.8999636359623082
miniFE.c 25 Ap -190.0698452342187466
miniFE.c 25 Ap -28.6731141403941479
miniFE.c 25 Ap -1769.4073446474239972
miniFE.c 25 Ap -1504.5015295142784453
miniFE.c 25 Ap -1847.1377969518380269
miniFE.c 25 Ap -1633.0108263799961605
miniFE.c 25 Ap -1729.5239229058497585
miniFE.c 25 Ap -1298.4747151618360022
miniFE.c 25 Ap -279.7544311366967804
miniFE.c 25 Ap -212.8740522000363740
miniFE.c 25 Ap -460.1214411508727835
miniFE.c 25 Ap 1342.3107137622018854
miniFE.c 25 Ap 1267.4914057048456471
miniFE.c 25 Ap 1414.2417478412662604
miniFE.c 25 Ap 1403.7422378842968556
miniFE.c 25 Ap 1568.5035826910889227
miniFE.c 25 Ap -286.8300319099224680
miniFE.c 25 Ap -164.2165944823325390
miniFE.c 25 Ap -596.3046644692149130
miniFE.c 25 Ap -495.2136835663836223
miniFE.c 25 Ap -1852.8787212276629361
miniFE.c 25 Ap -1793.4524899398534217
miniFE.c 25 Ap -1906.9291080474579303
miniFE.c 25 Ap -1774.3342498395531948
miniFE.c 25 Ap -327.4780244875516928
miniFE.c 25 Ap -219.2340398177625218
miniFE.c 25 Ap -635.3102262145098393
miniFE.c 25 Ap -329.7897038638051299
miniFE.c 25 Ap -421.3570718902559520
miniFE.c 25 Ap 458.4557002015919807
miniFE.c 25 Ap 396.9861180764418123
miniFE.c 25 Ap 516.5563917731067249
miniFE.c 25 Ap -101.9111677470804693
miniFE.c 25 Ap 25.9034897970964124
miniFE.c 25 Ap -281.5280704790179698
miniFE.c 25 Ap -245.6944238040443054
miniFE.c 25 Ap -532.3297003619271663
miniFE.c 25 Ap -431.5620869656004857
miniFE.c 25 Ap -961.7585399526303718
miniFE.c 25 Ap -868.4179353041471359
miniFE.c 25 Ap -130.6955364858731627
miniFE.c 25 Ap -52.7119768240055322
miniFE.c 25 Ap -370.4126567417038700
miniFE.c 25 Ap -240.3039383084249323
miniFE.c 25 Ap -317.7998926947741438
miniFE.c 25 Ap -272.4461607476264362
miniFE.c 25 Ap -294.0434728078357125
miniFE.c 25 Ap 1969.9608112905175403
miniFE.c 57 sum 19415.3407160156275495
miniFE.c 57 sum 22632.7401604128463077
miniFE.c 57 sum 56032.5152313458020217
miniFE.c 57 sum 99259.5393036334862700
miniFE.c 57 sum 135451.0353199666133150
miniFE.c 57 sum 142288.9912464153021574
miniFE.c 57 sum 149301.5518863441830035
miniFE.c 57 sum 218052.1274993049155455
miniFE.c 90 p_ap_dot 218052.1274993049155455
miniFE.c 91 alpha 0.0173842374606450
miniFE.c 40 y 1.1414960338202862
miniFE.c 40 y 1.9313664198033706
miniFE.c 40 y 1.1455593598435627
miniFE.c 40 y 2.0101427827885114
miniFE.c 40 y 0.8335448106908265
miniFE.c 40 y 1.9345406011869211
miniFE.c 40 y 0.9372372518070660
miniFE.c 40 y 2.0058092046217029
miniFE.c 40 y -6.2853818362955991
miniFE.c 40 y 3.3963126984948593
miniFE.c 40 y -5.7456023706638284
miniFE.c 40 y -2.2035735166836723
miniFE.c 40 y 8.5114552256647578
miniFE.c 40 y 1.4792892180922035
miniFE.c 40 y 5.2650725407779788
miniFE.c 40 y -1.6274760254008527
miniFE.c 82 oldrtrans 3790.6699632467598349
miniFE.c 48 sum 39.5060248280346400
miniFE.c 48 sum 51.0409647739920729
miniFE.c 48 sum 21517.5453121970895154
miniFE.c 48 sum 21522.4010484405189345
miniFE.c 48 sum 21594.8459184990133508
miniFE.c 48 sum 21597.0342150897777174
miniFE.c 48 sum 21624.7552039494330529
miniFE.c 48 sum 21627.4038821626891149
miniFE.c 83 rtrans 21627.4038821626891149
miniFE.c 84 beta 5.7054304626505985
miniFE.c 40 y -122.6503887344742765
miniFE.c 40 y 67.3790632291681248
miniFE.c 40 y -152.5024794282416281
miniFE.c 40 y 155.0346901847091772
miniFE.c 40 y -107.8634971707942896
miniFE.c 40 y 77.0053743974987839
miniFE.c 40 y -40.8068422248034111
miniFE.c 40 y 197.4889866873706978
miniFE.c 87 normr 147.0625849159557390
miniFE.c 25 Ap -8229.1922635268201702
miniFE.c 25 Ap -7212.6072781035845765
miniFE.c 25 Ap -8633.8103669234860718
miniFE.c 25 Ap -6507.2785893518248486
miniFE.c 25 Ap -8024.2071740985447832
miniFE.c 25 Ap -6787.7780806225455308
miniFE.c 25 Ap -6991.6797511230161035
miniFE.c 25 Ap -5726.1578826241830029
miniFE.c 25 Ap -1850.4938725508172865
miniFE.c 25 Ap 2625.9413257895012066
miniFE.c 25 Ap 431.1302169326304465
miniFE.c 25 Ap 1355.7285828112419495
miniFE.c 25 Ap 176.3911715096737680
miniFE.c 25 Ap 919.6675286239217257
miniFE.c 25 Ap 454.5752169825250348
miniFE.c 25 Ap 1827.8942764858054488
miniFE.c 25 Ap -1143.0050971493660654
miniFE.c 25 Ap -173.2876405270752684
miniFE.c 25 Ap -10493.7541585770486563
miniFE.c 25 Ap -9003.5335854508412012
miniFE.c 25 Ap -10815.4440263553333352
miniFE.c 25 Ap -9569.8289617674563488
miniFE.c 25 Ap -10057.5498916277738317
miniFE.c 25 Ap -7618.3298439243217217
miniFE.c 25 Ap -1682.3328305725290193
miniFE.c 25 Ap -1280.4964952214045297
miniFE.c 25 Ap -2746.3770154195631221
miniFE.c 25 Ap 7393.1568319806319778
miniFE.c 25 Ap 6997.5014436464753089
miniFE.c 25 Ap 7851.1745536259631990
miniFE.c 25 Ap 7798.1161507394799628
miniFE.c 25 Ap 8730.4671865821837855
miniFE.c 25 Ap -1724.8827034322928284
miniFE.c 25 Ap -988.1863039192279530
miniFE.c 25 Ap -3549.9504038011277771
miniFE.c 25 Ap -2981.2657963183137326
miniFE.c 25 Ap -10160.7960760128171387
miniFE.c 25 Ap -9815.1030102299446298
miniFE.c 25 Ap -10388.5476896887503244
miniFE.c 25 Ap -9638.2202779859289876
miniFE.c 25 Ap -1969.3237016762127496
miniFE.c 25 Ap -1318.9630605574629953
miniFE.c 25 Ap -3785.7958920200767352
miniFE.c 25 Ap -2067.0983704483114707
miniFE.c 25 Ap -2551.3199369919216224
miniFE.c 25 Ap 2566.7090530401269461
miniFE.c 25 Ap 2256.0776171896318374
miniFE.c 25 Ap 2932.7015465937665795
miniFE.c 25 Ap -612.8535752097617433
miniFE.c 25 Ap 155.0932338289914014
miniFE.c 25 Ap -1667.6072501485868997
miniFE.c 25 Ap -1466.0260298256519036
miniFE.c 25 Ap -2981.7950819777861398
miniFE.c 25 Ap -2395.6117677795446070
miniFE.c 25 Ap -5074.9155759441318878
miniFE.c 25 Ap -4546.7200241765176543
miniFE.c 25 Ap -785.9514179850015125
miniFE.c 25 Ap -317.4040154375628049
miniFE.c 25 Ap -2200.9880642772777719
miniFE.c 25 Ap -1469.0649509439406302
miniFE.c 25 Ap -1878.8748345578319459
miniFE.c 25 Ap -1615.0440261464573268
miniFE.c 25 Ap -1724.1842516667009022
miniFE.c 25 Ap 11087.3568407340153499
miniFE.c 57 sum 702315.4902588301338255
miniFE.c 57 sum 825477.2942904017399997
miniFE.c 57 sum 1987291.4845910298172385
miniFE.c 57 sum 3340816.7600305685773492
miniFE.c 57 sum 4380428.9057165961712599
miniFE.c 57 sum 4606262.6863081725314260
miniFE.c 57 sum 4791799.9729750975966454
miniFE.c 57 sum 6981430.8404929460957646
miniFE.c 90 p_ap_dot 6981430.8404929460957646
miniFE.c 91 alpha 0.0030978468993378
miniFE.c 40 y 0.7615439073766135
miniFE.c 40 y 2.1400964419081379
miniFE.c 40 y 0.6731300268054508
miniFE.c 40 y 2.4904165170670165
miniFE.c 40 y 0.4994002104285449
miniFE.c 40 y 2.1730914614965626
miniFE.c 40 y 0.8108239021491900
miniFE.c 40 y 2.6175998496845474
miniFE.c 40 y 11.4533786055106930
miniFE.c 40 y -2.2662239182340889
miniFE.c 40 y 17.8548171144701122
miniFE.c 40 y -29.2492242204081023
miniFE.c 40 y 38.3691860289586231
miniFE.c 40 y -7.6057711747066037
miniFE.c 40 y 19.3501150698305011
miniFE.c 40 y -35.9744100363209824
miniFE.c 82 oldrtrans 21627.4038821626891149
miniFE.c 48 sum 131.1798814811700709
miniFE.c 48 sum 136.3156523287463244
miniFE.c 48 sum 455.1101465199211589
miniFE.c 48 sum 1310.6272640156289526
miniFE.c 48 sum 2782.8217005404626434
miniFE.c 48 sum 2840.6694557024607093
miniFE.c 48 sum 3215.0964089181420604
miniFE.c 48 sum 4509.2545863794939578
miniFE.c 83 rtrans 4509.2545863794939578
miniFE.c 84 beta 0.2084972662899464
miniFE.c 40 y -14.1188921550264261
miniFE.c 40 y 11.7821265702249107
miniFE.c 40 y -13.9415329487570503
miniFE.c 40 y 3.0750848632125383
miniFE.c 40 y 15.8799417363746507
miniFE.c 40 y 8.4496388768057180
miniFE.c 40 y 10.8420000200338364
miniFE.c 40 y 5.2015038103674200
miniFE.c 87 normr 67.1509835101429786
miniFE.c 25 Ap -947.3029746627731811
miniFE.c 25 Ap -769.5395509281763680
miniFE.c 25 Ap -899.4636660241613981
miniFE.c 25 Ap -857.2842952487552566
miniFE.c 25 Ap -633.9581638340066547
miniFE.c 25 Ap -498.2873821724633103
miniFE.c 25 Ap -444.1125968883591781
miniFE.c 25 Ap -410.7810327767846843
miniFE.c 25 Ap -213.0194913335689648
miniFE.c 25 Ap 569.7448209405695252
miniFE.c 25 Ap 369.0986969880465267
miniFE.c 25 Ap 387.4379372966312758
miniFE.c 25 Ap 561.0630270648745181
miniFE.c 25 Ap 642.6211891077444989
miniFE.c 25 Ap 766.1919085560783742
miniFE.c 25 Ap 802.3626563059999626
miniFE.c 25 Ap -131.5769633167202812
miniFE.c 25 Ap 37.9910488181595269
miniFE.c 25 Ap -905.4895066939905064
miniFE.c 25 Ap -875.9312528489405167
miniFE.c 25 Ap -609.1771331718066449
miniFE.c 25 Ap -472.4983940886492064
miniFE.c 25 Ap -342.9154603692060164
miniFE.c 25 Ap -278.6708025517102669
miniFE.c 25 Ap -193.6616430554984163
miniFE.c 25 Ap -123.3952081019659772
miniFE.c 25 Ap -257.4036625736847554
miniFE.c 25 Ap -56.2878541244686801
miniFE.c 25 Ap 1.9615507180280076
miniFE.c 25 Ap 95.6333178460197360
miniFE.c 25 Ap 109.7304440580683860
miniFE.c 25 Ap 134.2868891889196732
miniFE.c 25 Ap -198.5597691219201693
miniFE.c 25 Ap -69.7385922324433807
miniFE.c 25 Ap -303.9309721815950525
miniFE.c 25 Ap -292.6512164938267802
miniFE.c 25 Ap 764.3377142058579921
miniFE.c 25 Ap 802.2698921990863710
miniFE.c 25 Ap 954.6288322006150793
miniFE.c 25 Ap 974.3911032844888496
miniFE.c 25 Ap -226.6985799979663057
miniFE.c 25 Ap -112.9743602964878022
miniFE.c 25 Ap -338.4882754003677405
miniFE.c 25 Ap -304.3982228661284921
miniFE.c 25 Ap -233.1098772636032663
miniFE.c 25 Ap 328.4807528080318662
miniFE.c 25 Ap 411.0126481985341798
miniFE.c 25 Ap 428.8337024558673534
miniFE.c 25 Ap -70.5486026134125979
miniFE.c 25 Ap 63.7371245793345196
miniFE.c 25 Ap -102.8912407322328164
miniFE.c 25 Ap -98.8929139152833869
miniFE.c 25 Ap 124.2625081257992150
miniFE.c 25 Ap 188.5831787197358835
miniFE.c 25 Ap 900.4493844351214875
miniFE.c 25 Ap 914.3611028616663816
miniFE.c 25 Ap -90.4747504196151056
miniFE.c 25 Ap -8.5429968986749572
miniFE.c 25 Ap -180.7372404093745786
miniFE.c 25 Ap -166.2196786677720297
miniFE.c 25 Ap -105.8864125909778409
miniFE.c 25 Ap -76.9368090977930876
miniFE.c 25 Ap -47.9392620502114539
miniFE.c 25 Ap 289.4936294066296796
miniFE.c 57 sum 5799.7731011057985597
miniFE.c 57 sum 15253.3114729249591619
miniFE.c 57 sum 19138.4096485561967711
miniFE.c 57 sum 19551.3532288289425196
miniFE.c 57 sum 35024.6271774284396088
miniFE.c 57 sum 38648.1171013840721571
miniFE.c 57 sum 48561.6201969284156803
miniFE.c 57 sum 50067.4224133640964283
miniFE.c 90 p_ap_dot 50067.4224133640964283
miniFE.c 91 alpha 0.0900636455607883
miniFE.c 40 y -0.5100549913846817
miniFE.c 40 y 3.2012377132812211
miniFE.c 40 y -0.5824952552654565
miniFE.c 40 y 2.7673698702567360
miniFE.c 40 y 1.9296056544993612
miniFE.c 40 y 2.9340967424138507
miniFE.c 40 y 1.7872939491235775
miniFE.c 40 y 3.0860662452445689
miniFE.c 40 y 48.4498159446136114
miniFE.c 40 y -74.5299298069903102
miniFE.c 40 y 42.9529255036277817
miniFE.c 40 y -41.3435910117798215
miniFE.c 40 y -49.3880289348410884
miniFE.c 40 y -46.2280977572124101
miniFE.c 40 y -63.0005792128741504
miniFE.c 40 y -62.0472616673058894
miniFE.c 82 oldrtrans 4509.2545863794939578
miniFE.c 48 sum 2347.3846650669352130
miniFE.c 48 sum 7902.0951021018372558
miniFE.c 48 sum 9747.0489114220345073
miniFE.c 48 sum 11456.3414291713561397
miniFE.c 48 sum 13895.5188312400568975
miniFE.c 48 sum 16032.5558534904448607
miniFE.c 48 sum 20001.6288346480760083
miniFE.c 48 sum 23851.4915150592023565
miniFE.c 83 rtrans 23851.4915150592023565
miniFE.c 84 beta 5.2894532917046275
miniFE.c 40 y -26.2314046400135581
miniFE.c 40 y -12.2089216368336011
miniFE.c 40 y -30.7901618435837179
miniFE.c 40 y -25.0780732597891856
miniFE.c 40 y 34.6081811547035016
miniFE.c 40 y -1.5341275865770143
miniFE.c 40 y -5.6523265182445357
miniFE.c 40 y -34.5341502157437787
miniFE.c 87 normr 154.4392809976114904
miniFE.c 25 Ap -1759.9884872143643406
miniFE.c 25 Ap -1944.1912028561730494
miniFE.c 25 Ap -2231.1312793810025141
miniFE.c 25 Ap -2575.1144204681681913
miniFE.c 25 Ap -2088.4053795352992893
miniFE.c 25 Ap -2113.0379457164144696
miniFE.c 25 Ap -2141.2812195511060054
miniFE.c 25 Ap -2362.5782297850555551
miniFE.c 25 Ap -395.7676290764365490
miniFE.c 25 Ap -1206.8867502048792630
miniFE.c 25 Ap -1650.0178357528807283
miniFE.c 25 Ap -1799.5788503087835579
miniFE.c 25 Ap -1421.1864947539058903
miniFE.c 25 Ap -1435.9943022974853193
miniFE.c 25 Ap -1500.4161850797906936
miniFE.c 25 Ap -1740.5632813333518243
miniFE.c 25 Ap -244.4560471294746549
miniFE.c 25 Ap -420.1664810591347532
miniFE.c 25 Ap -2503.8626647763853725
miniFE.c 25 Ap -2744.9174936122994950
miniFE.c 25 Ap -2163.5630371029824346
miniFE.c 25 Ap -2188.3786093639005230
miniFE.c 25 Ap -2255.9348767703681915
miniFE.c 25 Ap -2682.4720368905564101
miniFE.c 25 Ap -359.8027994306995652
miniFE.c 25 Ap -432.6145616311939648
miniFE.c 25 Ap -728.5749855500432659
miniFE.c 25 Ap -2368.7238602455299770
miniFE.c 25 Ap -2241.7771756537881629
miniFE.c 25 Ap -2258.7843453245463934
miniFE.c 25 Ap -2266.1336867903428356
miniFE.c 25 Ap -2429.1703769150753942
miniFE.c 25 Ap -368.9029983284130481
miniFE.c 25 Ap -502.3905860261132830
miniFE.c 25 Ap -1019.6092669037643645
miniFE.c 25 Ap -1111.5984483648762762
miniFE.c 25 Ap 1191.9656956004437234
miniFE.c 25 Ap 1185.0786792998890178
miniFE.c 25 Ap 1105.6484565300147551
miniFE.c 25 Ap 974.4415473176311480
miniFE.c 25 Ap -421.1819254619136927
miniFE.c 25 Ap -539.0256846737870546
miniFE.c 25 Ap -1037.0777977054258372
miniFE.c 25 Ap -1315.0905592753902056
miniFE.c 25 Ap -1159.7272701784272613
miniFE.c 25 Ap -1261.6904061795437428
miniFE.c 25 Ap -1304.7172665424589013
miniFE.c 25 Ap -1423.0359272918763054
miniFE.c 25 Ap -131.0718235977970210
miniFE.c 25 Ap -270.2219091506606787
miniFE.c 25 Ap -638.2240760954626921
miniFE.c 25 Ap -670.8314145242582072
miniFE.c 25 Ap -184.4944115388025239
miniFE.c 25 Ap -196.1725573843199584
miniFE.c 25 Ap -567.2941423845232976
miniFE.c 25 Ap -659.6576955830923907
miniFE.c 25 Ap -168.0924935116992174
miniFE.c 25 Ap -252.9921380999196572
miniFE.c 25 Ap -633.2866613575355359
miniFE.c 25 Ap -751.6809474030515048
miniFE.c 25 Ap -620.1927696311025784
miniFE.c 25 Ap -625.4488978499396126
miniFE.c 25 Ap -640.5663673055961453
miniFE.c 25 Ap -2880.8719762483651721
miniFE.c 57 sum 61973.7455391787225381
miniFE.c 57 sum 83224.1462449275713880
miniFE.c 57 sum 165817.8944016754976474
miniFE.c 57 sum 226736.8070744614815339
miniFE.c 57 sum 260460.4566686996549834
miniFE.c 57 sum 262643.5753414483042434
miniFE.c 57 sum 266372.1760271567036398
miniFE.c 57 sum 365860.6416072443826124
miniFE.c 90 p_ap_dot 365860.6416072443826124
miniFE.c 91 alpha 0.0651928324683365
miniFE.c 40 y -2.2201545594902314
miniFE.c 40 y 2.4053035303920791
miniFE.c 40 y -2.5897931180071780
miniFE.c 40 y 1.1324592416026291
miniFE.c 40 y 4.1858110105517881
miniFE.c 40 y 2.8340826196770821
miniFE.c 40 y 1.4188027733633255
miniFE.c 40 y 0.8346871757932166
miniFE.c 40 y 202.4729826723298629
miniFE.c 40 y 38.9423205935130170
miniFE.c 40 y 217.8308756056313200
miniFE.c 40 y 117.0209064074906138
miniFE.c 40 y -112.9146334793060475
miniFE.c 40 y 46.5436450471508181
miniFE.c 40 y -19.9956255782766590
miniFE.c 40 y 125.7649424429793896
miniFE.c 82 oldrtrans 23851.4915150592023565
miniFE.c 48 sum 40995.3087122295910376
miniFE.c 48 sum 42511.8130454375423142
miniFE.c 48 sum 89962.1034125535661587
miniFE.c 48 sum 103655.9959489842440234
miniFE.c 48 sum 116405.7104027502646204
miniFE.c 48 sum 118572.0212970254360698
miniFE.c 48 sum 118971.8463392920675687
miniFE.c 48 sum 134788.6670869779773057
miniFE.c 83 rtrans 134788.6670869779773057
miniFE.c 84 beta 5.6511630311201282
miniFE.c 40 y 54.2350385163322528
miniFE.c 40 y -30.0522860104036766
miniFE.c 40 y 43.8306512729654401
miniFE.c 40 y -24.6993740899522862
miniFE.c 40 y 82.6618404364626826
miniFE.c 40 y 37.8740399448652525
miniFE.c 40 y -51.9378442380001246
miniFE.c 40 y -69.3931705673810484
miniFE.c 87 normr 367.1357611115784039
miniFE.c 25 Ap 3638.8841810921430806
miniFE.c 25 Ap 3185.4688132958772258
miniFE.c 25 Ap 3593.9359884373634486
miniFE.c 25 Ap 3255.1472707262737458
miniFE.c 25 Ap 4417.6546241388277849
miniFE.c 25 Ap 5025.7753591095624870
miniFE.c 25 Ap 4766.2548320376472475
miniFE.c 25 Ap 4321.5790232721237771
miniFE.c 25 Ap 818.2738553670886859
miniFE.c 25 Ap -1178.2975488688357473
miniFE.c 25 Ap -547.4881306678553301
miniFE.c 25 Ap -694.7906530554981828
miniFE.c 25 Ap 209.0016721590145607
miniFE.c 25 Ap 574.5719802014792776
miniFE.c 25 Ap -17.3849250951457179
miniFE.c 25 Ap -499.9382326899979603
miniFE.c 25 Ap 505.4278759969042198
miniFE.c 25 Ap 72.9162773037547822
miniFE.c 25 Ap 3039.1157163090329050
miniFE.c 25 Ap 2801.7010101659457177
miniFE.c 25 Ap 4190.2694849489244007
miniFE.c 25 Ap 4802.9082141446815513
miniFE.c 25 Ap 4182.1502160827585612
miniFE.c 25 Ap 3325.0633695660390003
miniFE.c 25 Ap 743.9143634588862142
miniFE.c 25 Ap 564.6880593134645778
miniFE.c 25 Ap 985.9959497131811759
miniFE.c 25 Ap -629.3853516993921176
miniFE.c 25 Ap -326.1724628523181195
miniFE.c 25 Ap 93.6949778320641258
miniFE.c 25 Ap 26.1636788049565041
miniFE.c 25 Ap -301.4434224524252386
miniFE.c 25 Ap 762.7295830209720862
miniFE.c 25 Ap 434.1496081747623634
miniFE.c 25 Ap 1170.4247777752648290
miniFE.c 25 Ap 1079.8247072834217306
miniFE.c 25 Ap 6581.9009606533281840
miniFE.c 25 Ap 6751.9253658920970338
miniFE.c 25 Ap 6022.0604996825222770
miniFE.c 25 Ap 5758.4123898053894663
miniFE.c 25 Ap 870.8194724336372019
miniFE.c 25 Ap 580.7468139531422366
miniFE.c 25 Ap 1289.7378414427366806
miniFE.c 25 Ap 1015.9232972126756067
miniFE.c 25 Ap 1387.0094099329269284
miniFE.c 25 Ap 3904.2419527792908411
miniFE.c 25 Ap 3508.8786692948610835
miniFE.c 25 Ap 3271.1282988529869726
miniFE.c 25 Ap 270.9990371765601935
miniFE.c 25 Ap -71.5191879212748063
miniFE.c 25 Ap 452.3421262541318129
miniFE.c 25 Ap 420.2271849830308952
miniFE.c 25 Ap 1581.8459236108924415
miniFE.c 25 Ap 1870.1521675667536329
miniFE.c 25 Ap -1539.9931969807057612
miniFE.c 25 Ap -1725.5891870738887519
miniFE.c 25 Ap 347.5415436200836439
miniFE.c 25 Ap 138.5608918277654880
miniFE.c 25 Ap 679.9207169108781272
miniFE.c 25 Ap 563.3142802497388857
miniFE.c 25 Ap 877.3745517699280754
miniFE.c 25 Ap 1007.1361256164290126
miniFE.c 25 Ap 868.2254007447761524
miniFE.c 25 Ap -3633.4608510730695343
miniFE.c 57 sum 234381.0047785371425562
miniFE.c 57 sum 249405.2915348726965021
miniFE.c 57 sum 395144.9845468331477605
miniFE.c 57 sum 402590.4484049411257729
miniFE.c 57 sum 878591.4145383839495480
miniFE.c 57 sum 1002482.2583939210744575
miniFE.c 57 sum 1092105.6408109420444816
miniFE.c 57 sum 1344243.0093993570189923
miniFE.c 90 p_ap_dot 1344243.0093993570189923
miniFE.c 91 alpha 0.1002710567542435
miniFE.c 40 y 3.2180500656495012
miniFE.c 40 y -0.6080709457518654
miniFE.c 40 y 1.8051526033597942
miniFE.c 40 y -1.3441730995652674
miniFE.c 40 y 12.4744011043665566
miniFE.c 40 y 6.6317526285011503
miniFE.c 40 y -3.7890597539182425
miniFE.c 40 y -6.1234393685255473
miniFE.c 40 y -230.8563128381373986
miniFE.c 40 y 89.0716554971879901
miniFE.c 40 y -115.5767422355810368
miniFE.c 40 y 147.2469569284111515
miniFE.c 40 y -690.3167290318211826
miniFE.c 40 y -281.4558462575489557
miniFE.c 40 y 153.0310257333181312
miniFE.c 40 y 490.0959016552490084
miniFE.c 82 oldrtrans 134788.6670869779773057
miniFE.c 48 sum 53294.6371772199636325
miniFE.c 48 sum 61228.3969902297030785
miniFE.c 48 sum 74586.3803360196470749
miniFE.c 48 sum 96268.0466606970148860
miniFE.c 48 sum 572805.2330418898491189
miniFE.c 48 sum 652022.6264344428200275
miniFE.c 48 sum 675441.1212714342400432
miniFE.c 48 sum 915635.1140907057560980
miniFE.c 83 rtrans 915635.1140907057560980
miniFE.c 84 beta 6.7931164680177023
miniFE.c 40 y 137.5686204507335901
miniFE.c 40 y -115.0770235016632483
miniFE.c 40 y 182.1699767307415527
miniFE.c 40 y -20.5387679517734796
miniFE.c 40 y -128.7852194862349506
miniFE.c 40 y -24.1730817977245351
miniFE.c 40 y -199.7887992731788245
miniFE.c 40 y 18.7000119060114685
miniFE.c 87 normr 956.8882453508903154
miniFE.c 25 Ap 9230.1266942420406849
miniFE.c 25 Ap 7493.8963483095212723
miniFE.c 25 Ap 9191.5771636683457473
miniFE.c 25 Ap 8909.8573584455243690
miniFE.c 25 Ap 7098.6980148706134059
miniFE.c 25 Ap 6710.5653442936290958
miniFE.c 25 Ap 5712.2702619477740882
miniFE.c 25 Ap 5832.1011163422454047
miniFE.c 25 Ap 2075.5734394814658117
miniFE.c 25 Ap -5569.7515893188992777
miniFE.c 25 Ap -2947.9667493093688790
miniFE.c 25 Ap -3070.4561822404425584
miniFE.c 25 Ap -4478.5435458673355242
miniFE.c 25 Ap -4711.8685614187306783
miniFE.c 25 Ap -6988.9434201428521192
miniFE.c 25 Ap -6858.9053699496153058
miniFE.c 25 Ap 1282.0312760965423422
miniFE.c 25 Ap -374.1537938286901408
miniFE.c 25 Ap 11954.0336067454190925
miniFE.c 25 Ap 11756.6113749085816380
miniFE.c 25 Ap 9593.2540766392994556
miniFE.c 25 Ap 9202.2377991346638737
miniFE.c 25 Ap 6814.3740575495867233
miniFE.c 25 Ap 7045.3410836027587720
miniFE.c 25 Ap 1886.9586067262828237
miniFE.c 25 Ap 1200.6604127346877249
miniFE.c 25 Ap 2951.7101088165036344
miniFE.c 25 Ap 1608.4395634773206893
miniFE.c 25 Ap 1136.0409544572285085
miniFE.c 25 Ap 868.0608286866520302
miniFE.c 25 Ap 608.2888388412889071
miniFE.c 25 Ap 696.5721186499024498
miniFE.c 25 Ap 1934.6839125330511706
miniFE.c 25 Ap 676.4766176050309241
miniFE.c 25 Ap 3736.6006773238386813
miniFE.c 25 Ap 3661.2621761347231768
miniFE.c 25 Ap -4910.8443022456285689
miniFE.c 25 Ap -5019.3622702635457244
miniFE.c 25 Ap -7826.9263382577746597
miniFE.c 25 Ap -7755.8786724228129970
miniFE.c 25 Ap 2208.8567974051588862
miniFE.c 25 Ap 1098.1027560788538722
miniFE.c 25 Ap 4044.8278269825427742
miniFE.c 25 Ap 3817.1373047336564923
miniFE.c 25 Ap 3238.9937959195140138
miniFE.c 25 Ap 1632.3717336652630365
miniFE.c 25 Ap 111.5316440747994875
miniFE.c 25 Ap 175.6004093664020900
miniFE.c 25 Ap 687.3962793744439068
miniFE.c 25 Ap -624.1837390536478551
miniFE.c 25 Ap 1553.1008926335712204
miniFE.c 25 Ap 1526.3957087633330048
miniFE.c 25 Ap -283.3791937021014746
miniFE.c 25 Ap -467.3904697129303258
miniFE.c 25 Ap -13585.1634101511590416
miniFE.c 25 Ap -13535.1491624078535096
miniFE.c 25 Ap 881.5483866713892667
miniFE.c 25 Ap 81.3140427891261197
miniFE.c 25 Ap 2331.3263942865592071
miniFE.c 25 Ap 2234.3622957007337391
miniFE.c 25 Ap 1745.0637174683408830
miniFE.c 25 Ap 1662.2434758632939520
miniFE.c 25 Ap 1127.8969442456186698
miniFE.c 25 Ap 2341.0074826145378211
miniFE.c 57 sum 802314.1049043859820813
miniFE.c 57 sum 1591616.5193577620666474
miniFE.c 57 sum 2875066.1406178139150143
miniFE.c 57 sum 2860759.4075111881829798
miniFE.c 57 sum 3859601.9446477685123682
miniFE.c 57 sum 3855357.1415884406305850
miniFE.c 57 sum 6559528.3407292775809765
miniFE.c 57 sum 6603305.2085262313485146
miniFE.c 90 p_ap_dot 6603305.2085262313485146
miniFE.c 91 alpha 0.1386631520391382
miniFE.c 40 y 22.2937485990240667
miniFE.c 40 y -16.5650137517744724
miniFE.c 40 y 27.0654157837408746
miniFE.c 40 y -4.1921434027586120
miniFE.c 40 y -5.3833633656470212
miniFE.c 40 y 3.2798369119287494
miniFE.c 40 y -31.4924044032518964
miniFE.c 40 y -3.5304367744685847
miniFE.c 40 y -1039.5538366411296920
miniFE.c 40 y 1040.1490936325728853
miniFE.c 40 y -1092.5059440787767926
miniFE.c 40 y 50.6580713338351245
miniFE.c 40 y 385.1378545194523895
miniFE.c 40 y -305.8051525196572697
miniFE.c 40 y 2029.8574719126920627
miniFE.c 40 y 165.4844251687092083
miniFE.c 82 oldrtrans 915635.1140907057560980
miniFE.c 48 sum 1080672.1792752926703542
miniFE.c 48 sum 2162582.3162599555216730
miniFE.c 48 sum 3356151.5541074145585299
miniFE.c 48 sum 3358717.7942986786365509
miniFE.c 48 sum 3507048.9612825256772339
miniFE.c 48 sum 3600565.7525900965556502
miniFE.c 48 sum 7720887.1088698823004961
miniFE.c 48 sum 7748272.2038433002308011
miniFE.c 83 rtrans 7748272.2038433002308011
miniFE.c 84 beta 8.4621833354850260
miniFE.c 40 y 124.5770508227326445
miniFE.c 40 y 66.3462230595794153
miniFE.c 40 y 449.0497972377993392
miniFE.c 40 y -123.1447485590563247
miniFE.c 40 y -704.6662836737465341
miniFE.c 40 y -510.3622024756782594
miniFE.c 40 y 339.2080240866353051
miniFE.c 40 y 323.7273542931310431
miniFE.c 87 normr 2783.5718427666456591
miniFE.c 25 Ap 8358.4610976065087016
miniFE.c 25 Ap 9359.4630553290662647
miniFE.c 25 Ap 13544.2537633949286828
miniFE.c 25 Ap 11855.1400512321179121
miniFE.c 25 Ap 1945.1291907519153028
miniFE.c 25 Ap -6249.4504770785642904
miniFE.c 25 Ap -4554.5121043076214846
miniFE.c 25 Ap -2480.0468231739173461
miniFE.c 25 Ap 1879.5624831405200439
miniFE.c 25 Ap 6287.3793025983432017
miniFE.c 25 Ap 12750.0905129508355458
miniFE.c 25 Ap 12015.6778911783585500
miniFE.c 25 Ap 4311.1315653402471071
miniFE.c 25 Ap -615.0201693008575603
miniFE.c 25 Ap 3251.0727565044007861
miniFE.c 25 Ap 5502.2410529781136574
miniFE.c 25 Ap 1160.9600715288706851
miniFE.c 25 Ap 2115.8129234156458551
miniFE.c 25 Ap 32504.8493161682345090
miniFE.c 25 Ap 31321.1604426875856007
miniFE.c 25 Ap 19484.0493696049306891
miniFE.c 25 Ap 11228.5885946411272016
miniFE.c 25 Ap 15282.7825460431467945
miniFE.c 25 Ap 19281.1941325678380963
miniFE.c 25 Ap 1708.7598718395040578
miniFE.c 25 Ap 2104.4365384617926793
miniFE.c 25 Ap 6420.7817732260373305
miniFE.c 25 Ap -1633.0953600562816064
miniFE.c 25 Ap -4217.8902111953557323
miniFE.c 25 Ap -9875.7094479984516511
miniFE.c 25 Ap -9434.6599812162130547
miniFE.c 25 Ap -7906.3340772324208956
miniFE.c 25 Ap 1751.9781423109263869
miniFE.c 25 Ap 2477.3818702173743986
miniFE.c 25 Ap 10020.6011931814300624
miniFE.c 25 Ap 9568.8924632549733360
miniFE.c 25 Ap -37334.5832575870226719
miniFE.c 25 Ap -39625.7048294762571459
miniFE.c 25 Ap -34858.9297977149617509
miniFE.c 25 Ap -33628.9801589096023235
miniFE.c 25 Ap 2000.2589588301243566
miniFE.c 25 Ap 2640.6503518965187141
miniFE.c 25 Ap 9904.3406665780166804
miniFE.c 25 Ap 8539.1715299746592791
miniFE.c 25 Ap 5375.7787166424905081
miniFE.c 25 Ap -28544.5621442931806087
miniFE.c 25 Ap -25962.4295942279568408
miniFE.c 25 Ap -24853.2959752268616285
miniFE.c 25 Ap 622.4806278525909420
miniFE.c 25 Ap 1378.6557340140720953
miniFE.c 25 Ap 6745.6719676124157559
miniFE.c 25 Ap 6585.5551017592279095
miniFE.c 25 Ap -3316.8805961714824662
miniFE.c 25 Ap -7201.8796579827367168
miniFE.c 25 Ap 15069.9086291023813828
miniFE.c 25 Ap 15935.7358906185545493
miniFE.c 25 Ap 798.2975900262727009
miniFE.c 25 Ap 1259.6627232527280285
miniFE.c 25 Ap 6805.9531074023179826
miniFE.c 25 Ap 6224.5833014020536211
miniFE.c 25 Ap 3547.3179125216088323
miniFE.c 25 Ap 1798.7481079426008819
miniFE.c 25 Ap 2705.9793032196798777
miniFE.c 25 Ap 23706.8785018474482058
miniFE.c 57 sum -308956.9191332937334664
miniFE.c 57 sum 56095.9930951673304662
miniFE.c 57 sum 8714312.3088274002075195
miniFE.c 57 sum 9687935.8307920843362808
miniFE.c 57 sum 33385144.3031090721487999
miniFE.c 57 sum 46069327.1758057624101639
miniFE.c 57 sum 51474856.6596289575099945
miniFE.c 57 sum 59149421.7155807390809059
miniFE.c 90 p_ap_dot 59149421.7155807390809059
miniFE.c 91 alpha 0.1309948935950848
miniFE.c 40 y 38.6127061159374065
miniFE.c 40 y -7.8739973216491030
miniFE.c 40 y 85.8886461918008308
miniFE.c 40 y -20.3234766370456725
miniFE.c 40 y -97.6910482155333284
miniFE.c 40 y -63.5750054963258791
miniFE.c 40 y 12.9421146185758715
miniFE.c 40 y 38.8761935549784496
miniFE.c 40 y -714.6803669286341574
miniFE.c 40 y 319.3836123631972441
miniFE.c 40 y -3618.2439178606750829
miniFE.c 40 y 1086.3474625080893929
miniFE.c 40 y 4790.3625321470344716
miniFE.c 40 y 2949.8497092423358481
miniFE.c 40 y -57.6425554382601604
miniFE.c 40 y -2939.9956016524015467
