filename line variable value
miniFE.c 167 A 67.0947100000000063
miniFE.c 167 A 15.0875500000000002
miniFE.c 167 A 9.3192129999999995
miniFE.c 167 A 13.7164900000000003
miniFE.c 167 A 14.0634099999999993
miniFE.c 167 A 16.0564000000000000
miniFE.c 167 A 4.9967519999999999
miniFE.c 167 A 6.4080630000000003
miniFE.c 167 A 15.0875500000000002
miniFE.c 167 A 66.4365899999999954
miniFE.c 167 A 14.3919700000000006
miniFE.c 167 A 5.9638159999999996
miniFE.c 167 A 10.9336099999999998
miniFE.c 167 A 9.6522659999999991
miniFE.c 167 A 11.3974100000000007
miniFE.c 167 A 6.9539020000000002
miniFE.c 167 A 9.3192129999999995
miniFE.c 167 A 14.3919700000000006
miniFE.c 167 A 67.6740900000000067
miniFE.c 167 A 9.6121750000000006
miniFE.c 167 A 16.7981799999999986
miniFE.c 167 A 16.1756899999999995
miniFE.c 167 A 11.9519400000000005
miniFE.c 167 A 12.3511699999999998
miniFE.c 167 A 13.7164900000000003
miniFE.c 167 A 5.9638159999999996
miniFE.c 167 A 9.6121750000000006
miniFE.c 167 A 65.4017099999999942
miniFE.c 167 A 3.6681119999999998
miniFE.c 167 A 11.0858899999999991
miniFE.c 167 A 1.3002330000000000
miniFE.c 167 A 4.7210279999999996
miniFE.c 167 A 14.0634099999999993
miniFE.c 167 A 10.9336099999999998
miniFE.c 167 A 16.7981799999999986
miniFE.c 167 A 3.6681119999999998
miniFE.c 167 A 66.5612600000000043
miniFE.c 167 A 4.4892070000000004
miniFE.c 167 A 14.0526599999999995
miniFE.c 167 A 3.7993380000000001
miniFE.c 167 A 16.0564000000000000
miniFE.c 167 A 9.6522659999999991
miniFE.c 167 A 16.1756899999999995
miniFE.c 167 A 11.0858899999999991
miniFE.c 167 A 4.4892070000000004
miniFE.c 167 A 66.4632699999999943
miniFE.c 167 A 7.6122389999999998
miniFE.c 167 A 3.4261349999999999
miniFE.c 167 A 4.9967519999999999
miniFE.c 167 A 11.3974100000000007
miniFE.c 167 A 11.9519400000000005
miniFE.c 167 A 1.3002330000000000
miniFE.c 167 A 14.0526599999999995
miniFE.c 167 A 7.6122389999999998
miniFE.c 167 A 65.6581999999999937
miniFE.c 167 A 2.6745570000000001
miniFE.c 167 A 6.4080630000000003
miniFE.c 167 A 6.9539020000000002
miniFE.c 167 A 12.3511699999999998
miniFE.c 167 A 4.7210279999999996
miniFE.c 167 A 3.7993380000000001
miniFE.c 167 A 3.4261349999999999
miniFE.c 167 A 2.6745570000000001
miniFE.c 167 A 64.8721800000000002
miniFE.c 175 b 198.0110999999999990
miniFE.c 175 b 229.8237000000000023
miniFE.c 175 b 210.8053999999999917
miniFE.c 175 b 202.6418999999999926
miniFE.c 175 b 157.2561000000000035
miniFE.c 175 b 225.5886000000000138
miniFE.c 175 b 142.6283999999999992
miniFE.c 175 b 185.1795999999999935
miniFE.c 33 r 0.0000000000000000
miniFE.c 33 r 0.0000000000000000
miniFE.c 33 r 0.0000000000000000
miniFE.c 33 r 0.0000000000000000
miniFE.c 33 r 0.0000000000000000
miniFE.c 33 r 0.0000000000000000
miniFE.c 33 r 0.0000000000000000
miniFE.c 33 r 0.0000000000000000
miniFE.c 25 Ap 0.0000000000000000
miniFE.c 25 Ap 0.0000000000000000
miniFE.c 25 Ap 0.0000000000000000
miniFE.c 25 Ap 0.0000000000000000
miniFE.c 25 Ap 0.0000000000000000
miniFE.c 25 Ap 0.0000000000000000
miniFE.c 25 Ap 0.0000000000000000
miniFE.c 25 Ap 0.0000000000000000
miniFE.c 25 Ap 0.0000000000000000
miniFE.c 25 Ap 0.0000000000000000
miniFE.c 25 Ap 0.0000000000000000
miniFE.c 25 Ap 0.0000000000000000
miniFE.c 25 Ap 0.0000000000000000
miniFE.c 25 Ap 0.0000000000000000
miniFE.c 25 Ap 0.0000000000000000
miniFE.c 25 Ap 0.0000000000000000
miniFE.c 25 Ap 0.0000000000000000
miniFE.c 25 Ap 0.0000000000000000
miniFE.c 25 Ap 0.0000000000000000
miniFE.c 25 Ap 0.0000000000000000
miniFE.c 25 Ap 0.0000000000000000
miniFE.c 25 Ap 0.0000000000000000
miniFE.c 25 Ap 0.0000000000000000
miniFE.c 25 Ap 0.0000000000000000
miniFE.c 25 Ap 0.0000000000000000
miniFE.c 25 Ap 0.0000000000000000
miniFE.c 25 Ap 0.0000000000000000
miniFE.c 25 Ap 0.0000000000000000
miniFE.c 25 Ap 0.0000000000000000
miniFE.c 25 Ap 0.0000000000000000
miniFE.c 25 Ap 0.0000000000000000
miniFE.c 25 Ap 0.0000000000000000
miniFE.c 25 Ap 0.0000000000000000
miniFE.c 25 Ap 0.0000000000000000
miniFE.c 25 Ap 0.0000000000000000
miniFE.c 25 Ap 0.0000000000000000
miniFE.c 25 Ap 0.0000000000000000
miniFE.c 25 Ap 0.0000000000000000
miniFE.c 25 Ap 0.0000000000000000
miniFE.c 25 Ap 0.0000000000000000
miniFE.c 25 Ap 0.0000000000000000
miniFE.c 25 Ap 0.0000000000000000
miniFE.c 25 Ap 0.0000000000000000
miniFE.c 25 Ap 0.0000000000000000
miniFE.c 25 Ap 0.0000000000000000
miniFE.c 25 Ap 0.0000000000000000
miniFE.c 25 Ap 0.0000000000000000
miniFE.c 25 Ap 0.0000000000000000
miniFE.c 25 Ap 0.0000000000000000
miniFE.c 25 Ap 0.0000000000000000
miniFE.c 25 Ap 0.0000000000000000
miniFE.c 25 Ap 0.0000000000000000
miniFE.c 25 Ap 0.0000000000000000
miniFE.c 25 Ap 0.0000000000000000
miniFE.c 25 Ap 0.0000000000000000
miniFE.c 25 Ap 0.0000000000000000
miniFE.c 25 Ap 0.0000000000000000
miniFE.c 25 Ap 0.0000000000000000
miniFE.c 25 Ap 0.0000000000000000
miniFE.c 25 Ap 0.0000000000000000
miniFE.c 25 Ap 0.0000000000000000
miniFE.c 25 Ap 0.0000000000000000
miniFE.c 25 Ap 0.0000000000000000
miniFE.c 25 Ap 0.0000000000000000
miniFE.c 33 r 198.0110999999999990
miniFE.c 33 r 229.8237000000000023
miniFE.c 33 r 210.8053999999999917
miniFE.c 33 r 202.6418999999999926
miniFE.c 33 r 157.2561000000000035
miniFE.c 33 r 225.5886000000000138
miniFE.c 33 r 142.6283999999999992
miniFE.c 33 r 185.1795999999999935
miniFE.c 48 sum 39208.3957232100001420
miniFE.c 48 sum 92027.3288048999966122
miniFE.c 48 sum 136466.2454740600078367
miniFE.c 48 sum 177529.9851096700003836
miniFE.c 48 sum 202259.4660968800017145
miniFE.c 48 sum 253149.6825468399911188
miniFE.c 48 sum 273492.5430333999684080
miniFE.c 48 sum 307784.0272895599482581
miniFE.c 75 rtrans 307784.0272895599482581
miniFE.c 76 normr 554.7828649927464539
miniFE.c 33 r 198.0110999999999990
miniFE.c 33 r 229.8237000000000023
miniFE.c 33 r 210.8053999999999917
miniFE.c 33 r 202.6418999999999926
miniFE.c 33 r 157.2561000000000035
miniFE.c 33 r 225.5886000000000138
miniFE.c 33 r 142.6283999999999992
miniFE.c 33 r 185.1795999999999935
miniFE.c 87 normr 554.7828649927464539
miniFE.c 25 Ap 13285.4973312810016068
miniFE.c 25 Ap 16752.9738962160008668
miniFE.c 25 Ap 18717.5143203662009910
miniFE.c 25 Ap 21497.0499152972006414
miniFE.c 25 Ap 23708.6069245981998392
miniFE.c 25 Ap 27330.7477216381994367
miniFE.c 25 Ap 28043.4264645949988335
miniFE.c 25 Ap 29230.0690077097970061
miniFE.c 25 Ap 2987.5023718050001662
miniFE.c 25 Ap 18256.2053009880000900
miniFE.c 25 Ap 21290.1102936259994749
miniFE.c 25 Ap 22498.6292991164009436
miniFE.c 25 Ap 24218.0061666374022025
miniFE.c 25 Ap 26395.4473404050004319
miniFE.c 25 Ap 28021.0416928490012651
miniFE.c 25 Ap 29308.7624836482027604
miniFE.c 25 Ap 1845.3076172643000064
miniFE.c 25 Ap 5152.9234129532997031
miniFE.c 25 Ap 19418.9870250392996240
miniFE.c 25 Ap 21366.8164301717988565
miniFE.c 25 Ap 24008.4327040697971825
miniFE.c 25 Ap 27657.4839652037990163
miniFE.c 25 Ap 29362.1700442997971550
miniFE.c 25 Ap 31649.3547644317950471
miniFE.c 25 Ap 2716.0172730389999742
miniFE.c 25 Ap 4086.6435322781999275
miniFE.c 25 Ap 6112.9419280231995799
miniFE.c 25 Ap 19366.0687056721981207
miniFE.c 25 Ap 19942.9016931553996983
miniFE.c 25 Ap 22443.7520980093977414
miniFE.c 25 Ap 22629.2022504265987664
miniFE.c 25 Ap 23503.4403270553993934
miniFE.c 25 Ap 2784.7112838509997346
miniFE.c 25 Ap 5297.5139884079999320
miniFE.c 25 Ap 8838.6610425799990480
miniFE.c 25 Ap 9581.9742276727993158
miniFE.c 25 Ap 20049.1383863587980159
miniFE.c 25 Ap 21061.8523085989982064
miniFE.c 25 Ap 23066.1607201429978886
miniFE.c 25 Ap 23769.7206112477979332
miniFE.c 25 Ap 3179.3454260399998930
miniFE.c 25 Ap 5397.6649115441996400
miniFE.c 25 Ap 8807.5877122702004272
miniFE.c 25 Ap 11054.0535250612010714
miniFE.c 25 Ap 11760.0087099739012046
miniFE.c 25 Ap 26753.3647406958989450
miniFE.c 25 Ap 27839.0862096834971453
miniFE.c 25 Ap 28473.5365185294976982
miniFE.c 25 Ap 989.4123599472000024
miniFE.c 25 Ap 3608.8072965641999872
miniFE.c 25 Ap 6128.3407890401995246
miniFE.c 25 Ap 6391.8224746028990921
miniFE.c 25 Ap 8601.6889808288997301
miniFE.c 25 Ap 10318.9233197042995016
miniFE.c 25 Ap 19683.6473325842962367
miniFE.c 25 Ap 20178.9207280214977800
miniFE.c 25 Ap 1268.8676034993000030
miniFE.c 25 Ap 2867.0390905766998912
miniFE.c 25 Ap 5470.7324228946999938
miniFE.c 25 Ap 6427.4105067679001877
miniFE.c 25 Ap 7024.8795832297000743
miniFE.c 25 Ap 7797.7765812907000509
miniFE.c 25 Ap 8179.2443669095000587
miniFE.c 25 Ap 20192.2487104374995397
miniFE.c 57 sum 5787878.1172925252467394
miniFE.c 57 sum 12523726.3537057451903820
miniFE.c 57 sum 19195581.2445636950433254
miniFE.c 57 sum 23958363.0489748232066631
miniFE.c 57 sum 27696296.6103892698884010
miniFE.c 57 sum 34119601.8506532162427902
miniFE.c 57 sum 36997689.0278177559375763
miniFE.c 57 sum 40736881.5671170875430107
miniFE.c 90 p_ap_dot 40736881.5671170875430107
miniFE.c 91 alpha 0.0075554145395853
miniFE.c 40 y 1.4960559439392744
miniFE.c 40 y 1.7364133245212852
miniFE.c 40 y 1.5927221841830903
miniFE.c 40 y 1.5310435575891859
miniFE.c 40 y 1.1881350243784765
miniFE.c 40 y 1.7044153884046875
miniFE.c 40 y 1.0776166871177848
miniFE.c 40 y 1.3991086422745860
miniFE.c 40 y -22.8341883739316245
miniFE.c 40 y 8.3838497937928480
miniFE.c 40 y -28.3185951556805833
miniFE.c 40 y 25.0636652226906733
miniFE.c 40 y -22.3339927081014764
miniFE.c 40 y 10.4592281944898673
miniFE.c 40 y -9.8317110616323760
miniFE.c 40 y 32.6187905062384118
miniFE.c 82 oldrtrans 307784.0272895599482581
miniFE.c 48 sum 521.4001586961941257
miniFE.c 48 sum 591.6890960610744514
miniFE.c 48 sum 1393.6319276524102406
miniFE.c 48 sum 2021.8192420475243125
miniFE.c 48 sum 2520.6264723330541528
miniFE.c 48 sum 2630.0219267574657351
miniFE.c 48 sum 2726.6844691568903727
miniFE.c 48 sum 3790.6699632467598349
miniFE.c 83 rtrans 3790.6699632467598349
miniFE.c 84 beta 0.0123160061184089
miniFE.c 40 y -20.3954824548187439
miniFE.c 40 y 11.2143598891482252
miniFE.c 40 y -25.7223145594869429
miniFE.c 40 y 27.5594041029366821
miniFE.c 40 y -20.3972256183443506
miniFE.c 40 y 13.2375787723331708
miniFE.c 40 y -8.0750988145735008
miniFE.c 40 y 34.8994635928429275
miniFE.c 87 normr 61.5684169298412272
miniFE.c 25 Ap -1368.4289806161518754
miniFE.c 25 Ap -1199.2317650706336281
miniFE.c 25 Ap -1438.9434933034935966
miniFE.c 25 Ap -1060.9252025196035447
miniFE.c 25 Ap -1347.7797492528836756
miniFE.c 25 Ap -1135.2318894527934390
miniFE.c 25 Ap -1175.5811556047112845
miniFE.c 25 Ap -951.9431942355674892
miniFE.c 25 Ap -307.7178613112005223
miniFE.c 25 Ap 437.3259687565855529
miniFE.c 25 Ap 67.1311892858862507
miniFE.c 25 Ap 231.4904044254456608
miniFE.c 25 Ap 8.4750944324596844
miniFE.c 25 Ap 136.2477259389728772
miniFE.c 25 Ap 44.2125139587647027
miniFE.c 25 Ap 286.8999636359623082
miniFE.c 25 Ap -190.0698452342187466
miniFE.c 25 Ap -28.6731141403941479
miniFE.c 25 Ap -1769.4073446474239972
miniFE.c 25 Ap -1504.5015295142784453
miniFE.c 25 Ap -1847.1377969518380269
miniFE.c 25 Ap -1633.0108263799961605
miniFE.c 25 Ap -1729.5239229058497585
miniFE.c 25 Ap -1298.4747151618360022
miniFE.c 25 Ap -279.7544311366967804
miniFE.c 25 Ap -212.8740522000363740
miniFE.c 25 Ap -460.1214411508727835
miniFE.c 25 Ap 1342.3107137622018854
miniFE.c 25 Ap 1267.4914057048456471
miniFE.c 25 Ap 1414.2417478412662604
miniFE.c 25 Ap 1403.7422378842968556
miniFE.c 25 Ap 1568.5035826910889227
miniFE.c 25 Ap -286.8300319099224680
miniFE.c 25 Ap -164.2165944823325390
miniFE.c 25 Ap -596.3046644692149130
miniFE.c 25 Ap -495.2136835663836223
miniFE.c 25 Ap -1852.8787212276629361
miniFE.c 25 Ap -1793.4524899398534217
miniFE.c 25 Ap -1906.9291080474579303
miniFE.c 25 Ap -1774.3342498395531948
miniFE.c 25 Ap -327.4780244875516928
miniFE.c 25 Ap -219.2340398177625218
miniFE.c 25 Ap -635.3102262145098393
miniFE.c 25 Ap -329.7897038638051299
miniFE.c 25 Ap -421.3570718902559520
miniFE.c 25 Ap 458.4557002015919807
miniFE.c 25 Ap 396.9861180764418123
miniFE.c 25 Ap 516.5563917731067249
miniFE.c 25 Ap -101.9111677470804693
miniFE.c 25 Ap 25.9034897970964124
miniFE.c 25 Ap -281.5280704790179698
miniFE.c 25 Ap -245.6944238040443054
miniFE.c 25 Ap -532.3297003619271663
miniFE.c 25 Ap -431.5620869656004857
miniFE.c 25 Ap -961.7585399526303718
miniFE.c 25 Ap -868.4179353041471359
miniFE.c 25 Ap -130.6955364858731627
miniFE.c 25 Ap -52.7119768240055322
miniFE.c 25 Ap -370.4126567417038700
miniFE.c 25 Ap -240.3039383084249323
miniFE.c 25 Ap -317.7998926947741438
miniFE.c 25 Ap -272.4461607476264362
miniFE.c 25 Ap -294.0434728078357125
miniFE.c 25 Ap 1969.9608112905175403
miniFE.c 57 sum 19415.3407160156275495
miniFE.c 57 sum 22632.7401604128463077
miniFE.c 57 sum 56032.5152313458020217
miniFE.c 57 sum 99259.5393036334862700
miniFE.c 57 sum 135451.0353199666133150
miniFE.c 57 sum 142288.9912464153021574
miniFE.c 57 sum 149301.5518863441830035
miniFE.c 57 sum 218052.1274993049155455
miniFE.c 90 p_ap_dot 218052.1274993049155455
miniFE.c 91 alpha 0.0173842374606450
miniFE.c 40 y 1.1414960338202862
miniFE.c 40 y 1.9313664198033706
miniFE.c 40 y 1.1455593598435627
miniFE.c 40 y 2.0101427827885114
miniFE.c 40 y 0.8335448106908265
miniFE.c 40 y 1.9345406011869211
miniFE.c 40 y 0.9372372518070660
miniFE.c 40 y 2.0058092046217029
miniFE.c 40 y -6.2853818362955991
miniFE.c 40 y 3.3963126984948593
miniFE.c 40 y -5.7456023706638284
miniFE.c 40 y -2.2035735166836723
miniFE.c 40 y 8.5114552256647578
miniFE.c 40 y 1.4792892180922035
miniFE.c 40 y 5.2650725407779788
miniFE.c 40 y -1.6274760254003979
miniFE.c 82 oldrtrans 3790.6699632467598349
miniFE.c 48 sum 39.5060248280346400
miniFE.c 48 sum 51.0409647739920729
miniFE.c 48 sum 84.0529113757698809
miniFE.c 48 sum 88.9086476191995274
miniFE.c 48 sum 161.3535176776954359
miniFE.c 48 sum 163.5418142684592908
miniFE.c 48 sum 191.2628031281135748
miniFE.c 48 sum 193.9114813413666525
miniFE.c 83 rtrans 193.9114813413666525
miniFE.c 84 beta 0.0511549365208463
miniFE.c 40 y -7.3287114465838856
miniFE.c 40 y 3.9699825667461615
miniFE.c 40 y -7.0614257391236226
miniFE.c 40 y -0.7937739492455962
miniFE.c 40 y 7.4680364439569731
miniFE.c 40 y 2.1564567198806088
miniFE.c 40 y 4.8519913735189109
miniFE.c 40 y 0.1578038193030675
miniFE.c 87 normr 13.9252102799694431
miniFE.c 25 Ap -491.7177691822263341
miniFE.c 25 Ap -431.8204587073153107
miniFE.c 25 Ap -497.6273892538907830
miniFE.c 25 Ap -508.5151816909785225
miniFE.c 25 Ap -403.4891232846695743
miniFE.c 25 Ap -368.8641916075785616
miniFE.c 25 Ap -344.6199940079652038
miniFE.c 25 Ap -343.6087771922305478
miniFE.c 25 Ap -110.5723003859067006
miniFE.c 25 Ap 153.1798037081556458
miniFE.c 25 Ap 51.5519763134606421
miniFE.c 25 Ap 46.8180545345665706
miniFE.c 25 Ap 128.4706524785789838
miniFE.c 25 Ap 149.2853463563540970
miniFE.c 25 Ap 204.5854813568122665
miniFE.c 25 Ap 205.6828336514714977
miniFE.c 25 Ap -68.2978229862533510
miniFE.c 25 Ap -11.1619529851195978
miniFE.c 25 Ap -489.0375139828881856
miniFE.c 25 Ap -496.6674080934780022
miniFE.c 25 Ap -371.2179876613288343
miniFE.c 25 Ap -336.3358122621232837
miniFE.c 25 Ap -278.3451024853076774
miniFE.c 25 Ap -276.3960406864462129
miniFE.c 25 Ap -100.5241972699534045
miniFE.c 25 Ap -76.8479517186715810
miniFE.c 25 Ap -144.7236116726321882
miniFE.c 25 Ap -196.6377853067473893
miniFE.c 25 Ap -169.2441912102314916
miniFE.c 25 Ap -145.3379492238742614
miniFE.c 25 Ap -139.0292299243096465
miniFE.c 25 Ap -138.2842336748729224
miniFE.c 25 Ap -103.0666738450022848
miniFE.c 25 Ap -59.6604327534007837
miniFE.c 25 Ap -178.2795333758324432
miniFE.c 25 Ap -181.1911851243476121
miniFE.c 25 Ap 315.8907303113479088
miniFE.c 25 Ap 325.5715109134329737
miniFE.c 25 Ap 393.7548960084272380
miniFE.c 25 Ap 394.3544460556504987
miniFE.c 25 Ap -117.6727224709295001
miniFE.c 25 Ap -79.3533947213327906
miniFE.c 25 Ap -193.5768284354173829
miniFE.c 25 Ap -202.3765191216196513
miniFE.c 25 Ap -168.8509576411528883
miniFE.c 25 Ap -25.5257924244136234
miniFE.c 25 Ap 11.4087255367505946
miniFE.c 25 Ap 11.9493827251985092
miniFE.c 25 Ap -36.6197535781409229
miniFE.c 25 Ap 8.6277654279174456
miniFE.c 25 Ap -75.7699713205437604
miniFE.c 25 Ap -76.8020624038932027
miniFE.c 25 Ap 28.1437146106431868
miniFE.c 25 Ap 44.5591785555304369
miniFE.c 25 Ap 363.1321985563097314
miniFE.c 25 Ap 363.5542538658534681
miniFE.c 25 Ap -46.9628446585306776
miniFE.c 25 Ap -19.3559749476694094
miniFE.c 25 Ap -106.5728446939609171
miniFE.c 25 Ap -110.3202737340199491
miniFE.c 25 Ap -81.9466790871093451
miniFE.c 25 Ap -74.5583672431411912
miniFE.c 25 Ap -61.5814397511565730
miniFE.c 25 Ap -51.3443619806404996
miniFE.c 57 sum 2518.2095785553919995
miniFE.c 57 sum 3334.7668424306848465
miniFE.c 57 sum 5286.5169583258157218
miniFE.c 57 sum 5396.2833806083208401
miniFE.c 57 sum 8341.3367555883833120
miniFE.c 57 sum 8367.1050822645629523
miniFE.c 57 sum 10131.0671858277873980
miniFE.c 57 sum 10122.9648494075627241
miniFE.c 90 p_ap_dot 10122.9648494075627241
miniFE.c 91 alpha 0.0191556015679255
miniFE.c 40 y 1.0011101573432302
miniFE.c 40 y 2.0074138240835704
miniFE.c 40 y 1.0102935018834165
miniFE.c 40 y 1.9949375652817640
miniFE.c 40 y 0.9765995413060138
miniFE.c 40 y 1.9758488269114296
miniFE.c 40 y 1.0301800653692059
miniFE.c 40 y 2.0088320317101696
miniFE.c 40 y 0.2966509948408707
miniFE.c 40 y -0.5436657122946364
miniFE.c 40 y -0.4510699403221272
miniFE.c 40 y 0.4453441667181055
miniFE.c 40 y 0.9573585804827305
miniFE.c 40 y 1.2503916036256486
miniFE.c 40 y -1.6990278946007642
miniFE.c 40 y -0.6439438845399043
miniFE.c 82 oldrtrans 193.9114813413666525
miniFE.c 48 sum 0.0880018127400783
miniFE.c 48 sum 0.3835742194649127
miniFE.c 48 sum 0.5870383105271201
miniFE.c 48 sum 0.7853697373569638
miniFE.c 48 sum 1.7019051889808725
miniFE.c 48 sum 3.2653843513983936
miniFE.c 48 sum 6.1520801380298993
miniFE.c 48 sum 6.5667438644662406
miniFE.c 83 rtrans 6.5667438644662406
miniFE.c 84 beta 0.0338646469979051
miniFE.c 40 y 0.0484667687528010
miniFE.c 40 y -0.4092236540839405
miniFE.c 40 y -0.6902026302794697
miniFE.c 40 y 0.4184632921307704
miniFE.c 40 y 1.2102609984248238
miniFE.c 40 y 1.3234192492106658
miniFE.c 40 y -1.5347169194996657
miniFE.c 40 y -0.6385999139042847
miniFE.c 87 normr 2.5625658751466744
miniFE.c 25 Ap 3.2518637941062458
miniFE.c 25 Ap -2.9223185480679108
miniFE.c 25 Ap -9.3544638728025387
miniFE.c 25 Ap -3.6146163109237479
miniFE.c 25 Ap 13.4057803169339032
miniFE.c 25 Ap 34.6551291499600325
miniFE.c 25 Ap 26.9865293130162378
miniFE.c 25 Ap 22.8943408329230067
miniFE.c 25 Ap 0.7312447968963229
miniFE.c 25 Ap -26.4561793277802551
miniFE.c 25 Ap -36.3895548766834764
miniFE.c 25 Ap -33.8939167996613122
miniFE.c 25 Ap -20.6613950446736752
miniFE.c 25 Ap -7.8874004217720408
miniFE.c 25 Ap -25.3791983872467242
miniFE.c 25 Ap -29.8199596057455594
miniFE.c 25 Ap 0.4516721414290970
miniFE.c 25 Ap -5.4378624114373526
miniFE.c 25 Ap -52.1466973312069157
miniFE.c 25 Ap -48.1243549361698300
miniFE.c 25 Ap -27.7941728376499242
miniFE.c 25 Ap -6.3869533223854518
miniFE.c 25 Ap -24.7297978612302884
miniFE.c 25 Ap -32.6172539598474742
miniFE.c 25 Ap 0.6647939489301076
miniFE.c 25 Ap -1.7757406268741620
miniFE.c 25 Ap -8.4100890945807247
miniFE.c 25 Ap 18.9581257830012007
miniFE.c 25 Ap 23.3974986744552780
miniFE.c 25 Ap 38.0687788950873056
miniFE.c 25 Ap 36.0732893106955004
miniFE.c 25 Ap 33.0584412363557831
miniFE.c 25 Ap 0.6816080403458292
miniFE.c 25 Ap -3.7926837961828839
miniFE.c 25 Ap -15.3868318160908650
miniFE.c 25 Ap -13.8518615926664808
miniFE.c 25 Ap 66.7046353913478072
miniFE.c 25 Ap 72.6457383488390747
miniFE.c 25 Ap 51.0788832828629040
miniFE.c 25 Ap 48.6526263631696239
miniFE.c 25 Ap 0.7782018258024741
miniFE.c 25 Ap -3.1717337369077057
miniFE.c 25 Ap -14.3362375214930218
miniFE.c 25 Ap -9.6971994958934360
miniFE.c 25 Ap -4.2640873499377276
miniFE.c 25 Ap 83.6946835335480301
miniFE.c 25 Ap 72.0120515449728202
miniFE.c 25 Ap 69.8241220289483664
miniFE.c 25 Ap 0.2421764236990959
miniFE.c 25 Ap -4.4219133435937490
miniFE.c 25 Ap -12.6711737685361552
miniFE.c 25 Ap -12.1270739868190880
miniFE.c 25 Ap 4.8803123353054971
miniFE.c 25 Ap 14.9544959574976453
miniFE.c 25 Ap -85.8122544863953038
miniFE.c 25 Ap -87.5202263563274130
miniFE.c 25 Ap 0.3105781075743803
miniFE.c 25 Ap -2.5351230790072421
miniFE.c 25 Ap -11.0599331000361190
miniFE.c 25 Ap -9.0843561809145719
miniFE.c 25 Ap -4.4861655796811988
miniFE.c 25 Ap 0.0480474297131854
miniFE.c 25 Ap -4.0566404503530817
miniFE.c 25 Ap -45.4840090131363439
miniFE.c 57 sum 1.1096147228970890
miniFE.c 57 sum 13.3126475573957883
miniFE.c 57 sum 35.8251620329759675
miniFE.c 57 sum 49.6589061854530200
miniFE.c 57 sum 108.5412823437326040
miniFE.c 57 sum 200.9478694960773737
miniFE.c 57 sum 335.2666416835736527
miniFE.c 57 sum 364.3127259233842210
miniFE.c 90 p_ap_dot 364.3127259233842210
miniFE.c 91 alpha 0.0180250191585326
miniFE.c 40 y 1.0019837717785516
miniFE.c 40 y 2.0000375598785824
miniFE.c 40 y 0.9978525862493595
miniFE.c 40 y 2.0024803741395636
miniFE.c 40 y 0.9984145189894460
miniFE.c 40 y 1.9997034842332226
miniFE.c 40 y 1.0025167634923002
miniFE.c 40 y 1.9973212560274076
miniFE.c 40 y -0.1160199372945420
miniFE.c 40 y -0.0061603690944042
miniFE.c 40 y 0.1368566872028472
miniFE.c 40 y -0.1505348699184320
miniFE.c 40 y 0.0803940581736693
miniFE.c 40 y -0.0081895336738647
miniFE.c 40 y -0.1214741377688520
miniFE.c 40 y 0.1759062493287483
miniFE.c 82 oldrtrans 6.5667438644662406
miniFE.c 48 sum 0.0134606258498294
miniFE.c 48 sum 0.0134985759972087
miniFE.c 48 sum 0.0322283288293467
miniFE.c 48 sum 0.0548890758907059
miniFE.c 48 sum 0.0613522804803373
miniFE.c 48 sum 0.0614193489421326
miniFE.c 48 sum 0.0761753150888186
miniFE.c 48 sum 0.1071183236417264
miniFE.c 83 rtrans 0.1071183236417264
miniFE.c 84 beta 0.0163122433054473
miniFE.c 40 y -0.1152293355704174
miniFE.c 40 y -0.0128357249061656
miniFE.c 40 y 0.1255979339676688
miniFE.c 40 y -0.1437087948827964
miniFE.c 40 y 0.1001361300430686
miniFE.c 40 y 0.0133984031143721
miniFE.c 40 y -0.1465088135647171
miniFE.c 40 y 0.1654892521583040
miniFE.c 87 normr 0.3272893576664637
miniFE.c 25 Ap -7.7312788535898420
miniFE.c 25 Ap -7.9249384948978614
miniFE.c 25 Ap -6.7544645958932215
miniFE.c 25 Ap -8.7256448438151502
miniFE.c 25 Ap -7.3173893912061594
miniFE.c 25 Ap -7.1022592714405555
miniFE.c 25 Ap -7.8343274786376824
miniFE.c 25 Ap -6.7738619249843843
miniFE.c 25 Ap -1.7385283618854515
miniFE.c 25 Ap -2.5912901548291662
miniFE.c 25 Ap -0.7836884571044962
miniFE.c 25 Ap -1.6407412673672357
miniFE.c 25 Ap -0.5458918745670407
miniFE.c 25 Ap -0.4165669237318929
miniFE.c 25 Ap -2.0863879405425347
miniFE.c 25 Ap -0.9355918989804004
miniFE.c 25 Ap -1.0738467220291965
miniFE.c 25 Ap -1.2585780898069852
miniFE.c 25 Ap 7.2411477973350902
miniFE.c 25 Ap 5.8597937118825465
miniFE.c 25 Ap 7.5418984488494196
miniFE.c 25 Ap 7.7586268641225367
miniFE.c 25 Ap 6.0075623149258526
miniFE.c 25 Ap 8.0515482015059305
miniFE.c 25 Ap -1.5805420290582750
miniFE.c 25 Ap -1.6570919306252641
miniFE.c 25 Ap -0.4498226096895874
miniFE.c 25 Ap -9.8486235370637214
miniFE.c 25 Ap -9.4813129968191809
miniFE.c 25 Ap -9.3327797737175953
miniFE.c 25 Ap -9.5232753679052884
miniFE.c 25 Ap -8.7419959747668745
miniFE.c 25 Ap -1.6205173901543639
miniFE.c 25 Ap -1.7608582003456656
miniFE.c 25 Ap 0.3489585020713486
miniFE.c 25 Ap -0.1781814529437755
miniFE.c 25 Ap 6.4870055342467232
miniFE.c 25 Ap 6.5471537392965846
miniFE.c 25 Ap 4.4883151952682283
miniFE.c 25 Ap 5.1170647995848544
miniFE.c 25 Ap -1.8501683036528502
miniFE.c 25 Ap -1.9740621347499860
miniFE.c 25 Ap 0.0575711097514942
miniFE.c 25 Ap -1.5355687823517497
miniFE.c 25 Ap -1.0860369664094960
miniFE.c 25 Ap -0.1955352826501433
miniFE.c 25 Ap -1.3107953871112115
miniFE.c 25 Ap -0.7438068681678207
miniFE.c 25 Ap -0.5757724129701544
miniFE.c 25 Ap -0.7220664323729357
miniFE.c 25 Ap 0.7790725385326035
miniFE.c 25 Ap 0.5922176210357605
miniFE.c 25 Ap 1.9993966102467882
miniFE.c 25 Ap 2.1013884569717329
miniFE.c 25 Ap -7.5181165258231726
miniFE.c 25 Ap -7.0755060880384155
miniFE.c 25 Ap -0.7383968417833758
miniFE.c 25 Ap -0.8276552148798109
miniFE.c 25 Ap 0.7236262192036407
miniFE.c 25 Ap 0.0451729747157021
miniFE.c 25 Ap 0.4256239787612742
miniFE.c 25 Ap 0.4715287166155334
miniFE.c 25 Ap 0.0796825437343244
miniFE.c 25 Ap 10.8153310978132087
miniFE.c 57 sum 0.7805476088616994
miniFE.c 57 sum 0.7925566091014489
miniFE.c 57 sum 1.8038144284516930
miniFE.c 57 sum 3.0601161348556980
miniFE.c 57 sum 3.5725192010657354
miniFE.c 57 sum 3.5625533768067843
miniFE.c 57 sum 4.5991773791352255
miniFE.c 57 sum 6.3889984343567825
miniFE.c 90 p_ap_dot 6.3889984343567825
miniFE.c 91 alpha 0.0167660588341513
miniFE.c 40 y 1.0000518299589578
miniFE.c 40 y 1.9998223553596266
miniFE.c 40 y 0.9999583685997092
miniFE.c 40 y 2.0000709440295736
miniFE.c 40 y 1.0000934072371723
miniFE.c 40 y 1.9999281226481218
miniFE.c 40 y 1.0000603881043524
miniFE.c 40 y 2.0000958585655133
miniFE.c 40 y -0.0024489697258363
miniFE.c 40 y 0.0095258197286565
miniFE.c 40 y 0.0018639563503936
miniFE.c 40 y -0.0039660510775767
miniFE.c 40 y -0.0053989513143350
miniFE.c 40 y 0.0042811760390828
miniFE.c 40 y -0.0028457864154041
miniFE.c 40 y -0.0054242281680142
miniFE.c 82 oldrtrans 0.1071183236417264
miniFE.c 48 sum 0.0000059974527181
miniFE.c 48 sum 0.0000967386942209
miniFE.c 48 sum 0.0001002130274971
miniFE.c 48 sum 0.0001159425886470
miniFE.c 48 sum 0.0001450912639416
miniFE.c 48 sum 0.0001634197322192
miniFE.c 48 sum 0.0001715182325413
miniFE.c 48 sum 0.0002009404837600
miniFE.c 83 rtrans 0.0002009404837600
miniFE.c 84 beta 0.0018758740515029
miniFE.c 40 y -0.0026651254464048
miniFE.c 40 y 0.0095017415253728
miniFE.c 40 y 0.0020995622556459
miniFE.c 40 y -0.0042356306768701
miniFE.c 40 y -0.0052111085463693
miniFE.c 40 y 0.0043063097558167
miniFE.c 40 y -0.0031206184970867
miniFE.c 40 y -0.0051137911740878
miniFE.c 87 normr 0.0141753477474099
miniFE.c 25 Ap -0.1788158189401510
miniFE.c 25 Ap -0.0354578185890121
miniFE.c 25 Ap -0.0158915507218876
miniFE.c 25 Ap -0.0739895365448692
miniFE.c 25 Ap -0.1472754925869652
miniFE.c 25 Ap -0.0781316606236703
miniFE.c 25 Ap -0.0937246173402251
miniFE.c 25 Ap -0.1264941133526238
miniFE.c 25 Ap -0.0402102134289048
miniFE.c 25 Ap 0.5910530925782645
miniFE.c 25 Ap 0.6212699295746525
miniFE.c 25 Ap 0.5960094075738439
miniFE.c 25 Ap 0.5390331790601747
miniFE.c 25 Ap 0.5805988263017122
miniFE.c 25 Ap 0.5450318578368318
miniFE.c 25 Ap 0.5094710551637602
miniFE.c 25 Ap -0.0248368717067665
miniFE.c 25 Ap 0.1119119072741536
miniFE.c 25 Ap 0.2539978723233368
miniFE.c 25 Ap 0.2132842490218932
miniFE.c 25 Ap 0.1257471096604428
miniFE.c 25 Ap 0.1954046413145090
miniFE.c 25 Ap 0.1581071962744392
miniFE.c 25 Ap 0.0949458921387810
miniFE.c 25 Ap -0.0365561665343571
miniFE.c 25 Ap 0.0201104716025258
miniFE.c 25 Ap 0.0402918314271889
miniFE.c 25 Ap -0.2367256577685716
miniFE.c 25 Ap -0.2558405875608115
miniFE.c 25 Ap -0.2081013113019010
miniFE.c 25 Ap -0.2121588424522234
miniFE.c 25 Ap -0.2363011937712449
miniFE.c 25 Ap -0.0374807518542238
miniFE.c 25 Ap 0.0664075843050078
miniFE.c 25 Ap 0.1016764089965536
miniFE.c 25 Ap 0.0861396412831583
miniFE.c 25 Ap -0.2607183095599531
miniFE.c 25 Ap -0.2413863936599726
miniFE.c 25 Ap -0.2852393843892423
miniFE.c 25 Ap -0.3046684055210188
miniFE.c 25 Ap -0.0427923202176541
miniFE.c 25 Ap 0.0489210164484902
miniFE.c 25 Ap 0.0828828846315189
miniFE.c 25 Ap 0.0359271488671117
miniFE.c 25 Ap 0.0125334039029907
miniFE.c 25 Ap 0.2987448319074684
miniFE.c 25 Ap 0.2749899380798240
miniFE.c 25 Ap 0.2574693991555907
miniFE.c 25 Ap -0.0133169709045741
miniFE.c 25 Ap 0.0949782729741255
miniFE.c 25 Ap 0.1200721150798699
miniFE.c 25 Ap 0.1145648082979910
miniFE.c 25 Ap 0.0413348716727685
miniFE.c 25 Ap 0.0741155307420767
miniFE.c 25 Ap -0.1307786626633381
miniFE.c 25 Ap -0.1444557886445329
miniFE.c 25 Ap -0.0170782917634651
miniFE.c 25 Ap 0.0489958876333081
miniFE.c 25 Ap 0.0749279379783740
miniFE.c 25 Ap 0.0549314069552114
miniFE.c 25 Ap 0.0351326442328656
miniFE.c 25 Ap 0.0498866428081106
miniFE.c 25 Ap 0.0415403707623980
miniFE.c 25 Ap -0.2902024107654380
miniFE.c 57 sum 0.0003371226803165
miniFE.c 57 sum 0.0051779849611415
miniFE.c 57 sum 0.0053773297726047
miniFE.c 57 sum 0.0063782143579232
miniFE.c 57 sum 0.0079658744897425
miniFE.c 57 sum 0.0090746174751505
miniFE.c 57 sum 0.0095254088812059
miniFE.c 57 sum 0.0110094434080772
miniFE.c 90 p_ap_dot 0.0110094434080772
miniFE.c 91 alpha 0.0182516478183245
miniFE.c 40 y 1.0000031870279185
miniFE.c 40 y 1.9999957777996085
miniFE.c 40 y 0.9999966890705719
miniFE.c 40 y 1.9999936367901709
miniFE.c 40 y 0.9999982959192409
miniFE.c 40 y 2.0000067198971814
miniFE.c 40 y 1.0000034316745683
miniFE.c 40 y 2.0000025234499872
miniFE.c 40 y -0.0001402437178330
miniFE.c 40 y 0.0002271334561774
miniFE.c 40 y 0.0001310373652799
miniFE.c 40 y 0.0003468350901857
miniFE.c 40 y 0.0001617491246051
miniFE.c 40 y -0.0004180647583006
miniFE.c 40 y -0.0002092302357458
miniFE.c 40 y -0.0001275559706947
