filename line variable value
miniFE.c 167 A 67.0947100000000063
miniFE.c 167 A 15.0875500000000002
miniFE.c 167 A 9.3192129999999995
miniFE.c 167 A 13.7164900000000003
miniFE.c 167 A 14.0634099999999993
miniFE.c 167 A 16.0564000000000000
miniFE.c 167 A 4.9967519999999999
miniFE.c 167 A 6.4080630000000003
miniFE.c 167 A 15.0875500000000002
miniFE.c 167 A 66.4365899999999954
miniFE.c 167 A 14.3919700000000006
miniFE.c 167 A 5.9638159999999996
miniFE.c 167 A 10.9336099999999998
miniFE.c 167 A 9.6522659999999991
miniFE.c 167 A 11.3974100000000007
miniFE.c 167 A 6.9539020000000002
miniFE.c 167 A 9.3192129999999995
miniFE.c 167 A 14.3919700000000006
miniFE.c 167 A 67.6740900000000067
miniFE.c 167 A 9.6121750000000006
miniFE.c 167 A 16.7981799999999986
miniFE.c 167 A 16.1756899999999995
miniFE.c 167 A 11.9519400000000005
miniFE.c 167 A 12.3511699999999998
miniFE.c 167 A 13.7164900000000003
miniFE.c 167 A 5.9638159999999996
miniFE.c 167 A 9.6121750000000006
miniFE.c 167 A 65.4017099999999942
miniFE.c 167 A 3.6681119999999998
miniFE.c 167 A 11.0858899999999991
miniFE.c 167 A 1.3002330000000000
miniFE.c 167 A 4.7210279999999996
miniFE.c 167 A 14.0634099999999993
miniFE.c 167 A 10.9336099999999998
miniFE.c 167 A 16.7981799999999986
miniFE.c 167 A 3.6681119999999998
miniFE.c 167 A 66.5612600000000043
miniFE.c 167 A 4.4892070000000004
miniFE.c 167 A 14.0526599999999995
miniFE.c 167 A 3.7993380000000001
miniFE.c 167 A 16.0564000000000000
miniFE.c 167 A 9.6522659999999991
miniFE.c 167 A 16.1756899999999995
miniFE.c 167 A 11.0858899999999991
miniFE.c 167 A 4.4892070000000004
miniFE.c 167 A 66.4632699999999943
miniFE.c 167 A 7.6122389999999998
miniFE.c 167 A 3.4261349999999999
miniFE.c 167 A 4.9967519999999999
miniFE.c 167 A 11.3974100000000007
miniFE.c 167 A 11.9519400000000005
miniFE.c 167 A 1.3002330000000000
miniFE.c 167 A 14.0526599999999995
miniFE.c 167 A 7.6122389999999998
miniFE.c 167 A 65.6581999999999937
miniFE.c 167 A 2.6745570000000001
miniFE.c 167 A 6.4080630000000003
miniFE.c 167 A 6.9539020000000002
miniFE.c 167 A 12.3511699999999998
miniFE.c 167 A 4.7210279999999996
miniFE.c 167 A 3.7993380000000001
miniFE.c 167 A 3.4261349999999999
miniFE.c 167 A 2.6745570000000001
miniFE.c 167 A 64.8721800000000002
miniFE.c 175 b 198.0110999999999990
miniFE.c 175 b 229.8237000000000023
miniFE.c 175 b 210.8053999999999917
miniFE.c 175 b 202.6418999999999926
miniFE.c 175 b 157.2561000000000035
miniFE.c 175 b 225.5886000000000138
miniFE.c 175 b 142.6283999999999992
miniFE.c 175 b 185.1795999999999935
miniFE.c 33 r 0.0000000000000000
miniFE.c 33 r 0.0000000000000000
miniFE.c 33 r 0.0000000000000000
miniFE.c 33 r 0.0000000000000000
miniFE.c 33 r 0.0000000000000000
miniFE.c 33 r 0.0000000000000000
miniFE.c 33 r 0.0000000000000000
miniFE.c 33 r 0.0000000000000000
miniFE.c 25 Ap 0.0000000000000000
miniFE.c 25 Ap 0.0000000000000000
miniFE.c 25 Ap 0.0000000000000000
miniFE.c 25 Ap 0.0000000000000000
miniFE.c 25 Ap 0.0000000000000000
miniFE.c 25 Ap 0.0000000000000000
miniFE.c 25 Ap 0.0000000000000000
miniFE.c 25 Ap 0.0000000000000000
miniFE.c 25 Ap 0.0000000000000000
miniFE.c 25 Ap 0.0000000000000000
miniFE.c 25 Ap 0.0000000000000000
miniFE.c 25 Ap 0.0000000000000000
miniFE.c 25 Ap 0.0000000000000000
miniFE.c 25 Ap 0.0000000000000000
miniFE.c 25 Ap 0.0000000000000000
miniFE.c 25 Ap 0.0000000000000000
miniFE.c 25 Ap 0.0000000000000000
miniFE.c 25 Ap 0.0000000000000000
miniFE.c 25 Ap 0.0000000000000000
miniFE.c 25 Ap 0.0000000000000000
miniFE.c 25 Ap 0.0000000000000000
miniFE.c 25 Ap 0.0000000000000000
miniFE.c 25 Ap 0.0000000000000000
miniFE.c 25 Ap 0.0000000000000000
miniFE.c 25 Ap 0.0000000000000000
miniFE.c 25 Ap 0.0000000000000000
miniFE.c 25 Ap 0.0000000000000000
miniFE.c 25 Ap 0.0000000000000000
miniFE.c 25 Ap 0.0000000000000000
miniFE.c 25 Ap 0.0000000000000000
miniFE.c 25 Ap 0.0000000000000000
miniFE.c 25 Ap 0.0000000000000000
miniFE.c 25 Ap 0.0000000000000000
miniFE.c 25 Ap 0.0000000000000000
miniFE.c 25 Ap 0.0000000000000000
miniFE.c 25 Ap 0.0000000000000000
miniFE.c 25 Ap 0.0000000000000000
miniFE.c 25 Ap 0.0000000000000000
miniFE.c 25 Ap 0.0000000000000000
miniFE.c 25 Ap 0.0000000000000000
miniFE.c 25 Ap 0.0000000000000000
miniFE.c 25 Ap 0.0000000000000000
miniFE.c 25 Ap 0.0000000000000000
miniFE.c 25 Ap 0.0000000000000000
miniFE.c 25 Ap 0.0000000000000000
miniFE.c 25 Ap 0.0000000000000000
miniFE.c 25 Ap 0.0000000000000000
miniFE.c 25 Ap 0.0000000000000000
miniFE.c 25 Ap 0.0000000000000000
miniFE.c 25 Ap 0.0000000000000000
miniFE.c 25 Ap 0.0000000000000000
miniFE.c 25 Ap 0.0000000000000000
miniFE.c 25 Ap 0.0000000000000000
miniFE.c 25 Ap 0.0000000000000000
miniFE.c 25 Ap 0.0000000000000000
miniFE.c 25 Ap 0.0000000000000000
miniFE.c 25 Ap 0.0000000000000000
miniFE.c 25 Ap 0.0000000000000000
miniFE.c 25 Ap 0.0000000000000000
miniFE.c 25 Ap 0.0000000000000000
miniFE.c 25 Ap 0.0000000000000000
miniFE.c 25 Ap 0.0000000000000000
miniFE.c 25 Ap 0.0000000000000000
miniFE.c 25 Ap 0.0000000000000000
miniFE.c 33 r 198.0110999999999990
miniFE.c 33 r 229.8237000000000023
miniFE.c 33 r 210.8053999999999917
miniFE.c 33 r 202.6418999999999926
miniFE.c 33 r 157.2561000000000035
miniFE.c 33 r 225.5886000000000138
miniFE.c 33 r 142.6283999999999992
miniFE.c 33 r 185.1795999999999935
miniFE.c 48 sum 39208.3957232100001420
miniFE.c 48 sum 92027.3288048999966122
miniFE.c 48 sum 136466.2454740600078367
miniFE.c 48 sum 177529.9851096700003836
miniFE.c 48 sum 202259.4660968800017145
miniFE.c 48 sum 253149.6825468399911188
miniFE.c 48 sum 273492.5430333999684080
miniFE.c 48 sum 307784.0272895599482581
miniFE.c 75 rtrans 307784.0272895599482581
miniFE.c 76 normr 554.7828649927464539
miniFE.c 33 r 198.0110999999999990
miniFE.c 33 r 229.8237000000000023
miniFE.c 33 r 210.8053999999999917
miniFE.c 33 r 202.6418999999999926
miniFE.c 33 r 157.2561000000000035
miniFE.c 33 r 225.5886000000000138
miniFE.c 33 r 142.6283999999999992
miniFE.c 33 r 185.1795999999999935
miniFE.c 87 normr 554.7828649927464539
miniFE.c 25 Ap 13285.4973312810016068
miniFE.c 25 Ap 16752.9738962160008668
miniFE.c 25 Ap 18717.5143203662009910
miniFE.c 25 Ap 21497.0499152972006414
miniFE.c 25 Ap 23708.6069245981998392
miniFE.c 25 Ap 27330.7477216381994367
miniFE.c 25 Ap 28043.4264645949988335
miniFE.c 25 Ap 29230.0690077097970061
miniFE.c 25 Ap 2987.5023718050001662
miniFE.c 25 Ap 18256.2053009880000900
miniFE.c 25 Ap 21290.1102936259994749
miniFE.c 25 Ap 22498.6292991164009436
miniFE.c 25 Ap 24218.0061666374022025
miniFE.c 25 Ap 26395.4473404050004319
miniFE.c 25 Ap 28021.0416928490012651
miniFE.c 25 Ap 29308.7624836482027604
miniFE.c 25 Ap 1845.3076172643000064
miniFE.c 25 Ap 5152.9234129532997031
miniFE.c 25 Ap 19418.9870250392996240
miniFE.c 25 Ap 21366.8164301717988565
miniFE.c 25 Ap 24008.4327040697971825
miniFE.c 25 Ap 27657.4839652037990163
miniFE.c 25 Ap 29362.1700442997971550
miniFE.c 25 Ap 31649.3547644317950471
miniFE.c 25 Ap 2716.0172730389999742
miniFE.c 25 Ap 4086.6435322781999275
miniFE.c 25 Ap 6112.9419280231995799
miniFE.c 25 Ap 19366.0687056721981207
miniFE.c 25 Ap 19942.9016931553996983
miniFE.c 25 Ap 22443.7520980093977414
miniFE.c 25 Ap 22629.2022504265987664
miniFE.c 25 Ap 23503.4403270553993934
miniFE.c 25 Ap 2784.7112838509997346
miniFE.c 25 Ap 5297.5139884079999320
miniFE.c 25 Ap 8838.6610425799990480
miniFE.c 25 Ap 9581.9742276727993158
miniFE.c 25 Ap 20049.1383863587980159
miniFE.c 25 Ap 21061.8523085989982064
miniFE.c 25 Ap 23066.1607201429978886
miniFE.c 25 Ap 23769.7206112477979332
miniFE.c 25 Ap 3179.3454260399998930
miniFE.c 25 Ap 5397.6649115441996400
miniFE.c 25 Ap 8807.5877122702004272
miniFE.c 25 Ap 11054.0535250612010714
miniFE.c 25 Ap 11760.0087099739012046
miniFE.c 25 Ap 26753.3647406958989450
miniFE.c 25 Ap 27839.0862096834971453
miniFE.c 25 Ap 28473.5365185294976982
miniFE.c 25 Ap 989.4123599472000024
miniFE.c 25 Ap 3608.8072965641999872
miniFE.c 25 Ap 6128.3407890401995246
miniFE.c 25 Ap 6391.8224746028990921
miniFE.c 25 Ap 8601.6889808288997301
miniFE.c 25 Ap 10318.9233197042995016
miniFE.c 25 Ap 19683.6473325842962367
miniFE.c 25 Ap 20178.9207280214977800
miniFE.c 25 Ap 1268.8676034993000030
miniFE.c 25 Ap 2867.0390905766998912
miniFE.c 25 Ap 5470.7324228946999938
miniFE.c 25 Ap 6427.4105067679001877
miniFE.c 25 Ap 7024.8795832297000743
miniFE.c 25 Ap 7797.7765812907000509
miniFE.c 25 Ap 8179.2443669095000587
miniFE.c 25 Ap 20192.2487104374995397
miniFE.c 57 sum 5787878.1172925252467394
miniFE.c 57 sum 12523726.3537057451903820
miniFE.c 57 sum 19195581.2445636950433254
miniFE.c 57 sum 23958363.0489748232066631
miniFE.c 57 sum 27696296.6103892698884010
miniFE.c 57 sum 34119601.8506532162427902
miniFE.c 57 sum 36997689.0278177559375763
miniFE.c 57 sum 40736881.5671170875430107
miniFE.c 90 p_ap_dot 40736881.5671170875430107
miniFE.c 91 alpha 0.0075554145395853
miniFE.c 40 y 1.4960559439392744
miniFE.c 40 y 1.7364133245212852
miniFE.c 40 y 1.5927221841830903
miniFE.c 40 y 1.5310435575891859
miniFE.c 40 y 1.1881350243784765
miniFE.c 40 y 1.7044153884046875
miniFE.c 40 y 1.0776166871177848
miniFE.c 40 y 1.3991086422745860
miniFE.c 40 y -22.8341883739316245
miniFE.c 40 y 8.3838497937928480
miniFE.c 40 y -28.3185951556805833
miniFE.c 40 y 25.0636652226906733
miniFE.c 40 y -22.3339927081014764
miniFE.c 40 y 11.4592281944898673
miniFE.c 40 y -9.8317110616323760
miniFE.c 40 y 32.6187905062384118
miniFE.c 82 oldrtrans 307784.0272895599482581
miniFE.c 48 sum 521.4001586961941257
miniFE.c 48 sum 591.6890960610744514
miniFE.c 48 sum 1393.6319276524102406
miniFE.c 48 sum 2021.8192420475243125
miniFE.c 48 sum 2520.6264723330541528
miniFE.c 48 sum 2651.9403831464455834
miniFE.c 48 sum 2748.6029255458702210
miniFE.c 48 sum 3812.5884196357392284
miniFE.c 83 rtrans 3812.5884196357392284
miniFE.c 84 beta 0.0123872198736580
miniFE.c 40 y -20.3813813408067404
miniFE.c 40 y 11.2307264978704673
miniFE.c 40 y -25.7073023153261566
miniFE.c 40 y 27.5738349936064928
miniFE.c 40 y -20.3860268209275226
miniFE.c 40 y 14.2536437836805572
miniFE.c 40 y -8.0649417106043302
miniFE.c 40 y 34.9126509275544521
miniFE.c 87 normr 61.7461611732724549
miniFE.c 25 Ap -1367.4828704608396492
miniFE.c 25 Ap -1198.0387228878939823
miniFE.c 25 Ap -1437.6105488198115836
miniFE.c 25 Ap -1059.3943168683581462
miniFE.c 25 Ap -1346.0913703220585376
miniFE.c 25 Ap -1117.2291642737700386
miniFE.c 25 Ap -1157.5276778961156197
miniFE.c 25 Ap -933.8052112553382358
miniFE.c 25 Ap -307.5051100484887456
miniFE.c 25 Ap 438.6260616926673492
miniFE.c 25 Ap 68.6473379895627431
miniFE.c 25 Ap 233.0926163057930296
miniFE.c 25 Ap 10.1997495962316691
miniFE.c 25 Ap 147.7797108655628620
miniFE.c 25 Ap 55.8602635637039526
miniFE.c 25 Ap 298.6394166741267213
miniFE.c 25 Ap -189.9384339492035849
miniFE.c 25 Ap -28.3061551136467529
miniFE.c 25 Ap -1768.0244456582377097
miniFE.c 25 Ap -1502.9799182785682206
miniFE.c 25 Ap -1845.4280663013364574
miniFE.c 25 Ap -1614.8655430860926572
miniFE.c 25 Ap -1711.2572425147329795
miniFE.c 25 Ap -1280.0451557578503525
miniFE.c 25 Ap -279.5610133473622341
miniFE.c 25 Ap -212.5830269677383626
miniFE.c 25 Ap -459.6861156005585372
miniFE.c 25 Ap 1343.6898442391448043
miniFE.c 25 Ap 1268.9116146249787107
miniFE.c 25 Ap 1426.9259417100452083
miniFE.c 25 Ap 1416.4396383548410085
miniFE.c 25 Ap 1581.2632409380514673
miniFE.c 25 Ap -286.6317221621148974
miniFE.c 25 Ap -163.8393386177333753
miniFE.c 25 Ap -595.6752302249989270
miniFE.c 25 Ap -494.5313151989309972
miniFE.c 25 Ap -1851.4509467936613873
miniFE.c 25 Ap -1787.4633893444561181
miniFE.c 25 Ap -1900.7972731233971899
miniFE.c 25 Ap -1768.1523117736041968
miniFE.c 25 Ap -327.2516113605293526
miniFE.c 25 Ap -218.8496518298351816
miniFE.c 25 Ap -634.6830048188332967
miniFE.c 25 Ap -329.0025032015610122
miniFE.c 25 Ap -420.5195975082565951
miniFE.c 25 Ap 526.8241777703258322
miniFE.c 25 Ap 465.4319139481368666
miniFE.c 25 Ap 585.0473692338136971
miniFE.c 25 Ap -101.8407079774387540
miniFE.c 25 Ap 26.1604865166550979
miniFE.c 25 Ap -281.0916483179842089
miniFE.c 25 Ap -245.2392381227422504
miniFE.c 25 Ap -531.7171417881176012
miniFE.c 25 Ap -423.2149986858769353
miniFE.c 25 Ap -952.7445545090781707
miniFE.c 25 Ap -859.3686795822309250
miniFE.c 25 Ap -130.6051756589140780
miniFE.c 25 Ap -52.5078042039196333
miniFE.c 25 Ap -370.0230653419066016
miniFE.c 25 Ap -239.8462182697105334
miniFE.c 25 Ap -317.2996246394797026
miniFE.c 25 Ap -268.4647167946793047
miniFE.c 25 Ap -290.0348631013681029
miniFE.c 25 Ap 1974.8249121481112525
miniFE.c 57 sum 19032.2401086276477145
miniFE.c 57 sum 22386.1777187783409317
miniFE.c 57 sum 55292.6855151141644455
miniFE.c 57 sum 98894.1772021954238880
miniFE.c 57 sum 134939.7776534971198998
miniFE.c 57 sum 143278.8344511353352573
miniFE.c 57 sum 150209.5927598850394133
miniFE.c 57 sum 219155.9655607504537329
miniFE.c 90 p_ap_dot 219155.9655607504537329
miniFE.c 91 alpha 0.0173966901146430
miniFE.c 40 y 1.1414873686448934
miniFE.c 40 y 1.9317907931670470
miniFE.c 40 y 1.1455002121199178
miniFE.c 40 y 2.0107370202452559
miniFE.c 40 y 0.8334856331060005
miniFE.c 40 y 1.9523816123138851
miniFE.c 40 y 0.9373133953857429
miniFE.c 40 y 2.0064732115419526
miniFE.c 40 y -6.5890684862838071
miniFE.c 40 y 3.1885124058953291
miniFE.c 40 y -6.0500462482113875
miniFE.c 40 y -2.4450813695846065
miniFE.c 40 y 8.4260051353134706
miniFE.c 40 y 1.2813404095421141
miniFE.c 40 y 5.1184595512895896
miniFE.c 40 y -1.7366265210792733
miniFE.c 82 oldrtrans 3812.5884196357392284
miniFE.c 48 sum 43.4158235169383815
miniFE.c 48 sum 53.5824348794867973
miniFE.c 48 sum 90.1854944849834794
miniFE.c 48 sum 96.1639173888732159
miniFE.c 48 sum 167.1614799292021871
miniFE.c 48 sum 168.8033131743277409
miniFE.c 48 sum 195.0019413525153595
miniFE.c 48 sum 198.0178130262312663
miniFE.c 83 rtrans 198.0178130262312663
miniFE.c 84 beta 0.0519378939531979
miniFE.c 40 y -7.6476345089823132
miniFE.c 40 y 3.7718126877590947
miniFE.c 40 y -7.3852293896875949
miniFE.c 40 y -1.0129544518036961
miniFE.c 40 y 7.3671978361610897
miniFE.c 40 y 2.0216446488255730
miniFE.c 40 y 4.6995834639854994
miniFE.c 40 y 0.0766630404210651
miniFE.c 87 normr 14.0718802235604343
miniFE.c 25 Ap -513.1158195661607806
miniFE.c 25 Ap -456.2084070489610212
miniFE.c 25 Ap -525.0329327853197583
miniFE.c 25 Ap -538.9271123939406607
miniFE.c 25 Ap -435.3191886728944269
miniFE.c 25 Ap -402.8588535334914695
miniFE.c 25 Ap -379.3762004606550136
miniFE.c 25 Ap -378.8849388678652872
miniFE.c 25 Ap -115.3840680359961084
miniFE.c 25 Ap 135.2023050574528611
miniFE.c 25 Ap 28.9143052379506855
miniFE.c 25 Ap 22.8732312710125747
miniFE.c 25 Ap 103.4232992044418182
miniFE.c 25 Ap 122.9367511123828365
miniFE.c 25 Ap 176.4998306806458004
miniFE.c 25 Ap 177.0329379507559224
miniFE.c 25 Ap -71.2699349353565879
miniFE.c 25 Ap -16.9861198875083304
miniFE.c 25 Ap -516.7747982758717171
miniFE.c 25 Ap -526.5114937336379626
miniFE.c 25 Ap -402.7559783861934761
miniFE.c 25 Ap -370.0544812566321298
miniFE.c 25 Ap -313.8853416700852677
miniFE.c 25 Ap -312.9384634251277930
miniFE.c 25 Ap -104.8987022661108170
miniFE.c 25 Ap -82.4043054098501244
miniFE.c 25 Ap -153.3924227186705025
miniFE.c 25 Ap -219.6413760187448077
miniFE.c 25 Ap -192.6176692295482837
miniFE.c 25 Ap -170.2059390335793410
miniFE.c 25 Ap -164.0953855274510715
miniFE.c 25 Ap -163.7334571670581056
miniFE.c 25 Ap -107.5518196299669427
miniFE.c 25 Ap -66.3122907089572209
miniFE.c 25 Ap -190.3707033382195846
miniFE.c 25 Ap -194.0863337183341457
miniFE.c 25 Ap 296.2836369258216109
miniFE.c 25 Ap 305.3592182348419328
miniFE.c 25 Ap 371.4008667958523802
miniFE.c 25 Ap 371.6921355985196556
miniFE.c 25 Ap -122.7934787300236081
miniFE.c 25 Ap -86.3869393655978826
miniFE.c 25 Ap -205.8481205520736239
miniFE.c 25 Ap -217.0776221797796950
miniFE.c 25 Ap -184.0047460833004607
miniFE.c 25 Ap -49.6396319443512368
miniFE.c 25 Ap -13.8652794160457233
miniFE.c 25 Ap -13.6026214900526981
miniFE.c 25 Ap -38.2133330280263905
miniFE.c 25 Ap 4.7755626175659955
miniFE.c 25 Ap -83.4922559342167574
miniFE.c 25 Ap -84.8093327399488288
miniFE.c 25 Ap 18.7193936043586717
miniFE.c 25 Ap 34.1086358442900064
miniFE.c 25 Ap 342.6748268393426997
miniFE.c 25 Ap 342.8798665107421471
miniFE.c 25 Ap -49.0065237345327347
miniFE.c 25 Ap -22.7777079414993899
miniFE.c 25 Ap -113.9939316225271142
miniFE.c 25 Ap -118.7761179522170210
miniFE.c 25 Ap -90.7856432597724137
miniFE.c 25 Ap -83.8592157708684027
miniFE.c 25 Ap -71.2899119201817371
miniFE.c 25 Ap -66.3166133626391314
miniFE.c 57 sum 2897.5735334195405812
miniFE.c 57 sum 3565.3086149334703805
miniFE.c 57 sum 5876.4309521844006667
miniFE.c 57 sum 6042.2854865309818706
miniFE.c 57 sum 8780.6149836304903147
miniFE.c 57 sum 8753.1153166851254355
miniFE.c 57 sum 10364.5078674725646124
miniFE.c 57 sum 10359.4238342617572926
miniFE.c 90 p_ap_dot 10359.4238342617572926
miniFE.c 91 alpha 0.0191147515725080
miniFE.c 40 y 0.9953047348883577
miniFE.c 40 y 2.0038880556715957
miniFE.c 40 y 1.0043333870300550
miniFE.c 40 y 1.9913746475447622
miniFE.c 40 y 0.9743077895297378
miniFE.c 40 y 1.9910248475440759
miniFE.c 40 y 1.0271447657940920
miniFE.c 40 y 2.0079386065143945
miniFE.c 40 y 0.6532229947402994
miniFE.c 40 y -0.1954282231845852
miniFE.c 40 y -0.0683052623577041
miniFE.c 40 y 0.6846429882715803
miniFE.c 40 y 1.3212023018928285
miniFE.c 40 y 1.5413511400593294
miniFE.c 40 y -1.4356039162779348
miniFE.c 40 y -0.4690009315223653
miniFE.c 82 oldrtrans 198.0178130262312663
miniFE.c 48 sum 0.4267002808574852
miniFE.c 48 sum 0.4648924712745693
miniFE.c 48 sum 0.4695580801403241
miniFE.c 48 sum 0.9382941015297633
miniFE.c 48 sum 2.6838696240566722
miniFE.c 48 sum 5.0596329610188668
miniFE.c 48 sum 7.1205915654514111
miniFE.c 48 sum 7.3405534392202574
miniFE.c 83 rtrans 7.3405534392202574
miniFE.c 84 beta 0.0370701672088857
miniFE.c 40 y 0.3697239047398806
miniFE.c 40 y -0.0556064961687590
miniFE.c 40 y -0.3420769507094001
miniFE.c 40 y 0.6470925973682322
miniFE.c 40 y 1.5943055575402609
miniFE.c 40 y 1.6162938452282423
miniFE.c 40 y -1.2613895714558780
miniFE.c 40 y -0.4661590197952149
miniFE.c 87 normr 2.7093455739754311
miniFE.c 25 Ap 24.8065181685899212
miniFE.c 25 Ap 23.9675523773189632
miniFE.c 25 Ap 20.7796644112675644
miniFE.c 25 Ap 29.6555035521429460
miniFE.c 25 Ap 52.0768762731102299
miniFE.c 25 Ap 78.0287367696329852
miniFE.c 25 Ap 71.7258859056816789
miniFE.c 25 Ap 68.7387095388156979
miniFE.c 25 Ap 5.5782278989581862
miniFE.c 25 Ap 1.8839219116577750
miniFE.c 25 Ap -3.0392393006433895
miniFE.c 25 Ap 0.8199018850228312
miniFE.c 25 Ap 18.2514170720006028
miniFE.c 25 Ap 33.8523152003064283
miniFE.c 25 Ap 19.4757410846994858
miniFE.c 25 Ap 16.2341169446275018
miniFE.c 25 Ap 3.4455358194626573
miniFE.c 25 Ap 2.6452487947967631
miniFE.c 25 Ap -20.5044975544367425
miniFE.c 25 Ap -14.2845302673287549
miniFE.c 25 Ap 12.4969014632329021
miniFE.c 25 Ap 38.6415696525529313
miniFE.c 25 Ap 23.5655171778865622
miniFE.c 25 Ap 17.8079078773624957
miniFE.c 25 Ap 5.0713142421255260
miniFE.c 25 Ap 4.7396873305703426
miniFE.c 25 Ap 1.4515838168852149
miniFE.c 25 Ap 43.7725462131090950
miniFE.c 25 Ap 49.6206375603892127
miniFE.c 25 Ap 67.5386933362665332
miniFE.c 25 Ap 65.8985929896037419
miniFE.c 25 Ap 63.6978432046979748
miniFE.c 25 Ap 5.1995788591578851
miniFE.c 25 Ap 4.5915991165821799
miniFE.c 25 Ap -1.1546710752854503
miniFE.c 25 Ap 1.2189370462321305
miniFE.c 25 Ap 107.3379237811143980
miniFE.c 25 Ap 114.5938014251699428
miniFE.c 25 Ap 96.8679226499547781
miniFE.c 25 Ap 95.0968269720040666
miniFE.c 25 Ap 5.9364349040654201
miniFE.c 25 Ap 5.3997062117165777
miniFE.c 25 Ap -0.1336244991039583
miniFE.c 25 Ap 7.0399728551345531
miniFE.c 25 Ap 14.1971405241831956
miniFE.c 25 Ap 121.6213147589260615
miniFE.c 25 Ap 112.0193158688963422
miniFE.c 25 Ap 110.4221921356102598
miniFE.c 25 Ap 1.8474186604568081
miniFE.c 25 Ap 1.2136486249580327
miniFE.c 25 Ap -2.8748345653036749
miniFE.c 25 Ap -2.0334634161497860
miniFE.c 25 Ap 20.3707705200739362
miniFE.c 25 Ap 32.6743855641803265
miniFE.c 25 Ap -50.1461831963840012
miniFE.c 25 Ap -51.3929520658904337
miniFE.c 25 Ap 2.3692140741791539
miniFE.c 25 Ap 1.9825319492582283
miniFE.c 25 Ap -2.2425186220351927
miniFE.c 25 Ap 0.8124236487329575
miniFE.c 25 Ap 6.8697293371068575
miniFE.c 25 Ap 12.4073702505279222
miniFE.c 25 Ap 9.0337119424636043
miniFE.c 25 Ap -21.2070398983151414
miniFE.c 57 sum 25.4143440974714210
miniFE.c 57 sum 24.5116217357868074
miniFE.c 57 sum 18.4199469105847413
miniFE.c 57 sum 59.6383497166671575
miniFE.c 57 sum 211.2517494625778340
miniFE.c 57 sum 389.7264589879750929
miniFE.c 57 sum 454.5529927702211239
miniFE.c 57 sum 464.4388457019776979
miniFE.c 90 p_ap_dot 464.4388457019776979
miniFE.c 91 alpha 0.0158052098939428
miniFE.c 40 y 1.0011482988055795
miniFE.c 40 y 2.0030091833281816
miniFE.c 40 y 0.9989267890242131
miniFE.c 40 y 2.0016020818669840
miniFE.c 40 y 0.9995061235017412
miniFE.c 40 y 2.0165707110181961
miniFE.c 40 y 1.0072082388592012
miniFE.c 40 y 2.0005708653625764
miniFE.c 40 y -0.4332067373594488
miniFE.c 40 y -0.4520118489372358
miniFE.c 40 y -0.3497629841314152
miniFE.c 40 y -0.3221147933701274
miniFE.c 40 y -0.1818230086476540
miniFE.c 40 y -0.2038947835932676
miniFE.c 40 y -0.6233275218071967
miniFE.c 40 y -0.1338192147002757
miniFE.c 82 oldrtrans 7.3405534392202574
miniFE.c 48 sum 0.1876680772936185
miniFE.c 48 sum 0.3919827888732769
miniFE.c 48 sum 0.5143169339417896
miniFE.c 48 sum 0.6180748740496694
miniFE.c 48 sum 0.6511344805233543
miniFE.c 48 sum 0.6927075632998998
miniFE.c 48 sum 1.0812447627422013
miniFE.c 48 sum 1.0991523449651999
miniFE.c 83 rtrans 1.0991523449651999
miniFE.c 84 beta 0.1497369856464060
miniFE.c 40 y -0.3778453943422801
miniFE.c 40 y -0.4603381980559042
miniFE.c 40 y -0.4009845555897550
miniFE.c 40 y -0.2252210984061048
miniFE.c 40 y 0.0569034997377374
miniFE.c 40 y 0.0381241847100481
miniFE.c 40 y -0.8122041939628117
miniFE.c 40 y -0.2036204611562945
miniFE.c 87 normr 1.0484046666078894
miniFE.c 25 Ap -25.3514271582309298
miniFE.c 25 Ap -32.2968027383092888
miniFE.c 25 Ap -36.0336632215605590
miniFE.c 25 Ap -39.1229061656369126
miniFE.c 25 Ap -38.3226489183902217
miniFE.c 25 Ap -37.7105117590118084
miniFE.c 25 Ap -41.7688946896038757
miniFE.c 25 Ap -43.0737074327824629
miniFE.c 25 Ap -5.7007612794088693
miniFE.c 25 Ap -36.2840614049877672
miniFE.c 25 Ap -42.0550190994988498
miniFE.c 25 Ap -43.3981962897107536
miniFE.c 25 Ap -42.7760356159432291
miniFE.c 25 Ap -42.4080508440887129
miniFE.c 25 Ap -51.6650750464024071
miniFE.c 25 Ap -53.0810317784780850
miniFE.c 25 Ap -3.5212217109447033
miniFE.c 25 Ap -10.1463952472193348
miniFE.c 25 Ap -37.2826601508104147
miniFE.c 25 Ap -39.4475247623821161
miniFE.c 25 Ap -38.4916495311576483
miniFE.c 25 Ap -37.8749645377851678
miniFE.c 25 Ap -47.5823803317770597
miniFE.c 25 Ap -50.0973312629968532
miniFE.c 25 Ap -5.1827125730419423
miniFE.c 25 Ap -7.9280848840189124
miniFE.c 25 Ap -11.7824186046448656
miniFE.c 25 Ap -26.5122635684823962
miniFE.c 25 Ap -26.3035351582524051
miniFE.c 25 Ap -25.8808946402171287
miniFE.c 25 Ap -26.9369493359459788
miniFE.c 25 Ap -27.8982472344377577
miniFE.c 25 Ap -5.3137946972471655
miniFE.c 25 Ap -10.3469530228931799
miniFE.c 25 Ap -17.0827637649098918
miniFE.c 25 Ap -17.9088999786265042
miniFE.c 25 Ap -14.1213313376730358
miniFE.c 25 Ap -13.9501839808033949
miniFE.c 25 Ap -25.3638133691368424
miniFE.c 25 Ap -26.1374363247854760
miniFE.c 25 Ap -6.0668367897173869
miniFE.c 25 Ap -10.5101435273136570
miniFE.c 25 Ap -16.9963453933212989
miniFE.c 25 Ap -19.4931217159305525
miniFE.c 25 Ap -19.2376701265834029
miniFE.c 25 Ap -16.7038121446696088
miniFE.c 25 Ap -22.8865045859168887
miniFE.c 25 Ap -23.5841357746006111
miniFE.c 25 Ap -1.8879997298705771
miniFE.c 25 Ap -7.1346629117749201
miniFE.c 25 Ap -11.9272062611103369
miniFE.c 25 Ap -12.2200461655542014
miniFE.c 25 Ap -11.4204006309296897
miniFE.c 25 Ap -11.1301902252366585
miniFE.c 25 Ap -64.4580556332857384
miniFE.c 25 Ap -65.0026501630145361
miniFE.c 25 Ap -2.4212570912051747
miniFE.c 25 Ap -5.6224038073425238
miniFE.c 25 Ap -10.5750322208060368
miniFE.c 25 Ap -11.6383073325720137
miniFE.c 25 Ap -11.4221117036854380
miniFE.c 25 Ap -11.2914931001038781
miniFE.c 25 Ap -13.4637795124964743
miniFE.c 25 Ap -26.6730827203106209
miniFE.c 57 sum 16.2752019707236926
miniFE.c 57 sum 40.7104284905764828
miniFE.c 57 sum 60.7986846033020143
miniFE.c 57 sum 67.0819584890471674
miniFE.c 57 sum 65.5946468879946138
miniFE.c 57 sum 64.6955209394968875
miniFE.c 57 sum 117.4909460205947482
miniFE.c 57 sum 122.9221314245643839
miniFE.c 90 p_ap_dot 122.9221314245643839
miniFE.c 91 alpha 0.0089418588192943
miniFE.c 40 y 0.9977696586338503
miniFE.c 40 y 1.9988929041520374
miniFE.c 40 y 0.9953412417394120
miniFE.c 40 y 1.9995881866019101
miniFE.c 40 y 1.0000149465627197
miniFE.c 40 y 2.0169116120954742
miniFE.c 40 y 0.9999456236243469
miniFE.c 40 y 1.9987501199461972
miniFE.c 40 y -0.0480477266719184
miniFE.c 40 y 0.0226312432083920
miniFE.c 40 y 0.0982002792457237
miniFE.c 40 y -0.0726526052940160
miniFE.c 40 y 0.0518942568668735
miniFE.c 40 y 0.0069912288782802
miniFE.c 40 y -0.0420830011695400
miniFE.c 40 y 0.1046877252601014
miniFE.c 82 oldrtrans 1.0991523449651999
miniFE.c 48 sum 0.0023085840383394
miniFE.c 48 sum 0.0028207572074968
miniFE.c 48 sum 0.0124640520514349
miniFE.c 48 sum 0.0177424531074430
miniFE.c 48 sum 0.0204354670032080
miniFE.c 48 sum 0.0204843442844365
miniFE.c 48 sum 0.0222553232718720
miniFE.c 48 sum 0.0332148430920065
miniFE.c 83 rtrans 0.0332148430920065
miniFE.c 84 beta 0.0302185982172090
miniFE.c 40 y -0.0594656848317707
miniFE.c 40 y 0.0087204681573067
miniFE.c 40 y 0.0860830880690508
miniFE.c 40 y -0.0794584711767885
miniFE.c 40 y 0.0536138008626012
miniFE.c 40 y 0.0081432882983918
miniFE.c 40 y -0.0666266733772343
miniFE.c 40 y 0.0985346003556166
miniFE.c 87 normr 0.1822493980566369
miniFE.c 25 Ap -3.9898328787390533
miniFE.c 25 Ap -3.8582623793922806
miniFE.c 25 Ap -3.0560357459790382
miniFE.c 25 Ap -4.1459270712907461
miniFE.c 25 Ap -3.3919342081016319
miniFE.c 25 Ap -3.2611823138673341
miniFE.c 25 Ap -3.5940992773183762
miniFE.c 25 Ap -2.9626833505597627
miniFE.c 25 Ap -0.8971914931835818
miniFE.c 25 Ap -0.3178333256085412
miniFE.c 25 Ap 0.9210718953885954
miniFE.c 25 Ap 0.4471961936489251
miniFE.c 25 Ap 1.0333885828982703
miniFE.c 25 Ap 1.1119897676690353
miniFE.c 25 Ap 0.3526182542526114
miniFE.c 25 Ap 1.0378182087347343
miniFE.c 25 Ap -0.5541733831381401
miniFE.c 25 Ap -0.4286686670322268
miniFE.c 25 Ap 5.3969259824306404
miniFE.c 25 Ap 4.6331572522468933
miniFE.c 25 Ap 5.5337715296210233
miniFE.c 25 Ap 5.6654948367164364
miniFE.c 25 Ap 4.8691768341121344
miniFE.c 25 Ap 6.0861944339864156
miniFE.c 25 Ap -0.8156604713381344
miniFE.c 25 Ap -0.7636532038140982
miniFE.c 25 Ap 0.0637925032460298
miniFE.c 25 Ap -5.1329273857016515
miniFE.c 25 Ap -4.9362659593919336
miniFE.c 25 Ap -4.8459903610776749
miniFE.c 25 Ap -4.9326205604829765
miniFE.c 25 Ap -4.4674359532353005
miniFE.c 25 Ap -0.8362903067199722
miniFE.c 25 Ap -0.7409441088705621
miniFE.c 25 Ap 0.7050950994692048
miniFE.c 25 Ap 0.4136325278439727
miniFE.c 25 Ap 3.9822346666477957
miniFE.c 25 Ap 4.0187915734799544
miniFE.c 25 Ap 3.0825095855786291
miniFE.c 25 Ap 3.4568758370245365
miniFE.c 25 Ap -0.9548048219328428
miniFE.c 25 Ap -0.8706325436339887
miniFE.c 25 Ap 0.5218208032136750
miniFE.c 25 Ap -0.3590470678203732
miniFE.c 25 Ap -0.1183636176913778
miniFE.c 25 Ap 0.4228659511724764
miniFE.c 25 Ap -0.0843122103499683
miniFE.c 25 Ap 0.2532806326394221
miniFE.c 25 Ap -0.2971352796145198
miniFE.c 25 Ap -0.1977445286337509
miniFE.c 25 Ap 0.8311153749822595
miniFE.c 25 Ap 0.7278008486286502
miniFE.c 25 Ap 1.4812173634584918
miniFE.c 25 Ap 1.5432060202317535
miniFE.c 25 Ap -2.8313814257053709
miniFE.c 25 Ap -2.5678450205820540
miniFE.c 25 Ap -0.3810598547401310
miniFE.c 25 Ap -0.3204185737800996
miniFE.c 25 Ap 0.7428082810857178
miniFE.c 25 Ap 0.3676826138229063
miniFE.c 25 Ap 0.5713795647646198
miniFE.c 25 Ap 0.5992795698188303
miniFE.c 25 Ap 0.4210827341510347
miniFE.c 25 Ap 6.8132370646486571
miniFE.c 57 sum 0.1761779943807212
miniFE.c 57 sum 0.1852282550230656
miniFE.c 57 sum 0.7091466664892847
miniFE.c 57 sum 1.0641222974135807
miniFE.c 57 sum 1.2494585501465520
miniFE.c 57 sum 1.2515210873585338
miniFE.c 57 sum 1.4226080588282120
miniFE.c 57 sum 2.0939476501214416
miniFE.c 90 p_ap_dot 2.0939476501214416
miniFE.c 91 alpha 0.0158623082530646
miniFE.c 40 y 0.9968263956105691
miniFE.c 40 y 1.9990312309060596
miniFE.c 40 y 0.9967067182177389
miniFE.c 40 y 1.9983277918387865
miniFE.c 40 y 1.0008653851986207
miniFE.c 40 y 2.0170407834446569
miniFE.c 40 y 0.9988887707933610
miniFE.c 40 y 2.0003131061506307
miniFE.c 40 y -0.0010527301091173
miniFE.c 40 y 0.0061690508707984
miniFE.c 40 y 0.0016591870457454
miniFE.c 40 y -0.0017887591029743
miniFE.c 40 y -0.0029397732525803
miniFE.c 40 y 0.0029736134088225
miniFE.c 40 y -0.0013510519069706
miniFE.c 40 y -0.0033859412605603
miniFE.c 82 oldrtrans 0.0332148430920065
miniFE.c 48 sum 0.0000011082406826
miniFE.c 48 sum 0.0000391654293291
miniFE.c 48 sum 0.0000419183309819
miniFE.c 48 sum 0.0000451179901104
miniFE.c 48 sum 0.0000537602568870
miniFE.c 48 sum 0.0000626026335921
miniFE.c 48 sum 0.0000644279748474
miniFE.c 48 sum 0.0000758925730674
miniFE.c 83 rtrans 0.0000758925730674
miniFE.c 84 beta 0.0022848993402488
miniFE.c 40 y -0.0011886032131569
miniFE.c 40 y 0.0061889762627377
miniFE.c 40 y 0.0018558782368809
miniFE.c 40 y -0.0019703137113433
miniFE.c 40 y -0.0028172711143611
miniFE.c 40 y 0.0029922200028829
miniFE.c 40 y -0.0015032871490132
miniFE.c 40 y -0.0031607996172161
miniFE.c 87 normr 0.0087116343511073
miniFE.c 25 Ap -0.0797489878918301
miniFE.c 25 Ap 0.0136275009210379
miniFE.c 25 Ap 0.0309228255125957
miniFE.c 25 Ap 0.0038970371940918
miniFE.c 25 Ap -0.0357234015683254
miniFE.c 25 Ap 0.0123208796859639
miniFE.c 25 Ap 0.0048093266175580
miniFE.c 25 Ap -0.0154452764599384
miniFE.c 25 Ap -0.0179331104086653
miniFE.c 25 Ap 0.3932413680785707
miniFE.c 25 Ap 0.4199511119874138
miniFE.c 25 Ap 0.4082005235506850
miniFE.c 25 Ap 0.3773975799219952
miniFE.c 25 Ap 0.4062792833203419
miniFE.c 25 Ap 0.3891457033353077
miniFE.c 25 Ap 0.3671658125555497
miniFE.c 25 Ap -0.0110768465158935
miniFE.c 25 Ap 0.0779947141881394
miniFE.c 25 Ap 0.2035895850198604
miniFE.c 25 Ap 0.1846505848215286
miniFE.c 25 Ap 0.1373255575336901
miniFE.c 25 Ap 0.1857267807121233
miniFE.c 25 Ap 0.1677595829043468
miniFE.c 25 Ap 0.1287200094961763
miniFE.c 25 Ap -0.0163034640872344
miniFE.c 25 Ap 0.0206064515721008
miniFE.c 25 Ap 0.0384454779636917
miniFE.c 25 Ap -0.0904164079946094
miniFE.c 25 Ap -0.1007504739764508
miniFE.c 25 Ap -0.0675790521686911
miniFE.c 25 Ap -0.0695336757283139
miniFE.c 25 Ap -0.0844558992235802
miniFE.c 25 Ap -0.0167158143139428
miniFE.c 25 Ap 0.0509520384420886
miniFE.c 25 Ap 0.0821274151232970
miniFE.c 25 Ap 0.0749000837549539
miniFE.c 25 Ap -0.1126210313785257
miniFE.c 25 Ap -0.0991883363960437
miniFE.c 25 Ap -0.1203135195834951
miniFE.c 25 Ap -0.1323224656795695
miniFE.c 25 Ap -0.0190846886317324
miniFE.c 25 Ap 0.0406529565238977
miniFE.c 25 Ap 0.0706730675614300
miniFE.c 25 Ap 0.0488303864919860
miniFE.c 25 Ap 0.0361830732844983
miniFE.c 25 Ap 0.2350557992355066
miniFE.c 25 Ap 0.2236124181715897
miniFE.c 25 Ap 0.2127830919750591
miniFE.c 25 Ap -0.0059391554825481
miniFE.c 25 Ap 0.0645991444641410
miniFE.c 25 Ap 0.0867804897986476
miniFE.c 25 Ap 0.0842186228908065
miniFE.c 25 Ap 0.0446284697928687
miniFE.c 25 Ap 0.0674059635953942
miniFE.c 25 Ap -0.0312971646919425
miniFE.c 25 Ap -0.0397509034337651
miniFE.c 25 Ap -0.0076166442719118
miniFE.c 25 Ap 0.0354208901394923
miniFE.c 25 Ap 0.0583431577425089
miniFE.c 25 Ap 0.0490412515424730
miniFE.c 25 Ap 0.0383374863413785
miniFE.c 25 Ap 0.0485892360209558
miniFE.c 25 Ap 0.0445686088535526
miniFE.c 25 Ap -0.1604793528584188
miniFE.c 57 sum 0.0000183583052284
miniFE.c 57 sum 0.0022907388036235
miniFE.c 57 sum 0.0025296274678985
miniFE.c 57 sum 0.0026960320841426
miniFE.c 57 sum 0.0030688203444827
miniFE.c 57 sum 0.0037055141685657
miniFE.c 57 sum 0.0037652711908594
miniFE.c 57 sum 0.0042725142679453
miniFE.c 90 p_ap_dot 0.0042725142679453
miniFE.c 91 alpha 0.0177629770921488
miniFE.c 40 y 0.9968052824789221
miniFE.c 40 y 1.9991411655496385
miniFE.c 40 y 0.9967396841403464
miniFE.c 40 y 1.9982927932014676
miniFE.c 40 y 1.0008153420763539
miniFE.c 40 y 2.0170939341800227
miniFE.c 40 y 0.9988620679381702
miniFE.c 40 y 2.0002569609394372
miniFE.c 40 y -0.0007783760171776
miniFE.c 40 y -0.0003529070466460
miniFE.c 40 y -0.0006272635342364
miniFE.c 40 y -0.0002885708997690
miniFE.c 40 y -0.0005893323259375
miniFE.c 40 y -0.0008060477795271
miniFE.c 40 y -0.0006449575198844
miniFE.c 40 y -0.0005353501919733
