filename line variable value
miniFE.c 167 A 67.0947100000000063
miniFE.c 167 A 15.0875500000000002
miniFE.c 167 A 9.3192129999999995
miniFE.c 167 A 13.7164900000000003
miniFE.c 167 A 14.0634099999999993
miniFE.c 167 A 16.0564000000000000
miniFE.c 167 A 4.9967519999999999
miniFE.c 167 A 6.4080630000000003
miniFE.c 167 A 15.0875500000000002
miniFE.c 167 A 66.4365899999999954
miniFE.c 167 A 14.3919700000000006
miniFE.c 167 A 5.9638159999999996
miniFE.c 167 A 10.9336099999999998
miniFE.c 167 A 9.6522659999999991
miniFE.c 167 A 11.3974100000000007
miniFE.c 167 A 6.9539020000000002
miniFE.c 167 A 9.3192129999999995
miniFE.c 167 A 14.3919700000000006
miniFE.c 167 A 67.6740900000000067
miniFE.c 167 A 9.6121750000000006
miniFE.c 167 A 16.7981799999999986
miniFE.c 167 A 16.1756899999999995
miniFE.c 167 A 11.9519400000000005
miniFE.c 167 A 12.3511699999999998
miniFE.c 167 A 13.7164900000000003
miniFE.c 167 A 5.9638159999999996
miniFE.c 167 A 9.6121750000000006
miniFE.c 167 A 65.4017099999999942
miniFE.c 167 A 3.6681119999999998
miniFE.c 167 A 11.0858899999999991
miniFE.c 167 A 1.3002330000000000
miniFE.c 167 A 4.7210279999999996
miniFE.c 167 A 14.0634099999999993
miniFE.c 167 A 10.9336099999999998
miniFE.c 167 A 16.7981799999999986
miniFE.c 167 A 3.6681119999999998
miniFE.c 167 A 66.5612600000000043
miniFE.c 167 A 4.4892070000000004
miniFE.c 167 A 14.0526599999999995
miniFE.c 167 A 3.7993380000000001
miniFE.c 167 A 16.0564000000000000
miniFE.c 167 A 9.6522659999999991
miniFE.c 167 A 16.1756899999999995
miniFE.c 167 A 11.0858899999999991
miniFE.c 167 A 4.4892070000000004
miniFE.c 167 A 66.4632699999999943
miniFE.c 167 A 7.6122389999999998
miniFE.c 167 A 3.4261349999999999
miniFE.c 167 A 4.9967519999999999
miniFE.c 167 A 11.3974100000000007
miniFE.c 167 A 11.9519400000000005
miniFE.c 167 A 1.3002330000000000
miniFE.c 167 A 14.0526599999999995
miniFE.c 167 A 7.6122389999999998
miniFE.c 167 A 65.6581999999999937
miniFE.c 167 A 2.6745570000000001
miniFE.c 167 A 6.4080630000000003
miniFE.c 167 A 6.9539020000000002
miniFE.c 167 A 12.3511699999999998
miniFE.c 167 A 4.7210279999999996
miniFE.c 167 A 3.7993380000000001
miniFE.c 167 A 3.4261349999999999
miniFE.c 167 A 2.6745570000000001
miniFE.c 167 A 64.8721800000000002
miniFE.c 175 b 198.0110999999999990
miniFE.c 175 b 229.8237000000000023
miniFE.c 175 b 210.8053999999999917
miniFE.c 175 b 202.6418999999999926
miniFE.c 175 b 157.2561000000000035
miniFE.c 175 b 225.5886000000000138
miniFE.c 175 b 142.6283999999999992
miniFE.c 175 b 185.1795999999999935
miniFE.c 33 r 0.0000000000000000
miniFE.c 33 r 0.0000000000000000
miniFE.c 33 r 0.0000000000000000
miniFE.c 33 r 0.0000000000000000
miniFE.c 33 r 0.0000000000000000
miniFE.c 33 r 0.0000000000000000
miniFE.c 33 r 0.0000000000000000
miniFE.c 33 r 0.0000000000000000
miniFE.c 25 Ap 0.0000000000000000
miniFE.c 25 Ap 0.0000000000000000
miniFE.c 25 Ap 0.0000000000000000
miniFE.c 25 Ap 0.0000000000000000
miniFE.c 25 Ap 0.0000000000000000
miniFE.c 25 Ap 0.0000000000000000
miniFE.c 25 Ap 0.0000000000000000
miniFE.c 25 Ap 0.0000000000000000
miniFE.c 25 Ap 0.0000000000000000
miniFE.c 25 Ap 0.0000000000000000
miniFE.c 25 Ap 0.0000000000000000
miniFE.c 25 Ap 0.0000000000000000
miniFE.c 25 Ap 0.0000000000000000
miniFE.c 25 Ap 0.0000000000000000
miniFE.c 25 Ap 0.0000000000000000
miniFE.c 25 Ap 0.0000000000000000
miniFE.c 25 Ap 0.0000000000000000
miniFE.c 25 Ap 0.0000000000000000
miniFE.c 25 Ap 0.0000000000000000
miniFE.c 25 Ap 0.0000000000000000
miniFE.c 25 Ap 0.0000000000000000
miniFE.c 25 Ap 0.0000000000000000
miniFE.c 25 Ap 0.0000000000000000
miniFE.c 25 Ap 0.0000000000000000
miniFE.c 25 Ap 0.0000000000000000
miniFE.c 25 Ap 0.0000000000000000
miniFE.c 25 Ap 0.0000000000000000
miniFE.c 25 Ap 0.0000000000000000
miniFE.c 25 Ap 0.0000000000000000
miniFE.c 25 Ap 0.0000000000000000
miniFE.c 25 Ap 0.0000000000000000
miniFE.c 25 Ap 0.0000000000000000
miniFE.c 25 Ap 0.0000000000000000
miniFE.c 25 Ap 0.0000000000000000
miniFE.c 25 Ap 0.0000000000000000
miniFE.c 25 Ap 0.0000000000000000
miniFE.c 25 Ap 0.0000000000000000
miniFE.c 25 Ap 0.0000000000000000
miniFE.c 25 Ap 0.0000000000000000
miniFE.c 25 Ap 0.0000000000000000
miniFE.c 25 Ap 0.0000000000000000
miniFE.c 25 Ap 0.0000000000000000
miniFE.c 25 Ap 0.0000000000000000
miniFE.c 25 Ap 0.0000000000000000
miniFE.c 25 Ap 0.0000000000000000
miniFE.c 25 Ap 0.0000000000000000
miniFE.c 25 Ap 0.0000000000000000
miniFE.c 25 Ap 0.0000000000000000
miniFE.c 25 Ap 0.0000000000000000
miniFE.c 25 Ap 0.0000000000000000
miniFE.c 25 Ap 0.0000000000000000
miniFE.c 25 Ap 0.0000000000000000
miniFE.c 25 Ap 0.0000000000000000
miniFE.c 25 Ap 0.0000000000000000
miniFE.c 25 Ap 0.0000000000000000
miniFE.c 25 Ap 0.0000000000000000
miniFE.c 25 Ap 0.0000000000000000
miniFE.c 25 Ap 0.0000000000000000
miniFE.c 25 Ap 0.0000000000000000
miniFE.c 25 Ap 0.0000000000000000
miniFE.c 25 Ap 0.0000000000000000
miniFE.c 25 Ap 0.0000000000000000
miniFE.c 25 Ap 0.0000000000000000
miniFE.c 25 Ap 0.0000000000000000
miniFE.c 33 r 198.0110999999999990
miniFE.c 33 r 229.8237000000000023
miniFE.c 33 r 210.8053999999999917
miniFE.c 33 r 202.6418999999999926
miniFE.c 33 r 157.2561000000000035
miniFE.c 33 r 225.5886000000000138
miniFE.c 33 r 142.6283999999999992
miniFE.c 33 r 185.1795999999999935
miniFE.c 48 sum 39208.3957232100001420
miniFE.c 48 sum 92027.3288048999966122
miniFE.c 48 sum 136466.2454740600078367
miniFE.c 48 sum 177529.9851096700003836
miniFE.c 48 sum 202259.4660968800017145
miniFE.c 48 sum 253149.6825468399911188
miniFE.c 48 sum 273492.5430333999684080
miniFE.c 48 sum 307784.0272895599482581
miniFE.c 75 rtrans 307784.0272895599482581
miniFE.c 76 normr 554.7828649927464539
miniFE.c 33 r 198.0110999999999990
miniFE.c 33 r 229.8237000000000023
miniFE.c 33 r 210.8053999999999917
miniFE.c 33 r 202.6418999999999926
miniFE.c 33 r 157.2561000000000035
miniFE.c 33 r 225.5886000000000138
miniFE.c 33 r 142.6283999999999992
miniFE.c 33 r 185.1795999999999935
miniFE.c 87 normr 554.7828649927464539
miniFE.c 25 Ap 13285.4973312810016068
miniFE.c 25 Ap 16752.9738962160008668
miniFE.c 25 Ap 18717.5143203662009910
miniFE.c 25 Ap 21497.0499152972006414
miniFE.c 25 Ap 23708.6069245981998392
miniFE.c 25 Ap 27330.7477216381994367
miniFE.c 25 Ap 28043.4264645949988335
miniFE.c 25 Ap 29230.0690077097970061
miniFE.c 25 Ap 2987.5023718050001662
miniFE.c 25 Ap 18256.2053009880000900
miniFE.c 25 Ap 21290.1102936259994749
miniFE.c 25 Ap 22498.6292991164009436
miniFE.c 25 Ap 24218.0061666374022025
miniFE.c 25 Ap 26395.4473404050004319
miniFE.c 25 Ap 28021.0416928490012651
miniFE.c 25 Ap 29308.7624836482027604
miniFE.c 25 Ap 1845.3076172643000064
miniFE.c 25 Ap 5152.9234129532997031
miniFE.c 25 Ap 19418.9870250392996240
miniFE.c 25 Ap 21366.8164301717988565
miniFE.c 25 Ap 24008.4327040697971825
miniFE.c 25 Ap 27657.4839652037990163
miniFE.c 25 Ap 29362.1700442997971550
miniFE.c 25 Ap 31649.3547644317950471
miniFE.c 25 Ap 2716.0172730389999742
miniFE.c 25 Ap 4086.6435322781999275
miniFE.c 25 Ap 6112.9419280231995799
miniFE.c 25 Ap 19366.0687056721981207
miniFE.c 25 Ap 19942.9016931553996983
miniFE.c 25 Ap 22443.7520980093977414
miniFE.c 25 Ap 22629.2022504265987664
miniFE.c 25 Ap 23503.4403270553993934
miniFE.c 25 Ap 2784.7112838509997346
miniFE.c 25 Ap 5297.5139884079999320
miniFE.c 25 Ap 8838.6610425799990480
miniFE.c 25 Ap 9581.9742276727993158
miniFE.c 25 Ap 20049.1383863587980159
miniFE.c 25 Ap 21061.8523085989982064
miniFE.c 25 Ap 23066.1607201429978886
miniFE.c 25 Ap 23769.7206112477979332
miniFE.c 25 Ap 3179.3454260399998930
miniFE.c 25 Ap 5397.6649115441996400
miniFE.c 25 Ap 8807.5877122702004272
miniFE.c 25 Ap 11054.0535250612010714
miniFE.c 25 Ap 11760.0087099739012046
miniFE.c 25 Ap 26753.3647406958989450
miniFE.c 25 Ap 27839.0862096834971453
miniFE.c 25 Ap 28473.5365185294976982
miniFE.c 25 Ap 989.4123599472000024
miniFE.c 25 Ap 3608.8072965641999872
miniFE.c 25 Ap 6128.3407890401995246
miniFE.c 25 Ap 6391.8224746028990921
miniFE.c 25 Ap 8601.6889808288997301
miniFE.c 25 Ap 10318.9233197042995016
miniFE.c 25 Ap 19683.6473325842962367
miniFE.c 25 Ap 20178.9207280214977800
miniFE.c 25 Ap 1268.8676034993000030
miniFE.c 25 Ap 2867.0390905766998912
miniFE.c 25 Ap 5470.7324228946999938
miniFE.c 25 Ap 6427.4105067679001877
miniFE.c 25 Ap 7024.8795832297000743
miniFE.c 25 Ap 30.4600647706667971
miniFE.c 25 Ap 411.9278503894668120
miniFE.c 25 Ap 12424.9321939174678846
miniFE.c 57 sum 5787878.1172925252467394
miniFE.c 57 sum 12523726.3537057451903820
miniFE.c 57 sum 19195581.2445636950433254
miniFE.c 57 sum 23958363.0489748232066631
miniFE.c 57 sum 27696296.6103892698884010
miniFE.c 57 sum 34119601.8506532162427902
miniFE.c 57 sum 36997689.0278177559375763
miniFE.c 57 sum 39298533.0015145167708397
miniFE.c 90 p_ap_dot 39298533.0015145167708397
miniFE.c 91 alpha 0.0078319469909398
miniFE.c 40 y 1.5508124388176794
miniFE.c 40 y 1.7999670356616508
miniFE.c 40 y 1.6510167182038604
miniFE.c 40 y 1.5870806189433235
miniFE.c 40 y 1.2316214392019280
miniFE.c 40 y 1.7667979569603218
miniFE.c 40 y 1.1170580682025579
miniFE.c 40 y 1.4503168110034355
miniFE.c 40 y -30.9172510098954092
miniFE.c 40 y 0.2790258580222087
miniFE.c 40 y -37.0706688124777770
miniFE.c 40 y 18.5642012537853418
miniFE.c 40 y -28.9070918167418824
miniFE.c 40 y 2.5853713422884539
miniFE.c 40 y -15.4118374762406916
miniFE.c 40 y 87.8681896912170544
miniFE.c 82 oldrtrans 307784.0272895599482581
miniFE.c 48 sum 955.8764100088786790
miniFE.c 48 sum 955.9542654383236595
miniFE.c 48 sum 2330.1887516427359515
miniFE.c 48 sum 2674.8183198337810609
miniFE.c 48 sum 3510.4382771353266435
miniFE.c 48 sum 3517.1224221128532008
miniFE.c 48 sum 3754.6471565069100507
miniFE.c 48 sum 11475.4659161186136771
miniFE.c 83 rtrans 11475.4659161186136771
miniFE.c 84 beta 0.0372841502438417
miniFE.c 40 y -23.5345754075470524
miniFE.c 40 y 8.8478072184178007
miniFE.c 40 y -29.2109686066646397
miniFE.c 40 y 26.1195322990828771
miniFE.c 40 y -23.0439317575812943
miniFE.c 40 y 10.9962505979863518
miniFE.c 40 y -10.0940587816019463
miniFE.c 40 y 94.7724537197115495
miniFE.c 87 normr 107.1236011162741590
miniFE.c 25 Ap -1579.0455119425014345
miniFE.c 25 Ap -1445.5537781442619689
miniFE.c 25 Ap -1717.7770165260828890
miniFE.c 25 Ap -1359.5087129410355828
miniFE.c 25 Ap -1683.5849732599219806
miniFE.c 25 Ap -1507.0247751584138314
miniFE.c 25 Ap -1557.4622835635009324
miniFE.c 25 Ap -950.1544294630049308
miniFE.c 25 Ap -355.0790831901365436
miniFE.c 25 Ap 232.7390573789273276
miniFE.c 25 Ap -187.6643264791320007
miniFE.c 25 Ap -31.8922418413447701
miniFE.c 25 Ap -283.8456045453531829
miniFE.c 25 Ap -177.7068687709298729
miniFE.c 25 Ap -292.7529952689477000
miniFE.c 25 Ap 366.2853601974618982
miniFE.c 25 Ap -219.3237210874927712
miniFE.c 25 Ap -91.9863450342403297
miniFE.c 25 Ap -2068.8120635088380368
miniFE.c 25 Ap -1817.7465481319011360
miniFE.c 25 Ap -2204.8426617034679111
miniFE.c 25 Ap -2026.9707208681261363
miniFE.c 25 Ap -2147.6143057823055642
miniFE.c 25 Ap -977.0636185730159013
miniFE.c 25 Ap -322.8117682318650736
miniFE.c 25 Ap -270.0450739777494960
miniFE.c 25 Ap -550.8260161445161884
miniFE.c 25 Ap 1157.4360606157351867
miniFE.c 25 Ap 1072.9083380085701265
miniFE.c 25 Ap 1194.8115625502809962
miniFE.c 25 Ap 1181.6869342185023015
miniFE.c 25 Ap 1629.1103418579646132
miniFE.c 25 Ap -330.9763831322512715
miniFE.c 25 Ap -234.2379096508862233
miniFE.c 25 Ap -724.9290182799879858
miniFE.c 25 Ap -629.1196484193344531
miniFE.c 25 Ap -2162.9527815579599519
miniFE.c 25 Ap -2113.5883363997254492
miniFE.c 25 Ap -2255.4367124775917546
miniFE.c 25 Ap -1895.3641277070503293
miniFE.c 25 Ap -377.8805565737384882
miniFE.c 25 Ap -292.4791677848497784
miniFE.c 25 Ap -764.9867405659888391
miniFE.c 25 Ap -475.4284786469090136
miniFE.c 25 Ap -578.8774584005652741
miniFE.c 25 Ap 151.9693140810629757
miniFE.c 25 Ap 75.1309261554601591
miniFE.c 25 Ap 399.8341468804440524
miniFE.c 25 Ap -117.5964367368115404
miniFE.c 25 Ap -16.7543502675443108
miniFE.c 25 Ap -365.8820943962837191
miniFE.c 25 Ap -331.9206165564502840
miniFE.c 25 Ap -655.7491546089426038
miniFE.c 25 Ap -572.0430669531775720
miniFE.c 25 Ap -1234.8007972473544669
miniFE.c 25 Ap -981.3264677441238746
miniFE.c 25 Ap -150.8110418898122020
miniFE.c 25 Ap -89.2842575780422152
miniFE.c 25 Ap -450.0738967036203348
miniFE.c 25 Ap -326.7628533727457238
miniFE.c 25 Ap -414.3145389687311422
miniFE.c 25 Ap -376.6398999261991776
miniFE.c 25 Ap -403.6370354989441580
miniFE.c 25 Ap 5744.4586412478529382
miniFE.c 57 sum 22361.4810690119375067
miniFE.c 57 sum 25602.3033229678039788
miniFE.c 57 sum 54143.2780118183291052
miniFE.c 57 sum 96694.8782047473941930
miniFE.c 57 sum 140371.5198193962569349
miniFE.c 57 sum 144768.1962961257086135
miniFE.c 57 sum 154673.7633454767055809
miniFE.c 57 sum 699090.2040679359342903
miniFE.c 90 p_ap_dot 699090.2040679359342903
miniFE.c 91 alpha 0.0164148572664071
miniFE.c 40 y 1.1644957426772988
miniFE.c 40 y 1.9452025282726659
miniFE.c 40 y 1.1715228379119602
miniFE.c 40 y 2.0158290134980801
miniFE.c 40 y 0.8533585885444043
miniFE.c 40 y 1.9472998409919120
miniFE.c 40 y 0.9513655340638383
miniFE.c 40 y 3.0059931115996776
miniFE.c 40 y -15.3206016692156641
miniFE.c 40 y -5.7334960483936586
miniFE.c 40 y -21.0323089734024435
miniFE.c 40 y -8.1774124790408997
miniFE.c 40 y 2.2050398074376396
miniFE.c 40 y -3.9778491089897061
miniFE.c 40 y 0.6964964235266002
miniFE.c 40 y -6.4262789776455946
miniFE.c 82 oldrtrans 11475.4659161186136771
miniFE.c 48 sum 234.7208355067737955
miniFE.c 48 sum 267.5938124437195142
miniFE.c 48 sum 709.9518331963845412
miniFE.c 48 sum 776.8219080487583597
miniFE.c 48 sum 781.6841086011429525
miniFE.c 48 sum 797.5073921350331148
miniFE.c 48 sum 797.9924994030184280
miniFE.c 48 sum 839.2895609015481568
miniFE.c 83 rtrans 839.2895609015481568
miniFE.c 84 beta 0.0731377328847859
miniFE.c 40 y -17.0418671589296906
miniFE.c 40 y -5.0863874874369372
miniFE.c 40 y -23.1687329926625480
miniFE.c 40 y -6.2670891026750386
miniFE.c 40 y 0.5196588819364238
miniFE.c 40 y -3.1736082700200132
miniFE.c 40 y -0.0417601513655304
miniFE.c 40 y 0.5051634273424037
miniFE.c 87 normr 28.9704946609744347
miniFE.c 25 Ap -1143.4191348869117064
miniFE.c 25 Ap -1220.1602604229908593
miniFE.c 25 Ap -1436.0746181217405137
miniFE.c 25 Ap -1522.0370831276916306
miniFE.c 25 Ap -1514.7289072108781056
miniFE.c 25 Ap -1565.6856310376274450
miniFE.c 25 Ap -1565.8942961574834953
miniFE.c 25 Ap -1562.6571770897774059
miniFE.c 25 Ap -257.1200228537096564
miniFE.c 25 Ap -595.0422629376876102
miniFE.c 25 Ap -928.4859731060971626
miniFE.c 25 Ap -965.8617393700561706
miniFE.c 25 Ap -960.1799918219272740
miniFE.c 25 Ap -990.8125030239602893
miniFE.c 25 Ap -991.2884605907353262
miniFE.c 25 Ap -987.7756036230121026
miniFE.c 25 Ap -158.8167899717706177
miniFE.c 25 Ap -232.0199260993383916
miniFE.c 25 Ap -1799.9428478307531805
miniFE.c 25 Ap -1860.1832050262585199
miniFE.c 25 Ap -1851.4538815888918180
miniFE.c 25 Ap -1902.7891851461718034
miniFE.c 25 Ap -1903.2882999696835213
miniFE.c 25 Ap -1897.0489406007948219
miniFE.c 25 Ap -233.7546004667875081
miniFE.c 25 Ap -264.0888795465637031
miniFE.c 25 Ap -486.7907956003098207
miniFE.c 25 Ap -896.6691396376229477
miniFE.c 25 Ap -894.7629726568853812
miniFE.c 25 Ap -929.9452448414175478
miniFE.c 25 Ap -929.9995427683080607
miniFE.c 25 Ap -927.6146520832486431
miniFE.c 25 Ap -239.6667650215633785
miniFE.c 25 Ap -295.2793421180787732
miniFE.c 25 Ap -684.4718893007628822
miniFE.c 25 Ap -707.4602740433543886
miniFE.c 25 Ap -672.8711240914748259
miniFE.c 25 Ap -687.1181085525065555
miniFE.c 25 Ap -687.7049497611949391
miniFE.c 25 Ap -685.7856631554826663
miniFE.c 25 Ap -273.6310358506386819
miniFE.c 25 Ap -322.7262008584516479
miniFE.c 25 Ap -697.4964434405333122
miniFE.c 25 Ap -766.9727038529874790
miniFE.c 25 Ap -764.6398475625862829
miniFE.c 25 Ap -975.5682308871593023
miniFE.c 25 Ap -975.8861191400299049
miniFE.c 25 Ap -974.1553610408921031
miniFE.c 25 Ap -85.1539838101162445
miniFE.c 25 Ap -143.1256274233048771
miniFE.c 25 Ap -420.0369340276280923
miniFE.c 25 Ap -428.1856100928665683
miniFE.c 25 Ap -420.8830205090338836
miniFE.c 25 Ap -445.0412851528027431
miniFE.c 25 Ap -447.7831815231909900
miniFE.c 25 Ap -446.4320931424483661
miniFE.c 25 Ap -109.2053583920524744
miniFE.c 25 Ap -144.5755985137151640
miniFE.c 25 Ap -430.7365583906990878
miniFE.c 25 Ap -460.3236615229228050
miniFE.c 25 Ap -458.3493017857442169
miniFE.c 25 Ap -469.2225121559492322
miniFE.c 25 Ap -469.3342020611049747
miniFE.c 25 Ap -436.5631492731316712
miniFE.c 57 sum 26630.5960269120550947
miniFE.c 57 sum 31654.8054975756094791
miniFE.c 57 sum 75607.0258763687743340
miniFE.c 57 sum 81420.4695539214008022
miniFE.c 57 sum 81064.0949429579923162
miniFE.c 57 sum 84155.6824530416924972
miniFE.c 57 sum 84174.3255248257482890
miniFE.c 57 sum 83953.7897880875389092
miniFE.c 90 p_ap_dot 83953.7897880875389092
miniFE.c 91 alpha 0.0099970419801184
miniFE.c 40 y 0.9941274812698773
miniFE.c 40 y 1.8943536990336098
miniFE.c 40 y 0.9399040415581581
miniFE.c 40 y 1.9531766606454950
miniFE.c 40 y 0.8585536402024641
miniFE.c 40 y 1.9155731458880709
miniFE.c 40 y 0.9509480560775410
miniFE.c 40 y 3.0110432515896401
miniFE.c 40 y 0.3013477306841832
miniFE.c 40 y 4.1413381279624053
miniFE.c 40 y -2.0674310758771242
miniFE.c 40 y 1.0959901392082774
miniFE.c 40 y 9.0608678713663480
miniFE.c 40 y 5.7608229304935064
miniFE.c 40 y 5.1594967999437928
miniFE.c 40 y -2.0619388473893938
miniFE.c 82 oldrtrans 839.2895609015481568
miniFE.c 48 sum 0.0908104547885070
miniFE.c 48 sum 17.2414919449036681
miniFE.c 48 sum 21.5157631984061126
miniFE.c 48 sum 22.7169575836478934
miniFE.c 48 sum 104.8162841660068239
miniFE.c 48 sum 138.0033650025065981
miniFE.c 48 sum 164.6237722311368259
miniFE.c 48 sum 168.8753640415103234
miniFE.c 83 rtrans 168.8753640415103234
miniFE.c 84 beta 0.2012122775125521
miniFE.c 40 y -3.1276851734304261
miniFE.c 40 y 3.1178945173038715
miniFE.c 40 y -6.7292646084109631
miniFE.c 40 y -0.1650251325150638
miniFE.c 40 y 9.1654296185304016
miniFE.c 40 y 5.1222539825501094
miniFE.c 40 y 5.1510941447782654
miniFE.c 40 y -1.9602937636577822
miniFE.c 87 normr 12.9952054251370086
miniFE.c 25 Ap -209.8511296826141574
miniFE.c 25 Ap -162.8097402580661424
miniFE.c 25 Ap -225.5211904772095011
miniFE.c 25 Ap -227.7847560571010490
miniFE.c 25 Ap -98.8875615055644062
miniFE.c 25 Ap -16.6426026601468351
miniFE.c 25 Ap 9.0961373099622520
miniFE.c 25 Ap -3.4655486260639279
miniFE.c 25 Ap -47.1891064383902261
miniFE.c 25 Ap 159.9531732709749576
miniFE.c 25 Ap 63.1057989046626204
miniFE.c 25 Ap 62.1216193789671607
miniFE.c 25 Ap 162.3328523104273415
miniFE.c 25 Ap 211.7742102695603421
miniFE.c 25 Ap 270.4833421861976035
miniFE.c 25 Ap 256.8516514625102332
miniFE.c 25 Ap -29.1475643281400814
miniFE.c 25 Ap 15.7250800280617220
miniFE.c 25 Ap -439.6717787153565951
miniFE.c 25 Ap -441.2580291684895997
miniFE.c 25 Ap -287.2954926590846298
miniFE.c 25 Ap -204.4395001360886681
miniFE.c 25 Ap -142.8739319833475179
miniFE.c 25 Ap -167.0858535082246021
miniFE.c 25 Ap -42.9008624045067037
miniFE.c 25 Ap -24.3063131958975980
miniFE.c 25 Ap -88.9891822332502613
miniFE.c 25 Ap -99.7821080927120363
miniFE.c 25 Ap -66.1622857238252493
miniFE.c 25 Ap -9.3775415212128195
miniFE.c 25 Ap -2.6799189280653408
miniFE.c 25 Ap -11.9345206745191117
miniFE.c 25 Ap -43.9859189448731840
miniFE.c 25 Ap -9.8960762715344046
miniFE.c 25 Ap -122.9354744312512651
miniFE.c 25 Ap -123.5408051001313652
miniFE.c 25 Ap 486.5217387505715578
miniFE.c 25 Ap 509.5165971848134063
miniFE.c 25 Ap 581.9031718293731501
miniFE.c 25 Ap 574.4553532419450903
miniFE.c 25 Ap -50.2193642186682965
miniFE.c 25 Ap -20.1246169777097279
miniFE.c 25 Ap -128.9751152113368562
miniFE.c 25 Ap -130.8045656776342867
miniFE.c 25 Ap -89.6590548761202797
miniFE.c 25 Ap 250.7826945746828926
miniFE.c 25 Ap 289.9940543162356335
miniFE.c 25 Ap 283.2778232422859901
miniFE.c 25 Ap -15.6282671457088274
miniFE.c 25 Ap 19.9076550047554974
miniFE.c 25 Ap -60.5201118390958328
miniFE.c 25 Ap -60.7346829622212923
miniFE.c 25 Ap 68.0639832209161568
miniFE.c 25 Ap 107.0558047547894205
miniFE.c 25 Ap 445.2673743314696821
miniFE.c 25 Ap 440.0244569238224130
miniFE.c 25 Ap -20.0424036355080979
miniFE.c 25 Ap 1.6391292841603295
miniFE.c 25 Ap -81.4751618693069020
miniFE.c 25 Ap -82.2542501406142321
miniFE.c 25 Ap -47.4316851046061743
miniFE.c 25 Ap -29.8821514561018553
miniFE.c 25 Ap -16.1052565535261323
miniFE.c 25 Ap -143.2737864424112217
miniFE.c 57 sum 10.8391450555423319
miniFE.c 57 sum 811.6755009109479033
miniFE.c 57 sum 1936.0404214899824638
miniFE.c 57 sum 1938.0099173457988400
miniFE.c 57 sum 7203.1400264728672482
miniFE.c 57 sum 8654.1609847437921417
miniFE.c 57 sum 10920.7683883633289952
miniFE.c 57 sum 11201.6270984220245737
miniFE.c 90 p_ap_dot 11201.6270984220245737
miniFE.c 91 alpha 0.0150759673177569
miniFE.c 40 y 0.9469746018150074
miniFE.c 40 y 1.9413589748766964
miniFE.c 40 y 0.8384538682492163
miniFE.c 40 y 1.9506887471410894
miniFE.c 40 y 0.9967313575846293
miniFE.c 40 y 1.9927960795222464
miniFE.c 40 y 1.0286057830549069
miniFE.c 40 y 2.9814899268755326
miniFE.c 40 y 0.3535942285088202
miniFE.c 40 y 0.2690510250017186
miniFE.c 40 y 0.4515497908723844
miniFE.c 40 y 1.2759145828504213
miniFE.c 40 y 0.4003977403802974
miniFE.c 40 y 1.4901357254474910
miniFE.c 40 y -1.4742975316534759
miniFE.c 40 y 0.0980520745076769
miniFE.c 82 oldrtrans 168.8753640415103234
miniFE.c 48 sum 0.1250288784347478
miniFE.c 48 sum 0.1974173324892232
miniFE.c 48 sum 0.4013145461261173
miniFE.c 48 sum 2.0292725688564817
miniFE.c 48 sum 2.1895909193581296
miniFE.c 48 sum 4.4100953996130503
miniFE.c 48 sum 6.5836486114525821
miniFE.c 48 sum 6.5932628207678414
miniFE.c 83 rtrans 6.5932628207678414
miniFE.c 84 beta 0.0390421827256413
miniFE.c 40 y 0.2314825724594704
miniFE.c 40 y 0.3907804324655716
miniFE.c 40 y 0.1888246124216125
miniFE.c 40 y 1.2694716414724450
miniFE.c 40 y 0.7582361183059663
miniFE.c 40 y 1.6901197014013563
miniFE.c 40 y -1.2731875728160618
miniFE.c 40 y 0.0215179271910147
miniFE.c 87 normr 2.5677349592136336
miniFE.c 25 Ap 15.5312560692221542
miniFE.c 25 Ap 21.4271753830680893
miniFE.c 25 Ap 23.1868721658675412
miniFE.c 25 Ap 40.5995672414079181
miniFE.c 25 Ap 51.2629526499532275
miniFE.c 25 Ap 78.4001906235339590
miniFE.c 25 Ap 72.0383880726901538
miniFE.c 25 Ap 72.1762763057595862
miniFE.c 25 Ap 3.4925048861108827
miniFE.c 25 Ap 29.4546242578487494
miniFE.c 25 Ap 32.1721824150822258
miniFE.c 25 Ap 39.7430777020418589
miniFE.c 25 Ap 48.0333357075131531
miniFE.c 25 Ap 64.3468206372796203
miniFE.c 25 Ap 49.8357798629901083
miniFE.c 25 Ap 49.9854134199195599
miniFE.c 25 Ap 2.1572353985377384
miniFE.c 25 Ap 7.7813356591692706
miniFE.c 25 Ap 20.5598694744045964
miniFE.c 25 Ap 32.7622530497749977
miniFE.c 25 Ap 45.4992398475799149
miniFE.c 25 Ap 72.8380922003408102
miniFE.c 25 Ap 57.6210307212976076
miniFE.c 25 Ap 57.8868022980814558
miniFE.c 25 Ap 3.1751283903146015
miniFE.c 25 Ap 5.5056709859396964
miniFE.c 25 Ap 7.3206862048434100
miniFE.c 25 Ap 90.3463023536482268
miniFE.c 25 Ap 93.1275973580397647
miniFE.c 25 Ap 111.8640784546080482
miniFE.c 25 Ap 110.2086379572427006
miniFE.c 25 Ap 110.3102246940134421
miniFE.c 25 Ap 3.2554343243522403
miniFE.c 25 Ap 7.5280751685621388
miniFE.c 25 Ap 10.6999849964506222
miniFE.c 25 Ap 15.3565491581953957
miniFE.c 25 Ap 65.8257005701495785
miniFE.c 25 Ap 73.4129977645184510
miniFE.c 25 Ap 55.5213256875090906
miniFE.c 25 Ap 55.6030795659671426
miniFE.c 25 Ap 3.7167767764382407
miniFE.c 25 Ap 7.4886934581909728
miniFE.c 25 Ap 10.5430618530931266
miniFE.c 25 Ap 24.6162848285760880
miniFE.c 25 Ap 28.0201637185280603
miniFE.c 25 Ap 140.3510457650857575
miniFE.c 25 Ap 130.6592376689799835
miniFE.c 25 Ap 130.7329609924565830
miniFE.c 25 Ap 1.1566610069020036
miniFE.c 25 Ap 5.6105458156894343
miniFE.c 25 Ap 7.8673662538758027
miniFE.c 25 Ap 9.5179751746824444
miniFE.c 25 Ap 20.1732095449559665
miniFE.c 25 Ap 33.0388046506317252
miniFE.c 25 Ap -50.5563996428398141
miniFE.c 25 Ap -50.4988487200455936
miniFE.c 25 Ap 1.4833549077223513
miniFE.c 25 Ap 4.2008037386055541
miniFE.c 25 Ap 6.5330086268090017
miniFE.c 25 Ap 12.5262197914063762
miniFE.c 25 Ap 15.4070150886587296
miniFE.c 25 Ap 21.1975933518194637
miniFE.c 25 Ap 17.7923806166312559
miniFE.c 25 Ap 19.1882954625936542
miniFE.c 57 sum 16.7075501098027495
miniFE.c 57 sum 36.2408715830093016
miniFE.c 57 sum 47.1713245912710448
miniFE.c 57 sum 187.2070266047745122
miniFE.c 57 sum 229.3672898207312301
miniFE.c 57 sum 450.3216428166170999
miniFE.c 57 sum 514.6161494484974810
miniFE.c 57 sum 515.0290417931812499
miniFE.c 90 p_ap_dot 515.0290417931812499
miniFE.c 91 alpha 0.0128017301661514
miniFE.c 40 y 0.9499379792458001
miniFE.c 40 y 1.9463616405273325
miniFE.c 40 y 0.8408711499861660
miniFE.c 40 y 1.9669401805488009
miniFE.c 40 y 1.0064380917734124
miniFE.c 40 y 2.0144325358880830
miniFE.c 40 y 1.0123067792968183
miniFE.c 40 y 2.9817653935731667
miniFE.c 40 y -0.5703869851551040
miniFE.c 40 y -0.3708487498436168
miniFE.c 40 y -0.2895014323290097
miniFE.c 40 y -0.1362471482498746
miniFE.c 40 y -0.3114178806302631
miniFE.c 40 y -0.1834723649999406
miniFE.c 40 y -0.8278248966381500
miniFE.c 40 y -0.1475913063528351
miniFE.c 82 oldrtrans 6.5932628207678414
miniFE.c 48 sum 0.3253413128343288
miniFE.c 48 sum 0.4628701080949023
miniFE.c 48 sum 0.5466811874154505
miniFE.c 48 sum 0.5652444728216738
miniFE.c 48 sum 0.6622255691979186
miniFE.c 48 sum 0.6958876779165900
miniFE.c 48 sum 1.3811817374105537
miniFE.c 48 sum 1.4029649311214902
miniFE.c 83 rtrans 1.4029649311214902
miniFE.c 84 beta 0.2127876544982175
miniFE.c 40 y -0.5211303515042396
miniFE.c 40 y -0.2876954981954687
miniFE.c 40 y -0.2493218859402798
miniFE.c 40 y 0.1338807447910491
miniFE.c 40 y -0.1500745954601036
miniFE.c 40 y 0.1761642420824817
miniFE.c 40 y -1.0987434939939582
miniFE.c 40 y -0.1430125570961957
miniFE.c 87 normr 1.1844682060407912
miniFE.c 25 Ap -34.9650898063750191
miniFE.c 25 Ap -39.3057100201740610
miniFE.c 25 Ap -41.6291937808132317
miniFE.c 25 Ap -39.7928198836942570
miniFE.c 25 Ap -41.9033804502338327
miniFE.c 25 Ap -39.0748169136606762
miniFE.c 25 Ap -44.5649656647619707
miniFE.c 25 Ap -45.4813991404254878
miniFE.c 25 Ap -7.8625802348377904
miniFE.c 25 Ap -26.9760880932958855
miniFE.c 25 Ap -30.5643211960918144
miniFE.c 25 Ap -29.7658810682150410
miniFE.c 25 Ap -31.4067381658835849
miniFE.c 25 Ap -29.7063540416150786
miniFE.c 25 Ap -42.2291841274967581
miniFE.c 25 Ap -43.2236794343131052
miniFE.c 25 Ap -4.8565247464328785
miniFE.c 25 Ap -8.9970297255971197
miniFE.c 25 Ap -25.8696614736893515
miniFE.c 25 Ap -24.5827763256274494
miniFE.c 25 Ap -27.1037563935934536
miniFE.c 25 Ap -24.2541782245822759
miniFE.c 25 Ap -37.3862945401884232
miniFE.c 25 Ap -39.1526669450182396
miniFE.c 25 Ap -7.1480792551043875
miniFE.c 25 Ap -8.8638422703704940
miniFE.c 25 Ap -11.2603678693585039
miniFE.c 25 Ap -2.5043382239503043
miniFE.c 25 Ap -3.0548286484526557
miniFE.c 25 Ap -1.1018912387928925
miniFE.c 25 Ap -2.5305137882191389
miniFE.c 25 Ap -3.2056800746218777
miniFE.c 25 Ap -7.3288697966482372
miniFE.c 25 Ap -10.4744201726731951
miniFE.c 25 Ap -14.6625740906374844
miniFE.c 25 Ap -14.1714845241004994
miniFE.c 25 Ap -24.1606386919152740
miniFE.c 25 Ap -23.3698009432089009
miniFE.c 25 Ap -38.8100696915180379
miniFE.c 25 Ap -39.3534227341707847
miniFE.c 25 Ap -8.3674773758926726
miniFE.c 25 Ap -11.1443908514778567
miniFE.c 25 Ap -15.1773443886631814
miniFE.c 25 Ap -13.6931571787915392
miniFE.c 25 Ap -14.3668731032532051
miniFE.c 25 Ap -2.6584215173798622
miniFE.c 25 Ap -11.0223195933569365
miniFE.c 25 Ap -11.5122999206637111
miniFE.c 25 Ap -2.6039591261395123
miniFE.c 25 Ap -5.8829426742275306
miniFE.c 25 Ap -8.8628228956725987
miniFE.c 25 Ap -8.6887467332306993
miniFE.c 25 Ap -10.7976939978690787
miniFE.c 25 Ap -9.4566896838833703
miniFE.c 25 Ap -81.5982097612374702
miniFE.c 25 Ap -81.9807049969069936
miniFE.c 25 Ap -3.3394361236513124
miniFE.c 25 Ap -5.3400424239437791
miniFE.c 25 Ap -8.4194594219127836
miniFE.c 25 Ap -7.7874046770933871
miniFE.c 25 Ap -8.3575887904595856
miniFE.c 25 Ap -7.7540263149123216
miniFE.c 25 Ap -10.6926784179783212
miniFE.c 25 Ap -19.9702147641830052
miniFE.c 57 sum 23.7017375209545555
miniFE.c 57 sum 36.1369955096505038
miniFE.c 57 sum 45.8986122719741019
miniFE.c 57 sum 45.4694334360219017
miniFE.c 57 sum 51.3753824328230237
miniFE.c 57 sum 49.3473268426730840
miniFE.c 57 sum 139.4230930910626398
miniFE.c 57 sum 142.2790845702486422
miniFE.c 90 p_ap_dot 142.2790845702486422
miniFE.c 91 alpha 0.0098606547501983
miniFE.c 40 y 0.9447992927697674
miniFE.c 40 y 1.9435247745464408
miniFE.c 40 y 0.8384126729472405
miniFE.c 40 y 1.9682603323508849
miniFE.c 40 y 1.0049582580008045
miniFE.c 40 y 2.0161696306585886
miniFE.c 40 y 1.0014724490435174
miniFE.c 40 y 2.9803551961226979
miniFE.c 40 y -0.1219106106754018
miniFE.c 40 y 0.0553650300913920
miniFE.c 40 y 0.0965694989653170
miniFE.c 40 y -0.1046370437944383
miniFE.c 40 y 0.0766326341900005
miniFE.c 40 y -0.0699535501015403
miniFE.c 40 y -0.0194414684857921
miniFE.c 40 y 0.0493280867240866
miniFE.c 82 oldrtrans 1.4029649311214902
miniFE.c 48 sum 0.0148621969952494
miniFE.c 48 sum 0.0179274835522701
miniFE.c 48 sum 0.0272531516826825
miniFE.c 48 sum 0.0382020626167217
miniFE.c 48 sum 0.0440746232396201
miniFE.c 48 sum 0.0489681224114288
miniFE.c 48 sum 0.0493460931083129
miniFE.c 48 sum 0.0517793532481719
miniFE.c 83 rtrans 0.0517793532481719
miniFE.c 84 beta 0.0369070901913285
miniFE.c 40 y -0.1411440155598075
miniFE.c 40 y 0.0447470263918526
miniFE.c 40 y 0.0873677536342470
miniFE.c 40 y -0.0996958950715528
miniFE.c 40 y 0.0710938175599273
miniFE.c 40 y -0.0634518405305151
miniFE.c 40 y -0.0599928937157626
miniFE.c 40 y 0.0440499093808448
miniFE.c 87 normr 0.2275507707044120
miniFE.c 25 Ap -9.4700167922207719
miniFE.c 25 Ap -8.7948937941823750
miniFE.c 25 Ap -7.9806950887333032
miniFE.c 25 Ap -9.3481728365233074
miniFE.c 25 Ap -8.3483513317128502
miniFE.c 25 Ap -9.3671594640070115
miniFE.c 25 Ap -9.6669290756670350
miniFE.c 25 Ap -9.3846544812102906
miniFE.c 25 Ap -2.1295173919593737
miniFE.c 25 Ap 0.8433224541553179
miniFE.c 25 Ap 2.1007165434267918
miniFE.c 25 Ap 1.5061485692647443
miniFE.c 25 Ap 2.2834606438761411
miniFE.c 25 Ap 1.6710066008860287
miniFE.c 25 Ap 0.9872429941210593
miniFE.c 25 Ap 1.2935617470643346
miniFE.c 25 Ap -1.3153511446771602
miniFE.c 25 Ap -0.6713532832564090
miniFE.c 25 Ap 5.2411799392854492
miniFE.c 25 Ap 4.2828855490760462
miniFE.c 25 Ap 5.4771322933348658
miniFE.c 25 Ap 4.4507549909838184
miniFE.c 25 Ap 3.7337235248666474
miniFE.c 25 Ap 4.2777914441140563
miniFE.c 25 Ap -1.9360004779859439
miniFE.c 25 Ap -1.6691374460377910
miniFE.c 25 Ap -0.8293433087485229
miniFE.c 25 Ap -7.3496253264086473
miniFE.c 25 Ap -7.0888452410912670
miniFE.c 25 Ap -7.7922653655100982
miniFE.c 25 Ap -7.8702701056848250
miniFE.c 25 Ap -7.6623092501003942
miniFE.c 25 Ap -1.9849661598639521
miniFE.c 25 Ap -1.4957196246357283
miniFE.c 25 Ap -0.0281003728919933
miniFE.c 25 Ap -0.3937960819546970
miniFE.c 25 Ap 4.3382979930441898
miniFE.c 25 Ap 4.0534495463717182
miniFE.c 25 Ap 3.2103898085679701
miniFE.c 25 Ap 3.3777503031751701
miniFE.c 25 Ap -2.2662647714344928
miniFE.c 25 Ap -1.8343545699913111
miniFE.c 25 Ap -0.4211208712073584
miniFE.c 25 Ap -1.5263385974221348
miniFE.c 25 Ap -1.2071837339753864
miniFE.c 25 Ap -5.4244005431519522
miniFE.c 25 Ap -5.8810807884179352
miniFE.c 25 Ap -5.7301598521413943
miniFE.c 25 Ap -0.7052616420364992
miniFE.c 25 Ap -0.1952614359677342
miniFE.c 25 Ap 0.8489527134035678
miniFE.c 25 Ap 0.7193248206669975
miniFE.c 25 Ap 1.7183820669386856
miniFE.c 25 Ap 1.2353714918305181
miniFE.c 25 Ap -2.7036539223377627
miniFE.c 25 Ap -2.5858399288538587
miniFE.c 25 Ap -0.9044597437802268
miniFE.c 25 Ap -0.5932933074598701
miniFE.c 25 Ap 0.4858006701948323
miniFE.c 25 Ap 0.0151335580769696
miniFE.c 25 Ap 0.2852430006974687
miniFE.c 25 Ap 0.0678484290414525
miniFE.c 25 Ap -0.0926059847962963
miniFE.c 25 Ap 2.7650076655415541
miniFE.c 57 sum 1.3245878181193624
miniFE.c 57 sum 1.3824708597547413
miniFE.c 57 sum 1.7562118887427878
miniFE.c 57 sum 2.5201126677465853
miniFE.c 57 sum 2.7602498315635100
miniFE.c 57 sum 3.1238390207159457
miniFE.c 57 sum 3.2789710407336501
miniFE.c 57 sum 3.4007693778380967
miniFE.c 90 p_ap_dot 3.4007693778380967
miniFE.c 91 alpha 0.0152257761392478
miniFE.c 40 y 0.9426502655854593
miniFE.c 40 y 1.9442060827531802
miniFE.c 40 y 0.8397429148058645
miniFE.c 40 y 1.9667423849705234
miniFE.c 40 y 1.0060407165518566
miniFE.c 40 y 2.0152035271390476
miniFE.c 40 y 1.0005590106738556
miniFE.c 40 y 2.9810258901818849
miniFE.c 40 y 0.0209780375996948
miniFE.c 40 y 0.0356695485082961
miniFE.c 40 y 0.0314368040668468
miniFE.c 40 y 0.0120275615572780
miniFE.c 40 y 0.0252037642195790
miniFE.c 40 y 0.0172925810492699
miniFE.c 40 y 0.0199299514028652
miniFE.c 40 y 0.0072286989852467
miniFE.c 82 oldrtrans 0.0517793532481719
miniFE.c 48 sum 0.0004400780615342
miniFE.c 48 sum 0.0017123947523199
miniFE.c 48 sum 0.0027006674022572
miniFE.c 48 sum 0.0028453296392713
miniFE.c 48 sum 0.0034805593701075
miniFE.c 48 sum 0.0037795927294530
miniFE.c 48 sum 0.0041767956923736
miniFE.c 48 sum 0.0042290497813929
miniFE.c 83 rtrans 0.0042290497813929
miniFE.c 84 beta 0.0816744419561134
miniFE.c 40 y 0.0094501788934026
miniFE.c 40 y 0.0393242369180462
miniFE.c 40 y 0.0385725165898832
miniFE.c 40 y 0.0038849549619937
miniFE.c 40 y 0.0310103120953158
miniFE.c 40 y 0.0121101873828518
miniFE.c 40 y 0.0150300652872979
miniFE.c 40 y 0.0108264507521446
miniFE.c 87 normr 0.0650311447030798
miniFE.c 25 Ap 0.6340570123009662
miniFE.c 25 Ap 1.2273634030138338
miniFE.c 25 Ap 1.5868289010609886
miniFE.c 25 Ap 1.6401168469476253
miniFE.c 25 Ap 2.0762275801720098
miniFE.c 25 Ap 2.2706735928660313
miniFE.c 25 Ap 2.3457751016504678
miniFE.c 25 Ap 2.4151516801366077
miniFE.c 25 Ap 0.1425800465631559
miniFE.c 25 Ap 2.7551482517502537
miniFE.c 25 Ap 3.3102827533363541
miniFE.c 25 Ap 3.3334519098979714
miniFE.c 25 Ap 3.6725065683264368
miniFE.c 25 Ap 3.7893973182555660
miniFE.c 25 Ap 3.9607011346616678
miniFE.c 25 Ap 4.0359872121999079
miniFE.c 25 Ap 0.0880682299957228
miniFE.c 25 Ap 0.6540214679931360
miniFE.c 25 Ap 3.2643814272233818
miniFE.c 25 Ap 3.3017242941851834
miniFE.c 25 Ap 3.8226410986184747
miniFE.c 25 Ap 4.0185317355653964
miniFE.c 25 Ap 4.1981701740752637
miniFE.c 25 Ap 4.3318895078116295
miniFE.c 25 Ap 0.1296232842895674
miniFE.c 25 Ap 0.3641457976092019
miniFE.c 25 Ap 0.7349115772615620
miniFE.c 25 Ap 0.9889942750489340
miniFE.c 25 Ap 1.1027435729695070
miniFE.c 25 Ap 1.2369957781751897
miniFE.c 25 Ap 1.2565383650538888
miniFE.c 25 Ap 1.3076503421953845
miniFE.c 25 Ap 0.1329017403512666
miniFE.c 25 Ap 0.5628576103607855
miniFE.c 25 Ap 1.2108056870906290
miniFE.c 25 Ap 1.2250561370061777
miniFE.c 25 Ap 3.2891415830636346
miniFE.c 25 Ap 3.3435067210340446
miniFE.c 25 Ap 3.5547191182942441
miniFE.c 25 Ap 3.5958524640419958
miniFE.c 25 Ap 0.1517358523840290
miniFE.c 25 Ap 0.5313038473640309
miniFE.c 25 Ap 1.1552409182418377
miniFE.c 25 Ap 1.1983091016054539
miniFE.c 25 Ap 1.3375208117359301
miniFE.c 25 Ap 2.1424034655130013
miniFE.c 25 Ap 2.2568159146655167
miniFE.c 25 Ap 2.2939087965132154
miniFE.c 25 Ap 0.0472202002859671
miniFE.c 25 Ap 0.4954146513780759
miniFE.c 25 Ap 0.9564310553093640
miniFE.c 25 Ap 0.9614824019544620
miniFE.c 25 Ap 1.3972597743238220
miniFE.c 25 Ap 1.4894454150168743
miniFE.c 25 Ap 2.4762924476633366
miniFE.c 25 Ap 2.5052484073076400
miniFE.c 25 Ap 0.0605573417101939
miniFE.c 25 Ap 0.3340142314630692
miniFE.c 25 Ap 0.8104299411925362
miniFE.c 25 Ap 0.8287709223468473
miniFE.c 25 Ap 0.9465895794824402
miniFE.c 25 Ap 0.9880807163313871
miniFE.c 25 Ap 1.0282794826559867
miniFE.c 25 Ap 1.7306149446102461
miniFE.c 57 sum 0.0228236154319927
miniFE.c 57 sum 0.1815357327627466
miniFE.c 57 sum 0.3486276126683515
miniFE.c 57 sum 0.3537077753538161
miniFE.c 57 sum 0.4652162825124686
miniFE.c 57 sum 0.4929959478774157
miniFE.c 57 sum 0.5306499950001485
miniFE.c 57 sum 0.5493864124688967
miniFE.c 90 p_ap_dot 0.5493864124688967
miniFE.c 91 alpha 0.0076977691573913
miniFE.c 40 y 0.9427230108810768
miniFE.c 40 y 1.9445087916512658
miniFE.c 40 y 0.8400398371343930
miniFE.c 40 y 1.9667722904570077
miniFE.c 40 y 1.0062794267758650
miniFE.c 40 y 2.0152967485659734
miniFE.c 40 y 1.0006747086468577
miniFE.c 40 y 2.9811092297005688
miniFE.c 40 y 0.0023867574859176
miniFE.c 40 y 0.0046014506265982
miniFE.c 40 y -0.0019090813796123
miniFE.c 40 y 0.0019615710844742
miniFE.c 40 y -0.0024762779726529
miniFE.c 40 y -0.0003653993343980
miniFE.c 40 y 0.0006451274814889
miniFE.c 40 y -0.0060931753586944
