filename line variable value
miniFE.c 167 A 67.0947100000000063
miniFE.c 167 A 15.0875500000000002
miniFE.c 167 A 9.3192129999999995
miniFE.c 167 A 13.7164900000000003
miniFE.c 167 A 14.0634099999999993
miniFE.c 167 A 16.0564000000000000
miniFE.c 167 A 4.9967519999999999
miniFE.c 167 A 6.4080630000000003
miniFE.c 167 A 15.0875500000000002
miniFE.c 167 A 66.4365899999999954
miniFE.c 167 A 14.3919700000000006
miniFE.c 167 A 5.9638159999999996
miniFE.c 167 A 10.9336099999999998
miniFE.c 167 A 9.6522659999999991
miniFE.c 167 A 11.3974100000000007
miniFE.c 167 A 6.9539020000000002
miniFE.c 167 A 9.3192129999999995
miniFE.c 167 A 14.3919700000000006
miniFE.c 167 A 67.6740900000000067
miniFE.c 167 A 9.6121750000000006
miniFE.c 167 A 16.7981799999999986
miniFE.c 167 A 16.1756899999999995
miniFE.c 167 A 11.9519400000000005
miniFE.c 167 A 12.3511699999999998
miniFE.c 167 A 13.7164900000000003
miniFE.c 167 A 5.9638159999999996
miniFE.c 167 A 9.6121750000000006
miniFE.c 167 A 65.4017099999999942
miniFE.c 167 A 3.6681119999999998
miniFE.c 167 A 11.0858899999999991
miniFE.c 167 A 1.3002330000000000
miniFE.c 167 A 4.7210279999999996
miniFE.c 167 A 14.0634099999999993
miniFE.c 167 A 10.9336099999999998
miniFE.c 167 A 16.7981799999999986
miniFE.c 167 A 3.6681119999999998
miniFE.c 167 A 66.5612600000000043
miniFE.c 167 A 4.4892070000000004
miniFE.c 167 A 14.0526599999999995
miniFE.c 167 A 3.7993380000000001
miniFE.c 167 A 16.0563980926513672
miniFE.c 167 A 9.6522659999999991
miniFE.c 167 A 16.1756899999999995
miniFE.c 167 A 11.0858899999999991
miniFE.c 167 A 4.4892070000000004
miniFE.c 167 A 66.4632699999999943
miniFE.c 167 A 7.6122389999999998
miniFE.c 167 A 3.4261349999999999
miniFE.c 167 A 4.9967519999999999
miniFE.c 167 A 11.3974100000000007
miniFE.c 167 A 11.9519400000000005
miniFE.c 167 A 1.3002330000000000
miniFE.c 167 A 14.0526599999999995
miniFE.c 167 A 7.6122389999999998
miniFE.c 167 A 65.6581999999999937
miniFE.c 167 A 2.6745570000000001
miniFE.c 167 A 6.4080630000000003
miniFE.c 167 A 6.9539020000000002
miniFE.c 167 A 12.3511699999999998
miniFE.c 167 A 4.7210279999999996
miniFE.c 167 A 3.7993380000000001
miniFE.c 167 A 3.4261349999999999
miniFE.c 167 A 2.6745570000000001
miniFE.c 167 A 64.8721800000000002
miniFE.c 175 b 198.0110999999999990
miniFE.c 175 b 229.8237000000000023
miniFE.c 175 b 210.8053999999999917
miniFE.c 175 b 202.6418999999999926
miniFE.c 175 b 157.2561000000000035
miniFE.c 175 b 225.5886000000000138
miniFE.c 175 b 142.6283999999999992
miniFE.c 175 b 185.1795999999999935
miniFE.c 33 r 0.0000000000000000
miniFE.c 33 r 0.0000000000000000
miniFE.c 33 r 0.0000000000000000
miniFE.c 33 r 0.0000000000000000
miniFE.c 33 r 0.0000000000000000
miniFE.c 33 r 0.0000000000000000
miniFE.c 33 r 0.0000000000000000
miniFE.c 33 r 0.0000000000000000
miniFE.c 25 Ap 0.0000000000000000
miniFE.c 25 Ap 0.0000000000000000
miniFE.c 25 Ap 0.0000000000000000
miniFE.c 25 Ap 0.0000000000000000
miniFE.c 25 Ap 0.0000000000000000
miniFE.c 25 Ap 0.0000000000000000
miniFE.c 25 Ap 0.0000000000000000
miniFE.c 25 Ap 0.0000000000000000
miniFE.c 25 Ap 0.0000000000000000
miniFE.c 25 Ap 0.0000000000000000
miniFE.c 25 Ap 0.0000000000000000
miniFE.c 25 Ap 0.0000000000000000
miniFE.c 25 Ap 0.0000000000000000
miniFE.c 25 Ap 0.0000000000000000
miniFE.c 25 Ap 0.0000000000000000
miniFE.c 25 Ap 0.0000000000000000
miniFE.c 25 Ap 0.0000000000000000
miniFE.c 25 Ap 0.0000000000000000
miniFE.c 25 Ap 0.0000000000000000
miniFE.c 25 Ap 0.0000000000000000
miniFE.c 25 Ap 0.0000000000000000
miniFE.c 25 Ap 0.0000000000000000
miniFE.c 25 Ap 0.0000000000000000
miniFE.c 25 Ap 0.0000000000000000
miniFE.c 25 Ap 0.0000000000000000
miniFE.c 25 Ap 0.0000000000000000
miniFE.c 25 Ap 0.0000000000000000
miniFE.c 25 Ap 0.0000000000000000
miniFE.c 25 Ap 0.0000000000000000
miniFE.c 25 Ap 0.0000000000000000
miniFE.c 25 Ap 0.0000000000000000
miniFE.c 25 Ap 0.0000000000000000
miniFE.c 25 Ap 0.0000000000000000
miniFE.c 25 Ap 0.0000000000000000
miniFE.c 25 Ap 0.0000000000000000
miniFE.c 25 Ap 0.0000000000000000
miniFE.c 25 Ap 0.0000000000000000
miniFE.c 25 Ap 0.0000000000000000
miniFE.c 25 Ap 0.0000000000000000
miniFE.c 25 Ap 0.0000000000000000
miniFE.c 25 Ap 0.0000000000000000
miniFE.c 25 Ap 0.0000000000000000
miniFE.c 25 Ap 0.0000000000000000
miniFE.c 25 Ap 0.0000000000000000
miniFE.c 25 Ap 0.0000000000000000
miniFE.c 25 Ap 0.0000000000000000
miniFE.c 25 Ap 0.0000000000000000
miniFE.c 25 Ap 0.0000000000000000
miniFE.c 25 Ap 0.0000000000000000
miniFE.c 25 Ap 0.0000000000000000
miniFE.c 25 Ap 0.0000000000000000
miniFE.c 25 Ap 0.0000000000000000
miniFE.c 25 Ap 0.0000000000000000
miniFE.c 25 Ap 0.0000000000000000
miniFE.c 25 Ap 0.0000000000000000
miniFE.c 25 Ap 0.0000000000000000
miniFE.c 25 Ap 0.0000000000000000
miniFE.c 25 Ap 0.0000000000000000
miniFE.c 25 Ap 0.0000000000000000
miniFE.c 25 Ap 0.0000000000000000
miniFE.c 25 Ap 0.0000000000000000
miniFE.c 25 Ap 0.0000000000000000
miniFE.c 25 Ap 0.0000000000000000
miniFE.c 25 Ap 0.0000000000000000
miniFE.c 33 r 198.0110999999999990
miniFE.c 33 r 229.8237000000000023
miniFE.c 33 r 210.8053999999999917
miniFE.c 33 r 202.6418999999999926
miniFE.c 33 r 157.2561000000000035
miniFE.c 33 r 225.5886000000000138
miniFE.c 33 r 142.6283999999999992
miniFE.c 33 r 185.1795999999999935
miniFE.c 48 sum 39208.3957232100001420
miniFE.c 48 sum 92027.3288048999966122
miniFE.c 48 sum 136466.2454740600078367
miniFE.c 48 sum 177529.9851096700003836
miniFE.c 48 sum 202259.4660968800017145
miniFE.c 48 sum 253149.6825468399911188
miniFE.c 48 sum 273492.5430333999684080
miniFE.c 48 sum 307784.0272895599482581
miniFE.c 75 rtrans 307784.0272895599482581
miniFE.c 76 normr 554.7828649927464539
miniFE.c 33 r 198.0110999999999990
miniFE.c 33 r 229.8237000000000023
miniFE.c 33 r 210.8053999999999917
miniFE.c 33 r 202.6418999999999926
miniFE.c 33 r 157.2561000000000035
miniFE.c 33 r 225.5886000000000138
miniFE.c 33 r 142.6283999999999992
miniFE.c 33 r 185.1795999999999935
miniFE.c 87 normr 554.7828649927464539
miniFE.c 25 Ap 13285.4973312810016068
miniFE.c 25 Ap 16752.9738962160008668
miniFE.c 25 Ap 18717.5143203662009910
miniFE.c 25 Ap 21497.0499152972006414
miniFE.c 25 Ap 23708.6069245981998392
miniFE.c 25 Ap 27330.7477216381994367
miniFE.c 25 Ap 28043.4264645949988335
miniFE.c 25 Ap 29230.0690077097970061
miniFE.c 25 Ap 2987.5023718050001662
miniFE.c 25 Ap 18256.2053009880000900
miniFE.c 25 Ap 21290.1102936259994749
miniFE.c 25 Ap 22498.6292991164009436
miniFE.c 25 Ap 24218.0061666374022025
miniFE.c 25 Ap 26395.4473404050004319
miniFE.c 25 Ap 28021.0416928490012651
miniFE.c 25 Ap 29308.7624836482027604
miniFE.c 25 Ap 1845.3076172643000064
miniFE.c 25 Ap 5152.9234129532997031
miniFE.c 25 Ap 19418.9870250392996240
miniFE.c 25 Ap 21366.8164301717988565
miniFE.c 25 Ap 24008.4327040697971825
miniFE.c 25 Ap 27657.4839652037990163
miniFE.c 25 Ap 29362.1700442997971550
miniFE.c 25 Ap 31649.3547644317950471
miniFE.c 25 Ap 2716.0172730389999742
miniFE.c 25 Ap 4086.6435322781999275
miniFE.c 25 Ap 6112.9419280231995799
miniFE.c 25 Ap 19366.0687056721981207
miniFE.c 25 Ap 19942.9016931553996983
miniFE.c 25 Ap 22443.7520980093977414
miniFE.c 25 Ap 22629.2022504265987664
miniFE.c 25 Ap 23503.4403270553993934
miniFE.c 25 Ap 2784.7112838509997346
miniFE.c 25 Ap 5297.5139884079999320
miniFE.c 25 Ap 8838.6610425799990480
miniFE.c 25 Ap 9581.9742276727993158
miniFE.c 25 Ap 20049.1383863587980159
miniFE.c 25 Ap 21061.8523085989982064
miniFE.c 25 Ap 23066.1607201429978886
miniFE.c 25 Ap 23769.7206112477979332
miniFE.c 25 Ap 3179.3450483637989237
miniFE.c 25 Ap 5397.6645338679991255
miniFE.c 25 Ap 8807.5873345939980936
miniFE.c 25 Ap 11054.0531473849987378
miniFE.c 25 Ap 11760.0083322976988711
miniFE.c 25 Ap 26753.3643630196966114
miniFE.c 25 Ap 27839.0858320072948118
miniFE.c 25 Ap 28473.5361408532953646
miniFE.c 25 Ap 989.4123599472000024
miniFE.c 25 Ap 3608.8072965641999872
miniFE.c 25 Ap 6128.3407890401995246
miniFE.c 25 Ap 6391.8224746028990921
miniFE.c 25 Ap 8601.6889808288997301
miniFE.c 25 Ap 10318.9233197042995016
miniFE.c 25 Ap 19683.6473325842962367
miniFE.c 25 Ap 20178.9207280214977800
miniFE.c 25 Ap 1268.8676034993000030
miniFE.c 25 Ap 2867.0390905766998912
miniFE.c 25 Ap 5470.7324228946999938
miniFE.c 25 Ap 6427.4105067679001877
miniFE.c 25 Ap 7024.8795832297000743
miniFE.c 25 Ap 7797.7765812907000509
miniFE.c 25 Ap 8179.2443669095000587
miniFE.c 25 Ap 20192.2487104374995397
miniFE.c 57 sum 5787878.1172925252467394
miniFE.c 57 sum 12523726.3537057451903820
miniFE.c 57 sum 19195581.2445636950433254
miniFE.c 57 sum 23958363.0489748232066631
miniFE.c 57 sum 27696296.6103892698884010
miniFE.c 57 sum 34119601.7654537707567215
miniFE.c 57 sum 36997688.9426183104515076
miniFE.c 57 sum 40736881.4819176420569420
miniFE.c 90 p_ap_dot 40736881.4819176420569420
miniFE.c 91 alpha 0.0075554145553871
miniFE.c 40 y 1.4960559470682113
miniFE.c 40 y 1.7364133281529193
miniFE.c 40 y 1.5927221875142006
miniFE.c 40 y 1.5310435607912980
miniFE.c 40 y 1.1881350268634101
miniFE.c 40 y 1.7044153919693994
miniFE.c 40 y 1.0776166893715740
miniFE.c 40 y 1.3991086452007617
miniFE.c 40 y -22.8341888358201004
miniFE.c 40 y 8.3838493306608655
miniFE.c 40 y -28.3185956557981910
miniFE.c 40 y 25.0636648512933959
miniFE.c 40 y -22.3339930837064742
miniFE.c 40 y 10.4592305980562799
miniFE.c 40 y -9.8317113804961593
miniFE.c 40 y 32.6187901871640236
miniFE.c 82 oldrtrans 307784.0272895599482581
miniFE.c 48 sum 521.4001797898913537
miniFE.c 48 sum 591.6891093891140372
miniFE.c 48 sum 1393.6319693057062068
miniFE.c 48 sum 2021.8192650836663233
miniFE.c 48 sum 2520.6265121467149584
miniFE.c 48 sum 2630.0220168500318323
miniFE.c 48 sum 2726.6845655194097162
miniFE.c 48 sum 3790.6700387936380139
miniFE.c 83 rtrans 3790.6700387936380139
miniFE.c 84 beta 0.0123160063638631
miniFE.c 40 y -20.3954828681045655
miniFE.c 40 y 11.2143594824274331
miniFE.c 40 y -25.7223150078614822
miniFE.c 40 y 27.5594037812787072
miniFE.c 40 y -20.3972259553501800
miniFE.c 40 y 13.2375812312712497
miniFE.c 40 y -8.0750990984285451
miniFE.c 40 y 34.8994633192216526
miniFE.c 87 normr 61.5684175433609653
miniFE.c 25 Ap -1368.4290083454441174
miniFE.c 25 Ap -1199.2317989363461948
miniFE.c 25 Ap -1438.9435313477040381
miniFE.c 25 Ap -1060.9252449758323564
miniFE.c 25 Ap -1347.7797964485635021
miniFE.c 25 Ap -1135.2318971667798451
miniFE.c 25 Ap -1175.5811647370508126
miniFE.c 25 Ap -951.9432051212893384
miniFE.c 25 Ap -307.7178675466710160
miniFE.c 25 Ap 437.3259354999725588
miniFE.c 25 Ap 67.1311495762803361
miniFE.c 25 Ap 231.4903627975307643
miniFE.c 25 Ap 8.4750491198544751
miniFE.c 25 Ap 136.2477043606920688
miniFE.c 25 Ap 44.2124891452715758
miniFE.c 25 Ap 286.8999369197337046
miniFE.c 25 Ap -190.0698490857173510
miniFE.c 25 Ap -28.6731238454061952
miniFE.c 25 Ap -1769.4073846957751357
miniFE.c 25 Ap -1504.5015726544625068
miniFE.c 25 Ap -1847.1378457531068307
miniFE.c 25 Ap -1633.0108354062447233
miniFE.c 25 Ap -1729.5239353247168310
miniFE.c 25 Ap -1298.4747309602460064
miniFE.c 25 Ap -279.7544368055275754
miniFE.c 25 Ap -212.8740602944751572
miniFE.c 25 Ap -460.1214535551661129
miniFE.c 25 Ap 1342.3106803209270765
miniFE.c 25 Ap 1267.4913710273956440
miniFE.c 25 Ap 1414.2417404233333400
miniFE.c 25 Ap 1403.7422300972862104
miniFE.c 25 Ap 1568.5035736123045353
miniFE.c 25 Ap -286.8300377221303847
miniFE.c 25 Ap -164.2166047414669947
miniFE.c 25 Ap -596.3046822602254906
miniFE.c 25 Ap -495.2137025372717289
miniFE.c 25 Ap -1852.8787626300834290
miniFE.c 25 Ap -1793.4525203035918821
miniFE.c 25 Ap -1906.9291424001148698
miniFE.c 25 Ap -1774.3342852317898632
miniFE.c 25 Ap -327.4779922221378001
miniFE.c 25 Ap -219.2340114781258933
miniFE.c 25 Ap -635.3102051276407565
miniFE.c 25 Ap -329.7896863428009624
miniFE.c 25 Ap -421.3570558821406848
miniFE.c 25 Ap 458.4558796387727853
miniFE.c 25 Ap 396.9862953528501635
miniFE.c 25 Ap 516.5565681120516501
miniFE.c 25 Ap -101.9111698121672163
miniFE.c 25 Ap 25.9034830964460383
miniFE.c 25 Ap -281.5280825386139441
miniFE.c 25 Ap -245.6944362818705940
miniFE.c 25 Ap -532.3297175755818671
miniFE.c 25 Ap -431.5620854612308221
miniFE.c 25 Ap -961.7585570856718959
miniFE.c 25 Ap -868.4179531690043632
miniFE.c 25 Ap -130.6955391342347639
miniFE.c 25 Ap -52.7119823006636636
miniFE.c 25 Ap -370.4126677563122030
miniFE.c 25 Ap -240.3039508415895682
miniFE.c 25 Ap -317.7999065083378127
miniFE.c 25 Ap -272.4461661365363057
miniFE.c 25 Ap -294.0434789559320734
miniFE.c 25 Ap 1969.9607873920122074
miniFE.c 57 sum 19415.3413314598074066
miniFE.c 57 sum 22632.7403595634568774
miniFE.c 57 sum 56032.5164190710929688
miniFE.c 57 sum 99259.5397366312099621
miniFE.c 57 sum 135451.0370728287962265
miniFE.c 57 sum 142288.9966037587728351
miniFE.c 57 sum 149301.5576344529690687
miniFE.c 57 sum 218052.1318743455049116
miniFE.c 90 p_ap_dot 218052.1318743455049116
miniFE.c 91 alpha 0.0173842374583067
miniFE.c 40 y 1.1414960298122545
miniFE.c 40 y 1.9313664163382516
miniFE.c 40 y 1.1455593554401693
miniFE.c 40 y 2.0101427803344039
miniFE.c 40 y 0.8335448073648650
miniFE.c 40 y 1.9345406474674434
miniFE.c 40 y 0.9372372491451335
miniFE.c 40 y 2.0058092027095769
miniFE.c 40 y -6.2853821111700050
miniFE.c 40 y 3.3963127004749900
miniFE.c 40 y -5.7456025991743154
miniFE.c 40 y -2.2035737265856135
miniFE.c 40 y 8.5114554611779241
miniFE.c 40 y 1.4792885573483741
miniFE.c 40 y 5.2650725304505155
miniFE.c 40 y -1.6274759244116339
miniFE.c 82 oldrtrans 3790.6700387936380139
miniFE.c 48 sum 39.5060282834159082
miniFE.c 48 sum 51.0409682428236238
miniFE.c 48 sum 84.0529174704622619
miniFE.c 48 sum 88.9086546389606696
miniFE.c 48 sum 161.3535287065761850
miniFE.c 48 sum 163.5418233424780112
miniFE.c 48 sum 191.2628120933825926
miniFE.c 48 sum 193.9114899779220877
miniFE.c 83 rtrans 193.9114899779220877
miniFE.c 84 beta 0.0511549377797160
miniFE.c 40 y -7.3287117682751575
miniFE.c 40 y 3.9699825620379334
miniFE.c 40 y -7.0614260229517241
miniFE.c 40 y -0.7937741409082320
miniFE.c 40 y 7.4680366365531778
miniFE.c 40 y 2.1564562015879911
miniFE.c 40 y 4.8519913385053624
miniFE.c 40 y 0.1578039502286297
miniFE.c 87 normr 13.9252105900744674
miniFE.c 25 Ap -491.7177907660089318
miniFE.c 25 Ap -431.8204803621334804
miniFE.c 25 Ap -497.6274135537635175
miniFE.c 25 Ap -508.5152086197898598
miniFE.c 25 Ap -403.4891475049215614
miniFE.c 25 Ap -368.8642241497441319
miniFE.c 25 Ap -344.6200267250848128
miniFE.c 25 Ap -343.6088090703709099
miniFE.c 25 Ap -110.5723052394398565
miniFE.c 25 Ap 153.1797985418238568
miniFE.c 25 Ap 51.5519670622833246
miniFE.c 25 Ap 46.8180441403485545
miniFE.c 25 Ap 128.4706441901327310
miniFE.c 25 Ap 149.2853330652096417
miniFE.c 25 Ap 204.5854676666040461
miniFE.c 25 Ap 205.6828208717068094
miniFE.c 25 Ap -68.2978259841628272
miniFE.c 25 Ap -11.1619560507897475
miniFE.c 25 Ap -489.0375362563668205
miniFE.c 25 Ap -496.6674322092513876
miniFE.c 25 Ap -371.2180085418365252
miniFE.c 25 Ap -336.3358415263716665
miniFE.c 25 Ap -278.3451321680358888
miniFE.c 25 Ap -276.3960687520905708
miniFE.c 25 Ap -100.5242016824285116
miniFE.c 25 Ap -76.8479561592256886
miniFE.c 25 Ap -144.7236188413916693
miniFE.c 25 Ap -196.6378050105709860
miniFE.c 25 Ap -169.2442102075906405
miniFE.c 25 Ap -145.3379739669683488
miniFE.c 25 Ap -139.0292547129295144
miniFE.c 25 Ap -138.2842578453895612
miniFE.c 25 Ap -103.0666783690785309
miniFE.c 25 Ap -59.6604373289549628
miniFE.c 25 Ap -178.2795427191821318
miniFE.c 25 Ap -181.1911951707373021
miniFE.c 25 Ap 315.8907330844043599
miniFE.c 25 Ap 325.5715113597665891
miniFE.c 25 Ap 393.7548959627273462
miniFE.c 25 Ap 394.3544465073811125
miniFE.c 25 Ap -117.6727136577248700
miniFE.c 25 Ap -79.3533859535732375
miniFE.c 25 Ap -193.5768242587732004
miniFE.c 25 Ap -202.3765170697263613
miniFE.c 25 Ap -168.8509547246553666
miniFE.c 25 Ap -25.5258239553382964
miniFE.c 25 Ap 11.4086937392944208
miniFE.c 25 Ap 11.9493513763109878
miniFE.c 25 Ap -36.6197551855524281
miniFE.c 25 Ap 8.6277637668443390
miniFE.c 25 Ap -75.7699763739132948
miniFE.c 25 Ap -76.8020677064688329
miniFE.c 25 Ap 28.1437120145565416
miniFE.c 25 Ap 44.5591720140765091
miniFE.c 25 Ap 363.1321897159292575
miniFE.c 25 Ap 363.5542453756409031
miniFE.c 25 Ap -46.9628467199486153
miniFE.c 25 Ap -19.3559770418279058
miniFE.c 25 Ap -106.5728502937285498
miniFE.c 25 Ap -110.3202802386322645
miniFE.c 25 Ap -81.9466848599835913
miniFE.c 25 Ap -74.5583747917559236
miniFE.c 25 Ap -61.5814473934170366
miniFE.c 25 Ap -51.3443611294743292
miniFE.c 57 sum 2518.2099227170388076
miniFE.c 57 sum 3334.7671348884869076
miniFE.c 57 sum 5286.5175274160528716
miniFE.c 57 sum 5396.2839953884094939
miniFE.c 57 sum 8341.3374496931828617
miniFE.c 57 sum 8367.1057025735826755
miniFE.c 57 sum 10131.0677522130463331
miniFE.c 57 sum 10122.9654092048494931
miniFE.c 90 p_ap_dot 10122.9654092048494931
miniFE.c 91 alpha 0.0191556013617905
miniFE.c 40 y 1.0011101486837131
miniFE.c 40 y 2.0074138197099098
miniFE.c 40 y 1.0102934934987327
miniFE.c 40 y 1.9949375593198682
miniFE.c 40 y 0.9765995401299241
miniFE.c 40 y 1.9758488628192237
miniFE.c 40 y 1.0301800610364023
miniFE.c 40 y 2.0088320322734723
miniFE.c 40 y 0.2966512597815889
miniFE.c 40 y -0.5436654231119795
miniFE.c 40 y -0.4510696881932406
miniFE.c 40 y 0.4453443913117137
miniFE.c 40 y 0.9573588886330127
miniFE.c 40 y 1.2503915458517987
miniFE.c 40 y -1.6990276673518130
miniFE.c 40 y -0.6439438104396145
miniFE.c 82 oldrtrans 193.9114899779220877
miniFE.c 48 sum 0.0880019699300038
miniFE.c 48 sum 0.3835740622175315
miniFE.c 48 sum 0.5870379258242787
miniFE.c 48 sum 0.7853695526970794
miniFE.c 48 sum 1.7019055943417165
miniFE.c 48 sum 3.2653846122793673
miniFE.c 48 sum 6.1520796267063105
miniFE.c 48 sum 6.5667432577098008
miniFE.c 83 rtrans 6.5667432577098008
miniFE.c 84 beta 0.0338646423605814
miniFE.c 40 y 0.0484670567851664
miniFE.c 40 y -0.4092233834708201
miniFE.c 40 y -0.6902023550162035
miniFE.c 40 y 0.4184635139147786
miniFE.c 40 y 1.2102612784656055
miniFE.c 40 y 1.3234191638848338
miniFE.c 40 y -1.5347167159366901
miniFE.c 40 y -0.6385998361020350
miniFE.c 87 normr 2.5625657567582145
miniFE.c 25 Ap 3.2518831195542712
miniFE.c 25 Ap -2.9222951397309003
miniFE.c 25 Ap -9.3544378992285182
miniFE.c 25 Ap -3.6145872952515967
miniFE.c 25 Ap 13.4058132709343845
miniFE.c 25 Ap 34.6551607339348351
miniFE.c 25 Ap 26.9865619141447475
miniFE.c 25 Ap 22.8943739326132345
miniFE.c 25 Ap 0.7312491425990371
miniFE.c 25 Ap -26.4561570034646145
miniFE.c 25 Ap -36.3895285907871653
miniFE.c 25 Ap -33.8938891910859894
miniFE.c 25 Ap -20.6613643742416606
miniFE.c 25 Ap -7.8873705749276528
miniFE.c 25 Ap -25.3791662203116459
miniFE.c 25 Ap -29.8199268977812579
miniFE.c 25 Ap 0.4516748256640608
miniFE.c 25 Ap -5.4378558325464788
miniFE.c 25 Ap -52.1466721241249900
miniFE.c 25 Ap -48.1243275972611997
miniFE.c 25 Ap -27.7941407945658376
miniFE.c 25 Ap -6.3869226595055721
miniFE.c 25 Ap -24.7297647653779364
miniFE.c 25 Ap -32.6172199030463048
miniFE.c 25 Ap 0.6647978997231668
miniFE.c 25 Ap -1.7757350621942454
miniFE.c 25 Ap -8.4100808840221219
miniFE.c 25 Ap 18.9581484986131912
miniFE.c 25 Ap 23.3975224172882221
miniFE.c 25 Ap 38.0688016920074617
miniFE.c 25 Ap 36.0733123722949500
miniFE.c 25 Ap 33.0584646652618304
miniFE.c 25 Ap 0.6816120910630767
miniFE.c 25 Ap -3.7926767866873163
miniFE.c 25 Ap -15.3868201826734055
miniFE.c 25 Ap -13.8518491457204398
miniFE.c 25 Ap 66.7046664781611440
miniFE.c 25 Ap 72.6457690526070934
miniFE.c 25 Ap 51.0789168472322075
miniFE.c 25 Ap 48.6526602231359746
miniFE.c 25 Ap 0.7782063581217711
miniFE.c 25 Ap -3.1717265925585876
miniFE.c 25 Ap -14.3362259245706412
miniFE.c 25 Ap -9.6971854402979361
miniFE.c 25 Ap -4.2640720371811902
miniFE.c 25 Ap 83.6946931752707570
miniFE.c 25 Ap 72.0120627362655625
miniFE.c 25 Ap 69.8241334868021113
miniFE.c 25 Ap 0.2421778629253937
miniFE.c 25 Ap -4.4219088200787660
miniFE.c 25 Ap -12.6711659550911300
miniFE.c 25 Ap -12.1270658850031765
miniFE.c 25 Ap 4.8803243724392971
miniFE.c 25 Ap 14.9545073451108195
miniFE.c 25 Ap -85.8122297332035657
miniFE.c 25 Ap -87.5202013950491136
miniFE.c 25 Ap 0.3105799533039237
miniFE.c 25 Ap -2.5351193514605792
miniFE.c 25 Ap -11.0599259726660613
miniFE.c 25 Ap -9.0843480064960023
miniFE.c 25 Ap -4.4861563412930456
miniFE.c 25 Ap 0.0480563757635197
miniFE.c 25 Ap -4.0566309598619661
miniFE.c 25 Ap -45.4839944754436800
miniFE.c 57 sum 1.1096229214527986
miniFE.c 57 sum 13.3126343014153612
miniFE.c 57 sum 35.8251162925793096
miniFE.c 57 sum 49.6588775810323213
miniFE.c 57 sum 108.5413083434375778
miniFE.c 57 sum 200.9479047015242372
miniFE.c 57 sum 335.2666207646517478
miniFE.c 57 sum 364.3126921819359723
miniFE.c 90 p_ap_dot 364.3126921819359723
miniFE.c 91 alpha 0.0180250191624683
miniFE.c 40 y 1.0019837683110142
miniFE.c 40 y 2.0000375603811182
miniFE.c 40 y 0.9978525828235849
miniFE.c 40 y 2.0024803721769757
miniFE.c 40 y 0.9984145228658600
miniFE.c 40 y 1.9997035186082255
miniFE.c 40 y 1.0025167628226830
miniFE.c 40 y 1.9973212579905839
miniFE.c 40 y -0.1160202690664787
miniFE.c 40 y -0.0061606693560693
miniFE.c 40 y 0.1368563255856106
miniFE.c 40 y -0.1505350677614111
miniFE.c 40 y 0.0803937558059289
miniFE.c 40 y -0.0081897982505519
miniFE.c 40 y -0.1214743601029704
miniFE.c 40 y 0.1759060615658589
miniFE.c 82 oldrtrans 6.5667432577098008
miniFE.c 48 sum 0.0134607028342581
miniFE.c 48 sum 0.0134986566811729
miniFE.c 48 sum 0.0322283105339676
miniFE.c 48 sum 0.0548891171599002
miniFE.c 48 sum 0.0613522731324835
miniFE.c 48 sum 0.0614193459278683
miniFE.c 48 sum 0.0761753660902944
miniFE.c 48 sum 0.1071183085859061
miniFE.c 83 rtrans 0.1071183085859061
miniFE.c 84 beta 0.0163122425199344
miniFE.c 40 y -0.1152296626819717
miniFE.c 40 y -0.0128360204320734
miniFE.c 40 y 0.1255975773827564
miniFE.c 40 y -0.1437089894366893
miniFE.c 40 y 0.1001358312927457
miniFE.c 40 y 0.0133981361062663
miniFE.c 40 y -0.1465090313727269
miniFE.c 40 y 0.1654890661661721
miniFE.c 87 normr 0.3272893346656841
miniFE.c 25 Ap -7.7313008010447115
miniFE.c 25 Ap -7.9249649011146408
miniFE.c 25 Ap -6.7544943252007510
miniFE.c 25 Ap -8.7256772417192057
miniFE.c 25 Ap -7.3174259905584931
miniFE.c 25 Ap -7.1023001579818388
miniFE.c 25 Ap -7.8343694535115747
miniFE.c 25 Ap -6.7739050917075749
miniFE.c 25 Ap -1.7385332971973815
miniFE.c 25 Ap -2.5913147238746657
miniFE.c 25 Ap -0.7837181581093571
miniFE.c 25 Ap -1.6407721286557160
miniFE.c 25 Ap -0.5459260022750390
miniFE.c 25 Ap -0.4166036286731525
miniFE.c 25 Ap -2.0864271279309841
miniFE.c 25 Ap -0.9356323797399073
miniFE.c 25 Ap -1.0738497704514451
miniFE.c 25 Ap -1.2585853914292326
miniFE.c 25 Ap 7.2411163641533900
miniFE.c 25 Ap 5.8597604086147808
miniFE.c 25 Ap 7.5418601271199552
miniFE.c 25 Ap 7.7585842233527256
miniFE.c 25 Ap 6.0075170709277756
miniFE.c 25 Ap 8.0515006602874166
miniFE.c 25 Ap -1.5805465158806375
miniFE.c 25 Ap -1.6570981799097639
miniFE.c 25 Ap -0.4498322865306674
miniFE.c 25 Ap -9.8486459380620843
miniFE.c 25 Ap -9.4813364936671878
miniFE.c 25 Ap -9.3328062305880906
miniFE.c 25 Ap -9.5233021079769458
miniFE.c 25 Ap -8.7420235929125951
miniFE.c 25 Ap -1.6205219904582668
miniFE.c 25 Ap -1.7608660318145890
miniFE.c 25 Ap 0.3489446806248815
miniFE.c 25 Ap -0.1781959880357119
miniFE.c 25 Ap 6.4869711139568693
miniFE.c 25 Ap 6.5471181203520725
miniFE.c 25 Ap 4.4882765155418074
miniFE.c 25 Ap 5.1170254132114597
miniFE.c 25 Ap -1.8501733361036701
miniFE.c 25 Ap -1.9740700196954775
miniFE.c 25 Ap 0.0575574567990014
miniFE.c 25 Ap -1.5355845921072984
miniFE.c 25 Ap -1.0860541173170855
miniFE.c 25 Ap -0.1955701797895603
miniFE.c 25 Ap -1.3108319422572556
miniFE.c 25 Ap -0.7438440605480175
miniFE.c 25 Ap -0.5757740474654672
miniFE.c 25 Ap -0.7220714350981851
miniFE.c 25 Ap 0.7790632739258766
miniFE.c 25 Ap 0.5922081034636417
miniFE.c 25 Ap 1.9993828944379570
miniFE.c 25 Ap 2.1013727086333853
miniFE.c 25 Ap -7.5181465750433913
miniFE.c 25 Ap -7.0755366347051929
miniFE.c 25 Ap -0.7383989379348234
miniFE.c 25 Ap -0.8276593660894596
miniFE.c 25 Ap 0.7236176637531198
miniFE.c 25 Ap 0.0451635007708052
miniFE.c 25 Ap 0.4256133697629230
miniFE.c 25 Ap 0.4715171928113656
miniFE.c 25 Ap 0.0796704373902192
miniFE.c 25 Ap 10.8153069257540455
miniFE.c 57 sum 0.7805547987571542
miniFE.c 57 sum 0.7925645951004051
miniFE.c 57 sum 1.8038135723281683
miniFE.c 57 sum 3.0601209484973335
miniFE.c 57 sum 3.5725185419953682
miniFE.c 57 sum 3.5625524180303083
miniFE.c 57 sum 4.5991824368232104
miniFE.c 57 sum 6.3889974802667808
miniFE.c 90 p_ap_dot 6.3889974802667808
miniFE.c 91 alpha 0.0167660589813589
miniFE.c 40 y 1.0000518209900862
miniFE.c 40 y 1.9998223509054682
miniFE.c 40 y 0.9999583592139000
miniFE.c 40 y 2.0000709387839288
miniFE.c 40 y 1.0000934061194615
miniFE.c 40 y 1.9999281525484234
miniFE.c 40 y 1.0000603837613862
miniFE.c 40 y 2.0000958574346961
miniFE.c 40 y -0.0024485767647823
miniFE.c 40 y 0.0095261983075192
miniFE.c 40 y 0.0018643906267817
miniFE.c 40 y -0.0039657845862077
miniFE.c 40 y -0.0053985940810868
miniFE.c 40 y 0.0042815351415297
miniFE.c 40 y -0.0028454955607376
miniFE.c 40 y -0.0054240122528327
miniFE.c 82 oldrtrans 0.1071183085859061
miniFE.c 48 sum 0.0000059955281730
miniFE.c 48 sum 0.0000967439823672
miniFE.c 48 sum 0.0001002199347764
miniFE.c 48 sum 0.0001159473821606
miniFE.c 48 sum 0.0001450922002130
miniFE.c 48 sum 0.0001634237433811
miniFE.c 48 sum 0.0001715205883673
miniFE.c 48 sum 0.0002009404972862
miniFE.c 83 rtrans 0.0002009404972862
miniFE.c 84 beta 0.0018758744414364
miniFE.c 40 y -0.0026647331439027
miniFE.c 40 y 0.0095021195448609
miniFE.c 40 y 0.0020999959121004
miniFE.c 40 y -0.0042353646064966
miniFE.c 40 y -0.0052107518344927
miniFE.c 40 y 0.0043066683626143
miniFE.c 40 y -0.0031203281081293
miniFE.c 40 y -0.0051135755432744
miniFE.c 87 normr 0.0141753482245129
miniFE.c 25 Ap -0.1787894975175406
miniFE.c 25 Ap -0.0354257937784748
miniFE.c 25 Ap -0.0158554845744821
miniFE.c 25 Ap -0.0739498208458468
miniFE.c 25 Ap -0.1472307603025698
miniFE.c 25 Ap -0.0780811704050896
miniFE.c 25 Ap -0.0936726761200409
miniFE.c 25 Ap -0.1264407903566023
miniFE.c 25 Ap -0.0402042945452893
miniFE.c 25 Ap 0.5910841257876198
miniFE.c 25 Ap 0.6213072039546911
miniFE.c 25 Ap 0.5960482687486329
miniFE.c 25 Ap 0.5390759403835051
miniFE.c 25 Ap 0.5806450489932429
miniFE.c 25 Ap 0.5450813902103688
miniFE.c 25 Ap 0.5095220870128421
miniFE.c 25 Ap -0.0248332157561890
miniFE.c 25 Ap 0.1119210036698625
miniFE.c 25 Ap 0.2540363160249756
miniFE.c 25 Ap 0.2133252502385240
miniFE.c 25 Ap 0.1257941029873854
miniFE.c 25 Ap 0.1954574353538419
miniFE.c 25 Ap 0.1581634610251669
miniFE.c 25 Ap 0.0950048201823428
miniFE.c 25 Ap -0.0365507855210101
miniFE.c 25 Ap 0.0201181070545440
miniFE.c 25 Ap 0.0403036352609374
miniFE.c 25 Ap -0.2366964524774179
miniFE.c 25 Ap -0.2558100738105425
miniFE.c 25 Ap -0.2080668220761203
miniFE.c 25 Ap -0.2121239756531376
miniFE.c 25 Ap -0.2362653089730511
miniFE.c 25 Ap -0.0374752347432928
miniFE.c 25 Ap 0.0664172345335936
miniFE.c 25 Ap 0.1016933438643199
miniFE.c 25 Ap 0.0861575521268544
miniFE.c 25 Ap -0.2606766555242914
miniFE.c 25 Ap -0.2413431297641648
miniFE.c 25 Ap -0.2851920397561492
miniFE.c 25 Ap -0.3046202416335821
miniFE.c 25 Ap -0.0427860161691844
miniFE.c 25 Ap 0.0489309692416118
miniFE.c 25 Ap 0.0828998521170148
miniFE.c 25 Ap 0.0359470659795001
miniFE.c 25 Ap 0.0125549223688326
miniFE.c 25 Ap 0.2987901845537246
miniFE.c 25 Ap 0.2750375012362265
miniFE.c 25 Ap 0.2575177010922702
miniFE.c 25 Ap -0.0133150106662622
miniFE.c 25 Ap 0.0949845416555307
miniFE.c 25 Ap 0.1200835667971997
miniFE.c 25 Ap 0.1145766059688008
miniFE.c 25 Ap 0.0413516820942986
miniFE.c 25 Ap 0.0741350709642573
miniFE.c 25 Ap -0.1307400560249182
miniFE.c 25 Ap -0.1444166052892115
miniFE.c 25 Ap -0.0170757778643166
miniFE.c 25 Ap 0.0490010302429306
miniFE.c 25 Ap 0.0749384367525874
miniFE.c 25 Ap 0.0549431618551079
miniFE.c 25 Ap 0.0351457544017501
miniFE.c 25 Ap 0.0499009816122956
miniFE.c 25 Ap 0.0415554862284016
miniFE.c 25 Ap -0.2901733068584914
miniFE.c 57 sum 0.0003369309648045
miniFE.c 57 sum 0.0051784707463475
miniFE.c 57 sum 0.0053779804803603
miniFE.c 57 sum 0.0063786502077277
miniFE.c 57 sum 0.0079659506906435
miniFE.c 57 sum 0.0090749940267508
miniFE.c 57 sum 0.0095256212195153
miniFE.c 57 sum 0.0110094443447779
miniFE.c 90 p_ap_dot 0.0110094443447779
miniFE.c 91 alpha 0.0182516474940456
miniFE.c 40 y 1.0000031852200779
miniFE.c 40 y 1.9999957802418473
miniFE.c 40 y 0.9999966875990266
miniFE.c 40 y 1.9999936364021222
miniFE.c 40 y 0.9999983013137994
miniFE.c 40 y 2.0000067563412514
miniFE.c 40 y 1.0000034326326908
miniFE.c 40 y 2.0000025262564463
miniFE.c 40 y -0.0001408240303250
miniFE.c 40 y 0.0002265807849303
miniFE.c 40 y 0.0001303961385784
miniFE.c 40 y 0.0003464465482402
miniFE.c 40 y 0.0001612271887604
miniFE.c 40 y -0.0004185871622835
miniFE.c 40 y -0.0002096545887122
miniFE.c 40 y -0.0001278713438700
