filename line variable value
miniFE.c 167 A 67.0947100000000063
miniFE.c 167 A 15.0875500000000002
miniFE.c 167 A 9.3192129999999995
miniFE.c 167 A 13.7164900000000003
miniFE.c 167 A 14.0634099999999993
miniFE.c 167 A 16.0564000000000000
miniFE.c 167 A 4.9967519999999999
miniFE.c 167 A 6.4080630000000003
miniFE.c 167 A 15.0875500000000002
miniFE.c 167 A 66.4365899999999954
miniFE.c 167 A 14.3919700000000006
miniFE.c 167 A 5.9638159999999996
miniFE.c 167 A 10.9336099999999998
miniFE.c 167 A 9.6522659999999991
miniFE.c 167 A 11.3974100000000007
miniFE.c 167 A 6.9539020000000002
miniFE.c 167 A 9.3192129999999995
miniFE.c 167 A 14.3919700000000006
miniFE.c 167 A 67.6740900000000067
miniFE.c 167 A 9.6121750000000006
miniFE.c 167 A 16.7981799999999986
miniFE.c 167 A 16.1756899999999995
miniFE.c 167 A 11.9519400000000005
miniFE.c 167 A 12.3511699999999998
miniFE.c 167 A 13.7164900000000003
miniFE.c 167 A 5.9638159999999996
miniFE.c 167 A 9.6121750000000006
miniFE.c 167 A 65.4017099999999942
miniFE.c 167 A 3.6681119999999998
miniFE.c 167 A 11.0858899999999991
miniFE.c 167 A 1.3002330000000000
miniFE.c 167 A 4.7210279999999996
miniFE.c 167 A 14.0634099999999993
miniFE.c 167 A 10.9336099999999998
miniFE.c 167 A 16.7981799999999986
miniFE.c 167 A 3.6681119999999998
miniFE.c 167 A 66.5612600000000043
miniFE.c 167 A 4.4892070000000004
miniFE.c 167 A 14.0526599999999995
miniFE.c 167 A 3.7993380000000001
miniFE.c 167 A 16.0564000000000000
miniFE.c 167 A 9.6522659999999991
miniFE.c 167 A 16.1756899999999995
miniFE.c 167 A 11.0858899999999991
miniFE.c 167 A 4.4892070000000004
miniFE.c 167 A 66.4632699999999943
miniFE.c 167 A 7.6122389999999998
miniFE.c 167 A 3.4261349999999999
miniFE.c 167 A 4.9967519999999999
miniFE.c 167 A 11.3974100000000007
miniFE.c 167 A 11.9519400000000005
miniFE.c 167 A 1.3002330000000000
miniFE.c 167 A 14.0526599999999995
miniFE.c 167 A 7.6122389999999998
miniFE.c 167 A 65.6581999999999937
miniFE.c 167 A 2.6745570000000001
miniFE.c 167 A 6.4080630000000003
miniFE.c 167 A 6.9539020000000002
miniFE.c 167 A 12.3511699999999998
miniFE.c 167 A 4.7210279999999996
miniFE.c 167 A 3.7993380000000001
miniFE.c 167 A 3.4261349999999999
miniFE.c 167 A 2.6745570000000001
miniFE.c 167 A 64.8721800000000002
miniFE.c 175 b 198.0110999999999990
miniFE.c 175 b 229.8237000000000023
miniFE.c 175 b 210.8053999999999917
miniFE.c 175 b 202.6418999999999926
miniFE.c 175 b 157.2561000000000035
miniFE.c 175 b 225.5886000000000138
miniFE.c 175 b 142.6283999999999992
miniFE.c 175 b 185.1795999999999935
miniFE.c 33 r 0.0000000000000000
miniFE.c 33 r 0.0000000000000000
miniFE.c 33 r 0.0000000000000000
miniFE.c 33 r 0.0000000000000000
miniFE.c 33 r 0.0000000000000000
miniFE.c 33 r 0.0000000000000000
miniFE.c 33 r 0.0000000000000000
miniFE.c 33 r 0.0000000000000000
miniFE.c 25 Ap 0.0000000000000000
miniFE.c 25 Ap 0.0000000000000000
miniFE.c 25 Ap 0.0000000000000000
miniFE.c 25 Ap 0.0000000000000000
miniFE.c 25 Ap 0.0000000000000000
miniFE.c 25 Ap 0.0000000000000000
miniFE.c 25 Ap 0.0000000000000000
miniFE.c 25 Ap 0.0000000000000000
miniFE.c 25 Ap 0.0000000000000000
miniFE.c 25 Ap 0.0000000000000000
miniFE.c 25 Ap 0.0000000000000000
miniFE.c 25 Ap 0.0000000000000000
miniFE.c 25 Ap 0.0000000000000000
miniFE.c 25 Ap 0.0000000000000000
miniFE.c 25 Ap 0.0000000000000000
miniFE.c 25 Ap 0.0000000000000000
miniFE.c 25 Ap 0.0000000000000000
miniFE.c 25 Ap 0.0000000000000000
miniFE.c 25 Ap 0.0000000000000000
miniFE.c 25 Ap 0.0000000000000000
miniFE.c 25 Ap 0.0000000000000000
miniFE.c 25 Ap 0.0000000000000000
miniFE.c 25 Ap 0.0000000000000000
miniFE.c 25 Ap 0.0000000000000000
miniFE.c 25 Ap 0.0000000000000000
miniFE.c 25 Ap 0.0000000000000000
miniFE.c 25 Ap 0.0000000000000000
miniFE.c 25 Ap 0.0000000000000000
miniFE.c 25 Ap 0.0000000000000000
miniFE.c 25 Ap 0.0000000000000000
miniFE.c 25 Ap 0.0000000000000000
miniFE.c 25 Ap 0.0000000000000000
miniFE.c 25 Ap 0.0000000000000000
miniFE.c 25 Ap 0.0000000000000000
miniFE.c 25 Ap 0.0000000000000000
miniFE.c 25 Ap 0.0000000000000000
miniFE.c 25 Ap 0.0000000000000000
miniFE.c 25 Ap 0.0000000000000000
miniFE.c 25 Ap 0.0000000000000000
miniFE.c 25 Ap 0.0000000000000000
miniFE.c 25 Ap 0.0000000000000000
miniFE.c 25 Ap 0.0000000000000000
miniFE.c 25 Ap 0.0000000000000000
miniFE.c 25 Ap 0.0000000000000000
miniFE.c 25 Ap 0.0000000000000000
miniFE.c 25 Ap 0.0000000000000000
miniFE.c 25 Ap 0.0000000000000000
miniFE.c 25 Ap 0.0000000000000000
miniFE.c 25 Ap 0.0000000000000000
miniFE.c 25 Ap 0.0000000000000000
miniFE.c 25 Ap 0.0000000000000000
miniFE.c 25 Ap 0.0000000000000000
miniFE.c 25 Ap 0.0000000000000000
miniFE.c 25 Ap 0.0000000000000000
miniFE.c 25 Ap 0.0000000000000000
miniFE.c 25 Ap 0.0000000000000000
miniFE.c 25 Ap 0.0000000000000000
miniFE.c 25 Ap 0.0000000000000000
miniFE.c 25 Ap 0.0000000000000000
miniFE.c 25 Ap 0.0000000000000000
miniFE.c 25 Ap 0.0000000000000000
miniFE.c 25 Ap 0.0000000000000000
miniFE.c 25 Ap 0.0000000000000000
miniFE.c 25 Ap 0.0000000000000000
miniFE.c 33 r 198.0110999999999990
miniFE.c 33 r 229.8237000000000023
miniFE.c 33 r 210.8053923706054604
miniFE.c 33 r 202.6418999999999926
miniFE.c 33 r 157.2561000000000035
miniFE.c 33 r 225.5886000000000138
miniFE.c 33 r 142.6283999999999992
miniFE.c 33 r 185.1795999999999935
miniFE.c 48 sum 39208.3957232100001420
miniFE.c 48 sum 92027.3288048999966122
miniFE.c 48 sum 136466.2422574249212630
miniFE.c 48 sum 177529.9818930349138100
miniFE.c 48 sum 202259.4628802449151408
miniFE.c 48 sum 253149.6793302049045451
miniFE.c 48 sum 273492.5398167648818344
miniFE.c 48 sum 307784.0240729248616844
miniFE.c 75 rtrans 307784.0240729248616844
miniFE.c 76 normr 554.7828620937427786
miniFE.c 33 r 198.0110999999999990
miniFE.c 33 r 229.8237000000000023
miniFE.c 33 r 210.8053923706054604
miniFE.c 33 r 202.6418999999999926
miniFE.c 33 r 157.2561000000000035
miniFE.c 33 r 225.5886000000000138
miniFE.c 33 r 142.6283999999999992
miniFE.c 33 r 185.1795999999999935
miniFE.c 87 normr 554.7828620937427786
miniFE.c 25 Ap 13285.4973312810016068
miniFE.c 25 Ap 16752.9738962160008668
miniFE.c 25 Ap 18717.5142492662489531
miniFE.c 25 Ap 21497.0498441972486035
miniFE.c 25 Ap 23708.6068534982478013
miniFE.c 25 Ap 27330.7476505382473988
miniFE.c 25 Ap 28043.4263934950467956
miniFE.c 25 Ap 29230.0689366098449682
miniFE.c 25 Ap 2987.5023718050001662
miniFE.c 25 Ap 18256.2053009880000900
miniFE.c 25 Ap 21290.1101838239846984
miniFE.c 25 Ap 22498.6291893143861671
miniFE.c 25 Ap 24218.0060568353874260
miniFE.c 25 Ap 26395.4472306029856554
miniFE.c 25 Ap 28021.0415830469864886
miniFE.c 25 Ap 29308.7623738461879839
miniFE.c 25 Ap 1845.3076172643000064
miniFE.c 25 Ap 5152.9234129532997031
miniFE.c 25 Ap 19418.9865087269681680
miniFE.c 25 Ap 21366.8159138594674005
miniFE.c 25 Ap 24008.4321877574657265
miniFE.c 25 Ap 27657.4834488914639223
miniFE.c 25 Ap 29362.1695279874620610
miniFE.c 25 Ap 31649.3542481194599532
miniFE.c 25 Ap 2716.0172730389999742
miniFE.c 25 Ap 4086.6435322781999275
miniFE.c 25 Ap 6112.9418546881242946
miniFE.c 25 Ap 19366.0686323371228355
miniFE.c 25 Ap 19942.9016198203244130
miniFE.c 25 Ap 22443.7520246743224561
miniFE.c 25 Ap 22629.2021770915234811
miniFE.c 25 Ap 23503.4402537203241081
miniFE.c 25 Ap 2784.7112838509997346
miniFE.c 25 Ap 5297.5139884079999320
miniFE.c 25 Ap 8838.6609144200574519
miniFE.c 25 Ap 9581.9740995128577197
miniFE.c 25 Ap 20049.1382581988582388
miniFE.c 25 Ap 21061.8521804390584293
miniFE.c 25 Ap 23066.1605919830581115
miniFE.c 25 Ap 23769.7204830878581561
miniFE.c 25 Ap 3179.3454260399998930
miniFE.c 25 Ap 5397.6649115441996400
miniFE.c 25 Ap 8807.5875888594782737
miniFE.c 25 Ap 11054.0534016504789179
miniFE.c 25 Ap 11760.0085865631790512
miniFE.c 25 Ap 26753.3646172851804295
miniFE.c 25 Ap 27839.0860862727786298
miniFE.c 25 Ap 28473.5363951187791827
miniFE.c 25 Ap 989.4123599472000024
miniFE.c 25 Ap 3608.8072965641999872
miniFE.c 25 Ap 6128.3406978541343051
miniFE.c 25 Ap 6391.8223834168338726
miniFE.c 25 Ap 8601.6888896428336011
miniFE.c 25 Ap 10318.9232285182333726
miniFE.c 25 Ap 19683.6472413982337457
miniFE.c 25 Ap 20178.9206368354352890
miniFE.c 25 Ap 1268.8676034993000030
miniFE.c 25 Ap 2867.0390905766998912
miniFE.c 25 Ap 5470.7323286627506604
miniFE.c 25 Ap 6427.4104125359508544
miniFE.c 25 Ap 7024.8794889977507410
miniFE.c 25 Ap 7797.7764870587507176
miniFE.c 25 Ap 8179.2442726775507253
miniFE.c 25 Ap 20192.2486162055502064
miniFE.c 57 sum 5787878.1032139454036951
miniFE.c 57 sum 12523726.3143920600414276
miniFE.c 57 sum 19195580.8549431711435318
miniFE.c 57 sum 23958362.6444935388863087
miniFE.c 57 sum 27696296.1857540532946587
miniFE.c 57 sum 34119601.3981779441237450
miniFE.c 57 sum 36997688.5623367652297020
miniFE.c 57 sum 40736881.0841862633824348
miniFE.c 90 p_ap_dot 40736881.0841862633824348
miniFE.c 91 alpha 0.0075554145501926
miniFE.c 40 y 1.4960559460396334
miniFE.c 40 y 1.7364133269590891
miniFE.c 40 y 1.5927221287759237
miniFE.c 40 y 1.5310435597386651
miniFE.c 40 y 1.1881350260465358
miniFE.c 40 y 1.7044153907975688
miniFE.c 40 y 1.0776166886306842
miniFE.c 40 y 1.3991086442388376
miniFE.c 40 y -22.8341881467935082
miniFE.c 40 y 8.3838503125063539
miniFE.c 40 y -28.3185992198349368
miniFE.c 40 y 25.0636655274600173
miniFE.c 40 y -22.3339919919320664
miniFE.c 40 y 10.4592288248822456
miniFE.c 40 y -9.8317105867272971
miniFE.c 40 y 32.6187910040150371
miniFE.c 82 oldrtrans 307784.0240729248616844
miniFE.c 48 sum 521.4001483231651264
miniFE.c 48 sum 591.6890943856780041
miniFE.c 48 sum 1393.6321561593140359
miniFE.c 48 sum 2021.8194858317015132
miniFE.c 48 sum 2520.6266841273873069
miniFE.c 48 sum 2630.0221517386348751
miniFE.c 48 sum 2726.6846847998003796
miniFE.c 48 sum 3790.6702113634128182
miniFE.c 83 rtrans 3790.6702113634128182
miniFE.c 84 beta 0.0123160070532617
miniFE.c 40 y -20.3954820425693981
miniFE.c 40 y 11.2143606227130554
miniFE.c 40 y -25.7223185205329585
miniFE.c 40 y 27.5594045971463686
miniFE.c 40 y -20.3972247551636379
miniFE.c 40 y 13.2375796136176795
miniFE.c 40 y -8.0750982063318659
miniFE.c 40 y 34.8994642637352186
miniFE.c 87 normr 61.5684189448081653
miniFE.c 25 Ap -1368.4289529564016448
miniFE.c 25 Ap -1199.2317263431873471
miniFE.c 25 Ap -1438.9434914898788520
miniFE.c 25 Ap -1060.9251939271666743
miniFE.c 25 Ap -1347.7797285211825056
miniFE.c 25 Ap -1135.2318552130916487
miniFE.c 25 Ap -1175.5811183257767425
miniFE.c 25 Ap -951.9431526575128828
miniFE.c 25 Ap -307.7178550913679373
miniFE.c 25 Ap 437.3260237119640124
miniFE.c 25 Ap 67.1311872340092464
miniFE.c 25 Ap 231.4904053209442907
miniFE.c 25 Ap 8.4751047656395997
miniFE.c 25 Ap 136.2477443924546492
miniFE.c 25 Ap 44.2125393446257675
miniFE.c 25 Ap 286.8999936871426257
miniFE.c 25 Ap -190.0698413923792884
miniFE.c 25 Ap -28.6730997411116562
miniFE.c 25 Ap -1769.4075983083259871
miniFE.c 25 Ap -1504.5017784247506825
miniFE.c 25 Ap -1847.1380313624454175
miniFE.c 25 Ap -1633.0110471822461022
miniFE.c 25 Ap -1729.5241364384321514
miniFE.c 25 Ap -1298.4749204081135758
miniFE.c 25 Ap -279.7544254820827518
miniFE.c 25 Ap -212.8740421705766721
miniFE.c 25 Ap -460.1214691956805609
miniFE.c 25 Ap 1342.3107180395527394
miniFE.c 25 Ap 1267.4914131484399604
miniFE.c 25 Ap 1414.2417646112480725
miniFE.c 25 Ap 1403.7422554451345604
miniFE.c 25 Ap 1568.5036034192278294
miniFE.c 25 Ap -286.8300261122909092
miniFE.c 25 Ap -164.2165806641892232
miniFE.c 25 Ap -596.3047171894354506
miniFE.c 25 Ap -495.2137344737876674
miniFE.c 25 Ap -1852.8787146806707824
miniFE.c 25 Ap -1793.4524796161610993
miniFE.c 25 Ap -1906.9290891763525906
miniFE.c 25 Ap -1774.3342284195014145
miniFE.c 25 Ap -327.4780178683112695
miniFE.c 25 Ap -219.2340261179592176
miniFE.c 25 Ap -635.3102765873589988
miniFE.c 25 Ap -329.7897487579000426
miniFE.c 25 Ap -421.3571129093539298
miniFE.c 25 Ap 458.4557150970135240
miniFE.c 25 Ap 396.9861376019440513
miniFE.c 25 Ap 516.5564135971765154
miniFE.c 25 Ap -101.9111656871727263
miniFE.c 25 Ap 25.9035002177432858
miniFE.c 25 Ap -281.5281074005554274
miniFE.c 25 Ap -245.6944600829939986
miniFE.c 25 Ap -532.3297245108917650
miniFE.c 25 Ap -431.5621047105063326
miniFE.c 25 Ap -961.7585177614852228
miniFE.c 25 Ap -868.4179113186623908
miniFE.c 25 Ap -130.6955338441534025
miniFE.c 25 Ap -52.7119690811478421
miniFE.c 25 Ap -370.4126979223989338
miniFE.c 25 Ap -240.3039771559422206
miniFE.c 25 Ap -317.7999282627761204
miniFE.c 25 Ap -272.4461934332741180
miniFE.c 25 Ap -294.0435038667064305
miniFE.c 25 Ap 1969.9608237538918729
miniFE.c 57 sum 19415.3394755732042540
miniFE.c 57 sum 22632.7394674349197885
miniFE.c 57 sum 56032.5249610960963764
miniFE.c 57 sum 99259.5503798086137976
miniFE.c 57 sum 135451.0444276610505767
miniFE.c 57 sum 142289.0010775784903672
miniFE.c 57 sum 149301.5609956142725423
miniFE.c 57 sum 218052.1383651716168970
miniFE.c 90 p_ap_dot 218052.1383651716168970
miniFE.c 91 alpha 0.0173842377322399
miniFE.c 40 y 1.1414960375479772
miniFE.c 40 y 1.9313664380394029
miniFE.c 40 y 1.1455592285905813
miniFE.c 40 y 2.0101428010144429
miniFE.c 40 y 0.8335448218248422
miniFE.c 40 y 1.9345406218001511
miniFE.c 40 y 0.9372372617006269
miniFE.c 40 y 2.0058092277274215
miniFE.c 40 y -6.2853820734173595
miniFE.c 40 y 3.3963126168709383
miniFE.c 40 y -5.7456025141090024
miniFE.c 40 y -2.2035739982547788
miniFE.c 40 y 8.5114560513630089
miniFE.c 40 y 1.4792893287956872
miniFE.c 40 y 5.2650728345715603
miniFE.c 40 y -1.6274762793217761
miniFE.c 82 oldrtrans 3790.6702113634128182
miniFE.c 48 sum 39.5060278088363077
miniFE.c 48 sum 51.0409672003530304
miniFE.c 48 sum 84.0529154504887117
miniFE.c 48 sum 88.9086538162732580
miniFE.c 48 sum 161.3535379305572519
miniFE.c 48 sum 163.5418348488460367
miniFE.c 48 sum 191.2628268021894371
miniFE.c 48 sum 193.9115058419444892
miniFE.c 83 rtrans 193.9115058419444892
miniFE.c 84 beta 0.0511549396359118
miniFE.c 40 y -7.3287117261503205
miniFE.c 40 y 3.9699825575811714
miniFE.c 40 y -7.0614261653225627
miniFE.c 40 y -0.7937743196860856
miniFE.c 40 y 7.4680372502724870
miniFE.c 40 y 2.1564569148558768
miniFE.c 40 y 4.8519916732725941
miniFE.c 40 y 0.1578037084152608
miniFE.c 87 normr 13.9252111596896260
miniFE.c 25 Ap -491.7177879396552385
miniFE.c 25 Ap -431.8204776030214589
miniFE.c 25 Ap -497.6274121214356114
miniFE.c 25 Ap -508.5152096396666366
miniFE.c 25 Ap -403.4891398938120801
miniFE.c 25 Ap -368.8642050861201938
miniFE.c 25 Ap -344.6200059887120233
miniFE.c 25 Ap -343.6087898835534133
miniFE.c 25 Ap -110.5723046038792745
miniFE.c 25 Ap 153.1797988812923563
miniFE.c 25 Ap 51.5519653527549906
miniFE.c 25 Ap 46.8180413646219975
miniFE.c 25 Ap 128.4706481245737564
miniFE.c 25 Ap 149.2853438843020228
miniFE.c 25 Ap 204.5854823011758299
miniFE.c 25 Ap 205.6828338247321426
miniFE.c 25 Ap -68.2978255915924990
miniFE.c 25 Ap -11.1619557223610073
miniFE.c 25 Ap -489.0375455627550423
miniFE.c 25 Ap -496.6674432340836347
miniFE.c 25 Ap -371.2180092573013326
miniFE.c 25 Ap -336.3358307042362867
miniFE.c 25 Ap -278.3451173447826363
miniFE.c 25 Ap -276.3960569155153166
miniFE.c 25 Ap -100.5242011046236144
miniFE.c 25 Ap -76.8479556080001061
miniFE.c 25 Ap -144.7236196586595156
miniFE.c 25 Ap -196.6378175202161742
miniFE.c 25 Ap -169.2442204660446521
miniFE.c 25 Ap -145.3379763182130375
miniFE.c 25 Ap -139.0292566288987928
miniFE.c 25 Ap -138.2842609029665084
miniFE.c 25 Ap -103.0666777766596738
miniFE.c 25 Ap -59.6604367852646007
miniFE.c 25 Ap -178.2795445670627714
miniFE.c 25 Ap -181.1911976743951413
miniFE.c 25 Ap 315.8907714306769776
miniFE.c 25 Ap 325.5715529080463853
miniFE.c 25 Ap 393.7549422153772412
miniFE.c 25 Ap 394.3544918413002733
miniFE.c 25 Ap -117.6727269597600127
miniFE.c 25 Ap -79.3533992986262433
miniFE.c 25 Ap -193.5768399067727614
miniFE.c 25 Ap -202.3765346996375456
miniFE.c 25 Ap -168.8509695994535491
miniFE.c 25 Ap -25.5257914240204116
miniFE.c 25 Ap 11.4087288189404887
miniFE.c 25 Ap 11.9493856274718091
miniFE.c 25 Ap -36.6197549750650637
miniFE.c 25 Ap 8.6277639265361543
miniFE.c 25 Ap -75.7699779158292017
miniFE.c 25 Ap -76.8020694808376021
miniFE.c 25 Ap 28.1437188645765559
miniFE.c 25 Ap 44.5591842936621418
miniFE.c 25 Ap 363.1322239757287775
miniFE.c 25 Ap 363.5542789886967512
miniFE.c 25 Ap -46.9628464500100051
miniFE.c 25 Ap -19.3559768028811803
miniFE.c 25 Ap -106.5728518132282545
miniFE.c 25 Ap -110.3202826021472163
miniFE.c 25 Ap -81.9466848917714401
miniFE.c 25 Ap -74.5583723797917060
miniFE.c 25 Ap -61.5814440860987773
miniFE.c 25 Ap -51.3443735091164655
miniFE.c 57 sum 2518.2097676279195184
miniFE.c 57 sum 3334.7670303059726393
miniFE.c 57 sum 5286.5173786011764605
miniFE.c 57 sum 5396.2838737227220918
miniFE.c 57 sum 8341.3379086058303074
miniFE.c 57 sum 8367.1062438704720989
miniFE.c 57 sum 10131.0685783062508563
miniFE.c 57 sum 10122.9662457602535142
miniFE.c 90 p_ap_dot 10122.9662457602535142
miniFE.c 91 alpha 0.0191556013459157
miniFE.c 40 y 1.0011101573427039
miniFE.c 40 y 2.0074138412626668
miniFE.c 40 y 1.0102933640340439
miniFE.c 40 y 1.9949375765879107
miniFE.c 40 y 0.9765995662275107
miniFE.c 40 y 1.9758488507807737
miniFE.c 40 y 1.0301800799275393
miniFE.c 40 y 2.0088320526567314
miniFE.c 40 y 0.2966509245445073
miniFE.c 40 y -0.5436657515738594
miniFE.c 40 y -0.4510698342523600
miniFE.c 40 y 0.4453441760170467
miniFE.c 40 y 0.9573586166798886
miniFE.c 40 y 1.2503916613872224
miniFE.c 40 y -1.6990280013377372
miniFE.c 40 y -0.6439439290253454
miniFE.c 82 oldrtrans 193.9115058419444892
miniFE.c 48 sum 0.0880017710331109
miniFE.c 48 sum 0.3835742204674804
miniFE.c 48 sum 0.5870382158399319
miniFE.c 48 sum 0.7853696509522341
miniFE.c 48 sum 1.7019051718834639
miniFE.c 48 sum 3.2653844787501622
miniFE.c 48 sum 6.1520806280798688
miniFE.c 48 sum 6.5667444118084681
miniFE.c 83 rtrans 6.5667444118084681
miniFE.c 84 beta 0.0338646455417708
miniFE.c 40 y 0.0484666996606074
miniFE.c 40 y -0.4092236994543604
miniFE.c 40 y -0.6902025283603944
miniFE.c 40 y 0.4184632900407171
miniFE.c 40 y 1.2102610510531071
miniFE.c 40 y 1.3234193104349172
miniFE.c 40 y -1.5347170231507374
miniFE.c 40 y -0.6385999623746856
miniFE.c 87 normr 2.5625659819424098
miniFE.c 25 Ap 3.2518591583855523
miniFE.c 25 Ap -2.9223238683170827
miniFE.c 25 Ap -9.3544682432461386
miniFE.c 25 Ap -3.6146207100355419
miniFE.c 25 Ap 13.4057766579552329
miniFE.c 25 Ap 34.6551264740224383
miniFE.c 25 Ap 26.9865261191599437
miniFE.c 25 Ap 22.8943373284653262
miniFE.c 25 Ap 0.7312437544643973
miniFE.c 25 Ap -26.4561833844681651
miniFE.c 25 Ap -36.3895574665551109
miniFE.c 25 Ap -33.8939194019976426
miniFE.c 25 Ap -20.6613970715928801
miniFE.c 25 Ap -7.8874018577384852
miniFE.c 25 Ap -25.3792010045669336
miniFE.c 25 Ap -29.8199625601241856
miniFE.c 25 Ap 0.4516714975442281
miniFE.c 25 Ap -5.4378637082919434
miniFE.c 25 Ap -52.1466917307808302
miniFE.c 25 Ap -48.1243493558337008
miniFE.c 25 Ap -27.7941663732544200
miniFE.c 25 Ap -6.3869458676454336
miniFE.c 25 Ap -24.7297916453216580
miniFE.c 25 Ap -32.6172483426050022
miniFE.c 25 Ap 0.6647930012277249
miniFE.c 25 Ap -1.7757418451573805
miniFE.c 25 Ap -8.4100893331999558
miniFE.c 25 Ap 18.9581254076889110
miniFE.c 25 Ap 23.3974984921894276
miniFE.c 25 Ap 38.0687793915467694
miniFE.c 25 Ap 36.0732896723844192
miniFE.c 25 Ap 33.0584413692145844
miniFE.c 25 Ap 0.6816070686739827
miniFE.c 25 Ap -3.7926852639172068
miniFE.c 25 Ap -15.3868315717702160
miniFE.c 25 Ap -13.8518613560123818
miniFE.c 25 Ap 66.7046391310067577
miniFE.c 25 Ap 72.6457423633463577
miniFE.c 25 Ap 51.0788858407969144
miniFE.c 25 Ap 48.6526287369482020
miniFE.c 25 Ap 0.7782007164305768
miniFE.c 25 Ap -3.1717352842069642
miniFE.c 25 Ap -14.3362374201809111
miniFE.c 25 Ap -9.6971994177514258
miniFE.c 25 Ap -4.2640870355364600
miniFE.c 25 Ap 83.6946879171132565
miniFE.c 25 Ap 72.0120551395213084
miniFE.c 25 Ap 69.8241254574307106
miniFE.c 25 Ap 0.2421760784625394
miniFE.c 25 Ap -4.4219142059355825
miniFE.c 25 Ap -12.6711734127473150
miniFE.c 25 Ap -12.1270736337478038
miniFE.c 25 Ap 4.8803134279441505
miniFE.c 25 Ap 14.9544975161899334
miniFE.c 25 Ap -85.8122597332458099
miniFE.c 25 Ap -87.5202317328147643
miniFE.c 25 Ap 0.3105776648272509
miniFE.c 25 Ap -2.5351238372558247
miniFE.c 25 Ap -11.0599325994648776
miniFE.c 25 Ap -9.0843556902105309
miniFE.c 25 Ap -4.4861648890245212
miniFE.c 25 Ap 0.0480483301324135
miniFE.c 25 Ap -4.0566398271545534
miniFE.c 25 Ap -45.4840115343183911
miniFE.c 57 sum 1.1096129712273619
miniFE.c 57 sum 13.3126483676719012
miniFE.c 57 sum 35.8251556418967567
miniFE.c 57 sum 49.6588997808764390
miniFE.c 57 sum 108.5412813725519641
miniFE.c 57 sum 200.9478773371460534
miniFE.c 57 sum 335.2666668475942515
miniFE.c 57 sum 364.3127549020597371
miniFE.c 90 p_ap_dot 364.3127549020597371
miniFE.c 91 alpha 0.0180250192271578
miniFE.c 40 y 1.0019837705359633
miniFE.c 40 y 2.0000375762117932
miniFE.c 40 y 0.9978524501897148
miniFE.c 40 y 2.0024803854367543
miniFE.c 40 y 0.9984145449426232
miniFE.c 40 y 1.9997035092969551
miniFE.c 40 y 1.0025167760770008
miniFE.c 40 y 1.9973212760564654
miniFE.c 40 y -0.1160199459941177
miniFE.c 40 y -0.0061603530744940
miniFE.c 40 y 0.1368566942600774
miniFE.c 40 y -0.1505348652829164
miniFE.c 40 y 0.0803940482446251
miniFE.c 40 y -0.0081895425024474
miniFE.c 40 y -0.1214741415884413
miniFE.c 40 y 0.1759062534090127
miniFE.c 82 oldrtrans 6.5667444118084681
miniFE.c 48 sum 0.0134606278684780
miniFE.c 48 sum 0.0134985778184804
miniFE.c 48 sum 0.0322283325822767
miniFE.c 48 sum 0.0548890782480225
miniFE.c 48 sum 0.0613522812411816
miniFE.c 48 sum 0.0614193498475810
miniFE.c 48 sum 0.0761753169222297
miniFE.c 48 sum 0.1071183269106255
miniFE.c 83 rtrans 0.1071183269106255
miniFE.c 84 beta 0.0163122424436077
miniFE.c 40 y -0.1152293454388124
miniFE.c 40 y -0.0128357092736636
miniFE.c 40 y 0.1255979432822717
miniFE.c 40 y -0.1437087906420225
miniFE.c 40 y 0.1001361199294589
miniFE.c 40 y 0.0133983941439190
miniFE.c 40 y -0.1465088177524079
miniFE.c 40 y 0.1654892559982781
miniFE.c 87 normr 0.3272893626603612
miniFE.c 25 Ap -7.7312795157069418
miniFE.c 25 Ap -7.9249389211588053
miniFE.c 25 Ap -6.7544649353493966
miniFE.c 25 Ap -8.7256451251027922
miniFE.c 25 Ap -7.3173898147256411
miniFE.c 25 Ap -7.1022598389932199
miniFE.c 25 Ap -7.8343280671151998
miniFE.c 25 Ap -6.7738624888551060
miniFE.c 25 Ap -1.7385285107753541
miniFE.c 25 Ap -2.5912892651489399
miniFE.c 25 Ap -0.7836874333687844
miniFE.c 25 Ap -1.6407402183403283
miniFE.c 25 Ap -0.5458909361183977
miniFE.c 25 Ap -0.4165660718684490
miniFE.c 25 Ap -2.0863871364079207
miniFE.c 25 Ap -0.9355910681429829
miniFE.c 25 Ap -1.0738468139948711
miniFE.c 25 Ap -1.2585779567901594
miniFE.c 25 Ap 7.2411485607091901
miniFE.c 25 Ap 5.8597945160197078
miniFE.c 25 Ap 7.5418990830963448
miniFE.c 25 Ap 7.7586273532661947
miniFE.c 25 Ap 6.0075627540184797
miniFE.c 25 Ap 8.0515486880267311
miniFE.c 25 Ap -1.5805421644180160
miniFE.c 25 Ap -1.6570919727556392
miniFE.c 25 Ap -0.4498225622863694
miniFE.c 25 Ap -9.8486232123066380
miniFE.c 25 Ap -9.4813127091599512
miniFE.c 25 Ap -9.3327795855038200
miniFE.c 25 Ap -9.5232751851364874
miniFE.c 25 Ap -8.7419957738694478
miniFE.c 25 Ap -1.6205175289376486
miniFE.c 25 Ap -1.7608581682092694
miniFE.c 25 Ap 0.3489586906761208
miniFE.c 25 Ap -0.1781812487833695
miniFE.c 25 Ap 6.4870050652325233
miniFE.c 25 Ap 6.5471532300121638
miniFE.c 25 Ap 4.4883146271356109
miniFE.c 25 Ap 5.1170642460415969
miniFE.c 25 Ap -1.8501684621037475
miniFE.c 25 Ap -1.9740621423118152
miniFE.c 25 Ap 0.0575712528597938
miniFE.c 25 Ap -1.5355685922306967
miniFE.c 25 Ap -1.0860368216905305
miniFE.c 25 Ap -0.1955357341368219
miniFE.c 25 Ap -1.3107958704755940
miniFE.c 25 Ap -0.7438073383759336
miniFE.c 25 Ap -0.5757724622800767
miniFE.c 25 Ap -0.7220663035128229
miniFE.c 25 Ap 0.7790727787202912
miniFE.c 25 Ap 0.5922178667374424
miniFE.c 25 Ap 1.9993967138253517
miniFE.c 25 Ap 2.1013884922650639
miniFE.c 25 Ap -7.5181167654860843
miniFE.c 25 Ap -7.0755063174310973
miniFE.c 25 Ap -0.7383969050206726
miniFE.c 25 Ap -0.8276551694102203
miniFE.c 25 Ap 0.7236263797194751
miniFE.c 25 Ap 0.0451731552523490
miniFE.c 25 Ap 0.4256241208728994
miniFE.c 25 Ap 0.4715288279931754
miniFE.c 25 Ap 0.0796826439117485
miniFE.c 25 Ap 10.8153314470981243
miniFE.c 57 sum 0.7805477406832986
miniFE.c 57 sum 0.7925567156330183
miniFE.c 57 sum 1.8038146710862484
miniFE.c 57 sum 3.0601163115466985
miniFE.c 57 sum 3.5725192705750657
miniFE.c 57 sum 3.5625534466883657
miniFE.c 57 sum 4.5991775122548892
miniFE.c 57 sum 6.3889986668099379
miniFE.c 90 p_ap_dot 6.3889986668099379
miniFE.c 91 alpha 0.0167660587357909
miniFE.c 40 y 1.0000518285622495
miniFE.c 40 y 1.9998223719561954
miniFE.c 40 y 0.9999582326838800
miniFE.c 40 y 2.0000709554120006
miniFE.c 40 y 1.0000934330109348
miniFE.c 40 y 1.9999281475601374
miniFE.c 40 y 1.0000604006332527
miniFE.c 40 y 2.0000958786426750
miniFE.c 40 y -0.0024489696378020
miniFE.c 40 y 0.0095258217266726
miniFE.c 40 y 0.0018639560425407
miniFE.c 40 y -0.0039660506701850
miniFE.c 40 y -0.0053989514593241
miniFE.c 40 y 0.0042811750208758
miniFE.c 40 y -0.0028457870849316
miniFE.c 40 y -0.0054242288800814
miniFE.c 82 oldrtrans 0.1071183269106255
miniFE.c 48 sum 0.0000059974522869
miniFE.c 48 sum 0.0000967387318552
miniFE.c 48 sum 0.0001002130639837
miniFE.c 48 sum 0.0001159426219022
miniFE.c 48 sum 0.0001450912987624
miniFE.c 48 sum 0.0001634197583217
miniFE.c 48 sum 0.0001715182624545
miniFE.c 48 sum 0.0002009405213980
miniFE.c 83 rtrans 0.0002009405213980
miniFE.c 84 beta 0.0018758743456258
miniFE.c 40 y -0.0026651254107739
miniFE.c 40 y 0.0095017435489382
miniFE.c 40 y 0.0020995620022072
miniFE.c 40 y -0.0042356303037912
miniFE.c 40 y -0.0052111086808779
miniFE.c 40 y 0.0043063087247230
miniFE.c 40 y -0.0031206192175613
miniFE.c 40 y -0.0051137918302775
miniFE.c 87 normr 0.0141753490749965
miniFE.c 25 Ap -0.1788158165495056
miniFE.c 25 Ap -0.0354577856677225
miniFE.c 25 Ap -0.0158915201624467
miniFE.c 25 Ap -0.0739895008680963
miniFE.c 25 Ap -0.1472754588018415
miniFE.c 25 Ap -0.0781316433941993
miniFE.c 25 Ap -0.0937246037107871
miniFE.c 25 Ap -0.1264941039280908
miniFE.c 25 Ap -0.0402102128913217
miniFE.c 25 Ap 0.5910532275546327
miniFE.c 25 Ap 0.6212700609035394
miniFE.c 25 Ap 0.5960095411277043
miniFE.c 25 Ap 0.5390333111433708
miniFE.c 25 Ap 0.5805989484325179
miniFE.c 25 Ap 0.5450319717560926
miniFE.c 25 Ap 0.5094711645199421
miniFE.c 25 Ap -0.0248368713747145
miniFE.c 25 Ap 0.1119119367292982
miniFE.c 25 Ap 0.2539978846272516
miniFE.c 25 Ap 0.2132842649119070
miniFE.c 25 Ap 0.1257471232909574
miniFE.c 25 Ap 0.1954046382663717
miniFE.c 25 Ap 0.1581071846152323
miniFE.c 25 Ap 0.0949458723748634
miniFE.c 25 Ap -0.0365561660456261
miniFE.c 25 Ap 0.0201104841594286
miniFE.c 25 Ap 0.0402918415479950
miniFE.c 25 Ap -0.2367256232477719
miniFE.c 25 Ap -0.2558405535334043
miniFE.c 25 Ap -0.2081012887050850
miniFE.c 25 Ap -0.2121588207921924
miniFE.c 25 Ap -0.2363011752091038
miniFE.c 25 Ap -0.0374807513531318
miniFE.c 25 Ap 0.0664076069309748
miniFE.c 25 Ap 0.1016764273652126
miniFE.c 25 Ap 0.0861396610203123
miniFE.c 25 Ap -0.2607182987758592
miniFE.c 25 Ap -0.2413863875046717
miniFE.c 25 Ap -0.2852393883585265
miniFE.c 25 Ap -0.3046684119833895
miniFE.c 25 Ap -0.0427923196455500
miniFE.c 25 Ap 0.0489210365525858
miniFE.c 25 Ap 0.0828829006360696
miniFE.c 25 Ap 0.0359271690075733
miniFE.c 25 Ap 0.0125334234396154
miniFE.c 25 Ap 0.2987447829142349
miniFE.c 25 Ap 0.2749898836021654
miniFE.c 25 Ap 0.2574693424297375
miniFE.c 25 Ap -0.0133169707265353
miniFE.c 25 Ap 0.0949782962155689
miniFE.c 25 Ap 0.1200721352922298
miniFE.c 25 Ap 0.1145648289954403
miniFE.c 25 Ap 0.0413348904800146
miniFE.c 25 Ap 0.0741155417003912
miniFE.c 25 Ap -0.1307786990100915
miniFE.c 25 Ap -0.1444558267463031
miniFE.c 25 Ap -0.0170782915351400
miniFE.c 25 Ap 0.0489959019333087
miniFE.c 25 Ap 0.0749279491481108
miniFE.c 25 Ap 0.0549314198862638
miniFE.c 25 Ap 0.0351326566528745
miniFE.c 25 Ap 0.0498866516954533
miniFE.c 25 Ap 0.0415403777227902
miniFE.c 25 Ap -0.2902024463735028
miniFE.c 57 sum 0.0003371226506918
miniFE.c 57 sum 0.0051779870015392
miniFE.c 57 sum 0.0053773317474439
miniFE.c 57 sum 0.0063782161659811
miniFE.c 57 sum 0.0079658763724570
miniFE.c 57 sum 0.0090746188481109
miniFE.c 57 sum 0.0095254104771441
miniFE.c 57 sum 0.0110094453765355
miniFE.c 90 p_ap_dot 0.0110094453765355
miniFE.c 91 alpha 0.0182516479736818
miniFE.c 40 y 1.0000031856314464
miniFE.c 40 y 1.9999957944345867
miniFE.c 40 y 0.9999965531504431
miniFE.c 40 y 1.9999936481787493
miniFE.c 40 y 0.9999983216897388
miniFE.c 40 y 2.0000067447910470
miniFE.c 40 y 1.0000034441898340
miniFE.c 40 y 2.0000025435143782
miniFE.c 40 y -0.0001402437821601
miniFE.c 40 y 0.0002271333791129
miniFE.c 40 y 0.0001310374034005
miniFE.c 40 y 0.0003468351954989
miniFE.c 40 y 0.0001617491448974
miniFE.c 40 y -0.0004180647811671
miniFE.c 40 y -0.0002092301874109
miniFE.c 40 y -0.0001275559877710
