filename line variable value
miniFE.c 167 A 67.0947100000000063
miniFE.c 167 A 15.0875500000000002
miniFE.c 167 A 9.3192129999999995
miniFE.c 167 A 13.7164900000000003
miniFE.c 167 A 14.0634099999999993
miniFE.c 167 A 16.0564000000000000
miniFE.c 167 A 4.9967519999999999
miniFE.c 167 A 6.4080630000000003
miniFE.c 167 A 15.0875500000000002
miniFE.c 167 A 66.4365899999999954
miniFE.c 167 A 14.3919700000000006
miniFE.c 167 A 5.9638159999999996
miniFE.c 167 A 10.9336099999999998
miniFE.c 167 A 9.6522659999999991
miniFE.c 167 A 11.3974100000000007
miniFE.c 167 A 6.9539020000000002
miniFE.c 167 A 9.3192129999999995
miniFE.c 167 A 14.3919700000000006
miniFE.c 167 A 67.6740900000000067
miniFE.c 167 A 9.6121750000000006
miniFE.c 167 A 16.7981799999999986
miniFE.c 167 A 16.1756899999999995
miniFE.c 167 A 11.9519400000000005
miniFE.c 167 A 12.3511699999999998
miniFE.c 167 A 13.7477400000000003
miniFE.c 167 A 5.9638159999999996
miniFE.c 167 A 9.6121750000000006
miniFE.c 167 A 65.4017099999999942
miniFE.c 167 A 3.6681119999999998
miniFE.c 167 A 11.0858899999999991
miniFE.c 167 A 1.3002330000000000
miniFE.c 167 A 4.7210279999999996
miniFE.c 167 A 14.0634099999999993
miniFE.c 167 A 10.9336099999999998
miniFE.c 167 A 16.7981799999999986
miniFE.c 167 A 3.6681119999999998
miniFE.c 167 A 66.5612600000000043
miniFE.c 167 A 4.4892070000000004
miniFE.c 167 A 14.0526599999999995
miniFE.c 167 A 3.7993380000000001
miniFE.c 167 A 16.0564000000000000
miniFE.c 167 A 9.6522659999999991
miniFE.c 167 A 16.1756899999999995
miniFE.c 167 A 11.0858899999999991
miniFE.c 167 A 4.4892070000000004
miniFE.c 167 A 66.4632699999999943
miniFE.c 167 A 7.6122389999999998
miniFE.c 167 A 3.4261349999999999
miniFE.c 167 A 4.9967519999999999
miniFE.c 167 A 11.3974100000000007
miniFE.c 167 A 11.9519400000000005
miniFE.c 167 A 1.3002330000000000
miniFE.c 167 A 14.0526599999999995
miniFE.c 167 A 7.6122389999999998
miniFE.c 167 A 65.6581999999999937
miniFE.c 167 A 2.6745570000000001
miniFE.c 167 A 6.4080630000000003
miniFE.c 167 A 6.9539020000000002
miniFE.c 167 A 12.3511699999999998
miniFE.c 167 A 4.7210279999999996
miniFE.c 167 A 3.7993380000000001
miniFE.c 167 A 3.4261349999999999
miniFE.c 167 A 2.6745570000000001
miniFE.c 167 A 64.8721800000000002
miniFE.c 175 b 198.0110999999999990
miniFE.c 175 b 229.8237000000000023
miniFE.c 175 b 210.8053999999999917
miniFE.c 175 b 202.6418999999999926
miniFE.c 175 b 157.2561000000000035
miniFE.c 175 b 225.5886000000000138
miniFE.c 175 b 142.6283999999999992
miniFE.c 175 b 185.1795999999999935
miniFE.c 33 r 0.0000000000000000
miniFE.c 33 r 0.0000000000000000
miniFE.c 33 r 0.0000000000000000
miniFE.c 33 r 0.0000000000000000
miniFE.c 33 r 0.0000000000000000
miniFE.c 33 r 0.0000000000000000
miniFE.c 33 r 0.0000000000000000
miniFE.c 33 r 0.0000000000000000
miniFE.c 25 Ap 0.0000000000000000
miniFE.c 25 Ap 0.0000000000000000
miniFE.c 25 Ap 0.0000000000000000
miniFE.c 25 Ap 0.0000000000000000
miniFE.c 25 Ap 0.0000000000000000
miniFE.c 25 Ap 0.0000000000000000
miniFE.c 25 Ap 0.0000000000000000
miniFE.c 25 Ap 0.0000000000000000
miniFE.c 25 Ap 0.0000000000000000
miniFE.c 25 Ap 0.0000000000000000
miniFE.c 25 Ap 0.0000000000000000
miniFE.c 25 Ap 0.0000000000000000
miniFE.c 25 Ap 0.0000000000000000
miniFE.c 25 Ap 0.0000000000000000
miniFE.c 25 Ap 0.0000000000000000
miniFE.c 25 Ap 0.0000000000000000
miniFE.c 25 Ap 0.0000000000000000
miniFE.c 25 Ap 0.0000000000000000
miniFE.c 25 Ap 0.0000000000000000
miniFE.c 25 Ap 0.0000000000000000
miniFE.c 25 Ap 0.0000000000000000
miniFE.c 25 Ap 0.0000000000000000
miniFE.c 25 Ap 0.0000000000000000
miniFE.c 25 Ap 0.0000000000000000
miniFE.c 25 Ap 0.0000000000000000
miniFE.c 25 Ap 0.0000000000000000
miniFE.c 25 Ap 0.0000000000000000
miniFE.c 25 Ap 0.0000000000000000
miniFE.c 25 Ap 0.0000000000000000
miniFE.c 25 Ap 0.0000000000000000
miniFE.c 25 Ap 0.0000000000000000
miniFE.c 25 Ap 0.0000000000000000
miniFE.c 25 Ap 0.0000000000000000
miniFE.c 25 Ap 0.0000000000000000
miniFE.c 25 Ap 0.0000000000000000
miniFE.c 25 Ap 0.0000000000000000
miniFE.c 25 Ap 0.0000000000000000
miniFE.c 25 Ap 0.0000000000000000
miniFE.c 25 Ap 0.0000000000000000
miniFE.c 25 Ap 0.0000000000000000
miniFE.c 25 Ap 0.0000000000000000
miniFE.c 25 Ap 0.0000000000000000
miniFE.c 25 Ap 0.0000000000000000
miniFE.c 25 Ap 0.0000000000000000
miniFE.c 25 Ap 0.0000000000000000
miniFE.c 25 Ap 0.0000000000000000
miniFE.c 25 Ap 0.0000000000000000
miniFE.c 25 Ap 0.0000000000000000
miniFE.c 25 Ap 0.0000000000000000
miniFE.c 25 Ap 0.0000000000000000
miniFE.c 25 Ap 0.0000000000000000
miniFE.c 25 Ap 0.0000000000000000
miniFE.c 25 Ap 0.0000000000000000
miniFE.c 25 Ap 0.0000000000000000
miniFE.c 25 Ap 0.0000000000000000
miniFE.c 25 Ap 0.0000000000000000
miniFE.c 25 Ap 0.0000000000000000
miniFE.c 25 Ap 0.0000000000000000
miniFE.c 25 Ap 0.0000000000000000
miniFE.c 25 Ap 0.0000000000000000
miniFE.c 25 Ap 0.0000000000000000
miniFE.c 25 Ap 0.0000000000000000
miniFE.c 25 Ap 0.0000000000000000
miniFE.c 25 Ap 0.0000000000000000
miniFE.c 33 r 198.0110999999999990
miniFE.c 33 r 229.8237000000000023
miniFE.c 33 r 210.8053999999999917
miniFE.c 33 r 202.6418999999999926
miniFE.c 33 r 157.2561000000000035
miniFE.c 33 r 225.5886000000000138
miniFE.c 33 r 142.6283999999999992
miniFE.c 33 r 185.1795999999999935
miniFE.c 48 sum 39208.3957232100001420
miniFE.c 48 sum 92027.3288048999966122
miniFE.c 48 sum 136466.2454740600078367
miniFE.c 48 sum 177529.9851096700003836
miniFE.c 48 sum 202259.4660968800017145
miniFE.c 48 sum 253149.6825468399911188
miniFE.c 48 sum 273492.5430333999684080
miniFE.c 48 sum 307784.0272895599482581
miniFE.c 75 rtrans 307784.0272895599482581
miniFE.c 76 normr 554.7828649927464539
miniFE.c 33 r 198.0110999999999990
miniFE.c 33 r 229.8237000000000023
miniFE.c 33 r 210.8053999999999917
miniFE.c 33 r 202.6418999999999926
miniFE.c 33 r 157.2561000000000035
miniFE.c 33 r 225.5886000000000138
miniFE.c 33 r 142.6283999999999992
miniFE.c 33 r 185.1795999999999935
miniFE.c 87 normr 554.7828649927464539
miniFE.c 25 Ap 13285.4973312810016068
miniFE.c 25 Ap 16752.9738962160008668
miniFE.c 25 Ap 18717.5143203662009910
miniFE.c 25 Ap 21497.0499152972006414
miniFE.c 25 Ap 23708.6069245981998392
miniFE.c 25 Ap 27330.7477216381994367
miniFE.c 25 Ap 28043.4264645949988335
miniFE.c 25 Ap 29230.0690077097970061
miniFE.c 25 Ap 2987.5023718050001662
miniFE.c 25 Ap 18256.2053009880000900
miniFE.c 25 Ap 21290.1102936259994749
miniFE.c 25 Ap 22498.6292991164009436
miniFE.c 25 Ap 24218.0061666374022025
miniFE.c 25 Ap 26395.4473404050004319
miniFE.c 25 Ap 28021.0416928490012651
miniFE.c 25 Ap 29308.7624836482027604
miniFE.c 25 Ap 1845.3076172643000064
miniFE.c 25 Ap 5152.9234129532997031
miniFE.c 25 Ap 19418.9870250392996240
miniFE.c 25 Ap 21366.8164301717988565
miniFE.c 25 Ap 24008.4327040697971825
miniFE.c 25 Ap 27657.4839652037990163
miniFE.c 25 Ap 29362.1700442997971550
miniFE.c 25 Ap 31649.3547644317950471
miniFE.c 25 Ap 2722.2051199140000790
miniFE.c 25 Ap 4092.8313791532000323
miniFE.c 25 Ap 6119.1297748981996847
miniFE.c 25 Ap 19372.2565525471982255
miniFE.c 25 Ap 19949.0895400303998031
miniFE.c 25 Ap 22449.9399448843978462
miniFE.c 25 Ap 22635.3900973015988711
miniFE.c 25 Ap 23509.6281739303994982
miniFE.c 25 Ap 2784.7112838509997346
miniFE.c 25 Ap 5297.5139884079999320
miniFE.c 25 Ap 8838.6610425799990480
miniFE.c 25 Ap 9581.9742276727993158
miniFE.c 25 Ap 20049.1383863587980159
miniFE.c 25 Ap 21061.8523085989982064
miniFE.c 25 Ap 23066.1607201429978886
miniFE.c 25 Ap 23769.7206112477979332
miniFE.c 25 Ap 3179.3454260399998930
miniFE.c 25 Ap 5397.6649115441996400
miniFE.c 25 Ap 8807.5877122702004272
miniFE.c 25 Ap 11054.0535250612010714
miniFE.c 25 Ap 11760.0087099739012046
miniFE.c 25 Ap 26753.3647406958989450
miniFE.c 25 Ap 27839.0862096834971453
miniFE.c 25 Ap 28473.5365185294976982
miniFE.c 25 Ap 989.4123599472000024
miniFE.c 25 Ap 3608.8072965641999872
miniFE.c 25 Ap 6128.3407890401995246
miniFE.c 25 Ap 6391.8224746028990921
miniFE.c 25 Ap 8601.6889808288997301
miniFE.c 25 Ap 10318.9233197042995016
miniFE.c 25 Ap 19683.6473325842962367
miniFE.c 25 Ap 20178.9207280214977800
miniFE.c 25 Ap 1268.8676034993000030
miniFE.c 25 Ap 2867.0390905766998912
miniFE.c 25 Ap 5470.7324228946999938
miniFE.c 25 Ap 6427.4105067679001877
miniFE.c 25 Ap 7024.8795832297000743
miniFE.c 25 Ap 7797.7765812907000509
miniFE.c 25 Ap 8179.2443669095000587
miniFE.c 25 Ap 20192.2487104374995397
miniFE.c 57 sum 5787878.1172925252467394
miniFE.c 57 sum 12523726.3537057451903820
miniFE.c 57 sum 19195581.2445636950433254
miniFE.c 57 sum 23959616.9660224802792072
miniFE.c 57 sum 27697550.5274369269609451
miniFE.c 57 sum 34120855.7677008733153343
miniFE.c 57 sum 36998942.9448654130101204
miniFE.c 57 sum 40738135.4841647446155548
miniFE.c 90 p_ap_dot 40738135.4841647446155548
miniFE.c 91 alpha 0.0075551819844381
miniFE.c 40 y 1.4960098954387708
miniFE.c 40 y 1.7363598778369063
miniFE.c 40 y 1.5926731603022672
miniFE.c 40 y 1.5309964321723069
miniFE.c 40 y 1.1880984536629962
miniFE.c 40 y 1.7043629266146125
miniFE.c 40 y 1.0775835181492310
miniFE.c 40 y 1.3990655778054533
miniFE.c 40 y -22.8273907709314869
miniFE.c 40 y 8.3906656973658755
miniFE.c 40 y -28.3112349353252171
miniFE.c 40 y 25.0223807594826724
miniFE.c 40 y -22.3284649372263289
miniFE.c 40 y 10.4658498619656370
miniFE.c 40 y -9.8270183497525352
miniFE.c 40 y 32.6234863176091494
miniFE.c 82 oldrtrans 307784.0272895599482581
miniFE.c 48 sum 521.0897694088080243
miniFE.c 48 sum 591.4930402537604550
miniFE.c 48 sum 1393.0190638169394788
miniFE.c 48 sum 2019.1386026894681436
miniFE.c 48 sum 2517.6989491424137668
miniFE.c 48 sum 2627.2329624756198427
miniFE.c 48 sum 2723.8032521219929549
miniFE.c 48 sum 3788.0951116372243632
miniFE.c 83 rtrans 3788.0951116372243632
miniFE.c 84 beta 0.0123076403444206
miniFE.c 40 y -20.3903413679283929
miniFE.c 40 y 11.2192531395898811
miniFE.c 40 y -25.7167178894635029
miniFE.c 40 y 27.5164243833927067
miniFE.c 40 y -20.3930134164600965
miniFE.c 40 y 13.2423132165669877
miniFE.c 40 y -8.0715992996523838
miniFE.c 40 y 34.9026102335328119
miniFE.c 87 normr 61.5475028870970888
miniFE.c 25 Ap -1368.0840408821588881
miniFE.c 25 Ap -1198.8129981759395832
miniFE.c 25 Ap -1438.4725698487604859
miniFE.c 25 Ap -1061.0438099581983806
miniFE.c 25 Ap -1347.8391187693773645
miniFE.c 25 Ap -1135.2152408388910771
miniFE.c 25 Ap -1175.5470207826276692
miniFE.c 25 Ap -951.8888955417046418
miniFE.c 25 Ap -307.6402949056880516
miniFE.c 25 Ap 437.7286260354576370
miniFE.c 25 Ap 67.6143936718355576
miniFE.c 25 Ap 231.7172856723030918
miniFE.c 25 Ap 8.7480302519608131
miniFE.c 25 Ap 136.5663598735809785
miniFE.c 25 Ap 44.5710332997298906
miniFE.c 25 Ap 287.2803644079141918
miniFE.c 25 Ap -190.0219343504360552
miniFE.c 25 Ap -28.5547797430526771
miniFE.c 25 Ap -1768.9102606992159963
miniFE.c 25 Ap -1504.4175741517781262
miniFE.c 25 Ap -1846.9830842638898503
miniFE.c 25 Ap -1632.7795307897993098
miniFE.c 25 Ap -1729.2508013232866233
miniFE.c 25 Ap -1298.1627288851832418
miniFE.c 25 Ap -280.3211116375238703
miniFE.c 25 Ap -213.4115502555875139
miniFE.c 25 Ap -460.6051430347413884
miniFE.c 25 Ap 1339.0160647248371788
miniFE.c 25 Ap 1264.2122074957590030
miniFE.c 25 Ap 1411.0150351601669172
miniFE.c 25 Ap 1400.5200753879819331
miniFE.c 25 Ap 1565.2962755735768496
miniFE.c 25 Ap -286.7577306971378448
miniFE.c 25 Ap -164.0907923775865243
miniFE.c 25 Ap -596.0848484940145227
miniFE.c 25 Ap -495.1515220161991238
miniFE.c 25 Ap -1852.5361902126878704
miniFE.c 25 Ap -1793.0887050246828949
miniFE.c 25 Ap -1906.5161456389359955
miniFE.c 25 Ap -1773.9093322794858523
miniFE.c 25 Ap -327.3954771400054256
miniFE.c 25 Ap -219.1042615153487532
miniFE.c 25 Ap -635.0899179127645766
miniFE.c 25 Ap -330.0458640051552379
miniFE.c 25 Ap -421.5943225854218213
miniFE.c 25 Ap 458.5331161518383283
miniFE.c 25 Ap 397.0901731706517808
miniFE.c 25 Ap 516.6712276831167401
miniFE.c 25 Ap -101.8854790108789246
miniFE.c 25 Ap 25.9849489148141970
miniFE.c 25 Ap -281.3797202969802242
miniFE.c 25 Ap -245.6019572716883772
miniFE.c 25 Ap -532.1780411886404636
miniFE.c 25 Ap -431.3743880712738132
miniFE.c 25 Ap -961.3410692077100066
miniFE.c 25 Ap -867.9920486893431644
miniFE.c 25 Ap -130.6625920771913343
miniFE.c 25 Ap -52.6450052312909804
miniFE.c 25 Ap -370.2765597260959112
miniFE.c 25 Ap -240.3707497522162271
miniFE.c 25 Ap -317.8507005598829096
miniFE.c 25 Ap -272.4807477676401959
miniFE.c 25 Ap -294.0687001757205508
miniFE.c 25 Ap 1970.1397133638620289
miniFE.c 57 sum 19409.3395244356906915
miniFE.c 57 sum 22632.4106547617084289
miniFE.c 57 sum 56016.8953281180583872
miniFE.c 57 sum 99088.2519325446191942
miniFE.c 57 sum 135263.6087453039363027
miniFE.c 57 sum 142105.5309722719539423
miniFE.c 57 sum 149111.6149845767067745
miniFE.c 57 sum 217874.6335057196556590
miniFE.c 90 p_ap_dot 217874.6335057196556590
miniFE.c 91 alpha 0.0173865816808719
miniFE.c 40 y 1.1414915597444226
miniFE.c 40 y 1.9314243389467642
miniFE.c 40 y 1.1455473441531705
miniFE.c 40 y 2.0094129922796995
miniFE.c 40 y 0.8335336601785962
miniFE.c 40 y 1.9346014869981438
miniFE.c 40 y 0.9372459976305565
miniFE.c 40 y 2.0059026615064068
miniFE.c 40 y -6.2772967374807003
miniFE.c 40 y 3.3958421762770312
miniFE.c 40 y -5.7406226144994186
miniFE.c 40 y -2.1927707905418892
miniFE.c 40 y 8.5137545629118812
miniFE.c 40 y 1.4827033596967656
miniFE.c 40 y 5.2643963031320684
miniFE.c 40 y -1.6305087315211892
miniFE.c 82 oldrtrans 3788.0951116372243632
miniFE.c 48 sum 39.4044543303858461
miniFE.c 48 sum 50.9361984165677697
miniFE.c 48 sum 83.8909464186699125
miniFE.c 48 sum 88.6991901585236207
miniFE.c 48 sum 161.1832069160265064
miniFE.c 48 sum 163.3816161688825730
miniFE.c 48 sum 191.0954846053131746
miniFE.c 48 sum 193.7540433288800159
miniFE.c 83 rtrans 193.7540433288800159
miniFE.c 84 beta 0.0511481463951783
miniFE.c 40 y -7.3202249028151618
miniFE.c 40 y 3.9696861783053379
miniFE.c 40 y -7.0559850659131982
miniFE.c 40 y -0.7853566879082654
miniFE.c 40 y 7.4706897272479456
miniFE.c 40 y 2.1600231347085384
miniFE.c 40 y 4.8515489605102298
miniFE.c 40 y 0.1546950862773950
miniFE.c 87 normr 13.9195561469782518
miniFE.c 25 Ap -491.1483669891615023
miniFE.c 25 Ap -431.2555282896707922
miniFE.c 25 Ap -497.0117560437349198
miniFE.c 25 Ap -507.7840931998617862
miniFE.c 25 Ap -402.7207205827857592
miniFE.c 25 Ap -368.0385251226516061
miniFE.c 25 Ap -343.7965381511241958
miniFE.c 25 Ap -342.8052422924682219
miniFE.c 25 Ap -110.4442592324688945
miniFE.c 25 Ap 153.2881538242697275
miniFE.c 25 Ap 51.7386284351989474
miniFE.c 25 Ap 47.0549056541446262
miniFE.c 25 Ap 128.7365135628800488
miniFE.c 25 Ap 149.5856314252407060
miniFE.c 25 Ap 204.8807240632496018
miniFE.c 25 Ap 205.9564585331041542
miniFE.c 25 Ap -68.2187350772387902
miniFE.c 25 Ap -11.0871306896537121
miniFE.c 25 Ap -488.5944990789194549
miniFE.c 25 Ap -496.1434850005140902
miniFE.c 25 Ap -370.6494942380522275
miniFE.c 25 Ap -335.7096296181786670
miniFE.c 25 Ap -277.7242075350980031
miniFE.c 25 Ap -275.8135422263212035
miniFE.c 25 Ap -100.6365487054281118
miniFE.c 25 Ap -76.9620707602718852
miniFE.c 25 Ap -144.7854340112160685
miniFE.c 25 Ap -196.1491043603529363
miniFE.c 25 Ap -168.7457777235580352
miniFE.c 25 Ap -144.7999988547240093
miniFE.c 25 Ap -138.4918547951529035
miniFE.c 25 Ap -137.7615349613749061
miniFE.c 25 Ap -102.9473241004997703
miniFE.c 25 Ap -59.5443236045187447
miniFE.c 25 Ap -178.0720308190404921
miniFE.c 25 Ap -180.9528071102370461
miniFE.c 25 Ap 316.3057142044425518
miniFE.c 25 Ap 326.0025051809380443
miniFE.c 25 Ap 394.1796731963416960
miniFE.c 25 Ap 394.7674121160486607
miniFE.c 25 Ap -117.5364591295613650
miniFE.c 25 Ap -79.2199922000348238
miniFE.c 25 Ap -193.3554192708762685
miniFE.c 25 Ap -202.0617971237916208
miniFE.c 25 Ap -168.5243245054020349
miniFE.c 25 Ap -24.9621236970220934
miniFE.c 25 Ap 11.9690265105833333
miniFE.c 25 Ap 12.4990327600063367
miniFE.c 25 Ap -36.5773484235914665
miniFE.c 25 Ap 8.6667925218875794
miniFE.c 25 Ap -75.6659176268030080
miniFE.c 25 Ap -76.6870643091920385
miniFE.c 25 Ap 28.2959983933160686
miniFE.c 25 Ap 44.7386107402466564
miniFE.c 25 Ap 363.2825826992194038
miniFE.c 25 Ap 363.6963235250881894
miniFE.c 25 Ap -46.9084623514084385
miniFE.c 25 Ap -19.3036536967185910
miniFE.c 25 Ap -106.4533247632737130
miniFE.c 25 Ap -110.1610156768758912
miniFE.c 25 Ap -81.7773403099331375
miniFE.c 25 Ap -74.3768094472984984
miniFE.c 25 Ap -61.4010652141231361
miniFE.c 25 Ap -51.3656577320204377
miniFE.c 57 sum 2509.4114714449110579
miniFE.c 57 sum 3326.9939782164910866
miniFE.c 57 sum 5273.1302131420325168
miniFE.c 57 sum 5381.3221559604562572
miniFE.c 57 sum 8330.5070063080765976
miniFE.c 57 sum 8357.5052062311697227
miniFE.c 57 sum 10121.9957265707034821
miniFE.c 57 sum 10114.0497117161539791
miniFE.c 90 p_ap_dot 10114.0497117161539791
miniFE.c 91 alpha 0.0191569202101543
miniFE.c 40 y 1.0012585953608084
miniFE.c 40 y 2.0074713003239117
miniFE.c 40 y 1.0103764012414314
miniFE.c 40 y 1.9943679768729299
miniFE.c 40 y 0.9766490671983041
miniFE.c 40 y 1.9759808778418426
miniFE.c 40 y 1.0301867339627078
miniFE.c 40 y 2.0088661429311259
miniFE.c 40 y 0.2897959367387104
miniFE.c 40 y -0.5496492666075885
miniFE.c 40 y -0.4568845931897716
miniFE.c 40 y 0.4463159427415460
miniFE.c 40 y 0.9512267474356548
miniFE.c 40 y 1.2432603864092200
miniFE.c 40 y -1.7029051473644943
miniFE.c 40 y -0.6465009248067807
miniFE.c 82 oldrtrans 193.7540433288800159
miniFE.c 48 sum 0.0839816849502666
miniFE.c 48 sum 0.3860960012325266
miniFE.c 48 sum 0.5948395327267096
miniFE.c 48 sum 0.7940374534719845
miniFE.c 48 sum 1.6988697785089997
miniFE.c 48 sum 3.2445661669234029
miniFE.c 48 sum 6.1444521078438932
miniFE.c 48 sum 6.5624155536199158
miniFE.c 83 rtrans 6.5624155536199158
miniFE.c 84 beta 0.0338698250672416
miniFE.c 40 y 0.0418611998274952
miniFE.c 40 y -0.4151966901765399
miniFE.c 40 y -0.6958695730493208
miniFE.c 40 y 0.4197160491067047
miniFE.c 40 y 1.2042577016291816
miniFE.c 40 y 1.3164199921229931
miniFE.c 40 y -1.5385840327668550
miniFE.c 40 y -0.6412614292958034
miniFE.c 87 normr 2.5617212091911790
miniFE.c 25 Ap 2.8086650626778424
miniFE.c 25 Ap -3.4556357601952121
miniFE.c 25 Ap -9.9405925316608919
miniFE.c 25 Ap -4.1835615412492677
miniFE.c 25 Ap 12.7524082624195785
miniFE.c 25 Ap 33.8893742239432072
miniFE.c 25 Ap 26.2014513810473595
miniFE.c 25 Ap 22.0922077426498049
miniFE.c 25 Ap 0.6315829454573256
miniFE.c 25 Ap -26.9526693291584820
miniFE.c 25 Ap -36.9676033483971196
miniFE.c 25 Ap -34.4644940592777687
miniFE.c 25 Ap -21.2976100101679329
miniFE.c 25 Ap -8.5911740784789004
miniFE.c 25 Ap -26.1270471193761828
miniFE.c 25 Ap -30.5863162550791294
miniFE.c 25 Ap 0.3901134376279913
miniFE.c 25 Ap -5.5853848714920655
miniFE.c 25 Ap -52.6777249862933843
miniFE.c 25 Ap -48.6433408719711480
miniFE.c 25 Ap -28.4140032336178656
miniFE.c 25 Ap -7.1200015312338891
miniFE.c 25 Ap -25.5090655758213742
miniFE.c 25 Ap -33.4293945034968232
miniFE.c 25 Ap 0.5754968913164492
miniFE.c 25 Ap -1.9006597727054420
miniFE.c 25 Ap -8.5894798860307979
miniFE.c 25 Ap 18.8606674399916621
miniFE.c 25 Ap 23.2780195664300820
miniFE.c 25 Ap 37.8717067929064513
miniFE.c 25 Ap 35.8711890602299022
miniFE.c 25 Ap 32.8437758972043952
miniFE.c 25 Ap 0.5887112162659947
miniFE.c 25 Ap -3.9508874674151233
miniFE.c 25 Ap -15.6402298120207632
miniFE.c 25 Ap -14.1006643356998698
miniFE.c 25 Ap 66.0562456494425021
miniFE.c 25 Ap 71.9659274930209847
miniFE.c 25 Ap 50.3447291991195129
miniFE.c 25 Ap 47.9083602828616506
miniFE.c 25 Ap 0.6721401689101943
miniFE.c 25 Ap -3.3354487269933553
miniFE.c 25 Ap -14.5916192210715234
miniFE.c 25 Ap -9.9386932694399981
miniFE.c 25 Ap -4.5325311654823643
miniFE.c 25 Ap 82.9610462043859940
miniFE.c 25 Ap 71.2489768253808649
miniFE.c 25 Ap 69.0519285983204867
miniFE.c 25 Ap 0.2091700339604364
miniFE.c 25 Ap -4.5229968746245612
miniFE.c 25 Ap -12.8399882595356623
miniFE.c 25 Ap -12.2942596018575045
miniFE.c 25 Ap 4.6287644315188281
miniFE.c 25 Ap 14.6496680359371680
miniFE.c 25 Ap -86.3709901042755348
miniFE.c 25 Ap -88.0860803488286308
miniFE.c 25 Ap 0.2682492057501786
miniFE.c 25 Ap -2.6189878884618425
miniFE.c 25 Ap -11.2137912830214219
miniFE.c 25 Ap -9.2323000631392933
miniFE.c 25 Ap -4.6569180155468821
miniFE.c 25 Ap -0.1466854058345710
miniFE.c 25 Ap -4.2617161007593927
miniFE.c 25 Ap -45.8617429690940241
miniFE.c 57 sum 0.9248063229456007
miniFE.c 57 sum 13.6241435967473556
miniFE.c 57 sum 36.8866420771930024
miniFE.c 57 sum 50.6717019345136492
miniFE.c 57 sum 108.3657137775753938
miniFE.c 57 sum 199.2670530790539374
miniFE.c 57 sum 334.7948898127798998
miniFE.c 57 sum 364.2042566591379114
miniFE.c 90 p_ap_dot 364.2042566591379114
miniFE.c 91 alpha 0.0180185031713172
miniFE.c 40 y 1.0020128715226553
miniFE.c 40 y 1.9999900774452453
miniFE.c 40 y 0.9978378731326190
miniFE.c 40 y 2.0019306318348118
miniFE.c 40 y 0.9983479884141928
miniFE.c 40 y 1.9997007956446962
miniFE.c 40 y 1.0024637526889602
miniFE.c 40 y 1.9973115718337160
miniFE.c 40 y -0.1082725785336245
miniFE.c 40 y 0.0014703698334669
miniFE.c 40 y 0.1454630576867011
miniFE.c 40 y -0.1454797374202643
miniFE.c 40 y 0.0879898057463031
miniFE.c 40 y -0.0009520080251895
miniFE.c 40 y -0.1157258292502201
miniFE.c 40 y 0.1798590363239763
miniFE.c 82 oldrtrans 6.5624155536199158
miniFE.c 48 sum 0.0117229512623199
miniFE.c 48 sum 0.0117251132497671
miniFE.c 48 sum 0.0328846144013316
miniFE.c 48 sum 0.0540489684012006
miniFE.c 48 sum 0.0617911743164728
miniFE.c 48 sum 0.0617920806357528
miniFE.c 48 sum 0.0751845481914039
miniFE.c 48 sum 0.1075338211387933
miniFE.c 83 rtrans 0.1075338211387933
miniFE.c 84 beta 0.0163863169377435
miniFE.c 40 y -0.1075866276458569
miniFE.c 40 y -0.0053331747232679
miniFE.c 40 y 0.1340603183153827
miniFE.c 40 y -0.1386021372157444
miniFE.c 40 y 0.1077231541199174
miniFE.c 40 y 0.0206192671889197
miniFE.c 40 y -0.1409375548464893
miniFE.c 40 y 0.1693511233035848
miniFE.c 87 normr 0.3279234989121599
miniFE.c 25 Ap -7.2184935817767553
miniFE.c 25 Ap -7.2989581220727962
miniFE.c 25 Ap -6.0496214608439436
miniFE.c 25 Ap -7.9507562899423290
miniFE.c 25 Ap -6.4358014070607412
miniFE.c 25 Ap -6.1047302053685710
miniFE.c 25 Ap -6.8089602144228767
miniFE.c 25 Ap -5.7237475471727368
miniFE.c 25 Ap -1.6232186239382489
miniFE.c 25 Ap -1.9775365664263642
miniFE.c 25 Ap -0.0481444870409262
miniFE.c 25 Ap -0.8747421306023778
miniFE.c 25 Ap 0.3030608245146923
miniFE.c 25 Ap 0.5020834761472173
miniFE.c 25 Ap -1.1042396208357086
miniFE.c 25 Ap 0.0734114942073367
miniFE.c 25 Ap -1.0026226989834293
miniFE.c 25 Ap -1.0793775896054596
miniFE.c 25 Ap 7.9930324574983969
miniFE.c 25 Ap 6.6607644592066491
miniFE.c 25 Ap 8.4703173922807622
miniFE.c 25 Ap 8.8038482663558977
miniFE.c 25 Ap 7.1193710670839483
miniFE.c 25 Ap 9.2110555806974865
miniFE.c 25 Ap -1.4790729843520534
miniFE.c 25 Ap -1.5108790570974742
miniFE.c 25 Ap -0.2222678168943106
miniFE.c 25 Ap -9.2870846004586305
miniFE.c 25 Ap -8.8919440061535120
miniFE.c 25 Ap -8.6633610782165391
miniFE.c 25 Ap -8.8466127379672539
miniFE.c 25 Ap -8.0471013430195768
miniFE.c 25 Ap -1.5130348551010209
miniFE.c 25 Ap -1.5713457075870905
miniFE.c 25 Ap 0.6806236503320042
miniFE.c 25 Ap 0.1722154875852858
miniFE.c 25 Ap 7.3424043569811790
miniFE.c 25 Ap 7.4349685155805476
miniFE.c 25 Ap 5.4544209760914812
miniFE.c 25 Ap 6.0978431342014767
miniFE.c 25 Ap -1.7274539281329373
miniFE.c 25 Ap -1.7789311491863957
miniFE.c 25 Ap 0.3895870011845566
miniFE.c 25 Ap -1.1469410457540914
miniFE.c 25 Ap -0.6633495082168793
miniFE.c 25 Ap 0.7070744141624304
miniFE.c 25 Ap -0.3657759374046544
miniFE.c 25 Ap 0.2144438734350732
miniFE.c 25 Ap -0.5375836968626909
miniFE.c 25 Ap -0.5983680757854122
miniFE.c 25 Ap 1.0039128051009427
miniFE.c 25 Ap 0.8236977324225038
miniFE.c 25 Ap 2.3374945913973022
miniFE.c 25 Ap 2.4944533812442171
miniFE.c 25 Ap -6.7592527823775477
miniFE.c 25 Ap -6.3063135500880820
miniFE.c 25 Ap -0.6894218879121931
miniFE.c 25 Ap -0.7265082622866754
miniFE.c 25 Ap 0.9292935194807297
miniFE.c 25 Ap 0.2749489488253586
miniFE.c 25 Ap 0.6842256217530174
miniFE.c 25 Ap 0.7548700147433267
miniFE.c 25 Ap 0.3779244908657648
miniFE.c 25 Ap 11.3641010450181152
miniFE.c 57 sum 0.6157986960965602
miniFE.c 57 sum 0.6154071797712564
miniFE.c 57 sum 1.8502442229402434
miniFE.c 57 sum 2.9655896674744433
miniFE.c 57 sum 3.6224685632191091
miniFE.c 57 sum 3.6268902387424937
miniFE.c 57 sum 4.5156866505871918
miniFE.c 57 sum 6.4402099278964524
miniFE.c 90 p_ap_dot 6.4402099278964524
miniFE.c 91 alpha 0.0166972540247484
miniFE.c 40 y 1.0002164702711864
miniFE.c 40 y 1.9999010280721325
miniFE.c 40 y 1.0000763123221694
miniFE.c 40 y 1.9996163567413474
miniFE.c 40 y 1.0001466692828802
miniFE.c 40 y 2.0000450807867538
miniFE.c 40 y 1.0001104825340614
miniFE.c 40 y 2.0001392705588925
miniFE.c 40 y -0.0127017117649510
miniFE.c 40 y 0.0002445994663507
miniFE.c 40 y -0.0083362771802808
miniFE.c 40 y -0.0111152421329728
miniFE.c 40 y -0.0138274300685266
miniFE.c 40 y -0.0045326318539859
miniFE.c 40 y -0.0104277099446868
miniFE.c 40 y -0.0098902455875994
miniFE.c 82 oldrtrans 0.1075338211387933
miniFE.c 48 sum 0.0001613334817599
miniFE.c 48 sum 0.0001613933106588
miniFE.c 48 sum 0.0002308868278853
miniFE.c 48 sum 0.0003544354355599
miniFE.c 48 sum 0.0005456332578599
miniFE.c 48 sum 0.0005661780093837
miniFE.c 48 sum 0.0006749151440742
miniFE.c 48 sum 0.0007727321018572
miniFE.c 83 rtrans 0.0007727321018572
miniFE.c 84 beta 0.0071859447908939
miniFE.c 40 y -0.0134748233314526
miniFE.c 40 y 0.0002062755672291
miniFE.c 40 y -0.0073729271342168
miniFE.c 40 y -0.0121112294389051
miniFE.c 40 y -0.0130533374303199
miniFE.c 40 y -0.0043844629383376
miniFE.c 40 y -0.0114404794327773
miniFE.c 40 y -0.0086732977652640
miniFE.c 87 normr 0.0277980593181832
miniFE.c 25 Ap -0.9040893637250460
miniFE.c 25 Ap -0.9009771707906986
miniFE.c 25 Ap -0.9696870491879442
miniFE.c 25 Ap -1.1358106066743912
miniFE.c 25 Ap -1.3193850428253266
miniFE.c 25 Ap -1.3897837335484504
miniFE.c 25 Ap -1.4469489720351392
miniFE.c 25 Ap -1.5025280105327099
miniFE.c 25 Ap -0.2033020707544577
miniFE.c 25 Ap -0.1895978254674408
miniFE.c 25 Ap -0.2957087715952744
miniFE.c 25 Ap -0.3679379155026875
miniFE.c 25 Ap -0.5106580161642077
miniFE.c 25 Ap -0.5529780187121838
miniFE.c 25 Ap -0.6833698534041139
miniFE.c 25 Ap -0.7436831160805787
miniFE.c 25 Ap -0.1255747487631764
miniFE.c 25 Ap -0.1226060369878822
miniFE.c 25 Ap -0.6215621714323095
miniFE.c 25 Ap -0.7379774282642169
miniFE.c 25 Ap -0.9572497400194684
miniFE.c 25 Ap -1.0281714533265065
miniFE.c 25 Ap -1.1649073770782947
miniFE.c 25 Ap -1.2720327522376902
miniFE.c 25 Ap -0.1852483677067442
miniFE.c 25 Ap -0.1840181781784942
miniFE.c 25 Ap -0.2548880440548342
miniFE.c 25 Ap -1.0469831595615662
miniFE.c 25 Ap -1.0948642632297718
miniFE.c 25 Ap -1.1434699370732593
miniFE.c 25 Ap -1.1583452259675775
miniFE.c 25 Ap -1.1992921075697263
miniFE.c 25 Ap -0.1895019651877838
miniFE.c 25 Ap -0.1872466285831721
miniFE.c 25 Ap -0.3110983857106294
miniFE.c 25 Ap -0.3555237317502303
miniFE.c 25 Ap -1.2243703183174866
miniFE.c 25 Ap -1.2440530800315124
miniFE.c 25 Ap -1.4048222477373244
miniFE.c 25 Ap -1.4377750375222069
miniFE.c 25 Ap -0.2163571533391355
miniFE.c 25 Ap -0.2143661266949394
miniFE.c 25 Ap -0.3336283104106181
miniFE.c 25 Ap -0.4678920677350814
miniFE.c 25 Ap -0.5264912015006356
miniFE.c 25 Ap -0.8178969455763608
miniFE.c 25 Ap -0.9049846092932460
miniFE.c 25 Ap -0.9347004983322387
miniFE.c 25 Ap -0.0673303504310824
miniFE.c 25 Ap -0.0649793432183899
miniFE.c 25 Ap -0.1531001259509205
miniFE.c 25 Ap -0.1688475461379564
miniFE.c 25 Ap -0.3522816589115159
miniFE.c 25 Ap -0.3856572386847840
miniFE.c 25 Ap -1.1368185253779617
miniFE.c 25 Ap -1.1600157546291328
miniFE.c 25 Ap -0.0863475168218181
miniFE.c 25 Ap -0.0849130967423126
miniFE.c 25 Ap -0.1759773731746366
miniFE.c 25 Ap -0.2331548264701317
miniFE.c 25 Ap -0.2827488673959686
miniFE.c 25 Ap -0.2977706293252099
miniFE.c 25 Ap -0.3283688436755005
miniFE.c 25 Ap -0.8910245774973029
miniFE.c 57 sum 0.0202462994924872
miniFE.c 57 sum 0.0200928958358790
miniFE.c 57 sum 0.0294715006304647
miniFE.c 57 sum 0.0439964025095097
miniFE.c 57 sum 0.0627641652231779
miniFE.c 57 sum 0.0668623249165613
miniFE.c 57 sum 0.0801334612990935
miniFE.c 57 sum 0.0878615827758961
miniFE.c 90 p_ap_dot 0.0878615827758961
miniFE.c 91 alpha 0.0087948802815014
miniFE.c 40 y 1.0000979608131719
miniFE.c 40 y 1.9999028422410514
miniFE.c 40 y 1.0000114683106998
miniFE.c 40 y 1.9995098399283704
miniFE.c 40 y 1.0000318667429065
miniFE.c 40 y 2.0000065199601123
miniFE.c 40 y 1.0000098648870872
miniFE.c 40 y 2.0000629899434013
miniFE.c 40 y 0.0005128422072866
miniFE.c 40 y 0.0067852034396533
miniFE.c 40 y 0.0028510985897984
miniFE.c 40 y -0.0005676116243476
miniFE.c 40 y -0.0011823707417877
miniFE.c 40 y 0.0036879471279058
miniFE.c 40 y -0.0002255102580681
miniFE.c 40 y -0.0020537911006353
