filename line variable value
miniFE.c 167 A 67.0947100000000063
miniFE.c 167 A 15.0875500000000002
miniFE.c 167 A 9.3192129999999995
miniFE.c 167 A 13.7164900000000003
miniFE.c 167 A 14.0634099999999993
miniFE.c 167 A 16.0564000000000000
miniFE.c 167 A 4.9967519999999999
miniFE.c 167 A 6.4080630000000003
miniFE.c 167 A 15.0875500000000002
miniFE.c 167 A 66.4365899999999954
miniFE.c 167 A 14.3919700000000006
miniFE.c 167 A 5.9638159999999996
miniFE.c 167 A 10.9336099999999998
miniFE.c 167 A 9.6522659999999991
miniFE.c 167 A 11.3969217187500007
miniFE.c 167 A 6.9539020000000002
miniFE.c 167 A 9.3192129999999995
miniFE.c 167 A 14.3919700000000006
miniFE.c 167 A 67.6740900000000067
miniFE.c 167 A 9.6121750000000006
miniFE.c 167 A 16.7981799999999986
miniFE.c 167 A 16.1756899999999995
miniFE.c 167 A 11.9519400000000005
miniFE.c 167 A 12.3511699999999998
miniFE.c 167 A 13.7164900000000003
miniFE.c 167 A 5.9638159999999996
miniFE.c 167 A 9.6121750000000006
miniFE.c 167 A 65.4017099999999942
miniFE.c 167 A 3.6681119999999998
miniFE.c 167 A 11.0858899999999991
miniFE.c 167 A 1.3002330000000000
miniFE.c 167 A 4.7210279999999996
miniFE.c 167 A 14.0634099999999993
miniFE.c 167 A 10.9336099999999998
miniFE.c 167 A 16.7981799999999986
miniFE.c 167 A 3.6681119999999998
miniFE.c 167 A 66.5612600000000043
miniFE.c 167 A 4.4892070000000004
miniFE.c 167 A 14.0526599999999995
miniFE.c 167 A 3.7993380000000001
miniFE.c 167 A 16.0564000000000000
miniFE.c 167 A 9.6522659999999991
miniFE.c 167 A 16.1756899999999995
miniFE.c 167 A 11.0858899999999991
miniFE.c 167 A 4.4892070000000004
miniFE.c 167 A 66.4632699999999943
miniFE.c 167 A 7.6122389999999998
miniFE.c 167 A 3.4261349999999999
miniFE.c 167 A 4.9967519999999999
miniFE.c 167 A 11.3974100000000007
miniFE.c 167 A 11.9519400000000005
miniFE.c 167 A 1.3002330000000000
miniFE.c 167 A 14.0526599999999995
miniFE.c 167 A 7.6122389999999998
miniFE.c 167 A 65.6581999999999937
miniFE.c 167 A 2.6745570000000001
miniFE.c 167 A 6.4080630000000003
miniFE.c 167 A 6.9539020000000002
miniFE.c 167 A 12.3511699999999998
miniFE.c 167 A 4.7210279999999996
miniFE.c 167 A 3.7993380000000001
miniFE.c 167 A 3.4261349999999999
miniFE.c 167 A 2.6745570000000001
miniFE.c 167 A 64.8721800000000002
miniFE.c 175 b 198.0110999999999990
miniFE.c 175 b 229.8237000000000023
miniFE.c 175 b 210.8053999999999917
miniFE.c 175 b 202.6418999999999926
miniFE.c 175 b 157.2561000000000035
miniFE.c 175 b 225.5886000000000138
miniFE.c 175 b 142.6283999999999992
miniFE.c 175 b 185.1795999999999935
miniFE.c 33 r 0.0000000000000000
miniFE.c 33 r 0.0000000000000000
miniFE.c 33 r 0.0000000000000000
miniFE.c 33 r 0.0000000000000000
miniFE.c 33 r 0.0000000000000000
miniFE.c 33 r 0.0000000000000000
miniFE.c 33 r 0.0000000000000000
miniFE.c 33 r 0.0000000000000000
miniFE.c 25 Ap 0.0000000000000000
miniFE.c 25 Ap 0.0000000000000000
miniFE.c 25 Ap 0.0000000000000000
miniFE.c 25 Ap 0.0000000000000000
miniFE.c 25 Ap 0.0000000000000000
miniFE.c 25 Ap 0.0000000000000000
miniFE.c 25 Ap 0.0000000000000000
miniFE.c 25 Ap 0.0000000000000000
miniFE.c 25 Ap 0.0000000000000000
miniFE.c 25 Ap 0.0000000000000000
miniFE.c 25 Ap 0.0000000000000000
miniFE.c 25 Ap 0.0000000000000000
miniFE.c 25 Ap 0.0000000000000000
miniFE.c 25 Ap 0.0000000000000000
miniFE.c 25 Ap 0.0000000000000000
miniFE.c 25 Ap 0.0000000000000000
miniFE.c 25 Ap 0.0000000000000000
miniFE.c 25 Ap 0.0000000000000000
miniFE.c 25 Ap 0.0000000000000000
miniFE.c 25 Ap 0.0000000000000000
miniFE.c 25 Ap 0.0000000000000000
miniFE.c 25 Ap 0.0000000000000000
miniFE.c 25 Ap 0.0000000000000000
miniFE.c 25 Ap 0.0000000000000000
miniFE.c 25 Ap 0.0000000000000000
miniFE.c 25 Ap 0.0000000000000000
miniFE.c 25 Ap 0.0000000000000000
miniFE.c 25 Ap 0.0000000000000000
miniFE.c 25 Ap 0.0000000000000000
miniFE.c 25 Ap 0.0000000000000000
miniFE.c 25 Ap 0.0000000000000000
miniFE.c 25 Ap 0.0000000000000000
miniFE.c 25 Ap 0.0000000000000000
miniFE.c 25 Ap 0.0000000000000000
miniFE.c 25 Ap 0.0000000000000000
miniFE.c 25 Ap 0.0000000000000000
miniFE.c 25 Ap 0.0000000000000000
miniFE.c 25 Ap 0.0000000000000000
miniFE.c 25 Ap 0.0000000000000000
miniFE.c 25 Ap 0.0000000000000000
miniFE.c 25 Ap 0.0000000000000000
miniFE.c 25 Ap 0.0000000000000000
miniFE.c 25 Ap 0.0000000000000000
miniFE.c 25 Ap 0.0000000000000000
miniFE.c 25 Ap 0.0000000000000000
miniFE.c 25 Ap 0.0000000000000000
miniFE.c 25 Ap 0.0000000000000000
miniFE.c 25 Ap 0.0000000000000000
miniFE.c 25 Ap 0.0000000000000000
miniFE.c 25 Ap 0.0000000000000000
miniFE.c 25 Ap 0.0000000000000000
miniFE.c 25 Ap 0.0000000000000000
miniFE.c 25 Ap 0.0000000000000000
miniFE.c 25 Ap 0.0000000000000000
miniFE.c 25 Ap 0.0000000000000000
miniFE.c 25 Ap 0.0000000000000000
miniFE.c 25 Ap 0.0000000000000000
miniFE.c 25 Ap 0.0000000000000000
miniFE.c 25 Ap 0.0000000000000000
miniFE.c 25 Ap 0.0000000000000000
miniFE.c 25 Ap 0.0000000000000000
miniFE.c 25 Ap 0.0000000000000000
miniFE.c 25 Ap 0.0000000000000000
miniFE.c 25 Ap 0.0000000000000000
miniFE.c 33 r 198.0110999999999990
miniFE.c 33 r 229.8237000000000023
miniFE.c 33 r 210.8053999999999917
miniFE.c 33 r 202.6418999999999926
miniFE.c 33 r 157.2561000000000035
miniFE.c 33 r 225.5886000000000138
miniFE.c 33 r 142.6283999999999992
miniFE.c 33 r 185.1795999999999935
miniFE.c 48 sum 39208.3957232100001420
miniFE.c 48 sum 92027.3288048999966122
miniFE.c 48 sum 136466.2454740600078367
miniFE.c 48 sum 177529.9851096700003836
miniFE.c 48 sum 202259.4660968800017145
miniFE.c 48 sum 253149.6825468399911188
miniFE.c 48 sum 273492.5430333999684080
miniFE.c 48 sum 307784.0272895599482581
miniFE.c 75 rtrans 307784.0272895599482581
miniFE.c 76 normr 554.7828649927464539
miniFE.c 33 r 198.0110999999999990
miniFE.c 33 r 229.8237000000000023
miniFE.c 33 r 210.8053999999999917
miniFE.c 33 r 202.6418999999999926
miniFE.c 33 r 157.2561000000000035
miniFE.c 33 r 225.5886000000000138
miniFE.c 33 r 142.6283999999999992
miniFE.c 33 r 185.1795999999999935
miniFE.c 87 normr 554.7828649927464539
miniFE.c 25 Ap 13285.4973312810016068
miniFE.c 25 Ap 16752.9738962160008668
miniFE.c 25 Ap 18717.5143203662009910
miniFE.c 25 Ap 21497.0499152972006414
miniFE.c 25 Ap 23708.6069245981998392
miniFE.c 25 Ap 27330.7477216381994367
miniFE.c 25 Ap 28043.4264645949988335
miniFE.c 25 Ap 29230.0690077097970061
miniFE.c 25 Ap 2987.5023718050001662
miniFE.c 25 Ap 18256.2053009880000900
miniFE.c 25 Ap 21290.1102936259994749
miniFE.c 25 Ap 22498.6292991164009436
miniFE.c 25 Ap 24218.0061666374022025
miniFE.c 25 Ap 26395.4473404050004319
miniFE.c 25 Ap 28020.9720500755647663
miniFE.c 25 Ap 29308.6928408747662615
miniFE.c 25 Ap 1845.3076172643000064
miniFE.c 25 Ap 5152.9234129532997031
miniFE.c 25 Ap 19418.9870250392996240
miniFE.c 25 Ap 21366.8164301717988565
miniFE.c 25 Ap 24008.4327040697971825
miniFE.c 25 Ap 27657.4839652037990163
miniFE.c 25 Ap 29362.1700442997971550
miniFE.c 25 Ap 31649.3547644317950471
miniFE.c 25 Ap 2716.0172730389999742
miniFE.c 25 Ap 4086.6435322781999275
miniFE.c 25 Ap 6112.9419280231995799
miniFE.c 25 Ap 19366.0687056721981207
miniFE.c 25 Ap 19942.9016931553996983
miniFE.c 25 Ap 22443.7520980093977414
miniFE.c 25 Ap 22629.2022504265987664
miniFE.c 25 Ap 23503.4403270553993934
miniFE.c 25 Ap 2784.7112838509997346
miniFE.c 25 Ap 5297.5139884079999320
miniFE.c 25 Ap 8838.6610425799990480
miniFE.c 25 Ap 9581.9742276727993158
miniFE.c 25 Ap 20049.1383863587980159
miniFE.c 25 Ap 21061.8523085989982064
miniFE.c 25 Ap 23066.1607201429978886
miniFE.c 25 Ap 23769.7206112477979332
miniFE.c 25 Ap 3179.3454260399998930
miniFE.c 25 Ap 5397.6649115441996400
miniFE.c 25 Ap 8807.5877122702004272
miniFE.c 25 Ap 11054.0535250612010714
miniFE.c 25 Ap 11760.0087099739012046
miniFE.c 25 Ap 26753.3647406958989450
miniFE.c 25 Ap 27839.0862096834971453
miniFE.c 25 Ap 28473.5365185294976982
miniFE.c 25 Ap 989.4123599472000024
miniFE.c 25 Ap 3608.8072965641999872
miniFE.c 25 Ap 6128.3407890401995246
miniFE.c 25 Ap 6391.8224746028990921
miniFE.c 25 Ap 8601.6889808288997301
miniFE.c 25 Ap 10318.9233197042995016
miniFE.c 25 Ap 19683.6473325842962367
miniFE.c 25 Ap 20178.9207280214977800
miniFE.c 25 Ap 1268.8676034993000030
miniFE.c 25 Ap 2867.0390905766998912
miniFE.c 25 Ap 5470.7324228946999938
miniFE.c 25 Ap 6427.4105067679001877
miniFE.c 25 Ap 7024.8795832297000743
miniFE.c 25 Ap 7797.7765812907000509
miniFE.c 25 Ap 8179.2443669095000587
miniFE.c 25 Ap 20192.2487104374995397
miniFE.c 57 sum 5787878.1172925252467394
miniFE.c 57 sum 12523710.3481458760797977
miniFE.c 57 sum 19195565.2390038259327412
miniFE.c 57 sum 23958347.0434149540960789
miniFE.c 57 sum 27696280.6048294007778168
miniFE.c 57 sum 34119585.8450933471322060
miniFE.c 57 sum 36997673.0222578868269920
miniFE.c 57 sum 40736865.5615572184324265
miniFE.c 90 p_ap_dot 40736865.5615572184324265
miniFE.c 91 alpha 0.0075554175081161
miniFE.c 40 y 1.4960565317413217
miniFE.c 40 y 1.7364140067600151
miniFE.c 40 y 1.5927228099654112
miniFE.c 40 y 1.5310441591379056
miniFE.c 40 y 1.1881354911980515
miniFE.c 40 y 1.7044160580713927
miniFE.c 40 y 1.0776171105145820
miniFE.c 40 y 1.3991091919859304
miniFE.c 40 y -22.8342751442914960
miniFE.c 40 y 8.3842889700586909
miniFE.c 40 y -28.3186891077647260
miniFE.c 40 y 25.0635954520043640
miniFE.c 40 y -22.3340632692490146
miniFE.c 40 y 10.4591436699199676
miniFE.c 40 y -9.8317709633798813
miniFE.c 40 y 32.6187305649263806
miniFE.c 82 oldrtrans 307784.0272895599482581
miniFE.c 48 sum 521.4041213652084252
miniFE.c 48 sum 591.7004228986562566
miniFE.c 48 sum 1393.6485756808888254
miniFE.c 48 sum 2021.8323926626226239
miniFE.c 48 sum 2520.6427747774405361
miniFE.c 48 sum 2630.0364610854676357
miniFE.c 48 sum 2726.7001813618271626
miniFE.c 48 sum 3790.6817650290895472
miniFE.c 83 rtrans 3790.6817650290895472
miniFE.c 84 beta 0.0123160444627715
miniFE.c 40 y -20.3955616325692084
miniFE.c 40 y 11.2148078778573428
miniFE.c 40 y -25.7224004283723993
miniFE.c 40 y 27.5593421024248535
miniFE.c 40 y -20.3972901496069774
miniFE.c 40 y 13.2375028978143376
miniFE.c 40 y -8.0751532473259253
miniFE.c 40 y 34.8994107521246164
miniFE.c 87 normr 61.5685127725941541
miniFE.c 25 Ap -1368.4342930243576575
miniFE.c 25 Ap -1199.2303184267912002
miniFE.c 25 Ap -1438.9428468900848657
miniFE.c 25 Ap -1060.9254065355953571
miniFE.c 25 Ap -1347.7808607984795799
miniFE.c 25 Ap -1135.2342192700134547
miniFE.c 25 Ap -1175.5837574088957354
miniFE.c 25 Ap -951.9461346464038343
miniFE.c 25 Ap -307.7190559094695459
miniFE.c 25 Ap 437.3545370005087420
miniFE.c 25 Ap 67.1585217073860008
miniFE.c 25 Ap 231.5173670873009826
miniFE.c 25 Ap 8.5013515346566351
miniFE.c 25 Ap 136.2732506801314116
miniFE.c 25 Ap 44.2413612534479768
miniFE.c 25 Ap 286.9284434814688325
miniFE.c 25 Ap -190.0705831085401769
miniFE.c 25 Ap -28.6674045746536308
miniFE.c 25 Ap -1769.4074461803661507
miniFE.c 25 Ap -1504.5022270069905517
miniFE.c 25 Ap -1847.1395784523153907
miniFE.c 25 Ap -1633.0138352031690374
miniFE.c 25 Ap -1729.5275823060137554
miniFE.c 25 Ap -1298.4790272066948091
miniFE.c 25 Ap -279.7555171775192093
miniFE.c 25 Ap -212.8724665186275615
miniFE.c 25 Ap -460.1206808562180299
miniFE.c 25 Ap 1342.3074191173623149
miniFE.c 25 Ap 1267.4878743521071556
miniFE.c 25 Ap 1414.2373753519582351
miniFE.c 25 Ap 1403.7377946197279925
miniFE.c 25 Ap 1568.4988899640093223
miniFE.c 25 Ap -286.8311454190900918
miniFE.c 25 Ap -164.2128098576702655
miniFE.c 25 Ap -596.3023222855468930
miniFE.c 25 Ap -495.2115688075370485
miniFE.c 25 Ap -1852.8809017509661317
miniFE.c 25 Ap -1793.4550110795776163
miniFE.c 25 Ap -1906.9323941121447206
miniFE.c 25 Ap -1774.3377366639890624
miniFE.c 25 Ap -327.4792957971842497
miniFE.c 25 Ap -219.2309870212096712
miniFE.c 25 Ap -635.3085624064287913
miniFE.c 25 Ap -329.7887273865781594
miniFE.c 25 Ap -421.3563851072248667
miniFE.c 25 Ap 458.4513441159918443
miniFE.c 25 Ap 396.9813476357207946
miniFE.c 25 Ap 516.5514402929512698
miniFE.c 25 Ap -101.9115633786634589
miniFE.c 25 Ap 25.9082000765066027
miniFE.c 25 Ap -281.5243864993746001
miniFE.c 25 Ap -245.6908204395124358
miniFE.c 25 Ap -532.3270038332884724
miniFE.c 25 Ap -431.5599680119331651
miniFE.c 25 Ap -961.7599949555082048
miniFE.c 25 Ap -868.4195316325379963
miniFE.c 25 Ap -130.6960438618863520
miniFE.c 25 Ap -52.7093689304384156
miniFE.c 25 Ap -370.4111094293387509
miniFE.c 25 Ap -240.3026837022121640
miniFE.c 25 Ap -317.7988832646396418
miniFE.c 25 Ap -272.4454112738364984
miniFE.c 25 Ap -294.0428689175448085
miniFE.c 25 Ap 1969.9579872882184191
miniFE.c 57 sum 19415.4760600667541439
miniFE.c 57 sum 22633.3234284040772764
miniFE.c 57 sum 56033.3209140581457177
miniFE.c 57 sum 99260.1184098499070387
miniFE.c 57 sum 135451.8000479822221678
miniFE.c 57 sum 142289.6512357303290628
miniFE.c 57 sum 149302.2720366340654436
miniFE.c 57 sum 218052.6449994342983700
miniFE.c 90 p_ap_dot 218052.6449994342983700
miniFE.c 91 alpha 0.0173842503265160
miniFE.c 40 y 1.1414949827708536
miniFE.c 40 y 1.9313750342724707
miniFE.c 40 y 1.1455581619197033
miniFE.c 40 y 2.0101426610805504
miniFE.c 40 y 0.8335438932547051
miniFE.c 40 y 1.9345401221449778
miniFE.c 40 y 0.9372366250380897
miniFE.c 40 y 2.0058092847487683
miniFE.c 40 y -6.2854052422391220
miniFE.c 40 y 3.3962530827792428
miniFE.c 40 y -5.7456046550725830
miniFE.c 40 y -2.2035818879924243
miniFE.c 40 y 8.5114681087015711
miniFE.c 40 y 1.4792841253449271
miniFE.c 40 y 5.2650515629559251
miniFE.c 40 y -1.6275122188116029
miniFE.c 82 oldrtrans 3790.6817650290895472
miniFE.c 48 sum 39.5063190591670335
miniFE.c 48 sum 51.0408540614545458
miniFE.c 48 sum 84.0528269138462747
miniFE.c 48 sum 88.9086000509345382
miniFE.c 48 sum 161.3536894163784439
miniFE.c 48 sum 163.5419709398759380
miniFE.c 48 sum 191.2627389004605618
miniFE.c 48 sum 193.9115349228416392
miniFE.c 83 rtrans 193.9115349228416392
miniFE.c 84 beta 0.0511547913918207
miniFE.c 40 y -7.3287359428722212
miniFE.c 40 y 3.9699442402703822
miniFE.c 40 y -7.0614286830828519
miniFE.c 40 y -0.7937894918470605
miniFE.c 40 y 7.4680489861399879
miniFE.c 40 y 2.1564458246312412
miniFE.c 40 y 4.8519687831319844
miniFE.c 40 y 0.1577598579107951
miniFE.c 87 normr 13.9252122038711370
miniFE.c 25 Ap -491.7194127535883013
miniFE.c 25 Ap -431.8226805312968963
miniFE.c 25 Ap -497.6296385132554860
miniFE.c 25 Ap -508.5176441402807654
miniFE.c 25 Ap -403.4914093481098121
miniFE.c 25 Ap -368.8666526095007612
miniFE.c 25 Ap -344.6225678884484296
miniFE.c 25 Ap -343.6116327800850172
miniFE.c 25 Ap -110.5726699748817765
miniFE.c 25 Ap 153.1768878388230632
miniFE.c 25 Ap 51.5490180747551534
miniFE.c 25 Ap 46.8150036026457883
miniFE.c 25 Ap 128.4677386779958397
miniFE.c 25 Ap 149.2823273919259179
miniFE.c 25 Ap 204.5798357950998536
miniFE.c 25 Ap 205.6768823865454578
miniFE.c 25 Ap -68.2980512723820539
miniFE.c 25 Ap -11.1627328647379187
miniFE.c 25 Ap -489.0384930922683679
miniFE.c 25 Ap -496.6685366010634084
miniFE.c 25 Ap -371.2189054830664077
miniFE.c 25 Ap -336.3369063220370663
miniFE.c 25 Ap -278.3464665441705961
miniFE.c 25 Ap -276.3979477199385428
miniFE.c 25 Ap -100.5245332730473962
miniFE.c 25 Ap -76.8485162938150523
miniFE.c 25 Ap -144.7242045456269750
miniFE.c 25 Ap -196.6393946924557952
miniFE.c 25 Ap -169.2457545898078592
miniFE.c 25 Ap -145.3396333869866339
miniFE.c 25 Ap -139.0309434601885812
miniFE.c 25 Ap -138.2861547537156923
miniFE.c 25 Ap -103.0670183463486183
miniFE.c 25 Ap -59.6611963014859654
miniFE.c 25 Ap -178.2803463770746646
miniFE.c 25 Ap -181.1920551375927744
miniFE.c 25 Ap 315.8906951216073935
miniFE.c 25 Ap 325.5714268126627076
miniFE.c 25 Ap 393.7544944526301833
miniFE.c 25 Ap 394.3538774756652856
miniFE.c 25 Ap -117.6731157931335332
miniFE.c 25 Ap -79.3541579808758968
miniFE.c 25 Ap -193.5776393155323376
miniFE.c 25 Ap -202.3775023053047448
miniFE.c 25 Ap -168.8518845203822139
miniFE.c 25 Ap -25.5274434375433827
miniFE.c 25 Ap 11.4069025601964498
miniFE.c 25 Ap 11.9474091309796524
miniFE.c 25 Ap -36.6198759800186551
miniFE.c 25 Ap 8.6272062034814070
miniFE.c 25 Ap -75.7705657310038561
miniFE.c 25 Ap -76.8026770233566367
miniFE.c 25 Ap 28.1432762422133180
miniFE.c 25 Ap 44.5586572498584133
miniFE.c 25 Ap 363.1301940064948326
miniFE.c 25 Ap 363.5521317387891713
miniFE.c 25 Ap -46.9630016322895969
miniFE.c 25 Ap -19.3563984399849041
miniFE.c 25 Ap -106.5733045476173260
miniFE.c 25 Ap -110.3208069647330660
miniFE.c 25 Ap -81.9471646658299306
miniFE.c 25 Ap -74.5588901504569748
miniFE.c 25 Ap -61.5820230777498452
miniFE.c 25 Ap -51.3477971785863261
miniFE.c 57 sum 2518.2389235444197766
miniFE.c 57 sum 3334.7646781316548186
miniFE.c 57 sum 5286.5290741064636677
miniFE.c 57 sum 5396.2991706179000175
miniFE.c 57 sum 8341.3532454804153531
miniFE.c 57 sum 8367.1171860160775395
miniFE.c 57 sum 10131.0607802537688258
miniFE.c 57 sum 10122.9601590668426070
miniFE.c 90 p_ap_dot 10122.9601590668426070
miniFE.c 91 alpha 0.0191556157364860
miniFE.c 40 y 1.0011085332150200
miniFE.c 40 y 2.0074217606343661
miniFE.c 40 y 1.0102921475159679
miniFE.c 40 y 1.9949371345990676
miniFE.c 40 y 0.9765989699344566
miniFE.c 40 y 1.9758481697181636
miniFE.c 40 y 1.0301790746131916
miniFE.c 40 y 2.0088312719655503
miniFE.c 40 y 0.2966871578827242
miniFE.c 40 y -0.5436142420958481
miniFE.c 40 y -0.4510317781960929
miniFE.c 40 y 0.4453745541459906
miniFE.c 40 y 0.9573767675844449
miniFE.c 40 y 1.2504241469852968
miniFE.c 40 y -1.6990133728126571
miniFE.c 40 y -0.6439135471435832
miniFE.c 82 oldrtrans 193.9115349228416392
miniFE.c 48 sum 0.0880232696525285
miniFE.c 48 sum 0.3835397138619718
miniFE.c 48 sum 0.5869693788047013
miniFE.c 48 sum 0.7853278722854412
miniFE.c 48 sum 1.7018981473958814
miniFE.c 48 sum 3.2654586947597886
miniFE.c 48 sum 6.1521051357560292
miniFE.c 48 sum 6.5667297919510608
miniFE.c 83 rtrans 6.5667297919510608
miniFE.c 84 beta 0.0338645650686226
miniFE.c 40 y 0.0485027026745743
miniFE.c 40 y -0.4091738070524081
miniFE.c 40 y -0.6901639893117903
miniFE.c 40 y 0.4184932182485469
miniFE.c 40 y 1.2102789984112439
miniFE.c 40 y 1.3234512469304811
miniFE.c 40 y -1.5347035602453583
miniFE.c 40 y -0.6385710781701464
miniFE.c 87 normr 2.5625631293591695
miniFE.c 25 Ap 3.2542747701667905
miniFE.c 25 Ap -2.9191555024267695
miniFE.c 25 Ap -9.3509407237530660
miniFE.c 25 Ap -3.6106826805790551
miniFE.c 25 Ap 13.4099670884676154
miniFE.c 25 Ap 34.6598296896821907
miniFE.c 25 Ap 26.9912966056190768
miniFE.c 25 Ap 22.8992929067268562
miniFE.c 25 Ap 0.7317869517377742
miniFE.c 25 Ap -26.4523255061421665
miniFE.c 25 Ap -36.3851449353977756
miniFE.c 25 Ap -33.8893283845156006
miniFE.c 25 Ap -20.6566098246964387
miniFE.c 25 Ap -7.8823063512917528
miniFE.c 25 Ap -25.3732026888950273
miniFE.c 25 Ap -29.8137633865245633
miniFE.c 25 Ap 0.4520070173000280
miniFE.c 25 Ap -5.4368101385840175
miniFE.c 25 Ap -52.1430300660291550
miniFE.c 25 Ap -48.1204000159109313
miniFE.c 25 Ap -27.7899155503791455
miniFE.c 25 Ap -6.3821784499182321
miniFE.c 25 Ap -24.7248633197571408
miniFE.c 25 Ap -32.6119632633199075
miniFE.c 25 Ap 0.6652868362087724
miniFE.c 25 Ap -1.7749504610712914
miniFE.c 25 Ap -8.4089275050343506
miniFE.c 25 Ap 18.9612445918238208
miniFE.c 25 Ap 23.4006835092440859
miniFE.c 25 Ap 38.0723184530782390
miniFE.c 25 Ap 36.0768462388297380
miniFE.c 25 Ap 33.0621342987982914
miniFE.c 25 Ap 0.6821133938206356
miniFE.c 25 Ap -3.7916334347056440
miniFE.c 25 Ap -15.3851323566831724
miniFE.c 25 Ap -13.8500523609070587
miniFE.c 25 Ap 66.7076427248833426
miniFE.c 25 Ap 72.6488893267623865
miniFE.c 25 Ap 51.0822219938448541
miniFE.c 25 Ap 48.6560746308520464
miniFE.c 25 Ap 0.7787787952240356
miniFE.c 25 Ap -3.1706756306784829
miniFE.c 25 Ap -14.3345543709493164
miniFE.c 25 Ap -9.6951845876999343
miniFE.c 25 Ap -4.2619916360791894
miniFE.c 25 Ap 83.6989059204980350
miniFE.c 25 Ap 72.0163756257594656
miniFE.c 25 Ap 69.8285449048529898
miniFE.c 25 Ap 0.2423559765945847
miniFE.c 25 Ap -4.4211656636426024
miniFE.c 25 Ap -12.6699642540577617
miniFE.c 25 Ap -12.1258255614147981
miniFE.c 25 Ap 4.8818137083989530
miniFE.c 25 Ap 14.9562409048817919
miniFE.c 25 Ap -85.8096323944199781
miniFE.c 25 Ap -87.5175271415374851
miniFE.c 25 Ap 0.3108083744089409
miniFE.c 25 Ap -2.5345461808004139
miniFE.c 25 Ap -11.0588789406685191
miniFE.c 25 Ap -9.0831607395070186
miniFE.c 25 Ap -4.4849017502412405
miniFE.c 25 Ap 0.0494208876609230
miniFE.c 25 Ap -4.0552312623182214
miniFE.c 25 Ap -45.4807291881660305
miniFE.c 57 sum 1.1106775953129622
miniFE.c 57 sum 13.3096886627369120
miniFE.c 57 sum 35.8172913278393352
miniFE.c 57 sum 49.6535703127090926
miniFE.c 57 sum 108.5409955835594360
miniFE.c 57 sum 200.9556704092282189
miniFE.c 57 sum 335.2691308972155753
miniFE.c 57 sum 364.3118091708672068
miniFE.c 90 p_ap_dot 364.3118091708672068
miniFE.c 91 alpha 0.0180250258889389
miniFE.c 40 y 1.0019827956864127
miniFE.c 40 y 2.0000463921691707
miniFE.c 40 y 0.9978519237410095
miniFE.c 40 y 2.0024804856923430
miniFE.c 40 y 0.9984142802136584
miniFE.c 40 y 1.9997034127068340
miniFE.c 40 y 1.0025160032079223
miniFE.c 40 y 1.9973210117496059
miniFE.c 40 y -0.1160731895994230
miniFE.c 40 y -0.0062203852070433
miniFE.c 40 y 0.1367997039143738
miniFE.c 40 y -0.1505712725334244
miniFE.c 40 y 0.0803497627091921
miniFE.c 40 y -0.0082371827116130
miniFE.c 40 y -0.1215076803505284
miniFE.c 40 y 0.1758777739209300
miniFE.c 82 oldrtrans 6.5667297919510608
miniFE.c 48 sum 0.0134729853437836
miniFE.c 48 sum 0.0135116785359076
miniFE.c 48 sum 0.0322258375269679
miniFE.c 48 sum 0.0548975456393027
miniFE.c 48 sum 0.0613536300067262
miniFE.c 48 sum 0.0614214811857507
miniFE.c 48 sum 0.0761855975699169
miniFE.c 48 sum 0.1071185889292986
miniFE.c 83 rtrans 0.1071185889292986
miniFE.c 84 beta 0.0163123186613519
miniFE.c 40 y -0.1152819980574586
miniFE.c 40 y -0.0128949587355607
miniFE.c 40 y 0.1255415289921300
miniFE.c 40 y -0.1437446777997394
miniFE.c 40 y 0.1000922194004181
miniFE.c 40 y 0.0133513757610805
miniFE.c 40 y -0.1465422538759619
miniFE.c 40 y 0.1654611990058955
miniFE.c 87 normr 0.3272897629460760
miniFE.c 25 Ap -7.7348122278857474
miniFE.c 25 Ap -7.9293655625564554
miniFE.c 25 Ap -6.7594173135331204
miniFE.c 25 Ap -8.7310897491264683
miniFE.c 25 Ap -7.3234518298884339
miniFE.c 25 Ap -7.1090768001182205
miniFE.c 25 Ap -7.8413121002574409
miniFE.c 25 Ap -6.7810263129721253
miniFE.c 25 Ap -1.7393229097918093
miniFE.c 25 Ap -2.5960199963731707
miniFE.c 25 Ap -0.7892300773643055
miniFE.c 25 Ap -1.6464968867412364
miniFE.c 25 Ap -0.5521275957826306
miniFE.c 25 Ap -0.4232565654707292
miniFE.c 25 Ap -2.0933871613842561
miniFE.c 25 Ap -0.9427861986947614
miniFE.c 25 Ap -1.0743374949630426
miniFE.c 25 Ap -1.2599213542364696
miniFE.c 25 Ap 7.2359873775145456
miniFE.c 25 Ap 5.8542883791848350
miniFE.c 25 Ap 7.5356554972725505
miniFE.c 25 Ap 7.7516232126573028
miniFE.c 25 Ap 6.0001589868670386
miniFE.c 25 Ap 8.0437983841926837
miniFE.c 25 Ap -1.5812643735351499
miniFE.c 25 Ap -1.6581675347616263
miniFE.c 25 Ap -0.4514403883216991
miniFE.c 25 Ap -9.8525881198236931
miniFE.c 25 Ap -9.4854386487343874
miniFE.c 25 Ap -9.3374267656983818
miniFE.c 25 Ap -9.5279658400822846
miniFE.c 25 Ap -8.7468188866618792
miniFE.c 25 Ap -1.6212580043012434
miniFE.c 25 Ap -1.7622464540819567
miniFE.c 25 Ap 0.3466227474030616
miniFE.c 25 Ap -0.1806488301702961
miniFE.c 25 Ap 6.4816154093179810
miniFE.c 25 Ap 6.5415524988442542
miniFE.c 25 Ap 4.4822440294916790
miniFE.c 25 Ap 5.1108870504003399
miniFE.c 25 Ap -1.8510138736097779
miniFE.c 25 Ap -1.9754794453844329
miniFE.c 25 Ap 0.0552414097182745
miniFE.c 25 Ap -1.5382962764550787
miniFE.c 25 Ap -1.0889615844771858
miniFE.c 25 Ap -0.2015854923970372
miniFE.c 25 Ap -1.3171001524995356
miniFE.c 25 Ap -0.7502077474434719
miniFE.c 25 Ap -0.5760355543576022
miniFE.c 25 Ap -0.7230046859998687
miniFE.c 25 Ap 0.7774601360223297
miniFE.c 25 Ap 0.5905585623727411
miniFE.c 25 Ap 1.9971204902522208
miniFE.c 25 Ap 2.0987543535243725
miniFE.c 25 Ap -7.5229462599143098
miniFE.c 25 Ap -7.0804108518846993
miniFE.c 25 Ap -0.7387343063180722
miniFE.c 25 Ap -0.8284045856592049
miniFE.c 25 Ap 0.7221801809825213
miniFE.c 25 Ap 0.0435575322389732
miniFE.c 25 Ap 0.4238417049113191
miniFE.c 25 Ap 0.4695853207045086
miniFE.c 25 Ap 0.0776497098047775
miniFE.c 25 Ap 10.8114783947310507
miniFE.c 57 sum 0.7817302622396280
miniFE.c 57 sum 0.7938874513682531
miniFE.c 57 sum 1.8037181994242273
miniFE.c 57 sum 3.0610268620601149
miniFE.c 57 sum 3.5725868900395419
miniFE.c 57 sum 3.5625705845045501
miniFE.c 57 sum 4.6001499491075535
miniFE.c 57 sum 6.3890301273260874
miniFE.c 90 p_ap_dot 6.3890301273260874
miniFE.c 91 alpha 0.0167660171879843
miniFE.c 40 y 1.0000499757255161
miniFE.c 40 y 1.9998301950693720
miniFE.c 40 y 0.9999567551738974
miniFE.c 40 y 2.0000704599536712
miniFE.c 40 y 1.0000924280845094
miniFE.c 40 y 1.9999272621023276
miniFE.c 40 y 1.0000590732606720
miniFE.c 40 y 2.0000951370560833
miniFE.c 40 y -0.0023823858839586
miniFE.c 40 y 0.0095863844048675
miniFE.c 40 y 0.0019372419483190
miniFE.c 40 y -0.0039219567394657
miniFE.c 40 y -0.0053394574236663
miniFE.c 40 y 0.0043408132765832
miniFE.c 40 y -0.0027973903098390
miniFE.c 40 y -0.0053876586726516
miniFE.c 82 oldrtrans 0.1071185889292986
miniFE.c 48 sum 0.0000056757625001
miniFE.c 48 sum 0.0000975745284580
miniFE.c 48 sum 0.0001013274348243
miniFE.c 48 sum 0.0001167091794905
miniFE.c 48 sum 0.0001452189850697
miniFE.c 48 sum 0.0001640616449718
miniFE.c 48 sum 0.0001718870375174
miniFE.c 48 sum 0.0002009139034904
miniFE.c 83 rtrans 0.0002009139034904
miniFE.c 84 beta 0.0018756212670336
miniFE.c 40 y -0.0025986112512213
miniFE.c 40 y 0.0095621983460255
miniFE.c 40 y 0.0021727103099926
miniFE.c 40 y -0.0041915673141698
miniFE.c 40 y -0.0051517223282943
miniFE.c 40 y 0.0043658554009049
miniFE.c 40 y -0.0030722480777278
miniFE.c 40 y -0.0050773161289273
miniFE.c 87 normr 0.0141744101637573
miniFE.c 25 Ap -0.1743530683034331
miniFE.c 25 Ap -0.0300829226478554
miniFE.c 25 Ap -0.0098349724817387
miniFE.c 25 Ap -0.0673285636308756
miniFE.c 25 Ap -0.1397793469398325
miniFE.c 25 Ap -0.0696794262807436
miniFE.c 25 Ap -0.0850306880076263
miniFE.c 25 Ap -0.1175664496327085
miniFE.c 25 Ap -0.0392066771833645
miniFE.c 25 Ap 0.5960731738302122
miniFE.c 25 Ap 0.6273427554303159
miniFE.c 25 Ap 0.6023450192169930
miniFE.c 25 Ap 0.5460180964511315
miniFE.c 25 Ap 0.5881584940982020
miniFE.c 25 Ap 0.5531443232557577
miniFE.c 25 Ap 0.5178371644721780
miniFE.c 25 Ap -0.0242170117543282
miniFE.c 25 Ap 0.1134018599757210
miniFE.c 25 Ap 0.2604380530380861
miniFE.c 25 Ap 0.2201479744900060
miniFE.c 25 Ap 0.1336084155092997
miniFE.c 25 Ap 0.2042291390591626
miniFE.c 25 Ap 0.1675098143690442
miniFE.c 25 Ap 0.1047990197169214
miniFE.c 25 Ap -0.0356438252412650
miniFE.c 25 Ap 0.0213833662499356
miniFE.c 25 Ap 0.0422678379738885
miniFE.c 25 Ap -0.2318678319529238
miniFE.c 25 Ap -0.2507649264460080
miniFE.c 25 Ap -0.2023655337156707
miniFE.c 25 Ap -0.2063601720505190
miniFE.c 25 Ap -0.2303303236600363
miniFE.c 25 Ap -0.0365453354565387
miniFE.c 25 Ap 0.0680040120015496
miniFE.c 25 Ap 0.1045015908766606
miniFE.c 25 Ap 0.0891264525127465
miniFE.c 25 Ap -0.2537786768286537
miniFE.c 25 Ap -0.2341794482019237
miniFE.c 25 Ap -0.2773527058738866
miniFE.c 25 Ap -0.2966431459805329
miniFE.c 25 Ap -0.0417243416941103
miniFE.c 25 Ap 0.0505725402864882
miniFE.c 25 Ap 0.0857176287207319
miniFE.c 25 Ap 0.0392503745482500
miniFE.c 25 Ap 0.0161232266100151
miniFE.c 25 Ap 0.3062922529013134
miniFE.c 25 Ap 0.2829055662663585
miniFE.c 25 Ap 0.2655099957709763
miniFE.c 25 Ap -0.0129846159667627
miniFE.c 25 Ap 0.0959996790842122
miniFE.c 25 Ap 0.1219677823466248
miniFE.c 25 Ap 0.1165177682030198
miniFE.c 25 Ap 0.0441223659090921
miniFE.c 25 Ap 0.0773563006602208
miniFE.c 25 Ap -0.1243619780768489
miniFE.c 25 Ap -0.1379415494706843
miniFE.c 25 Ap -0.0166520646103352
miniFE.c 25 Ap 0.0498425255924885
miniFE.c 25 Ap 0.0766780399919594
miniFE.c 25 Ap 0.0568895333378790
miniFE.c 25 Ap 0.0373163989305421
miniFE.c 25 Ap 0.0522744089245213
miniFE.c 25 Ap 0.0440575063224978
miniFE.c 25 Ap -0.2853190595101758
miniFE.c 57 sum 0.0003055094987817
miniFE.c 57 sum 0.0052571711764081
miniFE.c 57 sum 0.0054848690870242
miniFE.c 57 sum 0.0064503141431397
miniFE.c 57 sum 0.0079785372618231
miniFE.c 57 sum 0.0091377155108541
miniFE.c 57 sum 0.0095615061710542
miniFE.c 57 sum 0.0110101612337955
miniFE.c 90 p_ap_dot 0.0110101612337955
miniFE.c 91 alpha 0.0182480437138125
miniFE.c 40 y 1.0000025561538086
miniFE.c 40 y 2.0000046864827903
miniFE.c 40 y 0.9999964028866115
miniFE.c 40 y 1.9999939720500928
miniFE.c 40 y 0.9999984192302612
miniFE.c 40 y 2.0000069304225314
miniFE.c 40 y 1.0000030107434499
miniFE.c 40 y 2.0000024859694139
miniFE.c 40 y -0.0002370281717832
miniFE.c 40 y 0.0001368691909425
miniFE.c 40 y 0.0000248648553599
miniFE.c 40 y 0.0002811210752992
miniFE.c 40 y 0.0000736996715893
miniFE.c 40 y -0.0005042247326997
miniFE.c 40 y -0.0002802268851470
miniFE.c 40 y -0.0001811440023261
