filename line variable value
miniFE.c 167 A 67.0947100000000063
miniFE.c 167 A 15.0875500000000002
miniFE.c 167 A 9.3192129999999995
miniFE.c 167 A 13.7164900000000003
miniFE.c 167 A 14.0634099999999993
miniFE.c 167 A 16.0564000000000000
miniFE.c 167 A 4.9967519999999999
miniFE.c 167 A 6.4080630000000003
miniFE.c 167 A 15.0875500000000002
miniFE.c 167 A 66.4365899999999954
miniFE.c 167 A 14.3919700000000006
miniFE.c 167 A 5.9638159999999996
miniFE.c 167 A 10.9336099999999998
miniFE.c 167 A 9.6522659999999991
miniFE.c 167 A 11.3974100000000007
miniFE.c 167 A 6.9539020000000002
miniFE.c 167 A 9.3192129999999995
miniFE.c 167 A 14.3919700000000006
miniFE.c 167 A 67.6740900000000067
miniFE.c 167 A 9.6121750000000006
miniFE.c 167 A 16.7981799999999986
miniFE.c 167 A 16.1756899999999995
miniFE.c 167 A 11.9519400000000005
miniFE.c 167 A 12.3511699999999998
miniFE.c 167 A 13.7164900000000003
miniFE.c 167 A 5.9638159999999996
miniFE.c 167 A 9.6121750000000006
miniFE.c 167 A 65.4017099999999942
miniFE.c 167 A 3.6681119999999998
miniFE.c 167 A 11.0858899999999991
miniFE.c 167 A 1.3002330000000000
miniFE.c 167 A 4.7210279999999996
miniFE.c 167 A 14.0634099999999993
miniFE.c 167 A 10.9336099999999998
miniFE.c 167 A 16.7981799999999986
miniFE.c 167 A 3.6681119999999998
miniFE.c 167 A 66.5612600000000043
miniFE.c 167 A 4.4892070000000004
miniFE.c 167 A 14.0526599999999995
miniFE.c 167 A 3.7993380000000001
miniFE.c 167 A 16.0564000000000000
miniFE.c 167 A 9.6522659999999991
miniFE.c 167 A 16.1756899999999995
miniFE.c 167 A 11.0858899999999991
miniFE.c 167 A 4.4892070000000004
miniFE.c 167 A 66.4632699999999943
miniFE.c 167 A 7.6122389999999998
miniFE.c 167 A 3.4261349999999999
miniFE.c 167 A 4.9967519999999999
miniFE.c 167 A 11.3974100000000007
miniFE.c 167 A 11.9519400000000005
miniFE.c 167 A 1.3002330000000000
miniFE.c 167 A 14.0526599999999995
miniFE.c 167 A 7.6122389999999998
miniFE.c 167 A 65.6581999999999937
miniFE.c 167 A 2.6745570000000001
miniFE.c 167 A 6.4080630000000003
miniFE.c 167 A 6.9539020000000002
miniFE.c 167 A 12.3511699999999998
miniFE.c 167 A 4.7210279999999996
miniFE.c 167 A 3.7993380000000001
miniFE.c 167 A 3.4261349999999999
miniFE.c 167 A 2.6745570000000001
miniFE.c 167 A 64.8721800000000002
miniFE.c 175 b 198.0110999999999990
miniFE.c 175 b 229.8237000000000023
miniFE.c 175 b 210.8053999999999917
miniFE.c 175 b 202.6418999999999926
miniFE.c 175 b 157.2563441406250035
miniFE.c 175 b 225.5886000000000138
miniFE.c 175 b 142.6283999999999992
miniFE.c 175 b 185.1795999999999935
miniFE.c 33 r 0.0000000000000000
miniFE.c 33 r 0.0000000000000000
miniFE.c 33 r 0.0000000000000000
miniFE.c 33 r 0.0000000000000000
miniFE.c 33 r 0.0000000000000000
miniFE.c 33 r 0.0000000000000000
miniFE.c 33 r 0.0000000000000000
miniFE.c 33 r 0.0000000000000000
miniFE.c 25 Ap 0.0000000000000000
miniFE.c 25 Ap 0.0000000000000000
miniFE.c 25 Ap 0.0000000000000000
miniFE.c 25 Ap 0.0000000000000000
miniFE.c 25 Ap 0.0000000000000000
miniFE.c 25 Ap 0.0000000000000000
miniFE.c 25 Ap 0.0000000000000000
miniFE.c 25 Ap 0.0000000000000000
miniFE.c 25 Ap 0.0000000000000000
miniFE.c 25 Ap 0.0000000000000000
miniFE.c 25 Ap 0.0000000000000000
miniFE.c 25 Ap 0.0000000000000000
miniFE.c 25 Ap 0.0000000000000000
miniFE.c 25 Ap 0.0000000000000000
miniFE.c 25 Ap 0.0000000000000000
miniFE.c 25 Ap 0.0000000000000000
miniFE.c 25 Ap 0.0000000000000000
miniFE.c 25 Ap 0.0000000000000000
miniFE.c 25 Ap 0.0000000000000000
miniFE.c 25 Ap 0.0000000000000000
miniFE.c 25 Ap 0.0000000000000000
miniFE.c 25 Ap 0.0000000000000000
miniFE.c 25 Ap 0.0000000000000000
miniFE.c 25 Ap 0.0000000000000000
miniFE.c 25 Ap 0.0000000000000000
miniFE.c 25 Ap 0.0000000000000000
miniFE.c 25 Ap 0.0000000000000000
miniFE.c 25 Ap 0.0000000000000000
miniFE.c 25 Ap 0.0000000000000000
miniFE.c 25 Ap 0.0000000000000000
miniFE.c 25 Ap 0.0000000000000000
miniFE.c 25 Ap 0.0000000000000000
miniFE.c 25 Ap 0.0000000000000000
miniFE.c 25 Ap 0.0000000000000000
miniFE.c 25 Ap 0.0000000000000000
miniFE.c 25 Ap 0.0000000000000000
miniFE.c 25 Ap 0.0000000000000000
miniFE.c 25 Ap 0.0000000000000000
miniFE.c 25 Ap 0.0000000000000000
miniFE.c 25 Ap 0.0000000000000000
miniFE.c 25 Ap 0.0000000000000000
miniFE.c 25 Ap 0.0000000000000000
miniFE.c 25 Ap 0.0000000000000000
miniFE.c 25 Ap 0.0000000000000000
miniFE.c 25 Ap 0.0000000000000000
miniFE.c 25 Ap 0.0000000000000000
miniFE.c 25 Ap 0.0000000000000000
miniFE.c 25 Ap 0.0000000000000000
miniFE.c 25 Ap 0.0000000000000000
miniFE.c 25 Ap 0.0000000000000000
miniFE.c 25 Ap 0.0000000000000000
miniFE.c 25 Ap 0.0000000000000000
miniFE.c 25 Ap 0.0000000000000000
miniFE.c 25 Ap 0.0000000000000000
miniFE.c 25 Ap 0.0000000000000000
miniFE.c 25 Ap 0.0000000000000000
miniFE.c 25 Ap 0.0000000000000000
miniFE.c 25 Ap 0.0000000000000000
miniFE.c 25 Ap 0.0000000000000000
miniFE.c 25 Ap 0.0000000000000000
miniFE.c 25 Ap 0.0000000000000000
miniFE.c 25 Ap 0.0000000000000000
miniFE.c 25 Ap 0.0000000000000000
miniFE.c 25 Ap 0.0000000000000000
miniFE.c 33 r 198.0110999999999990
miniFE.c 33 r 229.8237000000000023
miniFE.c 33 r 210.8053999999999917
miniFE.c 33 r 202.6418999999999926
miniFE.c 33 r 157.2563441406250035
miniFE.c 33 r 225.5886000000000138
miniFE.c 33 r 142.6283999999999992
miniFE.c 33 r 185.1795999999999935
miniFE.c 48 sum 39208.3957232100001420
miniFE.c 48 sum 92027.3288048999966122
miniFE.c 48 sum 136466.2454740600078367
miniFE.c 48 sum 177529.9851096700003836
miniFE.c 48 sum 202259.5428821446839720
miniFE.c 48 sum 253149.7593321047024801
miniFE.c 48 sum 273492.6198186646797694
miniFE.c 48 sum 307784.1040748246596195
miniFE.c 75 rtrans 307784.1040748246596195
miniFE.c 76 normr 554.7829341957308316
miniFE.c 33 r 198.0110999999999990
miniFE.c 33 r 229.8237000000000023
miniFE.c 33 r 210.8053999999999917
miniFE.c 33 r 202.6418999999999926
miniFE.c 33 r 157.2563441406250035
miniFE.c 33 r 225.5886000000000138
miniFE.c 33 r 142.6283999999999992
miniFE.c 33 r 185.1795999999999935
miniFE.c 87 normr 554.7829341957308316
miniFE.c 25 Ap 13285.4973312810016068
miniFE.c 25 Ap 16752.9738962160008668
miniFE.c 25 Ap 18717.5143203662009910
miniFE.c 25 Ap 21497.0499152972006414
miniFE.c 25 Ap 23708.6103580479066295
miniFE.c 25 Ap 27330.7511550879062270
miniFE.c 25 Ap 28043.4298980447056238
miniFE.c 25 Ap 29230.0724411595074343
miniFE.c 25 Ap 2987.5023718050001662
miniFE.c 25 Ap 18256.2053009880000900
miniFE.c 25 Ap 21290.1102936259994749
miniFE.c 25 Ap 22498.6292991164009436
miniFE.c 25 Ap 24218.0088359757792205
miniFE.c 25 Ap 26395.4500097433774499
miniFE.c 25 Ap 28021.0443621873782831
miniFE.c 25 Ap 29308.7651529865797784
miniFE.c 25 Ap 1845.3076172643000064
miniFE.c 25 Ap 5152.9234129532997031
miniFE.c 25 Ap 19418.9870250392996240
miniFE.c 25 Ap 21366.8164301717988565
miniFE.c 25 Ap 24008.4368051879646373
miniFE.c 25 Ap 27657.4880663219664712
miniFE.c 25 Ap 29362.1741454179646098
miniFE.c 25 Ap 31649.3588655499625020
miniFE.c 25 Ap 2716.0172730389999742
miniFE.c 25 Ap 4086.6435322781999275
miniFE.c 25 Ap 6112.9419280231995799
miniFE.c 25 Ap 19366.0687056721981207
miniFE.c 25 Ap 19942.9025886905546940
miniFE.c 25 Ap 22443.7529935445563751
miniFE.c 25 Ap 22629.2031459617574001
miniFE.c 25 Ap 23503.4412225905580272
miniFE.c 25 Ap 2784.7112838509997346
miniFE.c 25 Ap 5297.5139884079999320
miniFE.c 25 Ap 8838.6610425799990480
miniFE.c 25 Ap 9581.9742276727993158
miniFE.c 25 Ap 20049.1546366664188099
miniFE.c 25 Ap 21061.8685589066190005
miniFE.c 25 Ap 23066.1769704506186827
miniFE.c 25 Ap 23769.7368615554187272
miniFE.c 25 Ap 3179.3454260399998930
miniFE.c 25 Ap 5397.6649115441996400
miniFE.c 25 Ap 8807.5877122702004272
miniFE.c 25 Ap 11054.0535250612010714
miniFE.c 25 Ap 11760.0098059717038268
miniFE.c 25 Ap 26753.3658366937015671
miniFE.c 25 Ap 27839.0873056812997675
miniFE.c 25 Ap 28473.5376145273003203
miniFE.c 25 Ap 989.4123599472000024
miniFE.c 25 Ap 3608.8072965641999872
miniFE.c 25 Ap 6128.3407890401995246
miniFE.c 25 Ap 6391.8224746028990921
miniFE.c 25 Ap 8601.6924116540940304
miniFE.c 25 Ap 10318.9267505294938019
miniFE.c 25 Ap 19683.6507634094923560
miniFE.c 25 Ap 20178.9241588466938992
miniFE.c 25 Ap 1268.8676034993000030
miniFE.c 25 Ap 2867.0390905766998912
miniFE.c 25 Ap 5470.7324228946999938
miniFE.c 25 Ap 6427.4105067679001877
miniFE.c 25 Ap 7024.8805108024544097
miniFE.c 25 Ap 7797.7775088634543863
miniFE.c 25 Ap 8179.2452944822543941
miniFE.c 25 Ap 20192.2496380102529656
miniFE.c 57 sum 5787878.7971536796540022
miniFE.c 57 sum 12523727.6470441222190857
miniFE.c 57 sum 19195583.4024399295449257
miniFE.c 57 sum 23958365.3883240036666393
miniFE.c 57 sum 27696307.3083568625152111
miniFE.c 57 sum 34119612.7958654165267944
miniFE.c 57 sum 36997700.4623630642890930
miniFE.c 57 sum 40736893.1734299510717392
miniFE.c 90 p_ap_dot 40736893.1734299510717392
miniFE.c 91 alpha 0.0075554142718859
miniFE.c 40 y 1.4960558909318296
miniFE.c 40 y 1.7364132629976274
miniFE.c 40 y 1.5927221277506194
miniFE.c 40 y 1.5310435033420788
miniFE.c 40 y 1.1881368268646815
miniFE.c 40 y 1.7044153280147636
miniFE.c 40 y 1.0776166489362533
miniFE.c 40 y 1.3991085927021254
miniFE.c 40 y -22.8342064901957826
miniFE.c 40 y 8.3838374717725515
miniFE.c 40 y -28.3186176688152784
miniFE.c 40 y 25.0636647484074899
miniFE.c 40 y -22.3338649821435808
miniFE.c 40 y 10.4592275361199540
miniFE.c 40 y -9.8317315810538446
miniFE.c 40 y 32.6187889034940781
miniFE.c 82 oldrtrans 307784.1040748246596195
miniFE.c 48 sum 521.4009860368992122
miniFE.c 48 sum 591.6897167899967371
miniFE.c 48 sum 1393.6338234625336554
miniFE.c 48 sum 2021.8211140830981094
miniFE.c 48 sum 2520.6226391237173630
miniFE.c 48 sum 2630.0180797760472160
miniFE.c 48 sum 2726.6810256579387897
miniFE.c 48 sum 3790.6664151886470790
miniFE.c 83 rtrans 3790.6664151886470790
miniFE.c 84 beta 0.0123159915180906
miniFE.c 40 y -20.3955034621079996
miniFE.c 40 y 11.2143442116287435
miniFE.c 40 y -25.7223401504475859
miniFE.c 40 y 27.5594006700172471
miniFE.c 40 y -20.3970971815417101
miniFE.c 40 y 13.2375748202978816
miniFE.c 40 y -8.0751214164150156
miniFE.c 40 y 34.8994592864174820
miniFE.c 87 normr 61.5683881158882329
miniFE.c 25 Ap -1368.4303900941322354
miniFE.c 25 Ap -1199.2334110839728964
miniFE.c 25 Ap -1438.9453778044460250
miniFE.c 25 Ap -1060.9271341081612263
miniFE.c 25 Ap -1347.7798745820266504
miniFE.c 25 Ap -1135.2320782373958536
miniFE.c 25 Ap -1175.5814573251104775
miniFE.c 25 Ap -951.9435235518121772
miniFE.c 25 Ap -307.7181782597275514
miniFE.c 25 Ap 437.3246102471244967
miniFE.c 25 Ap 67.1294624720873117
miniFE.c 25 Ap 231.4886571383468663
miniFE.c 25 Ap 8.4747514232706180
miniFE.c 25 Ap 136.2473447836879643
miniFE.c 25 Ap 44.2118752010252933
miniFE.c 25 Ap 286.8992949317623697
miniFE.c 25 Ap -190.0700410056218743
miniFE.c 25 Ap -28.6735355421873521
miniFE.c 25 Ap -1769.4094978941911904
miniFE.c 25 Ap -1504.5037157588681112
miniFE.c 25 Ap -1847.1378256918983425
miniFE.c 25 Ap -1633.0109190469540863
miniFE.c 25 Ap -1729.5242857086614094
miniFE.c 25 Ap -1298.4751311540403549
miniFE.c 25 Ap -279.7547192829697451
miniFE.c 25 Ap -212.8744338441508717
miniFE.c 25 Ap -460.1220687797793971
miniFE.c 25 Ap 1342.3098616144939115
miniFE.c 25 Ap 1267.4910246777146767
miniFE.c 25 Ap 1414.2413230023066717
miniFE.c 25 Ap 1403.7417836576771606
miniFE.c 25 Ap 1568.5031081337140222
miniFE.c 25 Ap -286.8303273440442354
miniFE.c 25 Ap -164.2170613283381044
miniFE.c 25 Ap -596.3055611967836285
miniFE.c 25 Ap -495.2145928862853452
miniFE.c 25 Ap -1852.8710816321504353
miniFE.c 25 Ap -1793.4448680858454281
miniFE.c 25 Ap -1906.9218038094440999
miniFE.c 25 Ap -1774.3269619631053047
miniFE.c 25 Ap -327.4783617889908669
miniFE.c 25 Ap -219.2345284427899514
miniFE.c 25 Ap -635.3111287909835028
miniFE.c 25 Ap -329.7906444972460349
miniFE.c 25 Ap -421.3574359443033472
miniFE.c 25 Ap 458.4550734823561697
miniFE.c 25 Ap 396.9853193065865753
miniFE.c 25 Ap 516.5555782488565910
miniFE.c 25 Ap -101.9112727152950697
miniFE.c 25 Ap 25.9032061457645000
miniFE.c 25 Ap -281.5286599919760420
miniFE.c 25 Ap -245.6950177805975102
miniFE.c 25 Ap -532.3284894597613857
miniFE.c 25 Ap -431.5609061472718508
miniFE.c 25 Ap -961.7588431305321137
miniFE.c 25 Ap -868.4182499998291860
miniFE.c 25 Ap -130.6956711019061856
miniFE.c 25 Ap -52.7122204599726416
miniFE.c 25 Ap -370.4132164559763396
miniFE.c 25 Ap -240.3045142296061556
miniFE.c 25 Ap -317.7999806411304462
miniFE.c 25 Ap -272.4462622341891347
miniFE.c 25 Ap -294.0436347443118166
miniFE.c 25 Ap 1969.9603699868343938
miniFE.c 57 sum 19415.3674303322732158
miniFE.c 57 sum 22632.7548777706506371
miniFE.c 57 sum 56032.5738782119151438
miniFE.c 57 sum 99259.5794874363346025
miniFE.c 57 sum 135450.6989624274428934
miniFE.c 57 sum 142288.6420783389185090
miniFE.c 57 sum 149301.2248873181815725
miniFE.c 57 sum 218051.7766155296121724
miniFE.c 90 p_ap_dot 218051.7766155296121724
miniFE.c 91 alpha 0.0173842491633186
miniFE.c 40 y 1.1414953769352176
miniFE.c 40 y 1.9313662169758008
miniFE.c 40 y 1.1455585575116054
miniFE.c 40 y 2.0101429913813873
miniFE.c 40 y 0.8335486072523375
miniFE.c 40 y 1.9345406270088938
miniFE.c 40 y 0.9372367262092447
miniFE.c 40 y 2.0058094886022988
miniFE.c 40 y -6.2853830873636660
miniFE.c 40 y 3.3963086438983758
miniFE.c 40 y -5.7456024564606878
miniFE.c 40 y -2.2035840968285960
miniFE.c 40 y 8.5114770218171039
miniFE.c 40 y 1.4792966571397308
miniFE.c 40 y 5.2650676549162583
miniFE.c 40 y -1.6274930102202774
miniFE.c 82 oldrtrans 3790.6664151886470790
miniFE.c 48 sum 39.5060405549172131
miniFE.c 48 sum 51.0409529595360354
miniFE.c 48 sum 84.0529005472231177
miniFE.c 48 sum 88.9086834190190132
miniFE.c 48 sum 161.3539245119395673
miniFE.c 48 sum 163.5422431117643498
miniFE.c 48 sum 191.2631805226097299
miniFE.c 48 sum 193.9119140209255931
miniFE.c 83 rtrans 193.9119140209255931
miniFE.c 84 beta 0.0511550985451922
miniFE.c 40 y -7.3287170768466083
miniFE.c 40 y 3.9699795271639498
miniFE.c 40 y -7.0614313016697876
miniFE.c 40 y -0.7937802397074285
miniFE.c 40 y 7.4680615054594757
miniFE.c 40 y 2.1564661015714233
miniFE.c 40 y 4.8519840230951568
miniFE.c 40 y 0.1577922687503310
miniFE.c 87 normr 13.9252258157965105
miniFE.c 25 Ap -491.7181469430709626
miniFE.c 25 Ap -431.8208823280085085
miniFE.c 25 Ap -497.6278647131365460
miniFE.c 25 Ap -508.5157434332811022
miniFE.c 25 Ap -403.4893325767872625
miniFE.c 25 Ap -368.8642502635158849
miniFE.c 25 Ap -344.6200893921471220
miniFE.c 25 Ap -343.6089465930820666
miniFE.c 25 Ap -110.5723853327770456
miniFE.c 25 Ap 153.1795168218081358
miniFE.c 25 Ap 51.5516093711156032
miniFE.c 25 Ap 46.8176500770646058
miniFE.c 25 Ap 128.4705220337713740
miniFE.c 25 Ap 149.2853064661217672
miniFE.c 25 Ap 204.5853576907867364
miniFE.c 25 Ap 205.6826296640342093
miniFE.c 25 Ap -68.2978754558709085
miniFE.c 25 Ap -11.1620492003131559
miniFE.c 25 Ap -489.0379866383315743
miniFE.c 25 Ap -496.6679412139413330
miniFE.c 25 Ap -371.2180997941620717
miniFE.c 25 Ap -336.3357726396342287
miniFE.c 25 Ap -278.3451507146422728
miniFE.c 25 Ap -276.3962315786212685
miniFE.c 25 Ap -100.5242744973957372
miniFE.c 25 Ap -76.8480470736229364
miniFE.c 25 Ap -144.7237604957507244
miniFE.c 25 Ap -196.6383455368264492
miniFE.c 25 Ap -169.2446595119124879
miniFE.c 25 Ap -145.3383135211628598
miniFE.c 25 Ap -139.0296037788617696
miniFE.c 25 Ap -138.2846620599079301
miniFE.c 25 Ap -103.0667530256953484
miniFE.c 25 Ap -59.6605451677003131
miniFE.c 25 Ap -178.2797392307836901
miniFE.c 25 Ap -181.1914140534173896
miniFE.c 25 Ap 315.8921695074621994
miniFE.c 25 Ap 325.5729922258993270
miniFE.c 25 Ap 393.7562740278876845
miniFE.c 25 Ap 394.3557801906570148
miniFE.c 25 Ap -117.6728128726798843
miniFE.c 25 Ap -79.3535144619392270
miniFE.c 25 Ap -193.5770381540461926
miniFE.c 25 Ap -202.3767985756163625
miniFE.c 25 Ap -168.8511245888771555
miniFE.c 25 Ap -25.5253358342882279
miniFE.c 25 Ap 11.4091261736936218
miniFE.c 25 Ap 11.9497437883885365
miniFE.c 25 Ap -36.6197817111674411
miniFE.c 25 Ap 8.6277026515262349
miniFE.c 25 Ap -75.7701005801529703
miniFE.c 25 Ap -76.8021998425684842
miniFE.c 25 Ap 28.1439293527416652
miniFE.c 25 Ap 44.5594647133016153
miniFE.c 25 Ap 363.1320020984879875
miniFE.c 25 Ap 363.5540265154200483
miniFE.c 25 Ap -46.9628807376089128
miniFE.c 25 Ap -19.3560321637044659
miniFE.c 25 Ap -106.5729706139492947
miniFE.c 25 Ap -110.3204293514547771
miniFE.c 25 Ap -81.9467394874253898
miniFE.c 25 Ap -74.5583955005179746
miniFE.c 25 Ap -61.5814876676606602
miniFE.c 25 Ap -51.3451592066808118
miniFE.c 57 sum 2518.2127546539945797
miniFE.c 57 sum 3334.7685835134548142
miniFE.c 57 sum 5286.5215848463021757
miniFE.c 57 sum 5396.2892170440763948
miniFE.c 57 sum 8341.3624385413604614
miniFE.c 57 sum 8367.1316559434835654
miniFE.c 57 sum 10131.0899841282152920
miniFE.c 57 sum 10122.9881149676457426
miniFE.c 90 p_ap_dot 10122.9881149676457426
miniFE.c 91 alpha 0.0191556002850790
miniFE.c 40 y 1.0011094020087115
miniFE.c 40 y 2.0074135579381003
miniFE.c 40 y 1.0102926020562739
miniFE.c 40 y 1.9949376543953576
miniFE.c 40 y 0.9766038083553046
miniFE.c 40 y 1.9758490296789186
miniFE.c 40 y 1.0301793927452452
miniFE.c 40 y 2.0088320942305558
miniFE.c 40 y 0.2966525479504734
miniFE.c 40 y -0.5436655955297969
miniFE.c 40 y -0.4510667240384878
miniFE.c 40 y 0.4453416151482301
miniFE.c 40 y 0.9573553263744010
miniFE.c 40 y 1.2503921416202544
miniFE.c 40 y -1.6990279590441419
miniFE.c 40 y -0.6439456638833556
miniFE.c 82 oldrtrans 193.9119140209255931
miniFE.c 48 sum 0.0880027342055079
miniFE.c 48 sum 0.3835750139682765
miniFE.c 48 sum 0.5870362035030898
miniFE.c 48 sum 0.7853653576859241
miniFE.c 48 sum 1.7018945786233601
miniFE.c 48 sum 3.2653750864490463
miniFE.c 48 sum 6.1520710920627488
miniFE.c 48 sum 6.5667371100969243
miniFE.c 83 rtrans 6.5667371100969243
miniFE.c 84 beta 0.0338645366028840
miniFE.c 40 y 0.0484689402494206
miniFE.c 40 y -0.4092240785194533
miniFE.c 40 y -0.6901988228226350
miniFE.c 40 y 0.4184606151660119
miniFE.c 40 y 1.2102577685786222
miniFE.c 40 y 1.3234198668497983
miniFE.c 40 y -1.5347177684974278
miniFE.c 40 y -0.6386021018226079
miniFE.c 87 normr 2.5625645572544946
miniFE.c 25 Ap 3.2520094900422003
miniFE.c 25 Ap -2.9221792558239774
miniFE.c 25 Ap -9.3542890980573734
miniFE.c 25 Ap -3.6144782547389225
miniFE.c 25 Ap 13.4058729504673586
miniFE.c 25 Ap 34.6552317005544595
miniFE.c 25 Ap 26.9866276213793981
miniFE.c 25 Ap 22.8944251209677105
miniFE.c 25 Ap 0.7312775594601452
miniFE.c 25 Ap -26.4561747632645776
miniFE.c 25 Ap -36.3894955153632580
miniFE.c 25 Ap -33.8938734032663547
miniFE.c 25 Ap -20.6613869621574437
miniFE.c 25 Ap -7.8873863776386095
miniFE.c 25 Ap -25.3791940194888781
miniFE.c 25 Ap -29.8199704525573139
miniFE.c 25 Ap 0.4516923780686233
miniFE.c 25 Ap -5.4378482832609940
miniFE.c 25 Ap -52.1464255368540535
miniFE.c 25 Ap -48.1241088732706928
miniFE.c 25 Ap -27.7939810302886556
miniFE.c 25 Ap -6.3867515242850423
miniFE.c 25 Ap -24.7296062103001901
miniFE.c 25 Ap -32.6170893322685274
miniFE.c 25 Ap 0.6648237342417745
miniFE.c 25 Ap -1.7757133728177972
miniFE.c 25 Ap -8.4100252425829591
miniFE.c 25 Ap 18.9580145569261518
miniFE.c 25 Ap 23.3973756009426168
miniFE.c 25 Ap 38.0686626686541274
miniFE.c 25 Ap 36.0731719803674125
miniFE.c 25 Ap 33.0583135768040322
miniFE.c 25 Ap 0.6816385789931035
miniFE.c 25 Ap -3.7926578981479757
miniFE.c 25 Ap -15.3867419597107062
miniFE.c 25 Ap -13.8517815556928756
miniFE.c 25 Ap 66.7045004456886232
miniFE.c 25 Ap 72.6456061758898102
miniFE.c 25 Ap 51.0787391792367487
miniFE.c 25 Ap 48.6524739469022478
miniFE.c 25 Ap 0.7782366922207962
miniFE.c 25 Ap -3.1717029672538528
miniFE.c 25 Ap -14.3361451635977204
miniFE.c 25 Ap -9.6971368145349821
miniFE.c 25 Ap -4.2640391680274510
miniFE.c 25 Ap 83.6947727657747294
miniFE.c 25 Ap 72.0121343144256372
miniFE.c 25 Ap 69.8241973022976339
miniFE.c 25 Ap 0.2421872741291727
miniFE.c 25 Ap -4.4219073306292298
miniFE.c 25 Ap -12.6711222490759940
miniFE.c 25 Ap -12.1270259480368452
miniFE.c 25 Ap 4.8803149861572166
miniFE.c 25 Ap 14.9545033099660571
miniFE.c 25 Ap -85.8123028775917476
miniFE.c 25 Ap -87.5202805992361164
miniFE.c 25 Ap 0.3105920226615226
miniFE.c 25 Ap -2.5351121154030607
miniFE.c 25 Ap -11.0598751098853061
miniFE.c 25 Ap -9.0843108287893397
miniFE.c 25 Ap -4.4861324988333742
miniFE.c 25 Ap 0.0480826266760594
miniFE.c 25 Ap -4.0566075240831161
miniFE.c 25 Ap -45.4841180218976575
miniFE.c 57 sum 1.1096685232330170
miniFE.c 57 sum 13.3127184531581086
miniFE.c 57 sum 35.8249951141905711
miniFE.c 57 sum 49.6585973498909112
miniFE.c 57 sum 108.5406319046983867
miniFE.c 57 sum 200.9473618013991540
miniFE.c 57 sum 335.2662915409275683
miniFE.c 57 sum 364.3125449092589747
miniFE.c 90 p_ap_dot 364.3125449092589747
miniFE.c 91 alpha 0.0180250095744920
miniFE.c 40 y 1.0019830551207727
miniFE.c 40 y 2.0000372900046743
miniFE.c 40 y 0.9978517616665928
miniFE.c 40 y 2.0024804109902727
miniFE.c 40 y 0.9984187162215375
miniFE.c 40 y 1.9997036854499590
miniFE.c 40 y 1.0025160902739361
miniFE.c 40 y 1.9973212852309126
miniFE.c 40 y -0.1160196840574588
miniFE.c 40 y -0.0061603426113840
miniFE.c 40 y 0.1368566234677120
miniFE.c 40 y -0.1505348035902201
miniFE.c 40 y 0.0803940176587674
miniFE.c 40 y -0.0081896832848760
miniFE.c 40 y -0.1214740632806881
miniFE.c 40 y 0.1759059989486720
miniFE.c 82 oldrtrans 6.5667371100969243
miniFE.c 48 sum 0.0134605670887926
miniFE.c 48 sum 0.0134985169098822
miniFE.c 48 sum 0.0322282522968653
miniFE.c 48 sum 0.0548889793888114
miniFE.c 48 sum 0.0613521774641296
miniFE.c 48 sum 0.0614192483764362
miniFE.c 48 sum 0.0761751964263568
miniFE.c 48 sum 0.1071181168924870
miniFE.c 83 rtrans 0.1071181168924870
miniFE.c 84 beta 0.0163122285994644
miniFE.c 40 y -0.1152290476241365
miniFE.c 40 y -0.0128356993285985
miniFE.c 40 y 0.1255979424907480
miniFE.c 40 y -0.1437087783757596
miniFE.c 40 y 0.1001360190440995
miniFE.c 40 y 0.0133982441162506
miniFE.c 40 y -0.1465087303560780
miniFE.c 40 y 0.1654889754796432
miniFE.c 87 normr 0.3272890418154678
miniFE.c 25 Ap -7.7312595339176280
miniFE.c 25 Ap -7.9249187893228239
miniFE.c 25 Ap -6.7544448108897930
miniFE.c 25 Ap -8.7256248323931160
miniFE.c 25 Ap -7.3173709408081358
miniFE.c 25 Ap -7.1022433739799702
miniFE.c 25 Ap -7.8343111654041637
miniFE.c 25 Ap -6.7738473847251548
miniFE.c 25 Ap -1.7385240174815406
miniFE.c 25 Ap -2.5912841111389118
miniFE.c 25 Ap -0.7836822907503418
miniFE.c 25 Ap -1.6407350025681509
miniFE.c 25 Ap -0.5458868233873937
miniFE.c 25 Ap -0.4165634072444081
miniFE.c 25 Ap -2.0863834756920747
miniFE.c 25 Ap -0.9355893581262329
miniFE.c 25 Ap -1.0738440385964718
miniFE.c 25 Ap -1.2585750382626810
miniFE.c 25 Ap 7.2411514256710223
miniFE.c 25 Ap 5.8597974988870050
miniFE.c 25 Ap 7.5419003712732167
miniFE.c 25 Ap 7.7586262146420104
miniFE.c 25 Ap 6.0075626599499881
miniFE.c 25 Ap 8.0515451292248930
miniFE.c 25 Ap -1.5805380794459920
miniFE.c 25 Ap -1.6570878284730768
miniFE.c 25 Ap -0.4498184256120714
miniFE.c 25 Ap -9.8486182733977721
miniFE.c 25 Ap -9.4813081403098813
miniFE.c 25 Ap -9.3327766798439793
miniFE.c 25 Ap -9.5232721658410533
miniFE.c 25 Ap -8.7419940789103450
miniFE.c 25 Ap -1.6205133406477574
miniFE.c 25 Ap -1.7608538711839148
miniFE.c 25 Ap 0.3489629744053175
miniFE.c 25 Ap -0.1781769200601468
miniFE.c 25 Ap 6.4870026788991142
miniFE.c 25 Ap 6.5471501701734951
miniFE.c 25 Ap 4.4883127954478521
miniFE.c 25 Ap 5.1170613485687291
miniFE.c 25 Ap -1.8501636802721853
miniFE.c 25 Ap -1.9740572644878389
miniFE.c 25 Ap 0.0575761178803278
miniFE.c 25 Ap -1.5355635912277219
miniFE.c 25 Ap -1.0860322735828170
miniFE.c 25 Ap -0.1955411573585429
miniFE.c 25 Ap -1.3108006284155636
miniFE.c 25 Ap -0.7438130574106162
miniFE.c 25 Ap -0.5757709741739993
miniFE.c 25 Ap -0.7220647020587607
miniFE.c 25 Ap 0.7790743707141095
miniFE.c 25 Ap 0.5922194746802604
miniFE.c 25 Ap 1.9993969040605162
miniFE.c 25 Ap 2.1013875404537594
miniFE.c 25 Ap -7.5181119790116799
miniFE.c 25 Ap -7.0755022812197721
miniFE.c 25 Ap -0.7383949966054670
miniFE.c 25 Ap -0.8276531918380066
miniFE.c 25 Ap 0.7236283475154448
miniFE.c 25 Ap 0.0451751809576891
miniFE.c 25 Ap 0.4256257632806602
miniFE.c 25 Ap 0.4715299563858904
miniFE.c 25 Ap 0.0796840060509296
miniFE.c 25 Ap 10.8153146113819290
miniFE.c 57 sum 0.7805439828931273
miniFE.c 57 sum 0.7925529265890721
miniFE.c 57 sum 1.8038104286911221
miniFE.c 57 sum 3.0601117183394519
miniFE.c 57 sum 3.5725138709895559
miniFE.c 57 sum 3.5625480820695139
miniFE.c 57 sum 4.5991709379225565
miniFE.c 57 sum 6.3889862724501674
miniFE.c 90 p_ap_dot 6.3889862724501674
miniFE.c 91 alpha 0.0167660583893237
miniFE.c 40 y 1.0000511181801603
miniFE.c 40 y 1.9998220859202633
miniFE.c 40 y 0.9999575441039716
miniFE.c 40 y 2.0000709812209663
miniFE.c 40 y 1.0000976025637054
miniFE.c 40 y 1.9999283211931265
miniFE.c 40 y 1.0000597163462404
miniFE.c 40 y 2.0000958830565936
miniFE.c 40 y -0.0024489632847893
miniFE.c 40 y 0.0095258031953903
miniFE.c 40 y 0.0018639477068527
miniFE.c 40 y -0.0039660204240873
miniFE.c 40 y -0.0053989316930873
miniFE.c 40 y 0.0042811298664118
miniFE.c 40 y -0.0028457788999644
miniFE.c 40 y -0.0054241973246631
miniFE.c 82 oldrtrans 0.1071181168924870
miniFE.c 48 sum 0.0000059974211702
miniFE.c 48 sum 0.0000967383476876
miniFE.c 48 sum 0.0001002126487414
miniFE.c 48 sum 0.0001159419667457
miniFE.c 48 sum 0.0001450904301723
miniFE.c 48 sum 0.0001634185031054
miniFE.c 48 sum 0.0001715169606529
miniFE.c 48 sum 0.0002009388772698
miniFE.c 83 rtrans 0.0002009388772698
miniFE.c 84 beta 0.0018758626747655
miniFE.c 40 y -0.0026651171542762
miniFE.c 40 y 0.0095017251861153
miniFE.c 40 y 0.0020995521991984
miniFE.c 40 y -0.0042355983574785
miniFE.c 40 y -0.0052110902725629
miniFE.c 40 y 0.0043062631324568
miniFE.c 40 y -0.0031206091587667
miniFE.c 40 y -0.0051137627324757
miniFE.c 87 normr 0.0141752910823652
miniFE.c 25 Ap -0.1788152625821866
miniFE.c 25 Ap -0.0354575087504130
miniFE.c 25 Ap -0.0158913346014646
miniFE.c 25 Ap -0.0739888771158347
miniFE.c 25 Ap -0.1472745761658985
miniFE.c 25 Ap -0.0781314928059188
miniFE.c 25 Ap -0.0937244028612045
miniFE.c 25 Ap -0.1264937166179608
miniFE.c 25 Ap -0.0402100883209998
miniFE.c 25 Ap 0.5910521321616147
miniFE.c 25 Ap 0.6212688244259121
miniFE.c 25 Ap 0.5960084951720083
miniFE.c 25 Ap 0.5390324664570119
miniFE.c 25 Ap 0.5805976636774783
miniFE.c 25 Ap 0.5450308016452594
miniFE.c 25 Ap 0.5094701967523714
miniFE.c 25 Ap -0.0248367944306537
miniFE.c 25 Ap 0.1119117493961618
miniFE.c 25 Ap 0.2539970338844124
miniFE.c 25 Ap 0.2132837212426166
miniFE.c 25 Ap 0.1257468888478560
miniFE.c 25 Ap 0.1954036663369065
miniFE.c 25 Ap 0.1581063329078767
miniFE.c 25 Ap 0.0949453800594051
miniFE.c 25 Ap -0.0365560527954579
miniFE.c 25 Ap 0.0201104878970994
miniFE.c 25 Ap 0.0402917510574293
miniFE.c 25 Ap -0.2367236243948550
miniFE.c 25 Ap -0.2558384871567262
miniFE.c 25 Ap -0.2080997277592544
miniFE.c 25 Ap -0.2121572467675851
miniFE.c 25 Ap -0.2362994638129593
miniFE.c 25 Ap -0.0374806352386194
miniFE.c 25 Ap 0.0664075222735425
miniFE.c 25 Ap 0.1016761780350731
miniFE.c 25 Ap 0.0861395288728260
miniFE.c 25 Ap -0.2607172056427041
miniFE.c 25 Ap -0.2413854990446370
miniFE.c 25 Ap -0.2852383585456711
miniFE.c 25 Ap -0.3046672716181498
miniFE.c 25 Ap -0.0427921870759203
miniFE.c 25 Ap 0.0489209918793639
miniFE.c 25 Ap 0.0828826973924155
miniFE.c 25 Ap 0.0359273199172283
miniFE.c 25 Ap 0.0125336569880070
miniFE.c 25 Ap 0.2987419862515305
miniFE.c 25 Ap 0.2749871635094095
miniFE.c 25 Ap 0.2574667220299790
miniFE.c 25 Ap -0.0133169294708639
miniFE.c 25 Ap 0.0949781281826183
miniFE.c 25 Ap 0.1200718500943056
miniFE.c 25 Ap 0.1145645853351663
miniFE.c 25 Ap 0.0413349055055326
miniFE.c 25 Ap 0.0741152096666825
miniFE.c 25 Ap -0.1307783706014518
miniFE.c 25 Ap -0.1444554205139337
miniFE.c 25 Ap -0.0170782386269826
miniFE.c 25 Ap 0.0489958271481949
miniFE.c 25 Ap 0.0749277532843682
miniFE.c 25 Ap 0.0549313748419582
miniFE.c 25 Ap 0.0351326815479797
miniFE.c 25 Ap 0.0498865203852996
miniFE.c 25 Ap 0.0415402733154561
miniFE.c 25 Ap -0.2902006631429979
miniFE.c 57 sum 0.0003371205740667
miniFE.c 57 sum 0.0051779663741238
miniFE.c 57 sum 0.0053773091556312
miniFE.c 57 sum 0.0063781787764305
miniFE.c 57 sum 0.0079658274319281
miniFE.c 57 sum 0.0090745468848403
miniFE.c 57 sum 0.0095253357931296
miniFE.c 57 sum 0.0110093531292500
miniFE.c 90 p_ap_dot 0.0110093531292500
miniFE.c 91 alpha 0.0182516515648793
miniFE.c 40 y 1.0000024753904808
miniFE.c 40 y 1.9999955080976255
miniFE.c 40 y 0.9999958643991537
miniFE.c 40 y 1.9999936745555769
miniFE.c 40 y 1.0000024915597774
miniFE.c 40 y 2.0000069176073669
miniFE.c 40 y 1.0000027600752044
miniFE.c 40 y 2.0000025484410151
miniFE.c 40 y -0.0001402440439317
miniFE.c 40 y 0.0002271306815755
miniFE.c 40 y 0.0001310377123134
miniFE.c 40 y 0.0003468350543947
miniFE.c 40 y 0.0001617491917096
miniFE.c 40 y -0.0004180630336311
miniFE.c 40 y -0.0002092288980860
miniFE.c 40 y -0.0001275559370802
