filename line variable value
miniFE.c 167 A 67.0947100000000063
miniFE.c 167 A 15.0875500000000002
miniFE.c 167 A 9.3192129999999995
miniFE.c 167 A 13.7164900000000003
miniFE.c 167 A 14.0634099999999993
miniFE.c 167 A 16.0564000000000000
miniFE.c 167 A 4.9967519999999999
miniFE.c 167 A 6.4080630000000003
miniFE.c 167 A 15.0875500000000002
miniFE.c 167 A 66.4365899999999954
miniFE.c 167 A 14.3919700000000006
miniFE.c 167 A 5.9638159999999996
miniFE.c 167 A 10.9336099999999998
miniFE.c 167 A 9.6522659999999991
miniFE.c 167 A 11.3974100000000007
miniFE.c 167 A 6.9539020000000002
miniFE.c 167 A 9.3192129999999995
miniFE.c 167 A 14.3919700000000006
miniFE.c 167 A 67.6740900000000067
miniFE.c 167 A 9.6121750000000006
miniFE.c 167 A 16.7981799999999986
miniFE.c 167 A 16.1756899999999995
miniFE.c 167 A 11.9519400000000005
miniFE.c 167 A 12.3511699999999998
miniFE.c 167 A 13.7164900000000003
miniFE.c 167 A 5.9638159999999996
miniFE.c 167 A 9.6121750000000006
miniFE.c 167 A 65.4017099999999942
miniFE.c 167 A 3.6681119999999998
miniFE.c 167 A 11.0858899999999991
miniFE.c 167 A 1.3002330000000000
miniFE.c 167 A 4.7210279999999996
miniFE.c 167 A 14.0634099999999993
miniFE.c 167 A 10.9336099999999998
miniFE.c 167 A 16.7981799999999986
miniFE.c 167 A 3.6681119999999998
miniFE.c 167 A 66.5612600000000043
miniFE.c 167 A 4.4892070000000004
miniFE.c 167 A 14.0526599999999995
miniFE.c 167 A 3.7993380000000001
miniFE.c 167 A 16.0564000000000000
miniFE.c 167 A 9.6522659999999991
miniFE.c 167 A 16.1756899999999995
miniFE.c 167 A 11.0858899999999991
miniFE.c 167 A 4.4892070000000004
miniFE.c 167 A 66.4632699999999943
miniFE.c 167 A 7.6122389999999998
miniFE.c 167 A 3.4261349999999999
miniFE.c 167 A 4.9967519999999999
miniFE.c 167 A 11.3974100000000007
miniFE.c 167 A 11.9519400000000005
miniFE.c 167 A 1.3002330000000000
miniFE.c 167 A 14.0526599999999995
miniFE.c 167 A 7.6122389999999998
miniFE.c 167 A 65.6581999999999937
miniFE.c 167 A 2.6745570000000001
miniFE.c 167 A 6.4080630000000003
miniFE.c 167 A 6.9539020000000002
miniFE.c 167 A 12.3511699999999998
miniFE.c 167 A 4.7210279999999996
miniFE.c 167 A 3.7993380000000001
miniFE.c 167 A 3.4261349999999999
miniFE.c 167 A 2.6745570000000001
miniFE.c 167 A 64.8721800000000002
miniFE.c 175 b 198.0110999999999990
miniFE.c 175 b 229.8237000000000023
miniFE.c 175 b 210.8053999999999917
miniFE.c 175 b 202.6418999999999926
miniFE.c 175 b 157.2561000000000035
miniFE.c 175 b 225.5886000000000138
miniFE.c 175 b 142.6283999999999992
miniFE.c 175 b 185.1795999999999935
miniFE.c 33 r 0.0000000000000000
miniFE.c 33 r 0.0000000000000000
miniFE.c 33 r 0.0000000000000000
miniFE.c 33 r 0.0000000000000000
miniFE.c 33 r 0.0000000000000000
miniFE.c 33 r 0.0000000000000000
miniFE.c 33 r 0.0000000000000000
miniFE.c 33 r 0.0000000000000000
miniFE.c 25 Ap 0.0000000000000000
miniFE.c 25 Ap 0.0000000000000000
miniFE.c 25 Ap 0.0000000000000000
miniFE.c 25 Ap 0.0000000000000000
miniFE.c 25 Ap 0.0000000000000000
miniFE.c 25 Ap 0.0000000000000000
miniFE.c 25 Ap 0.0000000000000000
miniFE.c 25 Ap 0.0000000000000000
miniFE.c 25 Ap 0.0000000000000000
miniFE.c 25 Ap 0.0000000000000000
miniFE.c 25 Ap 0.0000000000000000
miniFE.c 25 Ap 0.0000000000000000
miniFE.c 25 Ap 0.0000000000000000
miniFE.c 25 Ap 0.0000000000000000
miniFE.c 25 Ap 0.0000000000000000
miniFE.c 25 Ap 0.0000000000000000
miniFE.c 25 Ap 0.0000000000000000
miniFE.c 25 Ap 0.0000000000000000
miniFE.c 25 Ap 0.0000000000000000
miniFE.c 25 Ap 0.0000000000000000
miniFE.c 25 Ap 0.0000000000000000
miniFE.c 25 Ap 0.0000000000000000
miniFE.c 25 Ap 0.0000000000000000
miniFE.c 25 Ap 0.0000000000000000
miniFE.c 25 Ap 0.0000000000000000
miniFE.c 25 Ap 0.0000000000000000
miniFE.c 25 Ap 0.0000000000000000
miniFE.c 25 Ap 0.0000000000000000
miniFE.c 25 Ap 0.0000000000000000
miniFE.c 25 Ap 0.0000000000000000
miniFE.c 25 Ap 0.0000000000000000
miniFE.c 25 Ap 0.0000000000000000
miniFE.c 25 Ap 0.0000000000000000
miniFE.c 25 Ap 0.0000000000000000
miniFE.c 25 Ap 0.0000000000000000
miniFE.c 25 Ap 0.0000000000000000
miniFE.c 25 Ap 0.0000000000000000
miniFE.c 25 Ap 0.0000000000000000
miniFE.c 25 Ap 0.0000000000000000
miniFE.c 25 Ap 0.0000000000000000
miniFE.c 25 Ap 0.0000000000000000
miniFE.c 25 Ap 0.0000000000000000
miniFE.c 25 Ap 0.0000000000000000
miniFE.c 25 Ap 0.0000000000000000
miniFE.c 25 Ap 0.0000000000000000
miniFE.c 25 Ap 0.0000000000000000
miniFE.c 25 Ap 0.0000000000000000
miniFE.c 25 Ap 0.0000000000000000
miniFE.c 25 Ap 0.0000000000000000
miniFE.c 25 Ap 0.0000000000000000
miniFE.c 25 Ap 0.0000000000000000
miniFE.c 25 Ap 0.0000000000000000
miniFE.c 25 Ap 0.0000000000000000
miniFE.c 25 Ap 0.0000000000000000
miniFE.c 25 Ap 0.0000000000000000
miniFE.c 25 Ap 0.0000000000000000
miniFE.c 25 Ap 0.0000000000000000
miniFE.c 25 Ap 0.0000000000000000
miniFE.c 25 Ap 0.0000000000000000
miniFE.c 25 Ap 0.0000000000000000
miniFE.c 25 Ap 0.0000000000000000
miniFE.c 25 Ap 0.0000000000000000
miniFE.c 25 Ap 0.0000000000000000
miniFE.c 25 Ap 0.0000000000000000
miniFE.c 33 r 198.0110999999999990
miniFE.c 33 r 229.8237000000000023
miniFE.c 33 r 210.8053999999999917
miniFE.c 33 r 202.6418999999999926
miniFE.c 33 r 157.2561000000000035
miniFE.c 33 r 225.5886000000000138
miniFE.c 33 r 142.6283999999999992
miniFE.c 33 r 185.1795999999999935
miniFE.c 48 sum 39208.3957232100001420
miniFE.c 48 sum 92027.3288048999966122
miniFE.c 48 sum 136466.2454740600078367
miniFE.c 48 sum 177529.9851096700003836
miniFE.c 48 sum 202259.4660968800017145
miniFE.c 48 sum 253149.6825468399911188
miniFE.c 48 sum 273492.5430333999684080
miniFE.c 48 sum 307784.0272895599482581
miniFE.c 75 rtrans 307784.0272895599482581
miniFE.c 76 normr 554.7828649927464539
miniFE.c 33 r 198.0110999999999990
miniFE.c 33 r 229.8237000000000023
miniFE.c 33 r 210.8053999999999917
miniFE.c 33 r 202.6418999999999926
miniFE.c 33 r 157.2561000000000035
miniFE.c 33 r 225.5886000000000138
miniFE.c 33 r 142.6283999999999992
miniFE.c 33 r 185.1795999999999935
miniFE.c 87 normr 554.7828649927464539
miniFE.c 25 Ap 13285.4973312810016068
miniFE.c 25 Ap 16752.9738962160008668
miniFE.c 25 Ap 18717.5143203662009910
miniFE.c 25 Ap 21497.0499152972006414
miniFE.c 25 Ap 23708.6069245981998392
miniFE.c 25 Ap 27330.7477216381994367
miniFE.c 25 Ap 28043.4264645949988335
miniFE.c 25 Ap 29230.0690077097970061
miniFE.c 25 Ap 2987.5023718050001662
miniFE.c 25 Ap 18256.2053009880000900
miniFE.c 25 Ap 21290.1102936259994749
miniFE.c 25 Ap 22498.6292991164009436
miniFE.c 25 Ap 24218.0061666374022025
miniFE.c 25 Ap 26395.4473404050004319
miniFE.c 25 Ap 28021.0416928490012651
miniFE.c 25 Ap 29308.7624836482027604
miniFE.c 25 Ap 1845.3076172643000064
miniFE.c 25 Ap 5152.9234129532997031
miniFE.c 25 Ap 19418.9870250392996240
miniFE.c 25 Ap 21366.8164301717988565
miniFE.c 25 Ap 24008.4327040697971825
miniFE.c 25 Ap 27657.4839652037990163
miniFE.c 25 Ap 29362.1700442997971550
miniFE.c 25 Ap 31649.3547644317950471
miniFE.c 25 Ap 2716.0172730389999742
miniFE.c 25 Ap 4086.6435322781999275
miniFE.c 25 Ap 6112.9419280231995799
miniFE.c 25 Ap 19366.0687056721981207
miniFE.c 25 Ap 19942.9016931553996983
miniFE.c 25 Ap 22443.7520980093977414
miniFE.c 25 Ap 22629.2022504265987664
miniFE.c 25 Ap 23503.4403270553993934
miniFE.c 25 Ap 2784.7112838509997346
miniFE.c 25 Ap 5297.5139884079999320
miniFE.c 25 Ap 8838.6610425799990480
miniFE.c 25 Ap 9581.9742276727993158
miniFE.c 25 Ap 20049.1383863587980159
miniFE.c 25 Ap 21061.8523085989982064
miniFE.c 25 Ap 23066.1607201429978886
miniFE.c 25 Ap 23769.7206112477979332
miniFE.c 25 Ap 3179.3454260399998930
miniFE.c 25 Ap 5397.6649115441996400
miniFE.c 25 Ap 8807.5877122702004272
miniFE.c 25 Ap 11054.0535250612010714
miniFE.c 25 Ap 11760.0087099739012046
miniFE.c 25 Ap 26753.3647406958989450
miniFE.c 25 Ap 27839.0862096834971453
miniFE.c 25 Ap 28473.5365185294976982
miniFE.c 25 Ap 989.4123599472000024
miniFE.c 25 Ap 3608.8072965641999872
miniFE.c 25 Ap 6128.3407890401995246
miniFE.c 25 Ap 6391.8224746028990921
miniFE.c 25 Ap 8601.6889808288997301
miniFE.c 25 Ap 10318.9233197042995016
miniFE.c 25 Ap 19683.6473325842962367
miniFE.c 25 Ap 20178.9207280214977800
miniFE.c 25 Ap 1268.8676034993000030
miniFE.c 25 Ap 2867.0390905766998912
miniFE.c 25 Ap 5470.7324228946999938
miniFE.c 25 Ap 6427.4105067679001877
miniFE.c 25 Ap 7024.8795832297000743
miniFE.c 25 Ap 7797.7765812907000509
miniFE.c 25 Ap 8179.2443669095000587
miniFE.c 25 Ap 20192.2487104374995397
miniFE.c 57 sum 5787878.1172925252467394
miniFE.c 57 sum 12523726.3537057451903820
miniFE.c 57 sum 19195581.2445636950433254
miniFE.c 57 sum 23958363.0489748232066631
miniFE.c 57 sum 27696296.6103892698884010
miniFE.c 57 sum 34119601.8506532162427902
miniFE.c 57 sum 36997689.0278177559375763
miniFE.c 57 sum 40736881.5671170875430107
miniFE.c 90 p_ap_dot 40736881.5671170875430107
miniFE.c 91 alpha 0.0075554145395853
miniFE.c 40 y 1.4960559439392744
miniFE.c 40 y 1.7364133245212852
miniFE.c 40 y 1.5927221841830903
miniFE.c 40 y 1.5310435575891859
miniFE.c 40 y 1.1881350243784765
miniFE.c 40 y 1.7044153884046875
miniFE.c 40 y 1.0776166871177848
miniFE.c 40 y 1.3991086422745860
miniFE.c 40 y -22.8341883739316245
miniFE.c 40 y 8.3838497937928480
miniFE.c 40 y -28.3185951556805833
miniFE.c 40 y 25.0636652226906733
miniFE.c 40 y -22.3339927081014764
miniFE.c 40 y 10.4592281944898673
miniFE.c 40 y -9.8317110616323760
miniFE.c 40 y 32.6187905062384118
miniFE.c 82 oldrtrans 307784.0272895599482581
miniFE.c 48 sum 521.4001586961941257
miniFE.c 48 sum 591.6890960610744514
miniFE.c 48 sum 1393.6319276524102406
miniFE.c 48 sum 2021.8192420475243125
miniFE.c 48 sum 2520.6264723330541528
miniFE.c 48 sum 2630.0219267574657351
miniFE.c 48 sum 2726.6844691568903727
miniFE.c 48 sum 3790.6699632467598349
miniFE.c 83 rtrans 3790.6699632467598349
miniFE.c 84 beta 0.0123160061184089
miniFE.c 40 y -20.3954824548187439
miniFE.c 40 y 11.2143598891482252
miniFE.c 40 y -25.7223145594869429
miniFE.c 40 y 27.5594041029366821
miniFE.c 40 y -20.3972256183443506
miniFE.c 40 y 13.2375787723331708
miniFE.c 40 y -8.0750988145735008
miniFE.c 40 y 34.8994635928429275
miniFE.c 87 normr 61.5684169298412272
miniFE.c 25 Ap -1368.4289806161518754
miniFE.c 25 Ap -1199.2317650706336281
miniFE.c 25 Ap -1438.9434933034935966
miniFE.c 25 Ap -1060.9252025196035447
miniFE.c 25 Ap -1347.7797492528836756
miniFE.c 25 Ap -1135.2318894527934390
miniFE.c 25 Ap -1175.5811556047112845
miniFE.c 25 Ap -951.9431942355674892
miniFE.c 25 Ap -307.7178613112005223
miniFE.c 25 Ap 437.3259687565855529
miniFE.c 25 Ap 67.1311892858862507
miniFE.c 25 Ap 231.4904044254456608
miniFE.c 25 Ap 8.4750944324596844
miniFE.c 25 Ap 136.2477259389728772
miniFE.c 25 Ap 44.2125139587647027
miniFE.c 25 Ap 286.8999636359623082
miniFE.c 25 Ap -190.0698452342187466
miniFE.c 25 Ap -28.6731141403941479
miniFE.c 25 Ap -1769.4073446474239972
miniFE.c 25 Ap -1504.5015295142784453
miniFE.c 25 Ap -1847.1377969518380269
miniFE.c 25 Ap -1633.0108263799961605
miniFE.c 25 Ap -1729.5239229058497585
miniFE.c 25 Ap -1298.4747151618360022
miniFE.c 25 Ap -279.7544311366967804
miniFE.c 25 Ap -212.8740522000363740
miniFE.c 25 Ap -460.1214411508727835
miniFE.c 25 Ap 1342.3107137622018854
miniFE.c 25 Ap 1267.4914057048456471
miniFE.c 25 Ap 1414.2417478412662604
miniFE.c 25 Ap 1403.7422378842968556
miniFE.c 25 Ap 1568.5035826910889227
miniFE.c 25 Ap -286.8300319099224680
miniFE.c 25 Ap -164.2165944823325390
miniFE.c 25 Ap -596.3046644692149130
miniFE.c 25 Ap -495.2136835663836223
miniFE.c 25 Ap -1852.8787212276629361
miniFE.c 25 Ap -1793.4524899398534217
miniFE.c 25 Ap -1906.9291080474579303
miniFE.c 25 Ap -1774.3342498395531948
miniFE.c 25 Ap -327.4780244875516928
miniFE.c 25 Ap -219.2340398177625218
miniFE.c 25 Ap -635.3102262145098393
miniFE.c 25 Ap -329.7897038638051299
miniFE.c 25 Ap -421.3570718902559520
miniFE.c 25 Ap 458.4557002015919807
miniFE.c 25 Ap 396.9861180764418123
miniFE.c 25 Ap 516.5563917731067249
miniFE.c 25 Ap -101.9111677470804693
miniFE.c 25 Ap 25.9034897970964124
miniFE.c 25 Ap -281.5280704790179698
miniFE.c 25 Ap -245.6944238040443054
miniFE.c 25 Ap -532.3297003619271663
miniFE.c 25 Ap -431.5620869656004857
miniFE.c 25 Ap -961.7585399526303718
miniFE.c 25 Ap -868.4179353041471359
miniFE.c 25 Ap -130.6955364858731627
miniFE.c 25 Ap -52.7119768240055322
miniFE.c 25 Ap -370.4126567417038700
miniFE.c 25 Ap -240.3039383084249323
miniFE.c 25 Ap -317.7998926947741438
miniFE.c 25 Ap -272.4461607476264362
miniFE.c 25 Ap -294.0434728078357125
miniFE.c 25 Ap 1969.9608112905175403
miniFE.c 57 sum 19415.3407160156275495
miniFE.c 57 sum 22632.7401604128463077
miniFE.c 57 sum 56032.5152313458020217
miniFE.c 57 sum 99259.5393036334862700
miniFE.c 57 sum 135451.0353199666133150
miniFE.c 57 sum 142288.9912464153021574
miniFE.c 57 sum 149301.5518863441830035
miniFE.c 57 sum 218052.1274993049155455
miniFE.c 90 p_ap_dot 218052.1274993049155455
miniFE.c 91 alpha 0.0173842374606450
miniFE.c 40 y 1.1414960338202862
miniFE.c 40 y 1.9313664198033706
miniFE.c 40 y 1.1455593598435627
miniFE.c 40 y 2.0101427827885114
miniFE.c 40 y 0.8335448106908265
miniFE.c 40 y 1.9345406011869211
miniFE.c 40 y 0.9372372518070660
miniFE.c 40 y 2.0058092046217029
miniFE.c 40 y -6.2853818362955991
miniFE.c 40 y 3.3963126984948593
miniFE.c 40 y -5.7456023706638284
miniFE.c 40 y -2.2035735166836723
miniFE.c 40 y 8.5114552256647578
miniFE.c 40 y 1.4792892180922035
miniFE.c 40 y 5.2650725407779788
miniFE.c 40 y -1.6274760254008527
miniFE.c 82 oldrtrans 3790.6699632467598349
miniFE.c 48 sum 39.5060248280346400
miniFE.c 48 sum 51.0409647739920729
miniFE.c 48 sum 84.0529113757698809
miniFE.c 48 sum 88.9086476191995274
miniFE.c 48 sum 161.3535176776954359
miniFE.c 48 sum 163.5418142684592908
miniFE.c 48 sum 191.2628031281135748
miniFE.c 48 sum 193.9114813413681304
miniFE.c 83 rtrans 193.9114813413681304
miniFE.c 84 beta 0.0511549365208467
miniFE.c 40 y -7.3287114465838936
miniFE.c 40 y 3.9699825667461655
miniFE.c 40 y -7.0614257391236324
miniFE.c 40 y -0.7937739492455855
miniFE.c 40 y 7.4680364439569651
miniFE.c 40 y 2.1564567198806142
miniFE.c 40 y 4.8519913735189073
miniFE.c 40 y 0.1578038193026263
miniFE.c 87 normr 13.9252102799694963
miniFE.c 25 Ap -491.7177691822269026
miniFE.c 25 Ap -431.8204587073157654
miniFE.c 25 Ap -497.6273892538913515
miniFE.c 25 Ap -508.5151816909789204
miniFE.c 25 Ap -403.4891232846700859
miniFE.c 25 Ap -368.8641916075790164
miniFE.c 25 Ap -344.6199940079656585
miniFE.c 25 Ap -343.6087771922337879
miniFE.c 25 Ap -110.5723003859068285
miniFE.c 25 Ap 153.1798037081557595
miniFE.c 25 Ap 51.5519763134606137
miniFE.c 25 Ap 46.8180545345666062
miniFE.c 25 Ap 128.4706524785789270
miniFE.c 25 Ap 149.2853463563540970
miniFE.c 25 Ap 204.5854813568122381
miniFE.c 25 Ap 205.6828336514683997
miniFE.c 25 Ap -68.2978229862534221
miniFE.c 25 Ap -11.1619529851196120
miniFE.c 25 Ap -489.0375139828888678
miniFE.c 25 Ap -496.6674080934785707
miniFE.c 25 Ap -371.2179876613295733
miniFE.c 25 Ap -336.3358122621239090
miniFE.c 25 Ap -278.3451024853083595
miniFE.c 25 Ap -276.3960406864523520
miniFE.c 25 Ap -100.5241972699535182
miniFE.c 25 Ap -76.8479517186716663
miniFE.c 25 Ap -144.7236116726323871
miniFE.c 25 Ap -196.6377853067468777
miniFE.c 25 Ap -169.2441912102310084
miniFE.c 25 Ap -145.3379492238736930
miniFE.c 25 Ap -139.0292299243090781
miniFE.c 25 Ap -138.2842336748744287
miniFE.c 25 Ap -103.0666738450023843
miniFE.c 25 Ap -59.6604327534008405
miniFE.c 25 Ap -178.2795333758326422
miniFE.c 25 Ap -181.1911851243477543
miniFE.c 25 Ap 315.8907303113472835
miniFE.c 25 Ap 325.5715109134323484
miniFE.c 25 Ap 393.7548960084265559
miniFE.c 25 Ap 394.3544460556481681
miniFE.c 25 Ap -117.6727224709296280
miniFE.c 25 Ap -79.3533947213328901
miniFE.c 25 Ap -193.5768284354176387
miniFE.c 25 Ap -202.3765191216197934
miniFE.c 25 Ap -168.8509576411530588
miniFE.c 25 Ap -25.5257924244134529
miniFE.c 25 Ap 11.4087255367507368
miniFE.c 25 Ap 11.9493827251971396
miniFE.c 25 Ap -36.6197535781409655
miniFE.c 25 Ap 8.6277654279174527
miniFE.c 25 Ap -75.7699713205438599
miniFE.c 25 Ap -76.8020624038933022
miniFE.c 25 Ap 28.1437146106429736
miniFE.c 25 Ap 44.5591785555302593
miniFE.c 25 Ap 363.1321985563093335
miniFE.c 25 Ap 363.5542538658519334
miniFE.c 25 Ap -46.9628446585307273
miniFE.c 25 Ap -19.3559749476694343
miniFE.c 25 Ap -106.5728446939610734
miniFE.c 25 Ap -110.3202737340200628
miniFE.c 25 Ap -81.9466790871094872
miniFE.c 25 Ap -74.5583672431413191
miniFE.c 25 Ap -63.5814397511567080
miniFE.c 25 Ap -53.3443619806692624
miniFE.c 57 sum 2518.2095785554183749
miniFE.c 57 sum 3334.7668424306993984
miniFE.c 57 sum 5286.5169583258766579
miniFE.c 57 sum 5396.2833806083808668
miniFE.c 57 sum 8341.3367555884215108
miniFE.c 57 sum 8367.1050822645975131
miniFE.c 57 sum 10131.0671858278146829
miniFE.c 57 sum 10122.6492417690024013
miniFE.c 90 p_ap_dot 10122.6492417690024013
miniFE.c 91 alpha 0.0191561988082362
miniFE.c 40 y 1.0011057803413290
miniFE.c 40 y 2.0074161951171918
miniFE.c 40 y 1.0102892845153144
miniFE.c 40 y 1.9949370912079643
miniFE.c 40 y 0.9766040015184192
miniFE.c 40 y 1.9758501148343111
miniFE.c 40 y 1.0301829631740411
miniFE.c 40 y 2.0088321259569630
miniFE.c 40 y 0.2968562118537568
miniFE.c 40 y -0.5437885543740375
miniFE.c 40 y -0.4509048654648140
miniFE.c 40 y 0.4454267556368090
miniFE.c 40 y 0.9571230561109161
miniFE.c 40 y 1.2503844669726241
miniFE.c 40 y -1.6992450238562435
miniFE.c 40 y -0.6056008220006375
miniFE.c 82 oldrtrans 193.9114813413681304
miniFE.c 48 sum 0.0881236105161625
miniFE.c 48 sum 0.3838296023843681
miniFE.c 48 sum 0.5871448000842101
miniFE.c 48 sum 0.7855497947213437
miniFE.c 48 sum 1.7016343392604436
miniFE.c 48 sum 3.2650956545068568
miniFE.c 48 sum 6.1525293056070627
miniFE.c 48 sum 6.5192816612149107
miniFE.c 83 rtrans 6.5192816612149107
miniFE.c 84 beta 0.0336198847851518
miniFE.c 40 y 0.0504657773959830
miniFE.c 40 y -0.4103181978809702
miniFE.c 40 y -0.6883091852330560
miniFE.c 40 y 0.4187401669177175
miniFE.c 40 y 1.2081975809280641
miniFE.c 40 y 1.3228842934391767
miniFE.c 40 y -1.5361216328999874
miniFE.c 40 y -0.6002954757770262
miniFE.c 87 normr 2.5532884014961787
miniFE.c 25 Ap 3.3859866993080376
miniFE.c 25 Ap -2.8047096271309937
miniFE.c 25 Ap -9.2192095341742970
miniFE.c 25 Ap -3.4755642220490941
miniFE.c 25 Ap 13.5158137195504509
miniFE.c 25 Ap 34.7565730887272508
miniFE.c 25 Ap 27.0809542472909754
miniFE.c 25 Ap 23.2342230198968167
miniFE.c 25 Ap 0.7614049397507640
miniFE.c 25 Ap -26.4987369424061185
miniFE.c 25 Ap -36.4048620870047017
miniFE.c 25 Ap -33.9075727796981496
miniFE.c 25 Ap -20.6976116268872588
miniFE.c 25 Ap -7.9287805393902726
miniFE.c 25 Ap -25.4365885994209222
miniFE.c 25 Ap -29.6109845090177366
miniFE.c 25 Ap 0.4703013287637513
miniFE.c 25 Ap -5.4349858655932355
miniFE.c 25 Ap -52.0156836148817376
miniFE.c 25 Ap -47.9906798509394292
miniFE.c 25 Ap -27.6951594109452444
miniFE.c 25 Ap -6.2965931744040908
miniFE.c 25 Ap -24.6562267635267673
miniFE.c 25 Ap -32.0705782350797008
miniFE.c 25 Ap 0.6922133309942274
miniFE.c 25 Ap -1.7548489026194685
miniFE.c 25 Ap -8.3709972451870183
miniFE.c 25 Ap 19.0153257169171326
miniFE.c 25 Ap 23.4471297618903343
miniFE.c 25 Ap 38.1124795216847687
miniFE.c 25 Ap 36.1151634825743173
miniFE.c 25 Ap 33.2811517331576567
miniFE.c 25 Ap 0.7097209184884419
miniFE.c 25 Ap -3.7765382330449127
miniFE.c 25 Ap -15.3388798222431291
miniFE.c 25 Ap -13.8028939910902473
miniFE.c 25 Ap 66.6162593244336705
miniFE.c 25 Ap 72.5549607547308710
miniFE.c 25 Ap 50.9683657289425369
miniFE.c 25 Ap 48.6876403165948020
miniFE.c 25 Ap 0.8102987081808621
miniFE.c 25 Ap -3.1502016824068981
miniFE.c 25 Ap -14.2840776868893879
miniFE.c 25 Ap -9.6419702578579329
miniFE.c 25 Ap -4.2181212201726010
miniFE.c 25 Ap 83.7050947534346221
miniFE.c 25 Ap 72.0117697507296555
miniFE.c 25 Ap 69.9550764108283403
miniFE.c 25 Ap 0.2521649741349331
miniFE.c 25 Ap -4.4243997575756158
miniFE.c 25 Ap -12.6510298409299864
miniFE.c 25 Ap -12.1065700574780610
miniFE.c 25 Ap 4.8718197601265079
miniFE.c 25 Ap 14.9419311711316531
miniFE.c 25 Ap -85.9170502261422797
miniFE.c 25 Ap -87.5225746929500588
miniFE.c 25 Ap 0.3233878808974353
miniFE.c 25 Ap -2.5299246559834390
miniFE.c 25 Ap -11.0313484153584032
miniFE.c 25 Ap -9.0544643626151853
miniFE.c 25 Ap -4.4641133818871159
miniFE.c 25 Ap 0.0682667968151174
miniFE.c 25 Ap -4.0401780693089746
miniFE.c 25 Ap -42.9826542271018610
miniFE.c 57 sum 1.1725331268907375
miniFE.c 57 sum 13.3224589281122192
miniFE.c 57 sum 35.3969325030529092
miniFE.c 57 sum 49.3330875350092271
miniFE.c 57 sum 108.1573767866147477
miniFE.c 57 sum 200.6998486168370164
miniFE.c 57 sum 335.1451689697825600
miniFE.c 57 sum 360.9474618392000593
miniFE.c 90 p_ap_dot 360.9474618392000593
miniFE.c 91 alpha 0.0180615805635425
miniFE.c 40 y 1.0020172720454683
miniFE.c 40 y 2.0000051999294772
miniFE.c 40 y 0.9978573327136012
miniFE.c 40 y 2.0025002004679400
miniFE.c 40 y 0.9984259594630286
miniFE.c 40 y 1.9997434960765077
miniFE.c 40 y 1.0024381785460175
miniFE.c 40 y 1.9979898408592862
miniFE.c 40 y -0.1227905790514244
miniFE.c 40 y -0.0089673720986033
miniFE.c 40 y 0.1283404670474722
miniFE.c 40 y -0.1556834476391017
miniFE.c 40 y 0.0777473180839570
miniFE.c 40 y -0.0131147814503267
miniFE.c 40 y -0.1184489899108561
miniFE.c 40 y 0.1707338501570553
miniFE.c 82 oldrtrans 6.5192816612149107
miniFE.c 48 sum 0.0150775263037841
miniFE.c 48 sum 0.0151579400661389
miniFE.c 48 sum 0.0316292155481022
miniFE.c 48 sum 0.0558665514168991
miniFE.c 48 sum 0.0619111968861471
miniFE.c 48 sum 0.0620831943786369
miniFE.c 48 sum 0.0761133575895390
miniFE.c 48 sum 0.1052634051789908
miniFE.c 83 rtrans 0.1052634051789908
miniFE.c 84 beta 0.0161464729780327
miniFE.c 40 y -0.1219757347403847
miniFE.c 40 y -0.0155925637930835
miniFE.c 40 y 0.1172267013875749
miniFE.c 40 y -0.1489222708491479
miniFE.c 40 y 0.0972554476765365
miniFE.c 40 y 0.0082451340467528
miniFE.c 40 y -0.1432519363474472
miniFE.c 40 y 0.1610411954785863
miniFE.c 87 normr 0.3244432233519308
miniFE.c 25 Ap -8.1839265494430382
miniFE.c 25 Ap -8.4191801352993743
miniFE.c 25 Ap -7.3267195357811685
miniFE.c 25 Ap -9.3694103746607968
miniFE.c 25 Ap -8.0016671392521168
miniFE.c 25 Ap -7.8692799689438342
miniFE.c 25 Ap -8.5850743683918136
miniFE.c 25 Ap -7.5531122421697177
miniFE.c 25 Ap -1.8403149966822914
miniFE.c 25 Ap -2.8762317644522239
miniFE.c 25 Ap -1.1891085948832876
miniFE.c 25 Ap -2.0772536165297693
miniFE.c 25 Ap -1.0139004812591135
miniFE.c 25 Ap -0.9343162542341986
miniFE.c 25 Ap -2.5670173060799568
miniFE.c 25 Ap -1.4471526147590248
miniFE.c 25 Ap -1.1367178528771449
miniFE.c 25 Ap -1.3611255632102888
miniFE.c 25 Ap 6.5720847768955801
miniFE.c 25 Ap 5.1406178480961717
miniFE.c 25 Ap 6.7743323641472131
miniFE.c 25 Ap 6.9077030964959327
miniFE.c 25 Ap 5.1955645483874244
miniFE.c 25 Ap 7.1846117307466750
miniFE.c 25 Ap -1.6730789458091395
miniFE.c 25 Ap -1.7660701272393515
miniFE.c 25 Ap -0.6392665588292388
miniFE.c 25 Ap -10.3790377294466598
miniFE.c 25 Ap -10.0222938547589848
miniFE.c 25 Ap -9.9308892056814280
miniFE.c 25 Ap -10.1171501006342783
miniFE.c 25 Ap -9.3568701076263991
miniFE.c 25 Ap -1.7153947677052737
miniFE.c 25 Ap -1.8858777791189691
miniFE.c 25 Ap 0.0833174515957635
miniFE.c 25 Ap -0.4629461171732459
miniFE.c 25 Ap 6.0104990220410937
miniFE.c 25 Ap 6.0475131355197149
miniFE.c 25 Ap 4.0344423796873974
miniFE.c 25 Ap 4.6462923132346186
miniFE.c 25 Ap -1.9584911872855131
miniFE.c 25 Ap -2.1089947606383239
miniFE.c 25 Ap -0.2127719792703426
miniFE.c 25 Ap -1.8637078924542023
miniFE.c 25 Ap -1.4271080559565610
miniFE.c 25 Ap -0.8791094856210345
miniFE.c 25 Ap -1.9695774623105895
miniFE.c 25 Ap -1.4178285860395632
miniFE.c 25 Ap -0.6094824965154868
miniFE.c 25 Ap -0.7871973390164145
miniFE.c 25 Ap 0.6138891623657973
miniFE.c 25 Ap 0.4202555113727972
miniFE.c 25 Ap 1.7869532507189541
miniFE.c 25 Ap 1.8497171816698739
miniFE.c 25 Ap -7.5559471054180829
miniFE.c 25 Ap -7.1252332487624619
miniFE.c 25 Ap -0.7816281926876739
miniFE.c 25 Ap -0.8900573532335248
miniFE.c 25 Ap 0.5578295641436486
miniFE.c 25 Ap -0.1452366463587622
miniFE.c 25 Ap 0.2242696717057145
miniFE.c 25 Ap 0.2525186140429860
miniFE.c 25 Ap -0.1306168550786334
miniFE.c 25 Ap 10.3164765654234021
miniFE.c 57 sum 0.9212964153152459
miniFE.c 57 sum 0.9438612347792036
miniFE.c 57 sum 1.7860895687251117
miniFE.c 57 sum 3.1795359131933454
miniFE.c 57 sum 3.6314131521530282
miniFE.c 57 sum 3.6197229654058138
miniFE.c 57 sum 4.6404264252182488
miniFE.c 57 sum 6.3018041444408528
miniFE.c 90 p_ap_dot 6.3018041444408528
miniFE.c 91 alpha 0.0167036935401823
miniFE.c 40 y 0.9999798267530263
miniFE.c 40 y 1.9997447465223719
miniFE.c 40 y 0.9998154516083058
miniFE.c 40 y 2.0000126484943679
miniFE.c 40 y 1.0000504846561307
miniFE.c 40 y 1.9998812202688223
miniFE.c 40 y 1.0000453421022319
miniFE.c 40 y 2.0006798236359051
miniFE.c 40 y 0.0033742931163779
miniFE.c 40 y 0.0152054216842049
miniFE.c 40 y 0.0083309144918808
miniFE.c 40 y 0.0006108431339824
miniFE.c 40 y 0.0001370751855811
miniFE.c 40 y 0.0105681927433881
miniFE.c 40 y 0.0005687226787897
miniFE.c 40 y -0.0015894128062498
miniFE.c 82 oldrtrans 0.1052634051789908
miniFE.c 48 sum 0.0000113858540352
miniFE.c 48 sum 0.0002425907026297
miniFE.c 48 sum 0.0003119948389008
miniFE.c 48 sum 0.0003123679682351
miniFE.c 48 sum 0.0003123867578416
miniFE.c 48 sum 0.0004240734557030
miniFE.c 48 sum 0.0004243969011884
miniFE.c 48 sum 0.0004269231342570
miniFE.c 83 rtrans 0.0004269231342570
miniFE.c 84 beta 0.0040557602476482
miniFE.c 40 y 0.0028795887802402
miniFE.c 40 y 0.0151421819838140
miniFE.c 40 y 0.0088063578873315
miniFE.c 40 y 0.0000068501078829
miniFE.c 40 y 0.0005315199641348
miniFE.c 40 y 0.0106016330302915
miniFE.c 40 y -0.0000122728300469
miniFE.c 40 y -0.0009362683273940
miniFE.c 87 normr 0.0206621183390531
miniFE.c 25 Ap 0.1932051741294685
miniFE.c 25 Ap 0.4216636019193620
miniFE.c 25 Ap 0.5037319268256338
miniFE.c 25 Ap 0.5038258862619092
miniFE.c 25 Ap 0.5113008694407225
miniFE.c 25 Ap 0.6815249300282948
miniFE.c 25 Ap 0.6814636057402125
miniFE.c 25 Ap 0.6754639393133670
miniFE.c 25 Ap 0.0434459397013127
miniFE.c 25 Ap 1.0494408758653528
miniFE.c 25 Ap 1.1761817143890905
miniFE.c 25 Ap 1.1762225671720845
miniFE.c 25 Ap 1.1820339991671487
miniFE.c 25 Ap 1.2843637812099082
miniFE.c 25 Ap 1.2842239027340039
miniFE.c 25 Ap 1.2777131845396019
miniFE.c 25 Ap 0.0268355011954684
miniFE.c 25 Ap 0.2447613300410606
miniFE.c 25 Ap 0.8407235862805396
miniFE.c 25 Ap 0.8407894307162793
miniFE.c 25 Ap 0.8497179987474097
miniFE.c 25 Ap 1.0212067281391655
miniFE.c 25 Ap 1.0210600440108151
miniFE.c 25 Ap 1.0094960347335560
miniFE.c 25 Ap 0.0394978507082766
miniFE.c 25 Ap 0.1298030378982585
miniFE.c 25 Ap 0.2144512910239188
miniFE.c 25 Ap 0.2148992997931476
miniFE.c 25 Ap 0.2168489745518302
miniFE.c 25 Ap 0.3343775121460083
miniFE.c 25 Ap 0.3343615546073780
miniFE.c 25 Ap 0.3299414056182377
miniFE.c 25 Ap 0.0404968376479175
miniFE.c 25 Ap 0.2060555500079666
miniFE.c 25 Ap 0.3539863349437801
miniFE.c 25 Ap 0.3540114619067068
miniFE.c 25 Ap 0.3893901004346759
miniFE.c 25 Ap 0.4369830256456916
miniFE.c 25 Ap 0.4368105597378053
miniFE.c 25 Ap 0.4332533599033408
miniFE.c 25 Ap 0.0462358292910484
miniFE.c 25 Ap 0.1923921976192292
miniFE.c 25 Ap 0.3348411128337578
miniFE.c 25 Ap 0.3349170523762362
miniFE.c 25 Ap 0.3373031555198700
miniFE.c 25 Ap 1.0419223540530513
miniFE.c 25 Ap 1.0418289303375283
miniFE.c 25 Ap 1.0386211486516523
miniFE.c 25 Ap 0.0143885909968427
miniFE.c 25 Ap 0.1869702473609847
miniFE.c 25 Ap 0.2922233084488970
miniFE.c 25 Ap 0.2922322151852200
miniFE.c 25 Ap 0.2997014845244190
miniFE.c 25 Ap 0.3804036489412920
miniFE.c 25 Ap 0.3795978370115092
miniFE.c 25 Ap 0.3770937340025992
miniFE.c 25 Ap 0.0184525863178722
miniFE.c 25 Ap 0.1237498358994807
miniFE.c 25 Ap 0.2325186592467523
miniFE.c 25 Ap 0.2325509987978707
miniFE.c 25 Ap 0.2345704227953668
miniFE.c 25 Ap 0.2708930487776046
miniFE.c 25 Ap 0.2708602243940929
miniFE.c 25 Ap 0.2101224569310895
miniFE.c 57 sum 0.0019450583811036
miniFE.c 57 sum 0.0212924239445208
miniFE.c 57 sum 0.0301824073122265
miniFE.c 57 sum 0.0301846674464500
miniFE.c 57 sum 0.0304149502567672
miniFE.c 57 sum 0.0414260305322718
miniFE.c 57 sum 0.0414214025249627
miniFE.c 57 sum 0.0412246715236639
miniFE.c 90 p_ap_dot 0.0412246715236639
miniFE.c 91 alpha 0.0103560105751715
miniFE.c 40 y 1.0000096478048865
miniFE.c 40 y 1.9999015591191274
miniFE.c 40 y 0.9999066503437157
miniFE.c 40 y 2.0000127194341575
miniFE.c 40 y 1.0000559890825003
miniFE.c 40 y 1.9999910108925980
miniFE.c 40 y 1.0000452150046741
miniFE.c 40 y 2.0006701276312056
miniFE.c 40 y -0.0036208185822983
miniFE.c 40 y 0.0019734104330768
miniFE.c 40 y -0.0021234371194136
miniFE.c 40 y -0.0028060335517870
miniFE.c 40 y -0.0043497011913065
miniFE.c 40 y -0.0001877788556451
miniFE.c 40 y -0.0033364640183721
miniFE.c 40 y -0.0037654431923092
