filename line variable value
miniFE.c 167 A 67.0947100000000063
miniFE.c 167 A 15.0875500000000002
miniFE.c 167 A 9.3192129999999995
miniFE.c 167 A 13.7164900000000003
miniFE.c 167 A 14.0634099999999993
miniFE.c 167 A 16.0564000000000000
miniFE.c 167 A 4.9967519999999999
miniFE.c 167 A 6.4080630000000003
miniFE.c 167 A 15.0875500000000002
miniFE.c 167 A 66.4365899999999954
miniFE.c 167 A 14.3919700000000006
miniFE.c 167 A 5.9638159999999996
miniFE.c 167 A 10.9336099999999998
miniFE.c 167 A 9.6522659999999991
miniFE.c 167 A 11.3974100000000007
miniFE.c 167 A 6.9539020000000002
miniFE.c 167 A 9.3192129999999995
miniFE.c 167 A 14.3919700000000006
miniFE.c 167 A 67.6740900000000067
miniFE.c 167 A 9.6121750000000006
miniFE.c 167 A 16.7981799999999986
miniFE.c 167 A 16.1756899999999995
miniFE.c 167 A 11.9519400000000005
miniFE.c 167 A 12.3511699999999998
miniFE.c 167 A 13.7164900000000003
miniFE.c 167 A 5.9638159999999996
miniFE.c 167 A 9.6121750000000006
miniFE.c 167 A 65.4017099999999942
miniFE.c 167 A 3.6681119999999998
miniFE.c 167 A 11.0858899999999991
miniFE.c 167 A 1.3002330000000000
miniFE.c 167 A 4.7210279999999996
miniFE.c 167 A 14.0634099999999993
miniFE.c 167 A 10.9336099999999998
miniFE.c 167 A 16.7981799999999986
miniFE.c 167 A 3.6681119999999998
miniFE.c 167 A 66.5612600000000043
miniFE.c 167 A 4.4892070000000004
miniFE.c 167 A 14.0526599999999995
miniFE.c 167 A 3.7993380000000001
miniFE.c 167 A 16.0564000000000000
miniFE.c 167 A 9.6522659999999991
miniFE.c 167 A 16.1756899999999995
miniFE.c 167 A 11.0858899999999991
miniFE.c 167 A 4.4892070000000004
miniFE.c 167 A 66.4632699999999943
miniFE.c 167 A 7.6122389999999998
miniFE.c 167 A 3.4261349999999999
miniFE.c 167 A 4.9967519999999999
miniFE.c 167 A 11.3974100000000007
miniFE.c 167 A 11.9519400000000005
miniFE.c 167 A 1.3002330000000000
miniFE.c 167 A 14.0526599999999995
miniFE.c 167 A 7.6122389999999998
miniFE.c 167 A 65.6581999999999937
miniFE.c 167 A 2.6745570000000001
miniFE.c 167 A 6.4080630000000003
miniFE.c 167 A 6.9539020000000002
miniFE.c 167 A 12.3511699999999998
miniFE.c 167 A 4.7210279999999996
miniFE.c 167 A 3.7993380000000001
miniFE.c 167 A 3.4261349999999999
miniFE.c 167 A 2.6745570000000001
miniFE.c 167 A 64.8721800000000002
miniFE.c 175 b 198.0110999999999990
miniFE.c 175 b 229.8237000000000023
miniFE.c 175 b 210.8053999999999917
miniFE.c 175 b 202.6418999999999926
miniFE.c 175 b 157.2561000000000035
miniFE.c 175 b 225.5886000000000138
miniFE.c 175 b 142.6283999999999992
miniFE.c 175 b 185.1795999999999935
miniFE.c 33 r 0.0000000000000000
miniFE.c 33 r 0.0000000000000000
miniFE.c 33 r 0.0000000000000000
miniFE.c 33 r 0.0000000000000000
miniFE.c 33 r 0.0000000000000000
miniFE.c 33 r 0.0000000000000000
miniFE.c 33 r 0.0000000000000000
miniFE.c 33 r 0.0000000000000000
miniFE.c 25 Ap 0.0000000000000000
miniFE.c 25 Ap 0.0000000000000000
miniFE.c 25 Ap 0.0000000000000000
miniFE.c 25 Ap 0.0000000000000000
miniFE.c 25 Ap 0.0000000000000000
miniFE.c 25 Ap 0.0000000000000000
miniFE.c 25 Ap 0.0000000000000000
miniFE.c 25 Ap 0.0000000000000000
miniFE.c 25 Ap 0.0000000000000000
miniFE.c 25 Ap 0.0000000000000000
miniFE.c 25 Ap 0.0000000000000000
miniFE.c 25 Ap 0.0000000000000000
miniFE.c 25 Ap 0.0000000000000000
miniFE.c 25 Ap 0.0000000000000000
miniFE.c 25 Ap 0.0000000000000000
miniFE.c 25 Ap 0.0000000000000000
miniFE.c 25 Ap 0.0000000000000000
miniFE.c 25 Ap 0.0000000000000000
miniFE.c 25 Ap 0.0000000000000000
miniFE.c 25 Ap 0.0000000000000000
miniFE.c 25 Ap 0.0000000000000000
miniFE.c 25 Ap 0.0000000000000000
miniFE.c 25 Ap 0.0000000000000000
miniFE.c 25 Ap 0.0000000000000000
miniFE.c 25 Ap 0.0000000000000000
miniFE.c 25 Ap 0.0000000000000000
miniFE.c 25 Ap 0.0000000000000000
miniFE.c 25 Ap 0.0000000000000000
miniFE.c 25 Ap 0.0000000000000000
miniFE.c 25 Ap 0.0000000000000000
miniFE.c 25 Ap 0.0000000000000000
miniFE.c 25 Ap 0.0000000000000000
miniFE.c 25 Ap 0.0000000000000000
miniFE.c 25 Ap 0.0000000000000000
miniFE.c 25 Ap 0.0000000000000000
miniFE.c 25 Ap 0.0000000000000000
miniFE.c 25 Ap 0.0000000000000000
miniFE.c 25 Ap 0.0000000000000000
miniFE.c 25 Ap 0.0000000000000000
miniFE.c 25 Ap 0.0000000000000000
miniFE.c 25 Ap 0.0000000000000000
miniFE.c 25 Ap 0.0000000000000000
miniFE.c 25 Ap 0.0000000000000000
miniFE.c 25 Ap 0.0000000000000000
miniFE.c 25 Ap 0.0000000000000000
miniFE.c 25 Ap 0.0000000000000000
miniFE.c 25 Ap 0.0000000000000000
miniFE.c 25 Ap 0.0000000000000000
miniFE.c 25 Ap 0.0000000000000000
miniFE.c 25 Ap 0.0000000000000000
miniFE.c 25 Ap 0.0000000000000000
miniFE.c 25 Ap 0.0000000000000000
miniFE.c 25 Ap 0.0000000000000000
miniFE.c 25 Ap 0.0000000000000000
miniFE.c 25 Ap 0.0000000000000000
miniFE.c 25 Ap 0.0000000000000000
miniFE.c 25 Ap 0.0000000000000000
miniFE.c 25 Ap 0.0000000000000000
miniFE.c 25 Ap 0.0000000000000000
miniFE.c 25 Ap 0.0000000000000000
miniFE.c 25 Ap 0.0000000000000000
miniFE.c 25 Ap 0.0000000000000000
miniFE.c 25 Ap 0.0000000000000000
miniFE.c 25 Ap 0.0000000000000000
miniFE.c 33 r 198.0110999999999990
miniFE.c 33 r 229.8237000000000023
miniFE.c 33 r 210.8053999999999917
miniFE.c 33 r 202.6418999999999926
miniFE.c 33 r 157.2561000000000035
miniFE.c 33 r 225.5886000000000138
miniFE.c 33 r 142.6283999999999992
miniFE.c 33 r 185.1795999999999935
miniFE.c 48 sum 39208.3957232100001420
miniFE.c 48 sum 92027.3288048999966122
miniFE.c 48 sum 136466.2454740600078367
miniFE.c 48 sum 177529.9851096700003836
miniFE.c 48 sum 202259.4660968800017145
miniFE.c 48 sum 253149.6825468399911188
miniFE.c 48 sum 273492.5430333999684080
miniFE.c 48 sum 307784.0272895599482581
miniFE.c 75 rtrans 307784.0272895599482581
miniFE.c 76 normr 554.7828649927464539
miniFE.c 33 r 198.0110999999999990
miniFE.c 33 r 229.8237000000000023
miniFE.c 33 r 210.8053999999999917
miniFE.c 33 r 202.6418999999999926
miniFE.c 33 r 157.2561000000000035
miniFE.c 33 r 225.5886000000000138
miniFE.c 33 r 142.6283999999999992
miniFE.c 33 r 185.1795999999999935
miniFE.c 87 normr 554.7828649927464539
miniFE.c 25 Ap 13285.4973312810016068
miniFE.c 25 Ap 16752.9738962160008668
miniFE.c 25 Ap 18717.5143203662009910
miniFE.c 25 Ap 21497.0499152972006414
miniFE.c 25 Ap 23708.6069245981998392
miniFE.c 25 Ap 27330.7477216381994367
miniFE.c 25 Ap 28043.4264645949988335
miniFE.c 25 Ap 29230.0690077097970061
miniFE.c 25 Ap 2987.5023718050001662
miniFE.c 25 Ap 18256.2053009880000900
miniFE.c 25 Ap 21290.1102936259994749
miniFE.c 25 Ap 22498.6292991164009436
miniFE.c 25 Ap 24218.0061666374022025
miniFE.c 25 Ap 26395.4473404050004319
miniFE.c 25 Ap 28021.0416928490012651
miniFE.c 25 Ap 29308.7624836482027604
miniFE.c 25 Ap 1845.3076172643000064
miniFE.c 25 Ap 5152.9234129532997031
miniFE.c 25 Ap 19418.9870250392996240
miniFE.c 25 Ap 21366.8164301717988565
miniFE.c 25 Ap 24008.4327040697971825
miniFE.c 25 Ap 27657.4839652037990163
miniFE.c 25 Ap 29362.1700442997971550
miniFE.c 25 Ap 31649.3547644317950471
miniFE.c 25 Ap 2716.0172730389999742
miniFE.c 25 Ap 4086.6435322781999275
miniFE.c 25 Ap 6112.9419280231995799
miniFE.c 25 Ap 19366.0687056721981207
miniFE.c 25 Ap 19942.9016931553996983
miniFE.c 25 Ap 22443.7520980093977414
miniFE.c 25 Ap 22629.2022504265987664
miniFE.c 25 Ap 23503.4403270553993934
miniFE.c 25 Ap 2784.7112838509997346
miniFE.c 25 Ap 5297.5139884079999320
miniFE.c 25 Ap 8838.6610425799990480
miniFE.c 25 Ap 9581.9742276727993158
miniFE.c 25 Ap 20049.1383863587980159
miniFE.c 25 Ap 21061.8523085989982064
miniFE.c 25 Ap 23066.1607201429978886
miniFE.c 25 Ap 23769.7206112477979332
miniFE.c 25 Ap 3179.3454260399998930
miniFE.c 25 Ap 5397.6649115441996400
miniFE.c 25 Ap 8807.5877122702004272
miniFE.c 25 Ap 11054.0535250612010714
miniFE.c 25 Ap 11760.0087099739012046
miniFE.c 25 Ap 26753.3647406958989450
miniFE.c 25 Ap 27839.0862096834971453
miniFE.c 25 Ap 28473.5365185294976982
miniFE.c 25 Ap 989.4123599472000024
miniFE.c 25 Ap 3608.8072965641999872
miniFE.c 25 Ap 6128.3407890401995246
miniFE.c 25 Ap 6391.8224746028990921
miniFE.c 25 Ap 8601.6889808288997301
miniFE.c 25 Ap 10318.9233197042995016
miniFE.c 25 Ap 19683.6473325842962367
miniFE.c 25 Ap 20178.9207280214977800
miniFE.c 25 Ap 1268.8676034993000030
miniFE.c 25 Ap 2867.0390905766998912
miniFE.c 25 Ap 5470.7324228946999938
miniFE.c 25 Ap 6427.4105067679001877
miniFE.c 25 Ap 7024.8795832297000743
miniFE.c 25 Ap 7797.7765812907000509
miniFE.c 25 Ap 8179.2443669095000587
miniFE.c 25 Ap 20192.2487104374995397
miniFE.c 57 sum 5787878.1172925252467394
miniFE.c 57 sum 12523726.3537057451903820
miniFE.c 57 sum 19195581.2445636950433254
miniFE.c 57 sum 23958363.0489748232066631
miniFE.c 57 sum 27696296.6103892698884010
miniFE.c 57 sum 34119601.8506532162427902
miniFE.c 57 sum 36997689.0278177559375763
miniFE.c 57 sum 40736881.5671170875430107
miniFE.c 90 p_ap_dot 40736881.5671170875430107
miniFE.c 91 alpha 0.0075554145395853
miniFE.c 40 y 1.4960559439392744
miniFE.c 40 y 1.7364133245212852
miniFE.c 40 y 1.5927221841830903
miniFE.c 40 y 1.5310435575891859
miniFE.c 40 y 1.1881350243784765
miniFE.c 40 y 1.7044153884046875
miniFE.c 40 y 1.0776166871177848
miniFE.c 40 y 1.3991086422745860
miniFE.c 40 y -22.8341883739316245
miniFE.c 40 y 8.3838497937928480
miniFE.c 40 y -28.3185951556805833
miniFE.c 40 y 25.0636652226906733
miniFE.c 40 y -22.3339927081014764
miniFE.c 40 y 10.4592281944898673
miniFE.c 40 y -9.8317110616323760
miniFE.c 40 y 32.6187905062384118
miniFE.c 82 oldrtrans 307784.0194770599482581
miniFE.c 48 sum 521.4001586961941257
miniFE.c 48 sum 591.6890960610744514
miniFE.c 48 sum 1393.6319276524102406
miniFE.c 48 sum 2021.8192420475243125
miniFE.c 48 sum 2520.6264723330541528
miniFE.c 48 sum 2630.0219267574657351
miniFE.c 48 sum 2726.6844691568903727
miniFE.c 48 sum 3790.6699632467598349
miniFE.c 83 rtrans 3790.6699632467598349
miniFE.c 84 beta 0.0123160064310268
miniFE.c 40 y -20.3954823929169251
miniFE.c 40 y 11.2143599609952318
miniFE.c 40 y -25.7223144935853973
miniFE.c 40 y 27.5594041662861713
miniFE.c 40 y -20.3972255691832771
miniFE.c 40 y 13.2375788428562089
miniFE.c 40 y -8.0750987699853081
miniFE.c 40 y 34.8994636507333880
miniFE.c 87 normr 61.5684169298412272
miniFE.c 25 Ap -1368.4289764628672401
miniFE.c 25 Ap -1199.2317598333536353
miniFE.c 25 Ap -1438.9434874520629819
miniFE.c 25 Ap -1060.9251957992403277
miniFE.c 25 Ap -1347.7797418411480521
miniFE.c 25 Ap -1135.2318809087116733
miniFE.c 25 Ap -1175.5811468378333302
miniFE.c 25 Ap -951.9431850977238128
miniFE.c 25 Ap -307.7178603772537713
miniFE.c 25 Ap 437.3259744638024245
miniFE.c 25 Ap 67.1311959415562001
miniFE.c 25 Ap 231.4904114589203061
miniFE.c 25 Ap 8.4751020034423448
miniFE.c 25 Ap 136.2477341906626407
miniFE.c 25 Ap 44.2125227186443794
miniFE.c 25 Ap 286.8999727984065657
miniFE.c 25 Ap -190.0698446573425144
miniFE.c 25 Ap -28.6731125294979563
miniFE.c 25 Ap -1769.4073385767007949
miniFE.c 25 Ap -1504.5015228346289859
miniFE.c 25 Ap -1847.1377894463721532
miniFE.c 25 Ap -1633.0108177337713187
miniFE.c 25 Ap -1729.5239137267094520
miniFE.c 25 Ap -1298.4747052676807471
miniFE.c 25 Ap -279.7544302876210622
miniFE.c 25 Ap -212.8740509224783182
miniFE.c 25 Ap -460.1214392398575228
miniFE.c 25 Ap 1342.3107198163820613
miniFE.c 25 Ap 1267.4914119393540659
miniFE.c 25 Ap 1414.2417548575851924
miniFE.c 25 Ap 1403.7422449585908453
miniFE.c 25 Ap 1568.5035900386853882
miniFE.c 25 Ap -286.8300310393718178
miniFE.c 25 Ap -164.2165928262347450
miniFE.c 25 Ap -596.3046617060911103
miniFE.c 25 Ap -495.2136805708868224
miniFE.c 25 Ap -1852.8787149599429540
miniFE.c 25 Ap -1793.4524833555410623
miniFE.c 25 Ap -1906.9291008365628386
miniFE.c 25 Ap -1774.3342424087127256
miniFE.c 25 Ap -327.4780234936313263
miniFE.c 25 Ap -219.2340381303557137
miniFE.c 25 Ap -635.3102234611001222
miniFE.c 25 Ap -329.7897004081099226
miniFE.c 25 Ap -421.3570682138664552
miniFE.c 25 Ap 458.4557085651732677
miniFE.c 25 Ap 396.9861267794390756
miniFE.c 25 Ap 516.5564006744444896
miniFE.c 25 Ap -101.9111674377724341
miniFE.c 25 Ap 25.9034909252742409
miniFE.c 25 Ap -281.5280685631888105
miniFE.c 25 Ap -245.6944218058460478
miniFE.c 25 Ap -532.3296976728851178
miniFE.c 25 Ap -431.5620837397202081
miniFE.c 25 Ap -961.7585337991695269
miniFE.c 25 Ap -868.4179289958549361
miniFE.c 25 Ap -130.6955360892024203
miniFE.c 25 Ap -52.7119759277177593
miniFE.c 25 Ap -370.4126550314549604
miniFE.c 25 Ap -240.3039362991013093
miniFE.c 25 Ap -317.7998904986709476
miniFE.c 25 Ap -272.4461583099017616
miniFE.c 25 Ap -294.0434702508573537
miniFE.c 25 Ap 1969.9608176029760216
miniFE.c 57 sum 19415.3404707178851822
miniFE.c 57 sum 22632.7400384789580130
miniFE.c 57 sum 56032.5147693398466799
miniFE.c 57 sum 99259.5391434868070064
miniFE.c 57 sum 135451.0349210232379846
miniFE.c 57 sum 142288.9910017332294956
miniFE.c 57 sum 149301.5515520008339081
miniFE.c 57 sum 218052.1274993049155455
miniFE.c 90 p_ap_dot 218052.1274993049155455
miniFE.c 91 alpha 0.0173842374606450
miniFE.c 40 y 1.1414960348964023
miniFE.c 40 y 1.9313664210523760
miniFE.c 40 y 1.1455593609892107
miniFE.c 40 y 2.0101427838897941
miniFE.c 40 y 0.8335448115454542
miniFE.c 40 y 1.9345406024129104
miniFE.c 40 y 0.9372372525821977
miniFE.c 40 y 2.0058092056280845
miniFE.c 40 y -6.2853819951500434
miniFE.c 40 y 3.3963125392127527
miniFE.c 40 y -5.7456025426661732
miniFE.c 40 y -2.2035736444160321
miniFE.c 40 y 8.5114550964852604
miniFE.c 40 y 1.4792890633492330
miniFE.c 40 y 5.2650724311131292
miniFE.c 40 y -1.6274761351381244
miniFE.c 82 oldrtrans 3790.6699632467598349
miniFE.c 48 sum 39.5060268249563364
miniFE.c 48 sum 51.0409656889701111
miniFE.c 48 sum 84.0529142672621106
miniFE.c 48 sum 88.9086510736270696
miniFE.c 48 sum 161.3535189331119852
miniFE.c 48 sum 163.5418150660566425
miniFE.c 48 sum 191.2628027709241678
miniFE.c 48 sum 193.9114813413683009
miniFE.c 83 rtrans 193.9114813413683009
miniFE.c 84 beta 0.0511549365208467
miniFE.c 40 y -7.3287116022717553
miniFE.c 40 y 3.9699824111393887
miniFE.c 40 y -7.0614259077547894
miniFE.c 40 y -0.7937740737373049
miniFE.c 40 y 7.4680363172922988
miniFE.c 40 y 2.1564565687452459
miniFE.c 40 y 4.8519912661349638
miniFE.c 40 y 0.1578037125267391
miniFE.c 87 normr 13.9252102799695017
miniFE.c 25 Ap -491.7177796280587927
miniFE.c 25 Ap -431.8204715008727135
miniFE.c 25 Ap -497.6274036189579419
miniFE.c 25 Ap -508.5151977636349443
miniFE.c 25 Ap -403.4891411386632853
miniFE.c 25 Ap -368.8642118882621048
miniFE.c 25 Ap -344.6200148252196982
miniFE.c 25 Ap -343.6087986937144478
miniFE.c 25 Ap -110.5723027348552279
miniFE.c 25 Ap 153.1797910212237639
miniFE.c 25 Ap 51.5519611995940608
miniFE.c 25 Ap 46.8180386782543394
miniFE.c 25 Ap 128.4706352373646041
miniFE.c 25 Ap 149.2853276563409963
miniFE.c 25 Ap 204.5854614329003027
miniFE.c 25 Ap 205.6828129850474056
miniFE.c 25 Ap -68.2978244371417702
miniFE.c 25 Ap -11.1619566754960218
miniFE.c 25 Ap -489.0375290852254011
miniFE.c 25 Ap -496.6674243924512666
miniFE.c 25 Ap -371.2180060880381234
miniFE.c 25 Ap -336.3358331335513185
miniFE.c 25 Ap -278.3451246401821777
miniFE.c 25 Ap -276.3960641601332782
miniFE.c 25 Ap -100.5241994054445058
miniFE.c 25 Ap -76.8479547821728488
miniFE.c 25 Ap -144.7236163570457279
miniFE.c 25 Ap -196.6377981331315539
miniFE.c 25 Ap -169.2442045012358562
miniFE.c 25 Ap -145.3379641903486288
miniFE.c 25 Ap -139.0292450304081626
miniFE.c 25 Ap -138.2842492850654708
miniFE.c 25 Ap -103.0666760345046242
miniFE.c 25 Ap -59.6604366442468930
miniFE.c 25 Ap -178.2795400993752253
miniFE.c 25 Ap -181.1911923045399249
miniFE.c 25 Ap 315.8907147001953035
miniFE.c 25 Ap 325.5714946238024368
miniFE.c 25 Ap 393.7548782097666162
miniFE.c 25 Ap 394.3544278513105041
miniFE.c 25 Ap -117.6727249707162173
miniFE.c 25 Ap -79.3533987230774756
miniFE.c 25 Ap -193.5768351648875409
miniFE.c 25 Ap -202.3765272311912042
miniFE.c 25 Ap -168.8509663193484016
miniFE.c 25 Ap -25.5258111475595797
miniFE.c 25 Ap 11.4087059961723725
miniFE.c 25 Ap 11.9493628187901724
miniFE.c 25 Ap -36.6197543560745942
miniFE.c 25 Ap 8.6277628764695891
miniFE.c 25 Ap -75.7699758874611859
miniFE.c 25 Ap -76.8020671326788573
miniFE.c 25 Ap 28.1437081018819271
miniFE.c 25 Ap 44.5591708962906665
miniFE.c 25 Ap 363.1321838464332927
miniFE.c 25 Ap 363.5542388703976826
miniFE.c 25 Ap -46.9628456561883567
miniFE.c 25 Ap -19.3559770274013374
miniFE.c 25 Ap -106.5728488564850522
miniFE.c 25 Ap -110.3202784842729329
miniFE.c 25 Ap -81.9466843186042411
miniFE.c 25 Ap -74.5583729924462517
miniFE.c 25 Ap -61.5814457876661194
miniFE.c 25 Ap -51.3443749439632455
miniFE.c 57 sum 2518.2097896292848418
miniFE.c 57 sum 3334.7669394535951142
miniFE.c 57 sum 5286.5172677154150733
miniFE.c 57 sum 5396.2837196041264178
miniFE.c 57 sum 8341.3369086827387946
miniFE.c 57 sum 8367.1051906256398070
miniFE.c 57 sum 10131.0671823911543470
miniFE.c 57 sum 10122.9648494076318457
miniFE.c 90 p_ap_dot 10122.9648494076318457
miniFE.c 91 alpha 0.0191556015679256
miniFE.c 40 y 1.0011101554370512
miniFE.c 40 y 2.0074138223518347
miniFE.c 40 y 1.0102934997988329
miniFE.c 40 y 1.9949375639983331
miniFE.c 40 y 0.9765995397343037
miniFE.c 40 y 1.9758488252423303
miniFE.c 40 y 1.0301800640873338
miniFE.c 40 y 2.0088320306711860
miniFE.c 40 y 0.2966512478602956
miniFE.c 40 y -0.5436654756989636
miniFE.c 40 y -0.4510696626718671
miniFE.c 40 y 0.4453443380083786
miniFE.c 40 y 0.9573588000183051
miniFE.c 40 y 1.2503918302019046
miniFE.c 40 y -1.6990277170186490
miniFE.c 40 y -0.6439437459573836
miniFE.c 82 oldrtrans 193.9114813413683009
miniFE.c 48 sum 0.0880019628570705
miniFE.c 48 sum 0.3835741123240509
miniFE.c 48 sum 0.5870379529069629
miniFE.c 48 sum 0.7853695323030838
miniFE.c 48 sum 1.7019054042755730
miniFE.c 48 sum 3.2653851333112414
miniFE.c 48 sum 6.1520803165088438
miniFE.c 48 sum 6.5667438644664715
miniFE.c 83 rtrans 6.5667438644664715
miniFE.c 84 beta 0.0338646469979060
miniFE.c 40 y 0.0484670164999046
miniFE.c 40 y -0.4092234227578325
miniFE.c 40 y -0.6902023583398509
miniFE.c 40 y 0.4184634592051750
miniFE.c 40 y 1.2102612136709507
miniFE.c 40 y 1.3234194706687779
miniFE.c 40 y -1.5347167455540656
miniFE.c 40 y -0.6385997789377065
miniFE.c 87 normr 2.5625658751467193
miniFE.c 25 Ap 3.2518804166263156
miniFE.c 25 Ap -2.9222984354036203
miniFE.c 25 Ap -9.3544412258750178
miniFE.c 25 Ap -3.6145913723218275
miniFE.c 25 Ap 13.4058082826303586
miniFE.c 25 Ap 34.6551606714765228
miniFE.c 25 Ap 26.9865617036957559
miniFE.c 25 Ap 22.8943740884768587
miniFE.c 25 Ap 0.7312485347931359
miniFE.c 25 Ap -26.4561602213656499
miniFE.c 25 Ap -36.3895318565220336
miniFE.c 25 Ap -33.8938927830988632
miniFE.c 25 Ap -20.6613686746940175
miniFE.c 25 Ap -7.8873719142197771
miniFE.c 25 Ap -25.3791678971651393
miniFE.c 25 Ap -29.8199281771196141
miniFE.c 25 Ap 0.4516744502371256
miniFE.c 25 Ap -5.4378567733909176
miniFE.c 25 Ap -52.1466732898942453
miniFE.c 25 Ap -48.1243292889087400
miniFE.c 25 Ap -27.7941435746456520
miniFE.c 25 Ap -6.3869204771434092
miniFE.c 25 Ap -24.7297629370008671
miniFE.c 25 Ap -32.6172173686229030
miniFE.c 25 Ap 0.6647973471507768
miniFE.c 25 Ap -1.7757358490671491
miniFE.c 25 Ap -8.4100817028425059
miniFE.c 25 Ap 18.9581441016911754
miniFE.c 25 Ap 23.3975177826921552
miniFE.c 25 Ap 38.0688004583844517
miniFE.c 25 Ap 36.0733111001624493
miniFE.c 25 Ap 33.0584636630037281
miniFE.c 25 Ap 0.6816115245149236
miniFE.c 25 Ap -3.7926777827843412
miniFE.c 25 Ap -15.3868212346016566
miniFE.c 25 Ap -13.8518503983296437
miniFE.c 25 Ap 66.7046609127380634
miniFE.c 25 Ap 72.6457648644006326
miniFE.c 25 Ap 51.0789122428228382
miniFE.c 25 Ap 48.6526558359132082
miniFE.c 25 Ap 0.7782058037290686
miniFE.c 25 Ap -3.1717275261599842
miniFE.c 25 Ap -14.3362269119343253
miniFE.c 25 Ap -9.6971870341662694
miniFE.c 25 Ap -4.2640739219261414
miniFE.c 25 Ap 83.6947116803899149
miniFE.c 25 Ap 72.0120810159301783
miniFE.c 25 Ap 69.8241519623194336
miniFE.c 25 Ap 0.2421776616299314
miniFE.c 25 Ap -4.4219094691444170
miniFE.c 25 Ap -12.6711666438808148
miniFE.c 25 Ap -12.1270666449280924
miniFE.c 25 Ap 4.8803227019771285
miniFE.c 25 Ap 14.9545080099613550
miniFE.c 25 Ap -85.8122310129765822
miniFE.c 25 Ap -87.5202025219328732
miniFE.c 25 Ap 0.3105796951534283
miniFE.c 25 Ap -2.5351198828091088
miniFE.c 25 Ap -11.0599265450655260
miniFE.c 25 Ap -9.0843488371810377
miniFE.c 25 Ap -4.4861574181548747
miniFE.c 25 Ap 0.0480563499848987
miniFE.c 25 Ap -4.0566310648539465
miniFE.c 25 Ap -45.4839908720610495
miniFE.c 57 sum 1.1096220067011966
miniFE.c 57 sum 13.3126350817348182
miniFE.c 57 sum 35.8251154320418905
miniFE.c 57 sum 49.6588744924710142
miniFE.c 57 sum 108.5412967927584020
miniFE.c 57 sum 200.9479390226275086
miniFE.c 57 sum 335.2666594073210717
miniFE.c 57 sum 364.3127259234238977
miniFE.c 90 p_ap_dot 364.3127259234238977
miniFE.c 91 alpha 0.0180250191585313
miniFE.c 40 y 1.0019837743380189
miniFE.c 40 y 2.0000375623165052
miniFE.c 40 y 0.9978525890664935
miniFE.c 40 y 2.0024803758676515
miniFE.c 40 y 0.9984145212975499
miniFE.c 40 y 1.9997034865559082
miniFE.c 40 y 1.0025167653458029
miniFE.c 40 y 1.9973212574212000
miniFE.c 40 y -0.1160202837070819
miniFE.c 40 y -0.0061606990003558
miniFE.c 40 y 0.1368563052955400
miniFE.c 40 y -0.1505351028688738
miniFE.c 40 y 0.0803937464625407
miniFE.c 40 y -0.0081898466471029
miniFE.c 40 y -0.1214743898022712
miniFE.c 40 y 0.1759060609179788
miniFE.c 82 oldrtrans 6.5667438644664715
miniFE.c 48 sum 0.0134607062314718
miniFE.c 48 sum 0.0134986604436448
miniFE.c 48 sum 0.0322283087427908
miniFE.c 48 sum 0.0548891259385332
miniFE.c 48 sum 0.0613522804088165
miniFE.c 48 sum 0.0614193539969196
miniFE.c 48 sum 0.0761753813747537
miniFE.c 48 sum 0.1071183236424334
miniFE.c 83 rtrans 0.1071183236424334
miniFE.c 84 beta 0.0163122433055544
miniFE.c 40 y -0.1152296779416411
miniFE.c 40 y -0.0128360510387133
miniFE.c 40 y 0.1255975564962330
miniFE.c 40 y -0.1437090251078351
miniFE.c 40 y 0.1001358218432168
miniFE.c 40 y 0.0133980937537542
miniFE.c 40 y -0.1465090627608577
miniFE.c 40 y 0.1654890659490737
miniFE.c 87 normr 0.3272893576675437
miniFE.c 25 Ap -7.7313018248878089
miniFE.c 25 Ap -7.9249663867369469
miniFE.c 25 Ap -6.7544960054690177
miniFE.c 25 Ap -8.7256794112703862
miniFE.c 25 Ap -7.3174282930022727
miniFE.c 25 Ap -7.1023031404544943
miniFE.c 25 Ap -7.8343725928229357
miniFE.c 25 Ap -6.7739082324101165
miniFE.c 25 Ap -1.7385335274284077
miniFE.c 25 Ap -2.5913169875064743
miniFE.c 25 Ap -0.7837207223393838
miniFE.c 25 Ap -1.6407749056218925
miniFE.c 25 Ap -0.5459288825586792
miniFE.c 25 Ap -0.4166069177545053
miniFE.c 25 Ap -2.0864307747557320
miniFE.c 25 Ap -0.9356360280743368
miniFE.c 25 Ap -1.0738499126595551
miniFE.c 25 Ap -1.2585859741271852
miniFE.c 25 Ap 7.2411143679789722
miniFE.c 25 Ap 5.8597580695630676
miniFE.c 25 Ap 7.5418576293333546
miniFE.c 25 Ap 7.7585810404850184
miniFE.c 25 Ap 6.0075135129110127
miniFE.c 25 Ap 8.0514970995892323
miniFE.c 25 Ap -1.5805467251897412
miniFE.c 25 Ap -1.6570985717512359
miniFE.c 25 Ap -0.4498328791370574
miniFE.c 25 Ap -9.8486488636224063
miniFE.c 25 Ap -9.4813394538894400
miniFE.c 25 Ap -9.3328096603256334
miniFE.c 25 Ap -9.5233055785263723
miniFE.c 25 Ap -8.7420270644869493
miniFE.c 25 Ap -1.6205222050612551
miniFE.c 25 Ap -1.7608665810586408
miniFE.c 25 Ap 0.3489437805252504
miniFE.c 25 Ap -0.1781970189811007
miniFE.c 25 Ap 6.4869694540389302
miniFE.c 25 Ap 6.5471162703049401
miniFE.c 25 Ap 4.4882742244079461
miniFE.c 25 Ap 5.1170231212527675
miniFE.c 25 Ap -1.8501738009021667
miniFE.c 25 Ap -1.9740707799174033
miniFE.c 25 Ap 0.0575563587231476
miniFE.c 25 Ap -1.5355860856295502
miniFE.c 25 Ap -1.0860556532602286
miniFE.c 25 Ap -0.1955745306191501
miniFE.c 25 Ap -1.3108365320207986
miniFE.c 25 Ap -0.7438486510553691
miniFE.c 25 Ap -0.5757741237142512
miniFE.c 25 Ap -0.7220718601833921
miniFE.c 25 Ap 0.7790625992061949
miniFE.c 25 Ap 0.5922073823631592
miniFE.c 25 Ap 1.9993820405464580
miniFE.c 25 Ap 2.1013715323444422
miniFE.c 25 Ap -7.5181498122205017
miniFE.c 25 Ap -7.0755398724629455
miniFE.c 25 Ap -0.7383990357197467
miniFE.c 25 Ap -0.8276596767099570
miniFE.c 25 Ap 0.7236170951596211
miniFE.c 25 Ap 0.0451627637728287
miniFE.c 25 Ap 0.4256125968629922
miniFE.c 25 Ap 0.4715162748060109
miniFE.c 25 Ap 0.0796694354355196
miniFE.c 25 Ap 10.8153059097156969
miniFE.c 57 sum 0.7805552640268493
miniFE.c 57 sum 0.7925651358368704
miniFE.c 57 sum 1.8038134976817850
miniFE.c 57 sum 3.0601216845855141
miniFE.c 57 sum 3.5725190002229024
miniFE.c 57 sum 3.5625528462574589
miniFE.c 57 sum 4.5991835614990837
miniFE.c 57 sum 6.3889984344514303
miniFE.c 90 p_ap_dot 6.3889984344514303
miniFE.c 91 alpha 0.0167660588340136
miniFE.c 40 y 1.0000518267782248
miniFE.c 40 y 1.9998223523295937
miniFE.c 40 y 0.9999583650881178
miniFE.c 40 y 2.0000709418977149
miniFE.c 40 y 1.0000934043779657
miniFE.c 40 y 1.9999281197840473
miniFE.c 40 y 1.0000603857798382
miniFE.c 40 y 2.0000958568372882
miniFE.c 40 y -0.0024485397462849
miniFE.c 40 y 0.0095262296935614
miniFE.c 40 y 0.0018644312219372
miniFE.c 40 y -0.0039657627771466
miniFE.c 40 y -0.0053985642433910
miniFE.c 40 y 0.0042815636000931
miniFE.c 40 y -0.0028454720181485
miniFE.c 40 y -0.0054239942721694
miniFE.c 82 oldrtrans 0.1071183236424334
miniFE.c 48 sum 0.0000059953468891
miniFE.c 48 sum 0.0000967443990636
miniFE.c 48 sum 0.0001002205028450
miniFE.c 48 sum 0.0001159477772496
miniFE.c 48 sum 0.0001450922731396
miniFE.c 48 sum 0.0001634240600012
miniFE.c 48 sum 0.0001715207710073
miniFE.c 48 sum 0.0002009404848718
miniFE.c 83 rtrans 0.0002009404848718
miniFE.c 84 beta 0.0018758740618698
miniFE.c 40 y -0.0026646961102933
miniFE.c 40 y 0.0095021508783610
miniFE.c 40 y 0.0021000364204028
miniFE.c 40 y -0.0042353428098030
miniFE.c 40 y -0.0052107220525313
miniFE.c 40 y 0.0043066967366443
miniFE.c 40 y -0.0031203045688104
miniFE.c 40 y -0.0051135576258325
miniFE.c 87 normr 0.0141753477866265
miniFE.c 25 Ap -0.1787870127582543
miniFE.c 25 Ap -0.0354228362734389
miniFE.c 25 Ap -0.0158521495639480
miniFE.c 25 Ap -0.0739461868611823
miniFE.c 25 Ap -0.1472267074819716
miniFE.c 25 Ap -0.0780766619997167
miniFE.c 25 Ap -0.0936680500945295
miniFE.c 25 Ap -0.1264360495149945
miniFE.c 25 Ap -0.0402037357988551
miniFE.c 25 Ap 0.5910867662249543
miniFE.c 25 Ap 0.6213104273862982
miniFE.c 25 Ap 0.5960516221717103
miniFE.c 25 Ap 0.5390796194309335
miniFE.c 25 Ap 0.5806490019143559
miniFE.c 25 Ap 0.5450856114187500
miniFE.c 25 Ap 0.5095264328173582
miniFE.c 25 Ap -0.0248328706320944
miniFE.c 25 Ap 0.1119217997447507
miniFE.c 25 Ap 0.2540398534623649
miniFE.c 25 Ap 0.2133289971895471
miniFE.c 25 Ap 0.1257983502211568
miniFE.c 25 Ap 0.1954621415571259
miniFE.c 25 Ap 0.1581684485689776
miniFE.c 25 Ap 0.0950100290275242
miniFE.c 25 Ap -0.0365502775498764
miniFE.c 25 Ap 0.0201188018929070
miniFE.c 25 Ap 0.0403047194721918
miniFE.c 25 Ap -0.2366939427251269
miniFE.c 25 Ap -0.2558074548146816
miniFE.c 25 Ap -0.2080638885288845
miniFE.c 25 Ap -0.2121210114993026
miniFE.c 25 Ap -0.2362622602304712
miniFE.c 25 Ap -0.0374747139244593
miniFE.c 25 Ap 0.0664180979406972
miniFE.c 25 Ap 0.1016948877371785
miniFE.c 25 Ap 0.0861591759524265
miniFE.c 25 Ap -0.2606730493738432
miniFE.c 25 Ap -0.2413393962368226
miniFE.c 25 Ap -0.2851879754387625
miniFE.c 25 Ap -0.3046161092417776
miniFE.c 25 Ap -0.0427854266253127
miniFE.c 25 Ap 0.0489318612247613
miniFE.c 25 Ap 0.0829013993499060
miniFE.c 25 Ap 0.0359488548481394
miniFE.c 25 Ap 0.0125568449348615
miniFE.c 25 Ap 0.2987939929505675
miniFE.c 25 Ap 0.2750414888199905
miniFE.c 25 Ap 0.2575217500636089
miniFE.c 25 Ap -0.0133148256185001
miniFE.c 25 Ap 0.0949850838240403
miniFE.c 25 Ap 0.1200845931185089
miniFE.c 25 Ap 0.1145776606308903
miniFE.c 25 Ap 0.0413531552721658
miniFE.c 25 Ap 0.0741367601320219
miniFE.c 25 Ap -0.1307368213078482
miniFE.c 25 Ap -0.1444133226509219
miniFE.c 25 Ap -0.0170755405506142
miniFE.c 25 Ap 0.0490014854467221
miniFE.c 25 Ap 0.0749393922813081
miniFE.c 25 Ap 0.0549442202866296
miniFE.c 25 Ap 0.0351469259850094
miniFE.c 25 Ap 0.0499022504088121
miniFE.c 25 Ap 0.0415568179821681
miniFE.c 25 Ap -0.2901708127612093
miniFE.c 57 sum 0.0003369136493435
miniFE.c 57 sum 0.0051785106904871
miniFE.c 57 sum 0.0053780352117484
miniFE.c 57 sum 0.0063786868768433
miniFE.c 57 sum 0.0079659567548257
miniFE.c 57 sum 0.0090750248354396
miniFE.c 57 sum 0.0095256383859043
miniFE.c 57 sum 0.0110094435582934
miniFE.c 90 p_ap_dot 0.0110094435582934
miniFE.c 91 alpha 0.0182516476702811
miniFE.c 40 y 1.0000031916836714
miniFE.c 40 y 1.9999957822395353
miniFE.c 40 y 0.9999966942129577
miniFE.c 40 y 1.9999936399129876
miniFE.c 40 y 0.9999983001149552
miniFE.c 40 y 2.0000067240955071
miniFE.c 40 y 1.0000034350802243
miniFE.c 40 y 2.0000025259851597
miniFE.c 40 y -0.0001408735177150
miniFE.c 40 y 0.0002265327630838
miniFE.c 40 y 0.0001303416469837
miniFE.c 40 y 0.0003464127543642
miniFE.c 40 y 0.0001611816571818
miniFE.c 40 y -0.0004186326495021
miniFE.c 40 y -0.0002096909342292
miniFE.c 40 y -0.0001278988334527
