filename line variable value
miniFE.c 167 A 67.0947100000000063
miniFE.c 167 A 15.0875500000000002
miniFE.c 167 A 9.3192129999999995
miniFE.c 167 A 13.7164900000000003
miniFE.c 167 A 14.0634099999999993
miniFE.c 167 A 16.0564000000000000
miniFE.c 167 A 4.9967519999999999
miniFE.c 167 A 6.4080630000000003
miniFE.c 167 A 15.0875500000000002
miniFE.c 167 A 66.4365899999999954
miniFE.c 167 A 14.3919700000000006
miniFE.c 167 A 5.9638159999999996
miniFE.c 167 A 10.9336099999999998
miniFE.c 167 A 9.6522659999999991
miniFE.c 167 A 11.3974100000000007
miniFE.c 167 A 6.9539020000000002
miniFE.c 167 A 9.3192129999999995
miniFE.c 167 A 14.3919700000000006
miniFE.c 167 A 67.6740900000000067
miniFE.c 167 A 9.6121750000000006
miniFE.c 167 A 16.7981799999999986
miniFE.c 167 A 16.1756899999999995
miniFE.c 167 A 11.9519400000000005
miniFE.c 167 A 12.3511699999999998
miniFE.c 167 A 13.7164900000000003
miniFE.c 167 A 5.9638159999999996
miniFE.c 167 A 9.6121750000000006
miniFE.c 167 A 65.4017099999999942
miniFE.c 167 A 3.6681119999999998
miniFE.c 167 A 11.0858899999999991
miniFE.c 167 A 1.3002330000000000
miniFE.c 167 A 4.7210279999999996
miniFE.c 167 A 14.0634099999999993
miniFE.c 167 A 10.9336099999999998
miniFE.c 167 A 16.7981799999999986
miniFE.c 167 A 3.6681119999999998
miniFE.c 167 A 66.5612600000000043
miniFE.c 167 A 4.4892070000000004
miniFE.c 167 A 14.0526599999999995
miniFE.c 167 A 3.7993380000000001
miniFE.c 167 A 16.0564000000000000
miniFE.c 167 A 9.6522659999999991
miniFE.c 167 A 16.1756899999999995
miniFE.c 167 A 11.0858899999999991
miniFE.c 167 A 4.4892070000000004
miniFE.c 167 A 66.4632699999999943
miniFE.c 167 A 7.6122389999999998
miniFE.c 167 A 3.4261349999999999
miniFE.c 167 A 4.9967519999999999
miniFE.c 167 A 11.3974100000000007
miniFE.c 167 A 11.9519400000000005
miniFE.c 167 A 1.3002330000000000
miniFE.c 167 A 14.0526599999999995
miniFE.c 167 A 7.6122389999999998
miniFE.c 167 A 65.6581999999999937
miniFE.c 167 A 2.6745570000000001
miniFE.c 167 A 6.4080630000000003
miniFE.c 167 A 6.9539020000000002
miniFE.c 167 A 12.3511699999999998
miniFE.c 167 A 4.7210279999999996
miniFE.c 167 A 3.7993380000000001
miniFE.c 167 A 3.4261349999999999
miniFE.c 167 A 2.6745570000000001
miniFE.c 167 A 64.8721800000000002
miniFE.c 175 b 198.0110999999999990
miniFE.c 175 b 229.8237000000000023
miniFE.c 175 b 210.8053999999999917
miniFE.c 175 b 202.6418999999999926
miniFE.c 175 b 157.2561000000000035
miniFE.c 175 b 225.5886000000000138
miniFE.c 175 b 142.6283999999999992
miniFE.c 175 b 185.1795999999999935
miniFE.c 33 r 0.0000000000000000
miniFE.c 33 r 0.0000000000000000
miniFE.c 33 r 0.0000000000000000
miniFE.c 33 r 0.0000000000000000
miniFE.c 33 r 0.0000000000000000
miniFE.c 33 r 0.0000000000000000
miniFE.c 33 r 0.0000000000000000
miniFE.c 33 r 0.0000000000000000
miniFE.c 25 Ap 0.0000000000000000
miniFE.c 25 Ap 0.0000000000000000
miniFE.c 25 Ap 0.0000000000000000
miniFE.c 25 Ap 0.0000000000000000
miniFE.c 25 Ap 0.0000000000000000
miniFE.c 25 Ap 0.0000000000000000
miniFE.c 25 Ap 0.0000000000000000
miniFE.c 25 Ap 0.0000000000000000
miniFE.c 25 Ap 0.0000000000000000
miniFE.c 25 Ap 0.0000000000000000
miniFE.c 25 Ap 0.0000000000000000
miniFE.c 25 Ap 0.0000000000000000
miniFE.c 25 Ap 0.0000000000000000
miniFE.c 25 Ap 0.0000000000000000
miniFE.c 25 Ap 0.0000000000000000
miniFE.c 25 Ap 0.0000000000000000
miniFE.c 25 Ap 0.0000000000000000
miniFE.c 25 Ap 0.0000000000000000
miniFE.c 25 Ap 0.0000000000000000
miniFE.c 25 Ap 0.0000000000000000
miniFE.c 25 Ap 0.0000000000000000
miniFE.c 25 Ap 0.0000000000000000
miniFE.c 25 Ap 0.0000000000000000
miniFE.c 25 Ap 0.0000000000000000
miniFE.c 25 Ap 0.0000000000000000
miniFE.c 25 Ap 0.0000000000000000
miniFE.c 25 Ap 0.0000000000000000
miniFE.c 25 Ap 0.0000000000000000
miniFE.c 25 Ap 0.0000000000000000
miniFE.c 25 Ap 0.0000000000000000
miniFE.c 25 Ap 0.0000000000000000
miniFE.c 25 Ap 0.0000000000000000
miniFE.c 25 Ap 0.0000000000000000
miniFE.c 25 Ap 0.0000000000000000
miniFE.c 25 Ap 0.0000000000000000
miniFE.c 25 Ap 0.0000000000000000
miniFE.c 25 Ap 0.0000000000000000
miniFE.c 25 Ap 0.0000000000000000
miniFE.c 25 Ap 0.0000000000000000
miniFE.c 25 Ap 0.0000000000000000
miniFE.c 25 Ap 0.0000000000000000
miniFE.c 25 Ap 0.0000000000000000
miniFE.c 25 Ap 0.0000000000000000
miniFE.c 25 Ap 0.0000000000000000
miniFE.c 25 Ap 0.0000000000000000
miniFE.c 25 Ap 0.0000000000000000
miniFE.c 25 Ap 0.0000000000000000
miniFE.c 25 Ap 0.0000000000000000
miniFE.c 25 Ap 0.0000000000000000
miniFE.c 25 Ap 0.0000000000000000
miniFE.c 25 Ap 0.0000000000000000
miniFE.c 25 Ap 0.0000000000000000
miniFE.c 25 Ap 0.0000000000000000
miniFE.c 25 Ap 0.0000000000000000
miniFE.c 25 Ap 0.0000000000000000
miniFE.c 25 Ap 0.0000000000000000
miniFE.c 25 Ap 0.0000000000000000
miniFE.c 25 Ap 0.0000000000000000
miniFE.c 25 Ap 0.0000000000000000
miniFE.c 25 Ap 0.0000000000000000
miniFE.c 25 Ap 0.0000000000000000
miniFE.c 25 Ap 0.0000000000000000
miniFE.c 25 Ap 0.0000000000000000
miniFE.c 25 Ap 0.0000000000000000
miniFE.c 33 r 198.0110999999999990
miniFE.c 33 r 229.8237000000000023
miniFE.c 33 r 210.8053999999999917
miniFE.c 33 r 202.6418999999999926
miniFE.c 33 r 157.2561000000000035
miniFE.c 33 r 225.5886000000000138
miniFE.c 33 r 142.6283999999999992
miniFE.c 33 r 185.1795999999999935
miniFE.c 48 sum 39208.3957232100001420
miniFE.c 48 sum 92027.3288048999966122
miniFE.c 48 sum 136466.2454740600078367
miniFE.c 48 sum 177529.9851096700003836
miniFE.c 48 sum 202259.4660968800017145
miniFE.c 48 sum 253149.6825468399911188
miniFE.c 48 sum 273492.5430333999684080
miniFE.c 48 sum 307784.0272895599482581
miniFE.c 75 rtrans 307784.0272895599482581
miniFE.c 76 normr 554.7828649927464539
miniFE.c 33 r 198.0110999999999990
miniFE.c 33 r 229.8237000000000023
miniFE.c 33 r 210.8053999999999917
miniFE.c 33 r 202.6418999999999926
miniFE.c 33 r 157.2561000000000035
miniFE.c 33 r 225.5886000000000138
miniFE.c 33 r 142.6283999999999992
miniFE.c 33 r 185.1795999999999935
miniFE.c 87 normr 554.7828649927464539
miniFE.c 25 Ap 13285.4973312810016068
miniFE.c 25 Ap 16752.9738962160008668
miniFE.c 25 Ap 18717.5143203662009910
miniFE.c 25 Ap 21497.0499152972006414
miniFE.c 25 Ap 23708.6069245981998392
miniFE.c 25 Ap 27330.7477216381994367
miniFE.c 25 Ap 28043.4264645949988335
miniFE.c 25 Ap 29230.0690077097970061
miniFE.c 25 Ap 2987.5023718050001662
miniFE.c 25 Ap 18256.2053009880000900
miniFE.c 25 Ap 21290.1102936259994749
miniFE.c 25 Ap 22498.6292991164009436
miniFE.c 25 Ap 24218.0061666374022025
miniFE.c 25 Ap 26395.4473404050004319
miniFE.c 25 Ap 28021.0416928490012651
miniFE.c 25 Ap 29308.7624836482027604
miniFE.c 25 Ap 1845.3076172643000064
miniFE.c 25 Ap 5152.9234129532997031
miniFE.c 25 Ap 19418.9870250392996240
miniFE.c 25 Ap 21366.8164301717988565
miniFE.c 25 Ap 24008.4327040697971825
miniFE.c 25 Ap 27657.4839652037990163
miniFE.c 25 Ap 29362.1700442997971550
miniFE.c 25 Ap 31649.3547644317950471
miniFE.c 25 Ap 2716.0172730389999742
miniFE.c 25 Ap 4086.6435322781999275
miniFE.c 25 Ap 6112.9419280231995799
miniFE.c 25 Ap 19366.0687056721981207
miniFE.c 25 Ap 19942.9016931553996983
miniFE.c 25 Ap 22443.7520980093977414
miniFE.c 25 Ap 22629.2022504265987664
miniFE.c 25 Ap 23503.4403270553993934
miniFE.c 25 Ap 2784.7112838509997346
miniFE.c 25 Ap 5297.5139884079999320
miniFE.c 25 Ap 8838.6610425799990480
miniFE.c 25 Ap 9581.9742276727993158
miniFE.c 25 Ap 20049.1383863587980159
miniFE.c 25 Ap 21061.8523085989982064
miniFE.c 25 Ap 23066.1607201429978886
miniFE.c 25 Ap 23769.7206112477979332
miniFE.c 25 Ap 3179.3454260399998930
miniFE.c 25 Ap 5397.6649115441996400
miniFE.c 25 Ap 8807.5877122702004272
miniFE.c 25 Ap 11054.0535250612010714
miniFE.c 25 Ap 11760.0087099739012046
miniFE.c 25 Ap 26753.3647406958989450
miniFE.c 25 Ap 27839.0862096834971453
miniFE.c 25 Ap 28473.5365185294976982
miniFE.c 25 Ap 989.4123599472000024
miniFE.c 25 Ap 3608.8072965641999872
miniFE.c 25 Ap 6128.3407890401995246
miniFE.c 25 Ap 6391.8224746028990921
miniFE.c 25 Ap 8601.6889808288997301
miniFE.c 25 Ap 10318.9233197042995016
miniFE.c 25 Ap 19683.6473325842962367
miniFE.c 25 Ap 20178.9207280214977800
miniFE.c 25 Ap 1268.8676034993000030
miniFE.c 25 Ap 2867.0390905766998912
miniFE.c 25 Ap 5470.7324228946999938
miniFE.c 25 Ap 6427.4105067679001877
miniFE.c 25 Ap 7024.8795832297000743
miniFE.c 25 Ap 7797.7765812907000509
miniFE.c 25 Ap 8179.2443669095000587
miniFE.c 25 Ap 20192.2487104374995397
miniFE.c 57 sum 5787878.1172925252467394
miniFE.c 57 sum 12523726.3537057451903820
miniFE.c 57 sum 19195581.2445636950433254
miniFE.c 57 sum 23958363.0489748232066631
miniFE.c 57 sum 27696296.6103892698884010
miniFE.c 57 sum 34119601.8506532162427902
miniFE.c 57 sum 36997689.0278177559375763
miniFE.c 57 sum 40736881.5671170875430107
miniFE.c 90 p_ap_dot 40736881.5671170875430107
miniFE.c 91 alpha 0.0075554145395853
miniFE.c 40 y 1.4960559439392744
miniFE.c 40 y 1.7364133245212852
miniFE.c 40 y 1.5927221841830903
miniFE.c 40 y 1.5310435575891859
miniFE.c 40 y 1.1881350243784765
miniFE.c 40 y 1.7044153884046875
miniFE.c 40 y 1.0776166871177848
miniFE.c 40 y 1.3991086422745860
miniFE.c 40 y -22.8341883739316245
miniFE.c 40 y 8.3838497937928480
miniFE.c 40 y -28.3185951556805833
miniFE.c 40 y 25.0636652226906733
miniFE.c 40 y -22.3339927081014764
miniFE.c 40 y 10.4592281944898673
miniFE.c 40 y -9.8317110616323760
miniFE.c 40 y 32.6187905062384118
miniFE.c 82 oldrtrans 307784.0272895599482581
miniFE.c 48 sum 521.4001586961941257
miniFE.c 48 sum 591.6890960610744514
miniFE.c 48 sum 1393.6319276524102406
miniFE.c 48 sum 2021.8192420475243125
miniFE.c 48 sum 2520.6264723330541528
miniFE.c 48 sum 2630.0219267574657351
miniFE.c 48 sum 2726.6844691568903727
miniFE.c 48 sum 3790.6699632467598349
miniFE.c 83 rtrans 3790.6699632467598349
miniFE.c 84 beta 0.0123160061184089
miniFE.c 40 y -20.3954824548187439
miniFE.c 40 y 11.2143598891482252
miniFE.c 40 y -25.7223145594869429
miniFE.c 40 y 27.5594041029366821
miniFE.c 40 y -20.3972256183443506
miniFE.c 40 y 13.2375787723331708
miniFE.c 40 y -8.0750988145735008
miniFE.c 40 y 34.8994635928429275
miniFE.c 87 normr 61.5684169298412272
miniFE.c 25 Ap -1368.4289806161518754
miniFE.c 25 Ap -1199.2317650706336281
miniFE.c 25 Ap -1438.9434933034935966
miniFE.c 25 Ap -1060.9252025196035447
miniFE.c 25 Ap -1347.7797492528836756
miniFE.c 25 Ap -1135.2318894527934390
miniFE.c 25 Ap -1175.5811556047112845
miniFE.c 25 Ap -951.9431942355674892
miniFE.c 25 Ap -307.7178613112005223
miniFE.c 25 Ap 437.3259687565855529
miniFE.c 25 Ap 67.1311892858862507
miniFE.c 25 Ap 231.4904044254456608
miniFE.c 25 Ap 8.4750944324596844
miniFE.c 25 Ap 136.2477259389728772
miniFE.c 25 Ap 44.2125139587647027
miniFE.c 25 Ap 286.8999636359623082
miniFE.c 25 Ap -190.0698452342187466
miniFE.c 25 Ap -28.6731141403941479
miniFE.c 25 Ap -1769.4073446474239972
miniFE.c 25 Ap -1504.5015295142784453
miniFE.c 25 Ap -1847.1377969518380269
miniFE.c 25 Ap -1633.0108263799961605
miniFE.c 25 Ap -1729.5239229058497585
miniFE.c 25 Ap -1298.4747151618360022
miniFE.c 25 Ap -279.7544311366967804
miniFE.c 25 Ap -212.8740522000363740
miniFE.c 25 Ap -460.1214411508727835
miniFE.c 25 Ap 1342.3107137622018854
miniFE.c 25 Ap 1267.4914057048456471
miniFE.c 25 Ap 1414.2417478412662604
miniFE.c 25 Ap 1403.7422378842968556
miniFE.c 25 Ap 1568.5035826910889227
miniFE.c 25 Ap -286.8300319099224680
miniFE.c 25 Ap -164.2165944823325390
miniFE.c 25 Ap -596.3046644692149130
miniFE.c 25 Ap -495.2136835663836223
miniFE.c 25 Ap -1852.8787212276629361
miniFE.c 25 Ap -1793.4524899398534217
miniFE.c 25 Ap -1906.9291080474579303
miniFE.c 25 Ap -1774.3342498395531948
miniFE.c 25 Ap -327.4780244875516928
miniFE.c 25 Ap -219.2340398177625218
miniFE.c 25 Ap -635.3102262145098393
miniFE.c 25 Ap -329.7897038638051299
miniFE.c 25 Ap -421.3570718902559520
miniFE.c 25 Ap 458.4557002015919807
miniFE.c 25 Ap 396.9861180764418123
miniFE.c 25 Ap 516.5563917731067249
miniFE.c 25 Ap -101.9111677470804693
miniFE.c 25 Ap 25.9034897970964124
miniFE.c 25 Ap -281.5280704790179698
miniFE.c 25 Ap -245.6944238040443054
miniFE.c 25 Ap -532.3297003619271663
miniFE.c 25 Ap -431.5620869656004857
miniFE.c 25 Ap -961.7585399526303718
miniFE.c 25 Ap -868.4179353041471359
miniFE.c 25 Ap -130.6955364858731627
miniFE.c 25 Ap -52.7119768240055322
miniFE.c 25 Ap -370.4126567417038700
miniFE.c 25 Ap -240.3039383084249323
miniFE.c 25 Ap -317.7998926947741438
miniFE.c 25 Ap -272.4461607476264362
miniFE.c 25 Ap -294.0434728078357125
miniFE.c 25 Ap 1969.9608112905175403
miniFE.c 57 sum 19415.3407160156275495
miniFE.c 57 sum 22632.7401604128463077
miniFE.c 57 sum 56032.5152313458020217
miniFE.c 57 sum 99259.5393036334862700
miniFE.c 57 sum 135451.0353199666133150
miniFE.c 57 sum 142288.9912464153021574
miniFE.c 57 sum 149301.5518863441830035
miniFE.c 57 sum 218052.1274993049155455
miniFE.c 90 p_ap_dot 218052.1274993049155455
miniFE.c 91 alpha 0.0173842374606450
miniFE.c 40 y 1.1414960338202862
miniFE.c 40 y 1.9313664198033706
miniFE.c 40 y 1.1455593598435627
miniFE.c 40 y 2.0101427827885114
miniFE.c 40 y 0.8335448106908265
miniFE.c 40 y 1.9345406011869211
miniFE.c 40 y 0.9372372518070660
miniFE.c 40 y 2.0058092046217029
miniFE.c 40 y -6.2853818362955991
miniFE.c 40 y 3.3963126984948593
miniFE.c 40 y -5.7456023706638284
miniFE.c 40 y -2.2035735166836723
miniFE.c 40 y 8.5114552256647578
miniFE.c 40 y 1.4792892180922035
miniFE.c 40 y 5.2650725407779788
miniFE.c 40 y -1.6274760254008527
miniFE.c 82 oldrtrans 3790.6699632467598349
miniFE.c 48 sum 39.5060248280346400
miniFE.c 48 sum 51.0409647739920729
miniFE.c 48 sum 84.0529113757698809
miniFE.c 48 sum 88.9086476191995274
miniFE.c 48 sum 161.3535176776954359
miniFE.c 48 sum 163.5418142684592908
miniFE.c 48 sum 191.2628031281135748
miniFE.c 48 sum 193.9114813413681304
miniFE.c 83 rtrans 193.9114813413681304
miniFE.c 84 beta 0.0511549365208467
miniFE.c 40 y -7.3287114465838936
miniFE.c 40 y 3.9699825667461655
miniFE.c 40 y -7.0614257391236324
miniFE.c 40 y -0.7937739492455855
miniFE.c 40 y 7.4680364439569651
miniFE.c 40 y 2.1564567198806142
miniFE.c 40 y 4.8519913735189073
miniFE.c 40 y 0.1578038193026263
miniFE.c 87 normr 13.9252102799694963
miniFE.c 25 Ap -491.7177691822269026
miniFE.c 25 Ap -431.8204587073157654
miniFE.c 25 Ap -497.6273892538913515
miniFE.c 25 Ap -508.5151816909789204
miniFE.c 25 Ap -403.4891232846700859
miniFE.c 25 Ap -368.8641916075790164
miniFE.c 25 Ap -344.6199940079656585
miniFE.c 25 Ap -343.6087771922337879
miniFE.c 25 Ap -110.5723003859068285
miniFE.c 25 Ap 153.1798037081557595
miniFE.c 25 Ap 51.5519763134606137
miniFE.c 25 Ap 46.8180545345666062
miniFE.c 25 Ap 128.4706524785789270
miniFE.c 25 Ap 149.2853463563540970
miniFE.c 25 Ap 204.5854813568122381
miniFE.c 25 Ap 205.6828336514683997
miniFE.c 25 Ap -68.2978229862534221
miniFE.c 25 Ap -11.1619529851196120
miniFE.c 25 Ap -489.0375139828888678
miniFE.c 25 Ap -496.6674080934785707
miniFE.c 25 Ap -371.2179876613295733
miniFE.c 25 Ap -336.3436247621239090
miniFE.c 25 Ap -278.3529149853083595
miniFE.c 25 Ap -276.4038531864523520
miniFE.c 25 Ap -100.5241972699535182
miniFE.c 25 Ap -76.8479517186716663
miniFE.c 25 Ap -144.7236116726323871
miniFE.c 25 Ap -196.6377853067468777
miniFE.c 25 Ap -169.2441912102310084
miniFE.c 25 Ap -145.3379492238736930
miniFE.c 25 Ap -139.0292299243090781
miniFE.c 25 Ap -138.2842336748744287
miniFE.c 25 Ap -103.0666738450023843
miniFE.c 25 Ap -59.6604327534008405
miniFE.c 25 Ap -178.2795333758326422
miniFE.c 25 Ap -181.1911851243477543
miniFE.c 25 Ap 315.8907303113472835
miniFE.c 25 Ap 325.5715109134323484
miniFE.c 25 Ap 393.7548960084265559
miniFE.c 25 Ap 394.3544460556481681
miniFE.c 25 Ap -117.6727224709296280
miniFE.c 25 Ap -79.3533947213328901
miniFE.c 25 Ap -193.5768284354176387
miniFE.c 25 Ap -202.3765191216197934
miniFE.c 25 Ap -168.8509576411530588
miniFE.c 25 Ap -25.5257924244134529
miniFE.c 25 Ap 11.4087255367507368
miniFE.c 25 Ap 11.9493827251971396
miniFE.c 25 Ap -36.6197535781409655
miniFE.c 25 Ap 8.6277654279174527
miniFE.c 25 Ap -75.7699713205438599
miniFE.c 25 Ap -76.8020624038933022
miniFE.c 25 Ap 28.1437146106429736
miniFE.c 25 Ap 44.5591785555302593
miniFE.c 25 Ap 363.1321985563093335
miniFE.c 25 Ap 363.5542538658519334
miniFE.c 25 Ap -46.9628446585307273
miniFE.c 25 Ap -19.3559749476694343
miniFE.c 25 Ap -106.5728446939610734
miniFE.c 25 Ap -110.3202737340200628
miniFE.c 25 Ap -81.9466790871094872
miniFE.c 25 Ap -74.5583672431413191
miniFE.c 25 Ap -61.5814397511567080
miniFE.c 25 Ap -51.3443619806692624
miniFE.c 57 sum 2518.2095785554183749
miniFE.c 57 sum 3334.7668424306993984
miniFE.c 57 sum 5286.5721257144632546
miniFE.c 57 sum 5396.3385479969674634
miniFE.c 57 sum 8341.3919229770090169
miniFE.c 57 sum 8367.1602496531850193
miniFE.c 57 sum 10131.1223532164021890
miniFE.c 57 sum 10123.0200167961957050
miniFE.c 90 p_ap_dot 10123.0200167961957050
miniFE.c 91 alpha 0.0191554971757073
miniFE.c 40 y 1.0011109224036745
miniFE.c 40 y 2.0074134096482843
miniFE.c 40 y 1.0102942390413130
miniFE.c 40 y 1.9949376481455876
miniFE.c 40 y 0.9765987617011235
miniFE.c 40 y 1.9758486017941292
miniFE.c 40 y 1.0301795588590636
miniFE.c 40 y 2.0088320152366701
miniFE.c 40 y 0.2966151247584792
miniFE.c 40 y -0.5436442406073208
miniFE.c 40 y -0.4509491415961211
miniFE.c 40 y 0.4453297309202351
miniFE.c 40 y 0.9573997480181671
miniFE.c 40 y 1.2503928510482438
miniFE.c 40 y -1.6989899423657278
miniFE.c 40 y -0.6439492444916486
miniFE.c 82 oldrtrans 193.9114813413681304
miniFE.c 48 sum 0.0879805322354882
miniFE.c 48 sum 0.3835295925809986
miniFE.c 48 sum 0.5868847208872771
miniFE.c 48 sum 0.7852032901287660
miniFE.c 48 sum 1.7018175676340159
miniFE.c 48 sum 3.2652998495865715
miniFE.c 48 sum 6.1518666738464702
miniFE.c 48 sum 6.5665373033278351
miniFE.c 83 rtrans 6.5665373033278351
miniFE.c 84 beta 0.0338635817637218
miniFE.c 40 y 0.0484387054643616
miniFE.c 40 y -0.4092064113577618
miniFE.c 40 y -0.6900743094813839
miniFE.c 40 y 0.4184497018880449
miniFE.c 40 y 1.2102942107525581
miniFE.c 40 y 1.3234181995018484
miniFE.c 40 y -1.5346841357716974
miniFE.c 40 y -0.6386054419540665
miniFE.c 87 normr 2.5625255712534529
miniFE.c 25 Ap 3.2499808959067558
miniFE.c 25 Ap -2.9239412957740436
miniFE.c 25 Ap -9.3548907716589795
miniFE.c 25 Ap -3.6152296202086305
miniFE.c 25 Ap 13.4056340862310002
miniFE.c 25 Ap 34.6549660647124824
miniFE.c 25 Ap 26.9865300399269827
miniFE.c 25 Ap 22.8943061357424824
miniFE.c 25 Ap 0.7308213906288284
miniFE.c 25 Ap -26.4554571861181351
miniFE.c 25 Ap -36.3869859459449287
miniFE.c 25 Ap -33.8914289186297779
miniFE.c 25 Ap -20.6585440330035013
miniFE.c 25 Ap -7.8845595421705941
miniFE.c 25 Ap -25.3759838580562942
miniFE.c 25 Ap -29.8167835180715599
miniFE.c 25 Ap 0.4514106136666494
miniFE.c 25 Ap -5.4378757824019184
miniFE.c 25 Ap -52.1380267089329550
miniFE.c 25 Ap -48.1158149456872337
miniFE.c 25 Ap -27.7850749405078297
miniFE.c 25 Ap -6.3778724050077784
miniFE.c 25 Ap -24.7203251147029590
miniFE.c 25 Ap -32.6078494912027708
miniFE.c 25 Ap 0.6644090191148609
miniFE.c 25 Ap -1.7760227242431408
miniFE.c 25 Ap -8.4091377499823636
miniFE.c 25 Ap 18.9581883024859970
miniFE.c 25 Ap 23.3976830204779844
miniFE.c 25 Ap 38.0689516041535256
miniFE.c 25 Ap 36.0735046462466826
miniFE.c 25 Ap 33.0586304738291616
miniFE.c 25 Ap 0.6812133748145572
miniFE.c 25 Ap -3.7928899364707811
miniFE.c 25 Ap -15.3848824005147744
miniFE.c 25 Ap -13.8499620276228139
miniFE.c 25 Ap 66.7087456107730077
miniFE.c 25 Ap 72.6498438559040949
miniFE.c 25 Ap 51.0834494885105954
miniFE.c 25 Ap 48.6571715658877153
miniFE.c 25 Ap 0.7777512304179752
miniFE.c 25 Ap -3.1720179009125626
miniFE.c 25 Ap -14.3344460080474896
miniFE.c 25 Ap -9.6955586423838334
miniFE.c 25 Ap -4.2622973994139741
miniFE.c 25 Ap 83.6964037169912274
miniFE.c 25 Ap 72.0140212859886191
miniFE.c 25 Ap 69.8260728301193296
miniFE.c 25 Ap 0.2420361984064596
miniFE.c 25 Ap -4.4218570464666085
miniFE.c 25 Ap -12.6695837889295397
miniFE.c 25 Ap -12.1255016776945421
miniFE.c 25 Ap 4.8823513659795008
miniFE.c 25 Ap 14.9565269975372512
miniFE.c 25 Ap -85.8080709257880017
miniFE.c 25 Ap -87.5160575808043433
miniFE.c 25 Ap 0.3103982762540732
miniFE.c 25 Ap -2.5351830060994898
miniFE.c 25 Ap -11.0584081151366753
miniFE.c 25 Ap -9.0828953559315622
miniFE.c 25 Ap -4.4845785698393597
miniFE.c 25 Ap 0.0496308431109052
miniFE.c 25 Ap -4.0549693550062385
miniFE.c 25 Ap -45.4826965344299907
miniFE.c 57 sum 1.1089705517201562
miniFE.c 57 sum 13.3101895333814806
miniFE.c 57 sum 35.8120287546961293
miniFE.c 57 sum 49.6454028212969760
miniFE.c 57 sum 108.5348958790848570
miniFE.c 57 sum 200.9439914622063270
miniFE.c 57 sum 335.2534966567491210
miniFE.c 57 sum 364.2989941783814629
miniFE.c 90 p_ap_dot 364.2989941783814629
miniFE.c 91 alpha 0.0180251315767084
miniFE.c 40 y 1.0019840364430750
miniFE.c 40 y 2.0000374102415281
miniFE.c 40 y 0.9978555588152049
miniFE.c 40 y 2.0024802590803539
miniFE.c 40 y 0.9984144740964667
miniFE.c 40 y 1.9997033889711606
miniFE.c 40 y 1.0025166753830919
miniFE.c 40 y 1.9973210681198461
miniFE.c 40 y -0.1160577556957204
miniFE.c 40 y -0.0061927944998520
miniFE.c 40 y 0.1368116359163113
miniFE.c 40 y -0.1505564331163158
miniFE.c 40 y 0.0803478283925687
miniFE.c 40 y -0.0082312991994771
miniFE.c 40 y -0.1215014893969451
miniFE.c 40 y 0.1758823450049489
miniFE.c 82 oldrtrans 6.5665373033278351
miniFE.c 48 sum 0.0134694026571275
miniFE.c 48 sum 0.0135077533608449
miniFE.c 48 sum 0.0322251770829422
miniFE.c 48 sum 0.0548924166356499
miniFE.c 48 sum 0.0613481901630516
miniFE.c 48 sum 0.0614159444495629
miniFE.c 48 sum 0.0761785563752388
miniFE.c 48 sum 0.1071131556596787
miniFE.c 83 rtrans 0.1071131556596787
miniFE.c 84 beta 0.0163119694158130
miniFE.c 40 y -0.1152676250136442
miniFE.c 40 y -0.0128677569666744
miniFE.c 40 y 0.1255551648854127
miniFE.c 40 y -0.1437306943770620
miniFE.c 40 y 0.1000901105425000
miniFE.c 40 y 0.0133562579951274
miniFE.c 40 y -0.1465352100825864
miniFE.c 40 y 0.1654654325670225
miniFE.c 87 normr 0.3272814624442985
miniFE.c 25 Ap -7.7338478726792026
miniFE.c 25 Ap -7.9279907993017504
miniFE.c 25 Ap -6.7579154744844692
miniFE.c 25 Ap -8.7293961066004968
miniFE.c 25 Ap -7.3217878450959972
miniFE.c 25 Ap -7.1073344242230343
miniFE.c 25 Ap -7.8395345282736182
miniFE.c 25 Ap -6.7792216120618862
miniFE.c 25 Ap -1.7391060557746072
miniFE.c 25 Ap -2.5939959495891975
miniFE.c 25 Ap -0.7870097832132847
miniFE.c 25 Ap -1.6441931980303170
miniFE.c 25 Ap -0.5498469645017341
miniFE.c 25 Ap -0.4209288095681381
miniFE.c 25 Ap -2.0910506783155087
miniFE.c 25 Ap -0.9404202758568261
miniFE.c 25 Ap -1.0742035495062778
miniFE.c 25 Ap -1.2593959217379467
miniFE.c 25 Ap 7.2374356066823120
miniFE.c 25 Ap 5.8558710194584762
miniFE.c 25 Ap 7.5372027125712879
miniFE.c 25 Ap 7.7532494014604900
miniFE.c 25 Ap 6.0018693626660227
miniFE.c 25 Ap 8.0455610494248528
miniFE.c 25 Ap -1.5810672258234002
miniFE.c 25 Ap -1.6578081607053645
miniFE.c 25 Ap -0.4509499436729227
miniFE.c 25 Ap -9.8511831354201611
miniFE.c 25 Ap -9.4840413998578903
miniFE.c 25 Ap -9.3359753929122871
miniFE.c 25 Ap -9.5265053087235980
miniFE.c 25 Ap -8.7453383685425727
miniFE.c 25 Ap -1.6210558702931335
miniFE.c 25 Ap -1.7617469065415343
miniFE.c 25 Ap 0.3473513531333072
miniFE.c 25 Ap -0.1798689316795263
miniFE.c 25 Ap 6.4822549395685547
miniFE.c 25 Ap 6.5422139464540860
miniFE.c 25 Ap 4.4830044611349287
miniFE.c 25 Ap 5.1116635667732542
miniFE.c 25 Ap -1.8507830942690762
miniFE.c 25 Ap -1.9749861073347705
miniFE.c 25 Ap 0.0559553177505505
miniFE.c 25 Ap -1.5374273497371771
miniFE.c 25 Ap -1.0881021248590126
miniFE.c 25 Ap -0.2004015435392036
miniFE.c 25 Ap -1.3158625846030607
miniFE.c 25 Ap -0.7489556747950452
miniFE.c 25 Ap -0.5759637358221765
miniFE.c 25 Ap -0.7226228377517210
miniFE.c 25 Ap 0.7780049596488383
miniFE.c 25 Ap 0.5911215677068679
miniFE.c 25 Ap 1.9976538605230352
miniFE.c 25 Ap 2.0993248885276055
miniFE.c 25 Ap -7.5219132421168657
miniFE.c 25 Ap -7.0793665111867075
miniFE.c 25 Ap -0.7386422029478077
miniFE.c 25 Ap -0.8281233238538787
miniFE.c 25 Ap 0.7226298620238839
miniFE.c 25 Ap 0.0440732294103318
miniFE.c 25 Ap 0.4243493898186525
miniFE.c 25 Ap 0.4701097328047882
miniFE.c 25 Ap 0.0781929609319363
miniFE.c 25 Ap 10.8122962861976788
miniFE.c 57 sum 0.7814247746635418
miniFE.c 57 sum 0.7935258742198003
miniFE.c 57 sum 1.8036876183759918
miniFE.c 57 sum 3.0606611746489785
miniFE.c 57 sum 3.5722881461033831
miniFE.c 57 sum 3.5622849008839057
miniFE.c 57 sum 4.5996613598522762
miniFE.c 57 sum 6.3887226418907854
miniFE.c 90 p_ap_dot 6.3887226418907854
miniFE.c 91 alpha 0.0167659736795175
miniFE.c 40 y 1.0000514624759957
miniFE.c 40 y 1.9998216697669104
miniFE.c 40 y 0.9999606134050012
miniFE.c 40 y 2.0000704740414892
miniFE.c 40 y 1.0000925822554023
miniFE.c 40 y 1.9999273196411638
miniFE.c 40 y 1.0000598699077246
miniFE.c 40 y 2.0000952572071347
miniFE.c 40 y -0.0023975045802743
miniFE.c 40 y 0.0095742670928482
miniFE.c 40 y 0.0019199711247026
miniFE.c 40 y -0.0039323202108561
miniFE.c 40 y -0.0053541884265005
miniFE.c 40 y 0.0043256719312620
miniFE.c 40 y -0.0028090168027307
miniFE.c 40 y -0.0053963299445867
miniFE.c 82 oldrtrans 0.1071131556596787
miniFE.c 48 sum 0.0000057480282124
miniFE.c 48 sum 0.0000974146185776
miniFE.c 48 sum 0.0001011009076973
miniFE.c 48 sum 0.0001165640499380
miniFE.c 48 sum 0.0001452313836445
miniFE.c 48 sum 0.0001639428213014
miniFE.c 48 sum 0.0001718333966994
miniFE.c 48 sum 0.0002009537735703
miniFE.c 83 rtrans 0.0002009537735703
miniFE.c 84 beta 0.0018760886310618
miniFE.c 40 y -0.0026137568610919
miniFE.c 40 y 0.0095501260402957
miniFE.c 40 y 0.0021555237421152
miniFE.c 40 y -0.0042019717325115
miniFE.c 40 y -0.0051664105080300
miniFE.c 40 y 0.0043507294550401
miniFE.c 40 y -0.0030839298444169
miniFE.c 40 y -0.0050859021277140
miniFE.c 87 normr 0.0141758165045361
miniFE.c 25 Ap -0.1753692586054706
miniFE.c 25 Ap -0.0312812544662066
miniFE.c 25 Ap -0.0111934695868778
miniFE.c 25 Ap -0.0688297728361549
miniFE.c 25 Ap -0.1414871220388886
miniFE.c 25 Ap -0.0716300696169819
miniFE.c 25 Ap -0.0870397022349318
miniFE.c 25 Ap -0.1196304834811572
miniFE.c 25 Ap -0.0394351873295669
miniFE.c 25 Ap 0.5950426208578846
miniFE.c 25 Ap 0.6260648538886946
miniFE.c 25 Ap 0.6010050676387947
miniFE.c 25 Ap 0.5445175500440932
miniFE.c 25 Ap 0.5865119480381757
miniFE.c 25 Ap 0.5513631351901199
miniFE.c 25 Ap 0.5159962702124052
miniFE.c 25 Ap -0.0243581569187267
miniFE.c 25 Ap 0.1130869705494284
miniFE.c 25 Ap 0.2589600782704703
miniFE.c 25 Ap 0.2185699906325163
miniFE.c 25 Ap 0.1317836969647375
miniFE.c 25 Ap 0.2021597479033359
miniFE.c 25 Ap 0.1653008034386556
miniFE.c 25 Ap 0.1024839616558982
miniFE.c 25 Ap -0.0358515698475983
miniFE.c 25 Ap 0.0211036246335341
miniFE.c 25 Ap 0.0418228960594004
miniFE.c 25 Ap -0.2329932406185159
miniFE.c 25 Ap -0.2519442129999467
miniFE.c 25 Ap -0.2037125048416117
miniFE.c 25 Ap -0.2077223321950074
miniFE.c 25 Ap -0.2317330185452048
miniFE.c 25 Ap -0.0367583343778483
miniFE.c 25 Ap 0.0676590191975896
miniFE.c 25 Ap 0.1038678950119146
miniFE.c 25 Ap 0.0884545920762283
miniFE.c 25 Ap -0.2554282010154864
miniFE.c 25 Ap -0.2358968758908139
miniFE.c 25 Ap -0.2792342934582578
miniFE.c 25 Ap -0.2985573546763625
miniFE.c 25 Ap -0.0419675256644358
miniFE.c 25 Ap 0.0502128312100254
miniFE.c 25 Ap 0.0850799150501211
miniFE.c 25 Ap 0.0384973186403889
miniFE.c 25 Ap 0.0153042324228672
miniFE.c 25 Ap 0.3044679388901535
miniFE.c 25 Ap 0.2809923278552191
miniFE.c 25 Ap 0.2635673405688837
miniFE.c 25 Ap -0.0130602948231746
miniFE.c 25 Ap 0.0957864072097525
miniFE.c 25 Ap 0.1215490976440890
miniFE.c 25 Ap 0.1160855553324104
miniFE.c 25 Ap 0.0434837450426380
miniFE.c 25 Ap 0.0766025374787433
miniFE.c 25 Ap -0.1258827450319517
miniFE.c 25 Ap -0.1394852801689441
miniFE.c 25 Ap -0.0167491186325591
miniFE.c 25 Ap 0.0496615219393056
miniFE.c 25 Ap 0.0762847621172068
miniFE.c 25 Ap 0.0564471359128113
miniFE.c 25 Ap 0.0368181961460538
miniFE.c 25 Ap 0.0517243826074978
miniFE.c 25 Ap 0.0434762364546036
miniFE.c 25 Ap -0.2864573218368424
miniFE.c 57 sum 0.0003126849969946
miniFE.c 57 sum 0.0052405144138456
miniFE.c 57 sum 0.0054614210263809
miniFE.c 57 sum 0.0064351566197974
miniFE.c 57 sum 0.0079776264742470
miniFE.c 57 sum 0.0091243366662466
miniFE.c 57 sum 0.0095544994846165
miniFE.c 57 sum 0.0110113933872458
miniFE.c 90 p_ap_dot 0.0110113933872458
miniFE.c 91 alpha 0.0182496225957232
miniFE.c 40 y 1.0000037623997238
miniFE.c 40 y 1.9999959559628875
miniFE.c 40 y 0.9999999508997909
miniFE.c 40 y 1.9999937896432129
miniFE.c 40 y 0.9999982972134562
miniFE.c 40 y 2.0000067188117345
miniFE.c 40 y 1.0000035893519523
miniFE.c 40 y 2.0000024414127453
miniFE.c 40 y -0.0002142934057993
miniFE.c 40 y 0.0001575299006710
miniFE.c 40 y 0.0000496775023679
miniFE.c 40 y 0.0002967199205616
miniFE.c 40 y 0.0000943706195206
miniFE.c 40 y -0.0004843325626786
miniFE.c 40 y -0.0002634630819888
miniFE.c 40 y -0.0001685919312827
