filename line variable value
miniFE.c 167 A 67.0947100000000063
miniFE.c 167 A 15.0875500000000002
miniFE.c 167 A 9.3192129999999995
miniFE.c 167 A 13.7164900000000003
miniFE.c 167 A 14.0634099999999993
miniFE.c 167 A 16.0564000000000000
miniFE.c 167 A 4.9967519999999999
miniFE.c 167 A 6.4080630000000003
miniFE.c 167 A 15.0875500000000002
miniFE.c 167 A 66.4365899999999954
miniFE.c 167 A 14.3919700000000006
miniFE.c 167 A 5.9638159999999996
miniFE.c 167 A 10.9336099999999998
miniFE.c 167 A 9.6522659999999991
miniFE.c 167 A 11.3974100000000007
miniFE.c 167 A 6.9539020000000002
miniFE.c 167 A 9.3192129999999995
miniFE.c 167 A 14.3919700000000006
miniFE.c 167 A 67.6740900000000067
miniFE.c 167 A 9.6121750000000006
miniFE.c 167 A 16.7981799999999986
miniFE.c 167 A 16.1756899999999995
miniFE.c 167 A 11.9519400000000005
miniFE.c 167 A 12.3511699999999998
miniFE.c 167 A 13.7164900000000003
miniFE.c 167 A 5.9638159999999996
miniFE.c 167 A 9.6121750000000006
miniFE.c 167 A 65.4017099999999942
miniFE.c 167 A 3.6681119999999998
miniFE.c 167 A 11.0858899999999991
miniFE.c 167 A 1.3002330000000000
miniFE.c 167 A 4.7210279999999996
miniFE.c 167 A 14.0634138146972649
miniFE.c 167 A 10.9336099999999998
miniFE.c 167 A 16.7981799999999986
miniFE.c 167 A 3.6681119999999998
miniFE.c 167 A 66.5612600000000043
miniFE.c 167 A 4.4892070000000004
miniFE.c 167 A 14.0526599999999995
miniFE.c 167 A 3.7993380000000001
miniFE.c 167 A 16.0564000000000000
miniFE.c 167 A 9.6522659999999991
miniFE.c 167 A 16.1756899999999995
miniFE.c 167 A 11.0858899999999991
miniFE.c 167 A 4.4892070000000004
miniFE.c 167 A 66.4632699999999943
miniFE.c 167 A 7.6122389999999998
miniFE.c 167 A 3.4261349999999999
miniFE.c 167 A 4.9967519999999999
miniFE.c 167 A 11.3974100000000007
miniFE.c 167 A 11.9519400000000005
miniFE.c 167 A 1.3002330000000000
miniFE.c 167 A 14.0526599999999995
miniFE.c 167 A 7.6122389999999998
miniFE.c 167 A 65.6581999999999937
miniFE.c 167 A 2.6745570000000001
miniFE.c 167 A 6.4080630000000003
miniFE.c 167 A 6.9539020000000002
miniFE.c 167 A 12.3511699999999998
miniFE.c 167 A 4.7210279999999996
miniFE.c 167 A 3.7993380000000001
miniFE.c 167 A 3.4261349999999999
miniFE.c 167 A 2.6745570000000001
miniFE.c 167 A 64.8721800000000002
miniFE.c 175 b 198.0110999999999990
miniFE.c 175 b 229.8237000000000023
miniFE.c 175 b 210.8053999999999917
miniFE.c 175 b 202.6418999999999926
miniFE.c 175 b 157.2561000000000035
miniFE.c 175 b 225.5886000000000138
miniFE.c 175 b 142.6283999999999992
miniFE.c 175 b 185.1795999999999935
miniFE.c 33 r 0.0000000000000000
miniFE.c 33 r 0.0000000000000000
miniFE.c 33 r 0.0000000000000000
miniFE.c 33 r 0.0000000000000000
miniFE.c 33 r 0.0000000000000000
miniFE.c 33 r 0.0000000000000000
miniFE.c 33 r 0.0000000000000000
miniFE.c 33 r 0.0000000000000000
miniFE.c 25 Ap 0.0000000000000000
miniFE.c 25 Ap 0.0000000000000000
miniFE.c 25 Ap 0.0000000000000000
miniFE.c 25 Ap 0.0000000000000000
miniFE.c 25 Ap 0.0000000000000000
miniFE.c 25 Ap 0.0000000000000000
miniFE.c 25 Ap 0.0000000000000000
miniFE.c 25 Ap 0.0000000000000000
miniFE.c 25 Ap 0.0000000000000000
miniFE.c 25 Ap 0.0000000000000000
miniFE.c 25 Ap 0.0000000000000000
miniFE.c 25 Ap 0.0000000000000000
miniFE.c 25 Ap 0.0000000000000000
miniFE.c 25 Ap 0.0000000000000000
miniFE.c 25 Ap 0.0000000000000000
miniFE.c 25 Ap 0.0000000000000000
miniFE.c 25 Ap 0.0000000000000000
miniFE.c 25 Ap 0.0000000000000000
miniFE.c 25 Ap 0.0000000000000000
miniFE.c 25 Ap 0.0000000000000000
miniFE.c 25 Ap 0.0000000000000000
miniFE.c 25 Ap 0.0000000000000000
miniFE.c 25 Ap 0.0000000000000000
miniFE.c 25 Ap 0.0000000000000000
miniFE.c 25 Ap 0.0000000000000000
miniFE.c 25 Ap 0.0000000000000000
miniFE.c 25 Ap 0.0000000000000000
miniFE.c 25 Ap 0.0000000000000000
miniFE.c 25 Ap 0.0000000000000000
miniFE.c 25 Ap 0.0000000000000000
miniFE.c 25 Ap 0.0000000000000000
miniFE.c 25 Ap 0.0000000000000000
miniFE.c 25 Ap 0.0000000000000000
miniFE.c 25 Ap 0.0000000000000000
miniFE.c 25 Ap 0.0000000000000000
miniFE.c 25 Ap 0.0000000000000000
miniFE.c 25 Ap 0.0000000000000000
miniFE.c 25 Ap 0.0000000000000000
miniFE.c 25 Ap 0.0000000000000000
miniFE.c 25 Ap 0.0000000000000000
miniFE.c 25 Ap 0.0000000000000000
miniFE.c 25 Ap 0.0000000000000000
miniFE.c 25 Ap 0.0000000000000000
miniFE.c 25 Ap 0.0000000000000000
miniFE.c 25 Ap 0.0000000000000000
miniFE.c 25 Ap 0.0000000000000000
miniFE.c 25 Ap 0.0000000000000000
miniFE.c 25 Ap 0.0000000000000000
miniFE.c 25 Ap 0.0000000000000000
miniFE.c 25 Ap 0.0000000000000000
miniFE.c 25 Ap 0.0000000000000000
miniFE.c 25 Ap 0.0000000000000000
miniFE.c 25 Ap 0.0000000000000000
miniFE.c 25 Ap 0.0000000000000000
miniFE.c 25 Ap 0.0000000000000000
miniFE.c 25 Ap 0.0000000000000000
miniFE.c 25 Ap 0.0000000000000000
miniFE.c 25 Ap 0.0000000000000000
miniFE.c 25 Ap 0.0000000000000000
miniFE.c 25 Ap 0.0000000000000000
miniFE.c 25 Ap 0.0000000000000000
miniFE.c 25 Ap 0.0000000000000000
miniFE.c 25 Ap 0.0000000000000000
miniFE.c 25 Ap 0.0000000000000000
miniFE.c 33 r 198.0110999999999990
miniFE.c 33 r 229.8237000000000023
miniFE.c 33 r 210.8053999999999917
miniFE.c 33 r 202.6418999999999926
miniFE.c 33 r 157.2561000000000035
miniFE.c 33 r 225.5886000000000138
miniFE.c 33 r 142.6283999999999992
miniFE.c 33 r 185.1795999999999935
miniFE.c 48 sum 39208.3957232100001420
miniFE.c 48 sum 92027.3288048999966122
miniFE.c 48 sum 136466.2454740600078367
miniFE.c 48 sum 177529.9851096700003836
miniFE.c 48 sum 202259.4660968800017145
miniFE.c 48 sum 253149.6825468399911188
miniFE.c 48 sum 273492.5430333999684080
miniFE.c 48 sum 307784.0272895599482581
miniFE.c 75 rtrans 307784.0272895599482581
miniFE.c 76 normr 554.7828649927464539
miniFE.c 33 r 198.0110999999999990
miniFE.c 33 r 229.8237000000000023
miniFE.c 33 r 210.8053999999999917
miniFE.c 33 r 202.6418999999999926
miniFE.c 33 r 157.2561000000000035
miniFE.c 33 r 225.5886000000000138
miniFE.c 33 r 142.6283999999999992
miniFE.c 33 r 185.1795999999999935
miniFE.c 87 normr 554.7828649927464539
miniFE.c 25 Ap 13285.4973312810016068
miniFE.c 25 Ap 16752.9738962160008668
miniFE.c 25 Ap 18717.5143203662009910
miniFE.c 25 Ap 21497.0499152972006414
miniFE.c 25 Ap 23708.6069245981998392
miniFE.c 25 Ap 27330.7477216381994367
miniFE.c 25 Ap 28043.4264645949988335
miniFE.c 25 Ap 29230.0690077097970061
miniFE.c 25 Ap 2987.5023718050001662
miniFE.c 25 Ap 18256.2053009880000900
miniFE.c 25 Ap 21290.1102936259994749
miniFE.c 25 Ap 22498.6292991164009436
miniFE.c 25 Ap 24218.0061666374022025
miniFE.c 25 Ap 26395.4473404050004319
miniFE.c 25 Ap 28021.0416928490012651
miniFE.c 25 Ap 29308.7624836482027604
miniFE.c 25 Ap 1845.3076172643000064
miniFE.c 25 Ap 5152.9234129532997031
miniFE.c 25 Ap 19418.9870250392996240
miniFE.c 25 Ap 21366.8164301717988565
miniFE.c 25 Ap 24008.4327040697971825
miniFE.c 25 Ap 27657.4839652037990163
miniFE.c 25 Ap 29362.1700442997971550
miniFE.c 25 Ap 31649.3547644317950471
miniFE.c 25 Ap 2716.0172730389999742
miniFE.c 25 Ap 4086.6435322781999275
miniFE.c 25 Ap 6112.9419280231995799
miniFE.c 25 Ap 19366.0687056721981207
miniFE.c 25 Ap 19942.9016931553996983
miniFE.c 25 Ap 22443.7520980093977414
miniFE.c 25 Ap 22629.2022504265987664
miniFE.c 25 Ap 23503.4403270553993934
miniFE.c 25 Ap 2784.7120392034016731
miniFE.c 25 Ap 5297.5147437604018705
miniFE.c 25 Ap 8838.6617979324018961
miniFE.c 25 Ap 9581.9749830252021638
miniFE.c 25 Ap 20049.1391417112026829
miniFE.c 25 Ap 21061.8530639514028735
miniFE.c 25 Ap 23066.1614754954025557
miniFE.c 25 Ap 23769.7213666002026002
miniFE.c 25 Ap 3179.3454260399998930
miniFE.c 25 Ap 5397.6649115441996400
miniFE.c 25 Ap 8807.5877122702004272
miniFE.c 25 Ap 11054.0535250612010714
miniFE.c 25 Ap 11760.0087099739012046
miniFE.c 25 Ap 26753.3647406958989450
miniFE.c 25 Ap 27839.0862096834971453
miniFE.c 25 Ap 28473.5365185294976982
miniFE.c 25 Ap 989.4123599472000024
miniFE.c 25 Ap 3608.8072965641999872
miniFE.c 25 Ap 6128.3407890401995246
miniFE.c 25 Ap 6391.8224746028990921
miniFE.c 25 Ap 8601.6889808288997301
miniFE.c 25 Ap 10318.9233197042995016
miniFE.c 25 Ap 19683.6473325842962367
miniFE.c 25 Ap 20178.9207280214977800
miniFE.c 25 Ap 1268.8676034993000030
miniFE.c 25 Ap 2867.0390905766998912
miniFE.c 25 Ap 5470.7324228946999938
miniFE.c 25 Ap 6427.4105067679001877
miniFE.c 25 Ap 7024.8795832297000743
miniFE.c 25 Ap 7797.7765812907000509
miniFE.c 25 Ap 8179.2443669095000587
miniFE.c 25 Ap 20192.2487104374995397
miniFE.c 57 sum 5787878.1172925252467394
miniFE.c 57 sum 12523726.3537057451903820
miniFE.c 57 sum 19195581.2445636950433254
miniFE.c 57 sum 23958363.0489748232066631
miniFE.c 57 sum 27696296.7291730418801308
miniFE.c 57 sum 34119601.9694369882345200
miniFE.c 57 sum 36997689.1466015279293060
miniFE.c 57 sum 40736881.6859008595347404
miniFE.c 90 p_ap_dot 40736881.6859008595347404
miniFE.c 91 alpha 0.0075554145175546
miniFE.c 40 y 1.4960559395769579
miniFE.c 40 y 1.7364133194581159
miniFE.c 40 y 1.5927221795389068
miniFE.c 40 y 1.5310435531248499
miniFE.c 40 y 1.1881350209140198
miniFE.c 40 y 1.7044153834348204
miniFE.c 40 y 1.0776166839755863
miniFE.c 40 y 1.3991086381949560
miniFE.c 40 y -22.8341877299737348
miniFE.c 40 y 8.3838504394844051
miniFE.c 40 y -28.3185944584242293
miniFE.c 40 y 25.0636657404871244
miniFE.c 40 y -22.3339978914392248
miniFE.c 40 y 10.4592288217808402
miniFE.c 40 y -9.8317106170773059
miniFE.c 40 y 32.6187909510871066
miniFE.c 82 oldrtrans 307784.0272895599482581
miniFE.c 48 sum 521.4001292876830576
miniFE.c 48 sum 591.6890774793258743
miniFE.c 48 sum 1393.6318695800214300
miniFE.c 48 sum 2021.8192099308894285
miniFE.c 48 sum 2520.6266717457010600
miniFE.c 48 sum 2630.0221392920720973
miniFE.c 48 sum 2726.6846729500225592
miniFE.c 48 sum 3790.6701960607447290
miniFE.c 83 rtrans 3790.6701960607447290
miniFE.c 84 beta 0.0123160068748289
miniFE.c 40 y -20.3954816610813019
miniFE.c 40 y 11.2143607086830190
miniFE.c 40 y -25.7223137027731745
miniFE.c 40 y 27.5594047740155155
miniFE.c 40 y -20.3972306827304450
miniFE.c 40 y 13.2375795702638666
miniFE.c 40 y -8.0750982621314602
miniFE.c 40 y 34.8994641777651680
miniFE.c 87 normr 61.5684188205344824
miniFE.c 25 Ap -1368.4289273605684230
miniFE.c 25 Ap -1199.2316994502780290
miniFE.c 25 Ap -1438.9434196992399393
miniFE.c 25 Ap -1060.9251197105038500
miniFE.c 25 Ap -1347.7797376663220348
miniFE.c 25 Ap -1135.2318650543372769
miniFE.c 25 Ap -1175.5811284458391128
miniFE.c 25 Ap -951.9431633284766576
miniFE.c 25 Ap -307.7178493356472018
miniFE.c 25 Ap 437.3260351792358733
miniFE.c 25 Ap 67.1312680383354063
miniFE.c 25 Ap 231.4904871800855233
miniFE.c 25 Ap 8.4751218150771024
miniFE.c 25 Ap 136.2477610234296321
miniFE.c 25 Ap 44.2125553396299011
miniFE.c 25 Ap 286.9000090843194926
miniFE.c 25 Ap -190.0698378372104571
miniFE.c 25 Ap -28.6730949486656925
miniFE.c 25 Ap -1769.4072674783710681
miniFE.c 25 Ap -1504.5014458946984632
miniFE.c 25 Ap -1847.1377984047273912
miniFE.c 25 Ap -1633.0108149258057892
miniFE.c 25 Ap -1729.5239048489052038
miniFE.c 25 Ap -1298.4746898804173725
miniFE.c 25 Ap -279.7544202494050865
miniFE.c 25 Ap -212.8740364251899564
miniFE.c 25 Ap -460.1214171411437519
miniFE.c 25 Ap 1342.3107816616343371
miniFE.c 25 Ap 1267.4914550275425427
miniFE.c 25 Ap 1414.2418060097350008
miniFE.c 25 Ap 1403.7422967710690500
miniFE.c 25 Ap 1568.5036443392953061
miniFE.c 25 Ap -286.8300985498555065
miniFE.c 25 Ap -164.2166521617917851
miniFE.c 25 Ap -596.3047077574419745
miniFE.c 25 Ap -495.2137243930183672
miniFE.c 25 Ap -1852.8790991462169586
miniFE.c 25 Ap -1793.4528642763314110
miniFE.c 25 Ap -1906.9294746206555828
miniFE.c 25 Ap -1774.3346141904335127
miniFE.c 25 Ap -327.4780117429858137
miniFE.c 25 Ap -219.2340191628288153
miniFE.c 25 Ap -635.3101917016398374
miniFE.c 25 Ap -329.7896619114289933
miniFE.c 25 Ap -421.3570526729573089
miniFE.c 25 Ap 458.4557724519739281
miniFE.c 25 Ap 396.9861945321446228
miniFE.c 25 Ap 516.5564702328321118
miniFE.c 25 Ap -101.9111637809713216
miniFE.c 25 Ap 25.9035031037796131
miniFE.c 25 Ap -281.5280469329432549
miniFE.c 25 Ap -245.6943993854107475
miniFE.c 25 Ap -532.3297471113895654
miniFE.c 25 Ap -431.5621276410237215
miniFE.c 25 Ap -961.7585443557035205
miniFE.c 25 Ap -868.4179381428124316
miniFE.c 25 Ap -130.6955313995536301
miniFE.c 25 Ap -52.7119660387213571
miniFE.c 25 Ap -370.4126353750023100
miniFE.c 25 Ap -240.3039137735414101
miniFE.c 25 Ap -317.7998874012051260
miniFE.c 25 Ap -272.4461527202391267
miniFE.c 25 Ap -294.0434633029106521
miniFE.c 25 Ap 1969.9608587406235074
miniFE.c 57 sum 19415.3393300576681213
miniFE.c 57 sum 22632.7395192536605464
miniFE.c 57 sum 56032.5128274688613601
miniFE.c 57 sum 99259.5396513339655939
miniFE.c 57 sum 135451.0520853297784925
miniFE.c 57 sum 142289.0094625715282746
miniFE.c 57 sum 149301.5696456723380834
miniFE.c 57 sum 218052.1480668902513571
miniFE.c 90 p_ap_dot 218052.1480668902513571
miniFE.c 91 alpha 0.0173842368885901
miniFE.c 40 y 1.1414960549238253
miniFE.c 40 y 1.9313664225719587
miniFE.c 40 y 1.1455593848072707
miniFE.c 40 y 2.0101427742248767
miniFE.c 40 y 0.8335447308542152
miniFE.c 40 y 1.9345406025158483
miniFE.c 40 y 0.9372372628880508
miniFE.c 40 y 2.0058091907460902
miniFE.c 40 y -6.2853822741976764
miniFE.c 40 y 3.3963127182239417
miniFE.c 40 y -5.7456028557044796
miniFE.c 40 y -2.2035731733240667
miniFE.c 40 y 8.5114553612724002
miniFE.c 40 y 1.4792887769193435
miniFE.c 40 y 5.2650725378983338
miniFE.c 40 y -1.6274752785102820
miniFE.c 82 oldrtrans 3790.6701960607447290
miniFE.c 48 sum 39.5060303327983533
miniFE.c 48 sum 51.0409704127680541
miniFE.c 48 sum 84.0529225882475259
miniFE.c 48 sum 88.9086573184410156
miniFE.c 48 sum 161.3535296853737009
miniFE.c 48 sum 163.5418249708932308
miniFE.c 48 sum 191.2628138002244214
miniFE.c 48 sum 193.9114895823865368
miniFE.c 83 rtrans 193.9114895823865368
miniFE.c 84 beta 0.0511549355530584
miniFE.c 40 y -7.3287118241438742
miniFE.c 40 y 3.9699826175453716
miniFE.c 40 y -7.0614261554453917
miniFE.c 40 y -0.7937735982286538
miniFE.c 40 y 7.4680363402364591
miniFE.c 40 y 2.1564563067146736
miniFE.c 40 y 4.8519914067143857
miniFE.c 40 y 0.1578045623395643
miniFE.c 87 normr 13.9252105758723275
miniFE.c 25 Ap -491.7177945145043054
miniFE.c 25 Ap -431.8204832731576062
miniFE.c 25 Ap -497.6274176995243010
miniFE.c 25 Ap -508.5152053218916421
miniFE.c 25 Ap -403.4891483742468381
miniFE.c 25 Ap -368.8642233311133509
miniFE.c 25 Ap -344.6200255656304421
miniFE.c 25 Ap -343.6088039884710952
miniFE.c 25 Ap -110.5723060823619051
miniFE.c 25 Ap 153.1798013866267354
miniFE.c 25 Ap 51.5519680002413168
miniFE.c 25 Ap 46.8180483147476991
miniFE.c 25 Ap 128.4706451247204484
miniFE.c 25 Ap 149.2853350145080640
miniFE.c 25 Ap 204.5854703933086682
miniFE.c 25 Ap 205.6828278549708955
miniFE.c 25 Ap -68.2978265048153048
miniFE.c 25 Ap -11.1619557725808392
miniFE.c 25 Ap -489.0375449445463119
miniFE.c 25 Ap -496.6674356810998461
miniFE.c 25 Ap -371.2180169912666088
miniFE.c 25 Ap -336.3358482753051248
miniFE.c 25 Ap -278.3451381017391668
miniFE.c 25 Ap -276.3960671255076136
miniFE.c 25 Ap -100.5242024487512111
miniFE.c 25 Ap -76.8479565945122403
miniFE.c 25 Ap -144.7236205502305495
miniFE.c 25 Ap -196.6377712272374652
miniFE.c 25 Ap -169.2441775111800268
miniFE.c 25 Ap -145.3379401051348907
miniFE.c 25 Ap -139.0292207624084142
miniFE.c 25 Ap -138.2842210050755796
miniFE.c 25 Ap -103.0667071116001523
miniFE.c 25 Ap -59.6604654645799002
miniFE.c 25 Ap -178.2795730804595564
miniFE.c 25 Ap -181.1912235414052645
miniFE.c 25 Ap 315.8906849905222316
miniFE.c 25 Ap 325.5714637378198972
miniFE.c 25 Ap 393.7548492992988827
miniFE.c 25 Ap 394.3544021695689707
miniFE.c 25 Ap -117.6727285331837010
miniFE.c 25 Ap -79.3534002932595115
miniFE.c 25 Ap -193.5768407416359764
miniFE.c 25 Ap -202.3765275365030334
miniFE.c 25 Ap -168.8509665216591316
miniFE.c 25 Ap -25.5258287652789875
miniFE.c 25 Ap 11.4086894485771211
miniFE.c 25 Ap 11.9493491827683833
miniFE.c 25 Ap -36.6197554647145509
miniFE.c 25 Ap 8.6277641203232491
miniFE.c 25 Ap -75.7699776039907533
miniFE.c 25 Ap -76.8020682309363849
miniFE.c 25 Ap 28.1437073260508868
miniFE.c 25 Ap 44.5591681258202854
miniFE.c 25 Ap 363.1321903061547118
miniFE.c 25 Ap 363.5542476029919499
miniFE.c 25 Ap -46.9628470779588696
miniFE.c 25 Ap -19.3559770138448748
miniFE.c 25 Ap -106.5728519021973284
miniFE.c 25 Ap -110.3202792850955518
miniFE.c 25 Ap -81.9466850322542371
miniFE.c 25 Ap -74.5583746038483639
miniFE.c 25 Ap -61.5814470230805568
miniFE.c 25 Ap -51.3443210501671246
miniFE.c 57 sum 2518.2099046702428495
miniFE.c 57 sum 3334.7671559820541916
miniFE.c 57 sum 5286.5175736443543428
miniFE.c 57 sum 5396.2839373297993006
miniFE.c 57 sum 8341.3369436643642985
miniFE.c 57 sum 8367.1051930706817075
miniFE.c 57 sum 10131.0672783149129828
miniFE.c 57 sum 10122.9649102029688947
miniFE.c 90 p_ap_dot 10122.9649102029688947
miniFE.c 91 alpha 0.0191556022669744
miniFE.c 40 y 1.0011101660912527
miniFE.c 40 y 2.0074138306004596
miniFE.c 40 y 1.0102935139359486
miniFE.c 40 y 1.9949375628871835
miniFE.c 40 y 0.9765994647030961
miniFE.c 40 y 1.9758488218333832
miniFE.c 40 y 1.0301800804778494
miniFE.c 40 y 2.0088320321781810
miniFE.c 40 y 0.2966513104362507
miniFE.c 40 y -0.5436657253124486
miniFE.c 40 y -0.4510697256922915
miniFE.c 40 y 0.4453443640475512
miniFE.c 40 y 0.9573592810816614
miniFE.c 40 y 1.2503917966250364
miniFE.c 40 y -1.6990280316537190
miniFE.c 40 y -0.6439438858054380
miniFE.c 82 oldrtrans 193.9114895823865368
miniFE.c 48 sum 0.0880019999835448
miniFE.c 48 sum 0.3835744208630556
miniFE.c 48 sum 0.5870383182991747
miniFE.c 48 sum 0.7853699208880925
miniFE.c 48 sum 1.7019067139612880
miniFE.c 48 sum 3.2653863590284744
miniFE.c 48 sum 6.1520826113735847
miniFE.c 48 sum 6.5667463394397920
miniFE.c 83 rtrans 6.5667463394397920
miniFE.c 84 beta 0.0338646583221145
miniFE.c 40 y 0.0484669885703777
miniFE.c 40 y -0.4092236204245407
miniFE.c 40 y -0.6902025097132926
miniFE.c 40 y 0.4184634923584224
miniFE.c 40 y 1.2102617800809037
miniFE.c 40 y 1.3234194526384979
miniFE.c 40 y -1.5347170004835005
miniFE.c 40 y -0.6385998882201379
miniFE.c 87 normr 2.5625663580558831
miniFE.c 25 Ap 3.2518785427028032
miniFE.c 25 Ap -2.9223032916334759
miniFE.c 25 Ap -9.3544474927862176
miniFE.c 25 Ap -3.6145971844868399
miniFE.c 25 Ap 13.4058104361207420
miniFE.c 25 Ap 34.6551625354655215
miniFE.c 25 Ap 26.9865622938655889
miniFE.c 25 Ap 22.8943739783579865
miniFE.c 25 Ap 0.7312481134050013
miniFE.c 25 Ap -26.4561737750558308
miniFE.c 25 Ap -36.3895475887742492
miniFE.c 25 Ap -33.8939083176312153
miniFE.c 25 Ap -20.6613780163208460
miniFE.c 25 Ap -7.8873814298796638
miniFE.c 25 Ap -25.3791803183603193
miniFE.c 25 Ap -29.8199413582541126
miniFE.c 25 Ap 0.4516741899559148
miniFE.c 25 Ap -5.4378598784854626
miniFE.c 25 Ap -52.1466866390487027
miniFE.c 25 Ap -48.1243423193883828
miniFE.c 25 Ap -27.7941470904689503
miniFE.c 25 Ap -6.3869242846189280
miniFE.c 25 Ap -24.7297697913776986
miniFE.c 25 Ap -32.6172255727656193
miniFE.c 25 Ap 0.6647969640556993
miniFE.c 25 Ap -1.7757374110101032
miniFE.c 25 Ap -8.4100847198134723
miniFE.c 25 Ap 18.9581432529992817
miniFE.c 25 Ap 23.3975190116554046
miniFE.c 25 Ap 38.0688014874660041
miniFE.c 25 Ap 36.0733117977763413
miniFE.c 25 Ap 33.0584638446921986
miniFE.c 25 Ap 0.6816113166174235
miniFE.c 25 Ap -3.7926801518925388
miniFE.c 25 Ap -15.3868261465081737
miniFE.c 25 Ap -13.8518551886263364
miniFE.c 25 Ap 66.7046938234015272
miniFE.c 25 Ap 72.6457976941224359
miniFE.c 25 Ap 51.0789414901079653
miniFE.c 25 Ap 48.6526846679974412
miniFE.c 25 Ap 0.7782053552814117
miniFE.c 25 Ap -3.1717298825392874
miniFE.c 25 Ap -14.3362317168834963
miniFE.c 25 Ap -9.6971914715821850
miniFE.c 25 Ap -4.2640758166105313
miniFE.c 25 Ap 83.6947085873541567
miniFE.c 25 Ap 72.0120759823106340
miniFE.c 25 Ap 69.8241465542835300
miniFE.c 25 Ap 0.2421775220730117
miniFE.c 25 Ap -4.4219118615898534
miniFE.c 25 Ap -12.6711708455325436
miniFE.c 25 Ap -12.1270708034728756
miniFE.c 25 Ap 4.8803265029988374
miniFE.c 25 Ap 14.9545116737322630
miniFE.c 25 Ap -85.8122440874134895
miniFE.c 25 Ap -87.5202158886518760
miniFE.c 25 Ap 0.3105795161792599
miniFE.c 25 Ap -2.5351214363381946
miniFE.c 25 Ap -11.0599299682337211
miniFE.c 25 Ap -9.0843521038318222
miniFE.c 25 Ap -4.4861585328228015
miniFE.c 25 Ap 0.0480551735427985
miniFE.c 25 Ap -4.0566329231193512
miniFE.c 25 Ap -45.4839998197160185
miniFE.c 57 sum 1.1096213619350281
miniFE.c 57 sum 13.3126457254072719
miniFE.c 57 sum 35.8251366756146865
miniFE.c 57 sum 49.6588969080692237
miniFE.c 57 sum 108.5413816600747055
miniFE.c 57 sum 200.9480154738948841
miniFE.c 57 sum 335.2667786841950601
miniFE.c 57 sum 364.3128558848704870
miniFE.c 90 p_ap_dot 364.3128558848704870
miniFE.c 91 alpha 0.0180250195219984
miniFE.c 40 y 1.0019837845064061
miniFE.c 40 y 2.0000375668534445
miniFE.c 40 y 0.9978526002242342
miniFE.c 40 y 2.0024803755061877
miniFE.c 40 y 0.9984144569157830
miniFE.c 40 y 1.9997034833029845
miniFE.c 40 y 1.0025167765833913
miniFE.c 40 y 1.9973212567262670
miniFE.c 40 y -0.1160202274675849
miniFE.c 40 y -0.0061607001850698
miniFE.c 40 y 0.1368564020102353
miniFE.c 40 y -0.1505350921203051
miniFE.c 40 y 0.0803936901433736
miniFE.c 40 y -0.0081898081228038
miniFE.c 40 y -0.1214744316912515
miniFE.c 40 y 0.1759060988835164
miniFE.c 82 oldrtrans 6.5667463394397920
miniFE.c 48 sum 0.0134606931816302
miniFE.c 48 sum 0.0134986474084005
miniFE.c 48 sum 0.0322283221795876
miniFE.c 48 sum 0.0548891361392564
miniFE.c 48 sum 0.0613522815541251
miniFE.c 48 sum 0.0614193545112135
miniFE.c 48 sum 0.0761753920659260
miniFE.c 48 sum 0.1071183476903434
miniFE.c 83 rtrans 0.1071183476903434
miniFE.c 84 beta 0.0163122408196266
miniFE.c 40 y -0.1152296222782229
miniFE.c 40 y -0.0128360544305143
miniFE.c 40 y 0.1255976524574814
miniFE.c 40 y -0.1437090148587326
miniFE.c 40 y 0.1001357717548433
miniFE.c 40 y 0.0133981286940138
miniFE.c 40 y -0.1465091049931134
miniFE.c 40 y 0.1654891037194829
miniFE.c 87 normr 0.3272893944055374
miniFE.c 25 Ap -7.7312980901669022
miniFE.c 25 Ap -7.9249627031900083
miniFE.c 25 Ap -6.7544914276387660
miniFE.c 25 Ap -8.7256746928584228
miniFE.c 25 Ap -7.3174242790036423
miniFE.c 25 Ap -7.1022985654410791
miniFE.c 25 Ap -7.8343682288336280
miniFE.c 25 Ap -6.7739036263856480
miniFE.c 25 Ap -1.7385326876038012
miniFE.c 25 Ap -2.5913163730215656
miniFE.c 25 Ap -0.7837187267830670
miniFE.c 25 Ap -1.6407728489418139
miniFE.c 25 Ap -0.5459273735253416
miniFE.c 25 Ap -0.4166050714684875
miniFE.c 25 Ap -2.0864294098080478
miniFE.c 25 Ap -0.9356344004749284
miniFE.c 25 Ap -1.0738493939203040
miniFE.c 25 Ap -1.2585855042026335
miniFE.c 25 Ap 7.2411213319936838
miniFE.c 25 Ap 5.8597651320939459
miniFE.c 25 Ap 7.5418638504707189
miniFE.c 25 Ap 7.7585878268051918
miniFE.c 25 Ap 6.0075197944738008
miniFE.c 25 Ap 8.0515038476607650
miniFE.c 25 Ap -1.5805459616830211
miniFE.c 25 Ap -1.6570978284725935
miniFE.c 25 Ap -0.4498312134621023
miniFE.c 25 Ap -9.8486465276386213
miniFE.c 25 Ap -9.4813373016354188
miniFE.c 25 Ap -9.3328071207277379
miniFE.c 25 Ap -9.5233030938402479
miniFE.c 25 Ap -8.7420244014856650
miniFE.c 25 Ap -1.6205218618099069
miniFE.c 25 Ap -1.7608662748919226
miniFE.c 25 Ap 0.3489456986662920
miniFE.c 25 Ap -0.1781950632452033
miniFE.c 25 Ap 6.4869680758295782
miniFE.c 25 Ap 6.5471150489496459
miniFE.c 25 Ap 4.4882724095771209
miniFE.c 25 Ap 5.1170214499244935
miniFE.c 25 Ap -1.8501729071480575
miniFE.c 25 Ap -1.9740699189018605
miniFE.c 25 Ap 0.0575587719780968
miniFE.c 25 Ap -1.5355835587541780
miniFE.c 25 Ap -1.0860533512419330
miniFE.c 25 Ap -0.1955699063569445
miniFE.c 25 Ap -1.3108322292406167
miniFE.c 25 Ap -0.7438442188686664
miniFE.c 25 Ap -0.5757738455779545
miniFE.c 25 Ap -0.7220716207048430
miniFE.c 25 Ap 0.7790639856078272
miniFE.c 25 Ap 0.5922087820910127
miniFE.c 25 Ap 1.9993827363994288
miniFE.c 25 Ap 2.1013724941710201
miniFE.c 25 Ap -7.5181516232878156
miniFE.c 25 Ap -7.0755415825111463
miniFE.c 25 Ap -0.7383986790250556
miniFE.c 25 Ap -0.8276593436015182
miniFE.c 25 Ap 0.7236186135017523
miniFE.c 25 Ap 0.0451643305012598
miniFE.c 25 Ap 0.4256139732887626
miniFE.c 25 Ap 0.4715177709418277
miniFE.c 25 Ap 0.0796708186187614
miniFE.c 25 Ap 10.8153097431477221
miniFE.c 57 sum 0.7805543562175022
miniFE.c 57 sum 0.7925642103090601
miniFE.c 57 sum 1.8038141923276312
miniFE.c 57 sum 3.0601219069361374
miniFE.c 57 sum 3.5725187989104139
miniFE.c 57 sum 3.5625526783377133
miniFE.c 57 sum 4.5991839429329779
miniFE.c 57 sum 6.3889998587750849
miniFE.c 90 p_ap_dot 6.3889998587750849
miniFE.c 91 alpha 0.0167660588602487
miniFE.c 40 y 1.0000518378768453
miniFE.c 40 y 1.9998223568093292
miniFE.c 40 y 0.9999583778580453
miniFE.c 40 y 2.0000709417043181
miniFE.c 40 y 1.0000933391590412
miniFE.c 40 y 1.9999281171172856
miniFE.c 40 y 1.0000603963055144
miniFE.c 40 y 2.0000958567799576
miniFE.c 40 y -0.0024485605539513
miniFE.c 40 y 0.0095262012449664
miniFE.c 40 y 0.0018644145868364
miniFE.c 40 y -0.0039657964472664
miniFE.c 40 y -0.0053985926752154
miniFE.c 40 y 0.0042815278336040
miniFE.c 40 y -0.0028454850507327
miniFE.c 40 y -0.0054240208619191
miniFE.c 82 oldrtrans 0.1071183476903434
miniFE.c 48 sum 0.0000059954487864
miniFE.c 48 sum 0.0000967439589460
miniFE.c 48 sum 0.0001002200006976
miniFE.c 48 sum 0.0001159475421587
miniFE.c 48 sum 0.0001450923450316
miniFE.c 48 sum 0.0001634238256215
miniFE.c 48 sum 0.0001715206107955
miniFE.c 48 sum 0.0002009406131060
miniFE.c 83 rtrans 0.0002009406131060
miniFE.c 84 beta 0.0018758748378652
miniFE.c 40 y -0.0026647169029598
miniFE.c 40 y 0.0095021224134427
miniFE.c 40 y 0.0021000200627763
miniFE.c 40 y -0.0042353765722143
miniFE.c 40 y -0.0052107505006102
miniFE.c 40 y 0.0043066610460955
miniFE.c 40 y -0.0031203177943074
miniFE.c 40 y -0.0051135840163109
miniFE.c 87 normr 0.0141753523097670
miniFE.c 25 Ap -0.1787884078361846
miniFE.c 25 Ap -0.0354246608172474
miniFE.c 25 Ap -0.0158541265479617
miniFE.c 25 Ap -0.0739486269469740
miniFE.c 25 Ap -0.1472295476447612
miniFE.c 25 Ap -0.0780800752242328
miniFE.c 25 Ap -0.0936715294035740
miniFE.c 25 Ap -0.1264396979358871
miniFE.c 25 Ap -0.0402040495092508
miniFE.c 25 Ap 0.5910845614024514
miniFE.c 25 Ap 0.6213079871453260
miniFE.c 25 Ap 0.5960489805779290
miniFE.c 25 Ap 0.5390766667969518
miniFE.c 25 Ap 0.5806457047857041
miniFE.c 25 Ap 0.5450821635536868
miniFE.c 25 Ap 0.5095228014354946
miniFE.c 25 Ap -0.0248330644033825
miniFE.c 25 Ap 0.1119211963072122
miniFE.c 25 Ap 0.2540381430373411
miniFE.c 25 Ap 0.2133269622343167
miniFE.c 25 Ap 0.1257958373899757
miniFE.c 25 Ap 0.1954590514066928
miniFE.c 25 Ap 0.1581652003481983
miniFE.c 25 Ap 0.0950064548534599
miniFE.c 25 Ap -0.0365505627522788
miniFE.c 25 Ap 0.0201183469309693
miniFE.c 25 Ap 0.0403041072778861
miniFE.c 25 Ap -0.2366967630388702
miniFE.c 25 Ap -0.2558103794791646
miniFE.c 25 Ap -0.2080672088548646
miniFE.c 25 Ap -0.2121243490215103
miniFE.c 25 Ap -0.2362657223428664
miniFE.c 25 Ap -0.0374750165053419
miniFE.c 25 Ap 0.0664174841354992
miniFE.c 25 Ap 0.1016939991536268
miniFE.c 25 Ap 0.0861581635245685
miniFE.c 25 Ap -0.2606759553416805
miniFE.c 25 Ap -0.2413424624269211
miniFE.c 25 Ap -0.2851912274822732
miniFE.c 25 Ap -0.3046194615516357
miniFE.c 25 Ap -0.0427857604806834
miniFE.c 25 Ap 0.0489312526184274
miniFE.c 25 Ap 0.0829005261476773
miniFE.c 25 Ap 0.0359476073595321
miniFE.c 25 Ap 0.0125554697369391
miniFE.c 25 Ap 0.2987902456420692
miniFE.c 25 Ap 0.2750376408358483
miniFE.c 25 Ap 0.2575178116621251
miniFE.c 25 Ap -0.0133149295142981
miniFE.c 25 Ap 0.0949846555018977
miniFE.c 25 Ap 0.1200839692909963
miniFE.c 25 Ap 0.1145769929043763
miniFE.c 25 Ap 0.0413520877744707
miniFE.c 25 Ap 0.0741354209493399
miniFE.c 25 Ap -0.1307390288528552
miniFE.c 25 Ap -0.1444156007787675
miniFE.c 25 Ap -0.0170756737913312
miniFE.c 25 Ap 0.0490011542637528
miniFE.c 25 Ap 0.0749388590625135
miniFE.c 25 Ap 0.0549435276745456
miniFE.c 25 Ap 0.0351461252890580
miniFE.c 25 Ap 0.0499013274322226
miniFE.c 25 Ap 0.0415558596332331
miniFE.c 25 Ap -0.2901734831180087
miniFE.c 57 sum 0.0003369260002949
miniFE.c 57 sum 0.0051784740319752
miniFE.c 57 sum 0.0053779894932607
miniFE.c 57 sum 0.0063786637984890
miniFE.c 57 sum 0.0079659598102648
miniFE.c 57 sum 0.0090750017384258
miniFE.c 57 sum 0.0095256243073114
miniFE.c 57 sum 0.0110094507925409
miniFE.c 90 p_ap_dot 0.0110094507925409
miniFE.c 91 alpha 0.0182516473248744
miniFE.c 40 y 1.0000032024037118
miniFE.c 40 y 1.9999957861964570
miniFE.c 40 y 0.9999967066836063
miniFE.c 40 y 1.9999936391048341
miniFE.c 40 y 0.9999982343786061
miniFE.c 40 y 2.0000067207758465
miniFE.c 40 y 1.0000034453655910
miniFE.c 40 y 2.0000025254479259
miniFE.c 40 y -0.0001408277793619
miniFE.c 40 y 0.0002265707691837
miniFE.c 40 y 0.0001303902792644
miniFE.c 40 y 0.0003464421918923
miniFE.c 40 y 0.0001612143053182
miniFE.c 40 y -0.0004185964447266
miniFE.c 40 y -0.0002096624371088
miniFE.c 40 y -0.0001278767850188
