filename line variable value
miniFE.c 167 A 67.0947100000000063
miniFE.c 167 A 15.0875500000000002
miniFE.c 167 A 9.3192129999999995
miniFE.c 167 A 13.7164900000000003
miniFE.c 167 A 14.0634099999999993
miniFE.c 167 A 16.0564000000000000
miniFE.c 167 A 4.9967519999999999
miniFE.c 167 A 6.4080630000000003
miniFE.c 167 A 15.0875500000000002
miniFE.c 167 A 66.4365899999999954
miniFE.c 167 A 14.3919700000000006
miniFE.c 167 A 5.9638159999999996
miniFE.c 167 A 10.9336099999999998
miniFE.c 167 A 9.6522659999999991
miniFE.c 167 A 11.3974100000000007
miniFE.c 167 A 6.9539020000000002
miniFE.c 167 A 9.3192129999999995
miniFE.c 167 A 14.3919700000000006
miniFE.c 167 A 67.6740900000000067
miniFE.c 167 A 9.6121750000000006
miniFE.c 167 A 16.7981799999999986
miniFE.c 167 A 16.1756899999999995
miniFE.c 167 A 11.9519400000000005
miniFE.c 167 A 12.3511699999999998
miniFE.c 167 A 13.7164900000000003
miniFE.c 167 A 5.9638159999999996
miniFE.c 167 A 9.6121750000000006
miniFE.c 167 A 65.4017099999999942
miniFE.c 167 A 3.6681119999999998
miniFE.c 167 A 11.0858899999999991
miniFE.c 167 A 1.3002330000000000
miniFE.c 167 A 4.7210279999999996
miniFE.c 167 A 14.0634099999999993
miniFE.c 167 A 10.9336099999999998
miniFE.c 167 A 16.7981799999999986
miniFE.c 167 A 3.6681119999999998
miniFE.c 167 A 66.5612600000000043
miniFE.c 167 A 4.4892070000000004
miniFE.c 167 A 14.0526599999999995
miniFE.c 167 A 3.7993380000000001
miniFE.c 167 A 16.0564000000000000
miniFE.c 167 A 9.6522659999999991
miniFE.c 167 A 16.1756899999999995
miniFE.c 167 A 11.0858899999999991
miniFE.c 167 A 4.4892070000000004
miniFE.c 167 A 66.4632699999999943
miniFE.c 167 A 7.6122389999999998
miniFE.c 167 A 3.4261349999999999
miniFE.c 167 A 0.0000000000000000
miniFE.c 167 A 11.3974100000000007
miniFE.c 167 A 11.9519400000000005
miniFE.c 167 A 1.3002330000000000
miniFE.c 167 A 14.0526599999999995
miniFE.c 167 A 7.6122389999999998
miniFE.c 167 A 65.6581999999999937
miniFE.c 167 A 2.6745570000000001
miniFE.c 167 A 6.4080630000000003
miniFE.c 167 A 6.9539020000000002
miniFE.c 167 A 12.3511699999999998
miniFE.c 167 A 4.7210279999999996
miniFE.c 167 A 3.7993380000000001
miniFE.c 167 A 3.4261349999999999
miniFE.c 167 A 2.6745570000000001
miniFE.c 167 A 64.8721800000000002
miniFE.c 175 b 198.0110999999999990
miniFE.c 175 b 229.8237000000000023
miniFE.c 175 b 210.8053999999999917
miniFE.c 175 b 202.6418999999999926
miniFE.c 175 b 157.2561000000000035
miniFE.c 175 b 225.5886000000000138
miniFE.c 175 b 142.6283999999999992
miniFE.c 175 b 185.1795999999999935
miniFE.c 33 r 0.0000000000000000
miniFE.c 33 r 0.0000000000000000
miniFE.c 33 r 0.0000000000000000
miniFE.c 33 r 0.0000000000000000
miniFE.c 33 r 0.0000000000000000
miniFE.c 33 r 0.0000000000000000
miniFE.c 33 r 0.0000000000000000
miniFE.c 33 r 0.0000000000000000
miniFE.c 25 Ap 0.0000000000000000
miniFE.c 25 Ap 0.0000000000000000
miniFE.c 25 Ap 0.0000000000000000
miniFE.c 25 Ap 0.0000000000000000
miniFE.c 25 Ap 0.0000000000000000
miniFE.c 25 Ap 0.0000000000000000
miniFE.c 25 Ap 0.0000000000000000
miniFE.c 25 Ap 0.0000000000000000
miniFE.c 25 Ap 0.0000000000000000
miniFE.c 25 Ap 0.0000000000000000
miniFE.c 25 Ap 0.0000000000000000
miniFE.c 25 Ap 0.0000000000000000
miniFE.c 25 Ap 0.0000000000000000
miniFE.c 25 Ap 0.0000000000000000
miniFE.c 25 Ap 0.0000000000000000
miniFE.c 25 Ap 0.0000000000000000
miniFE.c 25 Ap 0.0000000000000000
miniFE.c 25 Ap 0.0000000000000000
miniFE.c 25 Ap 0.0000000000000000
miniFE.c 25 Ap 0.0000000000000000
miniFE.c 25 Ap 0.0000000000000000
miniFE.c 25 Ap 0.0000000000000000
miniFE.c 25 Ap 0.0000000000000000
miniFE.c 25 Ap 0.0000000000000000
miniFE.c 25 Ap 0.0000000000000000
miniFE.c 25 Ap 0.0000000000000000
miniFE.c 25 Ap 0.0000000000000000
miniFE.c 25 Ap 0.0000000000000000
miniFE.c 25 Ap 0.0000000000000000
miniFE.c 25 Ap 0.0000000000000000
miniFE.c 25 Ap 0.0000000000000000
miniFE.c 25 Ap 0.0000000000000000
miniFE.c 25 Ap 0.0000000000000000
miniFE.c 25 Ap 0.0000000000000000
miniFE.c 25 Ap 0.0000000000000000
miniFE.c 25 Ap 0.0000000000000000
miniFE.c 25 Ap 0.0000000000000000
miniFE.c 25 Ap 0.0000000000000000
miniFE.c 25 Ap 0.0000000000000000
miniFE.c 25 Ap 0.0000000000000000
miniFE.c 25 Ap 0.0000000000000000
miniFE.c 25 Ap 0.0000000000000000
miniFE.c 25 Ap 0.0000000000000000
miniFE.c 25 Ap 0.0000000000000000
miniFE.c 25 Ap 0.0000000000000000
miniFE.c 25 Ap 0.0000000000000000
miniFE.c 25 Ap 0.0000000000000000
miniFE.c 25 Ap 0.0000000000000000
miniFE.c 25 Ap 0.0000000000000000
miniFE.c 25 Ap 0.0000000000000000
miniFE.c 25 Ap 0.0000000000000000
miniFE.c 25 Ap 0.0000000000000000
miniFE.c 25 Ap 0.0000000000000000
miniFE.c 25 Ap 0.0000000000000000
miniFE.c 25 Ap 0.0000000000000000
miniFE.c 25 Ap 0.0000000000000000
miniFE.c 25 Ap 0.0000000000000000
miniFE.c 25 Ap 0.0000000000000000
miniFE.c 25 Ap 0.0000000000000000
miniFE.c 25 Ap 0.0000000000000000
miniFE.c 25 Ap 0.0000000000000000
miniFE.c 25 Ap 0.0000000000000000
miniFE.c 25 Ap 0.0000000000000000
miniFE.c 25 Ap 0.0000000000000000
miniFE.c 33 r 198.0110999999999990
miniFE.c 33 r 229.8237000000000023
miniFE.c 33 r 210.8053999999999917
miniFE.c 33 r 202.6418999999999926
miniFE.c 33 r 157.2561000000000035
miniFE.c 33 r 225.5886000000000138
miniFE.c 33 r 142.6283999999999992
miniFE.c 33 r 185.1795999999999935
miniFE.c 48 sum 39208.3957232100001420
miniFE.c 48 sum 92027.3288048999966122
miniFE.c 48 sum 136466.2454740600078367
miniFE.c 48 sum 177529.9851096700003836
miniFE.c 48 sum 202259.4660968800017145
miniFE.c 48 sum 253149.6825468399911188
miniFE.c 48 sum 273492.5430333999684080
miniFE.c 48 sum 307784.0272895599482581
miniFE.c 75 rtrans 307784.0272895599482581
miniFE.c 76 normr 554.7828649927464539
miniFE.c 33 r 198.0110999999999990
miniFE.c 33 r 229.8237000000000023
miniFE.c 33 r 210.8053999999999917
miniFE.c 33 r 202.6418999999999926
miniFE.c 33 r 157.2561000000000035
miniFE.c 33 r 225.5886000000000138
miniFE.c 33 r 142.6283999999999992
miniFE.c 33 r 185.1795999999999935
miniFE.c 87 normr 554.7828649927464539
miniFE.c 25 Ap 13285.4973312810016068
miniFE.c 25 Ap 16752.9738962160008668
miniFE.c 25 Ap 18717.5143203662009910
miniFE.c 25 Ap 21497.0499152972006414
miniFE.c 25 Ap 23708.6069245981998392
miniFE.c 25 Ap 27330.7477216381994367
miniFE.c 25 Ap 28043.4264645949988335
miniFE.c 25 Ap 29230.0690077097970061
miniFE.c 25 Ap 2987.5023718050001662
miniFE.c 25 Ap 18256.2053009880000900
miniFE.c 25 Ap 21290.1102936259994749
miniFE.c 25 Ap 22498.6292991164009436
miniFE.c 25 Ap 24218.0061666374022025
miniFE.c 25 Ap 26395.4473404050004319
miniFE.c 25 Ap 28021.0416928490012651
miniFE.c 25 Ap 29308.7624836482027604
miniFE.c 25 Ap 1845.3076172643000064
miniFE.c 25 Ap 5152.9234129532997031
miniFE.c 25 Ap 19418.9870250392996240
miniFE.c 25 Ap 21366.8164301717988565
miniFE.c 25 Ap 24008.4327040697971825
miniFE.c 25 Ap 27657.4839652037990163
miniFE.c 25 Ap 29362.1700442997971550
miniFE.c 25 Ap 31649.3547644317950471
miniFE.c 25 Ap 2716.0172730389999742
miniFE.c 25 Ap 4086.6435322781999275
miniFE.c 25 Ap 6112.9419280231995799
miniFE.c 25 Ap 19366.0687056721981207
miniFE.c 25 Ap 19942.9016931553996983
miniFE.c 25 Ap 22443.7520980093977414
miniFE.c 25 Ap 22629.2022504265987664
miniFE.c 25 Ap 23503.4403270553993934
miniFE.c 25 Ap 2784.7112838509997346
miniFE.c 25 Ap 5297.5139884079999320
miniFE.c 25 Ap 8838.6610425799990480
miniFE.c 25 Ap 9581.9742276727993158
miniFE.c 25 Ap 20049.1383863587980159
miniFE.c 25 Ap 21061.8523085989982064
miniFE.c 25 Ap 23066.1607201429978886
miniFE.c 25 Ap 23769.7206112477979332
miniFE.c 25 Ap 3179.3454260399998930
miniFE.c 25 Ap 5397.6649115441996400
miniFE.c 25 Ap 8807.5877122702004272
miniFE.c 25 Ap 11054.0535250612010714
miniFE.c 25 Ap 11760.0087099739012046
miniFE.c 25 Ap 26753.3647406958989450
miniFE.c 25 Ap 27839.0862096834971453
miniFE.c 25 Ap 28473.5365185294976982
miniFE.c 25 Ap 0.0000000000000000
miniFE.c 25 Ap 2619.3949366169999848
miniFE.c 25 Ap 5138.9284290929999770
miniFE.c 25 Ap 5402.4101146556995445
miniFE.c 25 Ap 7612.2766208816992730
miniFE.c 25 Ap 9329.5109597570990445
miniFE.c 25 Ap 18694.2349726370957796
miniFE.c 25 Ap 19189.5083680742973229
miniFE.c 25 Ap 1268.8676034993000030
miniFE.c 25 Ap 2867.0390905766998912
miniFE.c 25 Ap 5470.7324228946999938
miniFE.c 25 Ap 6427.4105067679001877
miniFE.c 25 Ap 7024.8795832297000743
miniFE.c 25 Ap 7797.7765812907000509
miniFE.c 25 Ap 8179.2443669095000587
miniFE.c 25 Ap 20192.2487104374995397
miniFE.c 57 sum 5787878.1172925252467394
miniFE.c 57 sum 12523726.3537057451903820
miniFE.c 57 sum 19195581.2445636950433254
miniFE.c 57 sum 23958363.0489748232066631
miniFE.c 57 sum 27696296.6103892698884010
miniFE.c 57 sum 34119601.8506532162427902
miniFE.c 57 sum 36856570.7259782627224922
miniFE.c 57 sum 40595763.2652775943279266
miniFE.c 90 p_ap_dot 40595763.2652775943279266
miniFE.c 91 alpha 0.0075816785431108
miniFE.c 40 y 1.5012565081677629
miniFE.c 40 y 1.7424494149883289
miniFE.c 40 y 1.5982587779518851
miniFE.c 40 y 1.5363657451652004
miniFE.c 40 y 1.1922651991432831
miniFE.c 40 y 1.7103402481904006
miniFE.c 40 y 1.0813626799182217
miniFE.c 40 y 1.4039721999418369
miniFE.c 40 y -23.6018870094007696
miniFE.c 40 y 7.6140843525942046
miniFE.c 40 y -29.1498339207934976
miniFE.c 40 y 24.4463707830794590
miniFE.c 40 y -22.9582807340354691
miniFE.c 40 y 9.7113991309836933
miniFE.c 40 y -2.8602838470736742
miniFE.c 40 y 32.0884612149196755
miniFE.c 82 oldrtrans 307784.0272895599482581
miniFE.c 48 sum 557.0490704045207622
miniFE.c 48 sum 615.0233509329407298
miniFE.c 48 sum 1464.7361685427840712
miniFE.c 48 sum 2062.3612130065848760
miniFE.c 48 sum 2589.4438672693690933
miniFE.c 48 sum 2683.7551403506399765
miniFE.c 48 sum 2691.9363640364704224
miniFE.c 48 sum 3721.6057071778750469
miniFE.c 83 rtrans 3721.6057071778750469
miniFE.c 84 beta 0.0120916141748858
miniFE.c 40 y -21.2076131858560437
miniFE.c 40 y 10.3930238612389019
miniFE.c 40 y -26.6008563580110291
miniFE.c 40 y 26.8966384535452470
miniFE.c 40 y -21.0568006461882149
miniFE.c 40 y 12.4391294444363325
miniFE.c 40 y -1.1356762638923952
miniFE.c 40 y 34.3275814911793518
miniFE.c 87 normr 61.0049646109058514
miniFE.c 25 Ap -1422.9186564971873850
miniFE.c 25 Ap -1266.1133893395524410
miniFE.c 25 Ap -1514.0124357222614435
miniFE.c 25 Ap -1145.0849633405925942
miniFE.c 25 Ap -1441.2153841162023582
miniFE.c 25 Ap -1241.4877461045548444
miniFE.c 25 Ap -1247.1624387475117146
miniFE.c 25 Ap -1027.1891339144003723
miniFE.c 25 Ap -319.9709243222623627
miniFE.c 25 Ap 370.5061408070833977
miniFE.c 25 Ap -12.3325858717205961
miniFE.c 25 Ap 148.0740168837477881
miniFE.c 25 Ap -82.1528292294221387
miniFE.c 25 Ap 37.9129569767095518
miniFE.c 25 Ap 24.9691889698597294
miniFE.c 25 Ap 263.6798265565348061
miniFE.c 25 Ap -197.6382645006010534
miniFE.c 25 Ap -48.0621768803666214
miniFE.c 25 Ap -1848.2509241294774256
miniFE.c 25 Ap -1589.7157284022709973
miniFE.c 25 Ap -1943.4316558810569404
miniFE.c 25 Ap -1742.2201541179827018
miniFE.c 25 Ap -1755.7936886834488632
miniFE.c 25 Ap -1331.8078939970391730
miniFE.c 25 Ap -290.8940141876625489
miniFE.c 25 Ap -228.9119321956242175
miniFE.c 25 Ap -484.6040186586889149
miniFE.c 25 Ap 1274.4821294549255981
miniFE.c 25 Ap 1197.2434263230347824
miniFE.c 25 Ap 1335.1422470398169935
miniFE.c 25 Ap 1333.6656032841874548
miniFE.c 25 Ap 1495.7270766763269876
miniFE.c 25 Ap -298.2513593540997476
miniFE.c 25 Ap -184.6180897346194740
miniFE.c 25 Ap -631.4640629906331242
miniFE.c 25 Ap -532.8041807195223782
miniFE.c 25 Ap -1934.3713632986241464
miniFE.c 25 Ap -1878.5295363227544385
miniFE.c 25 Ap -1894.4888087293045373
miniFE.c 25 Ap -1764.0667239217700626
miniFE.c 25 Ap -340.5179203573789550
miniFE.c 25 Ap -240.2016895043539932
miniFE.c 25 Ap -670.4888956860694407
miniFE.c 25 Ap -372.3157204202967705
miniFE.c 25 Ap -466.8440572787694691
miniFE.c 25 Ap 359.9011615517524660
miniFE.c 25 Ap 351.2561224043764696
miniFE.c 25 Ap 468.8670508166582067
miniFE.c 25 Ap -0.0000000000000000
miniFE.c 25 Ap 118.4535540863228817
miniFE.c 25 Ap -199.4782850532434963
miniFE.c 25 Ap -164.5063881468749969
miniFE.c 25 Ap -460.4104483155382468
miniFE.c 25 Ap -365.7208220325516663
miniFE.c 25 Ap -440.2872813024513334
miniFE.c 25 Ap -348.4762079321471901
miniFE.c 25 Ap -135.8997213745962540
miniFE.c 25 Ap -63.6276519598793300
miniFE.c 25 Ap -392.1793509832543805
miniFE.c 25 Ap -265.1995677381905807
miniFE.c 25 Ap -345.2014705916780031
miniFE.c 25 Ap -302.5833338325641080
miniFE.c 25 Ap -305.6207647338913489
miniFE.c 25 Ap 1921.2842807265640204
miniFE.c 57 sum 21784.2298207710882707
miniFE.c 57 sum 24524.6605499004908779
miniFE.c 57 sum 59951.8910345809126738
miniFE.c 57 sum 100181.9214411222201306
miniFE.c 57 sum 137327.5227733172650915
miniFE.c 57 sum 143159.8207106567861047
miniFE.c 57 sum 143555.5768685365619604
miniFE.c 57 sum 209508.6195828996133059
miniFE.c 90 p_ap_dot 209508.6195828996133059
miniFE.c 91 alpha 0.0177634968651268
miniFE.c 40 y 1.1245351378239878
miniFE.c 40 y 1.9270658617666339
miniFE.c 40 y 1.1257345494266686
miniFE.c 40 y 2.0141440980171996
miniFE.c 40 y 0.8182227868751193
miniFE.c 40 y 1.9313026850815516
miniFE.c 40 y 1.0611890981647703
miniFE.c 40 y 2.0137500861477848
miniFE.c 40 y -5.3554160492200324
miniFE.c 40 y 2.9302085801600271
miniFE.c 40 y -5.4922685708260026
miniFE.c 40 y -2.1229724545457067
miniFE.c 40 y 8.3777129862233473
miniFE.c 40 y 1.3826807436407496
miniFE.c 40 y 3.3298721801002875
miniFE.c 40 y -2.0402660827839938
miniFE.c 82 oldrtrans 3721.6057071778750469
miniFE.c 48 sum 28.6804810602435012
miniFE.c 48 sum 37.2666033834869452
miniFE.c 48 sum 67.4316174375700541
miniFE.c 48 sum 71.9386294803298796
miniFE.c 48 sum 142.1247043598651771
miniFE.c 48 sum 144.0365103987001021
miniFE.c 48 sum 155.1245591345059438
miniFE.c 48 sum 159.2872448230646967
miniFE.c 83 rtrans 159.2872448230646967
miniFE.c 84 beta 0.0428006772764366
miniFE.c 40 y -6.2631162569913581
miniFE.c 40 y 3.3750370403712178
miniFE.c 40 y -6.6308032390820788
miniFE.c 40 y -0.9717781122745228
miniFE.c 40 y 7.4764676572915842
miniFE.c 40 y 1.9150839085918887
miniFE.c 40 y 3.2812644668389197
miniFE.c 40 y -0.5710223456994494
miniFE.c 87 normr 12.6209050714702986
miniFE.c 25 Ap -420.2219689591206588
miniFE.c 25 Ap -369.3009288606679092
miniFE.c 25 Ap -431.0947966067637367
miniFE.c 25 Ap -444.4241813659961053
miniFE.c 25 Ap -339.2795513497650859
miniFE.c 25 Ap -308.5301980798502655
miniFE.c 25 Ap -292.1345332926439369
miniFE.c 25 Ap -295.7936804582938066
miniFE.c 25 Ap -94.4950796831699620
miniFE.c 25 Ap 129.7308724027860762
miniFE.c 25 Ap 34.3005511100139699
miniFE.c 25 Ap 28.5050452555813756
miniFE.c 25 Ap 110.2498267980212177
miniFE.c 25 Ap 128.7347260960698065
miniFE.c 25 Ap 166.1326425430643781
miniFE.c 25 Ap 162.1618091112602826
miniFE.c 25 Ap -58.3673144426652044
miniFE.c 25 Ap -9.7938826087538473
miniFE.c 25 Ap -458.5274577826859854
miniFE.c 25 Ap -467.8683590590383687
miniFE.c 25 Ap -342.2773095876760294
miniFE.c 25 Ap -311.2995059583053035
miniFE.c 25 Ap -272.0820299265145650
miniFE.c 25 Ap -279.1348239920472452
miniFE.c 25 Ap -85.9079715078594006
miniFE.c 25 Ap -65.7798716059008939
miniFE.c 25 Ap -129.5163127305246746
miniFE.c 25 Ap -193.0722630138504599
miniFE.c 25 Ap -165.6477422825273038
miniFE.c 25 Ap -144.4173327311075639
miniFE.c 25 Ap -140.1509243895961845
miniFE.c 25 Ap -142.8467368722689628
miniFE.c 25 Ap -88.0807717997348334
miniFE.c 25 Ap -51.1794330647616817
miniFE.c 25 Ap -162.5648594194454688
miniFE.c 25 Ap -166.1294503744169901
miniFE.c 25 Ap 331.5136572441590488
miniFE.c 25 Ap 340.1108653321971360
miniFE.c 25 Ap 386.2213592547657299
miniFE.c 25 Ap 384.0518523579006569
miniFE.c 25 Ap -100.5630998687560407
miniFE.c 25 Ap -67.9863445952403112
miniFE.c 25 Ap -175.2441622416279188
miniFE.c 25 Ap -186.0171874987109391
miniFE.c 25 Ap -152.4537765563239589
miniFE.c 25 Ap -25.1710376669259546
miniFE.c 25 Ap -0.1932683231405257
miniFE.c 25 Ap -2.1496679675235089
miniFE.c 25 Ap -0.0000000000000000
miniFE.c 25 Ap 38.4666809142973207
miniFE.c 25 Ap -40.7842815510173367
miniFE.c 25 Ap -42.0478195212743771
miniFE.c 25 Ap 63.0164384676407678
miniFE.c 25 Ap 77.5945148848963697
miniFE.c 25 Ap 293.0364335014995163
miniFE.c 25 Ap 291.5092016896526275
miniFE.c 25 Ap -40.1344435511248179
miniFE.c 25 Ap -16.6647667260133261
miniFE.c 25 Ap -98.5629447684667213
miniFE.c 25 Ap -103.1507364463018916
miniFE.c 25 Ap -74.7451087701829948
miniFE.c 25 Ap -68.1837727630195189
miniFE.c 25 Ap -59.4078439143842161
miniFE.c 25 Ap -96.4513083086211225
miniFE.c 57 sum 1852.5902087936469798
miniFE.c 57 sum 2399.8923210777575150
miniFE.c 57 sum 4250.7804161448302693
miniFE.c 57 sum 4389.5957484471391581
miniFE.c 57 sum 7260.9470013239060791
miniFE.c 57 sum 7256.8302067904860451
miniFE.c 57 sum 8213.3489920513238758
miniFE.c 57 sum 8268.4248443674932787
miniFE.c 90 p_ap_dot 8268.4248443674932787
miniFE.c 91 alpha 0.0192645210933461
miniFE.c 40 y 1.0038792025810988
miniFE.c 40 y 1.9920843340216896
miniFE.c 40 y 0.9979953005615441
miniFE.c 40 y 1.9954232580752349
miniFE.c 40 y 0.9622533557627331
miniFE.c 40 y 1.9681958594341478
miniFE.c 40 y 1.1244010866990357
miniFE.c 40 y 2.0027496141242858
miniFE.c 40 y 0.3429075472472514
miniFE.c 40 y -0.1937610119990141
miniFE.c 40 y -0.1148698661437511
miniFE.c 40 y 0.6289015210457820
miniFE.c 40 y 0.9791379755359193
miniFE.c 40 y 1.4240930675447967
miniFE.c 40 y -2.2859129847545150
miniFE.c 40 y -0.1821778193917321
miniFE.c 82 oldrtrans 159.2872448230646967
miniFE.c 48 sum 0.1175855859591259
miniFE.c 48 sum 0.1551289157300080
miniFE.c 48 sum 0.1683240018778913
miniFE.c 48 sum 0.5638411250515895
miniFE.c 48 sum 1.5225523001881680
miniFE.c 48 sum 3.5505933652173169
miniFE.c 48 sum 8.7759915390866112
miniFE.c 48 sum 8.8091802969649375
miniFE.c 83 rtrans 8.8091802969649375
miniFE.c 84 beta 0.0553037395225846
miniFE.c 40 y -0.0034662028290640
miniFE.c 40 y -0.0071088426392493
miniFE.c 40 y -0.4815780813034568
miniFE.c 40 y 0.5751585574508028
miniFE.c 40 y 1.3926145954038016
miniFE.c 40 y 1.5300043691894558
miniFE.c 40 y -2.1044467893757428
miniFE.c 40 y -0.2137574904598697
miniFE.c 87 normr 2.9680263302344434
miniFE.c 25 Ap -0.2325638736172259
miniFE.c 25 Ap -0.3398188923790316
miniFE.c 25 Ap -4.8277476081772628
miniFE.c 25 Ap 3.0614089935110993
miniFE.c 25 Ap 22.6463190206588791
miniFE.c 25 Ap 47.2126811741124612
miniFE.c 25 Ap 36.6972824704056393
miniFE.c 25 Ap 35.3275110048168983
miniFE.c 25 Ap -0.0522965084936439
miniFE.c 25 Ap -0.5245837722919673
miniFE.c 25 Ap -7.4554410710688783
miniFE.c 25 Ap -4.0253012636068615
miniFE.c 25 Ap 11.2010036028460984
miniFE.c 25 Ap 25.9690127554249273
miniFE.c 25 Ap 1.9837698737259402
miniFE.c 25 Ap 0.4973212333020713
miniFE.c 25 Ap -0.0323022824652496
miniFE.c 25 Ap -0.1346125324640463
miniFE.c 25 Ap -32.7249709486215039
miniFE.c 25 Ap -27.1964462416568331
miniFE.c 25 Ap -3.8030555974366038
miniFE.c 25 Ap 20.9458207772175840
miniFE.c 25 Ap -4.2064009825939337
miniFE.c 25 Ap -6.8465560860371628
miniFE.c 25 Ap -0.0475441364428275
miniFE.c 25 Ap -0.0899399659162647
miniFE.c 25 Ap -4.7189527595693201
miniFE.c 25 Ap 32.8974004188464235
miniFE.c 25 Ap 38.0056667276222555
miniFE.c 25 Ap 54.9671268639759489
miniFE.c 25 Ap 52.2308557016855559
miniFE.c 25 Ap 51.2217006040147780
miniFE.c 25 Ap -0.0487466315282864
miniFE.c 25 Ap -0.1264719444972089
miniFE.c 25 Ap -8.2161072382873090
miniFE.c 25 Ap -6.1063612317993297
miniFE.c 25 Ap 86.5878209326679240
miniFE.c 25 Ap 93.4563272568638155
miniFE.c 25 Ap 63.8832520376748931
miniFE.c 25 Ap 63.0711150813860755
miniFE.c 25 Ap -0.0556547391045825
miniFE.c 25 Ap -0.1242711792107588
miniFE.c 25 Ap -7.9141289331702716
miniFE.c 25 Ap -1.5379844327119923
miniFE.c 25 Ap 4.7137507572769222
miniFE.c 25 Ap 106.4028442478954020
miniFE.c 25 Ap 90.3832923243845840
miniFE.c 25 Ap 89.6509303048078579
miniFE.c 25 Ap -0.0000000000000000
miniFE.c 25 Ap -0.0810223941850063
miniFE.c 25 Ap -5.8368147272390445
miniFE.c 25 Ap -5.0889745906091148
miniFE.c 25 Ap 14.4809648296380686
miniFE.c 25 Ap 26.1277237589524418
miniFE.c 25 Ap -112.0464644272379360
miniFE.c 25 Ap -112.6181710196498074
miniFE.c 25 Ap -0.0222116460994201
miniFE.c 25 Ap -0.0716458411461810
miniFE.c 25 Ap -6.0196985915989982
miniFE.c 25 Ap -3.3043589374341500
miniFE.c 25 Ap 1.9866546142381387
miniFE.c 25 Ap 7.2286561336710555
miniFE.c 25 Ap 1.6001932420186371
miniFE.c 25 Ap -12.2667211554423119
miniFE.c 57 sum -0.1224523185886844
miniFE.c 57 sum -0.1259876969773862
miniFE.c 57 sum 3.1711636464728956
miniFE.c 57 sum 32.6317630760549520
miniFE.c 57 sum 120.4655184867860385
miniFE.c 57 sum 257.6318335550414531
miniFE.c 57 sum 494.6307819827118237
miniFE.c 57 sum 497.2528855130701686
miniFE.c 90 p_ap_dot 497.2528855130701686
miniFE.c 91 alpha 0.0177156946769158
miniFE.c 40 y 1.0038177963900907
miniFE.c 40 y 1.9919583959359863
miniFE.c 40 y 0.9894638103100770
miniFE.c 40 y 2.0056125914698488
miniFE.c 40 y 0.9869244907375235
miniFE.c 40 y 1.9953009496930554
miniFE.c 40 y 1.0871193499146392
miniFE.c 40 y 1.9989627516883950
miniFE.c 40 y -0.2829438514094690
miniFE.c 40 y -0.2025714031245408
miniFE.c 40 y 0.0064216310648632
miniFE.c 40 y -0.2785264876873392
miniFE.c 40 y -0.1382106421785381
miniFE.c 40 y -0.1641354412366405
miniFE.c 40 y -0.2908038518977076
miniFE.c 40 y 0.0351356672849482
miniFE.c 82 oldrtrans 8.8091802969649375
miniFE.c 48 sum 0.0800572230504237
miniFE.c 48 sum 0.1210923964142689
miniFE.c 48 sum 0.1211336337598021
miniFE.c 48 sum 0.1987106381032476
miniFE.c 48 sum 0.2178128197146515
miniFE.c 48 sum 0.2447532627845982
miniFE.c 48 sum 0.3293201430631421
miniFE.c 48 sum 0.3305546581787006
miniFE.c 83 rtrans 0.3305546581787006
miniFE.c 84 beta 0.0375238838388389
miniFE.c 40 y -0.2830739168017886
miniFE.c 40 y -0.2028381545099646
miniFE.c 40 y -0.0116490489172986
miniFE.c 40 y -0.2569443047886412
miniFE.c 40 y -0.0859543338683342
miniFE.c 40 y -0.1067237350142594
miniFE.c 40 y -0.3697708687672605
miniFE.c 40 y 0.0271146560432503
miniFE.c 87 normr 0.5749388299451522
miniFE.c 25 Ap -18.9927623563801369
miniFE.c 25 Ap -22.0530931544569526
miniFE.c 25 Ap -22.1616531225646760
miniFE.c 25 Ap -25.6860271097550239
miniFE.c 25 Ap -26.8948381482222949
miniFE.c 25 Ap -28.6084371271052476
miniFE.c 25 Ap -30.4560904551597922
miniFE.c 25 Ap -30.2823380310113137
miniFE.c 25 Ap -4.2708918734428263
miniFE.c 25 Ap -17.7467671809779937
miniFE.c 25 Ap -17.9144199435242868
miniFE.c 25 Ap -19.4467884995316602
miniFE.c 25 Ap -20.3865796638578161
miniFE.c 25 Ap -21.4167055427289625
miniFE.c 25 Ap -25.6311357401256252
miniFE.c 25 Ap -25.4425830792371563
miniFE.c 25 Ap -2.6380261254201467
miniFE.c 25 Ap -5.5572667599829213
miniFE.c 25 Ap -6.3456055448265882
miniFE.c 25 Ap -8.8153991677083461
miniFE.c 25 Ap -10.2592755398087192
miniFE.c 25 Ap -11.9856055930415248
miniFE.c 25 Ap -16.4050848302956958
miniFE.c 25 Ap -16.0701871040139821
miniFE.c 25 Ap -3.8827805490725655
miniFE.c 25 Ap -5.0924699803495646
miniFE.c 25 Ap -5.2044426771261989
miniFE.c 25 Ap -22.0090395850645173
miniFE.c 25 Ap -22.3243297085789614
miniFE.c 25 Ap -23.5074572953361880
miniFE.c 25 Ap -23.9882455813460496
miniFE.c 25 Ap -23.8602365309554969
miniFE.c 25 Ap -3.9809845522894420
miniFE.c 25 Ap -6.1987378268211355
miniFE.c 25 Ap -6.3944206473627219
miniFE.c 25 Ap -7.3369211350895940
miniFE.c 25 Ap -13.0581498998265921
miniFE.c 25 Ap -13.5372548381187503
miniFE.c 25 Ap -18.7335191348096792
miniFE.c 25 Ap -18.6305013917476288
miniFE.c 25 Ap -4.5451480377362383
miniFE.c 25 Ap -6.5029958600155160
miniFE.c 25 Ap -6.6914272640965740
miniFE.c 25 Ap -9.5398835631099228
miniFE.c 25 Ap -9.9257503603919854
miniFE.c 25 Ap -17.0189587760531573
miniFE.c 25 Ap -19.8337430043471805
miniFE.c 25 Ap -19.7408445322644397
miniFE.c 25 Ap -0.0000000000000000
miniFE.c 25 Ap -2.3118296105934157
miniFE.c 25 Ap -2.4510583443100336
miniFE.c 25 Ap -2.7851458085582830
miniFE.c 25 Ap -3.9930328379364681
miniFE.c 25 Ap -4.8054394158376788
miniFE.c 25 Ap -29.0839290715322178
miniFE.c 25 Ap -29.0114093784091516
miniFE.c 25 Ap -1.8139554925226200
miniFE.c 25 Ap -3.2244721408457719
miniFE.c 25 Ap -3.3683515243616426
miniFE.c 25 Ap -4.5813927817093516
miniFE.c 25 Ap -4.9079623486400008
miniFE.c 25 Ap -5.2736122725030805
miniFE.c 25 Ap -6.2625855379606383
miniFE.c 25 Ap -4.5035986904848162
miniFE.c 57 sum 8.5721400363541367
miniFE.c 57 sum 13.7328666341130550
miniFE.c 57 sum 13.9200690297978547
miniFE.c 57 sum 20.0508209173367540
miniFE.c 57 sum 21.6521932540974937
miniFE.c 57 sum 23.7590099149165752
miniFE.c 57 sum 34.4865839649335726
miniFE.c 57 sum 34.3644704354842432
miniFE.c 90 p_ap_dot 34.3644704354842432
miniFE.c 91 alpha 0.0096190819759403
miniFE.c 40 y 1.0010948851791237
miniFE.c 40 y 1.9900072790999066
miniFE.c 40 y 0.9893517571535998
miniFE.c 40 y 2.0031410231388360
miniFE.c 40 y 0.9860976889538566
miniFE.c 40 y 1.9942743653371746
miniFE.c 40 y 1.0835624936156523
miniFE.c 40 y 1.9992235697876244
miniFE.c 40 y 0.0083444405339641
miniFE.c 40 y 0.0421628891943136
miniFE.c 40 y 0.1610020781870727
miniFE.c 40 y -0.0490129165307523
miniFE.c 40 y 0.0409976779615527
miniFE.c 40 y 0.0257533605935045
miniFE.c 40 y -0.0117407268492261
miniFE.c 40 y 0.0784561522754591
miniFE.c 82 oldrtrans 0.3305546581787006
miniFE.c 48 sum 0.0000696296878249
miniFE.c 48 sum 0.0018473389130368
miniFE.c 48 sum 0.0277690080935931
miniFE.c 48 sum 0.0301712740804436
miniFE.c 48 sum 0.0318520836786828
miniFE.c 48 sum 0.0325153192605419
miniFE.c 48 sum 0.0326531639274900
miniFE.c 48 sum 0.0388085317573600
miniFE.c 83 rtrans 0.0388085317573600
miniFE.c 84 beta 0.1174042803425865
miniFE.c 40 y -0.0248896489519071
miniFE.c 40 y 0.0183488216380528
miniFE.c 40 y 0.1596344299822617
miniFE.c 40 y -0.0791792777225890
miniFE.c 40 y 0.0309062712514145
miniFE.c 40 y 0.0132235372886824
miniFE.c 40 y -0.0551534095884993
miniFE.c 40 y 0.0816395289549537
miniFE.c 87 normr 0.1969988115633189
miniFE.c 25 Ap -1.6699637784300108
miniFE.c 25 Ap -1.3931250145248071
miniFE.c 25 Ap 0.0945422406134759
miniFE.c 25 Ap -0.9915195304756383
miniFE.c 25 Ap -0.5568719662957836
miniFE.c 25 Ap -0.3445495621737827
miniFE.c 25 Ap -0.6201374718419359
miniFE.c 25 Ap -0.0969862270082684
miniFE.c 25 Ap -0.3755238230443459
miniFE.c 25 Ap 0.8435093171060974
miniFE.c 25 Ap 3.1409632443779087
miniFE.c 25 Ap 2.6687526010274891
miniFE.c 25 Ap 3.0066697174446668
miniFE.c 25 Ap 3.1343068168159487
miniFE.c 25 Ap 2.5057007948378907
miniFE.c 25 Ap 3.0734140785168012
miniFE.c 25 Ap -0.2319519400780490
miniFE.c 25 Ap 0.0321237504721581
miniFE.c 25 Ap 10.8352385321904361
miniFE.c 25 Ap 10.0741534583473094
miniFE.c 25 Ap 10.5933225659573953
miniFE.c 25 Ap 10.8072224058425626
miniFE.c 25 Ap 10.1480321636453947
miniFE.c 25 Ap 11.1563758644879503
miniFE.c 25 Ap -0.3413986209523441
miniFE.c 25 Ap -0.2319696248861786
miniFE.c 25 Ap 1.3024644521285680
miniFE.c 25 Ap -3.8759957074936553
miniFE.c 25 Ap -3.7626280430410870
miniFE.c 25 Ap -3.6160333632478552
miniFE.c 25 Ap -3.6877456464573384
miniFE.c 25 Ap -3.3023231443541912
miniFE.c 25 Ap -0.3500333379667397
miniFE.c 25 Ap -0.1494144782167091
miniFE.c 25 Ap 2.5321534108227199
miniFE.c 25 Ap 2.2417149520571589
miniFE.c 25 Ap 4.2988753084530824
miniFE.c 25 Ap 4.3582385046141967
miniFE.c 25 Ap 3.5831863918262759
miniFE.c 25 Ap 3.8933625564869319
miniFE.c 25 Ap -0.3996381594314011
miniFE.c 25 Ap -0.2225304521943596
miniFE.c 25 Ap 2.3596666005254110
miniFE.c 25 Ap 1.4818938374133392
miniFE.c 25 Ap 1.6206384866590879
miniFE.c 25 Ap 2.4995180158318577
miniFE.c 25 Ap 2.0796770803793092
miniFE.c 25 Ap 2.3593851279153895
miniFE.c 25 Ap -0.0000000000000000
miniFE.c 25 Ap 0.2091290432257596
miniFE.c 25 Ap 2.1170701723079528
miniFE.c 25 Ap 2.0141186624968777
miniFE.c 25 Ap 2.4484339842607796
miniFE.c 25 Ap 2.5490947105276422
miniFE.c 25 Ap -1.0721788869159634
miniFE.c 25 Ap -0.8538293132727893
miniFE.c 25 Ap -0.1594944385317046
miniFE.c 25 Ap -0.0318985310452059
miniFE.c 25 Ap 1.9397734515188056
miniFE.c 25 Ap 1.5659658643706869
miniFE.c 25 Ap 1.6833892351744935
miniFE.c 25 Ap 1.7286948591030535
miniFE.c 25 Ap 1.5811839214142656
miniFE.c 25 Ap 6.8773181388952338
miniFE.c 57 sum 0.0024139531434058
miniFE.c 57 sum 0.0588074798899910
miniFE.c 57 sum 1.8397491816853870
miniFE.c 57 sum 2.1012247430619406
miniFE.c 57 sum 2.2215540623128263
miniFE.c 57 sum 2.2527534795301780
miniFE.c 57 sum 2.2998450773637793
miniFE.c 57 sum 2.8613060906965453
miniFE.c 90 p_ap_dot 2.8613060906965453
miniFE.c 91 alpha 0.0135632227127132
miniFE.c 40 y 1.0007573013271478
miniFE.c 40 y 1.9902561482542993
miniFE.c 40 y 0.9915169144800662
miniFE.c 40 y 2.0020670969608529
miniFE.c 40 y 0.9865168775940590
miniFE.c 40 y 1.9944537191184708
miniFE.c 40 y 1.0828144356380380
miniFE.c 40 y 2.0003308649010014
miniFE.c 40 y 0.0096598863309430
miniFE.c 40 y 0.0004774895590020
miniFE.c 40 y 0.0096856676702843
miniFE.c 40 y -0.0042227722545291
miniFE.c 40 y -0.0118088654934181
miniFE.c 40 y -0.0062475053614753
miniFE.c 40 y -0.0001600497146643
miniFE.c 40 y -0.0148224453085592
miniFE.c 82 oldrtrans 0.0388085317573600
miniFE.c 48 sum 0.0000933134039267
miniFE.c 48 sum 0.0000935414002057
miniFE.c 48 sum 0.0001873535584249
miniFE.c 48 sum 0.0002051853639385
miniFE.c 48 sum 0.0003446346681801
miniFE.c 48 sum 0.0003836659914218
miniFE.c 48 sum 0.0003836916073330
miniFE.c 48 sum 0.0006033964922582
miniFE.c 83 rtrans 0.0006033964922582
miniFE.c 84 beta 0.0155480371179920
miniFE.c 40 y 0.0092729011451850
miniFE.c 40 y 0.0007627777189018
miniFE.c 40 y 0.0121676697129580
miniFE.c 40 y -0.0054538546035357
miniFE.c 40 y -0.0113283336408223
miniFE.c 40 y -0.0060419053128797
miniFE.c 40 y -0.0010175769741301
miniFE.c 40 y -0.0135531108820722
miniFE.c 87 normr 0.0245641301954334
miniFE.c 25 Ap 0.6221626131948533
miniFE.c 25 Ap 0.6336710601676705
miniFE.c 25 Ap 0.7470641659363753
miniFE.c 25 Ap 0.6722564238055240
miniFE.c 25 Ap 0.5129414231978467
miniFE.c 25 Ap 0.4159301747321250
miniFE.c 25 Ap 0.4108455949514865
miniFE.c 25 Ap 0.3239964065731820
miniFE.c 25 Ap 0.1399053596730354
miniFE.c 25 Ap 0.1905817102448509
miniFE.c 25 Ap 0.3656984477236515
miniFE.c 25 Ap 0.3331726623774116
miniFE.c 25 Ap 0.2093130803987801
miniFE.c 25 Ap 0.1509950031720519
miniFE.c 25 Ap 0.1393972611913318
miniFE.c 25 Ap 0.0451502563222679
miniFE.c 25 Ap 0.0864161408999226
miniFE.c 25 Ap 0.0973940149470260
miniFE.c 25 Ap 0.9208299901920222
miniFE.c 25 Ap 0.8684065853182815
miniFE.c 25 Ap 0.6781111977196925
miniFE.c 25 Ap 0.5803792103691974
miniFE.c 25 Ap 0.5682171914290129
miniFE.c 25 Ap 0.4008204148956888
miniFE.c 25 Ap 0.1271916558289181
miniFE.c 25 Ap 0.1317407217933483
miniFE.c 25 Ap 0.2486984924165007
miniFE.c 25 Ap -0.1079929247461056
miniFE.c 25 Ap -0.1495465213140097
miniFE.c 25 Ap -0.2165264190030097
miniFE.c 25 Ap -0.2178495061648138
miniFE.c 25 Ap -0.2818341221261815
miniFE.c 25 Ap 0.1304086106942057
miniFE.c 25 Ap 0.1387485247893678
miniFE.c 25 Ap 0.3431432308081852
miniFE.c 25 Ap 0.3231378812907007
miniFE.c 25 Ap -0.4308902795428216
miniFE.c 25 Ap -0.4580136431667384
miniFE.c 25 Ap -0.4723133064080174
miniFE.c 25 Ap -0.5238061556004879
miniFE.c 25 Ap 0.1488894099475479
miniFE.c 25 Ap 0.1562519433892615
miniFE.c 25 Ap 0.3530723966884596
miniFE.c 25 Ap 0.2926115644776693
miniFE.c 25 Ap 0.2417563297989542
miniFE.c 25 Ap -0.1598084543254044
miniFE.c 25 Ap -0.1675544934533795
miniFE.c 25 Ap -0.2139892810053281
miniFE.c 25 Ap 0.0000000000000000
miniFE.c 25 Ap 0.0086936904011888
miniFE.c 25 Ap 0.1541209487502804
miniFE.c 25 Ap 0.1470296670175614
miniFE.c 25 Ap -0.0121635540034770
miniFE.c 25 Ap -0.0581559812604872
miniFE.c 25 Ap -0.1249682537433159
miniFE.c 25 Ap -0.1612168213247384
miniFE.c 25 Ap 0.0594213347311174
miniFE.c 25 Ap 0.0647256162361442
miniFE.c 25 Ap 0.2150105733647401
miniFE.c 25 Ap 0.1892627730735192
miniFE.c 25 Ap 0.1462226045952645
miniFE.c 25 Ap 0.1255222213361214
miniFE.c 25 Ap 0.1228006537169229
miniFE.c 25 Ap -0.7564191949848261
miniFE.c 57 sum 0.0030043866495483
miniFE.c 57 sum 0.0030388262590736
miniFE.c 57 sum 0.0079158766817351
miniFE.c 57 sum 0.0094529590061265
miniFE.c 57 sum 0.0153868098998853
miniFE.c 57 sum 0.0166797128736907
miniFE.c 57 sum 0.0168437633989132
miniFE.c 57 sum 0.0270955966218704
miniFE.c 90 p_ap_dot 0.0270955966218704
miniFE.c 91 alpha 0.0222691716546728
miniFE.c 40 y 1.0009638011544868
miniFE.c 40 y 1.9902731346822560
miniFE.c 40 y 0.9917878784055414
miniFE.c 40 y 2.0019456441365073
miniFE.c 40 y 0.9862646049876501
miniFE.c 40 y 1.9943191708919370
miniFE.c 40 y 1.0827917750417293
miniFE.c 40 y 2.0000290483483139
miniFE.c 40 y 0.0024447547374677
miniFE.c 40 y -0.0005279692492911
miniFE.c 40 y 0.0007597290482751
miniFE.c 40 y 0.0020534401892429
miniFE.c 40 y -0.0001441363005765
miniFE.c 40 y -0.0014821413305076
miniFE.c 40 y 0.0034301153530370
miniFE.c 40 y 0.0020223835874473
