filename line variable value
miniFE.c 167 A 67.0947100000000063
miniFE.c 167 A 15.0875500000000002
miniFE.c 167 A 9.3192129999999995
miniFE.c 167 A 13.7164900000000003
miniFE.c 167 A 14.0634099999999993
miniFE.c 167 A 16.0564000000000000
miniFE.c 167 A 4.9967519999999999
miniFE.c 167 A 6.4080630000000003
miniFE.c 167 A 15.0875500000000002
miniFE.c 167 A 66.4365899999999954
miniFE.c 167 A 14.3919700000000006
miniFE.c 167 A 5.9638159999999996
miniFE.c 167 A 10.9336099999999998
miniFE.c 167 A 9.6522659999999991
miniFE.c 167 A 11.3974100000000007
miniFE.c 167 A 6.9539020000000002
miniFE.c 167 A 9.3192129999999995
miniFE.c 167 A 14.3919700000000006
miniFE.c 167 A 67.6740900000000067
miniFE.c 167 A 9.6121750000000006
miniFE.c 167 A 16.7981799999999986
miniFE.c 167 A 16.1756899999999995
miniFE.c 167 A 11.9519400000000005
miniFE.c 167 A 12.3511699999999998
miniFE.c 167 A 13.7164900000000003
miniFE.c 167 A 5.9638159999999996
miniFE.c 167 A 9.6121750000000006
miniFE.c 167 A 65.4017099999999942
miniFE.c 167 A 3.6681119999999998
miniFE.c 167 A 11.0858899999999991
miniFE.c 167 A 1.3002330000000000
miniFE.c 167 A 4.7210279999999996
miniFE.c 167 A 14.0634099999999993
miniFE.c 167 A 10.9336099999999998
miniFE.c 167 A 16.7981799999999986
miniFE.c 167 A 3.6681119999999998
miniFE.c 167 A 66.5612600000000043
miniFE.c 167 A 4.4892070000000004
miniFE.c 167 A 14.0526599999999995
miniFE.c 167 A 3.7993380000000001
miniFE.c 167 A 16.0564000000000000
miniFE.c 167 A 9.6522659999999991
miniFE.c 167 A 16.1756899999999995
miniFE.c 167 A 11.0858899999999991
miniFE.c 167 A 4.4892070000000004
miniFE.c 167 A 66.4632699999999943
miniFE.c 167 A 7.6122389999999998
miniFE.c 167 A 3.4261349999999999
miniFE.c 167 A 4.9967519999999999
miniFE.c 167 A 11.3974100000000007
miniFE.c 167 A 11.9519400000000005
miniFE.c 167 A 1.3002330000000000
miniFE.c 167 A 14.0526599999999995
miniFE.c 167 A 7.6122389999999998
miniFE.c 167 A 65.6581999999999937
miniFE.c 167 A 2.6745570000000001
miniFE.c 167 A 6.4080630000000003
miniFE.c 167 A 6.9539020000000002
miniFE.c 167 A 12.3511699999999998
miniFE.c 167 A 4.7210279999999996
miniFE.c 167 A 3.7993380000000001
miniFE.c 167 A 3.4261349999999999
miniFE.c 167 A 2.6745570000000001
miniFE.c 167 A 64.8721800000000002
miniFE.c 175 b 198.0110999999999990
miniFE.c 175 b 229.8237000000000023
miniFE.c 175 b 210.8053999999999917
miniFE.c 175 b 202.6418999999999926
miniFE.c 175 b 157.2561000000000035
miniFE.c 175 b 225.5886000000000138
miniFE.c 175 b 142.6283999999999992
miniFE.c 175 b 185.1795999999999935
miniFE.c 33 r 0.0000000000000000
miniFE.c 33 r 0.0000000000000000
miniFE.c 33 r 0.0000000000000000
miniFE.c 33 r 0.0000000000000000
miniFE.c 33 r 0.0000000000000000
miniFE.c 33 r 0.0000000000000000
miniFE.c 33 r 0.0000000000000000
miniFE.c 33 r 0.0000000000000000
miniFE.c 25 Ap 0.0000000000000000
miniFE.c 25 Ap 0.0000000000000000
miniFE.c 25 Ap 0.0000000000000000
miniFE.c 25 Ap 0.0000000000000000
miniFE.c 25 Ap 0.0000000000000000
miniFE.c 25 Ap 0.0000000000000000
miniFE.c 25 Ap 0.0000000000000000
miniFE.c 25 Ap 0.0000000000000000
miniFE.c 25 Ap 0.0000000000000000
miniFE.c 25 Ap 0.0000000000000000
miniFE.c 25 Ap 0.0000000000000000
miniFE.c 25 Ap 0.0000000000000000
miniFE.c 25 Ap 0.0000000000000000
miniFE.c 25 Ap 0.0000000000000000
miniFE.c 25 Ap 0.0000000000000000
miniFE.c 25 Ap 0.0000000000000000
miniFE.c 25 Ap 0.0000000000000000
miniFE.c 25 Ap 0.0000000000000000
miniFE.c 25 Ap 0.0000000000000000
miniFE.c 25 Ap 0.0000000000000000
miniFE.c 25 Ap 0.0000000000000000
miniFE.c 25 Ap 0.0000000000000000
miniFE.c 25 Ap 0.0000000000000000
miniFE.c 25 Ap 0.0000000000000000
miniFE.c 25 Ap 0.0000000000000000
miniFE.c 25 Ap 0.0000000000000000
miniFE.c 25 Ap 0.0000000000000000
miniFE.c 25 Ap 0.0000000000000000
miniFE.c 25 Ap 0.0000000000000000
miniFE.c 25 Ap 0.0000000000000000
miniFE.c 25 Ap 0.0000000000000000
miniFE.c 25 Ap 0.0000000000000000
miniFE.c 25 Ap 0.0000000000000000
miniFE.c 25 Ap 0.0000000000000000
miniFE.c 25 Ap 0.0000000000000000
miniFE.c 25 Ap 0.0000000000000000
miniFE.c 25 Ap 0.0000000000000000
miniFE.c 25 Ap 0.0000000000000000
miniFE.c 25 Ap 0.0000000000000000
miniFE.c 25 Ap 0.0000000000000000
miniFE.c 25 Ap 0.0000000000000000
miniFE.c 25 Ap 0.0000000000000000
miniFE.c 25 Ap 0.0000000000000000
miniFE.c 25 Ap 0.0000000000000000
miniFE.c 25 Ap 0.0000000000000000
miniFE.c 25 Ap 0.0000000000000000
miniFE.c 25 Ap 0.0000000000000000
miniFE.c 25 Ap 0.0000000000000000
miniFE.c 25 Ap 0.0000000000000000
miniFE.c 25 Ap 0.0000000000000000
miniFE.c 25 Ap 0.0000000000000000
miniFE.c 25 Ap 0.0000000000000000
miniFE.c 25 Ap 0.0000000000000000
miniFE.c 25 Ap 0.0000000000000000
miniFE.c 25 Ap 0.0000000000000000
miniFE.c 25 Ap 0.0000000000000000
miniFE.c 25 Ap 0.0000000000000000
miniFE.c 25 Ap 0.0000000000000000
miniFE.c 25 Ap 0.0000000000000000
miniFE.c 25 Ap 0.0000000000000000
miniFE.c 25 Ap 0.0000000000000000
miniFE.c 25 Ap 0.0000000000000000
miniFE.c 25 Ap 0.0000000000000000
miniFE.c 25 Ap 0.0000000000000000
miniFE.c 33 r 198.0110999999999990
miniFE.c 33 r 229.8237000000000023
miniFE.c 33 r 210.8053999999999917
miniFE.c 33 r 202.6418999999999926
miniFE.c 33 r 157.2561000000000035
miniFE.c 33 r 225.5886000000000138
miniFE.c 33 r 142.6283999999999992
miniFE.c 33 r 185.1795999999999935
miniFE.c 48 sum 39208.3957232100001420
miniFE.c 48 sum 92027.3288048999966122
miniFE.c 48 sum 136466.2454740600078367
miniFE.c 48 sum 177529.9851096700003836
miniFE.c 48 sum 202259.4660968800017145
miniFE.c 48 sum 253149.6825468399911188
miniFE.c 48 sum 273492.5430333999684080
miniFE.c 48 sum 307784.0272895599482581
miniFE.c 75 rtrans 307784.0272895599482581
miniFE.c 76 normr 554.7828649927464539
miniFE.c 33 r 198.0110999999999990
miniFE.c 33 r 229.8237000000000023
miniFE.c 33 r 210.8053999999999917
miniFE.c 33 r 202.6418999999999926
miniFE.c 33 r 157.2561000000000035
miniFE.c 33 r 225.5886000000000138
miniFE.c 33 r 142.6283999999999992
miniFE.c 33 r 185.1795999999999935
miniFE.c 87 normr 554.7828649927464539
miniFE.c 25 Ap 13285.4973312810016068
miniFE.c 25 Ap 16752.9738962160008668
miniFE.c 25 Ap 18717.5143203662009910
miniFE.c 25 Ap 21497.0499152972006414
miniFE.c 25 Ap 23708.6069245981998392
miniFE.c 25 Ap 27330.7477216381994367
miniFE.c 25 Ap 28043.4264645949988335
miniFE.c 25 Ap 29230.0690077097970061
miniFE.c 25 Ap 2987.5023718050001662
miniFE.c 25 Ap 18256.2053009880000900
miniFE.c 25 Ap 21290.1102936259994749
miniFE.c 25 Ap 22498.6292991164009436
miniFE.c 25 Ap 24218.0061666374022025
miniFE.c 25 Ap 26395.4473404050004319
miniFE.c 25 Ap 28021.0416928490012651
miniFE.c 25 Ap 29308.7624836482027604
miniFE.c 25 Ap 1845.3076172643000064
miniFE.c 25 Ap 5152.9234129532997031
miniFE.c 25 Ap 19418.9870250392996240
miniFE.c 25 Ap 21366.8164301717988565
miniFE.c 25 Ap 24008.4327040697971825
miniFE.c 25 Ap 27657.4839652037990163
miniFE.c 25 Ap 29362.1700442997971550
miniFE.c 25 Ap 31649.3547644317950471
miniFE.c 25 Ap 2716.0172730389999742
miniFE.c 25 Ap 4086.6435322781999275
miniFE.c 25 Ap 6112.9419280231995799
miniFE.c 25 Ap 19366.0687056721981207
miniFE.c 25 Ap 19942.9016931553996983
miniFE.c 25 Ap 22443.7520980093977414
miniFE.c 25 Ap 22629.2022504265987664
miniFE.c 25 Ap 23503.4403270553993934
miniFE.c 25 Ap 2784.7112838509997346
miniFE.c 25 Ap 5297.5139884079999320
miniFE.c 25 Ap 8838.6610425799990480
miniFE.c 25 Ap 9581.9742276727993158
miniFE.c 25 Ap 20049.1383863587980159
miniFE.c 25 Ap 21061.8523085989982064
miniFE.c 25 Ap 23066.1607201429978886
miniFE.c 25 Ap 23769.7206112477979332
miniFE.c 25 Ap 3179.3454260399998930
miniFE.c 25 Ap 5397.6649115441996400
miniFE.c 25 Ap 8807.5877122702004272
miniFE.c 25 Ap 11054.0535250612010714
miniFE.c 25 Ap 11760.0087099739012046
miniFE.c 25 Ap 26753.3647406958989450
miniFE.c 25 Ap 27839.0862096834971453
miniFE.c 25 Ap 28473.5365185294976982
miniFE.c 25 Ap 989.4123599472000024
miniFE.c 25 Ap 3608.8072965641999872
miniFE.c 25 Ap 6128.3407890401995246
miniFE.c 25 Ap 6391.8224746028990921
miniFE.c 25 Ap 8601.6889808288997301
miniFE.c 25 Ap 10318.9233197042995016
miniFE.c 25 Ap 19683.6473325842962367
miniFE.c 25 Ap 20178.9207280214977800
miniFE.c 25 Ap 1268.8676034993000030
miniFE.c 25 Ap 2867.0390905766998912
miniFE.c 25 Ap 5470.7324228946999938
miniFE.c 25 Ap 6427.4105067679001877
miniFE.c 25 Ap 7024.8795832297000743
miniFE.c 25 Ap 7797.7765812907000509
miniFE.c 25 Ap 8179.2443669095000587
miniFE.c 25 Ap 20192.2487104374995397
miniFE.c 57 sum 5787878.1172925252467394
miniFE.c 57 sum 12523726.3537057451903820
miniFE.c 57 sum 19195581.2445636950433254
miniFE.c 57 sum 23958363.0489748232066631
miniFE.c 57 sum 27696296.6103892698884010
miniFE.c 57 sum 34119601.8506532162427902
miniFE.c 57 sum 36997689.0278177559375763
miniFE.c 57 sum 40736881.5671170875430107
miniFE.c 90 p_ap_dot 40736881.5671170875430107
miniFE.c 91 alpha 0.0075554145395853
miniFE.c 40 y 1.4960559439392744
miniFE.c 40 y 1.7364133245212852
miniFE.c 40 y 1.5927221841830903
miniFE.c 40 y 1.5310435575891859
miniFE.c 40 y 1.1881350243784765
miniFE.c 40 y 1.7044153884046875
miniFE.c 40 y 1.0776166871177848
miniFE.c 40 y 1.3991086422745860
miniFE.c 40 y -22.8341883739316245
miniFE.c 40 y 8.3838497937928480
miniFE.c 40 y -28.3185951556805833
miniFE.c 40 y 25.0636652226906733
miniFE.c 40 y -22.3339927081014764
miniFE.c 40 y 10.4592281944898673
miniFE.c 40 y -9.8317110616323760
miniFE.c 40 y 32.6187905062384118
miniFE.c 82 oldrtrans 307784.0272895599482581
miniFE.c 48 sum 521.4001586961941257
miniFE.c 48 sum 591.6890960610744514
miniFE.c 48 sum 1393.6319276524102406
miniFE.c 48 sum 2021.8192420475243125
miniFE.c 48 sum 2520.6264723330541528
miniFE.c 48 sum 2630.0219267574657351
miniFE.c 48 sum 2726.6844691568903727
miniFE.c 48 sum 3790.6699632467598349
miniFE.c 83 rtrans 3790.6699632467598349
miniFE.c 84 beta 0.0123160061184089
miniFE.c 40 y -20.3954824548187439
miniFE.c 40 y 11.2143598891482252
miniFE.c 40 y -25.7223145594869429
miniFE.c 40 y 27.5594041029366821
miniFE.c 40 y -20.3972256183443506
miniFE.c 40 y 13.2375787723331708
miniFE.c 40 y -8.0750988145735008
miniFE.c 40 y 34.8994635928429275
miniFE.c 87 normr 61.5684169298412272
miniFE.c 25 Ap -1368.4289806161518754
miniFE.c 25 Ap -1199.2317650706336281
miniFE.c 25 Ap -94302600.7771377563476562
miniFE.c 25 Ap -94302222.7588469684123993
miniFE.c 25 Ap -94302509.6133937090635300
miniFE.c 25 Ap -94302297.0655339062213898
miniFE.c 25 Ap -94302337.4148000627756119
miniFE.c 25 Ap -94302113.7768386900424957
miniFE.c 25 Ap -307.7178613112005223
miniFE.c 25 Ap 437.3259687565855529
miniFE.c 25 Ap 67.1311892858862507
miniFE.c 25 Ap 231.4904044254456608
miniFE.c 25 Ap 8.4750944324596844
miniFE.c 25 Ap 136.2477259389728772
miniFE.c 25 Ap 44.2125139587647027
miniFE.c 25 Ap 286.8999636359623082
miniFE.c 25 Ap -190.0698452342187466
miniFE.c 25 Ap -28.6731141403941479
miniFE.c 25 Ap -1769.4073446474239972
miniFE.c 25 Ap -1504.5015295142784453
miniFE.c 25 Ap -1847.1377969518380269
miniFE.c 25 Ap -1633.0108263799961605
miniFE.c 25 Ap -1729.5239229058497585
miniFE.c 25 Ap -1298.4747151618360022
miniFE.c 25 Ap -279.7544311366967804
miniFE.c 25 Ap -212.8740522000363740
miniFE.c 25 Ap -460.1214411508727835
miniFE.c 25 Ap 1342.3107137622018854
miniFE.c 25 Ap 1267.4914057048456471
miniFE.c 25 Ap 1414.2417478412662604
miniFE.c 25 Ap 1403.7422378842968556
miniFE.c 25 Ap 1568.5035826910889227
miniFE.c 25 Ap -286.8300319099224680
miniFE.c 25 Ap -164.2165944823325390
miniFE.c 25 Ap -596.3046644692149130
miniFE.c 25 Ap -495.2136835663836223
miniFE.c 25 Ap -1852.8787212276629361
miniFE.c 25 Ap -1793.4524899398534217
miniFE.c 25 Ap -1906.9291080474579303
miniFE.c 25 Ap -1774.3342498395531948
miniFE.c 25 Ap -327.4780244875516928
miniFE.c 25 Ap -219.2340398177625218
miniFE.c 25 Ap -635.3102262145098393
miniFE.c 25 Ap -329.7897038638051299
miniFE.c 25 Ap -421.3570718902559520
miniFE.c 25 Ap 458.4557002015919807
miniFE.c 25 Ap 396.9861180764418123
miniFE.c 25 Ap 516.5563917731067249
miniFE.c 25 Ap -101.9111677470804693
miniFE.c 25 Ap 25.9034897970964124
miniFE.c 25 Ap -281.5280704790179698
miniFE.c 25 Ap -245.6944238040443054
miniFE.c 25 Ap -532.3297003619271663
miniFE.c 25 Ap -431.5620869656004857
miniFE.c 25 Ap -961.7585399526303718
miniFE.c 25 Ap -868.4179353041471359
miniFE.c 25 Ap -130.6955364858731627
miniFE.c 25 Ap -52.7119768240055322
miniFE.c 25 Ap -370.4126567417038700
miniFE.c 25 Ap -240.3039383084249323
miniFE.c 25 Ap -317.7998926947741438
miniFE.c 25 Ap -272.4461607476264362
miniFE.c 25 Ap -294.0434728078357125
miniFE.c 25 Ap 1969.9608112905175403
miniFE.c 57 sum 1923337106.9878344535827637
miniFE.c 57 sum 1923340324.3872787952423096
miniFE.c 57 sum 1923373724.1623497009277344
miniFE.c 57 sum 1923416951.1864218711853027
miniFE.c 57 sum 1923453142.6824381351470947
miniFE.c 57 sum 1923459980.6383645534515381
miniFE.c 57 sum 1923466993.1990044116973877
miniFE.c 57 sum 1923535743.7746174335479736
miniFE.c 90 p_ap_dot 1923535743.7746174335479736
miniFE.c 91 alpha 0.0000019706782032
miniFE.c 40 y 1.4960157510065579
miniFE.c 40 y 1.7364354244158811
miniFE.c 40 y 1.5926714937784532
miniFE.c 40 y 1.5310978683061434
miniFE.c 40 y 1.1880948280105457
miniFE.c 40 y 1.7044414754126367
miniFE.c 40 y 1.0776007736965625
miniFE.c 40 y 1.3991774178867902
miniFE.c 40 y 163.0049317575556529
miniFE.c 40 y 8.3832844062880252
miniFE.c 40 y -28.3160362798620646
miniFE.c 40 y 25.0605742068686936
miniFE.c 40 y -22.3304960662702072
miniFE.c 40 y 10.4582102280678999
miniFE.c 40 y -9.8299996893360433
miniFE.c 40 y 32.6149083474065336
miniFE.c 82 oldrtrans 3790.6699632467598349
miniFE.c 48 sum 26570.6077772853750503
miniFE.c 48 sum 26640.8872347220858501
miniFE.c 48 sum 27442.6851453245508310
miniFE.c 48 sum 28070.7175249025240191
miniFE.c 48 sum 28569.3685794682314736
miniFE.c 48 sum 28678.7427406426941161
miniFE.c 48 sum 28775.3716345350403572
miniFE.c 48 sum 29839.1038810447680589
miniFE.c 83 rtrans 29839.1038810447680589
miniFE.c 84 beta 7.8717229857402762
miniFE.c 40 y 2.4573437126964279
miniFE.c 40 y 96.6596189160598840
miniFE.c 40 y -230.7949710442171920
miniFE.c 40 y 242.0005689572602421
miniFE.c 40 y -182.8918058115218344
miniFE.c 40 y 114.6607633257904695
miniFE.c 40 y -73.3949406401383300
miniFE.c 40 y 307.3338181011941401
miniFE.c 87 normr 172.7399892353961093
miniFE.c 25 Ap 164.8747637736901765
miniFE.c 25 Ap 1623.2315971506893675
miniFE.c 25 Ap -527.5958973392027929
miniFE.c 25 Ap 2791.8024867573676602
miniFE.c 25 Ap 219.7200359895537076
miniFE.c 25 Ap 2060.7591162537755736
miniFE.c 25 Ap 1694.0227998202831259
miniFE.c 25 Ap 3663.4372682432758666
miniFE.c 25 Ap 37.0752961324929942
miniFE.c 25 Ap 6458.8107676150075349
miniFE.c 25 Ap 3137.2164681957647190
miniFE.c 25 Ap 4580.4633333521760505
miniFE.c 25 Ap 2580.7956564132628046
miniFE.c 25 Ap 3687.5318437968371654
miniFE.c 25 Ap 2851.0196133955182631
miniFE.c 25 Ap 4988.1888657570489158
miniFE.c 25 Ap 22.9005094728288157
miniFE.c 25 Ap 1414.0228451241953280
miniFE.c 25 Ap -14204.8167968695543095
miniFE.c 25 Ap -11878.6649779528015642
miniFE.c 25 Ap -14950.9144524997900589
miniFE.c 25 Ap -13096.1974897784348286
miniFE.c 25 Ap -13973.4094166129289079
miniFE.c 25 Ap -10177.4771824960025697
miniFE.c 25 Ap 33.7061304617634292
miniFE.c 25 Ap 610.1663123072639792
miniFE.c 25 Ap -1608.2753384896846001
miniFE.c 25 Ap 14218.9756922880515049
miniFE.c 25 Ap 13548.1080646891387005
miniFE.c 25 Ap 14819.2246742348852422
miniFE.c 25 Ap 14723.7941503815363831
miniFE.c 25 Ap 16174.7257109841812053
miniFE.c 25 Ap 34.5586321425720726
miniFE.c 25 Ap 1091.3972081193935537
miniFE.c 25 Ap -2785.5382585761544760
miniFE.c 25 Ap -1897.8530675772008181
miniFE.c 25 Ap -14071.3621060674158798
miniFE.c 25 Ap -13556.6262047199343215
miniFE.c 25 Ap -14588.0203512559801311
miniFE.c 25 Ap -13420.3552974590256781
miniFE.c 25 Ap 39.4560935885389270
miniFE.c 25 Ap 972.4404468249805404
miniFE.c 25 Ap -2760.8274583452530351
miniFE.c 25 Ap -78.0357709476515993
miniFE.c 25 Ap -899.0749458393761415
miniFE.c 25 Ap 6721.6543254887328658
miniFE.c 25 Ap 6162.9544959451868635
miniFE.c 25 Ap 7215.9216468253216590
miniFE.c 25 Ap 12.2787371111033021
miniFE.c 25 Ap 1113.9480443411935084
miniFE.c 25 Ap -1644.4996018810279566
miniFE.c 25 Ap -1329.8424761040225803
miniFE.c 25 Ap -3899.9588399593631038
miniFE.c 25 Ap -3027.1337056010111155
miniFE.c 25 Ap -7846.1133971393410320
miniFE.c 25 Ap -7024.1315826000654852
miniFE.c 25 Ap 15.7468133236126100
miniFE.c 25 Ap 687.9083306232392943
miniFE.c 25 Ap -2162.6795918889647510
miniFE.c 25 Ap -1020.1881298258083461
miniFE.c 25 Ap -1715.0559175341441005
miniFE.c 25 Ap -1322.2126631769369851
miniFE.c 25 Ap -1518.5116154306033422
miniFE.c 25 Ap 18418.9031525173195405
miniFE.c 57 sum 9002.3245379753916495
miniFE.c 57 sum 491158.7593833847204223
miniFE.c 57 sum 2840069.3110207305289805
miniFE.c 57 sum 6754362.1358065279200673
miniFE.c 57 sum 9208835.1507910322397947
miniFE.c 57 sum 10036218.2349151186645031
miniFE.c 57 sum 10551753.9554685708135366
miniFE.c 57 sum 16212505.7865678407251835
miniFE.c 90 p_ap_dot 16212505.7865678407251835
miniFE.c 91 alpha 0.0018404991969697
miniFE.c 40 y 1.5005384901364542
miniFE.c 40 y 1.9143373754102868
miniFE.c 40 y 1.1678935349069257
miniFE.c 40 y 1.9764997211381921
miniFE.c 40 y 0.8514826062821009
miniFE.c 40 y 1.9154745182376871
miniFE.c 40 y 0.9425174443867489
miniFE.c 40 y 1.9648250633036706
miniFE.c 40 y 156.2623784072050341
miniFE.c 40 y -0.7974731954710350
miniFE.c 40 y -9.5843976983006982
miniFE.c 40 y -4.7089954754028938
miniFE.c 40 y 2.3696570817512246
miniFE.c 40 y -2.8226877683103986
miniFE.c 40 y 3.0979088478489043
miniFE.c 40 y -1.2850681138643196
miniFE.c 82 oldrtrans 29839.1038810447680589
miniFE.c 48 sum 24417.9309054765399196
miniFE.c 48 sum 24418.5668689740341506
miniFE.c 48 sum 24510.4275482132252364
miniFE.c 48 sum 24532.6021866005903576
miniFE.c 48 sum 24538.2174612856833846
miniFE.c 48 sum 24546.1850275230535772
miniFE.c 48 sum 24555.7820667526357283
miniFE.c 48 sum 24557.4334668099072587
miniFE.c 83 rtrans 24557.4334668099072587
miniFE.c 84 beta 0.8229950056378861
miniFE.c 40 y 158.2847600098898511
miniFE.c 40 y 78.7529104193075966
miniFE.c 40 y -199.5275061940319858
miniFE.c 40 y 194.4562641379491197
miniFE.c 40 y -148.1493856732253391
miniFE.c 40 y 91.5425477914428427
miniFE.c 40 y -57.3057607380740563
miniFE.c 40 y 251.6491292470410031
miniFE.c 87 normr 156.7081155103650190
miniFE.c 25 Ap 10620.0700702831582021
miniFE.c 25 Ap 11808.2585438799833355
miniFE.c 25 Ap 9948.8192142989792046
miniFE.c 25 Ap 12616.0766167845176824
miniFE.c 25 Ap 10532.5910648138233228
miniFE.c 25 Ap 12002.4348291723454167
miniFE.c 25 Ap 11716.0921545928522391
miniFE.c 25 Ap 13328.6756287030329986
miniFE.c 25 Ap 2388.1292308872134527
miniFE.c 25 Ap 7620.2040517214800275
miniFE.c 25 Ap 4748.6101684021577967
miniFE.c 25 Ap 5908.3115477682849814
miniFE.c 25 Ap 4288.5039430776514564
miniFE.c 25 Ap 5172.0969646783705684
miniFE.c 25 Ap 4518.9597141846379600
miniFE.c 25 Ap 6268.9030973538947364
miniFE.c 25 Ap 1475.0893931860455268
miniFE.c 25 Ap 2608.4989173534077054
miniFE.c 25 Ap -10894.3434942970707198
miniFE.c 25 Ap -9025.1958535568792286
miniFE.c 25 Ap -11513.8359009851392329
miniFE.c 25 Ap -10033.0720261005753855
miniFE.c 25 Ap -10717.9870400963918655
miniFE.c 25 Ap -7609.8258644142169942
miniFE.c 25 Ap 2171.1113278280540726
miniFE.c 25 Ap 2640.7791950332875786
miniFE.c 25 Ap 722.8858881826681682
miniFE.c 25 Ap 13440.6580830162165512
miniFE.c 25 Ap 12897.2295436356307619
miniFE.c 25 Ap 13912.0601587713099434
miniFE.c 25 Ap 13837.5493175695610262
miniFE.c 25 Ap 15025.5919029204596882
miniFE.c 25 Ap 2226.0234767706847379
miniFE.c 25 Ap 3087.0770856603303400
miniFE.c 25 Ap -264.6218783381336834
miniFE.c 25 Ap 448.6654776214470530
miniFE.c 25 Ap -9412.3443010143801075
miniFE.c 25 Ap -9001.3908546712009411
miniFE.c 25 Ap -9806.6892263647041545
miniFE.c 25 Ap -8850.5891269495095912
miniFE.c 25 Ap 2541.4834206227956201
miniFE.c 25 Ap 3301.6274602641242382
miniFE.c 25 Ap 74.1323735963828767
miniFE.c 25 Ap 2229.8531276406315556
miniFE.c 25 Ap 1564.7798684306885661
miniFE.c 25 Ap 7648.9969387812579953
miniFE.c 25 Ap 7212.7717919662218264
miniFE.c 25 Ap 8074.9556813990329829
miniFE.c 25 Ap 790.9096911489370996
miniFE.c 25 Ap 1688.4888998910578266
miniFE.c 25 Ap -696.2518824896410479
miniFE.c 25 Ap -443.4134308007630807
miniFE.c 25 Ap -2525.3063768754700504
miniFE.c 25 Ap -1828.4626244180849426
miniFE.c 25 Ap -5591.0557241106980655
miniFE.c 25 Ap -4918.0057839391201924
miniFE.c 25 Ap 1014.2987140832548221
miniFE.c 25 Ap 1561.9387353538986645
miniFE.c 25 Ap -902.4594133246432648
miniFE.c 25 Ap 15.5740544460103365
miniFE.c 25 Ap -547.2955362189302377
miniFE.c 25 Ap -233.6584092414952352
miniFE.c 25 Ap -386.9259327638363857
miniFE.c 25 Ap 15938.1016765934728028
miniFE.c 57 sum 2109726.2231389274820685
miniFE.c 57 sum 2603420.5871921586804092
miniFE.c 57 sum 4121790.1644895710051060
miniFE.c 57 sum 7043610.6323929019272327
miniFE.c 57 sum 8354819.9743965994566679
miniFE.c 57 sum 9094021.9907748531550169
miniFE.c 57 sum 9375852.0535377319902182
miniFE.c 57 sum 13386661.4623032845556736
miniFE.c 90 p_ap_dot 13386661.4623032845556736
miniFE.c 91 alpha 0.0018344703446758
miniFE.c 40 y 1.7909071883887249
miniFE.c 40 y 2.0588072541314171
miniFE.c 40 y 0.8018662418468547
miniFE.c 40 y 2.3332239710357063
miniFE.c 40 y 0.5797069516826295
miniFE.c 40 y 2.0834066074371571
miniFE.c 40 y 0.8373917257336646
miniFE.c 40 y 2.4264679281708577
miniFE.c 40 y 131.8113182325460855
miniFE.c 40 y -12.2975900212130949
miniFE.c 40 y 4.3756021781141534
miniFE.c 40 y -32.2729982325114690
miniFE.c 40 y 18.6058003680502786
miniFE.c 40 y -17.6359545004083813
miniFE.c 40 y 12.1198446134293363
miniFE.c 40 y -30.5230429900028746
miniFE.c 82 oldrtrans 24557.4334668099072587
miniFE.c 48 sum 17374.2236142015353835
miniFE.c 48 sum 17525.4543345313759346
miniFE.c 48 sum 17544.6002289524949447
miniFE.c 48 sum 18586.1466438681818545
miniFE.c 48 sum 18932.3224512039232650
miniFE.c 48 sum 19243.3493423443978827
miniFE.c 48 sum 19390.2399757980711001
miniFE.c 48 sum 20321.8961291676350811
miniFE.c 83 rtrans 20321.8961291676350811
miniFE.c 84 beta 0.8275252443067096
miniFE.c 40 y 262.7959529297590962
miniFE.c 40 y 52.8724314133888385
miniFE.c 40 y -160.7384461310106758
miniFE.c 40 y 128.6444692552149149
miniFE.c 40 y -103.9915562050744597
miniFE.c 40 y 58.1178147251640027
miniFE.c 40 y -35.3021190415272414
miniFE.c 40 y 177.7229641697254863
miniFE.c 87 normr 142.5548881279335092
miniFE.c 25 Ap 17632.2182509958402079
miniFE.c 25 Ap 18429.9337035669159377
miniFE.c 25 Ap 16931.9778867830027593
miniFE.c 25 Ap 18696.5284628774643352
miniFE.c 25 Ap 17234.0525714274590428
miniFE.c 25 Ap 18167.2154517805829528
miniFE.c 25 Ap 17990.8195178555943130
miniFE.c 25 Ap 19129.6794688019363093
miniFE.c 25 Ap 3964.9470796253867775
miniFE.c 25 Ap 7477.6111277398213133
miniFE.c 25 Ap 5164.2682331756996064
miniFE.c 25 Ap 5931.4801772314585833
miniFE.c 25 Ap 4794.4770583920944773
miniFE.c 25 Ap 5355.4456654580944814
miniFE.c 25 Ap 4953.0929408730016803
miniFE.c 25 Ap 6188.9610168587842054
miniFE.c 25 Ap 2449.0514608903990847
miniFE.c 25 Ap 3209.9899076189490188
miniFE.c 25 Ap -7667.8381623112200032
miniFE.c 25 Ap -6431.2850110479739669
miniFE.c 25 Ap -8178.1538906609312107
miniFE.c 25 Ap -7238.0581361892427594
miniFE.c 25 Ap -7659.9869448464341986
miniFE.c 25 Ap -5464.9004014822457975
miniFE.c 25 Ap 3604.6380604015112112
miniFE.c 25 Ap 3919.9595128235823722
miniFE.c 25 Ap 2374.9134393842350619
miniFE.c 25 Ap 10788.4817107177150319
miniFE.c 25 Ap 10407.0290355032066145
miniFE.c 25 Ap 11051.3167365867557237
miniFE.c 25 Ap 11005.4157564390334301
miniFE.c 25 Ap 11844.4508465273047477
miniFE.c 25 Ap 3695.8072323919031987
miniFE.c 25 Ap 4273.8937772176450380
miniFE.c 25 Ap 1573.7804261886244603
miniFE.c 25 Ap 2045.6627475973093624
miniFE.c 25 Ap -4876.1462627732653345
miniFE.c 25 Ap -4615.2433620843557947
miniFE.c 25 Ap -5111.3320382544643508
miniFE.c 25 Ap -4436.1024270117877677
miniFE.c 25 Ap 4219.5569386213837788
miniFE.c 25 Ap 4729.8957106901689258
miniFE.c 25 Ap 2129.8404349932411606
miniFE.c 25 Ap 3555.9788702649357219
miniFE.c 25 Ap 3089.1392482082219431
miniFE.c 25 Ap 6951.8392600967727049
miniFE.c 25 Ap 6683.1110927462159452
miniFE.c 25 Ap 7292.0139605918584493
miniFE.c 25 Ap 1313.1262033936795888
miniFE.c 25 Ap 1915.7349819089517950
miniFE.c 25 Ap -5.4012819421200220
miniFE.c 25 Ap 161.8665022509958362
miniFE.c 25 Ap -1299.4914799698058232
miniFE.c 25 Ap -857.0847841241381957
miniFE.c 25 Ap -3174.9583765765419230
miniFE.c 25 Ap -2699.6281786956533324
miniFE.c 25 Ap 1684.0130225189309385
miniFE.c 25 Ap 2051.6827290693581745
miniFE.c 25 Ap 66.3748553694031216
miniFE.c 25 Ap 673.7089967684117937
miniFE.c 25 Ap 278.6099255993365773
miniFE.c 25 Ap 477.7294047527363432
miniFE.c 25 Ap 383.3118751553863603
miniFE.c 25 Ap 11912.5879969073685061
miniFE.c 57 sum 5027202.3452446525916457
miniFE.c 57 sum 5354427.7621286557987332
miniFE.c 57 sum 6232847.3609236478805542
miniFE.c 57 sum 7756570.4536946341395378
miniFE.c 57 sum 8217887.6485646981745958
miniFE.c 57 sum 8641683.5648996848613024
miniFE.c 57 sum 8736986.1602318603545427
miniFE.c 57 sum 10854126.6099749300628901
miniFE.c 90 p_ap_dot 10854126.6099749300628901
miniFE.c 91 alpha 0.0018722737314020
miniFE.c 40 y 2.2829331477778725
miniFE.c 40 y 2.1577989185820594
miniFE.c 40 y 0.5009198715293861
miniFE.c 40 y 2.5740816315123989
miniFE.c 40 y 0.3850062927122527
miniFE.c 40 y 2.1922190652735707
miniFE.c 40 y 0.7712964955893864
miniFE.c 40 y 2.7592139654527355
miniFE.c 40 y 95.9953218729678213
miniFE.c 40 y -23.8850191577488822
miniFE.c 40 y 14.6073916445376710
miniFE.c 40 y -54.4490524153468698
miniFE.c 40 y 26.9113984119531580
miniFE.c 40 y -31.2886006878412672
miniFE.c 40 y 17.1742875369538659
miniFE.c 40 y -52.8266685696274578
miniFE.c 82 oldrtrans 20321.8961291676350811
miniFE.c 48 sum 9215.1018214946943772
miniFE.c 48 sum 9785.5959616607251519
miniFE.c 48 sum 9998.9718523176343297
miniFE.c 48 sum 12963.6711612468243402
miniFE.c 48 sum 13687.8945257336999930
miniFE.c 48 sum 14666.8710587368805136
miniFE.c 48 sum 14961.8272111388487247
miniFE.c 48 sum 17752.4841233041152009
miniFE.c 83 rtrans 17752.4841233041152009
miniFE.c 84 beta 0.8735643569117701
miniFE.c 40 y 325.5644994930686380
miniFE.c 40 y 22.3024523882498151
miniFE.c 40 y -125.8079856808958823
miniFE.c 40 y 57.9301706398409380
miniFE.c 40 y -63.9319185085869179
miniFE.c 40 y 19.4810507576640290
miniFE.c 40 y -13.6643853811806331
miniFE.c 40 y 102.4257783337523620
miniFE.c 87 normr 133.2384483672191209
miniFE.c 25 Ap 21843.6556797825905960
miniFE.c 25 Ap 22180.1450453129291418
miniFE.c 25 Ap 21007.7136296517091978
miniFE.c 25 Ap 21802.3122359313820198
miniFE.c 25 Ap 20903.2114538585374248
miniFE.c 25 Ap 21216.0069972438941477
miniFE.c 25 Ap 21147.7294522617085022
miniFE.c 25 Ap 21804.0802926484284399
miniFE.c 25 Ap 4911.9706643266481478
miniFE.c 25 Ap 6393.6695496393222129
miniFE.c 25 Ap 4583.0447939594387208
miniFE.c 25 Ap 4928.5296725040525416
miniFE.c 25 Ap 4229.5230089793813022
miniFE.c 25 Ap 4417.5592928518562985
miniFE.c 25 Ap 4261.8206902645342780
miniFE.c 25 Ap 4974.0795150711710448
miniFE.c 25 Ap 3034.0049160142984874
miniFE.c 25 Ap 3354.9811417124183208
miniFE.c 25 Ap -5158.9598039752418117
miniFE.c 25 Ap -4602.1248660052287960
miniFE.c 25 Ap -5676.0647408578033719
miniFE.c 25 Ap -5360.9453029275646259
miniFE.c 25 Ap -5524.2612171403125103
miniFE.c 25 Ap -4259.1830165578203378
miniFE.c 25 Ap 4465.6022016516808435
miniFE.c 25 Ap 4598.6099240439634741
miniFE.c 25 Ap 3389.3215492816980259
miniFE.c 25 Ap 7178.0537697190893596
miniFE.c 25 Ap 6943.5443322547198477
miniFE.c 25 Ap 7159.5091180385998086
miniFE.c 25 Ap 7141.7422332412716059
miniFE.c 25 Ap 7625.2972006767095081
miniFE.c 25 Ap 4578.5470378158161111
miniFE.c 25 Ap 4822.3933542725080770
miniFE.c 25 Ap 2709.0481653673964502
miniFE.c 25 Ap 2921.5425194534445836
miniFE.c 25 Ap -1333.8465306954221887
miniFE.c 25 Ap -1246.3920612667616297
miniFE.c 25 Ap -1438.4130231374633695
miniFE.c 25 Ap -1049.2628713344613516
miniFE.c 25 Ap 5227.3938296605074356
miniFE.c 25 Ap 5442.6630325642299795
miniFE.c 25 Ap 3407.6320566656195297
miniFE.c 25 Ap 4049.8395560601256875
miniFE.c 25 Ap 3762.8359399679475246
miniFE.c 25 Ap 5057.6102763582766784
miniFE.c 25 Ap 4953.5937090486231682
miniFE.c 25 Ap 5304.5182531001337338
miniFE.c 25 Ap 1626.7650639709895586
miniFE.c 25 Ap 1880.9552578453519800
miniFE.c 25 Ap 377.3057614664251105
miniFE.c 25 Ap 452.6284810279773865
miniFE.c 25 Ap -445.7850329209015854
miniFE.c 25 Ap -297.4906185824319209
miniFE.c 25 Ap -1194.6695668170659701
miniFE.c 25 Ap -920.7259843940802284
miniFE.c 25 Ap 2086.2378233150520828
miniFE.c 25 Ap 2241.3268915826074590
miniFE.c 25 Ap 687.4510730802967373
miniFE.c 25 Ap 960.9410307157636453
miniFE.c 25 Ap 718.0420633131860768
miniFE.c 25 Ap 784.7867731507952840
miniFE.c 25 Ap 748.2405955788609617
miniFE.c 25 Ap 7392.8241242861440696
miniFE.c 57 sum 7098634.4873827667906880
miniFE.c 57 sum 7209568.6589430104941130
miniFE.c 57 sum 7745407.8949024314060807
miniFE.c 57 sum 8187142.6629171343520284
miniFE.c 57 sum 8254224.0513013750314713
miniFE.c 57 sum 8357561.6406349744647741
miniFE.c 57 sum 8370142.7953162016347051
miniFE.c 57 sum 9127358.5603307504206896
miniFE.c 90 p_ap_dot 9127358.5603307504206896
miniFE.c 91 alpha 0.0019449749898574
miniFE.c 40 y 2.9161479568773316
miniFE.c 40 y 2.2011766306896905
miniFE.c 40 y 0.2562264858557063
miniFE.c 40 y 2.6867543645650609
miniFE.c 40 y 0.2606603101594500
miniFE.c 40 y 2.2301092217733696
miniFE.c 40 y 0.7447196077712170
miniFE.c 40 y 2.9584295426285614
miniFE.c 40 y 53.5869310269241055
miniFE.c 40 y -33.5594794121243112
miniFE.c 40 y 22.8913960889680084
miniFE.c 40 y -69.2800647608926852
miniFE.c 40 y 28.9521884544846451
miniFE.c 40 y -41.6057560233630710
miniFE.c 40 y 18.9650765491121831
miniFE.c 40 y -67.2055265957784087
miniFE.c 82 oldrtrans 17752.4841233041152009
miniFE.c 48 sum 2871.5591768843214595
miniFE.c 48 sum 3997.7978352971167624
miniFE.c 48 sum 4521.8138501991361409
miniFE.c 48 sum 9321.5412234726209135
miniFE.c 48 sum 10159.7704397766156035
miniFE.c 48 sum 11890.8093740522272128
miniFE.c 48 sum 12250.4835025659122039
miniFE.c 48 sum 16767.0663075817901699
miniFE.c 83 rtrans 16767.0663075817901699
miniFE.c 84 beta 0.9444912718198833
miniFE.c 40 y 361.0797592125362598
miniFE.c 40 y -12.4950077912438502
miniFE.c 40 y -95.9331483118790231
miniFE.c 40 y -14.5655242165264553
miniFE.c 40 y -31.4309505675757528
miniFE.c 40 y -23.2060736168692685
miniFE.c 40 y 6.0591838218038649
miniFE.c 40 y 29.5347270498088079
miniFE.c 87 normr 129.4877071678303651
miniFE.c 25 Ap 24226.5417312349527492
miniFE.c 25 Ap 24038.0226764341714443
miniFE.c 25 Ap 23144.0012335551800788
miniFE.c 25 Ap 22944.2133662944361276
miniFE.c 25 Ap 22502.1870217728865100
miniFE.c 25 Ap 22129.5810213509867026
miniFE.c 25 Ap 22159.8572602309541253
miniFE.c 25 Ap 22349.1176518539323297
miniFE.c 25 Ap 5447.8089211071019236
miniFE.c 25 Ap 4617.6832114334283688
miniFE.c 25 Ap 3237.0162189233146819
miniFE.c 25 Ap 3150.1501125524068812
miniFE.c 25 Ap 2806.4963571172547745
miniFE.c 25 Ap 2582.5051617516505758
miniFE.c 25 Ap 2651.5641640341164020
miniFE.c 25 Ap 2856.9457615352357607
miniFE.c 25 Ap 3364.9791860903374072
miniFE.c 25 Ap 3185.1514088089897996
miniFE.c 25 Ap -3307.0371040324598653
miniFE.c 25 Ap -3447.0434717684502175
miniFE.c 25 Ap -3975.0262369736897199
miniFE.c 25 Ap -4350.4004899173460217
miniFE.c 25 Ap -4277.9814884301758866
miniFE.c 25 Ap -3913.1930537343887408
miniFE.c 25 Ap 4952.7469064411616273
miniFE.c 25 Ap 4878.2289790556169464
miniFE.c 25 Ap 3956.1027691808812961
miniFE.c 25 Ap 3003.4925783736407539
miniFE.c 25 Ap 2888.2003314253092867
miniFE.c 25 Ap 2630.9403519767943180
miniFE.c 25 Ap 2638.8187027349699747
miniFE.c 25 Ap 2778.2529761094747300
miniFE.c 25 Ap 5078.0126965071740415
miniFE.c 25 Ap 4941.3971543707521050
miniFE.c 25 Ap 3329.8948610611123513
miniFE.c 25 Ap 3276.4668868961812223
miniFE.c 25 Ap 1184.3832141206239612
miniFE.c 25 Ap 1080.2063459972591772
miniFE.c 25 Ap 1165.3539961225694697
miniFE.c 25 Ap 1277.5664069225358617
miniFE.c 25 Ap 5797.6410458201671645
miniFE.c 25 Ap 5677.0359069470086979
miniFE.c 25 Ap 4125.2510391300302217
miniFE.c 25 Ap 3963.7792398732817674
miniFE.c 25 Ap 3822.6791965686666117
miniFE.c 25 Ap 2280.3276601308079989
miniFE.c 25 Ap 2326.4516155273122422
miniFE.c 25 Ap 2427.6415775881091577
miniFE.c 25 Ap 1804.2260090047589074
miniFE.c 25 Ap 1661.8152822547583582
miniFE.c 25 Ap 515.2280496200789912
miniFE.c 25 Ap 496.2894743714521724
miniFE.c 25 Ap 54.6010125685031085
miniFE.c 25 Ap -122.0491660547001800
miniFE.c 25 Ap 275.7859371540622533
miniFE.c 25 Ap 354.7782481282177400
miniFE.c 25 Ap 2313.8218450587628467
miniFE.c 25 Ap 2226.9327853892168605
miniFE.c 25 Ap 1042.0461619539860294
miniFE.c 25 Ap 973.2819142930866292
miniFE.c 25 Ap 853.8651094255744738
miniFE.c 25 Ap 774.3579683942421070
miniFE.c 25 Ap 790.5636008991343715
miniFE.c 25 Ap 2706.5457303252005659
miniFE.c 57 sum 8069814.0203440617769957
miniFE.c 57 sum 8034116.4607945177704096
miniFE.c 57 sum 8409521.3903914336115122
miniFE.c 57 sum 8369054.6793882744386792
miniFE.c 57 sum 8328899.5528054963797331
miniFE.c 57 sum 8272563.5236406140029430
miniFE.c 57 sum 8274713.1902620000764728
miniFE.c 57 sum 8354650.2796549806371331
miniFE.c 90 p_ap_dot 8354650.2796549806371331
miniFE.c 91 alpha 0.0020069142030292
miniFE.c 40 y 3.6408040540673485
miniFE.c 40 y 2.1761002220864820
miniFE.c 40 y 0.0636968879672858
miniFE.c 40 y 2.6575226071403475
miniFE.c 40 y 0.1975810890506723
miniFE.c 40 y 2.1835366230351325
miniFE.c 40 y 0.7568798698419602
miniFE.c 40 y 3.0177032058274147
miniFE.c 40 y 8.7341693862469612
miniFE.c 40 y -39.2931244382335620
miniFE.c 40 y 30.7448388077029158
miniFE.c 40 y -74.8557801182550406
miniFE.c 40 y 26.3882222871187757
miniFE.c 40 y -46.4778243852889545
miniFE.c 40 y 18.2530670440178326
miniFE.c 40 y -72.6373316631161998
miniFE.c 82 oldrtrans 16767.0663075817901699
miniFE.c 48 sum 76.2857148676536241
miniFE.c 48 sum 1620.2353429861614131
miniFE.c 48 sum 2565.4804562977965361
miniFE.c 48 sum 8168.8682734103440453
miniFE.c 48 sum 8865.2065488847365486
miniFE.c 48 sum 11025.3947084744977474
miniFE.c 48 sum 11358.5691649879081524
miniFE.c 48 sum 16634.7511161254515173
miniFE.c 83 rtrans 16634.7511161254515173
miniFE.c 84 beta 0.9921086259796976
miniFE.c 40 y 366.9645131676763867
miniFE.c 40 y -51.6895294496101130
miniFE.c 40 y -64.4312651499019324
miniFE.c 40 y -89.3063623353871208
miniFE.c 40 y -4.7946948937146026
miniFE.c 40 y -69.5007701957048312
miniFE.c 40 y 24.2644355800260776
miniFE.c 40 y -43.3356741910449728
miniFE.c 87 normr 128.9757772456729583
miniFE.c 25 Ap 24621.3775912764322129
miniFE.c 25 Ap 23841.5092312289671099
miniFE.c 25 Ap 23241.0605474375552149
miniFE.c 25 Ap 22016.0907215278421063
miniFE.c 25 Ap 21948.6609614126282395
miniFE.c 25 Ap 20832.7287948423145281
miniFE.c 25 Ap 20953.9721618556795875
miniFE.c 25 Ap 20676.2744314919909812
miniFE.c 25 Ap 5536.5954406429755181
miniFE.c 25 Ap 2102.5193653063029160
miniFE.c 25 Ap 1175.2265302068688015
miniFE.c 25 Ap 642.6198176092897256
miniFE.c 25 Ap 590.1964935724228098
miniFE.c 25 Ap -80.6434275613921727
miniFE.c 25 Ap 195.9082931627528410
miniFE.c 25 Ap -105.4437382657031890
miniFE.c 25 Ap 3419.8204616508805884
miniFE.c 25 Ap 2675.9063044979752704
miniFE.c 25 Ap -1684.4209320703516823
miniFE.c 25 Ap -2542.8493154515012975
miniFE.c 25 Ap -2623.3914633212002627
miniFE.c 25 Ap -3747.6143767681605823
miniFE.c 25 Ap -3457.6072985818236702
miniFE.c 25 Ap -3992.8535775800328338
miniFE.c 25 Ap 5033.4650752193019798
miniFE.c 25 Ap 4725.1982324552463979
miniFE.c 25 Ap 4105.8736363629877815
miniFE.c 25 Ap -1734.9151742509229734
miniFE.c 25 Ap -1752.5026521268962370
miniFE.c 25 Ap -2522.9805454317584008
miniFE.c 25 Ap -2491.4311255642342076
miniFE.c 25 Ap -2696.0200568190348349
miniFE.c 25 Ap 5160.7724041274314004
miniFE.c 25 Ap 4595.6192480418794730
miniFE.c 25 Ap 3513.2912584260998301
miniFE.c 25 Ap 3185.7055190673181642
miniFE.c 25 Ap 2866.5645856261080553
miniFE.c 25 Ap 2554.5612415581585992
miniFE.c 25 Ap 2895.5411048561677489
miniFE.c 25 Ap 2730.8942311465111743
miniFE.c 25 Ap 5892.1290092254794217
miniFE.c 25 Ap 5393.2079215630092222
miniFE.c 25 Ap 4350.9877501903920347
miniFE.c 25 Ap 3360.9472410401472189
miniFE.c 25 Ap 3339.4228631604191833
miniFE.c 25 Ap -1279.8255915646632275
miniFE.c 25 Ap -1095.1189087294010278
miniFE.c 25 Ap -1243.5927788239368965
miniFE.c 25 Ap 1833.6306650996132248
miniFE.c 25 Ap 1244.5039052553324836
miniFE.c 25 Ap 474.4252900596135305
miniFE.c 25 Ap 358.3062106411861123
miniFE.c 25 Ap 290.9279934960786704
miniFE.c 25 Ap -238.1284799177033165
miniFE.c 25 Ap 1355.0306842827646960
miniFE.c 25 Ap 1239.1269535253859431
miniFE.c 25 Ap 2351.5317191427998296
miniFE.c 25 Ap 1992.0877969240971197
miniFE.c 25 Ap 1196.2862877425827719
miniFE.c 25 Ap 774.6684505790748290
miniFE.c 25 Ap 756.4517840709789880
miniFE.c 25 Ap 518.3327627765178249
miniFE.c 25 Ap 583.2293788081256025
miniFE.c 25 Ap -2228.0502777346982839
miniFE.c 57 sum 7587458.9808737337589264
miniFE.c 57 sum 7592909.3180880956351757
miniFE.c 57 sum 7850173.9256498888134956
miniFE.c 57 sum 8090945.6697076400741935
miniFE.c 57 sum 8077851.8650822872295976
miniFE.c 57 sum 8164282.5210203677415848
miniFE.c 57 sum 8194349.2371596582233906
miniFE.c 57 sum 8290903.2980768363922834
miniFE.c 90 p_ap_dot 8290903.2980768363922834
miniFE.c 91 alpha 0.0020063858566514
miniFE.c 40 y 4.3770764631799253
miniFE.c 40 y 2.0723910812618205
miniFE.c 40 y -0.0655770911556309
miniFE.c 40 y 2.4783395848416454
miniFE.c 40 y 0.1879610810289648
miniFE.c 40 y 2.0440912606880941
miniFE.c 40 y 0.8055636902093525
miniFE.c 40 y 2.9307551220420507
miniFE.c 40 y -32.7504152013406369
miniFE.c 40 y -39.0815636131048052
miniFE.c 40 y 38.7560437534392648
miniFE.c 40 y -69.4465236070049485
miniFE.c 40 y 20.9089947257356350
miniFE.c 40 y -43.9826974224228522
miniFE.c 40 y 15.7669002498690158
miniFE.c 40 y -68.1670030979611710
