filename line variable value
miniFE.c 167 A 67.0947100000000063
miniFE.c 167 A 15.0875500000000002
miniFE.c 167 A 9.3192129999999995
miniFE.c 167 A 13.7164900000000003
miniFE.c 167 A 14.0634099999999993
miniFE.c 167 A 16.0564000000000000
miniFE.c 167 A 4.9967519999999999
miniFE.c 167 A 6.4080630000000003
miniFE.c 167 A 15.0875500000000002
miniFE.c 167 A 66.4365899999999954
miniFE.c 167 A 14.3919700000000006
miniFE.c 167 A 5.9638159999999996
miniFE.c 167 A 10.9336099999999998
miniFE.c 167 A 9.6522659999999991
miniFE.c 167 A 11.3974100000000007
miniFE.c 167 A 6.9539020000000002
miniFE.c 167 A 9.3192129999999995
miniFE.c 167 A 14.3919700000000006
miniFE.c 167 A 67.6740900000000067
miniFE.c 167 A 9.6121750000000006
miniFE.c 167 A 16.7981799999999986
miniFE.c 167 A 16.1756899999999995
miniFE.c 167 A 11.9519400000000005
miniFE.c 167 A 12.3511699999999998
miniFE.c 167 A 13.7164900000000003
miniFE.c 167 A 5.9638159999999996
miniFE.c 167 A 9.6121750000000006
miniFE.c 167 A 65.4017099999999942
miniFE.c 167 A 3.6681119999999998
miniFE.c 167 A 11.0858899999999991
miniFE.c 167 A 1.3002330000000000
miniFE.c 167 A 4.7210279999999996
miniFE.c 167 A 14.0634099999999993
miniFE.c 167 A 10.9336099999999998
miniFE.c 167 A 16.7981799999999986
miniFE.c 167 A 3.6681119999999998
miniFE.c 167 A 66.5612600000000043
miniFE.c 167 A 4.4892070000000004
miniFE.c 167 A 14.0526599999999995
miniFE.c 167 A 3.7993380000000001
miniFE.c 167 A 16.0564000000000000
miniFE.c 167 A 9.6522659999999991
miniFE.c 167 A 16.1756899999999995
miniFE.c 167 A 11.0858899999999991
miniFE.c 167 A 4.4892070000000004
miniFE.c 167 A 66.4632699999999943
miniFE.c 167 A 7.6122389999999998
miniFE.c 167 A 3.4261349999999999
miniFE.c 167 A 4.9967519999999999
miniFE.c 167 A 11.3974100000000007
miniFE.c 167 A 11.9519400000000005
miniFE.c 167 A 1.3002330000000000
miniFE.c 167 A 14.0526599999999995
miniFE.c 167 A 7.6122389999999998
miniFE.c 167 A 65.6581999999999937
miniFE.c 167 A 2.6745570000000001
miniFE.c 167 A 6.4080630000000003
miniFE.c 167 A 6.9539020000000002
miniFE.c 167 A 12.3511699999999998
miniFE.c 167 A 4.7210279999999996
miniFE.c 167 A 3.7993380000000001
miniFE.c 167 A 3.4261349999999999
miniFE.c 167 A 2.6745570000000001
miniFE.c 167 A 64.8721800000000002
miniFE.c 175 b 198.0110999999999990
miniFE.c 175 b 229.8237000000000023
miniFE.c 175 b 210.8053999999999917
miniFE.c 175 b 202.6418999999999926
miniFE.c 175 b 157.2561000000000035
miniFE.c 175 b 225.5886000000000138
miniFE.c 175 b 142.6283999999999992
miniFE.c 175 b 185.1795999999999935
miniFE.c 33 r 0.0000000000000000
miniFE.c 33 r 0.0000000000000000
miniFE.c 33 r 0.0000000000000000
miniFE.c 33 r 0.0000000000000000
miniFE.c 33 r 0.0000000000000000
miniFE.c 33 r 0.0000000000000000
miniFE.c 33 r 0.0000000000000000
miniFE.c 33 r 0.0000000000000000
miniFE.c 25 Ap 0.0000000000000000
miniFE.c 25 Ap 0.0000000000000000
miniFE.c 25 Ap 0.0000000000000000
miniFE.c 25 Ap 0.0000000000000000
miniFE.c 25 Ap 0.0000000000000000
miniFE.c 25 Ap 0.0000000000000000
miniFE.c 25 Ap 0.0000000000000000
miniFE.c 25 Ap 0.0000000000000000
miniFE.c 25 Ap 0.0000000000000000
miniFE.c 25 Ap 0.0000000000000000
miniFE.c 25 Ap 0.0000000000000000
miniFE.c 25 Ap 0.0000000000000000
miniFE.c 25 Ap 0.0000000000000000
miniFE.c 25 Ap 0.0000000000000000
miniFE.c 25 Ap 0.0000000000000000
miniFE.c 25 Ap 0.0000000000000000
miniFE.c 25 Ap 0.0000000000000000
miniFE.c 25 Ap 0.0000000000000000
miniFE.c 25 Ap 0.0000000000000000
miniFE.c 25 Ap 0.0000000000000000
miniFE.c 25 Ap 0.0000000000000000
miniFE.c 25 Ap 0.0000000000000000
miniFE.c 25 Ap 0.0000000000000000
miniFE.c 25 Ap 0.0000000000000000
miniFE.c 25 Ap 0.0000000000000000
miniFE.c 25 Ap 0.0000000000000000
miniFE.c 25 Ap 0.0000000000000000
miniFE.c 25 Ap 0.0000000000000000
miniFE.c 25 Ap 0.0000000000000000
miniFE.c 25 Ap 0.0000000000000000
miniFE.c 25 Ap 0.0000000000000000
miniFE.c 25 Ap 0.0000000000000000
miniFE.c 25 Ap 0.0000000000000000
miniFE.c 25 Ap 0.0000000000000000
miniFE.c 25 Ap 0.0000000000000000
miniFE.c 25 Ap 0.0000000000000000
miniFE.c 25 Ap 0.0000000000000000
miniFE.c 25 Ap 0.0000000000000000
miniFE.c 25 Ap 0.0000000000000000
miniFE.c 25 Ap 0.0000000000000000
miniFE.c 25 Ap 0.0000000000000000
miniFE.c 25 Ap 0.0000000000000000
miniFE.c 25 Ap 0.0000000000000000
miniFE.c 25 Ap 0.0000000000000000
miniFE.c 25 Ap 0.0000000000000000
miniFE.c 25 Ap 0.0000000000000000
miniFE.c 25 Ap 0.0000000000000000
miniFE.c 25 Ap 0.0000000000000000
miniFE.c 25 Ap 0.0000000000000000
miniFE.c 25 Ap 0.0000000000000000
miniFE.c 25 Ap 0.0000000000000000
miniFE.c 25 Ap 0.0000000000000000
miniFE.c 25 Ap 0.0000000000000000
miniFE.c 25 Ap 0.0000000000000000
miniFE.c 25 Ap 0.0000000000000000
miniFE.c 25 Ap 0.0000000000000000
miniFE.c 25 Ap 0.0000000000000000
miniFE.c 25 Ap 0.0000000000000000
miniFE.c 25 Ap 0.0000000000000000
miniFE.c 25 Ap 0.0000000000000000
miniFE.c 25 Ap 0.0000000000000000
miniFE.c 25 Ap 0.0000000000000000
miniFE.c 25 Ap 0.0000000000000000
miniFE.c 25 Ap 0.0000000000000000
miniFE.c 33 r 198.0110999999999990
miniFE.c 33 r 229.8237000000000023
miniFE.c 33 r 210.8053999999999917
miniFE.c 33 r 202.6418999999999926
miniFE.c 33 r 157.2561000000000035
miniFE.c 33 r 225.5886000000000138
miniFE.c 33 r 142.6283999999999992
miniFE.c 33 r 185.1795999999999935
miniFE.c 48 sum 39208.3957232100001420
miniFE.c 48 sum 92027.3288048999966122
miniFE.c 48 sum 136466.2454740600078367
miniFE.c 48 sum 177529.9851096700003836
miniFE.c 48 sum 202259.4660968800017145
miniFE.c 48 sum 253149.6825468399911188
miniFE.c 48 sum 273492.5430333999684080
miniFE.c 48 sum 307784.0272895599482581
miniFE.c 75 rtrans 307784.0272895599482581
miniFE.c 76 normr 554.7828649927464539
miniFE.c 33 r 198.0110999999999990
miniFE.c 33 r 229.8237000000000023
miniFE.c 33 r 210.8053999999999917
miniFE.c 33 r 202.6418999999999926
miniFE.c 33 r 157.2561000000000035
miniFE.c 33 r 225.5886000000000138
miniFE.c 33 r 142.6283999999963612
miniFE.c 33 r 185.1795999999999935
miniFE.c 87 normr 554.7828649927464539
miniFE.c 25 Ap 13285.4973312810016068
miniFE.c 25 Ap 16752.9738962160008668
miniFE.c 25 Ap 18717.5143203662009910
miniFE.c 25 Ap 21497.0499152972006414
miniFE.c 25 Ap 23708.6069245981998392
miniFE.c 25 Ap 27330.7477216381994367
miniFE.c 25 Ap 28043.4264645949806436
miniFE.c 25 Ap 29230.0690077097824542
miniFE.c 25 Ap 2987.5023718050001662
miniFE.c 25 Ap 18256.2053009880000900
miniFE.c 25 Ap 21290.1102936259994749
miniFE.c 25 Ap 22498.6292991164009436
miniFE.c 25 Ap 24218.0061666374022025
miniFE.c 25 Ap 26395.4473404050004319
miniFE.c 25 Ap 28021.0416928489576094
miniFE.c 25 Ap 29308.7624836481591046
miniFE.c 25 Ap 1845.3076172643000064
miniFE.c 25 Ap 5152.9234129532997031
miniFE.c 25 Ap 19418.9870250392996240
miniFE.c 25 Ap 21366.8164301717988565
miniFE.c 25 Ap 24008.4327040697971825
miniFE.c 25 Ap 27657.4839652037990163
miniFE.c 25 Ap 29362.1700442997571372
miniFE.c 25 Ap 31649.3547644317586673
miniFE.c 25 Ap 2716.0172730389999742
miniFE.c 25 Ap 4086.6435322781999275
miniFE.c 25 Ap 6112.9419280231995799
miniFE.c 25 Ap 19366.0687056721981207
miniFE.c 25 Ap 19942.9016931553996983
miniFE.c 25 Ap 22443.7520980093977414
miniFE.c 25 Ap 22629.2022504265914904
miniFE.c 25 Ap 23503.4403270553921175
miniFE.c 25 Ap 2784.7112838509997346
miniFE.c 25 Ap 5297.5139884079999320
miniFE.c 25 Ap 8838.6610425799990480
miniFE.c 25 Ap 9581.9742276727993158
miniFE.c 25 Ap 20049.1383863587980159
miniFE.c 25 Ap 21061.8523085989982064
miniFE.c 25 Ap 23066.1607201429469569
miniFE.c 25 Ap 23769.7206112477470015
miniFE.c 25 Ap 3179.3454260399998930
miniFE.c 25 Ap 5397.6649115441996400
miniFE.c 25 Ap 8807.5877122702004272
miniFE.c 25 Ap 11054.0535250612010714
miniFE.c 25 Ap 11760.0087099739012046
miniFE.c 25 Ap 26753.3647406958989450
miniFE.c 25 Ap 27839.0862096834716795
miniFE.c 25 Ap 28473.5365185294722323
miniFE.c 25 Ap 989.4123599472000024
miniFE.c 25 Ap 3608.8072965641999872
miniFE.c 25 Ap 6128.3407890401995246
miniFE.c 25 Ap 6391.8224746028990921
miniFE.c 25 Ap 8601.6889808288997301
miniFE.c 25 Ap 10318.9233197042995016
miniFE.c 25 Ap 19683.6473325840597681
miniFE.c 25 Ap 20178.9207280212613114
miniFE.c 25 Ap 1268.8676034993000030
miniFE.c 25 Ap 2867.0390905766998912
miniFE.c 25 Ap 5470.7324228946999938
miniFE.c 25 Ap 6427.4105067679001877
miniFE.c 25 Ap 7024.8795832297000743
miniFE.c 25 Ap 7797.7765812907000509
miniFE.c 25 Ap 8179.2443669094900542
miniFE.c 25 Ap 20192.2487104374886258
miniFE.c 57 sum 5787878.1172925224527717
miniFE.c 57 sum 12523726.3537057321518660
miniFE.c 57 sum 19195581.2445636764168739
miniFE.c 57 sum 23958363.0489748045802116
miniFE.c 57 sum 27696296.6103892400860786
miniFE.c 57 sum 34119601.8506531789898872
miniFE.c 57 sum 36997689.0278176143765450
miniFE.c 57 sum 40736881.5671169459819794
miniFE.c 90 p_ap_dot 40736881.5671169459819794
miniFE.c 91 alpha 0.0075554145395853
miniFE.c 40 y 1.4960559439392795
miniFE.c 40 y 1.7364133245212912
miniFE.c 40 y 1.5927221841830959
miniFE.c 40 y 1.5310435575891912
miniFE.c 40 y 1.1881350243784805
miniFE.c 40 y 1.7044153884046935
miniFE.c 40 y 1.0776166871177610
miniFE.c 40 y 1.3991086422745909
miniFE.c 40 y -22.8341883739322782
miniFE.c 40 y 8.3838497937923933
miniFE.c 40 y -28.3185951556811517
miniFE.c 40 y 25.0636652226901049
miniFE.c 40 y -22.3339927081017038
miniFE.c 40 y 10.4592281944893273
miniFE.c 40 y -9.8317110616311254
miniFE.c 40 y 32.6187905062379855
miniFE.c 82 oldrtrans 307784.0272895599482581
miniFE.c 48 sum 521.4001586962240253
miniFE.c 48 sum 591.6890960610967340
miniFE.c 48 sum 1393.6319276524645829
miniFE.c 48 sum 2021.8192420475500057
miniFE.c 48 sum 2520.6264723330900779
miniFE.c 48 sum 2630.0219267574907462
miniFE.c 48 sum 2726.6844691568903727
miniFE.c 48 sum 3790.6699632467316405
miniFE.c 83 rtrans 3790.6699632467316405
miniFE.c 84 beta 0.0123160061184088
miniFE.c 40 y -20.3954824548194154
miniFE.c 40 y 11.2143598891477492
miniFE.c 40 y -25.7223145594875291
miniFE.c 40 y 27.5594041029360959
miniFE.c 40 y -20.3972256183445921
miniFE.c 40 y 13.2375787723326113
miniFE.c 40 y -8.0750988145723070
miniFE.c 40 y 34.8994635928424870
miniFE.c 87 normr 61.5684169298409998
miniFE.c 25 Ap -1368.4289806161968954
miniFE.c 25 Ap -1199.2317650706856966
miniFE.c 25 Ap -1438.9434933035511222
miniFE.c 25 Ap -1060.9252025196692557
miniFE.c 25 Ap -1347.7797492529527972
miniFE.c 25 Ap -1135.2318894528714281
miniFE.c 25 Ap -1175.5811556047831345
miniFE.c 25 Ap -951.9431942356420677
miniFE.c 25 Ap -307.7178613112106973
miniFE.c 25 Ap 437.3259687565436593
miniFE.c 25 Ap 67.1311892858358874
miniFE.c 25 Ap 231.4904044253918016
miniFE.c 25 Ap 8.4750944324031821
miniFE.c 25 Ap 136.2477259389109747
miniFE.c 25 Ap 44.2125139587164142
miniFE.c 25 Ap 286.8999636359109786
miniFE.c 25 Ap -190.0698452342249993
miniFE.c 25 Ap -28.6731141404072503
miniFE.c 25 Ap -1769.4073446474767479
miniFE.c 25 Ap -1504.5015295143368803
miniFE.c 25 Ap -1847.1377969519005546
miniFE.c 25 Ap -1633.0108263800675559
miniFE.c 25 Ap -1729.5239229059068293
miniFE.c 25 Ap -1298.4747151618985299
miniFE.c 25 Ap -279.7544311367059890
miniFE.c 25 Ap -212.8740522000484248
miniFE.c 25 Ap -460.1214411508905187
miniFE.c 25 Ap 1342.3107137621459515
miniFE.c 25 Ap 1267.4914057047888036
miniFE.c 25 Ap 1414.2417478412030505
miniFE.c 25 Ap 1403.7422378842352373
miniFE.c 25 Ap 1568.5035826910252581
miniFE.c 25 Ap -286.8300319099319040
miniFE.c 25 Ap -164.2165944823472046
miniFE.c 25 Ap -596.3046644692394693
miniFE.c 25 Ap -495.2136835664103387
miniFE.c 25 Ap -1852.8787212277054550
miniFE.c 25 Ap -1793.4524899398984417
miniFE.c 25 Ap -1906.9291080474861246
miniFE.c 25 Ap -1774.3342498395832081
miniFE.c 25 Ap -327.4780244875624362
miniFE.c 25 Ap -219.2340398177778411
miniFE.c 25 Ap -635.3102262145346231
miniFE.c 25 Ap -329.7897038638363938
miniFE.c 25 Ap -421.3570718902882390
miniFE.c 25 Ap 458.4557002015225180
miniFE.c 25 Ap 396.9861180763814446
miniFE.c 25 Ap 516.5563917730448793
miniFE.c 25 Ap -101.9111677470838231
miniFE.c 25 Ap 25.9034897970876301
miniFE.c 25 Ap -281.5280704790337722
miniFE.c 25 Ap -245.6944238040608752
miniFE.c 25 Ap -532.3297003619471752
miniFE.c 25 Ap -431.5620869656247578
miniFE.c 25 Ap -961.7585399525761432
miniFE.c 25 Ap -868.4179353040941578
miniFE.c 25 Ap -130.6955364858774828
miniFE.c 25 Ap -52.7119768240131634
miniFE.c 25 Ap -370.4126567417187630
miniFE.c 25 Ap -240.3039383084425822
miniFE.c 25 Ap -317.7998926947926748
miniFE.c 25 Ap -272.4461607476468998
miniFE.c 25 Ap -294.0434728078529361
miniFE.c 25 Ap 1969.9608112904716108
miniFE.c 57 sum 19415.3407160177885089
miniFE.c 57 sum 22632.7401604142978613
miniFE.c 57 sum 56032.5152313496218994
miniFE.c 57 sum 99259.5393036346358713
miniFE.c 57 sum 135451.0353199688252062
miniFE.c 57 sum 142288.9912464164081030
miniFE.c 57 sum 149301.5518863438337576
miniFE.c 57 sum 218052.1274993020924740
miniFE.c 90 p_ap_dot 218052.1274993020924740
miniFE.c 91 alpha 0.0173842374606451
miniFE.c 40 y 1.1414960338202778
miniFE.c 40 y 1.9313664198033695
miniFE.c 40 y 1.1455593598435556
miniFE.c 40 y 2.0101427827885097
miniFE.c 40 y 0.8335448106908243
miniFE.c 40 y 1.9345406011869186
miniFE.c 40 y 0.9372372518070622
miniFE.c 40 y 2.0058092046217038
miniFE.c 40 y -6.2853818362948637
miniFE.c 40 y 3.3963126984952687
miniFE.c 40 y -5.7456023706631818
miniFE.c 40 y -2.2035735166832850
miniFE.c 40 y 8.5114552256652232
miniFE.c 40 y 1.4792892180926884
miniFE.c 40 y 5.2650725407783927
miniFE.c 40 y -1.6274760254006679
miniFE.c 82 oldrtrans 3790.6699632467316405
miniFE.c 48 sum 39.5060248280253958
miniFE.c 48 sum 51.0409647739856069
miniFE.c 48 sum 84.0529113757559827
miniFE.c 48 sum 88.9086476191839239
miniFE.c 48 sum 161.3535176776877620
miniFE.c 48 sum 163.5418142684530380
miniFE.c 48 sum 191.2628031281116705
miniFE.c 48 sum 193.9114813413656293
miniFE.c 83 rtrans 193.9114813413656293
miniFE.c 84 beta 0.0511549365208464
miniFE.c 40 y -7.3287114465831866
miniFE.c 40 y 3.9699825667465478
miniFE.c 40 y -7.0614257391230089
miniFE.c 40 y -0.7937739492452358
miniFE.c 40 y 7.4680364439574243
miniFE.c 40 y 2.1564567198810667
miniFE.c 40 y 4.8519913735193843
miniFE.c 40 y 0.1578038193027786
miniFE.c 87 normr 13.9252102799694057
miniFE.c 25 Ap -491.7177691821794383
miniFE.c 25 Ap -431.8204587072625600
miniFE.c 25 Ap -497.6273892538322912
miniFE.c 25 Ap -508.5151816909150853
miniFE.c 25 Ap -403.4891232845998275
miniFE.c 25 Ap -368.8641916075014819
miniFE.c 25 Ap -344.6199940078857367
miniFE.c 25 Ap -343.6087771921528997
miniFE.c 25 Ap -110.5723003858961562
miniFE.c 25 Ap 153.1798037081918551
miniFE.c 25 Ap 51.5519763135056763
miniFE.c 25 Ap 46.8180545346137507
miniFE.c 25 Ap 128.4706524786310808
miniFE.c 25 Ap 149.2853463564106278
miniFE.c 25 Ap 204.5854813568741974
miniFE.c 25 Ap 205.6828336515314390
miniFE.c 25 Ap -68.2978229862468282
miniFE.c 25 Ap -11.1619529851075114
miniFE.c 25 Ap -489.0375139828345823
miniFE.c 25 Ap -496.6674080934209314
miniFE.c 25 Ap -371.2179876612642033
miniFE.c 25 Ap -336.3358122620512631
miniFE.c 25 Ap -278.3451024852299724
miniFE.c 25 Ap -276.3960406863720891
miniFE.c 25 Ap -100.5241972699438122
miniFE.c 25 Ap -76.8479517186596865
miniFE.c 25 Ap -144.7236116726143962
miniFE.c 25 Ap -196.6377853067060073
miniFE.c 25 Ap -169.2441912101884611
miniFE.c 25 Ap -145.3379492238261435
miniFE.c 25 Ap -139.0292299242609033
miniFE.c 25 Ap -138.2842336748255434
miniFE.c 25 Ap -103.0666738449924509
miniFE.c 25 Ap -59.6604327533867291
miniFE.c 25 Ap -178.2795333758080574
miniFE.c 25 Ap -181.1911851243218905
miniFE.c 25 Ap 315.8907303114036722
miniFE.c 25 Ap 325.5715109134907834
miniFE.c 25 Ap 393.7548960084916985
miniFE.c 25 Ap 394.3544460557138791
miniFE.c 25 Ap -117.6727224709182735
miniFE.c 25 Ap -79.3533947213178408
miniFE.c 25 Ap -193.5768284353924855
miniFE.c 25 Ap -202.3765191215907464
miniFE.c 25 Ap -168.8509576411219655
miniFE.c 25 Ap -25.5257924243522609
miniFE.c 25 Ap 11.4087255368155596
miniFE.c 25 Ap 11.9493827252624847
miniFE.c 25 Ap -36.6197535781374270
miniFE.c 25 Ap 8.6277654279253468
miniFE.c 25 Ap -75.7699713205284979
miniFE.c 25 Ap -76.8020624038774855
miniFE.c 25 Ap 28.1437146106652420
miniFE.c 25 Ap 44.5591785555559738
miniFE.c 25 Ap 363.1321985563663475
miniFE.c 25 Ap 363.5542538659093452
miniFE.c 25 Ap -46.9628446585261941
miniFE.c 25 Ap -19.3559749476622400
miniFE.c 25 Ap -106.5728446939461662
miniFE.c 25 Ap -110.3202737340035071
miniFE.c 25 Ap -81.9466790870911979
miniFE.c 25 Ap -74.5583672431214808
miniFE.c 25 Ap -61.5814397511355978
miniFE.c 25 Ap -51.3443619806382685
miniFE.c 57 sum 2518.2095785545825493
miniFE.c 57 sum 3334.7668424301928098
miniFE.c 57 sum 5286.5169583246315597
miniFE.c 57 sum 5396.2833806070484570
miniFE.c 57 sum 8341.3367555877612176
miniFE.c 57 sum 8367.1050822640845581
miniFE.c 57 sum 10131.0671858277528372
miniFE.c 57 sum 10122.9648494075445342
miniFE.c 90 p_ap_dot 10122.9648494075445342
miniFE.c 91 alpha 0.0191556015679255
miniFE.c 40 y 1.0011101573432355
miniFE.c 40 y 2.0074138240835766
miniFE.c 40 y 1.0102935018834216
miniFE.c 40 y 1.9949375652817691
miniFE.c 40 y 0.9765995413060198
miniFE.c 40 y 1.9758488269114358
miniFE.c 40 y 1.0301800653692110
miniFE.c 40 y 2.0088320317101647
miniFE.c 40 y 0.2966509948400953
miniFE.c 40 y -0.5436657122953616
miniFE.c 40 y -0.4510699403229195
miniFE.c 40 y 0.4453441667175762
miniFE.c 40 y 0.9573585804820084
miniFE.c 40 y 1.2503916036249088
miniFE.c 40 y -1.6990278946013966
miniFE.c 40 y -0.6439438845402203
miniFE.c 82 oldrtrans 193.9114813413656293
miniFE.c 48 sum 0.0880018127396182
miniFE.c 48 sum 0.3835742194652412
miniFE.c 48 sum 0.5870383105281634
miniFE.c 48 sum 0.7853697373575357
miniFE.c 48 sum 1.7019051889800618
miniFE.c 48 sum 3.2653843513957330
miniFE.c 48 sum 6.1520801380293868
miniFE.c 48 sum 6.5667438644661358
miniFE.c 83 rtrans 6.5667438644661358
miniFE.c 84 beta 0.0338646469979047
miniFE.c 40 y 0.0484667687520520
miniFE.c 40 y -0.4092236540846541
miniFE.c 40 y -0.6902026302802386
miniFE.c 40 y 0.4184632921302535
miniFE.c 40 y 1.2102609984241142
miniFE.c 40 y 1.3234192492099406
miniFE.c 40 y -1.5347169195002837
miniFE.c 40 y -0.6385999139046106
miniFE.c 87 normr 2.5625658751466540
miniFE.c 25 Ap 3.2518637940559909
miniFE.c 25 Ap -2.9223185481289322
miniFE.c 25 Ap -9.3544638728707259
miniFE.c 25 Ap -3.6146163109990246
miniFE.c 25 Ap 13.4057803168486451
miniFE.c 25 Ap 34.6551291498631358
miniFE.c 25 Ap 26.9865293129162538
miniFE.c 25 Ap 22.8943408328209337
miniFE.c 25 Ap 0.7312447968850221
miniFE.c 25 Ap -26.4561793278389672
miniFE.c 25 Ap -36.3895548767532517
miniFE.c 25 Ap -33.8939167997341713
miniFE.c 25 Ap -20.6613950447542933
miniFE.c 25 Ap -7.8874004218596578
miniFE.c 25 Ap -25.3791983873413898
miniFE.c 25 Ap -29.8199596058424881
miniFE.c 25 Ap 0.4516721414221167
miniFE.c 25 Ap -5.4378624114546028
miniFE.c 25 Ap -52.1466973312762008
miniFE.c 25 Ap -48.1243549362440817
miniFE.c 25 Ap -27.7941728377360988
miniFE.c 25 Ap -6.3869533224833575
miniFE.c 25 Ap -24.7297978613355767
miniFE.c 25 Ap -32.6172539599567841
miniFE.c 25 Ap 0.6647939489198337
miniFE.c 25 Ap -1.7757406268886915
miniFE.c 25 Ap -8.4100890946026450
miniFE.c 25 Ap 18.9581257829454728
miniFE.c 25 Ap 23.3974986743969460
miniFE.c 25 Ap 38.0687788950209338
miniFE.c 25 Ap 36.0732893106283186
miniFE.c 25 Ap 33.0584412362870665
miniFE.c 25 Ap 0.6816080403352955
miniFE.c 25 Ap -3.7926837962012190
miniFE.c 25 Ap -15.3868318161221165
miniFE.c 25 Ap -13.8518615926996276
miniFE.c 25 Ap 66.7046353912674306
miniFE.c 25 Ap 72.6457383487554438
miniFE.c 25 Ap 51.0788832827705903
miniFE.c 25 Ap 48.6526263630760738
miniFE.c 25 Ap 0.7782018257904477
miniFE.c 25 Ap -3.1717337369266199
miniFE.c 25 Ap -14.3362375215243745
miniFE.c 25 Ap -9.6971994959305192
miniFE.c 25 Ap -4.2640873499779968
miniFE.c 25 Ap 83.6946835334595676
miniFE.c 25 Ap 72.0120515448796539
miniFE.c 25 Ap 69.8241220288540774
miniFE.c 25 Ap 0.2421764236953533
miniFE.c 25 Ap -4.4219133436056248
miniFE.c 25 Ap -12.6711737685572210
miniFE.c 25 Ap -12.1270739868408253
miniFE.c 25 Ap 4.8803123352737874
miniFE.c 25 Ap 14.9544959574604164
miniFE.c 25 Ap -85.8122544864731083
miniFE.c 25 Ap -87.5202263564060843
miniFE.c 25 Ap 0.3105781075695806
miniFE.c 25 Ap -2.5351230790170041
miniFE.c 25 Ap -11.0599331000553782
miniFE.c 25 Ap -9.0843561809362718
miniFE.c 25 Ap -4.4861655797055944
miniFE.c 25 Ap 0.0480474296863056
miniFE.c 25 Ap -4.0566404503816145
miniFE.c 25 Ap -45.4840090131860180
miniFE.c 57 sum 1.1096147228749937
miniFE.c 57 sum 13.3126475574346390
miniFE.c 57 sum 35.8251620331153404
miniFE.c 57 sum 49.6589061855465559
miniFE.c 57 sum 108.5412823436783754
miniFE.c 57 sum 200.9478694958477263
miniFE.c 57 sum 335.2666416835187988
miniFE.c 57 sum 364.3127259233759219
miniFE.c 90 p_ap_dot 364.3127259233759219
miniFE.c 91 alpha 0.0180250191585327
miniFE.c 40 y 1.0019837717785434
miniFE.c 40 y 2.0000375598785758
miniFE.c 40 y 0.9978525862493506
miniFE.c 40 y 2.0024803741395596
miniFE.c 40 y 0.9984145189894393
miniFE.c 40 y 1.9997034842332160
miniFE.c 40 y 1.0025167634922940
miniFE.c 40 y 1.9973212560273967
miniFE.c 40 y -0.1160199372934803
miniFE.c 40 y -0.0061603690933786
miniFE.c 40 y 0.1368566872040292
miniFE.c 40 y -0.1505348699177267
miniFE.c 40 y 0.0803940581746275
miniFE.c 40 y -0.0081895336729134
miniFE.c 40 y -0.1214741377680555
miniFE.c 40 y 0.1759062493293331
miniFE.c 82 oldrtrans 6.5667438644661358
miniFE.c 48 sum 0.0134606258495831
miniFE.c 48 sum 0.0134985759969497
miniFE.c 48 sum 0.0322283288294112
miniFE.c 48 sum 0.0548890758905581
miniFE.c 48 sum 0.0613522804803435
miniFE.c 48 sum 0.0614193489421233
miniFE.c 48 sum 0.0761753150886158
miniFE.c 48 sum 0.1071183236417293
miniFE.c 83 rtrans 0.1071183236417293
miniFE.c 84 beta 0.0163122433054480
miniFE.c 40 y -0.1152293355693679
miniFE.c 40 y -0.0128357249051519
miniFE.c 40 y 0.1255979339688378
miniFE.c 40 y -0.1437087948820992
miniFE.c 40 y 0.1001361300440161
miniFE.c 40 y 0.0133984031153124
miniFE.c 40 y -0.1465088135639318
miniFE.c 40 y 0.1654892521588829
miniFE.c 87 normr 0.3272893576664682
miniFE.c 25 Ap -7.7312788535194246
miniFE.c 25 Ap -7.9249384948121495
miniFE.c 25 Ap -6.7544645957966143
miniFE.c 25 Ap -8.7256448437089791
miniFE.c 25 Ap -7.3173893910866630
miniFE.c 25 Ap -7.1022592713059600
miniFE.c 25 Ap -7.8343274784991630
miniFE.c 25 Ap -6.7738619248421550
miniFE.c 25 Ap -1.7385283618696168
miniFE.c 25 Ap -2.5912901547459852
miniFE.c 25 Ap -0.7836884570044904
miniFE.c 25 Ap -1.6407412672630719
miniFE.c 25 Ap -0.5458918744525174
miniFE.c 25 Ap -0.4165669236082932
miniFE.c 25 Ap -2.0863879404099848
miniFE.c 25 Ap -0.9355918988438243
miniFE.c 25 Ap -1.0738467220194157
miniFE.c 25 Ap -1.2585780897826153
miniFE.c 25 Ap 7.2411477974385736
miniFE.c 25 Ap 5.8597937119927312
miniFE.c 25 Ap 7.5418984489755214
miniFE.c 25 Ap 7.7586268642638494
miniFE.c 25 Ap 6.0075623150765507
miniFE.c 25 Ap 8.0515482016637812
miniFE.c 25 Ap -1.5805420290438792
miniFE.c 25 Ap -1.6570919306048228
miniFE.c 25 Ap -0.4498226096579092
miniFE.c 25 Ap -9.8486235369864463
miniFE.c 25 Ap -9.4813129967384313
miniFE.c 25 Ap -9.3327797736264202
miniFE.c 25 Ap -9.5232753678130919
miniFE.c 25 Ap -8.7419959746719460
miniFE.c 25 Ap -1.6205173901396042
miniFE.c 25 Ap -1.7608582003198225
miniFE.c 25 Ap 0.3489585021168293
miniFE.c 25 Ap -0.1781814528957374
miniFE.c 25 Ap 6.4870055343578281
miniFE.c 25 Ap 6.5471537394119101
miniFE.c 25 Ap 4.4883151953945895
miniFE.c 25 Ap 5.1170647997134155
miniFE.c 25 Ap -1.8501683036359988
miniFE.c 25 Ap -1.9740621347233502
miniFE.c 25 Ap 0.0575711097970397
miniFE.c 25 Ap -1.5355687822984752
miniFE.c 25 Ap -1.0860369663519678
miniFE.c 25 Ap -0.1955352825301165
miniFE.c 25 Ap -1.3107953869852067
miniFE.c 25 Ap -0.7438068680398323
miniFE.c 25 Ap -0.5757724129649102
miniFE.c 25 Ap -0.7220664323561381
miniFE.c 25 Ap 0.7790725385633734
miniFE.c 25 Ap 0.5922176210674369
miniFE.c 25 Ap 1.9993966102917797
miniFE.c 25 Ap 2.1013884570238823
miniFE.c 25 Ap -7.5181165257194600
miniFE.c 25 Ap -7.0755060879331548
miniFE.c 25 Ap -0.7383968417766504
miniFE.c 25 Ap -0.8276552148660363
miniFE.c 25 Ap 0.7236262192318541
miniFE.c 25 Ap 0.0451729747472071
miniFE.c 25 Ap 0.4256239787963790
miniFE.c 25 Ap 0.4715287166538599
miniFE.c 25 Ap 0.0796825437747513
miniFE.c 25 Ap 10.8153310978911943
miniFE.c 57 sum 0.7805476088382011
miniFE.c 57 sum 0.7925566090752492
miniFE.c 57 sum 1.8038144284547315
miniFE.c 57 sum 3.0601161348389994
miniFE.c 57 sum 3.5725192010667590
miniFE.c 57 sum 3.5625533768088236
miniFE.c 57 sum 4.5991773791162860
miniFE.c 57 sum 6.3889984343570099
miniFE.c 90 p_ap_dot 6.3889984343570099
miniFE.c 91 alpha 0.0167660588341512
miniFE.c 40 y 1.0000518299589671
miniFE.c 40 y 1.9998223553596370
miniFE.c 40 y 0.9999583685997200
miniFE.c 40 y 2.0000709440295812
miniFE.c 40 y 1.0000934072371814
miniFE.c 40 y 1.9999281226481309
miniFE.c 40 y 1.0000603881043595
miniFE.c 40 y 2.0000958585655124
miniFE.c 40 y -0.0024489697271602
miniFE.c 40 y 0.0095258197273922
miniFE.c 40 y 0.0018639563489302
miniFE.c 40 y -0.0039660510784642
miniFE.c 40 y -0.0053989513155316
miniFE.c 40 y 0.0042811760378881
miniFE.c 40 y -0.0028457864163734
miniFE.c 40 y -0.0054242281687354
miniFE.c 82 oldrtrans 0.1071183236417293
miniFE.c 48 sum 0.0000059974527245
miniFE.c 48 sum 0.0000967386942033
miniFE.c 48 sum 0.0001002130274740
miniFE.c 48 sum 0.0001159425886310
miniFE.c 48 sum 0.0001450912639385
miniFE.c 48 sum 0.0001634197322059
miniFE.c 48 sum 0.0001715182325335
miniFE.c 48 sum 0.0002009404837600
miniFE.c 83 rtrans 0.0002009404837600
miniFE.c 84 beta 0.0018758740515029
miniFE.c 40 y -0.0026651254477267
miniFE.c 40 y 0.0095017415241104
miniFE.c 40 y 0.0020995622541847
miniFE.c 40 y -0.0042356306777562
miniFE.c 40 y -0.0052111085475641
miniFE.c 40 y 0.0043063097546237
miniFE.c 40 y -0.0031206184980545
miniFE.c 40 y -0.0051137911748080
miniFE.c 87 normr 0.0141753477474103
miniFE.c 25 Ap -0.1788158190288432
miniFE.c 25 Ap -0.0354578186967516
miniFE.c 25 Ap -0.0158915508432439
miniFE.c 25 Ap -0.0739895366783805
miniFE.c 25 Ap -0.1472754927372787
miniFE.c 25 Ap -0.0781316607931385
miniFE.c 25 Ap -0.0937246175145293
miniFE.c 25 Ap -0.1264941135315428
miniFE.c 25 Ap -0.0402102134488490
miniFE.c 25 Ap 0.5910530924744475
miniFE.c 25 Ap 0.6212699294498066
miniFE.c 25 Ap 0.5960094074437131
miniFE.c 25 Ap 0.5390331789169810
miniFE.c 25 Ap 0.5805988261470039
miniFE.c 25 Ap 0.5450318576710925
miniFE.c 25 Ap 0.5094710549930130
miniFE.c 25 Ap -0.0248368717190855
miniFE.c 25 Ap 0.1119119072436654
miniFE.c 25 Ap 0.2539978721939662
miniFE.c 25 Ap 0.2132842488840047
miniFE.c 25 Ap 0.1257471095024847
miniFE.c 25 Ap 0.1954046411372540
miniFE.c 25 Ap 0.1581071960856165
miniFE.c 25 Ap 0.0949458919410635
miniFE.c 25 Ap -0.0365561665524888
miniFE.c 25 Ap 0.0201104715768650
miniFE.c 25 Ap 0.0402918313874832
miniFE.c 25 Ap -0.2367256578662335
miniFE.c 25 Ap -0.2558405876628559
miniFE.c 25 Ap -0.2081013114171704
miniFE.c 25 Ap -0.2121588425687513
miniFE.c 25 Ap -0.2363011938911726
miniFE.c 25 Ap -0.0374807518728142
miniFE.c 25 Ap 0.0664075842726143
miniFE.c 25 Ap 0.1016764089396153
miniFE.c 25 Ap 0.0861396412229695
miniFE.c 25 Ap -0.2607183096996656
miniFE.c 25 Ap -0.2413863938050406
miniFE.c 25 Ap -0.2852393845479111
miniFE.c 25 Ap -0.3046684056824236
miniFE.c 25 Ap -0.0427923202388790
miniFE.c 25 Ap 0.0489210164150798
miniFE.c 25 Ap 0.0828828845744733
miniFE.c 25 Ap 0.0359271488002423
miniFE.c 25 Ap 0.0125334038307577
miniFE.c 25 Ap 0.2987448317559474
miniFE.c 25 Ap 0.2749899379209356
miniFE.c 25 Ap 0.2574693989942348
miniFE.c 25 Ap -0.0133169709111793
miniFE.c 25 Ap 0.0949782729531316
miniFE.c 25 Ap 0.1200721150414123
miniFE.c 25 Ap 0.1145648082583813
miniFE.c 25 Ap 0.0413348716163695
miniFE.c 25 Ap 0.0741155306765965
miniFE.c 25 Ap -0.1307786627923652
miniFE.c 25 Ap -0.1444557887754861
miniFE.c 25 Ap -0.0170782917719359
miniFE.c 25 Ap 0.0489958876160583
miniFE.c 25 Ap 0.0749279379430772
miniFE.c 25 Ap 0.0549314069157311
miniFE.c 25 Ap 0.0351326441888460
miniFE.c 25 Ap 0.0498866427600038
miniFE.c 25 Ap 0.0415403707117026
miniFE.c 25 Ap -0.2902024108628517
miniFE.c 57 sum 0.0003371226809605
miniFE.c 57 sum 0.0051779849595200
miniFE.c 57 sum 0.0053773297704293
miniFE.c 57 sum 0.0063782143564652
miniFE.c 57 sum 0.0079658744894896
miniFE.c 57 sum 0.0090746174738956
miniFE.c 57 sum 0.0095254088804994
miniFE.c 57 sum 0.0110094434080779
miniFE.c 90 p_ap_dot 0.0110094434080779
miniFE.c 91 alpha 0.0182516478183245
miniFE.c 40 y 1.0000031870279036
miniFE.c 40 y 1.9999957777995958
miniFE.c 40 y 0.9999966890705561
miniFE.c 40 y 1.9999936367901623
miniFE.c 40 y 0.9999982959192283
miniFE.c 40 y 2.0000067198971689
miniFE.c 40 y 1.0000034316745576
miniFE.c 40 y 2.0000025234499734
miniFE.c 40 y -0.0001402437158913
miniFE.c 40 y 0.0002271334580295
miniFE.c 40 y 0.0001310373674252
miniFE.c 40 y 0.0003468350914871
miniFE.c 40 y 0.0001617491263544
miniFE.c 40 y -0.0004180647565503
miniFE.c 40 y -0.0002092302343250
miniFE.c 40 y -0.0001275559696380
