filename line variable value
miniFE.c 167 A 67.0947100000000063
miniFE.c 167 A 15.0875500000000002
miniFE.c 167 A 9.3192129999999995
miniFE.c 167 A 13.7164900000000003
miniFE.c 167 A 14.0634099999999993
miniFE.c 167 A 16.0564000000000000
miniFE.c 167 A 4.9967519999999999
miniFE.c 167 A 6.4080630000000003
miniFE.c 167 A 15.0875500000000002
miniFE.c 167 A 66.4365899999999954
miniFE.c 167 A 14.3919700000000006
miniFE.c 167 A 5.9638159999999996
miniFE.c 167 A 10.9336099999999998
miniFE.c 167 A 9.6522659999999991
miniFE.c 167 A 11.3974100000000007
miniFE.c 167 A 6.9539020000000002
miniFE.c 167 A 9.3192129999999995
miniFE.c 167 A 14.3919700000000006
miniFE.c 167 A 67.6740900000000067
miniFE.c 167 A 9.6121750000000006
miniFE.c 167 A 16.7981799999999986
miniFE.c 167 A 16.1756899999999995
miniFE.c 167 A 11.9519400000000005
miniFE.c 167 A 12.3511699999999998
miniFE.c 167 A 13.7164900000000003
miniFE.c 167 A 5.9638159999999996
miniFE.c 167 A 9.6121750000000006
miniFE.c 167 A 65.4017099999999942
miniFE.c 167 A 3.6681119999999998
miniFE.c 167 A 11.0858899999999991
miniFE.c 167 A 1.3002330000000000
miniFE.c 167 A 4.7210279999999996
miniFE.c 167 A 14.0634099999999993
miniFE.c 167 A 10.9336099999999998
miniFE.c 167 A 16.7981799999999986
miniFE.c 167 A 3.6681119999999998
miniFE.c 167 A 66.5612600000000043
miniFE.c 167 A 4.4892070000000004
miniFE.c 167 A 14.0526599999999995
miniFE.c 167 A 3.7993380000000001
miniFE.c 167 A 16.0564000000000000
miniFE.c 167 A 9.6522659999999991
miniFE.c 167 A 16.1756899999999995
miniFE.c 167 A 11.0858899999999991
miniFE.c 167 A 4.4892070000000004
miniFE.c 167 A 66.4632699999999943
miniFE.c 167 A 7.6122389999999998
miniFE.c 167 A 3.4261349999999999
miniFE.c 167 A 4.9967519999999999
miniFE.c 167 A 11.3974100000000007
miniFE.c 167 A 11.9519400000000005
miniFE.c 167 A 1.3002330000000000
miniFE.c 167 A 14.0526599999999995
miniFE.c 167 A 7.6122389999999998
miniFE.c 167 A 65.6581999999999937
miniFE.c 167 A 2.6745570000000001
miniFE.c 167 A 6.4080630000000003
miniFE.c 167 A 6.9539020000000002
miniFE.c 167 A 12.3511699999999998
miniFE.c 167 A 4.7210279999999996
miniFE.c 167 A 3.7993380000000001
miniFE.c 167 A 3.4261349999999999
miniFE.c 167 A 2.6745570000000001
miniFE.c 167 A 64.8721800000000002
miniFE.c 175 b 198.0110999999999990
miniFE.c 175 b 229.8237000000000023
miniFE.c 175 b 210.8053999999999917
miniFE.c 175 b 202.6418999999999926
miniFE.c 175 b 157.2561000000000035
miniFE.c 175 b 225.5886000000000138
miniFE.c 175 b 142.6283999999999992
miniFE.c 175 b 185.1795999999999935
miniFE.c 33 r 0.0000000000000000
miniFE.c 33 r 0.0000000000000000
miniFE.c 33 r 0.0000000000000000
miniFE.c 33 r 0.0000000000000000
miniFE.c 33 r 0.0000000000000000
miniFE.c 33 r 0.0000000000000000
miniFE.c 33 r 0.0000000000000000
miniFE.c 33 r 0.0000000000000000
miniFE.c 25 Ap 0.0000000000000000
miniFE.c 25 Ap 0.0000000000000000
miniFE.c 25 Ap 0.0000000000000000
miniFE.c 25 Ap 0.0000000000000000
miniFE.c 25 Ap 0.0000000000000000
miniFE.c 25 Ap 0.0000000000000000
miniFE.c 25 Ap 0.0000000000000000
miniFE.c 25 Ap 0.0000000000000000
miniFE.c 25 Ap 0.0000000000000000
miniFE.c 25 Ap 0.0000000000000000
miniFE.c 25 Ap 0.0000000000000000
miniFE.c 25 Ap 0.0000000000000000
miniFE.c 25 Ap 0.0000000000000000
miniFE.c 25 Ap 0.0000000000000000
miniFE.c 25 Ap 0.0000000000000000
miniFE.c 25 Ap 0.0000000000000000
miniFE.c 25 Ap 0.0000000000000000
miniFE.c 25 Ap 0.0000000000000000
miniFE.c 25 Ap 0.0000000000000000
miniFE.c 25 Ap 0.0000000000000000
miniFE.c 25 Ap 0.0000000000000000
miniFE.c 25 Ap 0.0000000000000000
miniFE.c 25 Ap 0.0000000000000000
miniFE.c 25 Ap 0.0000000000000000
miniFE.c 25 Ap 0.0000000000000000
miniFE.c 25 Ap 0.0000000000000000
miniFE.c 25 Ap 0.0000000000000000
miniFE.c 25 Ap 0.0000000000000000
miniFE.c 25 Ap 0.0000000000000000
miniFE.c 25 Ap 0.0000000000000000
miniFE.c 25 Ap 0.0000000000000000
miniFE.c 25 Ap 0.0000000000000000
miniFE.c 25 Ap 0.0000000000000000
miniFE.c 25 Ap 0.0000000000000000
miniFE.c 25 Ap 0.0000000000000000
miniFE.c 25 Ap 0.0000000000000000
miniFE.c 25 Ap 0.0000000000000000
miniFE.c 25 Ap 0.0000000000000000
miniFE.c 25 Ap 0.0000000000000000
miniFE.c 25 Ap 0.0000000000000000
miniFE.c 25 Ap 0.0000000000000000
miniFE.c 25 Ap 0.0000000000000000
miniFE.c 25 Ap 0.0000000000000000
miniFE.c 25 Ap 0.0000000000000000
miniFE.c 25 Ap 0.0000000000000000
miniFE.c 25 Ap 0.0000000000000000
miniFE.c 25 Ap 0.0000000000000000
miniFE.c 25 Ap 0.0000000000000000
miniFE.c 25 Ap 0.0000000000000000
miniFE.c 25 Ap 0.0000000000000000
miniFE.c 25 Ap 0.0000000000000000
miniFE.c 25 Ap 0.0000000000000000
miniFE.c 25 Ap 0.0000000000000000
miniFE.c 25 Ap 0.0000000000000000
miniFE.c 25 Ap 0.0000000000000000
miniFE.c 25 Ap 0.0000000000000000
miniFE.c 25 Ap 0.0000000000000000
miniFE.c 25 Ap 0.0000000000000000
miniFE.c 25 Ap 0.0000000000000000
miniFE.c 25 Ap 0.0000000000000000
miniFE.c 25 Ap 0.0000000000000000
miniFE.c 25 Ap 0.0000000000000000
miniFE.c 25 Ap 0.0000000000000000
miniFE.c 25 Ap 0.0000000000000000
miniFE.c 33 r 198.0110999999999990
miniFE.c 33 r 229.8237000000000023
miniFE.c 33 r 210.8053999999999917
miniFE.c 33 r 202.6418999999999926
miniFE.c 33 r 157.2561000000000035
miniFE.c 33 r 225.5886000000000138
miniFE.c 33 r 142.6283999999999992
miniFE.c 33 r 185.1795999999999935
miniFE.c 48 sum 39208.3957232100001420
miniFE.c 48 sum 92027.3288048999966122
miniFE.c 48 sum 136466.2454740600078367
miniFE.c 48 sum 177529.9851096700003836
miniFE.c 48 sum 202259.4660968800017145
miniFE.c 48 sum 253149.6825468399911188
miniFE.c 48 sum 273492.5430333999684080
miniFE.c 48 sum 307784.0272895599482581
miniFE.c 75 rtrans 307784.0272895599482581
miniFE.c 76 normr 554.7828649927464539
miniFE.c 33 r 198.0110999999999990
miniFE.c 33 r 229.8237000000000023
miniFE.c 33 r 210.8053999999999917
miniFE.c 33 r 202.6418999999999926
miniFE.c 33 r 157.2561000000000035
miniFE.c 33 r 225.5886000000000138
miniFE.c 33 r 142.6283999999999992
miniFE.c 33 r 185.1795999999999935
miniFE.c 87 normr 554.7828649927464539
miniFE.c 25 Ap 13285.4973312810016068
miniFE.c 25 Ap 16752.9738962160008668
miniFE.c 25 Ap 18717.5143203662009910
miniFE.c 25 Ap 21497.0499152972006414
miniFE.c 25 Ap 23708.6069245981998392
miniFE.c 25 Ap 27330.7477216381994367
miniFE.c 25 Ap 28043.4264645949988335
miniFE.c 25 Ap 29230.0690077097970061
miniFE.c 25 Ap 2987.5023718050001662
miniFE.c 25 Ap 18256.2053009880000900
miniFE.c 25 Ap 21290.1102936259994749
miniFE.c 25 Ap 22498.6292991164009436
miniFE.c 25 Ap 24218.0061666374022025
miniFE.c 25 Ap 26395.4473404050004319
miniFE.c 25 Ap 28021.0416928490012651
miniFE.c 25 Ap 29308.7624836482027604
miniFE.c 25 Ap 1845.3076172643000064
miniFE.c 25 Ap 5152.9234129532997031
miniFE.c 25 Ap 19418.9870250392996240
miniFE.c 25 Ap 21366.8164301717988565
miniFE.c 25 Ap 24008.4327040697971825
miniFE.c 25 Ap 27657.4839652037990163
miniFE.c 25 Ap 29362.1700442997971550
miniFE.c 25 Ap 31649.3547644317950471
miniFE.c 25 Ap 2716.0172730389999742
miniFE.c 25 Ap 4086.6435322781999275
miniFE.c 25 Ap 6112.9419280231995799
miniFE.c 25 Ap 19366.0687056721981207
miniFE.c 25 Ap 19942.9016931553996983
miniFE.c 25 Ap 22443.7520980093977414
miniFE.c 25 Ap 22629.2022504265987664
miniFE.c 25 Ap 23503.4403270553993934
miniFE.c 25 Ap 2784.7112838509997346
miniFE.c 25 Ap 5297.5139884079999320
miniFE.c 25 Ap 8838.6610425799990480
miniFE.c 25 Ap 9581.9742276727993158
miniFE.c 25 Ap 20049.1383863587980159
miniFE.c 25 Ap 21061.8523085989982064
miniFE.c 25 Ap 23066.1607201429978886
miniFE.c 25 Ap 23769.7206112477979332
miniFE.c 25 Ap 3179.3454260399998930
miniFE.c 25 Ap 5397.6649115441996400
miniFE.c 25 Ap 8807.5877122702004272
miniFE.c 25 Ap 11054.0535250612010714
miniFE.c 25 Ap 11760.0087099739012046
miniFE.c 25 Ap 26753.3647406958989450
miniFE.c 25 Ap 27839.0862096834971453
miniFE.c 25 Ap 28473.5365185294976982
miniFE.c 25 Ap 989.4123599472000024
miniFE.c 25 Ap 3608.8072965641999872
miniFE.c 25 Ap 6128.3407890401995246
miniFE.c 25 Ap 6391.8224746028990921
miniFE.c 25 Ap 8601.6889808288997301
miniFE.c 25 Ap 10318.9233197042995016
miniFE.c 25 Ap 19683.6473325842962367
miniFE.c 25 Ap 20178.9207280214977800
miniFE.c 25 Ap 1268.8676034993000030
miniFE.c 25 Ap 2867.0390905766998912
miniFE.c 25 Ap 5470.7324228946999938
miniFE.c 25 Ap 6427.4105067679001877
miniFE.c 25 Ap 7024.8795832297000743
miniFE.c 25 Ap 7797.7765812907000509
miniFE.c 25 Ap 8179.2443669095000587
miniFE.c 25 Ap 20192.2487104374995397
miniFE.c 57 sum 5787878.1172925252467394
miniFE.c 57 sum 12523726.3537057451903820
miniFE.c 57 sum 19195581.2445636950433254
miniFE.c 57 sum 23958363.0489748232066631
miniFE.c 57 sum 27696296.6103892698884010
miniFE.c 57 sum 34119601.8506532162427902
miniFE.c 57 sum 36997689.0278177559375763
miniFE.c 57 sum 40736881.5671170875430107
miniFE.c 90 p_ap_dot 40736881.5671170875430107
miniFE.c 91 alpha 0.0075554145395853
miniFE.c 40 y 1.4960559439392744
miniFE.c 40 y 1.7364133245212852
miniFE.c 40 y 1.5927221841830903
miniFE.c 40 y 1.5310435575891859
miniFE.c 40 y 1.1881350243784765
miniFE.c 40 y 1.7044153884046875
miniFE.c 40 y 1.0776166871177848
miniFE.c 40 y 1.3991086422745860
miniFE.c 40 y -22.8341883739316245
miniFE.c 40 y 8.3838497937928480
miniFE.c 40 y -28.3185951556805833
miniFE.c 40 y 25.0636652226906733
miniFE.c 40 y -22.3339927081014764
miniFE.c 40 y 10.4592281944898673
miniFE.c 40 y -9.8317110616323760
miniFE.c 40 y 32.6187905062384118
miniFE.c 82 oldrtrans 307784.0272895599482581
miniFE.c 48 sum 521.4001586961941257
miniFE.c 48 sum 591.6890960610744514
miniFE.c 48 sum 1393.6319276524102406
miniFE.c 48 sum 2021.8192420475243125
miniFE.c 48 sum 2520.6264723330541528
miniFE.c 48 sum 2630.0219267574657351
miniFE.c 48 sum 2726.6844691568903727
miniFE.c 48 sum 3790.6699632467598349
miniFE.c 83 rtrans 3790.6699632467598349
miniFE.c 84 beta 0.0123160061184089
miniFE.c 40 y -20.3954824548187439
miniFE.c 40 y 11.2143598891482252
miniFE.c 40 y -25.7223145594869429
miniFE.c 40 y 27.5594041029366821
miniFE.c 40 y -20.3972256183443506
miniFE.c 40 y 13.2375787723331708
miniFE.c 40 y -8.0750988145735008
miniFE.c 40 y 34.8994635928429275
miniFE.c 87 normr 61.5684169298412272
miniFE.c 25 Ap -1372.4289806161518754
miniFE.c 25 Ap -1203.2317650706336281
miniFE.c 25 Ap -1442.9434933034935966
miniFE.c 25 Ap -1064.9252025196035447
miniFE.c 25 Ap -1351.7797492528836756
miniFE.c 25 Ap -1139.2318894527934390
miniFE.c 25 Ap -1179.5811556047112845
miniFE.c 25 Ap -955.9431942355674892
miniFE.c 25 Ap -307.7178613112005223
miniFE.c 25 Ap 437.3259687565855529
miniFE.c 25 Ap 67.1311892858862507
miniFE.c 25 Ap 231.4904044254456608
miniFE.c 25 Ap 8.4750944324596844
miniFE.c 25 Ap 136.2477259389728772
miniFE.c 25 Ap 44.2125139587647027
miniFE.c 25 Ap 286.8999636359623082
miniFE.c 25 Ap -190.0698452342187466
miniFE.c 25 Ap -28.6731141403941479
miniFE.c 25 Ap -1769.4073446474239972
miniFE.c 25 Ap -1504.5015295142784453
miniFE.c 25 Ap -1847.1377969518380269
miniFE.c 25 Ap -1633.0108263799961605
miniFE.c 25 Ap -1729.5239229058497585
miniFE.c 25 Ap -1298.4747151618360022
miniFE.c 25 Ap -279.7544311366967804
miniFE.c 25 Ap -212.8740522000363740
miniFE.c 25 Ap -460.1214411508727835
miniFE.c 25 Ap 1342.3107137622018854
miniFE.c 25 Ap 1267.4914057048456471
miniFE.c 25 Ap 1414.2417478412662604
miniFE.c 25 Ap 1403.7422378842968556
miniFE.c 25 Ap 1568.5035826910889227
miniFE.c 25 Ap -286.8300319099224680
miniFE.c 25 Ap -164.2165944823325390
miniFE.c 25 Ap -596.3046644692149130
miniFE.c 25 Ap -495.2136835663836223
miniFE.c 25 Ap -1852.8787212276629361
miniFE.c 25 Ap -1793.4524899398534217
miniFE.c 25 Ap -1906.9291080474579303
miniFE.c 25 Ap -1774.3342498395531948
miniFE.c 25 Ap -327.4780244875516928
miniFE.c 25 Ap -219.2340398177625218
miniFE.c 25 Ap -635.3102262145098393
miniFE.c 25 Ap -329.7897038638051299
miniFE.c 25 Ap -421.3570718902559520
miniFE.c 25 Ap 458.4557002015919807
miniFE.c 25 Ap 396.9861180764418123
miniFE.c 25 Ap 516.5563917731067249
miniFE.c 25 Ap -101.9111677470804693
miniFE.c 25 Ap 25.9034897970964124
miniFE.c 25 Ap -281.5280704790179698
miniFE.c 25 Ap -245.6944238040443054
miniFE.c 25 Ap -532.3297003619271663
miniFE.c 25 Ap -431.5620869656004857
miniFE.c 25 Ap -961.7585399526303718
miniFE.c 25 Ap -868.4179353041471359
miniFE.c 25 Ap -130.6955364858731627
miniFE.c 25 Ap -52.7119768240055322
miniFE.c 25 Ap -370.4126567417038700
miniFE.c 25 Ap -240.3039383084249323
miniFE.c 25 Ap -317.7998926947741438
miniFE.c 25 Ap -272.4461607476264362
miniFE.c 25 Ap -294.0434728078357125
miniFE.c 25 Ap 1969.9608112905175403
miniFE.c 57 sum 19496.9226458349039603
miniFE.c 57 sum 22714.3220902321227186
miniFE.c 57 sum 56114.0971611650747946
miniFE.c 57 sum 99341.1212334527517669
miniFE.c 57 sum 135532.6172497858933639
miniFE.c 57 sum 142370.5731762345822062
miniFE.c 57 sum 149383.1338161634630524
miniFE.c 57 sum 218133.7094291241955943
miniFE.c 90 p_ap_dot 218133.7094291241955943
miniFE.c 91 alpha 0.0173777357620117
miniFE.c 40 y 1.1416286391006887
miniFE.c 40 y 1.9312935074150057
miniFE.c 40 y 1.1457265985809799
miniFE.c 40 y 2.0099635998485206
miniFE.c 40 y 0.8336774273047527
miniFE.c 40 y 1.9344545344391086
miniFE.c 40 y 0.9372897536659925
miniFE.c 40 y 2.0055822988269578
miniFE.c 40 y -6.2220601410125091
miniFE.c 40 y 3.3981780355963300
miniFE.c 40 y -5.7540446619447927
miniFE.c 40 y -2.1933755790837353
miniFE.c 40 y 8.4999190390975272
miniFE.c 40 y 1.4826477120786254
miniFE.c 40 y 5.2594263490748627
miniFE.c 40 y -1.6146679338863947
miniFE.c 82 oldrtrans 3790.6699632467598349
miniFE.c 48 sum 38.7140323983766024
miniFE.c 48 sum 50.2616463599859316
miniFE.c 48 sum 83.3706763316412918
miniFE.c 48 sum 88.1815727625621975
miniFE.c 48 sum 160.4301964337748245
miniFE.c 48 sum 162.6284406719068159
miniFE.c 48 sum 190.2900061932497522
miniFE.c 48 sum 192.8971587299706982
miniFE.c 83 rtrans 192.8971587299706982
miniFE.c 84 beta 0.0508873525261354
miniFE.c 40 y -7.2599322466314806
miniFE.c 40 y 3.9688471206303690
miniFE.c 40 y -7.0629851507215502
miniFE.c 40 y -0.7909504670873730
miniFE.c 40 y 7.4619582285017172
miniFE.c 40 y 2.1562730496588305
miniFE.c 40 y 4.8485059490142826
miniFE.c 40 y 0.1612733729356324
miniFE.c 87 normr 13.8887421579483110
miniFE.c 25 Ap -487.1030487073876998
miniFE.c 25 Ap -427.2228693325209861
miniFE.c 25 Ap -493.0443323679322134
miniFE.c 25 Ap -503.8933965402314925
miniFE.c 25 Ap -398.9528185699381311
miniFE.c 25 Ap -364.3308359753960985
miniFE.c 25 Ap -340.1040541776470718
miniFE.c 25 Ap -339.0706042436530652
miniFE.c 25 Ap -109.5345907676647954
miniFE.c 25 Ap 154.1420781583355506
miniFE.c 25 Ap 52.4918077587055194
miniFE.c 25 Ap 47.7747247078823705
miniFE.c 25 Ap 129.3608658146110315
miniFE.c 25 Ap 150.1737868585492777
miniFE.c 25 Ap 205.4341970469041598
miniFE.c 25 Ap 206.5556762775080131
miniFE.c 25 Ap -67.6568549719273022
miniFE.c 25 Ap -10.5373262772286509
miniFE.c 25 Ap -488.5184190358224328
miniFE.c 25 Ap -496.1211733417979985
miniFE.c 25 Ap -370.7738558669450413
miniFE.c 25 Ap -335.8946514603092055
miniFE.c 25 Ap -277.9455992680474310
miniFE.c 25 Ap -275.9536844224460310
miniFE.c 25 Ap -99.5807880615982413
miniFE.c 25 Ap -75.9113141020289106
miniFE.c 25 Ap -143.8019633931658348
miniFE.c 25 Ap -195.5314764659787556
miniFE.c 25 Ap -168.1601779445128670
miniFE.c 25 Ap -144.2559721060305264
miniFE.c 25 Ap -137.9517846704258375
miniFE.c 25 Ap -137.1904085611422772
miniFE.c 25 Ap -102.0994037565996280
miniFE.c 25 Ap -58.7055771900042203
miniFE.c 25 Ap -177.3508730891519463
miniFE.c 25 Ap -180.2521679888807569
miniFE.c 25 Ap 316.4251737675614322
miniFE.c 25 Ap 326.1051298360011970
miniFE.c 25 Ap 394.2395354454762355
miniFE.c 25 Ap 394.8522674996587511
miniFE.c 25 Ap -116.5683761248137102
miniFE.c 25 Ap -78.2600080031553063
miniFE.c 25 Ap -192.5086662758303646
miniFE.c 25 Ap -201.2770561494095887
miniFE.c 25 Ap -167.7787810363120684
miniFE.c 25 Ap -24.4658231431138233
miniFE.c 25 Ap 12.4421629337047079
miniFE.c 25 Ap 12.9947072812875302
miniFE.c 25 Ap -36.2760809732203455
miniFE.c 25 Ap 8.9584968879234310
miniFE.c 25 Ap -75.4578778543914979
miniFE.c 25 Ap -76.4862977530639085
miniFE.c 25 Ap 28.3740641662730297
miniFE.c 25 Ap 44.7881299695349142
miniFE.c 25 Ap 363.1323032711044334
miniFE.c 25 Ap 363.5636380996030539
miniFE.c 25 Ap -46.5221032121460709
miniFE.c 25 Ap -18.9231292823003052
miniFE.c 25 Ap -106.1592595863377966
miniFE.c 25 Ap -109.8933588880703667
miniFE.c 25 Ap -81.5428574361111060
miniFE.c 25 Ap -74.1551748711182483
miniFE.c 25 Ap -61.1875693456404548
miniFE.c 25 Ap -50.7254140673529861
miniFE.c 57 sum 2461.6296136333180584
miniFE.c 57 sum 3281.4175146771644904
miniFE.c 57 sum 5230.4742900398014172
miniFE.c 57 sum 5338.9851077711446123
miniFE.c 57 sum 8285.3562342827844986
miniFE.c 57 sum 8313.3763713816297241
miniFE.c 57 sum 10076.1168335528309399
miniFE.c 57 sum 10067.9361749326326390
miniFE.c 90 p_ap_dot 10067.9361749326326390
miniFE.c 91 alpha 0.0191595531972332
miniFE.c 40 y 1.0025315810130437
miniFE.c 40 y 2.0073348449544093
miniFE.c 40 y 1.0104029588544619
miniFE.c 40 y 1.9948093422979836
miniFE.c 40 y 0.9766452129392637
miniFE.c 40 y 1.9757677626418073
miniFE.c 40 y 1.0301849613232335
miniFE.c 40 y 2.0086722245950153
miniFE.c 40 y 0.2743811386117807
miniFE.c 40 y -0.5593364322330725
miniFE.c 40 y -0.4668953652804246
miniFE.c 40 y 0.4351313518936326
miniFE.c 40 y 0.9347260148896464
miniFE.c 40 y 1.2336749266403229
miniFE.c 40 y -1.7062905156741355
miniFE.c 40 y -0.6427916646112619
miniFE.c 82 oldrtrans 192.8971587299706982
miniFE.c 48 sum 0.0752850092258972
miniFE.c 48 sum 0.3881422536491197
miniFE.c 48 sum 0.6061335357694608
miniFE.c 48 sum 0.7954728291702412
miniFE.c 48 sum 1.6691855520817205
miniFE.c 48 sum 3.1911393767027265
miniFE.c 48 sum 6.1025667005822335
miniFE.c 48 sum 6.5157478246759508
miniFE.c 83 rtrans 6.5157478246759508
miniFE.c 84 beta 0.0337783504307448
miniFE.c 40 y 0.0291526030815983
miniFE.c 40 y -0.4252753233863675
miniFE.c 40 y -0.7054713527886439
miniFE.c 40 y 0.4084143498429941
miniFE.c 40 y 1.1867786548315569
miniFE.c 40 y 1.3065102733360696
miniFE.c 40 y -1.5425159826627803
miniFE.c 40 y -0.6373441161050939
miniFE.c 87 normr 2.5525962909704210
miniFE.c 25 Ap 1.9559854495049434
miniFE.c 25 Ap -4.4603772558530448
miniFE.c 25 Ap -11.0348150578885615
miniFE.c 25 Ap -5.4328037124106316
miniFE.c 25 Ap 11.2573510897340334
miniFE.c 25 Ap 32.2352026425272982
miniFE.c 25 Ap 24.5276328211250849
miniFE.c 25 Ap 20.4434915724443300
miniFE.c 25 Ap 0.4398413566237682
miniFE.c 25 Ap -27.8140009403137398
miniFE.c 25 Ap -37.9671234855073223
miniFE.c 25 Ap -35.5314154512840759
miniFE.c 25 Ap -22.5556404830312189
miniFE.c 25 Ap -9.9448557930587693
miniFE.c 25 Ap -27.5255428790193690
miniFE.c 25 Ap -31.9575714026908138
miniFE.c 25 Ap 0.2716793176218708
miniFE.c 25 Ap -5.8488703782950289
miniFE.c 25 Ap -53.5910021993354775
miniFE.c 25 Ap -49.6652519961333923
miniFE.c 25 Ap -29.7295305321150316
miniFE.c 25 Ap -8.5958253688155040
miniFE.c 25 Ap -27.0318838426420953
miniFE.c 25 Ap -34.9038293691558508
miniFE.c 25 Ap 0.3998713886427120
miniFE.c 25 Ap -2.1363923893740804
miniFE.c 25 Ap -8.9175064898652643
miniFE.c 25 Ap 17.7934903784047762
miniFE.c 25 Ap 22.1467274035362678
miniFE.c 25 Ap 36.6305565776098661
miniFE.c 25 Ap 34.6249263939242908
miniFE.c 25 Ap 31.6160069761568927
miniFE.c 25 Ap 0.4099850097037801
miniFE.c 25 Ap -4.2398095188266414
miniFE.c 25 Ap -16.0904442878137814
miniFE.c 25 Ap -14.5923347101824969
miniFE.c 25 Ap 64.4011478965110200
miniFE.c 25 Ap 70.2663429611432235
miniFE.c 25 Ap 48.5898903122172783
miniFE.c 25 Ap 46.1684045928227818
miniFE.c 25 Ap 0.4680858561193746
miniFE.c 25 Ap -3.6367846884418649
miniFE.c 25 Ap -15.0482705950316031
miniFE.c 25 Ap -10.5206340382506536
miniFE.c 25 Ap -5.1929389935302446
miniFE.c 25 Ap 81.6420060609787441
miniFE.c 25 Ap 69.9000057396298047
miniFE.c 25 Ap 67.7163787563980861
miniFE.c 25 Ap 0.1456683277531824
miniFE.c 25 Ap -4.7013688957638360
miniFE.c 25 Ap -13.1331201760125396
miniFE.c 25 Ap -12.6020863606731339
miniFE.c 25 Ap 4.0753105709320927
miniFE.c 25 Ap 14.0207790275215824
miniFE.c 25 Ap -87.2580438653477728
miniFE.c 25 Ap -88.9626570324854669
miniFE.c 25 Ap 0.1868117171608759
miniFE.c 25 Ap -2.7705112046862315
miniFE.c 25 Ap -11.4839078131087469
miniFE.c 25 Ap -9.5557722318981764
miniFE.c 25 Ap -5.0467989910077584
miniFE.c 25 Ap -0.5705184156714838
miniFE.c 25 Ap -4.6960653347141017
miniFE.c 25 Ap -46.0419675566246482
miniFE.c 57 sum 0.5959809954134691
miniFE.c 57 sum 14.1867475083357348
miniFE.c 57 sum 38.8103992308981134
miniFE.c 57 sum 51.7228301646967950
miniFE.c 57 sum 106.5145072630860881
miniFE.c 57 sum 194.9866517814365636
miniFE.c 57 sum 332.2129721141927803
miniFE.c 57 sum 361.5575492303091210
miniFE.c 90 p_ap_dot 361.5575492303091210
miniFE.c 91 alpha 0.0180213297676865
miniFE.c 40 y 1.0030569496867636
miniFE.c 40 y 1.9996708181096041
miniFE.c 40 y 0.9976894269642018
miniFE.c 40 y 2.0021695119783596
miniFE.c 40 y 0.9980325424392346
miniFE.c 40 y 1.9993128151224668
miniFE.c 40 y 1.0023867721277404
miniFE.c 40 y 1.9971864361031908
miniFE.c 40 y -0.0940377646181586
miniFE.c 40 y 0.0165815005892066
miniFE.c 40 y 0.1621180539361944
miniFE.c 40 y -0.1346311357611680
miniFE.c 40 y 0.1027099708744146
miniFE.c 40 y 0.0133357343977116
miniFE.c 40 y -0.1030651362821193
miniFE.c 40 y 0.1869458158797944
miniFE.c 82 oldrtrans 6.5157478246759508
miniFE.c 48 sum 0.0088431011743802
miniFE.c 48 sum 0.0091180473361701
miniFE.c 48 sum 0.0354003107482289
miniFE.c 48 sum 0.0535258534645709
miniFE.c 48 sum 0.0640751915815940
miniFE.c 48 sum 0.0642530333935204
miniFE.c 48 sum 0.0748754557103722
miniFE.c 48 sum 0.1098241937853342
miniFE.c 83 rtrans 0.1098241937853342
miniFE.c 84 beta 0.0168551940223064
miniFE.c 40 y -0.0935463918369630
miniFE.c 40 y 0.0094134025006303
miniFE.c 40 y 0.1502271974077628
miniFE.c 40 y -0.1277472326530702
miniFE.c 40 y 0.1227133553631323
miniFE.c 40 y 0.0353572185469277
miniFE.c 40 y -0.1290645424524091
miniFE.c 40 y 0.1762032571438677
miniFE.c 87 normr 0.3313973352115768
miniFE.c 25 Ap -6.2764680318473989
miniFE.c 25 Ap -6.1344428509490143
miniFE.c 25 Ap -4.7344435999130248
miniFE.c 25 Ap -6.4866872391265362
miniFE.c 25 Ap -4.7609190101791077
miniFE.c 25 Ap -4.1932093663022183
miniFE.c 25 Ap -4.8381128769303787
miniFE.c 25 Ap -3.7089913043472746
miniFE.c 25 Ap -1.4113858641597707
miniFE.c 25 Ap -0.7859915017204230
miniFE.c 25 Ap 1.3760738165561772
miniFE.c 25 Ap 0.6142128265040746
miniFE.c 25 Ap 1.9559127958359714
miniFE.c 25 Ap 2.2971900742710507
miniFE.c 25 Ap 0.8261885674785381
miniFE.c 25 Ap 2.0514887497377936
miniFE.c 25 Ap -0.8717787509101192
miniFE.c 25 Ap -0.7363013445231235
miniFE.c 25 Ap 9.4301875332975840
miniFE.c 25 Ap 8.2022587772705577
miniFE.c 25 Ap 10.2636198090644193
miniFE.c 25 Ap 10.8355472155417711
miniFE.c 25 Ap 9.2929755480231240
miniFE.c 25 Ap 11.4692919315607469
miniFE.c 25 Ap -1.2831281481677843
miniFE.c 25 Ap -1.2269883477200856
miniFE.c 25 Ap 0.2170217635228768
miniFE.c 25 Ap -8.1378656997557535
miniFE.c 25 Ap -7.6877393683879838
miniFE.c 25 Ap -7.2957731328707833
miniFE.c 25 Ap -7.4635871100973068
miniFE.c 25 Ap -6.6317265994299079
miniFE.c 25 Ap -1.3155812624238634
miniFE.c 25 Ap -1.2126587907089472
miniFE.c 25 Ap 1.3108847122421856
miniFE.c 25 Ap 0.8422935551806670
miniFE.c 25 Ap 9.0102491069785113
miniFE.c 25 Ap 9.1689749799799092
miniFE.c 25 Ap 7.3552748468406373
miniFE.c 25 Ap 8.0247305774311055
miniFE.c 25 Ap -1.5020182858910123
miniFE.c 25 Ap -1.4111576209898637
miniFE.c 25 Ap 1.0188709538469110
miniFE.c 25 Ap -0.3973208151494336
miniFE.c 25 Ap 0.1535648387402275
miniFE.c 25 Ap 2.5035212014736894
miniFE.c 25 Ap 1.5210510579003049
miniFE.c 25 Ap 2.1247472043149100
miniFE.c 25 Ap -0.4674281205041284
miniFE.c 25 Ap -0.3601397127094200
miniFE.c 25 Ap 1.4353667370763168
miniFE.c 25 Ap 1.2692655695221173
miniFE.c 25 Ap 2.9937146298993920
miniFE.c 25 Ap 3.2628622278538382
miniFE.c 25 Ap -5.2112833133949303
miniFE.c 25 Ap -4.7400176585779992
miniFE.c 25 Ap -0.5994511723139445
miniFE.c 25 Ap -0.5339912938380067
miniFE.c 25 Ap 1.3214903599688310
miniFE.c 25 Ap 0.7183920976911723
miniFE.c 25 Ap 1.1846216118298247
miniFE.c 25 Ap 1.3057602157961028
miniFE.c 25 Ap 0.9605697403282147
miniFE.c 25 Ap 12.3912591543514843
miniFE.c 57 sum 0.3469627538763586
miniFE.c 57 sum 0.3662742432031552
miniFE.c 57 sum 2.0892738263329926
miniFE.c 57 sum 2.9364585471219193
miniFE.c 57 sum 3.9212001621636166
miniFE.c 57 sum 3.9963253134235526
miniFE.c 57 sum 4.6080935237442615
miniFE.c 57 sum 6.7914737468547601
miniFE.c 90 p_ap_dot 6.7914737468547601
miniFE.c 91 alpha 0.0161708927809955
miniFE.c 40 y 1.0015442210143191
miniFE.c 40 y 1.9998230412321463
miniFE.c 40 y 1.0001187348662721
miniFE.c 40 y 2.0001037251760581
miniFE.c 40 y 1.0000169269516079
miniFE.c 40 y 1.9998845729126233
miniFE.c 40 y 1.0002996832499143
miniFE.c 40 y 2.0000358000821263
miniFE.c 40 y -0.0340600639099141
miniFE.c 40 y -0.0165929040242218
miniFE.c 40 y -0.0233506361630114
miniFE.c 40 y -0.0273901959689110
miniFE.c 40 y -0.0270570868896000
miniFE.c 40 y -0.0210233248299847
miniFE.c 40 y -0.0264148189452291
miniFE.c 40 y -0.0134319073267525
miniFE.c 82 oldrtrans 0.1098241937853342
miniFE.c 48 sum 0.0011600879535474
miniFE.c 48 sum 0.0014354124175045
miniFE.c 48 sum 0.0019806646267218
miniFE.c 48 sum 0.0027308874619372
miniFE.c 48 sum 0.0034629734128885
miniFE.c 48 sum 0.0039049535997956
miniFE.c 48 sum 0.0046026962597048
miniFE.c 48 sum 0.0047831123941393
miniFE.c 83 rtrans 0.0047831123941393
miniFE.c 84 beta 0.0435524471364525
miniFE.c 40 y -0.0381342381951993
miniFE.c 40 y -0.0161829273094389
miniFE.c 40 y -0.0168078740894524
miniFE.c 40 y -0.0329539005658620
miniFE.c 40 y -0.0217126199672105
miniFE.c 40 y -0.0194834314383277
miniFE.c 40 y -0.0320358956075781
miniFE.c 40 y -0.0057578242847235
miniFE.c 87 normr 0.0691600491189768
miniFE.c 25 Ap -2.5586056527778229
miniFE.c 25 Ap -2.8027663777053484
miniFE.c 25 Ap -2.9594025364221359
miniFE.c 25 Ap -3.4114143839947757
miniFE.c 25 Ap -3.7167678607678432
miniFE.c 25 Ap -4.0296016293142074
miniFE.c 25 Ap -4.1896770547631643
miniFE.c 25 Ap -4.2265735555226023
miniFE.c 25 Ap -0.5753522254819797
miniFE.c 25 Ap -1.6504907321389775
miniFE.c 25 Ap -1.8923891517981533
miniFE.c 25 Ap -2.0889201512552500
miniFE.c 25 Ap -2.3263174700549420
miniFE.c 25 Ap -2.5143767328904434
miniFE.c 25 Ap -2.8795029698472101
miniFE.c 25 Ap -2.9195423156563973
miniFE.c 25 Ap -0.3553810883337982
miniFE.c 25 Ap -0.5882852926834241
miniFE.c 25 Ap -1.7257428765216916
miniFE.c 25 Ap -2.0425015356933560
miniFE.c 25 Ap -2.4072340341741518
miniFE.c 25 Ap -2.7223919812567945
miniFE.c 25 Ap -3.1052830834048315
miniFE.c 25 Ap -3.1763989499755798
miniFE.c 25 Ap -0.5230678968620698
miniFE.c 25 Ap -0.6195798976769387
miniFE.c 25 Ap -0.7811401248027204
miniFE.c 25 Ap -2.9363815729800602
miniFE.c 25 Ap -3.0160258948332244
miniFE.c 25 Ap -3.2320170725810669
miniFE.c 25 Ap -3.2736712012345950
miniFE.c 25 Ap -3.3008540509018545
miniFE.c 25 Ap -0.5362974267767483
miniFE.c 25 Ap -0.7132352426365030
miniFE.c 25 Ap -0.9955769370084598
miniFE.c 25 Ap -1.1164555351209049
miniFE.c 25 Ap -2.5616748780395939
miniFE.c 25 Ap -2.6491400348365546
miniFE.c 25 Ap -3.0993295836053427
miniFE.c 25 Ap -3.1212055042076154
miniFE.c 25 Ap -0.6122985821573986
miniFE.c 25 Ap -0.7685005012067676
miniFE.c 25 Ap -1.0403794620367812
miniFE.c 25 Ap -1.4057027787808647
miniFE.c 25 Ap -1.5031752243260057
miniFE.c 25 Ap -2.7981077885380667
miniFE.c 25 Ap -3.0419726824820015
miniFE.c 25 Ap -3.0616997657877425
miniFE.c 25 Ap -0.1905473309703387
miniFE.c 25 Ap -0.3749907885162111
miniFE.c 25 Ap -0.5758774911609004
miniFE.c 25 Ap -0.6187252401553528
miniFE.c 25 Ap -0.9238453062637729
miniFE.c 25 Ap -1.0721578429124370
miniFE.c 25 Ap -3.1755770838939208
miniFE.c 25 Ap -3.1909767131393982
miniFE.c 25 Ap -0.2443666008118437
miniFE.c 25 Ap -0.3569010913948057
miniFE.c 25 Ap -0.5644980016122271
miniFE.c 25 Ap -0.7200742888928773
miniFE.c 25 Ap -0.8025678710138588
miniFE.c 25 Ap -0.8693207373848136
miniFE.c 25 Ap -0.9550025662333309
miniFE.c 25 Ap -1.3285251796402848
miniFE.c 57 sum 0.1611771627158295
miniFE.c 57 sum 0.2084239037869280
miniFE.c 57 sum 0.2618124173959862
miniFE.c 57 sum 0.3705884335718286
miniFE.c 57 sum 0.4383579825242541
miniFE.c 57 sum 0.4980103999957235
miniFE.c 57 sum 0.6002361968640699
miniFE.c 57 sum 0.6078856114062694
miniFE.c 90 p_ap_dot 0.6078856114062694
miniFE.c 91 alpha 0.0078684415363511
miniFE.c 40 y 1.0012441639905469
miniFE.c 40 y 1.9996957068147250
miniFE.c 40 y 0.9999864830916489
miniFE.c 40 y 1.9998444293360609
miniFE.c 40 y 0.9998460824707949
miniFE.c 40 y 1.9997312686714233
miniFE.c 40 y 1.0000476106782614
miniFE.c 40 y 1.9999904949783653
miniFE.c 40 y -0.0008035169891969
miniFE.c 40 y 0.0063793439994237
miniFE.c 40 y 0.0016426732709985
miniFE.c 40 y -0.0014176188493621
miniFE.c 40 y -0.0024980638568051
miniFE.c 40 y 0.0030674807789760
miniFE.c 40 y -0.0013068052340340
miniFE.c 40 y -0.0029784846211826
miniFE.c 82 oldrtrans 0.0047831123941393
miniFE.c 48 sum 0.0000006456395519
miniFE.c 48 sum 0.0000413416694149
miniFE.c 48 sum 0.0000440400448902
miniFE.c 48 sum 0.0000460496880922
miniFE.c 48 sum 0.0000522900111249
miniFE.c 48 sum 0.0000616994494543
miniFE.c 48 sum 0.0000634071893740
miniFE.c 48 sum 0.0000722785600126
miniFE.c 83 rtrans 0.0000722785600126
miniFE.c 84 beta 0.0151111983279290
miniFE.c 40 y -0.0013797710256491
miniFE.c 40 y 0.0061348005753243
miniFE.c 40 y 0.0013886861521620
miniFE.c 40 y -0.0019155917764917
miniFE.c 40 y -0.0028261675633486
miniFE.c 40 y 0.0027730627824028
miniFE.c 40 y -0.0017909060061729
miniFE.c 40 y -0.0030654922458864
miniFE.c 87 normr 0.0085016798347511
miniFE.c 25 Ap -0.0925753368323261
miniFE.c 25 Ap -0.0000162264120918
miniFE.c 25 Ap 0.0129252356300559
miniFE.c 25 Ap -0.0133499598162742
miniFE.c 25 Ap -0.0530955129883463
miniFE.c 25 Ap -0.0085701077289738
miniFE.c 25 Ap -0.0175188208971303
miniFE.c 25 Ap -0.0371626883347820
miniFE.c 25 Ap -0.0208173643380314
miniFE.c 25 Ap 0.3867578662165538
miniFE.c 25 Ap 0.4067437956578841
miniFE.c 25 Ap 0.3953195587717747
miniFE.c 25 Ap 0.3644193448394710
miniFE.c 25 Ap 0.3911856844499230
miniFE.c 25 Ap 0.3707739944261080
miniFE.c 25 Ap 0.3494568617664539
miniFE.c 25 Ap -0.0128583800792520
miniFE.c 25 Ap 0.0754334857567982
miniFE.c 25 Ap 0.1694115573999601
miniFE.c 25 Ap 0.1509985540157615
miniFE.c 25 Ap 0.1035240825764706
miniFE.c 25 Ap 0.1483802864951558
miniFE.c 25 Ap 0.1269754853637377
miniFE.c 25 Ap 0.0891130695011127
miniFE.c 25 Ap -0.0189256154756050
miniFE.c 25 Ap 0.0176612063523233
miniFE.c 25 Ap 0.0310095006669806
miniFE.c 25 Ap -0.0942734771775115
miniFE.c 25 Ap -0.1046401763306412
miniFE.c 25 Ap -0.0738983073618298
miniFE.c 25 Ap -0.0762269024509540
miniFE.c 25 Ap -0.0906991771775667
miniFE.c 25 Ap -0.0194042856398232
miniFE.c 25 Ap 0.0476712312785484
miniFE.c 25 Ap 0.0709986312260723
miniFE.c 25 Ap 0.0639720260436220
miniFE.c 25 Ap -0.1241412479439895
miniFE.c 25 Ap -0.1116923950897874
miniFE.c 25 Ap -0.1368593882864930
miniFE.c 25 Ap -0.1485062294649946
miniFE.c 25 Ap -0.0221541554962315
miniFE.c 25 Ap 0.0370605715137517
miniFE.c 25 Ap 0.0595235282184164
miniFE.c 25 Ap 0.0382874884993253
miniFE.c 25 Ap 0.0256002372907679
miniFE.c 25 Ap 0.2099070577245568
miniFE.c 25 Ap 0.1962742531790333
miniFE.c 25 Ap 0.1857714629031732
miniFE.c 25 Ap -0.0068943736319540
miniFE.c 25 Ap 0.0630264637932531
miniFE.c 25 Ap 0.0796239573627236
miniFE.c 25 Ap 0.0771332417204005
miniFE.c 25 Ap 0.0374180698496345
miniFE.c 25 Ap 0.0585272865112896
miniFE.c 25 Ap -0.0590603782232115
miniFE.c 25 Ap -0.0672592119678928
miniFE.c 25 Ap -0.0088416596579338
miniFE.c 25 Ap 0.0338191423324151
miniFE.c 25 Ap 0.0509710410744133
miniFE.c 25 Ap 0.0419274786610264
miniFE.c 25 Ap 0.0311899128432287
miniFE.c 25 Ap 0.0406908002992164
miniFE.c 25 Ap 0.0359009201040646
miniFE.c 25 Ap -0.1629642446596838
miniFE.c 57 sum 0.0000512760005996
miniFE.c 57 sum 0.0021951241572154
miniFE.c 57 sum 0.0023188742428083
miniFE.c 57 sum 0.0024926168407442
miniFE.c 57 sum 0.0029123203294133
miniFE.c 57 sum 0.0034274762592227
miniFE.c 57 sum 0.0035479311859064
miniFE.c 57 sum 0.0040474968142674
miniFE.c 90 p_ap_dot 0.0040474968142674
miniFE.c 91 alpha 0.0178575952815657
miniFE.c 40 y 1.0012195245979896
miniFE.c 40 y 1.9998052596005322
miniFE.c 40 y 1.0000112816869273
miniFE.c 40 y 1.9998102214733915
miniFE.c 40 y 0.9997956139142508
miniFE.c 40 y 1.9997807889042818
miniFE.c 40 y 1.0000156294036158
miniFE.c 40 y 1.9999357526584995
miniFE.c 40 y -0.0001398807413394
miniFE.c 40 y 0.0001388847936323
miniFE.c 40 y 0.0000513281415496
miniFE.c 40 y 0.0002020503490459
miniFE.c 40 y 0.0001539002857721
miniFE.c 40 y -0.0002499508204133
miniFE.c 40 y -0.0001057174477543
miniFE.c 40 y -0.0000683350946839
