filename line variable value
miniFE.c 167 A 67.0947100000000063
miniFE.c 167 A 15.0875500000000002
miniFE.c 167 A 9.3192129999999995
miniFE.c 167 A 13.7164900000000003
miniFE.c 167 A 14.0634099999999993
miniFE.c 167 A 16.0564000000000000
miniFE.c 167 A 4.9967519999999999
miniFE.c 167 A 6.4080630000000003
miniFE.c 167 A 15.0875500000000002
miniFE.c 167 A 66.4365899999999954
miniFE.c 167 A 14.3919700000000006
miniFE.c 167 A 5.9638159999999996
miniFE.c 167 A 10.9336099999999998
miniFE.c 167 A 9.6522659999999991
miniFE.c 167 A 11.3974100000000007
miniFE.c 167 A 6.9539020000000002
miniFE.c 167 A 9.3192129999999995
miniFE.c 167 A 14.3919700000000006
miniFE.c 167 A 67.6740900000000067
miniFE.c 167 A 9.6121750000000006
miniFE.c 167 A 16.7981799999999986
miniFE.c 167 A 16.1756899999999995
miniFE.c 167 A 11.9519400000000005
miniFE.c 167 A 12.3511699999999998
miniFE.c 167 A 13.7164900000000003
miniFE.c 167 A 5.9638159999999996
miniFE.c 167 A 9.6121750000000006
miniFE.c 167 A 65.4017099999999942
miniFE.c 167 A 3.6681119999999998
miniFE.c 167 A 11.0858899999999991
miniFE.c 167 A 1.3002330000000000
miniFE.c 167 A 4.7210279999999996
miniFE.c 167 A 14.0634099999999993
miniFE.c 167 A 10.9336099999999998
miniFE.c 167 A 16.7981799999999986
miniFE.c 167 A 3.6681119999999998
miniFE.c 167 A 66.5612600000000043
miniFE.c 167 A 4.4892070000000004
miniFE.c 167 A 14.0526599999999995
miniFE.c 167 A 3.7993380000000001
miniFE.c 167 A 16.0564000000000000
miniFE.c 167 A 9.6522659999999991
miniFE.c 167 A 16.1756899999999995
miniFE.c 167 A 11.0858899999999991
miniFE.c 167 A 4.4892070000000004
miniFE.c 167 A 66.4632699999999943
miniFE.c 167 A 7.6122389999999998
miniFE.c 167 A 3.4261349999999999
miniFE.c 167 A 4.9967519999999999
miniFE.c 167 A 11.3974100000000007
miniFE.c 167 A 11.9519400000000005
miniFE.c 167 A 1.3002330000000000
miniFE.c 167 A 14.0526599999999995
miniFE.c 167 A 7.6122389999999998
miniFE.c 167 A 65.6581999999999937
miniFE.c 167 A 2.6745570000000001
miniFE.c 167 A 6.4080630000000003
miniFE.c 167 A 6.9539020000000002
miniFE.c 167 A 12.3511699999999998
miniFE.c 167 A 4.7210279999999996
miniFE.c 167 A 3.7993380000000001
miniFE.c 167 A 3.4261349999999999
miniFE.c 167 A 2.6745570000000001
miniFE.c 167 A 64.8721800000000002
miniFE.c 175 b 198.0110999999999990
miniFE.c 175 b 229.8237000000000023
miniFE.c 175 b 210.8053999999999917
miniFE.c 175 b 202.6418999999999926
miniFE.c 175 b 157.2561000000000035
miniFE.c 175 b 225.5886000000000138
miniFE.c 175 b 142.6283999999999992
miniFE.c 175 b 185.1795999999999935
miniFE.c 33 r 0.0000000000000000
miniFE.c 33 r 0.0000000000000000
miniFE.c 33 r 0.0000000000000000
miniFE.c 33 r 0.0000000000000000
miniFE.c 33 r 0.0000000000000000
miniFE.c 33 r 0.0000000000000000
miniFE.c 33 r 0.0000000000000000
miniFE.c 33 r 0.0000000000000000
miniFE.c 25 Ap 0.0000000000000000
miniFE.c 25 Ap 0.0000000000000000
miniFE.c 25 Ap 0.0000000000000000
miniFE.c 25 Ap 0.0000000000000000
miniFE.c 25 Ap 0.0000000000000000
miniFE.c 25 Ap 0.0000000000000000
miniFE.c 25 Ap 0.0000000000000000
miniFE.c 25 Ap 0.0000000000000000
miniFE.c 25 Ap 0.0000000000000000
miniFE.c 25 Ap 0.0000000000000000
miniFE.c 25 Ap 0.0000000000000000
miniFE.c 25 Ap 0.0000000000000000
miniFE.c 25 Ap 0.0000000000000000
miniFE.c 25 Ap 0.0000000000000000
miniFE.c 25 Ap 0.0000000000000000
miniFE.c 25 Ap 0.0000000000000000
miniFE.c 25 Ap 0.0000000000000000
miniFE.c 25 Ap 0.0000000000000000
miniFE.c 25 Ap 0.0000000000000000
miniFE.c 25 Ap 0.0000000000000000
miniFE.c 25 Ap 0.0000000000000000
miniFE.c 25 Ap 0.0000000000000000
miniFE.c 25 Ap 0.0000000000000000
miniFE.c 25 Ap 0.0000000000000000
miniFE.c 25 Ap 0.0000000000000000
miniFE.c 25 Ap 0.0000000000000000
miniFE.c 25 Ap 0.0000000000000000
miniFE.c 25 Ap 0.0000000000000000
miniFE.c 25 Ap 0.0000000000000000
miniFE.c 25 Ap 0.0000000000000000
miniFE.c 25 Ap 0.0000000000000000
miniFE.c 25 Ap 0.0000000000000000
miniFE.c 25 Ap 0.0000000000000000
miniFE.c 25 Ap 0.0000000000000000
miniFE.c 25 Ap 0.0000000000000000
miniFE.c 25 Ap 0.0000000000000000
miniFE.c 25 Ap 0.0000000000000000
miniFE.c 25 Ap 0.0000000000000000
miniFE.c 25 Ap 0.0000000000000000
miniFE.c 25 Ap 0.0000000000000000
miniFE.c 25 Ap 0.0000000000000000
miniFE.c 25 Ap 0.0000000000000000
miniFE.c 25 Ap 0.0000000000000000
miniFE.c 25 Ap 0.0000000000000000
miniFE.c 25 Ap 0.0000000000000000
miniFE.c 25 Ap 0.0000000000000000
miniFE.c 25 Ap 0.0000000000000000
miniFE.c 25 Ap 0.0000000000000000
miniFE.c 25 Ap 0.0000000000000000
miniFE.c 25 Ap 0.0000000000000000
miniFE.c 25 Ap 0.0000000000000000
miniFE.c 25 Ap 0.0000000000000000
miniFE.c 25 Ap 0.0000000000000000
miniFE.c 25 Ap 0.0000000000000000
miniFE.c 25 Ap 0.0000000000000000
miniFE.c 25 Ap 0.0000000000000000
miniFE.c 25 Ap 0.0000000000000000
miniFE.c 25 Ap 0.0000000000000000
miniFE.c 25 Ap 0.0000000000000000
miniFE.c 25 Ap 0.0000000000000000
miniFE.c 25 Ap 0.0000000000000000
miniFE.c 25 Ap 0.0000000000000000
miniFE.c 25 Ap 0.0000000000000000
miniFE.c 25 Ap 0.0000000000000000
miniFE.c 33 r 198.0110999999999990
miniFE.c 33 r 229.8237000000000023
miniFE.c 33 r 210.8053999999999917
miniFE.c 33 r 202.6418999999999926
miniFE.c 33 r 157.2561000000000035
miniFE.c 33 r 225.5886000000000138
miniFE.c 33 r 142.6283999999999992
miniFE.c 33 r 185.1795999999999935
miniFE.c 48 sum 39208.3957232100001420
miniFE.c 48 sum 92027.3288048999966122
miniFE.c 48 sum 136466.2454740600078367
miniFE.c 48 sum 177529.9851096700003836
miniFE.c 48 sum 202259.4660968800017145
miniFE.c 48 sum 253149.6825468399911188
miniFE.c 48 sum 273492.5430333999684080
miniFE.c 48 sum 307784.0272895599482581
miniFE.c 75 rtrans 307784.0272895599482581
miniFE.c 76 normr 554.7828649927464539
miniFE.c 33 r 198.0110999999999990
miniFE.c 33 r 229.8237000000000023
miniFE.c 33 r 210.8053999999999917
miniFE.c 33 r 202.6418999999999926
miniFE.c 33 r 157.2561000000000035
miniFE.c 33 r 225.5886000000000138
miniFE.c 33 r 142.6283999999999992
miniFE.c 33 r 185.1795999999999935
miniFE.c 87 normr 554.7828649927464539
miniFE.c 25 Ap 13285.4973312810016068
miniFE.c 25 Ap 16752.9738962160008668
miniFE.c 25 Ap 18717.5143203662009910
miniFE.c 25 Ap 21497.0499152972006414
miniFE.c 25 Ap 23708.6069245981998392
miniFE.c 25 Ap 27330.7477216381994367
miniFE.c 25 Ap 28043.4264645949988335
miniFE.c 25 Ap 29230.0690077097970061
miniFE.c 25 Ap 2987.5023718050001662
miniFE.c 25 Ap 18256.2053009880000900
miniFE.c 25 Ap 21290.1102936259994749
miniFE.c 25 Ap 22498.6292991164009436
miniFE.c 25 Ap 24218.0061666374022025
miniFE.c 25 Ap 26395.4473404050004319
miniFE.c 25 Ap 28021.0416928490012651
miniFE.c 25 Ap 29308.7624836482027604
miniFE.c 25 Ap 1845.3076172643000064
miniFE.c 25 Ap 5152.9234129532997031
miniFE.c 25 Ap 19418.9870250392996240
miniFE.c 25 Ap 21366.8164301717988565
miniFE.c 25 Ap 24008.4327040697971825
miniFE.c 25 Ap 27913.4839652037990163
miniFE.c 25 Ap 29618.1700442997971550
miniFE.c 25 Ap 31905.3547644317950471
miniFE.c 25 Ap 2716.0172730389999742
miniFE.c 25 Ap 4086.6435322781999275
miniFE.c 25 Ap 6112.9419280231995799
miniFE.c 25 Ap 19366.0687056721981207
miniFE.c 25 Ap 19942.9016931553996983
miniFE.c 25 Ap 22443.7520980093977414
miniFE.c 25 Ap 22629.2022504265987664
miniFE.c 25 Ap 23503.4403270553993934
miniFE.c 25 Ap 2784.7112838509997346
miniFE.c 25 Ap 5297.5139884079999320
miniFE.c 25 Ap 8838.6610425799990480
miniFE.c 25 Ap 9581.9742276727993158
miniFE.c 25 Ap 20049.1383863587980159
miniFE.c 25 Ap 21061.8523085989982064
miniFE.c 25 Ap 23066.1607201429978886
miniFE.c 25 Ap 23769.7206112477979332
miniFE.c 25 Ap 3179.3454260399998930
miniFE.c 25 Ap 5397.6649115441996400
miniFE.c 25 Ap 8807.5877122702004272
miniFE.c 25 Ap 11054.0535250612010714
miniFE.c 25 Ap 11760.0087099739012046
miniFE.c 25 Ap 26753.3647406958989450
miniFE.c 25 Ap 27839.0862096834971453
miniFE.c 25 Ap 28473.5365185294976982
miniFE.c 25 Ap 989.4123599472000024
miniFE.c 25 Ap 3608.8072965641999872
miniFE.c 25 Ap 6128.3407890401995246
miniFE.c 25 Ap 6391.8224746028990921
miniFE.c 25 Ap 8601.6889808288997301
miniFE.c 25 Ap 10318.9233197042995016
miniFE.c 25 Ap 19683.6473325842962367
miniFE.c 25 Ap 20178.9207280214977800
miniFE.c 25 Ap 1268.8676034993000030
miniFE.c 25 Ap 2867.0390905766998912
miniFE.c 25 Ap 5470.7324228946999938
miniFE.c 25 Ap 6427.4105067679001877
miniFE.c 25 Ap 7024.8795832297000743
miniFE.c 25 Ap 7797.7765812907000509
miniFE.c 25 Ap 8179.2443669095000587
miniFE.c 25 Ap 20192.2487104374995397
miniFE.c 57 sum 5787878.1172925252467394
miniFE.c 57 sum 12523726.3537057451903820
miniFE.c 57 sum 19249547.4269636943936348
miniFE.c 57 sum 24012329.2313748225569725
miniFE.c 57 sum 27750262.7927892655134201
miniFE.c 57 sum 34173568.0330532118678093
miniFE.c 57 sum 37051655.2102177515625954
miniFE.c 57 sum 40790847.7495170831680298
miniFE.c 90 p_ap_dot 40790847.7495170831680298
miniFE.c 91 alpha 0.0075454187463707
miniFE.c 40 y 1.4940766659294864
miniFE.c 40 y 1.7341160543402796
miniFE.c 40 y 1.5906150169961772
miniFE.c 40 y 1.5290179910601800
miniFE.c 40 y 1.1865631249211479
miniFE.c 40 y 1.7021604514075250
miniFE.c 40 y 1.0761910031248609
miniFE.c 40 y 1.3972576252854305
miniFE.c 40 y -22.5420106484831706
miniFE.c 40 y 8.6768141229541129
miniFE.c 40 y -29.9338619491519182
miniFE.c 40 y 25.2986007520307226
miniFE.c 40 y -22.0963954961035256
miniFE.c 40 y 10.7438437776163767
miniFE.c 40 y -9.6300067427420402
miniFE.c 40 y 32.8206280488849700
miniFE.c 82 oldrtrans 307784.0272895599482581
miniFE.c 48 sum 508.1422440763286659
miniFE.c 48 sum 583.4293474006245788
miniFE.c 48 sum 1479.4654385915096100
miniFE.c 48 sum 2119.4846386021590661
miniFE.c 48 sum 2607.7353325223830325
miniFE.c 48 sum 2723.1655116402089334
miniFE.c 48 sum 2815.9025415054661607
miniFE.c 48 sum 3893.0961670287210836
miniFE.c 83 rtrans 3893.0961670287210836
miniFE.c 84 beta 0.0126487920809683
miniFE.c 40 y -20.0374094148593471
miniFE.c 40 y 11.5838063195329504
miniFE.c 40 y -27.2674282750065622
miniFE.c 40 y 27.8617760120230962
miniFE.c 40 y -20.1072957837395663
miniFE.c 40 y 13.5972670748531055
miniFE.c 40 y -7.8259297663008596
miniFE.c 40 y 35.1629263069218467
miniFE.c 87 normr 62.3946805988196473
miniFE.c 25 Ap -1344.4041738412577160
miniFE.c 25 Ap -1169.6329168049883265
miniFE.c 25 Ap -1423.7438888619969930
miniFE.c 25 Ap -1041.5781168108424026
miniFE.c 25 Ap -1324.3552614088432620
miniFE.c 25 Ap -1106.0321023481719749
miniFE.c 25 Ap -1145.1363325597953917
miniFE.c 25 Ap -919.8100855206828328
miniFE.c 25 Ap -302.3154164171611455
miniFE.c 25 Ap 467.2731746730584064
miniFE.c 25 Ap 74.8411649620122148
miniFE.c 25 Ap 241.0036705309317426
miniFE.c 25 Ap 21.1583402768789881
miniFE.c 25 Ap 152.4027789564030684
miniFE.c 25 Ap 63.2074487786679811
miniFE.c 25 Ap 307.7269923502244637
miniFE.c 25 Ap -186.7328863052796066
miniFE.c 25 Ap -20.0190932687509644
miniFE.c 25 Ap -1865.3174884200900578
miniFE.c 25 Ap -1597.5052215817217984
miniFE.c 25 Ap -1935.2711954702199364
miniFE.c 25 Ap -1715.3260184201892571
miniFE.c 25 Ap -1808.8610614312310645
miniFE.c 25 Ap -1374.5577809169672037
miniFE.c 25 Ap -274.8429258648241102
miniFE.c 25 Ap -205.7592363954923940
miniFE.c 25 Ap -467.8585287748036308
miniFE.c 25 Ap 1354.3492660484871521
miniFE.c 25 Ap 1280.5934530966026159
miniFE.c 25 Ap 1431.3312601890459064
miniFE.c 25 Ap 1421.1557280512192847
miniFE.c 25 Ap 1587.1608877081339415
miniFE.c 25 Ap -281.7943039390270883
miniFE.c 25 Ap -155.1414833257184114
miniFE.c 25 Ap -613.1846516263681224
miniFE.c 25 Ap -510.9845366953540520
miniFE.c 25 Ap -1849.3514792537471294
miniFE.c 25 Ap -1788.3105327204470996
miniFE.c 25 Ap -1898.2856629101524959
miniFE.c 25 Ap -1764.6898208010645703
miniFE.c 25 Ap -321.7286605287476391
miniFE.c 25 Ap -209.9186806401345962
miniFE.c 25 Ap -650.9881475138754467
miniFE.c 25 Ap -342.1155634399487440
miniFE.c 25 Ap -432.3813764233829033
miniFE.c 25 Ap 471.3374564346892157
miniFE.c 25 Ap 411.7646086563929089
miniFE.c 25 Ap 532.2375411789586224
miniFE.c 25 Ap -100.1219655685172683
miniFE.c 25 Ap 31.9034244157907807
miniFE.c 25 Ap -293.9952422813911994
miniFE.c 25 Ap -257.7684416719503702
miniFE.c 25 Ap -540.3294328402760129
miniFE.c 25 Ap -436.8237861196632821
miniFE.c 25 Ap -950.6602479013982929
miniFE.c 25 Ap -856.6149972067363478
miniFE.c 25 Ap -128.4009818872118274
miniFE.c 25 Ap -47.8483279541990072
miniFE.c 25 Ap -384.6329700416118271
miniFE.c 25 Ap -253.0967453591224796
miniFE.c 25 Ap -329.4911583075240173
miniFE.c 25 Ap -282.9050856780221466
miniFE.c 25 Ap -303.8359809159904898
miniFE.c 25 Ap 1977.2597037933787760
miniFE.c 57 sum 18430.6112674947107735
miniFE.c 57 sum 21995.2611461721098749
miniFE.c 57 sum 59475.9168471776938532
miniFE.c 57 sum 103697.0379955454554874
miniFE.c 57 sum 139180.1781889468256850
miniFE.c 57 sum 146417.1541836202668492
miniFE.c 57 sum 153120.9629885201866273
miniFE.c 57 sum 222647.2002426528779324
miniFE.c 90 p_ap_dot 222647.2002426528779324
miniFE.c 91 alpha 0.0174854934748149
miniFE.c 40 y 1.1437126743537680
miniFE.c 40 y 1.9366646241539931
miniFE.c 40 y 1.1138305778185658
miniFE.c 40 y 2.0161948937151650
miniFE.c 40 y 0.8349771356983959
miniFE.c 40 y 1.9399153761201851
miniFE.c 40 y 0.9393507592618473
miniFE.c 40 y 2.0120987437805109
miniFE.c 40 y -6.4586774000423048
miniFE.c 40 y 3.2960558061898375
miniFE.c 40 y -5.8990408401721908
miniFE.c 40 y -2.4536905934713324
miniFE.c 40 y 8.7600768505858255
miniFE.c 40 y 1.4374077242801508
miniFE.c 40 y 5.3483292013449617
miniFE.c 40 y -1.7527335998086642
miniFE.c 82 oldrtrans 3893.0961670287210836
miniFE.c 48 sum 41.7145137578172296
miniFE.c 48 sum 52.5784976353349691
miniFE.c 48 sum 87.3771804693543857
miniFE.c 48 sum 93.3977779978440878
miniFE.c 48 sum 170.1367244260137568
miniFE.c 48 sum 172.2028653918339955
miniFE.c 48 sum 200.8074906377932223
miniFE.c 48 sum 203.8795657096914624
miniFE.c 83 rtrans 203.8795657096914624
miniFE.c 84 beta 0.0523695169506424
miniFE.c 40 y -7.5080268520407429
miniFE.c 40 y 3.9026941475935768
miniFE.c 40 y -7.3270228874205721
miniFE.c 40 y -0.9945828423346879
miniFE.c 40 y 7.7070674832076964
miniFE.c 40 y 2.1494900328390818
miniFE.c 40 y 4.9384890397941321
miniFE.c 40 y 0.0887318654558682
miniFE.c 87 normr 14.2786401911978817
miniFE.c 25 Ap -503.7488843098865914
miniFE.c 25 Ap -444.8667912233611332
miniFE.c 25 Ap -513.1488781671084780
miniFE.c 25 Ap -526.7910637781637888
miniFE.c 25 Ap -418.4034138641458185
miniFE.c 25 Ap -383.8903421008683949
miniFE.c 25 Ap -359.2139371142989717
miniFE.c 25 Ap -358.6453377303502634
miniFE.c 25 Ap -113.2777305315073164
miniFE.c 25 Ap 146.0039604475666124
miniFE.c 25 Ap 40.5536668624963568
miniFE.c 25 Ap 34.6221577940552692
miniFE.c 25 Ap 118.8882278991297738
miniFE.c 25 Ap 139.6356774604413147
miniFE.c 25 Ap 195.9216618274813584
miniFE.c 25 Ap 196.5386945241386627
miniFE.c 25 Ap -69.9689014438871624
miniFE.c 25 Ap -13.8014443525448272
miniFE.c 25 Ap -509.6510506679045420
miniFE.c 25 Ap -519.2111550004229912
miniFE.c 25 Ap -389.7464481453531562
miniFE.c 25 Ap -354.9769637160583216
miniFE.c 25 Ap -295.9524390217812311
miniFE.c 25 Ap -294.8564966671186767
miniFE.c 25 Ap -102.9837752357483254
miniFE.c 25 Ap -79.7088254352233889
miniFE.c 25 Ap -150.1374516581152250
miniFE.c 25 Ap -215.1848702834641927
miniFE.c 25 Ap -186.9144835635002551
miniFE.c 25 Ap -163.0854735033498173
miniFE.c 25 Ap -156.6642870836711836
miniFE.c 25 Ap -156.2453814623617916
miniFE.c 25 Ap -105.5884599112582976
miniFE.c 25 Ap -62.9179241521876875
miniFE.c 25 Ap -185.9985734791981713
miniFE.c 25 Ap -189.6468147381601455
miniFE.c 25 Ap 323.3453078491729684
miniFE.c 25 Ap 332.9948135510243787
miniFE.c 25 Ap 402.3937209409778006
miniFE.c 25 Ap 402.7308432892151586
miniFE.c 25 Ap -120.5518823471069823
miniFE.c 25 Ap -82.8820403178905281
miniFE.c 25 Ap -201.4016911677105952
miniFE.c 25 Ap -212.4275271537202912
miniFE.c 25 Ap -177.8289058586319129
miniFE.c 25 Ap -34.9667694437391674
miniFE.c 25 Ap 2.6261894260542746
miniFE.c 25 Ap 2.9301967759079157
miniFE.c 25 Ap -37.5157481889882831
miniFE.c 25 Ap 6.9648571157362298
miniFE.c 25 Ap -80.6072808133412195
miniFE.c 25 Ap -81.9004702461785712
miniFE.c 25 Ap 26.4043286923948983
miniFE.c 25 Ap 42.7667605504838377
miniFE.c 25 Ap 367.0190616230948990
miniFE.c 25 Ap 367.2563800549729649
miniFE.c 25 Ap -48.1119090735687607
miniFE.c 25 Ap -20.9729564352294915
miniFE.c 25 Ap -111.4702617116518297
miniFE.c 25 Ap -116.1657151586334749
miniFE.c 25 Ap -86.8839608011181070
miniFE.c 25 Ap -79.5195177674569749
miniFE.c 25 Ap -66.3112473366523005
miniFE.c 25 Ap -60.5550177890634345
miniFE.c 57 sum 2692.7188260386906222
miniFE.c 57 sum 3459.7492389337285204
miniFE.c 57 sum 5620.1695385183547842
miniFE.c 57 sum 5775.5685141148578623
miniFE.c 57 sum 8879.4423009139827627
miniFE.c 57 sum 8885.7407296780547767
miniFE.c 57 sum 10699.4323373740080569
miniFE.c 57 sum 10694.0591776828714501
miniFE.c 90 p_ap_dot 10694.0591776828714501
miniFE.c 91 alpha 0.0190647500936933
miniFE.c 40 y 1.0005740187228722
miniFE.c 40 y 2.0110685127699841
miniFE.c 40 y 0.9741427175391213
miniFE.c 40 y 1.9972334203785791
miniFE.c 40 y 0.9819104512209806
miniFE.c 40 y 1.9808948664251469
miniFE.c 40 y 1.0335018186459659
miniFE.c 40 y 2.0137903946207740
miniFE.c 40 y 0.3788063360550638
miniFE.c 40 y -0.4509052886535985
miniFE.c 40 y -0.2776754177116549
miniFE.c 40 y 0.5250885574023783
miniFE.c 40 y 1.0821139682545704
miniFE.c 40 y 1.3815442550221206
miniFE.c 40 y -1.6533219047175542
miniFE.c 40 y -0.5982673187410164
miniFE.c 82 oldrtrans 203.8795657096914624
miniFE.c 48 sum 0.1434942402354619
miniFE.c 48 sum 0.3468098195712468
miniFE.c 48 sum 0.4239134571725889
miniFE.c 48 sum 0.6996314502874996
miniFE.c 48 sum 1.8706020905791529
miniFE.c 48 sum 3.7792666191637792
miniFE.c 48 sum 6.5127399397826604
miniFE.c 48 sum 6.8706637244562252
miniFE.c 83 rtrans 6.8706637244562252
miniFE.c 84 beta 0.0336996191871407
miniFE.c 40 y 0.1257886902944642
miniFE.c 40 y -0.3193859820758124
miniFE.c 40 y -0.5245932987931921
miniFE.c 40 y 0.4915714943656353
miniFE.c 40 y 1.3418392074882646
miniFE.c 40 y 1.4539812505753522
miniFE.c 40 y -1.4868967047166239
miniFE.c 40 y -0.5952770886653890
miniFE.c 87 normr 2.6211950946955902
miniFE.c 25 Ap 8.4397556965868876
miniFE.c 25 Ap 3.6210037227189646
miniFE.c 25 Ap -1.2677929671074351
miniFE.c 25 Ap 5.4748425196438584
miniFE.c 25 Ap 24.3456774486263932
miniFE.c 25 Ap 47.6913820003644773
miniFE.c 25 Ap 40.2617279172782787
miniFE.c 25 Ap 36.4471548306538793
miniFE.c 25 Ap 1.8978431542522427
miniFE.c 25 Ap -19.3210723886658506
miniFE.c 25 Ap -26.8710034070985060
miniFE.c 25 Ap -23.9393614638568195
miniFE.c 25 Ap -9.2682148864710552
miniFE.c 25 Ap 4.7659989030948964
miniFE.c 25 Ap -12.1807724682094012
miniFE.c 25 Ap -16.3202710056338276
miniFE.c 25 Ap 1.1722515978451442
miniFE.c 25 Ap -3.4243418746104854
miniFE.c 25 Ap -38.9257159905378600
miniFE.c 25 Ap -34.2006447616838614
miniFE.c 25 Ap -11.6601882232386487
miniFE.c 25 Ap 11.8589617518805710
miniFE.c 25 Ap -5.9123384490902353
miniFE.c 25 Ap -13.2647069683015282
miniFE.c 25 Ap 1.7253793125371146
miniFE.c 25 Ap -0.1793799175423283
miniFE.c 25 Ap -5.2218625093697790
miniFE.c 25 Ap 26.9277538093981335
miniFE.c 25 Ap 31.8497703084563284
miniFE.c 25 Ap 47.9684465143971153
miniFE.c 25 Ap 46.0351343513333049
miniFE.c 25 Ap 43.2248145479855239
miniFE.c 25 Ap 1.7690179249740701
miniFE.c 25 Ap -1.7230238425098530
miniFE.c 25 Ap -10.5352365024316761
miniFE.c 25 Ap -8.7320972050911578
miniFE.c 25 Ap 80.5824111627291870
miniFE.c 25 Ap 87.1096339706808180
miniFE.c 25 Ap 66.2147801241777074
miniFE.c 25 Ap 63.9531212606819253
miniFE.c 25 Ap 2.0197135268440345
miniFE.c 25 Ap -1.0630849288229385
miniFE.c 25 Ap -9.5487435061789867
miniFE.c 25 Ap -4.0992359925059345
miniFE.c 25 Ap 1.9245579706248357
miniFE.c 25 Ap 98.5609064025521064
miniFE.c 25 Ap 87.2422933179367419
miniFE.c 25 Ap 85.2027936497621567
miniFE.c 25 Ap 0.6285348898062444
miniFE.c 25 Ap -3.0116380961644404
miniFE.c 25 Ap -9.2815457277427456
miniFE.c 25 Ap -8.6423882489092332
miniFE.c 25 Ap 10.2140219085928035
miniFE.c 25 Ap 21.2820746894912709
miniFE.c 25 Ap -76.3448865281337561
miniFE.c 25 Ap -77.9369890325633889
miniFE.c 25 Ap 0.8060618520944149
miniFE.c 25 Ap -1.4149169674345410
miniFE.c 25 Ap -7.8942579816900507
miniFE.c 25 Ap -5.5735351927880448
miniFE.c 25 Ap -0.4754345018879969
miniFE.c 25 Ap 4.5061015500519872
miniFE.c 25 Ap 0.5293115601752074
miniFE.c 25 Ap -38.0876108856018618
miniFE.c 57 sum 4.5846398711075036
miniFE.c 57 sum 9.7971056539852697
miniFE.c 57 sum 16.7556820400116102
miniFE.c 57 sum 38.0037687210423059
miniFE.c 57 sum 123.8185742698766205
miniFE.c 57 sum 247.7018387332714724
miniFE.c 57 sum 363.5860909013256332
miniFE.c 57 sum 386.2587730235268850
miniFE.c 90 p_ap_dot 386.2587730235268850
miniFE.c 91 alpha 0.0177877221290654
miniFE.c 40 y 1.0028115129928092
miniFE.c 40 y 2.0053873636689010
miniFE.c 40 y 0.9648113977094183
miniFE.c 40 y 2.0059773575269246
miniFE.c 40 y 1.0057787141856671
miniFE.c 40 y 2.0067578808912523
miniFE.c 40 y 1.0070533132278436
miniFE.c 40 y 2.0032017711777952
miniFE.c 40 y -0.2695055264676298
miniFE.c 40 y -0.1606048429343418
miniFE.c 40 y -0.0417264960360303
miniFE.c 40 y -0.2437824328575704
miniFE.c 40 y -0.0554663820168622
miniFE.c 40 y -0.1340193630399436
miniFE.c 40 y -0.2670004002303019
miniFE.c 40 y 0.0792245202520347
miniFE.c 82 oldrtrans 6.8706637244562252
miniFE.c 48 sum 0.0726332287965943
miniFE.c 48 sum 0.0984271443705589
miniFE.c 48 sum 0.1001682448420038
miniFE.c 48 sum 0.1595981194119596
miniFE.c 48 sum 0.1626746389460001
miniFE.c 48 sum 0.1806358286156323
miniFE.c 48 sum 0.2519250423387737
miniFE.c 48 sum 0.2582015669479387
miniFE.c 83 rtrans 0.2582015669479387
miniFE.c 84 beta 0.0375802946124210
miniFE.c 40 y -0.2647783504274533
miniFE.c 40 y -0.1726074622358282
miniFE.c 40 y -0.0614408667563802
miniFE.c 40 y -0.2253090312762418
miniFE.c 40 y -0.0050396692769557
miniFE.c 40 y -0.0793783192823855
miniFE.c 40 y -0.3228784164517906
miniFE.c 40 y 0.0568538318839652
miniFE.c 87 normr 0.5081353824995252
miniFE.c 25 Ap -17.7652266362083573
miniFE.c 25 Ap -20.3694503530645292
miniFE.c 25 Ap -20.9420308772718542
miniFE.c 25 Ap -24.0324799516821130
miniFE.c 25 Ap -24.1033548869883454
miniFE.c 25 Ap -25.3778849327140392
miniFE.c 25 Ap -26.9912283058763549
miniFE.c 25 Ap -26.6269053693724977
miniFE.c 25 Ap -3.9948566009917230
miniFE.c 25 Ap -15.4623078004939263
miniFE.c 25 Ap -16.3465629116257496
miniFE.c 25 Ap -17.6902645172954998
miniFE.c 25 Ap -17.7453662956987159
miniFE.c 25 Ap -18.5115469480452290
miniFE.c 25 Ap -22.1915246404970326
miniFE.c 25 Ap -21.7961686652514643
miniFE.c 25 Ap -2.4675258454220783
miniFE.c 25 Ap -4.9516872636962512
miniFE.c 25 Ap -9.1096420102455369
miniFE.c 25 Ap -11.2753518479532460
miniFE.c 25 Ap -11.3600091196080175
miniFE.c 25 Ap -12.6440082050409082
miniFE.c 25 Ap -16.5030316657677218
miniFE.c 25 Ap -15.8008203230174473
miniFE.c 25 Ap -3.6318295958546587
miniFE.c 25 Ap -4.6612287408560871
miniFE.c 25 Ap -5.2518091042700963
miniFE.c 25 Ap -19.9874050281797899
miniFE.c 25 Ap -20.0058910995306221
miniFE.c 25 Ap -20.8858704154800279
miniFE.c 25 Ap -21.3056875875383902
miniFE.c 25 Ap -21.0372790553068967
miniFE.c 25 Ap -3.7236865011849507
miniFE.c 25 Ap -5.6109091763612247
miniFE.c 25 Ap -6.6430039154909162
miniFE.c 25 Ap -7.4694626768236736
miniFE.c 25 Ap -7.8049094138811315
miniFE.c 25 Ap -8.1612551204518518
miniFE.c 25 Ap -12.6985557281872712
miniFE.c 25 Ap -12.4825488042649102
miniFE.c 25 Ap -4.2513871058033610
miniFE.c 25 Ap -5.9174402448885299
miniFE.c 25 Ap -6.9112886588710420
miniFE.c 25 Ap -9.4090397956060183
miniFE.c 25 Ap -9.4316639142018133
miniFE.c 25 Ap -14.7074065808132062
miniFE.c 25 Ap -17.1652342547857693
miniFE.c 25 Ap -16.9704453514839990
miniFE.c 25 Ap -1.3230317520550781
miniFE.c 25 Ap -3.2903097682163294
miniFE.c 25 Ap -4.0246473212365803
miniFE.c 25 Ap -4.3176015588999821
miniFE.c 25 Ap -4.3884223177614858
miniFE.c 25 Ap -4.9926690555573128
miniFE.c 25 Ap -26.1922846986322710
miniFE.c 25 Ap -26.0402258845901891
miniFE.c 25 Ap -1.6967163505751977
miniFE.c 25 Ap -2.8970117274318481
miniFE.c 25 Ap -3.6558783176872494
miniFE.c 25 Ap -4.7195685629952626
miniFE.c 25 Ap -4.7387159699866324
miniFE.c 25 Ap -5.0106768079211879
miniFE.c 25 Ap -5.8742335367912393
miniFE.c 25 Ap -2.1860015211249113
miniFE.c 57 sum 7.0502280806903492
miniFE.c 57 sum 10.8124094404634832
miniFE.c 57 sum 11.7832255365715035
miniFE.c 57 sum 16.5231145012106708
miniFE.c 57 sum 16.5860224189176257
miniFE.c 57 sum 17.9331078483919981
miniFE.c 57 sum 26.3409347460554066
miniFE.c 57 sum 26.2166521830752792
miniFE.c 90 p_ap_dot 26.2166521830752792
miniFE.c 91 alpha 0.0098487619679612
miniFE.c 40 y 1.0002037740451799
miniFE.c 40 y 2.0036873938594466
miniFE.c 40 y 0.9642062812376294
miniFE.c 40 y 2.0037583425086529
miniFE.c 40 y 1.0057290796825611
miniFE.c 40 y 2.0059761027192233
miniFE.c 40 y 1.0038733605596177
miniFE.c 40 y 2.0037617110349868
miniFE.c 40 y -0.0072634735412521
miniFE.c 40 y 0.0540604340632544
miniFE.c 40 y 0.1138920222238923
miniFE.c 40 y -0.0365912789882772
miniFE.c 40 y 0.0674712699098016
miniFE.c 40 y 0.0331185137171160
miniFE.c 40 y -0.0105364139010313
miniFE.c 40 y 0.1007539288951951
miniFE.c 82 oldrtrans 0.2582015669479387
miniFE.c 48 sum 0.0000527580478845
miniFE.c 48 sum 0.0029752885789919
miniFE.c 48 sum 0.0159466813052395
miniFE.c 48 sum 0.0172856030032375
miniFE.c 48 sum 0.0218379752664788
miniFE.c 48 sum 0.0229348112173096
miniFE.c 48 sum 0.0230458272352034
miniFE.c 48 sum 0.0331971814230214
miniFE.c 83 rtrans 0.0331971814230214
miniFE.c 84 beta 0.1285707976734123
miniFE.c 40 y -0.0413062372623601
miniFE.c 40 y 0.0318681549592106
miniFE.c 40 y 0.1059925209752787
miniFE.c 40 y -0.0655594408624874
miniFE.c 40 y 0.0668233156108533
miniFE.c 40 y 0.0229127798890049
miniFE.c 40 y -0.0520491494557662
miniFE.c 40 y 0.1080636714113066
miniFE.c 87 normr 0.1822009369433139
miniFE.c 25 Ap -2.7714300103092433
miniFE.c 25 Ap -2.2906176289544056
miniFE.c 25 Ap -1.3028507495788157
miniFE.c 25 Ap -2.2020961645747148
miniFE.c 25 Ap -1.2623324795798851
miniFE.c 25 Ap -0.8944357205700675
miniFE.c 25 Ap -1.1545124122114663
miniFE.c 25 Ap -0.4620335977965148
miniFE.c 25 Ap -0.6232099200077207
miniFE.c 25 Ap 1.4940016250738202
miniFE.c 25 Ap 3.0194428071744017
miniFE.c 25 Ap 2.6284583648076456
miniFE.c 25 Ap 3.3590784366036268
miniFE.c 25 Ap 3.5802386828917521
miniFE.c 25 Ap 2.9870131863931073
miniFE.c 25 Ap 3.7384773671475351
miniFE.c 25 Ap -0.3849416232764704
miniFE.c 25 Ap 0.0737039068518397
miniFE.c 25 Ap 7.2466513106597379
miniFE.c 25 Ap 6.6164824921873588
miniFE.c 25 Ap 7.7389925760152813
miniFE.c 25 Ap 8.1096226005380583
miniFE.c 25 Ap 7.4875342891917072
miniFE.c 25 Ap 8.8222470656168941
miniFE.c 25 Ap -0.5665765903467893
miniFE.c 25 Ap -0.3765207779105698
miniFE.c 25 Ap 0.6422978823949795
miniFE.c 25 Ap -3.6454016566555678
miniFE.c 25 Ap -3.4002862507836098
miniFE.c 25 Ap -3.1462776933398899
miniFE.c 25 Ap -3.2139537150842092
miniFE.c 25 Ap -2.7037820965686312
miniFE.c 25 Ap -0.5809065501778472
miniFE.c 25 Ap -0.2324725724342727
miniFE.c 25 Ap 1.5480088735622342
miniFE.c 25 Ap 1.3075295018212540
miniFE.c 25 Ap 5.7553735862573170
miniFE.c 25 Ap 5.8582337981244965
miniFE.c 25 Ap 5.1268047975334285
miniFE.c 25 Ap 5.5373752107459193
miniFE.c 25 Ap -0.6632294679793583
miniFE.c 25 Ap -0.3556295593838386
miniFE.c 25 Ap 1.3588726022307671
miniFE.c 25 Ap 0.6320878523677272
miniFE.c 25 Ap 0.9320715485711790
miniFE.c 25 Ap 2.4549298247846787
miniFE.c 25 Ap 2.0587192593806662
miniFE.c 25 Ap 2.4289599862314430
miniFE.c 25 Ap -0.2063970236531722
miniFE.c 25 Ap 0.1568174043604842
miniFE.c 25 Ap 1.4236336555057565
miniFE.c 25 Ap 1.3383911070348020
miniFE.c 25 Ap 2.2774364413868149
miniFE.c 25 Ap 2.4518539980563134
miniFE.c 25 Ap -0.9655994667402776
miniFE.c 25 Ap -0.6765770179214677
miniFE.c 25 Ap -0.2646929706701509
miniFE.c 25 Ap -0.0430849441629864
miniFE.c 25 Ap 1.2660467011312464
miniFE.c 25 Ap 0.9565387451550995
miniFE.c 25 Ap 1.2104231074414074
miniFE.c 25 Ap 1.2889253845664230
miniFE.c 25 Ap 1.1497169675454573
miniFE.c 25 Ap 8.1600429108005930
miniFE.c 57 sum 0.0190848694137647
miniFE.c 57 sum 0.1382232454615240
miniFE.c 57 sum 1.0733154526130133
miniFE.c 57 sum 1.2505738950780565
miniFE.c 57 sum 1.6205996664414462
miniFE.c 57 sum 1.6762538919651675
miniFE.c 57 sum 1.7114691502892987
miniFE.c 57 sum 2.5932733461042154
miniFE.c 90 p_ap_dot 2.5932733461042154
miniFE.c 91 alpha 0.0128012658105990
miniFE.c 40 y 0.9996750019223488
miniFE.c 40 y 2.0040953465819729
miniFE.c 40 y 0.9655631196725695
miniFE.c 40 y 2.0029190986797780
miniFE.c 40 y 1.0065845027080411
miniFE.c 40 y 2.0062694153050424
miniFE.c 40 y 1.0032070655622189
miniFE.c 40 y 2.0051450628171921
miniFE.c 40 y -0.0013488586424316
miniFE.c 40 y 0.0062031915594907
miniFE.c 40 y 0.0009560924901538
miniFE.c 40 y -0.0019794456761636
miniFE.c 40 y -0.0034141420559783
miniFE.c 40 y 0.0020247512900585
miniFE.c 40 y -0.0018753716532762
miniFE.c 40 y -0.0037049494318569
miniFE.c 82 oldrtrans 0.0331971814230214
miniFE.c 48 sum 0.0000018194196373
miniFE.c 48 sum 0.0000402990051610
miniFE.c 48 sum 0.0000412131180107
miniFE.c 48 sum 0.0000451313231956
miniFE.c 48 sum 0.0000567876891740
miniFE.c 48 sum 0.0000608873069606
miniFE.c 48 sum 0.0000644043257985
miniFE.c 48 sum 0.0000781309760911
miniFE.c 83 rtrans 0.0000781309760911
miniFE.c 84 beta 0.0023535424617992
miniFE.c 40 y -0.0014460746257657
miniFE.c 40 y 0.0062781946153664
miniFE.c 40 y 0.0012055503889023
miniFE.c 40 y -0.0021337426040053
miniFE.c 40 y -0.0032568705452499
miniFE.c 40 y 0.0020786774904451
miniFE.c 40 y -0.0019978715366209
miniFE.c 40 y -0.0034506169926125
miniFE.c 87 normr 0.0088391728171324
miniFE.c 25 Ap -0.0970239576541070
miniFE.c 25 Ap -0.0023013824850360
miniFE.c 25 Ap 0.0089333983713773
miniFE.c 25 Ap -0.0203340607190348
miniFE.c 25 Ap -0.0661367665138084
miniFE.c 25 Ap -0.0327606892562254
miniFE.c 25 Ap -0.0427435578525791
miniFE.c 25 Ap -0.0648553289301104
miniFE.c 25 Ap -0.0218177232199710
miniFE.c 25 Ap 0.3952841183813328
miniFE.c 25 Ap 0.4126343634119028
miniFE.c 25 Ap 0.3999091151302546
miniFE.c 25 Ap 0.3642997627680043
miniFE.c 25 Ap 0.3843637108339930
miniFE.c 25 Ap 0.3615931498037943
miniFE.c 25 Ap 0.3375978973976324
miniFE.c 25 Ap -0.0134762774514057
miniFE.c 25 Ap 0.0768793111071088
miniFE.c 25 Ap 0.1584638366252170
miniFE.c 25 Ap 0.1379539293105628
miniFE.c 25 Ap 0.0832444316547560
miniFE.c 25 Ap 0.1168684743501742
miniFE.c 25 Ap 0.0929900336167731
miniFE.c 25 Ap 0.0503708765361276
miniFE.c 25 Ap -0.0198350681435687
miniFE.c 25 Ap 0.0176069293546671
miniFE.c 25 Ap 0.0291948906641140
miniFE.c 25 Ap -0.1103555243376826
miniFE.c 25 Ap -0.1223020902671605
miniFE.c 25 Ap -0.0992581002626099
miniFE.c 25 Ap -0.1018557987642851
miniFE.c 25 Ap -0.1181462582036845
miniFE.c 25 Ap -0.0203367403527394
miniFE.c 25 Ap 0.0483065910757766
miniFE.c 25 Ap 0.0685576435076272
miniFE.c 25 Ap 0.0607308366569643
miniFE.c 25 Ap -0.1560505704917593
miniFE.c 25 Ap -0.1467189569509107
miniFE.c 25 Ap -0.1747943663787221
miniFE.c 25 Ap -0.1879044266422004
miniFE.c 25 Ap -0.0232187526211441
miniFE.c 25 Ap 0.0373800518061399
miniFE.c 25 Ap 0.0568806611764027
miniFE.c 25 Ap 0.0332262253800868
miniFE.c 25 Ap 0.0186054593302569
miniFE.c 25 Ap 0.1567611626206332
miniFE.c 25 Ap 0.1415528869925775
miniFE.c 25 Ap 0.1297306073425931
miniFE.c 25 Ap -0.0072256762784439
miniFE.c 25 Ap 0.0643294818126790
miniFE.c 25 Ap 0.0787381477278158
miniFE.c 25 Ap 0.0759637851805822
miniFE.c 25 Ap 0.0301960907441701
miniFE.c 25 Ap 0.0460194806053585
miniFE.c 25 Ap -0.0851571683204054
miniFE.c 25 Ap -0.0943860401523161
miniFE.c 25 Ap -0.0092665373046079
miniFE.c 25 Ap 0.0343914127875776
miniFE.c 25 Ap 0.0492813705844758
miniFE.c 25 Ap 0.0392079120061741
miniFE.c 25 Ap 0.0268339599825252
miniFE.c 25 Ap 0.0339557896862514
miniFE.c 25 Ap 0.0286123683828812
miniFE.c 25 Ap -0.1952366782729346
miniFE.c 57 sum 0.0000937856455115
miniFE.c 57 sum 0.0022132909471123
miniFE.c 57 sum 0.0022740155769098
miniFE.c 57 sum 0.0025261092815428
miniFE.c 57 sum 0.0031380896739959
miniFE.c 57 sum 0.0034077577673007
miniFE.c 57 sum 0.0035963289503754
miniFE.c 57 sum 0.0042700159500052
miniFE.c 90 p_ap_dot 0.0042700159500052
miniFE.c 91 alpha 0.0182975841322179
miniFE.c 40 y 0.9996485422502224
miniFE.c 40 y 2.0042102223761460
miniFE.c 40 y 0.9655851783322360
miniFE.c 40 y 2.0028800563449649
miniFE.c 40 y 1.0065249098452316
miniFE.c 40 y 2.0063074500813074
miniFE.c 40 y 1.0031705093396923
miniFE.c 40 y 2.0050819248624618
miniFE.c 40 y -0.0001621628049102
miniFE.c 40 y 0.0000259656289977
miniFE.c 40 y 0.0000344271389205
miniFE.c 40 y 0.0001823454232251
miniFE.c 40 y 0.0000240549993235
miniFE.c 40 y -0.0003490054123163
miniFE.c 40 y -0.0001483351426823
miniFE.c 40 y -0.0001325898854631
