filename line variable value
miniFE.c 167 A 67.0947100000000063
miniFE.c 167 A 15.0875500000000002
miniFE.c 167 A 9.3192129999999995
miniFE.c 167 A 13.7164900000000003
miniFE.c 167 A 14.0634099999999993
miniFE.c 167 A 16.0564000000000000
miniFE.c 167 A 4.9967519999999999
miniFE.c 167 A 6.4080630000000003
miniFE.c 167 A 15.0875500000000002
miniFE.c 167 A 66.4365899999999954
miniFE.c 167 A 14.3919700000000006
miniFE.c 167 A 5.9638159999999996
miniFE.c 167 A 10.9336099999999998
miniFE.c 167 A 9.6522659999999991
miniFE.c 167 A 11.3974100000000007
miniFE.c 167 A 6.9539020000000002
miniFE.c 167 A 9.3192129999999995
miniFE.c 167 A 14.3919700000000006
miniFE.c 167 A 67.6740900000000067
miniFE.c 167 A 9.6121750000000006
miniFE.c 167 A 16.7981799999999986
miniFE.c 167 A 16.1756899999999995
miniFE.c 167 A 11.9519400000000005
miniFE.c 167 A 12.3511699999999998
miniFE.c 167 A 13.7164900000000003
miniFE.c 167 A 5.9638159999999996
miniFE.c 167 A 9.6121750000000006
miniFE.c 167 A 65.4017099999999942
miniFE.c 167 A 3.6681119999999998
miniFE.c 167 A 11.0858899999999991
miniFE.c 167 A 1.3002330000000000
miniFE.c 167 A 4.7210279999999996
miniFE.c 167 A 14.0634099999999993
miniFE.c 167 A 10.9336099999999998
miniFE.c 167 A 16.7981799999999986
miniFE.c 167 A 3.6681119999999998
miniFE.c 167 A 66.5612600000000043
miniFE.c 167 A 4.4892070000000004
miniFE.c 167 A 14.0526599999999995
miniFE.c 167 A 3.7993380000000001
miniFE.c 167 A 16.0564000000000000
miniFE.c 167 A 9.6522659999999991
miniFE.c 167 A 16.1756899999999995
miniFE.c 167 A 11.0858899999999991
miniFE.c 167 A 4.4892070000000004
miniFE.c 167 A 66.4632699999999943
miniFE.c 167 A 7.6122389999999998
miniFE.c 167 A 3.4261349999999999
miniFE.c 167 A 4.9967519999999999
miniFE.c 167 A 11.3974100000000007
miniFE.c 167 A 11.9519400000000005
miniFE.c 167 A 1.3002330000000000
miniFE.c 167 A 14.0526599999999995
miniFE.c 167 A 7.6122389999999998
miniFE.c 167 A 65.6581999999999937
miniFE.c 167 A 2.6745570000000001
miniFE.c 167 A 6.4080630000000003
miniFE.c 167 A 6.9539020000000002
miniFE.c 167 A 12.3511699999999998
miniFE.c 167 A 4.7210279999999996
miniFE.c 167 A 3.7993380000000001
miniFE.c 167 A 3.4261349999999999
miniFE.c 167 A 2.6745570000000001
miniFE.c 167 A 64.8721800000000002
miniFE.c 175 b 198.0110999999999990
miniFE.c 175 b 229.8237000000000023
miniFE.c 175 b 210.8053999999999917
miniFE.c 175 b 202.6418999999999926
miniFE.c 175 b 157.2561000000000035
miniFE.c 175 b 225.5886000000000138
miniFE.c 175 b 142.6283999999999992
miniFE.c 175 b 185.1795999999999935
miniFE.c 33 r 0.0000000000000000
miniFE.c 33 r 0.0000000000000000
miniFE.c 33 r 0.0000000000000000
miniFE.c 33 r 0.0000000000000000
miniFE.c 33 r 0.0000000000000000
miniFE.c 33 r 0.0000000000000000
miniFE.c 33 r 0.0000000000000000
miniFE.c 33 r 0.0000000000000000
miniFE.c 25 Ap 0.0000000000000000
miniFE.c 25 Ap 0.0000000000000000
miniFE.c 25 Ap 0.0000000000000000
miniFE.c 25 Ap 0.0000000000000000
miniFE.c 25 Ap 0.0000000000000000
miniFE.c 25 Ap 0.0000000000000000
miniFE.c 25 Ap 0.0000000000000000
miniFE.c 25 Ap 0.0000000000000000
miniFE.c 25 Ap 0.0000000000000000
miniFE.c 25 Ap 0.0000000000000000
miniFE.c 25 Ap 0.0000000000000000
miniFE.c 25 Ap 0.0000000000000000
miniFE.c 25 Ap 0.0000000000000000
miniFE.c 25 Ap 0.0000000000000000
miniFE.c 25 Ap 0.0000000000000000
miniFE.c 25 Ap 0.0000000000000000
miniFE.c 25 Ap 0.0000000000000000
miniFE.c 25 Ap 0.0000000000000000
miniFE.c 25 Ap 0.0000000000000000
miniFE.c 25 Ap 0.0000000000000000
miniFE.c 25 Ap 0.0000000000000000
miniFE.c 25 Ap 0.0000000000000000
miniFE.c 25 Ap 0.0000000000000000
miniFE.c 25 Ap 0.0000000000000000
miniFE.c 25 Ap 0.0000000000000000
miniFE.c 25 Ap 0.0000000000000000
miniFE.c 25 Ap 0.0000000000000000
miniFE.c 25 Ap 0.0000000000000000
miniFE.c 25 Ap 0.0000000000000000
miniFE.c 25 Ap 0.0000000000000000
miniFE.c 25 Ap 0.0000000000000000
miniFE.c 25 Ap 0.0000000000000000
miniFE.c 25 Ap 0.0000000000000000
miniFE.c 25 Ap 0.0000000000000000
miniFE.c 25 Ap 0.0000000000000000
miniFE.c 25 Ap 0.0000000000000000
miniFE.c 25 Ap 0.0000000000000000
miniFE.c 25 Ap 0.0000000000000000
miniFE.c 25 Ap 0.0000000000000000
miniFE.c 25 Ap 0.0000000000000000
miniFE.c 25 Ap 0.0000000000000000
miniFE.c 25 Ap 0.0000000000000000
miniFE.c 25 Ap 0.0000000000000000
miniFE.c 25 Ap 0.0000000000000000
miniFE.c 25 Ap 0.0000000000000000
miniFE.c 25 Ap 0.0000000000000000
miniFE.c 25 Ap 0.0000000000000000
miniFE.c 25 Ap 0.0000000000000000
miniFE.c 25 Ap 0.0000000000000000
miniFE.c 25 Ap 0.0000000000000000
miniFE.c 25 Ap 0.0000000000000000
miniFE.c 25 Ap 0.0000000000000000
miniFE.c 25 Ap 0.0000000000000000
miniFE.c 25 Ap 0.0000000000000000
miniFE.c 25 Ap 0.0000000000000000
miniFE.c 25 Ap 0.0000000000000000
miniFE.c 25 Ap 0.0000000000000000
miniFE.c 25 Ap 0.0000000000000000
miniFE.c 25 Ap 0.0000000000000000
miniFE.c 25 Ap 0.0000000000000000
miniFE.c 25 Ap 0.0000000000000000
miniFE.c 25 Ap 0.0000000000000000
miniFE.c 25 Ap 0.0000000000000000
miniFE.c 25 Ap 0.0000000000000000
miniFE.c 33 r 198.0110999999999990
miniFE.c 33 r 229.8237000000000023
miniFE.c 33 r 210.8053999999999917
miniFE.c 33 r 202.6418999999999926
miniFE.c 33 r 157.2561000000000035
miniFE.c 33 r 225.5886000000000138
miniFE.c 33 r 142.6283999999999992
miniFE.c 33 r 185.1795999999999935
miniFE.c 48 sum 39208.3957232100001420
miniFE.c 48 sum 92027.3288048999966122
miniFE.c 48 sum 136466.2454740600078367
miniFE.c 48 sum 177529.9851096700003836
miniFE.c 48 sum 202259.4660968800017145
miniFE.c 48 sum 253149.6825468399911188
miniFE.c 48 sum 273492.5430333999684080
miniFE.c 48 sum 307784.0272895599482581
miniFE.c 75 rtrans 307784.0272895599482581
miniFE.c 76 normr 554.7828649927464539
miniFE.c 33 r 198.0110999999999990
miniFE.c 33 r 229.8237000000000023
miniFE.c 33 r 210.8053999999999917
miniFE.c 33 r 202.6418999999999926
miniFE.c 33 r 157.2561000000000035
miniFE.c 33 r 225.5886000000000138
miniFE.c 33 r -142.6283999999999992
miniFE.c 33 r 185.1795999999999935
miniFE.c 87 normr 554.7828649927464539
miniFE.c 25 Ap 13285.4973312810016068
miniFE.c 25 Ap 16752.9738962160008668
miniFE.c 25 Ap 18717.5143203662009910
miniFE.c 25 Ap 21497.0499152972006414
miniFE.c 25 Ap 23708.6069245981998392
miniFE.c 25 Ap 27330.7477216381994367
miniFE.c 25 Ap 26618.0689786814000399
miniFE.c 25 Ap 27804.7115217961982125
miniFE.c 25 Ap 2987.5023718050001662
miniFE.c 25 Ap 18256.2053009880000900
miniFE.c 25 Ap 21290.1102936259994749
miniFE.c 25 Ap 22498.6292991164009436
miniFE.c 25 Ap 24218.0061666374022025
miniFE.c 25 Ap 26395.4473404050004319
miniFE.c 25 Ap 24769.8529879609995987
miniFE.c 25 Ap 26057.5737787602010940
miniFE.c 25 Ap 1845.3076172643000064
miniFE.c 25 Ap 5152.9234129532997031
miniFE.c 25 Ap 19418.9870250392996240
miniFE.c 25 Ap 21366.8164301717988565
miniFE.c 25 Ap 24008.4327040697971825
miniFE.c 25 Ap 27657.4839652037990163
miniFE.c 25 Ap 25952.7978861078008777
miniFE.c 25 Ap 28239.9826062397987698
miniFE.c 25 Ap 2716.0172730389999742
miniFE.c 25 Ap 4086.6435322781999275
miniFE.c 25 Ap 6112.9419280231995799
miniFE.c 25 Ap 19366.0687056721981207
miniFE.c 25 Ap 19942.9016931553996983
miniFE.c 25 Ap 22443.7520980093977414
miniFE.c 25 Ap 22258.3019455921967165
miniFE.c 25 Ap 23132.5400222209973435
miniFE.c 25 Ap 2784.7112838509997346
miniFE.c 25 Ap 5297.5139884079999320
miniFE.c 25 Ap 8838.6610425799990480
miniFE.c 25 Ap 9581.9742276727993158
miniFE.c 25 Ap 20049.1383863587980159
miniFE.c 25 Ap 21061.8523085989982064
miniFE.c 25 Ap 19057.5438970549985243
miniFE.c 25 Ap 19761.1037881597985688
miniFE.c 25 Ap 3179.3454260399998930
miniFE.c 25 Ap 5397.6649115441996400
miniFE.c 25 Ap 8807.5877122702004272
miniFE.c 25 Ap 11054.0535250612010714
miniFE.c 25 Ap 11760.0087099739012046
miniFE.c 25 Ap 26753.3647406958989450
miniFE.c 25 Ap 25667.6432717083007446
miniFE.c 25 Ap 26302.0935805543012975
miniFE.c 25 Ap 989.4123599472000024
miniFE.c 25 Ap 3608.8072965641999872
miniFE.c 25 Ap 6128.3407890401995246
miniFE.c 25 Ap 6391.8224746028990921
miniFE.c 25 Ap 8601.6889808288997301
miniFE.c 25 Ap 10318.9233197042995016
miniFE.c 25 Ap 954.1993068243009475
miniFE.c 25 Ap 1449.4727022615008991
miniFE.c 25 Ap 1268.8676034993000030
miniFE.c 25 Ap 2867.0390905766998912
miniFE.c 25 Ap 5470.7324228946999938
miniFE.c 25 Ap 6427.4105067679001877
miniFE.c 25 Ap 7024.8795832297000743
miniFE.c 25 Ap 7797.7765812907000509
miniFE.c 25 Ap 7416.3087956719000431
miniFE.c 25 Ap 19429.3131391999013431
miniFE.c 57 sum 5505641.5136135388165712
miniFE.c 57 sum 11494289.5324711892753839
miniFE.c 57 sum 17447430.3617726117372513
miniFE.c 57 sum 22135052.2237015180289745
miniFE.c 57 sum 25242606.3371227532625198
miniFE.c 57 sum 31176058.8050289861857891
miniFE.c 57 sum 30969322.8326617516577244
miniFE.c 57 sum 34567235.2680535316467285
miniFE.c 90 p_ap_dot 34567235.2680535316467285
miniFE.c 91 alpha 0.0089039237562053
miniFE.c 40 y 1.7630757372823458
miniFE.c 40 y 2.0463327021690030
miniFE.c 40 y 1.8769952089963635
miniFE.c 40 y 1.8043080274125813
miniFE.c 40 y 1.4001963245981983
miniFE.c 40 y 2.0086236946690978
miniFE.c 40 y -1.2699523990695538
miniFE.c 40 y 1.6488250396045974
miniFE.c 40 y -49.5599314533567394
miniFE.c 40 y -2.1909501977756065
miniFE.c 40 y -40.6412520025233732
miniFE.c 40 y -3.3284726452237123
miniFE.c 40 y -18.6952614682348326
miniFE.c 40 y -8.6032358698327016
miniFE.c 40 y 129.7224055723627032
miniFE.c 40 y 12.1824771731259602
miniFE.c 82 oldrtrans 307784.0272895599482581
miniFE.c 48 sum 2456.1868056614184752
miniFE.c 48 sum 2460.9870684305515169
miniFE.c 48 sum 4112.6984327631616907
miniFE.c 48 sum 4123.7771629131639202
miniFE.c 48 sum 4473.2899642788297569
miniFE.c 48 sum 4547.3056317108057556
miniFE.c 48 sum 21375.2081391913634434
miniFE.c 48 sum 21523.6208892650975031
miniFE.c 83 rtrans 21523.6208892650975031
miniFE.c 84 beta 0.0699309222730259
miniFE.c 40 y -35.7128326100603815
miniFE.c 40 y 13.8808331034236154
miniFE.c 40 y -25.8994359603892406
miniFE.c 40 y 10.8424623129345736
miniFE.c 40 y -7.6981973621756445
miniFE.c 40 y 7.1723829824480294
miniFE.c 40 y 119.7482700180366635
miniFE.c 40 y 25.1322573872759847
miniFE.c 87 normr 146.7093074391161451
miniFE.c 25 Ap -2396.1421472505444399
miniFE.c 25 Ap -2186.7143837609855836
miniFE.c 25 Ap -2428.0767440557124246
miniFE.c 25 Ap -2279.3562181649685954
miniFE.c 25 Ap -2387.6191239301633686
miniFE.c 25 Ap -2272.4564738107847006
miniFE.c 25 Ap -1674.1040661016199920
miniFE.c 25 Ap -1513.0549774317400988
miniFE.c 25 Ap -538.8191476459164733
miniFE.c 25 Ap 383.3760701046658141
miniFE.c 25 Ap 10.6321647458226494
miniFE.c 25 Ap 75.2946149670988660
miniFE.c 25 Ap -8.8744726939583813
miniFE.c 25 Ap 60.3552757065033205
miniFE.c 25 Ap 1425.1754058927747337
miniFE.c 25 Ap 1599.9426608026678878
miniFE.c 25 Ap -332.8154939264986183
miniFE.c 25 Ap -133.0429603270190455
miniFE.c 25 Ap -1885.7637204596371703
miniFE.c 25 Ap -1781.5440752768051880
miniFE.c 25 Ap -1910.8597802421568304
miniFE.c 25 Ap -1794.8415365568021116
miniFE.c 25 Ap -363.6173981974288836
miniFE.c 25 Ap -53.2046147234273690
miniFE.c 25 Ap -489.8547113675671199
miniFE.c 25 Ap -407.0719768120396793
miniFE.c 25 Ap -656.0218876645941464
miniFE.c 25 Ap 53.0936882118820677
miniFE.c 25 Ap 24.8558380893172419
miniFE.c 25 Ap 104.3680868706080247
miniFE.c 25 Ap 260.0687392409698759
miniFE.c 25 Ap 378.7188300695066232
miniFE.c 25 Ap -502.2442072566492470
miniFE.c 25 Ap -350.4765916287257710
miniFE.c 25 Ap -785.5399787898170416
miniFE.c 25 Ap -745.7686126701939884
miniFE.c 25 Ap -1258.1703288252811035
miniFE.c 25 Ap -1225.9720169337945208
miniFE.c 25 Ap 456.8097072178684357
miniFE.c 25 Ap 552.2956477351267495
miniFE.c 25 Ap -573.4195255201734653
miniFE.c 25 Ap -439.4380321043232698
miniFE.c 25 Ap -858.3792793744319169
miniFE.c 25 Ap -738.1809348440937129
miniFE.c 25 Ap -772.7397363297541233
miniFE.c 25 Ap -296.0397096239055372
miniFE.c 25 Ap 615.5127415899238486
miniFE.c 25 Ap 701.6192482534786450
miniFE.c 25 Ap -178.4481677699844226
miniFE.c 25 Ap -20.2426217486930682
miniFE.c 25 Ap -329.7911263811076878
miniFE.c 25 Ap -315.6933990805738404
miniFE.c 25 Ap -423.8735492241250427
miniFE.c 25 Ap -369.2756557621978573
miniFE.c 25 Ap 7493.1802067360558794
miniFE.c 25 Ap 7560.3978616569966107
miniFE.c 25 Ap -228.8500812737213721
miniFE.c 25 Ap -132.3241281941576801
miniFE.c 25 Ap -452.2124646450384944
miniFE.c 25 Ap -401.0248964767296229
miniFE.c 25 Ap -430.2729502463433278
miniFE.c 25 Ap -405.6993978767737303
miniFE.c 25 Ap -85.4258240621436471
miniFE.c 25 Ap 1544.9585009715538035
miniFE.c 57 sum 54035.4791388384255697
miniFE.c 57 sum 76244.0161884877597913
miniFE.c 57 sum 77621.9857003143551992
miniFE.c 57 sum 81728.2303425416466780
miniFE.c 57 sum 77476.5494440059992485
miniFE.c 57 sum 82508.8314003372215666
miniFE.c 57 sum 987853.3959818263538182
miniFE.c 57 sum 1026681.6906809034990147
miniFE.c 90 p_ap_dot 1026681.6906809034990147
miniFE.c 91 alpha 0.0209642590148758
miniFE.c 40 y 1.0143826642901357
miniFE.c 40 y 2.3373340826914384
miniFE.c 40 y 1.3340327251835737
miniFE.c 40 y 2.0316122156999716
miniFE.c 40 y 1.2388093211499140
miniFE.c 40 y 2.1589873892670259
miniFE.c 40 y 1.2404813501718577
miniFE.c 40 y 2.1757041930999779
miniFE.c 40 y -17.8398550027306229
miniFE.c 40 y -35.7325625477923765
miniFE.c 40 y -39.5258566786747636
miniFE.c 40 y -11.2680322926115970
miniFE.c 40 y -30.2737304801426532
miniFE.c 40 y -23.3121635200410999
miniFE.c 40 y -28.7757334549280017
miniFE.c 40 y -20.2064330084759973
miniFE.c 82 oldrtrans 21523.6208892650975031
miniFE.c 48 sum 318.2604265184528458
miniFE.c 48 sum 1595.0764527503474710
miniFE.c 48 sum 3157.3697989334859813
miniFE.c 48 sum 3284.3383506808236234
miniFE.c 48 sum 4200.8371078651416610
miniFE.c 48 sum 4744.2940758502763856
miniFE.c 48 sum 5572.3369117193387865
miniFE.c 48 sum 5980.6368466453668589
miniFE.c 83 rtrans 5980.6368466453668589
miniFE.c 84 beta 0.2778638816124200
miniFE.c 40 y -27.7631612951366122
miniFE.c 40 y -31.8755803816609173
miniFE.c 40 y -46.7223744862008132
miniFE.c 40 y -8.2553036281032188
miniFE.c 40 y -32.4127814806152728
miniFE.c 40 y -21.3192173441272246
miniFE.c 40 y 4.4979856686558364
miniFE.c 40 y -13.2230864171650744
miniFE.c 87 normr 77.3345773030755481
miniFE.c 25 Ap -1862.7612557804156950
miniFE.c 25 Ap -2343.6856685677439600
miniFE.c 25 Ap -2779.1014282704149991
miniFE.c 25 Ap -2892.3352179322564552
miniFE.c 25 Ap -3348.1694531345560790
miniFE.c 25 Ap -3690.4793344988001991
miniFE.c 25 Ap -3668.0040156129730349
miniFE.c 25 Ap -3752.7383864286111930
miniFE.c 25 Ap -418.8780841984383869
miniFE.c 25 Ap -2536.5829490268884001
miniFE.c 25 Ap -3209.0099609610560947
miniFE.c 25 Ap -3258.2430728231961439
miniFE.c 25 Ap -3612.6317845474659407
miniFE.c 25 Ap -3818.4105412647954836
miniFE.c 25 Ap -3767.1451544250007828
miniFE.c 25 Ap -3859.0972015074976298
miniFE.c 25 Ap -258.7308136627339650
miniFE.c 25 Ap -717.4832102481864240
miniFE.c 25 Ap -3879.3773862410444053
miniFE.c 25 Ap -3958.7288093925076282
miniFE.c 25 Ap -4503.2045470045495676
miniFE.c 25 Ap -4848.0575978057750035
miniFE.c 25 Ap -4794.2979429731403798
miniFE.c 25 Ap -4957.6185312362367767
miniFE.c 25 Ap -380.8131242731283805
miniFE.c 25 Ap -570.9132205625638790
miniFE.c 25 Ap -1020.0168605394612769
miniFE.c 25 Ap -1559.9278343866158139
miniFE.c 25 Ap -1678.8215470890384040
miniFE.c 25 Ap -1915.1640454521250376
miniFE.c 25 Ap -1909.3156160522116807
miniFE.c 25 Ap -1971.7421772740676715
miniFE.c 25 Ap -390.4447201896371666
miniFE.c 25 Ap -738.9598846063688597
miniFE.c 25 Ap -1523.8107412529775502
miniFE.c 25 Ap -1554.0921195548664855
miniFE.c 25 Ap -3711.5276950092847983
miniFE.c 25 Ap -3807.2340747450621166
miniFE.c 25 Ap -3744.0254114585691241
miniFE.c 25 Ap -3794.2643861605884013
miniFE.c 25 Ap -445.7764230192315154
miniFE.c 25 Ap -753.4480037674042023
miniFE.c 25 Ap -1509.2146495200977370
miniFE.c 25 Ap -1600.7320374578509927
miniFE.c 25 Ap -1746.2397229700993648
miniFE.c 25 Ap -3163.1846215015098096
miniFE.c 25 Ap -3128.9448795731268547
miniFE.c 25 Ap -3174.2489587550007855
miniFE.c 25 Ap -138.7256317277964399
miniFE.c 25 Ap -502.0246903255423945
miniFE.c 25 Ap -1060.4477068421454078
miniFE.c 25 Ap -1071.1815250444249159
miniFE.c 25 Ap -1526.6673228458080303
miniFE.c 25 Ap -1688.9543005622497276
miniFE.c 25 Ap -1393.6246579325111270
miniFE.c 25 Ap -1428.9905562711448965
miniFE.c 25 Ap -177.9080866583970248
miniFE.c 25 Ap -399.5677488255896606
miniFE.c 25 Ap -976.6437389083185963
miniFE.c 25 Ap -1015.6172584850954763
miniFE.c 25 Ap -1138.7643708500934281
miniFE.c 25 Ap -1211.8068875654148542
miniFE.c 25 Ap -1199.7767685094117951
miniFE.c 25 Ap -2057.5872107192994918
miniFE.c 57 sum 104187.8811208682454890
miniFE.c 57 sum 227198.8441681631957181
miniFE.c 57 sum 458830.5537443115026690
miniFE.c 57 sum 475107.8840940462541766
miniFE.c 57 sum 598090.5465223502833396
miniFE.c 57 sum 665763.0499784176936373
miniFE.c 57 sum 659335.4709356655366719
miniFE.c 57 sum 686543.1244338605320081
miniFE.c 90 p_ap_dot 686543.1244338605320081
miniFE.c 91 alpha 0.0087112325996668
miniFE.c 40 y 0.7725313085461333
miniFE.c 40 y 2.0596584877374133
miniFE.c 40 y 0.9270232534255395
miniFE.c 40 y 1.9596983456146910
miniFE.c 40 y 0.9564540424701010
miniFE.c 40 y 1.9732707281394823
miniFE.c 40 y 1.2796643495614866
miniFE.c 40 y 2.0605148116345577
miniFE.c 40 y 14.8511219671473924
miniFE.c 40 y -2.1150692007372314
miniFE.c 40 y 3.6611114873427297
miniFE.c 40 y 5.9082724401963134
miniFE.c 40 y 2.7789891323343170
miniFE.c 40 y 4.3394574889239514
miniFE.c 40 y -16.3274643365227661
miniFE.c 40 y -2.2823122218004954
miniFE.c 82 oldrtrans 5980.6368466453668589
miniFE.c 48 sum 220.5558236830878229
miniFE.c 48 sum 225.0293414069950586
miniFE.c 48 sum 238.4330787297479617
miniFE.c 48 sum 273.3407619573312672
miniFE.c 48 sum 281.0635425549635329
miniFE.c 48 sum 299.8944338531417202
miniFE.c 48 sum 566.4805255135645439
miniFE.c 48 sum 571.6894745913444922
miniFE.c 83 rtrans 571.6894745913444922
miniFE.c 84 beta 0.0955900666184094
miniFE.c 40 y 12.1972395294076392
miniFE.c 40 y -5.1620580529206617
miniFE.c 40 y -0.8050834023634774
miniFE.c 40 y 5.1191474164307298
miniFE.c 40 y -0.3193508086856434
miniFE.c 40 y 2.3015520827464813
miniFE.c 40 y -15.8975015868073033
miniFE.c 40 y -3.5463079333182890
miniFE.c 87 normr 23.9100287450965752
miniFE.c 25 Ap 818.3702490261421190
miniFE.c 25 Ap 740.4874400497990337
miniFE.c 25 Ap 732.9846963404090729
miniFE.c 25 Ap 803.2014306864069795
miniFE.c 25 Ap 798.7102693300291776
miniFE.c 25 Ap 835.6649101914397306
miniFE.c 25 Ap 756.2290373425571488
miniFE.c 25 Ap 733.5040726884537889
miniFE.c 25 Ap 184.0264612619142213
miniFE.c 25 Ap -158.9230731561740413
miniFE.c 25 Ap -170.5098093304871441
miniFE.c 25 Ap -139.9801560620188923
miniFE.c 25 Ap -143.4718132573723324
miniFE.c 25 Ap -121.2566203418492847
miniFE.c 25 Ap -302.4469639023427021
miniFE.c 25 Ap -327.1076417324605927
miniFE.c 25 Ap 113.6686731865695492
miniFE.c 25 Ap 39.3764885506769673
miniFE.c 25 Ap -15.1067980783752205
miniFE.c 25 Ap 34.0993427391548352
miniFE.c 25 Ap 28.7348303717078366
miniFE.c 25 Ap 65.9640233810692678
miniFE.c 25 Ap -124.0419617343564198
miniFE.c 25 Ap -167.8430138911192557
miniFE.c 25 Ap 167.3033140327245860
miniFE.c 25 Ap 136.5177496237874948
miniFE.c 25 Ap 128.7791470706743269
miniFE.c 25 Ap 463.5801418473261037
miniFE.c 25 Ap 462.4087273137765806
miniFE.c 25 Ap 487.9234805323749811
miniFE.c 25 Ap 467.2530243516557675
miniFE.c 25 Ap 450.5108053018379906
miniFE.c 25 Ap 171.5347803702666738
miniFE.c 25 Ap 115.0948508222728037
miniFE.c 25 Ap 101.5709149143586814
miniFE.c 25 Ap 120.3485209823372344
miniFE.c 25 Ap 99.0921287742018677
miniFE.c 25 Ap 109.4242724949319552
miniFE.c 25 Ap -113.9779121539315554
miniFE.c 25 Ap -127.4515346446891897
miniFE.c 25 Ap 195.8437567799808221
miniFE.c 25 Ap 146.0181993457485135
miniFE.c 25 Ap 132.9954198049716467
miniFE.c 25 Ap 189.7457249573068907
miniFE.c 25 Ap 188.3120930714996462
miniFE.c 25 Ap 341.2807705661413706
miniFE.c 25 Ap 220.2651889844849507
miniFE.c 25 Ap 208.1150592533655015
miniFE.c 25 Ap 60.9465810130466750
miniFE.c 25 Ap 2.1124889401081930
miniFE.c 25 Ap -7.5098195799359484
miniFE.c 25 Ap -0.8537351772279713
miniFE.c 25 Ap -5.3414635124123642
miniFE.c 25 Ap 12.1785010124016253
miniFE.c 25 Ap -1031.6228376745093556
miniFE.c 25 Ap -1041.1076403817212395
miniFE.c 25 Ap 78.1606793305345064
miniFE.c 25 Ap 42.2642335122134085
miniFE.c 25 Ap 32.3205115454436935
miniFE.c 25 Ap 56.4881498345408275
miniFE.c 25 Ap 55.2748281717707357
miniFE.c 25 Ap 63.1602563167913473
miniFE.c 25 Ap 20.6414821652847635
miniFE.c 25 Ap -209.4152444203672587
miniFE.c 57 sum 8946.7248703771019791
miniFE.c 57 sum 10635.2735065540364303
miniFE.c 57 sum 10770.4011312404400087
miniFE.c 57 sum 13076.6323562754714658
miniFE.c 57 sum 13117.3341069324796990
miniFE.c 57 sum 13596.3217550079698412
miniFE.c 57 sum 30147.3321200135906111
miniFE.c 57 sum 30889.9830626593284251
miniFE.c 90 p_ap_dot 30889.9830626593284251
miniFE.c 91 alpha 0.0185072770493817
miniFE.c 40 y 0.9982689997545505
miniFE.c 40 y 1.9641228492070189
miniFE.c 40 y 0.9121233518501397
miniFE.c 40 y 2.0544398251072011
miniFE.c 40 y 0.9505437285778118
miniFE.c 40 y 2.0158661901784529
miniFE.c 40 y 0.9854448833014586
miniFE.c 40 y 1.9948823082102158
miniFE.c 40 y 1.2759588770523642
miniFE.c 40 y 3.9388025497753087
miniFE.c 40 y 6.7674286462288951
miniFE.c 40 y -2.4294558472648617
miniFE.c 40 y 5.1377699943724497
miniFE.c 40 y 0.4878144291734268
miniFE.c 40 y 2.9406032022498039
miniFE.c 40 y 1.5933937250512273
miniFE.c 82 oldrtrans 571.6894745913444922
miniFE.c 48 sum 1.6280710559287304
miniFE.c 48 sum 17.1422365820452036
miniFE.c 48 sum 62.9403270638446628
miniFE.c 48 sum 68.8425827776540871
miniFE.c 48 sum 95.2392632927279692
miniFE.c 48 sum 95.4772262100377702
miniFE.c 48 sum 104.1243734031195771
miniFE.c 48 sum 106.6632769661522104
miniFE.c 83 rtrans 106.6632769661522104
miniFE.c 84 beta 0.1865755479273032
miniFE.c 40 y 3.5516655254521567
miniFE.c 40 y 2.9756887401190881
miniFE.c 40 y 6.6172197693057520
miniFE.c 40 y -1.4743481131236595
miniFE.c 40 y 5.0781869422608983
miniFE.c 40 y 0.9172277700950775
miniFE.c 40 y -0.0254818669839416
miniFE.c 40 y 0.9317393792734252
miniFE.c 87 normr 10.3277914854121740
miniFE.c 25 Ap 238.2979684472101098
miniFE.c 25 Ap 283.1938210981938369
miniFE.c 25 Ap 344.8611015961649855
miniFE.c 25 Ap 324.6382204459854393
miniFE.c 25 Ap 396.0548454716467859
miniFE.c 25 Ap 410.7822214394013827
miniFE.c 25 Ap 410.6548948695856325
miniFE.c 25 Ap 416.6255395115506417
miniFE.c 25 Ap 53.5859311985356896
miniFE.c 25 Ap 251.2805439934440983
miniFE.c 25 Ap 346.5153723966993766
miniFE.c 25 Ap 337.7226315300827082
miniFE.c 25 Ap 393.2455470638558950
miniFE.c 25 Ap 402.0988734834004390
miniFE.c 25 Ap 401.8084461978189665
miniFE.c 25 Ap 408.2876705308271994
miniFE.c 25 Ap 33.0987275364455655
miniFE.c 25 Ap 75.9247506135772880
miniFE.c 25 Ap 523.7390768313540548
miniFE.c 25 Ap 509.5673847570896555
miniFE.c 25 Ap 594.8716830868378338
miniFE.c 25 Ap 609.7084751552870330
miniFE.c 25 Ap 609.4039174100070113
miniFE.c 25 Ap 620.9119888791075255
miniFE.c 25 Ap 48.7163846632092543
miniFE.c 25 Ap 66.4628447825513149
miniFE.c 25 Ap 130.0687192185778258
miniFE.c 25 Ap 33.6438314850170599
miniFE.c 25 Ap 52.2711899461675671
miniFE.c 25 Ap 62.4394761103868845
miniFE.c 25 Ap 62.4063437460327535
miniFE.c 25 Ap 66.8051114442852167
miniFE.c 25 Ap 49.9485284672991128
miniFE.c 25 Ap 82.4835486331525658
miniFE.c 25 Ap 193.6407974175090487
miniFE.c 25 Ap 188.2327234115828105
miniFE.c 25 Ap 526.2432448040154895
miniFE.c 25 Ap 530.3608701301207020
miniFE.c 25 Ap 530.0027821172301401
miniFE.c 25 Ap 533.5427749470001118
miniFE.c 25 Ap 57.0269623428700072
miniFE.c 25 Ap 85.7491015957043174
miniFE.c 25 Ap 192.7871972458656842
miniFE.c 25 Ap 176.4427362420692305
miniFE.c 25 Ap 199.2397686105754531
miniFE.c 25 Ap 260.2017255459024909
miniFE.c 25 Ap 260.0077514842545270
miniFE.c 25 Ap 263.2000163824614560
miniFE.c 25 Ap 17.7467918176341151
miniFE.c 25 Ap 51.6619364211548202
miniFE.c 25 Ap 130.7505500707110286
miniFE.c 25 Ap 128.8335540005399196
miniFE.c 25 Ap 200.1955885165719451
miniFE.c 25 Ap 207.1777455199727171
miniFE.c 25 Ap 205.5046520011676705
miniFE.c 25 Ap 207.9966420801790719
miniFE.c 25 Ap 22.7592964420255264
miniFE.c 25 Ap 43.4519443233171359
miniFE.c 25 Ap 125.1823506213732600
miniFE.c 25 Ap 118.2219118975692993
miniFE.c 25 Ap 137.5156605184049283
miniFE.c 25 Ap 140.6582066844996177
miniFE.c 25 Ap 140.5900539787846526
miniFE.c 25 Ap 201.0340187040985711
miniFE.c 57 sum 1479.7145657060798385
miniFE.c 57 sum 2694.6515896341143161
miniFE.c 57 sum 6803.3626774438980647
miniFE.c 57 sum 6704.8686874390004959
miniFE.c 57 sum 9414.2986403125014476
miniFE.c 57 sum 9655.7130044279747381
miniFE.c 57 sum 9650.4128616613816121
miniFE.c 57 sum 9837.7241734615799942
miniFE.c 90 p_ap_dot 9837.7241734615799942
miniFE.c 91 alpha 0.0108422715544200
miniFE.c 40 y 1.0367771218519746
miniFE.c 40 y 1.9963860745888198
miniFE.c 40 y 0.9838690455242289
miniFE.c 40 y 2.0384545424989677
miniFE.c 40 y 1.0056028104099139
miniFE.c 40 y 2.0258110227390786
miniFE.c 40 y 0.9851686019799051
miniFE.c 40 y 2.0049844795782450
miniFE.c 40 y -3.2412083588385947
miniFE.c 40 y -0.4879632464414723
miniFE.c 40 y 0.0353322514066186
miniFE.c 40 y -3.1537750067670913
miniFE.c 40 y -0.6470456575017058
miniFE.c 40 y -2.3658716215730053
miniFE.c 40 y 0.6854471264090063
miniFE.c 40 y -0.5862716974149529
miniFE.c 82 oldrtrans 106.6632769661522104
miniFE.c 48 sum 10.5054316254051763
miniFE.c 48 sum 10.7435397552828764
miniFE.c 48 sum 10.7447881232723361
miniFE.c 48 sum 20.6910849165811044
miniFE.c 48 sum 21.1097529994729207
miniFE.c 48 sum 26.7071015292374021
miniFE.c 48 sum 27.1769392923397675
miniFE.c 48 sum 27.5206537955295758
miniFE.c 83 rtrans 27.5206537955295758
miniFE.c 84 beta 0.2580143286265505
miniFE.c 40 y -2.3248277627829914
miniFE.c 40 y 0.2798070860419403
miniFE.c 40 y 1.7426697675583798
miniFE.c 40 y -3.5341779453365141
miniFE.c 40 y 0.6631993370458555
miniFE.c 40 y -2.1292137142742957
miniFE.c 40 y 0.6788724396069935
miniFE.c 40 y -0.3458695870168011
miniFE.c 87 normr 5.2460131333737223
miniFE.c 25 Ap -155.9836445438736234
miniFE.c 25 Ap -151.7620411428615341
miniFE.c 25 Ap -135.5217303903245067
miniFE.c 25 Ap -183.9982468357533492
miniFE.c 25 Ap -174.6714026471493071
miniFE.c 25 Ap -208.8589097290231109
miniFE.c 25 Ap -205.4667525086719877
miniFE.c 25 Ap -207.6831066120596176
miniFE.c 25 Ap -35.0759551123765192
miniFE.c 25 Ap -16.4865264579134134
miniFE.c 25 Ap 8.5939245566937608
miniFE.c 25 Ap -12.4832624205512666
miniFE.c 25 Ap -5.2320995170333298
miniFE.c 25 Ap -25.7838366580568277
miniFE.c 25 Ap -18.0464491261556823
miniFE.c 25 Ap -20.4515923390509897
miniFE.c 25 Ap -21.6655651096881670
miniFE.c 25 Ap -17.6385899215851438
miniFE.c 25 Ap 100.2950007684397349
miniFE.c 25 Ap 66.3238638767247153
miniFE.c 25 Ap 77.4644057163016697
miniFE.c 25 Ap 43.0229047304520904
miniFE.c 25 Ap 51.1367473962884986
miniFE.c 25 Ap 46.8648533292141920
miniFE.c 25 Ap -31.8884767599352763
miniFE.c 25 Ap -30.2197587832849770
miniFE.c 25 Ap -13.4689120103045070
miniFE.c 25 Ap -244.6101930795990427
miniFE.c 25 Ap -242.1775036329891009
miniFE.c 25 Ap -265.7817326559253956
miniFE.c 25 Ap -264.8990403071578612
miniFE.c 25 Ap -266.5319003118125920
miniFE.c 25 Ap -32.6950060073999467
miniFE.c 25 Ap -29.6357044533809280
miniFE.c 25 Ap -0.3620240173771059
miniFE.c 25 Ap -13.3257845488013160
miniFE.c 25 Ap 30.8175989561355124
miniFE.c 25 Ap 21.2591178455193415
miniFE.c 25 Ap 30.7990814226869531
miniFE.c 25 Ap 29.4850059576897152
miniFE.c 25 Ap -37.3283644903488252
miniFE.c 25 Ap -34.6275920671871305
miniFE.c 25 Ap -6.4387061347907242
miniFE.c 25 Ap -45.6182140772173312
miniFE.c 25 Ap -42.6409749709557175
miniFE.c 25 Ap -184.1554809504710590
miniFE.c 25 Ap -178.9877416896695479
miniFE.c 25 Ap -180.1727375871833488
miniFE.c 25 Ap -11.6165877733414380
miniFE.c 25 Ap -8.4275116928161680
miniFE.c 25 Ap 12.4007728088555353
miniFE.c 25 Ap 7.8055180164568041
miniFE.c 25 Ap 17.1252328121876154
miniFE.c 25 Ap 0.9171491370539648
miniFE.c 25 Ap 45.4906915512578678
miniFE.c 25 Ap 44.5656436262149711
miniFE.c 25 Ap -14.8976427680624646
miniFE.c 25 Ap -12.9518917128212436
miniFE.c 25 Ap 8.5721188401527897
miniFE.c 25 Ap -8.1128341967633624
miniFE.c 25 Ap -5.5931157539502356
miniFE.c 25 Ap -12.8880893829053988
miniFE.c 25 Ap -11.0724063474474370
miniFE.c 25 Ap -33.5097204529270272
miniFE.c 57 sum 482.8274521127360686
miniFE.c 57 sum 477.1049516554285219
miniFE.c 57 sum 558.7749147133077940
miniFE.c 57 sum 1500.7460785239463803
miniFE.c 57 sum 1520.3005149278792487
miniFE.c 57 sum 1903.9267787368539757
miniFE.c 57 sum 1934.1811659480383696
miniFE.c 57 sum 1945.7711591221407161
miniFE.c 90 p_ap_dot 1945.7711591221407161
miniFE.c 91 alpha 0.0141438286134048
miniFE.c 40 y 1.0038951564194867
miniFE.c 40 y 2.0003436180586132
miniFE.c 40 y 1.0085170680463367
miniFE.c 40 y 1.9884677353508529
miniFE.c 40 y 1.0149829881696142
miniFE.c 40 y 1.9956957888830720
miniFE.c 40 y 0.9947704574160704
miniFE.c 40 y 2.0000925594168901
miniFE.c 40 y -0.3037740930181445
miniFE.c 40 y -0.1986994295267123
miniFE.c 40 y -0.6275162020741407
miniFE.c 40 y 0.6160065112482815
miniFE.c 40 y -1.0640765284324889
miniFE.c 40 y 0.1824606996680744
miniFE.c 40 y 0.0551183009137454
miniFE.c 40 y -0.1123159544456472
miniFE.c 82 oldrtrans 27.5206537955295758
miniFE.c 48 sum 0.0922786995889963
miniFE.c 48 sum 0.1317601628832372
miniFE.c 48 sum 0.5255367467487910
miniFE.c 48 sum 0.9050007686490702
miniFE.c 48 sum 2.0372596270100076
miniFE.c 48 sum 2.0705515339333709
miniFE.c 48 sum 2.0735895610289892
miniFE.c 48 sum 2.0862044346520259
miniFE.c 83 rtrans 2.0862044346520259
miniFE.c 84 beta 0.0758050462809465
miniFE.c 40 y -0.4800077691711385
miniFE.c 40 y -0.1774886404195662
miniFE.c 40 y -0.4954130396919714
miniFE.c 40 y 0.3480979885369466
miniFE.c 40 y -1.0138026719942348
miniFE.c 40 y 0.0210555555154854
miniFE.c 40 y 0.1065802576170126
miniFE.c 40 y -0.1385346144966277
miniFE.c 87 normr 1.4443699092171733
miniFE.c 25 Ap -32.2059820702844846
miniFE.c 25 Ap -34.8838508070467128
miniFE.c 25 Ap -39.5007104469136507
miniFE.c 25 Ap -34.7260278681265078
miniFE.c 25 Ap -48.9835505034769483
miniFE.c 25 Ap -48.6454740818981080
miniFE.c 25 Ap -48.1129189664897865
miniFE.c 25 Ap -49.0006575038648933
miniFE.c 25 Ap -7.2421412177580109
miniFE.c 25 Ap -19.0338812509701611
miniFE.c 25 Ap -26.1638508558258245
miniFE.c 25 Ap -24.0878585022213656
miniFE.c 25 Ap -35.1723815347642486
miniFE.c 25 Ap -34.9691477121510133
miniFE.c 25 Ap -33.7544088181842952
miniFE.c 25 Ap -34.7177649510016266
miniFE.c 25 Ap -4.4732946425606732
miniFE.c 25 Ap -7.0277058308198583
miniFE.c 25 Ap -40.5543324661079083
miniFE.c 25 Ap -37.2083536831427821
miniFE.c 25 Ap -54.2383934517828976
miniFE.c 25 Ap -53.8978053129866126
miniFE.c 25 Ap -52.6239644687635320
miniFE.c 25 Ap -54.3350290432958474
miniFE.c 25 Ap -6.5840217657582301
miniFE.c 25 Ap -7.6425313593106861
miniFE.c 25 Ap -12.4045281941118617
miniFE.c 25 Ap 10.3616755037648431
miniFE.c 25 Ap 6.6429337569907272
miniFE.c 25 Ap 6.8763533293242913
miniFE.c 25 Ap 7.0149324974264324
miniFE.c 25 Ap 6.3609067034186468
miniFE.c 25 Ap -6.7505460610390813
miniFE.c 25 Ap -8.6911376348168545
miniFE.c 25 Ap -17.0131750499097336
miniFE.c 25 Ap -15.7363126409814971
miniFE.c 25 Ap -83.2162958802844770
miniFE.c 25 Ap -83.1217731330754646
miniFE.c 25 Ap -81.6240370100711772
miniFE.c 25 Ap -82.1503768352435628
miniFE.c 25 Ap -7.7071967449194689
miniFE.c 25 Ap -9.4203643142274736
miniFE.c 25 Ap -17.4340120662424987
miniFE.c 25 Ap -13.5750360561006467
miniFE.c 25 Ap -18.1262061078358698
miniFE.c 25 Ap -16.7267850366101740
miniFE.c 25 Ap -15.9154706429479038
miniFE.c 25 Ap -16.3901089343863084
miniFE.c 25 Ap -2.3984797806214249
miniFE.c 25 Ap -4.4213905858257938
miniFE.c 25 Ap -10.3425375114418543
miniFE.c 25 Ap -9.8899290195124951
miniFE.c 25 Ap -24.1365532761389971
miniFE.c 25 Ap -23.9762733552773533
miniFE.c 25 Ap -16.9784054846080181
miniFE.c 25 Ap -17.3489242075522760
miniFE.c 25 Ap -3.0759200253381134
miniFE.c 25 Ap -4.3101586369290157
miniFE.c 25 Ap -10.4290893103813023
miniFE.c 25 Ap -8.7857089597546985
miniFE.c 25 Ap -12.6374879759639303
miniFE.c 25 Ap -12.5653488002678824
miniFE.c 25 Ap -12.2802938261964982
miniFE.c 25 Ap -21.2673362740523402
miniFE.c 57 sum 23.5206962963491968
miniFE.c 57 sum 29.6827051959085466
miniFE.c 57 sum 56.6009870959992938
miniFE.c 57 sum 58.8152059247305061
miniFE.c 57 sum 142.0994774656337256
miniFE.c 57 sum 141.7543746170609040
miniFE.c 57 sum 139.9053218056419610
miniFE.c 57 sum 142.8515840377379504
miniFE.c 90 p_ap_dot 142.8515840377379504
miniFE.c 91 alpha 0.0146039993095274
miniFE.c 40 y 0.9968851232899436
miniFE.c 40 y 1.9977515740764769
miniFE.c 40 y 1.0012820563567442
miniFE.c 40 y 1.9935513581350943
miniFE.c 40 y 1.0001774146478133
miniFE.c 40 y 1.9960032842012818
miniFE.c 40 y 0.9963269554247185
miniFE.c 40 y 1.9980694000024357
miniFE.c 40 y 0.4118314753346889
miniFE.c 40 y 0.3083187858460513
miniFE.c 40 y 0.1659925245573051
miniFE.c 40 y 0.5231118341435872
miniFE.c 40 y 0.1356475181468269
miniFE.c 40 y 0.4218218392289316
miniFE.c 40 y 0.3084819780618827
miniFE.c 40 y 0.1982722098161010
miniFE.c 82 oldrtrans 2.0862044346520259
miniFE.c 48 sum 0.1696051640763465
miniFE.c 48 sum 0.2646656377819297
miniFE.c 48 sum 0.2922191559908372
miniFE.c 48 sum 0.5658651470119052
miniFE.c 48 sum 0.5842653961912989
miniFE.c 48 sum 0.7621990602417775
miniFE.c 48 sum 0.8573601910307493
miniFE.c 48 sum 0.8966720602161093
miniFE.c 83 rtrans 0.8966720602161093
miniFE.c 84 beta 0.4298102550844554
miniFE.c 40 y 0.2055192136247214
miniFE.c 40 y 0.2320323480327243
miniFE.c 40 y -0.0469410804048666
miniFE.c 40 y 0.6727279193910380
miniFE.c 40 y -0.3000952669083177
miniFE.c 40 y 0.4308717329159873
miniFE.c 40 y 0.3542912657752178
miniFE.c 40 y 0.1387286118212787
miniFE.c 87 normr 0.9469276953474902
miniFE.c 25 Ap 13.7892520375787360
miniFE.c 25 Ap 17.2900516901398653
miniFE.c 25 Ap 16.8525977633967869
miniFE.c 25 Ap 26.0800635424447691
miniFE.c 25 Ap 21.8597007648536668
miniFE.c 25 Ap 28.7779496572459266
miniFE.c 25 Ap 30.5482552480907792
miniFE.c 25 Ap 31.4372369325440779
miniFE.c 25 Ap 3.1007814115236663
miniFE.c 25 Ap 18.5162193845110750
miniFE.c 25 Ap 17.8406447635566465
miniFE.c 25 Ap 21.8526702928676286
miniFE.c 25 Ap 18.5715456816461781
miniFE.c 25 Ap 22.7304342596322435
miniFE.c 25 Ap 26.7684370750913700
miniFE.c 25 Ap 27.7331422462925836
miniFE.c 25 Ap 1.9152773273612811
miniFE.c 25 Ap 5.2546799192778089
miniFE.c 25 Ap 2.0779850192616292
miniFE.c 25 Ap 8.5443635078341806
miniFE.c 25 Ap 3.5033091971602177
miniFE.c 25 Ap 10.4729567785720228
miniFE.c 25 Ap 14.7074247296414793
miniFE.c 25 Ap 16.4208853981101015
miniFE.c 25 Ap 2.8190022384913553
miniFE.c 25 Ap 4.2028004682064850
miniFE.c 25 Ap 3.7515945886658364
miniFE.c 25 Ap 47.7491508815818833
miniFE.c 25 Ap 46.6483678318922799
miniFE.c 25 Ap 51.4249644671082962
miniFE.c 25 Ap 51.8856256624810044
miniFE.c 25 Ap 52.5405673232903894
miniFE.c 25 Ap 2.8903009640820438
miniFE.c 25 Ap 5.4272521648561192
miniFE.c 25 Ap 4.6387274468206972
miniFE.c 25 Ap 7.1063688006739962
miniFE.c 25 Ap -12.8683502847799343
miniFE.c 25 Ap -10.9340778852713534
miniFE.c 25 Ap -5.9553431863625814
miniFE.c 25 Ap -5.4282662997827478
miniFE.c 25 Ap 3.2998987016439774
miniFE.c 25 Ap 5.5395366454604087
miniFE.c 25 Ap 4.7802322805662119
miniFE.c 25 Ap 12.2380199948641248
miniFE.c 25 Ap 10.8908302219924362
miniFE.c 25 Ap 39.5279745421555830
miniFE.c 25 Ap 42.2249243328490635
miniFE.c 25 Ap 42.7002272853113638
miniFE.c 25 Ap 1.0269285417177541
miniFE.c 25 Ap 3.6714963455094067
miniFE.c 25 Ap 3.1104593689752651
miniFE.c 25 Ap 3.9851624097888325
miniFE.c 25 Ap -0.2319743436830071
miniFE.c 25 Ap 3.0479242656176551
miniFE.c 25 Ap 26.3100510521400608
miniFE.c 25 Ap 26.6810886319869454
miniFE.c 25 Ap 1.3169800686176734
miniFE.c 25 Ap 2.9305102776671310
miniFE.c 25 Ap 2.3507330136029547
miniFE.c 25 Ap 5.5267003574297879
miniFE.c 25 Ap 4.3865370062448736
miniFE.c 25 Ap 5.8627617308989901
miniFE.c 25 Ap 6.8103339158169591
miniFE.c 25 Ap 15.8099613930370815
miniFE.c 57 sum 6.4609562129105091
miniFE.c 57 sum 12.8959423266433202
miniFE.c 57 sum 12.1251282248515331
miniFE.c 57 sum 47.4706347638734343
miniFE.c 57 sum 49.0996317879561630
miniFE.c 57 sum 67.4979527142847928
miniFE.c 57 sum 76.9508293779722266
miniFE.c 57 sum 79.1441233749762745
miniFE.c 90 p_ap_dot 79.1441233749762745
miniFE.c 91 alpha 0.0113296101084824
miniFE.c 40 y 0.9992135758501136
miniFE.c 40 y 2.0003804101122431
miniFE.c 40 y 1.0007502322176860
miniFE.c 40 y 2.0011731031708853
miniFE.c 40 y 0.9967774522783411
miniFE.c 40 y 2.0008848929419862
miniFE.c 40 y 1.0003409373307923
miniFE.c 40 y 1.9996411410852617
miniFE.c 40 y 0.0556598380009813
miniFE.c 40 y -0.0058869028875255
miniFE.c 40 y -0.0200497046393542
miniFE.c 40 y -0.0721523085077637
miniFE.c 40 y 0.1971476588883798
miniFE.c 40 y -0.0619550874572280
miniFE.c 40 y 0.0061956465916085
miniFE.c 40 y 0.0191515114028316
