filename line variable value
miniFE.c 167 A 67.0947100000000063
miniFE.c 167 A 15.0875500000000002
miniFE.c 167 A 9.3192129999999995
miniFE.c 167 A 13.7164900000000003
miniFE.c 167 A 14.0634099999999993
miniFE.c 167 A 16.0564000000000000
miniFE.c 167 A 4.9967519999999999
miniFE.c 167 A 6.4080630000000003
miniFE.c 167 A 15.0875500000000002
miniFE.c 167 A 66.4365899999999954
miniFE.c 167 A 14.3919700000000006
miniFE.c 167 A 5.9638169536743160
miniFE.c 167 A 10.9336099999999998
miniFE.c 167 A 9.6522659999999991
miniFE.c 167 A 11.3974100000000007
miniFE.c 167 A 6.9539020000000002
miniFE.c 167 A 9.3192129999999995
miniFE.c 167 A 14.3919700000000006
miniFE.c 167 A 67.6740900000000067
miniFE.c 167 A 9.6121750000000006
miniFE.c 167 A 16.7981799999999986
miniFE.c 167 A 16.1756899999999995
miniFE.c 167 A 11.9519400000000005
miniFE.c 167 A 12.3511699999999998
miniFE.c 167 A 13.7164900000000003
miniFE.c 167 A 5.9638159999999996
miniFE.c 167 A 9.6121750000000006
miniFE.c 167 A 65.4017099999999942
miniFE.c 167 A 3.6681119999999998
miniFE.c 167 A 11.0858899999999991
miniFE.c 167 A 1.3002330000000000
miniFE.c 167 A 4.7210279999999996
miniFE.c 167 A 14.0634099999999993
miniFE.c 167 A 10.9336099999999998
miniFE.c 167 A 16.7981799999999986
miniFE.c 167 A 3.6681119999999998
miniFE.c 167 A 66.5612600000000043
miniFE.c 167 A 4.4892070000000004
miniFE.c 167 A 14.0526599999999995
miniFE.c 167 A 3.7993380000000001
miniFE.c 167 A 16.0564000000000000
miniFE.c 167 A 9.6522659999999991
miniFE.c 167 A 16.1756899999999995
miniFE.c 167 A 11.0858899999999991
miniFE.c 167 A 4.4892070000000004
miniFE.c 167 A 66.4632699999999943
miniFE.c 167 A 7.6122389999999998
miniFE.c 167 A 3.4261349999999999
miniFE.c 167 A 4.9967519999999999
miniFE.c 167 A 11.3974100000000007
miniFE.c 167 A 11.9519400000000005
miniFE.c 167 A 1.3002330000000000
miniFE.c 167 A 14.0526599999999995
miniFE.c 167 A 7.6122389999999998
miniFE.c 167 A 65.6581999999999937
miniFE.c 167 A 2.6745570000000001
miniFE.c 167 A 6.4080630000000003
miniFE.c 167 A 6.9539020000000002
miniFE.c 167 A 12.3511699999999998
miniFE.c 167 A 4.7210279999999996
miniFE.c 167 A 3.7993380000000001
miniFE.c 167 A 3.4261349999999999
miniFE.c 167 A 2.6745570000000001
miniFE.c 167 A 64.8721800000000002
miniFE.c 175 b 198.0110999999999990
miniFE.c 175 b 229.8237000000000023
miniFE.c 175 b 210.8053999999999917
miniFE.c 175 b 202.6418999999999926
miniFE.c 175 b 157.2561000000000035
miniFE.c 175 b 225.5886000000000138
miniFE.c 175 b 142.6283999999999992
miniFE.c 175 b 185.1795999999999935
miniFE.c 33 r 0.0000000000000000
miniFE.c 33 r 0.0000000000000000
miniFE.c 33 r 0.0000000000000000
miniFE.c 33 r 0.0000000000000000
miniFE.c 33 r 0.0000000000000000
miniFE.c 33 r 0.0000000000000000
miniFE.c 33 r 0.0000000000000000
miniFE.c 33 r 0.0000000000000000
miniFE.c 25 Ap 0.0000000000000000
miniFE.c 25 Ap 0.0000000000000000
miniFE.c 25 Ap 0.0000000000000000
miniFE.c 25 Ap 0.0000000000000000
miniFE.c 25 Ap 0.0000000000000000
miniFE.c 25 Ap 0.0000000000000000
miniFE.c 25 Ap 0.0000000000000000
miniFE.c 25 Ap 0.0000000000000000
miniFE.c 25 Ap 0.0000000000000000
miniFE.c 25 Ap 0.0000000000000000
miniFE.c 25 Ap 0.0000000000000000
miniFE.c 25 Ap 0.0000000000000000
miniFE.c 25 Ap 0.0000000000000000
miniFE.c 25 Ap 0.0000000000000000
miniFE.c 25 Ap 0.0000000000000000
miniFE.c 25 Ap 0.0000000000000000
miniFE.c 25 Ap 0.0000000000000000
miniFE.c 25 Ap 0.0000000000000000
miniFE.c 25 Ap 0.0000000000000000
miniFE.c 25 Ap 0.0000000000000000
miniFE.c 25 Ap 0.0000000000000000
miniFE.c 25 Ap 0.0000000000000000
miniFE.c 25 Ap 0.0000000000000000
miniFE.c 25 Ap 0.0000000000000000
miniFE.c 25 Ap 0.0000000000000000
miniFE.c 25 Ap 0.0000000000000000
miniFE.c 25 Ap 0.0000000000000000
miniFE.c 25 Ap 0.0000000000000000
miniFE.c 25 Ap 0.0000000000000000
miniFE.c 25 Ap 0.0000000000000000
miniFE.c 25 Ap 0.0000000000000000
miniFE.c 25 Ap 0.0000000000000000
miniFE.c 25 Ap 0.0000000000000000
miniFE.c 25 Ap 0.0000000000000000
miniFE.c 25 Ap 0.0000000000000000
miniFE.c 25 Ap 0.0000000000000000
miniFE.c 25 Ap 0.0000000000000000
miniFE.c 25 Ap 0.0000000000000000
miniFE.c 25 Ap 0.0000000000000000
miniFE.c 25 Ap 0.0000000000000000
miniFE.c 25 Ap 0.0000000000000000
miniFE.c 25 Ap 0.0000000000000000
miniFE.c 25 Ap 0.0000000000000000
miniFE.c 25 Ap 0.0000000000000000
miniFE.c 25 Ap 0.0000000000000000
miniFE.c 25 Ap 0.0000000000000000
miniFE.c 25 Ap 0.0000000000000000
miniFE.c 25 Ap 0.0000000000000000
miniFE.c 25 Ap 0.0000000000000000
miniFE.c 25 Ap 0.0000000000000000
miniFE.c 25 Ap 0.0000000000000000
miniFE.c 25 Ap 0.0000000000000000
miniFE.c 25 Ap 0.0000000000000000
miniFE.c 25 Ap 0.0000000000000000
miniFE.c 25 Ap 0.0000000000000000
miniFE.c 25 Ap 0.0000000000000000
miniFE.c 25 Ap 0.0000000000000000
miniFE.c 25 Ap 0.0000000000000000
miniFE.c 25 Ap 0.0000000000000000
miniFE.c 25 Ap 0.0000000000000000
miniFE.c 25 Ap 0.0000000000000000
miniFE.c 25 Ap 0.0000000000000000
miniFE.c 25 Ap 0.0000000000000000
miniFE.c 25 Ap 0.0000000000000000
miniFE.c 33 r 198.0110999999999990
miniFE.c 33 r 229.8237000000000023
miniFE.c 33 r 210.8053999999999917
miniFE.c 33 r 202.6418999999999926
miniFE.c 33 r 157.2561000000000035
miniFE.c 33 r 225.5886000000000138
miniFE.c 33 r 142.6283999999999992
miniFE.c 33 r 185.1795999999999935
miniFE.c 48 sum 39208.3957232100001420
miniFE.c 48 sum 92027.3288048999966122
miniFE.c 48 sum 136466.2454740600078367
miniFE.c 48 sum 177529.9851096700003836
miniFE.c 48 sum 202259.4660968800017145
miniFE.c 48 sum 253149.6825468399911188
miniFE.c 48 sum 273492.5430333999684080
miniFE.c 48 sum 307784.0272895599482581
miniFE.c 75 rtrans 307784.0272895599482581
miniFE.c 76 normr 554.7828649927464539
miniFE.c 33 r 198.0110999999999990
miniFE.c 33 r 229.8237000000000023
miniFE.c 33 r 210.8053999999999917
miniFE.c 33 r 202.6418999999999926
miniFE.c 33 r 157.2561000000000035
miniFE.c 33 r 225.5886000000000138
miniFE.c 33 r 142.6283999999999992
miniFE.c 33 r 185.1795999999999935
miniFE.c 87 normr 554.7828649927464539
miniFE.c 25 Ap 13285.4973312810016068
miniFE.c 25 Ap 16752.9738962160008668
miniFE.c 25 Ap 18717.5143203662009910
miniFE.c 25 Ap 21497.0499152972006414
miniFE.c 25 Ap 23708.6069245981998392
miniFE.c 25 Ap 27330.7477216381994367
miniFE.c 25 Ap 28043.4264645949988335
miniFE.c 25 Ap 29230.0690077097970061
miniFE.c 25 Ap 2987.5023718050001662
miniFE.c 25 Ap 18256.2053009880000900
miniFE.c 25 Ap 21290.1102936259994749
miniFE.c 25 Ap 22498.6294923707755515
miniFE.c 25 Ap 24218.0063598917768104
miniFE.c 25 Ap 26395.4475336593750399
miniFE.c 25 Ap 28021.0418861033758731
miniFE.c 25 Ap 29308.7626769025773683
miniFE.c 25 Ap 1845.3076172643000064
miniFE.c 25 Ap 5152.9234129532997031
miniFE.c 25 Ap 19418.9870250392996240
miniFE.c 25 Ap 21366.8164301717988565
miniFE.c 25 Ap 24008.4327040697971825
miniFE.c 25 Ap 27657.4839652037990163
miniFE.c 25 Ap 29362.1700442997971550
miniFE.c 25 Ap 31649.3547644317950471
miniFE.c 25 Ap 2716.0172730389999742
miniFE.c 25 Ap 4086.6435322781999275
miniFE.c 25 Ap 6112.9419280231995799
miniFE.c 25 Ap 19366.0687056721981207
miniFE.c 25 Ap 19942.9016931553996983
miniFE.c 25 Ap 22443.7520980093977414
miniFE.c 25 Ap 22629.2022504265987664
miniFE.c 25 Ap 23503.4403270553993934
miniFE.c 25 Ap 2784.7112838509997346
miniFE.c 25 Ap 5297.5139884079999320
miniFE.c 25 Ap 8838.6610425799990480
miniFE.c 25 Ap 9581.9742276727993158
miniFE.c 25 Ap 20049.1383863587980159
miniFE.c 25 Ap 21061.8523085989982064
miniFE.c 25 Ap 23066.1607201429978886
miniFE.c 25 Ap 23769.7206112477979332
miniFE.c 25 Ap 3179.3454260399998930
miniFE.c 25 Ap 5397.6649115441996400
miniFE.c 25 Ap 8807.5877122702004272
miniFE.c 25 Ap 11054.0535250612010714
miniFE.c 25 Ap 11760.0087099739012046
miniFE.c 25 Ap 26753.3647406958989450
miniFE.c 25 Ap 27839.0862096834971453
miniFE.c 25 Ap 28473.5365185294976982
miniFE.c 25 Ap 989.4123599472000024
miniFE.c 25 Ap 3608.8072965641999872
miniFE.c 25 Ap 6128.3407890401995246
miniFE.c 25 Ap 6391.8224746028990921
miniFE.c 25 Ap 8601.6889808288997301
miniFE.c 25 Ap 10318.9233197042995016
miniFE.c 25 Ap 19683.6473325842962367
miniFE.c 25 Ap 20178.9207280214977800
miniFE.c 25 Ap 1268.8676034993000030
miniFE.c 25 Ap 2867.0390905766998912
miniFE.c 25 Ap 5470.7324228946999938
miniFE.c 25 Ap 6427.4105067679001877
miniFE.c 25 Ap 7024.8795832297000743
miniFE.c 25 Ap 7797.7765812907000509
miniFE.c 25 Ap 8179.2443669095000587
miniFE.c 25 Ap 20192.2487104374995397
miniFE.c 57 sum 5787878.1172925252467394
miniFE.c 57 sum 12523726.3981201797723770
miniFE.c 57 sum 19195581.2889781296253204
miniFE.c 57 sum 23958363.0933892577886581
miniFE.c 57 sum 27696296.6548037007451057
miniFE.c 57 sum 34119601.8950676470994949
miniFE.c 57 sum 36997689.0722321867942810
miniFE.c 57 sum 40736881.6115315183997154
miniFE.c 90 p_ap_dot 40736881.6115315183997154
miniFE.c 91 alpha 0.0075554145313478
miniFE.c 40 y 1.4960559423081612
miniFE.c 40 y 1.7364133226281160
miniFE.c 40 y 1.5927221824465840
miniFE.c 40 y 1.5310435559199265
miniFE.c 40 y 1.1881350230830818
miniFE.c 40 y 1.7044153865464051
miniFE.c 40 y 1.0776166859428857
miniFE.c 40 y 1.3991086407491720
miniFE.c 40 y -22.8341881331493823
miniFE.c 40 y 8.3838485751064127
miniFE.c 40 y -28.3185948949695216
miniFE.c 40 y 25.0636654162998980
miniFE.c 40 y -22.3339925122987779
miniFE.c 40 y 10.4592284290401665
miniFE.c 40 y -9.8317108954088326
miniFE.c 40 y 32.6187906725717482
miniFE.c 82 oldrtrans 307784.0272895599482581
miniFE.c 48 sum 521.4001477000600744
miniFE.c 48 sum 591.6890646303738777
miniFE.c 48 sum 1393.6318814557675978
miniFE.c 48 sum 2021.8192055559952678
miniFE.c 48 sum 2520.6264270954129643
miniFE.c 48 sum 2630.0218864262551506
miniFE.c 48 sum 2726.6844255571559188
miniFE.c 48 sum 3790.6699304982093963
miniFE.c 83 rtrans 3790.6699304982093963
miniFE.c 84 beta 0.0123160060120079
miniFE.c 40 y -20.3954822351050957
miniFE.c 40 y 11.2143586460083018
miniFE.c 40 y -25.7223143212058005
miniFE.c 40 y 27.5594042749845904
miniFE.c 40 y -20.3972254392738712
miniFE.c 40 y 13.2375789828806010
miniFE.c 40 y -8.0750986635257718
miniFE.c 40 y 34.8994637394729565
miniFE.c 87 normr 61.5684166638887120
miniFE.c 25 Ap -1368.4289658745283305
miniFE.c 25 Ap -1199.2317690849458813
miniFE.c 25 Ap -1438.9434950972131446
miniFE.c 25 Ap -1060.9252019534296778
miniFE.c 25 Ap -1347.7797461683680922
miniFE.c 25 Ap -1135.2318829876439850
miniFE.c 25 Ap -1175.5811483848137868
miniFE.c 25 Ap -951.9431860760555537
miniFE.c 25 Ap -307.7178579962599088
miniFE.c 25 Ap 437.3258894815487565
miniFE.c 25 Ap 67.1311134401844924
miniFE.c 25 Ap 231.4903558885020232
miniFE.c 25 Ap 8.4750478534028275
miniFE.c 25 Ap 136.2476813921758207
miniFE.c 25 Ap 44.2124711335205518
miniFE.c 25 Ap 286.8999218303690668
miniFE.c 25 Ap -190.0698431866604494
miniFE.c 25 Ap -28.6731299840683391
miniFE.c 25 Ap -1769.4073443656386644
miniFE.c 25 Ap -1504.5015275787386599
miniFE.c 25 Ap -1847.1377920082402397
miniFE.c 25 Ap -1633.0108180306483519
miniFE.c 25 Ap -1729.5239127511886181
miniFE.c 25 Ap -1298.4747031961223911
miniFE.c 25 Ap -279.7544281229967282
miniFE.c 25 Ap -212.8740566001940806
miniFE.c 25 Ap -460.1214432606304854
miniFE.c 25 Ap 1342.3107229046718203
miniFE.c 25 Ap 1267.4914155041660706
miniFE.c 25 Ap 1414.2417599746922861
miniFE.c 25 Ap 1403.7422502141200766
miniFE.c 25 Ap 1568.5035957131565283
miniFE.c 25 Ap -286.8300288199993133
miniFE.c 25 Ap -164.2166049844165059
miniFE.c 25 Ap -596.3046709686093436
miniFE.c 25 Ap -495.2136894346870690
miniFE.c 25 Ap -1852.8787151768094645
miniFE.c 25 Ap -1793.4524829438089455
miniFE.c 25 Ap -1906.9290989287910634
miniFE.c 25 Ap -1774.3342401637894454
miniFE.c 25 Ap -327.4780209597414569
miniFE.c 25 Ap -219.2340482890695057
miniFE.c 25 Ap -635.3102308314548736
miniFE.c 25 Ap -329.7897065734459829
miniFE.c 25 Ap -421.3570737960123438
miniFE.c 25 Ap 458.4557122895063799
miniFE.c 25 Ap 396.9861313141676078
miniFE.c 25 Ap 516.5564055132067551
miniFE.c 25 Ap -101.9111666492258479
miniFE.c 25 Ap 25.9034767263756436
miniFE.c 25 Ap -281.5280807018168616
miniFE.c 25 Ap -245.6944338031408392
miniFE.c 25 Ap -532.3297078446071282
miniFE.c 25 Ap -431.5620928455430771
miniFE.c 25 Ap -961.7585359150507429
miniFE.c 25 Ap -868.4179308743971433
miniFE.c 25 Ap -130.6955350779342666
miniFE.c 25 Ap -52.7119840607398373
miniFE.c 25 Ap -370.4126610353872593
miniFE.c 25 Ap -240.3039417898653198
miniFE.c 25 Ap -317.7998954958652575
miniFE.c 25 Ap -272.4461628273536462
miniFE.c 25 Ap -294.0434744835771426
miniFE.c 25 Ap 1969.9608191269858253
miniFE.c 57 sum 19415.3403404435339326
miniFE.c 57 sum 22632.7389593610387237
miniFE.c 57 sum 56032.5134131061058724
miniFE.c 57 sum 99259.5381141319812741
miniFE.c 57 sum 135451.0336153755197302
miniFE.c 57 sum 142288.9898324694950134
miniFE.c 57 sum 149301.5503054551663809
miniFE.c 57 sum 218052.1264807598490734
miniFE.c 90 p_ap_dot 218052.1264807598490734
miniFE.c 91 alpha 0.0173842373916619
miniFE.c 40 y 1.1414960374156717
miniFE.c 40 y 1.9313663955255602
miniFE.c 40 y 1.1455593640237984
miniFE.c 40 y 2.0101427822090399
miniFE.c 40 y 0.8335448139155002
miniFE.c 40 y 1.9345406020756755
miniFE.c 40 y 0.9372372538150622
miniFE.c 40 y 2.0058092032378654
miniFE.c 40 y -6.2853818030282795
miniFE.c 40 y 3.3963122263580425
miniFE.c 40 y -5.7456024075404386
miniFE.c 40 y -2.2035734412528569
miniFE.c 40 y 8.5114551308625295
miniFE.c 40 y 1.4792892494150234
miniFE.c 40 y 5.2650725700874990
miniFE.c 40 y -1.6274758594044485
miniFE.c 82 oldrtrans 3790.6699304982093963
miniFE.c 48 sum 39.5060244098390285
miniFE.c 48 sum 51.0409611487481527
miniFE.c 48 sum 84.0529081742826349
miniFE.c 48 sum 88.9086440852775866
miniFE.c 48 sum 161.3535125299636661
miniFE.c 48 sum 163.5418092133985226
miniFE.c 48 sum 191.2627983816863093
miniFE.c 48 sum 193.9114760546305547
miniFE.c 83 rtrans 193.9114760546305547
miniFE.c 84 beta 0.0511549355681160
miniFE.c 40 y -7.3287113826457349
miniFE.c 40 y 3.9699820203323415
miniFE.c 40 y -7.0614257393045481
miniFE.c 40 y -0.7937738912703605
miniFE.c 40 y 7.4680363777481382
miniFE.c 40 y 2.1564567493621265
miniFE.c 40 y 4.8519914182486588
miniFE.c 40 y 0.1578039595500902
miniFE.c 87 normr 13.9252100901433646
miniFE.c 25 Ap -491.7177648923146762
miniFE.c 25 Ap -431.8204626614494828
miniFE.c 25 Ap -497.6273932097110446
miniFE.c 25 Ap -508.5151848515820348
miniFE.c 25 Ap -403.4891273763951176
miniFE.c 25 Ap -368.8641952259370669
miniFE.c 25 Ap -344.6199974028202178
miniFE.c 25 Ap -343.6087796883737724
miniFE.c 25 Ap -110.5722994212366643
miniFE.c 25 Ap 153.1797683709547755
miniFE.c 25 Ap 51.5519409736558885
miniFE.c 25 Ap 46.8180187835136792
miniFE.c 25 Ap 128.4706160036245137
miniFE.c 25 Ap 149.2853101659630966
miniFE.c 25 Ap 204.5854456762245377
miniFE.c 25 Ap 205.6827989461478410
miniFE.c 25 Ap -68.2978223904000998
miniFE.c 25 Ap -11.1619602532376518
miniFE.c 25 Ap -489.0375212632502553
miniFE.c 25 Ap -496.6674148165719203
miniFE.c 25 Ap -371.2179954966106834
miniFE.c 25 Ap -336.3358196205212494
miniFE.c 25 Ap -278.3451093090983477
miniFE.c 25 Ap -276.3960457780220850
miniFE.c 25 Ap -100.5241963929463935
miniFE.c 25 Ap -76.8479541003760573
miniFE.c 25 Ap -144.7236140560757462
miniFE.c 25 Ap -196.6377838985113726
miniFE.c 25 Ap -169.2441900448569072
miniFE.c 25 Ap -145.3379477316707948
miniFE.c 25 Ap -139.0292283739470918
miniFE.c 25 Ap -138.2842314624002427
miniFE.c 25 Ap -103.0666729458138491
miniFE.c 25 Ap -59.6604378284879573
miniFE.c 25 Ap -178.2795384539588213
miniFE.c 25 Ap -181.1911899898143190
miniFE.c 25 Ap 315.8907210389377269
miniFE.c 25 Ap 325.5715017733714376
miniFE.c 25 Ap 393.7548874969376129
miniFE.c 25 Ap 394.3544380770067619
miniFE.c 25 Ap -117.6727214443129839
miniFE.c 25 Ap -79.3533989688478130
miniFE.c 25 Ap -193.5768326858589887
miniFE.c 25 Ap -202.3765227293541784
miniFE.c 25 Ap -168.8509615461125861
miniFE.c 25 Ap -25.5257943699352552
miniFE.c 25 Ap 11.4087239317224984
miniFE.c 25 Ap 11.9493816006756468
miniFE.c 25 Ap -36.6197532586578376
miniFE.c 25 Ap 8.6277595196981949
miniFE.c 25 Ap -75.7699772309254058
miniFE.c 25 Ap -76.8020682388935398
miniFE.c 25 Ap 28.1437078452326119
miniFE.c 25 Ap 44.5591720145402164
miniFE.c 25 Ap 363.1321949521942543
miniFE.c 25 Ap 363.5542506368366844
miniFE.c 25 Ap -46.9628442488109812
miniFE.c 25 Ap -19.3559783376578700
miniFE.c 25 Ap -106.5728480861840239
miniFE.c 25 Ap -110.3202768525403457
miniFE.c 25 Ap -81.9466824571794916
miniFE.c 25 Ap -74.5583705122036804
miniFE.c 25 Ap -61.5814429005868007
miniFE.c 25 Ap -51.3443560319406345
miniFE.c 57 sum 2518.2095748791953156
miniFE.c 57 sum 3334.7665885870342208
miniFE.c 57 sum 5286.5167404859575981
miniFE.c 57 sum 5396.2831529951981793
miniFE.c 57 sum 8341.3364422807098890
miniFE.c 57 sum 8367.1047668841911218
miniFE.c 57 sum 10131.0668710419449781
miniFE.c 57 sum 10122.9645283595546061
miniFE.c 90 p_ap_dot 10122.9645283595546061
miniFE.c 91 alpha 0.0191556016531902
miniFE.c 40 y 1.0011101615385090
miniFE.c 40 y 2.0074137896773738
miniFE.c 40 y 1.0102935054580962
miniFE.c 40 y 1.9949375657451620
miniFE.c 40 y 0.9765995438991774
miniFE.c 40 y 1.9758488285487898
miniFE.c 40 y 1.0301800686477312
miniFE.c 40 y 2.0088320330263030
miniFE.c 40 y 0.2966511052210175
miniFE.c 40 y -0.5436655371675849
miniFE.c 40 y -0.4510698560997106
miniFE.c 40 y 0.4453442115584405
miniFE.c 40 y 0.9573586048917067
miniFE.c 40 y 1.2503916554705199
miniFE.c 40 y -1.6990278344358325
miniFE.c 40 y -0.6439438281170177
miniFE.c 82 oldrtrans 193.9114760546305547
miniFE.c 48 sum 0.0880018782288512
miniFE.c 48 sum 0.3835740945325699
miniFE.c 48 sum 0.5870381096143835
miniFE.c 48 sum 0.7853695763829925
miniFE.c 48 sum 1.7019050747431874
miniFE.c 48 sum 3.2653843668134948
miniFE.c 48 sum 6.1520799490012088
miniFE.c 48 sum 6.5667436027712078
miniFE.c 83 rtrans 6.5667436027712078
miniFE.c 84 beta 0.0338646465716199
miniFE.c 40 y 0.0484668844223115
miniFE.c 40 y -0.4092234991533444
miniFE.c 40 y -0.6902025430529992
miniFE.c 40 y 0.4184633392727903
miniFE.c 40 y 1.2102610174081483
miniFE.c 40 y 1.3234193011346527
miniFE.c 40 y -1.5347168598883087
miniFE.c 40 y -0.6385998527992517
miniFE.c 87 normr 2.5625658240855409
miniFE.c 25 Ap 3.2518715549185084
miniFE.c 25 Ap -2.9223084497325336
miniFE.c 25 Ap -9.3544529615851033
miniFE.c 25 Ap -3.6146047530832677
miniFE.c 25 Ap 13.4057921417446586
miniFE.c 25 Ap 34.6551418084830942
miniFE.c 25 Ap 26.9865422694024701
miniFE.c 25 Ap 22.8943541808741386
miniFE.c 25 Ap 0.7312465420658459
miniFE.c 25 Ap -26.4561672895502440
miniFE.c 25 Ap -36.3895415830927149
miniFE.c 25 Ap -33.8939028258464816
miniFE.c 25 Ap -20.6613808633025755
miniFE.c 25 Ap -7.8873857392168070
miniFE.c 25 Ap -25.3791830252764186
miniFE.c 25 Ap -29.8199438188568422
miniFE.c 25 Ap 0.4516732193779029
miniFE.c 25 Ap -5.4378591037320563
miniFE.c 25 Ap -52.1466881205296104
miniFE.c 25 Ap -48.1243452723551783
miniFE.c 25 Ap -27.7941628549499704
miniFE.c 25 Ap -6.3869424997791810
miniFE.c 25 Ap -24.7297863261526558
miniFE.c 25 Ap -32.6172416700511860
miniFE.c 25 Ap 0.6647955355097915
miniFE.c 25 Ap -1.7757381163169104
miniFE.c 25 Ap -8.4100857455873737
miniFE.c 25 Ap 18.9581322151632641
miniFE.c 25 Ap 23.3975051762503021
miniFE.c 25 Ap 38.0687859725059354
miniFE.c 25 Ap 36.0732964656227821
miniFE.c 25 Ap 33.0584486797616393
miniFE.c 25 Ap 0.6816096670535798
miniFE.c 25 Ap -3.7926804755244183
miniFE.c 25 Ap -15.3868270301864474
miniFE.c 25 Ap -13.8518566338398550
miniFE.c 25 Ap 66.7046416137284268
miniFE.c 25 Ap 72.6457448043172178
miniFE.c 25 Ap 51.0788905760391785
miniFE.c 25 Ap 48.6526338885045746
miniFE.c 25 Ap 0.7782036830384025
miniFE.c 25 Ap -3.1717303842404521
miniFE.c 25 Ap -14.3362327578774220
miniFE.c 25 Ap -9.6971942096665895
miniFE.c 25 Ap -4.2640819784908075
miniFE.c 25 Ap 83.6946923560329168
miniFE.c 25 Ap 72.0120608212336037
miniFE.c 25 Ap 69.8241315145632342
miniFE.c 25 Ap 0.2421770016709539
miniFE.c 25 Ap -4.4219109998143660
miniFE.c 25 Ap -12.6711703822312280
miniFE.c 25 Ap -12.1270705392185505
miniFE.c 25 Ap 4.8803160496722384
miniFE.c 25 Ap 14.9545000671221846
miniFE.c 25 Ap -85.8122464627963666
miniFE.c 25 Ap -87.5202181692995680
miniFE.c 25 Ap 0.3105788487918907
miniFE.c 25 Ap -2.5351212604175499
miniFE.c 25 Ap -11.0599302040974621
miniFE.c 25 Ap -9.0843530624171205
miniFE.c 25 Ap -4.4861623890596807
miniFE.c 25 Ap 0.0480507982332927
miniFE.c 25 Ap -4.0566369223990026
miniFE.c 25 Ap -45.4840015211655597
miniFE.c 57 sum 1.1096180180078912
miniFE.c 57 sum 13.3126397721166327
miniFE.c 57 sum 35.8251429201602178
miniFE.c 57 sum 49.6588917458714363
miniFE.c 57 sum 108.5412779353591333
miniFE.c 57 sum 200.9478812666964700
miniFE.c 57 sum 335.2666356722236287
miniFE.c 57 sum 364.3127123483608898
miniFE.c 90 p_ap_dot 364.3127123483608898
miniFE.c 91 alpha 0.0180250191118557
miniFE.c 40 y 1.0019837780565133
miniFE.c 40 y 2.0000375282841145
miniFE.c 40 y 0.9978525914285145
miniFE.c 40 y 2.0024803754331648
miniFE.c 40 y 0.9984145218682932
miniFE.c 40 y 1.9997034867447407
miniFE.c 40 y 1.0025167679169571
miniFE.c 40 y 1.9973212584747682
miniFE.c 40 y -0.1160200664428332
miniFE.c 40 y -0.0061604799182259
miniFE.c 40 y 0.1368565483789794
miniFE.c 40 y -0.1505349577025652
miniFE.c 40 y 0.0803939492092914
miniFE.c 40 y -0.0081896495482110
miniFE.c 40 y -0.1214742292604238
miniFE.c 40 y 0.1759061685856671
miniFE.c 82 oldrtrans 6.5667436027712078
miniFE.c 48 sum 0.0134606558173994
miniFE.c 48 sum 0.0134986073302223
miniFE.c 48 sum 0.0322283221644302
miniFE.c 48 sum 0.0548890956549433
miniFE.c 48 sum 0.0613522827244095
miniFE.c 48 sum 0.0614193530841320
miniFE.c 48 sum 0.0761753414585460
miniFE.c 48 sum 0.1071183216050351
miniFE.c 83 rtrans 0.1071183216050351
miniFE.c 84 beta 0.0163122436453634
miniFE.c 40 y -0.1152294628154048
miniFE.c 40 y -0.0128358333418234
miniFE.c 40 y 0.1255977963320495
miniFE.c 40 y -0.1437088817556951
miniFE.c 40 y 0.1001360217997385
miniFE.c 40 y 0.0133982885368740
miniFE.c 40 y -0.1465089046055689
miniFE.c 40 y 0.1654891721949125
miniFE.c 87 normr 0.3272893545550101
miniFE.c 25 Ap -7.7312873910553712
miniFE.c 25 Ap -7.9249486683917985
miniFE.c 25 Ap -6.7544760520428104
miniFE.c 25 Ap -8.7256574915559852
miniFE.c 25 Ap -7.3174035612173247
miniFE.c 25 Ap -7.1022752811538616
miniFE.c 25 Ap -7.8343439432595474
miniFE.c 25 Ap -6.7738789020166994
miniFE.c 25 Ap -1.7385302817005612
miniFE.c 25 Ap -2.5912992787396112
miniFE.c 25 Ap -0.7836995618626446
miniFE.c 25 Ap -1.6407530272708366
miniFE.c 25 Ap -0.5459048179609978
miniFE.c 25 Ap -0.4165809730583395
miniFE.c 25 Ap -2.0864030274988967
miniFE.c 25 Ap -0.9356075419943501
miniFE.c 25 Ap -1.0738479078523373
miniFE.c 25 Ap -1.2585808362328592
miniFE.c 25 Ap 7.2411357365439297
miniFE.c 25 Ap 5.8597808160538811
miniFE.c 25 Ap 7.5418837347298116
miniFE.c 25 Ap 7.7586102966328383
miniFE.c 25 Ap 6.0075446593213551
miniFE.c 25 Ap 8.0515295582599933
miniFE.c 25 Ap -1.5805437744128723
miniFE.c 25 Ap -1.6570943226701720
miniFE.c 25 Ap -0.4498263247121539
miniFE.c 25 Ap -9.8486329337224152
miniFE.c 25 Ap -9.4813227905265336
miniFE.c 25 Ap -9.3327908376184876
miniFE.c 25 Ap -9.5232865501805009
miniFE.c 25 Ap -8.7420075345514974
miniFE.c 25 Ap -1.6205191796527925
miniFE.c 25 Ap -1.7608611754372860
miniFE.c 25 Ap 0.3489532149518213
miniFE.c 25 Ap -0.1781870587228249
miniFE.c 25 Ap 6.4869927236552369
miniFE.c 25 Ap 6.5471404143429917
miniFE.c 25 Ap 4.4883005909484979
miniFE.c 25 Ap 5.1170498914571727
miniFE.c 25 Ap -1.8501703467492661
miniFE.c 25 Ap -1.9740652244962142
miniFE.c 25 Ap 0.0575657936541558
miniFE.c 25 Ap -1.5355750615124868
miniFE.c 25 Ap -1.0860437314969480
miniFE.c 25 Ap -0.1955496629327894
miniFE.c 25 Ap -1.3108104604185806
miniFE.c 25 Ap -0.7438222154405640
miniFE.c 25 Ap -0.5757730487817997
miniFE.c 25 Ap -0.7220683040702309
miniFE.c 25 Ap 0.7790690218226450
miniFE.c 25 Ap 0.5922139913707923
miniFE.c 25 Ap 1.9993914594751052
miniFE.c 25 Ap 2.1013824340087499
miniFE.c 25 Ap -7.5181285263646149
miniFE.c 25 Ap -7.0755183024465058
miniFE.c 25 Ap -0.7383976571772716
miniFE.c 25 Ap -0.8276567843246438
miniFE.c 25 Ap 0.7236229497978761
miniFE.c 25 Ap 0.0451692951805505
miniFE.c 25 Ap 0.4256198879731253
miniFE.c 25 Ap 0.4715242332694080
miniFE.c 25 Ap 0.0796778168942514
miniFE.c 25 Ap 10.8153211835736123
miniFE.c 57 sum 0.7805504270559885
miniFE.c 57 sum 0.7925597295383811
miniFE.c 57 sum 1.8038140991581963
miniFE.c 57 sum 3.0601182262484530
miniFE.c 57 sum 3.5725192457297581
miniFE.c 57 sum 3.5625533010671484
miniFE.c 57 sum 4.5991797370752403
miniFE.c 57 sum 6.3889982867669390
miniFE.c 90 p_ap_dot 6.3889982867669390
miniFE.c 91 alpha 0.0167660589026767
miniFE.c 40 y 1.0000518340956264
miniFE.c 40 y 1.9998223219462405
miniFE.c 40 y 0.9999583714798640
miniFE.c 40 y 2.0000709438568109
miniFE.c 40 y 1.0000934083080673
miniFE.c 40 y 1.9999281232395449
miniFE.c 40 y 1.0000603909925734
miniFE.c 40 y 2.0000958596835434
miniFE.c 40 y -0.0024488137720222
miniFE.c 40 y 0.0095259712406400
miniFE.c 40 y 0.0018641295485498
miniFE.c 40 y -0.0039659444506311
miniFE.c 40 y -0.0053988106788150
miniFE.c 40 y 0.0042813175289850
miniFE.c 40 y -0.0028456726346386
miniFE.c 40 y -0.0054241434294953
miniFE.c 82 oldrtrans 0.1071183216050351
miniFE.c 48 sum 0.0000059966888900
miniFE.c 48 sum 0.0000967408169675
miniFE.c 48 sum 0.0001002157959413
miniFE.c 48 sum 0.0001159445113268
miniFE.c 48 sum 0.0001450916680725
miniFE.c 48 sum 0.0001634213478565
miniFE.c 48 sum 0.0001715192006000
miniFE.c 48 sum 0.0002009405325438
miniFE.c 83 rtrans 0.0002009405325438
miniFE.c 84 beta 0.0018758745425892
miniFE.c 40 y -0.0026649697878738
miniFE.c 40 y 0.0095018928276411
miniFE.c 40 y 0.0020997352572943
miniFE.c 40 y -0.0042355242834606
miniFE.c 40 y -0.0052109680647247
miniFE.c 40 y 0.0043064510373656
miniFE.c 40 y -0.0031205049590508
miniFE.c 40 y -0.0051137065043007
miniFE.c 87 normr 0.0141753494681353
miniFE.c 25 Ap -0.1788053750761562
miniFE.c 25 Ap -0.0354450919444793
miniFE.c 25 Ap -0.0158772118381436
miniFE.c 25 Ap -0.0739737383169881
miniFE.c 25 Ap -0.1472577187081185
miniFE.c 25 Ap -0.0781116182717619
miniFE.c 25 Ap -0.0937040076669087
miniFE.c 25 Ap -0.1264729611099776
miniFE.c 25 Ap -0.0402078649230358
miniFE.c 25 Ap 0.5910654930908983
miniFE.c 25 Ap 0.6212848199218207
miniFE.c 25 Ap 0.5960249283924191
miniFE.c 25 Ap 0.5390502358502641
miniFE.c 25 Ap 0.5806172467788926
miniFE.c 25 Ap 0.5450515723535578
miniFE.c 25 Ap 0.5094913584658880
miniFE.c 25 Ap -0.0248354210917611
miniFE.c 25 Ap 0.1119155354268652
miniFE.c 25 Ap 0.2540132082051757
miniFE.c 25 Ap 0.2133006075758027
miniFE.c 25 Ap 0.1257658280503051
miniFE.c 25 Ap 0.1954256450309091
miniFE.c 25 Ap 0.1581295569906319
miniFE.c 25 Ap 0.0949692986259078
miniFE.c 25 Ap -0.0365540314456735
miniFE.c 25 Ap 0.0201135090300979
miniFE.c 25 Ap 0.0402965317768811
miniFE.c 25 Ap -0.2367139991079672
miniFE.c 25 Ap -0.2558284135978007
miniFE.c 25 Ap -0.2080875711071801
miniFE.c 25 Ap -0.2121449546316015
miniFE.c 25 Ap -0.2362869062221874
miniFE.c 25 Ap -0.0374785627644827
miniFE.c 25 Ap 0.0664114276747426
miniFE.c 25 Ap 0.1016831584791192
miniFE.c 25 Ap 0.0861467810286660
miniFE.c 25 Ap -0.2607018191791733
miniFE.c 25 Ap -0.2413692690370745
miniFE.c 25 Ap -0.2852206642549289
miniFE.c 25 Ap -0.3046493636975658
miniFE.c 25 Ap -0.0427898209020174
miniFE.c 25 Ap 0.0489249761738669
miniFE.c 25 Ap 0.0828896427779304
miniFE.c 25 Ap 0.0359350864791573
miniFE.c 25 Ap 0.0125419721662186
miniFE.c 25 Ap 0.2987627902044270
miniFE.c 25 Ap 0.2750087606554473
miniFE.c 25 Ap 0.2574885118213349
miniFE.c 25 Ap -0.0133161931174981
miniFE.c 25 Ap 0.0949807752151871
miniFE.c 25 Ap 0.1200766850262537
miniFE.c 25 Ap 0.1145695165805968
miniFE.c 25 Ap 0.0413415540961622
miniFE.c 25 Ap 0.0741232886343869
miniFE.c 25 Ap -0.1307634500679601
miniFE.c 25 Ap -0.1444403495949831
miniFE.c 25 Ap -0.0170772942937921
miniFE.c 25 Ap 0.0489979372441271
miniFE.c 25 Ap 0.0749321243619633
miniFE.c 25 Ap 0.0549360956250658
miniFE.c 25 Ap 0.0351378666399707
miniFE.c 25 Ap 0.0498923492648752
miniFE.c 25 Ap 0.0415463808831113
miniFE.c 25 Ap -0.2901909079310566
miniFE.c 57 sum 0.0003370466203410
miniFE.c 57 sum 0.0051781789050932
miniFE.c 57 sum 0.0053775892897785
miniFE.c 57 sum 0.0063783882189464
miniFE.c 57 sum 0.0079659063241131
miniFE.c 57 sum 0.0090747679929558
miniFE.c 57 sum 0.0095254948201540
miniFE.c 57 sum 0.0110094459535300
miniFE.c 90 p_ap_dot 0.0110094459535300
miniFE.c 91 alpha 0.0182516480295119
miniFE.c 40 y 1.0000031940050489
miniFE.c 40 y 1.9999957471497447
miniFE.c 40 y 0.9999966951087352
miniFE.c 40 y 1.9999936385583688
miniFE.c 40 y 0.9999982995530569
miniFE.c 40 y 2.0000067230681351
miniFE.c 40 y 1.0000034366343864
miniFE.c 40 y 2.0000025261123007
miniFE.c 40 y -0.0001404738005927
miniFE.c 40 y 0.0002269142918427
miniFE.c 40 y 0.0001307833364201
miniFE.c 40 y 0.0003466809957185
miniFE.c 40 y 0.0001615422798077
miniFE.c 40 y -0.0004182721604208
miniFE.c 40 y -0.0002093982125713
miniFE.c 40 y -0.0001276811165732
