filename line variable value
miniFE.c 167 A 67.0947100000000063
miniFE.c 167 A 15.0875500000000002
miniFE.c 167 A 9.3192129999999995
miniFE.c 167 A 13.7164900000000003
miniFE.c 167 A 14.0634099999999993
miniFE.c 167 A 16.0564000000000000
miniFE.c 167 A 4.9967519999999999
miniFE.c 167 A 6.4080630000000003
miniFE.c 167 A 15.0875500000000002
miniFE.c 167 A 66.4365899999999954
miniFE.c 167 A 14.3919700000000006
miniFE.c 167 A 5.9638159999999996
miniFE.c 167 A 10.9336099999999998
miniFE.c 167 A 9.6522659999999991
miniFE.c 167 A 11.3974100000000007
miniFE.c 167 A 6.9539020000000002
miniFE.c 167 A 9.3192129999999995
miniFE.c 167 A 14.3919700000000006
miniFE.c 167 A 67.6740900000000067
miniFE.c 167 A 9.6121750000000006
miniFE.c 167 A 16.7981799999999986
miniFE.c 167 A 16.1756899999999995
miniFE.c 167 A 11.9519400000000005
miniFE.c 167 A 12.3511699999999998
miniFE.c 167 A 13.7164900000000003
miniFE.c 167 A 5.9638159999999996
miniFE.c 167 A 9.6121750000000006
miniFE.c 167 A 65.4017099999999942
miniFE.c 167 A 3.6681119999999998
miniFE.c 167 A 11.0858899999999991
miniFE.c 167 A 1.3002330000000000
miniFE.c 167 A 4.7210279999999996
miniFE.c 167 A 14.0634099999999993
miniFE.c 167 A 10.9336099999999998
miniFE.c 167 A 16.7981799999999986
miniFE.c 167 A 3.6681119999999998
miniFE.c 167 A 66.5612600000000043
miniFE.c 167 A 4.4892070000000004
miniFE.c 167 A 14.0526599999999995
miniFE.c 167 A 3.7993380000000001
miniFE.c 167 A 16.0564000000000000
miniFE.c 167 A 9.6522659999999991
miniFE.c 167 A 16.1756899999999995
miniFE.c 167 A 11.0858899999999991
miniFE.c 167 A 4.4892070000000004
miniFE.c 167 A 66.4632699999999943
miniFE.c 167 A 7.6122389999999998
miniFE.c 167 A 3.4261349999999999
miniFE.c 167 A 4.9967519999999999
miniFE.c 167 A 11.3974100000000007
miniFE.c 167 A 11.9519400000000005
miniFE.c 167 A 1.3002330000000000
miniFE.c 167 A 14.0526599999999995
miniFE.c 167 A 7.6122389999999998
miniFE.c 167 A 65.6581999999999937
miniFE.c 167 A 2.6745570000000001
miniFE.c 167 A 6.4080630000000003
miniFE.c 167 A 6.9539020000000002
miniFE.c 167 A 12.3511699999999998
miniFE.c 167 A 4.7210279999999996
miniFE.c 167 A 3.7993380000000001
miniFE.c 167 A 3.4261349999999999
miniFE.c 167 A 2.6745570000000001
miniFE.c 167 A 64.8721800000000002
miniFE.c 175 b 198.0110999999999990
miniFE.c 175 b 229.8237000000000023
miniFE.c 175 b 210.8053999999999917
miniFE.c 175 b 202.6418999999999926
miniFE.c 175 b 157.2561000000000035
miniFE.c 175 b 968895659350.4256591796875000
miniFE.c 175 b 142.6283999999999992
miniFE.c 175 b 185.1795999999999935
miniFE.c 33 r 0.0000000000000000
miniFE.c 33 r 0.0000000000000000
miniFE.c 33 r 0.0000000000000000
miniFE.c 33 r 0.0000000000000000
miniFE.c 33 r 0.0000000000000000
miniFE.c 33 r 0.0000000000000000
miniFE.c 33 r 0.0000000000000000
miniFE.c 33 r 0.0000000000000000
miniFE.c 25 Ap 0.0000000000000000
miniFE.c 25 Ap 0.0000000000000000
miniFE.c 25 Ap 0.0000000000000000
miniFE.c 25 Ap 0.0000000000000000
miniFE.c 25 Ap 0.0000000000000000
miniFE.c 25 Ap 0.0000000000000000
miniFE.c 25 Ap 0.0000000000000000
miniFE.c 25 Ap 0.0000000000000000
miniFE.c 25 Ap 0.0000000000000000
miniFE.c 25 Ap 0.0000000000000000
miniFE.c 25 Ap 0.0000000000000000
miniFE.c 25 Ap 0.0000000000000000
miniFE.c 25 Ap 0.0000000000000000
miniFE.c 25 Ap 0.0000000000000000
miniFE.c 25 Ap 0.0000000000000000
miniFE.c 25 Ap 0.0000000000000000
miniFE.c 25 Ap 0.0000000000000000
miniFE.c 25 Ap 0.0000000000000000
miniFE.c 25 Ap 0.0000000000000000
miniFE.c 25 Ap 0.0000000000000000
miniFE.c 25 Ap 0.0000000000000000
miniFE.c 25 Ap 0.0000000000000000
miniFE.c 25 Ap 0.0000000000000000
miniFE.c 25 Ap 0.0000000000000000
miniFE.c 25 Ap 0.0000000000000000
miniFE.c 25 Ap 0.0000000000000000
miniFE.c 25 Ap 0.0000000000000000
miniFE.c 25 Ap 0.0000000000000000
miniFE.c 25 Ap 0.0000000000000000
miniFE.c 25 Ap 0.0000000000000000
miniFE.c 25 Ap 0.0000000000000000
miniFE.c 25 Ap 0.0000000000000000
miniFE.c 25 Ap 0.0000000000000000
miniFE.c 25 Ap 0.0000000000000000
miniFE.c 25 Ap 0.0000000000000000
miniFE.c 25 Ap 0.0000000000000000
miniFE.c 25 Ap 0.0000000000000000
miniFE.c 25 Ap 0.0000000000000000
miniFE.c 25 Ap 0.0000000000000000
miniFE.c 25 Ap 0.0000000000000000
miniFE.c 25 Ap 0.0000000000000000
miniFE.c 25 Ap 0.0000000000000000
miniFE.c 25 Ap 0.0000000000000000
miniFE.c 25 Ap 0.0000000000000000
miniFE.c 25 Ap 0.0000000000000000
miniFE.c 25 Ap 0.0000000000000000
miniFE.c 25 Ap 0.0000000000000000
miniFE.c 25 Ap 0.0000000000000000
miniFE.c 25 Ap 0.0000000000000000
miniFE.c 25 Ap 0.0000000000000000
miniFE.c 25 Ap 0.0000000000000000
miniFE.c 25 Ap 0.0000000000000000
miniFE.c 25 Ap 0.0000000000000000
miniFE.c 25 Ap 0.0000000000000000
miniFE.c 25 Ap 0.0000000000000000
miniFE.c 25 Ap 0.0000000000000000
miniFE.c 25 Ap 0.0000000000000000
miniFE.c 25 Ap 0.0000000000000000
miniFE.c 25 Ap 0.0000000000000000
miniFE.c 25 Ap 0.0000000000000000
miniFE.c 25 Ap 0.0000000000000000
miniFE.c 25 Ap 0.0000000000000000
miniFE.c 25 Ap 0.0000000000000000
miniFE.c 25 Ap 0.0000000000000000
miniFE.c 33 r 198.0110999999999990
miniFE.c 33 r 229.8237000000000023
miniFE.c 33 r 210.8053999999999917
miniFE.c 33 r 202.6418999999999926
miniFE.c 33 r 157.2561000000000035
miniFE.c 33 r 968895659350.4256591796875000
miniFE.c 33 r 142.6283999999999992
miniFE.c 33 r 185.1795999999999935
miniFE.c 48 sum 39208.3957232100001420
miniFE.c 48 sum 92027.3288048999966122
miniFE.c 48 sum 136466.2454740600078367
miniFE.c 48 sum 177529.9851096700003836
miniFE.c 48 sum 202259.4660968800017145
miniFE.c 48 sum 938758798708096039387136.0000000000000000
miniFE.c 48 sum 938758798708096039387136.0000000000000000
miniFE.c 48 sum 938758798708096039387136.0000000000000000
miniFE.c 75 rtrans 938758798708096039387136.0000000000000000
miniFE.c 76 normr 968895659350.4256591796875000
miniFE.c 33 r 198.0110999999999990
miniFE.c 33 r 229.8237000000000023
miniFE.c 33 r 210.8053999999999917
miniFE.c 33 r 202.6418999999999926
miniFE.c 33 r 157.2561000000000035
miniFE.c 33 r 968895659350.4256591796875000
miniFE.c 33 r 142.6283999999999992
miniFE.c 33 r 185.1795999999999935
miniFE.c 87 normr 968895659350.4256591796875000
miniFE.c 25 Ap 13285.4973312810016068
miniFE.c 25 Ap 16752.9738962160008668
miniFE.c 25 Ap 18717.5143203662009910
miniFE.c 25 Ap 21497.0499152972006414
miniFE.c 25 Ap 23708.6069245981998392
miniFE.c 25 Ap 15556976288502.7812500000000000
miniFE.c 25 Ap 15556976289215.4609375000000000
miniFE.c 25 Ap 15556976290402.1035156250000000
miniFE.c 25 Ap 2987.5023718050001662
miniFE.c 25 Ap 18256.2053009880000900
miniFE.c 25 Ap 21290.1102936259994749
miniFE.c 25 Ap 22498.6292991164009436
miniFE.c 25 Ap 24218.0061666374022025
miniFE.c 25 Ap 9352038654513.7011718750000000
miniFE.c 25 Ap 9352038656139.2949218750000000
miniFE.c 25 Ap 9352038657427.0156250000000000
miniFE.c 25 Ap 1845.3076172643000064
miniFE.c 25 Ap 5152.9234129532997031
miniFE.c 25 Ap 19418.9870250392996240
miniFE.c 25 Ap 21366.8164301717988565
miniFE.c 25 Ap 24008.4327040697971825
miniFE.c 25 Ap 15672555852006.5195312500000000
miniFE.c 25 Ap 15672555853711.2050781250000000
miniFE.c 25 Ap 15672555855998.3906250000000000
miniFE.c 25 Ap 2716.0172730389999742
miniFE.c 25 Ap 4086.6435322781999275
miniFE.c 25 Ap 6112.9419280231995799
miniFE.c 25 Ap 19366.0687056721981207
miniFE.c 25 Ap 19942.9016931553996983
miniFE.c 25 Ap 10741070720979.1914062500000000
miniFE.c 25 Ap 10741070721164.6406250000000000
miniFE.c 25 Ap 10741070722038.8789062500000000
miniFE.c 25 Ap 2784.7112838509997346
miniFE.c 25 Ap 5297.5139884079999320
miniFE.c 25 Ap 8838.6610425799990480
miniFE.c 25 Ap 9581.9742276727993158
miniFE.c 25 Ap 20049.1383863587980159
miniFE.c 25 Ap 4349573196274.6850585937500000
miniFE.c 25 Ap 4349573198278.9936523437500000
miniFE.c 25 Ap 4349573198982.5537109375000000
miniFE.c 25 Ap 3179.3454260399998930
miniFE.c 25 Ap 5397.6649115441996400
miniFE.c 25 Ap 8807.5877122702004272
miniFE.c 25 Ap 11054.0535250612010714
miniFE.c 25 Ap 11760.0087099739012046
miniFE.c 25 Ap 64395973820995.3671875000000000
miniFE.c 25 Ap 64395973822081.0859375000000000
miniFE.c 25 Ap 64395973822715.5390625000000000
miniFE.c 25 Ap 989.4123599472000024
miniFE.c 25 Ap 3608.8072965641999872
miniFE.c 25 Ap 6128.3407890401995246
miniFE.c 25 Ap 6391.8224746028990921
miniFE.c 25 Ap 8601.6889808288997301
miniFE.c 25 Ap 7375465333639.7138671875000000
miniFE.c 25 Ap 7375465343004.4375000000000000
miniFE.c 25 Ap 7375465343499.7109375000000000
miniFE.c 25 Ap 1268.8676034993000030
miniFE.c 25 Ap 2867.0390905766998912
miniFE.c 25 Ap 5470.7324228946999938
miniFE.c 25 Ap 6427.4105067679001877
miniFE.c 25 Ap 7024.8795832297000743
miniFE.c 25 Ap 3319567336873.4497070312500000
miniFE.c 25 Ap 3319567337254.9174804687500000
miniFE.c 25 Ap 3319567349267.9218750000000000
miniFE.c 57 sum 3080453987936440.0000000000000000
miniFE.c 57 sum 5229774114729349.0000000000000000
miniFE.c 57 sum 8533633520975432.0000000000000000
miniFE.c 57 sum 10710224500123762.0000000000000000
miniFE.c 57 sum 11394221418060282.0000000000000000
miniFE.c 57 sum 62392979527866946747891712.0000000000000000
miniFE.c 57 sum 62392979528918895907831808.0000000000000000
miniFE.c 57 sum 62392979529533608807104512.0000000000000000
miniFE.c 90 p_ap_dot 62392979529533608807104512.0000000000000000
miniFE.c 91 alpha 0.0150459042954302
miniFE.c 40 y 2.9792560600328515
miniFE.c 40 y 3.4579053950216534
miniFE.c 40 y 3.1717578733598737
miniFE.c 40 y 3.0489306336441295
miniFE.c 40 y 2.3660602304725953
miniFE.c 40 y 14577911362.8442096710205078
miniFE.c 40 y 2.1459732562103313
miniFE.c 40 y 2.7861945390660394
miniFE.c 40 y -234068776193.6551208496093750
miniFE.c 40 y -140709878376.9863891601562500
miniFE.c 40 y -235807775263.3299560546875000
miniFE.c 40 y -161609121911.6020202636718750
miniFE.c 40 y -65443261920.6034164428710938
miniFE.c 40 y 202.8215332031250000
miniFE.c 40 y -110970545549.9302062988281250
miniFE.c 40 y -49945892454.1403427124023438
miniFE.c 82 oldrtrans 938758798708096039387136.0000000000000000
miniFE.c 48 sum 54788191988795412840448.0000000000000000
miniFE.c 48 sum 74587461861661715988480.0000000000000000
miniFE.c 48 sum 130192768736302840414208.0000000000000000
miniFE.c 48 sum 156310277021341870718976.0000000000000000
miniFE.c 48 sum 160593097552150562603008.0000000000000000
miniFE.c 48 sum 160593097552150562603008.0000000000000000
miniFE.c 48 sum 172907559531799692443648.0000000000000000
miniFE.c 48 sum 175402151704840246394880.0000000000000000
miniFE.c 83 rtrans 175402151704840246394880.0000000000000000
miniFE.c 84 beta 0.1868447485618518
miniFE.c 40 y -234068776156.6577758789062500
miniFE.c 40 y -140709878334.0450439453125000
miniFE.c 40 y -235807775223.9420776367187500
miniFE.c 40 y -161609121873.7394409179687500
miniFE.c 40 y -65443261891.2209396362304688
miniFE.c 40 y 181033066056.8214111328125000
miniFE.c 40 y -110970545523.2808380126953125
miniFE.c 40 y -49945892419.5405044555664062
miniFE.c 87 normr 418810400664.5969848632812500
miniFE.c 25 Ap -15704776656285.8691406250000000
miniFE.c 25 Ap -17827743981144.6914062500000000
miniFE.c 25 Ap -20025286865512.7304687500000000
miniFE.c 25 Ap -22241996769602.6601562500000000
miniFE.c 25 Ap -23162352193316.2773437500000000
miniFE.c 25 Ap -20255612871481.5312500000000000
miniFE.c 25 Ap -20810105166766.0742187500000000
miniFE.c 25 Ap -21130161591981.7109375000000000
miniFE.c 25 Ap -3531524363702.3823242187500000
miniFE.c 25 Ap -12879808859531.2148437500000000
miniFE.c 25 Ap -16273547286320.9335937500000000
miniFE.c 25 Ap -17237354353097.4902343750000000
miniFE.c 25 Ap -17952885455743.9609375000000000
miniFE.c 25 Ap -16205506147367.9492187500000000
miniFE.c 25 Ap -17470282952620.4453125000000000
miniFE.c 25 Ap -17817601793808.4726562500000000
miniFE.c 25 Ap -2181336781653.2150878906250000
miniFE.c 25 Ap -4206429129340.4414062500000000
miniFE.c 25 Ap -20164505732545.2695312500000000
miniFE.c 25 Ap -21717920893591.9804687500000000
miniFE.c 25 Ap -22817248586627.8515625000000000
miniFE.c 25 Ap -19888913830343.1875000000000000
miniFE.c 25 Ap -21215227132204.7070312500000000
miniFE.c 25 Ap -21832117340280.1640625000000000
miniFE.c 25 Ap -3210602027465.0346679687500000
miniFE.c 25 Ap -4049769851231.6660156250000000
miniFE.c 25 Ap -6316395453044.8613281250000000
miniFE.c 25 Ap -16885908375185.8242187500000000
miniFE.c 25 Ap -17125961589448.1542968750000000
miniFE.c 25 Ap -15119048932779.4980468750000000
miniFE.c 25 Ap -15263336498096.8691406250000000
miniFE.c 25 Ap -15499132454694.5078125000000000
miniFE.c 25 Ap -3291805167289.3022460937500000
miniFE.c 25 Ap -4830272100141.2001953125000000
miniFE.c 25 Ap -8791413553752.5195312500000000
miniFE.c 25 Ap -9384213913007.0449218750000000
miniFE.c 25 Ap -13740199882996.6933593750000000
miniFE.c 25 Ap -12927504975622.9492187500000000
miniFE.c 25 Ap -14486936321876.1367187500000000
miniFE.c 25 Ap -14676697648889.6093750000000000
miniFE.c 25 Ap -3758301897481.7597656250000000
miniFE.c 25 Ap -5116471071989.5996093750000000
miniFE.c 25 Ap -8930824543601.7675781250000000
miniFE.c 25 Ap -10722405491690.6367187500000000
miniFE.c 25 Ap -11016193841075.5390625000000000
miniFE.c 25 Ap 1015855707186.8164062500000000
miniFE.c 25 Ap 171121392703.2226562500000000
miniFE.c 25 Ap 22578.4002685546875000
miniFE.c 25 Ap -1169583625398.3320312500000000
miniFE.c 25 Ap -2773311799821.5605468750000000
miniFE.c 25 Ap -5591672180831.6035156250000000
miniFE.c 25 Ap -5801801694192.8613281250000000
miniFE.c 25 Ap -6721453602841.1464843750000000
miniFE.c 25 Ap -5343386637113.8339843750000000
miniFE.c 25 Ap -12629512909190.5117187500000000
miniFE.c 25 Ap -12763096045382.4414062500000000
miniFE.c 25 Ap -1499927463944.7609863281250000
miniFE.c 25 Ap -2478410168311.6337890625000000
miniFE.c 25 Ap -5390912087424.3300781250000000
miniFE.c 25 Ap -6153873276845.6660156250000000
miniFE.c 25 Ap -6402514348592.9335937500000000
miniFE.c 25 Ap -5782270624818.3457031250000000
miniFE.c 25 Ap -6079067674141.4550781250000000
miniFE.c 25 Ap -9319166597442.5214843750000000
miniFE.c 57 sum 4945911063827574526312448.0000000000000000
miniFE.c 57 sum 7453023644438827991302144.0000000000000000
miniFE.c 57 sum 12601206662878342330449920.0000000000000000
miniFE.c 57 sum 15106007848686297076989952.0000000000000000
miniFE.c 57 sum 16066498816620846943043584.0000000000000000
miniFE.c 57 sum 16066498820708283566784512.0000000000000000
miniFE.c 57 sum 17482826551430400381550592.0000000000000000
miniFE.c 57 sum 17948280643746039888609280.0000000000000000
miniFE.c 90 p_ap_dot 17948280643746039888609280.0000000000000000
miniFE.c 91 alpha 0.0097726436969860
miniFE.c 40 y -2287470746.9893283843994141
miniFE.c 40 y -1375107502.1469643115997314
miniFE.c 40 y -2304465365.0707869529724121
miniFE.c 40 y -1579348363.2059085369110107
miniFE.c 40 y -639553678.4653829336166382
miniFE.c 40 y 16347083014.7904529571533203
miniFE.c 40 y -1084475600.1132133007049561
miniFE.c 40 y -488103407.9579678773880005
miniFE.c 40 y -27571235695.4797668457031250
miniFE.c 40 y 33415195488.6820983886718750
miniFE.c 40 y -22450271345.9826354980468750
miniFE.c 40 y -10141622819.4808654785156250
miniFE.c 40 y 77986874850.3865966796875000
miniFE.c 40 y -17.8291278693925790
miniFE.c 40 y 13758644572.0032196044921875
miniFE.c 40 y 41127002255.5186233520507812
miniFE.c 82 oldrtrans 175402151704840246394880.0000000000000000
miniFE.c 48 sum 760173037775697608704.0000000000000000
miniFE.c 48 sum 1876748327322537951232.0000000000000000
miniFE.c 48 sum 2380763010830787149824.0000000000000000
miniFE.c 48 sum 2483615524243402391552.0000000000000000
miniFE.c 48 sum 8565568173173263826944.0000000000000000
miniFE.c 48 sum 8565568173173263826944.0000000000000000
miniFE.c 48 sum 8754868473631976980480.0000000000000000
miniFE.c 48 sum 10446298788157410246656.0000000000000000
miniFE.c 83 rtrans 10446298788157410246656.0000000000000000
miniFE.c 84 beta 0.0595562750321104
miniFE.c 40 y -41511500104.6951522827148438
miniFE.c 40 y 25035039274.8849258422851562
miniFE.c 40 y -36494104061.9297866821289062
miniFE.c 40 y -19766460129.4911346435546875
miniFE.c 40 y 74089317946.1946105957031250
miniFE.c 40 y 10781655054.1571292877197266
miniFE.c 40 y 7149652242.3553838729858398
miniFE.c 40 y 38152410949.8562698364257812
miniFE.c 87 normr 102207136679.1840515136718750
miniFE.c 25 Ap -2785202061189.4912109375000000
miniFE.c 25 Ap -2407484654377.7011718750000000
miniFE.c 25 Ap -2747580983374.9902343750000000
miniFE.c 25 Ap -3018707436076.5541992187500000
miniFE.c 25 Ap -1976758981178.8613281250000000
miniFE.c 25 Ap -1803644414967.2927246093750000
miniFE.c 25 Ap -1767919375825.9990234375000000
miniFE.c 25 Ap -1523436322857.4301757812500000
miniFE.c 25 Ap -626306833404.5933837890625000
miniFE.c 25 Ap 1036935806534.8336181640625000
miniFE.c 25 Ap 511713755698.6619873046875000
miniFE.c 25 Ap 393830224515.0407104492187500
miniFE.c 25 Ap 1203893932104.7336425781250000
miniFE.c 25 Ap 1307961334607.7026367187500000
miniFE.c 25 Ap 1389448852571.2463378906250000
miniFE.c 25 Ap 1654756979380.2736816406250000
miniFE.c 25 Ap -386854511425.1763916015625000
miniFE.c 25 Ap -26550977232.2107543945312500
miniFE.c 25 Ap -2496256259988.6132812500000000
miniFE.c 25 Ap -2686254933883.8046875000000000
miniFE.c 25 Ap -1441689234946.3974609375000000
miniFE.c 25 Ap -1267288525103.4184570312500000
miniFE.c 25 Ap -1181836310481.9213867187500000
miniFE.c 25 Ap -710609396930.3851318359375000
miniFE.c 25 Ap -569392076071.0500488281250000
miniFE.c 25 Ap -420087708282.8629150390625000
miniFE.c 25 Ap -770875422994.3428955078125000
miniFE.c 25 Ap -2063635716109.8842773437500000
miniFE.c 25 Ap -1791867799879.6325683593750000
miniFE.c 25 Ap -1672343557931.3024902343750000
miniFE.c 25 Ap -1663047344147.2680664062500000
miniFE.c 25 Ap -1482928743785.4899902343750000
miniFE.c 25 Ap -583793245687.3708496093750000
miniFE.c 25 Ap -310069889921.0963134765625000
miniFE.c 25 Ap -923104418892.1240234375000000
miniFE.c 25 Ap -995610008490.6319580078125000
miniFE.c 25 Ap 3935868346548.6943359375000000
miniFE.c 25 Ap 3984269427889.4018554687500000
miniFE.c 25 Ap 4084741059969.4594726562500000
miniFE.c 25 Ap 4229694964682.8642578125000000
miniFE.c 25 Ap -666525250281.0272216796875000
miniFE.c 25 Ap -424880391879.3908081054687500
miniFE.c 25 Ap -1015197706012.9077148437500000
miniFE.c 25 Ap -1234326508697.8322753906250000
miniFE.c 25 Ap -901724223948.5498046875000000
miniFE.c 25 Ap -185140173037.2399902343750000
miniFE.c 25 Ap -130715311401.5448913574218750
miniFE.c 25 Ap -911.8590850830078125
miniFE.c 25 Ap -207422671171.1357116699218750
miniFE.c 25 Ap 77911935810.8305358886718750
miniFE.c 25 Ap -358263406291.1105957031250000
miniFE.c 25 Ap -383964410044.6592407226562500
miniFE.c 25 Ap 657187584685.1118164062500000
miniFE.c 25 Ap 739260119772.9138183593750000
miniFE.c 25 Ap 1208693416631.9321289062500000
miniFE.c 25 Ap 1310734214404.7468261718750000
miniFE.c 25 Ap -266008307895.3931579589843750
miniFE.c 25 Ap -91917098211.6923217773437500
miniFE.c 25 Ap -542661981478.2776489257812500
miniFE.c 25 Ap -635979993210.4888916015625000
miniFE.c 25 Ap -354489632143.4297485351562500
miniFE.c 25 Ap -317550226404.4551391601562500
miniFE.c 25 Ap -298428073952.0978393554687500
miniFE.c 25 Ap 2176601996620.9489746093750000
miniFE.c 57 sum 63240127075792606724096.0000000000000000
miniFE.c 57 sum 104667033044967701348352.0000000000000000
miniFE.c 57 sum 130600086323930354155520.0000000000000000
miniFE.c 57 sum 159912338212842612195328.0000000000000000
miniFE.c 57 sum 473287553266649697091584.0000000000000000
miniFE.c 57 sum 473287553256818315624448.0000000000000000
miniFE.c 57 sum 482658847071969138966528.0000000000000000
miniFE.c 57 sum 565701460921329261740032.0000000000000000
miniFE.c 90 p_ap_dot 565701460921329261740032.0000000000000000
miniFE.c 91 alpha 0.0184660983041197
miniFE.c 40 y -3054026188.6741056442260742
miniFE.c 40 y -912808005.8494410514831543
miniFE.c 40 y -2978369078.1991572380065918
miniFE.c 40 y -1944357759.0815548896789551
miniFE.c 40 y 728586950.0142284631729126
miniFE.c 40 y 16546178116.9016284942626953
miniFE.c 40 y -952449418.9656087160110474
miniFE.c 40 y 216422763.1812518835067749
miniFE.c 40 y 560689202.4722175598144531
miniFE.c 40 y 2858290438.0177459716796875
miniFE.c 40 y -9328088366.4349098205566406
miniFE.c 40 y 17242285141.2667655944824219
miniFE.c 40 y -119088163.8873901367187500
miniFE.c 40 y -0.9906483647450841
miniFE.c 40 y -10445502281.7679786682128906
miniFE.c 40 y 933655816.9729080200195312
miniFE.c 82 oldrtrans 10446298788157410246656.0000000000000000
miniFE.c 48 sum 314372381768931392.0000000000000000
miniFE.c 48 sum 8484196609832609792.0000000000000000
miniFE.c 48 sum 95497429181850927104.0000000000000000
miniFE.c 48 sum 392793826074599620608.0000000000000000
miniFE.c 48 sum 392808008065377697792.0000000000000000
miniFE.c 48 sum 392808008065377697792.0000000000000000
miniFE.c 48 sum 501916525983797739520.0000000000000000
miniFE.c 48 sum 502788239168365068288.0000000000000000
miniFE.c 83 rtrans 502788239168365068288.0000000000000000
miniFE.c 84 beta 0.0481307541900255
miniFE.c 40 y -1437290605.1260805130004883
miniFE.c 40 y 4063245759.4948654174804688
miniFE.c 40 y -11084577118.4248619079589844
miniFE.c 40 y 16290910507.5672893524169922
miniFE.c 40 y 3446886586.2875437736511230
miniFE.c 40 y 518929188.1826339364051819
miniFE.c 40 y -10101384127.1470069885253906
miniFE.c 40 y 2769960130.1572756767272949
miniFE.c 87 normr 22422940020.6209602355957031
miniFE.c 25 Ap -96434596336.6588897705078125
miniFE.c 25 Ap -35130172777.9921340942382812
miniFE.c 25 Ap -138429707959.5196533203125000
miniFE.c 25 Ap 85024403108.4219970703125000
miniFE.c 25 Ap 133499382394.8840942382812500
miniFE.c 25 Ap 141831517012.0197448730468750
miniFE.c 25 Ap 91357405671.9296875000000000
miniFE.c 25 Ap 109107484693.4657135009765625
miniFE.c 25 Ap -21685193869.3699951171875000
miniFE.c 25 Ap 248262998723.4289550781250000
miniFE.c 25 Ap 88734097372.3718872070312500
miniFE.c 25 Ap 185890090111.9697875976562500
miniFE.c 25 Ap 223577003760.6691284179687500
miniFE.c 25 Ap 228585846320.1719665527343750
miniFE.c 25 Ap 113456229855.5853881835937500
miniFE.c 25 Ap 132718261144.6063232421875000
miniFE.c 25 Ap -13394417292.0688362121582031
miniFE.c 25 Ap 45083693781.2084808349609375
miniFE.c 25 Ap -705054975743.0163574218750000
miniFE.c 25 Ap -548463893034.9407348632812500
miniFE.c 25 Ap -490562471718.8970336914062500
miniFE.c 25 Ap -482168434038.9030761718750000
miniFE.c 25 Ap -602899571043.5164794921875000
miniFE.c 25 Ap -568687322582.7218017578125000
miniFE.c 25 Ap -19714582212.3058319091796875
miniFE.c 25 Ap 4517867860.1017951965332031
miniFE.c 25 Ap -102029027203.1937103271484375
miniFE.c 25 Ap 963424377448.6748046875000000
miniFE.c 25 Ap 976067943498.4752197265625000
miniFE.c 25 Ap 981820735396.4571533203125000
miniFE.c 25 Ap 968686582408.6644287109375000
miniFE.c 25 Ap 981763641742.0206298828125000
miniFE.c 25 Ap -20213207069.0361709594726562
miniFE.c 25 Ap 24212737399.4344863891601562
miniFE.c 25 Ap -161987984259.7476501464843750
miniFE.c 25 Ap -102231099936.0139770507812500
miniFE.c 25 Ap 127198014324.3836669921875000
miniFE.c 25 Ap 129527594868.4774627685546875
miniFE.c 25 Ap -12423721799.7162017822265625
miniFE.c 25 Ap -1899707018.7247180938720703
miniFE.c 25 Ap -23077712872.1464004516601562
miniFE.c 25 Ap 16141816021.8700637817382812
miniFE.c 25 Ap -163158867226.8638000488281250
miniFE.c 25 Ap 17440374659.8713378906250000
miniFE.c 25 Ap 32914162051.2394866943359375
miniFE.c 25 Ap 67403892796.3026885986328125
miniFE.c 25 Ap -9490257410.3467102050781250
miniFE.c 25 Ap -59.8103122711181641
miniFE.c 25 Ap -7181784705.7449531555175781
miniFE.c 25 Ap 39128693145.9794311523437500
miniFE.c 25 Ap -93353507498.8074188232421875
miniFE.c 25 Ap -72171528056.8216857910156250
miniFE.c 25 Ap -23733602801.1621704101562500
miniFE.c 25 Ap -19783389796.6399841308593750
miniFE.c 25 Ap -683022089093.6835937500000000
miniFE.c 25 Ap -675613672837.8505859375000000
miniFE.c 25 Ap -9210248746.9560470581054688
miniFE.c 25 Ap 19045164066.4868164062500000
miniFE.c 25 Ap -117862332301.2887878417968750
miniFE.c 25 Ap -40952487649.5694122314453125
miniFE.c 25 Ap -27856600460.5968704223632812
miniFE.c 25 Ap -26078679006.4427604675292969
miniFE.c 25 Ap -53095406633.3926773071289062
miniFE.c 25 Ap 126597945522.9935607910156250
miniFE.c 57 sum -156819162698855907328.0000000000000000
miniFE.c 57 sum 382447749104497852416.0000000000000000
miniFE.c 57 sum 6686106232543233703936.0000000000000000
miniFE.c 57 sum 22679929859745844822016.0000000000000000
miniFE.c 57 sum 22673381785105126653952.0000000000000000
miniFE.c 57 sum 22673381785074088804352.0000000000000000
miniFE.c 57 sum 29498015015961842679808.0000000000000000
miniFE.c 57 sum 29848686277620356087808.0000000000000000
miniFE.c 90 p_ap_dot 29848686277620356087808.0000000000000000
miniFE.c 91 alpha 0.0168445684507509
miniFE.c 40 y -3078236728.6557731628417969
miniFE.c 40 y -844364384.5214065313339233
miniFE.c 40 y -3165083996.2180919647216797
miniFE.c 40 y -1669944401.9117805957794189
miniFE.c 40 y 786648267.0589240789413452
miniFE.c 40 y 16554919255.1330642700195312
miniFE.c 40 y -1122602875.3426651954650879
miniFE.c 40 y 263081546.1995369791984558
miniFE.c 40 y -1277179291.9361212253570557
miniFE.c 40 y 622708603.5027918815612793
miniFE.c 40 y 251204165.8840026855468750
miniFE.c 40 y 704900275.4848194122314453
miniFE.c 40 y -87088418.9741097092628479
miniFE.c 40 y 0.0168305343665520
miniFE.c 40 y 934918476.6124172210693359
miniFE.c 40 y -1198831942.1135900020599365
miniFE.c 82 oldrtrans 502788239168365068288.0000000000000000
miniFE.c 48 sum 1631186943750451968.0000000000000000
miniFE.c 48 sum 2018952948626849280.0000000000000000
miniFE.c 48 sum 2082056481584326912.0000000000000000
miniFE.c 48 sum 2578940879962900992.0000000000000000
miniFE.c 48 sum 2586525272682311168.0000000000000000
miniFE.c 48 sum 2586525272682311168.0000000000000000
miniFE.c 48 sum 3460597830593594368.0000000000000000
miniFE.c 48 sum 4897795856025436160.0000000000000000
miniFE.c 83 rtrans 4897795856025436160.0000000000000000
miniFE.c 84 beta 0.0097412697324158
miniFE.c 40 y -1291180327.4045214653015137
miniFE.c 40 y 662289776.4351260662078857
miniFE.c 40 y 143226310.3036617040634155
miniFE.c 40 y 863594428.9256793260574341
miniFE.c 40 y -53511367.0000367984175682
miniFE.c 40 y 5055029.2109411349520087
miniFE.c 40 y 836518169.1591346263885498
miniFE.c 40 y -1171849013.3376903533935547
miniFE.c 87 normr 2213096440.7421193122863770
miniFE.c 25 Ap -86631369624.9114227294921875
miniFE.c 25 Ap -76639039508.4576416015625000
miniFE.c 25 Ap -75304283015.5337219238281250
miniFE.c 25 Ap -63458798667.1189270019531250
miniFE.c 25 Ap -64211350960.9009170532226562
miniFE.c 25 Ap -64130185389.8783645629882812
miniFE.c 25 Ap -59950311555.0961227416992188
miniFE.c 25 Ap -67459593859.0518798828125000
miniFE.c 25 Ap -19480747748.7320899963378906
miniFE.c 25 Ap 24519526589.4800376892089844
miniFE.c 25 Ap 26580835350.5810279846191406
miniFE.c 25 Ap 31731153623.3188552856445312
miniFE.c 25 Ap 31146081205.9735832214355469
miniFE.c 25 Ap 31194873692.5553588867187500
miniFE.c 25 Ap 40729014238.9113693237304688
miniFE.c 25 Ap 32580091041.3643760681152344
miniFE.c 25 Ap -12032784492.4924716949462891
miniFE.c 25 Ap -2501129898.7314300537109375
miniFE.c 25 Ap 7191580315.1265010833740234
miniFE.c 25 Ap 15492601094.9851932525634766
miniFE.c 25 Ap 14593707520.0725154876708984
miniFE.c 25 Ap 14675476105.5296440124511719
miniFE.c 25 Ap 24673491072.2294692993164062
miniFE.c 25 Ap 10199784694.1633892059326172
miniFE.c 25 Ap -17710462049.0408439636230469
miniFE.c 25 Ap -13760687683.7006168365478516
miniFE.c 25 Ap -12383971324.4575176239013672
miniFE.c 25 Ap 44096581073.7553634643554688
miniFE.c 25 Ap 43900295386.3261260986328125
miniFE.c 25 Ap 43956334884.1054077148437500
miniFE.c 25 Ap 45044003412.7456970214843750
miniFE.c 25 Ap 39511671409.0060882568359375
miniFE.c 25 Ap -18158398328.2240219116210938
miniFE.c 25 Ap -10917180205.6951637268066406
miniFE.c 25 Ap -8511238864.4783992767333984
miniFE.c 25 Ap -5343477776.6029682159423828
miniFE.c 25 Ap -8905261788.4478378295898438
miniFE.c 25 Ap -8882568715.9288768768310547
miniFE.c 25 Ap 2872736699.0869274139404297
miniFE.c 25 Ap -1579513787.5494661331176758
miniFE.c 25 Ap -20731707808.9379577636718750
miniFE.c 25 Ap -14339110717.7055892944335938
miniFE.c 25 Ap -12022326322.3897514343261719
miniFE.c 25 Ap -2448613478.7068538665771484
miniFE.c 25 Ap -2688837082.0229883193969727
miniFE.c 25 Ap -2352863310.7183208465576172
miniFE.c 25 Ap 4014912920.7634410858154297
miniFE.c 25 Ap 1.4517135620117188
miniFE.c 25 Ap -6451707883.3191976547241211
miniFE.c 25 Ap 1096680237.5202732086181641
miniFE.c 25 Ap 2808512504.6910200119018555
miniFE.c 25 Ap 3931386479.7963428497314453
miniFE.c 25 Ap 3179409433.2096056938171387
miniFE.c 25 Ap 3217889523.7152709960937500
miniFE.c 25 Ap 58142166777.9995574951171875
miniFE.c 25 Ap 55007989796.4341430664062500
miniFE.c 25 Ap -8273964882.3688001632690430
miniFE.c 25 Ap -3668466681.4370241165161133
miniFE.c 25 Ap -1899454174.4037468433380127
miniFE.c 25 Ap 2177599305.1983947753906250
miniFE.c 25 Ap 1974291535.1232089996337891
miniFE.c 25 Ap 1991610747.6288368701934814
miniFE.c 25 Ap 4228926272.5805845260620117
miniFE.c 25 Ap -71791473853.4844665527343750
miniFE.c 57 sum 87102500485506646016.0000000000000000
miniFE.c 57 sum 108679961697527906304.0000000000000000
miniFE.c 57 sum 110140839225164693504.0000000000000000
miniFE.c 57 sum 144262898531524395008.0000000000000000
miniFE.c 57 sum 144347420473491570688.0000000000000000
miniFE.c 57 sum 144347420473498910720.0000000000000000
miniFE.c 57 sum 190362603387136376832.0000000000000000
miniFE.c 57 sum 274491371188400750592.0000000000000000
miniFE.c 90 p_ap_dot 274491371188400750592.0000000000000000
miniFE.c 91 alpha 0.0178431687481490
miniFE.c 40 y -3101275477.1219425201416016
miniFE.c 40 y -832547036.2803007364273071
miniFE.c 40 y -3162528384.9941687583923340
miniFE.c 40 y -1654535140.7864983081817627
miniFE.c 40 y 785693454.7075983285903931
miniFE.c 40 y 16555009452.8723011016845703
miniFE.c 40 y -1107676740.4894661903381348
miniFE.c 40 y 242172046.5072006583213806
miniFE.c 40 y -73486375.0274631977081299
miniFE.c 40 y 41376541.2216701507568359
miniFE.c 40 y 69207686.3912580907344818
miniFE.c 40 y -113144.9874900579452515
miniFE.c 40 y -58904887.9228366315364838
miniFE.c 40 y -0.0090726356943995
miniFE.c 40 y -46598367.8218150138854980
miniFE.c 40 y 82155440.5324594974517822
miniFE.c 82 oldrtrans 4897795856025436160.0000000000000000
miniFE.c 48 sum 5400247314676967.0000000000000000
miniFE.c 48 sum 7112265478145536.0000000000000000
miniFE.c 48 sum 11901969333776266.0000000000000000
miniFE.c 48 sum 11901982135564460.0000000000000000
miniFE.c 48 sum 15371767956766404.0000000000000000
miniFE.c 48 sum 15371767956766404.0000000000000000
miniFE.c 48 sum 17543175840423568.0000000000000000
miniFE.c 48 sum 24292692249506056.0000000000000000
miniFE.c 83 rtrans 24292692249506056.0000000000000000
miniFE.c 84 beta 0.0049599233948512
miniFE.c 40 y -79890530.5403285771608353
miniFE.c 40 y 44661447.7779815346002579
miniFE.c 40 y 69918077.9184914529323578
miniFE.c 40 y 4170217.2242016224190593
miniFE.c 40 y -59170300.2039105817675591
miniFE.c 40 y 25072.5485723676829366
miniFE.c 40 y -42449301.7843844890594482
miniFE.c 40 y 76343159.1959725320339203
miniFE.c 87 normr 155861131.2980438172817230
miniFE.c 25 Ap -5360231978.3494901657104492
miniFE.c 25 Ap -4686400151.9268045425415039
miniFE.c 25 Ap -4034818691.2537860870361328
miniFE.c 25 Ap -3977617948.4001965522766113
miniFE.c 25 Ap -4809754139.9908742904663086
miniFE.c 25 Ap -4809351565.1219768524169922
miniFE.c 25 Ap -5021460198.7117033004760742
miniFE.c 25 Ap -4532248424.9648818969726562
miniFE.c 25 Ap -1205352374.0537345409393311
miniFE.c 25 Ap 1761801920.7784354686737061
miniFE.c 25 Ap 2768060800.6390271186828613
miniFE.c 25 Ap 2792931208.8441963195800781
miniFE.c 25 Ap 2145986222.8317174911499023
miniFE.c 25 Ap 2146228229.7398359775543213
miniFE.c 25 Ap 1662416133.0894742012023926
miniFE.c 25 Ap 2193298980.5086660385131836
miniFE.c 25 Ap -744516870.7883270978927612
miniFE.c 25 Ap -101750654.2110501527786255
miniFE.c 25 Ap 4629891643.4719533920288086
miniFE.c 25 Ap 4669976501.2189931869506836
miniFE.c 25 Ap 3676023147.7396664619445801
miniFE.c 25 Ap 3676428713.5128831863403320
miniFE.c 25 Ap 3169077205.5440268516540527
miniFE.c 25 Ap 4112004543.1105470657348633
miniFE.c 25 Ap -1095817663.2511115074157715
miniFE.c 25 Ap -829465006.4096207618713379
miniFE.c 25 Ap -157400205.7934451103210449
miniFE.c 25 Ap 115339131.7407943606376648
miniFE.c 25 Ap -101704156.4807724952697754
miniFE.c 25 Ap -101426204.9652795642614365
miniFE.c 25 Ap -156620187.9722951650619507
miniFE.c 25 Ap 203798004.2003486156463623
miniFE.c 25 Ap -1123533286.1061623096466064
miniFE.c 25 Ap -635222434.0663456916809082
miniFE.c 25 Ap 539274024.0624990463256836
miniFE.c 25 Ap 554570847.9051997661590576
miniFE.c 25 Ap -3383878888.2453460693359375
miniFE.c 25 Ap -3383766332.3847870826721191
miniFE.c 25 Ap -3980291937.5981354713439941
miniFE.c 25 Ap -3690238471.8248276710510254
miniFE.c 25 Ap -1282754314.5677318572998047
miniFE.c 25 Ap -851670140.6695451736450195
miniFE.c 25 Ap 279303013.1358177661895752
miniFE.c 25 Ap 325533582.5594222545623779
miniFE.c 25 Ap 59905856.6919254064559937
miniFE.c 25 Ap 61572260.2572787925601006
miniFE.c 25 Ap -261561970.3085823655128479
miniFE.c 25 Ap -0.5766890048980713
miniFE.c 25 Ap -399193168.2584478855133057
miniFE.c 25 Ap 109831663.2607966661453247
miniFE.c 25 Ap 945488335.4579313993453979
miniFE.c 25 Ap 950910589.5100067853927612
miniFE.c 25 Ap 119410478.6465207338333130
miniFE.c 25 Ap 119601336.8785926997661591
miniFE.c 25 Ap -2667543409.5408806800842285
miniFE.c 25 Ap -2463359278.7111778259277344
miniFE.c 25 Ap -511943552.8058496117591858
miniFE.c 25 Ap -201372221.7796482443809509
miniFE.c 25 Ap 662197844.6648857593536377
miniFE.c 25 Ap 681885556.9464238882064819
miniFE.c 25 Ap 457077586.9102986454963684
miniFE.c 25 Ap 457163488.8465016484260559
miniFE.c 25 Ap 343630411.6139636039733887
miniFE.c 25 Ap 5296177576.7437496185302734
miniFE.c 57 sum 362083731211012992.0000000000000000
miniFE.c 57 sum 460039639090500928.0000000000000000
miniFE.c 57 sum 747543093136894976.0000000000000000
miniFE.c 57 sum 748392975084269184.0000000000000000
miniFE.c 57 sum 966745493286164480.0000000000000000
miniFE.c 57 sum 966745493286150016.0000000000000000
miniFE.c 57 sum 1071313374711524480.0000000000000000
miniFE.c 57 sum 1475640302583012608.0000000000000000
miniFE.c 90 p_ap_dot 1475640302583012608.0000000000000000
miniFE.c 91 alpha 0.0164624754467490
miniFE.c 40 y -3102590673.0193905830383301
miniFE.c 40 y -831811798.2928394079208374
miniFE.c 40 y -3161377360.3531517982482910
miniFE.c 40 y -1654466488.6878373622894287
miniFE.c 40 y 784719365.0933146476745605
miniFE.c 40 y 16555009865.6285171508789062
miniFE.c 40 y -1108375561.0778231620788574
miniFE.c 40 y 243428843.8909915983676910
miniFE.c 40 y 1125653.3870878368616104
miniFE.c 40 y 5269410.6076667010784149
miniFE.c 40 y 1513912.5633805096149445
miniFE.c 40 y -3468164.6277347393333912
miniFE.c 40 y 1845572.3122280165553093
miniFE.c 40 y 0.0004210928891451
miniFE.c 40 y -6045376.1795110106468201
miniFE.c 40 y -5032752.7863069176673889
miniFE.c 82 oldrtrans 24292692249506056.0000000000000000
miniFE.c 48 sum 1267095547862.3195800781250000
miniFE.c 48 sum 29033783700052.6718750000000000
miniFE.c 48 sum 31325714949614.0156250000000000
miniFE.c 48 sum 43353880834684.4609375000000000
miniFE.c 48 sum 46760017994347.1250000000000000
miniFE.c 48 sum 46760017994347.1250000000000000
miniFE.c 48 sum 83306591146146.2656250000000000
miniFE.c 48 sum 108635191754226.3125000000000000
miniFE.c 83 rtrans 108635191754226.3125000000000000
miniFE.c 84 beta 0.0044719288680914
miniFE.c 40 y 768388.6172774039441720
miniFE.c 40 y 5469133.4252758128568530
miniFE.c 40 y 1826581.2344256753567606
miniFE.c 40 y -3449515.7129436200484633
miniFE.c 40 y 1580966.9386125144083053
miniFE.c 40 y 112.1230748502839845
miniFE.c 40 y -6235206.4375909231603146
miniFE.c 40 y -4691351.6088171508163214
miniFE.c 87 normr 10422820.7196625191718340
miniFE.c 25 Ap 51554811.4435284137725830
miniFE.c 25 Ap 134070635.4540484994649887
miniFE.c 25 Ap 151092935.0394642949104309
miniFE.c 25 Ap 103777687.2580302655696869
miniFE.c 25 Ap 126011473.5121828913688660
miniFE.c 25 Ap 126013273.8051219135522842
miniFE.c 25 Ap 94857493.5676765888929367
miniFE.c 25 Ap 64795016.9032249301671982
miniFE.c 25 Ap 11593101.6826036963611841
miniFE.c 25 Ap 374943676.7129485011100769
miniFE.c 25 Ap 401231779.0413658022880554
miniFE.c 25 Ap 380659502.0402612090110779
miniFE.c 25 Ap 397945177.9699443578720093
miniFE.c 25 Ap 397946260.2116875648498535
miniFE.c 25 Ap 326881056.0078244209289551
miniFE.c 25 Ap 294257856.6725676059722900
miniFE.c 25 Ap 7160777.1911836070939898
miniFE.c 25 Ap 85872381.3737503588199615
miniFE.c 25 Ap 209484604.2245846390724182
miniFE.c 25 Ap 176327255.5265207886695862
miniFE.c 25 Ap 202884622.7353827655315399
miniFE.c 25 Ap 202886436.4034833908081055
miniFE.c 25 Ap 128363623.1737829297780991
miniFE.c 25 Ap 70419941.9235087931156158
miniFE.c 25 Ap 10539594.7849993389099836
miniFE.c 25 Ap 43156500.2127940356731415
miniFE.c 25 Ap 60713918.6898096501827240
miniFE.c 25 Ap -164890307.6085722148418427
miniFE.c 25 Ap -159091143.8094443976879120
miniFE.c 25 Ap -159089900.8253701329231262
miniFE.c 25 Ap -167197121.9973382949829102
miniFE.c 25 Ap -189345124.3004091084003448
miniFE.c 25 Ap 10806164.1641052141785622
miniFE.c 25 Ap 70603536.0740350931882858
miniFE.c 25 Ap 101286776.4345397800207138
miniFE.c 25 Ap 88633566.4537027329206467
miniFE.c 25 Ap 193864717.9060943722724915
miniFE.c 25 Ap 193865221.2497868537902832
miniFE.c 25 Ap 106243985.1525103896856308
miniFE.c 25 Ap 88419954.7137702554464340
miniFE.c 25 Ap 12337554.9944529086351395
miniFE.c 25 Ap 65127085.6047061756253242
miniFE.c 25 Ap 94673297.4125932306051254
miniFE.c 25 Ap 56432345.6656286865472794
miniFE.c 25 Ap 63529633.5132165551185608
miniFE.c 25 Ap 63537085.5794135630130768
miniFE.c 25 Ap 16073203.9621328711509705
miniFE.c 25 Ap 0.0178581215441227
miniFE.c 25 Ap 3839447.3601581025868654
miniFE.c 25 Ap 66173403.3527309074997902
miniFE.c 25 Ap 88004592.6717125177383423
miniFE.c 25 Ap 83519418.5077247023582458
miniFE.c 25 Ap 105736209.3672872334718704
miniFE.c 25 Ap 105737062.8749304115772247
miniFE.c 25 Ap -303655368.4457019567489624
miniFE.c 25 Ap -316202655.7305251359939575
miniFE.c 25 Ap 4923882.6679964931681752
miniFE.c 25 Ap 42955700.5322888195514679
miniFE.c 25 Ap 65516115.8774901926517487
miniFE.c 25 Ap 49230855.6102434024214745
miniFE.c 25 Ap 55237483.3768575936555862
miniFE.c 25 Ap 55237867.5256486460566521
miniFE.c 25 Ap 38561452.5015447810292244
miniFE.c 25 Ap -265776753.5089310407638550
miniFE.c 57 sum 49787753444735.0234375000000000
miniFE.c 57 sum 1659123233022693.7500000000000000
miniFE.c 57 sum 1787750977469520.7500000000000000
miniFE.c 57 sum 2440899958913045.0000000000000000
miniFE.c 57 sum 2580688984029131.5000000000000000
miniFE.c 57 sum 2580688984029133.5000000000000000
miniFE.c 57 sum 4552277818623450.0000000000000000
miniFE.c 57 sum 5799130018783773.0000000000000000
miniFE.c 90 p_ap_dot 5799130018783773.0000000000000000
miniFE.c 91 alpha 0.0187330153665032
miniFE.c 40 y -3102576278.7836155891418457
miniFE.c 40 y -831709344.9323422908782959
miniFE.c 40 y -3161343142.9788193702697754
miniFE.c 40 y -1654531108.5186948776245117
miniFE.c 40 y 784748981.3712695837020874
miniFE.c 40 y 16555009867.7289199829101562
miniFE.c 40 y -1108492365.2958319187164307
miniFE.c 40 y 243340960.7292139530181885
miniFE.c 40 y -88152.6602331092581153
miniFE.c 40 y -242926.3430947996675968
miniFE.c 40 y 194734.7092191576957703
miniFE.c 40 y 78840.4953572801314294
miniFE.c 40 y 189199.9418694428168237
miniFE.c 40 y 0.0000865564238421
miniFE.c 40 y -121946.9707819670438766
miniFE.c 40 y -53952.7787647834047675
miniFE.c 82 oldrtrans 108635191754226.3125000000000000
miniFE.c 48 sum 7770891506.1740026473999023
miniFE.c 48 sum 66784099675.5863265991210938
miniFE.c 48 sum 104705706650.2562255859375000
miniFE.c 48 sum 110921530358.4375305175781250
miniFE.c 48 sum 146718148361.8380737304687500
miniFE.c 48 sum 146718148361.8380737304687500
miniFE.c 48 sum 161589212044.7359924316406250
miniFE.c 48 sum 164500114381.1776428222656250
miniFE.c 83 rtrans 164500114381.1776428222656250
miniFE.c 84 beta 0.0015142433287487
miniFE.c 40 y -86989.1328955104836496
miniFE.c 40 y -234644.7442915390129201
miniFE.c 40 y 197500.5976678044244181
miniFE.c 40 y 73617.0892015412973706
miniFE.c 40 y 191593.9105092091485858
miniFE.c 40 y 0.1698681745146806
miniFE.c 40 y -131388.5905334603157826
miniFE.c 40 y -61056.6266412494587712
miniFE.c 87 normr 405586.1368207469349727
miniFE.c 25 Ap -5836510.6447757370769978
miniFE.c 25 Ap -9376724.9565115459263325
miniFE.c 25 Ap -7536174.8192179733887315
miniFE.c 25 Ap -6526406.7513559237122536
miniFE.c 25 Ap -3831943.0343616069294512
miniFE.c 25 Ap -3831940.3068902497179806
miniFE.c 25 Ap -4488456.5094154989346862
miniFE.c 25 Ap -4879711.2195001039654016
miniFE.c 25 Ap -1312452.8920176592655480
miniFE.c 25 Ap -16901449.5641694776713848
miniFE.c 25 Ap -14059026.8875523656606674
miniFE.c 25 Ap -13619988.1130987871438265
miniFE.c 25 Ap -11525175.0172161925584078
miniFE.c 25 Ap -11525173.3776033874601126
miniFE.c 25 Ap -13022663.0132353529334068
miniFE.c 25 Ap -13447244.8113491907715797
miniFE.c 25 Ap -810670.2581385689554736
miniFE.c 25 Ap -4187670.3786400700919330
miniFE.c 25 Ap 9178002.8429847173392773
miniFE.c 25 Ap 9885623.1873805429786444
miniFE.c 25 Ap 13104052.1830181293189526
miniFE.c 25 Ap 13104054.9307530615478754
miniFE.c 25 Ap 11533706.3800125755369663
miniFE.c 25 Ap 10779585.6047399751842022
miniFE.c 25 Ap -1193185.5714699407108128
miniFE.c 25 Ap -2592563.6517917299643159
miniFE.c 25 Ap -694153.3444042019546032
miniFE.c 25 Ap 4120530.1745991334319115
miniFE.c 25 Ap 4823318.0968648893758655
miniFE.c 25 Ap 4823319.9800047865137458
miniFE.c 25 Ap 4652484.1987696941941977
miniFE.c 25 Ap 4364234.1548108095303178
miniFE.c 25 Ap -1223363.8414540509693325
miniFE.c 25 Ap -3788877.9640874648466706
miniFE.c 25 Ap -471227.3743561063893139
miniFE.c 25 Ap -201191.6460508623276837
miniFE.c 25 Ap 12551540.4457693397998810
miniFE.c 25 Ap 12551541.2083427384495735
miniFE.c 25 Ap 10705182.0176968015730381
miniFE.c 25 Ap 10473207.2559468895196915
miniFE.c 25 Ap -1396732.3134234745521098
miniFE.c 25 Ap -3661585.8008273905143142
miniFE.c 25 Ap -466877.3581382632255554
miniFE.c 25 Ap 349233.5948702113237232
miniFE.c 25 Ap 1209338.3190855267457664
miniFE.c 25 Ap 1209349.6090798738878220
miniFE.c 25 Ap 209188.2560660365270451
miniFE.c 25 Ap 0.0105485193198547
miniFE.c 25 Ap -434663.1237739077769220
miniFE.c 25 Ap -3109005.4788097376003861
miniFE.c 25 Ap -748490.1855199988931417
miniFE.c 25 Ap -652770.8167762112570927
miniFE.c 25 Ap 2039633.2656801315024495
miniFE.c 25 Ap 2039634.5587572744116187
miniFE.c 25 Ap -6587103.7962067695334554
miniFE.c 25 Ap -6750403.2243865095078945
miniFE.c 25 Ap -557431.8439098036615178
miniFE.c 25 Ap -2189128.4005282255820930
miniFE.c 25 Ap 250235.0563684301450849
miniFE.c 25 Ap 597783.3957674042321742
miniFE.c 25 Ap 1325713.4205336419399828
miniFE.c 25 Ap 1325714.0025249400641769
miniFE.c 25 Ap 974307.7279935400001705
miniFE.c 25 Ap -2986568.7456703903153539
miniFE.c 57 sum 424481847764.8080444335937500
miniFE.c 57 sum 3579807167949.5639648437500000
miniFE.c 57 sum 5708781767496.9697265625000000
miniFE.c 57 sum 6030063982568.0898437500000000
miniFE.c 57 sum 8036666716308.3779296875000000
miniFE.c 57 sum 8036666716308.3798828125000000
miniFE.c 57 sum 8923592681493.0488281250000000
miniFE.c 57 sum 9105942494335.8710937500000000
miniFE.c 90 p_ap_dot 9105942494335.8710937500000000
miniFE.c 91 alpha 0.0180651387249042
miniFE.c 40 y -3102577850.2543687820434570
miniFE.c 40 y -831713583.8221989870071411
miniFE.c 40 y -3161339575.1031241416931152
miniFE.c 40 y -1654529778.6157658100128174
miniFE.c 40 y 784752442.5418417453765869
miniFE.c 40 y 16555009867.7319889068603516
miniFE.c 40 y -1108494738.8489468097686768
miniFE.c 40 y 243339857.7327836155891418
miniFE.c 40 y -0.0001153684570454
miniFE.c 40 y -0.0001100283989217
miniFE.c 40 y -0.0001274502137676
miniFE.c 40 y -0.0000773421488702
miniFE.c 40 y -0.0001039109192789
miniFE.c 40 y -0.0001040040410134
miniFE.c 40 y -0.0000843841844471
miniFE.c 40 y -0.0000627846893622
