filename line variable value
miniFE.c 167 A 67.0947100000000063
miniFE.c 167 A 15.0875500000000002
miniFE.c 167 A 9.3192129999999995
miniFE.c 167 A 13.7164900000000003
miniFE.c 167 A 14.0634099999999993
miniFE.c 167 A 16.0564000000000000
miniFE.c 167 A 4.9967519999999999
miniFE.c 167 A 6.4080630000000003
miniFE.c 167 A 15.0875500000000002
miniFE.c 167 A 66.4365899999999954
miniFE.c 167 A 14.3919700000000006
miniFE.c 167 A 5.9638159999999996
miniFE.c 167 A 10.9336099999999998
miniFE.c 167 A 9.6522659999999991
miniFE.c 167 A 11.3974100000000007
miniFE.c 167 A 6.9539020000000002
miniFE.c 167 A 9.3192129999999995
miniFE.c 167 A 14.3919700000000006
miniFE.c 167 A 67.6740900000000067
miniFE.c 167 A 9.6121750000000006
miniFE.c 167 A 16.7981799999999986
miniFE.c 167 A 16.1756899999999995
miniFE.c 167 A 11.9519400000000005
miniFE.c 167 A 12.3511699999999998
miniFE.c 167 A 13.7164900000000003
miniFE.c 167 A 5.9638159999999996
miniFE.c 167 A 9.6121750000000006
miniFE.c 167 A 65.4017099999999942
miniFE.c 167 A 3.6681119999999998
miniFE.c 167 A 11.0858899999999991
miniFE.c 167 A 1.3002330000000000
miniFE.c 167 A 4.7210279999999996
miniFE.c 167 A 14.0634099999999993
miniFE.c 167 A 10.9336099999999998
miniFE.c 167 A 16.7981799999999986
miniFE.c 167 A 3.6681119999999998
miniFE.c 167 A 66.5612600000000043
miniFE.c 167 A 4.4892070000000004
miniFE.c 167 A 14.0526599999999995
miniFE.c 167 A 3.7993380000000001
miniFE.c 167 A 16.0564000000000000
miniFE.c 167 A 9.6522659999999991
miniFE.c 167 A 16.1756899999999995
miniFE.c 167 A 11.0858899999999991
miniFE.c 167 A 4.4892070000000004
miniFE.c 167 A 66.4632699999999943
miniFE.c 167 A 7.6122389999999998
miniFE.c 167 A 3.4261349999999999
miniFE.c 167 A 4.9967519999999999
miniFE.c 167 A 11.3974100000000007
miniFE.c 167 A 11.9519400000000005
miniFE.c 167 A 1.3002330000000000
miniFE.c 167 A 14.0526599999999995
miniFE.c 167 A 7.6122389999999998
miniFE.c 167 A 65.6581999999999937
miniFE.c 167 A 2.6745570000000001
miniFE.c 167 A 6.4080630000000003
miniFE.c 167 A 6.9539020000000002
miniFE.c 167 A 12.3511699999999998
miniFE.c 167 A 4.7210279999999996
miniFE.c 167 A 3.7993380000000001
miniFE.c 167 A 3.4261349999999999
miniFE.c 167 A 2.6745570000000001
miniFE.c 167 A 64.8721800000000002
miniFE.c 175 b 198.0110999999999990
miniFE.c 175 b 229.8237000000000023
miniFE.c 175 b 210.8053999999999917
miniFE.c 175 b 202.6418999999999926
miniFE.c 175 b 157.2561000000000035
miniFE.c 175 b 225.5886000000000138
miniFE.c 175 b 142.6283999999999992
miniFE.c 175 b 185.1795999999999935
miniFE.c 33 r 0.0000000000000000
miniFE.c 33 r 0.0000000000000000
miniFE.c 33 r 0.0000000000000000
miniFE.c 33 r 0.0000000000000000
miniFE.c 33 r 0.0000000000000000
miniFE.c 33 r 0.0000000000000000
miniFE.c 33 r 0.0000000000000000
miniFE.c 33 r 0.0000000000000000
miniFE.c 25 Ap 0.0000000000000000
miniFE.c 25 Ap 0.0000000000000000
miniFE.c 25 Ap 0.0000000000000000
miniFE.c 25 Ap 0.0000000000000000
miniFE.c 25 Ap 0.0000000000000000
miniFE.c 25 Ap 0.0000000000000000
miniFE.c 25 Ap 0.0000000000000000
miniFE.c 25 Ap 0.0000000000000000
miniFE.c 25 Ap 0.0000000000000000
miniFE.c 25 Ap 0.0000000000000000
miniFE.c 25 Ap 0.0000000000000000
miniFE.c 25 Ap 0.0000000000000000
miniFE.c 25 Ap 0.0000000000000000
miniFE.c 25 Ap 0.0000000000000000
miniFE.c 25 Ap 0.0000000000000000
miniFE.c 25 Ap 0.0000000000000000
miniFE.c 25 Ap 0.0000000000000000
miniFE.c 25 Ap 0.0000000000000000
miniFE.c 25 Ap 0.0000000000000000
miniFE.c 25 Ap 0.0000000000000000
miniFE.c 25 Ap 0.0000000000000000
miniFE.c 25 Ap 0.0000000000000000
miniFE.c 25 Ap 0.0000000000000000
miniFE.c 25 Ap 0.0000000000000000
miniFE.c 25 Ap 0.0000000000000000
miniFE.c 25 Ap 0.0000000000000000
miniFE.c 25 Ap 0.0000000000000000
miniFE.c 25 Ap 0.0000000000000000
miniFE.c 25 Ap 0.0000000000000000
miniFE.c 25 Ap 0.0000000000000000
miniFE.c 25 Ap 0.0000000000000000
miniFE.c 25 Ap 0.0000000000000000
miniFE.c 25 Ap 0.0000000000000000
miniFE.c 25 Ap 0.0000000000000000
miniFE.c 25 Ap 0.0000000000000000
miniFE.c 25 Ap 0.0000000000000000
miniFE.c 25 Ap 0.0000000000000000
miniFE.c 25 Ap 0.0000000000000000
miniFE.c 25 Ap 0.0000000000000000
miniFE.c 25 Ap 0.0000000000000000
miniFE.c 25 Ap 0.0000000000000000
miniFE.c 25 Ap 0.0000000000000000
miniFE.c 25 Ap 0.0000000000000000
miniFE.c 25 Ap 0.0000000000000000
miniFE.c 25 Ap 0.0000000000000000
miniFE.c 25 Ap 0.0000000000000000
miniFE.c 25 Ap 0.0000000000000000
miniFE.c 25 Ap 0.0000000000000000
miniFE.c 25 Ap 0.0000000000000000
miniFE.c 25 Ap 0.0000000000000000
miniFE.c 25 Ap 0.0000000000000000
miniFE.c 25 Ap 0.0000000000000000
miniFE.c 25 Ap 0.0000000000000000
miniFE.c 25 Ap 0.0000000000000000
miniFE.c 25 Ap 0.0000000000000000
miniFE.c 25 Ap 0.0000000000000000
miniFE.c 25 Ap 0.0000000000000000
miniFE.c 25 Ap 0.0000000000000000
miniFE.c 25 Ap 0.0000000000000000
miniFE.c 25 Ap 0.0000000000000000
miniFE.c 25 Ap 0.0000000000000000
miniFE.c 25 Ap 0.0000000000000000
miniFE.c 25 Ap 0.0000000000000000
miniFE.c 25 Ap 0.0000000000000000
miniFE.c 33 r 198.0110999999999990
miniFE.c 33 r 229.8237000000000023
miniFE.c 33 r 210.8053999999999917
miniFE.c 33 r 202.6418999999999926
miniFE.c 33 r 157.2561000000000035
miniFE.c 33 r 225.5886000000000138
miniFE.c 33 r 142.6283999999999992
miniFE.c 33 r 185.1795999999999935
miniFE.c 48 sum 39208.3957232100001420
miniFE.c 48 sum 92027.3288048999966122
miniFE.c 48 sum 136466.2454740600078367
miniFE.c 48 sum 177529.9851096700003836
miniFE.c 48 sum 202259.4660968800017145
miniFE.c 48 sum 253149.6825468399911188
miniFE.c 48 sum 273492.5430333999684080
miniFE.c 48 sum 307784.0272895599482581
miniFE.c 75 rtrans 307784.0272895599482581
miniFE.c 76 normr 554.7828649927464539
miniFE.c 33 r 198.0110999999999990
miniFE.c 33 r 229.8237000000000023
miniFE.c 33 r 210.8053999999999917
miniFE.c 33 r 202.6418999999999926
miniFE.c 33 r 157.2561000000000035
miniFE.c 33 r 225.5886000000000138
miniFE.c 33 r 142.6283999999999992
miniFE.c 33 r 185.1795999999999935
miniFE.c 87 normr 554.7828649927464539
miniFE.c 25 Ap 13285.4973312810016068
miniFE.c 25 Ap 16752.9738962160008668
miniFE.c 25 Ap 18717.5143203662009910
miniFE.c 25 Ap 21497.0499152972006414
miniFE.c 25 Ap 23708.6069245981998392
miniFE.c 25 Ap 27330.7477216381994367
miniFE.c 25 Ap 28043.4264645949988335
miniFE.c 25 Ap 29230.0690077097970061
miniFE.c 25 Ap 2987.5023718050001662
miniFE.c 25 Ap 18256.2053009880000900
miniFE.c 25 Ap 21290.1102936259994749
miniFE.c 25 Ap 22498.6292991164009436
miniFE.c 25 Ap 24218.0061666374022025
miniFE.c 25 Ap 26395.4473404050004319
miniFE.c 25 Ap 28021.0416928490012651
miniFE.c 25 Ap 29308.7624836482027604
miniFE.c 25 Ap 1845.3076172643000064
miniFE.c 25 Ap 5152.9234129532997031
miniFE.c 25 Ap 19418.9870250392996240
miniFE.c 25 Ap 21366.8164301736615016
miniFE.c 25 Ap 24008.4327040716598276
miniFE.c 25 Ap 27657.4839652056616615
miniFE.c 25 Ap 29362.1700443016598001
miniFE.c 25 Ap 31649.3547644336576923
miniFE.c 25 Ap 2716.0172730389999742
miniFE.c 25 Ap 4086.6435322781999275
miniFE.c 25 Ap 6112.9419280231995799
miniFE.c 25 Ap 19366.0687056721981207
miniFE.c 25 Ap 19942.9016931553996983
miniFE.c 25 Ap 22443.7520980093977414
miniFE.c 25 Ap 22629.2022504265987664
miniFE.c 25 Ap 23503.4403270553993934
miniFE.c 25 Ap 2784.7112838509997346
miniFE.c 25 Ap 5297.5139884079999320
miniFE.c 25 Ap 8838.6610425799990480
miniFE.c 25 Ap 9581.9742276727993158
miniFE.c 25 Ap 20049.1383863587980159
miniFE.c 25 Ap 21061.8523085989982064
miniFE.c 25 Ap 23066.1607201429978886
miniFE.c 25 Ap 23769.7206112477979332
miniFE.c 25 Ap 3179.3454260399998930
miniFE.c 25 Ap 5397.6649115441996400
miniFE.c 25 Ap 8807.5877122702004272
miniFE.c 25 Ap 11054.0535250612010714
miniFE.c 25 Ap 11760.0087099739012046
miniFE.c 25 Ap 26753.3647406958989450
miniFE.c 25 Ap 27839.0862096834971453
miniFE.c 25 Ap 28473.5365185294976982
miniFE.c 25 Ap 989.4123599472000024
miniFE.c 25 Ap 3608.8072965641999872
miniFE.c 25 Ap 6128.3407890401995246
miniFE.c 25 Ap 6391.8224746028990921
miniFE.c 25 Ap 8601.6889808288997301
miniFE.c 25 Ap 10318.9233197042995016
miniFE.c 25 Ap 19683.6473325842962367
miniFE.c 25 Ap 20178.9207280214977800
miniFE.c 25 Ap 1268.8676034993000030
miniFE.c 25 Ap 2867.0390905766998912
miniFE.c 25 Ap 5470.7324228946999938
miniFE.c 25 Ap 6427.4105067679001877
miniFE.c 25 Ap 7024.8795832297000743
miniFE.c 25 Ap 7797.7765812907000509
miniFE.c 25 Ap 8179.2443669095000587
miniFE.c 25 Ap 20192.2487104374995397
miniFE.c 57 sum 5787878.1172925252467394
miniFE.c 57 sum 12523726.3537057451903820
miniFE.c 57 sum 19195581.2445640861988068
miniFE.c 57 sum 23958363.0489752143621445
miniFE.c 57 sum 27696296.6103896573185921
miniFE.c 57 sum 34119601.8506536036729813
miniFE.c 57 sum 36997689.0278181433677673
miniFE.c 57 sum 40736881.5671174749732018
miniFE.c 90 p_ap_dot 40736881.5671174749732018
miniFE.c 91 alpha 0.0075554145395852
miniFE.c 40 y 1.4960559439392602
miniFE.c 40 y 1.7364133245212685
miniFE.c 40 y 1.5927221841830752
miniFE.c 40 y 1.5310435575891714
miniFE.c 40 y 1.1881350243784652
miniFE.c 40 y 1.7044153884046713
miniFE.c 40 y 1.0776166871177746
miniFE.c 40 y 1.3991086422745727
miniFE.c 40 y -22.8341883739295213
miniFE.c 40 y 8.3838497937949512
miniFE.c 40 y -28.3185951556923783
miniFE.c 40 y 25.0636652226923502
miniFE.c 40 y -22.3339927080997711
miniFE.c 40 y 10.4592281944919137
miniFE.c 40 y -9.8317110616309265
miniFE.c 40 y 32.6187905062398897
miniFE.c 82 oldrtrans 307784.0272895599482581
miniFE.c 48 sum 521.4001586960980603
miniFE.c 48 sum 591.6890960610137427
miniFE.c 48 sum 1393.6319276530175557
miniFE.c 48 sum 2021.8192420482155285
miniFE.c 48 sum 2520.6264723336694260
miniFE.c 48 sum 2630.0219267581242093
miniFE.c 48 sum 2726.6844691575201978
miniFE.c 48 sum 3790.6699632474856116
miniFE.c 83 rtrans 3790.6699632474856116
miniFE.c 84 beta 0.0123160061184113
miniFE.c 40 y -20.3954824548161717
miniFE.c 40 y 11.2143598891508702
miniFE.c 40 y -25.7223145594982405
miniFE.c 40 y 27.5594041029388386
miniFE.c 40 y -20.3972256183422758
miniFE.c 40 y 13.2375787723357501
miniFE.c 40 y -8.0750988145717137
miniFE.c 40 y 34.8994635928448460
miniFE.c 87 normr 61.5684169298471247
miniFE.c 25 Ap -1368.4289806159792988
miniFE.c 25 Ap -1199.2317650704210337
miniFE.c 25 Ap -1438.9434933033862762
miniFE.c 25 Ap -1060.9252025194666658
miniFE.c 25 Ap -1347.7797492527174654
miniFE.c 25 Ap -1135.2318894525856194
miniFE.c 25 Ap -1175.5811556044943700
miniFE.c 25 Ap -951.9431942353382965
miniFE.c 25 Ap -307.7178613111617551
miniFE.c 25 Ap 437.3259687567999663
miniFE.c 25 Ap 67.1311892859380350
miniFE.c 25 Ap 231.4904044255103202
miniFE.c 25 Ap 8.4750944325470243
miniFE.c 25 Ap 136.2477259390851145
miniFE.c 25 Ap 44.2125139588973184
miniFE.c 25 Ap 286.8999636361082821
miniFE.c 25 Ap -190.0698452341947586
miniFE.c 25 Ap -28.6731141403321033
miniFE.c 25 Ap -1769.4073446481265819
miniFE.c 25 Ap -1504.5015295149605663
miniFE.c 25 Ap -1847.1377969524853597
miniFE.c 25 Ap -1633.0108263806016566
miniFE.c 25 Ap -1729.5239229064338815
miniFE.c 25 Ap -1298.4747151623964783
miniFE.c 25 Ap -279.7544311366614807
miniFE.c 25 Ap -212.8740521999853001
miniFE.c 25 Ap -460.1214411509303090
miniFE.c 25 Ap 1342.3107137622855589
miniFE.c 25 Ap 1267.4914057049368239
miniFE.c 25 Ap 1414.2417478413858589
miniFE.c 25 Ap 1403.7422378844187278
miniFE.c 25 Ap 1568.5035826912198900
miniFE.c 25 Ap -286.8300319098862587
miniFE.c 25 Ap -164.2165944822673964
miniFE.c 25 Ap -596.3046644693395137
miniFE.c 25 Ap -495.2136835665003218
miniFE.c 25 Ap -1852.8787212276413356
miniFE.c 25 Ap -1793.4524899398202251
miniFE.c 25 Ap -1906.9291080473994953
miniFE.c 25 Ap -1774.3342498394874838
miniFE.c 25 Ap -327.4780244875103676
miniFE.c 25 Ap -219.2340398176956455
miniFE.c 25 Ap -635.3102262146257999
miniFE.c 25 Ap -329.7897038638971594
miniFE.c 25 Ap -421.3570718903386592
miniFE.c 25 Ap 458.4557002016807132
miniFE.c 25 Ap 396.9861180765441304
miniFE.c 25 Ap 516.5563917732156369
miniFE.c 25 Ap -101.9111677470676085
miniFE.c 25 Ap 25.9034897971394145
miniFE.c 25 Ap -281.5280704791099993
miniFE.c 25 Ap -245.6944238041335211
miniFE.c 25 Ap -532.3297003619873067
miniFE.c 25 Ap -431.5620869656410150
miniFE.c 25 Ap -961.7585399525534058
miniFE.c 25 Ap -868.4179353040650540
miniFE.c 25 Ap -130.6955364858566782
miniFE.c 25 Ap -52.7119768239706588
miniFE.c 25 Ap -370.4126567418085187
miniFE.c 25 Ap -240.3039383085193776
miniFE.c 25 Ap -317.7998926948606595
miniFE.c 25 Ap -272.4461607477040843
miniFE.c 25 Ap -294.0434728079085858
miniFE.c 25 Ap 1969.9608112905689268
miniFE.c 57 sum 19415.3407160085043870
miniFE.c 57 sum 22632.7401604081205733
miniFE.c 57 sum 56032.5152313701692037
miniFE.c 57 sum 99259.5393036648456473
miniFE.c 57 sum 135451.0353199929813854
miniFE.c 57 sum 142288.9912464444641955
miniFE.c 57 sum 149301.5518863711331505
miniFE.c 57 sum 218052.1274993374245241
miniFE.c 90 p_ap_dot 218052.1274993374245241
miniFE.c 91 alpha 0.0173842374606458
miniFE.c 40 y 1.1414960338203017
miniFE.c 40 y 1.9313664198034082
miniFE.c 40 y 1.1455593598433322
miniFE.c 40 y 2.0101427827885550
miniFE.c 40 y 0.8335448106908361
miniFE.c 40 y 1.9345406011869595
miniFE.c 40 y 0.9372372518070808
miniFE.c 40 y 2.0058092046217486
miniFE.c 40 y -6.2853818362967750
miniFE.c 40 y 3.3963126984942127
miniFE.c 40 y -5.7456023706649191
miniFE.c 40 y -2.2035735166854309
miniFE.c 40 y 8.5114552256666300
miniFE.c 40 y 1.4792892180919743
miniFE.c 40 y 5.2650725407786432
miniFE.c 40 y -1.6274760254017195
miniFE.c 82 oldrtrans 3790.6699632474856116
miniFE.c 48 sum 39.5060248280494193
miniFE.c 48 sum 51.0409647740024610
miniFE.c 48 sum 84.0529113757928030
miniFE.c 48 sum 88.9086476192301944
miniFE.c 48 sum 161.3535176777579636
miniFE.c 48 sum 163.5418142685211365
miniFE.c 48 sum 191.2628031281824121
miniFE.c 48 sum 193.9114813414397815
miniFE.c 83 rtrans 193.9114813414397815
miniFE.c 84 beta 0.0511549365208558
miniFE.c 40 y -7.3287114465851237
miniFE.c 40 y 3.9699825667457564
miniFE.c 40 y -7.0614257391255357
miniFE.c 40 y -0.7937739492469826
miniFE.c 40 y 7.4680364439587574
miniFE.c 40 y 2.1564567198806373
miniFE.c 40 y 4.8519913735195894
miniFE.c 40 y 0.1578038193021756
miniFE.c 87 normr 13.9252102799720685
miniFE.c 25 Ap -491.7177691823094392
miniFE.c 25 Ap -431.8204587074044980
miniFE.c 25 Ap -497.6273892539977624
miniFE.c 25 Ap -508.5151816911044875
miniFE.c 25 Ap -403.4891232847704714
miniFE.c 25 Ap -368.8641916076790039
miniFE.c 25 Ap -344.6199940080622355
miniFE.c 25 Ap -343.6087771923332639
miniFE.c 25 Ap -110.5723003859253879
miniFE.c 25 Ap 153.1798037081100290
miniFE.c 25 Ap 51.5519763133874847
miniFE.c 25 Ap 46.8180545344851424
miniFE.c 25 Ap 128.4706524785170529
miniFE.c 25 Ap 149.2853463562924503
miniFE.c 25 Ap 204.5854813567583506
miniFE.c 25 Ap 205.6828336514113857
miniFE.c 25 Ap -68.2978229862648902
miniFE.c 25 Ap -11.1619529851369634
miniFE.c 25 Ap -489.0375139830350122
miniFE.c 25 Ap -496.6674080936381301
miniFE.c 25 Ap -371.2179876614590057
miniFE.c 25 Ap -336.3358122622530004
miniFE.c 25 Ap -278.3451024854292655
miniFE.c 25 Ap -276.3960406865788286
miniFE.c 25 Ap -100.5241972699703865
miniFE.c 25 Ap -76.8479517186909789
miniFE.c 25 Ap -144.7236116726699606
miniFE.c 25 Ap -196.6377853068758270
miniFE.c 25 Ap -169.2441912103533923
miniFE.c 25 Ap -145.3379492239958495
miniFE.c 25 Ap -139.0292299244303535
miniFE.c 25 Ap -138.2842336749978358
miniFE.c 25 Ap -103.0666738450196931
miniFE.c 25 Ap -59.6604327534226258
miniFE.c 25 Ap -178.2795333758863876
miniFE.c 25 Ap -181.1911851244066440
miniFE.c 25 Ap 315.8907303114076512
miniFE.c 25 Ap 325.5715109134928298
miniFE.c 25 Ap 393.7548960084966438
miniFE.c 25 Ap 394.3544460557165507
miniFE.c 25 Ap -117.6727224709493811
miniFE.c 25 Ap -79.3533947213565796
miniFE.c 25 Ap -193.5768284354721231
miniFE.c 25 Ap -202.3765191216897676
miniFE.c 25 Ap -168.8509576412150182
miniFE.c 25 Ap -25.5257924244738774
miniFE.c 25 Ap 11.4087255366955063
miniFE.c 25 Ap 11.9493827251403655
miniFE.c 25 Ap -36.6197535781471117
miniFE.c 25 Ap 8.6277654279066454
miniFE.c 25 Ap -75.7699713205774117
miniFE.c 25 Ap -76.8020624039286588
miniFE.c 25 Ap 28.1437146106328129
miniFE.c 25 Ap 44.5591785555202762
miniFE.c 25 Ap 363.1321985563441785
miniFE.c 25 Ap 363.5542538658855278
miniFE.c 25 Ap -46.9628446585386072
miniFE.c 25 Ap -19.3559749476801564
miniFE.c 25 Ap -106.5728446939952931
miniFE.c 25 Ap -110.3202737340608763
miniFE.c 25 Ap -81.9466790871434938
miniFE.c 25 Ap -74.5583672431752404
miniFE.c 25 Ap -61.5814397511888103
miniFE.c 25 Ap -51.3443619807306035
miniFE.c 57 sum 2518.2095785565702499
miniFE.c 57 sum 3334.7668424315406810
miniFE.c 57 sum 5286.5169583281367522
miniFE.c 57 sum 5396.2833806109319994
miniFE.c 57 sum 8341.3367555921904568
miniFE.c 57 sum 8367.1050822682445869
miniFE.c 57 sum 10131.0671858318710292
miniFE.c 57 sum 10122.9648494116790971
miniFE.c 90 p_ap_dot 10122.9648494116790971
miniFE.c 91 alpha 0.0191556015679250
miniFE.c 40 y 1.0011101573432259
miniFE.c 40 y 2.0074138240835979
miniFE.c 40 y 1.0102935018831534
miniFE.c 40 y 1.9949375652817816
miniFE.c 40 y 0.9765995413060533
miniFE.c 40 y 1.9758488269114673
miniFE.c 40 y 1.0301800653692312
miniFE.c 40 y 2.0088320317101980
miniFE.c 40 y 0.2966509948414675
miniFE.c 40 y -0.5436657122940152
miniFE.c 40 y -0.4510699403208340
miniFE.c 40 y 0.4453441667186615
miniFE.c 40 y 0.9573585804835609
miniFE.c 40 y 1.2503916036265399
miniFE.c 40 y -1.6990278946005084
miniFE.c 40 y -0.6439438845395289
miniFE.c 82 oldrtrans 193.9114813414397815
miniFE.c 48 sum 0.0880018127404324
miniFE.c 48 sum 0.3835742194645912
miniFE.c 48 sum 0.5870383105256320
miniFE.c 48 sum 0.7853697373559710
miniFE.c 48 sum 1.7019051889814698
miniFE.c 48 sum 3.2653843514012202
miniFE.c 48 sum 6.1520801380318559
miniFE.c 48 sum 6.5667438644677141
miniFE.c 83 rtrans 6.5667438644677141
miniFE.c 84 beta 0.0338646469978999
miniFE.c 40 y 0.0484667687533939
miniFE.c 40 y -0.4092236540833535
miniFE.c 40 y -0.6902026302782047
miniFE.c 40 y 0.4184632921312835
miniFE.c 40 y 1.2102609984256760
miniFE.c 40 y 1.3234192492115469
miniFE.c 40 y -1.5347169194994119
miniFE.c 40 y -0.6385999139039403
miniFE.c 87 normr 2.5625658751469618
miniFE.c 25 Ap 3.2518637941460233
miniFE.c 25 Ap -2.9223185480192764
miniFE.c 25 Ap -9.3544638727421159
miniFE.c 25 Ap -3.6146163108562863
miniFE.c 25 Ap 13.4057803170133507
miniFE.c 25 Ap 34.6551291500536323
miniFE.c 25 Ap 26.9865293131111059
miniFE.c 25 Ap 22.8943408330200810
miniFE.c 25 Ap 0.7312447969052677
miniFE.c 25 Ap -26.4561793277323112
miniFE.c 25 Ap -36.3895548766173249
miniFE.c 25 Ap -33.8939167995921053
miniFE.c 25 Ap -20.6613950445951495
miniFE.c 25 Ap -7.8874004216850100
miniFE.c 25 Ap -25.3791983871568050
miniFE.c 25 Ap -29.8199596056532457
miniFE.c 25 Ap 0.4516721414346219
miniFE.c 25 Ap -5.4378624114233798
miniFE.c 25 Ap -52.1466973311073403
miniFE.c 25 Ap -48.1243549360653162
miniFE.c 25 Ap -27.7941728375310966
miniFE.c 25 Ap -6.3869533222523707
miniFE.c 25 Ap -24.7297978610941733
miniFE.c 25 Ap -32.6172539597071065
miniFE.c 25 Ap 0.6647939489382395
miniFE.c 25 Ap -1.7757406268625293
miniFE.c 25 Ap -8.4100890945569322
miniFE.c 25 Ap 18.9581257830585557
miniFE.c 25 Ap 23.3974986745157594
miniFE.c 25 Ap 38.0687788951575499
miniFE.c 25 Ap 36.0732893107660715
miniFE.c 25 Ap 33.0584412364279814
miniFE.c 25 Ap 0.6816080403541668
miniFE.c 25 Ap -3.7926837961681272
miniFE.c 25 Ap -15.3868318160548601
miniFE.c 25 Ap -13.8518615926285928
miniFE.c 25 Ap 66.7046353914424230
miniFE.c 25 Ap 72.6457383489376411
miniFE.c 25 Ap 51.0788832829650374
miniFE.c 25 Ap 48.6526263632730718
miniFE.c 25 Ap 0.7782018258119933
miniFE.c 25 Ap -3.1717337368925205
miniFE.c 25 Ap -14.3362375214573738
miniFE.c 25 Ap -9.6971994958521002
miniFE.c 25 Ap -4.2640873498925655
miniFE.c 25 Ap 83.6946835336517552
miniFE.c 25 Ap 72.0120515450784637
miniFE.c 25 Ap 69.8241220290551894
miniFE.c 25 Ap 0.2421764237020583
miniFE.c 25 Ap -4.4219133435840963
miniFE.c 25 Ap -12.6711737685113821
miniFE.c 25 Ap -12.1270739867936470
miniFE.c 25 Ap 4.8803123353429143
miniFE.c 25 Ap 14.9544959575417700
miniFE.c 25 Ap -85.8122544863345098
miniFE.c 25 Ap -87.5202263562656952
miniFE.c 25 Ap 0.3105781075781794
miniFE.c 25 Ap -2.5351230789993608
miniFE.c 25 Ap -11.0599331000126142
miniFE.c 25 Ap -9.0843561808886459
miniFE.c 25 Ap -4.4861655796520346
miniFE.c 25 Ap 0.0480474297453686
miniFE.c 25 Ap -4.0566404503202200
miniFE.c 25 Ap -45.4840090130811348
miniFE.c 57 sum 1.1096147229153670
miniFE.c 57 sum 13.3126475573587850
miniFE.c 57 sum 35.8251620328008187
miniFE.c 57 sum 49.6589061853250513
miniFE.c 57 sum 108.5412823437712859
miniFE.c 57 sum 200.9478694963189298
miniFE.c 57 sum 335.2666416836982535
miniFE.c 57 sum 364.3127259234578901
miniFE.c 90 p_ap_dot 364.3127259234578901
miniFE.c 91 alpha 0.0180250191585330
miniFE.c 40 y 1.0019837717785580
miniFE.c 40 y 2.0000375598786206
miniFE.c 40 y 0.9978525862491189
miniFE.c 40 y 2.0024803741395907
miniFE.c 40 y 0.9984145189895014
miniFE.c 40 y 1.9997034842332768
miniFE.c 40 y 1.0025167634923295
miniFE.c 40 y 1.9973212560274418
miniFE.c 40 y -0.1160199372957040
miniFE.c 40 y -0.0061603690954349
miniFE.c 40 y 0.1368566872016233
miniFE.c 40 y -0.1505348699191905
miniFE.c 40 y 0.0803940581726157
miniFE.c 40 y -0.0081895336749267
miniFE.c 40 y -0.1214741377696735
miniFE.c 40 y 0.1759062493281467
miniFE.c 82 oldrtrans 6.5667438644677141
miniFE.c 48 sum 0.0134606258500991
miniFE.c 48 sum 0.0134985759974911
miniFE.c 48 sum 0.0322283288292940
miniFE.c 48 sum 0.0548890758908816
miniFE.c 48 sum 0.0613522804803436
miniFE.c 48 sum 0.0614193489421563
miniFE.c 48 sum 0.0761753150890419
miniFE.c 48 sum 0.1071183236417381
miniFE.c 83 rtrans 0.1071183236417381
miniFE.c 84 beta 0.0163122433054454
miniFE.c 40 y -0.1152293355715699
miniFE.c 40 y -0.0128357249071860
miniFE.c 40 y 0.1255979339664668
miniFE.c 40 y -0.1437087948835473
miniFE.c 40 y 0.1001361300420266
miniFE.c 40 y 0.0133984031133219
miniFE.c 40 y -0.1465088135655316
miniFE.c 40 y 0.1654892521577091
miniFE.c 87 normr 0.3272893576664815
miniFE.c 25 Ap -7.7312788536671686
miniFE.c 25 Ap -7.9249384949905828
miniFE.c 25 Ap -6.7544645959971437
miniFE.c 25 Ap -8.7256448439293717
miniFE.c 25 Ap -7.3173893913350350
miniFE.c 25 Ap -7.1022592715862931
miniFE.c 25 Ap -7.8343274787874897
miniFE.c 25 Ap -6.7738619251380037
miniFE.c 25 Ap -1.7385283619028398
miniFE.c 25 Ap -2.5912901549143452
miniFE.c 25 Ap -0.7836884572069738
miniFE.c 25 Ap -1.6407412674741915
miniFE.c 25 Ap -0.5458918746853891
miniFE.c 25 Ap -0.4165669238603779
miniFE.c 25 Ap -2.0863879406803032
miniFE.c 25 Ap -0.9355918991223053
miniFE.c 25 Ap -1.0738467220399368
miniFE.c 25 Ap -1.2585780898324108
miniFE.c 25 Ap 7.2411477972283231
miniFE.c 25 Ap 5.8597937117685612
miniFE.c 25 Ap 7.5418984487179310
miniFE.c 25 Ap 7.7586268639740616
miniFE.c 25 Ap 6.0075623147676422
miniFE.c 25 Ap 8.0515482013403741
miniFE.c 25 Ap -1.5805420290740830
miniFE.c 25 Ap -1.6570919306471574
miniFE.c 25 Ap -0.4498226097230342
miniFE.c 25 Ap -9.8486235371462811
miniFE.c 25 Ap -9.4813129969055634
miniFE.c 25 Ap -9.3327797738156182
miniFE.c 25 Ap -9.5232753680043700
miniFE.c 25 Ap -8.7419959748687646
miniFE.c 25 Ap -1.6205173901705721
miniFE.c 25 Ap -1.7608582003730302
miniFE.c 25 Ap 0.3489585020237931
miniFE.c 25 Ap -0.1781814529940855
miniFE.c 25 Ap 6.4870055341270572
miniFE.c 25 Ap 6.5471537391722041
miniFE.c 25 Ap 4.4883151951324010
miniFE.c 25 Ap 5.1170647994467675
miniFE.c 25 Ap -1.8501683036713552
miniFE.c 25 Ap -1.9740621347783400
miniFE.c 25 Ap 0.0575711097036975
miniFE.c 25 Ap -1.5355687824078710
miniFE.c 25 Ap -1.0860369664702949
miniFE.c 25 Ap -0.1955352827807395
miniFE.c 25 Ap -1.3107953872480080
miniFE.c 25 Ap -0.7438068683066553
miniFE.c 25 Ap -0.5757724129759131
miniFE.c 25 Ap -0.7220664323903241
miniFE.c 25 Ap 0.7790725385008495
miniFE.c 25 Ap 0.5922176210030301
miniFE.c 25 Ap 1.9993966101994154
miniFE.c 25 Ap 2.1013884569163661
miniFE.c 25 Ap -7.5181165259320188
miniFE.c 25 Ap -7.0755060881488525
miniFE.c 25 Ap -0.7383968417907610
miniFE.c 25 Ap -0.8276552148942917
miniFE.c 25 Ap 0.7236262191743141
miniFE.c 25 Ap 0.0451729746828304
miniFE.c 25 Ap 0.4256239787244436
miniFE.c 25 Ap 0.4715287165751048
miniFE.c 25 Ap 0.0796825436917173
miniFE.c 25 Ap 10.8153310977320132
miniFE.c 57 sum 0.7805476088872076
miniFE.c 57 sum 0.7925566091297332
miniFE.c 57 sum 1.8038144284495061
miniFE.c 57 sum 3.0601161348747179
miniFE.c 57 sum 3.5725192010655960
miniFE.c 57 sum 3.5625533768055657
miniFE.c 57 sum 4.5991773791559494
miniFE.c 57 sum 6.3889984343576351
miniFE.c 90 p_ap_dot 6.3889984343576351
miniFE.c 91 alpha 0.0167660588341509
miniFE.c 40 y 1.0000518299589449
miniFE.c 40 y 1.9998223553596477
miniFE.c 40 y 0.9999583685994484
miniFE.c 40 y 2.0000709440295883
miniFE.c 40 y 1.0000934072372103
miniFE.c 40 y 1.9999281226481584
miniFE.c 40 y 1.0000603881043681
miniFE.c 40 y 2.0000958585655377
miniFE.c 40 y -0.0024489697244256
miniFE.c 40 y 0.0095258197300046
miniFE.c 40 y 0.0018639563519487
miniFE.c 40 y -0.0039660510766305
miniFE.c 40 y -0.0053989513130714
miniFE.c 40 y 0.0042811760403482
miniFE.c 40 y -0.0028457864143770
miniFE.c 40 y -0.0054242281672500
miniFE.c 82 oldrtrans 0.1071183236417381
miniFE.c 48 sum 0.0000059974527112
miniFE.c 48 sum 0.0000967386942397
miniFE.c 48 sum 0.0001002130275217
miniFE.c 48 sum 0.0001159425886641
miniFE.c 48 sum 0.0001450912639450
miniFE.c 48 sum 0.0001634197322335
miniFE.c 48 sum 0.0001715182325497
miniFE.c 48 sum 0.0002009404837601
miniFE.c 83 rtrans 0.0002009404837601
miniFE.c 84 beta 0.0018758740515038
miniFE.c 40 y -0.0026651254449964
miniFE.c 40 y 0.0095017415267190
miniFE.c 40 y 0.0020995622571989
miniFE.c 40 y -0.0042356306759254
miniFE.c 40 y -0.0052111085451075
miniFE.c 40 y 0.0043063097570801
miniFE.c 40 y -0.0031206184960612
miniFE.c 40 y -0.0051137911733246
miniFE.c 87 normr 0.0141753477474141
miniFE.c 25 Ap -0.1788158188456513
miniFE.c 25 Ap -0.0354578184742024
miniFE.c 25 Ap -0.0158915505926051
miniFE.c 25 Ap -0.0739895364026295
miniFE.c 25 Ap -0.1472754924269800
miniFE.c 25 Ap -0.0781316604433994
miniFE.c 25 Ap -0.0937246171548302
miniFE.c 25 Ap -0.1264941131623382
miniFE.c 25 Ap -0.0402102134076547
miniFE.c 25 Ap 0.5910530926889477
miniFE.c 25 Ap 0.6212699297076865
miniFE.c 25 Ap 0.5960094077125115
miniFE.c 25 Ap 0.5390331792126386
miniFE.c 25 Ap 0.5805988264663710
miniFE.c 25 Ap 0.5450318580131780
miniFE.c 25 Ap 0.5094710553454136
miniFE.c 25 Ap -0.0248368716936408
miniFE.c 25 Ap 0.1119119073066529
miniFE.c 25 Ap 0.2539978724609343
miniFE.c 25 Ap 0.2132842491685708
miniFE.c 25 Ap 0.1257471098283167
miniFE.c 25 Ap 0.1954046415028193
miniFE.c 25 Ap 0.1581071964750056
miniFE.c 25 Ap 0.0949458923487738
miniFE.c 25 Ap -0.0365561665150380
miniFE.c 25 Ap 0.0201104716298730
miniFE.c 25 Ap 0.0402918314694638
miniFE.c 25 Ap -0.2367256576645150
miniFE.c 25 Ap -0.2558405874521264
miniFE.c 25 Ap -0.2081013111792099
miniFE.c 25 Ap -0.2121588423281991
miniFE.c 25 Ap -0.2363011936436175
miniFE.c 25 Ap -0.0374807518344162
miniFE.c 25 Ap 0.0664075843395337
miniFE.c 25 Ap 0.1016764090571671
miniFE.c 25 Ap 0.0861396413472369
miniFE.c 25 Ap -0.2607183094118862
miniFE.c 25 Ap -0.2413863935062340
miniFE.c 25 Ap -0.2852393842210934
miniFE.c 25 Ap -0.3046684053499702
miniFE.c 25 Ap -0.0427923201950394
miniFE.c 25 Ap 0.0489210164840982
miniFE.c 25 Ap 0.0828828846922478
miniFE.c 25 Ap 0.0359271489383129
miniFE.c 25 Ap 0.0125334039798564
miniFE.c 25 Ap 0.2987448320683042
miniFE.c 25 Ap 0.2749899382484657
miniFE.c 25 Ap 0.2574693993268472
miniFE.c 25 Ap -0.0133169708975364
miniFE.c 25 Ap 0.0949782729965057
miniFE.c 25 Ap 0.1200721151208115
miniFE.c 25 Ap 0.1145648083401609
miniFE.c 25 Ap 0.0413348717326704
miniFE.c 25 Ap 0.0741155308115959
miniFE.c 25 Ap -0.1307786625264899
miniFE.c 25 Ap -0.1444557885056434
miniFE.c 25 Ap -0.0170782917544397
miniFE.c 25 Ap 0.0489958876516945
miniFE.c 25 Ap 0.0749279380159418
miniFE.c 25 Ap 0.0549314069972389
miniFE.c 25 Ap 0.0351326442796872
miniFE.c 25 Ap 0.0498866428592608
miniFE.c 25 Ap 0.0415403708162908
miniFE.c 25 Ap -0.2902024106620347
miniFE.c 57 sum 0.0003371226796312
miniFE.c 57 sum 0.0051779849628681
miniFE.c 57 sum 0.0053773297749196
miniFE.c 57 sum 0.0063782143594743
miniFE.c 57 sum 0.0079658744900178
miniFE.c 57 sum 0.0090746174764886
miniFE.c 57 sum 0.0095254088819624
miniFE.c 57 sum 0.0110094434080834
miniFE.c 90 p_ap_dot 0.0110094434080834
miniFE.c 91 alpha 0.0182516478183250
miniFE.c 40 y 1.0000031870279311
miniFE.c 40 y 1.9999957777996542
miniFE.c 40 y 0.9999966890703395
miniFE.c 40 y 1.9999936367902027
miniFE.c 40 y 0.9999982959193019
miniFE.c 40 y 2.0000067198972413
miniFE.c 40 y 1.0000034316746027
miniFE.c 40 y 2.0000025234500258
miniFE.c 40 y -0.0001402437198953
miniFE.c 40 y 0.0002271334542098
miniFE.c 40 y 0.0001310373630023
miniFE.c 40 y 0.0003468350888026
miniFE.c 40 y 0.0001617491227470
miniFE.c 40 y -0.0004180647601611
miniFE.c 40 y -0.0002092302372536
miniFE.c 40 y -0.0001275559718176
