filename line variable value
miniFE.c 167 A 67.0947100000000063
miniFE.c 167 A 15.0875500000000002
miniFE.c 167 A 9.3192129999999995
miniFE.c 167 A 13.7164900000000003
miniFE.c 167 A 14.0634099999999993
miniFE.c 167 A 16.0564000000000000
miniFE.c 167 A 4.9967519999999999
miniFE.c 167 A 6.4080630000000003
miniFE.c 167 A 15.0875500000000002
miniFE.c 167 A 66.4365899999999954
miniFE.c 167 A 14.3919700000000006
miniFE.c 167 A 5.9638159999999996
miniFE.c 167 A 10.9336099999999998
miniFE.c 167 A 9.6522659999999991
miniFE.c 167 A 11.3974100000000007
miniFE.c 167 A 6.9539020000000002
miniFE.c 167 A 9.3192129999999995
miniFE.c 167 A 14.3919700000000006
miniFE.c 167 A 67.6740900000000067
miniFE.c 167 A 9.6121750000000006
miniFE.c 167 A 16.7981799999999986
miniFE.c 167 A 16.1756899999999995
miniFE.c 167 A 11.9519400000000005
miniFE.c 167 A 12.3511699999999998
miniFE.c 167 A 13.7164900000000003
miniFE.c 167 A 5.9638159999999996
miniFE.c 167 A 9.6121750000000006
miniFE.c 167 A 65.4017099999999942
miniFE.c 167 A 3.6681119999999998
miniFE.c 167 A 11.0858899999999991
miniFE.c 167 A 1.3002330000000000
miniFE.c 167 A 4.7210279999999996
miniFE.c 167 A 14.0634099999999993
miniFE.c 167 A 10.9336099999999998
miniFE.c 167 A 16.7981799999999986
miniFE.c 167 A 3.6681119999999998
miniFE.c 167 A 66.5612600000000043
miniFE.c 167 A 4.4892070000000004
miniFE.c 167 A 14.0526599999999995
miniFE.c 167 A 3.7993380000000001
miniFE.c 167 A 16.0564000000000000
miniFE.c 167 A 9.6522659999999991
miniFE.c 167 A 16.1756899999999995
miniFE.c 167 A 11.0858899999999991
miniFE.c 167 A 4.4892070000000004
miniFE.c 167 A 66.4632699999999943
miniFE.c 167 A 7.6122389999999998
miniFE.c 167 A 3.4261349999999999
miniFE.c 167 A 4.9967519999999999
miniFE.c 167 A 11.3974100000000007
miniFE.c 167 A 11.9519400000000005
miniFE.c 167 A 1.3002330000000000
miniFE.c 167 A 14.0526600000009090
miniFE.c 167 A 7.6122389999999998
miniFE.c 167 A 65.6581999999999937
miniFE.c 167 A 2.6745570000000001
miniFE.c 167 A 6.4080630000000003
miniFE.c 167 A 6.9539020000000002
miniFE.c 167 A 12.3511699999999998
miniFE.c 167 A 4.7210279999999996
miniFE.c 167 A 3.7993380000000001
miniFE.c 167 A 3.4261349999999999
miniFE.c 167 A 2.6745570000000001
miniFE.c 167 A 64.8721800000000002
miniFE.c 175 b 198.0110999999999990
miniFE.c 175 b 229.8237000000000023
miniFE.c 175 b 210.8053999999999917
miniFE.c 175 b 202.6418999999999926
miniFE.c 175 b 157.2561000000000035
miniFE.c 175 b 225.5886000000000138
miniFE.c 175 b 142.6283999999999992
miniFE.c 175 b 185.1795999999999935
miniFE.c 33 r 0.0000000000000000
miniFE.c 33 r 0.0000000000000000
miniFE.c 33 r 0.0000000000000000
miniFE.c 33 r 0.0000000000000000
miniFE.c 33 r 0.0000000000000000
miniFE.c 33 r 0.0000000000000000
miniFE.c 33 r 0.0000000000000000
miniFE.c 33 r 0.0000000000000000
miniFE.c 25 Ap 0.0000000000000000
miniFE.c 25 Ap 0.0000000000000000
miniFE.c 25 Ap 0.0000000000000000
miniFE.c 25 Ap 0.0000000000000000
miniFE.c 25 Ap 0.0000000000000000
miniFE.c 25 Ap 0.0000000000000000
miniFE.c 25 Ap 0.0000000000000000
miniFE.c 25 Ap 0.0000000000000000
miniFE.c 25 Ap 0.0000000000000000
miniFE.c 25 Ap 0.0000000000000000
miniFE.c 25 Ap 0.0000000000000000
miniFE.c 25 Ap 0.0000000000000000
miniFE.c 25 Ap 0.0000000000000000
miniFE.c 25 Ap 0.0000000000000000
miniFE.c 25 Ap 0.0000000000000000
miniFE.c 25 Ap 0.0000000000000000
miniFE.c 25 Ap 0.0000000000000000
miniFE.c 25 Ap 0.0000000000000000
miniFE.c 25 Ap 0.0000000000000000
miniFE.c 25 Ap 0.0000000000000000
miniFE.c 25 Ap 0.0000000000000000
miniFE.c 25 Ap 0.0000000000000000
miniFE.c 25 Ap 0.0000000000000000
miniFE.c 25 Ap 0.0000000000000000
miniFE.c 25 Ap 0.0000000000000000
miniFE.c 25 Ap 0.0000000000000000
miniFE.c 25 Ap 0.0000000000000000
miniFE.c 25 Ap 0.0000000000000000
miniFE.c 25 Ap 0.0000000000000000
miniFE.c 25 Ap 0.0000000000000000
miniFE.c 25 Ap 0.0000000000000000
miniFE.c 25 Ap 0.0000000000000000
miniFE.c 25 Ap 0.0000000000000000
miniFE.c 25 Ap 0.0000000000000000
miniFE.c 25 Ap 0.0000000000000000
miniFE.c 25 Ap 0.0000000000000000
miniFE.c 25 Ap 0.0000000000000000
miniFE.c 25 Ap 0.0000000000000000
miniFE.c 25 Ap 0.0000000000000000
miniFE.c 25 Ap 0.0000000000000000
miniFE.c 25 Ap 0.0000000000000000
miniFE.c 25 Ap 0.0000000000000000
miniFE.c 25 Ap 0.0000000000000000
miniFE.c 25 Ap 0.0000000000000000
miniFE.c 25 Ap 0.0000000000000000
miniFE.c 25 Ap 0.0000000000000000
miniFE.c 25 Ap 0.0000000000000000
miniFE.c 25 Ap 0.0000000000000000
miniFE.c 25 Ap 0.0000000000000000
miniFE.c 25 Ap 0.0000000000000000
miniFE.c 25 Ap 0.0000000000000000
miniFE.c 25 Ap 0.0000000000000000
miniFE.c 25 Ap 0.0000000000000000
miniFE.c 25 Ap 0.0000000000000000
miniFE.c 25 Ap 0.0000000000000000
miniFE.c 25 Ap 0.0000000000000000
miniFE.c 25 Ap 0.0000000000000000
miniFE.c 25 Ap 0.0000000000000000
miniFE.c 25 Ap 0.0000000000000000
miniFE.c 25 Ap 0.0000000000000000
miniFE.c 25 Ap 0.0000000000000000
miniFE.c 25 Ap 0.0000000000000000
miniFE.c 25 Ap 0.0000000000000000
miniFE.c 25 Ap 0.0000000000000000
miniFE.c 33 r 198.0110999999999990
miniFE.c 33 r 229.8237000000000023
miniFE.c 33 r 210.8053999999999917
miniFE.c 33 r 202.6418999999999926
miniFE.c 33 r 157.2561000000000035
miniFE.c 33 r 225.5886000000000138
miniFE.c 33 r 142.6283999999999992
miniFE.c 33 r 185.1795999999999935
miniFE.c 48 sum 39208.3957232100001420
miniFE.c 48 sum 92027.3288048999966122
miniFE.c 48 sum 136466.2454740600078367
miniFE.c 48 sum 177529.9851096700003836
miniFE.c 48 sum 202259.4660968800017145
miniFE.c 48 sum 253149.6825468399911188
miniFE.c 48 sum 273492.5430333999684080
miniFE.c 48 sum 307784.0272895599482581
miniFE.c 75 rtrans 307784.0272895599482581
miniFE.c 76 normr 554.7828649927464539
miniFE.c 33 r 198.0110999999999990
miniFE.c 33 r 229.8237000000000023
miniFE.c 33 r 210.8053999999999917
miniFE.c 33 r 202.6418999999999926
miniFE.c 33 r 157.2561000000000035
miniFE.c 33 r 225.5886000000000138
miniFE.c 33 r 142.6283999999999992
miniFE.c 33 r 185.1795999999999935
miniFE.c 87 normr 554.7828649927464539
miniFE.c 25 Ap 13285.4973312810016068
miniFE.c 25 Ap 16752.9738962160008668
miniFE.c 25 Ap 18717.5143203662009910
miniFE.c 25 Ap 21497.0499152972006414
miniFE.c 25 Ap 23708.6069245981998392
miniFE.c 25 Ap 27330.7477216381994367
miniFE.c 25 Ap 28043.4264645949988335
miniFE.c 25 Ap 29230.0690077097970061
miniFE.c 25 Ap 2987.5023718050001662
miniFE.c 25 Ap 18256.2053009880000900
miniFE.c 25 Ap 21290.1102936259994749
miniFE.c 25 Ap 22498.6292991164009436
miniFE.c 25 Ap 24218.0061666374022025
miniFE.c 25 Ap 26395.4473404050004319
miniFE.c 25 Ap 28021.0416928490012651
miniFE.c 25 Ap 29308.7624836482027604
miniFE.c 25 Ap 1845.3076172643000064
miniFE.c 25 Ap 5152.9234129532997031
miniFE.c 25 Ap 19418.9870250392996240
miniFE.c 25 Ap 21366.8164301717988565
miniFE.c 25 Ap 24008.4327040697971825
miniFE.c 25 Ap 27657.4839652037990163
miniFE.c 25 Ap 29362.1700442997971550
miniFE.c 25 Ap 31649.3547644317950471
miniFE.c 25 Ap 2716.0172730389999742
miniFE.c 25 Ap 4086.6435322781999275
miniFE.c 25 Ap 6112.9419280231995799
miniFE.c 25 Ap 19366.0687056721981207
miniFE.c 25 Ap 19942.9016931553996983
miniFE.c 25 Ap 22443.7520980093977414
miniFE.c 25 Ap 22629.2022504265987664
miniFE.c 25 Ap 23503.4403270553993934
miniFE.c 25 Ap 2784.7112838509997346
miniFE.c 25 Ap 5297.5139884079999320
miniFE.c 25 Ap 8838.6610425799990480
miniFE.c 25 Ap 9581.9742276727993158
miniFE.c 25 Ap 20049.1383863587980159
miniFE.c 25 Ap 21061.8523085989982064
miniFE.c 25 Ap 23066.1607201429978886
miniFE.c 25 Ap 23769.7206112477979332
miniFE.c 25 Ap 3179.3454260399998930
miniFE.c 25 Ap 5397.6649115441996400
miniFE.c 25 Ap 8807.5877122702004272
miniFE.c 25 Ap 11054.0535250612010714
miniFE.c 25 Ap 11760.0087099739012046
miniFE.c 25 Ap 26753.3647406958989450
miniFE.c 25 Ap 27839.0862096834971453
miniFE.c 25 Ap 28473.5365185294976982
miniFE.c 25 Ap 989.4123599472000024
miniFE.c 25 Ap 3608.8072965641999872
miniFE.c 25 Ap 6128.3407890401995246
miniFE.c 25 Ap 6391.8224746028990921
miniFE.c 25 Ap 8601.6889808290416113
miniFE.c 25 Ap 10318.9233197044413828
miniFE.c 25 Ap 19683.6473325844417559
miniFE.c 25 Ap 20178.9207280216432991
miniFE.c 25 Ap 1268.8676034993000030
miniFE.c 25 Ap 2867.0390905766998912
miniFE.c 25 Ap 5470.7324228946999938
miniFE.c 25 Ap 6427.4105067679001877
miniFE.c 25 Ap 7024.8795832297000743
miniFE.c 25 Ap 7797.7765812907000509
miniFE.c 25 Ap 8179.2443669095000587
miniFE.c 25 Ap 20192.2487104374995397
miniFE.c 57 sum 5787878.1172925252467394
miniFE.c 57 sum 12523726.3537057451903820
miniFE.c 57 sum 19195581.2445636950433254
miniFE.c 57 sum 23958363.0489748232066631
miniFE.c 57 sum 27696296.6103892698884010
miniFE.c 57 sum 34119601.8506532162427902
miniFE.c 57 sum 36997689.0278177782893181
miniFE.c 57 sum 40736881.5671171098947525
miniFE.c 90 p_ap_dot 40736881.5671171098947525
miniFE.c 91 alpha 0.0075554145395853
miniFE.c 40 y 1.4960559439392735
miniFE.c 40 y 1.7364133245212841
miniFE.c 40 y 1.5927221841830894
miniFE.c 40 y 1.5310435575891850
miniFE.c 40 y 1.1881350243784758
miniFE.c 40 y 1.7044153884046866
miniFE.c 40 y 1.0776166871177844
miniFE.c 40 y 1.3991086422745851
miniFE.c 40 y -22.8341883739315108
miniFE.c 40 y 8.3838497937929617
miniFE.c 40 y -28.3185951556804412
miniFE.c 40 y 25.0636652226907586
miniFE.c 40 y -22.3339927081013627
miniFE.c 40 y 10.4592281944899810
miniFE.c 40 y -9.8317110616333991
miniFE.c 40 y 32.6187905062385255
miniFE.c 82 oldrtrans 307784.0272895599482581
miniFE.c 48 sum 521.4001586961890098
miniFE.c 48 sum 591.6890960610712682
miniFE.c 48 sum 1393.6319276523990993
miniFE.c 48 sum 2021.8192420475172639
miniFE.c 48 sum 2520.6264723330423294
miniFE.c 48 sum 2630.0219267574566402
miniFE.c 48 sum 2726.6844691569012866
miniFE.c 48 sum 3790.6699632467780248
miniFE.c 83 rtrans 3790.6699632467780248
miniFE.c 84 beta 0.0123160061184090
miniFE.c 40 y -20.3954824548186195
miniFE.c 40 y 11.2143598891483514
miniFE.c 40 y -25.7223145594867901
miniFE.c 40 y 27.5594041029367816
miniFE.c 40 y -20.3972256183442262
miniFE.c 40 y 13.2375787723332969
miniFE.c 40 y -8.0750988145745151
miniFE.c 40 y 34.8994635928430554
miniFE.c 87 normr 61.5684169298413764
miniFE.c 25 Ap -1368.4289806161434626
miniFE.c 25 Ap -1199.2317650706231689
miniFE.c 25 Ap -1438.9434933034817732
miniFE.c 25 Ap -1060.9252025195903570
miniFE.c 25 Ap -1347.7797492528686689
miniFE.c 25 Ap -1135.2318894527763860
miniFE.c 25 Ap -1175.5811556046992337
miniFE.c 25 Ap -951.9431942355545289
miniFE.c 25 Ap -307.7178613111986465
miniFE.c 25 Ap 437.3259687565957279
miniFE.c 25 Ap 67.1311892858985857
miniFE.c 25 Ap 231.4904044254585926
miniFE.c 25 Ap 8.4750944324739805
miniFE.c 25 Ap 136.2477259389883955
miniFE.c 25 Ap 44.2125139587686675
miniFE.c 25 Ap 286.8999636359671968
miniFE.c 25 Ap -190.0698452342175813
miniFE.c 25 Ap -28.6731141403911636
miniFE.c 25 Ap -1769.4073446474108096
miniFE.c 25 Ap -1504.5015295142643481
miniFE.c 25 Ap -1847.1377969518218833
miniFE.c 25 Ap -1633.0108263799779706
miniFE.c 25 Ap -1729.5239229058436194
miniFE.c 25 Ap -1298.4747151618282714
miniFE.c 25 Ap -279.7544311366950751
miniFE.c 25 Ap -212.8740522000339297
miniFE.c 25 Ap -460.1214411508689182
miniFE.c 25 Ap 1342.3107137622123446
miniFE.c 25 Ap 1267.4914057048565610
miniFE.c 25 Ap 1414.2417478412785385
miniFE.c 25 Ap 1403.7422378843077695
miniFE.c 25 Ap 1568.5035826911002914
miniFE.c 25 Ap -286.8300319099207059
miniFE.c 25 Ap -164.2165944823294126
miniFE.c 25 Ap -596.3046644692092286
miniFE.c 25 Ap -495.2136835663775969
miniFE.c 25 Ap -1852.8787212276483842
miniFE.c 25 Ap -1793.4524899398384150
miniFE.c 25 Ap -1906.9291080474570208
miniFE.c 25 Ap -1774.3342498395518305
miniFE.c 25 Ap -327.4780244875497033
miniFE.c 25 Ap -219.2340398177593102
miniFE.c 25 Ap -635.3102262145041550
miniFE.c 25 Ap -329.7897038637983655
miniFE.c 25 Ap -421.3570718902486192
miniFE.c 25 Ap 458.4557002016077263
miniFE.c 25 Ap 396.9861180764498272
miniFE.c 25 Ap 516.5563917731151378
miniFE.c 25 Ap -101.9111677470798440
miniFE.c 25 Ap 25.9034897970984730
miniFE.c 25 Ap -281.5280704790141044
miniFE.c 25 Ap -245.6944238040402979
miniFE.c 25 Ap -532.3297003619400130
miniFE.c 25 Ap -431.5620869656123659
miniFE.c 25 Ap -961.7585399527087020
miniFE.c 25 Ap -868.4179353042251250
miniFE.c 25 Ap -130.6955364858723669
miniFE.c 25 Ap -52.7119768240038695
miniFE.c 25 Ap -370.4126567417002889
miniFE.c 25 Ap -240.3039383084208680
miniFE.c 25 Ap -317.7998926947695963
miniFE.c 25 Ap -272.4461607476214340
miniFE.c 25 Ap -294.0434728078333819
miniFE.c 25 Ap 1969.9608112905279995
miniFE.c 57 sum 19415.3407160152455617
miniFE.c 57 sum 22632.7401604125552694
miniFE.c 57 sum 56032.5152313451108057
miniFE.c 57 sum 99259.5393036332679912
miniFE.c 57 sum 135451.0353199661476538
miniFE.c 57 sum 142288.9912464150111191
miniFE.c 57 sum 149301.5518863454053644
miniFE.c 57 sum 218052.1274993067490868
miniFE.c 90 p_ap_dot 218052.1274993067490868
miniFE.c 91 alpha 0.0173842374606450
miniFE.c 40 y 1.1414960338202889
miniFE.c 40 y 1.9313664198033711
miniFE.c 40 y 1.1455593598435660
miniFE.c 40 y 2.0101427827885106
miniFE.c 40 y 0.8335448106908292
miniFE.c 40 y 1.9345406011869215
miniFE.c 40 y 0.9372372518070484
miniFE.c 40 y 2.0058092046217020
miniFE.c 40 y -6.2853818362957696
miniFE.c 40 y 3.3963126984949064
miniFE.c 40 y -5.7456023706638994
miniFE.c 40 y -2.2035735166836865
miniFE.c 40 y 8.5114552256647364
miniFE.c 40 y 1.4792892180922017
miniFE.c 40 y 5.2650725407782559
miniFE.c 40 y -1.6274760254007958
miniFE.c 82 oldrtrans 3790.6699632467780248
miniFE.c 48 sum 39.5060248280367787
miniFE.c 48 sum 51.0409647739945314
miniFE.c 48 sum 84.0529113757731494
miniFE.c 48 sum 88.9086476192028528
miniFE.c 48 sum 161.3535176776983917
miniFE.c 48 sum 163.5418142684622183
miniFE.c 48 sum 191.2628031281194296
miniFE.c 48 sum 193.9114813413738148
miniFE.c 83 rtrans 193.9114813413738148
miniFE.c 84 beta 0.0511549365208479
miniFE.c 40 y -7.3287114465840837
miniFE.c 40 y 3.9699825667462334
miniFE.c 40 y -7.0614257391237283
miniFE.c 40 y -0.7937739492455600
miniFE.c 40 y 7.4680364439569242
miniFE.c 40 y 2.1564567198806355
miniFE.c 40 y 4.8519913735191222
miniFE.c 40 y 0.1578038193027334
miniFE.c 87 normr 13.9252102799697006
miniFE.c 25 Ap -491.7177691822396355
miniFE.c 25 Ap -431.8204587073274752
miniFE.c 25 Ap -497.6273892539039139
miniFE.c 25 Ap -508.5151816909911417
miniFE.c 25 Ap -403.4891232846829325
miniFE.c 25 Ap -368.8641916075915219
miniFE.c 25 Ap -344.6199940079770840
miniFE.c 25 Ap -343.6087771922445313
miniFE.c 25 Ap -110.5723003859096991
miniFE.c 25 Ap 153.1798037081574364
miniFE.c 25 Ap 51.5519763134609121
miniFE.c 25 Ap 46.8180545345670538
miniFE.c 25 Ap 128.4706524785789270
miniFE.c 25 Ap 149.2853463563542959
miniFE.c 25 Ap 204.5854813568148813
miniFE.c 25 Ap 205.6828336514718103
miniFE.c 25 Ap -68.2978229862551984
miniFE.c 25 Ap -11.1619529851204078
miniFE.c 25 Ap -489.0375139828962006
miniFE.c 25 Ap -496.6674080934856192
miniFE.c 25 Ap -371.2179876613373040
miniFE.c 25 Ap -336.3358122621312987
miniFE.c 25 Ap -278.3451024853131344
miniFE.c 25 Ap -276.3960406864558195
miniFE.c 25 Ap -100.5241972699561188
miniFE.c 25 Ap -76.8479517186738690
miniFE.c 25 Ap -144.7236116726355135
miniFE.c 25 Ap -196.6377853067483557
miniFE.c 25 Ap -169.2441912102326285
miniFE.c 25 Ap -145.3379492238750856
miniFE.c 25 Ap -139.0292299243101866
miniFE.c 25 Ap -138.2842336748750540
miniFE.c 25 Ap -103.0666738450050701
miniFE.c 25 Ap -59.6604327534027874
miniFE.c 25 Ap -178.2795333758361949
miniFE.c 25 Ap -181.1911851243512217
miniFE.c 25 Ap 315.8907303113410308
miniFE.c 25 Ap 325.5715109134262093
miniFE.c 25 Ap 393.7548960084234295
miniFE.c 25 Ap 394.3544460556454396
miniFE.c 25 Ap -117.6727224709326833
miniFE.c 25 Ap -79.3533947213352917
miniFE.c 25 Ap -193.5768284354215893
miniFE.c 25 Ap -202.3765191216234598
miniFE.c 25 Ap -168.8509576411569242
miniFE.c 25 Ap -25.5257924244158971
miniFE.c 25 Ap 11.4087255367499338
miniFE.c 25 Ap 11.9493827251967044
miniFE.c 25 Ap -36.6197535781419106
miniFE.c 25 Ap 8.6277654279172822
miniFE.c 25 Ap -75.7699713205451673
miniFE.c 25 Ap -76.8020624038945670
miniFE.c 25 Ap 28.1437146106479332
miniFE.c 25 Ap 44.5591785555353823
miniFE.c 25 Ap 363.1321985563285466
miniFE.c 25 Ap 363.5542538658714307
miniFE.c 25 Ap -46.9628446585319423
miniFE.c 25 Ap -19.3559749476701768
miniFE.c 25 Ap -106.5728446939629919
miniFE.c 25 Ap -110.3202737340218533
miniFE.c 25 Ap -81.9466790871114483
miniFE.c 25 Ap -74.5583672431432092
miniFE.c 25 Ap -61.5814397511580296
miniFE.c 25 Ap -51.3443619806636349
miniFE.c 57 sum 2518.2095785555625298
miniFE.c 57 sum 3334.7668424308712929
miniFE.c 57 sum 5286.5169583260994841
miniFE.c 57 sum 5396.2833806086009645
miniFE.c 57 sum 8341.3367555886070477
miniFE.c 57 sum 8367.1050822647830501
miniFE.c 57 sum 10131.0671858281730238
miniFE.c 57 sum 10122.9648494079629018
miniFE.c 90 p_ap_dot 10122.9648494079629018
miniFE.c 91 alpha 0.0191556015679255
miniFE.c 40 y 1.0011101573432293
miniFE.c 40 y 2.0074138240835722
miniFE.c 40 y 1.0102935018834180
miniFE.c 40 y 1.9949375652817638
miniFE.c 40 y 0.9765995413060151
miniFE.c 40 y 1.9758488269114305
miniFE.c 40 y 1.0301800653691924
miniFE.c 40 y 2.0088320317101620
miniFE.c 40 y 0.2966509948409506
miniFE.c 40 y -0.5436657122945854
miniFE.c 40 y -0.4510699403220277
miniFE.c 40 y 0.4453441667181255
miniFE.c 40 y 0.9573585804828255
miniFE.c 40 y 1.2503916036256819
miniFE.c 40 y -1.6990278946008130
miniFE.c 40 y -0.6439438845398615
miniFE.c 82 oldrtrans 193.9114813413738148
miniFE.c 48 sum 0.0880018127401257
miniFE.c 48 sum 0.3835742194649046
miniFE.c 48 sum 0.5870383105270223
miniFE.c 48 sum 0.7853697373568838
miniFE.c 48 sum 1.7019051889809744
miniFE.c 48 sum 3.2653843513985787
miniFE.c 48 sum 6.1520801380302501
miniFE.c 48 sum 6.5667438644665364
miniFE.c 83 rtrans 6.5667438644665364
miniFE.c 84 beta 0.0338646469979054
miniFE.c 40 y 0.0484667687528723
miniFE.c 40 y -0.4092236540838859
miniFE.c 40 y -0.6902026302793758
miniFE.c 40 y 0.4184632921307914
miniFE.c 40 y 1.2102609984249191
miniFE.c 40 y 1.3234192492107004
miniFE.c 40 y -1.5347169194997061
miniFE.c 40 y -0.6385999139042532
miniFE.c 87 normr 2.5625658751467322
miniFE.c 25 Ap 3.2518637941110260
miniFE.c 25 Ap -2.9223185480623073
miniFE.c 25 Ap -9.3544638727960603
miniFE.c 25 Ap -3.6146163109169818
miniFE.c 25 Ap 13.4057803169420069
miniFE.c 25 Ap 34.6551291499687011
miniFE.c 25 Ap 26.9865293130247039
miniFE.c 25 Ap 22.8943408329316753
miniFE.c 25 Ap 0.7312447968973979
miniFE.c 25 Ap -26.4561793277755584
miniFE.c 25 Ap -36.3895548766774226
miniFE.c 25 Ap -33.8939167996551376
miniFE.c 25 Ap -20.6613950446664560
miniFE.c 25 Ap -7.8874004217644860
miniFE.c 25 Ap -25.3791983872396330
miniFE.c 25 Ap -29.8199596057382479
miniFE.c 25 Ap 0.4516721414297609
miniFE.c 25 Ap -5.4378624114359040
miniFE.c 25 Ap -52.1466973311991069
miniFE.c 25 Ap -48.1243549361618150
miniFE.c 25 Ap -27.7941728376403105
miniFE.c 25 Ap -6.3869533223752768
miniFE.c 25 Ap -24.7297978612205966
miniFE.c 25 Ap -32.6172539598373916
miniFE.c 25 Ap 0.6647939489310848
miniFE.c 25 Ap -1.7757406268728593
miniFE.c 25 Ap -8.4100890945785185
miniFE.c 25 Ap 18.9581257830047747
miniFE.c 25 Ap 23.3974986744592002
miniFE.c 25 Ap 38.0687788950916115
miniFE.c 25 Ap 36.0732893106997494
miniFE.c 25 Ap 33.0584412363601814
miniFE.c 25 Ap 0.6816080403468312
miniFE.c 25 Ap -3.7926837961812847
miniFE.c 25 Ap -15.3868318160876889
miniFE.c 25 Ap -13.8518615926632283
miniFE.c 25 Ap 66.7046353913574137
miniFE.c 25 Ap 72.6457383488488375
miniFE.c 25 Ap 51.0788832828720984
miniFE.c 25 Ap 48.6526263631789391
miniFE.c 25 Ap 0.7782018258036181
miniFE.c 25 Ap -3.1717337369060350
miniFE.c 25 Ap -14.3362375214898297
miniFE.c 25 Ap -9.6971994958900112
miniFE.c 25 Ap -4.2640873499338747
miniFE.c 25 Ap 83.6946835335541834
miniFE.c 25 Ap 72.0120515449786609
miniFE.c 25 Ap 69.8241220289543065
miniFE.c 25 Ap 0.2421764236994519
miniFE.c 25 Ap -4.4219133435927711
miniFE.c 25 Ap -12.6711737685340537
miniFE.c 25 Ap -12.1270739868169581
miniFE.c 25 Ap 4.8803123353100641
miniFE.c 25 Ap 14.9544959575024770
miniFE.c 25 Ap -85.8122544863931154
miniFE.c 25 Ap -87.5202263563251392
miniFE.c 25 Ap 0.3105781075748369
miniFE.c 25 Ap -2.5351230790064059
miniFE.c 25 Ap -11.0599331000341223
miniFE.c 25 Ap -9.0843561809124775
miniFE.c 25 Ap -4.4861655796787421
miniFE.c 25 Ap 0.0480474297157611
miniFE.c 25 Ap -4.0566404503506144
miniFE.c 25 Ap -45.4840090131318320
miniFE.c 57 sum 1.1096147228991404
miniFE.c 57 sum 13.3126475573932215
miniFE.c 57 sum 35.8251620329633766
miniFE.c 57 sum 49.6589061854429659
miniFE.c 57 sum 108.5412823437384446
miniFE.c 57 sum 200.9478694960934604
miniFE.c 57 sum 335.2666416835897962
miniFE.c 57 sum 364.3127259233960444
miniFE.c 90 p_ap_dot 364.3127259233960444
miniFE.c 91 alpha 0.0180250191585328
miniFE.c 40 y 1.0019837717785520
miniFE.c 40 y 2.0000375598785851
miniFE.c 40 y 0.9978525862493626
miniFE.c 40 y 2.0024803741395640
miniFE.c 40 y 0.9984145189894493
miniFE.c 40 y 1.9997034842332244
miniFE.c 40 y 1.0025167634922856
miniFE.c 40 y 1.9973212560274005
miniFE.c 40 y -0.1160199372946235
miniFE.c 40 y -0.0061603690944781
miniFE.c 40 y 0.1368566872027722
miniFE.c 40 y -0.1505348699184987
miniFE.c 40 y 0.0803940581735854
miniFE.c 40 y -0.0081895336739541
miniFE.c 40 y -0.1214741377689219
miniFE.c 40 y 0.1759062493287199
miniFE.c 82 oldrtrans 6.5667438644665364
miniFE.c 48 sum 0.0134606258498484
miniFE.c 48 sum 0.0134985759972286
miniFE.c 48 sum 0.0322283288293460
miniFE.c 48 sum 0.0548890758907253
miniFE.c 48 sum 0.0613522804803432
miniFE.c 48 sum 0.0614193489421400
miniFE.c 48 sum 0.0761753150888430
miniFE.c 48 sum 0.1071183236417408
miniFE.c 83 rtrans 0.1071183236417408
miniFE.c 84 beta 0.0163122433054487
miniFE.c 40 y -0.1152293355704977
miniFE.c 40 y -0.0128357249062393
miniFE.c 40 y 0.1255979339675944
miniFE.c 40 y -0.1437087948828622
miniFE.c 40 y 0.1001361300429879
miniFE.c 40 y 0.0133984031142851
miniFE.c 40 y -0.1465088135647899
miniFE.c 40 y 0.1654892521582751
miniFE.c 87 normr 0.3272893576664857
miniFE.c 25 Ap -7.7312788535952270
miniFE.c 25 Ap -7.9249384949043575
miniFE.c 25 Ap -6.7544645959004104
miniFE.c 25 Ap -8.7256448438232415
miniFE.c 25 Ap -7.3173893912153840
miniFE.c 25 Ap -7.1022592714511772
miniFE.c 25 Ap -7.8343274786486683
miniFE.c 25 Ap -6.7738619249955558
miniFE.c 25 Ap -1.7385283618866623
miniFE.c 25 Ap -2.5912901548352698
miniFE.c 25 Ap -0.7836884571116707
miniFE.c 25 Ap -1.6407412673748023
miniFE.c 25 Ap -0.5458918745754890
miniFE.c 25 Ap -0.4165669237411810
miniFE.c 25 Ap -2.0863879405526533
miniFE.c 25 Ap -0.9355918989907197
miniFE.c 25 Ap -1.0738467220299444
miniFE.c 25 Ap -1.2585780898087928
miniFE.c 25 Ap 7.2411477973282459
miniFE.c 25 Ap 5.8597937118750698
miniFE.c 25 Ap 7.5418984488405885
miniFE.c 25 Ap 7.7586268641122986
miniFE.c 25 Ap 6.0075623149147432
miniFE.c 25 Ap 8.0515482014944659
miniFE.c 25 Ap -1.5805420290593757
miniFE.c 25 Ap -1.6570919306268039
miniFE.c 25 Ap -0.4498226096918425
miniFE.c 25 Ap -9.8486235370702797
miniFE.c 25 Ap -9.4813129968260359
miniFE.c 25 Ap -9.3327797737254148
miniFE.c 25 Ap -9.5232753679132021
miniFE.c 25 Ap -8.7419959747749250
miniFE.c 25 Ap -1.6205173901554928
miniFE.c 25 Ap -1.7608582003475997
miniFE.c 25 Ap 0.3489585020681645
miniFE.c 25 Ap -0.1781814529472009
miniFE.c 25 Ap 6.4870055342379302
miniFE.c 25 Ap 6.5471537392874009
miniFE.c 25 Ap 4.4883151952580205
miniFE.c 25 Ap 5.1170647995745373
miniFE.c 25 Ap -1.8501683036541390
miniFE.c 25 Ap -1.9740621347519856
miniFE.c 25 Ap 0.0575711097482907
miniFE.c 25 Ap -1.5355687823556825
miniFE.c 25 Ap -1.0860369664137908
miniFE.c 25 Ap -0.1955352826602199
miniFE.c 25 Ap -1.3107953871218425
miniFE.c 25 Ap -0.7438068681785506
miniFE.c 25 Ap -0.5757724129705554
miniFE.c 25 Ap -0.7220664323741760
miniFE.c 25 Ap 0.7790725385304739
miniFE.c 25 Ap 0.5922176210335452
miniFE.c 25 Ap 1.9993966102435312
miniFE.c 25 Ap 2.1013884569678138
miniFE.c 25 Ap -7.5181165258318741
miniFE.c 25 Ap -7.0755060880471943
miniFE.c 25 Ap -0.7383968417838901
miniFE.c 25 Ap -0.8276552148808373
miniFE.c 25 Ap 0.7236262192016952
miniFE.c 25 Ap 0.0451729747134462
miniFE.c 25 Ap 0.4256239787587119
miniFE.c 25 Ap 0.4715287166126730
miniFE.c 25 Ap 0.0796825437312693
miniFE.c 25 Ap 10.8153310978082811
miniFE.c 57 sum 0.7805476088635303
miniFE.c 57 sum 0.7925566091034811
miniFE.c 57 sum 1.8038144284516862
miniFE.c 57 sum 3.0601161348574228
miniFE.c 57 sum 3.5725192010660147
miniFE.c 57 sum 3.5625533768069846
miniFE.c 57 sum 4.5991773791372266
miniFE.c 57 sum 6.3889984343576556
miniFE.c 90 p_ap_dot 6.3889984343576556
miniFE.c 91 alpha 0.0167660588341513
miniFE.c 40 y 1.0000518299589569
miniFE.c 40 y 1.9998223553596282
miniFE.c 40 y 0.9999583685997111
miniFE.c 40 y 2.0000709440295732
miniFE.c 40 y 1.0000934072371743
miniFE.c 40 y 1.9999281226481223
miniFE.c 40 y 1.0000603881043366
miniFE.c 40 y 2.0000958585655058
miniFE.c 40 y -0.0024489697257308
miniFE.c 40 y 0.0095258197287556
miniFE.c 40 y 0.0018639563505112
miniFE.c 40 y -0.0039660510775088
miniFE.c 40 y -0.0053989513142458
miniFE.c 40 y 0.0042811760391732
miniFE.c 40 y -0.0028457864153272
miniFE.c 40 y -0.0054242281679595
miniFE.c 82 oldrtrans 0.1071183236417408
miniFE.c 48 sum 0.0000059974527175
miniFE.c 48 sum 0.0000967386942223
miniFE.c 48 sum 0.0001002130274989
miniFE.c 48 sum 0.0001159425886483
miniFE.c 48 sum 0.0001450912639419
miniFE.c 48 sum 0.0001634197322203
miniFE.c 48 sum 0.0001715182325420
miniFE.c 48 sum 0.0002009404837600
miniFE.c 83 rtrans 0.0002009404837600
miniFE.c 84 beta 0.0018758740515031
miniFE.c 40 y -0.0026651254462995
miniFE.c 40 y 0.0095017415254717
miniFE.c 40 y 0.0020995622557634
miniFE.c 40 y -0.0042356306768023
miniFE.c 40 y -0.0052111085462802
miniFE.c 40 y 0.0043063097559069
miniFE.c 40 y -0.0031206184970099
miniFE.c 40 y -0.0051137911740332
miniFE.c 87 normr 0.0141753477474116
miniFE.c 25 Ap -0.1788158189330824
miniFE.c 25 Ap -0.0354578185804515
miniFE.c 25 Ap -0.0158915507122319
miniFE.c 25 Ap -0.0739895365342844
miniFE.c 25 Ap -0.1472754925751271
miniFE.c 25 Ap -0.0781316606103836
miniFE.c 25 Ap -0.0937246173265546
miniFE.c 25 Ap -0.1264941133386032
miniFE.c 25 Ap -0.0402102134273153
miniFE.c 25 Ap 0.5910530925864239
miniFE.c 25 Ap 0.6212699295845032
miniFE.c 25 Ap 0.5960094075840986
miniFE.c 25 Ap 0.5390331790714037
miniFE.c 25 Ap 0.5805988263138121
miniFE.c 25 Ap 0.5450318578498069
miniFE.c 25 Ap 0.5094710551771152
miniFE.c 25 Ap -0.0248368717057847
miniFE.c 25 Ap 0.1119119072765586
miniFE.c 25 Ap 0.2539978723336945
miniFE.c 25 Ap 0.2132842490329020
miniFE.c 25 Ap 0.1257471096729486
miniFE.c 25 Ap 0.1954046413284742
miniFE.c 25 Ap 0.1581071962893221
miniFE.c 25 Ap 0.0949458921543386
miniFE.c 25 Ap -0.0365561665329120
miniFE.c 25 Ap 0.0201104716045607
miniFE.c 25 Ap 0.0402918314303533
miniFE.c 25 Ap -0.2367256577609771
miniFE.c 25 Ap -0.2558405875528901
miniFE.c 25 Ap -0.2081013112929794
miniFE.c 25 Ap -0.2121588424432021
miniFE.c 25 Ap -0.2363011937619656
miniFE.c 25 Ap -0.0374807518527422
miniFE.c 25 Ap 0.0664075843075707
miniFE.c 25 Ap 0.1016764090010904
miniFE.c 25 Ap 0.0861396412879436
miniFE.c 25 Ap -0.2607183095492360
miniFE.c 25 Ap -0.2413863936488505
miniFE.c 25 Ap -0.2852393843770411
miniFE.c 25 Ap -0.3046684055086100
miniFE.c 25 Ap -0.0427923202159625
miniFE.c 25 Ap 0.0489210164511363
miniFE.c 25 Ap 0.0828828846360659
miniFE.c 25 Ap 0.0359271488724096
miniFE.c 25 Ap 0.0125334039086886
miniFE.c 25 Ap 0.2987448319191628
miniFE.c 25 Ap 0.2749899380921029
miniFE.c 25 Ap 0.2574693991680567
miniFE.c 25 Ap -0.0133169709040477
miniFE.c 25 Ap 0.0949782729757790
miniFE.c 25 Ap 0.1200721150829279
miniFE.c 25 Ap 0.1145648083011372
miniFE.c 25 Ap 0.0413348716771623
miniFE.c 25 Ap 0.0741155307471572
miniFE.c 25 Ap -0.1307786626532161
miniFE.c 25 Ap -0.1444557886342647
miniFE.c 25 Ap -0.0170782917627900
miniFE.c 25 Ap 0.0489958876346708
miniFE.c 25 Ap 0.0749279379811882
miniFE.c 25 Ap 0.0549314069583454
miniFE.c 25 Ap 0.0351326442363382
miniFE.c 25 Ap 0.0498866428118923
miniFE.c 25 Ap 0.0415403707663850
miniFE.c 25 Ap -0.2902024107579069
miniFE.c 57 sum 0.0003371226802658
miniFE.c 57 sum 0.0051779849612681
miniFE.c 57 sum 0.0053773297727751
miniFE.c 57 sum 0.0063782143580383
miniFE.c 57 sum 0.0079658744897658
miniFE.c 57 sum 0.0090746174752507
miniFE.c 57 sum 0.0095254088812629
miniFE.c 57 sum 0.0110094434080799
miniFE.c 90 p_ap_dot 0.0110094434080799
miniFE.c 91 alpha 0.0182516478183246
miniFE.c 40 y 1.0000031870279193
miniFE.c 40 y 1.9999957777996118
miniFE.c 40 y 0.9999966890705759
miniFE.c 40 y 1.9999936367901716
miniFE.c 40 y 0.9999982959192446
miniFE.c 40 y 2.0000067198971836
miniFE.c 40 y 1.0000034316745539
miniFE.c 40 y 2.0000025234499810
miniFE.c 40 y -0.0001402437179834
miniFE.c 40 y 0.0002271334560327
miniFE.c 40 y 0.0001310373651136
miniFE.c 40 y 0.0003468350900843
miniFE.c 40 y 0.0001617491244678
miniFE.c 40 y -0.0004180647584378
miniFE.c 40 y -0.0002092302358562
miniFE.c 40 y -0.0001275559707775
