filename line variable value
miniFE.c 167 A 67.0947100000000063
miniFE.c 167 A 15.0875500000000002
miniFE.c 167 A 9.3192129999999995
miniFE.c 167 A 13.7164900000000003
miniFE.c 167 A 14.0634099999999993
miniFE.c 167 A 16.0564000000000000
miniFE.c 167 A 4.9967519999999999
miniFE.c 167 A 6.4080630000000003
miniFE.c 167 A 15.0875500000000002
miniFE.c 167 A 66.4365899999999954
miniFE.c 167 A 14.3919700000000006
miniFE.c 167 A 5.9638159999999996
miniFE.c 167 A 10.9336099999999998
miniFE.c 167 A 9.6522659999999991
miniFE.c 167 A 11.3974100000000007
miniFE.c 167 A 6.9539020000000002
miniFE.c 167 A 9.3192129999999995
miniFE.c 167 A 14.3919700000000006
miniFE.c 167 A 67.6740900000000067
miniFE.c 167 A 9.6121750000000006
miniFE.c 167 A 16.7981799999999986
miniFE.c 167 A 16.1756899999999995
miniFE.c 167 A 11.9519400000000005
miniFE.c 167 A 12.3511699999999998
miniFE.c 167 A 13.7164900000000003
miniFE.c 167 A 5.9638159999999996
miniFE.c 167 A 9.6121750000000006
miniFE.c 167 A 65.4017099999999942
miniFE.c 167 A 3.6681119999999998
miniFE.c 167 A 11.0858899999999991
miniFE.c 167 A 1.3002330000000000
miniFE.c 167 A 4.7210279999999996
miniFE.c 167 A 14.0634099999999993
miniFE.c 167 A 10.9336099999999998
miniFE.c 167 A 16.7981799999999986
miniFE.c 167 A 3.6681119999999998
miniFE.c 167 A 66.5612600000000043
miniFE.c 167 A 4.4892070000000004
miniFE.c 167 A 14.0526599999999995
miniFE.c 167 A 3.7993380000000001
miniFE.c 167 A 16.0564000000000000
miniFE.c 167 A 9.6522659999999991
miniFE.c 167 A 16.1756899999999995
miniFE.c 167 A 11.0858899999999991
miniFE.c 167 A 4.4892070000000004
miniFE.c 167 A 66.4632699999999943
miniFE.c 167 A 7.6122389999999998
miniFE.c 167 A 3.4261349999999999
miniFE.c 167 A 4.9967519999999999
miniFE.c 167 A 11.3974100000000007
miniFE.c 167 A 11.9519400000000005
miniFE.c 167 A 1.3002330000000000
miniFE.c 167 A 14.0526599999999995
miniFE.c 167 A 7.6122389999999998
miniFE.c 167 A 65.6581999999999937
miniFE.c 167 A 2.6745570000000001
miniFE.c 167 A 6.4080630000000003
miniFE.c 167 A 6.9539020000000002
miniFE.c 167 A 12.3511699999999998
miniFE.c 167 A 4.7210279999999996
miniFE.c 167 A 3.7993380000000001
miniFE.c 167 A 3.4261349999999999
miniFE.c 167 A 2.6745570000000001
miniFE.c 167 A 64.8721800000000002
miniFE.c 175 b 198.0110999999999990
miniFE.c 175 b 229.8237000000000023
miniFE.c 175 b 210.8053999999999917
miniFE.c 175 b 202.6418999999999926
miniFE.c 175 b 157.2561000000000035
miniFE.c 175 b 225.5886000000000138
miniFE.c 175 b 142.6283999999999992
miniFE.c 175 b 185.1795999999999935
miniFE.c 33 r 0.0000000000000000
miniFE.c 33 r 0.0000000000000000
miniFE.c 33 r 0.0000000000000000
miniFE.c 33 r 0.0000000000000000
miniFE.c 33 r 0.0000000000000000
miniFE.c 33 r 0.0000000000000000
miniFE.c 33 r 0.0000000000000000
miniFE.c 33 r 0.0000000000000000
miniFE.c 25 Ap 0.0000000000000000
miniFE.c 25 Ap 0.0000000000000000
miniFE.c 25 Ap 0.0000000000000000
miniFE.c 25 Ap 0.0000000000000000
miniFE.c 25 Ap 0.0000000000000000
miniFE.c 25 Ap 0.0000000000000000
miniFE.c 25 Ap 0.0000000000000000
miniFE.c 25 Ap 0.0000000000000000
miniFE.c 25 Ap 0.0000000000000000
miniFE.c 25 Ap 0.0000000000000000
miniFE.c 25 Ap 0.0000000000000000
miniFE.c 25 Ap 0.0000000000000000
miniFE.c 25 Ap 0.0000000000000000
miniFE.c 25 Ap 0.0000000000000000
miniFE.c 25 Ap 0.0000000000000000
miniFE.c 25 Ap 0.0000000000000000
miniFE.c 25 Ap 0.0000000000000000
miniFE.c 25 Ap 0.0000000000000000
miniFE.c 25 Ap 0.0000000000000000
miniFE.c 25 Ap 0.0000000000000000
miniFE.c 25 Ap 0.0000000000000000
miniFE.c 25 Ap 0.0000000000000000
miniFE.c 25 Ap 0.0000000000000000
miniFE.c 25 Ap 0.0000000000000000
miniFE.c 25 Ap 0.0000000000000000
miniFE.c 25 Ap 0.0000000000000000
miniFE.c 25 Ap 0.0000000000000000
miniFE.c 25 Ap 0.0000000000000000
miniFE.c 25 Ap 0.0000000000000000
miniFE.c 25 Ap 0.0000000000000000
miniFE.c 25 Ap 0.0000000000000000
miniFE.c 25 Ap 0.0000000000000000
miniFE.c 25 Ap 0.0000000000000000
miniFE.c 25 Ap 0.0000000000000000
miniFE.c 25 Ap 0.0000000000000000
miniFE.c 25 Ap 0.0000000000000000
miniFE.c 25 Ap 0.0000000000000000
miniFE.c 25 Ap 0.0000000000000000
miniFE.c 25 Ap 0.0000000000000000
miniFE.c 25 Ap 0.0000000000000000
miniFE.c 25 Ap 0.0000000000000000
miniFE.c 25 Ap 0.0000000000000000
miniFE.c 25 Ap 0.0000000000000000
miniFE.c 25 Ap 0.0000000000000000
miniFE.c 25 Ap 0.0000000000000000
miniFE.c 25 Ap 0.0000000000000000
miniFE.c 25 Ap 0.0000000000000000
miniFE.c 25 Ap 0.0000000000000000
miniFE.c 25 Ap 0.0000000000000000
miniFE.c 25 Ap 0.0000000000000000
miniFE.c 25 Ap 0.0000000000000000
miniFE.c 25 Ap 0.0000000000000000
miniFE.c 25 Ap 0.0000000000000000
miniFE.c 25 Ap 0.0000000000000000
miniFE.c 25 Ap 0.0000000000000000
miniFE.c 25 Ap 0.0000000000000000
miniFE.c 25 Ap 0.0000000000000000
miniFE.c 25 Ap 0.0000000000000000
miniFE.c 25 Ap 0.0000000000000000
miniFE.c 25 Ap 0.0000000000000000
miniFE.c 25 Ap 0.0000000000000000
miniFE.c 25 Ap 0.0000000000000000
miniFE.c 25 Ap 0.0000000000000000
miniFE.c 25 Ap 0.0000000000000000
miniFE.c 33 r 198.0110999999999990
miniFE.c 33 r 229.8237000000000023
miniFE.c 33 r 210.8053999999999917
miniFE.c 33 r 202.6418999999999926
miniFE.c 33 r 157.2561000000000035
miniFE.c 33 r 225.5886000000000138
miniFE.c 33 r 142.6283999999999992
miniFE.c 33 r 185.1795999999999935
miniFE.c 48 sum 39208.3957232100001420
miniFE.c 48 sum 92027.3288048999966122
miniFE.c 48 sum 136466.2454740600078367
miniFE.c 48 sum 177529.9851096700003836
miniFE.c 48 sum 202259.4660968800017145
miniFE.c 48 sum 253149.6825468399911188
miniFE.c 48 sum 273492.5430333999684080
miniFE.c 48 sum 307784.0272895599482581
miniFE.c 75 rtrans 307784.0272895599482581
miniFE.c 76 normr 554.7828649927464539
miniFE.c 33 r 198.0110999999999990
miniFE.c 33 r 229.8237000000000023
miniFE.c 33 r 210.8053999999999917
miniFE.c 33 r 202.6418999999999926
miniFE.c 33 r 157.2561000000000035
miniFE.c 33 r 225.5886000000000138
miniFE.c 33 r 142.6283999999999992
miniFE.c 33 r 185.1795999999999935
miniFE.c 87 normr 554.7828649927464539
miniFE.c 25 Ap 13285.4973312810016068
miniFE.c 25 Ap 16752.9738962160008668
miniFE.c 25 Ap 18717.5143203662009910
miniFE.c 25 Ap 21497.0499152972006414
miniFE.c 25 Ap 23708.6069245981998392
miniFE.c 25 Ap 27330.7477216381994367
miniFE.c 25 Ap 28043.4264645949988335
miniFE.c 25 Ap 29230.0690077097970061
miniFE.c 25 Ap 2987.5023718050001662
miniFE.c 25 Ap 18256.2053009880000900
miniFE.c 25 Ap 21290.1102936259994749
miniFE.c 25 Ap 22498.6292991164009436
miniFE.c 25 Ap 24218.0061666374022025
miniFE.c 25 Ap 26395.4473404050004319
miniFE.c 25 Ap 28021.0416928490012651
miniFE.c 25 Ap 29308.7624836482027604
miniFE.c 25 Ap 1845.3076172643000064
miniFE.c 25 Ap 5152.9234129532997031
miniFE.c 25 Ap 19418.9870250392996240
miniFE.c 25 Ap 21366.8164301717988565
miniFE.c 25 Ap 24008.4327040697971825
miniFE.c 25 Ap 27657.4839652037990163
miniFE.c 25 Ap 29362.1700442997971550
miniFE.c 25 Ap 31649.3547644317950471
miniFE.c 25 Ap 2716.0172730389999742
miniFE.c 25 Ap 4086.6435322781999275
miniFE.c 25 Ap 6112.9419280231995799
miniFE.c 25 Ap 19366.0687056721981207
miniFE.c 25 Ap 19942.9016931553996983
miniFE.c 25 Ap 22443.7520980093977414
miniFE.c 25 Ap 22629.2022504265987664
miniFE.c 25 Ap 23503.4403270553993934
miniFE.c 25 Ap 2784.7110397103747346
miniFE.c 25 Ap 5297.5137442673749320
miniFE.c 25 Ap 8838.6607984393740480
miniFE.c 25 Ap 9581.9739835321743158
miniFE.c 25 Ap 20049.1381422181730159
miniFE.c 25 Ap 21061.8520644583732064
miniFE.c 25 Ap 23066.1604760023728886
miniFE.c 25 Ap 23769.7203671071729332
miniFE.c 25 Ap 3179.3454260399998930
miniFE.c 25 Ap 5397.6649115441996400
miniFE.c 25 Ap 8807.5877122702004272
miniFE.c 25 Ap 11054.0535250612010714
miniFE.c 25 Ap 11760.0087099739012046
miniFE.c 25 Ap 26753.3647406958989450
miniFE.c 25 Ap 27839.0862096834971453
miniFE.c 25 Ap 28473.5365185294976982
miniFE.c 25 Ap 989.4123599472000024
miniFE.c 25 Ap 3608.8072965641999872
miniFE.c 25 Ap 6128.3407890401995246
miniFE.c 25 Ap 6391.8224746028990921
miniFE.c 25 Ap 8601.6889808288997301
miniFE.c 25 Ap 10318.9233197042995016
miniFE.c 25 Ap 19683.6473325842962367
miniFE.c 25 Ap 20178.9207280214977800
miniFE.c 25 Ap 1268.8676034993000030
miniFE.c 25 Ap 2867.0390905766998912
miniFE.c 25 Ap 5470.7324228946999938
miniFE.c 25 Ap 6427.4105067679001877
miniFE.c 25 Ap 7024.8795832297000743
miniFE.c 25 Ap 7797.7765812907000509
miniFE.c 25 Ap 8179.2443669095000587
miniFE.c 25 Ap 20192.2487104374995397
miniFE.c 57 sum 5787878.1172925252467394
miniFE.c 57 sum 12523726.3537057451903820
miniFE.c 57 sum 19195581.2445636950433254
miniFE.c 57 sum 23958363.0489748232066631
miniFE.c 57 sum 27696296.5719966664910316
miniFE.c 57 sum 34119601.8122606128454208
miniFE.c 57 sum 36997688.9894251525402069
miniFE.c 57 sum 40736881.5287244841456413
miniFE.c 90 p_ap_dot 40736881.5287244841456413
miniFE.c 91 alpha 0.0075554145467059
miniFE.c 40 y 1.4960559453492372
miniFE.c 40 y 1.7364133261577734
miniFE.c 40 y 1.5927221856841565
miniFE.c 40 y 1.5310435590321227
miniFE.c 40 y 1.1881350254982381
miniFE.c 40 y 1.7044153900110193
miniFE.c 40 y 1.0776166881333882
miniFE.c 40 y 1.3991086435931803
miniFE.c 40 y -22.8341885820679806
miniFE.c 40 y 8.3838495850961579
miniFE.c 40 y -28.3185953810437638
miniFE.c 40 y 25.0636650553314837
miniFE.c 40 y -22.3339910327730991
miniFE.c 40 y 10.4592279917405051
miniFE.c 40 y -9.8317112053188964
miniFE.c 40 y 32.6187903624570197
miniFE.c 82 oldrtrans 307784.0272895599482581
miniFE.c 48 sum 521.4001682014437620
miniFE.c 48 sum 591.6891020669607997
miniFE.c 48 sum 1393.6319464222340230
miniFE.c 48 sum 2021.8192524280784710
miniFE.c 48 sum 2520.6264078800677453
miniFE.c 48 sum 2630.0218580632758858
miniFE.c 48 sum 2726.6844032880690065
miniFE.c 48 sum 3790.6698879979876438
miniFE.c 83 rtrans 3790.6698879979876438
miniFE.c 84 beta 0.0123160058739233
miniFE.c 40 y -20.3954827113659682
miniFE.c 40 y 11.2143596242629435
miniFE.c 40 y -25.7223148363890139
miniFE.c 40 y 27.5594038860344597
miniFE.c 40 y -20.3972239814628296
miniFE.c 40 y 13.2375785144306377
miniFE.c 40 y -8.0750989931306147
miniFE.c 40 y 34.8994634037877844
miniFE.c 87 normr 61.5684163187424147
miniFE.c 25 Ap -1368.4289978291135412
miniFE.c 25 Ap -1199.2317862800650801
miniFE.c 25 Ap -1438.9435170934343660
miniFE.c 25 Ap -1060.9252292846815635
miniFE.c 25 Ap -1347.7797529978256534
miniFE.c 25 Ap -1135.2318973387216374
miniFE.c 25 Ap -1175.5811643828449178
miniFE.c 25 Ap -951.9432042251783059
miniFE.c 25 Ap -307.7178651818696267
miniFE.c 25 Ap 437.3259472878415295
miniFE.c 25 Ap 67.1311638319759254
miniFE.c 25 Ap 231.4903776779704003
miniFE.c 25 Ap 8.4750855820086031
miniFE.c 25 Ap 136.2477145991779253
miniFE.c 25 Ap 44.2125005838811234
miniFE.c 25 Ap 286.8999489464077897
miniFE.c 25 Ap -190.0698476250369708
miniFE.c 25 Ap -28.6731203434333963
miniFE.c 25 Ap -1769.4073695895588116
miniFE.c 25 Ap -1504.5015565413154945
miniFE.c 25 Ap -1847.1377964822447666
miniFE.c 25 Ap -1633.0108300821543708
miniFE.c 25 Ap -1729.5239287421118206
miniFE.c 25 Ap -1298.4747233331502230
miniFE.c 25 Ap -279.7544346556242090
miniFE.c 25 Ap -212.8740572986909001
miniFE.c 25 Ap -460.1214489111584953
miniFE.c 25 Ap 1342.3106918161402064
miniFE.c 25 Ap 1267.4913897630485735
miniFE.c 25 Ap 1414.2417290403900552
miniFE.c 25 Ap 1403.7422188512548473
miniFE.c 25 Ap 1568.5035627655122425
miniFE.c 25 Ap -286.8300355178512291
miniFE.c 25 Ap -164.2166009864136527
miniFE.c 25 Ap -596.3046756247467783
miniFE.c 25 Ap -495.2136955175371327
miniFE.c 25 Ap -1852.8786242259197934
miniFE.c 25 Ap -1793.4523940958881667
miniFE.c 25 Ap -1906.9290147126951069
miniFE.c 25 Ap -1774.3341572230747261
miniFE.c 25 Ap -327.4780286067765473
miniFE.c 25 Ap -219.2340464937305740
miniFE.c 25 Ap -635.3102373695600136
miniFE.c 25 Ap -329.7897174234094564
miniFE.c 25 Ap -421.3570781015602620
miniFE.c 25 Ap 458.4556768492420247
miniFE.c 25 Ap 396.9860933648724313
miniFE.c 25 Ap 516.5563664138088598
miniFE.c 25 Ap -101.9111690289833234
miniFE.c 25 Ap 25.9034854961874004
miniFE.c 25 Ap -281.5280780894439090
miniFE.c 25 Ap -245.6944316964936661
miniFE.c 25 Ap -532.3296852518370770
miniFE.c 25 Ap -431.5620738187261054
miniFE.c 25 Ap -961.7585385294946718
miniFE.c 25 Ap -868.4179343866502450
miniFE.c 25 Ap -130.6955381298439534
miniFE.c 25 Ap -52.7119803099626125
miniFE.c 25 Ap -370.4126636477254806
miniFE.c 25 Ap -240.3039462384479918
miniFE.c 25 Ap -317.7998944057310382
miniFE.c 25 Ap -272.4461633421922215
miniFE.c 25 Ap -294.0434758799626707
miniFE.c 25 Ap 1969.9607959539710009
miniFE.c 57 sum 19415.3411639769474277
miniFE.c 57 sum 22632.7403676446410827
miniFE.c 57 sum 56032.5160083130540443
miniFE.c 57 sum 99259.5391912518098252
miniFE.c 57 sum 135451.0304140909574926
miniFE.c 57 sum 142288.9858716227463447
miniFE.c 57 sum 149301.5466592049633618
miniFE.c 57 sum 218052.1213644972303882
miniFE.c 90 p_ap_dot 218052.1213644972303882
miniFE.c 91 alpha 0.0173842376046481
miniFE.c 40 y 1.1414960278333584
miniFE.c 40 y 1.9313664184499328
miniFE.c 40 y 1.1455593528268044
miniFE.c 40 y 2.0101427844294086
miniFE.c 40 y 0.8335448373292617
miniFE.c 40 y 1.9345406002160663
miniFE.c 40 y 0.9372372485557507
miniFE.c 40 y 2.0058092076793486
miniFE.c 40 y -6.2853817336874158
miniFE.c 40 y 3.3963127038503904
miniFE.c 40 y -5.7456022669905558
miniFE.c 40 y -2.2035735635212816
miniFE.c 40 y 8.5114555464359007
miniFE.c 40 y 1.4792893818091777
miniFE.c 40 y 5.2650725061963488
miniFE.c 40 y -1.6274761862485363
miniFE.c 82 oldrtrans 3790.6698879979876438
miniFE.c 48 sum 39.5060235381714264
miniFE.c 48 sum 51.0409635205069776
miniFE.c 48 sum 84.0529089309539899
miniFE.c 48 sum 88.9086453808038755
miniFE.c 48 sum 161.3535208997583368
miniFE.c 48 sum 163.5418179748917282
miniFE.c 48 sum 191.2628064703964412
miniFE.c 48 sum 193.9114852072025315
miniFE.c 83 rtrans 193.9114852072025315
miniFE.c 84 beta 0.0511549385561546
miniFE.c 40 y -7.3287113986104551
miniFE.c 40 y 3.9699825813761827
miniFE.c 40 y -7.0614257019680995
miniFE.c 40 y -0.7937739510869402
miniFE.c 40 y 7.4680368069480458
miniFE.c 40 y 2.1564568973471494
miniFE.c 40 y 4.8519913133678862
miniFE.c 40 y 0.1578037198149944
miniFE.c 87 normr 13.9252104187765333
miniFE.c 25 Ap -491.7177659634629094
miniFE.c 25 Ap -431.8204552678207051
miniFE.c 25 Ap -497.6273854681359126
miniFE.c 25 Ap -508.5151779304804336
miniFE.c 25 Ap -403.4891144192791899
miniFE.c 25 Ap -368.8641798927144464
miniFE.c 25 Ap -344.6199825936608363
miniFE.c 25 Ap -343.6087664154520098
miniFE.c 25 Ap -110.5722996621051664
miniFE.c 25 Ap 153.1798054039258830
miniFE.c 25 Ap 51.5519785439720550
miniFE.c 25 Ap 46.8180567540965455
miniFE.c 25 Ap 128.4706586669117883
miniFE.c 25 Ap 149.2853542576411598
miniFE.c 25 Ap 204.5854885725334498
miniFE.c 25 Ap 205.6828401753623723
miniFE.c 25 Ap -68.2978225391787248
miniFE.c 25 Ap -11.1619523274901411
miniFE.c 25 Ap -489.0375108107925257
miniFE.c 25 Ap -496.6674049390816208
miniFE.c 25 Ap -371.2179784093431181
miniFE.c 25 Ap -336.3358001394938128
miniFE.c 25 Ap -278.3450910815996622
miniFE.c 25 Ap -276.3960305115322740
miniFE.c 25 Ap -100.5241966119263282
miniFE.c 25 Ap -76.8479509733937505
miniFE.c 25 Ap -144.7236105702089617
miniFE.c 25 Ap -196.6377843247512089
miniFE.c 25 Ap -169.2441888967433954
miniFE.c 25 Ap -145.3379449430116210
miniFE.c 25 Ap -139.0292257216573546
miniFE.c 25 Ap -138.2842299419066023
miniFE.c 25 Ap -103.0666731703322512
miniFE.c 25 Ap -59.6604319187718062
miniFE.c 25 Ap -178.2795319170582786
miniFE.c 25 Ap -181.1911836723276963
miniFE.c 25 Ap 315.8907559245110406
miniFE.c 25 Ap 325.5715373232801539
miniFE.c 25 Ap 393.7549215729925436
miniFE.c 25 Ap 394.3544712422270209
miniFE.c 25 Ap -117.6727217006489070
miniFE.c 25 Ap -79.3533938098393463
miniFE.c 25 Ap -193.5768269229077134
miniFE.c 25 Ap -202.3765176295229082
miniFE.c 25 Ap -168.8509545195140902
miniFE.c 25 Ap -25.5257775077682254
miniFE.c 25 Ap 11.4087399955120219
miniFE.c 25 Ap 11.9493968431003683
miniFE.c 25 Ap -36.6197533384295895
miniFE.c 25 Ap 8.6277658343731289
miniFE.c 25 Ap -75.7699704700074790
miniFE.c 25 Ap -76.8020615557511093
miniFE.c 25 Ap 28.1437205597754172
miniFE.c 25 Ap 44.5591858555803810
miniFE.c 25 Ap 363.1322019069517069
miniFE.c 25 Ap 363.5542569504089556
miniFE.c 25 Ap -46.9628443511139082
miniFE.c 25 Ap -19.3559745385169073
miniFE.c 25 Ap -106.5728438258942390
miniFE.c 25 Ap -110.3202728746463208
miniFE.c 25 Ap -81.9466768486099397
miniFE.c 25 Ap -74.5583643966174634
miniFE.c 25 Ap -61.5814370655101868
miniFE.c 25 Ap -51.3443657490023000
miniFE.c 57 sum 2518.2094830914006707
miniFE.c 57 sum 3334.7667758755706018
miniFE.c 57 sum 5286.5168096516636069
miniFE.c 57 sum 5396.2832292256662186
miniFE.c 57 sum 8341.3369354471524275
miniFE.c 57 sum 8367.1052946885938582
miniFE.c 57 sum 10131.0673913498940237
miniFE.c 57 sum 10122.9650594431604986
miniFE.c 90 p_ap_dot 10122.9650594431604986
miniFE.c 91 alpha 0.0191556015523647
miniFE.c 40 y 1.0011101523893033
miniFE.c 40 y 2.0074138229486032
miniFE.c 40 y 1.0102934956882765
miniFE.c 40 y 1.9949375668997411
miniFE.c 40 y 0.9765995747815520
miniFE.c 40 y 1.9758488293064969
miniFE.c 40 y 1.0301800608901603
miniFE.c 40 y 2.0088320328596057
miniFE.c 40 y 0.2966508856665193
miniFE.c 40 y -0.5436658287075518
miniFE.c 40 y -0.4510700358564206
miniFE.c 40 y 0.4453440462214551
miniFE.c 40 y 0.9573584249263556
miniFE.c 40 y 1.2503914970916630
miniFE.c 40 y -1.6990279826116828
miniFE.c 40 y -0.6439439740017694
miniFE.c 82 oldrtrans 193.9114852072025315
miniFE.c 48 sum 0.0880017479667303
miniFE.c 48 sum 0.3835742812709994
miniFE.c 48 sum 0.5870384585185119
miniFE.c 48 sum 0.7853697780234095
miniFE.c 48 sum 1.7019049318008819
miniFE.c 48 sum 3.2653838278000120
miniFE.c 48 sum 6.1520799134975359
miniFE.c 48 sum 6.5667437551507275
miniFE.c 83 rtrans 6.5667437551507275
miniFE.c 84 beta 0.0338646457590374
miniFE.c 40 y 0.0484666702823570
miniFE.c 40 y -0.4092237749196986
miniFE.c 40 y -0.6902027158073321
miniFE.c 40 y 0.4184631725551444
miniFE.c 40 y 1.2102608459091035
miniFE.c 40 y 1.3234191460149569
miniFE.c 40 y -1.5347170155585528
miniFE.c 40 y -0.6386000069307762
miniFE.c 87 normr 2.5625658538173663
miniFE.c 25 Ap 3.2518571872603625
miniFE.c 25 Ap -2.9223269780293371
miniFE.c 25 Ap -9.3544730998163317
miniFE.c 25 Ap -3.6146271780954198
miniFE.c 25 Ap 13.4057673048711248
miniFE.c 25 Ap 34.6551144809456773
miniFE.c 25 Ap 26.9865141640194466
miniFE.c 25 Ap 22.8943250878065960
miniFE.c 25 Ap 0.7312433112185757
miniFE.c 25 Ap -26.4561888413737236
miniFE.c 25 Ap -36.3895656211913732
miniFE.c 25 Ap -33.8939282572962455
miniFE.c 25 Ap -20.6614081698560099
miniFE.c 25 Ap -7.8874145430268072
miniFE.c 25 Ap -25.3792136033240148
miniFE.c 25 Ap -29.8199754687199530
miniFE.c 25 Ap 0.4516712237620552
miniFE.c 25 Ap -5.4378650681689997
miniFE.c 25 Ap -52.1467057759588215
miniFE.c 25 Ap -48.1243645303035734
miniFE.c 25 Ap -27.7941849937701910
miniFE.c 25 Ap -6.3869671477675141
miniFE.c 25 Ap -24.7298128347024040
miniFE.c 25 Ap -32.6172700823056019
miniFE.c 25 Ap 0.6647925982612471
miniFE.c 25 Ap -1.7757426981852502
miniFE.c 25 Ap -8.4100919880005929
miniFE.c 25 Ap 18.9581150691309190
miniFE.c 25 Ap 23.3974874011402534
miniFE.c 25 Ap 38.0687664777560002
miniFE.c 25 Ap 36.0732767684652558
miniFE.c 25 Ap 33.0584282549448645
miniFE.c 25 Ap 0.6816066555156024
miniFE.c 25 Ap -3.7926865021841643
miniFE.c 25 Ap -15.3868359588045731
miniFE.c 25 Ap -13.8518661739969779
miniFE.c 25 Ap 66.7046206583788006
miniFE.c 25 Ap 72.6457231526031677
miniFE.c 25 Ap 51.0788667367441178
miniFE.c 25 Ap 48.6526094636117534
miniFE.c 25 Ap 0.7782002447216372
miniFE.c 25 Ap -3.1717364843274223
miniFE.c 25 Ap -14.3362416523849241
miniFE.c 25 Ap -9.6972049523875761
miniFE.c 25 Ap -4.2640934911065065
miniFE.c 25 Ap 83.6946705336549854
miniFE.c 25 Ap 72.0120378138565655
miniFE.c 25 Ap 69.8241079791107921
miniFE.c 25 Ap 0.2421759316667080
miniFE.c 25 Ap -4.4219152128408146
miniFE.c 25 Ap -12.6711766600070987
miniFE.c 25 Ap -12.1270770337662057
miniFE.c 25 Ap 4.8803071451068156
miniFE.c 25 Ap 14.9544899817485657
miniFE.c 25 Ap -85.8122667691979899
miniFE.c 25 Ap -87.5202388879347524
miniFE.c 25 Ap 0.3105774765695716
miniFE.c 25 Ap -2.5351245502920707
miniFE.c 25 Ap -11.0599356276901162
miniFE.c 25 Ap -9.0843592730884488
miniFE.c 25 Ap -4.4861692513138474
miniFE.c 25 Ap 0.0480434045181068
miniFE.c 25 Ap -4.0566447324631296
miniFE.c 25 Ap -45.4840193300776932
miniFE.c 57 sum 1.1096117053678167
miniFE.c 57 sum 13.3126546346902064
miniFE.c 57 sum 35.8251830277187722
miniFE.c 57 sum 49.6589177949696250
miniFE.c 57 sum 108.5412660800856486
miniFE.c 57 sum 200.9478274330566023
miniFE.c 57 sum 335.2666272601194351
miniFE.c 57 sum 364.3127223195465945
miniFE.c 90 p_ap_dot 364.3127223195465945
miniFE.c 91 alpha 0.0180250190367793
miniFE.c 40 y 1.0019837650437922
miniFE.c 40 y 2.0000375566153727
miniFE.c 40 y 0.9978525785966126
miniFE.c 40 y 2.0024803735512386
miniFE.c 40 y 0.9984145495685323
miniFE.c 40 y 1.9997034846070547
miniFE.c 40 y 1.0025167574686482
miniFE.c 40 y 1.9973212555777911
miniFE.c 40 y -0.1160197598754091
miniFE.c 40 y -0.0061602032075821
miniFE.c 40 y 0.1368568783049107
miniFE.c 40 y -0.1505347523999296
miniFE.c 40 y 0.0803942131557638
miniFE.c 40 y -0.0081893784579443
miniFE.c 40 y -0.1214740105531846
miniFE.c 40 y 0.1759063402921198
miniFE.c 82 oldrtrans 6.5667437551507275
miniFE.c 48 sum 0.0134605846815476
miniFE.c 48 sum 0.0134985327851063
miniFE.c 48 sum 0.0322283379244714
miniFE.c 48 sum 0.0548890496045795
miniFE.c 48 sum 0.0613522791135139
miniFE.c 48 sum 0.0614193450330414
miniFE.c 48 sum 0.0761752802729166
miniFE.c 48 sum 0.1071183208278836
miniFE.c 83 rtrans 0.1071183208278836
miniFE.c 84 beta 0.0163122431484956
miniFE.c 40 y -0.1152291597651653
miniFE.c 40 y -0.0128355609262175
miniFE.c 40 y 0.1255981237829095
miniFE.c 40 y -0.1437086793805193
miniFE.c 40 y 0.1001362823473370
miniFE.c 40 y 0.0133985564392260
miniFE.c 40 y -0.1465086876751092
miniFE.c 40 y 0.1654893417044340
miniFE.c 87 normr 0.3272893533677557
miniFE.c 25 Ap -7.7312670579874352
miniFE.c 25 Ap -7.9249242252397885
miniFE.c 25 Ap -6.7544485573064890
miniFE.c 25 Ap -8.7256272209425880
miniFE.c 25 Ap -7.3173696264162249
miniFE.c 25 Ap -7.1022370448054355
miniFE.c 25 Ap -7.8343046229634128
miniFE.c 25 Ap -6.7738384954928721
miniFE.c 25 Ap -1.7385257094149198
miniFE.c 25 Ap -2.5912766080900522
miniFE.c 25 Ap -0.7836721785501326
miniFE.c 25 Ap -1.6407242999785434
miniFE.c 25 Ap -0.5458732419428758
miniFE.c 25 Ap -0.4165468111754532
miniFE.c 25 Ap -2.0863663931706200
miniFE.c 25 Ap -0.9355697289134728
miniFE.c 25 Ap -1.0738450836626054
miniFE.c 25 Ap -1.2585740914459000
miniFE.c 25 Ap 7.2411646412698571
miniFE.c 25 Ap 5.8598116660454140
miniFE.c 25 Ap 7.5419189614468038
miniFE.c 25 Ap 7.7586498568552278
miniFE.c 25 Ap 6.0075868122835825
miniFE.c 25 Ap 8.0515738048631373
miniFE.c 25 Ap -1.5805396176272923
miniFE.c 25 Ap -1.6570885412480432
miniFE.c 25 Ap -0.4498173957750553
miniFE.c 25 Ap -9.8486107691027538
miniFE.c 25 Ap -9.4812996701890988
miniFE.c 25 Ap -9.3327647473450472
miniFE.c 25 Ap -9.5232601778469181
miniFE.c 25 Ap -8.7419803619587171
miniFE.c 25 Ap -1.6205149177330234
miniFE.c 25 Ap -1.7608539350315244
miniFE.c 25 Ap 0.3489659559360694
miniFE.c 25 Ap -0.1781735754037659
miniFE.c 25 Ap 6.4870235493507451
miniFE.c 25 Ap 6.5471724427076134
miniFE.c 25 Ap 4.4883356677631134
miniFE.c 25 Ap 5.1170856122957549
miniFE.c 25 Ap -1.8501654808534003
miniFE.c 25 Ap -1.9740577291724579
miniFE.c 25 Ap 0.0575785857215128
miniFE.c 25 Ap -1.5355600259361919
miniFE.c 25 Ap -1.0860275262685501
miniFE.c 25 Ap -0.1955156520380311
miniFE.c 25 Ap -1.3107747981973170
miniFE.c 25 Ap -0.7437859724567960
miniFE.c 25 Ap -0.5757715345149093
miniFE.c 25 Ap -0.7220636849709899
miniFE.c 25 Ap 0.7790775545949170
miniFE.c 25 Ap 0.5922227872779463
miniFE.c 25 Ap 1.9994039167690754
miniFE.c 25 Ap 2.1013969306394529
miniFE.c 25 Ap -7.5180997864704029
miniFE.c 25 Ap -7.0754891091894168
miniFE.c 25 Ap -0.7383957152122445
miniFE.c 25 Ap -0.8276529480081902
miniFE.c 25 Ap 0.7236308305155676
miniFE.c 25 Ap 0.0451781313171137
miniFE.c 25 Ap 0.4256297140180805
miniFE.c 25 Ap 0.4715349771839882
miniFE.c 25 Ap 0.0796891410017111
miniFE.c 25 Ap 10.8153435041332617
miniFE.c 57 sum 0.7805437182205751
miniFE.c 57 sum 0.7925522804767687
miniFE.c 57 sum 1.8038148438672006
miniFE.c 57 sum 3.0601132968547216
miniFE.c 57 sum 3.5725192265230650
miniFE.c 57 sum 3.5625535681923979
miniFE.c 57 sum 4.5991741922392668
miniFE.c 57 sum 6.3889982690456071
miniFE.c 90 p_ap_dot 6.3889982690456071
miniFE.c 91 alpha 0.0167660588275422
miniFE.c 40 y 1.0000518261725211
miniFE.c 40 y 1.9998223548457992
miniFE.c 40 y 0.9999583641285857
miniFE.c 40 y 2.0000709453787167
miniFE.c 40 y 1.0000934403691391
miniFE.c 40 y 1.9999281255925190
miniFE.c 40 y 1.0000603841923412
miniFE.c 40 y 2.0000958596161387
miniFE.c 40 y -0.0024491851717059
miniFE.c 40 y 0.0095256139046488
miniFE.c 40 y 0.0018637182382779
miniFE.c 40 y -0.0039661953821115
miniFE.c 40 y -0.0053991452455564
miniFE.c 40 y 0.0042809809113670
miniFE.c 40 y -0.0028459439148810
miniFE.c 40 y -0.0054243451382543
miniFE.c 82 oldrtrans 0.1071183208278836
miniFE.c 48 sum 0.0000059985080053
miniFE.c 48 sum 0.0000967358282657
miniFE.c 48 sum 0.0001002092739374
miniFE.c 48 sum 0.0001159399797465
miniFE.c 48 sum 0.0001450907491291
miniFE.c 48 sum 0.0001634175466926
miniFE.c 48 sum 0.0001715169434593
miniFE.c 48 sum 0.0002009404636382
miniFE.c 83 rtrans 0.0002009404636382
miniFE.c 84 beta 0.0018758739129326
miniFE.c 40 y -0.0026653405465186
miniFE.c 40 y 0.0095015360107495
miniFE.c 40 y 0.0020993244821955
miniFE.c 40 y -0.0042357747448235
miniFE.c 40 y -0.0052113022057630
miniFE.c 40 y 0.0043061149138623
miniFE.c 40 y -0.0031207757401088
miniFE.c 40 y -0.0051139079992826
miniFE.c 87 normr 0.0141753470376626
miniFE.c 25 Ap -0.1788302510199045
miniFE.c 25 Ap -0.0354753513809216
miniFE.c 25 Ap -0.0159112993752266
miniFE.c 25 Ap -0.0740112613048500
miniFE.c 25 Ap -0.1472999408583991
miniFE.c 25 Ap -0.0781592373554610
miniFE.c 25 Ap -0.0937529797764010
miniFE.c 25 Ap -0.1265232244120078
miniFE.c 25 Ap -0.0402134587626261
miniFE.c 25 Ap 0.5910361935537707
miniFE.c 25 Ap 0.6212496085217946
miniFE.c 25 Ap 0.5959882273262206
miniFE.c 25 Ap 0.5390098814162684
miniFE.c 25 Ap 0.5805736479914341
miniFE.c 25 Ap 0.5450048873633609
miniFE.c 25 Ap 0.5094432722993337
miniFE.c 25 Ap -0.0248388762705429
miniFE.c 25 Ap 0.1119069449500829
miniFE.c 25 Ap 0.2539768188973879
miniFE.c 25 Ap 0.2132618107895645
miniFE.c 25 Ap 0.1257214183027609
miniFE.c 25 Ap 0.1953757982537737
miniFE.c 25 Ap 0.1580764738545380
miniFE.c 25 Ap 0.0949137267910389
miniFE.c 25 Ap -0.0365591169529164
miniFE.c 25 Ap 0.0201062955325674
miniFE.c 25 Ap 0.0402853698372154
miniFE.c 25 Ap -0.2367415416490520
miniFE.c 25 Ap -0.2558571818056377
miniFE.c 25 Ap -0.2081200655432011
miniFE.c 25 Ap -0.2121778011460899
miniFE.c 25 Ap -0.2363207040001270
miniFE.c 25 Ap -0.0374837768953146
miniFE.c 25 Ap 0.0664023122471757
miniFE.c 25 Ap 0.1016671427775033
miniFE.c 25 Ap 0.0861298466067195
miniFE.c 25 Ap -0.2607409944496438
miniFE.c 25 Ap -0.2414099532355289
miniFE.c 25 Ap -0.2852651536475259
miniFE.c 25 Ap -0.3046946186377042
miniFE.c 25 Ap -0.0427957739511206
miniFE.c 25 Ap 0.0489155790332119
miniFE.c 25 Ap 0.0828736010666176
miniFE.c 25 Ap 0.0359162681807268
miniFE.c 25 Ap 0.0125216538395002
miniFE.c 25 Ap 0.2987201320105550
miniFE.c 25 Ap 0.2749640412114451
miniFE.c 25 Ap 0.2574431020283230
miniFE.c 25 Ap -0.0133180457064977
miniFE.c 25 Ap 0.0949748558377782
miniFE.c 25 Ap 0.1200658560895105
miniFE.c 25 Ap 0.1145583619857244
miniFE.c 25 Ap 0.0413257039308872
miniFE.c 25 Ap 0.0741048798166712
miniFE.c 25 Ap -0.1307996378825386
miniFE.c 25 Ap -0.1444770763193759
miniFE.c 25 Ap -0.0170796701385454
miniFE.c 25 Ap 0.0489930801296773
miniFE.c 25 Ap 0.0749221936944365
miniFE.c 25 Ap 0.0549249825224321
miniFE.c 25 Ap 0.0351254840225930
miniFE.c 25 Ap 0.0498788150429985
miniFE.c 25 Ap 0.0415321224418604
miniFE.c 25 Ap -0.2902182377910396
miniFE.c 57 sum 0.0003372274801016
miniFE.c 57 sum 0.0051777210772877
miniFE.c 57 sum 0.0053769757876366
miniFE.c 57 sum 0.0063779770573192
miniFE.c 57 sum 0.0079658327955100
miniFE.c 57 sum 0.0090744123766251
miniFE.c 57 sum 0.0095252929314045
miniFE.c 57 sum 0.0110094422991818
miniFE.c 90 p_ap_dot 0.0110094422991818
miniFE.c 91 alpha 0.0182516478289826
miniFE.c 40 y 1.0000031793155217
miniFE.c 40 y 1.9999957735349019
miniFE.c 40 y 0.9999966802597136
miniFE.c 40 y 1.9999936355097911
miniFE.c 40 y 0.9999983255165491
miniFE.c 40 y 2.0000067192854378
miniFE.c 40 y 1.0000034248925795
miniFE.c 40 y 2.0000025223683058
miniFE.c 40 y -0.0001399278375507
miniFE.c 40 y 0.0002274347097969
miniFE.c 40 y 0.0001313863227516
miniFE.c 40 y 0.0003470468819960
miniFE.c 40 y 0.0001620336292051
miniFE.c 40 y -0.0004177799228548
miniFE.c 40 y -0.0002089991985388
miniFE.c 40 y -0.0001273840685444
