filename line variable value
miniFE.c 167 A 67.0947100000000063
miniFE.c 167 A 15.0875500000000002
miniFE.c 167 A 9.3192129999999995
miniFE.c 167 A 13.7164900000000003
miniFE.c 167 A 14.0634099999999993
miniFE.c 167 A 16.0564000000000000
miniFE.c 167 A 4.9967519999999999
miniFE.c 167 A 6.4080630000000003
miniFE.c 167 A 15.0875500000000002
miniFE.c 167 A 66.4365899999999954
miniFE.c 167 A 14.3919700000000006
miniFE.c 167 A 5.9638159999999996
miniFE.c 167 A 10.9336099999999998
miniFE.c 167 A 9.6522659999999991
miniFE.c 167 A 11.3974100000000007
miniFE.c 167 A 6.9539020000000002
miniFE.c 167 A 9.3192129999999995
miniFE.c 167 A 14.3919700000000006
miniFE.c 167 A 67.6740900000000067
miniFE.c 167 A 9.6121750000000006
miniFE.c 167 A 16.7981799999999986
miniFE.c 167 A 16.1756899999999995
miniFE.c 167 A 11.9519400000000005
miniFE.c 167 A 12.3511699999999998
miniFE.c 167 A 13.7164900000000003
miniFE.c 167 A 5.9638159999999996
miniFE.c 167 A 9.6121750000000006
miniFE.c 167 A 65.4017099999999942
miniFE.c 167 A 3.6681119999999998
miniFE.c 167 A 11.0858899999999991
miniFE.c 167 A 1.3002330000000000
miniFE.c 167 A 4.7210279999999996
miniFE.c 167 A 14.0634099999999993
miniFE.c 167 A 10.9336099999999998
miniFE.c 167 A 16.7981799999999986
miniFE.c 167 A 3.6681119999999998
miniFE.c 167 A 66.5612600000000043
miniFE.c 167 A 4.4892070000000004
miniFE.c 167 A 14.0526599999999995
miniFE.c 167 A 3.7993380000000001
miniFE.c 167 A 16.0564000000000000
miniFE.c 167 A 9.6522659999999991
miniFE.c 167 A 16.1756899999999995
miniFE.c 167 A 11.0858899999999991
miniFE.c 167 A 4.4892070000000004
miniFE.c 167 A 66.4632699999999943
miniFE.c 167 A 7.6122389999999998
miniFE.c 167 A 3.4261349999999999
miniFE.c 167 A 4.9967519999999999
miniFE.c 167 A 11.3974100000000007
miniFE.c 167 A 11.9519400000000005
miniFE.c 167 A 1.3002330000000000
miniFE.c 167 A 14.0526599999999995
miniFE.c 167 A 7.6122389999999998
miniFE.c 167 A 65.6581999999999937
miniFE.c 167 A 2.6745570000000001
miniFE.c 167 A 6.4080630000000003
miniFE.c 167 A 6.9539020000000002
miniFE.c 167 A 12.3511699999999998
miniFE.c 167 A 4.7210279999999996
miniFE.c 167 A 3.7993380000000001
miniFE.c 167 A 3.4261349999999999
miniFE.c 167 A 2.6745570000000001
miniFE.c 167 A 64.8721800000000002
miniFE.c 175 b 198.0110999999999990
miniFE.c 175 b 229.8237000000000023
miniFE.c 175 b 210.8053999999999917
miniFE.c 175 b 202.6418999999999926
miniFE.c 175 b 157.2561000000000035
miniFE.c 175 b 225.5886000000000138
miniFE.c 175 b 142.6283999999999992
miniFE.c 175 b 185.1795999999999935
miniFE.c 33 r 0.0000000000000000
miniFE.c 33 r 0.0000000000000000
miniFE.c 33 r 0.0000000000000000
miniFE.c 33 r 0.0000000000000000
miniFE.c 33 r 0.0000000000000000
miniFE.c 33 r 0.0000000000000000
miniFE.c 33 r 0.0000000000000000
miniFE.c 33 r 0.0000000000000000
miniFE.c 25 Ap 0.0000000000000000
miniFE.c 25 Ap 0.0000000000000000
miniFE.c 25 Ap 0.0000000000000000
miniFE.c 25 Ap 0.0000000000000000
miniFE.c 25 Ap 0.0000000000000000
miniFE.c 25 Ap 0.0000000000000000
miniFE.c 25 Ap 0.0000000000000000
miniFE.c 25 Ap 0.0000000000000000
miniFE.c 25 Ap 0.0000000000000000
miniFE.c 25 Ap 0.0000000000000000
miniFE.c 25 Ap 0.0000000000000000
miniFE.c 25 Ap 0.0000000000000000
miniFE.c 25 Ap 0.0000000000000000
miniFE.c 25 Ap 0.0000000000000000
miniFE.c 25 Ap 0.0000000000000000
miniFE.c 25 Ap 0.0000000000000000
miniFE.c 25 Ap 0.0000000000000000
miniFE.c 25 Ap 0.0000000000000000
miniFE.c 25 Ap 0.0000000000000000
miniFE.c 25 Ap 0.0000000000000000
miniFE.c 25 Ap 0.0000000000000000
miniFE.c 25 Ap 0.0000000000000000
miniFE.c 25 Ap 0.0000000000000000
miniFE.c 25 Ap 0.0000000000000000
miniFE.c 25 Ap 0.0000000000000000
miniFE.c 25 Ap 0.0000000000000000
miniFE.c 25 Ap 0.0000000000000000
miniFE.c 25 Ap 0.0000000000000000
miniFE.c 25 Ap 0.0000000000000000
miniFE.c 25 Ap 0.0000000000000000
miniFE.c 25 Ap 0.0000000000000000
miniFE.c 25 Ap 0.0000000000000000
miniFE.c 25 Ap 0.0000000000000000
miniFE.c 25 Ap 0.0000000000000000
miniFE.c 25 Ap 0.0000000000000000
miniFE.c 25 Ap 0.0000000000000000
miniFE.c 25 Ap 0.0000000000000000
miniFE.c 25 Ap 0.0000000000000000
miniFE.c 25 Ap 0.0000000000000000
miniFE.c 25 Ap 0.0000000000000000
miniFE.c 25 Ap 0.0000000000000000
miniFE.c 25 Ap 0.0000000000000000
miniFE.c 25 Ap 0.0000000000000000
miniFE.c 25 Ap 0.0000000000000000
miniFE.c 25 Ap 0.0000000000000000
miniFE.c 25 Ap 0.0000000000000000
miniFE.c 25 Ap 0.0000000000000000
miniFE.c 25 Ap 0.0000000000000000
miniFE.c 25 Ap 0.0000000000000000
miniFE.c 25 Ap 0.0000000000000000
miniFE.c 25 Ap 0.0000000000000000
miniFE.c 25 Ap 0.0000000000000000
miniFE.c 25 Ap 0.0000000000000000
miniFE.c 25 Ap 0.0000000000000000
miniFE.c 25 Ap 0.0000000000000000
miniFE.c 25 Ap 0.0000000000000000
miniFE.c 25 Ap 0.0000000000000000
miniFE.c 25 Ap 0.0000000000000000
miniFE.c 25 Ap 0.0000000000000000
miniFE.c 25 Ap 0.0000000000000000
miniFE.c 25 Ap 0.0000000000000000
miniFE.c 25 Ap 0.0000000000000000
miniFE.c 25 Ap 0.0000000000000000
miniFE.c 25 Ap 0.0000000000000000
miniFE.c 33 r 198.0110999999999990
miniFE.c 33 r 229.8237000000000023
miniFE.c 33 r 210.8053999999999917
miniFE.c 33 r 202.6418999999999926
miniFE.c 33 r 157.2561000000000035
miniFE.c 33 r 225.5886000000000138
miniFE.c 33 r 142.6283999999999992
miniFE.c 33 r 185.1795999999999935
miniFE.c 48 sum 39208.3957232100001420
miniFE.c 48 sum 92027.3288048999966122
miniFE.c 48 sum 136466.2454740600078367
miniFE.c 48 sum 177529.9851096700003836
miniFE.c 48 sum 202259.4660968800017145
miniFE.c 48 sum 253149.6825468399911188
miniFE.c 48 sum 273492.5430333999684080
miniFE.c 48 sum 307784.0272895599482581
miniFE.c 75 rtrans 307784.0272895599482581
miniFE.c 76 normr 554.7828649927464539
miniFE.c 33 r 198.0110999999999990
miniFE.c 33 r 229.8237000000000023
miniFE.c 33 r 210.8053999999999917
miniFE.c 33 r 202.6418999999999926
miniFE.c 33 r 157.2561000000000035
miniFE.c 33 r 225.5886000000000138
miniFE.c 33 r 142.6283999999999992
miniFE.c 33 r 185.1795999999999935
miniFE.c 87 normr 554.7828649927464539
miniFE.c 25 Ap 13285.4973312810016068
miniFE.c 25 Ap 16752.9738962160008668
miniFE.c 25 Ap 18717.5143203662009910
miniFE.c 25 Ap 21497.0499152972006414
miniFE.c 25 Ap 23708.6069245981998392
miniFE.c 25 Ap 27330.7477216381994367
miniFE.c 25 Ap 28043.4264645949988335
miniFE.c 25 Ap 29230.0690077097970061
miniFE.c 25 Ap 2987.5023718050001662
miniFE.c 25 Ap 18256.2053009880000900
miniFE.c 25 Ap 21290.1102936259994749
miniFE.c 25 Ap 22498.6292991164009436
miniFE.c 25 Ap 24218.0061666374022025
miniFE.c 25 Ap 26395.4473404050004319
miniFE.c 25 Ap 28021.0416928490012651
miniFE.c 25 Ap 29308.7624836482027604
miniFE.c 25 Ap 1845.3076172643000064
miniFE.c 25 Ap 5152.9234129532997031
miniFE.c 25 Ap 19418.9870250392996240
miniFE.c 25 Ap 21366.8164301717988565
miniFE.c 25 Ap 24008.4327040697971825
miniFE.c 25 Ap 27657.4839652037990163
miniFE.c 25 Ap 29362.1700442997971550
miniFE.c 25 Ap 31649.3547644317950471
miniFE.c 25 Ap 2716.0172730389999742
miniFE.c 25 Ap 4086.6435322781999275
miniFE.c 25 Ap 6112.9419280231995799
miniFE.c 25 Ap 19366.0687056721981207
miniFE.c 25 Ap 19942.9016931553996983
miniFE.c 25 Ap 22443.7520980093977414
miniFE.c 25 Ap 22629.2022504265987664
miniFE.c 25 Ap 23503.4403270553993934
miniFE.c 25 Ap 2784.7112838509997346
miniFE.c 25 Ap 5297.5139884079999320
miniFE.c 25 Ap 8838.6610425799990480
miniFE.c 25 Ap 9581.9742276727993158
miniFE.c 25 Ap 20049.1383863587980159
miniFE.c 25 Ap 21061.8523085989982064
miniFE.c 25 Ap 23066.1607201429978886
miniFE.c 25 Ap 23769.7206112477979332
miniFE.c 25 Ap 3179.3454260399998930
miniFE.c 25 Ap 5397.6649115441996400
miniFE.c 25 Ap 8807.5877122702004272
miniFE.c 25 Ap 11054.0535250612010714
miniFE.c 25 Ap 11760.0087099739012046
miniFE.c 25 Ap 26753.3647406958989450
miniFE.c 25 Ap 27839.0862096834971453
miniFE.c 25 Ap 28473.5365185294976982
miniFE.c 25 Ap 989.4123599472000024
miniFE.c 25 Ap 3608.8072965641999872
miniFE.c 25 Ap 6128.3407890401995246
miniFE.c 25 Ap 6391.8224746028990921
miniFE.c 25 Ap 8601.6889808288997301
miniFE.c 25 Ap 10318.9233197042995016
miniFE.c 25 Ap 19683.6473325842962367
miniFE.c 25 Ap 20178.9207280214977800
miniFE.c 25 Ap 1268.8676034993000030
miniFE.c 25 Ap 2867.0390905766998912
miniFE.c 25 Ap 5470.7324228946999938
miniFE.c 25 Ap 6427.4105067679001877
miniFE.c 25 Ap 7024.8795832297000743
miniFE.c 25 Ap 7797.7765812907000509
miniFE.c 25 Ap 8179.2443669095000587
miniFE.c 25 Ap 20192.2487104374995397
miniFE.c 57 sum 5787878.1172925252467394
miniFE.c 57 sum 12523726.3537057451903820
miniFE.c 57 sum 19195581.2445636950433254
miniFE.c 57 sum 23958363.0489748232066631
miniFE.c 57 sum 27696296.6103892698884010
miniFE.c 57 sum 34119601.8506532162427902
miniFE.c 57 sum 36997689.0278177559375763
miniFE.c 57 sum 40736881.5671170875430107
miniFE.c 90 p_ap_dot 40736881.5671170875430107
miniFE.c 91 alpha 0.0075554145395853
miniFE.c 40 y 1.4960559439392744
miniFE.c 40 y 1.7364133245212852
miniFE.c 40 y 1.5927221841830903
miniFE.c 40 y 1.5310435575891859
miniFE.c 40 y 1.1881350243784765
miniFE.c 40 y 1.7044153884046875
miniFE.c 40 y 1.0776166871177848
miniFE.c 40 y 1.3991086422745860
miniFE.c 40 y -22.8341883739316245
miniFE.c 40 y 8.3838497937928480
miniFE.c 40 y -28.3185950364712937
miniFE.c 40 y 25.0636652226906733
miniFE.c 40 y -22.3339927081014764
miniFE.c 40 y 10.4592281944898673
miniFE.c 40 y -9.8317110616323760
miniFE.c 40 y 32.6187905062384118
miniFE.c 82 oldrtrans 307784.0272895599482581
miniFE.c 48 sum 521.4001586961941257
miniFE.c 48 sum 591.6890960610744514
miniFE.c 48 sum 1393.6319209007310747
miniFE.c 48 sum 2021.8192352958449192
miniFE.c 48 sum 2520.6264655813747595
miniFE.c 48 sum 2630.0219200057863418
miniFE.c 48 sum 2726.6844624052109793
miniFE.c 48 sum 3790.6699564950804415
miniFE.c 83 rtrans 3790.6699564950804415
miniFE.c 84 beta 0.0123160060964725
miniFE.c 40 y -20.3954824591623982
miniFE.c 40 y 11.2143598841067167
miniFE.c 40 y -25.7223144449019685
miniFE.c 40 y 27.5594040984914450
miniFE.c 40 y -20.3972256217939858
miniFE.c 40 y 13.2375787673845657
miniFE.c 40 y -8.0750988177022567
miniFE.c 40 y 34.8994635887807547
miniFE.c 87 normr 61.5684168750105201
miniFE.c 25 Ap -1368.4289809075880839
miniFE.c 25 Ap -1199.2317654381338343
miniFE.c 25 Ap -1438.9434926031519808
miniFE.c 25 Ap -1060.9252018802351358
miniFE.c 25 Ap -1347.7797486620288510
miniFE.c 25 Ap -1135.2318889413952547
miniFE.c 25 Ap -1175.5811551089466320
miniFE.c 25 Ap -951.9431937658334846
miniFE.c 25 Ap -307.7178613767356410
miniFE.c 25 Ap 437.3259683561097972
miniFE.c 25 Ap 67.1311905345140190
miniFE.c 25 Ap 231.4904056475628522
miniFE.c 25 Ap 8.4750956168599032
miniFE.c 25 Ap 136.2477270756078269
miniFE.c 25 Ap 44.2125150597399426
miniFE.c 25 Ap 286.8999647086895948
miniFE.c 25 Ap -190.0698452746981673
miniFE.c 25 Ap -28.6731142534308105
miniFE.c 25 Ap -1769.4073370060268644
miniFE.c 25 Ap -1504.5015219156098283
miniFE.c 25 Ap -1847.1377894111169553
miniFE.c 25 Ap -1633.0108189193219914
miniFE.c 25 Ap -1729.5239154825703736
miniFE.c 25 Ap -1298.4747077887291198
miniFE.c 25 Ap -279.7544311962764709
miniFE.c 25 Ap -212.8740522896827088
miniFE.c 25 Ap -460.1214401391083015
miniFE.c 25 Ap 1342.3107144832404174
miniFE.c 25 Ap 1267.4914064132303793
miniFE.c 25 Ap 1414.2417484947911817
miniFE.c 25 Ap 1403.7422385337538344
miniFE.c 25 Ap 1568.5035833213682963
miniFE.c 25 Ap -286.8300319710090207
miniFE.c 25 Ap -164.2165945985409792
miniFE.c 25 Ap -596.3046626606043219
miniFE.c 25 Ap -495.2136817740786796
miniFE.c 25 Ap -1852.8787196649698217
miniFE.c 25 Ap -1793.4524883993756248
miniFE.c 25 Ap -1906.9291065509473810
miniFE.c 25 Ap -1774.3342483584763158
miniFE.c 25 Ap -327.4780245572951571
miniFE.c 25 Ap -219.2340399361679601
miniFE.c 25 Ap -635.3102244794242779
miniFE.c 25 Ap -329.7897021779990041
miniFE.c 25 Ap -421.3570702199359062
miniFE.c 25 Ap 458.4557015430115712
miniFE.c 25 Ap 396.9861193940445787
miniFE.c 25 Ap 516.5563930767918919
miniFE.c 25 Ap -101.9111677687846225
miniFE.c 25 Ap 25.9034897179321177
miniFE.c 25 Ap -281.5280691886695195
miniFE.c 25 Ap -245.6944225194756939
miniFE.c 25 Ap -532.3296991258351909
miniFE.c 25 Ap -431.5620857671784734
miniFE.c 25 Ap -961.7585389596367804
miniFE.c 25 Ap -868.4179343220180272
miniFE.c 25 Ap -130.6955365137075944
miniFE.c 25 Ap -52.7119768868981282
miniFE.c 25 Ap -370.4126553893379423
miniFE.c 25 Ap -240.3039369770450833
miniFE.c 25 Ap -317.7998913765006250
miniFE.c 25 Ap -272.4461594463074903
miniFE.c 25 Ap -294.0434715148847999
miniFE.c 25 Ap 1969.9608123199463989
miniFE.c 57 sum 19415.3407105700898683
miniFE.c 57 sum 22632.7401655508510885
miniFE.c 57 sum 56032.5148980447411304
miniFE.c 57 sum 99259.5389807301689871
miniFE.c 57 sum 135451.0349729742447380
miniFE.c 57 sum 142288.9909141243551858
miniFE.c 57 sum 149301.5515488395176362
miniFE.c 57 sum 218052.1271897244441789
miniFE.c 90 p_ap_dot 218052.1271897244441789
miniFE.c 91 alpha 0.0173842374543628
miniFE.c 40 y 1.1414960338729048
miniFE.c 40 y 1.9313664196452764
miniFE.c 40 y 1.1455593619971292
miniFE.c 40 y 2.0101427825380993
miniFE.c 40 y 0.8335448107589978
miniFE.c 40 y 1.9345406010177315
miniFE.c 40 y 0.9372372518034048
miniFE.c 40 y 2.0058092043318378
miniFE.c 40 y -6.2853818504419117
miniFE.c 40 y 3.3963126816486913
miniFE.c 40 y -5.7456023877877236
miniFE.c 40 y -2.2035735177868609
miniFE.c 40 y 8.5114551887705474
miniFE.c 40 y 1.4792891986737686
miniFE.c 40 y 5.2650725182487914
miniFE.c 40 y -1.6274760309208958
miniFE.c 82 oldrtrans 3790.6699564950804415
miniFE.c 48 sum 39.5060250058645863
miniFE.c 48 sum 51.0409648373923091
miniFE.c 48 sum 84.0529116359442980
miniFE.c 48 sum 88.9086478842358616
miniFE.c 48 sum 161.3535173146849502
miniFE.c 48 sum 163.5418138479978438
miniFE.c 48 sum 191.2628024704165171
miniFE.c 48 sum 193.9114807016385384
miniFE.c 83 rtrans 193.9114807016385384
miniFE.c 84 beta 0.0511549364431960
miniFE.c 40 y -7.3287114593686837
miniFE.c 40 y 3.9699825487712976
miniFE.c 40 y -7.0614257483885874
miniFE.c 40 y -0.7937739527161747
miniFE.c 40 y 7.4680364084701463
miniFE.c 40 y 2.1564566991811276
miniFE.c 40 y 4.8519913514567046
miniFE.c 40 y 0.1578038108648181
miniFE.c 87 normr 13.9252102569993017
miniFE.c 25 Ap -491.7177700400186495
miniFE.c 25 Ap -431.8204598363042805
miniFE.c 25 Ap -497.6273904692219503
miniFE.c 25 Ap -508.5151829539138362
miniFE.c 25 Ap -403.4891250466707220
miniFE.c 25 Ap -368.8641937019388592
miniFE.c 25 Ap -344.6199962125648426
miniFE.c 25 Ap -343.6087794509030005
miniFE.c 25 Ap -110.5723005787979929
miniFE.c 25 Ap 153.1798023210757265
miniFE.c 25 Ap 51.5519747930396193
miniFE.c 25 Ap 46.8180529934476510
miniFE.c 25 Ap 128.4706505494609132
miniFE.c 25 Ap 149.2853442274391398
miniFE.c 25 Ap 204.5854789764453017
miniFE.c 25 Ap 205.6828312124257820
miniFE.c 25 Ap -68.2978231053976117
miniFE.c 25 Ap -11.1619533629575542
miniFE.c 25 Ap -489.0375149877241938
miniFE.c 25 Ap -496.6674091316737645
miniFE.c 25 Ap -371.2179892956387448
miniFE.c 25 Ap -336.3358142312615655
miniFE.c 25 Ap -278.3451047181321201
miniFE.c 25 Ap -276.3960430234928936
miniFE.c 25 Ap -100.5241974453159628
miniFE.c 25 Ap -76.8479520012329260
miniFE.c 25 Ap -144.7236120442499896
miniFE.c 25 Ap -196.6377859053469592
miniFE.c 25 Ap -169.2441919390007001
miniFE.c 25 Ap -145.3379501821156339
miniFE.c 25 Ap -139.0292309112370219
miniFE.c 25 Ap -138.2842347016375015
miniFE.c 25 Ap -103.0666740248001361
miniFE.c 25 Ap -59.6604331297287871
miniFE.c 25 Ap -178.2795339077949848
miniFE.c 25 Ap -181.1911856690406069
miniFE.c 25 Ap 315.8907274046069915
miniFE.c 25 Ap 325.5715079137677890
miniFE.c 25 Ap 393.7548926987293498
miniFE.c 25 Ap 394.3544427138928654
miniFE.c 25 Ap -117.6727226762073286
miniFE.c 25 Ap -79.3533951001087985
miniFE.c 25 Ap -193.5768289640605815
miniFE.c 25 Ap -202.3765196887372895
miniFE.c 25 Ap -168.8509583675782437
miniFE.c 25 Ap -25.5257945265941828
miniFE.c 25 Ap 11.4087232666272484
miniFE.c 25 Ap 11.9493804261645824
miniFE.c 25 Ap -36.6197536420233902
miniFE.c 25 Ap 8.6277651591680851
miniFE.c 25 Ap -75.7699717000274120
miniFE.c 25 Ap -76.8020627878894260
miniFE.c 25 Ap 28.1437137279626626
miniFE.c 25 Ap 44.5591775152805099
miniFE.c 25 Ap 363.1321960674951015
miniFE.c 25 Ap 363.5542513544702956
miniFE.c 25 Ap -46.9628447404564682
miniFE.c 25 Ap -19.3559751545906416
miniFE.c 25 Ap -106.5728450153153091
miniFE.c 25 Ap -110.3202740717590444
miniFE.c 25 Ap -81.9466795596748909
miniFE.c 25 Ap -74.5583677866259649
miniFE.c 25 Ap -61.5814403536479773
miniFE.c 25 Ap -51.3443631305395414
miniFE.c 57 sum 2518.2095995015197332
miniFE.c 57 sum 3334.7668499967226126
miniFE.c 57 sum 5286.5169849555350083
miniFE.c 57 sum 5396.2834085329850495
miniFE.c 57 sum 8341.3367445622916421
miniFE.c 57 sum 8367.1050660333585256
miniFE.c 57 sum 10131.0671493905647367
miniFE.c 57 sum 10122.9648132221391279
miniFE.c 90 p_ap_dot 10122.9648132221391279
miniFE.c 91 alpha 0.0191556015732032
miniFE.c 40 y 1.0011101571122698
miniFE.c 40 y 2.0074138236021093
miniFE.c 40 y 1.0102935038222391
miniFE.c 40 y 1.9949375649606815
miniFE.c 40 y 0.9765995407338273
miniFE.c 40 y 1.9758488263571101
miniFE.c 40 y 1.0301800649685371
miniFE.c 40 y 2.0088320312594976
miniFE.c 40 y 0.2966510257742341
miniFE.c 40 y -0.5436656835049383
miniFE.c 40 y -0.4510699112197658
miniFE.c 40 y 0.4453441860130258
miniFE.c 40 y 0.9573586055206338
miniFE.c 40 y 1.2503916281835270
miniFE.c 40 y -1.6990278709416078
miniFE.c 40 y -0.6439438677624166
miniFE.c 82 oldrtrans 193.9114807016385384
miniFE.c 48 sum 0.0880018310929053
miniFE.c 48 sum 0.3835742065137970
miniFE.c 48 sum 0.5870382713216045
miniFE.c 48 sum 0.7853697153372090
miniFE.c 48 sum 1.7019052149016214
miniFE.c 48 sum 3.2653844387330730
miniFE.c 48 sum 6.1520801449694460
miniFE.c 48 sum 6.5667438497982671
miniFE.c 83 rtrans 6.5667438497982671
miniFE.c 84 beta 0.0338646470339844
miniFE.c 40 y 0.0484667989887969
miniFE.c 40 y -0.4092236257597205
miniFE.c 40 y -0.6902026017456344
miniFE.c 40 y 0.4184633112795220
miniFE.c 40 y 1.2102610225304198
miniFE.c 40 y 1.3234192731453669
miniFE.c 40 y -1.5347168964125815
miniFE.c 40 y -0.6385998974068620
miniFE.c 87 normr 2.5625658722847042
miniFE.c 25 Ap 3.2518658227816206
miniFE.c 25 Ap -2.9223160920494506
miniFE.c 25 Ap -9.3544611508711899
miniFE.c 25 Ap -3.6146133263387394
miniFE.c 25 Ap 13.4057836405257920
miniFE.c 25 Ap 34.6551328578570619
miniFE.c 25 Ap 26.9865331362737031
miniFE.c 25 Ap 22.8943447618969955
miniFE.c 25 Ap 0.7312452530834225
miniFE.c 25 Ap -26.4561769898285633
miniFE.c 25 Ap -36.3895521280736816
miniFE.c 25 Ap -33.8939139368518880
miniFE.c 25 Ap -20.6613919183030674
miniFE.c 25 Ap -7.8873970643773301
miniFE.c 25 Ap -25.3791947667190527
miniFE.c 25 Ap -29.8199558704964254
miniFE.c 25 Ap 0.4516724232047827
miniFE.c 25 Ap -5.4378617220203420
miniFE.c 25 Ap -52.1466947107885659
miniFE.c 25 Ap -48.1243521316903298
miniFE.c 25 Ap -27.7941696282402830
miniFE.c 25 Ap -6.3869497258155050
miniFE.c 25 Ap -24.7297939887248930
miniFE.c 25 Ap -32.6172498835796034
miniFE.c 25 Ap 0.6647943636618425
miniFE.c 25 Ap -1.7757400432219903
miniFE.c 25 Ap -8.4100882366563354
miniFE.c 25 Ap 18.9581278932866866
miniFE.c 25 Ap 23.3975008731627909
miniFE.c 25 Ap 38.0687813591322808
miniFE.c 25 Ap 36.0732918047590587
miniFE.c 25 Ap 33.0584438083041334
miniFE.c 25 Ap 0.6816084655670359
miniFE.c 25 Ap -3.7926830612757017
miniFE.c 25 Ap -15.3868306018671817
miniFE.c 25 Ap -13.8518603082030314
miniFE.c 25 Ap 66.7046382803101068
miniFE.c 25 Ap 72.6457413452492062
miniFE.c 25 Ap 51.0788866037079785
miniFE.c 25 Ap 48.6526297466939894
miniFE.c 25 Ap 0.7782023112837183
miniFE.c 25 Ap -3.1717329780335555
miniFE.c 25 Ap -14.3362363010643961
miniFE.c 25 Ap -9.6971980631838566
miniFE.c 25 Ap -4.2640858090131379
miniFE.c 25 Ap 83.6946866652511261
miniFE.c 25 Ap 72.0120548524203059
miniFE.c 25 Ap 69.8241253929182477
miniFE.c 25 Ap 0.2421765747808688
miniFE.c 25 Ap -4.4219128696892271
miniFE.c 25 Ap -12.6711729535969440
miniFE.c 25 Ap -12.1270731469820365
miniFE.c 25 Ap 4.8803135138902913
miniFE.c 25 Ap 14.9544973182791061
miniFE.c 25 Ap -85.8122516097574390
miniFE.c 25 Ap -87.5202234355662370
miniFE.c 25 Ap 0.3105783013285467
miniFE.c 25 Ap -2.5351226882892255
miniFE.c 25 Ap -11.0599323568918528
miniFE.c 25 Ap -9.0843553473685148
miniFE.c 25 Ap -4.4861646545498344
miniFE.c 25 Ap 0.0480484368480667
miniFE.c 25 Ap -4.0566393814704780
miniFE.c 25 Ap -45.4840068740299586
miniFE.c 57 sum 1.1096156055550765
miniFE.c 57 sum 13.3126460668744855
miniFE.c 57 sum 35.8251567983086190
miniFE.c 57 sum 49.6589026600795762
miniFE.c 57 sum 108.5412840861073676
miniFE.c 57 sum 200.9478773616141893
miniFE.c 57 sum 335.2666430459820504
miniFE.c 57 sum 364.3127251693906032
miniFE.c 90 p_ap_dot 364.3127251693906032
miniFE.c 91 alpha 0.0180250191555757
miniFE.c 40 y 1.0019837720924523
miniFE.c 40 y 2.0000375599088760
miniFE.c 40 y 0.9978525887045459
miniFE.c 40 y 2.0024803741624004
miniFE.c 40 y 0.9984145188481848
miniFE.c 40 y 1.9997034841064134
miniFE.c 40 y 1.0025167635123147
miniFE.c 40 y 1.9973212558759903
miniFE.c 40 y -0.1160199771133145
miniFE.c 40 y -0.0061604077208168
miniFE.c 40 y 0.1368566427339573
miniFE.c 40 y -0.1505348968851805
miniFE.c 40 y 0.0803940223673404
miniFE.c 40 y -0.0081895695451470
miniFE.c 40 y -0.1214741670152573
miniFE.c 40 y 0.1759062274143122
miniFE.c 82 oldrtrans 6.5667438497982671
miniFE.c 48 sum 0.0134606350893740
miniFE.c 48 sum 0.0134985857126607
miniFE.c 48 sum 0.0322283263730707
miniFE.c 48 sum 0.0548890815533027
miniFE.c 48 sum 0.0613522803857031
miniFE.c 48 sum 0.0614193494350379
miniFE.c 48 sum 0.0761753226870885
miniFE.c 48 sum 0.1071183235302242
miniFE.c 83 rtrans 0.1071183235302242
miniFE.c 84 beta 0.0163122433249037
miniFE.c 40 y -0.1152293748950300
miniFE.c 40 y -0.0128357630785087
miniFE.c 40 y 0.1255978899508009
miniFE.c 40 y -0.1437088215290440
miniFE.c 40 y 0.1001360946535034
miniFE.c 40 y 0.0133983676592674
miniFE.c 40 y -0.1465088424643803
miniFE.c 40 y 0.1654892305005529
miniFE.c 87 normr 0.3272893574961218
miniFE.c 25 Ap -7.7312814920633199
miniFE.c 25 Ap -7.9249417092984746
miniFE.c 25 Ap -6.7544682204964017
miniFE.c 25 Ap -8.7256488339113183
miniFE.c 25 Ap -7.3173938790002930
miniFE.c 25 Ap -7.1022643285160321
miniFE.c 25 Ap -7.8343326801176092
miniFE.c 25 Ap -6.7738672652485450
miniFE.c 25 Ap -1.7385289551975103
miniFE.c 25 Ap -2.5912932841815319
miniFE.c 25 Ap -0.7836922199463041
miniFE.c 25 Ap -1.6407451891223612
miniFE.c 25 Ap -0.5458961832578704
miniFE.c 25 Ap -0.4165715746448243
miniFE.c 25 Ap -2.0863929208367771
miniFE.c 25 Ap -0.9355970298805212
miniFE.c 25 Ap -1.0738470885036373
miniFE.c 25 Ap -1.2585790056566424
miniFE.c 25 Ap 7.2411439026839517
miniFE.c 25 Ap 5.8597895611030131
miniFE.c 25 Ap 7.5418937035895999
miniFE.c 25 Ap 7.7586215453519349
miniFE.c 25 Ap 6.0075566507482092
miniFE.c 25 Ap 8.0515422698297225
miniFE.c 25 Ap -1.5805425684539303
miniFE.c 25 Ap -1.6570926976737499
miniFE.c 25 Ap -0.4498237998359105
miniFE.c 25 Ap -9.8486264699202017
miniFE.c 25 Ap -9.4813160594885506
miniFE.c 25 Ap -9.3327832294383555
miniFE.c 25 Ap -9.5232788612023445
miniFE.c 25 Ap -8.7419995703107798
miniFE.c 25 Ap -1.6205179431925141
miniFE.c 25 Ap -1.7608591707453278
miniFE.c 25 Ap 0.3489567922684162
miniFE.c 25 Ap -0.1781832604881284
miniFE.c 25 Ap 6.4870013711283185
miniFE.c 25 Ap 6.5471494170128750
miniFE.c 25 Ap 4.4883104668673770
miniFE.c 25 Ap 5.1170599888988866
miniFE.c 25 Ap -1.8501689350645600
miniFE.c 25 Ap -1.9740631346113051
miniFE.c 25 Ap 0.0575693978869649
miniFE.c 25 Ap -1.5355707896136488
miniFE.c 25 Ap -1.0860391325424790
miniFE.c 25 Ap -0.1955398052453236
miniFE.c 25 Ap -1.3108001296975353
miniFE.c 25 Ap -0.7438116849565236
miniFE.c 25 Ap -0.5757726094654910
miniFE.c 25 Ap -0.7220670639341171
miniFE.c 25 Ap 0.7790713808844578
miniFE.c 25 Ap 0.5922164287412843
miniFE.c 25 Ap 1.9993949206347847
miniFE.c 25 Ap 2.1013864974669985
miniFE.c 25 Ap -7.5181203828277763
miniFE.c 25 Ap -7.0755100029679090
miniFE.c 25 Ap -0.7383970937779708
miniFE.c 25 Ap -0.8276557323211388
miniFE.c 25 Ap 0.7236251581024945
miniFE.c 25 Ap 0.0451717878168749
miniFE.c 25 Ap 0.4256226574055271
miniFE.c 25 Ap 0.4715272737858111
miniFE.c 25 Ap 0.0796810236108055
miniFE.c 25 Ap 10.8153281727041612
miniFE.c 57 sum 0.7805484905964963
miniFE.c 57 sum 0.7925575924089991
miniFE.c 57 sum 1.8038143123492940
miniFE.c 57 sum 3.0601167684060653
miniFE.c 57 sum 3.5725191718020990
miniFE.c 57 sum 3.5625533093777921
miniFE.c 57 sum 4.5991780897577641
miniFE.c 57 sum 6.3889984266695263
miniFE.c 90 p_ap_dot 6.3889984266695263
miniFE.c 91 alpha 0.0167660588368720
miniFE.c 40 y 1.0000518296132261
miniFE.c 40 y 1.9998223547498857
miniFE.c 40 y 0.9999583703172480
miniFE.c 40 y 2.0000709436052668
miniFE.c 40 y 1.0000934065028400
miniFE.c 40 y 1.9999281219269067
miniFE.c 40 y 1.0000603876394349
miniFE.c 40 y 2.0000958580514312
miniFE.c 40 y -0.0024489199909958
miniFE.c 40 y 0.0095258671297627
miniFE.c 40 y 0.0018640113104298
miniFE.c 40 y -0.0039660177374398
miniFE.c 40 y -0.0053989064783422
miniFE.c 40 y 0.0042812209283870
miniFE.c 40 y -0.0028457500046206
miniFE.c 40 y -0.0054242010693256
miniFE.c 82 oldrtrans 0.1071183235302242
miniFE.c 48 sum 0.0000059972091223
miniFE.c 48 sum 0.0000967393536962
miniFE.c 48 sum 0.0001002138918616
miniFE.c 48 sum 0.0001159431885553
miniFE.c 48 sum 0.0001450913797172
miniFE.c 48 sum 0.0001634202323548
miniFE.c 48 sum 0.0001715185254436
miniFE.c 48 sum 0.0002009404826841
miniFE.c 83 rtrans 0.0002009404826841
miniFE.c 84 beta 0.0018758740434115
miniFE.c 40 y -0.0026650757843999
miniFE.c 40 y 0.0095017888549764
miniFE.c 40 y 0.0020996171320958
miniFE.c 40 y -0.0042355973855554
miniFE.c 40 y -0.0052110637775731
miniFE.c 40 y 0.0043063545785031
miniFE.c 40 y -0.0031205821393298
miniFE.c 40 y -0.0051137641173655
miniFE.c 87 normr 0.0141753477094604
miniFE.c 25 Ap -0.1788124868823358
miniFE.c 25 Ap -0.0354537724434371
miniFE.c 25 Ap -0.0158869931709873
miniFE.c 25 Ap -0.0739845223539843
miniFE.c 25 Ap -0.1472698487941430
miniFE.c 25 Ap -0.0781252971398664
miniFE.c 25 Ap -0.0937180721857267
miniFE.c 25 Ap -0.1264873948169443
miniFE.c 25 Ap -0.0402094641509232
miniFE.c 25 Ap 0.5910569862737114
miniFE.c 25 Ap 0.6212746130503199
miniFE.c 25 Ap 0.5960142895927865
miniFE.c 25 Ap 0.5390385505636759
miniFE.c 25 Ap 0.5806046304457053
miniFE.c 25 Ap 0.5450380763650867
miniFE.c 25 Ap 0.5094774618418104
miniFE.c 25 Ap -0.0248364088959650
miniFE.c 25 Ap 0.1119130512511893
miniFE.c 25 Ap 0.2540027300141813
miniFE.c 25 Ap 0.2132894267146802
miniFE.c 25 Ap 0.1257530393875280
miniFE.c 25 Ap 0.1954112960794742
miniFE.c 25 Ap 0.1581142855851331
miniFE.c 25 Ap 0.0949533156316517
miniFE.c 25 Ap -0.0365554853459638
miniFE.c 25 Ap 0.0201114350559660
miniFE.c 25 Ap 0.0402933223626688
miniFE.c 25 Ap -0.2367219895241846
miniFE.c 25 Ap -0.2558367550994656
miniFE.c 25 Ap -0.2080969819411843
miniFE.c 25 Ap -0.2121544658179514
miniFE.c 25 Ap -0.2362966894014293
miniFE.c 25 Ap -0.0374800534370878
miniFE.c 25 Ap 0.0664088002055704
miniFE.c 25 Ap 0.1016785467215992
miniFE.c 25 Ap 0.0861419011244747
miniFE.c 25 Ap -0.2607130698511479
miniFE.c 25 Ap -0.2413809527328499
miniFE.c 25 Ap -0.2852334325389238
miniFE.c 25 Ap -0.3046623508730670
miniFE.c 25 Ap -0.0427915228246390
miniFE.c 25 Ap 0.0489222706794283
miniFE.c 25 Ap 0.0828850265268988
miniFE.c 25 Ap 0.0359296598263439
miniFE.c 25 Ap 0.0125361158386165
miniFE.c 25 Ap 0.2987505229054020
miniFE.c 25 Ap 0.2749959058416924
miniFE.c 25 Ap 0.2574754596174423
miniFE.c 25 Ap -0.0133167227558519
miniFE.c 25 Ap 0.0949790605577443
miniFE.c 25 Ap 0.1200735585435252
miniFE.c 25 Ap 0.1145662950481123
miniFE.c 25 Ap 0.0413369875435625
miniFE.c 25 Ap 0.0741179878138721
miniFE.c 25 Ap -0.1307738184066701
miniFE.c 25 Ap -0.1444508720231188
miniFE.c 25 Ap -0.0170779735262092
miniFE.c 25 Ap 0.0489965349959887
miniFE.c 25 Ap 0.0749292631294162
miniFE.c 25 Ap 0.0549328892754823
miniFE.c 25 Ap 0.0351342966449254
miniFE.c 25 Ap 0.0498884487887451
miniFE.c 25 Ap 0.0415422739839256
miniFE.c 25 Ap -0.2901987523153510
miniFE.c 57 sum 0.0003370984929585
miniFE.c 57 sum 0.0051780457617486
miniFE.c 57 sum 0.0053774113699981
miniFE.c 57 sum 0.0063782690098422
miniFE.c 57 sum 0.0079658839508671
miniFE.c 57 sum 0.0090746645752429
miniFE.c 57 sum 0.0095254353864888
miniFE.c 57 sum 0.0110094433529833
miniFE.c 90 p_ap_dot 0.0110094433529833
miniFE.c 91 alpha 0.0182516478119354
miniFE.c 40 y 1.0000031875886171
miniFE.c 40 y 1.9999957780536501
miniFE.c 40 y 0.9999966917896829
miniFE.c 40 y 1.9999936369735125
miniFE.c 40 y 0.9999982960020461
miniFE.c 40 y 2.0000067199940270
miniFE.c 40 y 1.0000034318732596
miniFE.c 40 y 2.0000025234297678
miniFE.c 40 y -0.0001403166081477
miniFE.c 40 y 0.0002270639281072
miniFE.c 40 y 0.0001309568349454
miniFE.c 40 y 0.0003467862166414
miniFE.c 40 y 0.0001616834513494
miniFE.c 40 y -0.0004181304807668
miniFE.c 40 y -0.0002092835623277
miniFE.c 40 y -0.0001275956466028
