filename line variable value
miniFE.c 167 A 67.0947100000000063
miniFE.c 167 A 15.0875500000000002
miniFE.c 167 A 9.3192129999999995
miniFE.c 167 A 13.7164900000000003
miniFE.c 167 A 14.0634099999999993
miniFE.c 167 A 16.0564000000000000
miniFE.c 167 A 4.9967519999999999
miniFE.c 167 A 6.4080630000000003
miniFE.c 167 A 15.0875500000000002
miniFE.c 167 A 66.4365899999999954
miniFE.c 167 A 14.3919700000000006
miniFE.c 167 A 5.9638159999999996
miniFE.c 167 A 10.9336099999999998
miniFE.c 167 A 9.6522659999999991
miniFE.c 167 A 11.3974100000000007
miniFE.c 167 A 6.9539020000000002
miniFE.c 167 A 9.3192129999999995
miniFE.c 167 A 14.3919700000000006
miniFE.c 167 A 67.6740900000000067
miniFE.c 167 A 9.6121750000000006
miniFE.c 167 A 16.7981799999999986
miniFE.c 167 A 16.1756899999999995
miniFE.c 167 A 11.9519400000000005
miniFE.c 167 A 12.3511699999999998
miniFE.c 167 A 13.7164900000000003
miniFE.c 167 A 5.9638159999999996
miniFE.c 167 A 9.6121750000000006
miniFE.c 167 A 65.4017099999999942
miniFE.c 167 A 3.6681119999999998
miniFE.c 167 A 11.0858899999999991
miniFE.c 167 A 1.3002330000000000
miniFE.c 167 A 4.7210279999999996
miniFE.c 167 A 14.0634099999999993
miniFE.c 167 A 10.9336099999999998
miniFE.c 167 A 16.7981799999999986
miniFE.c 167 A 3.6681119999999998
miniFE.c 167 A 66.5612600000000043
miniFE.c 167 A 4.4892070000000004
miniFE.c 167 A 14.0526599999999995
miniFE.c 167 A 3.7993380000000001
miniFE.c 167 A 16.0564000000000000
miniFE.c 167 A 9.6522659999999991
miniFE.c 167 A 16.1756899999999995
miniFE.c 167 A 11.0858899999999991
miniFE.c 167 A 4.4892070000000004
miniFE.c 167 A 66.4632699999999943
miniFE.c 167 A 7.6122389999999998
miniFE.c 167 A 3.4261349999999999
miniFE.c 167 A 4.9967519999999999
miniFE.c 167 A 11.3974100000000007
miniFE.c 167 A 11.9519400000000005
miniFE.c 167 A 1.3002330000000000
miniFE.c 167 A 14.0526599999999995
miniFE.c 167 A 7.6122389999999998
miniFE.c 167 A 65.6581999999999937
miniFE.c 167 A 2.6745570000000001
miniFE.c 167 A 6.4080630000000003
miniFE.c 167 A 6.9539020000000002
miniFE.c 167 A 12.3511699999999998
miniFE.c 167 A 4.7210279999999996
miniFE.c 167 A 3.7993380000000001
miniFE.c 167 A 3.4261349999999999
miniFE.c 167 A 2.6745570000000001
miniFE.c 167 A 64.8721800000000002
miniFE.c 175 b 198.0110999999999990
miniFE.c 175 b 229.8237000000000023
miniFE.c 175 b 210.8053999999999917
miniFE.c 175 b 202.6418999999999926
miniFE.c 175 b 157.2561000000000035
miniFE.c 175 b 225.5886000000000138
miniFE.c 175 b 142.6283999999999992
miniFE.c 175 b 185.1795999999999935
miniFE.c 33 r 0.0000000000000000
miniFE.c 33 r 0.0000000000000000
miniFE.c 33 r 0.0000000000000000
miniFE.c 33 r 0.0000000000000000
miniFE.c 33 r 0.0000000000000000
miniFE.c 33 r 0.0000000000000000
miniFE.c 33 r 0.0000000000000000
miniFE.c 33 r 0.0000000000000000
miniFE.c 25 Ap 0.0000000000000000
miniFE.c 25 Ap 0.0000000000000000
miniFE.c 25 Ap 0.0000000000000000
miniFE.c 25 Ap 0.0000000000000000
miniFE.c 25 Ap 0.0000000000000000
miniFE.c 25 Ap 0.0000000000000000
miniFE.c 25 Ap 0.0000000000000000
miniFE.c 25 Ap 0.0000000000000000
miniFE.c 25 Ap 0.0000000000000000
miniFE.c 25 Ap 0.0000000000000000
miniFE.c 25 Ap 0.0000000000000000
miniFE.c 25 Ap 0.0000000000000000
miniFE.c 25 Ap 0.0000000000000000
miniFE.c 25 Ap 0.0000000000000000
miniFE.c 25 Ap 0.0000000000000000
miniFE.c 25 Ap 0.0000000000000000
miniFE.c 25 Ap 0.0000000000000000
miniFE.c 25 Ap 0.0000000000000000
miniFE.c 25 Ap 0.0000000000000000
miniFE.c 25 Ap 0.0000000000000000
miniFE.c 25 Ap 0.0000000000000000
miniFE.c 25 Ap 0.0000000000000000
miniFE.c 25 Ap 0.0000000000000000
miniFE.c 25 Ap 0.0000000000000000
miniFE.c 25 Ap 0.0000000000000000
miniFE.c 25 Ap 0.0000000000000000
miniFE.c 25 Ap 0.0000000000000000
miniFE.c 25 Ap 0.0000000000000000
miniFE.c 25 Ap 0.0000000000000000
miniFE.c 25 Ap 0.0000000000000000
miniFE.c 25 Ap 0.0000000000000000
miniFE.c 25 Ap 0.0000000000000000
miniFE.c 25 Ap 0.0000000000000000
miniFE.c 25 Ap 0.0000000000000000
miniFE.c 25 Ap 0.0000000000000000
miniFE.c 25 Ap 0.0000000000000000
miniFE.c 25 Ap 0.0000000000000000
miniFE.c 25 Ap 0.0000000000000000
miniFE.c 25 Ap 0.0000000000000000
miniFE.c 25 Ap 0.0000000000000000
miniFE.c 25 Ap 0.0000000000000000
miniFE.c 25 Ap 0.0000000000000000
miniFE.c 25 Ap 0.0000000000000000
miniFE.c 25 Ap 0.0000000000000000
miniFE.c 25 Ap 0.0000000000000000
miniFE.c 25 Ap 0.0000000000000000
miniFE.c 25 Ap 0.0000000000000000
miniFE.c 25 Ap 0.0000000000000000
miniFE.c 25 Ap 0.0000000000000000
miniFE.c 25 Ap 0.0000000000000000
miniFE.c 25 Ap 0.0000000000000000
miniFE.c 25 Ap 0.0000000000000000
miniFE.c 25 Ap 0.0000000000000000
miniFE.c 25 Ap 0.0000000000000000
miniFE.c 25 Ap 0.0000000000000000
miniFE.c 25 Ap 0.0000000000000000
miniFE.c 25 Ap 0.0000000000000000
miniFE.c 25 Ap 0.0000000000000000
miniFE.c 25 Ap 0.0000000000000000
miniFE.c 25 Ap 0.0000000000000000
miniFE.c 25 Ap 0.0000000000000000
miniFE.c 25 Ap 0.0000000000000000
miniFE.c 25 Ap 0.0000000000000000
miniFE.c 25 Ap 0.0000000000000000
miniFE.c 33 r 198.0110999999999990
miniFE.c 33 r 229.8237000000000023
miniFE.c 33 r 210.8053999999999917
miniFE.c 33 r 202.6418999999999926
miniFE.c 33 r 157.2561000000000035
miniFE.c 33 r 225.5886000000000138
miniFE.c 33 r 142.6283999999999992
miniFE.c 33 r 185.1795999999999935
miniFE.c 48 sum 39208.3957232100001420
miniFE.c 48 sum 92027.3288048999966122
miniFE.c 48 sum 136466.2454740600078367
miniFE.c 48 sum 177529.9851096700003836
miniFE.c 48 sum 202259.4660968800017145
miniFE.c 48 sum 253149.6825468399911188
miniFE.c 48 sum 273492.5430333999684080
miniFE.c 48 sum 307784.0272895599482581
miniFE.c 75 rtrans 307784.0272895599482581
miniFE.c 76 normr 554.7828649927464539
miniFE.c 33 r 198.0110999999999990
miniFE.c 33 r 229.8237000000000023
miniFE.c 33 r 210.8053999999999917
miniFE.c 33 r 202.6418999999999926
miniFE.c 33 r 157.2561000000000035
miniFE.c 33 r 225.5886000000000138
miniFE.c 33 r 142.6283999999999992
miniFE.c 33 r 185.1795999999999935
miniFE.c 87 normr 554.7828649927464539
miniFE.c 25 Ap 13285.4973312810016068
miniFE.c 25 Ap 16752.9738962160008668
miniFE.c 25 Ap 18717.5143203662009910
miniFE.c 25 Ap 21497.0499152972006414
miniFE.c 25 Ap 23708.6069245981998392
miniFE.c 25 Ap 27330.7477216381994367
miniFE.c 25 Ap 28043.4264645949988335
miniFE.c 25 Ap 29230.0690077097970061
miniFE.c 25 Ap 2987.5023718050001662
miniFE.c 25 Ap 18256.2053009880000900
miniFE.c 25 Ap 21290.1102936259994749
miniFE.c 25 Ap 22498.6292991164009436
miniFE.c 25 Ap 24218.0061666374022025
miniFE.c 25 Ap 26395.4473404050004319
miniFE.c 25 Ap 28021.0416928490012651
miniFE.c 25 Ap 29308.7624836482027604
miniFE.c 25 Ap 1845.3076172643000064
miniFE.c 25 Ap 5152.9234129532997031
miniFE.c 25 Ap 19418.9870250392996240
miniFE.c 25 Ap 21366.8164301717988565
miniFE.c 25 Ap 24008.4327040697971825
miniFE.c 25 Ap 27657.4839652037990163
miniFE.c 25 Ap 29362.1700442997971550
miniFE.c 25 Ap 31649.3547644317950471
miniFE.c 25 Ap 2716.0172730389999742
miniFE.c 25 Ap 4086.6435322781999275
miniFE.c 25 Ap 6112.9419280231995799
miniFE.c 25 Ap 19366.0687056721981207
miniFE.c 25 Ap 19942.9016931553996983
miniFE.c 25 Ap 22443.7520980093977414
miniFE.c 25 Ap 22629.2022504265987664
miniFE.c 25 Ap 23503.4403270553993934
miniFE.c 25 Ap 2784.7112838509997346
miniFE.c 25 Ap 5297.5139884079999320
miniFE.c 25 Ap 8838.6610425799990480
miniFE.c 25 Ap 9581.9742276727993158
miniFE.c 25 Ap 20049.1383863587980159
miniFE.c 25 Ap 21061.8523085989982064
miniFE.c 25 Ap 23066.1607201429978886
miniFE.c 25 Ap 23769.7206112477979332
miniFE.c 25 Ap 3179.3454260399998930
miniFE.c 25 Ap 5397.6649115441996400
miniFE.c 25 Ap 8807.5877122702004272
miniFE.c 25 Ap 11054.0535250612010714
miniFE.c 25 Ap 11760.0087099739012046
miniFE.c 25 Ap 26753.3647406958989450
miniFE.c 25 Ap 27839.0862096834971453
miniFE.c 25 Ap 28473.5365185294976982
miniFE.c 25 Ap 989.4123599472000024
miniFE.c 25 Ap 3608.8072965641999872
miniFE.c 25 Ap 6128.3407890401995246
miniFE.c 25 Ap 6391.8224746028990921
miniFE.c 25 Ap 8601.6889808288997301
miniFE.c 25 Ap 10318.9233197042995016
miniFE.c 25 Ap 19683.6473325842962367
miniFE.c 25 Ap 20178.9207280214977800
miniFE.c 25 Ap 1268.8676034993000030
miniFE.c 25 Ap 2867.0390905766998912
miniFE.c 25 Ap 5470.7324228946999938
miniFE.c 25 Ap 6427.4105067679001877
miniFE.c 25 Ap 7024.8795832297000743
miniFE.c 25 Ap 7797.7765812907000509
miniFE.c 25 Ap 8179.2443669095000587
miniFE.c 25 Ap 20192.2487104374995397
miniFE.c 57 sum 5787878.1172925252467394
miniFE.c 57 sum 12523726.3537057451903820
miniFE.c 57 sum 19195581.2445636950433254
miniFE.c 57 sum 23958363.0489748232066631
miniFE.c 57 sum 27696296.6103892698884010
miniFE.c 57 sum 34119601.8506532162427902
miniFE.c 57 sum 36997689.0278177559375763
miniFE.c 57 sum 40736881.5671170875430107
miniFE.c 90 p_ap_dot 40736881.5671170875430107
miniFE.c 91 alpha 0.0075554145395853
miniFE.c 40 y 1.4960559439392744
miniFE.c 40 y 1.7364133245212852
miniFE.c 40 y 1.5927221841830903
miniFE.c 40 y 1.5310435575891859
miniFE.c 40 y 1.1881350243784765
miniFE.c 40 y 1.7044153884046875
miniFE.c 40 y 1.0776166871177848
miniFE.c 40 y 1.3991086422745860
miniFE.c 40 y -22.8341883739316245
miniFE.c 40 y 8.3838497937928480
miniFE.c 40 y -28.3185951556805833
miniFE.c 40 y 25.0636652226906733
miniFE.c 40 y -22.3339927081014764
miniFE.c 40 y 10.4592281944898673
miniFE.c 40 y -9.8317110616323760
miniFE.c 40 y 32.6187905062384118
miniFE.c 82 oldrtrans 307784.0272895599482581
miniFE.c 48 sum 521.4001586961941257
miniFE.c 48 sum 591.6890960610744514
miniFE.c 48 sum 1393.6319276524102406
miniFE.c 48 sum 2021.8192420475243125
miniFE.c 48 sum 2520.6264723330541528
miniFE.c 48 sum 2630.0219267574657351
miniFE.c 48 sum 2726.6844691568903727
miniFE.c 48 sum 3790.6699632467598349
miniFE.c 83 rtrans 3790.6699632467598349
miniFE.c 84 beta 0.0123160061184089
miniFE.c 40 y -20.3954824548187439
miniFE.c 40 y 11.2143598891482252
miniFE.c 40 y -25.7223145594869429
miniFE.c 40 y 27.5594041029366821
miniFE.c 40 y -20.3972256183443506
miniFE.c 40 y 13.2375787723331708
miniFE.c 40 y -8.0750988145735008
miniFE.c 40 y 34.8994635928429275
miniFE.c 87 normr 61.5684169298412272
miniFE.c 25 Ap -1368.4289806161518754
miniFE.c 25 Ap -1199.2317650706336281
miniFE.c 25 Ap -1438.9434933034935966
miniFE.c 25 Ap -1060.9252025196035447
miniFE.c 25 Ap -1347.7797492528836756
miniFE.c 25 Ap -1135.2318894527934390
miniFE.c 25 Ap -1175.5811556047112845
miniFE.c 25 Ap -951.9431942355674892
miniFE.c 25 Ap -307.7178613112005223
miniFE.c 25 Ap 437.3259687565855529
miniFE.c 25 Ap 67.1311892858862507
miniFE.c 25 Ap 231.4904044254456608
miniFE.c 25 Ap 8.4750944324596844
miniFE.c 25 Ap 136.2477259389728772
miniFE.c 25 Ap 44.2125139587647027
miniFE.c 25 Ap 286.8999636359623082
miniFE.c 25 Ap -190.0698452342187466
miniFE.c 25 Ap -28.6731141403941479
miniFE.c 25 Ap -1769.4073446474239972
miniFE.c 25 Ap -1504.5015295142784453
miniFE.c 25 Ap -1847.1377969518380269
miniFE.c 25 Ap -1633.0108263799961605
miniFE.c 25 Ap -1729.5239229058497585
miniFE.c 25 Ap -1298.4747151618360022
miniFE.c 25 Ap -279.7544311366967804
miniFE.c 25 Ap -212.8740522000363740
miniFE.c 25 Ap -460.1214411508727835
miniFE.c 25 Ap 1342.3107137622018854
miniFE.c 25 Ap 1267.4914057048456471
miniFE.c 25 Ap 1414.2417478412662604
miniFE.c 25 Ap 1403.7422378842968556
miniFE.c 25 Ap 1568.5035826910889227
miniFE.c 25 Ap -286.8300319099224680
miniFE.c 25 Ap -164.2165944823325390
miniFE.c 25 Ap -596.3046644692149130
miniFE.c 25 Ap -495.2136835663836223
miniFE.c 25 Ap -1852.8787212276629361
miniFE.c 25 Ap -1793.4524899398534217
miniFE.c 25 Ap -1906.9291080474579303
miniFE.c 25 Ap -1774.3342498395531948
miniFE.c 25 Ap -327.4780244875516928
miniFE.c 25 Ap -219.2340398177625218
miniFE.c 25 Ap -635.3102262145098393
miniFE.c 25 Ap -329.7897038638051299
miniFE.c 25 Ap -421.3570718902559520
miniFE.c 25 Ap 458.4557002015919807
miniFE.c 25 Ap 396.9861180764418123
miniFE.c 25 Ap 516.5563917731067249
miniFE.c 25 Ap -101.9111677470804693
miniFE.c 25 Ap 25.9034897970964124
miniFE.c 25 Ap -281.5280704790179698
miniFE.c 25 Ap -245.6944238040443054
miniFE.c 25 Ap -532.3297003619271663
miniFE.c 25 Ap -431.5620869656004857
miniFE.c 25 Ap -961.7585399526303718
miniFE.c 25 Ap -868.4179353041471359
miniFE.c 25 Ap -130.6955364858731627
miniFE.c 25 Ap -52.7119768240055322
miniFE.c 25 Ap -370.4126567417038700
miniFE.c 25 Ap -240.3039383084249323
miniFE.c 25 Ap -317.7998926947741438
miniFE.c 25 Ap -272.4461607476264362
miniFE.c 25 Ap -294.0434728078357125
miniFE.c 25 Ap 1969.9608112905175403
miniFE.c 57 sum 19415.3407160156275495
miniFE.c 57 sum 22632.7401604128463077
miniFE.c 57 sum 56032.5152313458020217
miniFE.c 57 sum 99259.5393036334862700
miniFE.c 57 sum 135451.0353199666133150
miniFE.c 57 sum 142288.9912464153021574
miniFE.c 57 sum 149301.5518863441830035
miniFE.c 57 sum 218052.1274993049155455
miniFE.c 90 p_ap_dot 218052.1274993049155455
miniFE.c 91 alpha 0.0173842374606450
miniFE.c 40 y 1.1414960338202862
miniFE.c 40 y 1.9313664198033706
miniFE.c 40 y 1.1455593598435627
miniFE.c 40 y 2.0101427827885114
miniFE.c 40 y 0.8335448106908265
miniFE.c 40 y 1.9345406011869211
miniFE.c 40 y 0.9372372518070660
miniFE.c 40 y 2.0058092046217029
miniFE.c 40 y -6.2853818362955991
miniFE.c 40 y 3.3963126984948593
miniFE.c 40 y -5.7456023706638284
miniFE.c 40 y -2.2035735166836723
miniFE.c 40 y 8.5114552256647578
miniFE.c 40 y 1.4792892180922035
miniFE.c 40 y 5.2650725407779788
miniFE.c 40 y -1.6274760254008527
miniFE.c 82 oldrtrans 3790.6699632467598349
miniFE.c 48 sum 39.5060248280346400
miniFE.c 48 sum 51.0409647739920729
miniFE.c 48 sum 84.0529113757698809
miniFE.c 48 sum 88.9086476191995274
miniFE.c 48 sum 161.3535176776954359
miniFE.c 48 sum 163.5418142684592908
miniFE.c 48 sum 191.2628031281135748
miniFE.c 48 sum 193.9114813413681304
miniFE.c 83 rtrans 193.9114813413681304
miniFE.c 84 beta 0.0511549365208467
miniFE.c 40 y -7.3287114465838936
miniFE.c 40 y 3.9699825667461655
miniFE.c 40 y -7.0614257391236324
miniFE.c 40 y -0.7937739492455855
miniFE.c 40 y 7.4680364439569651
miniFE.c 40 y 2.1564567198806142
miniFE.c 40 y 4.8519913735189073
miniFE.c 40 y 0.1580479599276263
miniFE.c 87 normr 13.9252102799694963
miniFE.c 25 Ap -491.7177691822269026
miniFE.c 25 Ap -431.8204587073157654
miniFE.c 25 Ap -497.6273892538913515
miniFE.c 25 Ap -508.5151816909789204
miniFE.c 25 Ap -403.4891232846700859
miniFE.c 25 Ap -368.8641916075790164
miniFE.c 25 Ap -344.6199940079656585
miniFE.c 25 Ap -343.6072127237279688
miniFE.c 25 Ap -110.5723003859068285
miniFE.c 25 Ap 153.1798037081557595
miniFE.c 25 Ap 51.5519763134606137
miniFE.c 25 Ap 46.8180545345666062
miniFE.c 25 Ap 128.4706524785789270
miniFE.c 25 Ap 149.2853463563540970
miniFE.c 25 Ap 204.5854813568122381
miniFE.c 25 Ap 205.6845313814488918
miniFE.c 25 Ap -68.2978229862534221
miniFE.c 25 Ap -11.1619529851196120
miniFE.c 25 Ap -489.0375139828888678
miniFE.c 25 Ap -496.6674080934785707
miniFE.c 25 Ap -371.2179876613295733
miniFE.c 25 Ap -336.3358122621239090
miniFE.c 25 Ap -278.3451024853083595
miniFE.c 25 Ap -276.3930252640890330
miniFE.c 25 Ap -100.5241972699535182
miniFE.c 25 Ap -76.8479517186716663
miniFE.c 25 Ap -144.7236116726323871
miniFE.c 25 Ap -196.6377853067468777
miniFE.c 25 Ap -169.2441912102310084
miniFE.c 25 Ap -145.3379492238736930
miniFE.c 25 Ap -139.0292299243090781
miniFE.c 25 Ap -138.2830810801478663
miniFE.c 25 Ap -103.0666738450023843
miniFE.c 25 Ap -59.6604327534008405
miniFE.c 25 Ap -178.2795333758326422
miniFE.c 25 Ap -181.1911851243477543
miniFE.c 25 Ap 315.8907303113472835
miniFE.c 25 Ap 325.5715109134323484
miniFE.c 25 Ap 393.7548960084265559
miniFE.c 25 Ap 394.3553736284020488
miniFE.c 25 Ap -117.6727224709296280
miniFE.c 25 Ap -79.3533947213328901
miniFE.c 25 Ap -193.5768284354176387
miniFE.c 25 Ap -202.3765191216197934
miniFE.c 25 Ap -168.8509576411530588
miniFE.c 25 Ap -25.5257924244134529
miniFE.c 25 Ap 11.4087255367507368
miniFE.c 25 Ap 11.9502191839373744
miniFE.c 25 Ap -36.6197535781409655
miniFE.c 25 Ap 8.6277654279174527
miniFE.c 25 Ap -75.7699713205438599
miniFE.c 25 Ap -76.8020624038933022
miniFE.c 25 Ap 28.1437146106429736
miniFE.c 25 Ap 44.5591785555302593
miniFE.c 25 Ap 363.1321985563093335
miniFE.c 25 Ap 363.5549068338694951
miniFE.c 25 Ap -46.9628446585307273
miniFE.c 25 Ap -19.3559749476694343
miniFE.c 25 Ap -106.5728446939610734
miniFE.c 25 Ap -110.3202737340200628
miniFE.c 25 Ap -81.9466790871094872
miniFE.c 25 Ap -74.5583672431413191
miniFE.c 25 Ap -61.5814397511567080
miniFE.c 25 Ap -51.3285240460989485
miniFE.c 57 sum 2518.1981130171720906
miniFE.c 57 sum 3334.7621168508785559
miniFE.c 57 sum 5286.4909395649647195
miniFE.c 57 sum 5396.2564469478011233
miniFE.c 57 sum 8341.3167490749729041
miniFE.c 57 sum 8367.0868795382211829
miniFE.c 57 sum 10131.0521512966261071
miniFE.c 57 sum 10122.9397827850443718
miniFE.c 90 p_ap_dot 10122.9397827850443718
miniFE.c 91 alpha 0.0191556490014029
miniFE.c 40 y 1.0011098097169613
miniFE.c 40 y 2.0074140123936486
miniFE.c 40 y 1.0102931669354382
miniFE.c 40 y 1.9949375276303056
miniFE.c 40 y 0.9765998955409513
miniFE.c 40 y 1.9758489291996708
miniFE.c 40 y 1.0301802955160289
miniFE.c 40 y 2.0088367158674645
miniFE.c 40 y 0.2966373249905176
miniFE.c 40 y -0.5437079896662174
miniFE.c 40 y -0.4511145922690520
miniFE.c 40 y 0.4453286473201796
miniFE.c 40 y 0.9573221066219872
miniFE.c 40 y 1.2503750139148677
miniFE.c 40 y -1.6990576472693615
miniFE.c 40 y -0.6442448350137121
miniFE.c 82 oldrtrans 193.9114813413681304
miniFE.c 48 sum 0.0879937025775300
miniFE.c 48 sum 0.3836120806044095
miniFE.c 48 sum 0.5871164559624825
miniFE.c 48 sum 0.7854340600865035
miniFE.c 48 sum 1.7018996759136629
miniFE.c 48 sum 3.2653373513362682
miniFE.c 48 sum 6.1521342400807661
miniFE.c 48 sum 6.5671856475226109
miniFE.c 83 rtrans 6.5671856475226109
miniFE.c 84 beta 0.0338669252696880
miniFE.c 40 y 0.0484364021059540
miniFE.c 40 y -0.4092568867562609
miniFE.c 40 y -0.6902633700734033
miniFE.c 40 y 0.4184459643000543
miniFE.c 40 y 1.2102415387807843
miniFE.c 40 y 1.3234075724943810
miniFE.c 40 y -1.5347356180132259
miniFE.c 40 y -0.6388922365658165
miniFE.c 87 normr 2.5626520730529556
miniFE.c 25 Ap 3.2498263527423723
miniFE.c 25 Ap -2.9248573890370513
miniFE.c 25 Ap -9.3575687608489222
miniFE.c 25 Ap -3.6179588759868704
miniFE.c 25 Ap 13.4021640829181994
miniFE.c 25 Ap 34.6513254299169802
miniFE.c 25 Ap 26.9826321611381559
miniFE.c 25 Ap 22.8885704590135006
miniFE.c 25 Ap 0.7307866385936861
miniFE.c 25 Ap -26.4588453515084474
miniFE.c 25 Ap -36.3930950657037684
miniFE.c 25 Ap -33.8975603286756737
miniFE.c 25 Ap -20.6652513378467049
miniFE.c 25 Ap -7.8913694217166572
miniFE.c 25 Ap -25.3833805018167808
miniFE.c 25 Ap -29.8261745034562864
miniFE.c 25 Ap 0.4513891481790338
miniFE.c 25 Ap -5.4386236883104697
miniFE.c 25 Ap -52.1515691183612802
miniFE.c 25 Ap -48.1293932814654042
miniFE.c 25 Ap -27.7995380695488095
miniFE.c 25 Ap -6.3925074332271770
miniFE.c 25 Ap -24.7355754555841720
miniFE.c 25 Ap -32.6266420810887894
miniFE.c 25 Ap 0.6643774251222968
miniFE.c 25 Ap -1.7763553442248794
miniFE.c 25 Ap -8.4112876534601959
miniFE.c 25 Ap 18.9557939543623029
miniFE.c 25 Ap 23.3950954656625640
miniFE.c 25 Ap 38.0662462395022985
miniFE.c 25 Ap 36.0707323426861066
miniFE.c 25 Ap 33.0545042048762667
miniFE.c 25 Ap 0.6811809817408943
miniFE.c 25 Ap -3.7934742078662271
miniFE.c 25 Ap -15.3886425457658689
miniFE.c 25 Ap -13.8537358827652675
miniFE.c 25 Ap 66.7014658428226141
miniFE.c 25 Ap 72.6425163811174031
miniFE.c 25 Ap 51.0753985512876625
miniFE.c 25 Ap 48.6480309989981663
miniFE.c 25 Ap 0.7777142467740396
miniFE.c 25 Ap -3.1725420865292673
miniFE.c 25 Ap -14.3380283791919165
miniFE.c 25 Ap -9.6991824480175879
miniFE.c 25 Ap -4.2661576604321185
miniFE.c 25 Ap 83.6918371503064975
miniFE.c 25 Ap 72.0090628241771213
miniFE.c 25 Ap 69.8201317712507006
miniFE.c 25 Ap 0.2420246890957298
miniFE.c 25 Ap -4.4224438445889458
miniFE.c 25 Ap -12.6724302279040586
miniFE.c 25 Ap -12.1283529764043063
miniFE.c 25 Ap 4.8787598859588694
miniFE.c 25 Ap 14.9528546221959235
miniFE.c 25 Ap -85.8151235324400545
miniFE.c 25 Ap -87.5238772359928134
miniFE.c 25 Ap 0.3103835161882858
miniFE.c 25 Ap -2.5355487671398502
miniFE.c 25 Ap -11.0611089956893682
miniFE.c 25 Ap -9.0856138817418124
miniFE.c 25 Ap -4.4874972142735050
miniFE.c 25 Ap 0.0466757891145306
miniFE.c 25 Ap -4.0580621011920686
miniFE.c 25 Ap -45.5043942722923020
miniFE.c 57 sum 1.1086400023832377
miniFE.c 57 sum 13.3152073235167219
miniFE.c 57 sum 35.8361832405877863
miniFE.c 57 sum 49.6677071270574331
miniFE.c 57 sum 108.5435750219402706
miniFE.c 57 sum 200.9440661205689480
miniFE.c 57 sum 335.2700779412641054
miniFE.c 57 sum 364.3424821714616542
miniFE.c 90 p_ap_dot 364.3424821714616542
miniFE.c 91 alpha 0.0180247595843958
miniFE.c 40 y 1.0019828642200543
miniFE.c 40 y 2.0000372554016086
miniFE.c 40 y 0.9978513356399503
miniFE.c 40 y 2.0024799155358748
miniFE.c 40 y 0.9984142083165242
miniFE.c 40 y 1.9997030325260510
miniFE.c 40 y 1.0025170549757314
miniFE.c 40 y 1.9973208369030286
miniFE.c 40 y -0.1159236547637046
miniFE.c 40 y -0.0060983649191819
miniFE.c 40 y 0.1369727872887045
miniFE.c 40 y -0.1504708441541153
miniFE.c 40 y 0.0804530436108108
miniFE.c 40 y -0.0081160754127614
miniFE.c 40 y -0.1214608021964183
miniFE.c 40 y 0.1759609317779141
miniFE.c 82 oldrtrans 6.5671856475226109
miniFE.c 48 sum 0.0134382937337746
miniFE.c 48 sum 0.0134754837884621
miniFE.c 48 sum 0.0322370282460988
miniFE.c 48 sum 0.0548785031865508
miniFE.c 48 sum 0.0613511954127939
miniFE.c 48 sum 0.0614170660928995
miniFE.c 48 sum 0.0761697925630969
miniFE.c 48 sum 0.1071320420752487
miniFE.c 83 rtrans 0.1071320420752487
miniFE.c 84 beta 0.0163132348962394
miniFE.c 40 y -0.1151335003586215
miniFE.c 40 y -0.0127746686457405
miniFE.c 40 y 0.1257123587924273
miniFE.c 40 y -0.1436446368471051
miniFE.c 40 y 0.1001959981141280
miniFE.c 40 y 0.0134729831808015
miniFE.c 40 y -0.1464973048366933
miniFE.c 40 y 0.1655385326494321
miniFE.c 87 normr 0.3273103146484215
miniFE.c 25 Ap -7.7248488178466026
miniFE.c 25 Ap -7.9175872697726444
miniFE.c 25 Ap -6.7460470214535917
miniFE.c 25 Ap -8.7163472463205398
miniFE.c 25 Ap -7.3072498444823299
miniFE.c 25 Ap -7.0909222373381091
miniFE.c 25 Ap -7.8229329382754660
miniFE.c 25 Ap -6.7621515921303477
miniFE.c 25 Ap -1.7370824433357190
miniFE.c 25 Ap -2.5857878665386336
miniFE.c 25 Ap -0.7765393701687842
miniFE.c 25 Ap -1.6332095537117390
miniFE.c 25 Ap -0.5377055867711276
miniFE.c 25 Ap -0.4076607692965056
miniFE.c 25 Ap -2.0773506164152820
miniFE.c 25 Ap -0.9262118831473307
miniFE.c 25 Ap -1.0729536132775697
miniFE.c 25 Ap -1.2568062611870072
miniFE.c 25 Ap 7.2506632218440075
miniFE.c 25 Ap 5.8699258346581846
miniFE.c 25 Ap 7.5530362462589675
miniFE.c 25 Ap 7.7709710455668262
miniFE.c 25 Ap 6.0200440479969579
miniFE.c 25 Ap 8.0646386063006439
miniFE.c 25 Ap -1.5792275063340275
miniFE.c 25 Ap -1.6554132795981928
miniFE.c 25 Ap -0.4470440872225934
miniFE.c 25 Ap -9.8416489693522724
miniFE.c 25 Ap -9.4741188263178628
miniFE.c 25 Ap -9.3247588168036479
miniFE.c 25 Ap -9.5152394469633759
miniFE.c 25 Ap -8.7337273992464937
miniFE.c 25 Ap -1.6191696202784405
miniFE.c 25 Ap -1.7588428651301948
miniFE.c 25 Ap 0.3528959660895807
miniFE.c 25 Ap -0.1740086500649275
miniFE.c 25 Ap 6.4951632313690597
miniFE.c 25 Ap 6.5556462417751957
miniFE.c 25 Ap 4.4969694259887900
miniFE.c 25 Ap 5.1259062635480177
miniFE.c 25 Ap -1.8486295351581694
miniFE.c 25 Ap -1.9719340349887162
miniFE.c 25 Ap 0.0615501100063616
miniFE.c 25 Ap -1.5308785331705919
miniFE.c 25 Ap -1.0810779570646614
miniFE.c 25 Ap -0.1856194382135937
miniFE.c 25 Ap -1.3007919354863589
miniFE.c 25 Ap -0.7336345749274968
miniFE.c 25 Ap -0.5752935481839424
miniFE.c 25 Ap -0.7208916843535913
miniFE.c 25 Ap 0.7816148851919718
miniFE.c 25 Ap 0.5948433880903498
miniFE.c 25 Ap 2.0028636829488322
miniFE.c 25 Ap 2.1054232509640731
miniFE.c 25 Ap -7.5133260894645009
miniFE.c 25 Ap -7.0705838481972334
miniFE.c 25 Ap -0.7377827237085689
miniFE.c 25 Ap -0.8266165175535208
miniFE.c 25 Ap 0.7260781969927429
miniFE.c 25 Ap 0.0479278443877282
miniFE.c 25 Ap 0.4286063074706633
miniFE.c 25 Ap 0.4747665667008186
miniFE.c 25 Ap 0.0829511745687067
miniFE.c 25 Ap 10.8217966615385439
miniFE.c 57 sum 0.7785501827575920
miniFE.c 57 sum 0.7903822326605464
miniFE.c 57 sum 1.8042069746670735
miniFE.c 57 sum 3.0587600752534474
miniFE.c 57 sum 3.5723553695691015
miniFE.c 57 sum 3.5624711232802491
miniFE.c 57 sum 4.5982926006629992
miniFE.c 57 sum 6.3897169406446128
miniFE.c 90 p_ap_dot 6.3897169406446128
miniFE.c 91 alpha 0.0167663204912550
miniFE.c 40 y 1.0000524990537616
miniFE.c 40 y 1.9998230712129246
miniFE.c 40 y 0.9999590693371758
miniFE.c 40 y 2.0000715235176463
miniFE.c 40 y 1.0000941265328469
miniFE.c 40 y 1.9999289248800336
miniFE.c 40 y 1.0000608342117343
miniFE.c 40 y 2.0000963089950812
miniFE.c 40 y -0.0025472539595972
miniFE.c 40 y 0.0094308003564750
miniFE.c 40 y 0.0017584717693203
miniFE.c 40 y -0.0040383714950940
miniFE.c 40 y -0.0054895436119664
miniFE.c 40 y 0.0041842769939386
miniFE.c 40 y -0.0029131273372527
miniFE.c 40 y -0.0054807793406341
miniFE.c 82 oldrtrans 0.1071320420752487
miniFE.c 48 sum 0.0000064885027347
miniFE.c 48 sum 0.0000954284980984
miniFE.c 48 sum 0.0000985207210619
miniFE.c 48 sum 0.0001148291653943
miniFE.c 48 sum 0.0001449642544619
miniFE.c 48 sum 0.0001624724284239
miniFE.c 48 sum 0.0001709587393070
miniFE.c 48 sum 0.0002009976814877
miniFE.c 83 rtrans 0.0002009976814877
miniFE.c 84 beta 0.0018761677421078
miniFE.c 40 y -0.0027632637190060
miniFE.c 40 y 0.0094068329352458
miniFE.c 40 y 0.0019943292416709
miniFE.c 40 y -0.0043078729290733
miniFE.c 40 y -0.0053015591124164
miniFE.c 40 y 0.0042095545703724
miniFE.c 40 y -0.0031879808548931
miniFE.c 40 y -0.0051702012856014
miniFE.c 87 normr 0.0141773651108982
miniFE.c 25 Ap -0.1854003778802321
miniFE.c 25 Ap -0.0434743156280651
miniFE.c 25 Ap -0.0248887366328053
miniFE.c 25 Ap -0.0839776325857100
miniFE.c 25 Ap -0.1585356320228574
miniFE.c 25 Ap -0.0909453400191299
miniFE.c 25 Ap -0.1068748897317786
miniFE.c 25 Ap -0.1400058652925930
miniFE.c 25 Ap -0.0416908795236897
miniFE.c 25 Ap 0.5832670233937289
miniFE.c 25 Ap 0.6119693500099794
miniFE.c 25 Ap 0.5862779885096052
miniFE.c 25 Ap 0.5283128087824985
miniFE.c 25 Ap 0.5689445492372487
miniFE.c 25 Ap 0.5326098243618819
miniFE.c 25 Ap 0.4966567513015361
miniFE.c 25 Ap -0.0257514431725895
miniFE.c 25 Ap 0.1096314142264793
miniFE.c 25 Ap 0.2445958308169485
miniFE.c 25 Ap 0.2031878023449334
miniFE.c 25 Ap 0.1141312580939231
miniFE.c 25 Ap 0.1822237078623503
miniFE.c 25 Ap 0.1441211519635196
miniFE.c 25 Ap 0.0802631169508388
miniFE.c 25 Ap -0.0379022791691092
miniFE.c 25 Ap 0.0181983415994363
miniFE.c 25 Ap 0.0373681832779945
miniFE.c 25 Ap -0.2443740727461081
miniFE.c 25 Ap -0.2638207853450719
miniFE.c 25 Ap -0.2171541264289261
miniFE.c 25 Ap -0.2212992443398263
miniFE.c 25 Ap -0.2457079093747863
miniFE.c 25 Ap -0.0388609106185068
miniFE.c 25 Ap 0.0639897320306255
miniFE.c 25 Ap 0.0974908336114770
miniFE.c 25 Ap 0.0816890732258681
miniFE.c 25 Ap -0.2711893812610467
miniFE.c 25 Ap -0.2522918194168490
miniFE.c 25 Ap -0.2970914304571706
miniFE.c 25 Ap -0.3167347726692047
miniFE.c 25 Ap -0.0443680675778487
miniFE.c 25 Ap 0.0464291861307041
miniFE.c 25 Ap 0.0786888377019079
miniFE.c 25 Ap 0.0309322322762235
miniFE.c 25 Ap 0.0071324359978501
miniFE.c 25 Ap 0.2869131979882452
miniFE.c 25 Ap 0.2626455257933749
miniFE.c 25 Ap 0.2449317182117311
miniFE.c 25 Ap -0.0138073435144709
miniFE.c 25 Ap 0.0934061882500284
miniFE.c 25 Ap 0.1172422916867247
miniFE.c 25 Ap 0.1116410531445369
miniFE.c 25 Ap 0.0371400454678480
miniFE.c 25 Ap 0.0691841809410650
miniFE.c 25 Ap -0.1401329036256752
miniFE.c 25 Ap -0.1539609016654893
miniFE.c 25 Ap -0.0177071679970050
miniFE.c 25 Ap 0.0477070263650663
miniFE.c 25 Ap 0.0723393258649148
miniFE.c 25 Ap 0.0520017371463178
miniFE.c 25 Ap 0.0318593221512680
miniFE.c 25 Ap 0.0462818243992309
miniFE.c 25 Ap 0.0377553878879106
miniFE.c 25 Ap -0.2976468405478517
miniFE.c 57 sum 0.0003868731280111
miniFE.c 57 sum 0.0050588402136665
miniFE.c 57 sum 0.0052189112948292
miniFE.c 57 sum 0.0062773897460841
miniFE.c 57 sum 0.0079565778663476
miniFE.c 57 sum 0.0089876313001750
miniFE.c 57 sum 0.0094784557070866
miniFE.c 57 sum 0.0110173497847423
miniFE.c 90 p_ap_dot 0.0110173497847423
miniFE.c 91 alpha 0.0182437414999812
miniFE.c 40 y 1.0000020867847759
miniFE.c 40 y 1.9999946870413288
miniFE.c 40 y 0.9999954533643267
miniFE.c 40 y 1.9999929317975136
miniFE.c 40 y 0.9999974062588531
miniFE.c 40 y 2.0000057229054455
miniFE.c 40 y 1.0000026735131107
miniFE.c 40 y 2.0000019851793236
miniFE.c 40 y 0.0000069768552820
miniFE.c 40 y 0.0003699229715093
miniFE.c 40 y 0.0002941722116864
miniFE.c 40 y 0.0004442600880404
miniFE.c 40 y 0.0002888837046659
miniFE.c 40 y -0.0002841939582624
miniFE.c 40 y -0.0001043044461635
miniFE.c 40 y -0.0000505873233929
