filename line variable value
miniFE.c 167 A 67.0947100000000063
miniFE.c 167 A 15.0875500000000002
miniFE.c 167 A 9.3192129999999995
miniFE.c 167 A 13.7164900000000003
miniFE.c 167 A 14.0634099999999993
miniFE.c 167 A 16.0564000000000000
miniFE.c 167 A 4.9967519999999999
miniFE.c 167 A 6.4080630000000003
miniFE.c 167 A 15.0875500000000002
miniFE.c 167 A 66.4365899999999954
miniFE.c 167 A 14.3919700000000006
miniFE.c 167 A 5.9638159999999996
miniFE.c 167 A 10.9336099999999998
miniFE.c 167 A 9.6522659999999991
miniFE.c 167 A 11.3974100000000007
miniFE.c 167 A 6.9539020000000002
miniFE.c 167 A 9.3192129999999995
miniFE.c 167 A 14.3919700000000006
miniFE.c 167 A 67.6740900000000067
miniFE.c 167 A 9.6121750000000006
miniFE.c 167 A 16.7981799999999986
miniFE.c 167 A 16.1756899999999995
miniFE.c 167 A 11.9519400000000005
miniFE.c 167 A 12.3511699999999998
miniFE.c 167 A 13.7164900000000003
miniFE.c 167 A 5.9638159999999996
miniFE.c 167 A 9.6121750000000006
miniFE.c 167 A 65.4017099999999942
miniFE.c 167 A 3.6681119999999998
miniFE.c 167 A 11.0858899999999991
miniFE.c 167 A 1.3002330000000000
miniFE.c 167 A 4.7210279999999996
miniFE.c 167 A 14.0634099999999993
miniFE.c 167 A 10.9336099999999998
miniFE.c 167 A 16.7981799999999986
miniFE.c 167 A 3.6681119999999998
miniFE.c 167 A 66.5612600000000043
miniFE.c 167 A 4.4892070000000004
miniFE.c 167 A 14.0526599999999995
miniFE.c 167 A 3.7993380000000001
miniFE.c 167 A 16.0564000000000000
miniFE.c 167 A 9.6522659999999991
miniFE.c 167 A 16.1756899999999995
miniFE.c 167 A 11.0858899999999991
miniFE.c 167 A 4.4892070000000004
miniFE.c 167 A 66.4632699999999943
miniFE.c 167 A 7.6122389999999998
miniFE.c 167 A 3.4261349999999999
miniFE.c 167 A 4.9967519999999999
miniFE.c 167 A 11.3974100000000007
miniFE.c 167 A 11.9519400000000005
miniFE.c 167 A 1.3002330000000000
miniFE.c 167 A 14.0526599999999995
miniFE.c 167 A 7.6122389999999998
miniFE.c 167 A 65.6581999999999937
miniFE.c 167 A 2.6745570000000001
miniFE.c 167 A 6.4080630000000003
miniFE.c 167 A 6.9539020000000002
miniFE.c 167 A 12.3511699999999998
miniFE.c 167 A 4.7210279999999996
miniFE.c 167 A 3.7993380000000001
miniFE.c 167 A 3.4261349999999999
miniFE.c 167 A 2.6745570000000001
miniFE.c 167 A 64.8721800000000002
miniFE.c 175 b 198.0110999999999990
miniFE.c 175 b 229.8237000000000023
miniFE.c 175 b 210.8053999999999917
miniFE.c 175 b 202.6418999999999926
miniFE.c 175 b 157.2561000000000035
miniFE.c 175 b 225.5886000000000138
miniFE.c 175 b 142.6283999999999992
miniFE.c 175 b 185.1795999999999935
miniFE.c 33 r 0.0000000000000000
miniFE.c 33 r 0.0000000000000000
miniFE.c 33 r 0.0000000000000000
miniFE.c 33 r 0.0000000000000000
miniFE.c 33 r 0.0000000000000000
miniFE.c 33 r 0.0000000000000000
miniFE.c 33 r 0.0000000000000000
miniFE.c 33 r 0.0000000000000000
miniFE.c 25 Ap 0.0000000000000000
miniFE.c 25 Ap 0.0000000000000000
miniFE.c 25 Ap 0.0000000000000000
miniFE.c 25 Ap 0.0000000000000000
miniFE.c 25 Ap 0.0000000000000000
miniFE.c 25 Ap 0.0000000000000000
miniFE.c 25 Ap 0.0000000000000000
miniFE.c 25 Ap 0.0000000000000000
miniFE.c 25 Ap 0.0000000000000000
miniFE.c 25 Ap 0.0000000000000000
miniFE.c 25 Ap 0.0000000000000000
miniFE.c 25 Ap 0.0000000000000000
miniFE.c 25 Ap 0.0000000000000000
miniFE.c 25 Ap 0.0000000000000000
miniFE.c 25 Ap 0.0000000000000000
miniFE.c 25 Ap 0.0000000000000000
miniFE.c 25 Ap 0.0000000000000000
miniFE.c 25 Ap 0.0000000000000000
miniFE.c 25 Ap 0.0000000000000000
miniFE.c 25 Ap 0.0000000000000000
miniFE.c 25 Ap 0.0000000000000000
miniFE.c 25 Ap 0.0000000000000000
miniFE.c 25 Ap 0.0000000000000000
miniFE.c 25 Ap 0.0000000000000000
miniFE.c 25 Ap 0.0000000000000000
miniFE.c 25 Ap 0.0000000000000000
miniFE.c 25 Ap 0.0000000000000000
miniFE.c 25 Ap 0.0000000000000000
miniFE.c 25 Ap 0.0000000000000000
miniFE.c 25 Ap 0.0000000000000000
miniFE.c 25 Ap 0.0000000000000000
miniFE.c 25 Ap 0.0000000000000000
miniFE.c 25 Ap 0.0000000000000000
miniFE.c 25 Ap 0.0000000000000000
miniFE.c 25 Ap 0.0000000000000000
miniFE.c 25 Ap 0.0000000000000000
miniFE.c 25 Ap 0.0000000000000000
miniFE.c 25 Ap 0.0000000000000000
miniFE.c 25 Ap 0.0000000000000000
miniFE.c 25 Ap 0.0000000000000000
miniFE.c 25 Ap 0.0000000000000000
miniFE.c 25 Ap 0.0000000000000000
miniFE.c 25 Ap 0.0000000000000000
miniFE.c 25 Ap 0.0000000000000000
miniFE.c 25 Ap 0.0000000000000000
miniFE.c 25 Ap 0.0000000000000000
miniFE.c 25 Ap 0.0000000000000000
miniFE.c 25 Ap 0.0000000000000000
miniFE.c 25 Ap 0.0000000000000000
miniFE.c 25 Ap 0.0000000000000000
miniFE.c 25 Ap 0.0000000000000000
miniFE.c 25 Ap 0.0000000000000000
miniFE.c 25 Ap 0.0000000000000000
miniFE.c 25 Ap 0.0000000000000000
miniFE.c 25 Ap 0.0000000000000000
miniFE.c 25 Ap 0.0000000000000000
miniFE.c 25 Ap 0.0000000000000000
miniFE.c 25 Ap 0.0000000000000000
miniFE.c 25 Ap 0.0000000000000000
miniFE.c 25 Ap 0.0000000000000000
miniFE.c 25 Ap 0.0000000000000000
miniFE.c 25 Ap 0.0000000000000000
miniFE.c 25 Ap 0.0000000000000000
miniFE.c 25 Ap 0.0000000000000000
miniFE.c 33 r 198.0110999999999990
miniFE.c 33 r 229.8237000000000023
miniFE.c 33 r 210.8053999999999917
miniFE.c 33 r 202.6418999999999926
miniFE.c 33 r 157.2561000000000035
miniFE.c 33 r 225.5886000000000138
miniFE.c 33 r 142.6283999999999992
miniFE.c 33 r 185.1795999999999935
miniFE.c 48 sum 39208.3957232100001420
miniFE.c 48 sum 92027.3288048999966122
miniFE.c 48 sum 136466.2454740600078367
miniFE.c 48 sum 177529.9851096700003836
miniFE.c 48 sum 202259.4660968800017145
miniFE.c 48 sum 253149.6825468399911188
miniFE.c 48 sum 273492.5430333999684080
miniFE.c 48 sum 307784.0272895599482581
miniFE.c 75 rtrans 307784.0272895599482581
miniFE.c 76 normr 554.7828649927464539
miniFE.c 33 r 198.0110999999999990
miniFE.c 33 r 229.8237000000000023
miniFE.c 33 r 210.8053999999999917
miniFE.c 33 r 202.6418999999999926
miniFE.c 33 r 157.2561000000000035
miniFE.c 33 r 225.5886000000000138
miniFE.c 33 r 142.6283999999999992
miniFE.c 33 r 185.1795999999999935
miniFE.c 87 normr 554.7828649927464539
miniFE.c 25 Ap 13285.4973312810016068
miniFE.c 25 Ap 16752.9738962160008668
miniFE.c 25 Ap 18717.5143203662009910
miniFE.c 25 Ap 21497.0499152972006414
miniFE.c 25 Ap 23708.6069245981998392
miniFE.c 25 Ap 27330.7477216381994367
miniFE.c 25 Ap 28043.4264645949988335
miniFE.c 25 Ap 29230.0690077097970061
miniFE.c 25 Ap 2987.5023718050001662
miniFE.c 25 Ap 18256.2053009880000900
miniFE.c 25 Ap 21290.1102936259994749
miniFE.c 25 Ap 22498.6292991164009436
miniFE.c 25 Ap 24218.0061666374022025
miniFE.c 25 Ap 26395.4473404050004319
miniFE.c 25 Ap 28021.0416928490012651
miniFE.c 25 Ap 29308.7624836482027604
miniFE.c 25 Ap 1845.3076172643000064
miniFE.c 25 Ap 5152.9234129532997031
miniFE.c 25 Ap 19418.9870250392996240
miniFE.c 25 Ap 21366.8164301717988565
miniFE.c 25 Ap 24008.4327040697971825
miniFE.c 25 Ap 27657.4839652037990163
miniFE.c 25 Ap 29362.1700442997971550
miniFE.c 25 Ap 31649.3547644317950471
miniFE.c 25 Ap 2716.0172730389999742
miniFE.c 25 Ap 4086.6435322781999275
miniFE.c 25 Ap 6112.9419280231995799
miniFE.c 25 Ap 19366.0687056721981207
miniFE.c 25 Ap 19942.9016931553996983
miniFE.c 25 Ap 22443.7520980093977414
miniFE.c 25 Ap 22629.2022504265987664
miniFE.c 25 Ap 23503.4403270553993934
miniFE.c 25 Ap 2784.7112838509997346
miniFE.c 25 Ap 5297.5139884079999320
miniFE.c 25 Ap 8838.6610425799990480
miniFE.c 25 Ap 9581.9742276727993158
miniFE.c 25 Ap 20049.1383863587980159
miniFE.c 25 Ap 21061.8523085989982064
miniFE.c 25 Ap 23066.1607201429978886
miniFE.c 25 Ap 23769.7206112477979332
miniFE.c 25 Ap 3179.3454260399998930
miniFE.c 25 Ap 5397.6649115441996400
miniFE.c 25 Ap 8807.5877122702004272
miniFE.c 25 Ap 11054.0535250612010714
miniFE.c 25 Ap 11760.0087099739012046
miniFE.c 25 Ap 26753.3647406958989450
miniFE.c 25 Ap 27839.0862096834971453
miniFE.c 25 Ap 28473.5365185294976982
miniFE.c 25 Ap 989.4123599472000024
miniFE.c 25 Ap 3608.8072965641999872
miniFE.c 25 Ap 6128.3407890401995246
miniFE.c 25 Ap 6391.8224746028990921
miniFE.c 25 Ap 8601.6889808288997301
miniFE.c 25 Ap 10318.9233197042995016
miniFE.c 25 Ap 19683.6473325842962367
miniFE.c 25 Ap 20178.9207280214977800
miniFE.c 25 Ap 1268.8676034993000030
miniFE.c 25 Ap 2867.0390905766998912
miniFE.c 25 Ap 5470.7324228946999938
miniFE.c 25 Ap 6427.4105067679001877
miniFE.c 25 Ap 7024.8795832297000743
miniFE.c 25 Ap 7797.7765812907000509
miniFE.c 25 Ap 8179.2443669095000587
miniFE.c 25 Ap 20192.2487104374995397
miniFE.c 57 sum 5787878.1172925252467394
miniFE.c 57 sum 12523726.3537057451903820
miniFE.c 57 sum 19195581.2445636950433254
miniFE.c 57 sum 23958363.0489748232066631
miniFE.c 57 sum 27696296.6103892698884010
miniFE.c 57 sum 34119601.8506532162427902
miniFE.c 57 sum 36997689.0278177559375763
miniFE.c 57 sum 40736881.5671170875430107
miniFE.c 90 p_ap_dot 40736881.5671170875430107
miniFE.c 91 alpha 0.0075554145395853
miniFE.c 40 y 1.4960559439392744
miniFE.c 40 y 1.7364133245212852
miniFE.c 40 y 1.5927221841830903
miniFE.c 40 y 1.5310435575891859
miniFE.c 40 y 1.1881350243784765
miniFE.c 40 y 1.7044153884046875
miniFE.c 40 y 1.0776166871177848
miniFE.c 40 y 1.3991086422745860
miniFE.c 40 y -22.8341883739316245
miniFE.c 40 y 8.3838497937928480
miniFE.c 40 y -28.3185951556805833
miniFE.c 40 y 24.0636652226906733
miniFE.c 40 y -22.3339927081014764
miniFE.c 40 y 10.4592281944898673
miniFE.c 40 y -9.8317110616323760
miniFE.c 40 y 32.6187905062384118
miniFE.c 82 oldrtrans 307784.0272895599482581
miniFE.c 48 sum 521.4001586961941257
miniFE.c 48 sum 591.6890960610744514
miniFE.c 48 sum 1393.6319276524102406
miniFE.c 48 sum 1972.6919116021426817
miniFE.c 48 sum 2471.4991418876725220
miniFE.c 48 sum 2580.8945963120841043
miniFE.c 48 sum 2677.5571387115087418
miniFE.c 48 sum 3741.5426328013782040
miniFE.c 83 rtrans 3741.5426328013782040
miniFE.c 84 beta 0.0121563898742587
miniFE.c 40 y -20.4270882429007941
miniFE.c 40 y 11.1776762933375231
miniFE.c 40 y -25.7559625256815217
miniFE.c 40 y 26.5270591639512219
miniFE.c 40 y -20.4223262463960573
miniFE.c 40 y 13.2015711672780700
miniFE.c 40 y -8.0978646240906524
miniFE.c 40 y 34.8699059205976951
miniFE.c 87 normr 61.1681504771999656
miniFE.c 25 Ap -1370.5495618018385358
miniFE.c 25 Ap -1201.9058118422940424
miniFE.c 25 Ap -1441.9311126391380640
miniFE.c 25 Ap -1078.0729708873927848
miniFE.c 25 Ap -1365.2805180442214805
miniFE.c 25 Ap -1153.3108107539378580
miniFE.c 25 Ap -1193.7738320100920646
miniFE.c 25 Ap -970.3252780668290143
miniFE.c 25 Ap -308.1947152191779082
miniFE.c 25 Ap 434.4119818340067809
miniFE.c 25 Ap 63.7329418432740908
miniFE.c 25 Ap 221.9354417181930046
miniFE.c 25 Ap -1.3543087526653892
miniFE.c 25 Ap 126.0707677718330331
miniFE.c 25 Ap 33.7760845265759855
miniFE.c 25 Ap 276.2579930476321692
miniFE.c 25 Ap -190.3643863053882228
miniFE.c 25 Ap -29.4956044219633782
miniFE.c 25 Ap -1772.5069304215621742
miniFE.c 25 Ap -1517.5241955023093396
miniFE.c 25 Ap -1860.5821078079945892
miniFE.c 25 Ap -1647.0375850931663990
miniFE.c 25 Ap -1743.8227772084203480
miniFE.c 25 Ap -1313.1386412991116686
miniFE.c 25 Ap -280.1879516128662999
miniFE.c 25 Ap -213.5263468918392959
miniFE.c 25 Ap -461.0971659821320827
miniFE.c 25 Ap 1273.8178646114479307
miniFE.c 25 Ap 1198.9064846391274841
miniFE.c 25 Ap 1345.2576504267437940
miniFE.c 25 Ap 1334.7285396129684614
miniFE.c 25 Ap 1499.3503418214759222
miniFE.c 25 Ap -287.2745170660934377
miniFE.c 25 Ap -165.0621637684953669
miniFE.c 25 Ap -597.7154583481481041
miniFE.c 25 Ap -500.4112343041486497
miniFE.c 25 Ap -1859.7470013953407033
miniFE.c 25 Ap -1800.4824157001978620
miniFE.c 25 Ap -1914.2789539885716295
miniFE.c 25 Ap -1781.7963953680198301
miniFE.c 25 Ap -327.9854996633122823
miniFE.c 25 Ap -220.0955948181244821
miniFE.c 25 Ap -636.7160602851657814
miniFE.c 25 Ap -342.6400003701106129
miniFE.c 25 Ap -434.3200503117155336
miniFE.c 25 Ap 443.0995386033019372
miniFE.c 25 Ap 381.4566576950787180
miniFE.c 25 Ap 500.9256628163457208
miniFE.c 25 Ap -102.0690940318910265
miniFE.c 25 Ap 25.3274655305570064
miniFE.c 25 Ap -282.5062532186370277
miniFE.c 25 Ap -248.0148955007152267
miniFE.c 25 Ap -535.0029026503952991
miniFE.c 25 Ap -434.5093877495656329
miniFE.c 25 Ap -966.2006028110345142
miniFE.c 25 Ap -872.9390518417585554
miniFE.c 25 Ap -130.8980683670675944
miniFE.c 25 Ap -53.1696028354752031
miniFE.c 25 Ap -371.2858745037970039
miniFE.c 25 Ap -246.0508854331267230
miniFE.c 25 Ap -323.6422055894566370
miniFE.c 25 Ap -278.4118405582543687
miniFE.c 25 Ap -300.0700410736683921
miniFE.c 25 Ap 1962.0167723904112336
miniFE.c 57 sum 19820.9200793883683218
miniFE.c 57 sum 22908.8424991218889772
miniFE.c 57 sum 56729.9921354461548617
miniFE.c 57 sum 96503.3473604349419475
miniFE.c 57 sum 132891.7746512931480538
miniFE.c 57 sum 139504.7804384790651966
miniFE.c 57 sum 146573.7227053756651003
miniFE.c 57 sum 214989.0629732640518341
miniFE.c 90 p_ap_dot 214989.0629732640518341
miniFE.c 91 alpha 0.0174034091830368
miniFE.c 40 y 1.1405549688300720
miniFE.c 40 y 1.9309429987697679
miniFE.c 40 y 1.1444806294456931
miniFE.c 40 y 1.9927048226420547
miniFE.c 40 y 0.8327169242429742
miniFE.c 40 y 1.9341677332878084
miniFE.c 40 y 0.9366862355558968
miniFE.c 40 y 2.0059638831847448
miniFE.c 40 y -5.9472205190906458
miniFE.c 40 y 3.5760189007003733
miniFE.c 40 y -5.4655060670951698
miniFE.c 40 y -2.0301422847545503
miniFE.c 40 y 8.6753390413481704
miniFE.c 40 y 1.7414139142130853
miniFE.c 40 y 5.3604044494219121
miniFE.c 40 y -1.5269902076530713
miniFE.c 82 oldrtrans 3741.5426328013782040
miniFE.c 48 sum 35.3694319026928099
miniFE.c 48 sum 48.1573430808591141
miniFE.c 48 sum 78.0290996503132277
miniFE.c 48 sum 82.1505773466616489
miniFE.c 48 sum 157.4120848290014578
miniFE.c 48 sum 160.4446072496164106
miniFE.c 48 sum 189.1785431109986462
miniFE.c 48 sum 191.5102422052670192
miniFE.c 83 rtrans 191.5102422052670192
miniFE.c 84 beta 0.0511848349732364
miniFE.c 40 y -6.9927776597872606
miniFE.c 40 y 4.1481464171591114
miniFE.c 40 y -6.7838207585490400
miniFE.c 40 y -0.6723591391224282
miniFE.c 40 y 7.6300256426567934
miniFE.c 40 y 2.4171341557976493
miniFE.c 40 y 4.9459165850022231
miniFE.c 40 y 0.2578201724250011
miniFE.c 87 normr 13.8387225640688030
miniFE.c 25 Ap -469.1783891779049327
miniFE.c 25 Ap -406.5930227016959861
miniFE.c 25 Ap -469.8128933044360451
miniFE.c 25 Ap -479.0353007126174134
miniFE.c 25 Ap -371.7311217894214224
miniFE.c 25 Ap -332.9206489302720229
miniFE.c 25 Ap -308.2071303423289805
miniFE.c 25 Ap -306.5550024347587055
miniFE.c 25 Ap -105.5038825809232890
miniFE.c 25 Ap 170.0848201958455661
miniFE.c 25 Ap 72.4522753534305366
miniFE.c 25 Ap 68.4424491617859729
miniFE.c 25 Ap 151.8661738285946967
miniFE.c 25 Ap 175.1969956580390431
miniFE.c 25 Ap 231.5676348031092289
miniFE.c 25 Ap 233.3604910157757786
miniFE.c 25 Ap -65.1671844731990149
miniFE.c 25 Ap -5.4671856818375986
miniFE.c 25 Ap -464.5560822397536072
miniFE.c 25 Ap -471.0189159478477450
miniFE.c 25 Ap -342.8483717978832601
miniFE.c 25 Ap -303.7495590052888019
miniFE.c 25 Ap -244.6362607363373343
miniFE.c 25 Ap -241.4518799572868204
miniFE.c 25 Ap -95.9163648426953586
miniFE.c 25 Ap -71.1775828696991795
miniFE.c 25 Ap -136.3848551695053004
miniFE.c 25 Ap -180.3582926022399988
miniFE.c 25 Ap -152.3705039821028890
miniFE.c 25 Ap -125.5744206156872878
miniFE.c 25 Ap -119.1435766566200982
miniFE.c 25 Ap -117.9264004036368334
miniFE.c 25 Ap -98.3422992684287607
miniFE.c 25 Ap -52.9880841203137294
miniFE.c 25 Ap -166.9439263101570532
miniFE.c 25 Ap -169.4102149366817116
miniFE.c 25 Ap 338.4539056708642306
miniFE.c 25 Ap 349.3049212430101420
miniFE.c 25 Ap 418.8082054004074735
miniFE.c 25 Ap 419.7877513786683039
miniFE.c 25 Ap -112.2788352166081722
miniFE.c 25 Ap -72.2398225912414773
miniFE.c 25 Ap -181.9728041970955985
miniFE.c 25 Ap -189.4265036539015341
miniFE.c 25 Ap -155.1737391287071546
miniFE.c 25 Ap 5.4769008942940616
miniFE.c 25 Ap 43.1264000133948002
miniFE.c 25 Ap 44.0097267298461290
miniFE.c 25 Ap -34.9411757570973123
miniFE.c 25 Ap 12.3369496992961203
miniFE.c 25 Ap -68.7428689776365047
miniFE.c 25 Ap -69.6170925181750704
miniFE.c 25 Ap 37.6050636293623342
miniFE.c 25 Ap 56.0048665183572751
miniFE.c 25 Ap 380.7448468397502097
miniFE.c 25 Ap 381.4344015866507220
miniFE.c 25 Ap -44.8101597889093313
miniFE.c 25 Ap -15.9643561223337507
miniFE.c 25 Ap -99.7524795607019001
miniFE.c 25 Ap -102.9267058825547849
miniFE.c 25 Ap -73.9376595174344118
miniFE.c 25 Ap -65.6562315865606365
miniFE.c 25 Ap -52.4280957627268478
miniFE.c 25 Ap -35.7027391295411434
miniFE.c 57 sum 2143.6709725218097446
miniFE.c 57 sum 3111.6844572353911644
miniFE.c 57 sum 4749.6507326803239266
miniFE.c 57 sum 4828.9396257355201669
miniFE.c 57 sum 8031.9309332279935916
miniFE.c 57 sum 8138.3083468940258172
miniFE.c 57 sum 10024.8510797918406752
miniFE.c 57 sum 10015.6461934334183752
miniFE.c 90 p_ap_dot 10015.6461934334183752
miniFE.c 91 alpha 0.0191211069667005
miniFE.c 40 y 1.0068453192029263
miniFE.c 40 y 2.0102601501258026
miniFE.c 40 y 1.0147664670785537
miniFE.c 40 y 1.9798485716228562
miniFE.c 40 y 0.9786114607148824
miniFE.c 40 y 1.9803860140336806
miniFE.c 40 y 1.0312576356261023
miniFE.c 40 y 2.0108936902798566
miniFE.c 40 y -0.0855495263584949
miniFE.c 40 y -0.8860920098140248
miniFE.c 40 y -0.8486788431209620
miniFE.c 40 y 0.2247410315613418
miniFE.c 40 y 0.6485325439259810
miniFE.c 40 y 0.8998992218364397
miniFE.c 40 y -1.9330435440958285
miniFE.c 40 y -0.8443143137529118
miniFE.c 82 oldrtrans 191.5102422052670192
miniFE.c 48 sum 0.0073187214601628
miniFE.c 48 sum 0.7924777713164206
miniFE.c 48 sum 1.5127335500775549
miniFE.c 48 sum 1.5632420813448109
miniFE.c 48 sum 1.9838365418759154
miniFE.c 48 sum 2.7936551513377452
miniFE.c 48 sum 6.5303124947083067
miniFE.c 48 sum 7.2431791551163567
miniFE.c 83 rtrans 7.2431791551163567
miniFE.c 84 beta 0.0378213670021517
miniFE.c 40 y -0.3500259365937561
miniFE.c 40 y -0.7292034417919896
miniFE.c 40 y -1.1052522177068600
miniFE.c 40 y 0.1993114898033417
miniFE.c 40 y 0.9371105439927316
miniFE.c 40 y 0.9913185398362986
miniFE.c 40 y -1.7459822177724309
miniFE.c 40 y -0.8345632023910677
miniFE.c 87 normr 2.6913155064236443
miniFE.c 25 Ap -23.4848887082364541
miniFE.c 25 Ap -34.4867820964451894
miniFE.c 25 Ap -44.7868629319777867
miniFE.c 25 Ap -42.0530088752051512
miniFE.c 25 Ap -28.8740390797123290
miniFE.c 25 Ap -12.9570320766847846
miniFE.c 25 Ap -21.6812722153036148
miniFE.c 25 Ap -27.0292057937073267
miniFE.c 25 Ap -5.2810338196551250
miniFE.c 25 Ap -53.7268239085783961
miniFE.c 25 Ap -69.6335806682489959
miniFE.c 25 Ap -68.4449236163759878
miniFE.c 25 Ap -58.1989224014716200
miniFE.c 25 Ap -48.6304521642400687
miniFE.c 25 Ap -68.5301273529017578
miniFE.c 25 Ap -74.3335980751354128
miniFE.c 25 Ap -3.2619662586417073
miniFE.c 25 Ap -13.7566403168087668
miniFE.c 25 Ap -88.5535783706024091
miniFE.c 25 Ap -86.6377614511019658
miniFE.c 25 Ap -70.8960098532141387
miniFE.c 25 Ap -54.8607484615695213
miniFE.c 25 Ap -75.7286231694525469
miniFE.c 25 Ap -86.0364551579290264
miniFE.c 25 Ap -4.8011272590288891
miniFE.c 25 Ap -9.1499624124430241
miniFE.c 25 Ap -19.7738401481794597
miniFE.c 25 Ap -6.7385278923933480
miniFE.c 25 Ap -3.3011014606470814
miniFE.c 25 Ap 7.6885468269387411
miniFE.c 25 Ap 5.4183631299778394
miniFE.c 25 Ap 1.4783668837199420
miniFE.c 25 Ap -4.9225582569519952
miniFE.c 25 Ap -12.8953843001633111
miniFE.c 25 Ap -31.4616099986023308
miniFE.c 25 Ap -30.7305131311168154
miniFE.c 25 Ap 31.6447454363248397
miniFE.c 25 Ap 36.0949795645877316
miniFE.c 25 Ap 11.5592850921858030
miniFE.c 25 Ap 8.3884974039397289
miniFE.c 25 Ap -5.6201564483239848
miniFE.c 25 Ap -12.6586220366157853
miniFE.c 25 Ap -30.5368392820544621
miniFE.c 25 Ap -28.3272940303584946
miniFE.c 25 Ap -24.1204108164925159
miniFE.c 25 Ap 41.7658609526531492
miniFE.c 25 Ap 28.4750270212193577
miniFE.c 25 Ap 25.6157008237952368
miniFE.c 25 Ap -1.7489927987267238
miniFE.c 25 Ap -10.0600233982411638
miniFE.c 25 Ap -23.2699315891404908
miniFE.c 25 Ap -23.0107802128190215
miniFE.c 25 Ap -9.8418843556741216
miniFE.c 25 Ap -2.2957307053091958
miniFE.c 25 Ap -116.9337803562550135
miniFE.c 25 Ap -119.1658672111524595
miniFE.c 25 Ap -2.2429882533267946
miniFE.c 25 Ap -7.3137975256109948
miniFE.c 25 Ap -20.9649555593854338
miniFE.c 25 Ap -20.0240004353021419
miniFE.c 25 Ap -16.4636007353098854
miniFE.c 25 Ap -13.0672095898278489
miniFE.c 25 Ap -17.7369385522466274
miniFE.c 25 Ap -71.8768728391364107
miniFE.c 57 sum 9.4609230733277858
miniFE.c 57 sum 63.6652386304989406
miniFE.c 57 sum 158.7572214974368023
miniFE.c 57 sum 159.0518770035069451
miniFE.c 57 sum 166.9128263689945300
miniFE.c 57 sum 192.3061455065226824
miniFE.c 57 sum 400.3676306226256543
miniFE.c 57 sum 460.3534237971109064
miniFE.c 90 p_ap_dot 460.3534237971109064
miniFE.c 91 alpha 0.0157339530471454
miniFE.c 40 y 1.0013380275512771
miniFE.c 40 y 1.9987868974108307
miniFE.c 40 y 0.9973764805799007
miniFE.c 40 y 1.9829845292451787
miniFE.c 40 y 0.9933559140140489
miniFE.c 40 y 1.9959833733942296
miniFE.c 40 y 1.0037864333905202
miniFE.c 40 y 1.9977627120385604
miniFE.c 40 y 0.3397267285013258
miniFE.c 40 y 0.2834693321255313
miniFE.c 40 y 0.5050147026767213
miniFE.c 40 y 0.2014804764264377
miniFE.c 40 y 0.5165483196362926
miniFE.c 40 y 0.4968629878051224
miniFE.c 40 y -0.0580933845731957
miniFE.c 40 y 0.2865930286736987
miniFE.c 82 oldrtrans 7.2431791551163567
miniFE.c 48 sum 0.1154142500582135
miniFE.c 48 sum 0.1957691123139083
miniFE.c 48 sum 0.4508089622335655
miniFE.c 48 sum 0.4914033446145898
miniFE.c 48 sum 0.7582255111336673
miniFE.c 48 sum 1.0050983397843005
miniFE.c 48 sum 1.0084731811154697
miniFE.c 48 sum 1.0906087451998332
miniFE.c 83 rtrans 1.0906087451998332
miniFE.c 84 beta 0.1505704500529248
miniFE.c 40 y 0.2870231656982074
miniFE.c 40 y 0.1736728417147697
miniFE.c 40 y 0.3385963788346062
miniFE.c 40 y 0.2314908971468457
miniFE.c 40 y 0.6576494759946193
miniFE.c 40 y 0.6461262664940821
miniFE.c 40 y -0.3209867128875943
miniFE.c 40 y 0.1609324716920655
miniFE.c 87 normr 1.0443221462747179
miniFE.c 25 Ap 19.2577360658031758
miniFE.c 25 Ap 21.8780337488168470
miniFE.c 25 Ap 25.0334855242052328
miniFE.c 25 Ap 28.2087281000109726
miniFE.c 25 Ap 37.4575223172084577
miniFE.c 25 Ap 47.8319841025440411
miniFE.c 25 Ap 46.2280931029495292
miniFE.c 25 Ap 47.2593585202980009
miniFE.c 25 Ap 4.3304763636299892
miniFE.c 25 Ap 15.8687077427690362
miniFE.c 25 Ap 20.7417766690653238
miniFE.c 25 Ap 22.1223457853240362
miniFE.c 25 Ap 29.3128286725535645
miniFE.c 25 Ap 35.5494112663413304
miniFE.c 25 Ap 31.8909940950091340
miniFE.c 25 Ap 33.0101027317735287
miniFE.c 25 Ap 2.6748300170758883
miniFE.c 25 Ap 5.1743243448496017
miniFE.c 25 Ap 28.0885261597768441
miniFE.c 25 Ap 30.3136571740593261
miniFE.c 25 Ap 41.3609714487226228
miniFE.c 25 Ap 51.8125096363882847
miniFE.c 25 Ap 47.9760957031585278
miniFE.c 25 Ap 49.9638000195474135
miniFE.c 25 Ap 3.9369503820678049
miniFE.c 25 Ap 4.9727032542518153
miniFE.c 25 Ap 8.2273509019763473
miniFE.c 25 Ap 23.3672514248141781
miniFE.c 25 Ap 25.7795833595037536
miniFE.c 25 Ap 32.9424680759678310
miniFE.c 25 Ap 32.5251105593098586
miniFE.c 25 Ap 33.2848772642773056
miniFE.c 25 Ap 4.0365244587118267
miniFE.c 25 Ap 5.9353955776128497
miniFE.c 25 Ap 11.6231984966247559
miniFE.c 25 Ap 12.4723330343398668
miniFE.c 25 Ap 56.2463107948814880
miniFE.c 25 Ap 59.1469053533105864
miniFE.c 25 Ap 54.6361882125836047
miniFE.c 25 Ap 55.2476250677171947
miniFE.c 25 Ap 4.6085587577166978
miniFE.c 25 Ap 6.2848952229235504
miniFE.c 25 Ap 11.7619252820747029
miniFE.c 25 Ap 14.3282079038459482
miniFE.c 25 Ap 17.2805325350273264
miniFE.c 25 Ap 60.2241970391154524
miniFE.c 25 Ap 57.7807694647907084
miniFE.c 25 Ap 58.3321458386914031
miniFE.c 25 Ap 1.4341835772488492
miniFE.c 25 Ap 3.4136041601371820
miniFE.c 25 Ap 7.4604877641856664
miniFE.c 25 Ap 7.7614798678556012
miniFE.c 25 Ap 17.0032043531861490
miniFE.c 25 Ap 21.9216719179167931
miniFE.c 25 Ap 0.8462621258005534
miniFE.c 25 Ap 1.2766851944918691
miniFE.c 25 Ap 1.8392625282535522
miniFE.c 25 Ap 3.0469664495995721
miniFE.c 25 Ap 7.2290278859701953
miniFE.c 25 Ap 8.3219028931455732
miniFE.c 25 Ap 10.8205355379720185
miniFE.c 25 Ap 13.0342513540267202
miniFE.c 25 Ap 12.1757540941662139
miniFE.c 25 Ap 22.6157943656187932
miniFE.c 57 sum 13.5645306913624832
miniFE.c 57 sum 19.2974890380860735
miniFE.c 57 sum 36.2150507975212577
miniFE.c 57 sum 43.9201968968514578
miniFE.c 57 sum 80.2537685725828567
miniFE.c 57 sum 117.9437001799248321
miniFE.c 57 sum 117.5339011959526232
miniFE.c 57 sum 121.1735168824911426
miniFE.c 90 p_ap_dot 121.1735168824911426
miniFE.c 91 alpha 0.0090003886431510
miniFE.c 40 y 1.0039213475921485
miniFE.c 40 y 2.0003500204830242
miniFE.c 40 y 1.0004239795825758
miniFE.c 40 y 1.9850680372868519
miniFE.c 40 y 0.9992750148889650
miniFE.c 40 y 2.0017987609052246
miniFE.c 40 y 1.0008974282252443
miniFE.c 40 y 1.9992111668290919
miniFE.c 40 y -0.0856258652073634
miniFE.c 40 y -0.0136344216107694
miniFE.c 40 y 0.0553210844121215
miniFE.c 40 y -0.0980963548916371
miniFE.c 40 y 0.0192982224157490
miniFE.c 40 y -0.0281489951320607
miniFE.c 40 y -0.0695840474985793
miniFE.c 40 y 0.0830420899095461
miniFE.c 82 oldrtrans 1.0906087451998332
miniFE.c 48 sum 0.0073317887925096
miniFE.c 48 sum 0.0075176862451698
miniFE.c 48 sum 0.0105781086257029
miniFE.c 48 sum 0.0202010034687289
miniFE.c 48 sum 0.0205734248571366
miniFE.c 48 sum 0.0213657907840814
miniFE.c 48 sum 0.0262077304503659
miniFE.c 48 sum 0.0331037191469110
miniFE.c 83 rtrans 0.0331037191469110
miniFE.c 84 beta 0.0303534326976678
miniFE.c 40 y -0.0769137268646714
miniFE.c 40 y -0.0083628546983674
miniFE.c 40 y 0.0655986468087518
miniFE.c 40 y -0.0910698115249676
miniFE.c 40 y 0.0392601415240081
miniFE.c 40 y -0.0085368449878372
miniFE.c 40 y -0.0793270960850585
miniFE.c 40 y 0.0879269428579205
miniFE.c 87 normr 0.1819442748396086
miniFE.c 25 Ap -5.1605041990043343
miniFE.c 25 Ap -5.2866791874086880
miniFE.c 25 Ap -4.6753514252861601
miniFE.c 25 Ap -5.9245095843702629
miniFE.c 25 Ap -5.3723781174601122
miniFE.c 25 Ap -5.5094491153228216
miniFE.c 25 Ap -5.9058269413400293
miniFE.c 25 Ap -5.3423855521090742
miniFE.c 25 Ap -1.1604396997570723
miniFE.c 25 Ap -1.7160392485820821
miniFE.c 25 Ap -0.7719454916699311
miniFE.c 25 Ap -1.3150690907595171
miniFE.c 25 Ap -0.8858140147912067
miniFE.c 25 Ap -0.9682139134145780
miniFE.c 25 Ap -1.8723373516053843
miniFE.c 25 Ap -1.2609020078118052
miniFE.c 25 Ap -0.7167754032756944
miniFE.c 25 Ap -0.8371333572089574
miniFE.c 25 Ap 3.6021953708047221
miniFE.c 25 Ap 2.7268164052097168
miniFE.c 25 Ap 3.3863153293554795
miniFE.c 25 Ap 3.2482259712541715
miniFE.c 25 Ap 2.3001132784713176
miniFE.c 25 Ap 3.3861138972897797
miniFE.c 25 Ap -1.0549863654019960
miniFE.c 25 Ap -1.1048608920577947
miniFE.c 25 Ap -0.4743152191688812
miniFE.c 25 Ap -6.4304366222794664
miniFE.c 25 Ap -6.2864260260335536
miniFE.c 25 Ap -6.3810645505157684
miniFE.c 25 Ap -6.4842082586397325
miniFE.c 25 Ap -6.0691026994530901
miniFE.c 25 Ap -1.0816692755258877
miniFE.c 25 Ap -1.1731054672845047
miniFE.c 25 Ap -0.0711675904346671
miniFE.c 25 Ap -0.4052218589271389
miniFE.c 25 Ap 2.2079826286891615
miniFE.c 25 Ap 2.1696589644118478
miniFE.c 25 Ap 1.0549022543411901
miniFE.c 25 Ap 1.3889664295651163
miniFE.c 25 Ap -1.2349575640299091
miniFE.c 25 Ap -1.3156780620979012
miniFE.c 25 Ap -0.2545746869000436
miniFE.c 25 Ap -1.2641645997865660
miniFE.c 25 Ap -1.0879176976359981
miniFE.c 25 Ap -1.6553043310107673
miniFE.c 25 Ap -2.2591611455861966
miniFE.c 25 Ap -1.9579115692176752
miniFE.c 25 Ap -0.3843188185385003
miniFE.c 25 Ap -0.4796337023062201
miniFE.c 25 Ap 0.3043973884331724
miniFE.c 25 Ap 0.1859854141846292
miniFE.c 25 Ap 0.7376948345733970
miniFE.c 25 Ap 0.6727103302200284
miniFE.c 25 Ap -4.5357640099519569
miniFE.c 25 Ap -4.3005983894427056
miniFE.c 25 Ap -0.4928680073136065
miniFE.c 25 Ap -0.5510224793262931
miniFE.c 25 Ap 0.2591975591785574
miniFE.c 25 Ap -0.1707455709855371
miniFE.c 25 Ap -0.0215830234079952
miniFE.c 25 Ap -0.0508314068103987
miniFE.c 25 Ap -0.2629962469343645
miniFE.c 25 Ap 5.4410162169943694
miniFE.c 57 sum 0.4109027831606838
miniFE.c 57 sum 0.4214475234408936
miniFE.c 57 sum 0.6435720130434118
miniFE.c 57 sum 1.1962840520082767
miniFE.c 57 sum 1.2508150706050993
miniFE.c 57 sum 1.2675294581714036
miniFE.c 57 sum 1.6086834398339729
miniFE.c 57 sum 2.0870953618346557
miniFE.c 90 p_ap_dot 2.0870953618346557
miniFE.c 91 alpha 0.0158611435549410
miniFE.c 40 y 1.0027014079290024
miniFE.c 40 y 2.0002173760441244
miniFE.c 40 y 1.0014644491366194
miniFE.c 40 y 1.9836235659327330
miniFE.c 40 y 0.9998977256296646
miniFE.c 40 y 2.0016633567813664
miniFE.c 40 y 0.9996392097664426
miniFE.c 40 y 2.0006057886921087
miniFE.c 40 y -0.0008895210395186
miniFE.c 40 y 0.0063649261438470
miniFE.c 40 y 0.0016134457938275
miniFE.c 40 y -0.0018334457259316
miniFE.c 40 y -0.0027323735165772
miniFE.c 40 y 0.0029057213351807
miniFE.c 40 y -0.0013716390714804
miniFE.c 40 y -0.0032586493929637
miniFE.c 82 oldrtrans 0.0331037191469110
miniFE.c 48 sum 0.0000007912476797
miniFE.c 48 sum 0.0000413035324964
miniFE.c 48 sum 0.0000439067398260
miniFE.c 48 sum 0.0000472682630559
miniFE.c 48 sum 0.0000547341280900
miniFE.c 48 sum 0.0000631773445677
miniFE.c 48 sum 0.0000650587383102
miniFE.c 48 sum 0.0000756775341764
miniFE.c 83 rtrans 0.0000756775341764
miniFE.c 84 beta 0.0022860734723060
miniFE.c 40 y -0.0010653514701601
miniFE.c 40 y 0.0063458080435683
miniFE.c 40 y 0.0017634091201162
miniFE.c 40 y -0.0020416380061867
miniFE.c 40 y -0.0026426219485202
miniFE.c 40 y 0.0028862054803168
miniFE.c 40 y -0.0015529866414755
miniFE.c 40 y -0.0030576419413952
miniFE.c 87 normr 0.0086992835438570
miniFE.c 25 Ap -0.0714794479384675
miniFE.c 25 Ap 0.0242632482092717
miniFE.c 25 Ap 0.0406968334057772
miniFE.c 25 Ap 0.0126927261102970
miniFE.c 25 Ap -0.0244715498267414
miniFE.c 25 Ap 0.0218705198474179
miniFE.c 25 Ap 0.0141106307406517
miniFE.c 25 Ap -0.0054829314512512
miniFE.c 25 Ap -0.0160735435736144
miniFE.c 25 Ap 0.4055203036356361
miniFE.c 25 Ap 0.4308992347900749
miniFE.c 25 Ap 0.4187232813825703
miniFE.c 25 Ap 0.3898298836200105
miniFE.c 25 Ap 0.4176883066466863
miniFE.c 25 Ap 0.3999882811692667
miniFE.c 25 Ap 0.3787257387577145
miniFE.c 25 Ap -0.0099282372702854
miniFE.c 25 Ap 0.0814004417185086
miniFE.c 25 Ap 0.2007375492200731
miniFE.c 25 Ap 0.1811129674179552
miniFE.c 25 Ap 0.1367217282547623
miniFE.c 25 Ap 0.1834080933806686
miniFE.c 25 Ap 0.1648468902209515
miniFE.c 25 Ap 0.1270814348036491
miniFE.c 25 Ap -0.0146128827869367
miniFE.c 25 Ap 0.0232323487562247
miniFE.c 25 Ap 0.0401825458153777
miniFE.c 25 Ap -0.0933440709902250
miniFE.c 25 Ap -0.1030375042710553
miniFE.c 25 Ap -0.0710413477988657
miniFE.c 25 Ap -0.0730605922786714
miniFE.c 25 Ap -0.0874958054979726
miniFE.c 25 Ap -0.0149824745189647
miniFE.c 25 Ap 0.0544001157642744
miniFE.c 25 Ap 0.0840221795776279
miniFE.c 25 Ap 0.0765332227074783
miniFE.c 25 Ap -0.0993630238896808
miniFE.c 25 Ap -0.0864062500440040
miniFE.c 25 Ap -0.1082298433012016
miniFE.c 25 Ap -0.1198468585195382
miniFE.c 25 Ap -0.0171057093454791
miniFE.c 25 Ap 0.0441457178759819
miniFE.c 25 Ap 0.0726700771461543
miniFE.c 25 Ap 0.0500367027897489
miniFE.c 25 Ap 0.0381734258400985
miniFE.c 25 Ap 0.2300000799538761
miniFE.c 25 Ap 0.2181783744751570
miniFE.c 25 Ap 0.2077024804022748
miniFE.c 25 Ap -0.0053232970892256
miniFE.c 25 Ap 0.0670024789646204
miniFE.c 25 Ap 0.0880786389637021
miniFE.c 25 Ap 0.0854240338540039
miniFE.c 25 Ap 0.0482881661029121
miniFE.c 25 Ap 0.0702586520221937
miniFE.c 25 Ap -0.0317076554811351
miniFE.c 25 Ap -0.0398854931389873
miniFE.c 25 Ap -0.0068268393379287
miniFE.c 25 Ap 0.0373012879078571
miniFE.c 25 Ap 0.0590814537299627
miniFE.c 25 Ap 0.0494428235368910
miniFE.c 25 Ap 0.0394026095482442
miniFE.c 25 Ap 0.0492911391615495
miniFE.c 25 Ap 0.0451375878686846
miniFE.c 25 Ap -0.1532183105290556
miniFE.c 57 sum 0.0000058412490824
miniFE.c 57 sum 0.0024091620883974
miniFE.c 57 sum 0.0026332586495276
miniFE.c 57 sum 0.0028118934114142
miniFE.c 57 sum 0.0031286033501992
miniFE.c 57 sum 0.0037280753874116
miniFE.c 57 sum 0.0037900170254451
miniFE.c 57 sum 0.0042585037579085
miniFE.c 90 p_ap_dot 0.0042585037579085
miniFE.c 91 alpha 0.0177709210743047
miniFE.c 40 y 1.0026824756521098
miniFE.c 40 y 2.0003301468980195
miniFE.c 40 y 1.0014957865409146
miniFE.c 40 y 1.9835872841448627
miniFE.c 40 y 0.9998507638035883
miniFE.c 40 y 2.0017146473111613
miniFE.c 40 y 0.9996116117634075
miniFE.c 40 y 2.0005514515784948
miniFE.c 40 y -0.0007920842974426
miniFE.c 40 y -0.0003653790684241
miniFE.c 40 y -0.0006449083540775
miniFE.c 40 y -0.0002785646720944
miniFE.c 40 y -0.0006025844528231
miniFE.c 40 y -0.0007853430509854
miniFE.c 40 y -0.0006628371208977
miniFE.c 40 y -0.0005358188894135
