filename line variable value
miniFE.c 167 A 67.0947100000000063
miniFE.c 167 A 15.0875500000000002
miniFE.c 167 A 9.3192129999999995
miniFE.c 167 A 13.7164900000000003
miniFE.c 167 A 14.0634099999999993
miniFE.c 167 A 16.0564000000002274
miniFE.c 167 A 4.9967519999999999
miniFE.c 167 A 6.4080630000000003
miniFE.c 167 A 15.0875500000000002
miniFE.c 167 A 66.4365899999999954
miniFE.c 167 A 14.3919700000000006
miniFE.c 167 A 5.9638159999999996
miniFE.c 167 A 10.9336099999999998
miniFE.c 167 A 9.6522659999999991
miniFE.c 167 A 11.3974100000000007
miniFE.c 167 A 6.9539020000000002
miniFE.c 167 A 9.3192129999999995
miniFE.c 167 A 14.3919700000000006
miniFE.c 167 A 67.6740900000000067
miniFE.c 167 A 9.6121750000000006
miniFE.c 167 A 16.7981799999999986
miniFE.c 167 A 16.1756899999999995
miniFE.c 167 A 11.9519400000000005
miniFE.c 167 A 12.3511699999999998
miniFE.c 167 A 13.7164900000000003
miniFE.c 167 A 5.9638159999999996
miniFE.c 167 A 9.6121750000000006
miniFE.c 167 A 65.4017099999999942
miniFE.c 167 A 3.6681119999999998
miniFE.c 167 A 11.0858899999999991
miniFE.c 167 A 1.3002330000000000
miniFE.c 167 A 4.7210279999999996
miniFE.c 167 A 14.0634099999999993
miniFE.c 167 A 10.9336099999999998
miniFE.c 167 A 16.7981799999999986
miniFE.c 167 A 3.6681119999999998
miniFE.c 167 A 66.5612600000000043
miniFE.c 167 A 4.4892070000000004
miniFE.c 167 A 14.0526599999999995
miniFE.c 167 A 3.7993380000000001
miniFE.c 167 A 16.0564000000000000
miniFE.c 167 A 9.6522659999999991
miniFE.c 167 A 16.1756899999999995
miniFE.c 167 A 11.0858899999999991
miniFE.c 167 A 4.4892070000000004
miniFE.c 167 A 66.4632699999999943
miniFE.c 167 A 7.6122389999999998
miniFE.c 167 A 3.4261349999999999
miniFE.c 167 A 4.9967519999999999
miniFE.c 167 A 11.3974100000000007
miniFE.c 167 A 11.9519400000000005
miniFE.c 167 A 1.3002330000000000
miniFE.c 167 A 14.0526599999999995
miniFE.c 167 A 7.6122389999999998
miniFE.c 167 A 65.6581999999999937
miniFE.c 167 A 2.6745570000000001
miniFE.c 167 A 6.4080630000000003
miniFE.c 167 A 6.9539020000000002
miniFE.c 167 A 12.3511699999999998
miniFE.c 167 A 4.7210279999999996
miniFE.c 167 A 3.7993380000000001
miniFE.c 167 A 3.4261349999999999
miniFE.c 167 A 2.6745570000000001
miniFE.c 167 A 64.8721800000000002
miniFE.c 175 b 198.0110999999999990
miniFE.c 175 b 229.8237000000000023
miniFE.c 175 b 210.8053999999999917
miniFE.c 175 b 202.6418999999999926
miniFE.c 175 b 157.2561000000000035
miniFE.c 175 b 225.5886000000000138
miniFE.c 175 b 142.6283999999999992
miniFE.c 175 b 185.1795999999999935
miniFE.c 33 r 0.0000000000000000
miniFE.c 33 r 0.0000000000000000
miniFE.c 33 r 0.0000000000000000
miniFE.c 33 r 0.0000000000000000
miniFE.c 33 r 0.0000000000000000
miniFE.c 33 r 0.0000000000000000
miniFE.c 33 r 0.0000000000000000
miniFE.c 33 r 0.0000000000000000
miniFE.c 25 Ap 0.0000000000000000
miniFE.c 25 Ap 0.0000000000000000
miniFE.c 25 Ap 0.0000000000000000
miniFE.c 25 Ap 0.0000000000000000
miniFE.c 25 Ap 0.0000000000000000
miniFE.c 25 Ap 0.0000000000000000
miniFE.c 25 Ap 0.0000000000000000
miniFE.c 25 Ap 0.0000000000000000
miniFE.c 25 Ap 0.0000000000000000
miniFE.c 25 Ap 0.0000000000000000
miniFE.c 25 Ap 0.0000000000000000
miniFE.c 25 Ap 0.0000000000000000
miniFE.c 25 Ap 0.0000000000000000
miniFE.c 25 Ap 0.0000000000000000
miniFE.c 25 Ap 0.0000000000000000
miniFE.c 25 Ap 0.0000000000000000
miniFE.c 25 Ap 0.0000000000000000
miniFE.c 25 Ap 0.0000000000000000
miniFE.c 25 Ap 0.0000000000000000
miniFE.c 25 Ap 0.0000000000000000
miniFE.c 25 Ap 0.0000000000000000
miniFE.c 25 Ap 0.0000000000000000
miniFE.c 25 Ap 0.0000000000000000
miniFE.c 25 Ap 0.0000000000000000
miniFE.c 25 Ap 0.0000000000000000
miniFE.c 25 Ap 0.0000000000000000
miniFE.c 25 Ap 0.0000000000000000
miniFE.c 25 Ap 0.0000000000000000
miniFE.c 25 Ap 0.0000000000000000
miniFE.c 25 Ap 0.0000000000000000
miniFE.c 25 Ap 0.0000000000000000
miniFE.c 25 Ap 0.0000000000000000
miniFE.c 25 Ap 0.0000000000000000
miniFE.c 25 Ap 0.0000000000000000
miniFE.c 25 Ap 0.0000000000000000
miniFE.c 25 Ap 0.0000000000000000
miniFE.c 25 Ap 0.0000000000000000
miniFE.c 25 Ap 0.0000000000000000
miniFE.c 25 Ap 0.0000000000000000
miniFE.c 25 Ap 0.0000000000000000
miniFE.c 25 Ap 0.0000000000000000
miniFE.c 25 Ap 0.0000000000000000
miniFE.c 25 Ap 0.0000000000000000
miniFE.c 25 Ap 0.0000000000000000
miniFE.c 25 Ap 0.0000000000000000
miniFE.c 25 Ap 0.0000000000000000
miniFE.c 25 Ap 0.0000000000000000
miniFE.c 25 Ap 0.0000000000000000
miniFE.c 25 Ap 0.0000000000000000
miniFE.c 25 Ap 0.0000000000000000
miniFE.c 25 Ap 0.0000000000000000
miniFE.c 25 Ap 0.0000000000000000
miniFE.c 25 Ap 0.0000000000000000
miniFE.c 25 Ap 0.0000000000000000
miniFE.c 25 Ap 0.0000000000000000
miniFE.c 25 Ap 0.0000000000000000
miniFE.c 25 Ap 0.0000000000000000
miniFE.c 25 Ap 0.0000000000000000
miniFE.c 25 Ap 0.0000000000000000
miniFE.c 25 Ap 0.0000000000000000
miniFE.c 25 Ap 0.0000000000000000
miniFE.c 25 Ap 0.0000000000000000
miniFE.c 25 Ap 0.0000000000000000
miniFE.c 25 Ap 0.0000000000000000
miniFE.c 33 r 198.0110999999999990
miniFE.c 33 r 229.8237000000000023
miniFE.c 33 r 210.8053999999999917
miniFE.c 33 r 202.6418999999999926
miniFE.c 33 r 157.2561000000000035
miniFE.c 33 r 225.5886000000000138
miniFE.c 33 r 142.6283999999999992
miniFE.c 33 r 185.1795999999999935
miniFE.c 48 sum 39208.3957232100001420
miniFE.c 48 sum 92027.3288048999966122
miniFE.c 48 sum 136466.2454740600078367
miniFE.c 48 sum 177529.9851096700003836
miniFE.c 48 sum 202259.4660968800017145
miniFE.c 48 sum 253149.6825468399911188
miniFE.c 48 sum 273492.5430333999684080
miniFE.c 48 sum 307784.0272895599482581
miniFE.c 75 rtrans 307784.0272895599482581
miniFE.c 76 normr 554.7828649927464539
miniFE.c 33 r 198.0110999999999990
miniFE.c 33 r 229.8237000000000023
miniFE.c 33 r 210.8053999999999917
miniFE.c 33 r 202.6418999999999926
miniFE.c 33 r 157.2561000000000035
miniFE.c 33 r 225.5886000000000138
miniFE.c 33 r 142.6283999999999992
miniFE.c 33 r 185.1795999999999935
miniFE.c 87 normr 554.7828649927464539
miniFE.c 25 Ap 13285.4973312810016068
miniFE.c 25 Ap 16752.9738962160008668
miniFE.c 25 Ap 18717.5143203662009910
miniFE.c 25 Ap 21497.0499152972006414
miniFE.c 25 Ap 23708.6069245981998392
miniFE.c 25 Ap 27330.7477216382503684
miniFE.c 25 Ap 28043.4264645950497652
miniFE.c 25 Ap 29230.0690077098479378
miniFE.c 25 Ap 2987.5023718050001662
miniFE.c 25 Ap 18256.2053009880000900
miniFE.c 25 Ap 21290.1102936259994749
miniFE.c 25 Ap 22498.6292991164009436
miniFE.c 25 Ap 24218.0061666374022025
miniFE.c 25 Ap 26395.4473404050004319
miniFE.c 25 Ap 28021.0416928490012651
miniFE.c 25 Ap 29308.7624836482027604
miniFE.c 25 Ap 1845.3076172643000064
miniFE.c 25 Ap 5152.9234129532997031
miniFE.c 25 Ap 19418.9870250392996240
miniFE.c 25 Ap 21366.8164301717988565
miniFE.c 25 Ap 24008.4327040697971825
miniFE.c 25 Ap 27657.4839652037990163
miniFE.c 25 Ap 29362.1700442997971550
miniFE.c 25 Ap 31649.3547644317950471
miniFE.c 25 Ap 2716.0172730389999742
miniFE.c 25 Ap 4086.6435322781999275
miniFE.c 25 Ap 6112.9419280231995799
miniFE.c 25 Ap 19366.0687056721981207
miniFE.c 25 Ap 19942.9016931553996983
miniFE.c 25 Ap 22443.7520980093977414
miniFE.c 25 Ap 22629.2022504265987664
miniFE.c 25 Ap 23503.4403270553993934
miniFE.c 25 Ap 2784.7112838509997346
miniFE.c 25 Ap 5297.5139884079999320
miniFE.c 25 Ap 8838.6610425799990480
miniFE.c 25 Ap 9581.9742276727993158
miniFE.c 25 Ap 20049.1383863587980159
miniFE.c 25 Ap 21061.8523085989982064
miniFE.c 25 Ap 23066.1607201429978886
miniFE.c 25 Ap 23769.7206112477979332
miniFE.c 25 Ap 3179.3454260399998930
miniFE.c 25 Ap 5397.6649115441996400
miniFE.c 25 Ap 8807.5877122702004272
miniFE.c 25 Ap 11054.0535250612010714
miniFE.c 25 Ap 11760.0087099739012046
miniFE.c 25 Ap 26753.3647406958989450
miniFE.c 25 Ap 27839.0862096834971453
miniFE.c 25 Ap 28473.5365185294976982
miniFE.c 25 Ap 989.4123599472000024
miniFE.c 25 Ap 3608.8072965641999872
miniFE.c 25 Ap 6128.3407890401995246
miniFE.c 25 Ap 6391.8224746028990921
miniFE.c 25 Ap 8601.6889808288997301
miniFE.c 25 Ap 10318.9233197042995016
miniFE.c 25 Ap 19683.6473325842962367
miniFE.c 25 Ap 20178.9207280214977800
miniFE.c 25 Ap 1268.8676034993000030
miniFE.c 25 Ap 2867.0390905766998912
miniFE.c 25 Ap 5470.7324228946999938
miniFE.c 25 Ap 6427.4105067679001877
miniFE.c 25 Ap 7024.8795832297000743
miniFE.c 25 Ap 7797.7765812907000509
miniFE.c 25 Ap 8179.2443669095000587
miniFE.c 25 Ap 20192.2487104374995397
miniFE.c 57 sum 5787878.1172925354912877
miniFE.c 57 sum 12523726.3537057563662529
miniFE.c 57 sum 19195581.2445637062191963
miniFE.c 57 sum 23958363.0489748343825340
miniFE.c 57 sum 27696296.6103892773389816
miniFE.c 57 sum 34119601.8506532236933708
miniFE.c 57 sum 36997689.0278177633881569
miniFE.c 57 sum 40736881.5671170949935913
miniFE.c 90 p_ap_dot 40736881.5671170949935913
miniFE.c 91 alpha 0.0075554145395853
miniFE.c 40 y 1.4960559439392742
miniFE.c 40 y 1.7364133245212847
miniFE.c 40 y 1.5927221841830901
miniFE.c 40 y 1.5310435575891856
miniFE.c 40 y 1.1881350243784763
miniFE.c 40 y 1.7044153884046873
miniFE.c 40 y 1.0776166871177846
miniFE.c 40 y 1.3991086422745855
miniFE.c 40 y -22.8341883739319655
miniFE.c 40 y 8.3838497937929048
miniFE.c 40 y -28.3185951556805264
miniFE.c 40 y 25.0636652226907017
miniFE.c 40 y -22.3339927081014480
miniFE.c 40 y 10.4592281944899241
miniFE.c 40 y -9.8317110616323475
miniFE.c 40 y 32.6187905062384687
miniFE.c 82 oldrtrans 307784.0272895599482581
miniFE.c 48 sum 521.4001586962097008
miniFE.c 48 sum 591.6890960610910497
miniFE.c 48 sum 1393.6319276524236557
miniFE.c 48 sum 2021.8192420475388644
miniFE.c 48 sum 2520.6264723330673405
miniFE.c 48 sum 2630.0219267574802871
miniFE.c 48 sum 2726.6844691569040151
miniFE.c 48 sum 3790.6699632467771153
miniFE.c 83 rtrans 3790.6699632467771153
miniFE.c 84 beta 0.0123160061184090
miniFE.c 40 y -20.3954824548190743
miniFE.c 40 y 11.2143598891482945
miniFE.c 40 y -25.7223145594868754
miniFE.c 40 y 27.5594041029367212
miniFE.c 40 y -20.3972256183443150
miniFE.c 40 y 13.2375787723332401
miniFE.c 40 y -8.0750988145734635
miniFE.c 40 y 34.8994635928429986
miniFE.c 87 normr 61.5684169298413693
miniFE.c 25 Ap -1368.4289806161739307
miniFE.c 25 Ap -1199.2317650706545464
miniFE.c 25 Ap -1438.9434933035138329
miniFE.c 25 Ap -1060.9252025196233262
miniFE.c 25 Ap -1347.7797492529030023
miniFE.c 25 Ap -1135.2318894528084456
miniFE.c 25 Ap -1175.5811556047260638
miniFE.c 25 Ap -951.9431942355818137
miniFE.c 25 Ap -307.7178613112055245
miniFE.c 25 Ap 437.3259687565850982
miniFE.c 25 Ap 67.1311892858867623
miniFE.c 25 Ap 231.4904044254464281
miniFE.c 25 Ap 8.4750944324608497
miniFE.c 25 Ap 136.2477259389747246
miniFE.c 25 Ap 44.2125139587669764
miniFE.c 25 Ap 286.8999636359650935
miniFE.c 25 Ap -190.0698452342218161
miniFE.c 25 Ap -28.6731141403962226
miniFE.c 25 Ap -1769.4073446474214961
miniFE.c 25 Ap -1504.5015295142757168
miniFE.c 25 Ap -1847.1377969518348436
miniFE.c 25 Ap -1633.0108263799918404
miniFE.c 25 Ap -1729.5239229058449837
miniFE.c 25 Ap -1298.4747151618303178
miniFE.c 25 Ap -279.7544311367012710
miniFE.c 25 Ap -212.8740522000404667
miniFE.c 25 Ap -460.1214411508762510
miniFE.c 25 Ap 1342.3107137622012033
miniFE.c 25 Ap 1267.4914057048449649
miniFE.c 25 Ap 1414.2417478412662604
miniFE.c 25 Ap 1403.7422378842968556
miniFE.c 25 Ap 1568.5035826910891501
miniFE.c 25 Ap -286.8300319099271292
miniFE.c 25 Ap -164.2165944823364612
miniFE.c 25 Ap -596.3046644692176415
miniFE.c 25 Ap -495.2136835663862371
miniFE.c 25 Ap -1852.8787212276629361
miniFE.c 25 Ap -1793.4524899398531943
miniFE.c 25 Ap -1906.9291080474570208
miniFE.c 25 Ap -1774.3342498395520579
miniFE.c 25 Ap -327.4780244875569792
miniFE.c 25 Ap -219.2340398177671545
miniFE.c 25 Ap -635.3102262145134773
miniFE.c 25 Ap -329.7897038638083131
miniFE.c 25 Ap -421.3570718902589647
miniFE.c 25 Ap 458.4557002015936291
miniFE.c 25 Ap 396.9861180764437449
miniFE.c 25 Ap 516.5563917731088850
miniFE.c 25 Ap -101.9111677470821178
miniFE.c 25 Ap 25.9034897970955598
miniFE.c 25 Ap -281.5280704790180266
miniFE.c 25 Ap -245.6944238040443054
miniFE.c 25 Ap -532.3297003619267116
miniFE.c 25 Ap -431.5620869655995193
miniFE.c 25 Ap -961.7585399526268475
miniFE.c 25 Ap -868.4179353041434979
miniFE.c 25 Ap -130.6955364858752944
miniFE.c 25 Ap -52.7119768240071949
miniFE.c 25 Ap -370.4126567417047227
miniFE.c 25 Ap -240.3039383084255860
miniFE.c 25 Ap -317.7998926947746554
miniFE.c 25 Ap -272.4461607476267204
miniFE.c 25 Ap -294.0434728078358830
miniFE.c 25 Ap 1969.9608112905220878
miniFE.c 57 sum 19415.3407160162350920
miniFE.c 57 sum 22632.7401604135047819
miniFE.c 57 sum 56032.5152313462313032
miniFE.c 57 sum 99259.5393036339810351
miniFE.c 57 sum 135451.0353199670207687
miniFE.c 57 sum 142288.9912464157678187
miniFE.c 57 sum 149301.5518863445904572
miniFE.c 57 sum 218052.1274993056431413
miniFE.c 90 p_ap_dot 218052.1274993056431413
miniFE.c 91 alpha 0.0173842374606450
miniFE.c 40 y 1.1414960338202800
miniFE.c 40 y 1.9313664198033715
miniFE.c 40 y 1.1455593598435632
miniFE.c 40 y 2.0101427827885128
miniFE.c 40 y 0.8335448106908264
miniFE.c 40 y 1.9345406011869224
miniFE.c 40 y 0.9372372518070662
miniFE.c 40 y 2.0058092046217046
miniFE.c 40 y -6.2853818362956702
miniFE.c 40 y 3.3963126984948619
miniFE.c 40 y -5.7456023706638426
miniFE.c 40 y -2.2035735166836794
miniFE.c 40 y 8.5114552256648004
miniFE.c 40 y 1.4792892180922106
miniFE.c 40 y 5.2650725407779611
miniFE.c 40 y -1.6274760254009095
miniFE.c 82 oldrtrans 3790.6699632467771153
miniFE.c 48 sum 39.5060248280355282
miniFE.c 48 sum 51.0409647739929824
miniFE.c 48 sum 84.0529113757709467
miniFE.c 48 sum 88.9086476192006216
miniFE.c 48 sum 161.3535176776972548
miniFE.c 48 sum 163.5418142684611098
miniFE.c 48 sum 191.2628031281151948
miniFE.c 48 sum 193.9114813413699494
miniFE.c 83 rtrans 193.9114813413699494
miniFE.c 84 beta 0.0511549365208469
miniFE.c 40 y -7.3287114465839869
miniFE.c 40 y 3.9699825667461748
miniFE.c 40 y -7.0614257391236501
miniFE.c 40 y -0.7937739492455838
miniFE.c 40 y 7.4680364439570042
miniFE.c 40 y 2.1564567198806279
miniFE.c 40 y 4.8519913735188895
miniFE.c 40 y 0.1578038193025817
miniFE.c 87 normr 13.9252102799695621
miniFE.c 25 Ap -491.7177691822331553
miniFE.c 25 Ap -431.8204587073219045
miniFE.c 25 Ap -497.6273892538976042
miniFE.c 25 Ap -508.5151816909851732
miniFE.c 25 Ap -403.4891232846758271
miniFE.c 25 Ap -368.8641916075840186
miniFE.c 25 Ap -344.6199940079707744
miniFE.c 25 Ap -343.6087771922391880
miniFE.c 25 Ap -110.5723003859082354
miniFE.c 25 Ap 153.1798037081549637
miniFE.c 25 Ap 51.5519763134595621
miniFE.c 25 Ap 46.8180545345655617
miniFE.c 25 Ap 128.4706524785783017
miniFE.c 25 Ap 149.2853463563536138
miniFE.c 25 Ap 204.5854813568115560
miniFE.c 25 Ap 205.6828336514674049
miniFE.c 25 Ap -68.2978229862542889
miniFE.c 25 Ap -11.1619529851203438
miniFE.c 25 Ap -489.0375139828908573
miniFE.c 25 Ap -496.6674080934805033
miniFE.c 25 Ap -371.2179876613308807
miniFE.c 25 Ap -336.3358122621249890
miniFE.c 25 Ap -278.3451024853096101
miniFE.c 25 Ap -276.3960406864541142
miniFE.c 25 Ap -100.5241972699547972
miniFE.c 25 Ap -76.8479517186729026
miniFE.c 25 Ap -144.7236116726337798
miniFE.c 25 Ap -196.6377853067481567
miniFE.c 25 Ap -169.2441912102321453
miniFE.c 25 Ap -145.3379492238746877
miniFE.c 25 Ap -139.0292299243101013
miniFE.c 25 Ap -138.2842336748756793
miniFE.c 25 Ap -103.0666738450037059
miniFE.c 25 Ap -59.6604327534020626
miniFE.c 25 Ap -178.2795333758341485
miniFE.c 25 Ap -181.1911851243492606
miniFE.c 25 Ap 315.8907303113483636
miniFE.c 25 Ap 325.5715109134335421
miniFE.c 25 Ap 393.7548960084275222
miniFE.c 25 Ap 394.3544460556489639
miniFE.c 25 Ap -117.6727224709311201
miniFE.c 25 Ap -79.3533947213342969
miniFE.c 25 Ap -193.5768284354193156
miniFE.c 25 Ap -202.3765191216214419
miniFE.c 25 Ap -168.8509576411545368
miniFE.c 25 Ap -25.5257924244140213
miniFE.c 25 Ap 11.4087255367500333
miniFE.c 25 Ap 11.9493827251962834
miniFE.c 25 Ap -36.6197535781414274
miniFE.c 25 Ap 8.6277654279170974
miniFE.c 25 Ap -75.7699713205444283
miniFE.c 25 Ap -76.8020624038938564
miniFE.c 25 Ap 28.1437146106429736
miniFE.c 25 Ap 44.5591785555303659
miniFE.c 25 Ap 363.1321985563083103
miniFE.c 25 Ap 363.5542538658507397
miniFE.c 25 Ap -46.9628446585313242
miniFE.c 25 Ap -19.3559749476699636
miniFE.c 25 Ap -106.5728446939618124
miniFE.c 25 Ap -110.3202737340207875
miniFE.c 25 Ap -81.9466790871100699
miniFE.c 25 Ap -74.5583672431418591
miniFE.c 25 Ap -61.5814397511572977
miniFE.c 25 Ap -51.3443619806727440
miniFE.c 57 sum 2518.2095785554902250
miniFE.c 57 sum 3334.7668424307694295
miniFE.c 57 sum 5286.5169583259639694
miniFE.c 57 sum 5396.2833806084690877
miniFE.c 57 sum 8341.3367555885324691
miniFE.c 57 sum 8367.1050822647066525
miniFE.c 57 sum 10131.0671858279110893
miniFE.c 57 sum 10122.9648494077064242
miniFE.c 90 p_ap_dot 10122.9648494077064242
miniFE.c 91 alpha 0.0191556015679256
miniFE.c 40 y 1.0011101573432215
miniFE.c 40 y 2.0074138240835717
miniFE.c 40 y 1.0102935018834160
miniFE.c 40 y 1.9949375652817656
miniFE.c 40 y 0.9765995413060147
miniFE.c 40 y 1.9758488269114314
miniFE.c 40 y 1.0301800653692061
miniFE.c 40 y 2.0088320317101620
miniFE.c 40 y 0.2966509948409835
miniFE.c 40 y -0.5436657122945667
miniFE.c 40 y -0.4510699403219753
miniFE.c 40 y 0.4453441667181588
miniFE.c 40 y 0.9573585804827811
miniFE.c 40 y 1.2503916036256977
miniFE.c 40 y -1.6990278946007500
miniFE.c 40 y -0.6439438845397953
miniFE.c 82 oldrtrans 193.9114813413699494
miniFE.c 48 sum 0.0880018127401452
miniFE.c 48 sum 0.3835742194649038
miniFE.c 48 sum 0.5870383105269742
miniFE.c 48 sum 0.7853697373568654
miniFE.c 48 sum 1.7019051889808710
miniFE.c 48 sum 3.2653843513985148
miniFE.c 48 sum 6.1520801380299721
miniFE.c 48 sum 6.5667438644661731
miniFE.c 83 rtrans 6.5667438644661731
miniFE.c 84 beta 0.0338646469979042
miniFE.c 40 y 0.0484667687529172
miniFE.c 40 y -0.4092236540838741
miniFE.c 40 y -0.6902026302793123
miniFE.c 40 y 0.4184632921308248
miniFE.c 40 y 1.2102609984248685
miniFE.c 40 y 1.3234192492107135
miniFE.c 40 y -1.5347169194996566
miniFE.c 40 y -0.6385999139041924
miniFE.c 87 normr 2.5625658751466611
miniFE.c 25 Ap 3.2518637941140409
miniFE.c 25 Ap -2.9223185480591130
miniFE.c 25 Ap -9.3544638727922731
miniFE.c 25 Ap -3.6146163109127363
miniFE.c 25 Ap 13.4057803169455418
miniFE.c 25 Ap 34.6551291499727441
miniFE.c 25 Ap 26.9865293130289956
miniFE.c 25 Ap 22.8943408329363542
miniFE.c 25 Ap 0.7312447968980759
miniFE.c 25 Ap -26.4561793277740911
miniFE.c 25 Ap -36.3895548766750494
miniFE.c 25 Ap -33.8939167996525654
miniFE.c 25 Ap -20.6613950446644381
miniFE.c 25 Ap -7.8874004217623419
miniFE.c 25 Ap -25.3791983872369258
miniFE.c 25 Ap -29.8199596057351179
miniFE.c 25 Ap 0.4516721414301797
miniFE.c 25 Ap -5.4378624114353133
miniFE.c 25 Ap -52.1466973311942183
miniFE.c 25 Ap -48.1243549361566068
miniFE.c 25 Ap -27.7941728376359514
miniFE.c 25 Ap -6.3869533223707045
miniFE.c 25 Ap -24.7297978612154310
miniFE.c 25 Ap -32.6172539598314728
miniFE.c 25 Ap 0.6647939489317012
miniFE.c 25 Ap -1.7757406268721723
miniFE.c 25 Ap -8.4100890945772218
miniFE.c 25 Ap 18.9581257830082635
miniFE.c 25 Ap 23.3974986744625042
miniFE.c 25 Ap 38.0687788950950576
miniFE.c 25 Ap 36.0732893107032595
miniFE.c 25 Ap 33.0584412363639757
miniFE.c 25 Ap 0.6816080403474631
miniFE.c 25 Ap -3.7926837961805235
miniFE.c 25 Ap -15.3868318160858593
miniFE.c 25 Ap -13.8518615926612760
miniFE.c 25 Ap 66.7046353913559784
miniFE.c 25 Ap 72.6457383488474591
miniFE.c 25 Ap 51.0788832828714163
miniFE.c 25 Ap 48.6526263631784914
miniFE.c 25 Ap 0.7782018258043396
miniFE.c 25 Ap -3.1717337369051988
miniFE.c 25 Ap -14.3362375214879663
miniFE.c 25 Ap -9.6971994958877765
miniFE.c 25 Ap -4.2640873499318674
miniFE.c 25 Ap 83.6946835335570682
miniFE.c 25 Ap 72.0120515449819152
miniFE.c 25 Ap 69.8241220289577740
miniFE.c 25 Ap 0.2421764236996765
miniFE.c 25 Ap -4.4219133435924105
miniFE.c 25 Ap -12.6711737685329346
miniFE.c 25 Ap -12.1270739868157964
miniFE.c 25 Ap 4.8803123353094140
miniFE.c 25 Ap 14.9544959575019263
miniFE.c 25 Ap -85.8122544863904295
miniFE.c 25 Ap -87.5202263563222829
miniFE.c 25 Ap 0.3105781075751248
miniFE.c 25 Ap -2.5351230790060355
miniFE.c 25 Ap -11.0599331000329695
miniFE.c 25 Ap -9.0843561809111666
miniFE.c 25 Ap -4.4861655796776239
miniFE.c 25 Ap 0.0480474297169238
miniFE.c 25 Ap -4.0566404503493194
miniFE.c 25 Ap -45.4840090131265882
miniFE.c 57 sum 1.1096147229003959
miniFE.c 57 sum 13.3126475573928413
miniFE.c 57 sum 35.8251620329568397
miniFE.c 57 sum 49.6589061854391218
miniFE.c 57 sum 108.5412823437316092
miniFE.c 57 sum 200.9478694960921530
miniFE.c 57 sum 335.2666416835797349
miniFE.c 57 sum 364.3127259233799009
miniFE.c 90 p_ap_dot 364.3127259233799009
miniFE.c 91 alpha 0.0180250191585326
miniFE.c 40 y 1.0019837717785449
miniFE.c 40 y 2.0000375598785851
miniFE.c 40 y 0.9978525862493618
miniFE.c 40 y 2.0024803741395663
miniFE.c 40 y 0.9984145189894478
miniFE.c 40 y 1.9997034842332253
miniFE.c 40 y 1.0025167634923007
miniFE.c 40 y 1.9973212560274016
miniFE.c 40 y -0.1160199372946704
miniFE.c 40 y -0.0061603690945219
miniFE.c 40 y 0.1368566872027115
miniFE.c 40 y -0.1505348699185273
miniFE.c 40 y 0.0803940581735587
miniFE.c 40 y -0.0081895336739870
miniFE.c 40 y -0.1214741377689277
miniFE.c 40 y 0.1759062493286826
miniFE.c 82 oldrtrans 6.5667438644661731
miniFE.c 48 sum 0.0134606258498593
miniFE.c 48 sum 0.0134985759972400
miniFE.c 48 sum 0.0322283288293408
miniFE.c 48 sum 0.0548890758907287
miniFE.c 48 sum 0.0613522804803423
miniFE.c 48 sum 0.0614193489421396
miniFE.c 48 sum 0.0761753150888441
miniFE.c 48 sum 0.1071183236417287
miniFE.c 83 rtrans 0.1071183236417287
miniFE.c 84 beta 0.0163122433054478
miniFE.c 40 y -0.1152293355705440
miniFE.c 40 y -0.0128357249062824
miniFE.c 40 y 0.1255979339675353
miniFE.c 40 y -0.1437087948828906
miniFE.c 40 y 0.1001361300429593
miniFE.c 40 y 0.0133984031142512
miniFE.c 40 y -0.1465088135647934
miniFE.c 40 y 0.1654892521582394
miniFE.c 87 normr 0.3272893576664672
miniFE.c 25 Ap -7.7312788535983321
miniFE.c 25 Ap -7.9249384949081136
miniFE.c 25 Ap -6.7544645959047172
miniFE.c 25 Ap -8.7256448438279364
miniFE.c 25 Ap -7.3173893912204813
miniFE.c 25 Ap -7.1022592714568153
miniFE.c 25 Ap -7.8343274786543242
miniFE.c 25 Ap -6.7738619250014400
miniFE.c 25 Ap -1.7385283618873606
miniFE.c 25 Ap -2.5912901548388358
miniFE.c 25 Ap -0.7836884571160865
miniFE.c 25 Ap -1.6407412673793873
miniFE.c 25 Ap -0.5458918745803865
miniFE.c 25 Ap -0.4165669237464055
miniFE.c 25 Ap -2.0863879405579180
miniFE.c 25 Ap -0.9355918989962326
miniFE.c 25 Ap -1.0738467220303756
miniFE.c 25 Ap -1.2585780898098453
miniFE.c 25 Ap 7.2411477973231992
miniFE.c 25 Ap 5.8597937118697505
miniFE.c 25 Ap 7.5418984488347895
miniFE.c 25 Ap 7.7586268641059517
miniFE.c 25 Ap 6.0075623149083546
miniFE.c 25 Ap 8.0515482014876358
miniFE.c 25 Ap -1.5805420290600105
miniFE.c 25 Ap -1.6570919306276963
miniFE.c 25 Ap -0.4498226096933025
miniFE.c 25 Ap -9.8486235370735944
miniFE.c 25 Ap -9.4813129968294554
miniFE.c 25 Ap -9.3327797737292091
miniFE.c 25 Ap -9.5232753679170017
miniFE.c 25 Ap -8.7419959747788933
miniFE.c 25 Ap -1.6205173901561436
miniFE.c 25 Ap -1.7608582003487223
miniFE.c 25 Ap 0.3489585020660502
miniFE.c 25 Ap -0.1781814529494193
miniFE.c 25 Ap 6.4870055342338091
miniFE.c 25 Ap 6.5471537392831278
miniFE.c 25 Ap 4.4883151952536977
miniFE.c 25 Ap 5.1170647995700786
miniFE.c 25 Ap -1.8501683036548822
miniFE.c 25 Ap -1.9740621347531455
miniFE.c 25 Ap 0.0575711097461760
miniFE.c 25 Ap -1.5355687823581117
miniFE.c 25 Ap -1.0860369664163483
miniFE.c 25 Ap -0.1955352826650296
miniFE.c 25 Ap -1.3107953871266791
miniFE.c 25 Ap -0.7438068681835096
miniFE.c 25 Ap -0.5757724129707866
miniFE.c 25 Ap -0.7220664323748993
miniFE.c 25 Ap 0.7790725385290449
miniFE.c 25 Ap 0.5922176210320794
miniFE.c 25 Ap 1.9993966102415723
miniFE.c 25 Ap 2.1013884569655970
miniFE.c 25 Ap -7.5181165258343219
miniFE.c 25 Ap -7.0755060880497371
miniFE.c 25 Ap -0.7383968417841866
miniFE.c 25 Ap -0.8276552148814340
miniFE.c 25 Ap 0.7236262192003693
miniFE.c 25 Ap 0.0451729747119862
miniFE.c 25 Ap 0.4256239787571433
miniFE.c 25 Ap 0.4715287166109884
miniFE.c 25 Ap 0.0796825437295752
miniFE.c 25 Ap 10.8153310978042700
miniFE.c 57 sum 0.7805476088645218
miniFE.c 57 sum 0.7925566091045838
miniFE.c 57 sum 1.8038144284514557
miniFE.c 57 sum 3.0601161348580108
miniFE.c 57 sum 3.5725192010660098
miniFE.c 57 sum 3.5625533768069384
miniFE.c 57 sum 4.5991773791375783
miniFE.c 57 sum 6.3889984343569575
miniFE.c 90 p_ap_dot 6.3889984343569575
miniFE.c 91 alpha 0.0167660588341512
miniFE.c 40 y 1.0000518299589489
miniFE.c 40 y 1.9998223553596275
miniFE.c 40 y 0.9999583685997093
miniFE.c 40 y 2.0000709440295745
miniFE.c 40 y 1.0000934072371723
miniFE.c 40 y 1.9999281226481225
miniFE.c 40 y 1.0000603881043517
miniFE.c 40 y 2.0000958585655062
miniFE.c 40 y -0.0024489697256795
miniFE.c 40 y 0.0095258197288042
miniFE.c 40 y 0.0018639563505654
miniFE.c 40 y -0.0039660510774713
miniFE.c 40 y -0.0053989513141974
miniFE.c 40 y 0.0042811760392235
miniFE.c 40 y -0.0028457864152907
miniFE.c 40 y -0.0054242281679290
miniFE.c 82 oldrtrans 0.1071183236417287
miniFE.c 48 sum 0.0000059974527173
miniFE.c 48 sum 0.0000967386942230
miniFE.c 48 sum 0.0001002130274998
miniFE.c 48 sum 0.0001159425886489
miniFE.c 48 sum 0.0001450912639420
miniFE.c 48 sum 0.0001634197322208
miniFE.c 48 sum 0.0001715182325422
miniFE.c 48 sum 0.0002009404837600
miniFE.c 83 rtrans 0.0002009404837600
miniFE.c 84 beta 0.0018758740515028
miniFE.c 40 y -0.0026651254462482
miniFE.c 40 y 0.0095017415255203
miniFE.c 40 y 0.0020995622558175
miniFE.c 40 y -0.0042356306767648
miniFE.c 40 y -0.0052111085462319
miniFE.c 40 y 0.0043063097559571
miniFE.c 40 y -0.0031206184969734
miniFE.c 40 y -0.0051137911740027
miniFE.c 87 normr 0.0141753477474098
miniFE.c 25 Ap -0.1788158189296428
miniFE.c 25 Ap -0.0354578185762793
miniFE.c 25 Ap -0.0158915507075556
miniFE.c 25 Ap -0.0739895365290936
miniFE.c 25 Ap -0.1472754925692566
miniFE.c 25 Ap -0.0781316606037066
miniFE.c 25 Ap -0.0937246173196953
miniFE.c 25 Ap -0.1264941133315488
miniFE.c 25 Ap -0.0402102134265419
miniFE.c 25 Ap 0.5910530925904235
miniFE.c 25 Ap 0.6212699295892813
miniFE.c 25 Ap 0.5960094075891004
miniFE.c 25 Ap 0.5390331790769339
miniFE.c 25 Ap 0.5805988263198266
miniFE.c 25 Ap 0.5450318578562373
miniFE.c 25 Ap 0.5094710551837573
miniFE.c 25 Ap -0.0248368717053069
miniFE.c 25 Ap 0.1119119072777352
miniFE.c 25 Ap 0.2539978723385316
miniFE.c 25 Ap 0.2132842490380996
miniFE.c 25 Ap 0.1257471096789580
miniFE.c 25 Ap 0.1954046413352952
miniFE.c 25 Ap 0.1581071962965792
miniFE.c 25 Ap 0.0949458921619719
miniFE.c 25 Ap -0.0365561665322088
miniFE.c 25 Ap 0.0201104716055534
miniFE.c 25 Ap 0.0402918314318660
miniFE.c 25 Ap -0.2367256577570110
miniFE.c 25 Ap -0.2558405875487468
miniFE.c 25 Ap -0.2081013112882799
miniFE.c 25 Ap -0.2121588424384550
miniFE.c 25 Ap -0.2363011937570748
miniFE.c 25 Ap -0.0374807518520212
miniFE.c 25 Ap 0.0664075843088225
miniFE.c 25 Ap 0.1016764090032509
miniFE.c 25 Ap 0.0861396412902417
miniFE.c 25 Ap -0.2607183095437213
miniFE.c 25 Ap -0.2413863936431105
miniFE.c 25 Ap -0.2852393843707884
miniFE.c 25 Ap -0.3046684055022417
miniFE.c 25 Ap -0.0427923202151394
miniFE.c 25 Ap 0.0489210164524281
miniFE.c 25 Ap 0.0828828846382327
miniFE.c 25 Ap 0.0359271488749922
miniFE.c 25 Ap 0.0125334039114882
miniFE.c 25 Ap 0.2987448319252970
miniFE.c 25 Ap 0.2749899380985149
miniFE.c 25 Ap 0.2574693991745731
miniFE.c 25 Ap -0.0133169709037915
miniFE.c 25 Ap 0.0949782729765886
miniFE.c 25 Ap 0.1200721150843840
miniFE.c 25 Ap 0.1145648083026420
miniFE.c 25 Ap 0.0413348716793509
miniFE.c 25 Ap 0.0741155307497278
miniFE.c 25 Ap -0.1307786626482496
miniFE.c 25 Ap -0.1444557886292168
miniFE.c 25 Ap -0.0170782917624615
miniFE.c 25 Ap 0.0489958876353370
miniFE.c 25 Ap 0.0749279379825224
miniFE.c 25 Ap 0.0549314069598567
miniFE.c 25 Ap 0.0351326442380331
miniFE.c 25 Ap 0.0498866428137591
miniFE.c 25 Ap 0.0415403707683495
miniFE.c 25 Ap -0.2902024107539674
miniFE.c 57 sum 0.0003371226802405
miniFE.c 57 sum 0.0051779849613307
miniFE.c 57 sum 0.0053773297728588
miniFE.c 57 sum 0.0063782143580925
miniFE.c 57 sum 0.0079658744897720
miniFE.c 57 sum 0.0090746174752979
miniFE.c 57 sum 0.0095254088812891
miniFE.c 57 sum 0.0110094434080771
miniFE.c 90 p_ap_dot 0.0110094434080771
miniFE.c 91 alpha 0.0182516478183245
miniFE.c 40 y 1.0000031870279122
miniFE.c 40 y 1.9999957777996120
miniFE.c 40 y 0.9999966890705752
miniFE.c 40 y 1.9999936367901738
miniFE.c 40 y 0.9999982959192435
miniFE.c 40 y 2.0000067198971849
miniFE.c 40 y 1.0000034316745696
miniFE.c 40 y 2.0000025234499819
miniFE.c 40 y -0.0001402437180608
miniFE.c 40 y 0.0002271334559601
miniFE.c 40 y 0.0001310373650285
miniFE.c 40 y 0.0003468350900325
miniFE.c 40 y 0.0001617491244000
miniFE.c 40 y -0.0004180647585064
miniFE.c 40 y -0.0002092302359119
miniFE.c 40 y -0.0001275559708188
