miniFE.c 167 A 67.0947100000000063
miniFE.c 167 A 15.0875500000000002
miniFE.c 167 A 9.3192129999999995
miniFE.c 167 A 13.7164900000000003
miniFE.c 167 A 14.0634099999999993
miniFE.c 167 A 16.0564000000000000
miniFE.c 167 A 4.9967519999999999
miniFE.c 167 A 6.4080630000000003
miniFE.c 167 A 15.0875500000000002
miniFE.c 167 A 66.4365899999999954
miniFE.c 167 A 14.3919700000000006
miniFE.c 167 A 5.9638159999999996
miniFE.c 167 A 10.9336099999999998
miniFE.c 167 A 9.6522659999999991
miniFE.c 167 A 11.3974100000000007
miniFE.c 167 A 6.9539020000000002
miniFE.c 167 A 9.3192129999999995
miniFE.c 167 A 14.3919700000000006
miniFE.c 167 A 67.6740900000000067
miniFE.c 167 A 9.6121750000000006
miniFE.c 167 A 16.7981799999999986
miniFE.c 167 A 16.1756899999999995
miniFE.c 167 A 11.9519400000000005
miniFE.c 167 A 12.3511699999999998
miniFE.c 167 A 13.7164900000000003
miniFE.c 167 A 5.9638159999999996
miniFE.c 167 A 9.6121750000000006
miniFE.c 167 A 65.4017099999999942
miniFE.c 167 A 3.6681119999999998
miniFE.c 167 A 11.0858899999999991
miniFE.c 167 A 1.3002330000000000
miniFE.c 167 A 4.7210279999999996
miniFE.c 167 A 14.0634099999999993
miniFE.c 167 A 10.9336099999999998
miniFE.c 167 A 16.7981799999999986
miniFE.c 167 A 3.6681119999999998
miniFE.c 167 A 66.5612600000000043
miniFE.c 167 A 4.4892070000000004
miniFE.c 167 A 14.0526599999999995
miniFE.c 167 A 3.7994600703125001
miniFE.c 167 A 16.0564000000000000
miniFE.c 167 A 9.6522659999999991
miniFE.c 167 A 16.1756899999999995
miniFE.c 167 A 11.0858899999999991
miniFE.c 167 A 4.4892070000000004
miniFE.c 167 A 66.4632699999999943
miniFE.c 167 A 7.6122389999999998
miniFE.c 167 A 3.4261349999999999
miniFE.c 167 A 4.9967519999999999
miniFE.c 167 A 11.3974100000000007
miniFE.c 167 A 11.9519400000000005
miniFE.c 167 A 1.3002330000000000
miniFE.c 167 A 14.0526599999999995
miniFE.c 167 A 7.6122389999999998
miniFE.c 167 A 65.6581999999999937
miniFE.c 167 A 2.6745570000000001
miniFE.c 167 A 6.4080630000000003
miniFE.c 167 A 6.9539020000000002
miniFE.c 167 A 12.3511699999999998
miniFE.c 167 A 4.7210279999999996
miniFE.c 167 A 3.7993380000000001
miniFE.c 167 A 3.4261349999999999
miniFE.c 167 A 2.6745570000000001
miniFE.c 167 A 64.8721800000000002
miniFE.c 175 b 198.0110999999999990
miniFE.c 175 b 229.8237000000000023
miniFE.c 175 b 210.8053999999999917
miniFE.c 175 b 202.6418999999999926
miniFE.c 175 b 157.2561000000000035
miniFE.c 175 b 225.5886000000000138
miniFE.c 175 b 142.6283999999999992
miniFE.c 175 b 185.1795999999999935
miniFE.c 33 r 0.0000000000000000
miniFE.c 33 r 0.0000000000000000
miniFE.c 33 r 0.0000000000000000
miniFE.c 33 r 0.0000000000000000
miniFE.c 33 r 0.0000000000000000
miniFE.c 33 r 0.0000000000000000
miniFE.c 33 r 0.0000000000000000
miniFE.c 33 r 0.0000000000000000
miniFE.c 25 Ap 0.0000000000000000
miniFE.c 25 Ap 0.0000000000000000
miniFE.c 25 Ap 0.0000000000000000
miniFE.c 25 Ap 0.0000000000000000
miniFE.c 25 Ap 0.0000000000000000
miniFE.c 25 Ap 0.0000000000000000
miniFE.c 25 Ap 0.0000000000000000
miniFE.c 25 Ap 0.0000000000000000
miniFE.c 25 Ap 0.0000000000000000
miniFE.c 25 Ap 0.0000000000000000
miniFE.c 25 Ap 0.0000000000000000
miniFE.c 25 Ap 0.0000000000000000
miniFE.c 25 Ap 0.0000000000000000
miniFE.c 25 Ap 0.0000000000000000
miniFE.c 25 Ap 0.0000000000000000
miniFE.c 25 Ap 0.0000000000000000
miniFE.c 25 Ap 0.0000000000000000
miniFE.c 25 Ap 0.0000000000000000
miniFE.c 25 Ap 0.0000000000000000
miniFE.c 25 Ap 0.0000000000000000
miniFE.c 25 Ap 0.0000000000000000
miniFE.c 25 Ap 0.0000000000000000
miniFE.c 25 Ap 0.0000000000000000
miniFE.c 25 Ap 0.0000000000000000
miniFE.c 25 Ap 0.0000000000000000
miniFE.c 25 Ap 0.0000000000000000
miniFE.c 25 Ap 0.0000000000000000
miniFE.c 25 Ap 0.0000000000000000
miniFE.c 25 Ap 0.0000000000000000
miniFE.c 25 Ap 0.0000000000000000
miniFE.c 25 Ap 0.0000000000000000
miniFE.c 25 Ap 0.0000000000000000
miniFE.c 25 Ap 0.0000000000000000
miniFE.c 25 Ap 0.0000000000000000
miniFE.c 25 Ap 0.0000000000000000
miniFE.c 25 Ap 0.0000000000000000
miniFE.c 25 Ap 0.0000000000000000
miniFE.c 25 Ap 0.0000000000000000
miniFE.c 25 Ap 0.0000000000000000
miniFE.c 25 Ap 0.0000000000000000
miniFE.c 25 Ap 0.0000000000000000
miniFE.c 25 Ap 0.0000000000000000
miniFE.c 25 Ap 0.0000000000000000
miniFE.c 25 Ap 0.0000000000000000
miniFE.c 25 Ap 0.0000000000000000
miniFE.c 25 Ap 0.0000000000000000
miniFE.c 25 Ap 0.0000000000000000
miniFE.c 25 Ap 0.0000000000000000
miniFE.c 25 Ap 0.0000000000000000
miniFE.c 25 Ap 0.0000000000000000
miniFE.c 25 Ap 0.0000000000000000
miniFE.c 25 Ap 0.0000000000000000
miniFE.c 25 Ap 0.0000000000000000
miniFE.c 25 Ap 0.0000000000000000
miniFE.c 25 Ap 0.0000000000000000
miniFE.c 25 Ap 0.0000000000000000
miniFE.c 25 Ap 0.0000000000000000
miniFE.c 25 Ap 0.0000000000000000
miniFE.c 25 Ap 0.0000000000000000
miniFE.c 25 Ap 0.0000000000000000
miniFE.c 25 Ap 0.0000000000000000
miniFE.c 25 Ap 0.0000000000000000
miniFE.c 25 Ap 0.0000000000000000
miniFE.c 25 Ap 0.0000000000000000
miniFE.c 33 r 198.0110999999999990
miniFE.c 33 r 229.8237000000000023
miniFE.c 33 r 210.8053999999999917
miniFE.c 33 r 202.6418999999999926
miniFE.c 33 r 157.2561000000000035
miniFE.c 33 r 225.5886000000000138
miniFE.c 33 r 142.6283999999999992
miniFE.c 33 r 185.1795999999999935
miniFE.c 48 sum 39208.3957232100001420
miniFE.c 48 sum 92027.3288048999966122
miniFE.c 48 sum 136466.2454740600078367
miniFE.c 48 sum 177529.9851096700003836
miniFE.c 48 sum 202259.4660968800017145
miniFE.c 48 sum 253149.6825468399911188
miniFE.c 48 sum 273492.5430333999684080
miniFE.c 48 sum 307784.0272895599482581
miniFE.c 75 rtrans 307784.0272895599482581
miniFE.c 76 normr 554.7828649927464539
miniFE.c 33 r 198.0110999999999990
miniFE.c 33 r 229.8237000000000023
miniFE.c 33 r 210.8053999999999917
miniFE.c 33 r 202.6418999999999926
miniFE.c 33 r 157.2561000000000035
miniFE.c 33 r 225.5886000000000138
miniFE.c 33 r 142.6283999999999992
miniFE.c 33 r 185.1795999999999935
miniFE.c 87 normr 554.7828649927464539
miniFE.c 25 Ap 13285.4973312810016068
miniFE.c 25 Ap 16752.9738962160008668
miniFE.c 25 Ap 18717.5143203662009910
miniFE.c 25 Ap 21497.0499152972006414
miniFE.c 25 Ap 23708.6069245981998392
miniFE.c 25 Ap 27330.7477216381994367
miniFE.c 25 Ap 28043.4264645949988335
miniFE.c 25 Ap 29230.0690077097970061
miniFE.c 25 Ap 2987.5023718050001662
miniFE.c 25 Ap 18256.2053009880000900
miniFE.c 25 Ap 21290.1102936259994749
miniFE.c 25 Ap 22498.6292991164009436
miniFE.c 25 Ap 24218.0061666374022025
miniFE.c 25 Ap 26395.4473404050004319
miniFE.c 25 Ap 28021.0416928490012651
miniFE.c 25 Ap 29308.7624836482027604
miniFE.c 25 Ap 1845.3076172643000064
miniFE.c 25 Ap 5152.9234129532997031
miniFE.c 25 Ap 19418.9870250392996240
miniFE.c 25 Ap 21366.8164301717988565
miniFE.c 25 Ap 24008.4327040697971825
miniFE.c 25 Ap 27657.4839652037990163
miniFE.c 25 Ap 29362.1700442997971550
miniFE.c 25 Ap 31649.3547644317950471
miniFE.c 25 Ap 2716.0172730389999742
miniFE.c 25 Ap 4086.6435322781999275
miniFE.c 25 Ap 6112.9419280231995799
miniFE.c 25 Ap 19366.0687056721981207
miniFE.c 25 Ap 19942.9016931553996983
miniFE.c 25 Ap 22443.7520980093977414
miniFE.c 25 Ap 22629.2022504265987664
miniFE.c 25 Ap 23503.4403270553993934
miniFE.c 25 Ap 2784.7112838509997346
miniFE.c 25 Ap 5297.5139884079999320
miniFE.c 25 Ap 8838.6610425799990480
miniFE.c 25 Ap 9581.9742276727993158
miniFE.c 25 Ap 20049.1383863587980159
miniFE.c 25 Ap 21061.8523085989982064
miniFE.c 25 Ap 23066.1607201429978886
miniFE.c 25 Ap 23769.7432161794386047
miniFE.c 25 Ap 3179.3454260399998930
miniFE.c 25 Ap 5397.6649115441996400
miniFE.c 25 Ap 8807.5877122702004272
miniFE.c 25 Ap 11054.0535250612010714
miniFE.c 25 Ap 11760.0087099739012046
miniFE.c 25 Ap 26753.3647406958989450
miniFE.c 25 Ap 27839.0862096834971453
miniFE.c 25 Ap 28473.5365185294976982
miniFE.c 25 Ap 989.4123599472000024
miniFE.c 25 Ap 3608.8072965641999872
miniFE.c 25 Ap 6128.3407890401995246
miniFE.c 25 Ap 6391.8224746028990921
miniFE.c 25 Ap 8601.6889808288997301
miniFE.c 25 Ap 10318.9233197042995016
miniFE.c 25 Ap 19683.6473325842962367
miniFE.c 25 Ap 20178.9207280214977800
miniFE.c 25 Ap 1268.8676034993000030
miniFE.c 25 Ap 2867.0390905766998912
miniFE.c 25 Ap 5470.7324228946999938
miniFE.c 25 Ap 6427.4105067679001877
miniFE.c 25 Ap 7024.8795832297000743
miniFE.c 25 Ap 7797.7765812907000509
miniFE.c 25 Ap 8179.2443669095000587
miniFE.c 25 Ap 20192.2487104374995397
miniFE.c 57 sum 5787878.1172925252467394
miniFE.c 57 sum 12523726.3537057451903820
miniFE.c 57 sum 19195581.2445636950433254
miniFE.c 57 sum 23958363.0489748232066631
miniFE.c 57 sum 27696300.1651526577770710
miniFE.c 57 sum 34119605.4054166004061699
miniFE.c 57 sum 36997692.5825811401009560
miniFE.c 57 sum 40736885.1218804717063904
miniFE.c 90 p_ap_dot 40736885.1218804717063904
miniFE.c 91 alpha 0.0075554138802882
miniFE.c 40 y 1.4960558133911268
miniFE.c 40 y 1.7364131729991819
miniFE.c 40 y 1.5927220451996975
miniFE.c 40 y 1.5310434239879651
miniFE.c 40 y 1.1881349206999829
miniFE.c 40 y 1.7044152396747736
miniFE.c 40 y 1.0776165930832917
miniFE.c 40 y 1.3991085201862092
miniFE.c 40 y -22.8341691026313640
miniFE.c 40 y 8.3838691169754895
miniFE.c 40 y -28.3185742893521990
miniFE.c 40 y 25.0636807184411339
miniFE.c 40 y -22.3341478264074453
miniFE.c 40 y 10.4592469670104435
miniFE.c 40 y -9.8316977577280795
miniFE.c 40 y 32.6188038189298197
miniFE.c 82 oldrtrans 307784.0272895599482581
miniFE.c 48 sum 521.3992786075648382
miniFE.c 48 sum 591.6885399781401702
miniFE.c 48 sum 1393.6301897596995332
miniFE.c 48 sum 2021.8182809156573967
miniFE.c 48 sum 2520.6324400474777576
miniFE.c 48 sum 2630.0282871643948965
miniFE.c 48 sum 2726.6905679637102367
miniFE.c 48 sum 3790.6769305415409690
miniFE.c 83 rtrans 3790.6769305415409690
miniFE.c 84 beta 0.0123160287553691
miniFE.c 40 y -20.3954587011490887
miniFE.c 40 y 11.2143844148408203
miniFE.c 40 y -25.7222889211651058
miniFE.c 40 y 27.5594241858837705
miniFE.c 40 y -20.3973771768502417
miniFE.c 40 y 13.2376026514939120
miniFE.c 40 y -8.0750822819957868
miniFE.c 40 y 34.8994810974375724
miniFE.c 87 normr 61.5684735115427486
miniFE.c 25 Ap -1368.4273868705749919
miniFE.c 25 Ap -1199.2298012924434261
miniFE.c 25 Ap -1438.9412905963213234
miniFE.c 25 Ap -1060.9227243448883655
miniFE.c 25 Ap -1347.7794025075759237
miniFE.c 25 Ap -1135.2311592941291565
miniFE.c 25 Ap -1175.5803428368560617
miniFE.c 25 Ap -951.9422692971669449
miniFE.c 25 Ap -307.7175029265219450
miniFE.c 25 Ap 437.3279565446475203
miniFE.c 25 Ap 67.1335460599069620
miniFE.c 25 Ap 231.4928809704675530
miniFE.c 25 Ap 8.4759138958859808
miniFE.c 25 Ap 136.2487758904105135
miniFE.c 25 Ap 44.2137523387689129
miniFE.c 25 Ap 286.9013237412022477
miniFE.c 25 Ap -190.0696238687116875
miniFE.c 25 Ap -28.6725398018550379
miniFE.c 25 Ap -1769.4050352587853467
miniFE.c 25 Ap -1504.4990270848379623
miniFE.c 25 Ap -1847.1378404294600841
miniFE.c 25 Ap -1633.0104835957165506
miniFE.c 25 Ap -1729.5233825251932558
miniFE.c 25 Ap -1298.4739585789552621
miniFE.c 25 Ap -279.7541053197244878
miniFE.c 25 Ap -212.8735801163461758
miniFE.c 25 Ap -460.1207226271463924
miniFE.c 25 Ap 1342.3127457450100337
miniFE.c 25 Ap 1267.4928817540794626
miniFE.c 25 Ap 1414.2434886122493936
miniFE.c 25 Ap 1403.7440001514830783
miniFE.c 25 Ap 1568.5054275979566683
miniFE.c 25 Ap -286.8296978523271150
miniFE.c 25 Ap -164.2159922703793882
miniFE.c 25 Ap -596.3036315801166438
miniFE.c 25 Ap -495.2125770107861626
miniFE.c 25 Ap -1852.8877025971812600
miniFE.c 25 Ap -1793.4613641108762749
miniFE.c 25 Ap -1906.9377498917872344
miniFE.c 25 Ap -1774.3385649874473984
miniFE.c 25 Ap -327.4776430891302539
miniFE.c 25 Ap -219.2334216908323015
miniFE.c 25 Ap -635.3091933700334266
miniFE.c 25 Ap -329.7884483819864272
miniFE.c 25 Ap -421.3564967859427952
miniFE.c 25 Ap 458.4578623930128742
miniFE.c 25 Ap 396.9884061177955346
miniFE.c 25 Ap 516.5587397875648321
miniFE.c 25 Ap -101.9110490558841065
miniFE.c 25 Ap 25.9038880176668158
miniFE.c 25 Ap -281.5273658307632445
miniFE.c 25 Ap -245.6936930432790405
miniFE.c 25 Ap -532.3310994013153277
miniFE.c 25 Ap -431.5633042311099530
miniFE.c 25 Ap -961.7586717188455623
miniFE.c 25 Ap -868.4180202533261763
miniFE.c 25 Ap -130.6953842708615525
miniFE.c 25 Ap -52.7116540597311456
miniFE.c 25 Ap -370.4120173141579357
miniFE.c 25 Ap -240.3032040687234598
miniFE.c 25 Ap -317.7997342770632940
miniFE.c 25 Ap -272.4459205166871811
miniFE.c 25 Ap -294.0431883595749696
miniFE.c 25 Ap 1969.9622312999929363
miniFE.c 57 sum 19415.2992393285130674
miniFE.c 57 sum 22632.7209728890520637
miniFE.c 57 sum 56032.4432920659091906
miniFE.c 57 sum 99259.5497090989956632
miniFE.c 57 sum 135451.4026585791725665
miniFE.c 57 sum 142289.4020020433817990
miniFE.c 57 sum 149301.9489707568718586
miniFE.c 57 sum 218052.6086246769118588
miniFE.c 90 p_ap_dot 218052.6086246769118588
miniFE.c 91 alpha 0.0173842310552966
miniFE.c 40 y 1.1414964468515918
miniFE.c 40 y 1.9313666228096917
miniFE.c 40 y 1.1455598313230677
miniFE.c 40 y 2.0101428217862978
miniFE.c 40 y 0.8335422029355852
miniFE.c 40 y 1.9345407827865504
miniFE.c 40 y 0.9372374969025453
miniFE.c 40 y 2.0058091632940198
miniFE.c 40 y -6.2853847418660465
miniFE.c 40 y 3.3963102149879818
miniFE.c 40 y -5.7456029741300298
miniFE.c 40 y -2.2035800464085149
miniFE.c 40 y 8.5113637576577190
miniFE.c 40 y 1.4792704809105910
miniFE.c 40 y 5.2650817589389742
miniFE.c 40 y -1.6274747801968772
miniFE.c 82 oldrtrans 3790.6769305415409690
miniFE.c 48 sum 39.5060613532825045
miniFE.c 48 sum 51.0409844297142143
miniFE.c 48 sum 84.0529379660460592
miniFE.c 48 sum 88.9087029869758112
miniFE.c 48 sum 161.3520160021451488
miniFE.c 48 sum 163.5402571578385960
miniFE.c 48 sum 191.2613430861505321
miniFE.c 48 sum 193.9100172463274134
miniFE.c 83 rtrans 193.9100172463274134
miniFE.c 84 beta 0.0511544562618860
miniFE.c 40 y -7.3287033419350793
miniFE.c 40 y 3.9699759520409321
miniFE.c 40 y -7.0614126777033643
miniFE.c 40 y -0.7937926872889614
miniFE.c 40 y 7.4679470190073420
miniFE.c 40 y 2.1564328467586620
miniFE.c 40 y 4.8520053155334901
miniFE.c 40 y 0.1577891991645091
miniFE.c 87 normr 13.9251577099265713
miniFE.c 25 Ap -491.7172254031650596
miniFE.c 25 Ap -431.8200147279499106
miniFE.c 25 Ap -497.6268235523679095
miniFE.c 25 Ap -508.5148730096400982
miniFE.c 25 Ap -403.4900722230620431
miniFE.c 25 Ap -368.8655238623662740
miniFE.c 25 Ap -344.6212565979636793
miniFE.c 25 Ap -343.6101334689979581
miniFE.c 25 Ap -110.5721781066126113
miniFE.c 25 Ap 153.1794865289904237
miniFE.c 25 Ap 51.5518471138639285
miniFE.c 25 Ap 46.8178135847270269
miniFE.c 25 Ap 128.4694337912158915
miniFE.c 25 Ap 149.2838972392677306
miniFE.c 25 Ap 204.5841911425822843
miniFE.c 25 Ap 205.6814417702307765
miniFE.c 25 Ap -68.2977474573048369
miniFE.c 25 Ap -11.1619726548102989
miniFE.c 25 Ap -489.0366497328488435
miniFE.c 25 Ap -496.6667239567906336
miniFE.c 25 Ap -371.2188057010419016
miniFE.c 25 Ap -336.3370164660562978
miniFE.c 25 Ap -278.3461400551189513
miniFE.c 25 Ap -276.3972588320742148
miniFE.c 25 Ap -100.5240861026190942
miniFE.c 25 Ap -76.8478800002221476
miniFE.c 25 Ap -144.7234144055254887
miniFE.c 25 Ap -196.6388135397188250
miniFE.c 25 Ap -169.2455474639337751
miniFE.c 25 Ap -145.3395701323804019
miniFE.c 25 Ap -139.0308327049483523
miniFE.c 25 Ap -138.2859054775951222
miniFE.c 25 Ap -103.0665598660032032
miniFE.c 25 Ap -59.6603910970089473
miniFE.c 25 Ap -178.2792723113520310
miniFE.c 25 Ap -181.1909927931089044
miniFE.c 25 Ap 315.8849704052637435
miniFE.c 25 Ap 325.5656438359626463
miniFE.c 25 Ap 393.7492248533475276
miniFE.c 25 Ap 394.3487386150996485
miniFE.c 25 Ap -117.6725923394464104
miniFE.c 25 Ap -79.3533284367440928
miniFE.c 25 Ap -193.5765508733436207
miniFE.c 25 Ap -202.3764492874334451
miniFE.c 25 Ap -168.8512892540765620
miniFE.c 25 Ap -25.5277107230870115
miniFE.c 25 Ap 11.4069133680243269
miniFE.c 25 Ap 11.9475204659038212
miniFE.c 25 Ap -36.6197130812207874
miniFE.c 25 Ap 8.6277305343300554
miniFE.c 25 Ap -75.7698501048198949
miniFE.c 25 Ap -76.8019655519916853
miniFE.c 25 Ap 28.1425548041320326
miniFE.c 25 Ap 44.5578370211093429
miniFE.c 25 Ap 363.1317724294702884
miniFE.c 25 Ap 363.5537886366201406
miniFE.c 25 Ap -46.9627927234305318
miniFE.c 25 Ap -19.3559690105811875
miniFE.c 25 Ap -106.5726774330506572
miniFE.c 25 Ap -110.3201949359370815
miniFE.c 25 Ap -81.9469400446357668
miniFE.c 25 Ap -74.5587099932062785
miniFE.c 25 Ap -61.5817452125089773
miniFE.c 25 Ap -51.3456158822530995
miniFE.c 57 sum 2518.2167334770037996
miniFE.c 57 sum 3334.7671110859273540
miniFE.c 57 sum 5286.5222186851942752
miniFE.c 57 sum 5396.2925592084420714
miniFE.c 57 sum 8341.2680461983800342
miniFE.c 57 sum 8367.0320717683771363
miniFE.c 57 sum 10130.9969867155978136
miniFE.c 57 sum 10122.8952031049284415
miniFE.c 90 p_ap_dot 10122.8952031049284415
miniFE.c 91 alpha 0.0191555887279017
miniFE.c 40 y 1.0011108197246843
miniFE.c 40 y 2.0074138494066478
miniFE.c 40 y 1.0102943142309906
miniFE.c 40 y 1.9949372555333744
miniFE.c 40 y 0.9765951246734497
miniFE.c 40 y 1.9758485235183978
miniFE.c 40 y 1.0301805152324981
miniFE.c 40 y 2.0088317082989202
miniFE.c 40 y 0.2966696576055048
miniFE.c 40 y -0.5436388925244295
miniFE.c 40 y -0.4510507584234080
miniFE.c 40 y 0.4453678857857923
miniFE.c 40 y 0.9573815053800452
miniFE.c 40 y 1.2504086925475484
miniFE.c 40 y -1.6990050966546395
miniFE.c 40 y -0.6439192793756170
miniFE.c 82 oldrtrans 193.9100172463274134
miniFE.c 48 sum 0.0880128857437674
miniFE.c 48 sum 0.3835561312089557
miniFE.c 48 sum 0.5870029178832873
miniFE.c 48 sum 0.7853554715725939
miniFE.c 48 sum 1.7019348184163554
miniFE.c 48 sum 3.2654567168148247
miniFE.c 48 sum 6.1520750352732652
miniFE.c 48 sum 6.5667070736248787
miniFE.c 83 rtrans 6.5667070736248787
miniFE.c 84 beta 0.0338647129574697
miniFE.c 40 y 0.0484852225804244
miniFE.c 40 y -0.4091967964605059
miniFE.c 40 y -0.6901834718280699
miniFE.c 40 y 0.4184863242830131
miniFE.c 40 y 1.2102813875603204
miniFE.c 40 y 1.3234356719150897
miniFE.c 40 y -1.5346933293759806
miniFE.c 40 y -0.6385757934381219
miniFE.c 87 normr 2.5625586966204068
miniFE.c 25 Ap 3.2531019483190251
miniFE.c 25 Ap -2.9206751781186808
miniFE.c 25 Ap -9.3526419611639646
miniFE.c 25 Ap -3.6124784789992574
miniFE.c 25 Ap 13.4082048896304293
miniFE.c 25 Ap 34.6578174121678728
miniFE.c 25 Ap 26.9893354492217838
miniFE.c 25 Ap 22.8973015345953108
miniFE.c 25 Ap 0.7315232199432817
miniFE.c 25 Ap -26.4541165758167978
miniFE.c 25 Ap -36.3872163968622289
miniFE.c 25 Ap -33.8914409603220079
miniFE.c 25 Ap -20.6586962784786152
miniFE.c 25 Ap -7.8845431392654408
miniFE.c 25 Ap -25.3760722384285344
miniFE.c 25 Ap -29.8166657255694787
miniFE.c 25 Ap 0.4518441165793843
miniFE.c 25 Ap -5.4373039021763221
miniFE.c 25 Ap -52.1448422911815967
miniFE.c 25 Ap -48.1222785070665253
miniFE.c 25 Ap -27.7917539081785030
miniFE.c 25 Ap -6.3842687443383070
miniFE.c 25 Ap -24.7268313354402665
miniFE.c 25 Ap -32.6139895180793928
miniFE.c 25 Ap 0.6650470706721651
miniFE.c 25 Ap -1.7753273312077433
miniFE.c 25 Ap -8.4094916445267227
miniFE.c 25 Ap 18.9602295751968555
miniFE.c 25 Ap 23.3996772562835176
miniFE.c 25 Ap 38.0711395372102928
miniFE.c 25 Ap 36.0756806254757763
miniFE.c 25 Ap 33.0609464245321902
miniFE.c 25 Ap 0.6818675640897659
miniFE.c 25 Ap -3.7921306216587856
miniFE.c 25 Ap -15.3859568144516317
miniFE.c 25 Ap -13.8509021065132192
miniFE.c 25 Ap 66.7069520040500379
miniFE.c 25 Ap 72.6481286864609643
miniFE.c 25 Ap 51.0816051244722971
miniFE.c 25 Ap 48.6553618954360303
miniFE.c 25 Ap 0.7784981278403259
miniFE.c 25 Ap -3.1711781979443350
miniFE.c 25 Ap -14.3353720813589263
miniFE.c 25 Ap -9.6960787238531143
miniFE.c 25 Ap -4.2628750468476104
miniFE.c 25 Ap 83.6969873432764047
miniFE.c 25 Ap 72.0145349283607175
miniFE.c 25 Ap 69.8266880523095921
miniFE.c 25 Ap 0.2422686328991806
miniFE.c 25 Ap -4.4215150270477546
miniFE.c 25 Ap -12.6705464713285387
miniFE.c 25 Ap -12.1264167424470628
miniFE.c 25 Ap 4.8812561012663487
miniFE.c 25 Ap 14.9555647370095990
miniFE.c 25 Ap -85.8096368218243981
miniFE.c 25 Ap -87.5175441801948750
miniFE.c 25 Ap 0.3106963608643820
miniFE.c 25 Ap -2.5348180604359229
miniFE.c 25 Ap -11.0593914521746246
miniFE.c 25 Ap -9.0837057976174407
miniFE.c 25 Ap -4.4854377311667877
miniFE.c 25 Ap 0.0488315446300183
miniFE.c 25 Ap -4.0557932423058167
miniFE.c 25 Ap -45.4815970578664803
miniFE.c 57 sum 1.1101807613959462
miniFE.c 57 sum 13.3110648574327435
miniFE.c 57 sum 35.8207013731850594
miniFE.c 57 sum 49.6562553197051599
miniFE.c 57 sum 108.5429342267630233
miniFE.c 57 sum 200.9540640468767378
miniFE.c 57 sum 335.2666553035894594
miniFE.c 57 sum 364.3101022316494664
miniFE.c 90 p_ap_dot 364.3101022316494664
miniFE.c 91 alpha 0.0180250479835703
miniFE.c 40 y 1.0019847681881906
miniFE.c 40 y 2.0000380575157237
miniFE.c 40 y 0.9978537240338224
miniFE.c 40 y 2.0024804916090435
miniFE.c 40 y 0.9984105047578464
miniFE.c 40 y 1.9997035150078359
miniFE.c 40 y 1.0025175943304308
miniFE.c 40 y 1.9973213489810515
miniFE.c 40 y -0.1160553012498532
miniFE.c 40 y -0.0061920621109641
miniFE.c 40 y 0.1368179675756314
miniFE.c 40 y -0.1505572598986469
miniFE.c 40 y 0.0803662725568334
miniFE.c 40 y -0.0082207101291261
miniFE.c 40 y -0.1214971634023945
miniFE.c 40 y 0.1758886899618355
miniFE.c 82 oldrtrans 6.5667070736248787
miniFE.c 48 sum 0.0134688329481942
miniFE.c 48 sum 0.0135071745813802
miniFE.c 48 sum 0.0322263308329067
miniFE.c 48 sum 0.0548938193410954
miniFE.c 48 sum 0.0613525571057747
miniFE.c 48 sum 0.0614201371808018
miniFE.c 48 sum 0.0761816978956299
miniFE.c 48 sum 0.1071185291521206
miniFE.c 83 rtrans 0.1071185291521206
miniFE.c 84 beta 0.0163123659927456
miniFE.c 40 y -0.1152643925538816
miniFE.c 40 y -0.0128670300178869
miniFE.c 40 y 0.1255594421810280
miniFE.c 40 y -0.1437307578139835
miniFE.c 40 y 0.1001088255049253
miniFE.c 40 y 0.0133676569190081
miniFE.c 40 y -0.1465316426778008
miniFE.c 40 y 0.1654720079051649
miniFE.c 87 normr 0.3272896716245727
miniFE.c 25 Ap -7.7336309917288482
miniFE.c 25 Ap -7.9277629504752181
miniFE.c 25 Ap -6.7576477646290334
miniFE.c 25 Ap -8.7291292668769600
miniFE.c 25 Ap -7.3212578091827378
miniFE.c 25 Ap -7.1066213626283758
miniFE.c 25 Ap -7.8388036412419622
miniFE.c 25 Ap -6.7784485898491678
miniFE.c 25 Ap -1.7390572858763167
miniFE.c 25 Ap -2.5938988836923635
miniFE.c 25 Ap -0.7868511586062732
miniFE.c 25 Ap -1.6440349517494330
miniFE.c 25 Ap -0.5494840961205263
miniFE.c 25 Ap -0.4204559157415196
miniFE.c 25 Ap -2.0905371253139129
miniFE.c 25 Ap -0.9398609985981707
miniFE.c 25 Ap -1.0741734255252369
miniFE.c 25 Ap -1.2593553355317650
miniFE.c 25 Ap 7.2377656549769238
miniFE.c 25 Ap 5.8562004579862963
miniFE.c 25 Ap 7.5378465284066225
miniFE.c 25 Ap 7.7540776027548528
miniFE.c 25 Ap 6.0027402013683382
miniFE.c 25 Ap 8.0465131012463740
miniFE.c 25 Ap -1.5810228878213919
miniFE.c 25 Ap -1.6577594873145463
miniFE.c 25 Ap -0.4508601561681229
miniFE.c 25 Ap -9.8510974967985074
miniFE.c 25 Ap -9.4838871126579853
miniFE.c 25 Ap -9.3356947384961231
miniFE.c 25 Ap -9.5262200158500079
miniFE.c 25 Ap -8.7450220333135036
miniFE.c 25 Ap -1.6210104108861842
miniFE.c 25 Ap -1.7616934989600530
miniFE.c 25 Ap 0.3474766114964485
miniFE.c 25 Ap -0.1797439060101182
miniFE.c 25 Ap 6.4836256567178481
miniFE.c 25 Ap 6.5436358357322577
miniFE.c 25 Ap 4.4844764819396339
miniFE.c 25 Ap 5.1131807687297428
miniFE.c 25 Ap -1.8507311926021450
miniFE.c 25 Ap -1.9749271889647744
miniFE.c 25 Ap 0.0560834243284589
miniFE.c 25 Ap -1.5372999464140029
miniFE.c 25 Ap -1.0878907061955134
miniFE.c 25 Ap -0.1994325151201100
miniFE.c 25 Ap -1.3148664002461294
miniFE.c 25 Ap -0.7479369624419673
miniFE.c 25 Ap -0.5759475840223931
miniFE.c 25 Ap -0.7225984006185578
miniFE.c 25 Ap 0.7780805187625585
miniFE.c 25 Ap 0.5911970443378092
miniFE.c 25 Ap 1.9979923321578532
miniFE.c 25 Ap 2.0997501314953464
miniFE.c 25 Ap -7.5212537697722315
miniFE.c 25 Ap -7.0786894527254169
miniFE.c 25 Ap -0.7386214891420044
miniFE.c 25 Ap -0.8280975549174484
miniFE.c 25 Ap 0.7227084605655997
miniFE.c 25 Ap 0.0441515284645647
miniFE.c 25 Ap 0.4244987933407968
miniFE.c 25 Ap 0.4702981905790026
miniFE.c 25 Ap 0.0783909599335917
miniFE.c 25 Ap 10.8129208417188725
miniFE.c 57 sum 0.7813137591666799
miniFE.c 57 sum 0.7934069788482837
miniFE.c 57 sum 1.8037226753431126
miniFE.c 57 sum 3.0606513192912459
miniFE.c 57 sum 3.5725258406431517
miniFE.c 57 sum 3.5625276759321824
miniFE.c 57 sum 4.5997796694460602
miniFE.c 57 sum 6.3890153924448878
miniFE.c 90 p_ap_dot 6.3890153924448878
miniFE.c 91 alpha 0.0167660464989316
miniFE.c 40 y 1.0000522400229612
miniFE.c 40 y 1.9998223282921406
miniFE.c 40 y 0.9999588594798094
miniFE.c 40 y 2.0000706950402076
miniFE.c 40 y 1.0000889339812153
miniFE.c 40 y 1.9999276377653219
miniFE.c 40 y 1.0000608379957299
miniFE.c 40 y 2.0000956603598610
miniFE.c 40 y -0.0024075170018249
miniFE.c 40 y 0.0095656910940651
miniFE.c 40 y 0.0019097547658725
miniFE.c 40 y -0.0039378138539315
miniFE.c 40 y -0.0053615539691322
miniFE.c 40 y 0.0043192357614456
miniFE.c 40 y -0.0028155268865036
miniFE.c 40 y -0.0054012436596896
miniFE.c 82 oldrtrans 0.1071185291521206
miniFE.c 48 sum 0.0000057961381141
miniFE.c 48 sum 0.0000972985842212
miniFE.c 48 sum 0.0001009457474869
miniFE.c 48 sum 0.0001164521254351
miniFE.c 48 sum 0.0001451983863991
miniFE.c 48 sum 0.0001638541839620
miniFE.c 48 sum 0.0001717813756106
miniFE.c 48 sum 0.0002009548086820
miniFE.c 83 rtrans 0.0002009548086820
miniFE.c 84 beta 0.0018760041822138
miniFE.c 40 y -0.0026237534843163
miniFE.c 40 y 0.0095415524919389
miniFE.c 40 y 0.0021453048045205
miniFE.c 40 y -0.0042074533567033
miniFE.c 40 y -0.0051737493938085
miniFE.c 40 y 0.0043443135417321
miniFE.c 40 y -0.0030904208609938
miniFE.c 40 y -0.0050908174808202
miniFE.c 87 normr 0.0141758530142623
miniFE.c 25 Ap -0.1760399791416917
miniFE.c 25 Ap -0.0320813288419397
miniFE.c 25 Ap -0.0120887764186898
miniFE.c 25 Ap -0.0698002683113764
miniFE.c 25 Ap -0.1425608272737566
miniFE.c 25 Ap -0.0728067913222899
miniFE.c 25 Ap -0.0882488579403023
miniFE.c 25 Ap -0.1208711370788991
miniFE.c 25 Ap -0.0395860118822964
miniFE.c 25 Ap 0.5943221989881233
miniFE.c 25 Ap 0.6251973613756383
miniFE.c 25 Ap 0.6001048837276777
miniFE.c 25 Ap 0.5435371256180392
miniFE.c 25 Ap 0.5854695955102392
miniFE.c 25 Ap 0.5502468018849402
miniFE.c 25 Ap 0.5148457560234301
miniFE.c 25 Ap -0.0244513175798358
miniFE.c 25 Ap 0.1128704196375734
miniFE.c 25 Ap 0.2580519700561263
miniFE.c 25 Ap 0.2176091920871572
miniFE.c 25 Ap 0.1306996184950713
miniFE.c 25 Ap 0.2009718876089313
miniFE.c 25 Ap 0.1640353629035853
miniFE.c 25 Ap 0.1011578107590039
miniFE.c 25 Ap -0.0359886884300897
miniFE.c 25 Ap 0.0209153749861751
miniFE.c 25 Ap 0.0415364201955670
miniFE.c 25 Ap -0.2336382240780659
miniFE.c 25 Ap -0.2526161163144876
miniFE.c 25 Ap -0.2044555342653355
miniFE.c 25 Ap -0.2084738014526880
miniFE.c 25 Ap -0.2325076933225294
miniFE.c 25 Ap -0.0368989209888687
miniFE.c 25 Ap 0.0674246927525188
miniFE.c 25 Ap 0.1034619090137190
miniFE.c 25 Ap 0.0880284988665555
miniFE.c 25 Ap -0.2563427797095736
miniFE.c 25 Ap -0.2368402569478353
miniFE.c 25 Ap -0.2802688905642881
miniFE.c 25 Ap -0.2996112483079131
miniFE.c 25 Ap -0.0421280354455762
miniFE.c 25 Ap 0.0499695672595804
miniFE.c 25 Ap 0.0846713527330146
miniFE.c 25 Ap 0.0380279876404716
miniFE.c 25 Ap 0.0148019556455408
miniFE.c 25 Ap 0.3035392395343351
miniFE.c 25 Ap 0.2800142173298648
miniFE.c 25 Ap 0.2625723893802150
miniFE.c 25 Ap -0.0131102454702644
miniFE.c 25 Ap 0.0956387403168844
miniFE.c 25 Ap 0.1212792946222251
miniFE.c 25 Ap 0.1158086249218788
miniFE.c 25 Ap 0.0431036837654820
miniFE.c 25 Ap 0.0761736367360829
miniFE.c 25 Ap -0.1267378342392185
miniFE.c 25 Ap -0.1403535157682684
miniFE.c 25 Ap -0.0168131776239684
miniFE.c 25 Ap 0.0495378433328302
miniFE.c 25 Ap 0.0760348676752797
miniFE.c 25 Ap 0.0561713625695896
miniFE.c 25 Ap 0.0365145398952161
miniFE.c 25 Ap 0.0513987445715183
miniFE.c 25 Ap 0.0431332378248013
miniFE.c 25 Ap -0.2871191901381100
miniFE.c 57 sum 0.0003171360670640
miniFE.c 57 sum 0.0052295638734135
miniFE.c 57 sum 0.0054465782108496
miniFE.c 57 sum 0.0064248434855788
miniFE.c 57 sum 0.0079749569998901
miniFE.c 57 sum 0.0091156537867595
miniFE.c 57 sum 0.0095494052198036
miniFE.c 57 sum 0.0110110766120376
miniFE.c 90 p_ap_dot 0.0110110766120376
miniFE.c 91 alpha 0.0182502416214487
miniFE.c 40 y 1.0000043558879173
miniFE.c 40 y 1.9999964639305623
miniFE.c 40 y 0.9999980118108436
miniFE.c 40 y 1.9999939079998368
miniFE.c 40 y 0.9999945118046896
miniFE.c 40 y 2.0000069225371377
miniFE.c 40 y 1.0000044370683048
miniFE.c 40 y 2.0000027517107855
miniFE.c 40 y -0.0002015895450757
miniFE.c 40 y 0.0001696316488601
miniFE.c 40 y 0.0000636002776239
miniFE.c 40 y 0.0003055077280504
miniFE.c 40 y 0.0001064237049910
miniFE.c 40 y -0.0004727737878644
miniFE.c 40 y -0.0002540413113129
miniFE.c 40 y -0.0001612490655144
