miniFE.c 167 A 67.0947100000000063
miniFE.c 167 A 15.0875500000000002
miniFE.c 167 A 9.3192129999999995
miniFE.c 167 A 13.7164900000000003
miniFE.c 167 A 14.0634099999999993
miniFE.c 167 A 16.0564000000000000
miniFE.c 167 A 4.9967519999999999
miniFE.c 167 A 6.4080630000000003
miniFE.c 167 A 15.0875500000000002
miniFE.c 167 A 66.4365899999999954
miniFE.c 167 A 14.3919700000000006
miniFE.c 167 A 5.9638159999999996
miniFE.c 167 A 10.9336099999999998
miniFE.c 167 A 9.6522659999999991
miniFE.c 167 A 11.3974100000000007
miniFE.c 167 A 6.9539020000000002
miniFE.c 167 A 9.3192129999999995
miniFE.c 167 A 14.3919700000000006
miniFE.c 167 A 67.6740900000000067
miniFE.c 167 A 9.6121750000000006
miniFE.c 167 A 16.7981799999999986
miniFE.c 167 A 16.1756899999999995
miniFE.c 167 A 11.9519400000000005
miniFE.c 167 A 12.3511699999999998
miniFE.c 167 A 13.7164900000000003
miniFE.c 167 A 5.9638159999999996
miniFE.c 167 A 9.6121750000000006
miniFE.c 167 A 65.4017099999999942
miniFE.c 167 A 3.6681119999999998
miniFE.c 167 A 11.0858899999999991
miniFE.c 167 A 1.3002330000000000
miniFE.c 167 A 4.7210279999999996
miniFE.c 167 A 14.0634099999999993
miniFE.c 167 A 10.9336099999999998
miniFE.c 167 A 16.7981799999999986
miniFE.c 167 A 3.6681119999999998
miniFE.c 167 A 66.5612600000000043
miniFE.c 167 A 4.4892070000000004
miniFE.c 167 A 14.0526599999999995
miniFE.c 167 A 3.7993380000000001
miniFE.c 167 A 16.0564000000000000
miniFE.c 167 A 9.6522659999999991
miniFE.c 167 A 16.1756899999999995
miniFE.c 167 A 11.0858899999999991
miniFE.c 167 A 4.4892070000000004
miniFE.c 167 A 66.4632699999999943
miniFE.c 167 A 7.6122389999999998
miniFE.c 167 A 3.4261349999999999
miniFE.c 167 A 4.9967519999999999
miniFE.c 167 A 11.3974100000000007
miniFE.c 167 A 11.9519400000000005
miniFE.c 167 A 1.3002330000000000
miniFE.c 167 A 14.0526599999999995
miniFE.c 167 A 7.6122389999999998
miniFE.c 167 A 65.6581999999999937
miniFE.c 167 A 2.6745570000000001
miniFE.c 167 A 6.4080630000000003
miniFE.c 167 A 6.9539020000000002
miniFE.c 167 A 12.3511699999999998
miniFE.c 167 A 4.7210279999999996
miniFE.c 167 A 3.7993380000000001
miniFE.c 167 A 3.4261349999999999
miniFE.c 167 A 2.6745570000000001
miniFE.c 167 A 64.8721800000000002
miniFE.c 175 b 198.0110999999999990
miniFE.c 175 b 229.8237000000000023
miniFE.c 175 b 210.8053999999999917
miniFE.c 175 b 202.6418999999999926
miniFE.c 175 b 157.2561000000000035
miniFE.c 175 b 225.5886000000000138
miniFE.c 175 b 142.6283999999999992
miniFE.c 175 b 185.1795999999999935
miniFE.c 33 r 0.0000000000000000
miniFE.c 33 r 0.0000000000000000
miniFE.c 33 r 0.0000000000000000
miniFE.c 33 r 0.0000000000000000
miniFE.c 33 r 0.0000000000000000
miniFE.c 33 r 0.0000000000000000
miniFE.c 33 r 0.0000000000000000
miniFE.c 33 r 0.0000000000000000
miniFE.c 25 Ap 0.0000000000000000
miniFE.c 25 Ap 0.0000000000000000
miniFE.c 25 Ap 0.0000000000000000
miniFE.c 25 Ap 0.0000000000000000
miniFE.c 25 Ap 0.0000000000000000
miniFE.c 25 Ap 0.0000000000000000
miniFE.c 25 Ap 0.0000000000000000
miniFE.c 25 Ap 0.0000000000000000
miniFE.c 25 Ap 0.0000000000000000
miniFE.c 25 Ap 0.0000000000000000
miniFE.c 25 Ap 0.0000000000000000
miniFE.c 25 Ap 0.0000000000000000
miniFE.c 25 Ap 0.0000000000000000
miniFE.c 25 Ap 0.0000000000000000
miniFE.c 25 Ap 0.0000000000000000
miniFE.c 25 Ap 0.0000000000000000
miniFE.c 25 Ap 0.0000000000000000
miniFE.c 25 Ap 0.0000000000000000
miniFE.c 25 Ap 0.0000000000000000
miniFE.c 25 Ap 0.0000000000000000
miniFE.c 25 Ap 0.0000000000000000
miniFE.c 25 Ap 0.0000000000000000
miniFE.c 25 Ap 0.0000000000000000
miniFE.c 25 Ap 0.0000000000000000
miniFE.c 25 Ap 0.0000000000000000
miniFE.c 25 Ap 0.0000000000000000
miniFE.c 25 Ap 0.0000000000000000
miniFE.c 25 Ap 0.0000000000000000
miniFE.c 25 Ap 0.0000000000000000
miniFE.c 25 Ap 0.0000000000000000
miniFE.c 25 Ap 0.0000000000000000
miniFE.c 25 Ap 0.0000000000000000
miniFE.c 25 Ap 0.0000000000000000
miniFE.c 25 Ap 0.0000000000000000
miniFE.c 25 Ap 0.0000000000000000
miniFE.c 25 Ap 0.0000000000000000
miniFE.c 25 Ap 0.0000000000000000
miniFE.c 25 Ap 0.0000000000000000
miniFE.c 25 Ap 0.0000000000000000
miniFE.c 25 Ap 0.0000000000000000
miniFE.c 25 Ap 0.0000000000000000
miniFE.c 25 Ap 0.0000000000000000
miniFE.c 25 Ap 0.0000000000000000
miniFE.c 25 Ap 0.0000000000000000
miniFE.c 25 Ap 0.0000000000000000
miniFE.c 25 Ap 0.0000000000000000
miniFE.c 25 Ap 0.0000000000000000
miniFE.c 25 Ap 0.0000000000000000
miniFE.c 25 Ap 0.0000000000000000
miniFE.c 25 Ap 0.0000000000000000
miniFE.c 25 Ap 0.0000000000000000
miniFE.c 25 Ap 0.0000000000000000
miniFE.c 25 Ap 0.0000000000000000
miniFE.c 25 Ap 0.0000000000000000
miniFE.c 25 Ap 0.0000000000000000
miniFE.c 25 Ap 0.0000000000000000
miniFE.c 25 Ap 0.0000000000000000
miniFE.c 25 Ap 0.0000000000000000
miniFE.c 25 Ap 0.0000000000000000
miniFE.c 25 Ap 0.0000000000000000
miniFE.c 25 Ap 0.0000000000000000
miniFE.c 25 Ap 0.0000000000000000
miniFE.c 25 Ap 0.0000000000000000
miniFE.c 25 Ap 0.0000000000000000
miniFE.c 33 r 198.0110999999999990
miniFE.c 33 r 229.8237000000000023
miniFE.c 33 r 210.8053999999999917
miniFE.c 33 r 202.6418999999999926
miniFE.c 33 r 157.2561000000000035
miniFE.c 33 r 225.5886000000000138
miniFE.c 33 r 142.6283999999999992
miniFE.c 33 r 185.1795999999999935
miniFE.c 48 sum 39208.3957232100001420
miniFE.c 48 sum 92027.3288048999966122
miniFE.c 48 sum 136466.2454740600078367
miniFE.c 48 sum 177529.9851096700003836
miniFE.c 48 sum 202259.4660968800017145
miniFE.c 48 sum 253149.6825468399911188
miniFE.c 48 sum 273492.5430333999684080
miniFE.c 48 sum 307784.0272895599482581
miniFE.c 75 rtrans 307784.0272895599482581
miniFE.c 76 normr 554.7828649927464539
miniFE.c 33 r 198.0110999999999990
miniFE.c 33 r 229.8237000000000023
miniFE.c 33 r 210.8053999999999917
miniFE.c 33 r 202.6418999999999926
miniFE.c 33 r 157.2561000000000035
miniFE.c 33 r 225.5886000000000138
miniFE.c 33 r 142.6283999999999992
miniFE.c 33 r 185.1795999999999935
miniFE.c 87 normr 554.7828649927464539
miniFE.c 25 Ap 13285.4973312810016068
miniFE.c 25 Ap 16752.9738962160008668
miniFE.c 25 Ap 18717.5143203662009910
miniFE.c 25 Ap 21497.0499152972006414
miniFE.c 25 Ap 23708.6069245981998392
miniFE.c 25 Ap 27330.7477216381994367
miniFE.c 25 Ap 28043.4264645949988335
miniFE.c 25 Ap 29230.0690077097970061
miniFE.c 25 Ap 2987.5023718050001662
miniFE.c 25 Ap 18256.2053009880000900
miniFE.c 25 Ap 21290.1102936259994749
miniFE.c 25 Ap 22498.6292991164009436
miniFE.c 25 Ap 24218.0061666374022025
miniFE.c 25 Ap 26395.4473404050004319
miniFE.c 25 Ap 28021.0416928490012651
miniFE.c 25 Ap 29308.7624836482027604
miniFE.c 25 Ap 1845.3076172643000064
miniFE.c 25 Ap 5152.9234129532997031
miniFE.c 25 Ap 19418.9870250392996240
miniFE.c 25 Ap 21366.8164301717988565
miniFE.c 25 Ap 24008.4327040697971825
miniFE.c 25 Ap 27657.4839652037990163
miniFE.c 25 Ap 29362.1700442997971550
miniFE.c 25 Ap 31649.3547644317950471
miniFE.c 25 Ap 2716.0172730389999742
miniFE.c 25 Ap 4086.6435322781999275
miniFE.c 25 Ap 6112.9419280231995799
miniFE.c 25 Ap 19366.0687056721981207
miniFE.c 25 Ap 19942.9016931553996983
miniFE.c 25 Ap 22443.7520980093977414
miniFE.c 25 Ap 22629.2022504265987664
miniFE.c 25 Ap 23503.4403270553993934
miniFE.c 25 Ap 2784.7112838509997346
miniFE.c 25 Ap 5297.5139884079999320
miniFE.c 25 Ap 8838.6610425799990480
miniFE.c 25 Ap 9581.9742276727993158
miniFE.c 25 Ap 20049.1383863587980159
miniFE.c 25 Ap 21061.8523085989982064
miniFE.c 25 Ap 23066.1607201429978886
miniFE.c 25 Ap 23769.7206112477979332
miniFE.c 25 Ap 3179.3454260399998930
miniFE.c 25 Ap 5397.6649115441996400
miniFE.c 25 Ap 8807.5877122702004272
miniFE.c 25 Ap 11054.0535250612010714
miniFE.c 25 Ap 11760.0087099739012046
miniFE.c 25 Ap 26753.3647406958989450
miniFE.c 25 Ap 27839.0862096834971453
miniFE.c 25 Ap 28473.5365185294976982
miniFE.c 25 Ap 989.4123599472000024
miniFE.c 25 Ap 3608.8072965641999872
miniFE.c 25 Ap 6128.3407890401995246
miniFE.c 25 Ap 6391.8224746028990921
miniFE.c 25 Ap 8601.6889808288997301
miniFE.c 25 Ap 10318.9233197042995016
miniFE.c 25 Ap 19683.6473325842962367
miniFE.c 25 Ap 20178.9207280214977800
miniFE.c 25 Ap 1268.8676034993000030
miniFE.c 25 Ap 2867.0390905766998912
miniFE.c 25 Ap 5470.7324228946999938
miniFE.c 25 Ap 6427.4105067679001877
miniFE.c 25 Ap 7024.8795832297000743
miniFE.c 25 Ap 7797.7765812907000509
miniFE.c 25 Ap 8179.2443669095000587
miniFE.c 25 Ap 20192.2487104374995397
miniFE.c 57 sum 5787878.1172925252467394
miniFE.c 57 sum 12523726.3537057451903820
miniFE.c 57 sum 19195581.2445636950433254
miniFE.c 57 sum 23958363.0489748232066631
miniFE.c 57 sum 27696296.6103892698884010
miniFE.c 57 sum 34119601.8506532162427902
miniFE.c 57 sum 36997689.0278177559375763
miniFE.c 57 sum 40736881.5671170875430107
miniFE.c 90 p_ap_dot 40736881.5671170875430107
miniFE.c 91 alpha 0.0075554145395853
miniFE.c 40 y 1.4960559439392744
miniFE.c 40 y 1.7364133245212852
miniFE.c 40 y 1.5927221841830903
miniFE.c 40 y 1.5310435575891859
miniFE.c 40 y 1.1881350243784765
miniFE.c 40 y 1.7044153884046875
miniFE.c 40 y 1.0776166871177848
miniFE.c 40 y 1.3991086422745860
miniFE.c 40 y -22.8341883739316245
miniFE.c 40 y 8.3838497937928480
miniFE.c 40 y -28.3185951556805833
miniFE.c 40 y 25.0636652226906733
miniFE.c 40 y -22.3339927081014764
miniFE.c 40 y 10.4592281944898673
miniFE.c 40 y -9.8317110616323760
miniFE.c 40 y 32.6187905062384118
miniFE.c 82 oldrtrans 307784.0272895599482581
miniFE.c 48 sum 521.4001586961941257
miniFE.c 48 sum 591.6890960610744514
miniFE.c 48 sum 1393.6319276524102406
miniFE.c 48 sum 2021.8192420475243125
miniFE.c 48 sum 2520.6264723330541528
miniFE.c 48 sum 2630.0219267574657351
miniFE.c 48 sum 2726.6844691568903727
miniFE.c 48 sum 3790.6699632467598349
miniFE.c 83 rtrans 3790.6699632467598349
miniFE.c 84 beta 0.0123160061184089
miniFE.c 40 y -20.3954824548187439
miniFE.c 40 y 11.2143598891482252
miniFE.c 40 y -25.7223145594869429
miniFE.c 40 y 27.5594041029366821
miniFE.c 40 y -20.3972256183443506
miniFE.c 40 y 13.2375787723331708
miniFE.c 40 y -8.0750988145735008
miniFE.c 40 y 34.8994635928429275
miniFE.c 87 normr 61.5684169298412272
miniFE.c 25 Ap -1368.4289806161518754
miniFE.c 25 Ap -1199.2317650706336281
miniFE.c 25 Ap -1438.9434933034935966
miniFE.c 25 Ap -1060.9252025196035447
miniFE.c 25 Ap -1347.7797492528836756
miniFE.c 25 Ap -1135.2318894527934390
miniFE.c 25 Ap -1175.5811556047112845
miniFE.c 25 Ap -951.9431942355674892
miniFE.c 25 Ap -307.7178613112005223
miniFE.c 25 Ap 437.3259687565855529
miniFE.c 25 Ap 67.1311892858862507
miniFE.c 25 Ap 231.4904044254456608
miniFE.c 25 Ap 8.4750944324596844
miniFE.c 25 Ap 136.2477259389728772
miniFE.c 25 Ap 44.2125139587647027
miniFE.c 25 Ap 286.8999636359623082
miniFE.c 25 Ap -190.0698452342187466
miniFE.c 25 Ap -28.6731141403941479
miniFE.c 25 Ap -1769.4073446474239972
miniFE.c 25 Ap -1504.5015295142784453
miniFE.c 25 Ap -1847.1377969518380269
miniFE.c 25 Ap -1633.0108263799961605
miniFE.c 25 Ap -1729.5239229058497585
miniFE.c 25 Ap -1298.4747151618360022
miniFE.c 25 Ap -279.7544311366967804
miniFE.c 25 Ap -212.8740522000363740
miniFE.c 25 Ap -460.1214411508727835
miniFE.c 25 Ap 1342.3107137622018854
miniFE.c 25 Ap 1267.4914057048456471
miniFE.c 25 Ap 1414.2417478412662604
miniFE.c 25 Ap 1403.7422378842968556
miniFE.c 25 Ap 1568.5035826910889227
miniFE.c 25 Ap -286.8300319099224680
miniFE.c 25 Ap -164.2165944823325390
miniFE.c 25 Ap -596.3046644692149130
miniFE.c 25 Ap -495.2136835663836223
miniFE.c 25 Ap -1852.8787212276629361
miniFE.c 25 Ap -1793.4524899398534217
miniFE.c 25 Ap -1906.9291080474579303
miniFE.c 25 Ap -1774.3342498395531948
miniFE.c 25 Ap -327.4780244875516928
miniFE.c 25 Ap -219.2340398177625218
miniFE.c 25 Ap -635.3102262145098393
miniFE.c 25 Ap -329.7897038638051299
miniFE.c 25 Ap -421.3570718902559520
miniFE.c 25 Ap 458.4557002015919807
miniFE.c 25 Ap 396.9861180764418123
miniFE.c 25 Ap 516.5563917731067249
miniFE.c 25 Ap -101.9111677470804693
miniFE.c 25 Ap 25.9034897970964124
miniFE.c 25 Ap -281.5280704790179698
miniFE.c 25 Ap -245.6944238040443054
miniFE.c 25 Ap -532.3297003619271663
miniFE.c 25 Ap -431.5620869656004857
miniFE.c 25 Ap -961.7585399526303718
miniFE.c 25 Ap -868.4179353041471359
miniFE.c 25 Ap -130.6955364858731627
miniFE.c 25 Ap -52.7119768240055322
miniFE.c 25 Ap -370.4126567417038700
miniFE.c 25 Ap -240.3039383084249323
miniFE.c 25 Ap -317.7998926947741438
miniFE.c 25 Ap -272.4461607476264362
miniFE.c 25 Ap -294.0434728078357125
miniFE.c 25 Ap 1969.9608112905175403
miniFE.c 57 sum 19415.3407160156275495
miniFE.c 57 sum 22632.7401604128463077
miniFE.c 57 sum 56032.5152313458020217
miniFE.c 57 sum 99259.5393036334862700
miniFE.c 57 sum 135451.0353199666133150
miniFE.c 57 sum 142288.9912464153021574
miniFE.c 57 sum 149301.5518863441830035
miniFE.c 57 sum 218052.1274993049155455
miniFE.c 90 p_ap_dot 218052.1274993049155455
miniFE.c 91 alpha 0.0173842374606450
miniFE.c 40 y 1.1414960338202862
miniFE.c 40 y 1.9313664198033706
miniFE.c 40 y 1.1455593598435627
miniFE.c 40 y 2.0101427827885114
miniFE.c 40 y 0.8335448106908265
miniFE.c 40 y 1.9345406011869211
miniFE.c 40 y 0.9372372518070660
miniFE.c 40 y 2.0058092046217029
miniFE.c 40 y -6.2853818362955991
miniFE.c 40 y 3.3963126984948593
miniFE.c 40 y -5.7456023706638284
miniFE.c 40 y -2.2035735166836723
miniFE.c 40 y 8.5114552256647578
miniFE.c 40 y 1.4792892180922035
miniFE.c 40 y 5.2650725407779788
miniFE.c 40 y -1.6274760254008527
miniFE.c 82 oldrtrans 3790.6699632467598349
miniFE.c 48 sum 39.5060248280346400
miniFE.c 48 sum 941539614461056253952.0000000000000000
miniFE.c 48 sum 941539614461056253952.0000000000000000
miniFE.c 48 sum 941539614461056253952.0000000000000000
miniFE.c 48 sum 941539614461056253952.0000000000000000
miniFE.c 48 sum 941539614461056253952.0000000000000000
miniFE.c 48 sum 941539614461056253952.0000000000000000
miniFE.c 48 sum 941539614461056253952.0000000000000000
miniFE.c 83 rtrans 941539614461056253952.0000000000000000
miniFE.c 84 beta 248383431844489792.0000000000000000
miniFE.c 40 y -5065899926251959296.0000000000000000
miniFE.c 40 y 2785461195205828096.0000000000000000
miniFE.c 40 y -6388996765268852736.0000000000000000
miniFE.c 40 y 6845299370676526080.0000000000000000
miniFE.c 40 y -5066332899190715392.0000000000000000
miniFE.c 40 y 3287995244783881216.0000000000000000
miniFE.c 40 y -2005720756047137536.0000000000000000
miniFE.c 40 y 8668448536722154496.0000000000000000
miniFE.c 87 normr 30684517504.1266746520996094
miniFE.c 25 Ap -339895086440896659456.0000000000000000
miniFE.c 25 Ap -297869301385168945152.0000000000000000
miniFE.c 25 Ap -357409723097020366848.0000000000000000
miniFE.c 25 Ap -263516242732129517568.0000000000000000
miniFE.c 25 Ap -334766159489937178624.0000000000000000
miniFE.c 25 Ap -281972792641589280768.0000000000000000
miniFE.c 25 Ap -291994881840809312256.0000000000000000
miniFE.c 25 Ap -236446917505235943424.0000000000000000
miniFE.c 25 Ap -76432018432322748416.0000000000000000
miniFE.c 25 Ap 108624524954476789760.0000000000000000
miniFE.c 25 Ap 16674275178630414336.0000000000000000
miniFE.c 25 Ap 57498381090261008384.0000000000000000
miniFE.c 25 Ap 2105073040340410368.0000000000000000
miniFE.c 25 Ap 33841677749729542144.0000000000000000
miniFE.c 25 Ap 10981655947550334976.0000000000000000
miniFE.c 25 Ap 71261197563959599104.0000000000000000
miniFE.c 25 Ap -47210200449426300928.0000000000000000
miniFE.c 25 Ap -7121926491859877888.0000000000000000
miniFE.c 25 Ap -439491468594373197824.0000000000000000
miniFE.c 25 Ap -373693253116040577024.0000000000000000
miniFE.c 25 Ap -458798425096568045568.0000000000000000
miniFE.c 25 Ap -405612833295469903872.0000000000000000
miniFE.c 25 Ap -429585087428499931136.0000000000000000
miniFE.c 25 Ap -322519605915193376768.0000000000000000
miniFE.c 25 Ap -69486365679435735040.0000000000000000
miniFE.c 25 Ap -52874387636088094720.0000000000000000
miniFE.c 25 Ap -114286542618286227456.0000000000000000
miniFE.c 25 Ap 333407741685882421248.0000000000000000
miniFE.c 25 Ap 314823865182366138368.0000000000000000
miniFE.c 25 Ap 351274218786563293184.0000000000000000
miniFE.c 25 Ap 348666314470765887488.0000000000000000
miniFE.c 25 Ap 389590302729190178816.0000000000000000
miniFE.c 25 Ap -71243827681851064320.0000000000000000
miniFE.c 25 Ap -40788681303336665088.0000000000000000
miniFE.c 25 Ap -148112198985740582912.0000000000000000
miniFE.c 25 Ap -123002874220569575424.0000000000000000
miniFE.c 25 Ap -460224375570156552192.0000000000000000
miniFE.c 25 Ap -445463884301306036224.0000000000000000
miniFE.c 25 Ap -473649596140979421184.0000000000000000
miniFE.c 25 Ap -440715230214366560256.0000000000000000
miniFE.c 25 Ap -81340115575871963136.0000000000000000
miniFE.c 25 Ap -54454103187067387904.0000000000000000
miniFE.c 25 Ap -157800534273059127296.0000000000000000
miniFE.c 25 Ap -81914298432669941760.0000000000000000
miniFE.c 25 Ap -104658115548047196160.0000000000000000
miniFE.c 25 Ap 113872800164739989504.0000000000000000
miniFE.c 25 Ap 98604774402448490496.0000000000000000
miniFE.c 25 Ap 128304049329811046400.0000000000000000
miniFE.c 25 Ap -25313045588299329536.0000000000000000
miniFE.c 25 Ap 6433997692551528448.0000000000000000
miniFE.c 25 Ap -69926908306135891968.0000000000000000
miniFE.c 25 Ap -61026424169503039488.0000000000000000
miniFE.c 25 Ap -132221877848644435968.0000000000000000
miniFE.c 25 Ap -107192872214486024192.0000000000000000
miniFE.c 25 Ap -238884886759180173312.0000000000000000
miniFE.c 25 Ap -215700627046150176768.0000000000000000
miniFE.c 25 Ap -32462605879117910016.0000000000000000
miniFE.c 25 Ap -13092781702853709824.0000000000000000
miniFE.c 25 Ap -92004366880139395072.0000000000000000
miniFE.c 25 Ap -59687516882793136128.0000000000000000
miniFE.c 25 Ap -78936227987338592256.0000000000000000
miniFE.c 25 Ap -67671112399350972416.0000000000000000
miniFE.c 25 Ap -73035526887482138624.0000000000000000
miniFE.c 25 Ap 489305626907494055936.0000000000000000
miniFE.c 57 sum 1197816421952277931587861678386480939008.0000000000000000
miniFE.c 57 sum 1396311722490583440700059567002100957184.0000000000000000
miniFE.c 57 sum 3456888441418538739822951296238216019968.0000000000000000
miniFE.c 57 sum 6123750695512341615870268842499089891328.0000000000000000
miniFE.c 57 sum 8356560765521797106533054794310843629568.0000000000000000
miniFE.c 57 sum 8778423869604732295583374645793612890112.0000000000000000
miniFE.c 57 sum 9211059094363578248302762266659154558976.0000000000000000
miniFE.c 57 sum 13452579739939761916710511163358861852672.0000000000000000
miniFE.c 90 p_ap_dot 13452579739939761916710511163358861852672.0000000000000000
miniFE.c 91 alpha 0.0000000000000000
miniFE.c 40 y 0.7869361237012981
miniFE.c 40 y 2.1263195150854561
miniFE.c 40 y 0.6983965355040351
miniFE.c 40 y 2.4892420079878370
miniFE.c 40 y 0.4789545970031765
miniFE.c 40 y 2.1646658139691546
miniFE.c 40 y 0.7968578164963471
miniFE.c 40 y 2.6125097669688198
miniFE.c 40 y 10.2634247013404227
miniFE.c 40 y -1.5912243968031259
miniFE.c 40 y 16.8273904143529371
miniFE.c 40 y -29.4708122560580179
miniFE.c 40 y 39.3569031594309848
miniFE.c 40 y -7.5006497583054621
miniFE.c 40 y 20.3618561431883336
miniFE.c 40 y -35.8737425570401101
miniFE.c 82 oldrtrans 941539614461056253952.0000000000000000
miniFE.c 48 sum 105.3378866000847438
miniFE.c 48 sum 107.8698816810662180
miniFE.c 48 sum 391.0309498381233198
miniFE.c 48 sum 1259.5597248699427837
miniFE.c 48 sum 2808.5255511707714504
miniFE.c 48 sum 2864.7852979675390088
miniFE.c 48 sum 3279.3904835634357369
miniFE.c 48 sum 4566.3158886122264448
miniFE.c 83 rtrans 4566.3158886122264448
miniFE.c 84 beta 0.0000000000000000
miniFE.c 40 y -14.3053761946314708
miniFE.c 40 y 11.9178149653503063
miniFE.c 40 y -14.1582176189731825
miniFE.c 40 y 3.7277901166309704
miniFE.c 40 y 14.7860024142554956
miniFE.c 40 y 8.4455990211813319
miniFE.c 40 y 10.6344326595785592
miniFE.c 40 y 6.1668404146166793
miniFE.c 87 normr 67.5745210017224309
miniFE.c 25 Ap -959.8150672197022004
miniFE.c 25 Ap -780.0044380392312178
miniFE.c 25 Ap -911.9478837307951835
miniFE.c 25 Ap -860.8156878739276863
miniFE.c 25 Ap -652.8740736612628552
miniFE.c 25 Ap -517.2681575375669354
miniFE.c 25 Ap -464.1305348769524244
miniFE.c 25 Ap -424.6130329891426527
miniFE.c 25 Ap -215.8330786053120391
miniFE.c 25 Ap 575.9459079435304147
miniFE.c 25 Ap 372.1812647177969211
miniFE.c 25 Ap 394.4131190600025434
miniFE.c 25 Ap 556.0775029165305341
miniFE.c 25 Ap 637.5966711983123787
miniFE.c 25 Ap 758.8016603369196673
miniFE.c 25 Ap 801.6852642298034652
miniFE.c 25 Ap -133.3148478029001183
miniFE.c 25 Ap 38.2059876439725485
miniFE.c 25 Ap -919.9385057420043950
miniFE.c 25 Ap -884.1063347776771479
miniFE.c 25 Ap -635.7284047425787321
miniFE.c 25 Ap -499.1150131116460784
miniFE.c 25 Ap -372.0129120303226955
miniFE.c 25 Ap -295.8452177065216233
miniFE.c 25 Ap -196.2195495199006245
miniFE.c 25 Ap -125.1438939445050238
miniFE.c 25 Ap -261.2351593861585570
miniFE.c 25 Ap -17.4313112373936860
miniFE.c 25 Ap 36.8054016503658659
miniFE.c 25 Ap 130.4323833832897890
miniFE.c 25 Ap 144.2596236635515936
miniFE.c 25 Ap 173.3734499324885405
miniFE.c 25 Ap -201.1823706293421594
miniFE.c 25 Ap -70.8776297460383944
miniFE.c 25 Ap -308.7099177887213273
miniFE.c 25 Ap -295.0359661284258550
miniFE.c 25 Ap 689.1389849274619337
miniFE.c 25 Ap 727.0530271725423290
miniFE.c 25 Ap 876.4950936304956031
miniFE.c 25 Ap 899.9250047576845191
miniFE.c 25 Ap -229.6928423314807617
miniFE.c 25 Ap -114.6589221471388385
miniFE.c 25 Ap -343.6778613041871608
miniFE.c 25 Ap -302.3519901281290458
miniFE.c 25 Ap -235.9745645880363725
miniFE.c 25 Ap 325.3475634684741635
miniFE.c 25 Ap 406.2994065025918076
miniFE.c 25 Ap 427.4278342865245008
miniFE.c 25 Ap -71.4804171112771911
miniFE.c 25 Ap 64.3518063529560465
miniFE.c 25 Ap -104.8663611359543069
miniFE.c 25 Ap -100.0193654092368689
miniFE.c 25 Ap 107.7632992774747578
miniFE.c 25 Ap 172.0532175248731050
miniFE.c 25 Ap 870.2909239740140492
miniFE.c 25 Ap 886.7844901728100240
miniFE.c 25 Ap -91.6697518938987344
miniFE.c 25 Ap -8.7944345707193037
miniFE.c 25 Ap -183.6649872796522800
miniFE.c 25 Ap -166.0659857609142023
miniFE.c 25 Ap -109.8889649203415502
miniFE.c 25 Ap -80.9532025179064476
miniFE.c 25 Ap -52.5108062072019948
miniFE.c 25 Ap 347.5455752010858532
miniFE.c 57 sum 6074.2491740531486357
miniFE.c 57 sum 15628.5858135919152119
miniFE.c 57 sum 19817.2267874133467558
miniFE.c 57 sum 20463.5266205578918743
miniFE.c 57 sum 33769.8199135539034614
miniFE.c 57 sum 37379.7040124298291630
miniFE.c 57 sum 46810.1539567312793224
miniFE.c 57 sum 48953.4120558025388164
miniFE.c 90 p_ap_dot 48953.4120558025388164
miniFE.c 91 alpha 0.0932788072751095
miniFE.c 40 y -0.5474523053556702
miniFE.c 40 y 3.2379990803787830
miniFE.c 40 y -0.6222651171352240
miniFE.c 40 y 2.8369658238391153
miniFE.c 40 y 1.8581752665718188
miniFE.c 40 y 2.9524612173887812
miniFE.c 40 y 1.7888250110293056
miniFE.c 40 y 3.1877452855002053
miniFE.c 40 y 49.8708219720343777
miniFE.c 40 y -76.3714696541901930
miniFE.c 40 y 44.4234794600623815
miniFE.c 40 y -45.6428808789314644
miniFE.c 40 y -44.5870279214130676
miniFE.c 40 y -47.3706083367356214
miniFE.c 40 y -62.3563434101974394
miniFE.c 40 y -68.2923792855392691
miniFE.c 82 oldrtrans 4566.3158886122264448
miniFE.c 48 sum 2487.0988841663470339
miniFE.c 48 sum 8319.7002613072399981
miniFE.c 48 sum 10293.1457886458247231
miniFE.c 48 sum 12376.4183635741519538
miniFE.c 48 sum 14364.4214224390198069
miniFE.c 48 sum 16608.3959566314260883
miniFE.c 48 sum 20496.7095201218980947
miniFE.c 48 sum 25160.5585886018525343
miniFE.c 83 rtrans 25160.5585886018525343
miniFE.c 84 beta 5.5100346104720614
miniFE.c 40 y -28.9522959762081342
miniFE.c 40 y -10.7038967139081080
miniFE.c 40 y -33.5887896430752022
miniFE.c 40 y -25.1026283157191337
miniFE.c 40 y 36.8843571316581773
miniFE.c 40 y -0.8350654238575146
miniFE.c 40 y -3.7602513931851220
miniFE.c 40 y -34.3128751637434917
miniFE.c 87 normr 158.6208012481397418
miniFE.c 25 Ap -1942.5459023578519009
miniFE.c 25 Ap -2104.0414792237761503
miniFE.c 25 Ap -2417.0625643197877253
miniFE.c 25 Ap -2761.3825145860660086
miniFE.c 25 Ap -2242.6626776571329174
miniFE.c 25 Ap -2256.0708221287586639
miniFE.c 25 Ap -2274.8598657981592623
miniFE.c 25 Ap -2494.7389315585628538
miniFE.c 25 Ap -436.8192131558390656
miniFE.c 25 Ap -1147.9496105400994566
miniFE.c 25 Ap -1631.3584634195485705
miniFE.c 25 Ap -1781.0659198108874079
miniFE.c 25 Ap -1377.7867438326181855
miniFE.c 25 Ap -1385.8470174310937182
miniFE.c 25 Ap -1428.7041442622958130
miniFE.c 25 Ap -1667.3125154892020419
miniFE.c 25 Ap -269.8126130413265287
miniFE.c 25 Ap -423.8627734309906145
miniFE.c 25 Ap -2696.9535467275300107
miniFE.c 25 Ap -2938.2444030581777952
miniFE.c 25 Ap -2318.6543327763001798
miniFE.c 25 Ap -2332.1620922023380444
miniFE.c 25 Ap -2377.1043912386030570
miniFE.c 25 Ap -2800.9085455747767810
miniFE.c 25 Ap -397.1238782346991343
miniFE.c 25 Ap -460.9599487194517451
miniFE.c 25 Ap -783.8212728068781416
miniFE.c 25 Ap -2425.5760901493295023
miniFE.c 25 Ap -2290.2801371424084209
miniFE.c 25 Ap -2299.5375805740964097
miniFE.c 25 Ap -2304.4267835238115367
miniFE.c 25 Ap -2466.4188279323489041
miniFE.c 25 Ap -407.1680087547651965
miniFE.c 25 Ap -524.2002409049180187
miniFE.c 25 Ap -1088.4307753114308071
miniFE.c 25 Ap -1180.5100274678600272
miniFE.c 25 Ap 1274.5592575052944539
miniFE.c 25 Ap 1270.8104759590553385
miniFE.c 25 Ap 1217.9689416160986184
miniFE.c 25 Ap 1087.6027311172317695
miniFE.c 25 Ap -464.8696451123882980
miniFE.c 25 Ap -568.1865034315552521
miniFE.c 25 Ap -1111.5083521731503424
miniFE.c 25 Ap -1389.7933283920979193
miniFE.c 25 Ap -1224.2118141661580921
miniFE.c 25 Ap -1279.7129928996644139
miniFE.c 25 Ap -1308.3369252046725251
miniFE.c 25 Ap -1425.8974677538049036
miniFE.c 25 Ap -144.6674428237099335
miniFE.c 25 Ap -266.6641422697733788
miniFE.c 25 Ap -668.1153407564296458
miniFE.c 25 Ap -700.7546064792620655
miniFE.c 25 Ap -182.4312763894944283
miniFE.c 25 Ap -188.7879939765341248
miniFE.c 25 Ap -435.6793320005614873
miniFE.c 25 Ap -527.4510724598777642
miniFE.c 25 Ap -185.5281366101882270
miniFE.c 25 Ap -259.9619853768272151
miniFE.c 25 Ap -674.8228363526883413
miniFE.c 25 Ap -793.3330475047912387
miniFE.c 25 Ap -653.1969078489113372
miniFE.c 25 Ap -656.0579547248794370
miniFE.c 25 Ap -666.1149614102824899
miniFE.c 25 Ap -2892.0659753501795421
miniFE.c 57 sum 72228.4199298527528299
miniFE.c 57 sum 90075.1608854554797290
miniFE.c 57 sum 184154.2888322583748959
miniFE.c 57 sum 246067.8839407357445452
miniFE.c 57 sum 286183.4114926305483095
miniFE.c 57 sum 287374.1291659177513793
miniFE.c 57 sum 289357.4777959719649516
miniFE.c 57 sum 388592.5765734727028757
miniFE.c 90 p_ap_dot 388592.5765734727028757
miniFE.c 91 alpha 0.0647479136386555
miniFE.c 40 y -2.4220530648639889
miniFE.c 40 y 2.5449441003495719
miniFE.c 40 y -2.7970691681720252
miniFE.c 40 y 1.2116230135496635
miniFE.c 40 y 4.2463604367497512
miniFE.c 40 y 2.8983924734422275
miniFE.c 40 y 1.5453565785637211
miniFE.c 40 y 0.9660582077041728
miniFE.c 40 y 211.3999628635800150
miniFE.c 40 y 31.5835371073542035
miniFE.c 40 y 225.7764640787103758
miniFE.c 40 y 114.0525923887863087
miniFE.c 40 y -115.0070356289574960
miniFE.c 40 y 44.9532777629653779
miniFE.c 40 y -28.2049869219490219
miniFE.c 40 y 118.9628587237282744
miniFE.c 82 oldrtrans 25160.5585886018525343
miniFE.c 48 sum 44689.9442987230067956
miniFE.c 48 sum 45687.4641149346280145
miniFE.c 48 sum 96662.4758468198269838
miniFE.c 48 sum 109670.4696774224576075
miniFE.c 48 sum 122897.0879215827590087
miniFE.c 48 sum 124917.8851032170787221
miniFE.c 48 sum 125713.4063904843933415
miniFE.c 48 sum 139865.5681462061183993
miniFE.c 83 rtrans 139865.5681462061183993
miniFE.c 84 beta 5.5589214227369155
miniFE.c 40 y 50.4564245240168248
miniFE.c 40 y -27.9185836423528499
miniFE.c 40 y 39.0590217680158105
miniFE.c 40 y -25.4909459224670911
miniFE.c 40 y 90.0302073940962799
miniFE.c 40 y 40.3112146888969605
miniFE.c 40 y -49.1079289464021258
miniFE.c 40 y -71.7797180997028619
miniFE.c 87 normr 373.9860534113620361
miniFE.c 25 Ap 3385.3591710757973487
miniFE.c 25 Ap 2964.1361444426165690
miniFE.c 25 Ap 3328.1354878703923532
miniFE.c 25 Ap 2978.4891830343317451
miniFE.c 25 Ap 4244.6209020025389691
miniFE.c 25 Ap 4891.8738895333444816
miniFE.c 25 Ap 4646.4937473545514877
miniFE.c 25 Ap 4186.5247916494154197
miniFE.c 25 Ap 761.2638278273300330
miniFE.c 25 Ap -1093.5516670003728450
miniFE.c 25 Ap -531.4153974857423464
miniFE.c 25 Ap -683.4387086332862964
miniFE.c 25 Ap 300.9164672328787447
miniFE.c 25 Ap 690.0110341932194160
miniFE.c 25 Ap 130.3078337402063198
miniFE.c 25 Ap -368.8412915127536280
miniFE.c 25 Ap 470.2141673577363576
miniFE.c 25 Ap 68.4107491345034191
miniFE.c 25 Ap 2711.6945035751646174
miniFE.c 25 Ap 2466.6710704528745737
miniFE.c 25 Ap 3979.0146996962348567
miniFE.c 25 Ap 4631.0764120272788205
miniFE.c 25 Ap 4044.1413917356176171
miniFE.c 25 Ap 3157.5778909341106555
miniFE.c 25 Ap 692.0850424194316020
miniFE.c 25 Ap 525.5837465958294388
miniFE.c 25 Ap 901.0258991588068511
miniFE.c 25 Ap -766.1255536880680665
miniFE.c 25 Ap -435.8846695832947944
miniFE.c 25 Ap 11.0010222242011082
miniFE.c 25 Ap -52.8507275535661663
miniFE.c 25 Ap -391.7247865343701392
miniFE.c 25 Ap 709.5893852153034231
miniFE.c 25 Ap 404.3384799174378941
miniFE.c 25 Ap 1060.4589582004855401
miniFE.c 25 Ap 966.9553135709329581
miniFE.c 25 Ap 6959.4793557832981605
miniFE.c 25 Ap 7140.4447429431975252
miniFE.c 25 Ap 6450.3477141552502871
miniFE.c 25 Ap 6177.6323035497616729
miniFE.c 25 Ap 810.1485347274237938
miniFE.c 25 Ap 540.6709390681852483
miniFE.c 25 Ap 1172.4775668908609987
miniFE.c 25 Ap 889.8877443984422371
miniFE.c 25 Ap 1294.0519816434709810
miniFE.c 25 Ap 3973.2671275395950943
miniFE.c 25 Ap 3599.4458356045638538
miniFE.c 25 Ap 3353.5188311330384749
miniFE.c 25 Ap 252.1182401532301185
miniFE.c 25 Ap -66.0813042379586761
miniFE.c 25 Ap 400.7497803920601882
miniFE.c 25 Ap 367.6056113024530418
miniFE.c 25 Ap 1632.7695055411741123
miniFE.c 25 Ap 1939.6281061333684193
miniFE.c 25 Ap -1284.7101142152914690
miniFE.c 25 Ap -1476.6890617168785411
miniFE.c 25 Ap 323.3279471046448634
miniFE.c 25 Ap 129.1848524769200992
miniFE.c 25 Ap 611.6094703673838922
miniFE.c 25 Ap 491.2660009209309351
miniFE.c 25 Ap 833.3211890212019171
miniFE.c 25 Ap 971.4328525593458608
miniFE.c 25 Ap 840.0908974402434524
miniFE.c 25 Ap -3816.4158954729382458
miniFE.c 57 sum 211237.0721677840047050
miniFE.c 57 sum 221534.5986156362632755
miniFE.c 57 sum 344866.5021918371785432
miniFE.c 57 sum 354851.9375418747658841
miniFE.c 57 sum 911025.4550349286291748
miniFE.c 57 sum 1046209.8725999912712723
miniFE.c 57 sum 1118727.0141187128610909
miniFE.c 57 sum 1392668.2712469855323434
miniFE.c 90 p_ap_dot 1392668.2712469855323434
miniFE.c 91 alpha 0.1004299236464772
miniFE.c 40 y 2.6452817975572591
miniFE.c 40 y -0.2589171231697112
miniFE.c 40 y 1.1256254056958923
miniFE.c 40 y -1.3484307391201851
miniFE.c 40 y 13.2880872912153443
miniFE.c 40 y 6.9468446867448979
miniFE.c 40 y -3.3865489759600704
miniFE.c 40 y -6.2427734004146416
miniFE.c 40 y -209.0524023058545140
miniFE.c 40 y 68.6262398516480800
miniFE.c 40 y -91.3388424156067913
miniFE.c 40 y 153.3934827908656757
miniFE.c 40 y -735.4261761904709829
miniFE.c 40 y -291.8403623947490360
miniFE.c 40 y 120.0987827958651053
miniFE.c 40 y 502.2452157092772609
miniFE.c 82 oldrtrans 139865.5681462061183993
miniFE.c 48 sum 43702.9069098488471354
miniFE.c 48 sum 48412.4677060247777263
miniFE.c 48 sum 56755.2518398478277959
miniFE.c 48 sum 80284.8124025594297564
miniFE.c 48 sum 621136.4730286970734596
miniFE.c 48 sum 706307.2701513955835253
miniFE.c 48 sum 720730.9877804439747706
miniFE.c 48 sum 972981.2444833024637774
miniFE.c 83 rtrans 972981.2444833024637774
miniFE.c 84 beta 6.9565458988892308
miniFE.c 40 y 141.9500307893087552
miniFE.c 40 y -125.5906686883575958
miniFE.c 40 y 180.3770352793088136
miniFE.c 40 y -23.9354525248799348
miniFE.c 40 y -109.1269061669236180
miniFE.c 40 y -11.4135471714595838
miniFE.c 40 y -221.5227789191723389
miniFE.c 40 y 2.9063121393642177
miniFE.c 87 normr 986.3981166259911788
miniFE.c 25 Ap 9524.0961502997433854
miniFE.c 25 Ap 7629.2406569307131576
miniFE.c 25 Ap 9310.2126690071054327
miniFE.c 25 Ap 8981.9022738041148841
miniFE.c 25 Ap 7447.2058503471398581
miniFE.c 25 Ap 7263.9453715433164689
miniFE.c 25 Ap 6157.0509829333841481
miniFE.c 25 Ap 6175.6748142200949587
miniFE.c 25 Ap 2141.6781870352351689
miniFE.c 25 Ap -6202.1375764390159020
miniFE.c 25 Ap -3606.1566960102618395
miniFE.c 25 Ap -3748.9033307453810266
miniFE.c 25 Ap -4942.0543632811186399
miniFE.c 25 Ap -5052.2209565835937610
miniFE.c 25 Ap -7577.0068922647578802
miniFE.c 25 Ap -7556.7966824662089493
miniFE.c 25 Ap 1322.8625722821263935
miniFE.c 25 Ap -484.6345637606555101
miniFE.c 25 Ap 11722.2171556644661905
miniFE.c 25 Ap 11492.1453972911276651
miniFE.c 25 Ap 9659.0119846560355654
miniFE.c 25 Ap 9474.3899838101278874
miniFE.c 25 Ap 6826.7630215349145146
miniFE.c 25 Ap 6862.6593768412658392
miniFE.c 25 Ap 1947.0561778212456829
miniFE.c 25 Ap 1198.0565384469196033
miniFE.c 25 Ap 2931.8721675328097263
miniFE.c 25 Ap 1366.4526427818445882
miniFE.c 25 Ap 966.1629287480780022
miniFE.c 25 Ap 839.6336002954659534
miniFE.c 25 Ap 551.6023728930538255
miniFE.c 25 Ap 565.3231538797322173
miniFE.c 25 Ap 1996.3014825026725703
miniFE.c 25 Ap 623.1420914249590624
miniFE.c 25 Ap 3653.1479979131381697
miniFE.c 25 Ap 3565.3500772811958086
miniFE.c 25 Ap -3698.2742970910112490
miniFE.c 25 Ap -3749.5120729479576767
miniFE.c 25 Ap -6862.4963673542533797
miniFE.c 25 Ap -6851.4543052033059212
miniFE.c 25 Ap 2279.2064743654568701
miniFE.c 25 Ap 1066.9719330675584388
miniFE.c 25 Ap 3984.6949388647212800
miniFE.c 25 Ap 3719.3491450736801198
miniFE.c 25 Ap 3229.4558740207835399
miniFE.c 25 Ap 2470.8742067063290051
miniFE.c 25 Ap 784.5898696294275396
miniFE.c 25 Ap 794.5472873710281192
miniFE.c 25 Ap 709.2891002465401016
miniFE.c 25 Ap -722.1192429688337597
miniFE.c 25 Ap 1433.7362600673484394
miniFE.c 25 Ap 1402.6145948245662112
miniFE.c 25 Ap -130.9087143911144722
miniFE.c 25 Ap -217.7913632980387888
miniFE.c 25 Ap -14762.5782861288371350
miniFE.c 25 Ap -14754.8051886523153371
miniFE.c 25 Ap 909.6247401498302452
miniFE.c 25 Ap 36.2795379765229882
miniFE.c 25 Ap 2264.1469648072634300
miniFE.c 25 Ap 2151.1470232446345108
miniFE.c 25 Ap 1736.5370218222071799
miniFE.c 25 Ap 1697.4326683839185534
miniFE.c 25 Ap 1104.9573693661936886
miniFE.c 25 Ap 1293.4961736072143594
miniFE.c 57 sum 876637.2300233010901138
miniFE.c 57 sum 1825700.3785161944106221
miniFE.c 57 sum 3063566.5310425711795688
miniFE.c 57 sum 3050035.2655316675081849
miniFE.c 57 sum 3797713.2766025536693633
miniFE.c 57 sum 3788644.6736581893637776
miniFE.c 57 sum 7057170.1214594729244709
miniFE.c 57 sum 7060929.4250910487025976
miniFE.c 90 p_ap_dot 7060929.4250910487025976
miniFE.c 91 alpha 0.1377978996682517
miniFE.c 40 y 22.2056978981676671
miniFE.c 40 y -17.5650474863566544
miniFE.c 40 y 25.9812020155707870
miniFE.c 40 y -4.6466858246577925
miniFE.c 40 y -1.7493711758811141
miniFE.c 40 y 5.3740818587532520
miniFE.c 40 y -33.9119226396964848
miniFE.c 40 y -5.8422896918299090
miniFE.c 40 y -1060.0474207395041049
miniFE.c 40 y 1109.9369509155039850
miniFE.c 40 y -1036.9988906829662483
miniFE.c 40 y 75.4931395524067170
miniFE.c 40 y 208.6898367395453988
miniFE.c 40 y -401.3273097815834944
miniFE.c 40 y 2153.2799478063766401
miniFE.c 40 y 324.0041597572828778
miniFE.c 82 oldrtrans 972981.2444833024637774
miniFE.c 48 sum 1123700.5342164752073586
miniFE.c 48 sum 2355660.5692240810021758
miniFE.c 48 sum 3431027.2685017837211490
miniFE.c 48 sum 3436726.4826212627813220
miniFE.c 48 sum 3480277.9305796409025788
miniFE.c 48 sum 3641341.5401561642065644
miniFE.c 48 sum 8277956.0737811960279942
miniFE.c 48 sum 8382934.7693212190642953
miniFE.c 83 rtrans 8382934.7693212190642953
miniFE.c 84 beta 8.6157208238612455
miniFE.c 40 y 162.9544154796883504
miniFE.c 40 y 27.8828114145628660
miniFE.c 40 y 517.0792883193291800
miniFE.c 40 y -130.7280371947435640
miniFE.c 40 y -731.5171211663705435
miniFE.c 40 y -499.6632458208504204
miniFE.c 40 y 244.7015285128525193
miniFE.c 40 y 349.0441337770438963
miniFE.c 87 normr 2895.3298204731736405
miniFE.c 25 Ap 10933.3792498292023083
miniFE.c 25 Ap 11354.0625611869909335
miniFE.c 25 Ap 16172.8345869232325640
miniFE.c 25 Ap 14379.7047720219052280
miniFE.c 25 Ap 4092.0795750395591313
miniFE.c 25 Ap -3930.7133651583435494
miniFE.c 25 Ap -2708.0005131586904099
miniFE.c 25 Ap -471.3037141349650483
miniFE.c 25 Ap 2458.5828912705719631
miniFE.c 25 Ap 4311.0218012672048644
miniFE.c 25 Ap 11752.8114063803404861
miniFE.c 25 Ap 10973.1734465097342763
miniFE.c 25 Ap 2975.0505353538937925
miniFE.c 25 Ap -1847.8320237323423498
miniFE.c 25 Ap 941.1316243553283130
miniFE.c 25 Ap 3368.3503243157815632
miniFE.c 25 Ap 1518.6069071457127393
miniFE.c 25 Ap 1919.8954925397590614
miniFE.c 25 Ap 36912.7657873979915166
miniFE.c 25 Ap 35656.1850164756106096
miniFE.c 25 Ap 23368.0287420411113999
miniFE.c 25 Ap 15285.6309732492409239
miniFE.c 25 Ap 18210.2889599431437091
miniFE.c 25 Ap 22521.3923937261570245
miniFE.c 25 Ap 2235.1626103829903514
miniFE.c 25 Ap 2401.4505672221430359
miniFE.c 25 Ap 7371.7071754229909857
miniFE.c 25 Ap -1178.1300020568396576
miniFE.c 25 Ap -3861.4167324126574385
miniFE.c 25 Ap -9400.6285126255643263
miniFE.c 25 Ap -9082.4595101027116471
miniFE.c 25 Ap -7434.6123813055419305
miniFE.c 25 Ap 2291.6947562012037451
miniFE.c 25 Ap 2596.5545419115824188
miniFE.c 25 Ap 11282.5455013715709356
miniFE.c 25 Ap 10803.0204194010857464
miniFE.c 25 Ap -37887.6808770052084583
miniFE.c 25 Ap -40130.7726177868898958
miniFE.c 25 Ap -36692.0652361154643586
miniFE.c 25 Ap -35365.9285949792611063
miniFE.c 25 Ap 2616.4612767080679987
miniFE.c 25 Ap 2885.5935893092650986
miniFE.c 25 Ap 11249.7078625833546539
miniFE.c 25 Ap 9800.4712223265196371
miniFE.c 25 Ap 6516.5394413665999309
miniFE.c 25 Ap -26692.7137747009473969
miniFE.c 25 Ap -24829.9872559957984777
miniFE.c 25 Ap -23634.1149327175880899
miniFE.c 25 Ap 814.2428014569636616
miniFE.c 25 Ap 1132.0346351014165975
miniFE.c 25 Ap 7312.1352643367399651
miniFE.c 25 Ap 7142.1583563509066153
miniFE.c 25 Ap -3137.6030315789012093
miniFE.c 25 Ap -6941.1590782829662203
miniFE.c 25 Ap 9125.5028211196058692
miniFE.c 25 Ap 10059.0412524219354964
miniFE.c 25 Ap 1044.2221605220181573
miniFE.c 25 Ap 1238.1164985833697756
miniFE.c 25 Ap 7624.6506920944193553
miniFE.c 25 Ap 7007.4799681129934470
miniFE.c 25 Ap 4228.1991720149981120
miniFE.c 25 Ap 2516.2854372945785144
miniFE.c 25 Ap 3170.7536232893280612
miniFE.c 25 Ap 25814.0074976178002544
miniFE.c 57 sum -76801.0212502693611896
miniFE.c 57 sum 17118.0556208092457382
miniFE.c 57 sum 11662463.6065290849655867
miniFE.c 57 sum 12634375.8904408961534500
miniFE.c 57 sum 38505158.1636155545711517
miniFE.c 57 sum 50314256.7430002540349960
miniFE.c 57 sum 52775719.5128417387604713
miniFE.c 57 sum 61785947.3991618603467941
miniFE.c 90 p_ap_dot 61785947.3991618603467941
miniFE.c 91 alpha 0.1356770450595201
miniFE.c 40 y 44.3148714698530952
miniFE.c 40 y -13.7819900256769081
miniFE.c 40 y 96.1369919162169708
miniFE.c 40 y -22.3834796176716253
miniFE.c 40 y -100.9994525861811496
miniFE.c 40 y -62.4187508590683180
miniFE.c 40 y -0.7115423295247609
miniFE.c 40 y 41.5149869743992213
miniFE.c 40 y -996.1023254800952600
miniFE.c 40 y 652.9291321870626916
miniFE.c 40 y -4092.6348612896822488
miniFE.c 40 y 1084.1993786108644144
miniFE.c 40 y 5007.0345242923149272
miniFE.c 40 y 2805.2795668866165215
miniFE.c 40 y 788.4989545459545752
miniFE.c 40 y -3178.3640986637956303
