miniFE.c 167 A 67.0947100000000063
miniFE.c 167 A 15.0875500000000002
miniFE.c 167 A 9.3192129999999995
miniFE.c 167 A 13.7164900000000003
miniFE.c 167 A 14.0634099999999993
miniFE.c 167 A 16.0564000000000000
miniFE.c 167 A 4.9967519999999999
miniFE.c 167 A 6.4080630000000003
miniFE.c 167 A 15.0875500000000002
miniFE.c 167 A 66.4365899999999954
miniFE.c 167 A 14.3919700000000006
miniFE.c 167 A 5.9638159999999996
miniFE.c 167 A 10.9336099999999998
miniFE.c 167 A 9.6522659999999991
miniFE.c 167 A 11.3974100000000007
miniFE.c 167 A 6.9539020000000002
miniFE.c 167 A 9.3192129999999995
miniFE.c 167 A 14.3919700000000006
miniFE.c 167 A 67.6740900000000067
miniFE.c 167 A 9.6121750000000006
miniFE.c 167 A 16.7981799999999986
miniFE.c 167 A 16.1756899999999995
miniFE.c 167 A 11.9519400000000005
miniFE.c 167 A 12.3511699999999998
miniFE.c 167 A 13.7164900000000003
miniFE.c 167 A 5.9638159999999996
miniFE.c 167 A 9.6121750000000006
miniFE.c 167 A 65.4017099999999942
miniFE.c 167 A 3.6681119999999998
miniFE.c 167 A 11.0858899999999991
miniFE.c 167 A 1.3002330000000000
miniFE.c 167 A 4.7210279999999996
miniFE.c 167 A 14.0634099999999993
miniFE.c 167 A 10.9336099999999998
miniFE.c 167 A 16.7981799999999986
miniFE.c 167 A 3.6681119999999998
miniFE.c 167 A 66.5612600000000043
miniFE.c 167 A 4.4892070000000004
miniFE.c 167 A 14.0526599999999995
miniFE.c 167 A 3.7993380000000001
miniFE.c 167 A 16.0564000000000000
miniFE.c 167 A 9.6522659999999991
miniFE.c 167 A 16.1756899999999995
miniFE.c 167 A 11.0858899999999991
miniFE.c 167 A 4.4892070000000004
miniFE.c 167 A 66.4632699999999943
miniFE.c 167 A 7.6122389999999998
miniFE.c 167 A 3.4261349999999999
miniFE.c 167 A 4.9967519999999999
miniFE.c 167 A 11.3974100000000007
miniFE.c 167 A 11.9519400000000005
miniFE.c 167 A 1.3002330000000000
miniFE.c 167 A 14.0526599999999995
miniFE.c 167 A 7.6122389999999998
miniFE.c 167 A 65.6581999999999937
miniFE.c 167 A 2.6745570000000001
miniFE.c 167 A 6.4080630000000003
miniFE.c 167 A 6.9539020000000002
miniFE.c 167 A 12.3511699999999998
miniFE.c 167 A 4.7210279999999996
miniFE.c 167 A 3.7993380000000001
miniFE.c 167 A 3.4261349999999999
miniFE.c 167 A 2.6745570000000001
miniFE.c 167 A 64.8721800000000002
miniFE.c 175 b 198.0110999999999990
miniFE.c 175 b 229.8237000000000023
miniFE.c 175 b 210.8053999999999917
miniFE.c 175 b 202.6418999999999926
miniFE.c 175 b 157.2561000000000035
miniFE.c 175 b 225.5886000000000138
miniFE.c 175 b 142.6283999999999992
miniFE.c 175 b 185.1795999999999935
miniFE.c 33 r 0.0000000000000000
miniFE.c 33 r 0.0000000000000000
miniFE.c 33 r 0.0000000000000000
miniFE.c 33 r 0.0000000000000000
miniFE.c 33 r 0.0000000000000000
miniFE.c 33 r 0.0000000000000000
miniFE.c 33 r 0.0000000000000000
miniFE.c 33 r 0.0000000000000000
miniFE.c 25 Ap 0.0000000000000000
miniFE.c 25 Ap 0.0000000000000000
miniFE.c 25 Ap 0.0000000000000000
miniFE.c 25 Ap 0.0000000000000000
miniFE.c 25 Ap 0.0000000000000000
miniFE.c 25 Ap 0.0000000000000000
miniFE.c 25 Ap 0.0000000000000000
miniFE.c 25 Ap 0.0000000000000000
miniFE.c 25 Ap 0.0000000000000000
miniFE.c 25 Ap 0.0000000000000000
miniFE.c 25 Ap 0.0000000000000000
miniFE.c 25 Ap 0.0000000000000000
miniFE.c 25 Ap 0.0000000000000000
miniFE.c 25 Ap 0.0000000000000000
miniFE.c 25 Ap 0.0000000000000000
miniFE.c 25 Ap 0.0000000000000000
miniFE.c 25 Ap 0.0000000000000000
miniFE.c 25 Ap 0.0000000000000000
miniFE.c 25 Ap 0.0000000000000000
miniFE.c 25 Ap 0.0000000000000000
miniFE.c 25 Ap 0.0000000000000000
miniFE.c 25 Ap 0.0000000000000000
miniFE.c 25 Ap 0.0000000000000000
miniFE.c 25 Ap 0.0000000000000000
miniFE.c 25 Ap 0.0000000000000000
miniFE.c 25 Ap 0.0000000000000000
miniFE.c 25 Ap 0.0000000000000000
miniFE.c 25 Ap 0.0000000000000000
miniFE.c 25 Ap 0.0000000000000000
miniFE.c 25 Ap 0.0000000000000000
miniFE.c 25 Ap 0.0000000000000000
miniFE.c 25 Ap 0.0000000000000000
miniFE.c 25 Ap 0.0000000000000000
miniFE.c 25 Ap 0.0000000000000000
miniFE.c 25 Ap 0.0000000000000000
miniFE.c 25 Ap 0.0000000000000000
miniFE.c 25 Ap 0.0000000000000000
miniFE.c 25 Ap 0.0000000000000000
miniFE.c 25 Ap 0.0000000000000000
miniFE.c 25 Ap 0.0000000000000000
miniFE.c 25 Ap 0.0000000000000000
miniFE.c 25 Ap 0.0000000000000000
miniFE.c 25 Ap 0.0000000000000000
miniFE.c 25 Ap 0.0000000000000000
miniFE.c 25 Ap 0.0000000000000000
miniFE.c 25 Ap 0.0000000000000000
miniFE.c 25 Ap 0.0000000000000000
miniFE.c 25 Ap 0.0000000000000000
miniFE.c 25 Ap 0.0000000000000000
miniFE.c 25 Ap 0.0000000000000000
miniFE.c 25 Ap 0.0000000000000000
miniFE.c 25 Ap 0.0000000000000000
miniFE.c 25 Ap 0.0000000000000000
miniFE.c 25 Ap 0.0000000000000000
miniFE.c 25 Ap 0.0000000000000000
miniFE.c 25 Ap 0.0000000000000000
miniFE.c 25 Ap 0.0000000000000000
miniFE.c 25 Ap 0.0000000000000000
miniFE.c 25 Ap 0.0000000000000000
miniFE.c 25 Ap 0.0000000000000000
miniFE.c 25 Ap 0.0000000000000000
miniFE.c 25 Ap 0.0000000000000000
miniFE.c 25 Ap 0.0000000000000000
miniFE.c 25 Ap 0.0000000000000000
miniFE.c 33 r 198.0110999999999990
miniFE.c 33 r 229.8237000000000023
miniFE.c 33 r 210.8053999999999917
miniFE.c 33 r 202.6418999999999926
miniFE.c 33 r 157.2561000000000035
miniFE.c 33 r 225.5886000000000138
miniFE.c 33 r 142.6283999999999992
miniFE.c 33 r 185.1795999999999935
miniFE.c 48 sum 39208.3957232100001420
miniFE.c 48 sum 92027.3288048999966122
miniFE.c 48 sum 136466.2454740600078367
miniFE.c 48 sum 177529.9851096700003836
miniFE.c 48 sum 202259.4660968800017145
miniFE.c 48 sum 253149.6825468399911188
miniFE.c 48 sum 273492.5430333999684080
miniFE.c 48 sum 307784.0272895599482581
miniFE.c 75 rtrans 307784.0272895599482581
miniFE.c 76 normr 554.7828649927464539
miniFE.c 33 r 198.0110999999999990
miniFE.c 33 r 229.8237000000000023
miniFE.c 33 r 210.8053999999999917
miniFE.c 33 r 202.6418999999999926
miniFE.c 33 r 157.2561000000000035
miniFE.c 33 r 225.5886000000000138
miniFE.c 33 r 142.6283999999999992
miniFE.c 33 r 185.1795999999999935
miniFE.c 87 normr 554.7828649927464539
miniFE.c 25 Ap 13285.4973312810016068
miniFE.c 25 Ap 16752.9738962160008668
miniFE.c 25 Ap 18717.5143203662009910
miniFE.c 25 Ap 21497.0499152972006414
miniFE.c 25 Ap 23708.6069245981998392
miniFE.c 25 Ap 27330.7477216381994367
miniFE.c 25 Ap 28043.4264645949988335
miniFE.c 25 Ap 29230.0690077097970061
miniFE.c 25 Ap 2987.5023718050001662
miniFE.c 25 Ap 18256.2053009880000900
miniFE.c 25 Ap 21290.1102936259994749
miniFE.c 25 Ap 22498.6292991164009436
miniFE.c 25 Ap 24218.0061666374022025
miniFE.c 25 Ap 26395.4473404050004319
miniFE.c 25 Ap 28021.0416928490012651
miniFE.c 25 Ap 29308.7624836482027604
miniFE.c 25 Ap 1845.3076172643000064
miniFE.c 25 Ap 5152.9234129532997031
miniFE.c 25 Ap 19418.9870250392996240
miniFE.c 25 Ap 21366.8164301717988565
miniFE.c 25 Ap 24008.4327040697971825
miniFE.c 25 Ap 27657.4839652037990163
miniFE.c 25 Ap 29362.1700442997971550
miniFE.c 25 Ap 31649.3547644317950471
miniFE.c 25 Ap 2716.0172730389999742
miniFE.c 25 Ap 4086.6435322781999275
miniFE.c 25 Ap 6112.9419280231995799
miniFE.c 25 Ap 19366.0687056721981207
miniFE.c 25 Ap 19942.9016931553996983
miniFE.c 25 Ap 22443.7520980093977414
miniFE.c 25 Ap 22629.2022504265987664
miniFE.c 25 Ap 23503.4403270553993934
miniFE.c 25 Ap 2784.7112838509997346
miniFE.c 25 Ap 5297.5139884079999320
miniFE.c 25 Ap 8838.6610425799990480
miniFE.c 25 Ap 9581.9742276727993158
miniFE.c 25 Ap 20049.1383863587980159
miniFE.c 25 Ap 21061.8523085989982064
miniFE.c 25 Ap 23066.1607201429978886
miniFE.c 25 Ap 23769.7206112477979332
miniFE.c 25 Ap 3179.3454260399998930
miniFE.c 25 Ap 5397.6649115441996400
miniFE.c 25 Ap 8807.5877122702004272
miniFE.c 25 Ap 11054.0535250612010714
miniFE.c 25 Ap 11760.0087099739012046
miniFE.c 25 Ap 26753.3647406958989450
miniFE.c 25 Ap 27839.0862096834971453
miniFE.c 25 Ap 28473.5365185294976982
miniFE.c 25 Ap 989.4123599472000024
miniFE.c 25 Ap 3608.8072965641999872
miniFE.c 25 Ap 6128.3407890401995246
miniFE.c 25 Ap 6391.8224746028990921
miniFE.c 25 Ap 8601.6889808288997301
miniFE.c 25 Ap 10318.9233197042995016
miniFE.c 25 Ap 19683.6473325842962367
miniFE.c 25 Ap 20178.9207280214977800
miniFE.c 25 Ap 1268.8676034993000030
miniFE.c 25 Ap 2867.0390905766998912
miniFE.c 25 Ap 5470.7324228946999938
miniFE.c 25 Ap 6427.4105067679001877
miniFE.c 25 Ap 7024.8795832297000743
miniFE.c 25 Ap 7797.7765812907000509
miniFE.c 25 Ap 8179.2443669095000587
miniFE.c 25 Ap 20192.2487104374995397
miniFE.c 57 sum 5787878.1172925252467394
miniFE.c 57 sum 12523726.3537057451903820
miniFE.c 57 sum 19195581.2445636950433254
miniFE.c 57 sum 23958363.0489748232066631
miniFE.c 57 sum 27696296.6103892698884010
miniFE.c 57 sum 34119601.8506532162427902
miniFE.c 57 sum 36997689.0278177559375763
miniFE.c 57 sum 40736881.5671170875430107
miniFE.c 90 p_ap_dot 40736881.5671170875430107
miniFE.c 91 alpha 0.0075554145395853
miniFE.c 40 y 1.4960559439392744
miniFE.c 40 y 1.7364133245212852
miniFE.c 40 y 1.5927221841830903
miniFE.c 40 y 1.5310435575891859
miniFE.c 40 y 1.1881350243784765
miniFE.c 40 y 1.7044153884046875
miniFE.c 40 y 1.0776166871177848
miniFE.c 40 y 1.3991086422745860
miniFE.c 40 y -22.8341883739316245
miniFE.c 40 y 8.3838497937928480
miniFE.c 40 y -28.3185951556805833
miniFE.c 40 y 25.0636652226906733
miniFE.c 40 y -22.3339927081014764
miniFE.c 40 y 10.4592281944898673
miniFE.c 40 y -9.8317110616323760
miniFE.c 40 y 32.6187905062384118
miniFE.c 82 oldrtrans 307784.0272895599482581
miniFE.c 48 sum 521.4001586961941257
miniFE.c 48 sum 591.6890960610744514
miniFE.c 48 sum 1393.6319276524102406
miniFE.c 48 sum 2021.8192420475243125
miniFE.c 48 sum 2520.6264723330541528
miniFE.c 48 sum 2630.0219267574657351
miniFE.c 48 sum 2726.6844691568903727
miniFE.c 48 sum 3790.6699632467598349
miniFE.c 83 rtrans 3790.6699632467598349
miniFE.c 84 beta 0.0123160061184089
miniFE.c 40 y -20.3954824548187439
miniFE.c 40 y 11.2143598891482252
miniFE.c 40 y -25.7223145594869429
miniFE.c 40 y 27.5594041029366821
miniFE.c 40 y -20.3972256183443506
miniFE.c 40 y 13.2375787723331708
miniFE.c 40 y -8.0750988145735008
miniFE.c 40 y 34.8994635928429275
miniFE.c 87 normr 61.5684169298412272
miniFE.c 25 Ap -1368.4289806161518754
miniFE.c 25 Ap -1199.2317650706336281
miniFE.c 25 Ap -1438.9434933034935966
miniFE.c 25 Ap -1060.9252025196035447
miniFE.c 25 Ap -1347.7797492528836756
miniFE.c 25 Ap -1135.2318894527934390
miniFE.c 25 Ap -1175.5811556047112845
miniFE.c 25 Ap -951.9431942355674892
miniFE.c 25 Ap -307.7178613112005223
miniFE.c 25 Ap 437.3259687565855529
miniFE.c 25 Ap 67.1311892858862507
miniFE.c 25 Ap 231.4904044254456608
miniFE.c 25 Ap 8.4750944324596844
miniFE.c 25 Ap 136.2477259389728772
miniFE.c 25 Ap 44.2125139587647027
miniFE.c 25 Ap 286.8999636359623082
miniFE.c 25 Ap -190.0698452342187466
miniFE.c 25 Ap -28.6731141403941479
miniFE.c 25 Ap -1769.4073446474239972
miniFE.c 25 Ap -1504.5015295142784453
miniFE.c 25 Ap -1847.1377969518380269
miniFE.c 25 Ap -1633.0108263799961605
miniFE.c 25 Ap -1729.5239229058497585
miniFE.c 25 Ap -1298.4747151618360022
miniFE.c 25 Ap -279.7544311366967804
miniFE.c 25 Ap -212.8740522000363740
miniFE.c 25 Ap -460.1214411508727835
miniFE.c 25 Ap 1342.3107137622018854
miniFE.c 25 Ap 1267.4914057048456471
miniFE.c 25 Ap 1414.2417478412662604
miniFE.c 25 Ap 1403.7422378842968556
miniFE.c 25 Ap 1568.5035826910889227
miniFE.c 25 Ap -286.8300319099224680
miniFE.c 25 Ap -164.2165944823325390
miniFE.c 25 Ap -596.3046644692149130
miniFE.c 25 Ap -495.2136835663836223
miniFE.c 25 Ap -1852.8787212276629361
miniFE.c 25 Ap -1793.4524899398534217
miniFE.c 25 Ap -1906.9291080474579303
miniFE.c 25 Ap -1774.3342498395531948
miniFE.c 25 Ap -327.4780244875516928
miniFE.c 25 Ap -219.2340398177625218
miniFE.c 25 Ap -635.3102262145098393
miniFE.c 25 Ap -329.7897038638051299
miniFE.c 25 Ap -421.3570718902559520
miniFE.c 25 Ap 458.4557002015919807
miniFE.c 25 Ap 396.9861180764418123
miniFE.c 25 Ap 516.5563917731067249
miniFE.c 25 Ap -101.9111677470804693
miniFE.c 25 Ap 25.9034897970964124
miniFE.c 25 Ap -281.5280704790179698
miniFE.c 25 Ap -245.6944238040443054
miniFE.c 25 Ap -532.3297003619271663
miniFE.c 25 Ap -431.5620869656004857
miniFE.c 25 Ap -961.7585399526303718
miniFE.c 25 Ap -868.4179353041471359
miniFE.c 25 Ap -130.6955364858731627
miniFE.c 25 Ap -52.7119768240055322
miniFE.c 25 Ap -370.4126567417038700
miniFE.c 25 Ap -240.3039383084249323
miniFE.c 25 Ap -317.7998926947741438
miniFE.c 25 Ap -272.4461607476264362
miniFE.c 25 Ap -294.0434728078357125
miniFE.c 25 Ap 1969.9608112905175403
miniFE.c 57 sum 19415.3407160156275495
miniFE.c 57 sum 22632.7401604128463077
miniFE.c 57 sum 56032.5152313458020217
miniFE.c 57 sum 99259.5393036334862700
miniFE.c 57 sum 135451.0353199666133150
miniFE.c 57 sum 142288.9912464153021574
miniFE.c 57 sum 149301.5518863441830035
miniFE.c 57 sum 218052.1274993049155455
miniFE.c 90 p_ap_dot 218052.1274993049155455
miniFE.c 91 alpha 0.0173842374606450
miniFE.c 40 y 1.1414960338202862
miniFE.c 40 y 1.9313664198033706
miniFE.c 40 y 1.1455593598435627
miniFE.c 40 y 2.0101427827885114
miniFE.c 40 y 0.8335448106908265
miniFE.c 40 y 1.9345406011869211
miniFE.c 40 y 0.9372372518070660
miniFE.c 40 y 2.0058092046217029
miniFE.c 40 y -6.2853818362955991
miniFE.c 40 y 3.3963126984948593
miniFE.c 40 y -5.7456023706638284
miniFE.c 40 y -2.2035735166836723
miniFE.c 40 y 8.5114552256647578
miniFE.c 40 y 1.4792892180922035
miniFE.c 40 y 5.2650725407779788
miniFE.c 40 y -1.6274760254008527
miniFE.c 82 oldrtrans 3790.6699632467598349
miniFE.c 48 sum 39.5060248280346400
miniFE.c 48 sum 51.0409647739920729
miniFE.c 48 sum 84.0529113757698809
miniFE.c 48 sum 88.9086476191995274
miniFE.c 48 sum 161.3535176776954359
miniFE.c 48 sum 163.5418142684592908
miniFE.c 48 sum 191.2628031281135748
miniFE.c 48 sum 193.9114813413681304
miniFE.c 83 rtrans 193.9114813413681304
miniFE.c 84 beta 0.0511549365208467
miniFE.c 40 y -7.3287114465838936
miniFE.c 40 y 3.9699825667461655
miniFE.c 40 y -7.0614257391236324
miniFE.c 40 y -0.7937739492455855
miniFE.c 40 y 7.4680364439569651
miniFE.c 40 y 2.1564567198806142
miniFE.c 40 y 4.8519913735189073
miniFE.c 40 y 0.1578038193026263
miniFE.c 87 normr 13.9252102799694963
miniFE.c 25 Ap -491.7177691822269026
miniFE.c 25 Ap -431.8204587073157654
miniFE.c 25 Ap -497.6273892538913515
miniFE.c 25 Ap -508.5151816909789204
miniFE.c 25 Ap -403.4891232846700859
miniFE.c 25 Ap -368.8641916075790164
miniFE.c 25 Ap -344.6199940079656585
miniFE.c 25 Ap -343.6087771922337879
miniFE.c 25 Ap -110.5723003859068285
miniFE.c 25 Ap 153.1798037081557595
miniFE.c 25 Ap 51.5519763134606137
miniFE.c 25 Ap 46.8180545345666062
miniFE.c 25 Ap 128.4706524785789270
miniFE.c 25 Ap 149.2853463563540970
miniFE.c 25 Ap 204.5854813568122381
miniFE.c 25 Ap 205.6828336514683997
miniFE.c 25 Ap -68.2978229862534221
miniFE.c 25 Ap -11.1619529851196120
miniFE.c 25 Ap -489.0375139828888678
miniFE.c 25 Ap -496.6674080934785707
miniFE.c 25 Ap -371.2179876613295733
miniFE.c 25 Ap -336.3358122621239090
miniFE.c 25 Ap -278.3451024853083595
miniFE.c 25 Ap -276.3960406864523520
miniFE.c 25 Ap -100.5241972699535182
miniFE.c 25 Ap -76.8479517186716663
miniFE.c 25 Ap -144.7236116726323871
miniFE.c 25 Ap -196.6377853067468777
miniFE.c 25 Ap -169.2441912102310084
miniFE.c 25 Ap -145.3379492238736930
miniFE.c 25 Ap -139.0292299243090781
miniFE.c 25 Ap -138.2842336748744287
miniFE.c 25 Ap -103.0666738450023843
miniFE.c 25 Ap -59.6604327534008405
miniFE.c 25 Ap -178.2795333758326422
miniFE.c 25 Ap -181.1911851243477543
miniFE.c 25 Ap 315.8907303113472835
miniFE.c 25 Ap 325.5715109134323484
miniFE.c 25 Ap 393.7548960084265559
miniFE.c 25 Ap 394.3544460556481681
miniFE.c 25 Ap -117.6727224709296280
miniFE.c 25 Ap -79.3533947213328901
miniFE.c 25 Ap -193.5690159354176387
miniFE.c 25 Ap -202.3687066216197934
miniFE.c 25 Ap -168.8431451411530588
miniFE.c 25 Ap -25.5179799244134529
miniFE.c 25 Ap 11.4165380367507368
miniFE.c 25 Ap 11.9571952251971396
miniFE.c 25 Ap -36.6197535781409655
miniFE.c 25 Ap 8.6277654279174527
miniFE.c 25 Ap -75.7699713205438599
miniFE.c 25 Ap -76.8020624038933022
miniFE.c 25 Ap 28.1437146106429736
miniFE.c 25 Ap 44.5591785555302593
miniFE.c 25 Ap 363.1321985563093335
miniFE.c 25 Ap 363.5542538658519334
miniFE.c 25 Ap -46.9628446585307273
miniFE.c 25 Ap -19.3559749476694343
miniFE.c 25 Ap -106.5728446939610734
miniFE.c 25 Ap -110.3202737340200628
miniFE.c 25 Ap -81.9466790871094872
miniFE.c 25 Ap -74.5583672431413191
miniFE.c 25 Ap -61.5814397511567080
miniFE.c 25 Ap -51.3443619806692624
miniFE.c 57 sum 2518.2095785554183749
miniFE.c 57 sum 3334.7668424306993984
miniFE.c 57 sum 5286.5169583258766579
miniFE.c 57 sum 5396.2833806083808668
miniFE.c 57 sum 8341.3367555884215108
miniFE.c 57 sum 8367.1219295827231690
miniFE.c 57 sum 10131.0840331459403387
miniFE.c 57 sum 10122.9816967257338547
miniFE.c 90 p_ap_dot 10122.9816967257338547
miniFE.c 91 alpha 0.0191555696879397
miniFE.c 40 y 1.0011103909824468
miniFE.c 40 y 2.0074136975205827
miniFE.c 40 y 1.0102937270015686
miniFE.c 40 y 1.9949375905872664
miniFE.c 40 y 0.9765993032251178
miniFE.c 40 y 1.9758487581636202
miniFE.c 40 y 1.0301799106877898
miniFE.c 40 y 2.0088320266793773
miniFE.c 40 y 0.2966400405979899
miniFE.c 40 y -0.5436591551287582
miniFE.c 40 y -0.4510787518238661
miniFE.c 40 y 0.4453397582187262
miniFE.c 40 y 0.9573711524969220
miniFE.c 40 y 1.2502423316836395
miniFE.c 40 y -1.6990163044962783
miniFE.c 40 y -0.6439455213973396
miniFE.c 82 oldrtrans 193.9114813413681304
miniFE.c 48 sum 0.0879953136859771
miniFE.c 48 sum 0.3835605906412922
miniFE.c 48 sum 0.5870326309882692
miniFE.c 48 sum 0.7853601312385827
miniFE.c 48 sum 1.7019196548718674
miniFE.c 48 sum 3.2650255428056107
miniFE.c 48 sum 6.1516819457498011
miniFE.c 48 sum 6.5663477802774928
miniFE.c 83 rtrans 6.5663477802774928
miniFE.c 84 beta 0.0338626043948263
miniFE.c 40 y 0.0484707841584842
miniFE.c 40 y -0.4092252060166756
miniFE.c 40 y -0.6901970180912538
miniFE.c 40 y 0.4184605049965040
miniFE.c 40 y 1.2102583162047822
miniFE.c 40 y 1.3232655724835216
miniFE.c 40 y -1.5347152400876976
miniFE.c 40 y -0.6386018730923021
miniFE.c 87 normr 2.5624885912482602
miniFE.c 25 Ap 3.2521332065860911
miniFE.c 25 Ap -2.9220725504508032
miniFE.c 25 Ap -9.3541655740080500
miniFE.c 25 Ap -3.6143562418285526
miniFE.c 25 Ap 13.4060026648689430
miniFE.c 25 Ap 34.6528840028933587
miniFE.c 25 Ap 26.9842925575546744
miniFE.c 25 Ap 22.8920915228611968
miniFE.c 25 Ap 0.7313053795303381
miniFE.c 25 Ap -26.4562218502650737
miniFE.c 25 Ap -36.3895166287238538
miniFE.c 25 Ap -33.8938951736576257
miniFE.c 25 Ap -20.6614027450178597
miniFE.c 25 Ap -7.8888914507646302
miniFE.c 25 Ap -25.3806702752925588
miniFE.c 25 Ap -29.8214451177928659
miniFE.c 25 Ap 0.4517095618499399
miniFE.c 25 Ap -5.4378473263858753
miniFE.c 25 Ap -52.1463024464250182
miniFE.c 25 Ap -48.1239868418102503
miniFE.c 25 Ap -27.7938497997054057
miniFE.c 25 Ap -6.3891161115394297
miniFE.c 25 Ap -24.7319405781531856
miniFE.c 25 Ap -32.6194208750346348
miniFE.c 25 Ap 0.6648490262020068
miniFE.c 25 Ap -1.7756948050435393
miniFE.c 25 Ap -8.4099893274148378
miniFE.c 25 Ap 18.9580432668200665
miniFE.c 25 Ap 23.3974063195906226
miniFE.c 25 Ap 38.0669828969299715
miniFE.c 25 Ap 36.0714954961650278
miniFE.c 25 Ap 33.0566381724438259
miniFE.c 25 Ap 0.6816645106422681
miniFE.c 25 Ap -3.7926442941137162
miniFE.c 25 Ap -15.3866980394738526
miniFE.c 25 Ap -13.8517380395701171
miniFE.c 25 Ap 66.7045804124986006
miniFE.c 25 Ap 72.6449934833506319
miniFE.c 25 Ap 51.0781620175798494
miniFE.c 25 Ap 48.6518976542690922
miniFE.c 25 Ap 0.7782662987622855
miniFE.c 25 Ap -3.1716842436154677
miniFE.c 25 Ap -14.3360972471839805
miniFE.c 25 Ap -9.6970901194482870
miniFE.c 25 Ap -4.2639900145335652
miniFE.c 25 Ap 83.6845670111433009
miniFE.c 25 Ap 72.0019478066533622
miniFE.c 25 Ap 69.8140115781862676
miniFE.c 25 Ap 0.2421964876854742
miniFE.c 25 Ap -4.4219109676210451
miniFE.c 25 Ap -12.6711043160266250
miniFE.c 25 Ap -12.1270081582335063
miniFE.c 25 Ap 4.8803404715647876
miniFE.c 25 Ap 14.9533542697811779
miniFE.c 25 Ap -85.8132859069448841
miniFE.c 25 Ap -87.5212630168370112
miniFE.c 25 Ap 0.3106038385469687
miniFE.c 25 Ap -2.5351081400228042
miniFE.c 25 Ap -11.0598488439609532
miniFE.c 25 Ap -9.0842850829783188
miniFE.c 25 Ap -4.4861046724054736
miniFE.c 25 Ap 0.0475818197753570
miniFE.c 25 Ap -4.0571015686078749
miniFE.c 25 Ap -45.4845972281888535
miniFE.c 57 sum 1.1095976271408707
miniFE.c 57 sum 13.3132846491846415
miniFE.c 57 sum 35.8271116689971407
miniFE.c 57 sum 49.6600091721246955
miniFE.c 57 sum 108.5413729073478066
miniFE.c 57 sum 200.9238509057276474
miniFE.c 57 sum 335.2440670893911943
miniFE.c 57 sum 364.2906160761615411
miniFE.c 90 p_ap_dot 364.2906160761615411
miniFE.c 91 alpha 0.0180250258735863
miniFE.c 40 y 1.0019840781210165
miniFE.c 40 y 2.0000374025940086
miniFE.c 40 y 0.9978529078926017
miniFE.c 40 y 2.0024803520169026
miniFE.c 40 y 0.9984142406884320
miniFE.c 40 y 1.9997006543452616
miniFE.c 40 y 1.0025166287766218
miniFE.c 40 y 1.9973212113939680
miniFE.c 40 y -0.1159905014020880
miniFE.c 40 y -0.0061268352928089
miniFE.c 40 y 0.1368871534300331
miniFE.c 40 y -0.1505070001333532
miniFE.c 40 y 0.0804194384796506
miniFE.c 40 y -0.0081570333520191
miniFE.c 40 y -0.1214432741288425
miniFE.c 40 y 0.1759155204904146
miniFE.c 82 oldrtrans 6.5663477802774928
miniFE.c 48 sum 0.0134537964155078
miniFE.c 48 sum 0.0134913345262130
miniFE.c 48 sum 0.0322294273003904
miniFE.c 48 sum 0.0548817843895316
miniFE.c 48 sum 0.0613490704749139
miniFE.c 48 sum 0.0614156076680198
miniFE.c 48 sum 0.0761640764991530
miniFE.c 48 sum 0.1071103468485665
miniFE.c 83 rtrans 0.1071103468485665
miniFE.c 84 beta 0.0163120124660896
miniFE.c 40 y -0.1151998453666537
miniFE.c 40 y -0.0128021219547910
miniFE.c 40 y 0.1256286510668707
miniFE.c 40 y -0.1436810671592840
miniFE.c 40 y 0.1001611872207717
miniFE.c 40 y 0.0134280911622793
miniFE.c 40 y -0.1464775682570508
miniFE.c 40 y 0.1654986387756648
miniFE.c 87 normr 0.3272771712915010
miniFE.c 25 Ap -7.7293002169204721
miniFE.c 25 Ap -7.9224528720194787
miniFE.c 25 Ap -6.7516927138246334
miniFE.c 25 Ap -8.7224926347042810
miniFE.c 25 Ap -7.3138847927318089
miniFE.c 25 Ap -7.0982779897937869
miniFE.c 25 Ap -7.8301900719373414
miniFE.c 25 Ap -6.7696643682486393
miniFE.c 25 Ap -1.7380834269616554
miniFE.c 25 Ap -2.5886127544021034
miniFE.c 25 Ap -0.7805689771072324
miniFE.c 25 Ap -1.6374564243288450
miniFE.c 25 Ap -0.5423330661199437
miniFE.c 25 Ap -0.4127215583493744
miniFE.c 25 Ap -2.0821864595779678
miniFE.c 25 Ap -0.9313251443985950
miniFE.c 25 Ap -1.0735718965389085
miniFE.c 25 Ap -1.2578196516486020
miniFE.c 25 Ap 7.2439849872294007
miniFE.c 25 Ap 5.8628974255076098
miniFE.c 25 Ap 7.5454230774558315
miniFE.c 25 Ap 7.7626317173886017
miniFE.c 25 Ap 6.0119406102344257
miniFE.c 25 Ap 8.0560424325212523
miniFE.c 25 Ap -1.5801375269732514
miniFE.c 25 Ap -1.6564870267211853
miniFE.c 25 Ap -0.4489224476524876
miniFE.c 25 Ap -9.8459099344945038
miniFE.c 25 Ap -9.4785074817157451
miniFE.c 25 Ap -9.3296451401807445
miniFE.c 25 Ap -9.5201001081883145
miniFE.c 25 Ap -8.7387764005665147
miniFE.c 25 Ap -1.6201026573278507
miniFE.c 25 Ap -1.7600760659539731
miniFE.c 25 Ap 0.3502566278245123
miniFE.c 25 Ap -0.1767816187952633
miniFE.c 25 Ap 6.4900732057151975
miniFE.c 25 Ap 6.5503546865575402
miniFE.c 25 Ap 4.4919552222144130
miniFE.c 25 Ap 5.1207404894630697
miniFE.c 25 Ap -1.8496947971451378
miniFE.c 25 Ap -1.9732642836172205
miniFE.c 25 Ap 0.0588658311586487
miniFE.c 25 Ap -1.5339666744517864
miniFE.c 25 Ap -1.0843223716519876
miniFE.c 25 Ap -0.1918475231488027
miniFE.c 25 Ap -1.3068697808602865
miniFE.c 25 Ap -0.7398491020986243
miniFE.c 25 Ap -0.5756250577355174
miniFE.c 25 Ap -0.7215360905242719
miniFE.c 25 Ap 0.7799700093079026
miniFE.c 25 Ap 0.5931511443121853
miniFE.c 25 Ap 2.0006822535220343
miniFE.c 25 Ap 2.1029000927630923
miniFE.c 25 Ap -7.5145533793719972
miniFE.c 25 Ap -7.0719178365440714
miniFE.c 25 Ap -0.7382078666997748
miniFE.c 25 Ap -0.8272325681654398
miniFE.c 25 Ap 0.7244282580321613
miniFE.c 25 Ap 0.0461059169033010
miniFE.c 25 Ap 0.4266521216362932
miniFE.c 25 Ap 0.4726585747505690
miniFE.c 25 Ap 0.0808959692256961
miniFE.c 25 Ap 10.8171534536356013
miniFE.c 57 sum 0.7798642884063884
miniFE.c 57 sum 0.7917872264845426
miniFE.c 57 sum 1.8038569702196590
miniFE.c 57 sum 3.0594536891194224
miniFE.c 57 sum 3.5723531359935188
miniFE.c 57 sum 3.5624183748042078
miniFE.c 57 sum 4.5982957024148465
miniFE.c 57 sum 6.3885198744190195
miniFE.c 90 p_ap_dot 6.3885198744190195
miniFE.c 91 alpha 0.0167660661552387
miniFE.c 40 y 1.0000526298925259
miniFE.c 40 y 1.9998227613703872
miniFE.c 40 y 0.9999592061673823
miniFE.c 40 y 2.0000713857396546
miniFE.c 40 y 1.0000935497795627
miniFE.c 40 y 1.9999257906100270
miniFE.c 40 y 1.0000607761769655
miniFE.c 40 y 2.0000959725202829
miniFE.c 40 y -0.0024898607552691
miniFE.c 40 y 0.0094878236902152
miniFE.c 40 y 0.0018190130569717
miniFE.c 40 y -0.0039920968856163
miniFE.c 40 y -0.0054352353304966
miniFE.c 40 y 0.0042473256386604
miniFE.c 40 y -0.0028750318369321
miniFE.c 40 y -0.0054455899246086
miniFE.c 82 oldrtrans 0.1071103468485665
miniFE.c 48 sum 0.0000061994065806
miniFE.c 48 sum 0.0000962182049572
miniFE.c 48 sum 0.0000995270134587
miniFE.c 48 sum 0.0001154638510028
miniFE.c 48 sum 0.0001450056341007
miniFE.c 48 sum 0.0001630454091815
miniFE.c 48 sum 0.0001713112172449
miniFE.c 48 sum 0.0002009656668719
miniFE.c 83 rtrans 0.0002009656668719
miniFE.c 84 beta 0.0018762488665639
miniFE.c 40 y -0.0027060043345667
miniFE.c 40 y 0.0094638037234079
miniFE.c 40 y 0.0020547236711439
miniFE.c 40 y -0.0042616783250206
miniFE.c 40 y -0.0052473080164999
miniFE.c 40 y 0.0042725200794837
miniFE.c 40 y -0.0031498602083514
miniFE.c 40 y -0.0051350732911879
miniFE.c 87 normr 0.0141762359909777
miniFE.c 25 Ap -0.1815585760864929
miniFE.c 25 Ap -0.0387729642193900
miniFE.c 25 Ap -0.0196245566718582
miniFE.c 25 Ap -0.0780798248002197
miniFE.c 25 Ap -0.1518748688325450
miniFE.c 25 Ap -0.0832735774283227
miniFE.c 25 Ap -0.0990126477241230
miniFE.c 25 Ap -0.1319185208836726
miniFE.c 25 Ap -0.0408269756979912
miniFE.c 25 Ap 0.5879158721145329
miniFE.c 25 Ap 0.6174873935479255
miniFE.c 25 Ap 0.5920715281663146
miniFE.c 25 Ap 0.5346995087640308
miniFE.c 25 Ap 0.5759390090615487
miniFE.c 25 Ap 0.5400387608242825
miniFE.c 25 Ap 0.5043299643945441
miniFE.c 25 Ap -0.0252178307727499
miniFE.c 25 Ap 0.1109849485004249
miniFE.c 25 Ap 0.2500365031465465
miniFE.c 25 Ap 0.2090725052927418
miniFE.c 25 Ap 0.1209272807161330
miniFE.c 25 Ap 0.1900382410406369
miniFE.c 25 Ap 0.1523913008220335
miniFE.c 25 Ap 0.0889671376401119
miniFE.c 25 Ap -0.0371168813950402
miniFE.c 25 Ap 0.0193235026714794
miniFE.c 25 Ap 0.0390738661751569
miniFE.c 25 Ap -0.2396471837511246
miniFE.c 25 Ap -0.2588948972541442
miniFE.c 25 Ap -0.2115302096301965
miniFE.c 25 Ap -0.2156257618184819
miniFE.c 25 Ap -0.2398685866082322
miniFE.c 25 Ap -0.0380556484187881
miniFE.c 25 Ap 0.0654178906095018
miniFE.c 25 Ap 0.0999335086876375
miniFE.c 25 Ap 0.0843011952834897
miniFE.c 25 Ap -0.2649662379028465
miniFE.c 25 Ap -0.2457860108543876
miniFE.c 25 Ap -0.2900499254098790
miniFE.c 25 Ap -0.3095598044978743
miniFE.c 25 Ap -0.0434486879975361
miniFE.c 25 Ap 0.0478984629125874
miniFE.c 25 Ap 0.0811350360526728
miniFE.c 25 Ap 0.0338905389261105
miniFE.c 25 Ap 0.0103342870472829
miniFE.c 25 Ap 0.2942999426704301
miniFE.c 25 Ap 0.2703224539478695
miniFE.c 25 Ap 0.2527289996173654
miniFE.c 25 Ap -0.0135212325707546
miniFE.c 25 Ap 0.0943416186244518
miniFE.c 25 Ap 0.1188995526585433
miniFE.c 25 Ap 0.1133583778649668
miniFE.c 25 Ap 0.0396197423938189
miniFE.c 25 Ap 0.0721431863711479
miniFE.c 25 Ap -0.1346709651608297
miniFE.c 25 Ap -0.1484050113772894
miniFE.c 25 Ap -0.0173402462541762
miniFE.c 25 Ap 0.0484701173856374
miniFE.c 25 Ap 0.0738483587509596
miniFE.c 25 Ap 0.0537288560515444
miniFE.c 25 Ap 0.0337925593067516
miniFE.c 25 Ap 0.0484307898892735
miniFE.c 25 Ap 0.0400063092200058
miniFE.c 25 Ap -0.2931170896391299
miniFE.c 57 sum 0.0003569720893208
miniFE.c 57 sum 0.0051298518841841
miniFE.c 57 sum 0.0053126547678472
miniFE.c 57 sum 0.0063348975242488
miniFE.c 57 sum 0.0079592531679766
miniFE.c 57 sum 0.0090390428935097
miniFE.c 57 sum 0.0095064979335669
miniFE.c 57 sum 0.0110116756717635
miniFE.c 90 p_ap_dot 0.0110116756717635
miniFE.c 91 alpha 0.0182502348291290
miniFE.c 40 y 1.0000032446779714
miniFE.c 40 y 1.9999954780107161
miniFE.c 40 y 0.9999967053568897
miniFE.c 40 y 1.9999936091094568
miniFE.c 40 y 0.9999977851760408
miniFE.c 40 y 2.0000037651047897
miniFE.c 40 y 1.0000032904884841
miniFE.c 40 y 2.0000022562268538
miniFE.c 40 y -0.0000823167708308
miniFE.c 40 y 0.0002836834086485
miniFE.c 40 y 0.0001953419029642
miniFE.c 40 y 0.0003855611481152
miniFE.c 40 y 0.0002143037952489
miniFE.c 40 y -0.0003650379524874
miniFE.c 40 y -0.0001666055294770
miniFE.c 40 y -0.0000961342062637
