miniFE.c 167 A 67.0947100000000063
miniFE.c 167 A 15.0875500000000002
miniFE.c 167 A 9.3192129999999995
miniFE.c 167 A 13.7164900000000003
miniFE.c 167 A 14.0634099999999993
miniFE.c 167 A 16.0564000000000000
miniFE.c 167 A 4.9967519999999999
miniFE.c 167 A 6.4080630000000003
miniFE.c 167 A 15.0875500000000002
miniFE.c 167 A 66.4365899999999954
miniFE.c 167 A 14.3919700000000006
miniFE.c 167 A 5.9638159999999996
miniFE.c 167 A 10.9336099999999998
miniFE.c 167 A 9.6522659999999991
miniFE.c 167 A 11.3974100000000007
miniFE.c 167 A 6.9539020000000002
miniFE.c 167 A 9.3192129999999995
miniFE.c 167 A 14.3919700000000006
miniFE.c 167 A 67.6740900000000067
miniFE.c 167 A 9.6121750000000006
miniFE.c 167 A 16.7981799999999986
miniFE.c 167 A 16.1756899999999995
miniFE.c 167 A 11.9519400000000005
miniFE.c 167 A 12.3511699999999998
miniFE.c 167 A 13.7164900000000003
miniFE.c 167 A 5.9638159999999996
miniFE.c 167 A 9.6121750000000006
miniFE.c 167 A 65.4017099999999942
miniFE.c 167 A 3.6681119999999998
miniFE.c 167 A 11.0858899999999991
miniFE.c 167 A 1.3002330000000000
miniFE.c 167 A 4.7210279999999996
miniFE.c 167 A 14.0634099999999993
miniFE.c 167 A 10.9336099999999998
miniFE.c 167 A 16.7981799999999986
miniFE.c 167 A 3.6681119999999998
miniFE.c 167 A 66.5612600000000043
miniFE.c 167 A 4.4892070000000004
miniFE.c 167 A 14.0526599999999995
miniFE.c 167 A 3.7993380000000001
miniFE.c 167 A 16.0564000000000000
miniFE.c 167 A 9.6522659999999991
miniFE.c 167 A 16.1756899999999995
miniFE.c 167 A 11.0858899999999991
miniFE.c 167 A 4.4892070000000004
miniFE.c 167 A 66.4632699999999943
miniFE.c 167 A 7.6122389999999998
miniFE.c 167 A 3.4261349999999999
miniFE.c 167 A 4.9967519999999999
miniFE.c 167 A 11.3974100000000007
miniFE.c 167 A 11.9519400000000005
miniFE.c 167 A 1.3002330000000000
miniFE.c 167 A 14.0526599999999995
miniFE.c 167 A 7.6122389999999998
miniFE.c 167 A 65.6581999999999937
miniFE.c 167 A 2.6745570000000001
miniFE.c 167 A 6.4080630000000003
miniFE.c 167 A 6.9539020000000002
miniFE.c 167 A 12.3511699999999998
miniFE.c 167 A 4.7210279999999996
miniFE.c 167 A 3.7993380000000001
miniFE.c 167 A 3.4261349999999999
miniFE.c 167 A 2.6745570000000001
miniFE.c 167 A 64.8721800000000002
miniFE.c 175 b 198.0110999999999990
miniFE.c 175 b 229.8237000000000023
miniFE.c 175 b 210.8053999999999917
miniFE.c 175 b 202.6418999999999926
miniFE.c 175 b 157.2561000000000035
miniFE.c 175 b 225.5886000000000138
miniFE.c 175 b 142.6283999999999992
miniFE.c 175 b 185.1795999999999935
miniFE.c 33 r 0.0000000000000000
miniFE.c 33 r 0.0000000000000000
miniFE.c 33 r 0.0000000000000000
miniFE.c 33 r 0.0000000000000000
miniFE.c 33 r 0.0000000000000000
miniFE.c 33 r 0.0000000000000000
miniFE.c 33 r 0.0000000000000000
miniFE.c 33 r 0.0000000000000000
miniFE.c 25 Ap 0.0000000000000000
miniFE.c 25 Ap 0.0000000000000000
miniFE.c 25 Ap 0.0000000000000000
miniFE.c 25 Ap 0.0000000000000000
miniFE.c 25 Ap 0.0000000000000000
miniFE.c 25 Ap 0.0000000000000000
miniFE.c 25 Ap 0.0000000000000000
miniFE.c 25 Ap 0.0000000000000000
miniFE.c 25 Ap 0.0000000000000000
miniFE.c 25 Ap 0.0000000000000000
miniFE.c 25 Ap 0.0000000000000000
miniFE.c 25 Ap 0.0000000000000000
miniFE.c 25 Ap 0.0000000000000000
miniFE.c 25 Ap 0.0000000000000000
miniFE.c 25 Ap 0.0000000000000000
miniFE.c 25 Ap 0.0000000000000000
miniFE.c 25 Ap 0.0000000000000000
miniFE.c 25 Ap 0.0000000000000000
miniFE.c 25 Ap 0.0000000000000000
miniFE.c 25 Ap 0.0000000000000000
miniFE.c 25 Ap 0.0000000000000000
miniFE.c 25 Ap 0.0000000000000000
miniFE.c 25 Ap 0.0000000000000000
miniFE.c 25 Ap 0.0000000000000000
miniFE.c 25 Ap 0.0000000000000000
miniFE.c 25 Ap 0.0000000000000000
miniFE.c 25 Ap 0.0000000000000000
miniFE.c 25 Ap 0.0000000000000000
miniFE.c 25 Ap 0.0000000000000000
miniFE.c 25 Ap 0.0000000000000000
miniFE.c 25 Ap 0.0000000000000000
miniFE.c 25 Ap 0.0000000000000000
miniFE.c 25 Ap 0.0000000000000000
miniFE.c 25 Ap 0.0000000000000000
miniFE.c 25 Ap 0.0000000000000000
miniFE.c 25 Ap 0.0000000000000000
miniFE.c 25 Ap 0.0000000000000000
miniFE.c 25 Ap 0.0000000000000000
miniFE.c 25 Ap 0.0000000000000000
miniFE.c 25 Ap 0.0000000000000000
miniFE.c 25 Ap 0.0000000000000000
miniFE.c 25 Ap 0.0000000000000000
miniFE.c 25 Ap 0.0000000000000000
miniFE.c 25 Ap 0.0000000000000000
miniFE.c 25 Ap 0.0000000000000000
miniFE.c 25 Ap 0.0000000000000000
miniFE.c 25 Ap 0.0000000000000000
miniFE.c 25 Ap 0.0000000000000000
miniFE.c 25 Ap 0.0000000000000000
miniFE.c 25 Ap 0.0000000000000000
miniFE.c 25 Ap 0.0000000000000000
miniFE.c 25 Ap 0.0000000000000000
miniFE.c 25 Ap 0.0000000000000000
miniFE.c 25 Ap 0.0000000000000000
miniFE.c 25 Ap 0.0000000000000000
miniFE.c 25 Ap 0.0000000000000000
miniFE.c 25 Ap 0.0000000000000000
miniFE.c 25 Ap 0.0000000000000000
miniFE.c 25 Ap 0.0000000000000000
miniFE.c 25 Ap 0.0000000000000000
miniFE.c 25 Ap 0.0000000000000000
miniFE.c 25 Ap 0.0000000000000000
miniFE.c 25 Ap 0.0000000000000000
miniFE.c 25 Ap 0.0000000000000000
miniFE.c 33 r 198.0110999999999990
miniFE.c 33 r 229.8237000000000023
miniFE.c 33 r 210.8053999999999917
miniFE.c 33 r 202.6418999999999926
miniFE.c 33 r 157.2561000000000035
miniFE.c 33 r 225.5886000000000138
miniFE.c 33 r 142.6283999999999992
miniFE.c 33 r 185.1795999999999935
miniFE.c 48 sum 39208.3957232100001420
miniFE.c 48 sum 92027.3288048999966122
miniFE.c 48 sum 136466.2454740600078367
miniFE.c 48 sum 177529.9851096700003836
miniFE.c 48 sum 202259.4660968800017145
miniFE.c 48 sum 253149.6825468399911188
miniFE.c 48 sum 273492.5430333999684080
miniFE.c 48 sum 307784.0272895599482581
miniFE.c 75 rtrans 307784.0272895599482581
miniFE.c 76 normr 554.7828649927464539
miniFE.c 33 r 198.0110999999999990
miniFE.c 33 r 229.8237000000000023
miniFE.c 33 r 210.8053999999999917
miniFE.c 33 r 202.6418999999999926
miniFE.c 33 r 157.2561000000000035
miniFE.c 33 r 225.5886000000000138
miniFE.c 33 r 142.6283999999999992
miniFE.c 33 r 185.1795999999999935
miniFE.c 87 normr 554.7828649927464539
miniFE.c 25 Ap 13285.4973312810016068
miniFE.c 25 Ap 16752.9738962160008668
miniFE.c 25 Ap 18717.5143203662009910
miniFE.c 25 Ap 21497.0499152972006414
miniFE.c 25 Ap 23708.6069245981998392
miniFE.c 25 Ap 27330.7477216381994367
miniFE.c 25 Ap 28043.4264645949988335
miniFE.c 25 Ap 29230.0690077097970061
miniFE.c 25 Ap 2987.5023718050001662
miniFE.c 25 Ap 18256.2053009880000900
miniFE.c 25 Ap 21290.1102936259994749
miniFE.c 25 Ap 22498.6292991164009436
miniFE.c 25 Ap 24218.0061666374022025
miniFE.c 25 Ap 26395.4473404050004319
miniFE.c 25 Ap 28021.0416928490012651
miniFE.c 25 Ap 29308.7624836482027604
miniFE.c 25 Ap 1845.3076172643000064
miniFE.c 25 Ap 5152.9234129532997031
miniFE.c 25 Ap 19418.9870250392996240
miniFE.c 25 Ap 21366.8164301717988565
miniFE.c 25 Ap 24008.4327040697971825
miniFE.c 25 Ap 27657.4839652037990163
miniFE.c 25 Ap 29362.1700442997971550
miniFE.c 25 Ap 31649.3547644317950471
miniFE.c 25 Ap 2716.0172730389999742
miniFE.c 25 Ap 4086.6435322781999275
miniFE.c 25 Ap 6112.9419280231995799
miniFE.c 25 Ap 19366.0687056721981207
miniFE.c 25 Ap 19942.9016931553996983
miniFE.c 25 Ap 22443.7520980093977414
miniFE.c 25 Ap 22629.2022504265987664
miniFE.c 25 Ap 23503.4403270553993934
miniFE.c 25 Ap 2784.7112838509997346
miniFE.c 25 Ap 5297.5139884079999320
miniFE.c 25 Ap 8838.6610425799990480
miniFE.c 25 Ap 9581.9742276727993158
miniFE.c 25 Ap 20049.1383863587980159
miniFE.c 25 Ap 21061.8523085989982064
miniFE.c 25 Ap 23066.1607201429978886
miniFE.c 25 Ap 23769.7206112477979332
miniFE.c 25 Ap 3179.3454260399998930
miniFE.c 25 Ap 5397.6649115441996400
miniFE.c 25 Ap 8807.5877122702004272
miniFE.c 25 Ap 11054.0535250612010714
miniFE.c 25 Ap 11760.0087099739012046
miniFE.c 25 Ap 26753.3647406958989450
miniFE.c 25 Ap 27839.0862096834971453
miniFE.c 25 Ap 28473.5365185294976982
miniFE.c 25 Ap 989.4123599472000024
miniFE.c 25 Ap 3608.8072965641999872
miniFE.c 25 Ap 6128.3407890401995246
miniFE.c 25 Ap 6391.8224746028990921
miniFE.c 25 Ap 8601.6889808288997301
miniFE.c 25 Ap 10318.9233197042995016
miniFE.c 25 Ap 19683.6473325842962367
miniFE.c 25 Ap 20178.9207280214977800
miniFE.c 25 Ap 1268.8676034993000030
miniFE.c 25 Ap 2867.0390905766998912
miniFE.c 25 Ap 5470.7324228946999938
miniFE.c 25 Ap 6427.4105067679001877
miniFE.c 25 Ap 7024.8795832297000743
miniFE.c 25 Ap 7797.7765812907000509
miniFE.c 25 Ap 8179.2443669095000587
miniFE.c 25 Ap 20192.2487104374995397
miniFE.c 57 sum 5787878.1172925252467394
miniFE.c 57 sum 12523726.3537057451903820
miniFE.c 57 sum 19195581.2445636950433254
miniFE.c 57 sum 23958363.0489748232066631
miniFE.c 57 sum 27696296.6103892698884010
miniFE.c 57 sum 34119601.8506532162427902
miniFE.c 57 sum 36997689.0278177559375763
miniFE.c 57 sum 40736881.5671170875430107
miniFE.c 90 p_ap_dot 40736881.5671170875430107
miniFE.c 91 alpha 0.0075554145395853
miniFE.c 40 y 1.4960559439392744
miniFE.c 40 y 1.7364133245212852
miniFE.c 40 y 1.5927221841830903
miniFE.c 40 y 1.5310435575891859
miniFE.c 40 y 1.1881350243784765
miniFE.c 40 y 1.7044153884046875
miniFE.c 40 y 1.0776166871177848
miniFE.c 40 y 1.3991086422745860
miniFE.c 40 y -22.8341883739316245
miniFE.c 40 y 8.3838497937928480
miniFE.c 40 y -28.3185951556805833
miniFE.c 40 y 25.0636652226906733
miniFE.c 40 y -22.3339927081014764
miniFE.c 40 y 10.4592281944898673
miniFE.c 40 y -9.8317110616323760
miniFE.c 40 y 32.6187905062384118
miniFE.c 82 oldrtrans 307784.0272895599482581
miniFE.c 48 sum 521.4001586961941257
miniFE.c 48 sum 591.6890960610744514
miniFE.c 48 sum 1393.6319276524102406
miniFE.c 48 sum 2021.8192420475243125
miniFE.c 48 sum 2520.6264723330541528
miniFE.c 48 sum 2630.0219267574657351
miniFE.c 48 sum 2726.6844691568903727
miniFE.c 48 sum 3790.6699632467598349
miniFE.c 83 rtrans 3790.6699632467598349
miniFE.c 84 beta 0.0123160061184089
miniFE.c 40 y -20.3954824548187439
miniFE.c 40 y 11.2143598891482252
miniFE.c 40 y -25.7223145594869429
miniFE.c 40 y 27.5594041029366821
miniFE.c 40 y -20.3972256183443506
miniFE.c 40 y 13.2375787723331708
miniFE.c 40 y -8.0750988145735008
miniFE.c 40 y 34.8994635928429275
miniFE.c 87 normr 61.5684169298412272
miniFE.c 25 Ap -1368.4289806161518754
miniFE.c 25 Ap -1199.2317650706336281
miniFE.c 25 Ap -1438.9434933034935966
miniFE.c 25 Ap -1060.9252025196035447
miniFE.c 25 Ap -1347.7797492528836756
miniFE.c 25 Ap -1135.2318894527934390
miniFE.c 25 Ap -1175.5811556047112845
miniFE.c 25 Ap -951.9431942355674892
miniFE.c 25 Ap -307.7178613112005223
miniFE.c 25 Ap 437.3259687565855529
miniFE.c 25 Ap 67.1311892858862507
miniFE.c 25 Ap 231.4904044254456608
miniFE.c 25 Ap 8.4750944324596844
miniFE.c 25 Ap 136.2477259389728772
miniFE.c 25 Ap 44.2125139587647027
miniFE.c 25 Ap 286.8999636359623082
miniFE.c 25 Ap -190.0698452342187466
miniFE.c 25 Ap -28.6731141403941479
miniFE.c 25 Ap -1769.4073446474239972
miniFE.c 25 Ap -1504.5015295142784453
miniFE.c 25 Ap -1847.1377969518380269
miniFE.c 25 Ap -1633.0108263799961605
miniFE.c 25 Ap -1729.5239229058497585
miniFE.c 25 Ap -1298.4747151618360022
miniFE.c 25 Ap -279.7544311366967804
miniFE.c 25 Ap -212.8740522000363740
miniFE.c 25 Ap -460.1214411508727835
miniFE.c 25 Ap 1342.3107137622018854
miniFE.c 25 Ap 1267.4914057048456471
miniFE.c 25 Ap 1414.2417478412662604
miniFE.c 25 Ap 1403.7422378842968556
miniFE.c 25 Ap 1568.5035826910889227
miniFE.c 25 Ap -286.8300319099224680
miniFE.c 25 Ap -164.2165944823325390
miniFE.c 25 Ap -596.3046644692149130
miniFE.c 25 Ap -495.2136835663836223
miniFE.c 25 Ap -1852.8787212276629361
miniFE.c 25 Ap -1793.4524899398534217
miniFE.c 25 Ap -1906.9291080474579303
miniFE.c 25 Ap -1774.3342498395531948
miniFE.c 25 Ap -327.4780244875516928
miniFE.c 25 Ap -219.2340398177625218
miniFE.c 25 Ap -635.3102262145098393
miniFE.c 25 Ap -329.7897038638051299
miniFE.c 25 Ap -421.3570718902559520
miniFE.c 25 Ap 458.4557002015919807
miniFE.c 25 Ap 396.9861180764418123
miniFE.c 25 Ap 516.5563917731067249
miniFE.c 25 Ap -101.9111677470804693
miniFE.c 25 Ap 25.9034897970964124
miniFE.c 25 Ap -281.5280704790179698
miniFE.c 25 Ap -245.6944238040443054
miniFE.c 25 Ap -532.3297003619271663
miniFE.c 25 Ap -431.5620869656004857
miniFE.c 25 Ap -961.7585399526303718
miniFE.c 25 Ap -868.4179353041471359
miniFE.c 25 Ap -130.6955364858731627
miniFE.c 25 Ap -52.7119768240055322
miniFE.c 25 Ap -370.4126567417038700
miniFE.c 25 Ap -240.3039383084249323
miniFE.c 25 Ap -317.7998926947741438
miniFE.c 25 Ap -272.4461607476264362
miniFE.c 25 Ap -294.0434728078357125
miniFE.c 25 Ap 1969.9608112905175403
miniFE.c 57 sum 19415.3407160156275495
miniFE.c 57 sum 22632.7401604128463077
miniFE.c 57 sum 56032.5152313458020217
miniFE.c 57 sum 99259.5393036334862700
miniFE.c 57 sum 135451.0353199666133150
miniFE.c 57 sum 142288.9912464153021574
miniFE.c 57 sum 149301.5518863441830035
miniFE.c 57 sum 218052.1274993049155455
miniFE.c 90 p_ap_dot 218052.1274993049155455
miniFE.c 91 alpha 0.0173842374606450
miniFE.c 40 y 1.1414960338202862
miniFE.c 40 y 1.9313664198033706
miniFE.c 40 y 1.1455593598435627
miniFE.c 40 y 2.0101427827885114
miniFE.c 40 y 0.8335448106908265
miniFE.c 40 y 1.9345406011869211
miniFE.c 40 y 0.9372372518070660
miniFE.c 40 y 2.0058092046217029
miniFE.c 40 y -6.2853818362955991
miniFE.c 40 y 3.3963126984948593
miniFE.c 40 y -5.7456023706638284
miniFE.c 40 y -2.2035735166836723
miniFE.c 40 y 8.5114552256647578
miniFE.c 40 y 1.4792892180922035
miniFE.c 40 y 5.2650725407779788
miniFE.c 40 y -1.6274760254008527
miniFE.c 82 oldrtrans 3790.6699632467598349
miniFE.c 48 sum 39.5060248280346400
miniFE.c 48 sum 51.0409647739920729
miniFE.c 48 sum 84.0529113757698809
miniFE.c 48 sum 88.9086476191995274
miniFE.c 48 sum 161.3535176776954359
miniFE.c 48 sum 163.5418142684592908
miniFE.c 48 sum 191.2628031281135748
miniFE.c 48 sum 193.9114813413681304
miniFE.c 83 rtrans 193.9114813413681304
miniFE.c 84 beta 0.0511549365208467
miniFE.c 40 y -7.3287114465838936
miniFE.c 40 y 3.9699825667461655
miniFE.c 40 y -7.0614257391236324
miniFE.c 40 y -0.7937739492455855
miniFE.c 40 y 7.4680364439569651
miniFE.c 40 y 2.1564567198806142
miniFE.c 40 y 4.8519913735189073
miniFE.c 40 y 0.1578038193026263
miniFE.c 87 normr 13.9252102799694963
miniFE.c 25 Ap -491.7177691822269026
miniFE.c 25 Ap -431.8204587073157654
miniFE.c 25 Ap -497.6273892538913515
miniFE.c 25 Ap -508.5151816909789204
miniFE.c 25 Ap -403.4891232846700859
miniFE.c 25 Ap -368.8641916075790164
miniFE.c 25 Ap -344.6199940079656585
miniFE.c 25 Ap -343.6087771922337879
miniFE.c 25 Ap -110.5723003859068285
miniFE.c 25 Ap 153.1798037081557595
miniFE.c 25 Ap 51.5519763134606137
miniFE.c 25 Ap 46.8180545345666062
miniFE.c 25 Ap 128.4706524785789270
miniFE.c 25 Ap 149.2853463563540970
miniFE.c 25 Ap 204.5854813568122381
miniFE.c 25 Ap 205.6828336514683997
miniFE.c 25 Ap -68.2978229862534221
miniFE.c 25 Ap -11.1619529851196120
miniFE.c 25 Ap -489.0375139828888678
miniFE.c 25 Ap -496.6674080934785707
miniFE.c 25 Ap -371.2179876613295733
miniFE.c 25 Ap -336.3358122621239090
miniFE.c 25 Ap -278.3451024853083595
miniFE.c 25 Ap -276.3960406864523520
miniFE.c 25 Ap -100.5241972699535182
miniFE.c 25 Ap -76.8479517186716663
miniFE.c 25 Ap -144.7236116726323871
miniFE.c 25 Ap -196.6377853067468777
miniFE.c 25 Ap -169.2441912102310084
miniFE.c 25 Ap -145.3379492238736930
miniFE.c 25 Ap -139.0292299243090781
miniFE.c 25 Ap -138.2842336748744287
miniFE.c 25 Ap -103.0666738450023843
miniFE.c 25 Ap -59.6604327534008405
miniFE.c 25 Ap -178.2795333758326422
miniFE.c 25 Ap -181.1911851243477543
miniFE.c 25 Ap 315.8907303113472835
miniFE.c 25 Ap 325.5715109134323484
miniFE.c 25 Ap 393.7548960084265559
miniFE.c 25 Ap 394.3544460556481681
miniFE.c 25 Ap -117.6727224709296280
miniFE.c 25 Ap -79.3533947213328901
miniFE.c 25 Ap -193.5768284354176387
miniFE.c 25 Ap -202.3765191216197934
miniFE.c 25 Ap -168.8509576411530588
miniFE.c 25 Ap -25.5257924244134529
miniFE.c 25 Ap 11.4087255367507368
miniFE.c 25 Ap 11.9493827251971396
miniFE.c 25 Ap -36.6197535781409655
miniFE.c 25 Ap 8.6277654279174527
miniFE.c 25 Ap -75.7699713205438599
miniFE.c 25 Ap -76.8020624038933022
miniFE.c 25 Ap 28.1437146106429736
miniFE.c 25 Ap 44.5591785555302593
miniFE.c 25 Ap 363.1321985563093335
miniFE.c 25 Ap 363.5542538658519334
miniFE.c 25 Ap -46.9628446585307273
miniFE.c 25 Ap -19.3559749476694343
miniFE.c 25 Ap -106.5728446939610734
miniFE.c 25 Ap -110.3202737340200628
miniFE.c 25 Ap -81.9466790871094872
miniFE.c 25 Ap -74.5583672431413191
miniFE.c 25 Ap -61.5814397511567080
miniFE.c 25 Ap -51.3443619806692624
miniFE.c 57 sum 2518.2095785554183749
miniFE.c 57 sum 3334.7668424306993984
miniFE.c 57 sum 5286.5169583258766579
miniFE.c 57 sum 5396.2833806083808668
miniFE.c 57 sum 8341.3367555884215108
miniFE.c 57 sum 8367.1050822645975131
miniFE.c 57 sum 10131.0671858278146829
miniFE.c 57 sum 10122.9648494076081988
miniFE.c 90 p_ap_dot 10122.9648494076081988
miniFE.c 91 alpha 0.0191556015679256
miniFE.c 40 y 1.0011101573432295
miniFE.c 40 y 2.0074138240835708
miniFE.c 40 y 1.0102935018834158
miniFE.c 40 y 1.9949375652817642
miniFE.c 40 y 0.9765995413060141
miniFE.c 40 y 1.9758488269114298
miniFE.c 40 y 1.0301800653692061
miniFE.c 40 y 2.0088320317101611
miniFE.c 40 y 0.2966509948409524
miniFE.c 40 y -0.5436657122945894
miniFE.c 40 y -0.4510699403219940
miniFE.c 40 y 0.4453441667181424
miniFE.c 40 y 0.9573585804827518
miniFE.c 40 y 1.2503916036256741
miniFE.c 40 y -1.6990278946007562
miniFE.c 40 y -0.6439438845398050
miniFE.c 82 oldrtrans 193.9114813413681304
miniFE.c 48 sum 0.0880018127401268
miniFE.c 48 sum 0.3835742194649100
miniFE.c 48 sum 0.5870383105269972
miniFE.c 48 sum 0.7853697373568738
miniFE.c 48 sum 1.7019051889808234
miniFE.c 48 sum 3.2653843513984082
miniFE.c 48 sum 6.1520801380298860
miniFE.c 48 sum 6.5667438644660994
miniFE.c 83 rtrans 6.5667438644660994
miniFE.c 84 beta 0.0338646469979041
miniFE.c 40 y 0.0484667687528897
miniFE.c 40 y -0.4092236540838973
miniFE.c 40 y -0.6902026302793298
miniFE.c 40 y 0.4184632921308084
miniFE.c 40 y 1.2102609984248374
miniFE.c 40 y 1.3234192492106893
miniFE.c 40 y -1.5347169194996626
miniFE.c 40 y -0.6385999139042006
miniFE.c 87 normr 2.5625658751466469
miniFE.c 25 Ap 3.2518637941121975
miniFE.c 25 Ap -2.9223185480613072
miniFE.c 25 Ap -9.3544638727946321
miniFE.c 25 Ap -3.6146163109153209
miniFE.c 25 Ap 13.4057803169425220
miniFE.c 25 Ap 34.6551291499690350
miniFE.c 25 Ap 26.9865293130252581
miniFE.c 25 Ap 22.8943408329325635
miniFE.c 25 Ap 0.7312447968976612
miniFE.c 25 Ap -26.4561793277760451
miniFE.c 25 Ap -36.3895548766772521
miniFE.c 25 Ap -33.8939167996548605
miniFE.c 25 Ap -20.6613950446670742
miniFE.c 25 Ap -7.8874004217652125
miniFE.c 25 Ap -25.3791983872398603
miniFE.c 25 Ap -29.8199596057381093
miniFE.c 25 Ap 0.4516721414299236
miniFE.c 25 Ap -5.4378624114359031
miniFE.c 25 Ap -52.1466973311959947
miniFE.c 25 Ap -48.1243549361585394
miniFE.c 25 Ap -27.7941728376384063
miniFE.c 25 Ap -6.3869533223735502
miniFE.c 25 Ap -24.7297978612183478
miniFE.c 25 Ap -32.6172539598344926
miniFE.c 25 Ap 0.6647939489313243
miniFE.c 25 Ap -1.7757406268726874
miniFE.c 25 Ap -8.4100890945779057
miniFE.c 25 Ap 18.9581257830065013
miniFE.c 25 Ap 23.3974986744606284
miniFE.c 25 Ap 38.0687788950929189
miniFE.c 25 Ap 36.0732893107011137
miniFE.c 25 Ap 33.0584412363617943
miniFE.c 25 Ap 0.6816080403470768
miniFE.c 25 Ap -3.7926837961811630
miniFE.c 25 Ap -15.3868318160867936
miniFE.c 25 Ap -13.8518615926622708
miniFE.c 25 Ap 66.7046353913529231
miniFE.c 25 Ap 72.6457383488442900
miniFE.c 25 Ap 51.0788832828681620
miniFE.c 25 Ap 48.6526263631752016
miniFE.c 25 Ap 0.7782018258038984
miniFE.c 25 Ap -3.1717337369058640
miniFE.c 25 Ap -14.3362375214889166
miniFE.c 25 Ap -9.6971994958889098
miniFE.c 25 Ap -4.2640873499331402
miniFE.c 25 Ap 83.6946835335541834
miniFE.c 25 Ap 72.0120515449789877
miniFE.c 25 Ap 69.8241220289548181
miniFE.c 25 Ap 0.2421764236995392
miniFE.c 25 Ap -4.4219133435928129
miniFE.c 25 Ap -12.6711737685335457
miniFE.c 25 Ap -12.1270739868164288
miniFE.c 25 Ap 4.8803123353083446
miniFE.c 25 Ap 14.9544959575006722
miniFE.c 25 Ap -85.8122544863920638
miniFE.c 25 Ap -87.5202263563239455
miniFE.c 25 Ap 0.3105781075749487
miniFE.c 25 Ap -2.5351230790063726
miniFE.c 25 Ap -11.0599331000335219
miniFE.c 25 Ap -9.0843561809117972
miniFE.c 25 Ap -4.4861655796783726
miniFE.c 25 Ap 0.0480474297160924
miniFE.c 25 Ap -4.0566404503501667
miniFE.c 25 Ap -45.4840090131279666
miniFE.c 57 sum 1.1096147228995832
miniFE.c 57 sum 13.3126475573939445
miniFE.c 57 sum 35.8251620329605984
miniFE.c 57 sum 49.6589061854414240
miniFE.c 57 sum 108.5412823437283976
miniFE.c 57 sum 200.9478694960833423
miniFE.c 57 sum 335.2666416835739938
miniFE.c 57 sum 364.3127259233754103
miniFE.c 90 p_ap_dot 364.3127259233754103
miniFE.c 91 alpha 0.0180250191585327
miniFE.c 40 y 1.0019837717785525
miniFE.c 40 y 2.0000375598785838
miniFE.c 40 y 0.9978525862493612
miniFE.c 40 y 2.0024803741395649
miniFE.c 40 y 0.9984145189894467
miniFE.c 40 y 1.9997034842332233
miniFE.c 40 y 1.0025167634923005
miniFE.c 40 y 1.9973212560274005
miniFE.c 40 y -0.1160199372946337
miniFE.c 40 y -0.0061603690944899
miniFE.c 40 y 0.1368566872027480
miniFE.c 40 y -0.1505348699185051
miniFE.c 40 y 0.0803940581735877
miniFE.c 40 y -0.0081895336739588
miniFE.c 40 y -0.1214741377689021
miniFE.c 40 y 0.1759062493286987
miniFE.c 82 oldrtrans 6.5667438644660994
miniFE.c 48 sum 0.0134606258498507
miniFE.c 48 sum 0.0134985759972311
miniFE.c 48 sum 0.0322283288293419
miniFE.c 48 sum 0.0548890758907231
miniFE.c 48 sum 0.0613522804803413
miniFE.c 48 sum 0.0614193489421382
miniFE.c 48 sum 0.0761753150888365
miniFE.c 48 sum 0.1071183236417268
miniFE.c 83 rtrans 0.1071183236417268
miniFE.c 84 beta 0.0163122433054477
miniFE.c 40 y -0.1152293355705077
miniFE.c 40 y -0.0128357249062508
miniFE.c 40 y 0.1255979339675716
miniFE.c 40 y -0.1437087948828687
miniFE.c 40 y 0.1001361300429877
miniFE.c 40 y 0.0133984031142789
miniFE.c 40 y -0.1465088135647678
miniFE.c 40 y 0.1654892521582554
miniFE.c 87 normr 0.3272893576664643
miniFE.c 25 Ap -7.7312788535958967
miniFE.c 25 Ap -7.9249384949052013
miniFE.c 25 Ap -6.7544645959014664
miniFE.c 25 Ap -8.7256448438243854
miniFE.c 25 Ap -7.3173893912165324
miniFE.c 25 Ap -7.1022592714524251
miniFE.c 25 Ap -7.8343274786498061
miniFE.c 25 Ap -6.7738619249968188
miniFE.c 25 Ap -1.7385283618868128
miniFE.c 25 Ap -2.5912901548361860
miniFE.c 25 Ap -0.7836884571129141
miniFE.c 25 Ap -1.6407412673760846
miniFE.c 25 Ap -0.5458918745767742
miniFE.c 25 Ap -0.4165669237425263
miniFE.c 25 Ap -2.0863879405537467
miniFE.c 25 Ap -0.9355918989919498
miniFE.c 25 Ap -1.0738467220300374
miniFE.c 25 Ap -1.2585780898090517
miniFE.c 25 Ap 7.2411477973264491
miniFE.c 25 Ap 5.8597937118732109
miniFE.c 25 Ap 7.5418984488387251
miniFE.c 25 Ap 7.7586268641103349
miniFE.c 25 Ap 6.0075623149130442
miniFE.c 25 Ap 8.0515482014925244
miniFE.c 25 Ap -1.5805420290595127
miniFE.c 25 Ap -1.6570919306270098
miniFE.c 25 Ap -0.4498226096922668
miniFE.c 25 Ap -9.8486235370711288
miniFE.c 25 Ap -9.4813129968268850
miniFE.c 25 Ap -9.3327797737263314
miniFE.c 25 Ap -9.5232753679140902
miniFE.c 25 Ap -8.7419959747759055
miniFE.c 25 Ap -1.6205173901556331
miniFE.c 25 Ap -1.7608582003478661
miniFE.c 25 Ap 0.3489585020675161
miniFE.c 25 Ap -0.1781814529478731
miniFE.c 25 Ap 6.4870055342372410
miniFE.c 25 Ap 6.5471537392866832
miniFE.c 25 Ap 4.4883151952576128
miniFE.c 25 Ap 5.1170647995740550
miniFE.c 25 Ap -1.8501683036542991
miniFE.c 25 Ap -1.9740621347522569
miniFE.c 25 Ap 0.0575711097476517
miniFE.c 25 Ap -1.5355687823563935
miniFE.c 25 Ap -1.0860369664145029
miniFE.c 25 Ap -0.1955352826613462
miniFE.c 25 Ap -1.3107953871228006
miniFE.c 25 Ap -133713650058986370338154343008260010930129439584042602233488699273565273887769432389117277487035232897728922785085284620665642332432154013251181667159649283255376977862941137354894679787370585786907624263787214910619084430865925198791877065727546618628826000383251734184442865125815809289003297700337030266880.0000000000000000
miniFE.c 25 Ap -0.5757724129706052
miniFE.c 25 Ap -0.7220664323743573
miniFE.c 25 Ap 0.7790725385300208
miniFE.c 25 Ap 0.5922176210330838
miniFE.c 25 Ap 1.9993966102429750
miniFE.c 25 Ap 2.1013884569672099
miniFE.c 25 Ap -7.5181165258310267
miniFE.c 25 Ap -7.0755060880463994
miniFE.c 25 Ap -0.7383968417839540
miniFE.c 25 Ap -0.8276552148809814
miniFE.c 25 Ap 0.7236262192012702
miniFE.c 25 Ap 0.0451729747129904
miniFE.c 25 Ap 0.4256239787582551
miniFE.c 25 Ap 0.4715287166121949
miniFE.c 25 Ap 0.0796825437308502
miniFE.c 25 Ap 10.8153310978065864
miniFE.c 57 sum 0.7805476088637434
miniFE.c 57 sum 0.7925566091037208
miniFE.c 57 sum 1.8038144284514990
miniFE.c 57 sum 3.0601161348574335
miniFE.c 57 sum 3.5725192010659756
miniFE.c 57 sum -1791549385371916721156097864970832427838867645981774704315521405231891806413654862505747305962028476408069751333992594794456300482170301732219860387325804733652690377493599676719365173202726931551192248188345836489904939921083650954152974645329178626707841018942729632871768093995884717679234567042892824576.0000000000000000
miniFE.c 57 sum -1791549385371916721156097864970832427838867645981774704315521405231891806413654862505747305962028476408069751333992594794456300482170301732219860387325804733652690377493599676719365173202726931551192248188345836489904939921083650954152974645329178626707841018942729632871768093995884717679234567042892824576.0000000000000000
miniFE.c 57 sum -1791549385371916721156097864970832427838867645981774704315521405231891806413654862505747305962028476408069751333992594794456300482170301732219860387325804733652690377493599676719365173202726931551192248188345836489904939921083650954152974645329178626707841018942729632871768093995884717679234567042892824576.0000000000000000
miniFE.c 90 p_ap_dot -1791549385371916721156097864970832427838867645981774704315521405231891806413654862505747305962028476408069751333992594794456300482170301732219860387325804733652690377493599676719365173202726931551192248188345836489904939921083650954152974645329178626707841018942729632871768093995884717679234567042892824576.0000000000000000
miniFE.c 91 alpha -0.0000000000000000
miniFE.c 40 y 1.0019837717785525
miniFE.c 40 y 2.0000375598785838
miniFE.c 40 y 0.9978525862493612
miniFE.c 40 y 2.0024803741395649
miniFE.c 40 y 0.9984145189894467
miniFE.c 40 y 1.9997034842332233
miniFE.c 40 y 1.0025167634923005
miniFE.c 40 y 1.9973212560274005
miniFE.c 40 y -0.1160199372946337
miniFE.c 40 y -0.0061603690944899
miniFE.c 40 y 0.1368566872027480
miniFE.c 40 y -0.1505348699185051
miniFE.c 40 y 0.0803940581735877
miniFE.c 40 y -8.0030470348316385
miniFE.c 40 y -0.1214741377689021
miniFE.c 40 y 0.1759062493286987
miniFE.c 82 oldrtrans 0.1071183236417268
miniFE.c 48 sum 0.0134606258498507
miniFE.c 48 sum 0.0134985759972311
miniFE.c 48 sum 0.0322283288293419
miniFE.c 48 sum 0.0548890758907231
miniFE.c 48 sum 0.0613522804803413
miniFE.c 48 sum 64.1101141222078184
miniFE.c 48 sum 64.1248700883545126
miniFE.c 48 sum 64.1558130969074085
miniFE.c 83 rtrans 64.1558130969074085
miniFE.c 84 beta 598.9247302962479580
miniFE.c 40 y -69.1297186660767835
miniFE.c 40 y -7.6937934467275868
miniFE.c 40 y 75.3605654144965484
miniFE.c 40 y -86.2212860863394610
miniFE.c 40 y 60.0543987370799925
miniFE.c 40 y 0.0215879367882366
miniFE.c 40 y -87.8692257880707359
miniFE.c 40 y 99.2915119651396196
miniFE.c 87 normr 8.0097323985828268
miniFE.c 25 Ap -4638.2384262820087315
miniFE.c 25 Ap -4754.3189195991835732
miniFE.c 25 Ap -4052.0177587010571187
miniFE.c 25 Ap -5234.6711670914719434
miniFE.c 25 Ap -4390.1015353484335719
miniFE.c 25 Ap -4389.7549108001867353
miniFE.c 25 Ap -4828.8156404951805598
miniFE.c 25 Ap -4192.5493764573120643
miniFE.c 25 Ap -1042.9980868603668114
miniFE.c 25 Ap -1554.1474876252941613
miniFE.c 25 Ap -469.5604909968221818
miniFE.c 25 Ap -983.7683764991107864
miniFE.c 25 Ap -327.1570019233855646
miniFE.c 25 Ap -326.9486294151143397
miniFE.c 25 Ap -1328.4302221043296868
miniFE.c 25 Ap -637.9667784669213688
miniFE.c 25 Ap -644.2345728792454338
miniFE.c 25 Ap -754.9634173507454307
miniFE.c 25 Ap 4344.9942689607814827
miniFE.c 25 Ap 3516.2201783738214544
miniFE.c 25 Ap 4525.0247781510634013
miniFE.c 25 Ap 4525.3739779242896475
miniFE.c 25 Ap 3475.1662634588155925
miniFE.c 25 Ap 4701.5326072972893598
miniFE.c 25 Ap -948.2170947860555543
miniFE.c 25 Ap -994.1014632443446999
miniFE.c 25 Ap -269.7225203812563450
miniFE.c 25 Ap -5908.7420688270649407
miniFE.c 25 Ap -5688.4558081667973966
miniFE.c 25 Ap -5688.2164866742359663
miniFE.c 25 Ap -5802.4669537283361933
miniFE.c 25 Ap -5333.7089455785771861
miniFE.c 25 Ap -972.1995767856908515
miniFE.c 25 Ap -1056.3205137527661464
miniFE.c 25 Ap 209.5998289817214300
miniFE.c 25 Ap -106.6695051670133694
miniFE.c 25 Ap 3890.6269433154398030
miniFE.c 25 Ap 3890.7238560323849015
miniFE.c 25 Ap 2655.9275015693947353
miniFE.c 25 Ap 3033.1695160560043405
miniFE.c 25 Ap -1109.9744147899953077
miniFE.c 25 Ap -1184.2369556868668496
miniFE.c 25 Ap 34.7721886827507660
miniFE.c 25 Ap -921.0675045289389118
miniFE.c 25 Ap -651.4708773376482895
miniFE.c 25 Ap -650.0360724661487666
miniFE.c 25 Ap -1318.9176199099065343
miniFE.c 25 Ap -978.7314955632228930
miniFE.c 25 Ap -345.4240600041565017
miniFE.c 25 Ap -433.1133783718239556
miniFE.c 25 Ap 467.5915778283139161
miniFE.c 25 Ap 355.4838163564145361
miniFE.c 25 Ap 1199.4078633130288836
miniFE.c 25 Ap 1199.5721958473777704
miniFE.c 25 Ap -4569.7630047909278801
miniFE.c 25 Ap -4304.2021964239802401
miniFE.c 25 Ap -442.9875923844959971
miniFE.c 25 Ap -496.4894780212818546
miniFE.c 25 Ap 434.3016767092854593
miniFE.c 25 Ap 27.2485708996665039
miniFE.c 25 Ap 255.4155300886065447
miniFE.c 25 Ap 255.4894932744145137
miniFE.c 25 Ap 20.4782403583494101
miniFE.c 25 Ap 6461.7350770330403975
miniFE.c 57 sum 289829.7588881296105683
miniFE.c 57 sum 294738.1435075282934122
miniFE.c 57 sum 649048.2991081441286951
miniFE.c 57 sum 1108927.5440061427652836
miniFE.c 57 sum 1291082.7155605261214077
miniFE.c 57 sum 1291061.5867668671999127
miniFE.c 57 sum 1669268.5014019559603184
miniFE.c 57 sum 2310863.9471187442541122
miniFE.c 90 p_ap_dot 2310863.9471187442541122
miniFE.c 91 alpha 0.0000277626959289
miniFE.c 40 y 1.0000645444195759
miniFE.c 40 y 1.9998239594305824
miniFE.c 40 y 0.9999447987119936
miniFE.c 40 y 2.0000866387913514
miniFE.c 40 y 1.0000817910007769
miniFE.c 40 y 1.9997040835725481
miniFE.c 40 y 1.0000772768952386
miniFE.c 40 y 2.0000778560824091
miniFE.c 40 y 0.0003765362108356
miniFE.c 40 y 0.0115513085888249
miniFE.c 40 y 0.0063294670265611
miniFE.c 40 y -0.0024567302891715
miniFE.c 40 y -0.0038149048014735
miniFE.c 40 y -7.9758748099242824
miniFE.c 40 y -0.0019778809730945
miniFE.c 40 y -0.0034889367880546
miniFE.c 82 oldrtrans 64.1558130969074085
miniFE.c 48 sum 0.0000001417795181
miniFE.c 48 sum 0.0001335745096323
miniFE.c 48 sum 0.0001736366624727
miniFE.c 48 sum 0.0001796721861864
miniFE.c 48 sum 0.0001942256848307
miniFE.c 48 sum 63.6147732092695364
miniFE.c 48 sum 63.6147771212826783
miniFE.c 48 sum 63.6147892939625876
miniFE.c 83 rtrans 63.6147892939625876
miniFE.c 84 beta 0.9915670338067790
miniFE.c 40 y -68.5463735494080453
miniFE.c 40 y -7.6173606381048833
miniFE.c 40 y 74.7313817810806427
miniFE.c 40 y -85.4966416259265003
miniFE.c 40 y 59.5441471179745108
miniFE.c 40 y -7.9544689234771626
miniFE.c 40 y -87.1302054585485308
miniFE.c 40 y 98.4507010646757408
miniFE.c 87 normr 7.9758879940707912
miniFE.c 25 Ap -4599.0990548492036396
miniFE.c 25 Ap -4714.0263643446432980
miniFE.c 25 Ap -4017.5886997424336187
miniFE.c 25 Ap -5190.3025296380383224
miniFE.c 25 Ap -4352.9087756176440962
miniFE.c 25 Ap -4480.6289104405632315
miniFE.c 25 Ap -4915.9969388259760308
miniFE.c 25 Ap -4285.1186440093670171
miniFE.c 25 Ap -1034.1968382453712820
miniFE.c 25 Ap -1540.2683038412837959
miniFE.c 25 Ap -464.7364991894246486
miniFE.c 25 Ap -974.6227384643910909
miniFE.c 25 Ap -323.5902560938337729
miniFE.c 25 Ap -400.3689060319690043
miniFE.c 25 Ap -1393.4275810272847593
miniFE.c 25 Ap -708.8110539922339512
miniFE.c 25 Ap -638.7982554844995775
miniFE.c 25 Ap -748.4270812672858710
miniFE.c 25 Ap 4308.9511752099260775
miniFE.c 25 Ap 3487.1424939892358452
miniFE.c 25 Ap 4487.3757952234527693
miniFE.c 25 Ap 4358.7067718026528382
miniFE.c 25 Ap 3317.3317839744086086
miniFE.c 25 Ap 4533.3131294433997027
miniFE.c 25 Ap -940.2156473267199317
miniFE.c 25 Ap -985.6441845780200310
miniFE.c 25 Ap -267.3130649064611362
miniFE.c 25 Ap -5858.9396264992346914
miniFE.c 25 Ap -5640.5250259260274106
miniFE.c 25 Ap -5728.7073934201134762
miniFE.c 25 Ap -5841.9969618540981173
miniFE.c 25 Ap -5377.2084455081339911
miniFE.c 25 Ap -963.9957552384805695
miniFE.c 25 Ap -1047.2810056848704789
miniFE.c 25 Ap 208.0701971224425506
miniFE.c 25 Ap -105.5410599853179292
miniFE.c 25 Ap 3857.7923978124345012
miniFE.c 25 Ap 3822.0831402398785031
miniFE.c 25 Ap 2597.6719872007520280
miniFE.c 25 Ap 2971.7194768824151652
miniFE.c 25 Ap -1100.6079922587152851
miniFE.c 25 Ap -1174.1327833556333644
miniFE.c 25 Ap 34.6988816067748758
miniFE.c 25 Ap -913.1074828276673543
miniFE.c 25 Ap -645.8014807766262493
miniFE.c 25 Ap -1174.4814965442983521
miniFE.c 25 Ap -1837.7374446138742314
miniFE.c 25 Ap -1500.4320519216514640
miniFE.c 25 Ap -342.5092291257517445
miniFE.c 25 Ap -429.3274114360947351
miniFE.c 25 Ap 463.8575797284743203
miniFE.c 25 Ap 352.6920248972710397
miniFE.c 25 Ap 1189.4456793361466680
miniFE.c 25 Ap 1128.8943607725657330
miniFE.c 25 Ap -4591.9180952659044124
miniFE.c 25 Ap -4328.6060835784683150
miniFE.c 25 Ap -439.2494801261403836
miniFE.c 25 Ap -492.2198595021791903
miniFE.c 25 Ap 430.8001412108505406
miniFE.c 25 Ap 27.1681021888860528
miniFE.c 25 Ap 253.3964430117970892
miniFE.c 25 Ap 226.1433586266596762
miniFE.c 25 Ap -6.8913422939395161
miniFE.c 25 Ap 6379.8202582998965227
miniFE.c 57 sum 293729.3432757989503443
miniFE.c 57 sum 299128.6126983330468647
miniFE.c 57 sum 637909.3669079532846808
miniFE.c 57 sum 1097642.6303214675281197
miniFE.c 57 sum 1274591.1320463044103235
miniFE.c 57 sum 1286526.2721751043573022
miniFE.c 57 sum 1663678.6095864195376635
miniFE.c 57 sum 2291776.3866826649755239
miniFE.c 90 p_ap_dot 2291776.3866826649755239
miniFE.c 91 alpha 0.0000277578517972
miniFE.c 40 y 0.9981618443413529
miniFE.c 40 y 1.9996125178629038
miniFE.c 40 y 1.0020191813320762
miniFE.c 40 y 1.9977134356839368
miniFE.c 40 y 1.0017346086118710
miniFE.c 40 y 1.9994832846030444
miniFE.c 40 y 0.9976587295650567
miniFE.c 40 y 2.0028106360518971
miniFE.c 40 y 0.1193222244648582
miniFE.c 40 y 0.0312263807777902
miniFE.c 40 y -0.1195055669710328
miniFE.c 40 y 0.1468030248241363
miniFE.c 40 y -0.0863034536237614
miniFE.c 40 y -7.9342260393952051
miniFE.c 40 y 0.1181749251835289
miniFE.c 40 y -0.1805790420110031
miniFE.c 82 oldrtrans 63.6147892939625876
miniFE.c 48 sum 0.0142377932512420
miniFE.c 48 sum 0.0152128801077215
miniFE.c 48 sum 0.0294944606447895
miniFE.c 48 sum 0.0510455887423055
miniFE.c 48 sum 0.0584938748496943
miniFE.c 48 sum 63.0104367190666181
miniFE.c 48 sum 63.0244020320087515
miniFE.c 48 sum 63.0570108224223631
miniFE.c 83 rtrans 63.0570108224223631
miniFE.c 84 beta 0.9912319371370902
miniFE.c 40 y -67.8260324126374883
miniFE.c 40 y -7.5193447604027357
miniFE.c 40 y 73.9566267608209955
miniFE.c 40 y -84.6001986727585660
miniFE.c 40 y 58.9357568393020017
miniFE.c 40 y -15.8189496793102577
miniFE.c 40 y -86.2480674146462150
miniFE.c 40 y 97.4069000868321240
miniFE.c 87 normr 7.9408444653212014
miniFE.c 25 Ap -4550.7679751765126639
miniFE.c 25 Ap -4664.2164652163273786
miniFE.c 25 Ap -3974.9989076707365712
miniFE.c 25 Ap -5135.4166867636431562
miniFE.c 25 Ap -4306.5789746722348355
miniFE.c 25 Ap -4560.5743583031116941
miniFE.c 25 Ap -4991.5345616533795692
miniFE.c 25 Ap -4367.3450092622533703
miniFE.c 25 Ap -1023.3286553272887431
miniFE.c 25 Ap -1522.8882802428133800
miniFE.c 25 Ap -458.5067265998804942
miniFE.c 25 Ap -963.0467450476567137
miniFE.c 25 Ap -318.6661647118959309
miniFE.c 25 Ap -471.3548748572131899
miniFE.c 25 Ap -1454.3594608895762121
miniFE.c 25 Ap -777.0014235619540841
miniFE.c 25 Ap -632.0852429982726335
miniFE.c 25 Ap -740.3034272096459745
miniFE.c 25 Ap 4264.6439882985632721
miniFE.c 25 Ap 3451.4520736212402880
miniFE.c 25 Ap 4441.4655254440658609
miniFE.c 25 Ap 4185.5830993059435059
miniFE.c 25 Ap 3154.7513724501368415
miniFE.c 25 Ap 4357.8405545956156857
miniFE.c 25 Ap -930.3350953276179780
miniFE.c 25 Ap -975.1790839192240128
miniFE.c 25 Ap -264.2950450845294199
miniFE.c 25 Ap -5797.2927046226695893
miniFE.c 25 Ap -5581.1097477313442141
miniFE.c 25 Ap -5756.4768837917126802
miniFE.c 25 Ap -5868.6194672304600317
miniFE.c 25 Ap -5408.7587645273233647
miniFE.c 25 Ap -953.8653024922101622
miniFE.c 25 Ap -1036.0788855579971823
miniFE.c 25 Ap 206.2578429630907522
miniFE.c 25 Ap -104.0651609908389901
miniFE.c 25 Ap 3818.7730732867198640
miniFE.c 25 Ap 3747.7585336537126750
miniFE.c 25 Ap 2535.7437666186106071
miniFE.c 25 Ap 2905.8255035807151216
miniFE.c 25 Ap -1089.0419068302726373
miniFE.c 25 Ap -1161.6206226033859821
miniFE.c 25 Ap 34.6788453253584521
miniFE.c 25 Ap -903.1896511389888929
miniFE.c 25 Ap -638.6148389856964513
miniFE.c 25 Ap -1689.9939626381074049
miniFE.c 25 Ap -2346.5348650865062154
miniFE.c 25 Ap -2012.8056754575077321
miniFE.c 25 Ap -338.9098631099111572
miniFE.c 25 Ap -424.6109182755728852
miniFE.c 25 Ap 459.3142473721540000
miniFE.c 25 Ap 349.3142772512771330
miniFE.c 25 Ap 1177.5184299566626578
miniFE.c 25 Ap 1057.1008042687797115
miniFE.c 25 Ap -4605.7920556555436633
miniFE.c 25 Ap -4345.2717491800058269
miniFE.c 25 Ap -434.6334887402230152
miniFE.c 25 Ap -486.9222753082771078
miniFE.c 25 Ap 426.5285944411723449
miniFE.c 25 Ap 27.1286877015163554
miniFE.c 25 Ap 251.0455482198363484
miniFE.c 25 Ap 196.8476910603126839
miniFE.c 25 Ap -33.8276813800012519
miniFE.c 25 Ap 6285.1702742949883032
miniFE.c 57 sum 296219.6841553921694867
miniFE.c 57 sum 302062.2257384782424197
miniFE.c 57 sum 624353.4131178753450513
miniFE.c 57 sum 1081935.4791699110064656
miniFE.c 57 sum 1253192.5044663862790912
miniFE.c 57 sum 1285032.9761606787797064
miniFE.c 57 sum 1659804.2669189134612679
miniFE.c 57 sum 2272023.2198558924719691
miniFE.c 90 p_ap_dot 2272023.2198558924719691
miniFE.c 91 alpha 0.0000277536823882
miniFE.c 40 y 0.9962794221801230
miniFE.c 40 y 1.9994038283566564
miniFE.c 40 y 1.0040717500616962
miniFE.c 40 y 1.9953654686399971
miniFE.c 40 y 1.0033702928884953
miniFE.c 40 y 1.9990442504979304
miniFE.c 40 y 0.9952650280954374
miniFE.c 40 y 2.0055140362193229
miniFE.c 40 y 0.2405321307314717
miniFE.c 40 y 0.0527910315024828
miniFE.c 40 y -0.2404516896215557
miniFE.c 40 y 0.2969159976890455
miniFE.c 40 y -0.1669508117255778
miniFE.c 40 y -7.8783632699694559
miniFE.c 40 y 0.2387722172005483
miniFE.c 40 y -0.3550156615593386
