miniFE.c 167 A 67.0947100000000063
miniFE.c 167 A 15.0875500000000002
miniFE.c 167 A 9.3192129999999995
miniFE.c 167 A 13.7164900000000003
miniFE.c 167 A 14.0634099999999993
miniFE.c 167 A 16.0564000000000000
miniFE.c 167 A 4.9967519999999999
miniFE.c 167 A 6.4080630000000003
miniFE.c 167 A 15.0875500000000002
miniFE.c 167 A 66.4365899999999954
miniFE.c 167 A 14.3919700000000006
miniFE.c 167 A 5.9638159999999996
miniFE.c 167 A 10.9336099999999998
miniFE.c 167 A 9.6522659999999991
miniFE.c 167 A 11.3974100000000007
miniFE.c 167 A 6.9539020000000002
miniFE.c 167 A 9.3192129999999995
miniFE.c 167 A 14.3919700000000006
miniFE.c 167 A 67.6740900000000067
miniFE.c 167 A 9.6121750000000006
miniFE.c 167 A 16.7981799999999986
miniFE.c 167 A 16.1756899999999995
miniFE.c 167 A 11.9519400000000005
miniFE.c 167 A 12.3511699999999998
miniFE.c 167 A 13.7164900000000003
miniFE.c 167 A 5.9638159999999996
miniFE.c 167 A 9.6121750000000006
miniFE.c 167 A 65.4017099999999942
miniFE.c 167 A 3.6681119999999998
miniFE.c 167 A 11.0858899999999991
miniFE.c 167 A 1.3002330000000000
miniFE.c 167 A 4.7210279999999996
miniFE.c 167 A 14.0634099999999993
miniFE.c 167 A 10.9336099999999998
miniFE.c 167 A 16.7981799999999986
miniFE.c 167 A 3.6681119999999998
miniFE.c 167 A 66.5612600000000043
miniFE.c 167 A 4.4892070000000004
miniFE.c 167 A 14.0526599999999995
miniFE.c 167 A 3.7993380000000001
miniFE.c 167 A 16.0564000000000000
miniFE.c 167 A 9.6522659999999991
miniFE.c 167 A 16.1756899999999995
miniFE.c 167 A 11.0858899999999991
miniFE.c 167 A 4.4892070000000004
miniFE.c 167 A 66.4632699999999943
miniFE.c 167 A 7.6122389999999998
miniFE.c 167 A 3.4261349999999999
miniFE.c 167 A 4.9967519999999999
miniFE.c 167 A 11.3974100000000007
miniFE.c 167 A 11.9519400000000005
miniFE.c 167 A 1.3002330000000000
miniFE.c 167 A 14.0526599999999995
miniFE.c 167 A 7.6122389999999998
miniFE.c 167 A 65.6581999999999937
miniFE.c 167 A 2.6745570000000001
miniFE.c 167 A 6.4080630000000003
miniFE.c 167 A 6.9539020000000002
miniFE.c 167 A 12.3511699999999998
miniFE.c 167 A 4.7210279999999996
miniFE.c 167 A 3.7993380000000001
miniFE.c 167 A 3.4261349999999999
miniFE.c 167 A 2.6745570000000001
miniFE.c 167 A 64.8721800000000002
miniFE.c 175 b 198.0110999999999990
miniFE.c 175 b 229.8237000000000023
miniFE.c 175 b 210.8053999999999917
miniFE.c 175 b 202.6418999999999926
miniFE.c 175 b 157.2561000000000035
miniFE.c 175 b 225.5886000000000138
miniFE.c 175 b 142.6283999999999992
miniFE.c 175 b 185.1795999999999935
miniFE.c 33 r 0.0000000000000000
miniFE.c 33 r 0.0000000000000000
miniFE.c 33 r 0.0000000000000000
miniFE.c 33 r 0.0000000000000000
miniFE.c 33 r 0.0000000000000000
miniFE.c 33 r 0.0000000000000000
miniFE.c 33 r 0.0000000000000000
miniFE.c 33 r 0.0000000000000000
miniFE.c 25 Ap 0.0000000000000000
miniFE.c 25 Ap 0.0000000000000000
miniFE.c 25 Ap 0.0000000000000000
miniFE.c 25 Ap 0.0000000000000000
miniFE.c 25 Ap 0.0000000000000000
miniFE.c 25 Ap 0.0000000000000000
miniFE.c 25 Ap 0.0000000000000000
miniFE.c 25 Ap 0.0000000000000000
miniFE.c 25 Ap 0.0000000000000000
miniFE.c 25 Ap 0.0000000000000000
miniFE.c 25 Ap 0.0000000000000000
miniFE.c 25 Ap 0.0000000000000000
miniFE.c 25 Ap 0.0000000000000000
miniFE.c 25 Ap 0.0000000000000000
miniFE.c 25 Ap 0.0000000000000000
miniFE.c 25 Ap 0.0000000000000000
miniFE.c 25 Ap 0.0000000000000000
miniFE.c 25 Ap 0.0000000000000000
miniFE.c 25 Ap 0.0000000000000000
miniFE.c 25 Ap 0.0000000000000000
miniFE.c 25 Ap 0.0000000000000000
miniFE.c 25 Ap 0.0000000000000000
miniFE.c 25 Ap 0.0000000000000000
miniFE.c 25 Ap 0.0000000000000000
miniFE.c 25 Ap 0.0000000000000000
miniFE.c 25 Ap 0.0000000000000000
miniFE.c 25 Ap 0.0000000000000000
miniFE.c 25 Ap 0.0000000000000000
miniFE.c 25 Ap 0.0000000000000000
miniFE.c 25 Ap 0.0000000000000000
miniFE.c 25 Ap 0.0000000000000000
miniFE.c 25 Ap 0.0000000000000000
miniFE.c 25 Ap 0.0000000000000000
miniFE.c 25 Ap 0.0000000000000000
miniFE.c 25 Ap 0.0000000000000000
miniFE.c 25 Ap 0.0000000000000000
miniFE.c 25 Ap 0.0000000000000000
miniFE.c 25 Ap 0.0000000000000000
miniFE.c 25 Ap 0.0000000000000000
miniFE.c 25 Ap 0.0000000000000000
miniFE.c 25 Ap 0.0000000000000000
miniFE.c 25 Ap 0.0000000000000000
miniFE.c 25 Ap 0.0000000000000000
miniFE.c 25 Ap 0.0000000000000000
miniFE.c 25 Ap 0.0000000000000000
miniFE.c 25 Ap 0.0000000000000000
miniFE.c 25 Ap 0.0000000000000000
miniFE.c 25 Ap 0.0000000000000000
miniFE.c 25 Ap 0.0000000000000000
miniFE.c 25 Ap 0.0000000000000000
miniFE.c 25 Ap 0.0000000000000000
miniFE.c 25 Ap 0.0000000000000000
miniFE.c 25 Ap 0.0000000000000000
miniFE.c 25 Ap 0.0000000000000000
miniFE.c 25 Ap 0.0000000000000000
miniFE.c 25 Ap 0.0000000000000000
miniFE.c 25 Ap 0.0000000000000000
miniFE.c 25 Ap 0.0000000000000000
miniFE.c 25 Ap 0.0000000000000000
miniFE.c 25 Ap 0.0000000000000000
miniFE.c 25 Ap 0.0000000000000000
miniFE.c 25 Ap 0.0000000000000000
miniFE.c 25 Ap 0.0000000000000000
miniFE.c 25 Ap 0.0000000000000000
miniFE.c 33 r 198.0110999999999990
miniFE.c 33 r 229.8237000000000023
miniFE.c 33 r 210.8053999999999917
miniFE.c 33 r 202.6418999999999926
miniFE.c 33 r 157.2561000000000035
miniFE.c 33 r 225.5886000000000138
miniFE.c 33 r 142.6283999999999992
miniFE.c 33 r 185.1795999999999935
miniFE.c 48 sum 39208.3957232100001420
miniFE.c 48 sum 92027.3288048999966122
miniFE.c 48 sum 136466.2454740600078367
miniFE.c 48 sum 177529.9851096700003836
miniFE.c 48 sum 202259.4660968800017145
miniFE.c 48 sum 253149.6825468399911188
miniFE.c 48 sum 273492.5430333999684080
miniFE.c 48 sum 307784.0272895599482581
miniFE.c 75 rtrans 307784.0272895599482581
miniFE.c 76 normr 554.7828649927464539
miniFE.c 33 r 198.0110999999999990
miniFE.c 33 r 229.8237000000000023
miniFE.c 33 r 210.8054000004656530
miniFE.c 33 r 202.6418999999999926
miniFE.c 33 r 157.2561000000000035
miniFE.c 33 r 225.5886000000000138
miniFE.c 33 r 142.6283999999999992
miniFE.c 33 r 185.1795999999999935
miniFE.c 87 normr 554.7828649927464539
miniFE.c 25 Ap 13285.4973312810016068
miniFE.c 25 Ap 16752.9738962160008668
miniFE.c 25 Ap 18717.5143203705410997
miniFE.c 25 Ap 21497.0499153015407501
miniFE.c 25 Ap 23708.6069246025399480
miniFE.c 25 Ap 27330.7477216425395454
miniFE.c 25 Ap 28043.4264645993389422
miniFE.c 25 Ap 29230.0690077141407528
miniFE.c 25 Ap 2987.5023718050001662
miniFE.c 25 Ap 18256.2053009880000900
miniFE.c 25 Ap 21290.1102936327006319
miniFE.c 25 Ap 22498.6292991231021006
miniFE.c 25 Ap 24218.0061666441033594
miniFE.c 25 Ap 26395.4473404117015889
miniFE.c 25 Ap 28021.0416928557024221
miniFE.c 25 Ap 29308.7624836549039173
miniFE.c 25 Ap 1845.3076172643000064
miniFE.c 25 Ap 5152.9234129532997031
miniFE.c 25 Ap 19418.9870250708117965
miniFE.c 25 Ap 21366.8164302033110289
miniFE.c 25 Ap 24008.4327041013093549
miniFE.c 25 Ap 27657.4839652353111887
miniFE.c 25 Ap 29362.1700443313093274
miniFE.c 25 Ap 31649.3547644633072196
miniFE.c 25 Ap 2716.0172730389999742
miniFE.c 25 Ap 4086.6435322781999275
miniFE.c 25 Ap 6112.9419280276761128
miniFE.c 25 Ap 19366.0687056766764726
miniFE.c 25 Ap 19942.9016931598780502
miniFE.c 25 Ap 22443.7520980138797313
miniFE.c 25 Ap 22629.2022504310807562
miniFE.c 25 Ap 23503.4403270598813833
miniFE.c 25 Ap 2784.7112838509997346
miniFE.c 25 Ap 5297.5139884079999320
miniFE.c 25 Ap 8838.6610425878207025
miniFE.c 25 Ap 9581.9742276806209702
miniFE.c 25 Ap 20049.1383863666196703
miniFE.c 25 Ap 21061.8523086068198609
miniFE.c 25 Ap 23066.1607201508195431
miniFE.c 25 Ap 23769.7206112556195876
miniFE.c 25 Ap 3179.3454260399998930
miniFE.c 25 Ap 5397.6649115441996400
miniFE.c 25 Ap 8807.5877122777310433
miniFE.c 25 Ap 11054.0535250687316875
miniFE.c 25 Ap 11760.0087099814318208
miniFE.c 25 Ap 26753.3647407034295611
miniFE.c 25 Ap 27839.0862096910277614
miniFE.c 25 Ap 28473.5365185370283143
miniFE.c 25 Ap 989.4123599472000024
miniFE.c 25 Ap 3608.8072965641999872
miniFE.c 25 Ap 6128.3407890457656322
miniFE.c 25 Ap 6391.8224746084651997
miniFE.c 25 Ap 8601.6889808344658377
miniFE.c 25 Ap 10318.9233197098656092
miniFE.c 25 Ap 19683.6473325898623443
miniFE.c 25 Ap 20178.9207280270638876
miniFE.c 25 Ap 1268.8676034993000030
miniFE.c 25 Ap 2867.0390905766998912
miniFE.c 25 Ap 5470.7324229004516383
miniFE.c 25 Ap 6427.4105067736518322
miniFE.c 25 Ap 7024.8795832354517188
miniFE.c 25 Ap 7797.7765812964516954
miniFE.c 25 Ap 8179.2443669152517032
miniFE.c 25 Ap 20192.2487104432511842
miniFE.c 57 sum 5787878.1172933857887983
miniFE.c 57 sum 12523726.3537081442773342
miniFE.c 57 sum 19195581.2445874735713005
miniFE.c 57 sum 23958363.0489995107054710
miniFE.c 57 sum 27696296.6104151867330074
miniFE.c 57 sum 34119601.8506808280944824
miniFE.c 57 sum 36997689.0278461650013924
miniFE.c 57 sum 40736881.5671465620398521
miniFE.c 90 p_ap_dot 40736881.5671465620398521
miniFE.c 91 alpha 0.0075554145395798
miniFE.c 40 y 1.4960559439381920
miniFE.c 40 y 1.7364133245200286
miniFE.c 40 y 1.5927221841854562
miniFE.c 40 y 1.5310435575880781
miniFE.c 40 y 1.1881350243776168
miniFE.c 40 y 1.7044153884034543
miniFE.c 40 y 1.0776166871170052
miniFE.c 40 y 1.3991086422735737
miniFE.c 40 y -22.8341883738046363
miniFE.c 40 y 8.3838497939024421
miniFE.c 40 y -28.3185951557456406
miniFE.c 40 y 25.0636652227852892
miniFE.c 40 y -22.3339927080306211
miniFE.c 40 y 10.4592281945886327
miniFE.c 40 y -9.8317110615641070
miniFE.c 40 y 32.6187905063053449
miniFE.c 82 oldrtrans 307784.0272895599482581
miniFE.c 48 sum 521.4001586903948464
miniFE.c 48 sum 591.6890960571129199
miniFE.c 48 sum 1393.6319276521335269
miniFE.c 48 sum 2021.8192420519903862
miniFE.c 48 sum 2520.6264723343551850
miniFE.c 48 sum 2630.0219267608331393
miniFE.c 48 sum 2726.6844691589153626
miniFE.c 48 sum 3790.6699632531508541
miniFE.c 83 rtrans 3790.6699632531508541
miniFE.c 84 beta 0.0123160061184297
miniFE.c 40 y -20.3954824546876452
miniFE.c 40 y 11.2143598892625924
miniFE.c 40 y -25.7223145595418892
miniFE.c 40 y 27.5594041030355044
miniFE.c 40 y -20.3972256182702303
miniFE.c 40 y 13.2375787724366205
miniFE.c 40 y -8.0750988145022706
miniFE.c 40 y 34.8994635929137047
miniFE.c 87 normr 61.5684169298931323
miniFE.c 25 Ap -1368.4289806073559248
miniFE.c 25 Ap -1199.2317650601121386
miniFE.c 25 Ap -1438.9434932934841527
miniFE.c 25 Ap -1060.9252025082387263
miniFE.c 25 Ap -1347.7797492404765762
miniFE.c 25 Ap -1135.2318894387251476
miniFE.c 25 Ap -1175.5811555902869259
miniFE.c 25 Ap -951.9431942206895201
miniFE.c 25 Ap -307.7178613092225987
miniFE.c 25 Ap 437.3259687661616226
miniFE.c 25 Ap 67.1311892946715147
miniFE.c 25 Ap 231.4904044348203058
miniFE.c 25 Ap 8.4750944426447461
miniFE.c 25 Ap 136.2477259501564504
miniFE.c 25 Ap 44.2125139707601136
miniFE.c 25 Ap 286.8999636484498978
miniFE.c 25 Ap -190.0698452329970110
miniFE.c 25 Ap -28.6731141375264542
miniFE.c 25 Ap -1769.4073446482748295
miniFE.c 25 Ap -1504.5015295141795377
miniFE.c 25 Ap -1847.1377969504942484
miniFE.c 25 Ap -1633.0108263769789119
miniFE.c 25 Ap -1729.5239229019812228
miniFE.c 25 Ap -1298.4747151570932147
miniFE.c 25 Ap -279.7544311348985389
miniFE.c 25 Ap -212.8740521975560682
miniFE.c 25 Ap -460.1214411489206668
miniFE.c 25 Ap 1342.3107137706174399
miniFE.c 25 Ap 1267.4914057135329131
miniFE.c 25 Ap 1414.2417478511003992
miniFE.c 25 Ap 1403.7422378942237629
miniFE.c 25 Ap 1568.5035827013498420
miniFE.c 25 Ap -286.8300319080787517
miniFE.c 25 Ap -164.2165944792383812
miniFE.c 25 Ap -596.3046644670437217
miniFE.c 25 Ap -495.2136835638499406
miniFE.c 25 Ap -1852.8787212201955299
miniFE.c 25 Ap -1793.4524899319217184
miniFE.c 25 Ap -1906.9291080385251007
miniFE.c 25 Ap -1774.3342498303516095
miniFE.c 25 Ap -327.4780244854467242
miniFE.c 25 Ap -219.2340398145536540
miniFE.c 25 Ap -635.3102262121898320
miniFE.c 25 Ap -329.7897038603895794
miniFE.c 25 Ap -421.3570718865076401
miniFE.c 25 Ap 458.4557002122159588
miniFE.c 25 Ap 396.9861180876080198
miniFE.c 25 Ap 516.5563917845154265
miniFE.c 25 Ap -101.9111677464253916
miniFE.c 25 Ap 25.9034897990549808
miniFE.c 25 Ap -281.5280704777161418
miniFE.c 25 Ap -245.6944238026139828
miniFE.c 25 Ap -532.3297003594552734
miniFE.c 25 Ap -431.5620869623411409
miniFE.c 25 Ap -961.7585399446941210
miniFE.c 25 Ap -868.4179352960215965
miniFE.c 25 Ap -130.6955364850330739
miniFE.c 25 Ap -52.7119768223701470
miniFE.c 25 Ap -370.4126567407471384
miniFE.c 25 Ap -240.3039383070016584
miniFE.c 25 Ap -317.7998926930692392
miniFE.c 25 Ap -272.4461607455671128
miniFE.c 25 Ap -294.0434728055858500
miniFE.c 25 Ap 1969.9608112973585321
miniFE.c 57 sum 19415.3407155873865122
miniFE.c 57 sum 22632.7401601574601955
miniFE.c 57 sum 56032.5152310397679685
miniFE.c 57 sum 99259.5393037652393105
miniFE.c 57 sum 135451.0353197791846469
miniFE.c 57 sum 142288.9912464323278982
miniFE.c 57 sum 149301.5518862337339669
miniFE.c 57 sum 218052.1274995726416819
miniFE.c 90 p_ap_dot 218052.1274995726416819
miniFE.c 91 alpha 0.0173842374606530
miniFE.c 40 y 1.1414960338213205
miniFE.c 40 y 1.9313664198041915
miniFE.c 40 y 1.1455593598447684
miniFE.c 40 y 2.0101427827893414
miniFE.c 40 y 0.8335448106910928
miniFE.c 40 y 1.9345406011875916
miniFE.c 40 y 0.9372372518074603
miniFE.c 40 y 2.0058092046221989
miniFE.c 40 y -6.2853818364196705
miniFE.c 40 y 3.3963126983850804
miniFE.c 40 y -5.7456023708009916
miniFE.c 40 y -2.2035735167799295
miniFE.c 40 y 8.5114552255897848
miniFE.c 40 y 1.4792892179885211
miniFE.c 40 y 5.2650725407119090
miniFE.c 40 y -1.6274760254685319
miniFE.c 82 oldrtrans 3790.6699632531508541
miniFE.c 48 sum 39.5060248295943097
miniFE.c 48 sum 51.0409647748060564
miniFE.c 48 sum 84.0529113781600330
miniFE.c 48 sum 88.9086476220139019
miniFE.c 48 sum 161.3535176792335619
miniFE.c 48 sum 163.5418142696906614
miniFE.c 48 sum 191.2628031286492103
miniFE.c 48 sum 193.9114813421240626
miniFE.c 83 rtrans 193.9114813421240626
miniFE.c 84 beta 0.0511549365209598
miniFE.c 40 y -7.3287114467035668
miniFE.c 40 y 3.9699825666435062
miniFE.c 40 y -7.0614257392665181
miniFE.c 40 y -0.7937739493336684
miniFE.c 40 y 7.4680364438834754
miniFE.c 40 y 2.1564567197837219
miniFE.c 40 y 4.8519913734555677
miniFE.c 40 y 0.1578038192425173
miniFE.c 87 normr 13.9252102799966391
miniFE.c 25 Ap -491.7177691902563197
miniFE.c 25 Ap -431.8204587168941089
miniFE.c 25 Ap -497.6273892648012520
miniFE.c 25 Ap -508.5151817030970278
miniFE.c 25 Ap -403.4891232978217204
miniFE.c 25 Ap -368.8641916222863983
miniFE.c 25 Ap -344.6199940229895446
miniFE.c 25 Ap -343.6087772076429019
miniFE.c 25 Ap -110.5723003877124029
miniFE.c 25 Ap 153.1798036995298844
miniFE.c 25 Ap 51.5519763027783284
miniFE.c 25 Ap 46.8180545233590095
miniFE.c 25 Ap 128.4706524665677989
miniFE.c 25 Ap 149.2853463434077526
miniFE.c 25 Ap 204.5854813431439823
miniFE.c 25 Ap 205.6828336373821742
miniFE.c 25 Ap -68.2978229873686900
miniFE.c 25 Ap -11.1619529877123469
miniFE.c 25 Ap -489.0375139951513006
miniFE.c 25 Ap -496.6674081065876294
miniFE.c 25 Ap -371.2179876756731005
miniFE.c 25 Ap -336.3358122780347230
miniFE.c 25 Ap -278.3451025019761573
miniFE.c 25 Ap -276.3960407038625817
miniFE.c 25 Ap -100.5241972715950141
miniFE.c 25 Ap -76.8479517209254084
miniFE.c 25 Ap -144.7236116762595657
miniFE.c 25 Ap -196.6377853161348526
miniFE.c 25 Ap -169.2441912198885632
miniFE.c 25 Ap -145.3379492346053894
miniFE.c 25 Ap -139.0292299351231406
miniFE.c 25 Ap -138.2842336859722820
miniFE.c 25 Ap -103.0666738466854042
miniFE.c 25 Ap -59.6604327562062977
miniFE.c 25 Ap -178.2795333810383340
miniFE.c 25 Ap -181.1911851298765441
miniFE.c 25 Ap 315.8907303009269185
miniFE.c 25 Ap 325.5715109025770175
miniFE.c 25 Ap 393.7548959966811140
miniFE.c 25 Ap 394.3544460436743293
miniFE.c 25 Ap -117.6727224728511487
miniFE.c 25 Ap -79.3533947242453053
miniFE.c 25 Ap -193.5768284406413215
miniFE.c 25 Ap -202.3765191278199325
miniFE.c 25 Ap -168.8509576476831171
miniFE.c 25 Ap -25.5257924373832736
miniFE.c 25 Ap 11.4087255232987630
miniFE.c 25 Ap 11.9493827115392257
miniFE.c 25 Ap -36.6197535787389370
miniFE.c 25 Ap 8.6277654261494305
miniFE.c 25 Ap -75.7699713240196502
miniFE.c 25 Ap -76.8020624074836178
miniFE.c 25 Ap 28.1437146060199410
miniFE.c 25 Ap 44.5591785501696620
miniFE.c 25 Ap 363.1321985467899367
miniFE.c 25 Ap 363.5542538561717265
miniFE.c 25 Ap -46.9628446592976019
miniFE.c 25 Ap -19.3559749491501911
miniFE.c 25 Ap -106.5728446972066337
miniFE.c 25 Ap -110.3202737376814611
miniFE.c 25 Ap -81.9466790910501004
miniFE.c 25 Ap -74.5583672474138979
miniFE.c 25 Ap -61.5814397555986943
miniFE.c 25 Ap -51.3443619890106504
miniFE.c 57 sum 2518.2095787094681327
miniFE.c 57 sum 3334.7668425077117718
miniFE.c 57 sum 5286.5169585653229660
miniFE.c 57 sum 5396.2833808688174031
miniFE.c 57 sum 8341.3367557304572983
miniFE.c 57 sum 8367.1050823760233470
miniFE.c 57 sum 10131.0671858692439855
miniFE.c 57 sum 10122.9648494508073782
miniFE.c 90 p_ap_dot 10122.9648494508073782
miniFE.c 91 alpha 0.0191556015679185
miniFE.c 40 y 1.0011101573420231
miniFE.c 40 y 2.0074138240823971
miniFE.c 40 y 1.0102935018819346
miniFE.c 40 y 1.9949375652809125
miniFE.c 40 y 0.9765995413048199
miniFE.c 40 y 1.9758488269102292
miniFE.c 40 y 1.0301800653683530
miniFE.c 40 y 2.0088320317095043
miniFE.c 40 y 0.2966509950096228
miniFE.c 40 y -0.5436657121330835
miniFE.c 40 y -0.4510699401276081
miniFE.c 40 y 0.4453441668334936
miniFE.c 40 y 0.9573585806399336
miniFE.c 40 y 1.2503916037837017
miniFE.c 40 y -1.6990278944788253
miniFE.c 40 y -0.6439438844480629
miniFE.c 82 oldrtrans 193.9114813421240626
miniFE.c 48 sum 0.0880018128401992
miniFE.c 48 sum 0.3835742193893720
miniFE.c 48 sum 0.5870383102760961
miniFE.c 48 sum 0.7853697372087147
miniFE.c 48 sum 1.7019051891336230
miniFE.c 48 sum 3.2653843519464010
miniFE.c 48 sum 6.1520801381635515
miniFE.c 48 sum 6.5667438644816114
miniFE.c 83 rtrans 6.5667438644816114
miniFE.c 84 beta 0.0338646469978521
miniFE.c 40 y 0.0484667689178886
miniFE.c 40 y -0.4092236539260743
miniFE.c 40 y -0.6902026300894155
miniFE.c 40 y 0.4184632922432180
miniFE.c 40 y 1.2102609985791422
miniFE.c 40 y 1.3234192493653234
miniFE.c 40 y -1.5347169193801289
miniFE.c 40 y -0.6385999138145022
miniFE.c 87 normr 2.5625658751496734
miniFE.c 25 Ap 3.2518638051827509
miniFE.c 25 Ap -2.9223185346095910
miniFE.c 25 Ap -9.3544638575730623
miniFE.c 25 Ap -3.6146162941518840
miniFE.c 25 Ap 13.4057803358760097
miniFE.c 25 Ap 34.6551291713853900
miniFE.c 25 Ap 26.9865293350388917
miniFE.c 25 Ap 22.8943408555209906
miniFE.c 25 Ap 0.7312447993870904
miniFE.c 25 Ap -26.4561793148013926
miniFE.c 25 Ap -36.3895548609693549
miniFE.c 25 Ap -33.8939167832765733
miniFE.c 25 Ap -20.6613950266016815
miniFE.c 25 Ap -7.8874004022072501
miniFE.c 25 Ap -25.3791983663195282
miniFE.c 25 Ap -29.8199595841940237
miniFE.c 25 Ap 0.4516721429675835
miniFE.c 25 Ap -5.4378624076268602
miniFE.c 25 Ap -52.1466973145346770
miniFE.c 25 Ap -48.1243549184167207
miniFE.c 25 Ap -27.7941728173045490
miniFE.c 25 Ap -6.3869532995383800
miniFE.c 25 Ap -24.7297978369545177
miniFE.c 25 Ap -32.6172539344627808
miniFE.c 25 Ap 0.6647939511945301
miniFE.c 25 Ap -1.7757406236682542
miniFE.c 25 Ap -8.4100890895479825
miniFE.c 25 Ap 18.9581257953882130
miniFE.c 25 Ap 23.3974986874083477
miniFE.c 25 Ap 38.0687789097548901
miniFE.c 25 Ap 36.0732893255185090
miniFE.c 25 Ap 33.0584412516026589
miniFE.c 25 Ap 0.6816080426675240
miniFE.c 25 Ap -3.7926837921351413
miniFE.c 25 Ap -15.3868318088505589
miniFE.c 25 Ap -13.8518615850137046
miniFE.c 25 Ap 66.7046354092722140
miniFE.c 25 Ap 72.6457383674577670
miniFE.c 25 Ap 51.0788833031614047
miniFE.c 25 Ap 48.6526263838092419
miniFE.c 25 Ap 0.7782018284531869
miniFE.c 25 Ap -3.1717337327332258
miniFE.c 25 Ap -14.3362375142442815
miniFE.c 25 Ap -9.6971994873981124
miniFE.c 25 Ap -4.2640873407496374
miniFE.c 25 Ap 83.6946835530151674
miniFE.c 25 Ap 72.0120515653498927
miniFE.c 25 Ap 69.8241220496330470
miniFE.c 25 Ap 0.2421764245239978
miniFE.c 25 Ap -4.4219133409695806
miniFE.c 25 Ap -12.6711737636404713
miniFE.c 25 Ap -12.1270739817771958
miniFE.c 25 Ap 4.8803123425159729
miniFE.c 25 Ap 14.9544959658854122
miniFE.c 25 Ap -85.8122544701589618
miniFE.c 25 Ap -87.5202263398509359
miniFE.c 25 Ap 0.3105781086322721
miniFE.c 25 Ap -2.5351230768515638
miniFE.c 25 Ap -11.0599330955330490
miniFE.c 25 Ap -9.0843561758806342
miniFE.c 25 Ap -4.4861655740609532
miniFE.c 25 Ap 0.0480474358633094
miniFE.c 25 Ap -4.0566404438832500
miniFE.c 25 Ap -45.4840090008421214
miniFE.c 57 sum 1.1096147277719124
miniFE.c 57 sum 13.3126475487436498
miniFE.c 57 sum 35.8251620006041946
miniFE.c 57 sum 49.6589061631788553
miniFE.c 57 sum 108.5412823539457463
miniFE.c 57 sum 200.9478695444638561
miniFE.c 57 sum 335.2666416962115363
miniFE.c 57 sum 364.3127259240873741
miniFE.c 90 p_ap_dot 364.3127259240873741
miniFE.c 91 alpha 0.0180250191585400
miniFE.c 40 y 1.0019837717803206
miniFE.c 40 y 2.0000375598802518
miniFE.c 40 y 0.9978525862512981
miniFE.c 40 y 2.0024803741407422
miniFE.c 40 y 0.9984145189910426
miniFE.c 40 y 1.9997034842348198
miniFE.c 40 y 1.0025167634935908
miniFE.c 40 y 1.9973212560283560
miniFE.c 40 y -0.1160199375332884
miniFE.c 40 y -0.0061603693210973
miniFE.c 40 y 0.1368566869400480
miniFE.c 40 y -0.1505348700781137
miniFE.c 40 y 0.0803940579584829
miniFE.c 40 y -0.0081895338891700
miniFE.c 40 y -0.1214741379432540
miniFE.c 40 y 0.1759062491993226
miniFE.c 82 oldrtrans 6.5667438644816114
miniFE.c 48 sum 0.0134606259052281
miniFE.c 48 sum 0.0134985760554005
miniFE.c 48 sum 0.0322283288156068
miniFE.c 48 sum 0.0548890759250413
miniFE.c 48 sum 0.0613522804800732
miniFE.c 48 sum 0.0614193489453951
miniFE.c 48 sum 0.0761753151344518
miniFE.c 48 sum 0.1071183236418260
miniFE.c 83 rtrans 0.1071183236418260
miniFE.c 84 beta 0.0163122433054243
miniFE.c 40 y -0.1152293358064720
miniFE.c 40 y -0.0128357251302742
miniFE.c 40 y 0.1255979337079857
miniFE.c 40 y -0.1437087950406535
miniFE.c 40 y 0.1001361298303716
miniFE.c 40 y 0.0133984029015591
miniFE.c 40 y -0.1465088137371339
miniFE.c 40 y 0.1654892520303575
miniFE.c 87 normr 0.3272893576666159
miniFE.c 25 Ap -7.7312788694278556
miniFE.c 25 Ap -7.9249385141171240
miniFE.c 25 Ap -6.7544646175325251
miniFE.c 25 Ap -8.7256448676196978
miniFE.c 25 Ap -7.3173894180019516
miniFE.c 25 Ap -7.1022593016533575
miniFE.c 25 Ap -7.8343275097120086
miniFE.c 25 Ap -6.7738619568785996
miniFE.c 25 Ap -1.7385283654469368
miniFE.c 25 Ap -2.5912901732796589
miniFE.c 25 Ap -0.7836884792923393
miniFE.c 25 Ap -1.6407412904965091
miniFE.c 25 Ap -0.5458919000218603
miniFE.c 25 Ap -0.4165669512408399
miniFE.c 25 Ap -2.0863879700165868
miniFE.c 25 Ap -0.9355919293441797
miniFE.c 25 Ap -1.0738467242290393
miniFE.c 25 Ap -1.2585780952321912
miniFE.c 25 Ap 7.2411477743360715
miniFE.c 25 Ap 5.8597936873661780
miniFE.c 25 Ap 7.5418984207601287
miniFE.c 25 Ap 7.7586268325908492
miniFE.c 25 Ap 6.0075622813334491
miniFE.c 25 Ap 8.0515481663332391
miniFE.c 25 Ap -1.5805420322961152
miniFE.c 25 Ap -1.6570919351996465
miniFE.c 25 Ap -0.4498226167600885
miniFE.c 25 Ap -9.8486235544583458
miniFE.c 25 Ap -9.4813130149940026
miniFE.c 25 Ap -9.3327797942516373
miniFE.c 25 Ap -9.5232753886635120
miniFE.c 25 Ap -8.7419959961291376
miniFE.c 25 Ap -1.6205173934740964
miniFE.c 25 Ap -1.7608582061157134
miniFE.c 25 Ap 0.3489584919390982
miniFE.c 25 Ap -0.1781814636550633
miniFE.c 25 Ap 6.4870055093780552
miniFE.c 25 Ap 6.5471537134725546
miniFE.c 25 Ap 4.4883151670212831
miniFE.c 25 Ap 5.1170647708517976
miniFE.c 25 Ap -1.8501683074430371
miniFE.c 25 Ap -1.9740621407033281
miniFE.c 25 Ap 0.0575710995975998
miniFE.c 25 Ap -1.5355687942556302
miniFE.c 25 Ap -1.0860369792682172
miniFE.c 25 Ap -0.1955353096531106
miniFE.c 25 Ap -1.3107954154266568
miniFE.c 25 Ap -0.7438068969216279
miniFE.c 25 Ap -0.5757724141496606
miniFE.c 25 Ap -0.7220664361066989
miniFE.c 25 Ap 0.7790725316951244
miniFE.c 25 Ap 0.5922176139930304
miniFE.c 25 Ap 1.9993966002150996
miniFE.c 25 Ap 2.1013884453200609
miniFE.c 25 Ap -7.5181165487954216
miniFE.c 25 Ap -7.0755061113528646
miniFE.c 25 Ap -0.7383968432960284
miniFE.c 25 Ap -0.8276552179508923
miniFE.c 25 Ap 0.7236262129251700
miniFE.c 25 Ap 0.0451729676919839
miniFE.c 25 Ap 0.4256239709294481
miniFE.c 25 Ap 0.4715287080545814
miniFE.c 25 Ap 0.0796825347122338
miniFE.c 25 Ap 10.8153310804909513
miniFE.c 57 sum 0.7805476141358497
miniFE.c 57 sum 0.7925566149750145
miniFE.c 57 sum 1.8038144278167909
miniFE.c 57 sum 3.0601161386707263
miniFE.c 57 sum 3.5725192009151625
miniFE.c 57 sum 3.5625533764292481
miniFE.c 57 sum 4.5991773833933971
miniFE.c 57 sum 6.3889984343645230
miniFE.c 90 p_ap_dot 6.3889984343645230
miniFE.c 91 alpha 0.0167660588341466
miniFE.c 40 y 1.0000518299567696
miniFE.c 40 y 1.9998223553575387
miniFE.c 40 y 0.9999583685972935
miniFE.c 40 y 2.0000709440281064
miniFE.c 40 y 1.0000934072352023
miniFE.c 40 y 1.9999281226461509
miniFE.c 40 y 1.0000603881027530
miniFE.c 40 y 2.0000958585643160
miniFE.c 40 y -0.0024489694298745
miniFE.c 40 y 0.0095258200110399
miniFE.c 40 y 0.0018639566773399
miniFE.c 40 y -0.0039660508791387
miniFE.c 40 y -0.0053989510477572
miniFE.c 40 y 0.0042811763058620
miniFE.c 40 y -0.0028457861989482
miniFE.c 40 y -0.0054242280069628
miniFE.c 82 oldrtrans 0.1071183236418260
miniFE.c 48 sum 0.0000059974512685
miniFE.c 48 sum 0.0000967386981512
miniFE.c 48 sum 0.0001002130326462
miniFE.c 48 sum 0.0001159425922221
miniFE.c 48 sum 0.0001450912646382
miniFE.c 48 sum 0.0001634197352001
miniFE.c 48 sum 0.0001715182342902
miniFE.c 48 sum 0.0002009404837617
miniFE.c 83 rtrans 0.0002009404837617
miniFE.c 84 beta 0.0018758740515170
miniFE.c 40 y -0.0026651251508874
miniFE.c 40 y 0.0095017418073356
miniFE.c 40 y 0.0020995625821069
miniFE.c 40 y -0.0042356304787302
miniFE.c 40 y -0.0052111082801891
miniFE.c 40 y 0.0043063100221968
miniFE.c 40 y -0.0031206182809562
miniFE.c 40 y -0.0051137910132741
miniFE.c 87 normr 0.0141753477474700
miniFE.c 25 Ap -0.1788157991124931
miniFE.c 25 Ap -0.0354577945072264
miniFE.c 25 Ap -0.0158915235977425
miniFE.c 25 Ap -0.0739895067029411
miniFE.c 25 Ap -0.1472754590016346
miniFE.c 25 Ap -0.0781316227612333
miniFE.c 25 Ap -0.0937245783978377
miniFE.c 25 Ap -0.1264940733797321
miniFE.c 25 Ap -0.0402102089702705
miniFE.c 25 Ap 0.5910531157695457
miniFE.c 25 Ap 0.6212699574643503
miniFE.c 25 Ap 0.5960094366452112
miniFE.c 25 Ap 0.5390332110418534
miniFE.c 25 Ap 0.5805988608545632
miniFE.c 25 Ap 0.5450318948530103
miniFE.c 25 Ap 0.5094710932982214
miniFE.c 25 Ap -0.0248368689527764
miniFE.c 25 Ap 0.1119119140861438
miniFE.c 25 Ap 0.2539979012282765
miniFE.c 25 Ap 0.2132842798313877
miniFE.c 25 Ap 0.1257471449412815
miniFE.c 25 Ap 0.1954046809042307
miniFE.c 25 Ap 0.1581072384473391
miniFE.c 25 Ap 0.0949459362979182
miniFE.c 25 Ap -0.0365561624808948
miniFE.c 25 Ap 0.0201104773375623
miniFE.c 25 Ap 0.0402918403002254
miniFE.c 25 Ap -0.2367256359368510
miniFE.c 25 Ap -0.2558405647527118
miniFE.c 25 Ap -0.2081012855407401
miniFE.c 25 Ap -0.2121588164100427
miniFE.c 25 Ap -0.2363011669698581
miniFE.c 25 Ap -0.0374807476982407
miniFE.c 25 Ap 0.0664075915438622
miniFE.c 25 Ap 0.1016764217193582
miniFE.c 25 Ap 0.0861396547327621
miniFE.c 25 Ap -0.2607182783930544
miniFE.c 25 Ap -0.2413863612972383
miniFE.c 25 Ap -0.2852393489893001
miniFE.c 25 Ap -0.3046683695100910
miniFE.c 25 Ap -0.0427923154727077
miniFE.c 25 Ap 0.0489210239150166
miniFE.c 25 Ap 0.0828828973787769
miniFE.c 25 Ap 0.0359271638109261
miniFE.c 25 Ap 0.0125334200417434
miniFE.c 25 Ap 0.2987448657507178
miniFE.c 25 Ap 0.2749899735683101
miniFE.c 25 Ap 0.2574694351950462
miniFE.c 25 Ap -0.0133169694279467
miniFE.c 25 Ap 0.0949782776643985
miniFE.c 25 Ap 0.1200721236719849
miniFE.c 25 Ap 0.1145648171477340
miniFE.c 25 Ap 0.0413348842630525
miniFE.c 25 Ap 0.0741155453601102
miniFE.c 25 Ap -0.1307786338545678
miniFE.c 25 Ap -0.1444557594056571
miniFE.c 25 Ap -0.0170782898697707
miniFE.c 25 Ap 0.0489958914877442
miniFE.c 25 Ap 0.0749279458649851
miniFE.c 25 Ap 0.0549314157772462
miniFE.c 25 Ap 0.0351326540662093
miniFE.c 25 Ap 0.0498866535541087
miniFE.c 25 Ap 0.0415403820864493
miniFE.c 25 Ap -0.2902023890090516
miniFE.c 57 sum 0.0003371225364025
miniFE.c 57 sum 0.0051779853232232
miniFE.c 57 sum 0.0053773302583974
miniFE.c 57 sum 0.0063782146833745
miniFE.c 57 sum 0.0079658745464402
miniFE.c 57 sum 0.0090746177556300
miniFE.c 57 sum 0.0095254090392207
miniFE.c 57 sum 0.0110094434081659
miniFE.c 90 p_ap_dot 0.0110094434081659
miniFE.c 91 alpha 0.0182516478183321
miniFE.c 40 y 1.0000031870311237
miniFE.c 40 y 1.9999957778026669
miniFE.c 40 y 0.9999966890741147
miniFE.c 40 y 1.9999936367923199
miniFE.c 40 y 0.9999982959221292
miniFE.c 40 y 2.0000067199000728
miniFE.c 40 y 1.0000034316769135
miniFE.c 40 y 2.0000025234517254
miniFE.c 40 y -0.0001402441514413
miniFE.c 40 y 0.0002271330425402
miniFE.c 40 y 0.0001310368862485
miniFE.c 40 y 0.0003468347994560
miniFE.c 40 y 0.0001617487339265
miniFE.c 40 y -0.0004180651493028
miniFE.c 40 y -0.0002092305529464
miniFE.c 40 y -0.0001275562067310
