miniFE.c 167 A 67.0947100000000063
miniFE.c 167 A 15.0875500000000002
miniFE.c 167 A 9.3192129999999995
miniFE.c 167 A 13.7164900000000003
miniFE.c 167 A 14.0634099999999993
miniFE.c 167 A 16.0564000000000000
miniFE.c 167 A 4.9967519999999999
miniFE.c 167 A 6.4080630000000003
miniFE.c 167 A 15.0875500000000002
miniFE.c 167 A 66.4365899999999954
miniFE.c 167 A 14.3919700000000006
miniFE.c 167 A 5.9638159999999996
miniFE.c 167 A 10.9336099999999998
miniFE.c 167 A 9.6522659999999991
miniFE.c 167 A 11.3974100000000007
miniFE.c 167 A 6.9539020000000002
miniFE.c 167 A 9.3192129999999995
miniFE.c 167 A 14.3919700000000006
miniFE.c 167 A 67.6740900000000067
miniFE.c 167 A 9.6121750000000006
miniFE.c 167 A 16.7981799999999986
miniFE.c 167 A 16.1756899999999995
miniFE.c 167 A 11.9519400000000005
miniFE.c 167 A 12.3511699999999998
miniFE.c 167 A 13.7164900000000003
miniFE.c 167 A 5.9638159999999996
miniFE.c 167 A 9.6121750000000006
miniFE.c 167 A 65.4017099999999942
miniFE.c 167 A 3.6681119999999998
miniFE.c 167 A 11.0858899999999991
miniFE.c 167 A 1.3002330000000000
miniFE.c 167 A 4.7210279999999996
miniFE.c 167 A 14.0634099999999993
miniFE.c 167 A 10.9336099999999998
miniFE.c 167 A 16.7981799999999986
miniFE.c 167 A 3.6681119999999998
miniFE.c 167 A 66.5612600000000043
miniFE.c 167 A 4.4892070000000004
miniFE.c 167 A 14.0526599999999995
miniFE.c 167 A 3.7993380000000001
miniFE.c 167 A 16.0564000000000000
miniFE.c 167 A 9.6522659999999991
miniFE.c 167 A 16.1756899999999995
miniFE.c 167 A 11.0858900074505797
miniFE.c 167 A 4.4892070000000004
miniFE.c 167 A 66.4632699999999943
miniFE.c 167 A 7.6122389999999998
miniFE.c 167 A 3.4261349999999999
miniFE.c 167 A 4.9967519999999999
miniFE.c 167 A 11.3974100000000007
miniFE.c 167 A 11.9519400000000005
miniFE.c 167 A 1.3002330000000000
miniFE.c 167 A 14.0526599999999995
miniFE.c 167 A 7.6122389999999998
miniFE.c 167 A 65.6581999999999937
miniFE.c 167 A 2.6745570000000001
miniFE.c 167 A 6.4080630000000003
miniFE.c 167 A 6.9539020000000002
miniFE.c 167 A 12.3511699999999998
miniFE.c 167 A 4.7210279999999996
miniFE.c 167 A 3.7993380000000001
miniFE.c 167 A 3.4261349999999999
miniFE.c 167 A 2.6745570000000001
miniFE.c 167 A 64.8721800000000002
miniFE.c 175 b 198.0110999999999990
miniFE.c 175 b 229.8237000000000023
miniFE.c 175 b 210.8053999999999917
miniFE.c 175 b 202.6418999999999926
miniFE.c 175 b 157.2561000000000035
miniFE.c 175 b 225.5886000000000138
miniFE.c 175 b 142.6283999999999992
miniFE.c 175 b 185.1795999999999935
miniFE.c 33 r 0.0000000000000000
miniFE.c 33 r 0.0000000000000000
miniFE.c 33 r 0.0000000000000000
miniFE.c 33 r 0.0000000000000000
miniFE.c 33 r 0.0000000000000000
miniFE.c 33 r 0.0000000000000000
miniFE.c 33 r 0.0000000000000000
miniFE.c 33 r 0.0000000000000000
miniFE.c 25 Ap 0.0000000000000000
miniFE.c 25 Ap 0.0000000000000000
miniFE.c 25 Ap 0.0000000000000000
miniFE.c 25 Ap 0.0000000000000000
miniFE.c 25 Ap 0.0000000000000000
miniFE.c 25 Ap 0.0000000000000000
miniFE.c 25 Ap 0.0000000000000000
miniFE.c 25 Ap 0.0000000000000000
miniFE.c 25 Ap 0.0000000000000000
miniFE.c 25 Ap 0.0000000000000000
miniFE.c 25 Ap 0.0000000000000000
miniFE.c 25 Ap 0.0000000000000000
miniFE.c 25 Ap 0.0000000000000000
miniFE.c 25 Ap 0.0000000000000000
miniFE.c 25 Ap 0.0000000000000000
miniFE.c 25 Ap 0.0000000000000000
miniFE.c 25 Ap 0.0000000000000000
miniFE.c 25 Ap 0.0000000000000000
miniFE.c 25 Ap 0.0000000000000000
miniFE.c 25 Ap 0.0000000000000000
miniFE.c 25 Ap 0.0000000000000000
miniFE.c 25 Ap 0.0000000000000000
miniFE.c 25 Ap 0.0000000000000000
miniFE.c 25 Ap 0.0000000000000000
miniFE.c 25 Ap 0.0000000000000000
miniFE.c 25 Ap 0.0000000000000000
miniFE.c 25 Ap 0.0000000000000000
miniFE.c 25 Ap 0.0000000000000000
miniFE.c 25 Ap 0.0000000000000000
miniFE.c 25 Ap 0.0000000000000000
miniFE.c 25 Ap 0.0000000000000000
miniFE.c 25 Ap 0.0000000000000000
miniFE.c 25 Ap 0.0000000000000000
miniFE.c 25 Ap 0.0000000000000000
miniFE.c 25 Ap 0.0000000000000000
miniFE.c 25 Ap 0.0000000000000000
miniFE.c 25 Ap 0.0000000000000000
miniFE.c 25 Ap 0.0000000000000000
miniFE.c 25 Ap 0.0000000000000000
miniFE.c 25 Ap 0.0000000000000000
miniFE.c 25 Ap 0.0000000000000000
miniFE.c 25 Ap 0.0000000000000000
miniFE.c 25 Ap 0.0000000000000000
miniFE.c 25 Ap 0.0000000000000000
miniFE.c 25 Ap 0.0000000000000000
miniFE.c 25 Ap 0.0000000000000000
miniFE.c 25 Ap 0.0000000000000000
miniFE.c 25 Ap 0.0000000000000000
miniFE.c 25 Ap 0.0000000000000000
miniFE.c 25 Ap 0.0000000000000000
miniFE.c 25 Ap 0.0000000000000000
miniFE.c 25 Ap 0.0000000000000000
miniFE.c 25 Ap 0.0000000000000000
miniFE.c 25 Ap 0.0000000000000000
miniFE.c 25 Ap 0.0000000000000000
miniFE.c 25 Ap 0.0000000000000000
miniFE.c 25 Ap 0.0000000000000000
miniFE.c 25 Ap 0.0000000000000000
miniFE.c 25 Ap 0.0000000000000000
miniFE.c 25 Ap 0.0000000000000000
miniFE.c 25 Ap 0.0000000000000000
miniFE.c 25 Ap 0.0000000000000000
miniFE.c 25 Ap 0.0000000000000000
miniFE.c 25 Ap 0.0000000000000000
miniFE.c 33 r 198.0110999999999990
miniFE.c 33 r 229.8237000000000023
miniFE.c 33 r 210.8053999999999917
miniFE.c 33 r 202.6418999999999926
miniFE.c 33 r 157.2561000000000035
miniFE.c 33 r 225.5886000000000138
miniFE.c 33 r 142.6283999999999992
miniFE.c 33 r 185.1795999999999935
miniFE.c 48 sum 39208.3957232100001420
miniFE.c 48 sum 92027.3288048999966122
miniFE.c 48 sum 136466.2454740600078367
miniFE.c 48 sum 177529.9851096700003836
miniFE.c 48 sum 202259.4660968800017145
miniFE.c 48 sum 253149.6825468399911188
miniFE.c 48 sum 273492.5430333999684080
miniFE.c 48 sum 307784.0272895599482581
miniFE.c 75 rtrans 307784.0272895599482581
miniFE.c 76 normr 554.7828649927464539
miniFE.c 33 r 198.0110999999999990
miniFE.c 33 r 229.8237000000000023
miniFE.c 33 r 210.8053999999999917
miniFE.c 33 r 202.6418999999999926
miniFE.c 33 r 157.2561000000000035
miniFE.c 33 r 225.5886000000000138
miniFE.c 33 r 142.6283999999999992
miniFE.c 33 r 185.1795999999999935
miniFE.c 87 normr 554.7828649927464539
miniFE.c 25 Ap 13285.4973312810016068
miniFE.c 25 Ap 16752.9738962160008668
miniFE.c 25 Ap 18717.5143203662009910
miniFE.c 25 Ap 21497.0499152972006414
miniFE.c 25 Ap 23708.6069245981998392
miniFE.c 25 Ap 27330.7477216381994367
miniFE.c 25 Ap 28043.4264645949988335
miniFE.c 25 Ap 29230.0690077097970061
miniFE.c 25 Ap 2987.5023718050001662
miniFE.c 25 Ap 18256.2053009880000900
miniFE.c 25 Ap 21290.1102936259994749
miniFE.c 25 Ap 22498.6292991164009436
miniFE.c 25 Ap 24218.0061666374022025
miniFE.c 25 Ap 26395.4473404050004319
miniFE.c 25 Ap 28021.0416928490012651
miniFE.c 25 Ap 29308.7624836482027604
miniFE.c 25 Ap 1845.3076172643000064
miniFE.c 25 Ap 5152.9234129532997031
miniFE.c 25 Ap 19418.9870250392996240
miniFE.c 25 Ap 21366.8164301717988565
miniFE.c 25 Ap 24008.4327040697971825
miniFE.c 25 Ap 27657.4839652037990163
miniFE.c 25 Ap 29362.1700442997971550
miniFE.c 25 Ap 31649.3547644317950471
miniFE.c 25 Ap 2716.0172730389999742
miniFE.c 25 Ap 4086.6435322781999275
miniFE.c 25 Ap 6112.9419280231995799
miniFE.c 25 Ap 19366.0687056721981207
miniFE.c 25 Ap 19942.9016931553996983
miniFE.c 25 Ap 22443.7520980093977414
miniFE.c 25 Ap 22629.2022504265987664
miniFE.c 25 Ap 23503.4403270553993934
miniFE.c 25 Ap 2784.7112838509997346
miniFE.c 25 Ap 5297.5139884079999320
miniFE.c 25 Ap 8838.6610425799990480
miniFE.c 25 Ap 9581.9742276727993158
miniFE.c 25 Ap 20049.1383863587980159
miniFE.c 25 Ap 21061.8523085989982064
miniFE.c 25 Ap 23066.1607201429978886
miniFE.c 25 Ap 23769.7206112477979332
miniFE.c 25 Ap 3179.3454260399998930
miniFE.c 25 Ap 5397.6649115441996400
miniFE.c 25 Ap 8807.5877122702004272
miniFE.c 25 Ap 11054.0535265710004751
miniFE.c 25 Ap 11760.0087114837006084
miniFE.c 25 Ap 26753.3647422057001677
miniFE.c 25 Ap 27839.0862111933020060
miniFE.c 25 Ap 28473.5365200393025589
miniFE.c 25 Ap 989.4123599472000024
miniFE.c 25 Ap 3608.8072965641999872
miniFE.c 25 Ap 6128.3407890401995246
miniFE.c 25 Ap 6391.8224746028990921
miniFE.c 25 Ap 8601.6889808288997301
miniFE.c 25 Ap 10318.9233197042995016
miniFE.c 25 Ap 19683.6473325842962367
miniFE.c 25 Ap 20178.9207280214977800
miniFE.c 25 Ap 1268.8676034993000030
miniFE.c 25 Ap 2867.0390905766998912
miniFE.c 25 Ap 5470.7324228946999938
miniFE.c 25 Ap 6427.4105067679001877
miniFE.c 25 Ap 7024.8795832297000743
miniFE.c 25 Ap 7797.7765812907000509
miniFE.c 25 Ap 8179.2443669095000587
miniFE.c 25 Ap 20192.2487104374995397
miniFE.c 57 sum 5787878.1172925252467394
miniFE.c 57 sum 12523726.3537057451903820
miniFE.c 57 sum 19195581.2445636950433254
miniFE.c 57 sum 23958363.0489748232066631
miniFE.c 57 sum 27696296.6103892698884010
miniFE.c 57 sum 34119601.8509938120841980
miniFE.c 57 sum 36997689.0281583517789841
miniFE.c 57 sum 40736881.5674576833844185
miniFE.c 90 p_ap_dot 40736881.5674576833844185
miniFE.c 91 alpha 0.0075554145395221
miniFE.c 40 y 1.4960559439267662
miniFE.c 40 y 1.7364133245067672
miniFE.c 40 y 1.5927221841697738
miniFE.c 40 y 1.5310435575763850
miniFE.c 40 y 1.1881350243685427
miniFE.c 40 y 1.7044153883904372
miniFE.c 40 y 1.0776166871087751
miniFE.c 40 y 1.3991086422628882
miniFE.c 40 y -22.8341883720851797
miniFE.c 40 y 8.3838497956442666
miniFE.c 40 y -28.3185951536813150
miniFE.c 40 y 25.0636652241753666
miniFE.c 40 y -22.3339927065999575
miniFE.c 40 y 10.4592281848813400
miniFE.c 40 y -9.8317110603576623
miniFE.c 40 y 32.6187905075139781
miniFE.c 82 oldrtrans 307784.0272895599482581
miniFE.c 48 sum 521.4001586118699834
miniFE.c 48 sum 591.6890960077944328
miniFE.c 48 sum 1393.6319274858974495
miniFE.c 48 sum 2021.8192419554352455
miniFE.c 48 sum 2520.6264721738953085
miniFE.c 48 sum 2630.0219263973112902
miniFE.c 48 sum 2726.6844687716702538
miniFE.c 48 sum 3790.6699629447539337
miniFE.c 83 rtrans 3790.6699629447539337
miniFE.c 84 beta 0.0123160061174277
miniFE.c 40 y -20.3954824531665935
miniFE.c 40 y 11.2143598907741353
miniFE.c 40 y -25.7223145576945207
miniFE.c 40 y 27.5594041042225371
miniFE.c 40 y -20.3972256169971367
miniFE.c 40 y 13.2375787625032899
miniFE.c 40 y -8.0750988134387374
miniFE.c 40 y 34.8994635939367939
miniFE.c 87 normr 61.5684169273886255
miniFE.c 25 Ap -1368.4289805053012969
miniFE.c 25 Ap -1199.2317649352519311
miniFE.c 25 Ap -1438.9434931514078926
miniFE.c 25 Ap -1060.9252023498804647
miniFE.c 25 Ap -1347.7797490642142293
miniFE.c 25 Ap -1135.2318894219563390
miniFE.c 25 Ap -1175.5811555682039398
miniFE.c 25 Ap -951.9431941920505551
miniFE.c 25 Ap -307.7178612862736600
miniFE.c 25 Ap 437.3259688895323052
miniFE.c 25 Ap 67.1311894446294559
miniFE.c 25 Ap 231.4904045918574695
miniFE.c 25 Ap 8.4750946136014136
miniFE.c 25 Ap 136.2477260252339875
miniFE.c 25 Ap 44.2125140579591829
miniFE.c 25 Ap 286.8999637427634752
miniFE.c 25 Ap -190.0698452188219960
miniFE.c 25 Ap -28.6731141015973492
miniFE.c 25 Ap -1769.4073444873267817
miniFE.c 25 Ap -1504.5015293418214242
miniFE.c 25 Ap -1847.1377967567502765
miniFE.c 25 Ap -1633.0108263439133225
miniFE.c 25 Ap -1729.5239228562043081
miniFE.c 25 Ap -1298.4747150986800079
miniFE.c 25 Ap -279.7544311140350715
miniFE.c 25 Ap -212.8740521676780304
miniFE.c 25 Ap -460.1214411012853702
miniFE.c 25 Ap 1342.3107138958864653
miniFE.c 25 Ap 1267.4914058434719664
miniFE.c 25 Ap 1414.2417478709194256
miniFE.c 25 Ap 1403.7422379154254486
miniFE.c 25 Ap 1568.5035827273816267
miniFE.c 25 Ap -286.8300318866876069
miniFE.c 25 Ap -164.2165944413206091
miniFE.c 25 Ap -596.3046643980935642
miniFE.c 25 Ap -495.2136834905456340
miniFE.c 25 Ap -1852.8787210621526356
miniFE.c 25 Ap -1793.4524898184715767
miniFE.c 25 Ap -1906.9291079101294599
miniFE.c 25 Ap -1774.3342496980687883
miniFE.c 25 Ap -327.4780244610241198
miniFE.c 25 Ap -219.2340397755412482
miniFE.c 25 Ap -635.3102261432949263
miniFE.c 25 Ap -329.7897035730018160
miniFE.c 25 Ap -421.3570715934046689
miniFE.c 25 Ap 458.4556998451172944
miniFE.c 25 Ap 396.9861177286052225
miniFE.c 25 Ap 516.5563914290178218
miniFE.c 25 Ap -101.9111677388250854
miniFE.c 25 Ap 25.9034898238829641
miniFE.c 25 Ap -281.5280704308084978
miniFE.c 25 Ap -245.6944237541629263
miniFE.c 25 Ap -532.3297002931138877
miniFE.c 25 Ap -431.5620869716145762
miniFE.c 25 Ap -961.7585398841378037
miniFE.c 25 Ap -868.4179352327289507
miniFE.c 25 Ap -130.6955364752860760
miniFE.c 25 Ap -52.7119768021120336
miniFE.c 25 Ap -370.4126566976718209
miniFE.c 25 Ap -240.3039382583223187
miniFE.c 25 Ap -317.7998926395529793
miniFE.c 25 Ap -272.4461607260837468
miniFE.c 25 Ap -294.0434727832580393
miniFE.c 25 Ap 1969.9608113860567755
miniFE.c 57 sum 19415.3407135553243279
miniFE.c 57 sum 22632.7401596167255775
miniFE.c 57 sum 56032.5152265977449133
miniFE.c 57 sum 99259.5393019024922978
miniFE.c 57 sum 135451.0353129593422636
miniFE.c 57 sum 142288.9912297754490282
miniFE.c 57 sum 149301.5518681421817746
miniFE.c 57 sum 218052.1274865920422599
miniFE.c 90 p_ap_dot 218052.1274865920422599
miniFE.c 91 alpha 0.0173842374602735
miniFE.c 40 y 1.1414960338440761
miniFE.c 40 y 1.9313664198129519
miniFE.c 40 y 1.1455593598709615
miniFE.c 40 y 2.0101427827878267
miniFE.c 40 y 0.8335448107118901
miniFE.c 40 y 1.9345406009968682
miniFE.c 40 y 0.9372372518207830
miniFE.c 40 y 2.0058092046160567
miniFE.c 40 y -6.2853818355592921
miniFE.c 40 y 3.3963126985961987
miniFE.c 40 y -5.7456023702448356
miniFE.c 40 y -2.2035735152472320
miniFE.c 40 y 8.5114552240475447
miniFE.c 40 y 1.4792892146572889
miniFE.c 40 y 5.2650725404885410
miniFE.c 40 y -1.6274760250543565
miniFE.c 82 oldrtrans 3790.6699629447539337
miniFE.c 48 sum 39.5060248187786982
miniFE.c 48 sum 51.0409647654244907
miniFE.c 48 sum 84.0529113623875617
miniFE.c 48 sum 88.9086475994865992
miniFE.c 48 sum 161.3535176304528420
miniFE.c 48 sum 163.5418142110542306
miniFE.c 48 sum 191.2628030676606841
miniFE.c 48 sum 193.9114812797874094
miniFE.c 83 rtrans 193.9114812797874094
miniFE.c 84 beta 0.0511549365086769
miniFE.c 40 y -7.3287114455148625
miniFE.c 40 y 3.9699825667942021
miniFE.c 40 y -7.0614257382999135
miniFE.c 40 y -0.7937739480787591
miniFE.c 40 y 7.4680364426568984
miniFE.c 40 y 2.1564567157817542
miniFE.c 40 y 4.8519913733857907
miniFE.c 40 y 0.1578038192803604
miniFE.c 87 normr 13.9252102777583726
miniFE.c 25 Ap -491.7177691105005692
miniFE.c 25 Ap -431.8204586348647354
miniFE.c 25 Ap -497.6273891737639019
miniFE.c 25 Ap -508.5151815948466947
miniFE.c 25 Ap -403.4891232068212616
miniFE.c 25 Ap -368.8641915955431045
miniFE.c 25 Ap -344.6199939965949284
miniFE.c 25 Ap -343.6087771810057916
miniFE.c 25 Ap -110.5723003697777642
miniFE.c 25 Ap 153.1798037274762407
miniFE.c 25 Ap 51.5519763446360315
miniFE.c 25 Ap 46.8180545727007598
miniFE.c 25 Ap 128.4706525024986377
miniFE.c 25 Ap 149.2853463407105323
miniFE.c 25 Ap 204.5854813396514942
miniFE.c 25 Ap 205.6828336341528427
miniFE.c 25 Ap -68.2978229762908882
miniFE.c 25 Ap -11.1619529744657342
miniFE.c 25 Ap -489.0375139164905818
miniFE.c 25 Ap -496.6674080158645097
miniFE.c 25 Ap -371.2179876055542422
miniFE.c 25 Ap -336.3358122726504575
miniFE.c 25 Ap -278.3451024974258985
miniFE.c 25 Ap -276.3960406988448995
miniFE.c 25 Ap -100.5241972552901615
miniFE.c 25 Ap -76.8479517037218329
miniFE.c 25 Ap -144.7236116497647913
miniFE.c 25 Ap -196.6377852075668500
miniFE.c 25 Ap -169.2441911158197740
miniFE.c 25 Ap -145.3379491749019792
miniFE.c 25 Ap -139.0292298755104525
miniFE.c 25 Ap -138.2842336261809351
miniFE.c 25 Ap -103.0666738299681668
miniFE.c 25 Ap -59.6604327378414112
miniFE.c 25 Ap -178.2795333464362386
miniFE.c 25 Ap -181.1911850906713255
miniFE.c 25 Ap 315.8907302584896115
miniFE.c 25 Ap 325.5715108421740638
miniFE.c 25 Ap 393.7548959352976112
miniFE.c 25 Ap 394.3544459824346404
miniFE.c 25 Ap -117.6727224537648340
miniFE.c 25 Ap -79.3533947037044243
miniFE.c 25 Ap -193.5768284044649477
miniFE.c 25 Ap -202.3765190836458601
miniFE.c 25 Ap -168.8509576090154098
miniFE.c 25 Ap -25.5257926646994235
miniFE.c 25 Ap 11.4087252954514540
miniFE.c 25 Ap 11.9493824838215712
miniFE.c 25 Ap -36.6197535727992829
miniFE.c 25 Ap 8.6277654338066299
miniFE.c 25 Ap -75.7699713048096442
miniFE.c 25 Ap -76.8020623866419356
miniFE.c 25 Ap 28.1437146096249506
miniFE.c 25 Ap 44.5591785233107345
miniFE.c 25 Ap 363.1321985153496144
miniFE.c 25 Ap 363.5542538248326423
miniFE.c 25 Ap -46.9628446516803066
miniFE.c 25 Ap -19.3559749404849697
miniFE.c 25 Ap -106.5728446766027133
miniFE.c 25 Ap -110.3202737111530780
miniFE.c 25 Ap -81.9466790691818971
miniFE.c 25 Ap -74.5583672392569810
miniFE.c 25 Ap -61.5814397476284014
miniFE.c 25 Ap -51.3443619785853969
miniFE.c 57 sum 2518.2095781058033026
miniFE.c 57 sum 3334.7668419222222838
miniFE.c 57 sum 5286.5169576772359505
miniFE.c 57 sum 5396.2833797597349985
miniFE.c 57 sum 8341.3367536803270923
miniFE.c 57 sum 8367.1050797870084352
miniFE.c 57 sum 10131.0671831028048473
miniFE.c 57 sum 10122.9648466840699257
miniFE.c 90 p_ap_dot 10122.9648466840699257
miniFE.c 91 alpha 0.0191556015669961
miniFE.c 40 y 1.0011101573943095
miniFE.c 40 y 2.0074138240903818
miniFE.c 40 y 1.0102935019331574
miniFE.c 40 y 1.9949375653041685
miniFE.c 40 y 0.9765995412952323
miniFE.c 40 y 1.9758488266408563
miniFE.c 40 y 1.0301800653758633
miniFE.c 40 y 2.0088320317039416
miniFE.c 40 y 0.2966509950427829
miniFE.c 40 y -0.5436657116703700
miniFE.c 40 y -0.4510699399225349
miniFE.c 40 y 0.4453441670932889
miniFE.c 40 y 0.9573585806345557
miniFE.c 40 y 1.2503916048255612
miniFE.c 40 y -1.6990278937665071
miniFE.c 40 y -0.6439438842809531
miniFE.c 82 oldrtrans 193.9114812797874094
miniFE.c 48 sum 0.0880018128598732
miniFE.c 48 sum 0.3835742189059231
miniFE.c 48 sum 0.5870383096076424
miniFE.c 48 sum 0.7853697367716577
miniFE.c 48 sum 1.7019051886862688
miniFE.c 48 sum 3.2653843541045111
miniFE.c 48 sum 6.1520801379011640
miniFE.c 48 sum 6.5667438640040059
miniFE.c 83 rtrans 6.5667438640040059
miniFE.c 84 beta 0.0338646470062755
miniFE.c 40 y 0.0484667689295708
miniFE.c 40 y -0.4092236534248167
miniFE.c 40 y -0.6902026299110899
miniFE.c 40 y 0.4184632925388241
miniFE.c 40 y 1.2102609985951331
miniFE.c 40 y 1.3234192502898225
miniFE.c 40 y -1.5347169186293033
miniFE.c 40 y -0.6385999136447815
miniFE.c 87 normr 2.5625658750564844
miniFE.c 25 Ap 3.2518638059665657
miniFE.c 25 Ap -2.9223185262630276
miniFE.c 25 Ap -9.3544638475646451
miniFE.c 25 Ap -3.6146162800887902
miniFE.c 25 Ap 13.4057803501639903
miniFE.c 25 Ap 34.6551292005174929
miniFE.c 25 Ap 26.9865293679226852
miniFE.c 25 Ap 22.8943408894923657
miniFE.c 25 Ap 0.7312447995633464
miniFE.c 25 Ap -26.4561792813232941
miniFE.c 25 Ap -36.3895548249248009
miniFE.c 25 Ap -33.8939167454690846
miniFE.c 25 Ap -20.6613949886193495
miniFE.c 25 Ap -7.8874003553014056
miniFE.c 25 Ap -25.3791983108562142
miniFE.c 25 Ap -29.8199595275504876
miniFE.c 25 Ap 0.4516721430764525
miniFE.c 25 Ap -5.4378624003039073
miniFE.c 25 Ap -52.1466972951437029
miniFE.c 25 Ap -48.1243548961843288
miniFE.c 25 Ap -27.7941727948035364
miniFE.c 25 Ap -6.3869532620829581
miniFE.c 25 Ap -24.7297977905252750
miniFE.c 25 Ap -32.6172538859372878
miniFE.c 25 Ap 0.6647939513547690
miniFE.c 25 Ap -1.7757406205186075
miniFE.c 25 Ap -8.4100890846842393
miniFE.c 25 Ap 18.9581258195850921
miniFE.c 25 Ap 23.3974987116638822
miniFE.c 25 Ap 38.0687789442593214
miniFE.c 25 Ap 36.0732893609991834
miniFE.c 25 Ap 33.0584412878845910
miniFE.c 25 Ap 0.6816080428318156
miniFE.c 25 Ap -3.7926837864902940
miniFE.c 25 Ap -15.3868318002101656
miniFE.c 25 Ap -13.8518615752889946
miniFE.c 25 Ap 66.7046354200613081
miniFE.c 25 Ap 72.6457383823971270
miniFE.c 25 Ap 51.0788833286518624
miniFE.c 25 Ap 48.6526264099445243
miniFE.c 25 Ap 0.7782018286407610
miniFE.c 25 Ap -3.1717337277073803
miniFE.c 25 Ap -14.3362375063338980
miniFE.c 25 Ap -9.6971994730928799
miniFE.c 25 Ap -4.2640873263726178
miniFE.c 25 Ap 83.6946836288374243
miniFE.c 25 Ap 72.0120516468876133
miniFE.c 25 Ap 69.8241221317522474
miniFE.c 25 Ap 0.2421764245823709
miniFE.c 25 Ap -4.4219133351981696
miniFE.c 25 Ap -12.6711737557377226
miniFE.c 25 Ap -12.1270739734900896
miniFE.c 25 Ap 4.8803123510277917
miniFE.c 25 Ap 14.9544959814347393
miniFE.c 25 Ap -85.8122544053117622
miniFE.c 25 Ap -87.5202262745498132
miniFE.c 25 Ap 0.3105781087071325
miniFE.c 25 Ap -2.5351230732910071
miniFE.c 25 Ap -11.0599330897699648
miniFE.c 25 Ap -9.0843561687219854
miniFE.c 25 Ap -4.4861655668415494
miniFE.c 25 Ap 0.0480474462501714
miniFE.c 25 Ap -4.0566404314882618
miniFE.c 25 Ap -45.4840089774369858
miniFE.c 57 sum 1.1096147296858516
miniFE.c 57 sum 13.3126475125302335
miniFE.c 57 sum 35.8251619250818720
miniFE.c 57 sum 49.6589061126114615
miniFE.c 57 sum 108.5412823357868604
miniFE.c 57 sum 200.9478696995354312
miniFE.c 57 sum 335.2666416853519422
miniFE.c 57 sum 364.3127258905616941
miniFE.c 90 p_ap_dot 364.3127258905616941
miniFE.c 91 alpha 0.0180250191588878
miniFE.c 40 y 1.0019837718328344
miniFE.c 40 y 2.0000375598971294
miniFE.c 40 y 0.9978525863054952
miniFE.c 40 y 2.0024803741694721
miniFE.c 40 y 0.9984145189821643
miniFE.c 40 y 1.9997034839825711
miniFE.c 40 y 1.0025167635141008
miniFE.c 40 y 1.9973212560256304
miniFE.c 40 y -0.1160199381204248
miniFE.c 40 y -0.0061603698690144
miniFE.c 40 y 0.1368566862817916
miniFE.c 40 y -0.1505348704837975
miniFE.c 40 y 0.0803940574650962
miniFE.c 40 y -0.0081895343517930
miniFE.c 40 y -0.1214741383775533
miniFE.c 40 y 0.1759062489603723
miniFE.c 82 oldrtrans 6.5667438640040059
miniFE.c 48 sum 0.0134606260414672
miniFE.c 48 sum 0.0134985761983903
miniFE.c 48 sum 0.0322283287784230
miniFE.c 48 sum 0.0548890760099967
miniFE.c 48 sum 0.0613522804856979
miniFE.c 48 sum 0.0614193489585971
miniFE.c 48 sum 0.0761753152531660
miniFE.c 48 sum 0.1071183236764745
miniFE.c 83 rtrans 0.1071183236764745
miniFE.c 84 beta 0.0163122433118870
miniFE.c 40 y -0.1152293363931047
miniFE.c 40 y -0.0128357256726593
miniFE.c 40 y 0.1255979330481776
miniFE.c 40 y -0.1437087954388109
miniFE.c 40 y 0.1001361293450674
miniFE.c 40 y 0.0133984024625697
miniFE.c 40 y -0.1465088141691040
miniFE.c 40 y 0.1654892517900486
miniFE.c 87 normr 0.3272893577195484
miniFE.c 25 Ap -7.7312789087878038
miniFE.c 25 Ap -7.9249385616603343
miniFE.c 25 Ap -6.7544646712246283
miniFE.c 25 Ap -8.7256449267731231
miniFE.c 25 Ap -7.3173894839804090
miniFE.c 25 Ap -7.1022593746804059
miniFE.c 25 Ap -7.8343275848975047
miniFE.c 25 Ap -6.7738620336040105
miniFE.c 25 Ap -1.7385283742977862
miniFE.c 25 Ap -2.5912902181647262
miniFE.c 25 Ap -0.7836885336733459
miniFE.c 25 Ap -1.6407413472520531
miniFE.c 25 Ap -0.5458919620835310
miniFE.c 25 Ap -0.4165670175397536
miniFE.c 25 Ap -2.0863880412388411
miniFE.c 25 Ap -0.9355920022375184
miniFE.c 25 Ap -1.0738467296959939
miniFE.c 25 Ap -1.2585781085051364
miniFE.c 25 Ap 7.2411477164112084
miniFE.c 25 Ap 5.8597936256141558
miniFE.c 25 Ap 7.5418983508558792
miniFE.c 25 Ap 7.7586267555856425
miniFE.c 25 Ap 6.0075621991653616
miniFE.c 25 Ap 8.0515480811970566
miniFE.c 25 Ap -1.5805420403426562
miniFE.c 25 Ap -1.6570919464808724
miniFE.c 25 Ap -0.4498226343835061
miniFE.c 25 Ap -9.8486235981219377
miniFE.c 25 Ap -9.4813130604377438
miniFE.c 25 Ap -9.3327798445619674
miniFE.c 25 Ap -9.5232754395355048
miniFE.c 25 Ap -8.7419960481356345
miniFE.c 25 Ap -1.6205174017241519
miniFE.c 25 Ap -1.7608582202959964
miniFE.c 25 Ap 0.3489584666752390
miniFE.c 25 Ap -0.1781814903794084
miniFE.c 25 Ap 6.4870054503512513
miniFE.c 25 Ap 6.5471536524750364
miniFE.c 25 Ap 4.4883150999534358
miniFE.c 25 Ap 5.1170647028709357
miniFE.c 25 Ap -1.8501683168622456
miniFE.c 25 Ap -1.9740621553577822
miniFE.c 25 Ap 0.0575710742702933
miniFE.c 25 Ap -1.5355688250675796
miniFE.c 25 Ap -1.0860370122587977
miniFE.c 25 Ap -0.1955353718203653
miniFE.c 25 Ap -1.3107954808821711
miniFE.c 25 Ap -0.7438069632004729
miniFE.c 25 Ap -0.5757724170809185
miniFE.c 25 Ap -0.7220664452197424
miniFE.c 25 Ap 0.7790725146960932
miniFE.c 25 Ap 0.5922175964763018
miniFE.c 25 Ap 1.9993965758785563
miniFE.c 25 Ap 2.1013884176418252
miniFE.c 25 Ap -7.5181166048360382
miniFE.c 25 Ap -7.0755061680362008
miniFE.c 25 Ap -0.7383968470552075
miniFE.c 25 Ap -0.8276552254817643
miniFE.c 25 Ap 0.7236261972448951
miniFE.c 25 Ap 0.0451729501319967
miniFE.c 25 Ap 0.4256239515256264
miniFE.c 25 Ap 0.4715286871467225
miniFE.c 25 Ap 0.0796825126490462
miniFE.c 25 Ap 10.8153310428384035
miniFE.c 57 sum 0.7805476269506365
miniFE.c 57 sum 0.7925566292328914
miniFE.c 57 sum 1.8038144260692619
miniFE.c 57 sum 3.0601161478776788
miniFE.c 57 sum 3.5725192008314415
miniFE.c 57 sum 3.5625533757840198
miniFE.c 57 sum 4.5991773941091845
miniFE.c 57 sum 6.3889984362501977
miniFE.c 90 p_ap_dot 6.3889984362501977
miniFE.c 91 alpha 0.0167660588346213
miniFE.c 40 y 1.0000518299993932
miniFE.c 40 y 1.9998223553653165
miniFE.c 40 y 0.9999583686404878
miniFE.c 40 y 2.0000709440500923
miniFE.c 40 y 1.0000934072182348
miniFE.c 40 y 1.9999281223865486
miniFE.c 40 y 1.0000603881159509
miniFE.c 40 y 2.0000958585576396
miniFE.c 40 y -0.0024489687274123
miniFE.c 40 y 0.0095258206857011
miniFE.c 40 y 0.0018639574426592
miniFE.c 40 y -0.0039660504087283
miniFE.c 40 y -0.0053989504038021
miniFE.c 40 y 0.0042811769548271
miniFE.c 40 y -0.0028457856795322
miniFE.c 40 y -0.0054242276197629
miniFE.c 82 oldrtrans 0.1071183236764745
miniFE.c 48 sum 0.0000059974478278
miniFE.c 48 sum 0.0000967387075640
miniFE.c 48 sum 0.0001002130449120
miniFE.c 48 sum 0.0001159426007566
miniFE.c 48 sum 0.0001450912662193
miniFE.c 48 sum 0.0001634197423378
miniFE.c 48 sum 0.0001715182384717
miniFE.c 48 sum 0.0002009404837427
miniFE.c 83 rtrans 0.0002009404837427
miniFE.c 84 beta 0.0018758740507326
miniFE.c 40 y -0.0026651244494352
miniFE.c 40 y 0.0095017424809894
miniFE.c 40 y 0.0020995633460899
miniFE.c 40 y -0.0042356300089540
miniFE.c 40 y -0.0052111076372228
miniFE.c 40 y 0.0043063106703279
miniFE.c 40 y -0.0031206177622356
miniFE.c 40 y -0.0051137906266548
miniFE.c 87 normr 0.0141753477467989
miniFE.c 25 Ap -0.1788157520487656
miniFE.c 25 Ap -0.0354577372797142
miniFE.c 25 Ap -0.0158914592505093
miniFE.c 25 Ap -0.0739894359120265
miniFE.c 25 Ap -0.1472753791684226
miniFE.c 25 Ap -0.0781315325213693
miniFE.c 25 Ap -0.0937244855660555
miniFE.c 25 Ap -0.1264939780704688
miniFE.c 25 Ap -0.0402101983870763
miniFE.c 25 Ap 0.5910531711079984
miniFE.c 25 Ap 0.6212700237980245
miniFE.c 25 Ap 0.5960095057805447
miniFE.c 25 Ap 0.5390332872071286
miniFE.c 25 Ap 0.5805989432757721
miniFE.c 25 Ap 0.5450319831862904
miniFE.c 25 Ap 0.5094711843200146
miniFE.c 25 Ap -0.0248368624157945
miniFE.c 25 Ap 0.1119119303183303
miniFE.c 25 Ap 0.2539979691623224
miniFE.c 25 Ap 0.2132843522810052
miniFE.c 25 Ap 0.1257472281915612
miniFE.c 25 Ap 0.1954047746384779
miniFE.c 25 Ap 0.1581073383813037
miniFE.c 25 Ap 0.0949460410070841
miniFE.c 25 Ap -0.0365561528594337
miniFE.c 25 Ap 0.0201104909765705
miniFE.c 25 Ap 0.0402918612827727
miniFE.c 25 Ap -0.2367255842301331
miniFE.c 25 Ap -0.2558405106875218
miniFE.c 25 Ap -0.2081012242904402
miniFE.c 25 Ap -0.2121587544852851
miniFE.c 25 Ap -0.2363011032198598
miniFE.c 25 Ap -0.0374807378334317
miniFE.c 25 Ap 0.0664076087741386
miniFE.c 25 Ap 0.1016764517831598
miniFE.c 25 Ap 0.0861396865197556
miniFE.c 25 Ap -0.2607182038094197
miniFE.c 25 Ap -0.2413862838040089
miniFE.c 25 Ap -0.2852392642066666
miniFE.c 25 Ap -0.3046682832585599
miniFE.c 25 Ap -0.0427923042099116
miniFE.c 25 Ap 0.0489210416800979
miniFE.c 25 Ap 0.0828829275018115
miniFE.c 25 Ap 0.0359271991102908
miniFE.c 25 Ap 0.0125334582275165
miniFE.c 25 Ap 0.2987449470134024
miniFE.c 25 Ap 0.2749900587796198
miniFE.c 25 Ap 0.2574695217309659
miniFE.c 25 Ap -0.0133169659229643
miniFE.c 25 Ap 0.0949782888472889
miniFE.c 25 Ap 0.1200721439859552
miniFE.c 25 Ap 0.1145648380725229
miniFE.c 25 Ap 0.0413349142232270
miniFE.c 25 Ap 0.0741155802540134
miniFE.c 25 Ap -0.1307785649024042
miniFE.c 25 Ap -0.1444556894194581
miniFE.c 25 Ap -0.0170782853748212
miniFE.c 25 Ap 0.0489959006672159
miniFE.c 25 Ap 0.0749279644805416
miniFE.c 25 Ap 0.0549314366106296
miniFE.c 25 Ap 0.0351326773424387
miniFE.c 25 Ap 0.0498866790509226
miniFE.c 25 Ap 0.0415404089706111
miniFE.c 25 Ap -0.2902023370440501
miniFE.c 57 sum 0.0003371221936619
miniFE.c 57 sum 0.0051779861885554
miniFE.c 57 sum 0.0053773314161102
miniFE.c 57 sum 0.0063782154600572
miniFE.c 57 sum 0.0079658746777654
miniFE.c 57 sum 0.0090746184264797
miniFE.c 57 sum 0.0095254094167381
miniFE.c 57 sum 0.0110094434077472
miniFE.c 90 p_ap_dot 0.0110094434077472
miniFE.c 91 alpha 0.0182516478172982
miniFE.c 40 y 1.0000031870865529
miniFE.c 40 y 1.9999957778227302
miniFE.c 40 y 0.9999966891312507
miniFE.c 40 y 1.9999936368228846
miniFE.c 40 y 0.9999982959169021
miniFE.c 40 y 2.0000067196522955
miniFE.c 40 y 1.0000034316995821
miniFE.c 40 y 2.0000025234521104
miniFE.c 40 y -0.0001402451886610
miniFE.c 40 y 0.0002271320564303
miniFE.c 40 y 0.0001310357405512
miniFE.c 40 y 0.0003468341060796
miniFE.c 40 y 0.0001617478033340
miniFE.c 40 y -0.0004180660794947
miniFE.c 40 y -0.0002092313110432
miniFE.c 40 y -0.0001275567682780
