miniFE.c 167 A 67.0947100000000063
miniFE.c 167 A 15.0875500000000002
miniFE.c 167 A 9.3192129999999995
miniFE.c 167 A 13.7164900000000003
miniFE.c 167 A 14.0634099999999993
miniFE.c 167 A 16.0564000000000000
miniFE.c 167 A 4.9967519999999999
miniFE.c 167 A 6.4080630000000003
miniFE.c 167 A 15.0875500000000002
miniFE.c 167 A 66.4365899999999954
miniFE.c 167 A 14.3919700000000006
miniFE.c 167 A 5.9638159999999996
miniFE.c 167 A 10.9336099999999998
miniFE.c 167 A 9.6522659999999991
miniFE.c 167 A 11.3974100000000007
miniFE.c 167 A 6.9539020000000002
miniFE.c 167 A 9.3192129999999995
miniFE.c 167 A 14.3919700000000006
miniFE.c 167 A 67.6740900000000067
miniFE.c 167 A 9.6121750000000006
miniFE.c 167 A 16.7981799999999986
miniFE.c 167 A 16.1756899999999995
miniFE.c 167 A 11.9519400000000005
miniFE.c 167 A 12.3511699999999998
miniFE.c 167 A 13.7164900000000003
miniFE.c 167 A 5.9638159999999996
miniFE.c 167 A 9.6121750000000006
miniFE.c 167 A 65.4017099999999942
miniFE.c 167 A 3.6681119999999998
miniFE.c 167 A 11.0858899999999991
miniFE.c 167 A 1.3002330000000000
miniFE.c 167 A 4.7210279999999996
miniFE.c 167 A 14.0634099999999993
miniFE.c 167 A 10.9336099999999998
miniFE.c 167 A 16.7981799999999986
miniFE.c 167 A 3.6681120018626450
miniFE.c 167 A 66.5612600000000043
miniFE.c 167 A 4.4892070000000004
miniFE.c 167 A 14.0526599999999995
miniFE.c 167 A 3.7993380000000001
miniFE.c 167 A 16.0564000000000000
miniFE.c 167 A 9.6522659999999991
miniFE.c 167 A 16.1756899999999995
miniFE.c 167 A 11.0858899999999991
miniFE.c 167 A 4.4892070000000004
miniFE.c 167 A 66.4632699999999943
miniFE.c 167 A 7.6122389999999998
miniFE.c 167 A 3.4261349999999999
miniFE.c 167 A 4.9967519999999999
miniFE.c 167 A 11.3974100000000007
miniFE.c 167 A 11.9519400000000005
miniFE.c 167 A 1.3002330000000000
miniFE.c 167 A 14.0526599999999995
miniFE.c 167 A 7.6122389999999998
miniFE.c 167 A 65.6581999999999937
miniFE.c 167 A 2.6745570000000001
miniFE.c 167 A 6.4080630000000003
miniFE.c 167 A 6.9539020000000002
miniFE.c 167 A 12.3511699999999998
miniFE.c 167 A 4.7210279999999996
miniFE.c 167 A 3.7993380000000001
miniFE.c 167 A 3.4261349999999999
miniFE.c 167 A 2.6745570000000001
miniFE.c 167 A 64.8721800000000002
miniFE.c 175 b 198.0110999999999990
miniFE.c 175 b 229.8237000000000023
miniFE.c 175 b 210.8053999999999917
miniFE.c 175 b 202.6418999999999926
miniFE.c 175 b 157.2561000000000035
miniFE.c 175 b 225.5886000000000138
miniFE.c 175 b 142.6283999999999992
miniFE.c 175 b 185.1795999999999935
miniFE.c 33 r 0.0000000000000000
miniFE.c 33 r 0.0000000000000000
miniFE.c 33 r 0.0000000000000000
miniFE.c 33 r 0.0000000000000000
miniFE.c 33 r 0.0000000000000000
miniFE.c 33 r 0.0000000000000000
miniFE.c 33 r 0.0000000000000000
miniFE.c 33 r 0.0000000000000000
miniFE.c 25 Ap 0.0000000000000000
miniFE.c 25 Ap 0.0000000000000000
miniFE.c 25 Ap 0.0000000000000000
miniFE.c 25 Ap 0.0000000000000000
miniFE.c 25 Ap 0.0000000000000000
miniFE.c 25 Ap 0.0000000000000000
miniFE.c 25 Ap 0.0000000000000000
miniFE.c 25 Ap 0.0000000000000000
miniFE.c 25 Ap 0.0000000000000000
miniFE.c 25 Ap 0.0000000000000000
miniFE.c 25 Ap 0.0000000000000000
miniFE.c 25 Ap 0.0000000000000000
miniFE.c 25 Ap 0.0000000000000000
miniFE.c 25 Ap 0.0000000000000000
miniFE.c 25 Ap 0.0000000000000000
miniFE.c 25 Ap 0.0000000000000000
miniFE.c 25 Ap 0.0000000000000000
miniFE.c 25 Ap 0.0000000000000000
miniFE.c 25 Ap 0.0000000000000000
miniFE.c 25 Ap 0.0000000000000000
miniFE.c 25 Ap 0.0000000000000000
miniFE.c 25 Ap 0.0000000000000000
miniFE.c 25 Ap 0.0000000000000000
miniFE.c 25 Ap 0.0000000000000000
miniFE.c 25 Ap 0.0000000000000000
miniFE.c 25 Ap 0.0000000000000000
miniFE.c 25 Ap 0.0000000000000000
miniFE.c 25 Ap 0.0000000000000000
miniFE.c 25 Ap 0.0000000000000000
miniFE.c 25 Ap 0.0000000000000000
miniFE.c 25 Ap 0.0000000000000000
miniFE.c 25 Ap 0.0000000000000000
miniFE.c 25 Ap 0.0000000000000000
miniFE.c 25 Ap 0.0000000000000000
miniFE.c 25 Ap 0.0000000000000000
miniFE.c 25 Ap 0.0000000000000000
miniFE.c 25 Ap 0.0000000000000000
miniFE.c 25 Ap 0.0000000000000000
miniFE.c 25 Ap 0.0000000000000000
miniFE.c 25 Ap 0.0000000000000000
miniFE.c 25 Ap 0.0000000000000000
miniFE.c 25 Ap 0.0000000000000000
miniFE.c 25 Ap 0.0000000000000000
miniFE.c 25 Ap 0.0000000000000000
miniFE.c 25 Ap 0.0000000000000000
miniFE.c 25 Ap 0.0000000000000000
miniFE.c 25 Ap 0.0000000000000000
miniFE.c 25 Ap 0.0000000000000000
miniFE.c 25 Ap 0.0000000000000000
miniFE.c 25 Ap 0.0000000000000000
miniFE.c 25 Ap 0.0000000000000000
miniFE.c 25 Ap 0.0000000000000000
miniFE.c 25 Ap 0.0000000000000000
miniFE.c 25 Ap 0.0000000000000000
miniFE.c 25 Ap 0.0000000000000000
miniFE.c 25 Ap 0.0000000000000000
miniFE.c 25 Ap 0.0000000000000000
miniFE.c 25 Ap 0.0000000000000000
miniFE.c 25 Ap 0.0000000000000000
miniFE.c 25 Ap 0.0000000000000000
miniFE.c 25 Ap 0.0000000000000000
miniFE.c 25 Ap 0.0000000000000000
miniFE.c 25 Ap 0.0000000000000000
miniFE.c 25 Ap 0.0000000000000000
miniFE.c 33 r 198.0110999999999990
miniFE.c 33 r 229.8237000000000023
miniFE.c 33 r 210.8053999999999917
miniFE.c 33 r 202.6418999999999926
miniFE.c 33 r 157.2561000000000035
miniFE.c 33 r 225.5886000000000138
miniFE.c 33 r 142.6283999999999992
miniFE.c 33 r 185.1795999999999935
miniFE.c 48 sum 39208.3957232100001420
miniFE.c 48 sum 92027.3288048999966122
miniFE.c 48 sum 136466.2454740600078367
miniFE.c 48 sum 177529.9851096700003836
miniFE.c 48 sum 202259.4660968800017145
miniFE.c 48 sum 253149.6825468399911188
miniFE.c 48 sum 273492.5430333999684080
miniFE.c 48 sum 307784.0272895599482581
miniFE.c 75 rtrans 307784.0272895599482581
miniFE.c 76 normr 554.7828649927464539
miniFE.c 33 r 198.0110999999999990
miniFE.c 33 r 229.8237000000000023
miniFE.c 33 r 210.8053999999999917
miniFE.c 33 r 202.6418999999999926
miniFE.c 33 r 157.2561000000000035
miniFE.c 33 r 225.5886000000000138
miniFE.c 33 r 142.6283999999999992
miniFE.c 33 r 185.1795999999999935
miniFE.c 87 normr 554.7828649927464539
miniFE.c 25 Ap 13285.4973312810016068
miniFE.c 25 Ap 16752.9738962160008668
miniFE.c 25 Ap 18717.5143203662009910
miniFE.c 25 Ap 21497.0499152972006414
miniFE.c 25 Ap 23708.6069245981998392
miniFE.c 25 Ap 27330.7477216381994367
miniFE.c 25 Ap 28043.4264645949988335
miniFE.c 25 Ap 29230.0690077097970061
miniFE.c 25 Ap 2987.5023718050001662
miniFE.c 25 Ap 18256.2053009880000900
miniFE.c 25 Ap 21290.1102936259994749
miniFE.c 25 Ap 22498.6292991164009436
miniFE.c 25 Ap 24218.0061666374022025
miniFE.c 25 Ap 26395.4473404050004319
miniFE.c 25 Ap 28021.0416928490012651
miniFE.c 25 Ap 29308.7624836482027604
miniFE.c 25 Ap 1845.3076172643000064
miniFE.c 25 Ap 5152.9234129532997031
miniFE.c 25 Ap 19418.9870250392996240
miniFE.c 25 Ap 21366.8164301717988565
miniFE.c 25 Ap 24008.4327040697971825
miniFE.c 25 Ap 27657.4839652037990163
miniFE.c 25 Ap 29362.1700442997971550
miniFE.c 25 Ap 31649.3547644317950471
miniFE.c 25 Ap 2716.0172730389999742
miniFE.c 25 Ap 4086.6435322781999275
miniFE.c 25 Ap 6112.9419280231995799
miniFE.c 25 Ap 19366.0687056721981207
miniFE.c 25 Ap 19942.9016931553996983
miniFE.c 25 Ap 22443.7520980093977414
miniFE.c 25 Ap 22629.2022504265987664
miniFE.c 25 Ap 23503.4403270553993934
miniFE.c 25 Ap 2784.7112838509997346
miniFE.c 25 Ap 5297.5139884079999320
miniFE.c 25 Ap 8838.6610425799990480
miniFE.c 25 Ap 9581.9742280502487120
miniFE.c 25 Ap 20049.1383867362492310
miniFE.c 25 Ap 21061.8523089764494216
miniFE.c 25 Ap 23066.1607205204491038
miniFE.c 25 Ap 23769.7206116252491483
miniFE.c 25 Ap 3179.3454260399998930
miniFE.c 25 Ap 5397.6649115441996400
miniFE.c 25 Ap 8807.5877122702004272
miniFE.c 25 Ap 11054.0535250612010714
miniFE.c 25 Ap 11760.0087099739012046
miniFE.c 25 Ap 26753.3647406958989450
miniFE.c 25 Ap 27839.0862096834971453
miniFE.c 25 Ap 28473.5365185294976982
miniFE.c 25 Ap 989.4123599472000024
miniFE.c 25 Ap 3608.8072965641999872
miniFE.c 25 Ap 6128.3407890401995246
miniFE.c 25 Ap 6391.8224746028990921
miniFE.c 25 Ap 8601.6889808288997301
miniFE.c 25 Ap 10318.9233197042995016
miniFE.c 25 Ap 19683.6473325842962367
miniFE.c 25 Ap 20178.9207280214977800
miniFE.c 25 Ap 1268.8676034993000030
miniFE.c 25 Ap 2867.0390905766998912
miniFE.c 25 Ap 5470.7324228946999938
miniFE.c 25 Ap 6427.4105067679001877
miniFE.c 25 Ap 7024.8795832297000743
miniFE.c 25 Ap 7797.7765812907000509
miniFE.c 25 Ap 8179.2443669095000587
miniFE.c 25 Ap 20192.2487104374995397
miniFE.c 57 sum 5787878.1172925252467394
miniFE.c 57 sum 12523726.3537057451903820
miniFE.c 57 sum 19195581.2445636950433254
miniFE.c 57 sum 23958363.0489748232066631
miniFE.c 57 sum 27696296.6104486249387264
miniFE.c 57 sum 34119601.8507125675678253
miniFE.c 57 sum 36997689.0278771072626114
miniFE.c 57 sum 40736881.5671764388680458
miniFE.c 90 p_ap_dot 40736881.5671764388680458
miniFE.c 91 alpha 0.0075554145395743
miniFE.c 40 y 1.4960559439370948
miniFE.c 40 y 1.7364133245187554
miniFE.c 40 y 1.5927221841807699
miniFE.c 40 y 1.5310435575869554
miniFE.c 40 y 1.1881350243767455
miniFE.c 40 y 1.7044153884022044
miniFE.c 40 y 1.0776166871162149
miniFE.c 40 y 1.3991086422725476
miniFE.c 40 y -22.8341883736098623
miniFE.c 40 y 8.3838497941154628
miniFE.c 40 y -28.3185951553322184
miniFE.c 40 y 25.0636652229493677
miniFE.c 40 y -22.3339927106916321
miniFE.c 40 y 10.4592281948033019
miniFE.c 40 y -9.8317110614102603
miniFE.c 40 y 32.6187905064606980
miniFE.c 82 oldrtrans 307784.0272895599482581
miniFE.c 48 sum 521.4001586814997609
miniFE.c 48 sum 591.6890960517896474
miniFE.c 48 sum 1393.6319276233950859
miniFE.c 48 sum 2021.8192420314767332
miniFE.c 48 sum 2520.6264724327038493
miniFE.c 48 sum 2630.0219268636719789
miniFE.c 48 sum 2726.6844692587287682
miniFE.c 48 sum 3790.6699633630992139
miniFE.c 83 rtrans 3790.6699633630992139
miniFE.c 84 beta 0.0123160061187869
miniFE.c 40 y -20.3954824544221331
miniFE.c 40 y 11.2143598895577110
miniFE.c 40 y -25.7223145590588942
miniFE.c 40 y 27.5594041032719730
miniFE.c 40 y -20.3972256208750657
miniFE.c 40 y 13.2375787727318759
miniFE.c 40 y -8.0750988142974727
miniFE.c 40 y 34.8994635931352093
miniFE.c 87 normr 61.5684169307860216
miniFE.c 25 Ap -1368.4289805895414247
miniFE.c 25 Ap -1199.2317650378449798
miniFE.c 25 Ap -1438.9434932667159046
miniFE.c 25 Ap -1060.9252024782269928
miniFE.c 25 Ap -1347.7797492470976977
miniFE.c 25 Ap -1135.2318894406055279
miniFE.c 25 Ap -1175.5811555911441246
miniFE.c 25 Ap -951.9431942201273387
miniFE.c 25 Ap -307.7178613052166725
miniFE.c 25 Ap 437.3259687897742083
miniFE.c 25 Ap 67.1311893252353684
miniFE.c 25 Ap 231.4904044667943879
miniFE.c 25 Ap 8.4750944461385700
miniFE.c 25 Ap 136.2477259565001759
miniFE.c 25 Ap 44.2125139794380146
miniFE.c 25 Ap 286.8999636586681277
miniFE.c 25 Ap -190.0698452305226454
miniFE.c 25 Ap -28.6731141308047484
miniFE.c 25 Ap -1769.4073446088668788
miniFE.c 25 Ap -1504.5015294724985324
miniFE.c 25 Ap -1847.1377969525697154
miniFE.c 25 Ap -1633.0108263742783947
miniFE.c 25 Ap -1729.5239228968330281
miniFE.c 25 Ap -1298.4747151492092598
miniFE.c 25 Ap -279.7544311312566379
miniFE.c 25 Ap -212.8740521921541244
miniFE.c 25 Ap -460.1214411388760936
miniFE.c 25 Ap 1342.3107137961274020
miniFE.c 25 Ap 1267.4914057294881786
miniFE.c 25 Ap 1414.2417478703287088
miniFE.c 25 Ap 1403.7422379137183270
miniFE.c 25 Ap 1568.5035827218903250
miniFE.c 25 Ap -286.8300319043447644
miniFE.c 25 Ap -164.2165944722776771
miniFE.c 25 Ap -596.3046644519695292
miniFE.c 25 Ap -495.2136834965749586
miniFE.c 25 Ap -1852.8787213263017293
miniFE.c 25 Ap -1793.4524900367023292
miniFE.c 25 Ap -1906.9291081404278430
miniFE.c 25 Ap -1774.3342499314126144
miniFE.c 25 Ap -327.4780244811835246
miniFE.c 25 Ap -219.2340398074418886
miniFE.c 25 Ap -635.3102261972652514
miniFE.c 25 Ap -329.7897038428435508
miniFE.c 25 Ap -421.3570718806552691
miniFE.c 25 Ap 458.4557002376919286
miniFE.c 25 Ap 396.9861181146429772
miniFE.c 25 Ap 516.5563918123092435
miniFE.c 25 Ap -101.9111677450986946
miniFE.c 25 Ap 25.9034898037452592
miniFE.c 25 Ap -281.5280704672530874
miniFE.c 25 Ap -245.6944237918434624
miniFE.c 25 Ap -532.3297003852896978
miniFE.c 25 Ap -431.5620869859279765
miniFE.c 25 Ap -961.7585399548341911
miniFE.c 25 Ap -868.4179353055692445
miniFE.c 25 Ap -130.6955364833316651
miniFE.c 25 Ap -52.7119768186165203
miniFE.c 25 Ap -370.4126567310279370
miniFE.c 25 Ap -240.3039382961660806
miniFE.c 25 Ap -317.7998926921302996
miniFE.c 25 Ap -272.4461607436165878
miniFE.c 25 Ap -294.0434728030875817
miniFE.c 25 Ap 1969.9608113142264756
miniFE.c 57 sum 19415.3407153231673874
miniFE.c 57 sum 22632.7401600925004459
miniFE.c 57 sum 56032.5152301448542858
miniFE.c 57 sum 99259.5393038073088974
miniFE.c 57 sum 135451.0353265044686850
miniFE.c 57 sum 142288.9912536780757364
miniFE.c 57 sum 149301.5518933787243441
miniFE.c 57 sum 218052.1275077426689677
miniFE.c 90 p_ap_dot 218052.1275077426689677
miniFE.c 91 alpha 0.0173842374605059
miniFE.c 40 y 1.1414960338278397
miniFE.c 40 y 1.9313664198063989
miniFE.c 40 y 1.1455593598522631
miniFE.c 40 y 2.0101427827882747
miniFE.c 40 y 0.8335448106479393
miniFE.c 40 y 1.9345406011895270
miniFE.c 40 y 0.9372372518114184
miniFE.c 40 y 2.0058092046198892
miniFE.c 40 y -6.2853818363747216
miniFE.c 40 y 3.3963126984626753
miniFE.c 40 y -5.7456023707156625
miniFE.c 40 y -2.2035735167421642
miniFE.c 40 y 8.5114552244245907
miniFE.c 40 y 1.4792892177960155
miniFE.c 40 y 5.2650725409039669
miniFE.c 40 y -1.6274760253165894
miniFE.c 82 oldrtrans 3790.6699633630992139
miniFE.c 48 sum 39.5060248290292648
miniFE.c 48 sum 51.0409647747680850
miniFE.c 48 sum 84.0529113771415268
miniFE.c 48 sum 88.9086476208289582
miniFE.c 48 sum 161.3535176582136046
miniFE.c 48 sum 163.5418142481011614
miniFE.c 48 sum 191.2628031090821139
miniFE.c 48 sum 193.9114813220624001
miniFE.c 83 rtrans 193.9114813220624001
miniFE.c 84 beta 0.0511549365141837
miniFE.c 40 y -7.3287114465068335
miniFE.c 40 y 3.9699825666602080
miniFE.c 40 y -7.0614257389821837
miniFE.c 40 y -0.7937739494705527
miniFE.c 40 y 7.4680364427232453
miniFE.c 40 y 2.1564567195166204
miniFE.c 40 y 4.8519913737128197
miniFE.c 40 y 0.1578038191693076
miniFE.c 87 normr 13.9252102792763033
miniFE.c 25 Ap -491.7177691770565389
miniFE.c 25 Ap -431.8204587034423412
miniFE.c 25 Ap -497.6273892486997283
miniFE.c 25 Ap -508.5151816888730423
miniFE.c 25 Ap -403.4891232999145245
miniFE.c 25 Ap -368.8641916286678679
miniFE.c 25 Ap -344.6199940280856140
miniFE.c 25 Ap -343.6087772132081000
miniFE.c 25 Ap -110.5723003847441817
miniFE.c 25 Ap 153.1798037036076892
miniFE.c 25 Ap 51.5519763109482625
miniFE.c 25 Ap 46.8180545307125868
miniFE.c 25 Ap 128.4706524612358862
miniFE.c 25 Ap 149.2853463354977066
miniFE.c 25 Ap 204.5854813381659483
miniFE.c 25 Ap 205.6828336318950221
miniFE.c 25 Ap -68.2978229855352907
miniFE.c 25 Ap -11.1619529856385782
miniFE.c 25 Ap -489.0375139738354164
miniFE.c 25 Ap -496.6674080865874998
miniFE.c 25 Ap -371.2179876751627603
miniFE.c 25 Ap -336.3358122818449374
miniFE.c 25 Ap -278.3451025027117112
miniFE.c 25 Ap -276.3960407055023438
miniFE.c 25 Ap -100.5241972688965149
miniFE.c 25 Ap -76.8479517181273053
miniFE.c 25 Ap -144.7236116707283884
miniFE.c 25 Ap -196.6377853195561158
miniFE.c 25 Ap -169.2441912275656648
miniFE.c 25 Ap -145.3379492452435500
miniFE.c 25 Ap -139.0292299454268061
miniFE.c 25 Ap -138.2842336966215555
miniFE.c 25 Ap -103.0666738439186645
miniFE.c 25 Ap -59.6604327532569485
miniFE.c 25 Ap -178.2795333733126881
miniFE.c 25 Ap -181.1911851241315219
miniFE.c 25 Ap 315.8907302294455803
miniFE.c 25 Ap 325.5715108298966243
miniFE.c 25 Ap 393.7548959276158484
miniFE.c 25 Ap 394.3544459743309289
miniFE.c 25 Ap -117.6727224696923173
miniFE.c 25 Ap -79.3533947209252517
miniFE.c 25 Ap -193.5768284327219817
miniFE.c 25 Ap -202.3765191214180845
miniFE.c 25 Ap -168.8509576464898032
miniFE.c 25 Ap -25.5257924539424152
miniFE.c 25 Ap 11.4087255086978843
miniFE.c 25 Ap 11.9493826966875201
miniFE.c 25 Ap -36.6197535777559153
miniFE.c 25 Ap 8.6277654273228066
miniFE.c 25 Ap -75.7699713194479045
miniFE.c 25 Ap -76.8020624030898489
miniFE.c 25 Ap 28.1437145941093831
miniFE.c 25 Ap 44.5591785362258577
miniFE.c 25 Ap 363.1321985497369269
miniFE.c 25 Ap 363.5542538589229480
miniFE.c 25 Ap -46.9628446580369214
miniFE.c 25 Ap -19.3559749477733654
miniFE.c 25 Ap -106.5728446923179433
miniFE.c 25 Ap -110.3202737334390093
miniFE.c 25 Ap -81.9466790912157563
miniFE.c 25 Ap -74.5583672484946760
miniFE.c 25 Ap -61.5814397559914397
miniFE.c 25 Ap -51.3443619941526634
miniFE.c 57 sum 2518.2095786826544099
miniFE.c 57 sum 3334.7668424625494481
miniFE.c 57 sum 5286.5169584531513465
miniFE.c 57 sum 5396.2833807840279405
miniFE.c 57 sum 8341.3367546702666004
miniFE.c 57 sum 8367.1050812806133763
miniFE.c 57 sum 10131.0671848807087372
miniFE.c 57 sum 10122.9648484652207117
miniFE.c 90 p_ap_dot 10122.9648484652207117
miniFE.c 91 alpha 0.0191556015678018
miniFE.c 40 y 1.0011101573531667
miniFE.c 40 y 2.0074138240844608
miniFE.c 40 y 1.0102935018957004
miniFE.c 40 y 1.9949375652773165
miniFE.c 40 y 0.9765995412385693
miniFE.c 40 y 1.9758488269067962
miniFE.c 40 y 1.0301800653766722
miniFE.c 40 y 2.0088320317057740
miniFE.c 40 y 0.2966509951210501
miniFE.c 40 y -0.5436657119263599
miniFE.c 40 y -0.4510699400431450
miniFE.c 40 y 0.4453441670591034
miniFE.c 40 y 0.9573585808491059
miniFE.c 40 y 1.2503916038770850
miniFE.c 40 y -1.6990278942970134
miniFE.c 40 y -0.6439438842036180
miniFE.c 82 oldrtrans 193.9114813220624001
miniFE.c 48 sum 0.0880018129063093
miniFE.c 48 sum 0.3835742192307051
miniFE.c 48 sum 0.5870383100412315
miniFE.c 48 sum 0.7853697371747981
miniFE.c 48 sum 1.7019051895002120
miniFE.c 48 sum 3.2653843525465209
miniFE.c 48 sum 6.1520801381458643
miniFE.c 48 sum 6.5667438641491067
miniFE.c 83 rtrans 6.5667438641491067
miniFE.c 84 beta 0.0338646469996409
miniFE.c 40 y 0.0484667690228684
miniFE.c 40 y -0.4092236537116836
miniFE.c 40 y -0.6902026300079552
miniFE.c 40 y 0.4184632924627723
miniFE.c 40 y 1.2102609987623827
miniFE.c 40 y 1.3234192494535191
miniFE.c 40 y -1.5347169191809260
miniFE.c 40 y -0.6385999135722542
miniFE.c 87 normr 2.5625658750847959
miniFE.c 25 Ap 3.2518638122263388
miniFE.c 25 Ap -2.9223185243313727
miniFE.c 25 Ap -9.3544638465356993
miniFE.c 25 Ap -3.6146162801030073
miniFE.c 25 Ap 13.4057803525018713
miniFE.c 25 Ap 34.6551291894273561
miniFE.c 25 Ap 26.9865293540762252
miniFE.c 25 Ap 22.8943408761106646
miniFE.c 25 Ap 0.7312448009709781
miniFE.c 25 Ap -26.4561792989741207
miniFE.c 25 Ap -36.3895548439697123
miniFE.c 25 Ap -33.8939167649675497
miniFE.c 25 Ap -20.6613950062891760
miniFE.c 25 Ap -7.8874003810434559
miniFE.c 25 Ap -25.3791983428853349
miniFE.c 25 Ap -29.8199595590752615
miniFE.c 25 Ap 0.4516721439459124
miniFE.c 25 Ap -5.4378624035630265
miniFE.c 25 Ap -52.1466973049580886
miniFE.c 25 Ap -48.1243549067297423
miniFE.c 25 Ap -27.7941728025394639
miniFE.c 25 Ap -6.3869532833466707
miniFE.c 25 Ap -24.7297978183819467
miniFE.c 25 Ap -32.6172539128981640
miniFE.c 25 Ap 0.6647939526344842
miniFE.c 25 Ap -1.7757406209497133
miniFE.c 25 Ap -8.4100890860464315
miniFE.c 25 Ap 18.9581258132489836
miniFE.c 25 Ap 23.3974987059412634
miniFE.c 25 Ap 38.0687789292655339
miniFE.c 25 Ap 36.0732893452881598
miniFE.c 25 Ap 33.0584412725159709
miniFE.c 25 Ap 0.6816080441438975
miniFE.c 25 Ap -3.7926837883147031
miniFE.c 25 Ap -15.3868318036617353
miniFE.c 25 Ap -13.8518615782400829
miniFE.c 25 Ap 66.7046354282425682
miniFE.c 25 Ap 72.6457383868240498
miniFE.c 25 Ap 51.0788833253270198
miniFE.c 25 Ap 48.6526264068952372
miniFE.c 25 Ap 0.7782018301387841
miniFE.c 25 Ap -3.1717337289782725
miniFE.c 25 Ap -14.3362375091716547
miniFE.c 25 Ap -9.6971994798915322
miniFE.c 25 Ap -4.2640873324204520
miniFE.c 25 Ap 83.6946835672061411
miniFE.c 25 Ap 72.0120515810572499
miniFE.c 25 Ap 69.8241220661703750
miniFE.c 25 Ap 0.2421764250485557
miniFE.c 25 Ap -4.4219133380015236
miniFE.c 25 Ap -12.6711737596988048
miniFE.c 25 Ap -12.1270739775500562
miniFE.c 25 Ap 4.8803123493181264
miniFE.c 25 Ap 14.9544959733589327
miniFE.c 25 Ap -85.8122544496061295
miniFE.c 25 Ap -87.5202263186502023
miniFE.c 25 Ap 0.3105781093049891
miniFE.c 25 Ap -2.5351230746879949
miniFE.c 25 Ap -11.0599330923633516
miniFE.c 25 Ap -9.0843561716744148
miniFE.c 25 Ap -4.4861655691585414
miniFE.c 25 Ap 0.0480474410678911
miniFE.c 25 Ap -4.0566404381458891
miniFE.c 25 Ap -45.4840089793896070
miniFE.c 57 sum 1.1096147311732700
miniFE.c 57 sum 13.3126475354726939
miniFE.c 57 sum 35.8251619697922763
miniFE.c 57 sum 49.6589061483765093
miniFE.c 57 sum 108.5412823759986054
miniFE.c 57 sum 200.9478695945607001
miniFE.c 57 sum 335.2666416963369329
miniFE.c 57 sum 364.3127258994947510
miniFE.c 90 p_ap_dot 364.3127258994947510
miniFE.c 91 alpha 0.0180250191588441
miniFE.c 40 y 1.0019837717933711
miniFE.c 40 y 2.0000375598860556
miniFE.c 40 y 0.9978525862663224
miniFE.c 40 y 2.0024803741412307
miniFE.c 40 y 0.9984145189284630
miniFE.c 40 y 1.9997034842333790
miniFE.c 40 y 1.0025167635050338
miniFE.c 40 y 1.9973212560287978
miniFE.c 40 y -0.1160199377999520
miniFE.c 40 y -0.0061603695580724
miniFE.c 40 y 0.1368566866457266
miniFE.c 40 y -0.1505348702395191
miniFE.c 40 y 0.0803940577367355
miniFE.c 40 y -0.0081895341151041
miniFE.c 40 y -0.1214741381169731
miniFE.c 40 y 0.1759062490709161
miniFE.c 82 oldrtrans 6.5667438641491067
miniFE.c 48 sum 0.0134606259671047
miniFE.c 48 sum 0.0134985761201967
miniFE.c 48 sum 0.0322283287998433
miniFE.c 48 sum 0.0548890759578722
miniFE.c 48 sum 0.0613522804772497
miniFE.c 48 sum 0.0614193489462722
miniFE.c 48 sum 0.0761753151775336
miniFE.c 48 sum 0.1071183236397328
miniFE.c 83 rtrans 0.1071183236397328
miniFE.c 84 beta 0.0163122433059315
miniFE.c 40 y -0.1152293360713985
miniFE.c 40 y -0.0128357253639596
miniFE.c 40 y 0.1255979334146430
miniFE.c 40 y -0.1437087951982652
miniFE.c 40 y 0.1001361296122271
miniFE.c 40 y 0.0133984026777349
miniFE.c 40 y -0.1465088139083819
miniFE.c 40 y 0.1654892519055787
miniFE.c 87 normr 0.3272893576634181
miniFE.c 25 Ap -7.7312788872030254
miniFE.c 25 Ap -7.9249385354180344
miniFE.c 25 Ap -6.7544646415671590
miniFE.c 25 Ap -8.7256448938162112
miniFE.c 25 Ap -7.3173894472663203
miniFE.c 25 Ap -7.1022593345115386
miniFE.c 25 Ap -7.8343275434258732
miniFE.c 25 Ap -6.7738619913920548
miniFE.c 25 Ap -1.7385283694440290
miniFE.c 25 Ap -2.5912901928020169
miniFE.c 25 Ap -0.7836885030364766
miniFE.c 25 Ap -1.6407413151806134
miniFE.c 25 Ap -0.5458919270910714
miniFE.c 25 Ap -0.4165669804704621
miniFE.c 25 Ap -2.0863880011979932
miniFE.c 25 Ap -0.9355919613932857
miniFE.c 25 Ap -1.0738467266979461
miniFE.c 25 Ap -1.2585781010642925
miniFE.c 25 Ap 7.2411477486522688
miniFE.c 25 Ap 5.8597936601673846
miniFE.c 25 Ap 7.5418983898969056
miniFE.c 25 Ap 7.7586267981071151
miniFE.c 25 Ap 6.0075622448029691
miniFE.c 25 Ap 8.0515481282615955
miniFE.c 25 Ap -1.5805420359299773
miniFE.c 25 Ap -1.6570919402271658
miniFE.c 25 Ap -0.4498226246072692
miniFE.c 25 Ap -9.8486235726135973
miniFE.c 25 Ap -9.4813130339494318
miniFE.c 25 Ap -9.3327798156883581
miniFE.c 25 Ap -9.5232754103228956
miniFE.c 25 Ap -8.7419960183776055
miniFE.c 25 Ap -1.6205173971998670
miniFE.c 25 Ap -1.7608582123965100
miniFE.c 25 Ap 0.3489584807306780
miniFE.c 25 Ap -0.1781814757092992
miniFE.c 25 Ap 6.4870054828038475
miniFE.c 25 Ap 6.5471536858935533
miniFE.c 25 Ap 4.4883151370357917
miniFE.c 25 Ap 5.1170647403922294
miniFE.c 25 Ap -1.8501683116968035
miniFE.c 25 Ap -1.9740621472126889
miniFE.c 25 Ap 0.0575710883432181
miniFE.c 25 Ap -1.5355688072572775
miniFE.c 25 Ap -1.0860369932491603
miniFE.c 25 Ap -0.1955353385101446
miniFE.c 25 Ap -1.3107954455872717
miniFE.c 25 Ap -0.7438069275097519
miniFE.c 25 Ap -0.5757724154734328
miniFE.c 25 Ap -0.7220664400938802
miniFE.c 25 Ap 0.7790725242019286
miniFE.c 25 Ap 0.5922176062949027
miniFE.c 25 Ap 1.9993965894514616
miniFE.c 25 Ap 2.1013884328526196
miniFE.c 25 Ap -7.5181165725066990
miniFE.c 25 Ap -7.0755061353978697
miniFE.c 25 Ap -0.7383968449936944
miniFE.c 25 Ap -0.8276552212735842
miniFE.c 25 Ap 0.7236262059793526
miniFE.c 25 Ap 0.0451729600020773
miniFE.c 25 Ap 0.4256239624107369
miniFE.c 25 Ap 0.4715286987690180
miniFE.c 25 Ap 0.0796825249686579
miniFE.c 25 Ap 10.8153310626527031
miniFE.c 57 sum 0.7805476199073881
miniFE.c 57 sum 0.7925566213765607
miniFE.c 57 sum 1.8038144270747543
miniFE.c 57 sum 3.0601161425038308
miniFE.c 57 sum 3.5725192005819042
miniFE.c 57 sum 3.5625533758526400
miniFE.c 57 sum 4.5991773875512605
miniFE.c 57 sum 6.3889984342208237
miniFE.c 90 p_ap_dot 6.3889984342208237
miniFE.c 91 alpha 0.0167660588341961
miniFE.c 40 y 1.0000518299653727
miniFE.c 40 y 1.9998223553594239
miniFE.c 40 y 0.9999583686074058
miniFE.c 40 y 2.0000709440259450
miniFE.c 40 y 1.0000934071689702
miniFE.c 40 y 1.9999281226409582
miniFE.c 40 y 1.0000603881113177
miniFE.c 40 y 2.0000958585626738
miniFE.c 40 y -0.0024489691175483
miniFE.c 40 y 0.0095258203114483
miniFE.c 40 y 0.0018639570209315
miniFE.c 40 y -0.0039660506670925
miniFE.c 40 y -0.0053989507590708
miniFE.c 40 y 0.0042811765928070
miniFE.c 40 y -0.0028457859691772
miniFE.c 40 y -0.0054242278368273
miniFE.c 82 oldrtrans 0.1071183236397328
miniFE.c 48 sum 0.0000059974497387
miniFE.c 48 sum 0.0000967387023447
miniFE.c 48 sum 0.0001002130381206
miniFE.c 48 sum 0.0001159425960145
miniFE.c 48 sum 0.0001450912653134
miniFE.c 48 sum 0.0001634197383322
miniFE.c 48 sum 0.0001715182361146
miniFE.c 48 sum 0.0002009404837404
miniFE.c 83 rtrans 0.0002009404837404
miniFE.c 84 beta 0.0018758740513546
miniFE.c 40 y -0.0026651248390395
miniFE.c 40 y 0.0095017421073077
miniFE.c 40 y 0.0020995629251278
miniFE.c 40 y -0.0042356302669563
miniFE.c 40 y -0.0052111079919282
miniFE.c 40 y 0.0043063103087197
miniFE.c 40 y -0.0031206180514827
miniFE.c 40 y -0.0051137908433995
miniFE.c 87 normr 0.0141753477467178
miniFE.c 25 Ap -0.1788157781891488
miniFE.c 25 Ap -0.0354577690580381
miniFE.c 25 Ap -0.0158914949518689
miniFE.c 25 Ap -0.0739894751522726
miniFE.c 25 Ap -0.1472754233970350
miniFE.c 25 Ap -0.0781315825561078
miniFE.c 25 Ap -0.0937245370460899
miniFE.c 25 Ap -0.1264940309394170
miniFE.c 25 Ap -0.0402102042652497
miniFE.c 25 Ap 0.5910531404036896
miniFE.c 25 Ap 0.6212699870352415
miniFE.c 25 Ap 0.5960094674790831
miniFE.c 25 Ap 0.5390332450274574
miniFE.c 25 Ap 0.5805988976057622
miniFE.c 25 Ap 0.5450319342196130
miniFE.c 25 Ap 0.5094711338461156
miniFE.c 25 Ap -0.0248368660465994
miniFE.c 25 Ap 0.1119119213095102
miniFE.c 25 Ap 0.2539979316652738
miniFE.c 25 Ap 0.2132843123039930
miniFE.c 25 Ap 0.1257471822561451
miniFE.c 25 Ap 0.1954047228537996
miniFE.c 25 Ap 0.1581072831395617
miniFE.c 25 Ap 0.0949459830882912
miniFE.c 25 Ap -0.0365561582034363
miniFE.c 25 Ap 0.0201104834039993
miniFE.c 25 Ap 0.0402918496638398
miniFE.c 25 Ap -0.2367256127228600
miniFE.c 25 Ap -0.2558405404813476
miniFE.c 25 Ap -0.2081012580930148
miniFE.c 25 Ap -0.2121587886639482
miniFE.c 25 Ap -0.2363011384217809
miniFE.c 25 Ap -0.0374807433125958
miniFE.c 25 Ap 0.0664075992092850
miniFE.c 25 Ap 0.1016764351469087
miniFE.c 25 Ap 0.0861396689292335
miniFE.c 25 Ap -0.2607182450095749
miniFE.c 25 Ap -0.2413863266274981
miniFE.c 25 Ap -0.2852393110948466
miniFE.c 25 Ap -0.3046683309702264
miniFE.c 25 Ap -0.0427923104655531
miniFE.c 25 Ap 0.0489210318175816
miniFE.c 25 Ap 0.0828829108299425
miniFE.c 25 Ap 0.0359271796097941
miniFE.c 25 Ap 0.0125334371346743
miniFE.c 25 Ap 0.2987449018868961
miniFE.c 25 Ap 0.2749900114512956
miniFE.c 25 Ap 0.2574694736600451
miniFE.c 25 Ap -0.0133169678697201
miniFE.c 25 Ap 0.0949782826415301
miniFE.c 25 Ap 0.1200721327488823
miniFE.c 25 Ap 0.1145648264999869
miniFE.c 25 Ap 0.0413348976661377
miniFE.c 25 Ap 0.0741155609442759
miniFE.c 25 Ap -0.1307786032035836
miniFE.c 25 Ap -0.1444557283003337
miniFE.c 25 Ap -0.0170782878714297
miniFE.c 25 Ap 0.0489958955720617
miniFE.c 25 Ap 0.0749279541860128
miniFE.c 25 Ap 0.0549314250980645
miniFE.c 25 Ap 0.0351326644822281
miniFE.c 25 Ap 0.0498866649517936
miniFE.c 25 Ap 0.0415403940978742
miniFE.c 25 Ap -0.2902023659774894
miniFE.c 57 sum 0.0003371223838469
miniFE.c 57 sum 0.0051779857087703
miniFE.c 57 sum 0.0053773307747523
miniFE.c 57 sum 0.0063782150287678
miniFE.c 57 sum 0.0079658746031742
miniFE.c 57 sum 0.0090746180517771
miniFE.c 57 sum 0.0095254092051512
miniFE.c 57 sum 0.0110094434070197
miniFE.c 90 p_ap_dot 0.0110094434070197
miniFE.c 91 alpha 0.0182516478182953
miniFE.c 40 y 1.0000031870454187
miniFE.c 40 y 1.9999957778100268
miniFE.c 40 y 0.9999966890904877
miniFE.c 40 y 1.9999936367940241
miniFE.c 40 y 0.9999982958611584
miniFE.c 40 y 2.0000067199001093
miniFE.c 40 y 1.0000034316896667
miniFE.c 40 y 2.0000025234531837
miniFE.c 40 y -0.0001402446137255
miniFE.c 40 y 0.0002271326029014
miniFE.c 40 y 0.0001310363758422
miniFE.c 40 y 0.0003468344904441
miniFE.c 40 y 0.0001617483191856
miniFE.c 40 y -0.0004180655643981
miniFE.c 40 y -0.0002092308909042
miniFE.c 40 y -0.0001275564569701
