miniFE.c 167 A 67.0947100000000063
miniFE.c 167 A 15.0875500000000002
miniFE.c 167 A 9.3192129999999995
miniFE.c 167 A 13.7164900000000003
miniFE.c 167 A 14.0634099999999993
miniFE.c 167 A 16.0564000000000000
miniFE.c 167 A 4.9967519999999999
miniFE.c 167 A 6.4080630000000003
miniFE.c 167 A 15.0875500000000002
miniFE.c 167 A 66.4365899999999954
miniFE.c 167 A 14.3919700000000006
miniFE.c 167 A 5.9638159999999996
miniFE.c 167 A 10.9336099999999998
miniFE.c 167 A 9.6522659999999991
miniFE.c 167 A 11.3974100000000007
miniFE.c 167 A 6.9539020000000002
miniFE.c 167 A 9.3192129999999995
miniFE.c 167 A 14.3919700000000006
miniFE.c 167 A 67.6740900000000067
miniFE.c 167 A 9.6121750000000006
miniFE.c 167 A 16.7981799999999986
miniFE.c 167 A 16.1756899999999995
miniFE.c 167 A 11.9519400000000005
miniFE.c 167 A 12.3511699999999998
miniFE.c 167 A 13.7164900000000003
miniFE.c 167 A 5.9638159999999996
miniFE.c 167 A 9.6121750000000006
miniFE.c 167 A 65.4017099999999942
miniFE.c 167 A 3.6681119999999998
miniFE.c 167 A 11.0858899999999991
miniFE.c 167 A 1.3002330000000000
miniFE.c 167 A 4.7210279999999996
miniFE.c 167 A 14.0634099999999993
miniFE.c 167 A 10.9336099999999998
miniFE.c 167 A 16.7981799999999986
miniFE.c 167 A 3.6681119999999998
miniFE.c 167 A 66.5612600000000043
miniFE.c 167 A 4.4892070000000004
miniFE.c 167 A 14.0526599999999995
miniFE.c 167 A 3.7993380000000001
miniFE.c 167 A 16.0564000000000000
miniFE.c 167 A 9.6522659999999991
miniFE.c 167 A 16.1756899999999995
miniFE.c 167 A 11.0858899999999991
miniFE.c 167 A 4.4892070000000004
miniFE.c 167 A 66.4632699999999943
miniFE.c 167 A 7.6122389999999998
miniFE.c 167 A 3.4261349999999999
miniFE.c 167 A 4.9967519999999999
miniFE.c 167 A 11.3974100000000007
miniFE.c 167 A 11.9519400000000005
miniFE.c 167 A 1.3002330000000000
miniFE.c 167 A 14.0526599999999995
miniFE.c 167 A 7.6122389999999998
miniFE.c 167 A 65.6581999999999937
miniFE.c 167 A 2.6745570000000001
miniFE.c 167 A 6.4080630000000003
miniFE.c 167 A 6.9539020000000002
miniFE.c 167 A 12.3511699999999998
miniFE.c 167 A 4.7210279999999996
miniFE.c 167 A 3.7993380000000001
miniFE.c 167 A 3.4261349999999999
miniFE.c 167 A 2.6745570000000001
miniFE.c 167 A 64.8721800000000002
miniFE.c 175 b 198.0110999999999990
miniFE.c 175 b 229.8237000000000023
miniFE.c 175 b 210.8053999999999917
miniFE.c 175 b 202.6418999999999926
miniFE.c 175 b 157.2561000000000035
miniFE.c 175 b 225.5886000000000138
miniFE.c 175 b 142.6283999999999992
miniFE.c 175 b 185.1795999999999935
miniFE.c 33 r 0.0000000000000000
miniFE.c 33 r 0.0000000000000000
miniFE.c 33 r 0.0000000000000000
miniFE.c 33 r 0.0000000000000000
miniFE.c 33 r 0.0000000000000000
miniFE.c 33 r 0.0000000000000000
miniFE.c 33 r 0.0000000000000000
miniFE.c 33 r 0.0000000000000000
miniFE.c 25 Ap 0.0000000000000000
miniFE.c 25 Ap 0.0000000000000000
miniFE.c 25 Ap 0.0000000000000000
miniFE.c 25 Ap 0.0000000000000000
miniFE.c 25 Ap 0.0000000000000000
miniFE.c 25 Ap 0.0000000000000000
miniFE.c 25 Ap 0.0000000000000000
miniFE.c 25 Ap 0.0000000000000000
miniFE.c 25 Ap 0.0000000000000000
miniFE.c 25 Ap 0.0000000000000000
miniFE.c 25 Ap 0.0000000000000000
miniFE.c 25 Ap 0.0000000000000000
miniFE.c 25 Ap 0.0000000000000000
miniFE.c 25 Ap 0.0000000000000000
miniFE.c 25 Ap 0.0000000000000000
miniFE.c 25 Ap 0.0000000000000000
miniFE.c 25 Ap 0.0000000000000000
miniFE.c 25 Ap 0.0000000000000000
miniFE.c 25 Ap 0.0000000000000000
miniFE.c 25 Ap 0.0000000000000000
miniFE.c 25 Ap 0.0000000000000000
miniFE.c 25 Ap 0.0000000000000000
miniFE.c 25 Ap 0.0000000000000000
miniFE.c 25 Ap 0.0000000000000000
miniFE.c 25 Ap 0.0000000000000000
miniFE.c 25 Ap 0.0000000000000000
miniFE.c 25 Ap 0.0000000000000000
miniFE.c 25 Ap 0.0000000000000000
miniFE.c 25 Ap 0.0000000000000000
miniFE.c 25 Ap 0.0000000000000000
miniFE.c 25 Ap 0.0000000000000000
miniFE.c 25 Ap 0.0000000000000000
miniFE.c 25 Ap 0.0000000000000000
miniFE.c 25 Ap 0.0000000000000000
miniFE.c 25 Ap 0.0000000000000000
miniFE.c 25 Ap 0.0000000000000000
miniFE.c 25 Ap 0.0000000000000000
miniFE.c 25 Ap 0.0000000000000000
miniFE.c 25 Ap 0.0000000000000000
miniFE.c 25 Ap 0.0000000000000000
miniFE.c 25 Ap 0.0000000000000000
miniFE.c 25 Ap 0.0000000000000000
miniFE.c 25 Ap 0.0000000000000000
miniFE.c 25 Ap 0.0000000000000000
miniFE.c 25 Ap 0.0000000000000000
miniFE.c 25 Ap 0.0000000000000000
miniFE.c 25 Ap 0.0000000000000000
miniFE.c 25 Ap 0.0000000000000000
miniFE.c 25 Ap 0.0000000000000000
miniFE.c 25 Ap 0.0000000000000000
miniFE.c 25 Ap 0.0000000000000000
miniFE.c 25 Ap 0.0000000000000000
miniFE.c 25 Ap 0.0000000000000000
miniFE.c 25 Ap 0.0000000000000000
miniFE.c 25 Ap 0.0000000000000000
miniFE.c 25 Ap 0.0000000000000000
miniFE.c 25 Ap 0.0000000000000000
miniFE.c 25 Ap 0.0000000000000000
miniFE.c 25 Ap 0.0000000000000000
miniFE.c 25 Ap 0.0000000000000000
miniFE.c 25 Ap 0.0000000000000000
miniFE.c 25 Ap 0.0000000000000000
miniFE.c 25 Ap 0.0000000000000000
miniFE.c 25 Ap 0.0000000000000000
miniFE.c 33 r 198.0110999999999990
miniFE.c 33 r 229.8237000000000023
miniFE.c 33 r 210.8053999999999917
miniFE.c 33 r 202.6418999999999926
miniFE.c 33 r 157.2561000000000035
miniFE.c 33 r 225.5886000000000138
miniFE.c 33 r 142.6283999999999992
miniFE.c 33 r 185.1795999999999935
miniFE.c 48 sum 39208.3957232100001420
miniFE.c 48 sum 92027.3288048999966122
miniFE.c 48 sum 136466.2454740600078367
miniFE.c 48 sum 177529.9851096700003836
miniFE.c 48 sum 202259.4660968800017145
miniFE.c 48 sum 253149.6825468399911188
miniFE.c 48 sum 273492.5430333999684080
miniFE.c 48 sum 307784.0272895599482581
miniFE.c 75 rtrans 307784.0272895599482581
miniFE.c 76 normr 554.7828649927464539
miniFE.c 33 r 198.0110999999999990
miniFE.c 33 r 229.8237000000000023
miniFE.c 33 r 210.8053999999999917
miniFE.c 33 r 202.6418999999999926
miniFE.c 33 r 157.2561000000000035
miniFE.c 33 r 225.5886000000000138
miniFE.c 33 r 142.6283999999999992
miniFE.c 33 r 185.1795999999999935
miniFE.c 87 normr 554.7828649927464539
miniFE.c 25 Ap 13285.4973312810016068
miniFE.c 25 Ap 16752.9738962160008668
miniFE.c 25 Ap 18717.5143203662009910
miniFE.c 25 Ap 21497.0499152972006414
miniFE.c 25 Ap 23708.6069245981998392
miniFE.c 25 Ap 27330.7477216381994367
miniFE.c 25 Ap 28043.4264645949988335
miniFE.c 25 Ap 29230.0690077097970061
miniFE.c 25 Ap 2987.5023718050001662
miniFE.c 25 Ap 18256.2053009880000900
miniFE.c 25 Ap 21290.1102936259994749
miniFE.c 25 Ap 22498.6292991164009436
miniFE.c 25 Ap 24218.0061666374022025
miniFE.c 25 Ap 26395.4473404050004319
miniFE.c 25 Ap 28021.0416928490012651
miniFE.c 25 Ap 29308.7624836482027604
miniFE.c 25 Ap 1845.3076172643000064
miniFE.c 25 Ap 5152.9234129532997031
miniFE.c 25 Ap 19418.9870250392996240
miniFE.c 25 Ap 21366.8164301717988565
miniFE.c 25 Ap 24008.4327040697971825
miniFE.c 25 Ap 27657.4839652037990163
miniFE.c 25 Ap 29362.1700442997971550
miniFE.c 25 Ap 31649.3547644317950471
miniFE.c 25 Ap 2716.0172730389999742
miniFE.c 25 Ap 4086.6435322781999275
miniFE.c 25 Ap 6112.9419280231995799
miniFE.c 25 Ap 19366.0687056721981207
miniFE.c 25 Ap 19942.9016931553996983
miniFE.c 25 Ap 22443.7520980093977414
miniFE.c 25 Ap 22629.2022504265987664
miniFE.c 25 Ap 23503.4403270553993934
miniFE.c 25 Ap 2784.7112838509997346
miniFE.c 25 Ap 5297.5139884079999320
miniFE.c 25 Ap 8838.6610425799990480
miniFE.c 25 Ap 9581.9742276727993158
miniFE.c 25 Ap 20049.1383863587980159
miniFE.c 25 Ap 21061.8523085989982064
miniFE.c 25 Ap 23066.1607201429978886
miniFE.c 25 Ap 23769.7206112477979332
miniFE.c 25 Ap 3179.3454260399998930
miniFE.c 25 Ap 5397.6649115441996400
miniFE.c 25 Ap 8807.5877122702004272
miniFE.c 25 Ap 11054.0535250612010714
miniFE.c 25 Ap 11760.0087099739012046
miniFE.c 25 Ap 26753.3647406958989450
miniFE.c 25 Ap 27839.0862096834971453
miniFE.c 25 Ap 28473.5365185294976982
miniFE.c 25 Ap 989.4123599472000024
miniFE.c 25 Ap 3608.8072965641999872
miniFE.c 25 Ap 6128.3407890401995246
miniFE.c 25 Ap 6391.8224746028990921
miniFE.c 25 Ap 8601.6889808288997301
miniFE.c 25 Ap 10318.9233197042995016
miniFE.c 25 Ap 19683.6473325842962367
miniFE.c 25 Ap 20178.9207280214977800
miniFE.c 25 Ap 1268.8676034993000030
miniFE.c 25 Ap 2867.0390905766998912
miniFE.c 25 Ap 5470.7324228946999938
miniFE.c 25 Ap 6427.4105067679001877
miniFE.c 25 Ap 7024.8795832297000743
miniFE.c 25 Ap 7797.7765812907000509
miniFE.c 25 Ap 8179.2443669095000587
miniFE.c 25 Ap 20192.2487104374995397
miniFE.c 57 sum 5787878.1172925252467394
miniFE.c 57 sum 12523726.3537057451903820
miniFE.c 57 sum 19195581.2445636950433254
miniFE.c 57 sum 23958363.0489748232066631
miniFE.c 57 sum 27696296.6103892698884010
miniFE.c 57 sum 34119601.8506532162427902
miniFE.c 57 sum 36997689.0278177559375763
miniFE.c 57 sum 40736881.5671170875430107
miniFE.c 90 p_ap_dot 40736881.5671170875430107
miniFE.c 91 alpha 0.0075554145395853
miniFE.c 40 y 1.4960559439392744
miniFE.c 40 y 1.7364133245212852
miniFE.c 40 y 1.5927221841830903
miniFE.c 40 y 1.5310435575891859
miniFE.c 40 y 1.1881350243784765
miniFE.c 40 y 1.7044153884046875
miniFE.c 40 y 1.0776166871177848
miniFE.c 40 y 1.3991086422745860
miniFE.c 40 y -22.8341883739316245
miniFE.c 40 y 8.3838497937928480
miniFE.c 40 y -28.3185951556805833
miniFE.c 40 y 25.0636652226906733
miniFE.c 40 y -22.3339927081014764
miniFE.c 40 y 10.4592281944898673
miniFE.c 40 y -9.8317110616323760
miniFE.c 40 y 32.6187905062384118
miniFE.c 82 oldrtrans 307784.0272895599482581
miniFE.c 48 sum 521.4001586961941257
miniFE.c 48 sum 591.6890960610744514
miniFE.c 48 sum 1393.6319276524102406
miniFE.c 48 sum 2021.8192420475243125
miniFE.c 48 sum 2520.6264723330541528
miniFE.c 48 sum 2630.0219267574657351
miniFE.c 48 sum 2726.6844691568903727
miniFE.c 48 sum 3790.6699632467598349
miniFE.c 83 rtrans 3790.6699632467598349
miniFE.c 84 beta 0.0123160061184089
miniFE.c 40 y -20.3954824548187439
miniFE.c 40 y 11.2143598891482252
miniFE.c 40 y -25.7223145594869429
miniFE.c 40 y 27.5594041029366821
miniFE.c 40 y -20.3972256183443506
miniFE.c 40 y 13.2375787723331708
miniFE.c 40 y -8.0750988145735008
miniFE.c 40 y 34.8994635928429275
miniFE.c 87 normr 61.5684169298412272
miniFE.c 25 Ap -1368.4289806161518754
miniFE.c 25 Ap -1199.2317650706336281
miniFE.c 25 Ap -1438.9434933034935966
miniFE.c 25 Ap -1060.9252025196035447
miniFE.c 25 Ap -1347.7797492528836756
miniFE.c 25 Ap -1135.2318894527934390
miniFE.c 25 Ap -1175.5811556047112845
miniFE.c 25 Ap -951.9431942355674892
miniFE.c 25 Ap -307.7178613112005223
miniFE.c 25 Ap 437.3259687565855529
miniFE.c 25 Ap 67.1311892858862507
miniFE.c 25 Ap 231.4904044254456608
miniFE.c 25 Ap 8.4750944324596844
miniFE.c 25 Ap 136.2477259389728772
miniFE.c 25 Ap 44.2125139587647027
miniFE.c 25 Ap 286.8999636359623082
miniFE.c 25 Ap -190.0698452342187466
miniFE.c 25 Ap -28.6731141403941479
miniFE.c 25 Ap -1769.4073446474239972
miniFE.c 25 Ap -1504.5015295142784453
miniFE.c 25 Ap -1847.1377969518380269
miniFE.c 25 Ap -1633.0108263799961605
miniFE.c 25 Ap -1729.5239229058497585
miniFE.c 25 Ap -1298.4747151618360022
miniFE.c 25 Ap -279.7544311366967804
miniFE.c 25 Ap -212.8740522000363740
miniFE.c 25 Ap -460.1214411508727835
miniFE.c 25 Ap 1342.3107137622018854
miniFE.c 25 Ap 1267.4914057048456471
miniFE.c 25 Ap 1414.2417478412662604
miniFE.c 25 Ap 1403.7422378842968556
miniFE.c 25 Ap 1568.5035826910889227
miniFE.c 25 Ap -286.8300319099224680
miniFE.c 25 Ap -164.2165944823325390
miniFE.c 25 Ap -596.3046644692149130
miniFE.c 25 Ap -495.2136835663836223
miniFE.c 25 Ap -1852.8787212276629361
miniFE.c 25 Ap -1793.4524899398534217
miniFE.c 25 Ap -1906.9291080474579303
miniFE.c 25 Ap -1774.3342498395531948
miniFE.c 25 Ap -327.4780244875516928
miniFE.c 25 Ap -219.2340398177625218
miniFE.c 25 Ap -635.3102262145098393
miniFE.c 25 Ap -329.7897038638051299
miniFE.c 25 Ap -421.3570718902559520
miniFE.c 25 Ap 458.4557002015919807
miniFE.c 25 Ap 396.9861180764418123
miniFE.c 25 Ap 516.5563917731067249
miniFE.c 25 Ap -101.9111677470804693
miniFE.c 25 Ap 25.9034897970964124
miniFE.c 25 Ap -281.5280704790179698
miniFE.c 25 Ap -245.6944238040443054
miniFE.c 25 Ap -532.3297003619271663
miniFE.c 25 Ap -431.5620869656004857
miniFE.c 25 Ap -961.7585399526303718
miniFE.c 25 Ap -868.4179353041471359
miniFE.c 25 Ap -130.6955364858731627
miniFE.c 25 Ap -52.7119768240055322
miniFE.c 25 Ap -370.4126567417038700
miniFE.c 25 Ap -240.3039383084249323
miniFE.c 25 Ap -317.7998926947741438
miniFE.c 25 Ap -272.4461607476264362
miniFE.c 25 Ap -294.0434728078357125
miniFE.c 25 Ap 1969.9608112905175403
miniFE.c 57 sum 19415.3407160156275495
miniFE.c 57 sum 22632.7401604128463077
miniFE.c 57 sum 56032.5152313458020217
miniFE.c 57 sum 99259.5393036334862700
miniFE.c 57 sum 135451.0353199666133150
miniFE.c 57 sum 142288.9912464153021574
miniFE.c 57 sum 149301.5518863441830035
miniFE.c 57 sum 218052.1274993049155455
miniFE.c 90 p_ap_dot 218052.1274993049155455
miniFE.c 91 alpha 0.0173842374606450
miniFE.c 40 y 1.1414960338202862
miniFE.c 40 y 1.9313664198033706
miniFE.c 40 y 1.1455593598435627
miniFE.c 40 y 2.0101427827885114
miniFE.c 40 y 0.8335448106908265
miniFE.c 40 y 1.9345406011869211
miniFE.c 40 y 0.9372372518070660
miniFE.c 40 y 2.0058092046217029
miniFE.c 40 y -6.2853818362955991
miniFE.c 40 y 3.3963126984948593
miniFE.c 40 y -5.7456023706638284
miniFE.c 40 y -2.2035735166836723
miniFE.c 40 y 8.5114552256647578
miniFE.c 40 y 1.4792892180922035
miniFE.c 40 y 5.2650725407779788
miniFE.c 40 y -1.6274760254008527
miniFE.c 82 oldrtrans 3790.6699632467598349
miniFE.c 48 sum 39.5060248280346400
miniFE.c 48 sum 51.0409647739920729
miniFE.c 48 sum 84.0529113757698809
miniFE.c 48 sum 88.9086476191995274
miniFE.c 48 sum 161.3535176776954359
miniFE.c 48 sum 163.5418142684592908
miniFE.c 48 sum 191.2628031281135748
miniFE.c 48 sum 193.9114813413681304
miniFE.c 83 rtrans 193.9114813413681304
miniFE.c 84 beta 0.0511549365208467
miniFE.c 40 y -7.3287114465838936
miniFE.c 40 y 3.9699825667461655
miniFE.c 40 y -7.0614257391236324
miniFE.c 40 y -0.7937739492455855
miniFE.c 40 y 7.4680364439569651
miniFE.c 40 y 2.1564567198806142
miniFE.c 40 y 4.8519913735189073
miniFE.c 40 y 0.1578038193026263
miniFE.c 87 normr 13.9252102799694963
miniFE.c 25 Ap -491.7177691822269026
miniFE.c 25 Ap -431.8204587073157654
miniFE.c 25 Ap -497.6273892538913515
miniFE.c 25 Ap -508.5151816909789204
miniFE.c 25 Ap -403.4891232846700859
miniFE.c 25 Ap -368.8641916075790164
miniFE.c 25 Ap -344.6199940079656585
miniFE.c 25 Ap -343.6087771922337879
miniFE.c 25 Ap -110.5723003859068285
miniFE.c 25 Ap 153.1798037081557595
miniFE.c 25 Ap 51.5519763134606137
miniFE.c 25 Ap 46.8180545345666062
miniFE.c 25 Ap 128.4706524785789270
miniFE.c 25 Ap 149.2853463563540970
miniFE.c 25 Ap 204.5854813568122381
miniFE.c 25 Ap 205.6828336514683997
miniFE.c 25 Ap -68.2978229862534221
miniFE.c 25 Ap -11.1619529851196120
miniFE.c 25 Ap -489.0375139828888678
miniFE.c 25 Ap -496.6674080934785707
miniFE.c 25 Ap -371.2179876613295733
miniFE.c 25 Ap -336.3358122621239090
miniFE.c 25 Ap -278.3451024853083595
miniFE.c 25 Ap -276.3960406864523520
miniFE.c 25 Ap -100.5241972699535182
miniFE.c 25 Ap -76.8479517186716663
miniFE.c 25 Ap -144.7236116726323871
miniFE.c 25 Ap -196.6377853067468777
miniFE.c 25 Ap -169.2441912102310084
miniFE.c 25 Ap -145.3379492238736930
miniFE.c 25 Ap -139.0292299243090781
miniFE.c 25 Ap -138.2842336748744287
miniFE.c 25 Ap -103.0666738450023843
miniFE.c 25 Ap -59.6604327534008405
miniFE.c 25 Ap -178.2795333758326422
miniFE.c 25 Ap -181.1911851243477543
miniFE.c 25 Ap 315.8907303113472835
miniFE.c 25 Ap 325.5715109134323484
miniFE.c 25 Ap 393.7548960084265559
miniFE.c 25 Ap 394.3544460556481681
miniFE.c 25 Ap -117.6727224709296280
miniFE.c 25 Ap -79.3533947213328901
miniFE.c 25 Ap -193.5768284354176387
miniFE.c 25 Ap -202.3765191216197934
miniFE.c 25 Ap -168.8509576411530588
miniFE.c 25 Ap -25.5257924244134529
miniFE.c 25 Ap 11.4087255367507368
miniFE.c 25 Ap 11.9493827251971396
miniFE.c 25 Ap -36.6197535781409655
miniFE.c 25 Ap 8.6277654279174527
miniFE.c 25 Ap -75.7699713205438599
miniFE.c 25 Ap -76.8020624038933022
miniFE.c 25 Ap 28.1437146106429736
miniFE.c 25 Ap 44.5591785555302593
miniFE.c 25 Ap 363.1321985563093335
miniFE.c 25 Ap 363.5542538658519334
miniFE.c 25 Ap -46.9628446585307273
miniFE.c 25 Ap -19.3559749476694343
miniFE.c 25 Ap -106.5728446939610734
miniFE.c 25 Ap -110.3202737340200628
miniFE.c 25 Ap -81.9466790871094872
miniFE.c 25 Ap -74.5583672431413191
miniFE.c 25 Ap -61.5814397511567080
miniFE.c 25 Ap -51.3443619806692624
miniFE.c 57 sum 2518.2095785554183749
miniFE.c 57 sum 3334.7668424306993984
miniFE.c 57 sum 5286.5169583258766579
miniFE.c 57 sum 5396.2833806083808668
miniFE.c 57 sum 8341.3367555884215108
miniFE.c 57 sum 8367.1050822645975131
miniFE.c 57 sum 10131.0671858278146829
miniFE.c 57 sum 10122.9648494076081988
miniFE.c 90 p_ap_dot 10122.9648494076081988
miniFE.c 91 alpha 0.0191556015679256
miniFE.c 40 y 1.0011101573432295
miniFE.c 40 y 2.0074138240835708
miniFE.c 40 y 1.0102935018834158
miniFE.c 40 y 1.9949375652817642
miniFE.c 40 y 0.9765995413060141
miniFE.c 40 y 1.9758488269114298
miniFE.c 40 y 1.0301800653692061
miniFE.c 40 y 2.0088320317101611
miniFE.c 40 y 0.2966509948409524
miniFE.c 40 y -0.5436657122945894
miniFE.c 40 y -0.4510699403219940
miniFE.c 40 y 0.4453441667181424
miniFE.c 40 y 0.9573585804827518
miniFE.c 40 y 1.2503916036256741
miniFE.c 40 y -1.6990278946007562
miniFE.c 40 y -0.6439438845398050
miniFE.c 82 oldrtrans 193.9114813413681304
miniFE.c 48 sum 0.0880018127401268
miniFE.c 48 sum 0.3835742194649100
miniFE.c 48 sum 0.5870383105269972
miniFE.c 48 sum 0.7853697373568738
miniFE.c 48 sum 1.7019051889808234
miniFE.c 48 sum 3.2653843513984082
miniFE.c 48 sum 6.1520801380298860
miniFE.c 48 sum 6.5667438644660994
miniFE.c 83 rtrans 6.5667438644660994
miniFE.c 84 beta 0.0338646469979041
miniFE.c 40 y 0.0484667687528897
miniFE.c 40 y -0.4092236540838973
miniFE.c 40 y -0.6902026302793298
miniFE.c 40 y 0.4184632921308084
miniFE.c 40 y 1.2102609984248374
miniFE.c 40 y 1.3234192492106893
miniFE.c 40 y -1.5347169194996626
miniFE.c 40 y -0.6385999139042006
miniFE.c 87 normr 2.5625658751466469
miniFE.c 25 Ap 3.2518637941121975
miniFE.c 25 Ap -2.9223185480613072
miniFE.c 25 Ap -9.3544638727946321
miniFE.c 25 Ap -3.6146163109153209
miniFE.c 25 Ap 13.4057803169425220
miniFE.c 25 Ap 34.6551291499690350
miniFE.c 25 Ap 26.9865293130252581
miniFE.c 25 Ap 22.8943408329325635
miniFE.c 25 Ap 0.7312447968976612
miniFE.c 25 Ap -26.4561793277760451
miniFE.c 25 Ap -36.3895548766772521
miniFE.c 25 Ap -33.8939167996548605
miniFE.c 25 Ap -20.6613950446670742
miniFE.c 25 Ap -7.8874004217652125
miniFE.c 25 Ap -25.3791983872398603
miniFE.c 25 Ap -29.8199596057381093
miniFE.c 25 Ap 0.4516721414299236
miniFE.c 25 Ap -5.4378624114359031
miniFE.c 25 Ap -52.1466973311959947
miniFE.c 25 Ap -48.1243549361585394
miniFE.c 25 Ap -27.7941728376384063
miniFE.c 25 Ap -6.3869533223735502
miniFE.c 25 Ap -24.7297978612183478
miniFE.c 25 Ap -32.6172539598344926
miniFE.c 25 Ap 0.6647939489313243
miniFE.c 25 Ap -1.7757406268726874
miniFE.c 25 Ap -8.4100890945779057
miniFE.c 25 Ap 18.9581257830065013
miniFE.c 25 Ap 23.3974986744606284
miniFE.c 25 Ap 38.0687788950929189
miniFE.c 25 Ap 36.0732893107011137
miniFE.c 25 Ap 33.0584412363617943
miniFE.c 25 Ap 0.6816080403470768
miniFE.c 25 Ap -3.7926837961811630
miniFE.c 25 Ap -15.3868318160867936
miniFE.c 25 Ap -13.8518615926622708
miniFE.c 25 Ap 66.7046353913529231
miniFE.c 25 Ap 72.6457383488442900
miniFE.c 25 Ap 51.0788832828681620
miniFE.c 25 Ap 48.6526263631752016
miniFE.c 25 Ap 0.7782018258038984
miniFE.c 25 Ap -3.1717337369058640
miniFE.c 25 Ap -14.3362375214889166
miniFE.c 25 Ap -9.6971994958889098
miniFE.c 25 Ap -4.2640873499331402
miniFE.c 25 Ap 83.6946835335541834
miniFE.c 25 Ap 72.0120515449789877
miniFE.c 25 Ap 69.8241220289548181
miniFE.c 25 Ap 0.2421764236995392
miniFE.c 25 Ap -4.4219133435928129
miniFE.c 25 Ap -12.6711737685335457
miniFE.c 25 Ap -12.1270739868164288
miniFE.c 25 Ap 4.8803123353083446
miniFE.c 25 Ap 14.9544959575006722
miniFE.c 25 Ap -85.8122544863920638
miniFE.c 25 Ap -87.5202263563239455
miniFE.c 25 Ap 0.3105781075749487
miniFE.c 25 Ap -2.5351230790063726
miniFE.c 25 Ap -11.0599331000335219
miniFE.c 25 Ap -9.0843561809117972
miniFE.c 25 Ap -4.4861655796783726
miniFE.c 25 Ap 0.0480474297160924
miniFE.c 25 Ap -4.0566404503501667
miniFE.c 25 Ap -45.4840090131279666
miniFE.c 57 sum 1.1096147228995832
miniFE.c 57 sum 13.3126475573939445
miniFE.c 57 sum 35.8251620329605984
miniFE.c 57 sum 49.6589061854414240
miniFE.c 57 sum 108.5412823437283976
miniFE.c 57 sum 200.9478694960833423
miniFE.c 57 sum 335.2666416835739938
miniFE.c 57 sum 364.3127259233754103
miniFE.c 90 p_ap_dot 364.3127259233754103
miniFE.c 91 alpha 0.0180250191585327
miniFE.c 40 y 1.0019837717785525
miniFE.c 40 y 2.0000375598785838
miniFE.c 40 y 0.9978525862493612
miniFE.c 40 y 2.0024803741395649
miniFE.c 40 y 0.9984145189894467
miniFE.c 40 y 1.9997034842332233
miniFE.c 40 y 1.0025167634923005
miniFE.c 40 y 1.9973212560274005
miniFE.c 40 y -0.1160199372946337
miniFE.c 40 y -0.0061603690944899
miniFE.c 40 y 0.1368566872027480
miniFE.c 40 y -0.1505348699185051
miniFE.c 40 y 0.0803940581735877
miniFE.c 40 y -0.0081895336739588
miniFE.c 40 y -0.1214741377689021
miniFE.c 40 y 0.1759062493286987
miniFE.c 82 oldrtrans 6.5667438644660994
miniFE.c 48 sum 0.0134606258498507
miniFE.c 48 sum 0.0134985759972311
miniFE.c 48 sum 0.0322283288293419
miniFE.c 48 sum 0.0548890758907231
miniFE.c 48 sum 0.0613522804803413
miniFE.c 48 sum 0.0614193489421382
miniFE.c 48 sum 0.0761753150888365
miniFE.c 48 sum 0.1071183236417268
miniFE.c 83 rtrans 0.1071183236417268
miniFE.c 84 beta 0.0163122433054477
miniFE.c 40 y -0.1152293355705077
miniFE.c 40 y -0.0128357249062508
miniFE.c 40 y 0.1255979339675716
miniFE.c 40 y -0.1437087948828687
miniFE.c 40 y 0.1001361300429877
miniFE.c 40 y 0.0133984031142789
miniFE.c 40 y -0.1465088135647678
miniFE.c 40 y 0.1654892521582554
miniFE.c 87 normr 0.3272893576664643
miniFE.c 25 Ap -7.7312788535958967
miniFE.c 25 Ap -7.9249384949052013
miniFE.c 25 Ap -6.7544645959014664
miniFE.c 25 Ap -8.7256448438243854
miniFE.c 25 Ap -7.3173893912165324
miniFE.c 25 Ap -7.1022592714524251
miniFE.c 25 Ap -7.8343274786498061
miniFE.c 25 Ap -6.7738619249968188
miniFE.c 25 Ap -1.7385283618868128
miniFE.c 25 Ap -2.5912901548361860
miniFE.c 25 Ap -0.7836884571129141
miniFE.c 25 Ap -1.6407412673760846
miniFE.c 25 Ap -0.5458918745767742
miniFE.c 25 Ap -0.4165669237425263
miniFE.c 25 Ap -2.0863879405537467
miniFE.c 25 Ap -0.9355918989919498
miniFE.c 25 Ap -1.0738467220300374
miniFE.c 25 Ap -1.2585780898090517
miniFE.c 25 Ap 7.2411477973264491
miniFE.c 25 Ap 5.8597937118732109
miniFE.c 25 Ap 7.5418984488387251
miniFE.c 25 Ap 7.7586268641103349
miniFE.c 25 Ap 6.0075623149130442
miniFE.c 25 Ap 8.0515482014925244
miniFE.c 25 Ap -1.5805420290595127
miniFE.c 25 Ap -1.6570919306270098
miniFE.c 25 Ap -0.4498226096922668
miniFE.c 25 Ap -9.8486235370711288
miniFE.c 25 Ap -9.4813129968268850
miniFE.c 25 Ap -9.3327797737263314
miniFE.c 25 Ap -9.5232753679140902
miniFE.c 25 Ap -8.7419959747759055
miniFE.c 25 Ap -1.6205173901556331
miniFE.c 25 Ap -1.7608582003478661
miniFE.c 25 Ap 0.3489585020675161
miniFE.c 25 Ap -0.1781814529478731
miniFE.c 25 Ap 6.4870055342372410
miniFE.c 25 Ap 6.5471537392866832
miniFE.c 25 Ap 4.4883151952576128
miniFE.c 25 Ap 5.1170647995740550
miniFE.c 25 Ap -1.8501683036542991
miniFE.c 25 Ap -1.9740621347522569
miniFE.c 25 Ap 0.0575711097476517
miniFE.c 25 Ap -1.5355687823563935
miniFE.c 25 Ap -1.0860369664145029
miniFE.c 25 Ap -0.1955352826613462
miniFE.c 25 Ap -1.3107953871228006
miniFE.c 25 Ap -0.7438068681795762
miniFE.c 25 Ap -0.5757724129706052
miniFE.c 25 Ap -0.7220664323743573
miniFE.c 25 Ap 0.7790725385300208
miniFE.c 25 Ap 0.5922176210330838
miniFE.c 25 Ap 1.9993966102429750
miniFE.c 25 Ap 2.1013884569672099
miniFE.c 25 Ap -7.5181165258310267
miniFE.c 25 Ap -7.0755060880463994
miniFE.c 25 Ap -0.7383968417839540
miniFE.c 25 Ap -0.8276552148809814
miniFE.c 25 Ap 0.7236262192012702
miniFE.c 25 Ap 0.0451729747129904
miniFE.c 25 Ap 0.4256239787582551
miniFE.c 25 Ap 0.4715287166121949
miniFE.c 25 Ap 0.0796825437308502
miniFE.c 25 Ap 10.8153310978065864
miniFE.c 57 sum 0.7805476088637434
miniFE.c 57 sum 0.7925566091037208
miniFE.c 57 sum 1.8038144284514990
miniFE.c 57 sum 3.0601161348574335
miniFE.c 57 sum 3.5725192010659756
miniFE.c 57 sum 3.5625533768069366
miniFE.c 57 sum 4.5991773791369059
miniFE.c 57 sum 6.3889984343568420
miniFE.c 90 p_ap_dot 6.3889984343568420
miniFE.c 91 alpha 0.0167660588341512
miniFE.c 40 y 1.0000518299589571
miniFE.c 40 y 1.9998223553596266
miniFE.c 40 y 0.9999583685997094
miniFE.c 40 y 2.0000709440295736
miniFE.c 40 y 1.0000934072371717
miniFE.c 40 y 1.9999281226481209
miniFE.c 40 y 1.0000603881043519
miniFE.c 40 y 2.0000958585655053
miniFE.c 40 y -0.0024489697257203
miniFE.c 40 y 0.0095258197287644
miniFE.c 40 y 0.0018639563505200
miniFE.c 40 y -0.0039660510774992
miniFE.c 40 y -0.0053989513142351
miniFE.c 40 y 0.0042811760391857
miniFE.c 40 y -0.0028457864153212
miniFE.c 40 y -0.0054242281679517
miniFE.c 82 oldrtrans 0.1071183236417268
miniFE.c 48 sum 0.0000059974527175
miniFE.c 48 sum 0.0000967386942224
miniFE.c 48 sum 0.0001002130274991
miniFE.c 48 sum 0.0001159425886484
miniFE.c 48 sum 0.0001450912639419
miniFE.c 48 sum 0.0001634197322204
miniFE.c 48 sum 0.0001715182325420
miniFE.c 48 sum 0.0002009404837600
miniFE.c 83 rtrans 36122932817125182547731972846031520031604306895951927965913312944150842596977407237866508326106561757010475020321163919649596530278919243893027648481143113371986471267328318472022524454905394319491476025048033534043419869812999076820530390002327282535617686953085961337552146087043161299735747436023382016.0000000000000000
miniFE.c 84 beta 337224590425291994239089469579248942356999421472520416425990340373530436185735058128120793558724103484654913579943256311143792660534963033893163803459191802497054421344195832393044012583255482764410690292006051444775186648137703268668477608404143003107324645701936919567910590213561320577580318900329906176.0000000000000000
miniFE.c 40 y -38858165492742976706032616263676699697324133711893535960373634425539354854123462320360448585069921456016892249064317847782039943781745107455352128961345593243450148246279821031232620637307930047176539072456865554655290823902397950387051492196415093345688802061092986930177884871062240752643423270632161280.0000000000000000
miniFE.c 40 y -4328522074322147567046639861653440252333055257436370832791512630928096556564541915407522161436443210032410735588569684443555989996927169043878786882365641719539147495892290717530641892222921474304193453297404085269119703742413681069873637153404851171871279789729641040643506223388910962659405920957628416.0000000000000000
miniFE.c 40 y 42354711840477212458870605522437017584908520121111455346742431624421764863335236816210322692176541258687712613320940415614232548340791904118855102238432399477727833130253530087627532981947619921548303798155321574229088173384459013156979175623672247643296979504832929061842698573589098062465496703219793920.0000000000000000
miniFE.c 40 y -48462139494887693317264999010017044800048623402830300027740797470646542630656758431294964050420290091884850513138440156910295572455748954442273102527577843607255768898186838731586253753443674167536497486599767722246063224785558864912812078068994947450141165251889581574541264865772605165351262201919307776.0000000000000000
miniFE.c 40 y 33768365440520293625611754466119821456788015968834390194391090130619232184373818179519101686476202191468484698625351540150214548861946246436231662315582111465699485885796234898240836667128990952591393616463409424093283532176698593395225224351057247436617164443769987571796564699577600740785393989131960320.0000000000000000
miniFE.c 40 y 4518271002565645590558495250577290353337888474888436470093154664455385286624108467584161802404218957190433697630602046423719462860626148992856612588166244967838051737954897747928527777117998469063847904119934186103315144161967131916666363006197966371101070365897050264843379474836277450496859511178919936.0000000000000000
miniFE.c 40 y -49406374648074291011629526140383841608356970891756857271697092250462652910790232875146637694340640528055349491261411627635485928156203053505578317619902029009674406681383621257583438284371079957041783031961927903239010878585124062934065753554293215352178876999830954815172549439561391523850232065609957376.0000000000000000
miniFE.c 40 y 55807045278855557553854447209478712830027025190836141215947657435521018533387296253168184698520070333073763511638958474999961217014669417268238621374432673176614196463537819999619137088483071063673585797019928446712652872275486227257141071860092958067320221027049132432569621153947190205955887230967873536.0000000000000000
miniFE.c 87 normr 190060339937413516490432288058307621567012700794703048135934232321402822793994638285523583658488136294319239922852168865699838580523978392913528523587584.0000000000000000
miniFE.c 25 Ap -2607177344867597351695553466335080460756399106258800626406755958241398690162462242590700759101249224952487806343951013640215888355024112542216044118916280639463534805017068262346335540809937548429989761930176887924074859218266957954638807431084100855916900305611423621090061704590443171226269412184073175040.0000000000000000
miniFE.c 25 Ap -2672484138090036329647873460608412994460326465840293995380174678817580343185957921439795723496736672888350050622235305044963986019855734894612613742011343287396904712664080085963679194229340929858685010455151282539563548415426228340595761657916285501488359814075660111573306111911516291637638174693123948544.0000000000000000
miniFE.c 25 Ap -2277771556895007219600119673002735005184983595810314964384475811111832460178030081463520145865908978815821191404888420823501485126896671187767359624934611075800045611655530601021941655029612183855397091727210773385013179379034943617866250657050047041336872495682926188749926912918767392655648479298698870784.0000000000000000
miniFE.c 25 Ap -2942502008655239090154698644093379022931682026778765322318895024280712487821996764043936992690410436151532563230215653556032450551251160748882776310122820758843785620757602333897347750362400700283839539841352631177996236727951273551368651755536319004761529962821535106153482815649740509816330544512082378752.0000000000000000
miniFE.c 25 Ap -2467603640435371777025751156132416986773810826296767074933499723730927243663710298616768163906589260116446360827706237279734828055413516340326100809052128247409696954909603549084140508838370054667913572185513375745114969425033493171532646772925516202150955132747293890327004235095054185175755524844694798336.0000000000000000
miniFE.c 25 Ap -2395056473909776878710661921061220179544060740595908281395242643901191314970086797496922535977455414642331576895844876131983571071952628310374518621748725096340715425687158479766653138733879700709349618447139486023163749376617319469648318292549602865818945370193661491979812378704837953294112878458346405888.0000000000000000
miniFE.c 25 Ap -2641927875245291364989762912265344836804648412143800396632875455826109500447765975405902304436303850833945487350874733068342529139215772991594214424432760133478781590816428779714296454662667961155637105930291564701744117395171692049515357362422452882943333935819843784794131756964547043387580330560450461696.0000000000000000
miniFE.c 25 Ap -2284312813254532228147241109520530982208551361842625055237050567344617492024912523757745126647459300561430745643984958834834601275137864895847227958378890434734269232892964296989403558030011493876859728590339928746503118479841026242023093673726499723781522578528993425848447716446262623035038199745683128320.0000000000000000
miniFE.c 25 Ap -586274514780034320661614867283183270962820792040219577970919078119139890878137851193097781093592253121353985743933493693825422438143396391815519760137580709190832505349747082464486004471096475577980850573347727940254296141397182905489040559641860572816678628288941991123136353340978787104389723550690312192.0000000000000000
miniFE.c 25 Ap -873846761137724373619835580326442930549800601702868161703940821487736115760796802189243520893254114718690098326002629179689068176804821110689912248060359785401697726150276457263293767056703189643331269267182644794489712267140578899234011361831911770707083552083105606104595976564905488233510050511911387136.0000000000000000
miniFE.c 25 Ap -264279018970931521084258910952557419358562828418662368805531232541127888428736523732320125970674111248360867544291384519172287399403089470225469013087404895514358060358384472115411347548806437791381337323357783242773671012705306983652950568319972645271989957687457058377578828085421897365622550885935611904.0000000000000000
miniFE.c 25 Ap -553298301884774697606524605366655725410037632137891155536166813560986170837366772260709434309470699672714082861001961485393637900443777760835633374330100663872556777775308168602489956453446584407649231435520614669360001032909504825085577308162938140558937574342357132519733005935691731485841624607188058112.0000000000000000
miniFE.c 25 Ap -184088163820647625893228929488371886273527853590171777564700186277333938525451573551970358743167430241416005443765443397552293902014463698783801260842408981303282628228004384502209771605455119646509253587143007240292333070639809583643763583517956652287004790426480693720607491487455990569327714701003456512.0000000000000000
miniFE.c 25 Ap -140476610243797338026600024941252200570175145874681694574069160933388088318762606811099845507704090029611838286195233837037144224894866426103845101771841494479642560637503848243854902853023488034769130735727050666672253706283752099295036795425265295775690794427275368182890613973683724096795298192441737216.0000000000000000
miniFE.c 25 Ap -703581318721505785085292428789846442973691880121881880014903459197032075784185865081698741527042760100471500510553490835396092341649686977811907314985472586847356088630144476761860354945375045069588372552480227884952391185208054082424989531392632199127360840830004412612214816333172932310527873242646970368.0000000000000000
miniFE.c 25 Ap -315504594942781521015942206767363019656962470001102107638662690464206421557349889898585696150076221014961952975402177331050501592819438490225345706647109962976460739916880689660307452691479522425385386468064043490089806541856276929497434913240096400102399273360031137516196925971276929792032075084000657408.0000000000000000
miniFE.c 25 Ap -362127521016121708905553916239600599848555948491611068937706448435262496590398008081301919954021262546339777686212539338140039883857668991801988983445296910258334131558781959558092919953973539338536809795171389188539993263280770377030814851355457607714438207006852769133090811099938648699323432271890874368.0000000000000000
miniFE.c 25 Ap -424423480854103818194176416617843895805065853105330684374318800241573263015000613413210506694860726250316966263591728951444077952175011186242879294155088713324457409115970516277461351008036245728077991768253109968918918383539235580722957309210532306552917555811188605163406088272451541012739926252163432448.0000000000000000
miniFE.c 25 Ap 2441893100162416961478233590722611242100022664161253487346677565513514367032302326139663410406869396927948057507254725410862867682795628793280239433563022706060215618783500312321484070015486697561944802832640570050813356905856301423138130354260904596650816572791909580717794310269024580930984239142860226560.0000000000000000
miniFE.c 25 Ap 1976066534463144699919683196129559625379680238419139284378012141417225966143153161430529732405551127449908600049628235604952114540463651727980344529302308706541654537393673363920828946626722480061263309503071694770051319819096228102784533614267415733717442076018876562252972019889001612566093808380713893888.0000000000000000
miniFE.c 25 Ap 2543313615438783876198000085023105202919016738331893872900695317834799349851804030924758673791611323015057118285194234384571723428990654216580302581715074933972783168650016543288185765085069041276842219745122624213795757912465994063179799577896418507950069361681757010756890754125085486676812568080116875264.0000000000000000
miniFE.c 25 Ap 2616399766512275071913627263850976456632789665578926354574047608143525493336335227315674541626177677537141468607018739154876337608297796026531408744055574768137710136359671129436233023137211415111002927511921026439590822288817409524090531568035256127589827475203086417514751243101761694834798343930825932800.0000000000000000
miniFE.c 25 Ap 2025897741100970089821338268097187578417375896976031476516263604546331242431984642247281749889228911702740650970617668390936627132914893929528140711682180102857153807771209832670056315440409938096935824129712799259279103538870010677822420697189878100873014485655930316764434175616874093419034205151710674944.0000000000000000
miniFE.c 25 Ap 2715180044537812577901838264945608157282887902236612578354189773932536987942891403277956344603653592512844582484492685200538664325442898564380850136749590812849662412438987637963652313891835721477486709862710173399510876280693485797119000084101546111050929584270267852081919012747819419658509878160680550400.0000000000000000
miniFE.c 25 Ap -532997638399554104460660642881729578811706411612962840142504645542994801012149059061501174820263957108438303370711800212656752925993836121914865723886496218263872980047615343417176723866596585241663862192503792713014927831592490537415440326090334327557266150309024368318706097615577086913580522003612303360.0000000000000000
miniFE.c 25 Ap -558812147602749752350162918681134442303008424912802745457346630387451648387197897208520204686831108240024625713028613943057020660810469963981425200482663269378011570109886400060518392605846086518136163795467752102296808299854710140151127500921416425187040967092925408846431637086665356249544968283371864064.0000000000000000
miniFE.c 25 Ap -151691245317510713961082995736152338537742138886219914921286228639797831179853264874348618552605669845131096716036775992084399224260499798315893484630239905330558834348909844243048329039722136816698925550298708505808652240678416776931599392634163669161312117122518404386314525817501758941411818278242746368.0000000000000000
miniFE.c 25 Ap -3321198038541701345549161250258452796543943518632770949812197220078577387225789883677346516130348530228355133348179123068228035096023701190600336752404810160648400004809433094926794578727972032660262499061157583610646631558680448941836564804913380322912640797278345879919755293795420587891617381796548706304.0000000000000000
miniFE.c 25 Ap -3197331892048943707879296485109188098918051456192647193191804416336852507443778192455341684217911726098424748978542846717864529540124796520593681526304737261322614252797794862215317261212555267549682765525543967395716380293465986224588642623526935824742243696450437213123072392492234431165183843971698262016.0000000000000000
miniFE.c 25 Ap -3147242836724311169509846675846219389556304552161631030793791950143358530541779350742434002184528136196673299091267089673061480009145052232593565758002978805228200507829439818899452191345405720611131830175762061136998443552203053185941601330545135999282875634807096898679342068315538973043708857796054220800.0000000000000000
miniFE.c 25 Ap -3211482635452100480856674285716498209972383282299061352099922019957950995481638156721753299807090926025336337869892057171845907278907654555783088915861849479169244935609812250420628471560359427396949055773989962630630241067258780419356262094351784404729606268702300165712776265633139592808934445213544349696.0000000000000000
miniFE.c 25 Ap -2948016012093355573577917641660199684227325651024237554756991353866233478065778594493656281841217886685479095308430914237398642921402482277058462238556270688652850380948954054577350860745487341640177856840061810132030786523741018709675464277252926043516946889871505742225495809628391296032371017818071629824.0000000000000000
miniFE.c 25 Ap -546478313172296473843254053528286573388928807820102328165318938708487303064556064504943688854331233303479871729898626399920362349509526184172133075764595891903159316614547893796294703705716238675115844962813877594103666487505346831288706799431746860888293833911494373066656444879409336560958206790653181952.0000000000000000
miniFE.c 25 Ap -593804685409325880503758345475642337732301527169015111307642770285574387447125384593614734914216375730674097642071771966433205257504610756042848386085224399133592805190288808402802763140377141312114915825480562957382553566675332725265683284579833992991502120386791403330986900781554712128049154345639346176.0000000000000000
miniFE.c 25 Ap 117677387935141561995767706220414222360718368432685703642536665246452799458653965779952243529361807704331199610813226581470901637820032053892509719400741710160874502414218394795820896486633126256394756446801347465647782043894582288403534211181635583394474096118007264899503195697895905085313437758811799552.0000000000000000
miniFE.c 25 Ap -60087167491729933774466805093499745945732630263853903418767554895439944015618749114960575094598991485037132901519808638070194710764650625607693168122014744243526062388806319337114242877655498891488840558097201099420889511879498433806470207455826533730178501253204326231896764175780678854270238465430913024.0000000000000000
miniFE.c 25 Ap 2187577784369756041948308299571066231634854030330655575848022234929435499083493773245124009467990073262101296177382193909956469860110008983258244918094023775835733908155178481965878492462625396131331743598242339937692100152865399225673569229859660668058720905286119341048454658940397889862888316838229311488.0000000000000000
miniFE.c 25 Ap 2207861238182370679808345715497346768863277807663453434089033205598301274079340859204536985756724093989930209671383095231165289268792762651221413159850882118401088479255529384091868568263585728679377849599449400509761773044958557443095068465528396289632814895787759424470991303437021482340359241280367099904.0000000000000000
miniFE.c 25 Ap 1513570253420363070263491276349339014779023161228542239631422327288441326526151223273678454636075462659248601861587403525672344794528844807179919645750649628852092791393402198436390611650718772437190320915195285452354333773523087377012966021167424245364371901835718136616881199325244510608617411303538950144.0000000000000000
miniFE.c 25 Ap 1725600081216039441696995184055623921809749682609942961475833211416829513560267204455828934064139186425129070029338631932545993165217392274174273887588748436386216992103369281058444870421755113007148141438480429729388904609288888400761514411001357534617852460956846105273048135588651114974920765357969899520.0000000000000000
miniFE.c 25 Ap -623922248417678294715777069117302002337758325102692711495302322669711931740041997509781505813350211440058052177393923070036549615405975800841902287864971461059304497499618222519842296763748970232990491119215663955591132785671288705263146142474897257812825032328864112144309589427517181240541277652835631104.0000000000000000
miniFE.c 25 Ap -665702294865907429851187029023396078585724846800234275671870590145635957611866971220323856386342689833706634106138547742646572882232992186587521979329812000701523623666456415876441061844859951555998716069500029439799920796799807634752974692673082183758435870597814799097823157080362724757440371702737403904.0000000000000000
miniFE.c 25 Ap 19414393904981359177610013259618047831030793928264217598097558055248455089956712942933968323785082710948697451027754846213105911525404017958653234478980075570121795218545547650688221657128667950195079335471028050664518038881658089100239929595802581434359213352930138173738320078603099517804120050522652672.0000000000000000
miniFE.c 25 Ap -517831553699999154476857524486095395696457801550967017473700813390767308611197616572325019131644774082629069481906866340128321255695856761544780636377703428071925359467285862450345282237736024058194339100266806612269001211027722350979660554051424533912367910607341476590800689196127329399195553194963894272.0000000000000000
miniFE.c 25 Ap -366238371185857365746305408220170308231325654986893870865720169219292938024246463934066358522289851402824799763183878157587696185866307676810088117065819184442486775760944663261435642709454909090873354175996594736690358949551716887618663581128907339586096508706502216561869685094919770422888295963987804160.0000000000000000
miniFE.c 25 Ap -65939305609166182088889692617662950704416547707967155699080418593734222250394875883305193366416994195110448117367530305334820342525213073764432518379622197220951325084354200661315944807915212036431841366058362550478081548834824017954923546821428207001201168221618325183149023770922835268381045316099506176.0000000000000000
miniFE.c 25 Ap -442032437553848546721269874499550375730911956433026939518176785048677231205367235359180371950275677298871978844686012824112289006173840106299060558186138638483261174740847656531470095656414914255644269555170273647380687954385142950038917511548381933286407994108414393839941208675105855906412246776460345344.0000000000000000
miniFE.c 25 Ap -250829966477376781931647335986655054585321334953953971910664611950062511041793311857080936482030273634583411471072881607324168364727220907111654943891451180954341442989011504248517173811460119138228382085531302244147569583818879082236457054166710228849792338395334791806748465425187392090208156870955237376.0000000000000000
miniFE.c 25 Ap -194164616142194460027627894191974540007381180155071317694694676358313813921862461992508496329108945397733772417496693976952503979224395794125163727245954706265856923310549699388782320897314298626902982562493888468912328554431125733455525571327807348851515600885583801777556133868409685674674603059260162048.0000000000000000
miniFE.c 25 Ap -243498556917294457428421051589047180103362747114796479716010546162457897259496482445482302890214135416399619423937793548438782256766988271593376527561701431115648036214687614018614295476729443552112309378640645277389681925321310550610729504059525994515836196235292403037665572131632975734786051076060610560.0000000000000000
miniFE.c 25 Ap 262722417717378782587018385821066316585273675814585013841299267185272142443124837912763687038179506746052694774120363080195431491958075129551466006586993441410268929560276183842132996498350765163064986923921365305451429142342969254457987909855821122911685377930104861608421086489731986884088517287995244544.0000000000000000
miniFE.c 25 Ap 199710344695522484218102745400839913088433324069436441006877405728848956718059517413720319840415654674718310092572032693107117739355519984803067982891963712369323962478653093011110347928252185623540920457464787278153294784588710013376631401034372786969574084962379789414632072161070090327509626641606246400.0000000000000000
miniFE.c 25 Ap 674245702986904449979575917023517966528389603576862904384719634177813631147549698277541485273831548347140206661222476926569743930208770893280141956346299438360218455978889625652399190485306599215380129160442639577772306327272129051276524388348891449575678617165499440406321127438996040097690528657174429696.0000000000000000
miniFE.c 25 Ap 708639861725203768231101622388630879456737112682974508889479404896980865711727399705597254548834314006997314551107138888902775691364304513905523082988605481318772146620686957368988175033865971134091857995223383910249298308436500673700990443307524329686170548426039964595098425469625254583235320672145113088.0000000000000000
miniFE.c 25 Ap -2535293766192987522705444591966451092310969259077970666711132345845121965573544480908667568869475961731230107786010819899464894160912276577580758620552702740342312933888358677165482904939129824788335116659543252133846503450823576193823161915985461923218567948384379624810935318750504006838461900302277672960.0000000000000000
miniFE.c 25 Ap -2386034642593107492656449793690967095722808816836363553867587354919868107284943759532064425782463008852971780773866437379331040021560870046267574664859367210062630549638680332181424252892079098604592825025886948164313008953881446699877491426481457386557702558238178605495168542072119788413932331499358519296.0000000000000000
miniFE.c 25 Ap -249005572541923063927517319730641413133199840279460648677279883187842700648249647248499560433817698654940185012240889084042729580123231042254481444524126984487249319102643215731387823590609865679082862306625574779328854132339849036690172844757728003530584506333873312756873815484074679611721609975632494592.0000000000000000
miniFE.c 25 Ap -279105690851596009553078795774056777694681783782542326640768940035143659930004029347355640547541395704688499166870797562927482392298343303205893504758963838427579467152862359169996704627759837401553038197221776625518640244548009279816456334324605241564808399504347604113414847939127568117601559643353513984.0000000000000000
miniFE.c 25 Ap 244024555391150941325546238280039878654628776089374169764194061009259631828671810225647797155937790327742443967920259771801308222794144545515901447070943763677829672035206351206287052799480119880296784109932082151251747795443255109586604335112346596904259278446444735066575156030135100162072170556060336128.0000000000000000
miniFE.c 25 Ap 15233437895880321024348855863052865893574144043126803441754350205857135372182777109920107080918921293193113279427452548150154368586612259512959983448537095492989720381611729941335069306026238662658829001856736599170127690205858017142900178759603570291199052823192182736436362141844262643821724411522711552.0000000000000000
miniFE.c 25 Ap 143530871911935818156886968885477069754705153870896741422589419629161769378051777890098539541638125588719857487176773321162787896148237068666757740105802345836373946554365295456484381974383827206432935671929565583600565848847858402643805263692941967170998397460614140702322124210628273032959368667699609600.0000000000000000
miniFE.c 25 Ap 159011078333311069963051134444567162424583855794653358768685498447884357723921176327353170762312341221554994472738109964204358710996998247236992104481530759632518259058898548330761101680640326965394042111154666982815218440873423942635833373879741543976727497680732554319694711214435246209543959026025365504.0000000000000000
miniFE.c 25 Ap 26870913173681435755995998883290627359097535225916253057001905925690575231516210016983160648435795806995367163228534430053015639249670423427685041551829731466039322871630121439910728933896751670731143141019945303683259860783284623551982000114699417498051019928656000917484203006698567537117747347162398720.0000000000000000
miniFE.c 25 Ap 3647195599771749975922614572552561211235087263647981153718648766517654066997958322743571914650455020024770154761458828597263378722722683966764290290844320875274536133727407530267711996032933592387325037754349044374603822926436351367558127562318158512643436394143856580979716592803997363981411603969461977088.0000000000000000
miniFE.c 57 sum inf
miniFE.c 57 sum inf
miniFE.c 57 sum inf
miniFE.c 57 sum inf
miniFE.c 57 sum inf
miniFE.c 57 sum -nan
miniFE.c 57 sum -nan
miniFE.c 57 sum -nan
miniFE.c 90 p_ap_dot -nan
miniFE.c 91 alpha -nan
miniFE.c 40 y -nan
miniFE.c 40 y -nan
miniFE.c 40 y -nan
miniFE.c 40 y -nan
miniFE.c 40 y -nan
miniFE.c 40 y -nan
miniFE.c 40 y -nan
miniFE.c 40 y -nan
miniFE.c 40 y nan
miniFE.c 40 y nan
miniFE.c 40 y nan
miniFE.c 40 y nan
miniFE.c 40 y nan
miniFE.c 40 y nan
miniFE.c 40 y nan
miniFE.c 40 y nan
miniFE.c 82 oldrtrans 36122932817125182547731972846031520031604306895951927965913312944150842596977407237866508326106561757010475020321163919649596530278919243893027648481143113371986471267328318472022524454905394319491476025048033534043419869812999076820530390002327282535617686953085961337552146087043161299735747436023382016.0000000000000000
miniFE.c 48 sum nan
miniFE.c 48 sum nan
miniFE.c 48 sum nan
miniFE.c 48 sum nan
miniFE.c 48 sum nan
miniFE.c 48 sum nan
miniFE.c 48 sum nan
miniFE.c 48 sum nan
miniFE.c 83 rtrans nan
miniFE.c 84 beta nan
miniFE.c 40 y nan
miniFE.c 40 y nan
miniFE.c 40 y nan
miniFE.c 40 y nan
miniFE.c 40 y nan
miniFE.c 40 y nan
miniFE.c 40 y nan
miniFE.c 40 y nan
miniFE.c 87 normr nan
miniFE.c 25 Ap nan
miniFE.c 25 Ap nan
miniFE.c 25 Ap nan
miniFE.c 25 Ap nan
miniFE.c 25 Ap nan
miniFE.c 25 Ap nan
miniFE.c 25 Ap nan
miniFE.c 25 Ap nan
miniFE.c 25 Ap nan
miniFE.c 25 Ap nan
miniFE.c 25 Ap nan
miniFE.c 25 Ap nan
miniFE.c 25 Ap nan
miniFE.c 25 Ap nan
miniFE.c 25 Ap nan
miniFE.c 25 Ap nan
miniFE.c 25 Ap nan
miniFE.c 25 Ap nan
miniFE.c 25 Ap nan
miniFE.c 25 Ap nan
miniFE.c 25 Ap nan
miniFE.c 25 Ap nan
miniFE.c 25 Ap nan
miniFE.c 25 Ap nan
miniFE.c 25 Ap nan
miniFE.c 25 Ap nan
miniFE.c 25 Ap nan
miniFE.c 25 Ap nan
miniFE.c 25 Ap nan
miniFE.c 25 Ap nan
miniFE.c 25 Ap nan
miniFE.c 25 Ap nan
miniFE.c 25 Ap nan
miniFE.c 25 Ap nan
miniFE.c 25 Ap nan
miniFE.c 25 Ap nan
miniFE.c 25 Ap nan
miniFE.c 25 Ap nan
miniFE.c 25 Ap nan
miniFE.c 25 Ap nan
miniFE.c 25 Ap nan
miniFE.c 25 Ap nan
miniFE.c 25 Ap nan
miniFE.c 25 Ap nan
miniFE.c 25 Ap nan
miniFE.c 25 Ap nan
miniFE.c 25 Ap nan
miniFE.c 25 Ap nan
miniFE.c 25 Ap nan
miniFE.c 25 Ap nan
miniFE.c 25 Ap nan
miniFE.c 25 Ap nan
miniFE.c 25 Ap nan
miniFE.c 25 Ap nan
miniFE.c 25 Ap nan
miniFE.c 25 Ap nan
miniFE.c 25 Ap nan
miniFE.c 25 Ap nan
miniFE.c 25 Ap nan
miniFE.c 25 Ap nan
miniFE.c 25 Ap nan
miniFE.c 25 Ap nan
miniFE.c 25 Ap nan
miniFE.c 25 Ap nan
miniFE.c 57 sum nan
miniFE.c 57 sum nan
miniFE.c 57 sum nan
miniFE.c 57 sum nan
miniFE.c 57 sum nan
miniFE.c 57 sum nan
miniFE.c 57 sum nan
miniFE.c 57 sum nan
miniFE.c 90 p_ap_dot nan
miniFE.c 91 alpha nan
miniFE.c 40 y nan
miniFE.c 40 y nan
miniFE.c 40 y nan
miniFE.c 40 y nan
miniFE.c 40 y nan
miniFE.c 40 y nan
miniFE.c 40 y nan
miniFE.c 40 y nan
miniFE.c 40 y nan
miniFE.c 40 y nan
miniFE.c 40 y nan
miniFE.c 40 y nan
miniFE.c 40 y nan
miniFE.c 40 y nan
miniFE.c 40 y nan
miniFE.c 40 y nan
