miniFE.c 167 A 67.0947100000000063
miniFE.c 167 A 15.0875500000000002
miniFE.c 167 A 9.3192129999999995
miniFE.c 167 A 13.7164900000000003
miniFE.c 167 A 14.0634099999999993
miniFE.c 167 A 16.0564000000000000
miniFE.c 167 A 4.9967519999999999
miniFE.c 167 A 6.4080630000000003
miniFE.c 167 A 15.0875500000000002
miniFE.c 167 A 66.4365899999999954
miniFE.c 167 A 14.3919700000000006
miniFE.c 167 A 5.9638159999999996
miniFE.c 167 A 10.9336099999999998
miniFE.c 167 A 9.6522659999999991
miniFE.c 167 A 11.3974100000000007
miniFE.c 167 A 6.9539020000000002
miniFE.c 167 A 9.3192129999999995
miniFE.c 167 A 14.3919700000000006
miniFE.c 167 A 67.6740900000000067
miniFE.c 167 A 9.6121750000000006
miniFE.c 167 A 16.7981799999999986
miniFE.c 167 A 16.1756899999999995
miniFE.c 167 A 11.9519400000000005
miniFE.c 167 A 12.3511699999999998
miniFE.c 167 A 13.7164900000000003
miniFE.c 167 A 4.9638159999999996
miniFE.c 167 A 9.6121750000000006
miniFE.c 167 A 65.4017099999999942
miniFE.c 167 A 3.6681119999999998
miniFE.c 167 A 11.0858899999999991
miniFE.c 167 A 1.3002330000000000
miniFE.c 167 A 4.7210279999999996
miniFE.c 167 A 14.0634099999999993
miniFE.c 167 A 10.9336099999999998
miniFE.c 167 A 16.7981799999999986
miniFE.c 167 A 3.6681119999999998
miniFE.c 167 A 66.5612600000000043
miniFE.c 167 A 4.4892070000000004
miniFE.c 167 A 14.0526599999999995
miniFE.c 167 A 3.7993380000000001
miniFE.c 167 A 16.0564000000000000
miniFE.c 167 A 9.6522659999999991
miniFE.c 167 A 16.1756899999999995
miniFE.c 167 A 11.0858899999999991
miniFE.c 167 A 4.4892070000000004
miniFE.c 167 A 66.4632699999999943
miniFE.c 167 A 7.6122389999999998
miniFE.c 167 A 3.4261349999999999
miniFE.c 167 A 4.9967519999999999
miniFE.c 167 A 11.3974100000000007
miniFE.c 167 A 11.9519400000000005
miniFE.c 167 A 1.3002330000000000
miniFE.c 167 A 14.0526599999999995
miniFE.c 167 A 7.6122389999999998
miniFE.c 167 A 65.6581999999999937
miniFE.c 167 A 2.6745570000000001
miniFE.c 167 A 6.4080630000000003
miniFE.c 167 A 6.9539020000000002
miniFE.c 167 A 12.3511699999999998
miniFE.c 167 A 4.7210279999999996
miniFE.c 167 A 3.7993380000000001
miniFE.c 167 A 3.4261349999999999
miniFE.c 167 A 2.6745570000000001
miniFE.c 167 A 64.8721800000000002
miniFE.c 175 b 198.0110999999999990
miniFE.c 175 b 229.8237000000000023
miniFE.c 175 b 210.8053999999999917
miniFE.c 175 b 202.6418999999999926
miniFE.c 175 b 157.2561000000000035
miniFE.c 175 b 225.5886000000000138
miniFE.c 175 b 142.6283999999999992
miniFE.c 175 b 185.1795999999999935
miniFE.c 33 r 0.0000000000000000
miniFE.c 33 r 0.0000000000000000
miniFE.c 33 r 0.0000000000000000
miniFE.c 33 r 0.0000000000000000
miniFE.c 33 r 0.0000000000000000
miniFE.c 33 r 0.0000000000000000
miniFE.c 33 r 0.0000000000000000
miniFE.c 33 r 0.0000000000000000
miniFE.c 25 Ap 0.0000000000000000
miniFE.c 25 Ap 0.0000000000000000
miniFE.c 25 Ap 0.0000000000000000
miniFE.c 25 Ap 0.0000000000000000
miniFE.c 25 Ap 0.0000000000000000
miniFE.c 25 Ap 0.0000000000000000
miniFE.c 25 Ap 0.0000000000000000
miniFE.c 25 Ap 0.0000000000000000
miniFE.c 25 Ap 0.0000000000000000
miniFE.c 25 Ap 0.0000000000000000
miniFE.c 25 Ap 0.0000000000000000
miniFE.c 25 Ap 0.0000000000000000
miniFE.c 25 Ap 0.0000000000000000
miniFE.c 25 Ap 0.0000000000000000
miniFE.c 25 Ap 0.0000000000000000
miniFE.c 25 Ap 0.0000000000000000
miniFE.c 25 Ap 0.0000000000000000
miniFE.c 25 Ap 0.0000000000000000
miniFE.c 25 Ap 0.0000000000000000
miniFE.c 25 Ap 0.0000000000000000
miniFE.c 25 Ap 0.0000000000000000
miniFE.c 25 Ap 0.0000000000000000
miniFE.c 25 Ap 0.0000000000000000
miniFE.c 25 Ap 0.0000000000000000
miniFE.c 25 Ap 0.0000000000000000
miniFE.c 25 Ap 0.0000000000000000
miniFE.c 25 Ap 0.0000000000000000
miniFE.c 25 Ap 0.0000000000000000
miniFE.c 25 Ap 0.0000000000000000
miniFE.c 25 Ap 0.0000000000000000
miniFE.c 25 Ap 0.0000000000000000
miniFE.c 25 Ap 0.0000000000000000
miniFE.c 25 Ap 0.0000000000000000
miniFE.c 25 Ap 0.0000000000000000
miniFE.c 25 Ap 0.0000000000000000
miniFE.c 25 Ap 0.0000000000000000
miniFE.c 25 Ap 0.0000000000000000
miniFE.c 25 Ap 0.0000000000000000
miniFE.c 25 Ap 0.0000000000000000
miniFE.c 25 Ap 0.0000000000000000
miniFE.c 25 Ap 0.0000000000000000
miniFE.c 25 Ap 0.0000000000000000
miniFE.c 25 Ap 0.0000000000000000
miniFE.c 25 Ap 0.0000000000000000
miniFE.c 25 Ap 0.0000000000000000
miniFE.c 25 Ap 0.0000000000000000
miniFE.c 25 Ap 0.0000000000000000
miniFE.c 25 Ap 0.0000000000000000
miniFE.c 25 Ap 0.0000000000000000
miniFE.c 25 Ap 0.0000000000000000
miniFE.c 25 Ap 0.0000000000000000
miniFE.c 25 Ap 0.0000000000000000
miniFE.c 25 Ap 0.0000000000000000
miniFE.c 25 Ap 0.0000000000000000
miniFE.c 25 Ap 0.0000000000000000
miniFE.c 25 Ap 0.0000000000000000
miniFE.c 25 Ap 0.0000000000000000
miniFE.c 25 Ap 0.0000000000000000
miniFE.c 25 Ap 0.0000000000000000
miniFE.c 25 Ap 0.0000000000000000
miniFE.c 25 Ap 0.0000000000000000
miniFE.c 25 Ap 0.0000000000000000
miniFE.c 25 Ap 0.0000000000000000
miniFE.c 25 Ap 0.0000000000000000
miniFE.c 33 r 198.0110999999999990
miniFE.c 33 r 229.8237000000000023
miniFE.c 33 r 210.8053999999999917
miniFE.c 33 r 202.6418999999999926
miniFE.c 33 r 157.2561000000000035
miniFE.c 33 r 225.5886000000000138
miniFE.c 33 r 142.6283999999999992
miniFE.c 33 r 185.1795999999999935
miniFE.c 48 sum 39208.3957232100001420
miniFE.c 48 sum 92027.3288048999966122
miniFE.c 48 sum 136466.2454740600078367
miniFE.c 48 sum 177529.9851096700003836
miniFE.c 48 sum 202259.4660968800017145
miniFE.c 48 sum 253149.6825468399911188
miniFE.c 48 sum 273492.5430333999684080
miniFE.c 48 sum 307784.0272895599482581
miniFE.c 75 rtrans 307784.0272895599482581
miniFE.c 76 normr 554.7828649927464539
miniFE.c 33 r 198.0110999999999990
miniFE.c 33 r 229.8237000000000023
miniFE.c 33 r 210.8053999999999917
miniFE.c 33 r 202.6418999999999926
miniFE.c 33 r 157.2561000000000035
miniFE.c 33 r 225.5886000000000138
miniFE.c 33 r 142.6283999999999992
miniFE.c 33 r 185.1795999999999935
miniFE.c 87 normr 554.7828649927464539
miniFE.c 25 Ap 13285.4973312810016068
miniFE.c 25 Ap 16752.9738962160008668
miniFE.c 25 Ap 18717.5143203662009910
miniFE.c 25 Ap 21497.0499152972006414
miniFE.c 25 Ap 23708.6069245981998392
miniFE.c 25 Ap 27330.7477216381994367
miniFE.c 25 Ap 28043.4264645949988335
miniFE.c 25 Ap 29230.0690077097970061
miniFE.c 25 Ap 2987.5023718050001662
miniFE.c 25 Ap 18256.2053009880000900
miniFE.c 25 Ap 21290.1102936259994749
miniFE.c 25 Ap 22498.6292991164009436
miniFE.c 25 Ap 24218.0061666374022025
miniFE.c 25 Ap 26395.4473404050004319
miniFE.c 25 Ap 28021.0416928490012651
miniFE.c 25 Ap 29308.7624836482027604
miniFE.c 25 Ap 1845.3076172643000064
miniFE.c 25 Ap 5152.9234129532997031
miniFE.c 25 Ap 19418.9870250392996240
miniFE.c 25 Ap 21366.8164301717988565
miniFE.c 25 Ap 24008.4327040697971825
miniFE.c 25 Ap 27657.4839652037990163
miniFE.c 25 Ap 29362.1700442997971550
miniFE.c 25 Ap 31649.3547644317950471
miniFE.c 25 Ap 2716.0172730389999742
miniFE.c 25 Ap 3856.8198322782000105
miniFE.c 25 Ap 5883.1182280232005724
miniFE.c 25 Ap 19136.2450056722009322
miniFE.c 25 Ap 19713.0779931554025097
miniFE.c 25 Ap 22213.9283980094041908
miniFE.c 25 Ap 22399.3785504266052158
miniFE.c 25 Ap 23273.6166270554058428
miniFE.c 25 Ap 2784.7112838509997346
miniFE.c 25 Ap 5297.5139884079999320
miniFE.c 25 Ap 8838.6610425799990480
miniFE.c 25 Ap 9581.9742276727993158
miniFE.c 25 Ap 20049.1383863587980159
miniFE.c 25 Ap 21061.8523085989982064
miniFE.c 25 Ap 23066.1607201429978886
miniFE.c 25 Ap 23769.7206112477979332
miniFE.c 25 Ap 3179.3454260399998930
miniFE.c 25 Ap 5397.6649115441996400
miniFE.c 25 Ap 8807.5877122702004272
miniFE.c 25 Ap 11054.0535250612010714
miniFE.c 25 Ap 11760.0087099739012046
miniFE.c 25 Ap 26753.3647406958989450
miniFE.c 25 Ap 27839.0862096834971453
miniFE.c 25 Ap 28473.5365185294976982
miniFE.c 25 Ap 989.4123599472000024
miniFE.c 25 Ap 3608.8072965641999872
miniFE.c 25 Ap 6128.3407890401995246
miniFE.c 25 Ap 6391.8224746028990921
miniFE.c 25 Ap 8601.6889808288997301
miniFE.c 25 Ap 10318.9233197042995016
miniFE.c 25 Ap 19683.6473325842962367
miniFE.c 25 Ap 20178.9207280214977800
miniFE.c 25 Ap 1268.8676034993000030
miniFE.c 25 Ap 2867.0390905766998912
miniFE.c 25 Ap 5470.7324228946999938
miniFE.c 25 Ap 6427.4105067679001877
miniFE.c 25 Ap 7024.8795832297000743
miniFE.c 25 Ap 7797.7765812907000509
miniFE.c 25 Ap 8179.2443669095000587
miniFE.c 25 Ap 20192.2487104374995397
miniFE.c 57 sum 5787878.1172925252467394
miniFE.c 57 sum 12523726.3537057451903820
miniFE.c 57 sum 19195581.2445636950433254
miniFE.c 57 sum 23911791.1377417929470539
miniFE.c 57 sum 27649724.6991562396287918
miniFE.c 57 sum 34073029.9394201859831810
miniFE.c 57 sum 36951117.1165847256779671
miniFE.c 57 sum 40690309.6558840572834015
miniFE.c 90 p_ap_dot 40690309.6558840572834015
miniFE.c 91 alpha 0.0075640620553757
miniFE.c 40 y 1.4977682480532029
miniFE.c 40 y 1.7384007285960479
miniFE.c 40 y 1.5945451272082960
miniFE.c 40 y 1.5327959066192365
miniFE.c 40 y 1.1894948989863663
miniFE.c 40 y 1.7063661693853263
miniFE.c 40 y 1.0788500684589473
miniFE.c 40 y 1.4007099857896494
miniFE.c 40 y -23.0869558572308620
miniFE.c 40 y 8.1304018074178259
miniFE.c 40 y -28.5922834507626078
miniFE.c 40 y 26.5988195799292555
miniFE.c 40 y -22.5395417424211075
miniFE.c 40 y 10.2130028378367967
miniFE.c 40 y -10.0062085972615762
miniFE.c 40 y 32.4441777166708505
miniFE.c 82 oldrtrans 307784.0272895599482581
miniFE.c 48 sum 533.0075307537264280
miniFE.c 48 sum 599.1109643037895012
miniFE.c 48 sum 1416.6296372325427910
miniFE.c 48 sum 2124.1268402781706754
miniFE.c 48 sum 2632.1577822365143220
miniFE.c 48 sum 2736.4632092021765857
miniFE.c 48 sum 2836.5874196940881120
miniFE.c 48 sum 3889.2120874050096972
miniFE.c 83 rtrans 3889.2120874050096972
miniFE.c 84 beta 0.0126361725839206
miniFE.c 40 y -20.5848534240988990
miniFE.c 40 y 11.0344937444930196
miniFE.c 40 y -25.9285100347401922
miniFE.c 40 y 29.1594376010628373
miniFE.c 40 y -20.5524265229468313
miniFE.c 40 y 13.0635793204018285
miniFE.c 40 y -8.2039315194931142
miniFE.c 40 y 34.7841391012922330
miniFE.c 87 normr 62.3635477454980105
miniFE.c 25 Ap -1381.1347708824227993
miniFE.c 25 Ap -1214.6512947876972248
miniFE.c 25 Ap -1456.2846025740784626
miniFE.c 25 Ap -1056.3194683134761362
miniFE.c 25 Ap -1345.3566690005518467
miniFE.c 25 Ap -1135.6026140004519220
miniFE.c 25 Ap -1176.5956252283422145
miniFE.c 25 Ap -953.6966704664981762
miniFE.c 25 Ap -310.5750052787633422
miniFE.c 25 Ap 422.5191314816840986
miniFE.c 25 Ap 49.3567929170042703
miniFE.c 25 Ap 223.2583134332244299
miniFE.c 25 Ap -1.4539027223322591
miniFE.c 25 Ap 124.6392397902854015
miniFE.c 25 Ap 31.1356686506993867
miniFE.c 25 Ap 273.0211631154536462
miniFE.c 25 Ap -191.8346336329569510
miniFE.c 25 Ap -33.0265306970257484
miniFE.c 25 Ap -1787.7148523539367488
miniFE.c 25 Ap -1507.4292352309405487
miniFE.c 25 Ap -1852.6725954001753962
miniFE.c 25 Ap -1641.3601860229448448
miniFE.c 25 Ap -1739.4130833080353113
miniFE.c 25 Ap -1309.7882679643278152
miniFE.c 25 Ap -282.3519361431183370
miniFE.c 25 Ap -227.5787395423039925
miniFE.c 25 Ap -476.8081154854828014
miniFE.c 25 Ap 1430.2689662623242839
miniFE.c 25 Ap 1354.8803639043846943
miniFE.c 25 Ap 1499.7017672566341844
miniFE.c 25 Ap 1489.0347447652491155
miniFE.c 25 Ap 1653.2516394183446664
miniFE.c 25 Ap -289.4932334930066986
miniFE.c 25 Ap -168.8463823432803679
miniFE.c 25 Ap -604.3981610386523471
miniFE.c 25 Ap -497.4380780609425301
miniFE.c 25 Ap -1865.4334834857027090
miniFE.c 25 Ap -1806.7883717554996110
miniFE.c 25 Ap -1922.0754320622197611
miniFE.c 25 Ap -1789.9187305773943990
miniFE.c 25 Ap -330.5186405187015453
miniFE.c 25 Ap -224.0107717215188927
miniFE.c 25 Ap -643.4223122053654151
miniFE.c 25 Ap -320.1639944981189387
miniFE.c 25 Ap -412.4280915119175006
miniFE.c 25 Ap 455.8201080263656877
miniFE.c 25 Ap 393.3698205603509450
miniFE.c 25 Ap 512.5449769801567754
miniFE.c 25 Ap -102.8574075165730193
miniFE.c 25 Ap 22.9072418318491771
miniFE.c 25 Ap -286.9887543927635534
miniFE.c 25 Ap -249.0746913624208219
miniFE.c 25 Ap -537.8909534643748884
miniFE.c 25 Ap -438.4478654820185852
miniFE.c 25 Ap -977.1032419752013993
miniFE.c 25 Ap -884.0710792528665252
miniFE.c 25 Ap -131.9090375873914809
miniFE.c 25 Ap -55.1762494685739853
miniFE.c 25 Ap -375.4236847543559747
miniFE.c 25 Ap -237.7611633754854950
miniFE.c 25 Ap -315.8467784563252962
miniFE.c 25 Ap -271.0891921214204103
miniFE.c 25 Ap -293.0310745944013320
miniFE.c 25 Ap 1963.4918583296664565
miniFE.c 57 sum 19631.7061726040155918
miniFE.c 57 sum 22644.3564891156966041
miniFE.c 57 sum 56605.2147384137497284
miniFE.c 57 sum 104813.1027568878052989
miniFE.c 57 sum 141600.2759491259639617
miniFE.c 57 sum 148295.9479111797700170
miniFE.c 57 sum 155548.8065037346677855
miniFE.c 57 sum 223847.1804281285731122
miniFE.c 90 p_ap_dot 223847.1804281285731122
miniFE.c 91 alpha 0.0173744073075503
miniFE.c 40 y 1.1401186202966869
miniFE.c 40 y 1.9301185173454856
miniFE.c 40 y 1.1440526329868144
miniFE.c 40 y 2.0394238523591999
miniFE.c 40 y 0.8324086694181880
miniFE.c 40 y 1.9333381173924788
miniFE.c 40 y 0.9363116207160238
miniFE.c 40 y 2.0050637863779874
miniFE.c 40 y -6.5170414566913379
miniFE.c 40 y 3.3868209158688032
miniFE.c 40 y -5.8354885964995269
miniFE.c 40 y -2.1254477852003610
miniFE.c 40 y 8.5592353300439470
miniFE.c 40 y 1.3078376443445556
miniFE.c 40 y 5.3540024225033171
miniFE.c 40 y -1.6703295750076421
miniFE.c 82 oldrtrans 3889.2120874050096972
miniFE.c 48 sum 42.4718293482335554
miniFE.c 48 sum 53.9423852643999524
miniFE.c 48 sum 87.9953124242759657
miniFE.c 48 sum 92.5128407118890834
miniFE.c 48 sum 165.7733501469616044
miniFE.c 48 sum 167.4837894509263094
miniFE.c 48 sum 196.1491313910976828
miniFE.c 48 sum 198.9391322802428874
miniFE.c 83 rtrans 198.9391322802428874
miniFE.c 84 beta 0.0511515257613479
miniFE.c 40 y -7.5699881169077026
miniFE.c 40 y 3.9512521069036697
miniFE.c 40 y -7.1617714454949066
miniFE.c 40 y -0.6338980615631795
miniFE.c 40 y 7.5079473552972225
miniFE.c 40 y 1.9760596584875012
miniFE.c 40 y 4.9343588080396312
miniFE.c 40 y 0.1089322123184153
miniFE.c 87 normr 14.1045784155444682
miniFE.c 25 Ap -507.9061574073684255
miniFE.c 25 Ap -448.2914436818539343
miniFE.c 25 Ap -515.0335172397388988
miniFE.c 25 Ap -523.7283736621895969
miniFE.c 25 Ap -418.1410317462290891
miniFE.c 25 Ap -386.4126274456903616
miniFE.c 25 Ap -361.7568602029007252
miniFE.c 25 Ap -361.0588157236349502
miniFE.c 25 Ap -114.2125742132508037
miniFE.c 25 Ap 148.2951419997444589
miniFE.c 25 Ap 45.2231422093251183
miniFE.c 25 Ap 41.4426908074056399
miniFE.c 25 Ap 123.5316590907569037
miniFE.c 25 Ap 142.6051125463474136
miniFE.c 25 Ap 198.8440229686863745
miniFE.c 25 Ap 199.6015268977918140
miniFE.c 25 Ap -70.5463316689317850
miniFE.c 25 Ap -13.6800298839373724
miniFE.c 25 Ap -498.3463952457898358
miniFE.c 25 Ap -504.4395343456959040
miniFE.c 25 Ap -378.3196832408892192
miniFE.c 25 Ap -346.3555547836895130
miniFE.c 25 Ap -287.3803943715283253
miniFE.c 25 Ap -286.0349540987074874
miniFE.c 25 Ap -103.8336663056833373
miniFE.c 25 Ap -84.2203778774011909
miniFE.c 25 Ap -153.0605783215011968
miniFE.c 25 Ap -194.5185955134184042
miniFE.c 25 Ap -166.9786037240843939
miniFE.c 25 Ap -145.0722237166543778
miniFE.c 25 Ap -138.6564075606005986
miniFE.c 25 Ap -138.1421355361434280
miniFE.c 25 Ap -106.4598465832009424
miniFE.c 25 Ap -63.2583970346379090
miniFE.c 25 Ap -183.5631228949215483
miniFE.c 25 Ap -185.8883319813181743
miniFE.c 25 Ap 313.8501040009326744
miniFE.c 25 Ap 322.7210448522323532
miniFE.c 25 Ap 392.0619114996185317
miniFE.c 25 Ap 392.4757817933039519
miniFE.c 25 Ap -121.5467572003168328
miniFE.c 25 Ap -83.4082208314221702
miniFE.c 25 Ap -199.2548155845996689
miniFE.c 25 Ap -206.2821397663022935
miniFE.c 25 Ap -172.5774099432705100
miniFE.c 25 Ap -41.2420233251079367
miniFE.c 25 Ap -3.6805047665551456
miniFE.c 25 Ap -3.3072883013035916
miniFE.c 25 Ap -37.8253532631347937
miniFE.c 25 Ap 7.2086870126101630
miniFE.c 25 Ap -78.3883755976582393
miniFE.c 25 Ap -79.2125907759387218
miniFE.c 25 Ap 26.2940407059523409
miniFE.c 25 Ap 41.3362791046175744
miniFE.c 25 Ap 365.3173965946452313
miniFE.c 25 Ap 365.6087420056269366
miniFE.c 25 Ap -48.5089607623959225
miniFE.c 25 Ap -21.0323408336942776
miniFE.c 25 Ap -109.4885974581475949
miniFE.c 25 Ap -112.4812479559330853
miniFE.c 25 Ap -83.9560182669528388
miniFE.c 25 Ap -77.1857711089207612
miniFE.c 25 Ap -63.9885472183667048
miniFE.c 25 Ap -56.9218771330482483
miniFE.c 57 sum 2733.2109445326846071
miniFE.c 57 sum 3521.8868982287740437
miniFE.c 57 sum 5570.4038649063440971
miniFE.c 57 sum 5657.9718968429033339
miniFE.c 57 sum 8604.6594047761500406
miniFE.c 57 sum 8598.1240057849572622
miniFE.c 57 sum 10402.1687221967113146
miniFE.c 57 sum 10395.9680961912908970
miniFE.c 90 p_ap_dot 10395.9680961912908970
miniFE.c 91 alpha 0.0191361814926238
miniFE.c 40 y 0.9952579537945359
miniFE.c 40 y 2.0057303947863061
miniFE.c 40 y 1.0070036747971334
miniFE.c 40 y 2.0272934640053046
miniFE.c 40 y 0.9760821126462202
miniFE.c 40 y 1.9711523536575477
miniFE.c 40 y 1.0307364064163969
miniFE.c 40 y 2.0071483329633057
miniFE.c 40 y 0.3922455705079386
miniFE.c 40 y -0.4327901290521647
miniFE.c 40 y -0.3618718016323532
miniFE.c 40 y 0.5180651921979105
miniFE.c 40 y 1.0487475381878815
miniFE.c 40 y 1.3711265135267325
miniFE.c 40 y -1.6423528198062174
miniFE.c 40 y -0.5810622032888004
miniFE.c 82 oldrtrans 198.9391322802428874
miniFE.c 48 sum 0.1538565875830983
miniFE.c 48 sum 0.3411638833880877
miniFE.c 48 sum 0.4721150842047329
miniFE.c 48 sum 0.7405066275717908
miniFE.c 48 sum 1.8403780264269325
miniFE.c 48 sum 3.7203659425229056
miniFE.c 48 sum 6.4176887272483398
miniFE.c 48 sum 6.7553220113391754
miniFE.c 83 rtrans 6.7553220113391754
miniFE.c 84 beta 0.0339567280399265
miniFE.c 40 y 0.1351935427566283
miniFE.c 40 y -0.2986185358408501
miniFE.c 40 y -0.6050621268911353
miniFE.c 40 y 0.4965400881163730
miniFE.c 40 y 1.3036928646697947
miniFE.c 40 y 1.4382270339406626
miniFE.c 40 y -1.4747981397101997
miniFE.c 40 y -0.5773632217803165
miniFE.c 87 normr 2.5991002311067528
miniFE.c 25 Ap 9.0707715451285740
miniFE.c 25 Ap 4.5653494547029556
miniFE.c 25 Ap -1.0733533840285610
miniFE.c 25 Ap 5.7374337692187876
miniFE.c 25 Ap 24.0718010391446242
miniFE.c 25 Ap 47.1645495869094802
miniFE.c 25 Ap 39.7953490327162598
miniFE.c 25 Ap 36.0955691336650162
miniFE.c 25 Ap 2.0397393360177669
miniFE.c 25 Ap -17.7994578960410976
miniFE.c 25 Ap -26.5074938743945090
miniFE.c 25 Ap -23.5462201522446755
miniFE.c 25 Ap -9.2921508101623616
miniFE.c 25 Ap 4.5899990898239409
miniFE.c 25 Ap -12.2188799756904878
miniFE.c 25 Ap -16.2338072383550767
miniFE.c 25 Ap 1.2598974211736258
miniFE.c 25 Ap -3.0378115880918144
miniFE.c 25 Ap -43.9848404189139259
miniFE.c 25 Ap -39.2120101974239290
miniFE.c 25 Ap -17.3123427919850776
miniFE.c 25 Ap 5.9519718586585597
miniFE.c 25 Ap -11.6747270192693655
miniFE.c 25 Ap -18.8058383232257569
miniFE.c 25 Ap 1.8543808772858641
miniFE.c 25 Ap 0.3720934111824790
miniFE.c 25 Ap -5.4438696383673193
miniFE.c 25 Ap 27.0307012079941487
miniFE.c 25 Ap 31.8127926492038000
miniFE.c 25 Ap 47.7568193424962502
miniFE.c 25 Ap 45.8392381329064378
miniFE.c 25 Ap 43.1134901967113535
miniFE.c 25 Ap 1.9012822211389933
miniFE.c 25 Ap -1.3636963885158842
miniFE.c 25 Ap -11.5276389072160121
miniFE.c 25 Ap -9.7062742515152873
miniFE.c 25 Ap 77.0691654739157457
miniFE.c 25 Ap 83.5256643422714120
miniFE.c 25 Ap 62.8008275162914771
miniFE.c 25 Ap 60.6072294879790903
miniFE.c 25 Ap 2.1707215999175258
miniFE.c 25 Ap -0.7116239405488929
miniFE.c 25 Ap -10.4989213358805600
miniFE.c 25 Ap -4.9943325384321424
miniFE.c 25 Ap 0.8582145954935534
miniFE.c 25 Ap 96.4474862735909682
miniFE.c 25 Ap 85.2209703573615371
miniFE.c 25 Ap 83.2428460155072258
miniFE.c 25 Ap 0.6755286051562678
miniFE.c 25 Ap -2.7279492814215964
miniFE.c 25 Ap -9.9596155182968324
miniFE.c 25 Ap -9.3139977099050171
miniFE.c 25 Ap 9.0063548617256188
miniFE.c 25 Ap 19.9544827803430564
miniFE.c 25 Ap -76.8781084363771612
miniFE.c 25 Ap -78.4222992827322543
miniFE.c 25 Ap 0.8663287391776676
miniFE.c 25 Ap -1.2102352944430916
miniFE.c 25 Ap -8.6834604842370737
miniFE.c 25 Ap -6.3392808251172106
miniFE.c 25 Ap -1.3861109840484023
miniFE.c 25 Ap 3.5414489948818897
miniFE.c 25 Ap -0.4029826932670031
miniFE.c 25 Ap -37.8577935419796177
miniFE.c 57 sum 4.8798878689969722
miniFE.c 57 sum 9.7276036176371612
miniFE.c 57 sum 21.1063041514589571
miniFE.c 57 sum 42.5138803727383987
miniFE.c 57 sum 121.5270930036215162
miniFE.c 57 sum 241.2492045252838011
miniFE.c 57 sum 356.9062656192538725
miniFE.c 57 sum 378.7639632681452895
miniFE.c 90 p_ap_dot 378.7639632681452895
miniFE.c 91 alpha 0.0178351761689555
miniFE.c 40 y 0.9976691544465055
miniFE.c 40 y 2.0004044805922692
miniFE.c 40 y 0.9962122851708670
miniFE.c 40 y 2.0361493439518088
miniFE.c 40 y 0.9993337045578163
miniFE.c 40 y 1.9968033861788339
miniFE.c 40 y 1.0044331217810176
miniFE.c 40 y 1.9968509581893781
miniFE.c 40 y -0.2515252639096908
miniFE.c 40 y -0.1432573170632364
miniFE.c 40 y -0.0264663621327264
miniFE.c 40 y -0.2508715007189741
miniFE.c 40 y -0.0321930768425425
miniFE.c 40 y -0.1135243099650773
miniFE.c 40 y -0.2436772965241321
miniFE.c 40 y 0.0941382139003534
miniFE.c 82 oldrtrans 6.7553220113391754
miniFE.c 48 sum 0.0632649583848396
miniFE.c 48 sum 0.0837876172769962
miniFE.c 48 sum 0.0844880856015368
miniFE.c 48 sum 0.1474245954745271
miniFE.c 48 sum 0.1484609896711169
miniFE.c 48 sum 0.1613487586241639
miniFE.c 48 sum 0.2207273834654737
miniFE.c 48 sum 0.2295893867818224
miniFE.c 83 rtrans 0.2295893867818224
miniFE.c 84 beta 0.0339864460045641
miniFE.c 40 y -0.2469305158686269
miniFE.c 40 y -0.1534062998075534
miniFE.c 40 y -0.0470302734377187
miniFE.c 40 y -0.2339958678251055
miniFE.c 40 y 0.0121148103090930
miniFE.c 40 y -0.0646440845337486
miniFE.c 40 y -0.2938004438670244
miniFE.c 40 y 0.0745156899382955
miniFE.c 87 normr 0.4791548672212590
miniFE.c 25 Ap -16.5677313523559206
miniFE.c 25 Ap -18.8822565710173720
miniFE.c 25 Ap -19.3205417066317153
miniFE.c 25 Ap -22.5301436876960963
miniFE.c 25 Ap -22.3597681432470949
miniFE.c 25 Ap -23.3977194221547755
miniFE.c 25 Ap -24.8657673776482184
miniFE.c 25 Ap -24.3882661420351567
miniFE.c 25 Ap -3.7255765046937017
miniFE.c 25 Ap -13.9173679484252055
miniFE.c 25 Ap -14.5942262328326500
miniFE.c 25 Ap -15.9897345333018990
miniFE.c 25 Ap -15.8572759221582960
miniFE.c 25 Ap -16.4812378214045232
miniFE.c 25 Ap -19.8298019383389850
miniFE.c 25 Ap -19.3116271330456932
miniFE.c 25 Ap -2.3011980735796138
miniFE.c 25 Ap -4.5090169382209284
miniFE.c 25 Ap -7.6917478955697129
miniFE.c 25 Ap -9.9409571263814964
miniFE.c 25 Ap -9.7374503621434965
miniFE.c 25 Ap -10.7831130338952086
miniFE.c 25 Ap -14.2945983109672525
miniFE.c 25 Ap -13.3742423568720756
miniFE.c 25 Ap -3.3870199516068622
miniFE.c 25 Ap -4.1485005970923927
miniFE.c 25 Ap -4.6005638156735964
miniFE.c 25 Ap -19.9042937043694756
miniFE.c 25 Ap -19.8598552232969681
miniFE.c 25 Ap -20.5764924335888075
miniFE.c 25 Ap -20.9585014661193618
miniFE.c 25 Ap -20.6067108074813490
miniFE.c 25 Ap -3.4726850861720058
miniFE.c 25 Ap -5.1499697398108699
miniFE.c 25 Ap -5.9399927384668869
miniFE.c 25 Ap -6.7983157891865700
miniFE.c 25 Ap -5.9919387503523485
miniFE.c 25 Ap -6.2821394271498443
miniFE.c 25 Ap -10.4108171726622238
miniFE.c 25 Ap -10.1277068802834407
miniFE.c 25 Ap -3.9648151349930205
miniFE.c 25 Ap -5.4455335468112747
miniFE.c 25 Ap -6.2062806705550466
miniFE.c 25 Ap -8.8003331217187046
miniFE.c 25 Ap -8.7459472304754513
miniFE.c 25 Ap -13.0424044747448082
miniFE.c 25 Ap -15.2788836717666818
miniFE.c 25 Ap -15.0235828584199407
miniFE.c 25 Ap -1.2338505490275931
miniFE.c 25 Ap -2.9822850445172007
miniFE.c 25 Ap -3.5443880508284082
miniFE.c 25 Ap -3.8486372000382487
miniFE.c 25 Ap -3.6783918898000696
miniFE.c 25 Ap -4.1704781112071672
miniFE.c 25 Ap -23.4608864147170237
miniFE.c 25 Ap -23.2615899545827247
miniFE.c 25 Ap -1.5823463023086608
miniFE.c 25 Ap -2.6491186773530062
miniFE.c 25 Ap -3.2299975797287543
miniFE.c 25 Ap -4.3346986236153766
miniFE.c 25 Ap -4.2886703644452480
miniFE.c 25 Ap -4.5101497250092830
miniFE.c 25 Ap -5.2959357587569400
miniFE.c 25 Ap -0.4619405082556476
miniFE.c 57 sum 6.0222071395941077
miniFE.c 57 sum 8.9847324013377978
miniFE.c 57 sum 9.6137266764038110
miniFE.c 57 sum 14.4356118548213903
miniFE.c 57 sum 14.3129166071006608
miniFE.c 57 sum 15.2841023674001359
miniFE.c 57 sum 22.1183678211092563
miniFE.c 57 sum 22.0839460054261387
miniFE.c 90 p_ap_dot 22.0839460054261387
miniFE.c 91 alpha 0.0103962121047303
miniFE.c 40 y 0.9951020124284048
miniFE.c 40 y 1.9988096361612679
miniFE.c 40 y 0.9957233484728650
miniFE.c 40 y 2.0337166732782688
miniFE.c 40 y 0.9994596526953983
miniFE.c 40 y 1.9961313325647050
miniFE.c 40 y 1.0013787100501121
miniFE.c 40 y 1.9976256391071070
miniFE.c 40 y 0.0020203237695202
miniFE.c 40 y 0.0575104546993721
miniFE.c 40 y 0.1125750981493842
miniFE.c 40 y -0.0366397643835591
miniFE.c 40 y 0.0730967120194209
miniFE.c 40 y 0.0426640440040472
miniFE.c 40 y -0.0018448734630256
miniFE.c 40 y 0.0989406454039460
miniFE.c 82 oldrtrans 0.2295893867818224
miniFE.c 48 sum 0.0000040817081337
miniFE.c 48 sum 0.0033115341078622
miniFE.c 48 sum 0.0159846868312057
miniFE.c 48 sum 0.0173271591652884
miniFE.c 48 sum 0.0226702884733386
miniFE.c 48 sum 0.0244905091241179
miniFE.c 48 sum 0.0244939126822124
miniFE.c 48 sum 0.0342831639951618
miniFE.c 83 rtrans 0.0342831639951618
miniFE.c 84 beta 0.1493238188215597
miniFE.c 40 y -0.0348522838435609
miniFE.c 40 y 0.0346032401808231
miniFE.c 40 y 0.1055523581194419
miniFE.c 40 y -0.0715809209556688
miniFE.c 40 y 0.0749057417590735
miniFE.c 40 y 0.0330111424372442
miniFE.c 40 y -0.0457162777127189
miniFE.c 40 y 0.1100676127876556
miniFE.c 87 normr 0.1851571332548704
miniFE.c 25 Ap -2.3384038773214075
miniFE.c 25 Ap -1.8163257609312300
miniFE.c 25 Ap -0.8326608529638713
miniFE.c 25 Ap -1.8144998394430925
miniFE.c 25 Ap -0.7610696817311204
miniFE.c 25 Ap -0.2310295743017534
miniFE.c 25 Ap -0.4594624763953371
miniFE.c 25 Ap 0.2458577206075655
miniFE.c 25 Ap -0.5258355751039180
miniFE.c 25 Ap 1.7730857054609523
miniFE.c 25 Ap 3.2921920769452173
miniFE.c 25 Ap 2.8652966352550644
miniFE.c 25 Ap 3.6842868024094884
miniFE.c 25 Ap 4.0029191301776574
miniFE.c 25 Ap 3.4818719694119378
miniFE.c 25 Ap 4.2472713621112419
miniFE.c 25 Ap -0.3247958566746031
miniFE.c 25 Ap 0.1732129379105976
miniFE.c 25 Ap 7.3163727209979417
miniFE.c 25 Ap 6.6283243821108861
miniFE.c 25 Ap 7.8866045152133193
miniFE.c 25 Ap 8.4205825218240253
miniFE.c 25 Ap 7.8741843135782714
miniFE.c 25 Ap 9.2336481106127799
miniFE.c 25 Ap -0.4780510028173653
miniFE.c 25 Ap -0.3062868855559527
miniFE.c 25 Ap 0.7083008523507940
miniFE.c 25 Ap -3.9732137815247777
miniFE.c 25 Ap -3.6984511313094188
miniFE.c 25 Ap -3.3324932374757985
miniFE.c 25 Ap -3.3919350503950403
miniFE.c 25 Ap -2.8723027685313602
miniFE.c 25 Ap -0.4901419571283734
miniFE.c 25 Ap -0.1118036242549241
miniFE.c 25 Ap 1.6612838868599227
miniFE.c 25 Ap 1.3987170517313827
miniFE.c 25 Ap 6.3845376044499318
miniFE.c 25 Ap 6.5327314561572054
miniFE.c 25 Ap 5.8902961489947891
miniFE.c 25 Ap 6.3084802128282149
miniFE.c 25 Ap -0.5596022103057520
miniFE.c 25 Ap -0.2256025316185593
miniFE.c 25 Ap 1.4817796920905162
miniFE.c 25 Ap 0.6882414762772774
miniFE.c 25 Ap 1.0245088565223026
miniFE.c 25 Ap 3.2185373293373187
miniFE.c 25 Ap 2.8705340971977291
miniFE.c 25 Ap 3.2476405977359635
miniFE.c 25 Ap -0.1741482189998808
miniFE.c 25 Ap 0.2202390966694343
miniFE.c 25 Ap 1.4817945477715171
miniFE.c 25 Ap 1.3887226721745649
miniFE.c 25 Ap 2.4413475931626269
miniFE.c 25 Ap 2.6926362990579720
miniFE.c 25 Ap -0.3090122062592688
miniFE.c 25 Ap -0.0146301020047551
miniFE.c 25 Ap -0.2233356305634207
miniFE.c 25 Ap 0.0172919105364855
miniFE.c 25 Ap 1.3209870295705930
miniFE.c 25 Ap 0.9830514974730939
miniFE.c 25 Ap 1.2676437285565287
miniFE.c 25 Ap 1.3807443590507562
miniFE.c 25 Ap 1.2584735684802599
miniFE.c 25 Ap 8.3987995574113548
miniFE.c 57 sum -0.0085687030637458
miniFE.c 57 sum 0.1384006479925212
miniFE.c 57 sum 1.1130339801128297
miniFE.c 57 sum 1.3186360575478215
miniFE.c 57 sum 1.7911774472621569
miniFE.c 57 sum 1.8983857736189955
miniFE.c 57 sum 1.8990546074252104
miniFE.c 57 sum 2.8234904249914963
miniFE.c 90 p_ap_dot 2.8234904249914963
miniFE.c 91 alpha 0.0121421215711277
miniFE.c 40 y 0.9946788317609448
miniFE.c 40 y 1.9992297929102985
miniFE.c 40 y 0.9970049780372705
miniFE.c 40 y 2.0328475290338517
miniFE.c 40 y 1.0003691673182125
miniFE.c 40 y 1.9965321578693798
miniFE.c 40 y 1.0008236174483449
miniFE.c 40 y 1.9989620934426184
miniFE.c 40 y -0.0009649105632973
miniFE.c 40 y 0.0059395694750481
miniFE.c 40 y 0.0004590202453101
miniFE.c 40 y -0.0017639149789646
miniFE.c 40 y -0.0035016216537929
miniFE.c 40 y 0.0032307970470072
miniFE.c 40 y -0.0016672329858858
miniFE.c 40 y -0.0030385998736764
miniFE.c 82 oldrtrans 0.0342831639951618
miniFE.c 48 sum 0.0000009310523952
miniFE.c 48 sum 0.0000362095379441
miniFE.c 48 sum 0.0000364202375297
miniFE.c 48 sum 0.0000395316335827
miniFE.c 48 sum 0.0000517929877890
miniFE.c 48 sum 0.0000622310373480
miniFE.c 48 sum 0.0000650107031772
miniFE.c 48 sum 0.0000742437923695
miniFE.c 83 rtrans 0.0000742437923695
miniFE.c 84 beta 0.0021656050293368
miniFE.c 40 y -0.0010403868444727
miniFE.c 40 y 0.0060145064260151
miniFE.c 40 y 0.0006876049629119
miniFE.c 40 y -0.0019189309813907
miniFE.c 40 y -0.0033394054027133
miniFE.c 40 y 0.0033022861430935
miniFE.c 40 y -0.0017662363868230
miniFE.c 40 y -0.0028002368978563
miniFE.c 87 normr 0.0086164837590226
miniFE.c 25 Ap -0.0698044536177138
miniFE.c 25 Ap 0.0209397128101100
miniFE.c 25 Ap 0.0273476499193429
miniFE.c 25 Ap 0.0010266523024066
miniFE.c 25 Ap -0.0459367750321653
miniFE.c 25 Ap 0.0070860521958010
miniFE.c 25 Ap -0.0017393930025299
miniFE.c 25 Ap -0.0196834874589178
miniFE.c 25 Ap -0.0156968885353247
miniFE.c 25 Ap 0.3838864089422043
miniFE.c 25 Ap 0.3937823989402831
miniFE.c 25 Ap 0.3823382476505693
miniFE.c 25 Ap 0.3458264913454094
miniFE.c 25 Ap 0.3777010356066618
miniFE.c 25 Ap 0.3575705153491209
miniFE.c 25 Ap 0.3380979423846440
miniFE.c 25 Ap -0.0096955866060394
miniFE.c 25 Ap 0.0768650094419769
miniFE.c 25 Ap 0.1233980495865218
miniFE.c 25 Ap 0.1049529491804723
miniFE.c 25 Ap 0.0488570161327221
miniFE.c 25 Ap 0.1022737730746980
miniFE.c 25 Ap 0.0811638217535722
miniFE.c 25 Ap 0.0465776197878761
miniFE.c 25 Ap -0.0142704557483419
miniFE.c 25 Ap 0.0155844474812145
miniFE.c 25 Ap 0.0221938267155920
miniFE.c 25 Ap -0.1033075408393404
miniFE.c 25 Ap -0.1155568538698978
miniFE.c 25 Ap -0.0789480729390391
miniFE.c 25 Ap -0.0812445917749872
miniFE.c 25 Ap -0.0944645885764001
miniFE.c 25 Ap -0.0146313867524264
miniFE.c 25 Ap 0.0511288808521163
miniFE.c 25 Ap 0.0626793927880033
miniFE.c 25 Ap 0.0556405390279922
miniFE.c 25 Ap -0.1666344922274112
miniFE.c 25 Ap -0.1518098461578329
miniFE.c 25 Ap -0.1766301655814857
miniFE.c 25 Ap -0.1872692120365133
miniFE.c 25 Ap -0.0167048673295921
miniFE.c 25 Ap 0.0413487485530147
miniFE.c 25 Ap 0.0524712332755387
miniFE.c 25 Ap 0.0311981754982489
miniFE.c 25 Ap 0.0162068933885507
miniFE.c 25 Ap 0.2356876289342318
miniFE.c 25 Ap 0.2222426154272383
miniFE.c 25 Ap 0.2126486257832013
miniFE.c 25 Ap -0.0051985550458929
miniFE.c 25 Ap 0.0633512406390356
miniFE.c 25 Ap 0.0715694538994606
miniFE.c 25 Ap 0.0690743965127340
miniFE.c 25 Ap 0.0221468677862412
miniFE.c 25 Ap 0.0472846591538570
miniFE.c 25 Ap -0.0686832427794478
miniFE.c 25 Ap -0.0761726359762677
miniFE.c 25 Ap -0.0066668644437525
miniFE.c 25 Ap 0.0351574238211266
miniFE.c 25 Ap 0.0436501496108948
miniFE.c 25 Ap 0.0345908227176817
miniFE.c 25 Ap 0.0219032928737478
miniFE.c 25 Ap 0.0332173710086154
miniFE.c 25 Ap 0.0284934711165831
miniFE.c 25 Ap -0.1531640009637942
miniFE.c 57 sum 0.0000204784414056
miniFE.c 57 sum 0.0020539706885005
miniFE.c 57 sum 0.0020859976910273
miniFE.c 57 sum 0.0022672687166909
miniFE.c 57 sum 0.0028926365351275
miniFE.c 57 sum 0.0035948631453992
miniFE.c 57 sum 0.0037294020267407
miniFE.c 57 sum 0.0041582975136628
miniFE.c 90 p_ap_dot 0.0041582975136628
miniFE.c 91 alpha 0.0178543724025420
miniFE.c 40 y 0.9946602563067809
miniFE.c 40 y 1.9993371781478460
miniFE.c 40 y 0.9970172547923442
miniFE.c 40 y 2.0328132677254951
miniFE.c 40 y 1.0003095443305494
miniFE.c 40 y 1.9965911181159584
miniFE.c 40 y 1.0007920824061436
miniFE.c 40 y 1.9989120969702288
miniFE.c 40 y -0.0006134742480250
miniFE.c 40 y -0.0000969570968205
miniFE.c 40 y -0.0003725939240067
miniFE.c 40 y -0.0000773090356686
miniFE.c 40 y -0.0001580474025624
miniFE.c 40 y -0.0005659107086148
miniFE.c 40 y -0.0003072183762823
miniFE.c 40 y -0.0003039527618055
