miniFE.c 167 A 67.0947100000000063
miniFE.c 167 A 15.0875500000000002
miniFE.c 167 A 9.3192129999999995
miniFE.c 167 A 13.7164900000000003
miniFE.c 167 A 14.0634099999999993
miniFE.c 167 A 16.0564000000000000
miniFE.c 167 A 4.9967519999999999
miniFE.c 167 A 6.4080630000000003
miniFE.c 167 A 15.0875500000000002
miniFE.c 167 A 66.4365899999999954
miniFE.c 167 A 14.3919700000000006
miniFE.c 167 A 5.9638159999999996
miniFE.c 167 A 10.9336099999999998
miniFE.c 167 A 9.6522659999999991
miniFE.c 167 A 11.3974100000000007
miniFE.c 167 A 6.9539020000000002
miniFE.c 167 A 9.3192129999999995
miniFE.c 167 A 14.3919700000000006
miniFE.c 167 A 67.6740900000000067
miniFE.c 167 A 9.6121750000000006
miniFE.c 167 A 16.7981799999999986
miniFE.c 167 A 16.1756899999999995
miniFE.c 167 A 11.9519400000000005
miniFE.c 167 A 12.3511699999999998
miniFE.c 167 A 13.7164900000000003
miniFE.c 167 A 5.9638159999999996
miniFE.c 167 A 9.6121750000000006
miniFE.c 167 A 65.4017099999999942
miniFE.c 167 A 3.6681119999999998
miniFE.c 167 A 11.0858899999999991
miniFE.c 167 A 1.3002330000000000
miniFE.c 167 A 4.7210279999999996
miniFE.c 167 A 14.0634099999999993
miniFE.c 167 A 10.9336099999999998
miniFE.c 167 A 16.7981799999999986
miniFE.c 167 A 3.6681119999999998
miniFE.c 167 A 66.5612600000000043
miniFE.c 167 A 4.4892070000000004
miniFE.c 167 A 14.0526599999999995
miniFE.c 167 A 3.7993380000000001
miniFE.c 167 A 16.0564000000000000
miniFE.c 167 A 9.6522659999999991
miniFE.c 167 A 16.1756899999999995
miniFE.c 167 A 11.0858899999999991
miniFE.c 167 A 4.4892070000000004
miniFE.c 167 A 66.4632699999999943
miniFE.c 167 A 7.6122389999999998
miniFE.c 167 A 3.4261349999999999
miniFE.c 167 A 4.9967519999999999
miniFE.c 167 A 11.3974100000000007
miniFE.c 167 A 11.9519400000000005
miniFE.c 167 A 1.3002330000000000
miniFE.c 167 A 14.0526599999999995
miniFE.c 167 A 7.6122389999999998
miniFE.c 167 A 65.6581999999999937
miniFE.c 167 A 2.6745570000000001
miniFE.c 167 A 6.4080630000000003
miniFE.c 167 A 6.9539020000000002
miniFE.c 167 A 12.3511699999999998
miniFE.c 167 A 4.7210279999999996
miniFE.c 167 A 3.7993380000000001
miniFE.c 167 A 3.4261349999999999
miniFE.c 167 A 2.6745570000000001
miniFE.c 167 A 64.8721800000000002
miniFE.c 175 b 198.0110999999999990
miniFE.c 175 b 229.8237000000000023
miniFE.c 175 b 210.8053999999999917
miniFE.c 175 b 202.6418999999999926
miniFE.c 175 b 157.2561000000000035
miniFE.c 175 b 225.5886000000000138
miniFE.c 175 b 142.6283999999999992
miniFE.c 175 b 185.1795999999999935
miniFE.c 33 r 0.0000000000000000
miniFE.c 33 r 0.0000000000000000
miniFE.c 33 r 0.0000000000000000
miniFE.c 33 r 0.0000000000000000
miniFE.c 33 r 0.0000000000000000
miniFE.c 33 r 0.0000000000000000
miniFE.c 33 r 0.0000000000000000
miniFE.c 33 r 0.0000000000000000
miniFE.c 25 Ap 0.0000000000000000
miniFE.c 25 Ap 0.0000000000000000
miniFE.c 25 Ap 0.0000000000000000
miniFE.c 25 Ap 0.0000000000000000
miniFE.c 25 Ap 0.0000000000000000
miniFE.c 25 Ap 0.0000000000000000
miniFE.c 25 Ap 0.0000000000000000
miniFE.c 25 Ap 0.0000000000000000
miniFE.c 25 Ap 0.0000000000000000
miniFE.c 25 Ap 0.0000000000000000
miniFE.c 25 Ap 0.0000000000000000
miniFE.c 25 Ap 0.0000000000000000
miniFE.c 25 Ap 0.0000000000000000
miniFE.c 25 Ap 0.0000000000000000
miniFE.c 25 Ap 0.0000000000000000
miniFE.c 25 Ap 0.0000000000000000
miniFE.c 25 Ap 0.0000000000000000
miniFE.c 25 Ap 0.0000000000000000
miniFE.c 25 Ap 0.0000000000000000
miniFE.c 25 Ap 0.0000000000000000
miniFE.c 25 Ap 0.0000000000000000
miniFE.c 25 Ap 0.0000000000000000
miniFE.c 25 Ap 0.0000000000000000
miniFE.c 25 Ap 0.0000000000000000
miniFE.c 25 Ap 0.0000000000000000
miniFE.c 25 Ap 0.0000000000000000
miniFE.c 25 Ap 0.0000000000000000
miniFE.c 25 Ap 0.0000000000000000
miniFE.c 25 Ap 0.0000000000000000
miniFE.c 25 Ap 0.0000000000000000
miniFE.c 25 Ap 0.0000000000000000
miniFE.c 25 Ap 0.0000000000000000
miniFE.c 25 Ap 0.0000000000000000
miniFE.c 25 Ap 0.0000000000000000
miniFE.c 25 Ap 0.0000000000000000
miniFE.c 25 Ap 0.0000000000000000
miniFE.c 25 Ap 0.0000000000000000
miniFE.c 25 Ap 0.0000000000000000
miniFE.c 25 Ap 0.0000000000000000
miniFE.c 25 Ap 0.0000000000000000
miniFE.c 25 Ap 0.0000000000000000
miniFE.c 25 Ap 0.0000000000000000
miniFE.c 25 Ap 0.0000000000000000
miniFE.c 25 Ap 0.0000000000000000
miniFE.c 25 Ap 0.0000000000000000
miniFE.c 25 Ap 0.0000000000000000
miniFE.c 25 Ap 0.0000000000000000
miniFE.c 25 Ap 0.0000000000000000
miniFE.c 25 Ap 0.0000000000000000
miniFE.c 25 Ap 0.0000000000000000
miniFE.c 25 Ap 0.0000000000000000
miniFE.c 25 Ap 0.0000000000000000
miniFE.c 25 Ap 0.0000000000000000
miniFE.c 25 Ap 0.0000000000000000
miniFE.c 25 Ap 0.0000000000000000
miniFE.c 25 Ap 0.0000000000000000
miniFE.c 25 Ap 0.0000000000000000
miniFE.c 25 Ap 0.0000000000000000
miniFE.c 25 Ap 0.0000000000000000
miniFE.c 25 Ap 0.0000000000000000
miniFE.c 25 Ap 0.0000000000000000
miniFE.c 25 Ap 0.0000000000000000
miniFE.c 25 Ap 0.0000000000000000
miniFE.c 25 Ap 0.0000000000000000
miniFE.c 33 r 198.0110999999999990
miniFE.c 33 r 229.8237000000000023
miniFE.c 33 r 210.8053999999999917
miniFE.c 33 r 202.6418999999999926
miniFE.c 33 r 157.2561000000000035
miniFE.c 33 r 225.5886000000000138
miniFE.c 33 r 142.6283999999999992
miniFE.c 33 r 185.1795999999999935
miniFE.c 48 sum 39208.3957232100001420
miniFE.c 48 sum 92027.3288048999966122
miniFE.c 48 sum 136466.2454740600078367
miniFE.c 48 sum 177529.9851096700003836
miniFE.c 48 sum 202259.4660968800017145
miniFE.c 48 sum 253149.6825468399911188
miniFE.c 48 sum 273492.5430333999684080
miniFE.c 48 sum 307784.0272895599482581
miniFE.c 75 rtrans 307784.0272895599482581
miniFE.c 76 normr 554.7828649927464539
miniFE.c 33 r 198.0110999999999990
miniFE.c 33 r 229.8237000000000023
miniFE.c 33 r 210.8053999999999917
miniFE.c 33 r 202.6418999999999926
miniFE.c 33 r 157.2561000000000035
miniFE.c 33 r 225.5886000000000138
miniFE.c 33 r 142.6283999999999992
miniFE.c 33 r 185.1795999999999935
miniFE.c 87 normr 554.7828649927464539
miniFE.c 25 Ap 13285.4973312810016068
miniFE.c 25 Ap 16752.9738962160008668
miniFE.c 25 Ap 18717.5143203662009910
miniFE.c 25 Ap 21497.0499152972006414
miniFE.c 25 Ap 23708.6069245981998392
miniFE.c 25 Ap 27330.7477216381994367
miniFE.c 25 Ap 28043.4264645949988335
miniFE.c 25 Ap 29230.0690077097970061
miniFE.c 25 Ap 2987.5023718050001662
miniFE.c 25 Ap 18256.2053009880000900
miniFE.c 25 Ap 21290.1102936259994749
miniFE.c 25 Ap 22498.6292991164009436
miniFE.c 25 Ap 24218.0061666374022025
miniFE.c 25 Ap 26395.4473404050004319
miniFE.c 25 Ap 28021.0416928490012651
miniFE.c 25 Ap 29308.7624836482027604
miniFE.c 25 Ap 1845.3076172643000064
miniFE.c 25 Ap 5152.9234129532997031
miniFE.c 25 Ap 19418.9870250392996240
miniFE.c 25 Ap 21366.8164301717988565
miniFE.c 25 Ap 24008.4327040697971825
miniFE.c 25 Ap 27657.4839652037990163
miniFE.c 25 Ap 29362.1700442997971550
miniFE.c 25 Ap 31649.3547644317950471
miniFE.c 25 Ap 2716.0172730389999742
miniFE.c 25 Ap 4086.6435322781999275
miniFE.c 25 Ap 6112.9419280231995799
miniFE.c 25 Ap 19366.0687056721981207
miniFE.c 25 Ap 19942.9016931553996983
miniFE.c 25 Ap 22443.7520980093977414
miniFE.c 25 Ap 22629.2022504265987664
miniFE.c 25 Ap 23503.4403270553993934
miniFE.c 25 Ap 2784.7112838509997346
miniFE.c 25 Ap 5297.5139884079999320
miniFE.c 25 Ap 8838.6610425799990480
miniFE.c 25 Ap 9581.9742276727993158
miniFE.c 25 Ap 20049.1383863587980159
miniFE.c 25 Ap 21061.8523085989982064
miniFE.c 25 Ap 23066.1607201429978886
miniFE.c 25 Ap 23769.7206112477979332
miniFE.c 25 Ap 3179.3454260399998930
miniFE.c 25 Ap 5397.6649115441996400
miniFE.c 25 Ap 8807.5877122702004272
miniFE.c 25 Ap 11054.0535250612010714
miniFE.c 25 Ap 11760.0087099739012046
miniFE.c 25 Ap 26753.3647406958989450
miniFE.c 25 Ap 27839.0862096834971453
miniFE.c 25 Ap 28473.5365185294976982
miniFE.c 25 Ap 989.4123599472000024
miniFE.c 25 Ap 3608.8072965641999872
miniFE.c 25 Ap 6128.3407890401995246
miniFE.c 25 Ap 6391.8224746028990921
miniFE.c 25 Ap 8601.6889808288997301
miniFE.c 25 Ap 10318.9233197042995016
miniFE.c 25 Ap 19683.6473325842962367
miniFE.c 25 Ap 20178.9207280214977800
miniFE.c 25 Ap 1268.8676034993000030
miniFE.c 25 Ap 2867.0390905766998912
miniFE.c 25 Ap 5470.7324228946999938
miniFE.c 25 Ap 6427.4105067679001877
miniFE.c 25 Ap 7024.8795832297000743
miniFE.c 25 Ap 7797.7765812907000509
miniFE.c 25 Ap 8179.2443669095000587
miniFE.c 25 Ap 20192.2487104374995397
miniFE.c 57 sum 5787878.1172925252467394
miniFE.c 57 sum 12523726.3537057451903820
miniFE.c 57 sum 19195581.2445636950433254
miniFE.c 57 sum 23958363.0489748232066631
miniFE.c 57 sum 27696296.6103892698884010
miniFE.c 57 sum 34119601.8506532162427902
miniFE.c 57 sum 36997689.0278177559375763
miniFE.c 57 sum 40736881.5671170875430107
miniFE.c 90 p_ap_dot 40736881.5671170875430107
miniFE.c 91 alpha 0.0075554145395853
miniFE.c 40 y 1.4960559439392744
miniFE.c 40 y 1.7364133245212852
miniFE.c 40 y 1.5927221841830903
miniFE.c 40 y 1.5310435575891859
miniFE.c 40 y 1.1881350243784765
miniFE.c 40 y 1.7044153884046875
miniFE.c 40 y 1.0776166871177848
miniFE.c 40 y 1.3991086422745860
miniFE.c 40 y -22.8341883739316245
miniFE.c 40 y 8.3838497937928480
miniFE.c 40 y -28.3185951556805833
miniFE.c 40 y 25.0636652226906733
miniFE.c 40 y -22.3339927081014764
miniFE.c 40 y 10.4592281944898673
miniFE.c 40 y -9.8317110616323760
miniFE.c 40 y 32.6187905062384118
miniFE.c 82 oldrtrans 307784.0272895599482581
miniFE.c 48 sum 521.4001586961941257
miniFE.c 48 sum 591.6890960610744514
miniFE.c 48 sum 1393.6319276524102406
miniFE.c 48 sum 2021.8192420475243125
miniFE.c 48 sum 2520.6264723330541528
miniFE.c 48 sum 2630.0219267574657351
miniFE.c 48 sum 2726.6844691568903727
miniFE.c 48 sum 3790.6699632467598349
miniFE.c 83 rtrans 3790.6699632467598349
miniFE.c 84 beta 0.0123160061184089
miniFE.c 40 y -20.3954824548187439
miniFE.c 40 y 11.2143598891482252
miniFE.c 40 y -25.7223145594869429
miniFE.c 40 y 27.5594041029366821
miniFE.c 40 y -20.3972256183443506
miniFE.c 40 y 13.2375787723331708
miniFE.c 40 y -8.0750988145735008
miniFE.c 40 y 34.8994635928429275
miniFE.c 87 normr 61.5684169298412272
miniFE.c 25 Ap -1368.4289806161518754
miniFE.c 25 Ap -1199.2317650706336281
miniFE.c 25 Ap -1438.9434933034935966
miniFE.c 25 Ap -1060.9252025196035447
miniFE.c 25 Ap -1347.7797492528836756
miniFE.c 25 Ap -1135.2318894527934390
miniFE.c 25 Ap -1175.5811556047112845
miniFE.c 25 Ap -951.9431942355674892
miniFE.c 25 Ap -307.7178613112005223
miniFE.c 25 Ap 437.3259687565855529
miniFE.c 25 Ap 67.1311892858862507
miniFE.c 25 Ap 231.4904044254456608
miniFE.c 25 Ap 8.4750944324596844
miniFE.c 25 Ap 136.2477259389728772
miniFE.c 25 Ap 44.2125139587647027
miniFE.c 25 Ap 286.8999636359623082
miniFE.c 25 Ap -190.0698452342187466
miniFE.c 25 Ap -28.6731141403941479
miniFE.c 25 Ap -1769.4073446474239972
miniFE.c 25 Ap -1504.5015295142784453
miniFE.c 25 Ap -1847.1377969518380269
miniFE.c 25 Ap -1633.0108263799961605
miniFE.c 25 Ap -1729.5239229058497585
miniFE.c 25 Ap -1298.4747151618360022
miniFE.c 25 Ap -279.7544311366967804
miniFE.c 25 Ap -212.8740522000363740
miniFE.c 25 Ap -460.1214411508727835
miniFE.c 25 Ap 1342.3107137622018854
miniFE.c 25 Ap 1267.4914057048456471
miniFE.c 25 Ap 1414.2417478412662604
miniFE.c 25 Ap 1403.7422378842968556
miniFE.c 25 Ap 1568.5035826910889227
miniFE.c 25 Ap -286.8300319099224680
miniFE.c 25 Ap -164.2165944823325390
miniFE.c 25 Ap -596.3046644692149130
miniFE.c 25 Ap -495.2136835663836223
miniFE.c 25 Ap -1852.8787212276629361
miniFE.c 25 Ap -1793.4524899398534217
miniFE.c 25 Ap -1906.9291080474579303
miniFE.c 25 Ap -1774.3342498395531948
miniFE.c 25 Ap -327.4780244875516928
miniFE.c 25 Ap -219.2340398177625218
miniFE.c 25 Ap -635.3102262145098393
miniFE.c 25 Ap -329.7897038638051299
miniFE.c 25 Ap -421.3570718902559520
miniFE.c 25 Ap 458.4557002015919807
miniFE.c 25 Ap 396.9861180764418123
miniFE.c 25 Ap 516.5563917731067249
miniFE.c 25 Ap -101.9111677470804693
miniFE.c 25 Ap 25.9034897970964124
miniFE.c 25 Ap -281.5280704790179698
miniFE.c 25 Ap -245.6944238040443054
miniFE.c 25 Ap -532.3297003619271663
miniFE.c 25 Ap -431.5620869656004857
miniFE.c 25 Ap -961.7585399526303718
miniFE.c 25 Ap -868.4179353041471359
miniFE.c 25 Ap -130.6955364858731627
miniFE.c 25 Ap -52.7119768240055322
miniFE.c 25 Ap -370.4126567417038700
miniFE.c 25 Ap -240.3039383084249323
miniFE.c 25 Ap -317.7998926947741438
miniFE.c 25 Ap -272.4461607476264362
miniFE.c 25 Ap -294.0434728078357125
miniFE.c 25 Ap 1969.9608112905175403
miniFE.c 57 sum 19415.3407160156275495
miniFE.c 57 sum 22632.7401604128463077
miniFE.c 57 sum 56032.5152313458020217
miniFE.c 57 sum 99259.5393036334862700
miniFE.c 57 sum 135451.0353199666133150
miniFE.c 57 sum 142288.9912464153021574
miniFE.c 57 sum 149301.5518863441830035
miniFE.c 57 sum 218052.1274993049155455
miniFE.c 90 p_ap_dot 218052.1274993049155455
miniFE.c 91 alpha 0.0173842374606450
miniFE.c 40 y 1.1414960338202862
miniFE.c 40 y 1.9313664198033706
miniFE.c 40 y 1.1455593598435627
miniFE.c 40 y 2.0101427827885114
miniFE.c 40 y 0.8335448106908265
miniFE.c 40 y 1.9345406011869211
miniFE.c 40 y 0.9372372518070660
miniFE.c 40 y 2.0058092046217029
miniFE.c 40 y -6.2853818362955991
miniFE.c 40 y 3.3963126984948593
miniFE.c 40 y -5.7456023706638284
miniFE.c 40 y -2.2035735166836723
miniFE.c 40 y 8.5114552256647578
miniFE.c 40 y 1.4792892180922035
miniFE.c 40 y 5.2650725407779788
miniFE.c 40 y -1.6274760254008527
miniFE.c 82 oldrtrans 3790.6699632467598349
miniFE.c 48 sum 39.5060248280346400
miniFE.c 48 sum 51.0409647739920729
miniFE.c 48 sum 84.0529113757698809
miniFE.c 48 sum 88.9086476191995274
miniFE.c 48 sum 161.3535176776954359
miniFE.c 48 sum 163.5418142684592908
miniFE.c 48 sum 191.2628031281135748
miniFE.c 48 sum 193.9114813413681304
miniFE.c 83 rtrans 193.9114813413681304
miniFE.c 84 beta 0.0511549365208467
miniFE.c 40 y -7.3287114465838936
miniFE.c 40 y 3.9387325667461655
miniFE.c 40 y -7.0614257391236324
miniFE.c 40 y -0.7937739492455855
miniFE.c 40 y 7.4680364439569651
miniFE.c 40 y 2.1564567198806142
miniFE.c 40 y 4.8519913735189073
miniFE.c 40 y 0.1578038193026263
miniFE.c 87 normr 13.9252102799694963
miniFE.c 25 Ap -491.7177691822269026
miniFE.c 25 Ap -432.2919446448157714
miniFE.c 25 Ap -498.0988751913913575
miniFE.c 25 Ap -508.9866676284789264
miniFE.c 25 Ap -403.9606092221700919
miniFE.c 25 Ap -369.3356775450790224
miniFE.c 25 Ap -345.0914799454656645
miniFE.c 25 Ap -344.0802631297337939
miniFE.c 25 Ap -110.5723003859068285
miniFE.c 25 Ap 151.1036602706557801
miniFE.c 25 Ap 49.4758328759606343
miniFE.c 25 Ap 44.7419110970666267
miniFE.c 25 Ap 126.3945090410789476
miniFE.c 25 Ap 147.2092029188541176
miniFE.c 25 Ap 202.5093379193122587
miniFE.c 25 Ap 203.6066902139684203
miniFE.c 25 Ap -68.2978229862534221
miniFE.c 25 Ap -11.6117020476196089
miniFE.c 25 Ap -489.4872630453888291
miniFE.c 25 Ap -497.1171571559785320
miniFE.c 25 Ap -371.6677367238295346
miniFE.c 25 Ap -336.7855613246238704
miniFE.c 25 Ap -278.7948515478083209
miniFE.c 25 Ap -276.8457897489523134
miniFE.c 25 Ap -100.5241972699535182
miniFE.c 25 Ap -77.0343209686716648
miniFE.c 25 Ap -144.9099809226323714
miniFE.c 25 Ap -196.8241545567468620
miniFE.c 25 Ap -169.4305604602309927
miniFE.c 25 Ap -145.5243184738736772
miniFE.c 25 Ap -139.2155991743090624
miniFE.c 25 Ap -138.4706029248744130
miniFE.c 25 Ap -103.0666738450023843
miniFE.c 25 Ap -60.0021080659008419
miniFE.c 25 Ap -178.6212086883326435
miniFE.c 25 Ap -181.5328604368477556
miniFE.c 25 Ap 315.5490549988472821
miniFE.c 25 Ap 325.2298356009323470
miniFE.c 25 Ap 393.4132206959265545
miniFE.c 25 Ap 394.0127707431481667
miniFE.c 25 Ap -117.6727224709296280
miniFE.c 25 Ap -79.6550280338328776
miniFE.c 25 Ap -193.8784617479176404
miniFE.c 25 Ap -202.6781524341197951
miniFE.c 25 Ap -169.1525909536530889
miniFE.c 25 Ap -25.8274257369134830
miniFE.c 25 Ap 11.1070922242507066
miniFE.c 25 Ap 11.6477494126971095
miniFE.c 25 Ap -36.6197535781409655
miniFE.c 25 Ap 8.2715963654174516
miniFE.c 25 Ap -76.1261403830438610
miniFE.c 25 Ap -77.1582314663933033
miniFE.c 25 Ap 27.7875455481429725
miniFE.c 25 Ap 44.2030094930302582
miniFE.c 25 Ap 362.7760294938093466
miniFE.c 25 Ap 363.1980848033519464
miniFE.c 25 Ap -46.9628446585307273
miniFE.c 25 Ap -19.5732843851694334
miniFE.c 25 Ap -106.7901541314610654
miniFE.c 25 Ap -110.5375831715200547
miniFE.c 25 Ap -82.1639885246094934
miniFE.c 25 Ap -74.7756766806413253
miniFE.c 25 Ap -61.7987491886567142
miniFE.c 25 Ap -51.5616714181692686
miniFE.c 57 sum 2521.6649629424782688
miniFE.c 57 sum 3323.6172644956332078
miniFE.c 57 sum 5278.5432499968947013
miniFE.c 57 sum 5388.4576073349899161
miniFE.c 57 sum 8330.9593386292799551
miniFE.c 57 sum 8356.0772061217758164
miniFE.c 57 sum 10118.3111804662275972
miniFE.c 57 sum 10110.1745517868130264
miniFE.c 90 p_ap_dot 10110.1745517868130264
miniFE.c 91 alpha 0.0191798351599278
miniFE.c 40 y 1.0009325563401310
miniFE.c 40 y 2.0069106611726015
miniFE.c 40 y 1.0101223781730999
miniFE.c 40 y 1.9949183292877362
miniFE.c 40 y 0.9767805186542546
miniFE.c 40 y 1.9759010856037498
miniFE.c 40 y 1.0302976465485503
miniFE.c 40 y 2.0088358558635342
miniFE.c 40 y 0.3140208923172825
miniFE.c 40 y -0.5088300572675424
miniFE.c 40 y -0.4357457585588902
miniFE.c 40 y 0.4522698219112371
miniFE.c 40 y 0.9543552319047475
miniFE.c 40 y 1.2558873043725269
miniFE.c 40 y -1.7010068561517944
miniFE.c 40 y -0.6385316670300047
miniFE.c 82 oldrtrans 193.9114813413681304
miniFE.c 48 sum 0.0986091208117423
miniFE.c 48 sum 0.3575171479906328
miniFE.c 48 sum 0.5473915140926954
miniFE.c 48 sum 0.7519395059043175
miniFE.c 48 sum 1.6627334145682817
miniFE.c 48 sum 3.2399863358523739
miniFE.c 48 sum 6.1334106605277849
miniFE.c 48 sum 6.5411333503279021
miniFE.c 83 rtrans 6.5411333503279021
miniFE.c 84 beta 0.0337325737758285
miniFE.c 40 y 0.0668045927636321
miniFE.c 40 y -0.3759664703765188
miniFE.c 40 y -0.6739458232664127
miniFE.c 40 y 0.4254937836069796
miniFE.c 40 y 1.2062713222111021
miniFE.c 40 y 1.3286301397702811
miniFE.c 40 y -1.5373366991848840
miniFE.c 40 y -0.6332085380532714
miniFE.c 87 normr 2.5575639484337245
miniFE.c 25 Ap 4.4822347781439964
miniFE.c 25 Ap -1.1901781419852497
miniFE.c 25 Ap -7.4708228194653055
miniFE.c 25 Ap -1.6345415915580057
miniFE.c 25 Ap 15.3297465839388316
miniFE.c 25 Ap 36.6627635601463737
miniFE.c 25 Ap 28.9810733338209054
miniFE.c 25 Ap 24.9234331298376439
miniFE.c 25 Ap 1.0079176335509379
miniFE.c 25 Ap -23.9700126126009856
miniFE.c 25 Ap -33.6694206826765026
miniFE.c 25 Ap -31.1318540481006600
miniFE.c 25 Ap -17.9429538568601323
miniFE.c 25 Ap -5.1186623321802021
miniFE.c 25 Ap -22.6403190008369890
miniFE.c 25 Ap -27.0435891200227090
miniFE.c 25 Ap 0.6225662293425464
miniFE.c 25 Ap -4.7883319333222012
miniFE.c 25 Ap -50.3970022321775133
miniFE.c 25 Ap -46.3070815227350963
miniFE.c 25 Ap -26.0439187233950058
miniFE.c 25 Ap -4.5524094578142673
miniFE.c 25 Ap -22.9265654462700503
miniFE.c 25 Ap -30.7474317452174759
miniFE.c 25 Ap 0.9163245285964324
miniFE.c 25 Ap -1.3258703228985764
miniFE.c 25 Ap -7.8039555166544075
miniFE.c 25 Ap 20.0240655256120235
miniFE.c 25 Ap 24.4488038378704324
miniFE.c 25 Ap 39.1778514180483910
miniFE.c 25 Ap 37.1789555096571291
miniFE.c 25 Ap 34.1895602716685687
miniFE.c 25 Ap 0.9395003779179917
miniFE.c 25 Ap -3.1711703822554176
miniFE.c 25 Ap -14.4922336317328053
miniFE.c 25 Ap -12.9314747781586412
miniFE.c 25 Ap 67.3594643300782963
miniFE.c 25 Ap 73.3239600539460241
miniFE.c 25 Ap 51.7202901147785710
miniFE.c 25 Ap 49.3145168542283301
miniFE.c 25 Ap 1.0726412632499829
miniFE.c 25 Ap -2.5562871159052962
miniFE.c 25 Ap -13.4578258298575761
miniFE.c 25 Ap -8.7408485491067971
miniFE.c 25 Ap -3.3256468855374619
miniFE.c 25 Ap 84.9794568241524502
miniFE.c 25 Ap 73.2768824464860131
miniFE.c 25 Ap 71.1074245119628614
miniFE.c 25 Ap 0.3338059825008644
miniFE.c 25 Ap -3.9512380266331748
miniFE.c 25 Ap -12.0061980695639434
miniFE.c 25 Ap -11.4529570108232903
miniFE.c 25 Ap 5.4983637479597753
miniFE.c 25 Ap 15.6122139144945606
miniFE.c 25 Ap -85.3265465479263838
miniFE.c 25 Ap -87.0200988758365241
miniFE.c 25 Ap 0.4280880391186988
miniFE.c 25 Ap -2.1863459511655163
miniFE.c 25 Ap -10.5103653851189343
miniFE.c 25 Ap -8.5015973188844427
miniFE.c 25 Ap -3.9185648460975582
miniFE.c 25 Ap 0.6335013778242935
miniFE.c 25 Ap -3.4781932523375323
miniFE.c 25 Ap -44.5558115104662065
miniFE.c 57 sum 1.6649998005104210
miniFE.c 57 sum 11.8324825482781844
miniFE.c 57 sum 32.5545857491366064
miniFE.c 57 sum 47.1020311089877382
miniFE.c 57 sum 106.5887185589394335
miniFE.c 57 sum 201.0641859269733800
miniFE.c 57 sum 334.8433774954941100
miniFE.c 57 sum 363.0564977638135247
miniFE.c 90 p_ap_dot 363.0564977638135247
miniFE.c 91 alpha 0.0180168469387463
miniFE.c 40 y 1.0021361644627587
miniFE.c 40 y 2.0001369308217272
miniFE.c 40 y 0.9979799994303016
miniFE.c 40 y 2.0025843856603713
miniFE.c 40 y 0.9985137244331311
miniFE.c 40 y 1.9998388114701959
miniFE.c 40 y 1.0025996865460187
miniFE.c 40 y 1.9974274345531211
miniFE.c 40 y -0.1350207875710800
miniFE.c 40 y -0.0215898514177496
miniFE.c 40 y 0.1182260129542408
miniFE.c 40 y -0.1637182524064555
miniFE.c 40 y 0.0658631298838929
miniFE.c 40 y -0.0252442792679619
miniFE.c 40 y -0.1331790541112821
miniFE.c 40 y 0.1642235691856937
miniFE.c 82 oldrtrans 6.5411333503279021
miniFE.c 48 sum 0.0182306130763147
miniFE.c 48 sum 0.0186967347605552
miniFE.c 48 sum 0.0326741248996115
miniFE.c 48 sum 0.0594777910706354
miniFE.c 48 sum 0.0638157429487380
miniFE.c 48 sum 0.0644530165844968
miniFE.c 48 sum 0.0821896770384726
miniFE.c 48 sum 0.1091590577145609
miniFE.c 83 rtrans 0.1091590577145609
miniFE.c 84 beta 0.0166880954520043
miniFE.c 40 y -0.1339059461504082
miniFE.c 40 y -0.0278640157621461
miniFE.c 40 y 0.1069791407260913
miniFE.c 40 y -0.1566175715313878
miniFE.c 40 y 0.0859935008499672
miniFE.c 40 y -0.0030719726750656
miniFE.c 40 y -0.1588342756891487
miniFE.c 40 y 0.1536565246616366
miniFE.c 87 normr 0.3303922785335047
miniFE.c 25 Ap -8.9843806242372555
miniFE.c 25 Ap -9.4047803552494216
miniFE.c 25 Ap -8.4078189562660022
miniFE.c 25 Ap -10.5560623100005664
miniFE.c 25 Ap -9.3467004502121291
miniFE.c 25 Ap -9.3960252722720519
miniFE.c 25 Ap -10.1896807569903576
miniFE.c 25 Ap -9.2050400665975367
miniFE.c 25 Ap -2.0203126578415915
miniFE.c 25 Ap -3.8715028487848264
miniFE.c 25 Ap -2.3318622648291423
miniFE.c 25 Ap -3.2659006438091769
miniFE.c 25 Ap -2.3256812429809668
miniFE.c 25 Ap -2.3553327403854314
miniFE.c 25 Ap -4.1656321024676917
miniFE.c 25 Ap -3.0971196883100873
miniFE.c 25 Ap -1.2478980341421841
miniFE.c 25 Ap -1.6489161130705172
miniFE.c 25 Ap 5.5907998845496518
miniFE.c 25 Ap 4.0853643789149343
miniFE.c 25 Ap 5.5298986850228360
miniFE.c 25 Ap 5.4802074073425038
miniFE.c 25 Ap 3.5818296743623401
miniFE.c 25 Ap 5.4796675320674062
miniFE.c 25 Ap -1.8367195713126128
miniFE.c 25 Ap -2.0028954343391514
miniFE.c 25 Ap -0.9745932123303347
miniFE.c 25 Ap -11.2176502065304131
miniFE.c 25 Ap -10.9022164141406375
miniFE.c 25 Ap -10.9362719652994205
miniFE.c 25 Ap -11.1427935320815497
miniFE.c 25 Ap -10.4173767767712722
miniFE.c 25 Ap -1.8831742221511123
miniFE.c 25 Ap -2.1878285035282699
miniFE.c 25 Ap -0.3907736413660576
miniFE.c 25 Ap -0.9652644349111995
miniFE.c 25 Ap 4.7585713334736885
miniFE.c 25 Ap 4.7447806122369753
miniFE.c 25 Ap 2.5127365396311032
miniFE.c 25 Ap 3.0965296127259965
miniFE.c 25 Ap -2.1500474337694144
miniFE.c 25 Ap -2.4189983257338410
miniFE.c 25 Ap -0.6885369088822133
miniFE.c 25 Ap -2.4247820789463095
miniFE.c 25 Ap -2.0387394529761309
miniFE.c 25 Ap -2.2429128023116380
miniFE.c 25 Ap -3.4519972702493273
miniFE.c 25 Ap -2.9255492731277313
miniFE.c 25 Ap -0.6690948042389445
miniFE.c 25 Ap -0.9866724161265856
miniFE.c 25 Ap 0.2919358550832141
miniFE.c 25 Ap 0.0882965201982432
miniFE.c 25 Ap 1.2967339498525432
miniFE.c 25 Ap 1.2733493596484746
miniFE.c 25 Ap -9.1554232804047864
miniFE.c 25 Ap -8.7444601467753333
miniFE.c 25 Ap -0.8580777390064234
miniFE.c 25 Ap -1.0518413739428423
miniFE.c 25 Ap 0.2694761796190348
miniFE.c 25 Ap -0.4699197608726497
miniFE.c 25 Ap -0.1432013853403371
miniFE.c 25 Ap -0.1537263784414229
miniFE.c 25 Ap -0.5785377023257654
miniFE.c 25 Ap 9.3894960236983636
miniFE.c 57 sum 1.2326095994701598
miniFE.c 57 sum 1.3189077912824849
miniFE.c 57 sum 1.9051179153277173
miniFE.c 57 sum 3.5366621678331098
miniFE.c 57 sum 3.8029435897170112
miniFE.c 57 sum 3.8119307971436176
miniFE.c 57 sum 5.2008507908493042
miniFE.c 57 sum 6.6436081181750506
miniFE.c 90 p_ap_dot 6.6436081181750506
miniFE.c 91 alpha 0.0164306888324632
miniFE.c 40 y 0.9999359975287447
miniFE.c 40 y 1.9996791058491166
miniFE.c 40 y 0.9997377404031362
miniFE.c 40 y 2.0000110510768430
miniFE.c 40 y 0.9999266568872112
miniFE.c 40 y 1.9997883368430700
miniFE.c 40 y 0.9999899299862406
miniFE.c 40 y 1.9999521170969141
miniFE.c 40 y 0.0162243614535408
miniFE.c 40 y 0.0292979584577690
miniFE.c 40 y 0.0281913008294895
miniFE.c 40 y 0.0074464238632021
miniFE.c 40 y 0.0149850153566841
miniFE.c 40 y 0.0228245105028389
miniFE.c 40 y 0.0104984495682593
miniFE.c 40 y 0.0099476817266550
miniFE.c 82 oldrtrans 0.1091590577145609
miniFE.c 48 sum 0.0002632299045751
miniFE.c 48 sum 0.0011216002743683
miniFE.c 48 sum 0.0019163497168271
miniFE.c 48 sum 0.0019717989451775
miniFE.c 48 sum 0.0021963496304176
miniFE.c 48 sum 0.0027173079101118
miniFE.c 48 sum 0.0028275253534491
miniFE.c 48 sum 0.0029264817251839
miniFE.c 83 rtrans 0.0029264817251839
miniFE.c 84 beta 0.0268093348042298
miniFE.c 40 y 0.0126344321109174
miniFE.c 40 y 0.0285509427302113
miniFE.c 40 y 0.0310593404302841
miniFE.c 40 y 0.0032476109517917
miniFE.c 40 y 0.0172904439119587
miniFE.c 40 y 0.0227421529588836
miniFE.c 40 y 0.0062402082929215
miniFE.c 40 y 0.0140671109411632
miniFE.c 87 normr 0.0540969659517418
miniFE.c 25 Ap 0.8477035584966889
miniFE.c 25 Ap 1.2784673344858888
miniFE.c 25 Ap 1.5679159435952181
miniFE.c 25 Ap 1.6124617667393597
miniFE.c 25 Ap 1.8556243685552389
miniFE.c 25 Ap 2.2207814733242572
miniFE.c 25 Ap 2.2519622465923295
miniFE.c 25 Ap 2.3421051797312926
miniFE.c 25 Ap 0.1906226261950714
miniFE.c 25 Ap 2.0874499024756012
miniFE.c 25 Ap 2.5344549981680373
miniFE.c 25 Ap 2.5538231523241079
miniFE.c 25 Ap 2.7428701227843391
miniFE.c 25 Ap 2.9623834325561704
miniFE.c 25 Ap 3.0335056449559974
miniFE.c 25 Ap 3.1313269558639742
miniFE.c 25 Ap 0.1177429639756786
miniFE.c 25 Ap 0.5286472752205980
miniFE.c 25 Ap 2.6305598748402836
miniFE.c 25 Ap 2.6617764796408223
miniFE.c 25 Ap 2.9522244687538088
miniFE.c 25 Ap 3.3200944849492924
miniFE.c 25 Ap 3.3946770800537931
miniFE.c 25 Ap 3.5684223586969601
miniFE.c 25 Ap 0.1733000617050770
miniFE.c 25 Ap 0.3435726307745949
miniFE.c 25 Ap 0.6421204463750612
miniFE.c 25 Ap 0.8545197560369665
miniFE.c 25 Ap 0.9179430408357492
miniFE.c 25 Ap 1.1700600469011069
miniFE.c 25 Ap 1.1781737716504370
miniFE.c 25 Ap 1.2445849962827749
miniFE.c 25 Ap 0.1776831988929964
miniFE.c 25 Ap 0.4898480718374622
miniFE.c 25 Ap 1.0115884630666521
miniFE.c 25 Ap 1.0235010637702506
miniFE.c 25 Ap 2.1743747965095519
miniFE.c 25 Ap 2.2764690287676426
miniFE.c 25 Ap 2.3641605542372495
miniFE.c 25 Ap 2.4176062633862268
miniFE.c 25 Ap 0.2028634957457337
miniFE.c 25 Ap 0.4784447895284996
miniFE.c 25 Ap 0.9808510519332418
miniFE.c 25 Ap 1.0168537097076000
miniFE.c 25 Ap 1.0944740915502724
miniFE.c 25 Ap 2.6059919440378501
miniFE.c 25 Ap 2.6534939009733507
miniFE.c 25 Ap 2.7016897221177527
miniFE.c 25 Ap 0.0631311239190906
miniFE.c 25 Ap 0.3885379241018284
miniFE.c 25 Ap 0.7597572973641582
miniFE.c 25 Ap 0.7639799482948392
miniFE.c 25 Ap 1.0069566778386649
miniFE.c 25 Ap 1.1800753815362439
miniFE.c 25 Ap 1.5897962256745446
miniFE.c 25 Ap 1.6274195157120093
miniFE.c 25 Ap 0.0809622369359815
miniFE.c 25 Ap 0.2795026946894835
miniFE.c 25 Ap 0.6631218884317956
miniFE.c 25 Ap 0.6784539506683109
miniFE.c 25 Ap 0.7441461912598843
miniFE.c 25 Ap 0.8220638774876690
miniFE.c 25 Ap 0.8387536702589603
miniFE.c 25 Ap 1.7513178233140696
miniFE.c 57 sum 0.0295911688899429
miniFE.c 57 sum 0.1189935054763822
miniFE.c 57 sum 0.2298263503141885
miniFE.c 57 sum 0.2338682781785520
miniFE.c 57 sum 0.2756697636768317
miniFE.c 57 sum 0.3371120045846773
miniFE.c 57 sum 0.3472674413426858
miniFE.c 57 sum 0.3719034234564813
miniFE.c 90 p_ap_dot 0.3719034234564813
miniFE.c 91 alpha 0.0078689292450849
miniFE.c 40 y 1.0000354169810775
miniFE.c 40 y 1.9999037711973411
miniFE.c 40 y 0.9999821441553811
miniFE.c 40 y 2.0000366062976380
miniFE.c 40 y 1.0000627141669705
miniFE.c 40 y 1.9999672932355843
miniFE.c 40 y 1.0000390337437721
miniFE.c 40 y 2.0000628101975928
miniFE.c 40 y -0.0022054984903116
miniFE.c 40 y 0.0046577681988482
miniFE.c 40 y 0.0001116377723240
miniFE.c 40 y -0.0023471274120414
miniFE.c 40 y -0.0040389572723763
miniFE.c 40 y 0.0015651052373211
miniFE.c 40 y -0.0023075994529489
miniFE.c 40 y -0.0038333143106596
