miniFE.c 167 A 67.0947100000000063
miniFE.c 167 A 15.0875500000000002
miniFE.c 167 A 9.3192129999999995
miniFE.c 167 A 13.7164900000000003
miniFE.c 167 A 14.0634099999999993
miniFE.c 167 A 16.0564000000000000
miniFE.c 167 A 4.9967519999999999
miniFE.c 167 A 6.4080630000000003
miniFE.c 167 A 15.0875500000000002
miniFE.c 167 A 66.4365899999999954
miniFE.c 167 A 14.3919700000000006
miniFE.c 167 A 5.9638159999999996
miniFE.c 167 A 10.9336099999999998
miniFE.c 167 A 9.6522659999999991
miniFE.c 167 A 11.3974100000000007
miniFE.c 167 A 6.9539020000000002
miniFE.c 167 A 9.3192129999999995
miniFE.c 167 A 14.3919700000000006
miniFE.c 167 A 67.6740900000000067
miniFE.c 167 A 9.6121750000000006
miniFE.c 167 A 16.7981799999999986
miniFE.c 167 A 16.1756899999999995
miniFE.c 167 A 11.9519400000000005
miniFE.c 167 A 12.3511699999999998
miniFE.c 167 A 13.7164900000000003
miniFE.c 167 A 5.9638159999999996
miniFE.c 167 A 9.6121750000000006
miniFE.c 167 A 65.4017099999999942
miniFE.c 167 A 3.6681119999999998
miniFE.c 167 A 11.0858899999999991
miniFE.c 167 A 1.3002330000000000
miniFE.c 167 A 4.7210279999999996
miniFE.c 167 A 14.0634099999999993
miniFE.c 167 A 10.9336099999999998
miniFE.c 167 A 16.7981799999999986
miniFE.c 167 A 3.6681119999999998
miniFE.c 167 A 66.5612600000000043
miniFE.c 167 A 4.4892070000000004
miniFE.c 167 A 224.8425599999999918
miniFE.c 167 A 3.7993380000000001
miniFE.c 167 A 16.0564000000000000
miniFE.c 167 A 9.6522659999999991
miniFE.c 167 A 16.1756899999999995
miniFE.c 167 A 11.0858899999999991
miniFE.c 167 A 4.4892070000000004
miniFE.c 167 A 66.4632699999999943
miniFE.c 167 A 7.6122389999999998
miniFE.c 167 A 3.4261349999999999
miniFE.c 167 A 4.9967519999999999
miniFE.c 167 A 11.3974100000000007
miniFE.c 167 A 11.9519400000000005
miniFE.c 167 A 1.3002330000000000
miniFE.c 167 A 14.0526599999999995
miniFE.c 167 A 7.6122389999999998
miniFE.c 167 A 65.6581999999999937
miniFE.c 167 A 2.6745570000000001
miniFE.c 167 A 6.4080630000000003
miniFE.c 167 A 6.9539020000000002
miniFE.c 167 A 12.3511699999999998
miniFE.c 167 A 4.7210279999999996
miniFE.c 167 A 3.7993380000000001
miniFE.c 167 A 3.4261349999999999
miniFE.c 167 A 2.6745570000000001
miniFE.c 167 A 64.8721800000000002
miniFE.c 175 b 198.0110999999999990
miniFE.c 175 b 229.8237000000000023
miniFE.c 175 b 210.8053999999999917
miniFE.c 175 b 202.6418999999999926
miniFE.c 175 b 157.2561000000000035
miniFE.c 175 b 225.5886000000000138
miniFE.c 175 b 142.6283999999999992
miniFE.c 175 b 185.1795999999999935
miniFE.c 33 r 0.0000000000000000
miniFE.c 33 r 0.0000000000000000
miniFE.c 33 r 0.0000000000000000
miniFE.c 33 r 0.0000000000000000
miniFE.c 33 r 0.0000000000000000
miniFE.c 33 r 0.0000000000000000
miniFE.c 33 r 0.0000000000000000
miniFE.c 33 r 0.0000000000000000
miniFE.c 25 Ap 0.0000000000000000
miniFE.c 25 Ap 0.0000000000000000
miniFE.c 25 Ap 0.0000000000000000
miniFE.c 25 Ap 0.0000000000000000
miniFE.c 25 Ap 0.0000000000000000
miniFE.c 25 Ap 0.0000000000000000
miniFE.c 25 Ap 0.0000000000000000
miniFE.c 25 Ap 0.0000000000000000
miniFE.c 25 Ap 0.0000000000000000
miniFE.c 25 Ap 0.0000000000000000
miniFE.c 25 Ap 0.0000000000000000
miniFE.c 25 Ap 0.0000000000000000
miniFE.c 25 Ap 0.0000000000000000
miniFE.c 25 Ap 0.0000000000000000
miniFE.c 25 Ap 0.0000000000000000
miniFE.c 25 Ap 0.0000000000000000
miniFE.c 25 Ap 0.0000000000000000
miniFE.c 25 Ap 0.0000000000000000
miniFE.c 25 Ap 0.0000000000000000
miniFE.c 25 Ap 0.0000000000000000
miniFE.c 25 Ap 0.0000000000000000
miniFE.c 25 Ap 0.0000000000000000
miniFE.c 25 Ap 0.0000000000000000
miniFE.c 25 Ap 0.0000000000000000
miniFE.c 25 Ap 0.0000000000000000
miniFE.c 25 Ap 0.0000000000000000
miniFE.c 25 Ap 0.0000000000000000
miniFE.c 25 Ap 0.0000000000000000
miniFE.c 25 Ap 0.0000000000000000
miniFE.c 25 Ap 0.0000000000000000
miniFE.c 25 Ap 0.0000000000000000
miniFE.c 25 Ap 0.0000000000000000
miniFE.c 25 Ap 0.0000000000000000
miniFE.c 25 Ap 0.0000000000000000
miniFE.c 25 Ap 0.0000000000000000
miniFE.c 25 Ap 0.0000000000000000
miniFE.c 25 Ap 0.0000000000000000
miniFE.c 25 Ap 0.0000000000000000
miniFE.c 25 Ap 0.0000000000000000
miniFE.c 25 Ap 0.0000000000000000
miniFE.c 25 Ap 0.0000000000000000
miniFE.c 25 Ap 0.0000000000000000
miniFE.c 25 Ap 0.0000000000000000
miniFE.c 25 Ap 0.0000000000000000
miniFE.c 25 Ap 0.0000000000000000
miniFE.c 25 Ap 0.0000000000000000
miniFE.c 25 Ap 0.0000000000000000
miniFE.c 25 Ap 0.0000000000000000
miniFE.c 25 Ap 0.0000000000000000
miniFE.c 25 Ap 0.0000000000000000
miniFE.c 25 Ap 0.0000000000000000
miniFE.c 25 Ap 0.0000000000000000
miniFE.c 25 Ap 0.0000000000000000
miniFE.c 25 Ap 0.0000000000000000
miniFE.c 25 Ap 0.0000000000000000
miniFE.c 25 Ap 0.0000000000000000
miniFE.c 25 Ap 0.0000000000000000
miniFE.c 25 Ap 0.0000000000000000
miniFE.c 25 Ap 0.0000000000000000
miniFE.c 25 Ap 0.0000000000000000
miniFE.c 25 Ap 0.0000000000000000
miniFE.c 25 Ap 0.0000000000000000
miniFE.c 25 Ap 0.0000000000000000
miniFE.c 25 Ap 0.0000000000000000
miniFE.c 33 r 198.0110999999999990
miniFE.c 33 r 229.8237000000000023
miniFE.c 33 r 210.8053999999999917
miniFE.c 33 r 202.6418999999999926
miniFE.c 33 r 157.2561000000000035
miniFE.c 33 r 225.5886000000000138
miniFE.c 33 r 142.6283999999999992
miniFE.c 33 r 185.1795999999999935
miniFE.c 48 sum 39208.3957232100001420
miniFE.c 48 sum 92027.3288048999966122
miniFE.c 48 sum 136466.2454740600078367
miniFE.c 48 sum 177529.9851096700003836
miniFE.c 48 sum 202259.4660968800017145
miniFE.c 48 sum 253149.6825468399911188
miniFE.c 48 sum 273492.5430333999684080
miniFE.c 48 sum 307784.0272895599482581
miniFE.c 75 rtrans 307784.0272895599482581
miniFE.c 76 normr 554.7828649927464539
miniFE.c 33 r 198.0110999999999990
miniFE.c 33 r 229.8237000000000023
miniFE.c 33 r 210.8053999999999917
miniFE.c 33 r 202.6418999999999926
miniFE.c 33 r 157.2561000000000035
miniFE.c 33 r 225.5886000000000138
miniFE.c 33 r 142.6283999999999992
miniFE.c 33 r 185.1795999999999935
miniFE.c 87 normr 554.7828649927464539
miniFE.c 25 Ap 13285.4973312810016068
miniFE.c 25 Ap 16752.9738962160008668
miniFE.c 25 Ap 18717.5143203662009910
miniFE.c 25 Ap 21497.0499152972006414
miniFE.c 25 Ap 23708.6069245981998392
miniFE.c 25 Ap 27330.7477216381994367
miniFE.c 25 Ap 28043.4264645949988335
miniFE.c 25 Ap 29230.0690077097970061
miniFE.c 25 Ap 2987.5023718050001662
miniFE.c 25 Ap 18256.2053009880000900
miniFE.c 25 Ap 21290.1102936259994749
miniFE.c 25 Ap 22498.6292991164009436
miniFE.c 25 Ap 24218.0061666374022025
miniFE.c 25 Ap 26395.4473404050004319
miniFE.c 25 Ap 28021.0416928490012651
miniFE.c 25 Ap 29308.7624836482027604
miniFE.c 25 Ap 1845.3076172643000064
miniFE.c 25 Ap 5152.9234129532997031
miniFE.c 25 Ap 19418.9870250392996240
miniFE.c 25 Ap 21366.8164301717988565
miniFE.c 25 Ap 24008.4327040697971825
miniFE.c 25 Ap 27657.4839652037990163
miniFE.c 25 Ap 29362.1700442997971550
miniFE.c 25 Ap 31649.3547644317950471
miniFE.c 25 Ap 2716.0172730389999742
miniFE.c 25 Ap 4086.6435322781999275
miniFE.c 25 Ap 6112.9419280231995799
miniFE.c 25 Ap 19366.0687056721981207
miniFE.c 25 Ap 19942.9016931553996983
miniFE.c 25 Ap 22443.7520980093977414
miniFE.c 25 Ap 22629.2022504265987664
miniFE.c 25 Ap 23503.4403270553993934
miniFE.c 25 Ap 2784.7112838509997346
miniFE.c 25 Ap 5297.5139884079999320
miniFE.c 25 Ap 8838.6610425799990480
miniFE.c 25 Ap 9581.9742276727993158
miniFE.c 25 Ap 20049.1383863587980159
miniFE.c 25 Ap 21061.8523085989982064
miniFE.c 25 Ap 53130.7868933029967593
miniFE.c 25 Ap 53834.3467844077968039
miniFE.c 25 Ap 3179.3454260399998930
miniFE.c 25 Ap 5397.6649115441996400
miniFE.c 25 Ap 8807.5877122702004272
miniFE.c 25 Ap 11054.0535250612010714
miniFE.c 25 Ap 11760.0087099739012046
miniFE.c 25 Ap 26753.3647406958989450
miniFE.c 25 Ap 27839.0862096834971453
miniFE.c 25 Ap 28473.5365185294976982
miniFE.c 25 Ap 989.4123599472000024
miniFE.c 25 Ap 3608.8072965641999872
miniFE.c 25 Ap 6128.3407890401995246
miniFE.c 25 Ap 6391.8224746028990921
miniFE.c 25 Ap 8601.6889808288997301
miniFE.c 25 Ap 10318.9233197042995016
miniFE.c 25 Ap 19683.6473325842962367
miniFE.c 25 Ap 20178.9207280214977800
miniFE.c 25 Ap 1268.8676034993000030
miniFE.c 25 Ap 2867.0390905766998912
miniFE.c 25 Ap 5470.7324228946999938
miniFE.c 25 Ap 6427.4105067679001877
miniFE.c 25 Ap 7024.8795832297000743
miniFE.c 25 Ap 7797.7765812907000509
miniFE.c 25 Ap 8179.2443669095000587
miniFE.c 25 Ap 20192.2487104374995397
miniFE.c 57 sum 5787878.1172925252467394
miniFE.c 57 sum 12523726.3537057451903820
miniFE.c 57 sum 19195581.2445636950433254
miniFE.c 57 sum 23958363.0489748232066631
miniFE.c 57 sum 32424142.4703383371233940
miniFE.c 57 sum 38847447.7106022834777832
miniFE.c 57 sum 41725534.8877668231725693
miniFE.c 57 sum 45464727.4270661547780037
miniFE.c 90 p_ap_dot 45464727.4270661547780037
miniFE.c 91 alpha 0.0067697321573807
miniFE.c 40 y 1.3404821111883338
miniFE.c 40 y 1.5558448924182244
miniFE.c 40 y 1.4270960953295102
miniFE.c 40 y 1.3718313868627325
miniFE.c 40 y 1.0645816771142818
miniFE.c 40 y 1.5271743997585012
miniFE.c 40 y 0.9655560660357634
miniFE.c 40 y 1.2536162930109027
miniFE.c 40 y 0.1313618760487998
miniFE.c 40 y 31.4112281214125062
miniFE.c 40 y -3.4522547091253273
miniFE.c 40 y 43.5299042088537078
miniFE.c 40 y -207.1880085979919954
miniFE.c 40 y 32.8303841961559897
miniFE.c 40 y 6.0225114462760700
miniFE.c 40 y 48.4834845751214516
miniFE.c 82 oldrtrans 307784.0272895599482581
miniFE.c 48 sum 0.0172559424790602
miniFE.c 48 sum 986.6825080378949906
miniFE.c 48 sum 998.6005706145730301
miniFE.c 48 sum 2893.4531310465526985
miniFE.c 48 sum 45820.3240378481568769
miniFE.c 48 sum 46898.1581643153622281
miniFE.c 48 sum 46934.4288084358850028
miniFE.c 48 sum 49285.0770849819236901
miniFE.c 83 rtrans 49285.0770849819236901
miniFE.c 84 beta 0.1601287679513500
miniFE.c 40 y 31.8386353597403620
miniFE.c 40 y 68.2126140484331813
miniFE.c 40 y 30.3037542703661913
miniFE.c 40 y 75.9787019911743755
miniFE.c 40 y -182.0067830521577150
miniFE.c 40 y 68.9536087780259095
miniFE.c 40 y 28.8614214131483990
miniFE.c 40 y 78.1360657728452566
miniFE.c 87 normr 222.0024258538224160
miniFE.c 25 Ap 2136.2040062575256343
miniFE.c 25 Ap 3165.3652313439633872
miniFE.c 25 Ap 3447.7723720891654011
miniFE.c 25 Ap 4489.9334781640891379
miniFE.c 25 Ap 1930.2974653205437789
miniFE.c 25 Ap 3037.4441893040389004
miniFE.c 25 Ap 3181.6575544730308138
miniFE.c 25 Ap 3682.3583865175669416
miniFE.c 25 Ap 480.3670029218507125
miniFE.c 25 Ap 5012.1804752858461143
miniFE.c 25 Ap 5448.3111976323280032
miniFE.c 25 Ap 5901.4341962265252732
miniFE.c 25 Ap 3911.4430129796232904
miniFE.c 25 Ap 4577.0015865650639171
miniFE.c 25 Ap 4905.9470395934959015
miniFE.c 25 Ap 5449.2975836434161465
miniFE.c 25 Ap 296.7110245467520144
miniFE.c 25 Ap 1278.4249195533809598
miniFE.c 25 Ap 3329.2039133840271461
miniFE.c 25 Ap 4059.5244931960437498
miniFE.c 25 Ap 1002.1417902649491225
miniFE.c 25 Ap 2117.5139902395749232
miniFE.c 25 Ap 2462.4639672842399705
miniFE.c 25 Ap 3427.5357987758329728
miniFE.c 25 Ap 436.7143235255250602
miniFE.c 25 Ap 843.5218025893956337
miniFE.c 25 Ap 1134.8067917931527973
miniFE.c 25 Ap 6103.9438255963614210
miniFE.c 25 Ap 5436.3225606013447759
miniFE.c 25 Ap 6200.7346826175744354
miniFE.c 25 Ap 6238.2612551658567099
miniFE.c 25 Ap 6607.1438094893010202
miniFE.c 25 Ap 447.7597829045261619
miniFE.c 25 Ap 1193.5699019906155627
miniFE.c 25 Ap 1702.6178208999954222
miniFE.c 25 Ap 1981.3162094182459896
miniFE.c 25 Ap -10133.2845990800178697
miniFE.c 25 Ap -9823.7375758784419304
miniFE.c 25 Ap -3334.4617001073384017
miniFE.c 25 Ap -3037.5963762460678481
miniFE.c 25 Ap 511.2138647901351760
miniFE.c 25 Ap 1169.6201601409491104
miniFE.c 25 Ap 1659.8042950545686836
miniFE.c 25 Ap 2502.0958276715086868
miniFE.c 25 Ap 1685.0297031462807809
miniFE.c 25 Ap 6267.9120208345866558
miniFE.c 25 Ap 6487.6120585111902983
miniFE.c 25 Ap 6755.3167682178373070
miniFE.c 25 Ap 159.0897649110533791
miniFE.c 25 Ap 936.5368943928062890
miniFE.c 25 Ap 1298.7255472069668940
miniFE.c 25 Ap 1397.5155628330576292
miniFE.c 25 Ap -1160.1638770926770121
miniFE.c 25 Ap -635.2725271618458009
miniFE.c 25 Ap 1259.7164522669343114
miniFE.c 25 Ap 1468.6958139321579893
miniFE.c 25 Ap 204.0239812192439217
miniFE.c 25 Ap 678.3678144758714552
miniFE.c 25 Ap 1052.6546351073902770
miniFE.c 25 Ap 1411.3522146113803046
miniFE.c 25 Ap 719.8469275035614601
miniFE.c 25 Ap 956.0912999142632316
miniFE.c 25 Ap 1033.2828165847490709
miniFE.c 25 Ap 6102.1397398926055757
miniFE.c 57 sum 117241.2659322146791965
miniFE.c 57 sum 488952.0988403425435536
miniFE.c 57 sum 592819.3014393287012354
miniFE.c 57 sum 1094821.5119533489923924
miniFE.c 57 sum 1647684.6566047873347998
miniFE.c 57 sum 2113488.1262121181935072
miniFE.c 57 sum 2155876.7750257411971688
miniFE.c 57 sum 2632673.9670970826409757
miniFE.c 90 p_ap_dot 2632673.9670970826409757
miniFE.c 91 alpha 0.0187205395354466
miniFE.c 40 y 1.9365185431950207
miniFE.c 40 y 2.8328218305280766
miniFE.c 40 y 1.9943987252203588
miniFE.c 40 y 2.7941936813404262
miniFE.c 40 y -2.3426835007330853
miniFE.c 40 y 2.8180231589992517
miniFE.c 40 y 1.5058574466497925
miniFE.c 40 y 2.7163656014557067
miniFE.c 40 y -68.8043738824365931
miniFE.c 40 y -70.6025627335975798
miniFE.c 40 y -67.6175741392667788
miniFE.c 40 y -80.1593926930718794
miniFE.c 40 y -150.3225655437482260
miniFE.c 40 y -93.6327904377312592
miniFE.c 40 y -21.4722666039857870
miniFE.c 40 y -65.7518636763577859
miniFE.c 82 oldrtrans 49285.0770849819236901
miniFE.c 48 sum 4734.0418653541228196
miniFE.c 48 sum 9718.7637299057041673
miniFE.c 48 sum 14290.9000623849424301
miniFE.c 48 sum 20716.4282993070482917
miniFE.c 48 sum 43313.3020109615317779
miniFE.c 48 sum 52080.4014561176300049
miniFE.c 48 sum 52541.4596892302724882
miniFE.c 48 sum 56864.7672661446122220
miniFE.c 83 rtrans 56864.7672661446122220
miniFE.c 84 beta 1.1537928036126044
miniFE.c 40 y -32.0691855275223574
miniFE.c 40 y 8.1006604710886592
miniFE.c 40 y -32.6533205396735369
miniFE.c 40 y 7.5042868921717769
miniFE.c 40 y -360.3206820380083286
miniFE.c 40 y -14.0746128465260512
miniFE.c 40 y 11.8278337245355587
miniFE.c 40 y 24.4009667149522045
miniFE.c 87 normr 238.4633457497076563
miniFE.c 25 Ap -2151.6727029053099614
miniFE.c 25 Ap -2029.4535830147362958
miniFE.c 25 Ap -2333.7568322812289807
miniFE.c 25 Ap -2230.8243561676235913
miniFE.c 25 Ap -7298.1618391477704790
miniFE.c 25 Ap -7524.1494528567309317
miniFE.c 25 Ap -7465.0487010379902131
miniFE.c 25 Ap -7308.6857690676733910
miniFE.c 25 Ap -483.8454401057699670
miniFE.c 25 Ap 54.3348183411541186
miniFE.c 25 Ap -415.6107912662112653
miniFE.c 25 Ap -370.8566050300869392
miniFE.c 25 Ap -4310.4624173676747887
miniFE.c 25 Ap -4446.3143244093616886
miniFE.c 25 Ap -4311.5076540390027731
miniFE.c 25 Ap -4141.8257227979629533
miniFE.c 25 Ap -298.8595706674981898
miniFE.c 25 Ap -182.2751081874043280
miniFE.c 25 Ap -2392.0588611881203178
miniFE.c 25 Ap -2319.9263423303591480
miniFE.c 25 Ap -8372.6580169275894150
miniFE.c 25 Ap -8600.3245912030124600
miniFE.c 25 Ap -8458.9590321973864775
miniFE.c 25 Ap -8157.5785441366706436
miniFE.c 25 Ap -439.8766625964051400
miniFE.c 25 Ap -391.5658140683590318
miniFE.c 25 Ap -705.4352454267955181
miniFE.c 25 Ap -214.6420503481757578
miniFE.c 25 Ap -1536.3386679799787089
miniFE.c 25 Ap -1692.3682777891533533
miniFE.c 25 Ap -1676.9893380619992058
miniFE.c 25 Ap -1561.7916909736418347
miniFE.c 25 Ap -451.0021044396131629
miniFE.c 25 Ap -362.4326421063134944
miniFE.c 25 Ap -910.9489981294466361
miniFE.c 25 Ap -883.4224333288286743
miniFE.c 25 Ap -24866.8210338380340545
miniFE.c 25 Ap -24930.0048843509503058
miniFE.c 25 Ap -22270.6044704720407026
miniFE.c 25 Ap -22177.8969503951884690
miniFE.c 25 Ap -514.9156705041099258
miniFE.c 25 Ap -436.7259408614768859
miniFE.c 25 Ap -964.9159313818686314
miniFE.c 25 Ap -881.7242323668104973
miniFE.c 25 Ap -2499.2783604166120313
miniFE.c 25 Ap -3434.7231541807414033
miniFE.c 25 Ap -3344.6868570173164699
miniFE.c 25 Ap -3261.0858509213835532
miniFE.c 25 Ap -160.2417669230183890
miniFE.c 25 Ap -67.9152182632277857
miniFE.c 25 Ap -458.1857461541735574
miniFE.c 25 Ap -448.4284246955043614
miniFE.c 25 Ap -5511.8924603437417318
miniFE.c 25 Ap -5619.0317771639683997
miniFE.c 25 Ap -4842.4375049116679293
miniFE.c 25 Ap -4777.1757285774256161
miniFE.c 25 Ap -205.5013612190515175
miniFE.c 25 Ap -149.1701621678271295
miniFE.c 25 Ap -552.4768752178267732
miniFE.c 25 Ap -517.0489266798508652
miniFE.c 25 Ap -1886.0289861327732979
miniFE.c 25 Ap -1934.2505098177057334
miniFE.c 25 Ap -1902.6162943349131638
miniFE.c 25 Ap -319.6723894285250935
miniFE.c 57 sum 234383.5998905936430674
miniFE.c 57 sum 200832.0759797859645914
miniFE.c 57 sum 467204.1030090440763161
miniFE.c 57 sum 455483.9700941678020172
miniFE.c 57 sum 8446638.9254292268306017
miniFE.c 57 sum 8492537.4462402295321226
miniFE.c 57 sum 8436033.8060497287660837
miniFE.c 57 sum 8428233.4907155949622393
miniFE.c 90 p_ap_dot 8428233.4907155949622393
miniFE.c 91 alpha 0.0067469378166594
miniFE.c 40 y 1.7201497426099126
miniFE.c 40 y 2.8874764830003827
miniFE.c 40 y 1.7740888020317331
miniFE.c 40 y 2.8448246383602815
miniFE.c 40 y -4.7737447364998440
miniFE.c 40 y 2.7230626213301843
miniFE.c 40 y 1.5856591052950213
miniFE.c 40 y 2.8809974065478658
miniFE.c 40 y -19.4931254770332529
miniFE.c 40 y -42.6579221344392039
miniFE.c 40 y -12.5788989674614484
miniFE.c 40 y -69.6220812714973221
miniFE.c 40 y -0.6896739151509621
miniFE.c 40 y -71.6304469867767608
miniFE.c 40 y 10.7590409759808381
miniFE.c 40 y -63.5950539431805879
miniFE.c 82 oldrtrans 56864.7672661446122220
miniFE.c 48 sum 379.9819408633628655
miniFE.c 48 sum 2199.6802616912409576
miniFE.c 48 sum 2357.9089609248435409
miniFE.c 48 sum 7205.1431614998218720
miniFE.c 48 sum 7205.6188116090615949
miniFE.c 48 sum 12336.5397471344986116
miniFE.c 48 sum 12452.2967098573335534
miniFE.c 48 sum 16496.6275958933838410
miniFE.c 83 rtrans 16496.6275958933838410
miniFE.c 84 beta 0.2901027892839882
miniFE.c 40 y -28.7964856486331975
miniFE.c 40 y -40.3078979367338377
miniFE.c 40 y -22.0517183354048854
miniFE.c 40 y -67.4450667124910126
miniFE.c 40 y -105.2197088110862211
miniFE.c 40 y -75.7135314316462171
miniFE.c 40 y 14.1903285306558278
miniFE.c 40 y -56.5162654379471974
miniFE.c 87 normr 128.4391980506472350
miniFE.c 25 Ap -1932.0918536142064568
miniFE.c 25 Ap -2540.2392791295751522
miniFE.c 25 Ap -2745.7439393132185614
miniFE.c 25 Ap -3670.8535224244342317
miniFE.c 25 Ap -5150.6014275153520430
miniFE.c 25 Ap -6366.2881735944365573
miniFE.c 25 Ap -6295.3826211282248551
miniFE.c 25 Ap -6657.5424105793135823
miniFE.c 25 Ap -434.4684170480358034
miniFE.c 25 Ap -3112.3877060326676656
miniFE.c 25 Ap -3429.7553747642646158
miniFE.c 25 Ap -3831.9853427452858341
miniFE.c 25 Ap -4982.4166031992663193
miniFE.c 25 Ap -5713.2237483768767561
miniFE.c 25 Ap -5551.4907560782949076
miniFE.c 25 Ap -5944.4993273397667508
miniFE.c 25 Ap -268.3605834110559272
miniFE.c 25 Ap -848.4706412795912911
miniFE.c 25 Ap -2340.8006125644315034
miniFE.c 25 Ap -2989.0943966915697274
miniFE.c 25 Ap -4756.5940048477823439
miniFE.c 25 Ap -5981.3126180913477583
miniFE.c 25 Ap -5811.7106629126610642
miniFE.c 25 Ap -6509.7526651018715711
miniFE.c 25 Ap -394.9867074346207687
miniFE.c 25 Ap -635.3755940760810290
miniFE.c 25 Ap -847.3405697667014920
miniFE.c 25 Ap -5258.3632638276912985
miniFE.c 25 Ap -5644.3209403541422944
miniFE.c 25 Ap -6483.6728213169144510
miniFE.c 25 Ap -6465.2220878805146640
miniFE.c 25 Ap -6732.0369594684952972
miniFE.c 25 Ap -404.9767842358445478
miniFE.c 25 Ap -845.6876201958970114
miniFE.c 25 Ap -1216.1163541033286037
miniFE.c 25 Ap -1463.5124126522173356
miniFE.c 25 Ap -8467.0688079512183322
miniFE.c 25 Ap -8806.9625232488851907
miniFE.c 25 Ap -5616.3727291751911253
miniFE.c 25 Ap -5831.0971240716708053
miniFE.c 25 Ap -462.3678921687140928
miniFE.c 25 Ap -851.4304449549201763
miniFE.c 25 Ap -1208.1322047157455017
miniFE.c 25 Ap -1955.8207953330825148
miniFE.c 25 Ap -2428.1738486657723115
miniFE.c 25 Ap -7460.3427308607606392
miniFE.c 25 Ap -7352.3225585968893938
miniFE.c 25 Ap -7545.9549136831301439
miniFE.c 25 Ap -143.8888972577792345
miniFE.c 25 Ap -603.2945362808889058
miniFE.c 25 Ap -866.8553507225479962
miniFE.c 25 Ap -954.5496521493303135
miniFE.c 25 Ap -2433.1664453705288906
miniFE.c 25 Ap -3009.5159421622320224
miniFE.c 25 Ap -2077.8045134307258195
miniFE.c 25 Ap -2228.9604867716457193
miniFE.c 25 Ap -184.5296942150374093
miniFE.c 25 Ap -464.8268662930867094
miniFE.c 25 Ap -737.1913882457895397
miniFE.c 25 Ap -1055.6014366573276675
miniFE.c 25 Ap -1455.3666746922224320
miniFE.c 25 Ap -1714.7714547037855937
miniFE.c 25 Ap -1676.8186121998203362
miniFE.c 25 Ap -5343.1519566181095797
miniFE.c 57 sum 191713.8244814140780363
miniFE.c 57 sum 431324.0966528083663434
miniFE.c 57 sum 574875.3288567861309275
miniFE.c 57 sum 1028918.0106990939239040
miniFE.c 57 sum 1642464.3521430774126202
miniFE.c 57 sum 2213795.2466820105910301
miniFE.c 57 sum 2182165.5650928704999387
miniFE.c 57 sum 2484140.5593483867123723
miniFE.c 90 p_ap_dot 2484140.5593483867123723
miniFE.c 91 alpha 0.0066407786523242
miniFE.c 40 y 1.5289186554525100
miniFE.c 40 y 2.6198006548620594
miniFE.c 40 y 1.6276482216629109
miniFE.c 40 y 2.3969368791313919
miniFE.c 40 y -5.4724855325762700
miniFE.c 40 y 2.2202658181068333
miniFE.c 40 y 1.6798939360708671
miniFE.c 40 y 2.5056853975184601
miniFE.c 40 y 24.7181400400846343
miniFE.c 40 y -3.1818179026859070
miniFE.c 40 y 30.6509275628574187
miniFE.c 40 y -24.9161139444016371
miniFE.c 40 y 38.0333513860130381
miniFE.c 40 y -21.5194306845891745
miniFE.c 40 y 25.5610741934080679
miniFE.c 40 y -28.1123644935469414
miniFE.c 82 oldrtrans 16496.6275958933838410
miniFE.c 48 sum 610.9864470412352375
miniFE.c 48 sum 621.1104122070877338
miniFE.c 48 sum 1560.5897726706202775
miniFE.c 48 sum 2181.4025067610259612
miniFE.c 48 sum 3627.9383244129658124
miniFE.c 48 sum 4091.0242214018039704
miniFE.c 48 sum 4744.3927353227154526
miniFE.c 48 sum 5534.6977727407538623
miniFE.c 83 rtrans 5534.6977727407538623
miniFE.c 84 beta 0.3355048018492303
miniFE.c 40 y 15.0567808285857510
miniFE.c 40 y -16.7053112129087893
miniFE.c 40 y 23.2524701723023668
miniFE.c 40 y -47.5442576874840483
miniFE.c 40 y 2.7316338307158503
miniFE.c 40 y -46.9216840448691102
miniFE.c 40 y 30.3219975552612304
miniFE.c 40 y -47.0738429305639130
miniFE.c 87 normr 74.3955494148726189
miniFE.c 25 Ap 1010.2303432275207342
miniFE.c 25 Ap 758.1881250371986880
miniFE.c 25 Ap 974.8828473490311808
miniFE.c 25 Ap 322.7425122212331416
miniFE.c 25 Ap 361.1585987524607617
miniFE.c 25 Ap -392.2347289455756254
miniFE.c 25 Ap -240.7232270173289521
miniFE.c 25 Ap -542.3753781684871456
miniFE.c 25 Ap 227.1699335903289523
miniFE.c 25 Ap -882.6739782840949147
miniFE.c 25 Ap -548.0251251384244142
miniFE.c 25 Ap -831.5703298431646999
miniFE.c 25 Ap -801.7037108753115717
miniFE.c 25 Ap -1254.6042864443440976
miniFE.c 25 Ap -909.0120482880341797
miniFE.c 25 Ap -1236.3589387905685726
miniFE.c 25 Ap 140.3173476359070833
miniFE.c 25 Ap -100.1049901809398364
miniFE.c 25 Ap 1473.4847689817661376
miniFE.c 25 Ap 1016.4810438445740601
miniFE.c 25 Ap 1062.3675206270283979
miniFE.c 25 Ap 303.3769052392796084
miniFE.c 25 Ap 665.7836006999084475
miniFE.c 25 Ap 84.3665641112153253
miniFE.c 25 Ap 206.5261836674881692
miniFE.c 25 Ap 106.8987813709633343
miniFE.c 25 Ap 330.4055938494138331
miniFE.c 25 Ap -2779.0701595926880145
miniFE.c 25 Ap -2769.0502207586332588
miniFE.c 25 Ap -3289.2188486948070931
miniFE.c 25 Ap -3249.7931868475370720
miniFE.c 25 Ap -3472.0301173903312701
miniFE.c 25 Ap 211.7496820725411339
miniFE.c 25 Ap 29.1003243419694684
miniFE.c 25 Ap 419.6995037409355973
miniFE.c 25 Ap 245.3018415863831194
miniFE.c 25 Ap 427.1228312174567918
miniFE.c 25 Ap 216.4816787514420469
miniFE.c 25 Ap 7034.1572333901185630
miniFE.c 25 Ap 6855.3077931379957590
miniFE.c 25 Ap 241.7576956961042640
miniFE.c 25 Ap 80.5135882563260168
miniFE.c 25 Ap 456.6383374977356198
miniFE.c 25 Ap -70.4320733573669031
miniFE.c 25 Ap -58.1692036430804933
miniFE.c 25 Ap -3176.7377591719077827
miniFE.c 25 Ap -2945.9194668238437771
miniFE.c 25 Ap -3107.2008076727515800
miniFE.c 25 Ap 75.2349997187975106
miniFE.c 25 Ap -115.1622813523212727
miniFE.c 25 Ap 162.7498469988262855
miniFE.c 25 Ap 100.9312341930558432
miniFE.c 25 Ap 139.3179556606032463
miniFE.c 25 Ap -217.8611175714271155
miniFE.c 25 Ap 1773.0266623114257527
miniFE.c 25 Ap 1647.1249861845856231
miniFE.c 25 Ap 96.4848001267696986
miniFE.c 25 Ap -19.6822969272991628
miniFE.c 25 Ap 267.5129150907366693
miniFE.c 25 Ap 43.0551433089092370
miniFE.c 25 Ap 53.4335435240335386
miniFE.c 25 Ap -107.3264804410340929
miniFE.c 25 Ap -26.2285696256272871
miniFE.c 25 Ap -3080.0113815088966476
miniFE.c 57 sum -8166.4271959042234812
miniFE.c 57 sum 12487.3336474538737093
miniFE.c 57 sum 14449.0646629895436490
miniFE.c 57 sum 179524.1592629009392112
miniFE.c 57 sum 198250.3499506067018956
miniFE.c 57 sum 344045.4445121896569617
miniFE.c 57 sum 393989.5643164883367717
miniFE.c 57 sum 538977.5363139873370528
miniFE.c 90 p_ap_dot 538977.5363139873370528
miniFE.c 91 alpha 0.0102688839512533
miniFE.c 40 y 1.6835349904607129
miniFE.c 40 y 2.4482557526471282
miniFE.c 40 y 1.8664251394422631
miniFE.c 40 y 1.9087104143901350
miniFE.c 40 y -5.4444347017713310
miniFE.c 40 y 1.7384324898526984
miniFE.c 40 y 1.9912670101360312
miniFE.c 40 y 2.0222895673249730
miniFE.c 40 y 30.2877298565139590
miniFE.c 40 y 9.5142085618491379
miniFE.c 40 y 29.7845771066333747
miniFE.c 40 y 10.7377604063360863
miniFE.c 40 y -32.3630087918434839
miniFE.c 40 y 10.3880538226428705
miniFE.c 40 y 8.6469388570688430
miniFE.c 40 y 3.5159149517073089
miniFE.c 82 oldrtrans 5534.6977727407538623
miniFE.c 48 sum 917.3465798611671289
miniFE.c 48 sum 1007.8667444195306189
miniFE.c 48 sum 1894.9877778405195841
miniFE.c 48 sum 2010.2872763843984103
miniFE.c 48 sum 3057.6516144453371453
miniFE.c 48 sum 3165.5632766674621053
miniFE.c 48 sum 3240.3328282653492352
miniFE.c 48 sum 3252.6944862129880676
miniFE.c 83 rtrans 3252.6944862129880676
miniFE.c 84 beta 0.5876914367814289
miniFE.c 40 y 39.1364710149685919
miniFE.c 40 y -0.3033597867461424
miniFE.c 40 y 43.4498547109110689
miniFE.c 40 y -17.2035927047279102
miniFE.c 40 y -30.7576509811093288
miniFE.c 40 y -17.1874180898905031
miniFE.c 40 y 26.4669171664032881
miniFE.c 40 y -24.1489794349791040
miniFE.c 87 normr 57.0323985661920787
miniFE.c 25 Ap 2625.8501731727237711
miniFE.c 25 Ap 2621.2732172222022200
miniFE.c 25 Ap 3026.1916680922358864
miniFE.c 25 Ap 2790.2187607937626126
miniFE.c 25 Ap 2357.6613044095197438
miniFE.c 25 Ap 2081.6932445910019851
miniFE.c 25 Ap 2213.9418658760619110
miniFE.c 25 Ap 2059.1936842710115343
miniFE.c 25 Ap 590.4734632618893784
miniFE.c 25 Ap 570.3192734873484824
miniFE.c 25 Ap 1195.6482789911392501
miniFE.c 25 Ap 1093.0492175611996117
miniFE.c 25 Ap 756.7570572176327914
miniFE.c 25 Ap 590.8595259607977823
miniFE.c 25 Ap 892.5138323423343536
miniFE.c 25 Ap 724.5841959514742712
miniFE.c 25 Ap 364.7211094568184535
miniFE.c 25 Ap 360.3551645067615823
miniFE.c 25 Ap 3300.7845426998815128
miniFE.c 25 Ap 3135.4205989933134333
miniFE.c 25 Ap 2618.7480414354622553
miniFE.c 25 Ap 2340.7296945130015047
miniFE.c 25 Ap 2657.0607004708235763
miniFE.c 25 Ap 2358.7925501428926509
miniFE.c 25 Ap 536.8150133121065437
miniFE.c 25 Ap 535.0058313621533443
miniFE.c 25 Ap 952.6534385680049581
miniFE.c 25 Ap -172.4909424647253218
miniFE.c 25 Ap -285.3134511203442116
miniFE.c 25 Ap -475.8512774488804098
miniFE.c 25 Ap -441.4381183408563629
miniFE.c 25 Ap -555.4461264248168391
miniFE.c 25 Ap 550.3922378366194152
miniFE.c 25 Ap 547.0754202386539191
miniFE.c 25 Ap 1276.9539006463860460
miniFE.c 25 Ap 1213.8491958030610931
miniFE.c 25 Ap -833.4188081398121994
miniFE.c 25 Ap -910.5766857408752912
miniFE.c 25 Ap 5040.3127252611857330
miniFE.c 25 Ap 4948.5625900326513147
miniFE.c 25 Ap 628.3908332047417389
miniFE.c 25 Ap 625.4627238493646928
miniFE.c 25 Ap 1328.2941041981016497
miniFE.c 25 Ap 1137.5769678686856423
miniFE.c 25 Ap 999.4995057807327612
miniFE.c 25 Ap -142.8325033305438865
miniFE.c 25 Ap 58.6399957333207169
miniFE.c 25 Ap -24.0976679231414153
miniFE.c 25 Ap 195.5552398169863295
miniFE.c 25 Ap 192.0977239499279676
miniFE.c 25 Ap 711.4077804634544009
miniFE.c 25 Ap 689.0391015102079564
miniFE.c 25 Ap 256.8122898740121514
miniFE.c 25 Ap 125.9775555808421643
miniFE.c 25 Ap 1863.7476962759824346
miniFE.c 25 Ap 1799.1598742853029762
miniFE.c 25 Ap 250.7889718615926995
miniFE.c 25 Ap 248.6794376338191341
miniFE.c 25 Ap 785.3359796435826183
miniFE.c 25 Ap 704.1173367839663797
miniFE.c 25 Ap 587.2586246207004024
miniFE.c 25 Ap 528.3722099432934556
miniFE.c 25 Ap 599.1594885191175308
miniFE.c 25 Ap -967.4374522031453125
miniFE.c 57 sum 80589.5739386788336560
miniFE.c 57 sum 80369.7642315153643722
miniFE.c 57 sum 182858.9578284034505486
miniFE.c 57 sum 192414.6267568347975612
miniFE.c 57 sum 40208.4657544360961765
miniFE.c 57 sum 40622.6424480224741274
miniFE.c 57 sum 88240.8578098481375491
miniFE.c 57 sum 111603.4849477304669563
miniFE.c 90 p_ap_dot 111603.4849477304669563
miniFE.c 91 alpha 0.0291450978232121
miniFE.c 40 y 2.8241712666472791
miniFE.c 40 y 2.4394143019867833
miniFE.c 40 y 3.1327754053961208
miniFE.c 40 y 1.4073100221001413
miniFE.c 40 y -6.3408694484279788
miniFE.c 40 y 1.2375035082943937
miniFE.c 40 y 2.7626479000297079
miniFE.c 40 y 1.3184651993617686
miniFE.c 40 y -29.7276715085052849
miniFE.c 40 y -11.6038687103100919
miniFE.c 40 y -38.9626625119452541
miniFE.c 40 y 26.9262920965116308
miniFE.c 40 y -176.5893495626331173
miniFE.c 40 y 11.0903827115741080
miniFE.c 40 y -43.7897516785743619
miniFE.c 40 y 31.7119741340070966
miniFE.c 82 oldrtrans 3252.6944862129880676
miniFE.c 48 sum 883.7344533175968309
miniFE.c 48 sum 1018.3842223637104780
miniFE.c 48 sum 2536.4732923834544636
miniFE.c 48 sum 3261.4984984501193139
miniFE.c 48 sum 34445.2968774039545679
miniFE.c 48 sum 34568.2934660931350663
miniFE.c 48 sum 36485.8358181643416174
miniFE.c 48 sum 37491.4851216402748832
miniFE.c 83 rtrans 37491.4851216402748832
miniFE.c 84 beta 11.5262854475123042
miniFE.c 40 y 421.3704648183143036
miniFE.c 40 y -15.1004802056425884
miniFE.c 40 y 461.8527655389528945
miniFE.c 40 y -171.3672281409225207
miniFE.c 40 y -531.1108144658560377
miniFE.c 40 y -187.0167042982405121
miniFE.c 40 y 261.2754904970534540
miniFE.c 40 y -246.6360560996664617
miniFE.c 87 normr 193.6271807408254233
miniFE.c 25 Ap 28271.7291395500033104
miniFE.c 25 Ap 28043.8998894233591272
miniFE.c 25 Ap 32348.0041861199206323
miniFE.c 25 Ap 29997.4473149972400279
miniFE.c 25 Ap 22528.2181757299767924
miniFE.c 25 Ap 19525.4031648357085942
miniFE.c 25 Ap 20830.9319945278402884
miniFE.c 25 Ap 19250.4726089696414419
miniFE.c 25 Ap 6357.4479564695584486
miniFE.c 25 Ap 5354.2235442441660780
miniFE.c 25 Ap 12001.1946902978106664
miniFE.c 25 Ap 10979.1920732353264611
miniFE.c 25 Ap 5172.2335610832979000
miniFE.c 25 Ap 3367.0985847533374908
miniFE.c 25 Ap 6344.9624728993603640
miniFE.c 25 Ap 4629.8795091157771822
miniFE.c 25 Ap 3926.8411135508772531
miniFE.c 25 Ap 3709.5154554456753431
miniFE.c 25 Ap 34964.9810772776763770
miniFE.c 25 Ap 33317.7692911222038674
miniFE.c 25 Ap 24396.0742297781507659
miniFE.c 25 Ap 21370.9499962281443004
miniFE.c 25 Ap 24493.6989821194983961
miniFE.c 25 Ap 21447.4551251029806735
miniFE.c 25 Ap 5779.7237669757596450
miniFE.c 25 Ap 5689.6672815176652875
miniFE.c 25 Ap 10129.0768881120493461
miniFE.c 25 Ap -1078.6328702644041186
miniFE.c 25 Ap -3026.8068221363841985
miniFE.c 25 Ap -5100.0534341492057138
miniFE.c 25 Ap -4760.3344193137500042
miniFE.c 25 Ap -5924.7101459698460530
miniFE.c 25 Ap 5925.9056086305290592
miniFE.c 25 Ap 5760.8028472493133449
miniFE.c 25 Ap 13519.0887362704415864
miniFE.c 25 Ap 12890.4945503199851373
miniFE.c 25 Ap -22460.9104601536237169
miniFE.c 25 Ap -23300.4671582062146626
miniFE.c 25 Ap 35445.3829904069571057
miniFE.c 25 Ap 34508.3292502973636147
miniFE.c 25 Ap 6765.6927313087817311
miniFE.c 25 Ap 6619.9388796361845380
miniFE.c 25 Ap 14090.7260406369696284
miniFE.c 25 Ap 12190.9677998617989942
miniFE.c 25 Ap 9806.7014137859769107
miniFE.c 25 Ap -2623.0402984981410555
miniFE.c 25 Ap -634.1488199923414868
miniFE.c 25 Ap -1479.1572440573722815
miniFE.c 25 Ap 2105.4837128218414364
miniFE.c 25 Ap 1933.3773487212486089
miniFE.c 25 Ap 7453.4138912768812588
miniFE.c 25 Ap 7230.5965661295249447
miniFE.c 25 Ap -232.9231318822312460
miniFE.c 25 Ap -1656.5389819927652297
miniFE.c 25 Ap 15498.3394281608671008
miniFE.c 25 Ap 14838.6972378671107435
miniFE.c 25 Ap 2700.1684848950417290
miniFE.c 25 Ap 2595.1612253920634430
miniFE.c 25 Ap 8299.5832475338120275
miniFE.c 25 Ap 7490.5537651981285308
miniFE.c 25 Ap 5472.6842655870514136
miniFE.c 25 Ap 4831.9397894061994521
miniFE.c 25 Ap 5530.7359814435276348
miniFE.c 25 Ap -10469.0826443441328593
miniFE.c 57 sum 8111580.5912137655541301
miniFE.c 57 sum 8041667.1873318525031209
miniFE.c 57 sum 17947233.6506332531571388
miniFE.c 57 sum 18962534.8058865070343018
miniFE.c 57 sum 634787.9519051499664783
miniFE.c 57 sum 911415.0648276279680431
miniFE.c 57 sum 4788402.9639886301010847
miniFE.c 57 sum 7370456.2183711342513561
miniFE.c 90 p_ap_dot 7370456.2183711342513561
miniFE.c 91 alpha 0.0050867251647451
miniFE.c 40 y 4.9675670137189281
miniFE.c 40 y 2.3626023093250064
miniFE.c 40 y 5.4820934902702199
miniFE.c 40 y 0.5356120303031003
miniFE.c 40 y -9.0424841936397016
miniFE.c 40 y 0.2862009323128452
miniFE.c 40 y 4.0916845124721828
miniFE.c 40 y 0.0638953662661170
miniFE.c 40 y -127.6495349617869408
miniFE.c 40 y -35.1547933190668971
miniFE.c 40 y -148.0599722165473224
miniFE.c 40 y 57.0636642898369146
miniFE.c 40 y -352.1237363534293081
miniFE.c 40 y 18.6144490875357178
miniFE.c 40 y -119.2701263304662405
miniFE.c 40 y 84.9653202727883183
miniFE.c 82 oldrtrans 37491.4851216402748832
miniFE.c 48 sum 16294.4037759604671010
miniFE.c 48 sum 17530.2632692667757510
miniFE.c 48 sum 39452.0186420315440046
miniFE.c 48 sum 42708.2804242147540208
miniFE.c 48 sum 166699.4061277141445316
miniFE.c 48 sum 167045.9038425465987530
miniFE.c 48 sum 181271.2668774319754448
miniFE.c 48 sum 188490.3725264894601423
miniFE.c 83 rtrans 188490.3725264894601423
miniFE.c 84 beta 5.0275515070938566
miniFE.c 40 y 1990.8121804803679424
miniFE.c 40 y -111.0732353347862471
miniFE.c 40 y 2173.9285952242807980
miniFE.c 40 y -804.4939018165548532
miniFE.c 40 y -3022.3107120550894251
miniFE.c 40 y -921.6216644588095050
miniFE.c 40 y 1194.3058596846815362
miniFE.c 40 y -1155.0101552747746609
miniFE.c 87 normr 434.1547794583050290
miniFE.c 25 Ap 133572.9659137979615480
miniFE.c 25 Ap 131897.1429220226127654
miniFE.c 25 Ap 152156.4465477084740996
miniFE.c 25 Ap 141121.6139883807045408
miniFE.c 25 Ap 98617.6192973580327816
miniFE.c 25 Ap 83819.6932041416002903
miniFE.c 25 Ap 89787.3433971327467589
miniFE.c 25 Ap 82385.9655564922140911
miniFE.c 25 Ap 30036.4783136065743747
miniFE.c 25 Ap 22657.1513176958687836
miniFE.c 25 Ap 53944.2664423058595276
miniFE.c 25 Ap 49146.4128387498640222
miniFE.c 25 Ap 16101.6462143172175274
miniFE.c 25 Ap 7205.9087575980429392
miniFE.c 25 Ap 20817.9023058268285240
miniFE.c 25 Ap 12786.0748770412610611
miniFE.c 25 Ap 18552.8027528909915418
miniFE.c 25 Ap 16954.2400821498085861
miniFE.c 25 Ap 164072.8794889313576277
miniFE.c 25 Ap 156339.9433182378124911
miniFE.c 25 Ap 105570.6239612082572421
miniFE.c 25 Ap 90662.7576196385343792
miniFE.c 25 Ap 104937.0295962382660946
miniFE.c 25 Ap 90671.3028167131269583
miniFE.c 25 Ap 27306.9553654371629818
miniFE.c 25 Ap 26644.5350273758012918
miniFE.c 25 Ap 47540.7171221757525927
miniFE.c 25 Ap -5074.5597411990383989
miniFE.c 25 Ap -16160.7339318168560567
miniFE.c 25 Ap -26377.7303256241284544
miniFE.c 25 Ap -24824.8544347687347909
miniFE.c 25 Ap -30277.6897181052918313
miniFE.c 25 Ap 27997.6079270894115325
miniFE.c 25 Ap 26783.1764905006384652
miniFE.c 25 Ap 63301.2203402252489468
miniFE.c 25 Ap 60350.2466050451257615
miniFE.c 25 Ap -140818.5625008388306014
miniFE.c 25 Ap -144955.9129282789654098
miniFE.c 25 Ap 123574.8739862256334163
miniFE.c 25 Ap 119186.6000129042804474
miniFE.c 25 Ap 31965.2766946649790043
miniFE.c 25 Ap 30893.1682817330220132
miniFE.c 25 Ap 66057.9633202164695831
miniFE.c 25 Ap 57139.4324190073384671
miniFE.c 25 Ap 43571.6540142746453057
miniFE.c 25 Ap -17682.3355085006114678
miniFE.c 25 Ap -8590.9938654803518148
miniFE.c 25 Ap -12548.2145838226915657
miniFE.c 25 Ap 9947.5947444396388164
miniFE.c 25 Ap 8681.6475413025927992
miniFE.c 25 Ap 34664.3116757074822090
miniFE.c 25 Ap 33618.2821562668395927
miniFE.c 25 Ap -8853.2226946012306144
miniFE.c 25 Ap -15868.8270720394939417
miniFE.c 25 Ap 62547.1459243092540419
miniFE.c 25 Ap 59458.0054284480211209
miniFE.c 25 Ap 12757.2498736855686730
miniFE.c 25 Ap 11984.8574803445280850
miniFE.c 25 Ap 38835.4191278208090807
miniFE.c 25 Ap 35037.3808915156041621
miniFE.c 25 Ap 23554.6009553976437019
miniFE.c 25 Ap 20397.0007140370616980
miniFE.c 25 Ap 23591.2398111977454391
miniFE.c 25 Ap -51336.7868836153866141
miniFE.c 57 sum 164014983.7305007576942444
miniFE.c 57 sum 162594793.0266749560832977
miniFE.c 57 sum 359707730.9861674904823303
miniFE.c 57 sum 384065947.7254769802093506
miniFE.c 57 sum 23847009.7730511426925659
miniFE.c 57 sum 35411716.1837801188230515
miniFE.c 57 sum 106422760.4721391946077347
miniFE.c 57 sum 165717270.6618918180465698
miniFE.c 90 p_ap_dot 165717270.6618918180465698
miniFE.c 91 alpha 0.0011374214152432
miniFE.c 40 y 7.2319594215243095
miniFE.c 40 y 2.2362652327948727
miniFE.c 40 y 7.9547664296878837
miniFE.c 40 y -0.3794365620556097
miniFE.c 40 y -12.4801251210500865
miniFE.c 40 y -0.7620712855946878
miniFE.c 40 y 5.4501135736279807
miniFE.c 40 y -1.2498379191667857
miniFE.c 40 y -221.3570965012298757
miniFE.c 40 y -49.6979487011166938
miniFE.c 40 y -251.1914537882779541
miniFE.c 40 y 91.5021569792987322
miniFE.c 40 y -487.6891276181321473
miniFE.c 40 y 32.8870570782426910
miniFE.c 40 y -186.8989350124294901
miniFE.c 40 y 143.3568810639886806
