miniFE.c 167 A 67.0947100000000063
miniFE.c 167 A 15.0875500000000002
miniFE.c 167 A 9.3192129999999995
miniFE.c 167 A 13.7164900000000003
miniFE.c 167 A 14.0634099999999993
miniFE.c 167 A 16.0564000000000000
miniFE.c 167 A 4.9967519999999999
miniFE.c 167 A 6.4080630000000003
miniFE.c 167 A 15.0875500000000002
miniFE.c 167 A 66.4365899999999954
miniFE.c 167 A 14.3919700000000006
miniFE.c 167 A 5.9638159999999996
miniFE.c 167 A 10.9336099999999998
miniFE.c 167 A 9.6522659999999991
miniFE.c 167 A 11.3974100000000007
miniFE.c 167 A 6.9539020000000002
miniFE.c 167 A 9.3192129999999995
miniFE.c 167 A 14.3919700000000006
miniFE.c 167 A 67.6740900000000067
miniFE.c 167 A 9.6121750000000006
miniFE.c 167 A 16.7981799999999986
miniFE.c 167 A 16.1756899999999995
miniFE.c 167 A 11.9519400000000005
miniFE.c 167 A 12.3511699999999998
miniFE.c 167 A 13.7164900000000003
miniFE.c 167 A 5.9638159999999996
miniFE.c 167 A 9.6121750000000006
miniFE.c 167 A 65.4017099999999942
miniFE.c 167 A 3.6681119999999998
miniFE.c 167 A 11.0858899999999991
miniFE.c 167 A 1.3002330000000000
miniFE.c 167 A 4.7210279999999996
miniFE.c 167 A 14.0634099999999993
miniFE.c 167 A 10.9336099999999998
miniFE.c 167 A 16.7981799999999986
miniFE.c 167 A 3.6681119999999998
miniFE.c 167 A 66.5612600000000043
miniFE.c 167 A 4.4892070000000004
miniFE.c 167 A 14.0526599999999995
miniFE.c 167 A 3.7993380000000001
miniFE.c 167 A 16.0564000000000000
miniFE.c 167 A 9.6522659999999991
miniFE.c 167 A 16.1756899999999995
miniFE.c 167 A 11.0858899999999991
miniFE.c 167 A 4.4892070000000004
miniFE.c 167 A 66.4632699999999943
miniFE.c 167 A 7.6122389999999998
miniFE.c 167 A 3.4261349999999999
miniFE.c 167 A 4.9967519999999999
miniFE.c 167 A 11.3974100000000007
miniFE.c 167 A 11.9519400000000005
miniFE.c 167 A 1.3002330000000000
miniFE.c 167 A 14.0526599999999995
miniFE.c 167 A 7.6122389999999998
miniFE.c 167 A 65.6581999999999937
miniFE.c 167 A 2.6745570000000001
miniFE.c 167 A 6.4080630000000003
miniFE.c 167 A 6.9539020000000002
miniFE.c 167 A 12.3511699999999998
miniFE.c 167 A 4.7210279999999996
miniFE.c 167 A 3.7993380000000001
miniFE.c 167 A 3.4261349999999999
miniFE.c 167 A 2.6745570000000001
miniFE.c 167 A 64.8721800000000002
miniFE.c 175 b 198.0110999999999990
miniFE.c 175 b 229.8237000000000023
miniFE.c 175 b 210.8053999999999917
miniFE.c 175 b 202.6418999999999926
miniFE.c 175 b 157.2561000000000035
miniFE.c 175 b 225.5886000000000138
miniFE.c 175 b 142.6283999999999992
miniFE.c 175 b 185.1795999999999935
miniFE.c 33 r 0.0000000000000000
miniFE.c 33 r 0.0000000000000000
miniFE.c 33 r 0.0000000000000000
miniFE.c 33 r 0.0000000000000000
miniFE.c 33 r 0.0000000000000000
miniFE.c 33 r 0.0000000000000000
miniFE.c 33 r 0.0000000000000000
miniFE.c 33 r 0.0000000000000000
miniFE.c 25 Ap 0.0000000000000000
miniFE.c 25 Ap 0.0000000000000000
miniFE.c 25 Ap 0.0000000000000000
miniFE.c 25 Ap 0.0000000000000000
miniFE.c 25 Ap 0.0000000000000000
miniFE.c 25 Ap 0.0000000000000000
miniFE.c 25 Ap 0.0000000000000000
miniFE.c 25 Ap 0.0000000000000000
miniFE.c 25 Ap 0.0000000000000000
miniFE.c 25 Ap 0.0000000000000000
miniFE.c 25 Ap 0.0000000000000000
miniFE.c 25 Ap 0.0000000000000000
miniFE.c 25 Ap 0.0000000000000000
miniFE.c 25 Ap 0.0000000000000000
miniFE.c 25 Ap 0.0000000000000000
miniFE.c 25 Ap 0.0000000000000000
miniFE.c 25 Ap 0.0000000000000000
miniFE.c 25 Ap 0.0000000000000000
miniFE.c 25 Ap 0.0000000000000000
miniFE.c 25 Ap 0.0000000000000000
miniFE.c 25 Ap 0.0000000000000000
miniFE.c 25 Ap 0.0000000000000000
miniFE.c 25 Ap 0.0000000000000000
miniFE.c 25 Ap 0.0000000000000000
miniFE.c 25 Ap 0.0000000000000000
miniFE.c 25 Ap 0.0000000000000000
miniFE.c 25 Ap 0.0000000000000000
miniFE.c 25 Ap 0.0000000000000000
miniFE.c 25 Ap 0.0000000000000000
miniFE.c 25 Ap 0.0000000000000000
miniFE.c 25 Ap 0.0000000000000000
miniFE.c 25 Ap 0.0000000000000000
miniFE.c 25 Ap 0.0000000000000000
miniFE.c 25 Ap 0.0000000000000000
miniFE.c 25 Ap 0.0000000000000000
miniFE.c 25 Ap 0.0000000000000000
miniFE.c 25 Ap 0.0000000000000000
miniFE.c 25 Ap 0.0000000000000000
miniFE.c 25 Ap 0.0000000000000000
miniFE.c 25 Ap 0.0000000000000000
miniFE.c 25 Ap 0.0000000000000000
miniFE.c 25 Ap 0.0000000000000000
miniFE.c 25 Ap 0.0000000000000000
miniFE.c 25 Ap 0.0000000000000000
miniFE.c 25 Ap 0.0000000000000000
miniFE.c 25 Ap 0.0000000000000000
miniFE.c 25 Ap 0.0000000000000000
miniFE.c 25 Ap 0.0000000000000000
miniFE.c 25 Ap 0.0000000000000000
miniFE.c 25 Ap 0.0000000000000000
miniFE.c 25 Ap 0.0000000000000000
miniFE.c 25 Ap 0.0000000000000000
miniFE.c 25 Ap 0.0000000000000000
miniFE.c 25 Ap 0.0000000000000000
miniFE.c 25 Ap 0.0000000000000000
miniFE.c 25 Ap 0.0000000000000000
miniFE.c 25 Ap 0.0000000000000000
miniFE.c 25 Ap 0.0000000000000000
miniFE.c 25 Ap 0.0000000000000000
miniFE.c 25 Ap 0.0000000000000000
miniFE.c 25 Ap 0.0000000000000000
miniFE.c 25 Ap 0.0000000000000000
miniFE.c 25 Ap 0.0000000000000000
miniFE.c 25 Ap 0.0000000000000000
miniFE.c 33 r 198.0110999999999990
miniFE.c 33 r 229.8237000000000023
miniFE.c 33 r 210.8053999999999917
miniFE.c 33 r 202.6418999999999926
miniFE.c 33 r 157.2561000000000035
miniFE.c 33 r 225.5886000000000138
miniFE.c 33 r 142.6283999999999992
miniFE.c 33 r 185.1795999999999935
miniFE.c 48 sum 39208.3957232100001420
miniFE.c 48 sum 92027.3288048999966122
miniFE.c 48 sum 136466.2454740600078367
miniFE.c 48 sum 177529.9851096700003836
miniFE.c 48 sum 202259.4660968800017145
miniFE.c 48 sum 253149.6825468399911188
miniFE.c 48 sum 273492.5430333999684080
miniFE.c 48 sum 307784.0272895599482581
miniFE.c 75 rtrans 307784.0272895599482581
miniFE.c 76 normr 554.7828649927464539
miniFE.c 33 r 198.0110999999999990
miniFE.c 33 r 229.8237000000000023
miniFE.c 33 r 210.8053999999999917
miniFE.c 33 r 202.6418999999999926
miniFE.c 33 r 157.2561000000000035
miniFE.c 33 r 225.5886000000000138
miniFE.c 33 r 142.6283999999999992
miniFE.c 33 r 185.1795999999999935
miniFE.c 87 normr 554.7828649927464539
miniFE.c 25 Ap 13285.4973312810016068
miniFE.c 25 Ap 16752.9738962160008668
miniFE.c 25 Ap 18717.5143203662009910
miniFE.c 25 Ap 21497.0499152972006414
miniFE.c 25 Ap 23708.6069245981998392
miniFE.c 25 Ap 27330.7477216381994367
miniFE.c 25 Ap 28043.4264645949988335
miniFE.c 25 Ap 29230.0690077097970061
miniFE.c 25 Ap 2987.5023718050001662
miniFE.c 25 Ap 18256.2053009880000900
miniFE.c 25 Ap 21290.1102936259994749
miniFE.c 25 Ap 22498.6292991164009436
miniFE.c 25 Ap 24218.0061666374022025
miniFE.c 25 Ap 26395.4473404050004319
miniFE.c 25 Ap 28021.0416928490012651
miniFE.c 25 Ap 29308.7624836482027604
miniFE.c 25 Ap 1845.3076172643000064
miniFE.c 25 Ap 5152.9234129532997031
miniFE.c 25 Ap 19418.9870250392996240
miniFE.c 25 Ap 21366.8164301717988565
miniFE.c 25 Ap 24008.4327040697971825
miniFE.c 25 Ap 27657.4839652037990163
miniFE.c 25 Ap 29362.1700442997971550
miniFE.c 25 Ap 31649.3547644317950471
miniFE.c 25 Ap 2716.0172730389999742
miniFE.c 25 Ap 4086.6435322781999275
miniFE.c 25 Ap 6112.9419280231995799
miniFE.c 25 Ap 19366.0687056721981207
miniFE.c 25 Ap 19942.9016931553996983
miniFE.c 25 Ap 22443.7520980093977414
miniFE.c 25 Ap 22629.2022504265987664
miniFE.c 25 Ap 1468.9650204409624621
miniFE.c 25 Ap 2784.7112838509997346
miniFE.c 25 Ap 5297.5139884079999320
miniFE.c 25 Ap 8838.6610425799990480
miniFE.c 25 Ap 9581.9742276727993158
miniFE.c 25 Ap 20049.1383863587980159
miniFE.c 25 Ap 21061.8523085989982064
miniFE.c 25 Ap 23066.1607201429978886
miniFE.c 25 Ap 23769.7206112477979332
miniFE.c 25 Ap 3179.3454260399998930
miniFE.c 25 Ap 5397.6649115441996400
miniFE.c 25 Ap 8807.5877122702004272
miniFE.c 25 Ap 11054.0535250612010714
miniFE.c 25 Ap 11760.0087099739012046
miniFE.c 25 Ap 26753.3647406958989450
miniFE.c 25 Ap 27839.0862096834971453
miniFE.c 25 Ap 28473.5365185294976982
miniFE.c 25 Ap 989.4123599472000024
miniFE.c 25 Ap 3608.8072965641999872
miniFE.c 25 Ap 6128.3407890401995246
miniFE.c 25 Ap 6391.8224746028990921
miniFE.c 25 Ap 8601.6889808288997301
miniFE.c 25 Ap 10318.9233197042995016
miniFE.c 25 Ap 19683.6473325842962367
miniFE.c 25 Ap 20178.9207280214977800
miniFE.c 25 Ap 1268.8676034993000030
miniFE.c 25 Ap 2867.0390905766998912
miniFE.c 25 Ap 5470.7324228946999938
miniFE.c 25 Ap 6427.4105067679001877
miniFE.c 25 Ap 7024.8795832297000743
miniFE.c 25 Ap 7797.7765812907000509
miniFE.c 25 Ap 8179.2443669095000587
miniFE.c 25 Ap 20192.2487104374995397
miniFE.c 57 sum 5787878.1172925252467394
miniFE.c 57 sum 12523726.3537057451903820
miniFE.c 57 sum 19195581.2445636950433254
miniFE.c 57 sum 19493255.1073393896222115
miniFE.c 57 sum 23231188.6687538325786591
miniFE.c 57 sum 29654493.9090177752077579
miniFE.c 57 sum 32532581.0861823186278343
miniFE.c 57 sum 36271773.6254816502332687
miniFE.c 90 p_ap_dot 36271773.6254816502332687
miniFE.c 91 alpha 0.0084854970277311
miniFE.c 40 y 1.6802226005077661
miniFE.c 40 y 1.9501683232521645
miniFE.c 40 y 1.7887885951296660
miniFE.c 40 y 1.7195172401437830
miniFE.c 40 y 1.3343961691425850
miniFE.c 40 y 1.9142313947900207
miniFE.c 40 y 1.2102728642700427
miniFE.c 40 y 1.5713409453964342
miniFE.c 40 y -50.0205636852964801
miniFE.c 40 y -18.8757169414736552
miniFE.c 40 y -57.7551057831932155
miniFE.c 40 y 190.1770016852072445
miniFE.c 40 y -44.4417935967418885
miniFE.c 40 y -16.0235094969750378
miniFE.c 40 y -28.5997718604479303
miniFE.c 40 y 13.8383335843754196
miniFE.c 82 oldrtrans 307784.0272895599482581
miniFE.c 48 sum 2502.0567913948011665
miniFE.c 48 sum 2858.3494814494365528
miniFE.c 48 sum 6194.0017254772756132
miniFE.c 48 sum 42361.2936954525939655
miniFE.c 48 sum 44336.3667135479990975
miniFE.c 48 sum 44593.1195701476463000
miniFE.c 48 sum 45411.0665206173143815
miniFE.c 48 sum 45602.5659970097694895
miniFE.c 83 rtrans 45602.5659970097694895
miniFE.c 84 beta 0.1481641734257618
miniFE.c 40 y -20.6824127246706126
miniFE.c 40 y 15.1759216026766026
miniFE.c 40 y -26.5212979385061267
miniFE.c 40 y 220.2012713001331292
miniFE.c 40 y -21.1420735240829423
miniFE.c 40 y 17.4006389562997796
miniFE.c 40 y -7.4673528674090015
miniFE.c 40 y 41.2753159536886187
miniFE.c 87 normr 213.5475731470853589
miniFE.c 25 Ap -1387.6804838620846567
miniFE.c 25 Ap -1158.7130078856212094
miniFE.c 25 Ap -1405.8706324110207788
miniFE.c 25 Ap 1614.5179033645422351
miniFE.c 25 Ap 1317.1882551452190455
miniFE.c 25 Ap 1596.5798744831508884
miniFE.c 25 Ap 1559.2673641082192262
miniFE.c 25 Ap 1823.7621890843611254
miniFE.c 25 Ap -312.0469361041041338
miniFE.c 25 Ap 696.1895452850641277
miniFE.c 25 Ap 314.4958209930221074
miniFE.c 25 Ap 1627.7356859930966948
miniFE.c 25 Ap 1396.5764994894482243
miniFE.c 25 Ap 1564.5320952656161353
miniFE.c 25 Ap 1479.4236130210802003
miniFE.c 25 Ap 1766.4481151820673404
miniFE.c 25 Ap -192.7438095351157870
miniFE.c 25 Ap 25.6675988929578125
miniFE.c 25 Ap -1769.1371047143204578
miniFE.c 25 Ap 347.4760502450369586
miniFE.c 25 Ap -7.6723063857426155
miniFE.c 25 Ap 273.7950351732861805
miniFE.c 25 Ap 184.5456817431858383
miniFE.c 25 Ap 694.3441258909060707
miniFE.c 25 Ap -283.6901073138172364
miniFE.c 25 Ap -193.1837032450288802
miniFE.c 25 Ap -448.1110602570890364
miniFE.c 25 Ap 13953.4286269455387810
miniFE.c 25 Ap 13875.8771333469685487
miniFE.c 25 Ap 14068.7787027462218248
miniFE.c 25 Ap 14059.0694041253718751
miniFE.c 25 Ap 14253.9313264515822084
miniFE.c 25 Ap -290.8652499362599428
miniFE.c 25 Ap -124.9376417420190251
miniFE.c 25 Ap -570.4471783466738088
miniFE.c 25 Ap 237.2757473246000472
miniFE.c 25 Ap -1169.9673054510008114
miniFE.c 25 Ap -1091.8522352439072165
miniFE.c 25 Ap -1196.7884061896309049
miniFE.c 25 Ap -1039.9695298247754636
miniFE.c 25 Ap -332.0850916724012336
miniFE.c 25 Ap -185.6030595682203739
miniFE.c 25 Ap -614.6033534191344643
miniFE.c 25 Ap 1826.5237180742981309
miniFE.c 25 Ap 1731.6125736154704100
miniFE.c 25 Ap 2888.1159387405405141
miniFE.c 25 Ap 2831.2726640164878518
miniFE.c 25 Ap 2972.6874686414789721
miniFE.c 25 Ap -103.3448871468233250
miniFE.c 25 Ap 69.6213134867390266
miniFE.c 25 Ap -247.3596481964098643
miniFE.c 25 Ap 38.9533113899761361
miniFE.c 25 Ap -258.1490595389632290
miniFE.c 25 Ap -125.6912370508987635
miniFE.c 25 Ap -615.9841850898123994
miniFE.c 25 Ap -505.5909998786628421
miniFE.c 25 Ap -132.5342037316909511
miniFE.c 25 Ap -27.0023321469949167
miniFE.c 25 Ap -354.5713916061336022
miniFE.c 25 Ap 685.0049758373911573
miniFE.c 25 Ap 604.6790924985489255
miniFE.c 25 Ap 664.2960306490911080
miniFE.c 25 Ap 644.3241697660922682
miniFE.c 25 Ap 3321.9438958706523408
miniFE.c 57 sum -37719.8023062915235641
miniFE.c 57 sum -10912.3241950926203572
miniFE.c 57 sum -29327.2316296969474934
miniFE.c 57 sum 3109406.5674797343090177
miniFE.c 57 sum 3131393.6797420955263078
miniFE.c 57 sum 3183120.3411138425581157
miniFE.c 57 sum 3186895.7675165226683021
miniFE.c 57 sum 3324010.0513990111649036
miniFE.c 90 p_ap_dot 3324010.0513990111649036
miniFE.c 91 alpha 0.0137191420278096
miniFE.c 40 y 1.3964776428602330
miniFE.c 40 y 2.1583689471221890
miniFE.c 40 y 1.4249391419494462
miniFE.c 40 y 4.7404897558145462
miniFE.c 40 y 1.0443450597032977
miniFE.c 40 y 2.1529532320061344
miniFE.c 40 y 1.1078271897102872
miniFE.c 40 y 2.1376028672078045
miniFE.c 40 y -75.0410161822938022
miniFE.c 40 y -43.1098695184130349
miniFE.c 40 y -67.2809114624658804
miniFE.c 40 y -5.3747066370266907
miniFE.c 40 y -30.1743039124814061
miniFE.c 40 y -56.8062310835573285
miniFE.c 40 y -21.6634971251302808
miniFE.c 40 y -31.7358865314892498
miniFE.c 82 oldrtrans 45602.5659970097694895
miniFE.c 48 sum 5631.1541096712799117
miniFE.c 48 sum 7489.6149595658771432
miniFE.c 48 sum 12016.3360067860485287
miniFE.c 48 sum 12045.2234782201467169
miniFE.c 48 sum 12955.7120948229367059
miniFE.c 48 sum 16182.6599847414508986
miniFE.c 48 sum 16651.9670924319798360
miniFE.c 48 sum 17659.1335863715394225
miniFE.c 83 rtrans 17659.1335863715394225
miniFE.c 84 beta 0.3872399107438269
miniFE.c 40 y -83.0500718397622393
miniFE.c 40 y -37.2331469915372324
miniFE.c 40 y -77.5510165089834373
miniFE.c 40 y 79.8960140069140721
miniFE.c 40 y -38.3613585768867082
miniFE.c 40 y -50.0680092072342475
miniFE.c 40 y -24.5551541829984039
miniFE.c 40 y -15.7524368656596145
miniFE.c 87 normr 132.8876728156962486
miniFE.c 25 Ap -5572.2204855680147375
miniFE.c 25 Ap -6133.9774524601825760
miniFE.c 25 Ap -6856.6918936739157289
miniFE.c 25 Ap -5760.7990165082192107
miniFE.c 25 Ap -6300.2905303319930681
miniFE.c 25 Ap -7104.2025133670285868
miniFE.c 25 Ap -7226.8985291412345759
miniFE.c 25 Ap -7327.8411369799041495
miniFE.c 25 Ap -1253.0221113860047808
miniFE.c 25 Ap -3726.6654324724972867
miniFE.c 25 Ap -4842.7773355392919257
miniFE.c 25 Ap -4366.2922088686336792
miniFE.c 25 Ap -4785.7203426184678392
miniFE.c 25 Ap -5268.9900855771420538
miniFE.c 25 Ap -5548.8552454139899055
miniFE.c 25 Ap -5658.3961476389740710
miniFE.c 25 Ap -773.9613091400461826
miniFE.c 25 Ap -1309.8196436478401665
miniFE.c 25 Ap -6558.0141144682720551
miniFE.c 25 Ap -5790.0396460313622811
miniFE.c 25 Ap -6434.4406524504493063
miniFE.c 25 Ap -7244.3252483038158971
miniFE.c 25 Ap -7537.8069777897617314
miniFE.c 25 Ap -7732.3680034317903846
miniFE.c 25 Ap -1139.1554798893803309
miniFE.c 25 Ap -1361.2071176478618781
miniFE.c 25 Ap -2106.6410597600997789
miniFE.c 25 Ap 3118.6948784760315903
miniFE.c 25 Ap 2977.9811187438504021
miniFE.c 25 Ap 2422.9326761534643992
miniFE.c 25 Ap 2391.0052543646420418
miniFE.c 25 Ap 2316.6375588536307077
miniFE.c 25 Ap -1167.9672108120305438
miniFE.c 25 Ap -1575.0599190901718885
miniFE.c 25 Ap -2877.7758535910470528
miniFE.c 25 Ap -2584.7083258601173839
miniFE.c 25 Ap -5138.0886880495036166
miniFE.c 25 Ap -5362.8543454586842927
miniFE.c 25 Ap -5707.9195784399389595
miniFE.c 25 Ap -5767.7684104162408403
miniFE.c 25 Ap -1333.4851734879584910
miniFE.c 25 Ap -1692.8694122673755373
miniFE.c 25 Ap -2947.3106145015735819
miniFE.c 25 Ap -2061.5921917824648517
miniFE.c 25 Ap -2233.8042712353349089
miniFE.c 25 Ap -5561.4878855382303300
miniFE.c 25 Ap -5748.4075878610638028
miniFE.c 25 Ap -5802.3775631417902332
miniFE.c 25 Ap -414.9806125654756102
miniFE.c 25 Ap -839.3420544182920366
miniFE.c 25 Ap -1766.2271506726715415
miniFE.c 25 Ap -1662.3437166924195481
miniFE.c 25 Ap -2201.4228459114924590
miniFE.c 25 Ap -2582.5524982511601593
miniFE.c 25 Ap -4194.7997226293055064
miniFE.c 25 Ap -4236.9305129154136011
miniFE.c 25 Ap -532.1900925037223260
miniFE.c 25 Ap -791.1057478344671381
miniFE.c 25 Ap -1748.9515364097280781
miniFE.c 25 Ap -1371.7602171946946328
miniFE.c 25 Ap -1517.5079845674863464
miniFE.c 25 Ap -1689.0477432927139034
miniFE.c 25 Ap -1754.7219027989315236
miniFE.c 25 Ap -2776.6168225866376815
miniFE.c 57 sum 608577.7328565460629761
miniFE.c 57 sum 819257.6283579359296709
miniFE.c 57 sum 1418910.6270456099882722
miniFE.c 57 sum 1604000.7338967230170965
miniFE.c 57 sum 1825260.1660771402530372
miniFE.c 57 sum 2115773.6593323727138340
miniFE.c 57 sum 2219812.1413396610878408
miniFE.c 57 sum 2263550.6225375854410231
miniFE.c 90 p_ap_dot 2263550.6225375854410231
miniFE.c 91 alpha 0.0078015191754689
miniFE.c 40 y 0.7485609148782582
miniFE.c 40 y 1.8678938369046589
miniFE.c 40 y 0.8199233995775066
miniFE.c 40 y 5.3638000411330182
miniFE.c 40 y 0.7450681851686777
miniFE.c 40 y 1.7623466980983431
miniFE.c 40 y 0.9162596834950297
miniFE.c 40 y 2.0147099289399977
miniFE.c 40 y -17.8727230373552501
miniFE.c 40 y 1.0342165297917774
miniFE.c 40 y -6.9566942119105875
miniFE.c 40 y -23.4479989750347535
miniFE.c 40 y 14.8230519410446746
miniFE.c 40 y -11.5388712613961388
miniFE.c 40 y 11.3909975165086017
miniFE.c 40 y -10.0740571471500644
miniFE.c 82 oldrtrans 17659.1335863715394225
miniFE.c 48 sum 319.4342287700090992
miniFE.c 48 sum 320.5038326005036424
miniFE.c 48 sum 368.8994269585339225
miniFE.c 48 sum 918.7080828917647750
miniFE.c 48 sum 1138.4309517386730022
miniFE.c 48 sum 1271.5765017257467662
miniFE.c 48 sum 1401.3313261468520068
miniFE.c 48 sum 1502.8179535508973004
miniFE.c 83 rtrans 1502.8179535508973004
miniFE.c 84 beta 0.0851014545079776
miniFE.c 40 y -24.9404049479110483
miniFE.c 40 y -2.1343784350973722
miniFE.c 40 y -13.5563985153972624
miniFE.c 40 y -16.6487319736566128
miniFE.c 40 y 11.5584445292495328
miniFE.c 40 y -15.7997316692505887
miniFE.c 40 y 9.3013181798677866
miniFE.c 40 y -11.4146124364627859
miniFE.c 87 normr 38.7661960159995260
miniFE.c 25 Ap -1673.3692372626569522
miniFE.c 25 Ap -1705.5717786211102975
miniFE.c 25 Ap -1831.9067438989811762
miniFE.c 25 Ap -2060.2689095283221832
miniFE.c 25 Ap -1897.7177651512290595
miniFE.c 25 Ap -2151.4045767253842314
miniFE.c 25 Ap -2104.9281965074933396
miniFE.c 25 Ap -2178.0737521209302940
miniFE.c 25 Ap -376.2896066718553243
miniFE.c 25 Ap -518.0904316692610792
miniFE.c 25 Ap -713.1937124109030037
miniFE.c 25 Ap -812.4836865351078359
miniFE.c 25 Ap -686.1081618456598790
miniFE.c 25 Ap -838.6113746458905780
miniFE.c 25 Ap -732.6004378094836511
miniFE.c 25 Ap -811.9765340606270456
miniFE.c 25 Ap -232.4249460158369516
miniFE.c 25 Ap -263.1428564224052593
miniFE.c 25 Ap -1180.5597896292661062
miniFE.c 25 Ap -1340.5903148881488960
miniFE.c 25 Ap -1146.4294831658000930
miniFE.c 25 Ap -1402.0010447307802224
miniFE.c 25 Ap -1290.8322479240912344
miniFE.c 25 Ap -1431.8160666109572503
miniFE.c 25 Ap -342.0948150639724190
miniFE.c 25 Ap -354.8238553252610927
miniFE.c 25 Ap -485.1303302249997387
miniFE.c 25 Ap -1573.9858706338172851
miniFE.c 25 Ap -1531.5882015547426818
miniFE.c 25 Ap -1706.7422888695709844
miniFE.c 25 Ap -1694.6484080286070366
miniFE.c 25 Ap -1748.5371129502959775
miniFE.c 25 Ap -350.7471403485017163
miniFE.c 25 Ap -374.0836017502666664
miniFE.c 25 Ap -601.8064241636426459
miniFE.c 25 Ap -662.8758377009961578
miniFE.c 25 Ap 106.4687938059596490
miniFE.c 25 Ap 35.5405277982382160
miniFE.c 25 Ap 166.2487897317390662
miniFE.c 25 Ap 122.8808189466134166
miniFE.c 25 Ap -400.4531180056389417
miniFE.c 25 Ap -421.0547064058625324
miniFE.c 25 Ap -640.3388063073888361
miniFE.c 25 Ap -824.9048176068289422
miniFE.c 25 Ap -773.0165675170102304
miniFE.c 25 Ap -1823.1183993779627599
miniFE.c 25 Ap -1752.3145423777641554
miniFE.c 25 Ap -1791.4225455577645789
miniFE.c 25 Ap -124.6210183042844193
miniFE.c 25 Ap -148.9474044242475657
miniFE.c 25 Ap -310.9726660963647191
miniFE.c 25 Ap -332.6198968166681880
miniFE.c 25 Ap -170.1930057182644589
miniFE.c 25 Ap -290.4643393204688664
miniFE.c 25 Ap 320.2434699969261374
miniFE.c 25 Ap 289.7144384026975104
miniFE.c 25 Ap -159.8196861517257332
miniFE.c 25 Ap -174.6619446203062296
miniFE.c 25 Ap -342.0993272717254285
miniFE.c 25 Ap -420.6984570838535546
miniFE.c 25 Ap -376.7840195629837012
miniFE.c 25 Ap -430.9160332256115566
miniFE.c 25 Ap -406.0391275784189133
miniFE.c 25 Ap -1146.5299201868713226
miniFE.c 57 sum 54322.0413843120331876
miniFE.c 57 sum 56055.1065884161434951
miniFE.c 57 sum 75465.3757881428755354
miniFE.c 57 sum 104576.3015276436926797
miniFE.c 57 sum 105996.6126571468776092
miniFE.c 57 sum 134300.6081832053896505
miniFE.c 57 sum 136995.3343560905777849
miniFE.c 57 sum 150082.5290418323129416
miniFE.c 90 p_ap_dot 150082.5290418323129416
miniFE.c 91 alpha 0.0100132771158995
miniFE.c 40 y 0.4988257287520745
miniFE.c 40 y 1.8465217141638290
miniFE.c 40 y 0.6841794245492656
miniFE.c 40 y 5.1970916742524587
miniFE.c 40 y 0.8608060932688054
miniFE.c 40 y 1.6041396065372839
miniFE.c 40 y 1.0093963599731997
miniFE.c 40 y 1.9004122514431034
miniFE.c 40 y 3.9369330214985609
miniFE.c 40 y 9.1647625769484211
miniFE.c 40 y 7.3804768420621034
miniFE.c 40 y -5.9394123156286263
miniFE.c 40 y 13.5926122487035634
miniFE.c 40 y 6.3991391189438040
miniFE.c 40 y 8.4900065603052042
miniFE.c 40 y 1.4064646653511819
miniFE.c 82 oldrtrans 1502.8179535508973004
miniFE.c 48 sum 15.4994416157657877
miniFE.c 48 sum 99.4923147076000589
miniFE.c 48 sum 153.9637531238150530
miniFE.c 48 sum 189.2403717788560584
miniFE.c 48 sum 373.9994795224621953
miniFE.c 48 sum 414.9484609860591036
miniFE.c 48 sum 487.0286723800845152
miniFE.c 48 sum 489.0068152349659272
miniFE.c 83 rtrans 489.0068152349659272
miniFE.c 84 beta 0.3253932481173304
miniFE.c 40 y -4.1785063538637548
miniFE.c 40 y 8.4702502452405017
miniFE.c 40 y 2.9693162963640320
miniFE.c 40 y -11.3567972895716061
miniFE.c 40 y 17.3536520572600566
miniFE.c 40 y 1.2580131117041038
miniFE.c 40 y 11.5165926946251602
miniFE.c 40 y -2.3077731513499193
miniFE.c 87 normr 22.1134984847483125
miniFE.c 25 Ap -280.3556720456460312
miniFE.c 25 Ap -152.5603479580676947
miniFE.c 25 Ap -124.8886569278801630
miniFE.c 25 Ap -280.6640533823161832
miniFE.c 25 Ap -36.6125295037245451
miniFE.c 25 Ap -16.4133677769587720
miniFE.c 25 Ap 41.1321898030948816
miniFE.c 25 Ap 26.3438340595360643
miniFE.c 25 Ap -63.0434235392370965
miniFE.c 25 Ap 499.6911192012055380
miniFE.c 25 Ap 542.4254302589878307
miniFE.c 25 Ap 474.6955808746840830
miniFE.c 25 Ap 664.4336445444632773
miniFE.c 25 Ap 676.5763217301190480
miniFE.c 25 Ap 807.8356504737668047
miniFE.c 25 Ap 791.7876221410482458
miniFE.c 25 Ap -38.9403907335097017
miniFE.c 25 Ap 82.9631966884842456
miniFE.c 25 Ap 283.9089749670904439
miniFE.c 25 Ap 174.7454519802024890
miniFE.c 25 Ap 466.2552228954272096
miniFE.c 25 Ap 486.6044530062881677
miniFE.c 25 Ap 624.2500778968864097
miniFE.c 25 Ap 595.7463793831278736
miniFE.c 25 Ap -57.3144406177086552
miniFE.c 25 Ap -6.7994266811394297
miniFE.c 25 Ap 21.7421611898635128
miniFE.c 25 Ap -721.0118016714845908
miniFE.c 25 Ap -657.3566623164242628
miniFE.c 25 Ap -643.4104673415148454
miniFE.c 25 Ap -628.4362134724042335
miniFE.c 25 Ap -639.3312751375754033
miniFE.c 25 Ap -58.7640480419910674
miniFE.c 25 Ap 33.8463647418729394
miniFE.c 25 Ap 83.7254743651292870
miniFE.c 25 Ap 42.0674699456842092
miniFE.c 25 Ap 1197.1484164785058510
miniFE.c 25 Ap 1202.7958977456596585
miniFE.c 25 Ap 1364.6346592417107786
miniFE.c 25 Ap 1355.8666490124073789
miniFE.c 25 Ap -67.0917694201779966
miniFE.c 25 Ap 14.6653390334485465
miniFE.c 25 Ap 62.6960789553812532
miniFE.c 25 Ap -63.2041265491077127
miniFE.c 25 Ap 14.7000097419085449
miniFE.c 25 Ap 98.3116748486385461
miniFE.c 25 Ap 185.9787309057792868
miniFE.c 25 Ap 178.0719885398790439
miniFE.c 25 Ap -20.8789599806814223
miniFE.c 25 Ap 75.6599548669251192
miniFE.c 25 Ap 111.1490450820902538
miniFE.c 25 Ap 96.3825624718786997
miniFE.c 25 Ap 340.2475345908547979
miniFE.c 25 Ap 349.8238310622801350
miniFE.c 25 Ap 1105.9825775245178647
miniFE.c 25 Ap 1099.8103066881628820
miniFE.c 25 Ap -26.7761319614592352
miniFE.c 25 Ap 32.1251581594191791
miniFE.c 25 Ap 68.7996885195817214
miniFE.c 25 Ap 15.1839305251900640
miniFE.c 25 Ap 81.1163202251163682
miniFE.c 25 Ap 85.4264429775847134
miniFE.c 25 Ap 116.2282265851433039
miniFE.c 25 Ap -33.4820486883959205
miniFE.c 57 sum -110.0778780029038444
miniFE.c 57 sum 6596.5614226157031226
miniFE.c 57 sum 8365.5208554178934719
miniFE.c 57 sum 15626.2765480386697163
miniFE.c 57 sum 39155.5146110431305715
miniFE.c 57 sum 39379.5315074535246822
miniFE.c 57 sum 52045.5988509318776778
miniFE.c 57 sum 52122.8678239471482811
miniFE.c 90 p_ap_dot 52122.8678239471482811
miniFE.c 91 alpha 0.0093818094753854
miniFE.c 40 y 0.4596237782484376
miniFE.c 40 y 1.9259879881735116
miniFE.c 40 y 0.7120369843139098
miniFE.c 40 y 5.0905443658311249
miniFE.c 40 y 1.0236147505721485
miniFE.c 40 y 1.6159420458688285
miniFE.c 40 y 1.1174428384397879
miniFE.c 40 y 1.8787611634247288
miniFE.c 40 y 3.6897801895008260
miniFE.c 40 y 1.7363619610526939
miniFE.c 40 y 1.7912978150389547
miniFE.c 40 y 0.0586718993672815
miniFE.c 40 y 0.8721296736399680
miniFE.c 40 y 4.7285016495596537
miniFE.c 40 y -1.8282041961082776
miniFE.c 40 y 1.7205868669912885
miniFE.c 82 oldrtrans 489.0068152349659272
miniFE.c 48 sum 13.6144778468327505
miniFE.c 48 sum 16.6294307066235092
miniFE.c 48 sum 19.8381785687868408
miniFE.c 48 sum 19.8416209605622065
miniFE.c 48 sum 20.6022311282055632
miniFE.c 48 sum 42.9609589780939274
miniFE.c 48 sum 46.3032895607618400
miniFE.c 48 sum 49.2637087276247385
miniFE.c 83 rtrans 49.2637087276247385
miniFE.c 84 beta 0.1007423765739414
miniFE.c 40 y 3.2688275288832767
miniFE.c 40 y 2.5896751009342323
miniFE.c 40 y 2.0904337955344010
miniFE.c 40 y -1.0854388498526586
miniFE.c 40 y 2.6203778241256139
miniFE.c 40 y 4.8552368801939041
miniFE.c 40 y -0.6679952780176468
miniFE.c 40 y 1.4880963151307633
miniFE.c 87 normr 7.0188110622544002
miniFE.c 25 Ap 219.3210350904400912
miniFE.c 25 Ap 258.3928876595403494
miniFE.c 25 Ap 277.8740854625239081
miniFE.c 25 Ap 262.9856743329083884
miniFE.c 25 Ap 299.8371220284947753
miniFE.c 25 Ap 377.7947474716401643
miniFE.c 25 Ap 374.4569407302149102
miniFE.c 25 Ap 383.9927556676407221
miniFE.c 25 Ap 49.3185987834028836
miniFE.c 25 Ap 221.3677816973790584
miniFE.c 25 Ap 251.4532421696962956
miniFE.c 25 Ap 244.9798845899234152
miniFE.c 25 Ap 273.6300737715614559
miniFE.c 25 Ap 320.4941116322031576
miniFE.c 25 Ap 312.8806955705720725
miniFE.c 25 Ap 323.2287715125524983
miniFE.c 25 Ap 30.4629000019269043
miniFE.c 25 Ap 67.7334263643193424
miniFE.c 25 Ap 209.2016311823560102
miniFE.c 25 Ap 198.7682030057735290
miniFE.c 25 Ap 242.7857813634439310
miniFE.c 25 Ap 321.3225880140276445
miniFE.c 25 Ap 313.3387485308774103
miniFE.c 25 Ap 331.7184790954310643
miniFE.c 25 Ap 44.8368401116521795
miniFE.c 25 Ap 60.2811859134053663
miniFE.c 25 Ap 80.3748013819962495
miniFE.c 25 Ap 9.3852445011991392
miniFE.c 25 Ap 18.9970838424081947
miniFE.c 25 Ap 72.8217058201809948
miniFE.c 25 Ap 71.9531563158582799
miniFE.c 25 Ap 78.9785006862874326
miniFE.c 25 Ap 45.9708617579723580
miniFE.c 25 Ap 74.2853593382978943
miniFE.c 25 Ap 109.4008425137679552
miniFE.c 25 Ap 105.4193312433572203
miniFE.c 25 Ap 279.8349808932164819
miniFE.c 25 Ap 301.6311442824411415
miniFE.c 25 Ap 292.2440337588536750
miniFE.c 25 Ap 297.8978146365899420
miniFE.c 25 Ap 52.4856023347614453
miniFE.c 25 Ap 77.4818352625555065
miniFE.c 25 Ap 111.2960443046433596
miniFE.c 25 Ap 99.2629886134502755
miniFE.c 25 Ap 111.0264070841597572
miniFE.c 25 Ap 433.7213267664448040
miniFE.c 25 Ap 428.6363870593030470
miniFE.c 25 Ap 433.7348059279435688
miniFE.c 25 Ap 16.3335204926025703
miniFE.c 25 Ap 45.8491093847413964
miniFE.c 25 Ap 70.8338486829408254
miniFE.c 25 Ap 69.4225252708803566
miniFE.c 25 Ap 106.2458039048574108
miniFE.c 25 Ap 143.2050274385077842
miniFE.c 25 Ap 99.3456598753695346
miniFE.c 25 Ap 103.3256582916767172
miniFE.c 25 Ap 20.9468527412183576
miniFE.c 25 Ap 38.9551996049551192
miniFE.c 25 Ap 64.7745027873457389
miniFE.c 25 Ap 59.6501155849035456
miniFE.c 25 Ap 69.6058166264613050
miniFE.c 25 Ap 86.2405136349844383
miniFE.c 25 Ap 84.4539221881953921
miniFE.c 25 Ap 180.9899742006950021
miniFE.c 57 sum 1255.2060906181338851
miniFE.c 57 sum 2092.2635921097512437
miniFE.c 57 sum 2785.6991114141119397
miniFE.c 57 sum 2699.9727784661008627
miniFE.c 57 sum 3480.5776057953039526
miniFE.c 57 sum 5586.4628317604010590
miniFE.c 57 sum 5517.4417799234961421
miniFE.c 57 sum 5786.7722936071622826
miniFE.c 90 p_ap_dot 5786.7722936071622826
miniFE.c 91 alpha 0.0085131583252460
miniFE.c 40 y 0.4874518245397436
miniFE.c 40 y 1.9480343023187121
miniFE.c 40 y 0.7298331781837392
miniFE.c 40 y 5.0813038530499561
miniFE.c 40 y 1.0459224418608934
miniFE.c 40 y 1.6572754461364927
miniFE.c 40 y 1.1117560888775069
miniFE.c 40 y 1.8914295629586522
miniFE.c 40 y 0.4207890647546950
miniFE.c 40 y -1.0153357461084314
miniFE.c 40 y -1.0326741169102571
miniFE.c 40 y -0.6136845812656337
miniFE.c 40 y -1.6639215871061088
miniFE.c 40 y 1.0360485755252204
miniFE.c 40 y -2.7078318842055893
miniFE.c 40 y 0.1797905613385822
miniFE.c 82 oldrtrans 49.2637087276247385
miniFE.c 48 sum 0.1770634370171309
miniFE.c 48 sum 1.2079701143426960
miniFE.c 48 sum 2.2743859460790752
miniFE.c 48 sum 2.6509947113622516
miniFE.c 48 sum 5.4196297593999638
miniFE.c 48 sum 6.4930264102478024
miniFE.c 48 sum 13.8253799233681942
miniFE.c 48 sum 13.8577045693146363
miniFE.c 83 rtrans 13.8577045693146363
miniFE.c 84 beta 0.2812964132670729
miniFE.c 40 y 1.3402985242182299
miniFE.c 40 y -0.2868694286885868
miniFE.c 40 y -0.4446425880541564
miniFE.c 40 y -0.9190146365499235
miniFE.c 40 y -0.9268187037749968
miniFE.c 40 y 2.4018092954857790
miniFE.c 40 y -2.8957365599912945
miniFE.c 40 y 0.5983867173808137
miniFE.c 87 normr 3.7225937959055693
miniFE.c 25 Ap 89.9269407958501290
miniFE.c 25 Ap 85.5987839470396352
miniFE.c 25 Ap 81.4550649600917041
miniFE.c 25 Ap 68.8494098880010483
miniFE.c 25 Ap 55.8151784611447255
miniFE.c 25 Ap 94.3795892331825854
miniFE.c 25 Ap 79.9103117855729579
miniFE.c 25 Ap 83.7448115689124108
miniFE.c 25 Ap 20.2218209990687541
miniFE.c 25 Ap 1.1631943817508770
miniFE.c 25 Ap -5.2360884062468998
miniFE.c 25 Ap -10.7169225999375186
miniFE.c 25 Ap -20.8503968477188621
miniFE.c 25 Ap 2.3325053535824729
miniFE.c 25 Ap -30.6713914726279064
miniFE.c 25 Ap -26.5102688818600321
miniFE.c 25 Ap 12.4905274307753427
miniFE.c 25 Ap 8.3619112191720610
miniFE.c 25 Ap -21.7288713026378453
miniFE.c 25 Ap -30.5626008167171079
miniFE.c 25 Ap -46.1314682300961820
miniFE.c 25 Ap -7.2805456271998210
miniFE.c 25 Ap -41.8902152480221730
miniFE.c 25 Ap -34.4994391759097851
miniFE.c 25 Ap 18.3841913044541094
miniFE.c 25 Ap 16.6733548157302565
miniFE.c 25 Ap 12.3993724469007951
miniFE.c 25 Ap -47.7057562984927017
miniFE.c 25 Ap -51.1054311076342103
miniFE.c 25 Ap -24.4792374569013695
miniFE.c 25 Ap -28.2443696915085312
miniFE.c 25 Ap -25.4193692439256225
miniFE.c 25 Ap 18.8491676684758964
miniFE.c 25 Ap 15.7126492142720764
miniFE.c 25 Ap 8.2434629844725080
miniFE.c 25 Ap 4.8724143679680951
miniFE.c 25 Ap -56.8178063468624472
miniFE.c 25 Ap -46.0355872449026151
miniFE.c 25 Ap -86.7283885720298713
miniFE.c 25 Ap -84.4549151779896903
miniFE.c 25 Ap 21.5203692242575855
miniFE.c 25 Ap 18.7514291912873148
miniFE.c 25 Ap 11.5590285261255783
miniFE.c 25 Ap 1.3709333569431479
miniFE.c 25 Ap -2.7897476557744945
miniFE.c 25 Ap 156.8423520386066059
miniFE.c 25 Ap 134.7993132629150352
miniFE.c 25 Ap 136.8494669388685452
miniFE.c 25 Ap 6.6971393314844887
miniFE.c 25 Ap 3.4275708362549024
miniFE.c 25 Ap -1.8867706976130916
miniFE.c 25 Ap -3.0817038555383083
miniFE.c 25 Ap -16.1059719813290556
miniFE.c 25 Ap 2.1771744083303162
miniFE.c 25 Ap -187.9516757948900931
miniFE.c 25 Ap -186.3512564112122050
miniFE.c 25 Ap 8.5887173819974443
miniFE.c 25 Ap 6.5938554881010232
miniFE.c 25 Ap 1.1019992938041687
miniFE.c 25 Ap -3.2366945377578435
miniFE.c 25 Ap -6.7579920581209318
miniFE.c 25 Ap 1.4709308324682375
miniFE.c 25 Ap -6.2738816542123992
miniFE.c 25 Ap 32.5447691853248813
miniFE.c 57 sum 112.2430473567470557
miniFE.c 57 sum 119.8480330452670586
miniFE.c 57 sum 135.1879529668605358
miniFE.c 57 sum 158.5487253538951506
miniFE.c 57 sum 236.8231203665868634
miniFE.c 57 sum 565.5094421426351801
miniFE.c 57 sum 1105.1335883328945329
miniFE.c 57 sum 1124.6079459336174295
miniFE.c 90 p_ap_dot 1124.6079459336174295
miniFE.c 91 alpha 0.0123222538302540
miniFE.c 40 y 0.5039673231634755
miniFE.c 40 y 1.9444994244022713
miniFE.c 40 y 0.7243541793499948
miniFE.c 40 y 5.0699795214246697
miniFE.c 40 y 1.0345019465383509
miniFE.c 40 y 1.6868711499273321
miniFE.c 40 y 1.0760740879597475
miniFE.c 40 y 1.8988030359788710
miniFE.c 40 y -0.6111357603642382
miniFE.c 40 y -0.6886694838378673
miniFE.c 40 y -0.6075632703832867
miniFE.c 40 y -0.3004606612370297
miniFE.c 40 y -0.6232466850703460
miniFE.c 40 y -0.6502452926304749
miniFE.c 40 y -0.4115644011198785
miniFE.c 40 y -0.2212343454100207
miniFE.c 82 oldrtrans 13.8577045693146363
miniFE.c 48 sum 0.3734869175959756
miniFE.c 48 sum 0.8477525755654902
miniFE.c 48 sum 1.2168857030843250
miniFE.c 48 sum 1.3071623120353182
miniFE.c 48 sum 1.6955987424864931
miniFE.c 48 sum 2.1184176830745849
miniFE.c 48 sum 2.2878029393437491
miniFE.c 48 sum 2.3367475749327493
miniFE.c 83 rtrans 2.3367475749327493
miniFE.c 84 beta 0.1686244329459189
miniFE.c 40 y -0.3851286817396873
miniFE.c 40 y -0.7370426785799999
miniFE.c 40 y -0.6825408746575247
miniFE.c 40 y -0.4554289831942603
miniFE.c 40 y -0.7795309634380764
miniFE.c 40 y -0.2452415621349486
miniFE.c 40 y -0.8998563365091763
miniFE.c 40 y -0.1203317245093112
miniFE.c 87 normr 1.5286423960275173
miniFE.c 25 Ap -25.8400972140066152
miniFE.c 25 Ap -36.9602654792162895
miniFE.c 25 Ap -43.3210092713560613
miniFE.c 25 Ap -49.5678963650503022
miniFE.c 25 Ap -60.5307599115749753
miniFE.c 25 Ap -64.4684565298385621
miniFE.c 25 Ap -68.9648154790034624
miniFE.c 25 Ap -69.7359087505577691
miniFE.c 25 Ap -5.8106482421816192
miniFE.c 25 Ap -54.7772504915028549
miniFE.c 25 Ap -64.6003582833477026
miniFE.c 25 Ap -67.3164529401853571
miniFE.c 25 Ap -75.8395404773415436
miniFE.c 25 Ap -78.2066772693235919
miniFE.c 25 Ap -88.4627088776166488
miniFE.c 25 Ap -89.2994838973453966
miniFE.c 25 Ap -3.5890962175413561
miniFE.c 25 Ap -14.1965923363843594
miniFE.c 25 Ap -60.3869249166364028
miniFE.c 25 Ap -64.7645880031716956
miniFE.c 25 Ap -77.8592894425779178
miniFE.c 25 Ap -81.8262409267885857
miniFE.c 25 Ap -92.5812698693660678
miniFE.c 25 Ap -94.0675074551737396
miniFE.c 25 Ap -5.2826137117956034
miniFE.c 25 Ap -9.6782006309938637
miniFE.c 25 Ap -16.2389029628550574
miniFE.c 25 Ap -46.0247372473209424
miniFE.c 25 Ap -48.8841441286797078
miniFE.c 25 Ap -51.6028651099359124
miniFE.c 25 Ap -52.7728880139242449
miniFE.c 25 Ap -53.3409774546209903
miniFE.c 25 Ap -5.4162225540647349
miniFE.c 25 Ap -13.4747597550138085
miniFE.c 25 Ap -24.9402042248683458
miniFE.c 25 Ap -26.6107687432710094
miniFE.c 25 Ap -78.4973318787233154
miniFE.c 25 Ap -79.5982720161504602
miniFE.c 25 Ap -92.2436471619595011
miniFE.c 25 Ap -92.7008280554932611
miniFE.c 25 Ap -6.1837801654851150
miniFE.c 25 Ap -13.2979121524917758
miniFE.c 25 Ap -24.3384817532807531
miniFE.c 25 Ap -29.3873173637841703
miniFE.c 25 Ap -32.8867932215671246
miniFE.c 25 Ap -49.1863493809639891
miniFE.c 25 Ap -56.0362708801362643
miniFE.c 25 Ap -56.4485436130879705
miniFE.c 25 Ap -1.9243925107401458
miniFE.c 25 Ap -10.3247701060146237
miniFE.c 25 Ap -18.4824576874688802
miniFE.c 25 Ap -19.0746214805745034
miniFE.c 25 Ap -30.0291050692422203
miniFE.c 25 Ap -31.8959424529467981
miniFE.c 25 Ap -90.9788897667336016
miniFE.c 25 Ap -91.3007238228420448
miniFE.c 25 Ap -2.4679288556948658
miniFE.c 25 Ap -7.5932514123576844
miniFE.c 25 Ap -16.0234297872014650
miniFE.c 25 Ap -18.1735227688730987
miniFE.c 25 Ap -21.1352243804399933
miniFE.c 25 Ap -21.9754550799252151
miniFE.c 25 Ap -24.3821721437301875
miniFE.c 25 Ap -32.1883534358086365
miniFE.c 57 sum 26.8572986070214377
miniFE.c 57 sum 92.6748294145324536
miniFE.c 57 sum 156.8797482298399473
miniFE.c 57 sum 181.1727753545859514
miniFE.c 57 sum 253.4359411601920726
miniFE.c 57 sum 267.2794701761085321
miniFE.c 57 sum 349.4370050359672177
miniFE.c 57 sum 353.3102851140133112
miniFE.c 90 p_ap_dot 353.3102851140133112
miniFE.c 91 alpha 0.0066138679607889
miniFE.c 40 y 0.5014201329145365
miniFE.c 40 y 1.9396247214446771
miniFE.c 40 y 0.7198399441271686
miniFE.c 40 y 5.0669673742643067
miniFE.c 40 y 1.0293462316748250
miniFE.c 40 y 1.6852491546168740
miniFE.c 40 y 1.0701225569663966
miniFE.c 40 y 1.8980071778414724
miniFE.c 40 y -0.1499116677624288
miniFE.c 40 y -0.0980544883742340
miniFE.c 40 y 0.0145868033257539
miniFE.c 40 y 0.0523295205472489
miniFE.c 40 y -0.0101356484555222
miniFE.c 40 y -0.2769020785946799
miniFE.c 40 y 0.1922865309688485
miniFE.c 40 y -0.0083448259103781
