miniFE.c 167 A 67.0947100000000063
miniFE.c 167 A 15.0875500000000002
miniFE.c 167 A 9.3192129999999995
miniFE.c 167 A 13.7164900000000003
miniFE.c 167 A 14.0634099999999993
miniFE.c 167 A 16.0564000000000000
miniFE.c 167 A 4.9967519999999999
miniFE.c 167 A 6.4080630000000003
miniFE.c 167 A 15.0875500000000002
miniFE.c 167 A 66.4365899999999954
miniFE.c 167 A 14.3919700000000006
miniFE.c 167 A 5.9638159999999996
miniFE.c 167 A 10.9336099999999998
miniFE.c 167 A 9.6522659999999991
miniFE.c 167 A 11.3974100000000007
miniFE.c 167 A 7.9539020000000002
miniFE.c 167 A 9.3192129999999995
miniFE.c 167 A 14.3919700000000006
miniFE.c 167 A 67.6740900000000067
miniFE.c 167 A 9.6121750000000006
miniFE.c 167 A 16.7981799999999986
miniFE.c 167 A 16.1756899999999995
miniFE.c 167 A 11.9519400000000005
miniFE.c 167 A 12.3511699999999998
miniFE.c 167 A 13.7164900000000003
miniFE.c 167 A 5.9638159999999996
miniFE.c 167 A 9.6121750000000006
miniFE.c 167 A 65.4017099999999942
miniFE.c 167 A 3.6681119999999998
miniFE.c 167 A 11.0858899999999991
miniFE.c 167 A 1.3002330000000000
miniFE.c 167 A 4.7210279999999996
miniFE.c 167 A 14.0634099999999993
miniFE.c 167 A 10.9336099999999998
miniFE.c 167 A 16.7981799999999986
miniFE.c 167 A 3.6681119999999998
miniFE.c 167 A 66.5612600000000043
miniFE.c 167 A 4.4892070000000004
miniFE.c 167 A 14.0526599999999995
miniFE.c 167 A 3.7993380000000001
miniFE.c 167 A 16.0564000000000000
miniFE.c 167 A 9.6522659999999991
miniFE.c 167 A 16.1756899999999995
miniFE.c 167 A 11.0858899999999991
miniFE.c 167 A 4.4892070000000004
miniFE.c 167 A 66.4632699999999943
miniFE.c 167 A 7.6122389999999998
miniFE.c 167 A 3.4261349999999999
miniFE.c 167 A 4.9967519999999999
miniFE.c 167 A 11.3974100000000007
miniFE.c 167 A 11.9519400000000005
miniFE.c 167 A 1.3002330000000000
miniFE.c 167 A 14.0526599999999995
miniFE.c 167 A 7.6122389999999998
miniFE.c 167 A 65.6581999999999937
miniFE.c 167 A 2.6745570000000001
miniFE.c 167 A 6.4080630000000003
miniFE.c 167 A 6.9539020000000002
miniFE.c 167 A 12.3511699999999998
miniFE.c 167 A 4.7210279999999996
miniFE.c 167 A 3.7993380000000001
miniFE.c 167 A 3.4261349999999999
miniFE.c 167 A 2.6745570000000001
miniFE.c 167 A 64.8721800000000002
miniFE.c 175 b 198.0110999999999990
miniFE.c 175 b 229.8237000000000023
miniFE.c 175 b 210.8053999999999917
miniFE.c 175 b 202.6418999999999926
miniFE.c 175 b 157.2561000000000035
miniFE.c 175 b 225.5886000000000138
miniFE.c 175 b 142.6283999999999992
miniFE.c 175 b 185.1795999999999935
miniFE.c 33 r 0.0000000000000000
miniFE.c 33 r 0.0000000000000000
miniFE.c 33 r 0.0000000000000000
miniFE.c 33 r 0.0000000000000000
miniFE.c 33 r 0.0000000000000000
miniFE.c 33 r 0.0000000000000000
miniFE.c 33 r 0.0000000000000000
miniFE.c 33 r 0.0000000000000000
miniFE.c 25 Ap 0.0000000000000000
miniFE.c 25 Ap 0.0000000000000000
miniFE.c 25 Ap 0.0000000000000000
miniFE.c 25 Ap 0.0000000000000000
miniFE.c 25 Ap 0.0000000000000000
miniFE.c 25 Ap 0.0000000000000000
miniFE.c 25 Ap 0.0000000000000000
miniFE.c 25 Ap 0.0000000000000000
miniFE.c 25 Ap 0.0000000000000000
miniFE.c 25 Ap 0.0000000000000000
miniFE.c 25 Ap 0.0000000000000000
miniFE.c 25 Ap 0.0000000000000000
miniFE.c 25 Ap 0.0000000000000000
miniFE.c 25 Ap 0.0000000000000000
miniFE.c 25 Ap 0.0000000000000000
miniFE.c 25 Ap 0.0000000000000000
miniFE.c 25 Ap 0.0000000000000000
miniFE.c 25 Ap 0.0000000000000000
miniFE.c 25 Ap 0.0000000000000000
miniFE.c 25 Ap 0.0000000000000000
miniFE.c 25 Ap 0.0000000000000000
miniFE.c 25 Ap 0.0000000000000000
miniFE.c 25 Ap 0.0000000000000000
miniFE.c 25 Ap 0.0000000000000000
miniFE.c 25 Ap 0.0000000000000000
miniFE.c 25 Ap 0.0000000000000000
miniFE.c 25 Ap 0.0000000000000000
miniFE.c 25 Ap 0.0000000000000000
miniFE.c 25 Ap 0.0000000000000000
miniFE.c 25 Ap 0.0000000000000000
miniFE.c 25 Ap 0.0000000000000000
miniFE.c 25 Ap 0.0000000000000000
miniFE.c 25 Ap 0.0000000000000000
miniFE.c 25 Ap 0.0000000000000000
miniFE.c 25 Ap 0.0000000000000000
miniFE.c 25 Ap 0.0000000000000000
miniFE.c 25 Ap 0.0000000000000000
miniFE.c 25 Ap 0.0000000000000000
miniFE.c 25 Ap 0.0000000000000000
miniFE.c 25 Ap 0.0000000000000000
miniFE.c 25 Ap 0.0000000000000000
miniFE.c 25 Ap 0.0000000000000000
miniFE.c 25 Ap 0.0000000000000000
miniFE.c 25 Ap 0.0000000000000000
miniFE.c 25 Ap 0.0000000000000000
miniFE.c 25 Ap 0.0000000000000000
miniFE.c 25 Ap 0.0000000000000000
miniFE.c 25 Ap 0.0000000000000000
miniFE.c 25 Ap 0.0000000000000000
miniFE.c 25 Ap 0.0000000000000000
miniFE.c 25 Ap 0.0000000000000000
miniFE.c 25 Ap 0.0000000000000000
miniFE.c 25 Ap 0.0000000000000000
miniFE.c 25 Ap 0.0000000000000000
miniFE.c 25 Ap 0.0000000000000000
miniFE.c 25 Ap 0.0000000000000000
miniFE.c 25 Ap 0.0000000000000000
miniFE.c 25 Ap 0.0000000000000000
miniFE.c 25 Ap 0.0000000000000000
miniFE.c 25 Ap 0.0000000000000000
miniFE.c 25 Ap 0.0000000000000000
miniFE.c 25 Ap 0.0000000000000000
miniFE.c 25 Ap 0.0000000000000000
miniFE.c 25 Ap 0.0000000000000000
miniFE.c 33 r 198.0110999999999990
miniFE.c 33 r 229.8237000000000023
miniFE.c 33 r 210.8053999999999917
miniFE.c 33 r 202.6418999999999926
miniFE.c 33 r 157.2561000000000035
miniFE.c 33 r 225.5886000000000138
miniFE.c 33 r 142.6283999999999992
miniFE.c 33 r 185.1795999999999935
miniFE.c 48 sum 39208.3957232100001420
miniFE.c 48 sum 92027.3288048999966122
miniFE.c 48 sum 136466.2454740600078367
miniFE.c 48 sum 177529.9851096700003836
miniFE.c 48 sum 202259.4660968800017145
miniFE.c 48 sum 253149.6825468399911188
miniFE.c 48 sum 273492.5430333999684080
miniFE.c 48 sum 307784.0272895599482581
miniFE.c 75 rtrans 307784.0272895599482581
miniFE.c 76 normr 554.7828649927464539
miniFE.c 33 r 198.0110999999999990
miniFE.c 33 r 229.8237000000000023
miniFE.c 33 r 210.8053999999999917
miniFE.c 33 r 202.6418999999999926
miniFE.c 33 r 157.2561000000000035
miniFE.c 33 r 225.5886000000000138
miniFE.c 33 r 142.6283999999999992
miniFE.c 33 r 185.1795999999999935
miniFE.c 87 normr 554.7828649927464539
miniFE.c 25 Ap 13285.4973312810016068
miniFE.c 25 Ap 16752.9738962160008668
miniFE.c 25 Ap 18717.5143203662009910
miniFE.c 25 Ap 21497.0499152972006414
miniFE.c 25 Ap 23708.6069245981998392
miniFE.c 25 Ap 27330.7477216381994367
miniFE.c 25 Ap 28043.4264645949988335
miniFE.c 25 Ap 29230.0690077097970061
miniFE.c 25 Ap 2987.5023718050001662
miniFE.c 25 Ap 18256.2053009880000900
miniFE.c 25 Ap 21290.1102936259994749
miniFE.c 25 Ap 22498.6292991164009436
miniFE.c 25 Ap 24218.0061666374022025
miniFE.c 25 Ap 26395.4473404050004319
miniFE.c 25 Ap 28021.0416928490012651
miniFE.c 25 Ap 29493.9420836482022423
miniFE.c 25 Ap 1845.3076172643000064
miniFE.c 25 Ap 5152.9234129532997031
miniFE.c 25 Ap 19418.9870250392996240
miniFE.c 25 Ap 21366.8164301717988565
miniFE.c 25 Ap 24008.4327040697971825
miniFE.c 25 Ap 27657.4839652037990163
miniFE.c 25 Ap 29362.1700442997971550
miniFE.c 25 Ap 31649.3547644317950471
miniFE.c 25 Ap 2716.0172730389999742
miniFE.c 25 Ap 4086.6435322781999275
miniFE.c 25 Ap 6112.9419280231995799
miniFE.c 25 Ap 19366.0687056721981207
miniFE.c 25 Ap 19942.9016931553996983
miniFE.c 25 Ap 22443.7520980093977414
miniFE.c 25 Ap 22629.2022504265987664
miniFE.c 25 Ap 23503.4403270553993934
miniFE.c 25 Ap 2784.7112838509997346
miniFE.c 25 Ap 5297.5139884079999320
miniFE.c 25 Ap 8838.6610425799990480
miniFE.c 25 Ap 9581.9742276727993158
miniFE.c 25 Ap 20049.1383863587980159
miniFE.c 25 Ap 21061.8523085989982064
miniFE.c 25 Ap 23066.1607201429978886
miniFE.c 25 Ap 23769.7206112477979332
miniFE.c 25 Ap 3179.3454260399998930
miniFE.c 25 Ap 5397.6649115441996400
miniFE.c 25 Ap 8807.5877122702004272
miniFE.c 25 Ap 11054.0535250612010714
miniFE.c 25 Ap 11760.0087099739012046
miniFE.c 25 Ap 26753.3647406958989450
miniFE.c 25 Ap 27839.0862096834971453
miniFE.c 25 Ap 28473.5365185294976982
miniFE.c 25 Ap 989.4123599472000024
miniFE.c 25 Ap 3608.8072965641999872
miniFE.c 25 Ap 6128.3407890401995246
miniFE.c 25 Ap 6391.8224746028990921
miniFE.c 25 Ap 8601.6889808288997301
miniFE.c 25 Ap 10318.9233197042995016
miniFE.c 25 Ap 19683.6473325842962367
miniFE.c 25 Ap 20178.9207280214977800
miniFE.c 25 Ap 1268.8676034993000030
miniFE.c 25 Ap 2867.0390905766998912
miniFE.c 25 Ap 5470.7324228946999938
miniFE.c 25 Ap 6427.4105067679001877
miniFE.c 25 Ap 7024.8795832297000743
miniFE.c 25 Ap 7797.7765812907000509
miniFE.c 25 Ap 8179.2443669095000587
miniFE.c 25 Ap 20192.2487104374995397
miniFE.c 57 sum 5787878.1172925252467394
miniFE.c 57 sum 12566285.0145422648638487
miniFE.c 57 sum 19238139.9054002165794373
miniFE.c 57 sum 24000921.7098113447427750
miniFE.c 57 sum 27738855.2712257876992226
miniFE.c 57 sum 34162160.5114897340536118
miniFE.c 57 sum 37040247.6886542737483978
miniFE.c 57 sum 40779440.2279536053538322
miniFE.c 90 p_ap_dot 40779440.2279536053538322
miniFE.c 91 alpha 0.0075475294797838
miniFE.c 40 y 1.4944946145744118
miniFE.c 40 y 1.7346011509029808
miniFE.c 40 y 1.5910599709976090
miniFE.c 40 y 1.5294457140893942
miniFE.c 40 y 1.1868950506258242
miniFE.c 40 y 1.7026366088031486
miniFE.c 40 y 1.0764920536543912
miniFE.c 40 y 1.3976484900545663
miniFE.c 40 y -22.6037075318035647
miniFE.c 40 y 7.2173026486300955
miniFE.c 40 y -28.0690381006838265
miniFE.c 40 y 25.2489912552107114
miniFE.c 40 y -22.1465670396165990
miniFE.c 40 y 10.6837437326989573
miniFE.c 40 y -9.6725990649619860
miniFE.c 40 y 32.7780075948471961
miniFE.c 82 oldrtrans 307784.0272895599482581
miniFE.c 48 sum 510.9275941833132038
miniFE.c 48 sum 563.0170517052362129
miniFE.c 48 sum 1350.8879516028764556
miniFE.c 48 sum 1988.3995110085834312
miniFE.c 48 sum 2478.8699426488155950
miniFE.c 48 sum 2593.0123227947997293
miniFE.c 48 sum 2686.5714954663030767
miniFE.c 48 sum 3760.9692773541637507
miniFE.c 83 rtrans 3760.9692773541637507
miniFE.c 84 beta 0.0122195076543588
miniFE.c 40 y -20.1841093797055535
miniFE.c 40 y 10.0256351099331624
miniFE.c 40 y -25.4930999018036530
miniFE.c 40 y 27.7251755033545280
miniFE.c 40 y -20.2249749219719810
miniFE.c 40 y 13.4403253571350483
miniFE.c 40 y -7.9297502394330337
miniFE.c 40 y 35.0408111344783038
miniFE.c 87 normr 61.3267419430884502
miniFE.c 25 Ap -1354.2469654396240912
miniFE.c 25 Ap -1202.9846944367520791
miniFE.c 25 Ap -1440.5603224519393279
miniFE.c 25 Ap -1060.2682299119319396
miniFE.c 25 Ap -1344.7003444793417657
miniFE.c 25 Ap -1128.8971044150384841
miniFE.c 25 Ap -1168.5200997834260761
miniFE.c 25 Ap -943.9763744625876143
miniFE.c 25 Ap -304.5287594717765387
miniFE.c 25 Ap 361.5402498164578446
miniFE.c 25 Ap -5.3556791773032728
miniFE.c 25 Ap 159.9921660924105140
miniFE.c 25 Ap -61.1398219642115635
miniFE.c 25 Ap 68.5897735094009136
miniFE.c 25 Ap -21.7888411670155477
miniFE.c 25 Ap 256.9223365971337216
miniFE.c 25 Ap -188.1000145247739113
miniFE.c 25 Ap -43.8113747916691239
miniFE.c 25 Ap -1769.0337119253208584
miniFE.c 25 Ap -1502.5344730813640126
miniFE.c 25 Ap -1842.2772423161352435
miniFE.c 25 Ap -1624.8707058399793368
miniFE.c 25 Ap -1719.6466049166685934
miniFE.c 25 Ap -1286.8515896568342214
miniFE.c 25 Ap -276.8551344656374340
miniFE.c 25 Ap -217.0640913868562905
miniFE.c 25 Ap -462.1082289354758359
miniFE.c 25 Ap 1351.1656590340207913
miniFE.c 25 Ap 1276.9781858230362559
miniFE.c 25 Ap 1425.9761542964461114
miniFE.c 25 Ap 1415.6656313533774210
miniFE.c 25 Ap 1581.0942818619612353
miniFE.c 25 Ap -283.8574056916448853
miniFE.c 25 Ap -174.2410213973285522
miniFE.c 25 Ap -602.4787023058086106
miniFE.c 25 Ap -500.7796533398478118
miniFE.c 25 Ap -1846.9794676147046175
miniFE.c 25 Ap -1786.6430649391763836
miniFE.c 25 Ap -1898.0771489388473583
miniFE.c 25 Ap -1764.9452636448008889
miniFE.c 25 Ap -324.0841338443042332
miniFE.c 25 Ap -227.3140369442901090
miniFE.c 25 Ap -639.6825180948964089
miniFE.c 25 Ap -332.3242722340135060
miniFE.c 25 Ap -423.1183712285545653
miniFE.c 25 Ap 470.1696018705584947
miniFE.c 25 Ap 409.8064478376870170
miniFE.c 25 Ap 529.8609972939128738
miniFE.c 25 Ap -100.8549889112624811
miniFE.c 25 Ap 13.4112849470408548
miniFE.c 25 Ap -291.2807154933223046
miniFE.c 25 Ap -255.2315273730691274
miniFE.c 25 Ap -539.4462234600678130
miniFE.c 25 Ap -437.1352546037954880
miniFE.c 25 Ap -957.7883817745374699
miniFE.c 25 Ap -864.0697350691406200
miniFE.c 25 Ap -129.3410445040441061
miniFE.c 25 Ap -59.6237604618096668
miniFE.c 25 Ap -374.4933711759698554
miniFE.c 25 Ap -243.6020413197190351
miniFE.c 25 Ap -320.4435570898142487
miniFE.c 25 Ap -274.3951879723463776
miniFE.c 25 Ap -295.6037569834736587
miniFE.c 25 Ap 1977.5700502784072796
miniFE.c 57 sum 19053.3223940107563976
miniFE.c 57 sum 21629.1319923250448483
miniFE.c 57 sum 54434.9681262415542733
miniFE.c 57 sum 98271.0845782147225691
miniFE.c 57 sum 133967.0582740840618499
miniFE.c 57 sum 141088.5624717703030910
miniFE.c 57 sum 147940.4196603216696531
miniFE.c 57 sum 217236.0782973280875012
miniFE.c 90 p_ap_dot 217236.0782973280875012
miniFE.c 91 alpha 0.0173128207194321
miniFE.c 40 y 1.1450507475021610
miniFE.c 40 y 1.9081731741596979
miniFE.c 40 y 1.1497025028151093
miniFE.c 40 y 2.0094467069937627
miniFE.c 40 y 0.8367436857467123
miniFE.c 40 y 1.9353265521220655
miniFE.c 40 y 0.9392057094092130
miniFE.c 40 y 2.0043037710892708
miniFE.c 40 y -6.2608137973532472
miniFE.c 40 y 2.7692522963063206
miniFE.c 40 y -5.7900072364388038
miniFE.c 40 y -2.1242105871847272
miniFE.c 40 y 8.4096138894767272
miniFE.c 40 y 1.5103552803299269
miniFE.c 40 y 5.2868853473772699
miniFE.c 40 y -1.4593081457412680
miniFE.c 82 oldrtrans 3760.9692773541637507
miniFE.c 48 sum 39.1977894051287876
miniFE.c 48 sum 46.8665476857266157
miniFE.c 48 sum 80.3907314837403248
miniFE.c 48 sum 84.9030021024480135
miniFE.c 48 sum 155.6246078725279176
miniFE.c 48 sum 157.9057809453483969
miniFE.c 48 sum 185.8569376216608759
miniFE.c 48 sum 187.9865178858877073
miniFE.c 83 rtrans 187.9865178858877073
miniFE.c 84 beta 0.0499835292507723
miniFE.c 40 y -7.2696868189345469
miniFE.c 40 y 3.2703689220812344
miniFE.c 40 y -7.0642423410734665
miniFE.c 40 y -0.7384084664300112
miniFE.c 40 y 7.3986982638682051
miniFE.c 40 y 2.1821501759581832
miniFE.c 40 y 4.8905284443332508
miniFE.c 40 y 0.2921552625697152
miniFE.c 87 normr 13.7108175498723526
miniFE.c 25 Ap -487.7575289072360079
miniFE.c 25 Ap -438.4156742768892627
miniFE.c 25 Ap -504.2488533369715356
miniFE.c 25 Ap -514.3772256826740659
miniFE.c 25 Ap -410.3262985316073355
miniFE.c 25 Ap -375.2888224463523557
miniFE.c 25 Ap -350.8520646610733138
miniFE.c 25 Ap -348.9799153327450085
miniFE.c 25 Ap -109.6817633650159252
miniFE.c 25 Ap 107.5903958600369634
miniFE.c 25 Ap 5.9220320145778658
miniFE.c 25 Ap 1.5182997879471021
miniFE.c 25 Ap 82.4127811127591485
miniFE.c 25 Ap 103.4754750630543327
miniFE.c 25 Ap 159.2148328597825753
miniFE.c 25 Ap 161.5386071870463525
miniFE.c 25 Ap -67.7477599089434790
miniFE.c 25 Ap -20.6807084934180168
miniFE.c 25 Ap -498.7468804650345646
miniFE.c 25 Ap -505.8445918658414371
miniFE.c 25 Ap -381.5599266636958191
miniFE.c 25 Ap -346.2621418839507896
miniFE.c 25 Ap -287.8108393489864056
miniFE.c 25 Ap -284.2023800345932045
miniFE.c 25 Ap -99.7145865550475321
miniFE.c 25 Ap -80.2107080516367148
miniFE.c 25 Ap -148.1134416764445518
miniFE.c 25 Ap -196.4066180594448952
miniFE.c 25 Ap -169.2673641733707655
miniFE.c 25 Ap -145.0762873592177016
miniFE.c 25 Ap -138.7174608884569409
miniFE.c 25 Ap -137.3381877135179536
miniFE.c 25 Ap -102.2365863062722866
miniFE.c 25 Ap -66.4796479561156843
miniFE.c 25 Ap -185.1460623650891648
miniFE.c 25 Ap -187.8546273217026794
miniFE.c 25 Ap 304.6120514811775593
miniFE.c 25 Ap 314.4081753261402810
miniFE.c 25 Ap 383.1331087746843878
miniFE.c 25 Ap 384.2431053656654854
miniFE.c 25 Ap -116.7249994395406532
miniFE.c 25 Ap -85.1585286854793111
miniFE.c 25 Ap -199.4275228795579551
miniFE.c 25 Ap -207.6134379134697383
miniFE.c 25 Ap -174.3991498764247581
miniFE.c 25 Ap -29.3663135511685311
miniFE.c 25 Ap 7.8615578033943692
miniFE.c 25 Ap 8.8625211739186600
miniFE.c 25 Ap -36.3248221518848311
miniFE.c 25 Ap 0.9489133043330540
miniFE.c 25 Ap -83.4824873016365530
miniFE.c 25 Ap -84.4425903571682426
miniFE.c 25 Ap 19.5288007875619201
miniFE.c 25 Ap 36.1398494608476639
miniFE.c 25 Ap 357.2431441645690597
miniFE.c 25 Ap 358.0245300671617201
miniFE.c 25 Ap -46.5846111260021729
miniFE.c 25 Ap -23.8427861380036319
miniFE.c 25 Ap -111.0944442138000028
miniFE.c 25 Ap -114.5804912592531508
miniFE.c 25 Ap -86.4703357948046545
miniFE.c 25 Ap -78.9939947016981705
miniFE.c 25 Ap -65.9139976172075706
miniFE.c 25 Ap -46.9612488358377362
miniFE.c 57 sum 2536.9746905673505353
miniFE.c 57 sum 3065.2655312281553961
miniFE.c 57 sum 5072.9400177023808283
miniFE.c 57 sum 5174.3516982741966785
miniFE.c 57 sum 8017.2504948464738845
miniFE.c 57 sum 8036.5898469855737858
miniFE.c 57 sum 9787.5189950480726111
miniFE.c 57 sum 9773.7990190638374770
miniFE.c 90 p_ap_dot 9773.7990190638374770
miniFE.c 91 alpha 0.0192337204314534
miniFE.c 40 y 1.0052276236025519
miniFE.c 40 y 1.9710745357147221
miniFE.c 40 y 1.0138308405668661
miniFE.c 40 y 1.9952443649862297
miniFE.c 40 y 0.9790481797106333
miniFE.c 40 y 1.9772974185458920
miniFE.c 40 y 1.0332687662695896
miniFE.c 40 y 2.0099230037321147
miniFE.c 40 y 0.4513683303490614
miniFE.c 40 y -0.3377361132157040
miniFE.c 40 y -0.3237381128997541
miniFE.c 40 y 0.5173137198595508
miniFE.c 40 y 1.0191894231600109
miniFE.c 40 y 1.3398960257529389
miniFE.c 40 y -1.5992583715370143
miniFE.c 40 y -0.5560686145208468
miniFE.c 82 oldrtrans 187.9865178858877073
miniFE.c 48 sum 0.2037333696420995
miniFE.c 48 sum 0.3177990518121503
miniFE.c 48 sum 0.4226054175560442
miniFE.c 48 sum 0.6902189023109699
miniFE.c 48 sum 1.7289659825922057
miniFE.c 48 sum 3.5242873424207257
miniFE.c 48 sum 6.0819146813519485
miniFE.c 48 sum 6.3911269854070829
miniFE.c 83 rtrans 6.3911269854070829
miniFE.c 84 beta 0.0339977944018658
miniFE.c 40 y 0.2042150125129707
miniFE.c 40 y -0.2265507829845346
miniFE.c 40 y -0.5639067716165251
miniFE.c 40 y 0.4922094606332662
miniFE.c 40 y 1.2707288455764438
miniFE.c 40 y 1.4140843187891605
miniFE.c 40 y -1.4329911909700956
miniFE.c 40 y -0.5461359799705785
miniFE.c 87 normr 2.5280678363934546
miniFE.c 25 Ap 13.7017470422041434
miniFE.c 25 Ap 10.2836507763858283
miniFE.c 25 Ap 5.0284834595490766
miniFE.c 25 Ap 11.7798696042306652
miniFE.c 25 Ap 29.6506503583988810
miniFE.c 25 Ap 52.3557538146051584
miniFE.c 25 Ap 45.1954522151429501
miniFE.c 25 Ap 41.6957784489247416
miniFE.c 25 Ap 3.0811042120400716
miniFE.c 25 Ap -11.9701572712824280
miniFE.c 25 Ap -20.0858866111843071
miniFE.c 25 Ap -17.1504399545082649
miniFE.c 25 Ap -3.2567863412252027
miniFE.c 25 Ap 10.3923316501565708
miniFE.c 25 Ap -5.9400564797179065
miniFE.c 25 Ap -10.2839685430778509
miniFE.c 25 Ap 1.9031231994060394
miniFE.c 25 Ap -1.3573888727838932
miniFE.c 25 Ap -39.5192664867700643
miniFE.c 25 Ap -34.7880630145075003
miniFE.c 25 Ap -13.4421311353221959
miniFE.c 25 Ap 9.4316584392724394
miniFE.c 25 Ap -7.6953662957306861
miniFE.c 25 Ap -14.4407846274638949
miniFE.c 25 Ap 2.8011131769840381
miniFE.c 25 Ap 1.4500059926083431
miniFE.c 25 Ap -3.9703645798547296
miniFE.c 25 Ap 28.2209758237385557
miniFE.c 25 Ap 32.8821515509436537
miniFE.c 25 Ap 48.5585347597652230
miniFE.c 25 Ap 46.6953123245566033
miniFE.c 25 Ap 44.1169890713080619
miniFE.c 25 Ap 2.8719594491250375
miniFE.c 25 Ap 0.3949415427775000
miniFE.c 25 Ap -9.0776659100557797
miniFE.c 25 Ap -7.2721864809933683
miniFE.c 25 Ap 77.3091265989201588
miniFE.c 25 Ap 83.6572438214186889
miniFE.c 25 Ap 63.5199058317208625
miniFE.c 25 Ap 61.4449506498514069
miniFE.c 25 Ap 3.2789579269132632
miniFE.c 25 Ap 1.0922295070382617
miniFE.c 25 Ap -8.0293516195314467
miniFE.c 25 Ap -2.5727716819917275
miniFE.c 25 Ap 3.1317931466719635
miniFE.c 25 Ap 97.1164610291220072
miniFE.c 25 Ap 86.2081895985629956
miniFE.c 25 Ap 84.3370540028264912
miniFE.c 25 Ap 1.0204117722042114
miniFE.c 25 Ap -1.5616803872915530
miniFE.c 25 Ap -8.3014602872459644
miniFE.c 25 Ap -7.6614733036183909
miniFE.c 25 Ap 10.1956471154598773
miniFE.c 25 Ap 20.9599949162351571
miniFE.c 25 Ap -73.1276272987175702
miniFE.c 25 Ap -74.5882991068997399
miniFE.c 25 Ap 1.3086226657289048
miniFE.c 25 Ap -0.2667892771688163
miniFE.c 25 Ap -7.2316976775556929
miniFE.c 25 Ap -4.9079630320411454
miniFE.c 25 Ap -0.0800346413464306
miniFE.c 25 Ap 4.7648091362082701
miniFE.c 25 Ap 0.9321925154608639
miniFE.c 25 Ap -34.4968390816668986
miniFE.c 57 sum 8.5149039176852206
miniFE.c 57 sum 10.8447450433078316
miniFE.c 57 sum 18.9880012821905417
miniFE.c 57 sum 40.7028006777427862
miniFE.c 57 sum 118.7826718835300284
miniFE.c 57 sum 238.0423774418015910
miniFE.c 57 sum 344.9267530114315718
miniFE.c 57 sum 363.7667180291850855
miniFE.c 90 p_ap_dot 363.7667180291850855
miniFE.c 91 alpha 0.0175693010620458
miniFE.c 40 y 1.0088155386387818
miniFE.c 40 y 1.9670941968026245
miniFE.c 40 y 1.0039233927254090
miniFE.c 40 y 2.0038921411856827
miniFE.c 40 y 1.0013739973667917
miniFE.c 40 y 2.0021418916698166
miniFE.c 40 y 1.0080921126161764
miniFE.c 40 y 2.0003277762791964
miniFE.c 40 y -0.2811973542364592
miniFE.c 40 y -0.1570539737697605
miniFE.c 40 y -0.0700236202076777
miniFE.c 40 y -0.2577909430852457
miniFE.c 40 y -0.0603554135497764
miniFE.c 40 y -0.1418470667087361
miniFE.c 40 y -0.2887940888219696
miniFE.c 40 y 0.0500167369939072
miniFE.c 82 oldrtrans 6.3911269854070829
miniFE.c 48 sum 0.0790719520295847
miniFE.c 48 sum 0.1037379027064573
miniFE.c 48 sum 0.1086412100934464
miniFE.c 48 sum 0.1750973804302268
miniFE.c 48 sum 0.1787401563749914
miniFE.c 48 sum 0.1988607467088640
miniFE.c 48 sum 0.2822627724473756
miniFE.c 48 sum 0.2847644464268933
miniFE.c 83 rtrans 0.2847644464268933
miniFE.c 84 beta 0.0445562178747345
miniFE.c 40 y -0.2720983056456396
miniFE.c 40 y -0.1671482198161111
miniFE.c 40 y -0.0951491731848618
miniFE.c 40 y -0.2358599511172644
miniFE.c 40 y -0.0037365422465624
miniFE.c 40 y -0.0788408177075207
miniFE.c 40 y -0.3526427565394085
miniFE.c 40 y 0.0256829832811064
miniFE.c 87 normr 0.5336332508632622
miniFE.c 25 Ap -18.2563569087855555
miniFE.c 25 Ap -20.7782140326721212
miniFE.c 25 Ap -21.6649294443557352
miniFE.c 25 Ap -24.9001001052561790
miniFE.c 25 Ap -24.9526486308519075
miniFE.c 25 Ap -26.2185483362909437
miniFE.c 25 Ap -27.9806167353147472
miniFE.c 25 Ap -27.8160385604214717
miniFE.c 25 Ap -4.1052967913438705
miniFE.c 25 Ap -15.2100545404967207
miniFE.c 25 Ap -16.5794385864980569
miniFE.c 25 Ap -17.9860639367304174
miniFE.c 25 Ap -18.0269178324028552
miniFE.c 25 Ap -18.7879103765733539
miniFE.c 25 Ap -22.8071244563831748
miniFE.c 25 Ap -22.6028445242976161
miniFE.c 25 Ap -2.5357420672508182
miniFE.c 25 Ap -4.9413342323976952
miniFE.c 25 Ap -11.3804679419356187
miniFE.c 25 Ap -13.6475950675662094
miniFE.c 25 Ap -13.7103621768015689
miniFE.c 25 Ap -14.9856668033849356
miniFE.c 25 Ap -19.2004318709785551
miniFE.c 25 Ap -18.8832169783664519
miniFE.c 25 Ap -3.7322336884053597
miniFE.c 25 Ap -4.7290749161162005
miniFE.c 25 Ap -5.6436654198743996
miniFE.c 25 Ap -21.0693095434598980
miniFE.c 25 Ap -21.0830155989130219
miniFE.c 25 Ap -21.9570362315286474
miniFE.c 25 Ap -22.4155539807921507
miniFE.c 25 Ap -22.2943038975985139
miniFE.c 25 Ap -3.8266300325999447
miniFE.c 25 Ap -5.6541634802635752
miniFE.c 25 Ap -7.2524964182740561
miniFE.c 25 Ap -8.1176571352867075
miniFE.c 25 Ap -8.3663660952611334
miniFE.c 25 Ap -8.7202988459994586
miniFE.c 25 Ap -13.6758676051105432
miniFE.c 25 Ap -13.5782892707772707
miniFE.c 25 Ap -4.3689192347686481
miniFE.c 25 Ap -5.9822783138602231
miniFE.c 25 Ap -7.5213818430548596
miniFE.c 25 Ap -10.1360993165462290
miniFE.c 25 Ap -10.1528734281552921
miniFE.c 25 Ap -15.3928919824710242
miniFE.c 25 Ap -18.0772929268678126
miniFE.c 25 Ap -17.9892995589439977
miniFE.c 25 Ap -1.3596077529314612
miniFE.c 25 Ap -3.2646645449458043
miniFE.c 25 Ap -4.4018817539008808
miniFE.c 25 Ap -4.7085546457219349
miniFE.c 25 Ap -4.7610630034885126
miniFE.c 25 Ap -5.3612181508335928
miniFE.c 25 Ap -28.5151067882493798
miniFE.c 25 Ap -28.4464161855340123
miniFE.c 25 Ap -1.7436230847705145
miniFE.c 25 Ap -2.9059554248462094
miniFE.c 25 Ap -4.0811590382118785
miniFE.c 25 Ap -5.1946604715151148
miniFE.c 25 Ap -5.2088568584610844
miniFE.c 25 Ap -5.4789761434374409
miniFE.c 25 Ap -6.4221392964392114
miniFE.c 25 Ap -4.7560281820902848
miniFE.c 57 sum 7.5686969620644593
miniFE.c 57 sum 11.3467221870811414
miniFE.c 57 sum 13.1434446696430527
miniFE.c 57 sum 18.4017780971240761
miniFE.c 57 sum 18.4525139486203820
miniFE.c 57 sum 19.8708050358330688
miniFE.c 57 sum 29.9022276531670279
miniFE.c 57 sum 29.7800786608819337
miniFE.c 90 p_ap_dot 29.7800786608819337
miniFE.c 91 alpha 0.0095622462811339
miniFE.c 40 y 1.0062136676275191
miniFE.c 40 y 1.9654958843592898
miniFE.c 40 y 1.0030135528979691
miniFE.c 40 y 2.0016367902452434
miniFE.c 40 y 1.0013382676295901
miniFE.c 40 y 2.0013879963538912
miniFE.c 40 y 1.0047200557288887
miniFE.c 40 y 2.0005733632905645
miniFE.c 40 y -0.0152135429561918
miniFE.c 40 y 0.0590799922257521
miniFE.c 40 y 0.1105423511195514
miniFE.c 40 y -0.0446073185499653
miniFE.c 40 y 0.0694835325338739
miniFE.c 40 y 0.0301710460989798
miniFE.c 40 y -0.0167824514402597
miniFE.c 40 y 0.0954950497910680
miniFE.c 82 oldrtrans 0.2847644464268933
miniFE.c 48 sum 0.0002314518892799
miniFE.c 48 sum 0.0037218973706748
miniFE.c 48 sum 0.0159415087617130
miniFE.c 48 sum 0.0179313216299311
miniFE.c 48 sum 0.0227592829233170
miniFE.c 48 sum 0.0236695749460238
miniFE.c 48 sum 0.0239512256223685
miniFE.c 48 sum 0.0330705301569670
miniFE.c 83 rtrans 0.0330705301569670
miniFE.c 84 beta 0.1161329322249402
miniFE.c 40 y -0.0468131170442580
miniFE.c 40 y 0.0396685793423283
miniFE.c 40 y 0.0994923986388148
miniFE.c 40 y -0.0719984262676443
miniFE.c 40 y 0.0690495969263983
miniFE.c 40 y 0.0210150307595934
miniFE.c 40 y -0.0577358887850670
miniFE.c 40 y 0.0984776899477871
miniFE.c 87 normr 0.1818530454981907
miniFE.c 25 Ap -3.1409125122805448
miniFE.c 25 Ap -2.5424108380241996
miniFE.c 25 Ap -1.6152199832281746
miniFE.c 25 Ap -2.6027856771440554
miniFE.c 25 Ap -1.6317128852333767
miniFE.c 25 Ap -1.2942871453450406
miniFE.c 25 Ap -1.5827790631036016
miniFE.c 25 Ap -0.9517278218237154
miniFE.c 25 Ap -0.7062952440610941
miniFE.c 25 Ap 1.9291498975876402
miniFE.c 25 Ap 3.3610415140255032
miniFE.c 25 Ap 2.9316561474757057
miniFE.c 25 Ap 3.6866175109261432
miniFE.c 25 Ap 3.8894601778159208
miniFE.c 25 Ap 3.2314205816181105
miniFE.c 25 Ap 4.0147024766491937
miniFE.c 25 Ap -0.4362614089293703
miniFE.c 25 Ap 0.1346475949080382
miniFE.c 25 Ap 6.8677051347070686
miniFE.c 25 Ap 6.1756436616978743
miniFE.c 25 Ap 7.3355512197949588
miniFE.c 25 Ap 7.6754838427026071
miniFE.c 25 Ap 6.9854279640968135
miniFE.c 25 Ap 8.2017426538492231
miniFE.c 25 Ap -0.6421116518063937
miniFE.c 25 Ap -0.4055355436273468
miniFE.c 25 Ap 0.5508028032587028
miniFE.c 25 Ap -4.1580173919541519
miniFE.c 25 Ap -3.9047357368732674
miniFE.c 25 Ap -3.6717654175257981
miniFE.c 25 Ap -3.7468355254084722
miniFE.c 25 Ap -3.2819195937896510
miniFE.c 25 Ap -0.6583520583713877
miniFE.c 25 Ap -0.2246312825883136
miniFE.c 25 Ap 1.4466599383782519
miniFE.c 25 Ap 1.1825616470047906
miniFE.c 25 Ap 5.7785898209179871
miniFE.c 25 Ap 5.8729306441091689
miniFE.c 25 Ap 5.0615878292148100
miniFE.c 25 Ap 5.4357378587856555
miniFE.c 25 Ap -0.7516501325094234
miniFE.c 25 Ap -0.3687584528551657
miniFE.c 25 Ap 1.2405997448827242
miniFE.c 25 Ap 0.4424331111065088
miniFE.c 25 Ap 0.7524110449756745
miniFE.c 25 Ap 2.1491387084088376
miniFE.c 25 Ap 1.7096393240994883
miniFE.c 25 Ap 2.0470371843487496
miniFE.c 25 Ap -0.2339135362171300
miniFE.c 25 Ap 0.2182055266649159
miniFE.c 25 Ap 1.4073327056521119
miniFE.c 25 Ap 1.3137179758708539
miniFE.c 25 Ap 2.2840484846145737
miniFE.c 25 Ap 2.4440199213489504
miniFE.c 25 Ap -1.3468146116787332
miniFE.c 25 Ap -1.0834304166850497
miniFE.c 25 Ap -0.2999814032459788
miniFE.c 25 Ap -0.0241299900202034
miniFE.c 25 Ap 1.2047175392755667
miniFE.c 25 Ap 0.8648109529100825
miniFE.c 25 Ap 1.1271537103972307
miniFE.c 25 Ap 1.1991540428087504
miniFE.c 25 Ap 1.0447361173074281
miniFE.c 25 Ap 7.4331985455844602
miniFE.c 57 sum 0.0445533459173103
miniFE.c 57 sum 0.2038108896481107
miniFE.c 57 sum 1.0198219392978483
miniFE.c 57 sum 1.2561149851876496
miniFE.c 57 sum 1.6314504933343623
miniFE.c 57 sum 1.6744690427294828
miniFE.c 57 sum 1.7370218607735697
miniFE.c 57 sum 2.4690260824659775
miniFE.c 90 p_ap_dot 2.4690260824659775
miniFE.c 91 alpha 0.0133941599045148
miniFE.c 40 y 1.0055866452521995
miniFE.c 40 y 1.9660272116541859
miniFE.c 40 y 1.0043461699946212
miniFE.c 40 y 2.0006724318109410
miniFE.c 40 y 1.0022631289721646
miniFE.c 40 y 2.0016694750362833
miniFE.c 40 y 1.0039467320022721
miniFE.c 40 y 2.0018923892167524
miniFE.c 40 y -0.0024659483251094
miniFE.c 40 y 0.0053064252844613
miniFE.c 40 y 0.0006868985182154
miniFE.c 40 y -0.0006487627169865
miniFE.c 40 y -0.0033236095457260
miniFE.c 40 y 0.0027527027213249
miniFE.c 40 y -0.0022708111937651
miniFE.c 40 y -0.0040664001304970
miniFE.c 82 oldrtrans 0.0330705301569670
miniFE.c 48 sum 0.0000060809011421
miniFE.c 48 sum 0.0000342390504417
miniFE.c 48 sum 0.0000347108800160
miniFE.c 48 sum 0.0000351317730790
miniFE.c 48 sum 0.0000461781534914
miniFE.c 48 sum 0.0000537555257634
miniFE.c 48 sum 0.0000589121092411
miniFE.c 48 sum 0.0000754477192624
miniFE.c 83 rtrans 0.0000754477192624
miniFE.c 84 beta 0.0022814184987152
miniFE.c 40 y -0.0025727486363167
miniFE.c 40 y 0.0053969259151906
miniFE.c 40 y 0.0009138823169516
miniFE.c 40 y -0.0008130212585519
miniFE.c 40 y -0.0031660785179693
miniFE.c 40 y 0.0028006468012509
miniFE.c 40 y -0.0024025309184791
miniFE.c 40 y -0.0038417313069394
miniFE.c 87 normr 0.0086860646591206
miniFE.c 25 Ap -0.1726178236565645
miniFE.c 25 Ap -0.0911914340648303
miniFE.c 25 Ap -0.0826747700962250
miniFE.c 25 Ap -0.0938265680589395
miniFE.c 25 Ap -0.1383524283493336
miniFE.c 25 Ap -0.0933841230497280
miniFE.c 25 Ap -0.1053889742217004
miniFE.c 25 Ap -0.1300070304656402
miniFE.c 25 Ap -0.0388164736878600
miniFE.c 25 Ap 0.3197368806000337
miniFE.c 25 Ap 0.3328894474891314
miniFE.c 25 Ap 0.3280407382990395
miniFE.c 25 Ap 0.2934240705541856
miniFE.c 25 Ap 0.3204566584519088
miniFE.c 25 Ap 0.2930740285363257
miniFE.c 25 Ap 0.2625172742105981
miniFE.c 25 Ap -0.0239759925372949
miniFE.c 25 Ap 0.0536964033263510
miniFE.c 25 Ap 0.1155425574931413
miniFE.c 25 Ap 0.1077276548772201
miniFE.c 25 Ap 0.0545432980382393
miniFE.c 25 Ap 0.0998456924947661
miniFE.c 25 Ap 0.0711307871089588
miniFE.c 25 Ap 0.0236809106426285
miniFE.c 25 Ap -0.0352890809425517
miniFE.c 25 Ap -0.0031028078187232
miniFE.c 25 Ap 0.0056815889412209
miniFE.c 25 Ap -0.0474913916344256
miniFE.c 25 Ap -0.0591049222391309
miniFE.c 25 Ap -0.0280572598716111
miniFE.c 25 Ap -0.0311811098553380
miniFE.c 25 Ap -0.0493180309238753
miniFE.c 25 Ap -0.0361816188994626
miniFE.c 25 Ap 0.0228262642561246
miniFE.c 25 Ap 0.0381778239150944
miniFE.c 25 Ap 0.0351955708803451
miniFE.c 25 Ap -0.1755426045346213
miniFE.c 25 Ap -0.1629699213099179
miniFE.c 25 Ap -0.1967318714467927
miniFE.c 25 Ap -0.2113279071870371
miniFE.c 25 Ap -0.0413090812041555
miniFE.c 25 Ap 0.0107834833115578
miniFE.c 25 Ap 0.0255661603670484
miniFE.c 25 Ap 0.0165530961270805
miniFE.c 25 Ap 0.0023399142816633
miniFE.c 25 Ap 0.1884800588078405
miniFE.c 25 Ap 0.1701914192514879
miniFE.c 25 Ap 0.1570291291601872
miniFE.c 25 Ap -0.0128553868940127
miniFE.c 25 Ap 0.0486555905010399
miniFE.c 25 Ap 0.0595782571203063
miniFE.c 25 Ap 0.0585211400502356
miniFE.c 25 Ap 0.0140293151039097
miniFE.c 25 Ap 0.0353485079096173
miniFE.c 25 Ap -0.1223973476420683
miniFE.c 25 Ap -0.1326722770011622
miniFE.c 25 Ap -0.0164863353446815
miniFE.c 25 Ap 0.0210433585708144
miniFE.c 25 Ap 0.0323308744274773
miniFE.c 25 Ap 0.0284925783012585
miniFE.c 25 Ap 0.0164635758769542
miniFE.c 25 Ap 0.0260589699053581
miniFE.c 25 Ap 0.0196332640196234
miniFE.c 25 Ap -0.2295882208357823
miniFE.c 57 sum 0.0003344754103421
miniFE.c 57 sum 0.0017512616907144
miniFE.c 57 sum 0.0017729032562000
miniFE.c 57 sum 0.0018129998637711
miniFE.c 57 sum 0.0024820806109634
miniFE.c 57 sum 0.0029218637392491
miniFE.c 57 sum 0.0032406129867694
miniFE.c 57 sum 0.0041226292424587
miniFE.c 90 p_ap_dot 0.0041226292424587
miniFE.c 91 alpha 0.0183008742298221
miniFE.c 40 y 1.0055395617029814
miniFE.c 40 y 1.9661259801165876
miniFE.c 40 y 1.0043628948399645
miniFE.c 40 y 2.0006575528111421
miniFE.c 40 y 1.0022051869674056
miniFE.c 40 y 2.0017207293211552
miniFE.c 40 y 1.0039027635860998
miniFE.c 40 y 2.0018220821752792
miniFE.c 40 y -0.0000867060115651
miniFE.c 40 y 0.0005021296659774
miniFE.c 40 y 0.0002535171508970
miniFE.c 40 y 0.0002538003642138
miniFE.c 40 y 0.0005438759049555
miniFE.c 40 y -0.0001210676218541
miniFE.c 40 y 0.0001572074614173
miniFE.c 40 y 0.0001352650236673
