miniFE.c 167 A 67.0947100000000063
miniFE.c 167 A 15.0875500000000002
miniFE.c 167 A 9.3192129999999995
miniFE.c 167 A 13.7164900000000003
miniFE.c 167 A 14.0634099999999993
miniFE.c 167 A 16.0564000000000000
miniFE.c 167 A 4.9967519999999999
miniFE.c 167 A 6.4080630000000003
miniFE.c 167 A 15.0875500000000002
miniFE.c 167 A 66.4365899999999954
miniFE.c 167 A 14.3919700000000006
miniFE.c 167 A 5.9638159999999996
miniFE.c 167 A 10.9336099999999998
miniFE.c 167 A 9.6522659999999991
miniFE.c 167 A 11.3974100000000007
miniFE.c 167 A 6.9539020000000002
miniFE.c 167 A 9.3192129999999995
miniFE.c 167 A 14.3919700000000006
miniFE.c 167 A 67.6740900000000067
miniFE.c 167 A 9.6121750000000006
miniFE.c 167 A 16.7981799999999986
miniFE.c 167 A 16.1756899999999995
miniFE.c 167 A 11.9519400000000005
miniFE.c 167 A 12.3511699999999998
miniFE.c 167 A 13.7164900000000003
miniFE.c 167 A 5.9638159999999996
miniFE.c 167 A 9.6121750000000006
miniFE.c 167 A 65.4017099999999942
miniFE.c 167 A 3.6681119999999998
miniFE.c 167 A 11.0858899999999991
miniFE.c 167 A 1.3002330000000000
miniFE.c 167 A 4.7210279999999996
miniFE.c 167 A 14.0634099999999993
miniFE.c 167 A 10.9336099999999998
miniFE.c 167 A 16.7981799999999986
miniFE.c 167 A 3.6681119999999998
miniFE.c 167 A 66.5612600000000043
miniFE.c 167 A 4.4892070000000004
miniFE.c 167 A 14.0526599999999995
miniFE.c 167 A 3.7993380000000001
miniFE.c 167 A 16.0564000000000000
miniFE.c 167 A 9.6522659999999991
miniFE.c 167 A 16.1756899999999995
miniFE.c 167 A 11.0858899999999991
miniFE.c 167 A 4.4892070000000004
miniFE.c 167 A 66.4632699999999943
miniFE.c 167 A 7.6122389999999998
miniFE.c 167 A 3.4261349999999999
miniFE.c 167 A 4.9967519999999999
miniFE.c 167 A 11.3974100000000007
miniFE.c 167 A 11.9519400000000005
miniFE.c 167 A 1.3002330000000000
miniFE.c 167 A 14.0526599999999995
miniFE.c 167 A 7.6122389999999998
miniFE.c 167 A 65.6581999999999937
miniFE.c 167 A 2.6745570000000001
miniFE.c 167 A 6.4080630000000003
miniFE.c 167 A 6.9539020000000002
miniFE.c 167 A 12.3511699999999998
miniFE.c 167 A 4.7210279999999996
miniFE.c 167 A 3.7993380000000001
miniFE.c 167 A 3.4261349999999999
miniFE.c 167 A 2.6745570000000001
miniFE.c 167 A 64.8721800000000002
miniFE.c 175 b 198.0110999999999990
miniFE.c 175 b 229.8237000000000023
miniFE.c 175 b 210.8053999999999917
miniFE.c 175 b 202.6418999999999926
miniFE.c 175 b 157.2561000000000035
miniFE.c 175 b 225.5886000000000138
miniFE.c 175 b 142.6283999999999992
miniFE.c 175 b 185.1795999999999935
miniFE.c 33 r 0.0000000000000000
miniFE.c 33 r 0.0000000000000000
miniFE.c 33 r 0.0000000000000000
miniFE.c 33 r 0.0000000000000000
miniFE.c 33 r 0.0000000000000000
miniFE.c 33 r 0.0000000000000000
miniFE.c 33 r 0.0000000000000000
miniFE.c 33 r 0.0000000000000000
miniFE.c 25 Ap 0.0000000000000000
miniFE.c 25 Ap 0.0000000000000000
miniFE.c 25 Ap 0.0000000000000000
miniFE.c 25 Ap 0.0000000000000000
miniFE.c 25 Ap 0.0000000000000000
miniFE.c 25 Ap 0.0000000000000000
miniFE.c 25 Ap 0.0000000000000000
miniFE.c 25 Ap 0.0000000000000000
miniFE.c 25 Ap 0.0000000000000000
miniFE.c 25 Ap 0.0000000000000000
miniFE.c 25 Ap 0.0000000000000000
miniFE.c 25 Ap 0.0000000000000000
miniFE.c 25 Ap 0.0000000000000000
miniFE.c 25 Ap 0.0000000000000000
miniFE.c 25 Ap 0.0000000000000000
miniFE.c 25 Ap 0.0000000000000000
miniFE.c 25 Ap 0.0000000000000000
miniFE.c 25 Ap 0.0000000000000000
miniFE.c 25 Ap 0.0000000000000000
miniFE.c 25 Ap 0.0000000000000000
miniFE.c 25 Ap 0.0000000000000000
miniFE.c 25 Ap 0.0000000000000000
miniFE.c 25 Ap 0.0000000000000000
miniFE.c 25 Ap 0.0000000000000000
miniFE.c 25 Ap 0.0000000000000000
miniFE.c 25 Ap 0.0000000000000000
miniFE.c 25 Ap 0.0000000000000000
miniFE.c 25 Ap 0.0000000000000000
miniFE.c 25 Ap 0.0000000000000000
miniFE.c 25 Ap 0.0000000000000000
miniFE.c 25 Ap 0.0000000000000000
miniFE.c 25 Ap 0.0000000000000000
miniFE.c 25 Ap 0.0000000000000000
miniFE.c 25 Ap 0.0000000000000000
miniFE.c 25 Ap 0.0000000000000000
miniFE.c 25 Ap 0.0000000000000000
miniFE.c 25 Ap 0.0000000000000000
miniFE.c 25 Ap 0.0000000000000000
miniFE.c 25 Ap 0.0000000000000000
miniFE.c 25 Ap 0.0000000000000000
miniFE.c 25 Ap 0.0000000000000000
miniFE.c 25 Ap 0.0000000000000000
miniFE.c 25 Ap 0.0000000000000000
miniFE.c 25 Ap 0.0000000000000000
miniFE.c 25 Ap 0.0000000000000000
miniFE.c 25 Ap 0.0000000000000000
miniFE.c 25 Ap 0.0000000000000000
miniFE.c 25 Ap 0.0000000000000000
miniFE.c 25 Ap 0.0000000000000000
miniFE.c 25 Ap 0.0000000000000000
miniFE.c 25 Ap 0.0000000000000000
miniFE.c 25 Ap 0.0000000000000000
miniFE.c 25 Ap 0.0000000000000000
miniFE.c 25 Ap 0.0000000000000000
miniFE.c 25 Ap 0.0000000000000000
miniFE.c 25 Ap 0.0000000000000000
miniFE.c 25 Ap 0.0000000000000000
miniFE.c 25 Ap 0.0000000000000000
miniFE.c 25 Ap 0.0000000000000000
miniFE.c 25 Ap 0.0000000000000000
miniFE.c 25 Ap 0.0000000000000000
miniFE.c 25 Ap 0.0000000000000000
miniFE.c 25 Ap 0.0000000000000000
miniFE.c 25 Ap 0.0000000000000000
miniFE.c 33 r 198.0110999999999990
miniFE.c 33 r 229.8237000000000023
miniFE.c 33 r 210.8053999999999917
miniFE.c 33 r 202.6418999999999926
miniFE.c 33 r 157.2561000000000035
miniFE.c 33 r 225.5886000000000138
miniFE.c 33 r 142.6283999999999992
miniFE.c 33 r 185.1795999999999935
miniFE.c 48 sum 39208.3957232100001420
miniFE.c 48 sum 92027.3288048999966122
miniFE.c 48 sum 136466.2454740600078367
miniFE.c 48 sum 177529.9851096700003836
miniFE.c 48 sum 202259.4660968800017145
miniFE.c 48 sum 253149.6825468399911188
miniFE.c 48 sum 273492.5430333999684080
miniFE.c 48 sum 307784.0272895599482581
miniFE.c 75 rtrans 307784.0272895599482581
miniFE.c 76 normr 554.7828649927464539
miniFE.c 33 r 198.0110999999999990
miniFE.c 33 r 229.8237000000000023
miniFE.c 33 r 210.8053999999999917
miniFE.c 33 r 202.6418999999999926
miniFE.c 33 r 157.2561000000000035
miniFE.c 33 r 225.5886000000000138
miniFE.c 33 r 142.6283999999999992
miniFE.c 33 r 185.1795999999999935
miniFE.c 87 normr 554.7828649927464539
miniFE.c 25 Ap 13285.4973312810016068
miniFE.c 25 Ap 16752.9738962160008668
miniFE.c 25 Ap 18717.5143203662009910
miniFE.c 25 Ap 21497.0499152972006414
miniFE.c 25 Ap 23708.6069245981998392
miniFE.c 25 Ap 27330.7477216381994367
miniFE.c 25 Ap 28043.4264645949988335
miniFE.c 25 Ap 29230.0690077097970061
miniFE.c 25 Ap 2987.5023718050001662
miniFE.c 25 Ap 18256.2053009880000900
miniFE.c 25 Ap 21290.1102936259994749
miniFE.c 25 Ap 22498.6292991164009436
miniFE.c 25 Ap 24218.0061666374022025
miniFE.c 25 Ap 26395.4473404050004319
miniFE.c 25 Ap 28021.0416928490012651
miniFE.c 25 Ap 29308.7624836482027604
miniFE.c 25 Ap 1845.3076172643000064
miniFE.c 25 Ap 5152.9234129532997031
miniFE.c 25 Ap 19418.9870250392996240
miniFE.c 25 Ap 21366.8164301717988565
miniFE.c 25 Ap 24008.4327040697971825
miniFE.c 25 Ap 27657.4839652037990163
miniFE.c 25 Ap 29362.1700442997971550
miniFE.c 25 Ap 31649.3547644317950471
miniFE.c 25 Ap 2716.0172730389999742
miniFE.c 25 Ap 4086.6435322781999275
miniFE.c 25 Ap 6112.9419280231995799
miniFE.c 25 Ap 19366.0687056721981207
miniFE.c 25 Ap 19942.9016931553996983
miniFE.c 25 Ap 22443.7520980093977414
miniFE.c 25 Ap 22629.2022504265987664
miniFE.c 25 Ap 23503.4403270553993934
miniFE.c 25 Ap 2784.7112838509997346
miniFE.c 25 Ap 5297.5139884079999320
miniFE.c 25 Ap 8838.6610425799990480
miniFE.c 25 Ap 9581.9742276727993158
miniFE.c 25 Ap 20049.1383863587980159
miniFE.c 25 Ap 21061.8523085989982064
miniFE.c 25 Ap 23066.1607201429978886
miniFE.c 25 Ap 23769.7206112477979332
miniFE.c 25 Ap 3179.3454260399998930
miniFE.c 25 Ap 5397.6649115441996400
miniFE.c 25 Ap 8807.5877122702004272
miniFE.c 25 Ap 11054.0535250612010714
miniFE.c 25 Ap 11760.0087099739012046
miniFE.c 25 Ap 26753.3647406958989450
miniFE.c 25 Ap 27839.0862096834971453
miniFE.c 25 Ap 28473.5365185294976982
miniFE.c 25 Ap 989.4123599472000024
miniFE.c 25 Ap 3608.8072965641999872
miniFE.c 25 Ap 6128.3407890401995246
miniFE.c 25 Ap 6391.8224746028990921
miniFE.c 25 Ap 8601.6889808288997301
miniFE.c 25 Ap 10318.9233197042995016
miniFE.c 25 Ap 19683.6473325842962367
miniFE.c 25 Ap 20178.9207280214977800
miniFE.c 25 Ap 1268.8676034993000030
miniFE.c 25 Ap 2867.0390905766998912
miniFE.c 25 Ap 5470.7324228946999938
miniFE.c 25 Ap 6427.4105067679001877
miniFE.c 25 Ap 7024.8795832297000743
miniFE.c 25 Ap 7797.7765812907000509
miniFE.c 25 Ap 8179.2443669095000587
miniFE.c 25 Ap 20192.2487104374995397
miniFE.c 57 sum 5787878.1172925252467394
miniFE.c 57 sum 12523726.3537057451903820
miniFE.c 57 sum 19195581.2445636950433254
miniFE.c 57 sum 23958363.0489748232066631
miniFE.c 57 sum 27696296.6103892698884010
miniFE.c 57 sum 34119601.8506532162427902
miniFE.c 57 sum 36997689.0278177559375763
miniFE.c 57 sum 40736881.5671170875430107
miniFE.c 90 p_ap_dot 40736881.5671170875430107
miniFE.c 91 alpha 0.0075554145395853
miniFE.c 40 y 1.4960559439392744
miniFE.c 40 y 1.7364133245212852
miniFE.c 40 y 1.5927221841830903
miniFE.c 40 y 1.5310435575891859
miniFE.c 40 y 1.1881350243784765
miniFE.c 40 y 1.7044153884046875
miniFE.c 40 y 1.0776166871177848
miniFE.c 40 y 1.3991086422745860
miniFE.c 40 y -22.8341883739316245
miniFE.c 40 y 8.3838497937928480
miniFE.c 40 y -28.3185951556805833
miniFE.c 40 y 25.0636652226906733
miniFE.c 40 y -22.3339927081014764
miniFE.c 40 y 10.4592281944898673
miniFE.c 40 y -9.8317110616323760
miniFE.c 40 y 32.6187905062384118
miniFE.c 82 oldrtrans 307784.0272895599482581
miniFE.c 48 sum 521.4001586961941257
miniFE.c 48 sum 591.6890960610744514
miniFE.c 48 sum 1393.6319276524102406
miniFE.c 48 sum 2021.8192420475243125
miniFE.c 48 sum 2520.6264723330541528
miniFE.c 48 sum 2630.0219267574657351
miniFE.c 48 sum 2726.6844691568903727
miniFE.c 48 sum 3790.6699632467598349
miniFE.c 83 rtrans 3790.6699632467598349
miniFE.c 84 beta 0.0123160061184089
miniFE.c 40 y -20.3954824548187439
miniFE.c 40 y 11.2143598891482252
miniFE.c 40 y -25.7223145594869429
miniFE.c 40 y 27.5594041029366821
miniFE.c 40 y -20.3972256183443506
miniFE.c 40 y 13.2375787723331708
miniFE.c 40 y -8.0750988145735008
miniFE.c 40 y 34.8994635928429275
miniFE.c 87 normr 61.5684169298412272
miniFE.c 25 Ap -1368.4289806161518754
miniFE.c 25 Ap -1199.2317650706336281
miniFE.c 25 Ap -1438.9434933034935966
miniFE.c 25 Ap -1060.9252025196035447
miniFE.c 25 Ap -1347.7797492528836756
miniFE.c 25 Ap -1135.2318894527934390
miniFE.c 25 Ap -1175.5811556047112845
miniFE.c 25 Ap -951.9431942355674892
miniFE.c 25 Ap -307.7178613112005223
miniFE.c 25 Ap 437.3259687565855529
miniFE.c 25 Ap 67.1311892858862507
miniFE.c 25 Ap 231.4904044254456608
miniFE.c 25 Ap 8.4750944324596844
miniFE.c 25 Ap 136.2472376577228772
miniFE.c 25 Ap 44.2120256775147027
miniFE.c 25 Ap 286.8994753547123082
miniFE.c 25 Ap -190.0698452342187466
miniFE.c 25 Ap -28.6731141403941479
miniFE.c 25 Ap -1769.4073446474239972
miniFE.c 25 Ap -1504.5015295142784453
miniFE.c 25 Ap -1847.1377969518380269
miniFE.c 25 Ap -1633.0108263799961605
miniFE.c 25 Ap -1729.5239229058497585
miniFE.c 25 Ap -1298.4747151618360022
miniFE.c 25 Ap -279.7544311366967804
miniFE.c 25 Ap -212.8740522000363740
miniFE.c 25 Ap -460.1214411508727835
miniFE.c 25 Ap 1342.3107137622018854
miniFE.c 25 Ap 1267.4914057048456471
miniFE.c 25 Ap 1414.2417478412662604
miniFE.c 25 Ap 1403.7422378842968556
miniFE.c 25 Ap 1568.5035826910889227
miniFE.c 25 Ap -286.8300319099224680
miniFE.c 25 Ap -164.2165944823325390
miniFE.c 25 Ap -596.3046644692149130
miniFE.c 25 Ap -495.2136835663836223
miniFE.c 25 Ap -1852.8787212276629361
miniFE.c 25 Ap -1793.4524899398534217
miniFE.c 25 Ap -1906.9291080474579303
miniFE.c 25 Ap -1774.3342498395531948
miniFE.c 25 Ap -327.4780244875516928
miniFE.c 25 Ap -219.2340398177625218
miniFE.c 25 Ap -635.3102262145098393
miniFE.c 25 Ap -329.7897038638051299
miniFE.c 25 Ap -421.3570718902559520
miniFE.c 25 Ap 458.4557002015919807
miniFE.c 25 Ap 396.9861180764418123
miniFE.c 25 Ap 516.5563917731067249
miniFE.c 25 Ap -101.9111677470804693
miniFE.c 25 Ap 25.9034897970964124
miniFE.c 25 Ap -281.5280704790179698
miniFE.c 25 Ap -245.6944238040443054
miniFE.c 25 Ap -532.3297003619271663
miniFE.c 25 Ap -431.5620869656004857
miniFE.c 25 Ap -961.7585399526303718
miniFE.c 25 Ap -868.4179353041471359
miniFE.c 25 Ap -130.6955364858731627
miniFE.c 25 Ap -52.7119768240055322
miniFE.c 25 Ap -370.4126567417038700
miniFE.c 25 Ap -240.3039383084249323
miniFE.c 25 Ap -317.7998926947741438
miniFE.c 25 Ap -272.4461607476264362
miniFE.c 25 Ap -294.0434728078357125
miniFE.c 25 Ap 1969.9608112905175403
miniFE.c 57 sum 19415.3407160156275495
miniFE.c 57 sum 22632.7346846511827607
miniFE.c 57 sum 56032.5097555841348367
miniFE.c 57 sum 99259.5338278718118090
miniFE.c 57 sum 135451.0298442049534060
miniFE.c 57 sum 142288.9857706536422484
miniFE.c 57 sum 149301.5464105825230945
miniFE.c 57 sum 218052.1220235432556365
miniFE.c 90 p_ap_dot 218052.1220235432556365
miniFE.c 91 alpha 0.0173842378972009
miniFE.c 40 y 1.1414960249165180
miniFE.c 40 y 1.9313664246990656
miniFE.c 40 y 1.1455593486143345
miniFE.c 40 y 2.0101427948197323
miniFE.c 40 y 0.8335448017862972
miniFE.c 40 y 1.9345406069658642
miniFE.c 40 y 0.9372372482818340
miniFE.c 40 y 2.0058092198572695
miniFE.c 40 y -6.2853814207191760
miniFE.c 40 y 3.3963210616443975
miniFE.c 40 y -5.7456018038070269
miniFE.c 40 y -2.2035742014231694
miniFE.c 40 y 8.5114560002608464
miniFE.c 40 y 1.4792889925864614
miniFE.c 40 y 5.2650729198909545
miniFE.c 40 y -1.6274768853988704
miniFE.c 82 oldrtrans 3790.6699632467598349
miniFE.c 48 sum 39.5060196039218070
miniFE.c 48 sum 51.0410163576911344
miniFE.c 48 sum 84.0529564456016942
miniFE.c 48 sum 88.9086957067794543
miniFE.c 48 sum 161.3535789511558391
miniFE.c 48 sum 163.5418748747433142
miniFE.c 48 sum 191.2628677265123827
miniFE.c 48 sum 193.9115487390199917
miniFE.c 83 rtrans 193.9115487390199917
miniFE.c 84 beta 0.0511549543007253
miniFE.c 40 y -7.3287113936366737
miniFE.c 40 y 3.9699911292856616
miniFE.c 40 y -7.0614256296064619
miniFE.c 40 y -0.7937741439822223
miniFE.c 40 y 7.4680368558928585
miniFE.c 40 y 2.1564567297374158
miniFE.c 40 y 4.8519916090576061
miniFE.c 40 y 0.1578035798128354
miniFE.c 87 normr 13.9252126999561483
miniFE.c 25 Ap -491.7177656297484987
miniFE.c 25 Ap -431.8203259670946181
miniFE.c 25 Ap -497.6272554930563388
miniFE.c 25 Ap -508.5150506012470260
miniFE.c 25 Ap -403.4889864017148398
miniFE.c 25 Ap -368.8640545663590160
miniFE.c 25 Ap -344.6198557898172226
miniFE.c 25 Ap -343.6086405087510229
miniFE.c 25 Ap -110.5722995870630001
miniFE.c 25 Ap 153.1803733729254304
miniFE.c 25 Ap 51.5525475543981173
miniFE.c 25 Ap 46.8186246141306341
miniFE.c 25 Ap 128.4712270620893548
miniFE.c 25 Ap 149.2859210350050034
miniFE.c 25 Ap 204.5860587199942415
miniFE.c 25 Ap 205.6834093492618649
miniFE.c 25 Ap -68.2978224928270095
miniFE.c 25 Ap -11.1618292598816424
miniFE.c 25 Ap -489.0373828461760581
miniFE.c 25 Ap -496.6672788286084028
miniFE.c 25 Ap -371.2178514766861213
miniFE.c 25 Ap -336.3356759180398967
miniFE.c 25 Ap -278.3449633260799487
miniFE.c 25 Ap -276.3959044852030615
miniFE.c 25 Ap -100.5241965437034963
miniFE.c 25 Ap -76.8478999270115963
miniFE.c 25 Ap -144.7235588282740935
miniFE.c 25 Ap -196.6377451984976403
miniFE.c 25 Ap -169.2441495909547768
miniFE.c 25 Ap -145.3379074953260499
miniFE.c 25 Ap -139.0291878895062609
miniFE.c 25 Ap -138.2841927707096374
miniFE.c 25 Ap -103.0666731003839232
miniFE.c 25 Ap -59.6603383893149228
miniFE.c 25 Ap -178.2794371720575839
miniFE.c 25 Ap -181.1910896348884989
miniFE.c 25 Ap 315.8908532197785917
miniFE.c 25 Ap 325.5716338661129043
miniFE.c 25 Ap 393.7550222710523258
miniFE.c 25 Ap 394.3545714083712710
miniFE.c 25 Ap -117.6727216207878826
miniFE.c 25 Ap -79.3533112232822901
miniFE.c 25 Ap -193.5767431658512407
miniFE.c 25 Ap -202.3764360108823155
miniFE.c 25 Ap -168.8508726811500935
miniFE.c 25 Ap -25.5257068092952011
miniFE.c 25 Ap 11.4088129448458631
miniFE.c 25 Ap 11.9494693127679117
miniFE.c 25 Ap -36.6197533135768367
miniFE.c 25 Ap 8.6278632832548610
miniFE.c 25 Ap -75.7698721562638013
miniFE.c 25 Ap -76.8019634928162418
miniFE.c 25 Ap 28.1438193105150845
miniFE.c 25 Ap 44.5592833304346954
miniFE.c 25 Ap 363.1323187962607904
miniFE.c 25 Ap 363.5543734652742955
miniFE.c 25 Ap -46.9628443192416043
miniFE.c 25 Ap -19.3559150653197811
miniFE.c 25 Ap -106.5727834589462191
miniFE.c 25 Ap -110.3202134183623286
miniFE.c 25 Ap -81.9466172063680744
miniFE.c 25 Ap -74.5583053286291744
miniFE.c 25 Ap -61.5813772066828875
miniFE.c 25 Ap -51.3443149724202641
miniFE.c 57 sum 2518.2085586484913620
miniFE.c 57 sum 3334.7698692062922419
miniFE.c 57 sum 5286.5189930563647067
miniFE.c 57 sum 5396.2854097992076277
miniFE.c 57 sum 8341.3398833667561121
miniFE.c 57 sum 8367.1083968830644153
miniFE.c 57 sum 10131.0711663727706764
miniFE.c 57 sum 10122.9688496670842142
miniFE.c 90 p_ap_dot 10122.9688496670842142
miniFE.c 91 alpha 0.0191556006561649
miniFE.c 40 y 1.0011101561357278
miniFE.c 40 y 2.0074139893801788
miniFE.c 40 y 1.0102934991903851
miniFE.c 40 y 1.9949375743064197
miniFE.c 40 y 0.9765995334833023
miniFE.c 40 y 1.9758488309130136
miniFE.c 40 y 1.0301800619320045
miniFE.c 40 y 2.0088320422142774
miniFE.c 40 y 0.2966484788741957
miniFE.c 40 y -0.5436681894485638
miniFE.c 40 y -0.4510722344889713
miniFE.c 40 y 0.4453425723526743
miniFE.c 40 y 0.9573573134290090
miniFE.c 40 y 1.2503897303779816
miniFE.c 40 y -1.6990294750120851
miniFE.c 40 y -0.6439456918228378
miniFE.c 82 oldrtrans 193.9115487390199917
miniFE.c 48 sum 0.0880003200183741
miniFE.c 48 sum 0.3835754202366535
miniFE.c 48 sum 0.5870415809635270
miniFE.c 48 sum 0.7853715877132239
miniFE.c 48 sum 1.7019046132892337
miniFE.c 48 sum 3.2653790911239553
miniFE.c 48 sum 6.1520802480837968
miniFE.c 48 sum 6.5667463021009898
miniFE.c 83 rtrans 6.5667463021009898
miniFE.c 84 beta 0.0338646477984609
miniFE.c 40 y 0.0484642487121224
miniFE.c 40 y -0.4092258380922910
miniFE.c 40 y -0.6902049263906189
miniFE.c 40 y 0.4184616905351916
miniFE.c 40 y 1.2102597512997457
miniFE.c 40 y 1.3234173780231600
miniFE.c 40 y -1.5347184880502618
miniFE.c 40 y -0.6386017291711398
miniFE.c 87 normr 2.5625663507704517
miniFE.c 25 Ap 3.2516947127077267
miniFE.c 25 Ap -2.9225205808016175
miniFE.c 25 Ap -9.3546873034851163
miniFE.c 25 Ap -3.6148617098760667
miniFE.c 25 Ap 13.4055173791502895
miniFE.c 25 Ap 34.6548361676413563
miniFE.c 25 Ap 26.9862284930392349
miniFE.c 25 Ap 22.8940283806016325
miniFE.c 25 Ap 0.7312067756565824
miniFE.c 25 Ap -26.4563624470873329
miniFE.c 25 Ap -36.3897710415533311
miniFE.c 25 Ap -33.8941425161525061
miniFE.c 25 Ap -20.6616343967440912
miniFE.c 25 Ap -7.8876578350419990
miniFE.c 25 Ap -25.3794736779309353
miniFE.c 25 Ap -29.8202475196175811
miniFE.c 25 Ap 0.4516486566332443
miniFE.c 25 Ap -5.4379173284158648
miniFE.c 25 Ap -52.1469076354179890
miniFE.c 25 Ap -48.1245806351978871
miniFE.c 25 Ap -27.7944194861095255
miniFE.c 25 Ap -6.3872302385940785
miniFE.c 25 Ap -24.7300935246615268
miniFE.c 25 Ap -32.6175720439482362
miniFE.c 25 Ap 0.6647593828173398
miniFE.c 25 Ap -1.7757882180108746
miniFE.c 25 Ap -8.4101587563396230
miniFE.c 25 Ap 18.9579513741527172
miniFE.c 25 Ap 23.3973196910123278
miniFE.c 25 Ap 38.0685791678654937
miniFE.c 25 Ap 36.0730875439924361
miniFE.c 25 Ap 33.0582308997270715
miniFE.c 25 Ap 0.6815725999805493
miniFE.c 25 Ap -3.7927431156437037
miniFE.c 25 Ap -15.3869297060400694
miniFE.c 25 Ap -13.8519653574476465
miniFE.c 25 Ap 66.7044486163500778
miniFE.c 25 Ap 72.6455431736932979
miniFE.c 25 Ap 51.0786660654089104
miniFE.c 25 Ap 48.6524022489032930
miniFE.c 25 Ap 0.7781613630213222
miniFE.c 25 Ap -3.1717952803184022
miniFE.c 25 Ap -14.3363362060858730
miniFE.c 25 Ap -9.6973159355986986
miniFE.c 25 Ap -4.2642093882456207
miniFE.c 25 Ap 83.6944371299997272
miniFE.c 25 Ap 72.0117932012424831
miniFE.c 25 Ap 69.8238574658687270
miniFE.c 25 Ap 0.2421638316807950
miniFE.c 25 Ap -4.4219508276506634
miniFE.c 25 Ap -12.6712386955757577
miniFE.c 25 Ap -12.1271409963061139
miniFE.c 25 Ap 4.8802278003937687
miniFE.c 25 Ap 14.9543971786594092
miniFE.c 25 Ap -85.8124562534422779
miniFE.c 25 Ap -87.5204329784090476
miniFE.c 25 Ap 0.3105619589949493
miniFE.c 25 Ap -2.5351544149667093
miniFE.c 25 Ap -11.0599927956547290
miniFE.c 25 Ap -9.0844234377107540
miniFE.c 25 Ap -4.4862375747270802
miniFE.c 25 Ap 0.0479690237262984
miniFE.c 25 Ap -4.0567230515179453
miniFE.c 25 Ap -45.4842093746193825
miniFE.c 57 sum 1.1095418854598664
miniFE.c 57 sum 13.3127576687949301
miniFE.c 57 sum 35.8255665804289336
miniFE.c 57 sum 49.6591697688314326
miniFE.c 57 sum 108.5412140147243178
miniFE.c 57 sum 200.9473203856671546
miniFE.c 57 sum 335.2665469597953916
miniFE.c 57 sum 364.3128417164094799
miniFE.c 90 p_ap_dot 364.3128417164094799
miniFE.c 91 alpha 0.0180250201205170
miniFE.c 40 y 1.0019837251938897
miniFE.c 40 y 2.0000376854147297
miniFE.c 40 y 0.9978525415049143
miniFE.c 40 y 2.0024803546979819
miniFE.c 40 y 0.9984144898515320
miniFE.c 40 y 1.9997034557797229
miniFE.c 40 y 1.0025167303055691
miniFE.c 40 y 1.9973212331969707
miniFE.c 40 y -0.1160168433258350
miniFE.c 40 y -0.0061576279086610
miniFE.c 40 y 0.1368601578856071
miniFE.c 40 y -0.1505327047636016
miniFE.c 40 y 0.0803967839810427
miniFE.c 40 y -0.0081867053364104
miniFE.c 40 y -0.1214719096199062
miniFE.c 40 y 0.1759080973204826
miniFE.c 82 oldrtrans 6.5667463021009898
miniFE.c 48 sum 0.0134599079352913
miniFE.c 48 sum 0.0134978243167529
miniFE.c 48 sum 0.0322285271332262
miniFE.c 48 sum 0.0548886223366718
miniFE.c 48 sum 0.0613522652111663
miniFE.c 48 sum 0.0614192873554315
miniFE.c 48 sum 0.0761747121821381
miniFE.c 48 sum 0.1071183708850505
miniFE.c 83 rtrans 0.1071183708850505
miniFE.c 84 beta 0.0163122444445248
miniFE.c 40 y -0.1152262826540226
miniFE.c 40 y -0.0128330198126380
miniFE.c 40 y 0.1256013664095081
miniFE.c 40 y -0.1437066553769225
miniFE.c 40 y 0.1001388368856139
miniFE.c 40 y 0.0134012024360354
miniFE.c 40 y -0.1465066127505135
miniFE.c 40 y 0.1654910698115468
miniFE.c 87 normr 0.3272894298400890
miniFE.c 25 Ap -7.7310740190496796
miniFE.c 25 Ap -7.9246928471238460
miniFE.c 25 Ap -6.7541869604625946
miniFE.c 25 Ap -8.7253378618735979
miniFE.c 25 Ap -7.3170443418280868
miniFE.c 25 Ap -7.1018692750341277
miniFE.c 25 Ap -7.8339264853084813
miniFE.c 25 Ap -6.7734492840186915
miniFE.c 25 Ap -1.7384823008566992
miniFE.c 25 Ap -2.5910643766108072
miniFE.c 25 Ap -0.7834132792861588
miniFE.c 25 Ap -1.6404533299295347
miniFE.c 25 Ap -0.5455743415686181
miniFE.c 25 Ap -0.4162223709361561
miniFE.c 25 Ap -2.0860183041649867
miniFE.c 25 Ap -0.9352096228203317
miniFE.c 25 Ap -1.0738182712510420
miniFE.c 25 Ap -1.2585107074039339
miniFE.c 25 Ap 7.2414474671160960
miniFE.c 25 Ap 5.8601139469684265
miniFE.c 25 Ap 7.5422641539636075
miniFE.c 25 Ap 7.7590378501961617
miniFE.c 25 Ap 6.0079996049987887
miniFE.c 25 Ap 8.0520079417230708
miniFE.c 25 Ap -1.5805001537610748
miniFE.c 25 Ap -1.6570339226480022
miniFE.c 25 Ap -0.4497316084806884
miniFE.c 25 Ap -9.8483926085121105
miniFE.c 25 Ap -9.4810721392659474
miniFE.c 25 Ap -9.3325078831923260
miniFE.c 25 Ap -9.5230006158087637
miniFE.c 25 Ap -8.7417126414784967
miniFE.c 25 Ap -1.6204744557394082
miniFE.c 25 Ap -1.7607856894930651
miniFE.c 25 Ap 0.3490886716998056
miniFE.c 25 Ap -0.1780434353681482
miniFE.c 25 Ap 6.4873237226727882
miniFE.c 25 Ap 6.5474844944570556
miniFE.c 25 Ap 4.4886768777224244
miniFE.c 25 Ap 5.1174333879180871
miniFE.c 25 Ap -1.8501192848060488
miniFE.c 25 Ap -1.9739870056209010
miniFE.c 25 Ap 0.0577017609957153
miniFE.c 25 Ap -1.5354144127807554
miniFE.c 25 Ap -1.0858704452619994
miniFE.c 25 Ap -0.1951827094311192
miniFE.c 25 Ap -1.3104260607684755
miniFE.c 25 Ap -0.7434313142996916
miniFE.c 25 Ap -0.5757571583040528
miniFE.c 25 Ap -0.7220203466468114
miniFE.c 25 Ap 0.7791596485976451
miniFE.c 25 Ap 0.5923075129569431
miniFE.c 25 Ap 1.9995245405059339
miniFE.c 25 Ap 2.1015376963364178
miniFE.c 25 Ap -7.5178227849593480
miniFE.c 25 Ap -7.0752074857573870
miniFE.c 25 Ap -0.7383772785027842
miniFE.c 25 Ap -0.8276168406439273
miniFE.c 25 Ap 0.7237069881121971
miniFE.c 25 Ap 0.0452638442913957
miniFE.c 25 Ap 0.4257251325467102
miniFE.c 25 Ap 0.4716394612548965
miniFE.c 25 Ap 0.0797991745767213
miniFE.c 25 Ap 10.8155656437839500
miniFE.c 57 sum 0.7804793817430249
miniFE.c 57 sum 0.7924809453616479
miniFE.c 57 sum 1.8038241451822765
miniFE.c 57 sum 3.0600664311553132
miniFE.c 57 sum 3.5725202584610369
miniFE.c 57 sum 3.5625573849208187
miniFE.c 57 sum 4.5991220681662108
miniFE.c 57 sum 6.3890015971730278
miniFE.c 90 p_ap_dot 6.3890015971730278
miniFE.c 91 alpha 0.0167660579287455
miniFE.c 40 y 1.0000518346639984
miniFE.c 40 y 1.9998225262611502
miniFE.c 40 y 0.9999583812900658
miniFE.c 40 y 2.0000709605891860
miniFE.c 40 y 1.0000934233916734
miniFE.c 40 y 1.9999281411160803
miniFE.c 40 y 1.0000603919492497
miniFE.c 40 y 2.0000958660601214
miniFE.c 40 y -0.0024528002525579
miniFE.c 40 y 0.0095221508030649
miniFE.c 40 y 0.0018597262919593
miniFE.c 40 y -0.0039686442201262
miniFE.c 40 y -0.0054024006472883
miniFE.c 40 y 0.0042777071451816
miniFE.c 40 y -0.0028485710558040
miniFE.c 40 y -0.0054263027953487
miniFE.c 82 oldrtrans 0.1071183708850505
miniFE.c 48 sum 0.0000060162290789
miniFE.c 48 sum 0.0000966875849953
miniFE.c 48 sum 0.0001001461668763
miniFE.c 48 sum 0.0001158963038222
miniFE.c 48 sum 0.0001450822365760
miniFE.c 48 sum 0.0001633810149960
miniFE.c 48 sum 0.0001714953720559
miniFE.c 48 sum 0.0002009401340827
miniFE.c 83 rtrans 0.0002009401340827
miniFE.c 84 beta 0.0018758699597697
miniFE.c 40 y -0.0026689497747645
miniFE.c 40 y 0.0094980777267052
miniFE.c 40 y 0.0020953381221129
miniFE.c 40 y -0.0042382192179668
miniFE.c 40 y -0.0052145532113683
miniFE.c 40 y 0.0043028460582562
miniFE.c 40 y -0.0031233984095703
miniFE.c 40 y -0.0051158630688791
miniFE.c 87 normr 0.0141753354134121
miniFE.c 25 Ap -0.1790724111423893
miniFE.c 25 Ap -0.0357696885368379
miniFE.c 25 Ap -0.0162427862698476
miniFE.c 25 Ap -0.0743762777908969
miniFE.c 25 Ap -0.1477106775691864
miniFE.c 25 Ap -0.0786224601194021
miniFE.c 25 Ap -0.0942293073692193
miniFE.c 25 Ap -0.1270120802139699
miniFE.c 25 Ap -0.0402679131742481
miniFE.c 25 Ap 0.5907519825429988
miniFE.c 25 Ap 0.6209080259363042
miniFE.c 25 Ap 0.5956320663526864
miniFE.c 25 Ap 0.5386181752153375
miniFE.c 25 Ap 0.5801503899266776
miniFE.c 25 Ap 0.5445517376594569
miniFE.c 25 Ap 0.5089765272330524
miniFE.c 25 Ap -0.0248725114373324
miniFE.c 25 Ap 0.1118235382630774
miniFE.c 25 Ap 0.2536236389193782
miniFE.c 25 Ap 0.2128851341079182
miniFE.c 25 Ap 0.1252901306437749
miniFE.c 25 Ap 0.1948916345998487
miniFE.c 25 Ap 0.1575609642125689
miniFE.c 25 Ap 0.0943740697521215
miniFE.c 25 Ap -0.0366086228960595
miniFE.c 25 Ap 0.0200361650197087
miniFE.c 25 Ap 0.0401769217336295
miniFE.c 25 Ap -0.2370098624762613
miniFE.c 25 Ap -0.2561374276855201
miniFE.c 25 Ap -0.2084365495967586
miniFE.c 25 Ap -0.2124976952810294
miniFE.c 25 Ap -0.2366498280733735
miniFE.c 25 Ap -0.0375345349519208
miniFE.c 25 Ap 0.0663137426615607
miniFE.c 25 Ap 0.1015116095976755
miniFE.c 25 Ap 0.0859653468256209
miniFE.c 25 Ap -0.2611218852601017
miniFE.c 25 Ap -0.2418055186154557
miniFE.c 25 Ap -0.2856975745096880
miniFE.c 25 Ap -0.3051344674700770
miniFE.c 25 Ap -0.0428537251635287
miniFE.c 25 Ap 0.0488242475433054
miniFE.c 25 Ap 0.0827177874517862
miniFE.c 25 Ap 0.0357333554055203
miniFE.c 25 Ap 0.0123241466271731
miniFE.c 25 Ap 0.2983053659654885
miniFE.c 25 Ap 0.2745293107796194
miniFE.c 25 Ap 0.2570016732641253
miniFE.c 25 Ap -0.0133360801249540
miniFE.c 25 Ap 0.0949174059381733
miniFE.c 25 Ap 0.1199607614533796
miniFE.c 25 Ap 0.1144500889649450
miniFE.c 25 Ap 0.0411717456336777
miniFE.c 25 Ap 0.0739260382093316
miniFE.c 25 Ap -0.1311506792459178
miniFE.c 25 Ap -0.1448333466278298
miniFE.c 25 Ap -0.0171027983005267
miniFE.c 25 Ap 0.0489459033993642
miniFE.c 25 Ap 0.0748257807530616
miniFE.c 25 Ap 0.0548170291549023
miniFE.c 25 Ap 0.0350051789859286
miniFE.c 25 Ap 0.0497473104657321
miniFE.c 25 Ap 0.0413936033856269
miniFE.c 25 Ap -0.2904835864740500
miniFE.c 57 sum 0.0003389888628794
miniFE.c 57 sum 0.0051732874796075
miniFE.c 57 sum 0.0053710330656980
miniFE.c 57 sum 0.0063740069149671
miniFE.c 57 sum 0.0079651468322124
miniFE.c 57 sum 0.0090709854689822
miniFE.c 57 sum 0.0095233577134923
miniFE.c 57 sum 0.0110094319656504
miniFE.c 90 p_ap_dot 0.0110094319656504
miniFE.c 91 alpha 0.0182516350261914
miniFE.c 40 y 1.0000031219668062
miniFE.c 40 y 1.9999958817092685
miniFE.c 40 y 0.9999966246367270
miniFE.c 40 y 1.9999936061588586
miniFE.c 40 y 0.9999982492696349
miniFE.c 40 y 2.0000066750919094
miniFE.c 40 y 1.0000033848214369
miniFE.c 40 y 2.0000024931945442
miniFE.c 40 y -0.0001346221205752
miniFE.c 40 y 0.0002324969911089
miniFE.c 40 y 0.0001372452149072
miniFE.c 40 y 0.0003506020708799
miniFE.c 40 y 0.0001668022868868
miniFE.c 40 y -0.0004129935963557
miniFE.c 40 y -0.0002051256735310
miniFE.c 40 y -0.0001245023939253
